1269288186506	0	B	Logging Begins
1269288266512	0	START
1269288266537	1	PROB	'4 + 8 + 5 = '	'17'	1	3646	1
1269288270213	1	PROB	'9 + 9 + 5 = '	'23'	1	1665	1
1269288271912	1	PROB	'2 + 1 + 7 = '	'10'	1	1598	1
1269288273545	1	PROB	'2 + 7 + 2 = '	'11'	1	1526	1
1269288275104	1	PROB	'6 + 6 + 6 = '	'18'	1	1206	1
1269288276345	1	PROB	'3 + 8 + 9 = '	'20'	1	1621	1
1269288278004	1	PROB	'6 + 7 + 8 = '	'21'	1	1842	1
1269288279878	1	PROB	'5 + 4 + 5 = '	'14'	1	3640	1
1269288283552	1	PROB	'7 + 1 + 3 = '	'11'	1	1406	1
1269288284994	1	PROB	'8 + 7 + 1 = '	'16'	1	1300	1
1269288286294	0	STOP
1269288414568	0	START
1269288415609	1	PROB	'8 + 5 + 8 = '	'21'	1	2470	1
1269288418110	1	PROB	'2 + 3 + 3 = '	'8'	1	1328	1
1269288419467	1	PROB	'1 + 8 + 1 = '	'10'	1	1403	1
1269288422568	0	STOP
1269288501378	0	START
1269288502886	1	PROB	'1 + 1 + 4 = '	'6'	1	1648	1
1269288504569	1	PROB	'5 + 3 + 8 = '	'16'	1	2197	1
1269288506803	1	PROB	'1 + 7 + 9 = '	'17'	1	1115	1
1269288507918	0	STOP
1269288513279	0	START
1269288514319	1	PROB	'3 + 3 + 4 = '	'10'	1	1479	1
1269288515835	1	PROB	'3 + 2 + 8 = '	'13'	1	1172	1
1269288517036	1	PROB	'2 + 7 + 9 = '	'18'	1	1714	1
1269288518785	1	PROB	'4 + 3 + 1 = '	'8'	1	933	1
1269288521279	0	STOP
1269288525360	0	START
1269288526435	1	PROB	'9 + 7 + 6 = '	'22'	1	2203	1
1269288528676	1	PROB	'1 + 5 + 6 = '	'12'	1	1154	1
1269288529868	1	PROB	'9 + 7 + 8 = '	'24'	1	1930	1
1269288531834	1	PROB	'1 + 4 + 2 = '	'7'	1	1197	1
1269288533031	0	STOP
1269288537218	0	START
1269288538342	1	PROB	'2 + 7 + 8 = '	'17'	1	2272	1
1269288540650	1	PROB	'4 + 2 + 8 = '	'14'	1	1748	1
1269288542433	1	PROB	'2 + 2 + 5 = '	'9'	1	1437	1
1269288543870	0	STOP
1269288549184	0	START
1269288550308	1	PROB	'6 + 6 + 8 = '	'18'	0	2827	1
1269288553167	1	PROB	'3 + 1 + 6 = '	'10'	1	1343	1
1269288554549	1	PROB	'9 + 5 + 3 = '	'17'	1	1369	1
1269288555918	0	STOP
1269288561050	0	START
1269288562083	1	PROB	'2 + 7 + 2 = '	'11'	1	1371	1
1269288563490	1	PROB	'6 + 8 + 1 = '	'15'	1	1092	1
1269288564615	1	PROB	'2 + 6 + 2 = '	'10'	1	1783	1
1269288566432	1	PROB	'7 + 4 + 6 = '	'17'	1	1982	1
1269288568414	0	STOP
1269288572882	0	START
1269288573739	1	PROB	'3 + 8 + 1 = '	'12'	1	1211	1
1269288574981	1	PROB	'6 + 4 + 1 = '	'11'	1	1098	1
1269288576115	1	PROB	'9 + 8 + 7 = '	'24'	1	1467	1
1269288577614	1	PROB	'7 + 2 + 1 = '	'10'	1	1168	1
1269288578814	1	PROB	'3 + 9 + 8 = '	'20'	1	1696	1
1269288580510	0	STOP
1269288585048	0	START
1269288585872	1	PROB	'4 + 1 + 8 = '	'13'	1	3766	1
1269288589672	1	PROB	'6 + 1 + 5 = '	'12'	1	1126	1
1269288590830	1	PROB	'8 + 9 + 7 = '	'25'	0	1568	1
1269288592398	0	STOP
1269288596971	0	START
1269288597871	1	PROB	'2 + 9 + 7 = '	'18'	1	1408	1
1269288599313	1	PROB	'9 + 8 + 8 = '	'25'	1	1605	1
1269288600954	1	PROB	'5 + 2 + 5 = '	'12'	1	1253	1
1269288602238	1	PROB	'5 + 7 + 9 = '	'21'	1	2320	1
1269288604558	0	STOP
1269288608921	0	START
1269288609945	1	PROB	'5 + 4 + 8 = '	'17'	1	1565	1
1269288611545	1	PROB	'9 + 5 + 5 = '	'19'	1	1261	1
1269288612845	1	PROB	'9 + 4 + 9 = '	'22'	1	1617	1
1269288614495	1	PROB	'4 + 9 + 7 = '	'20'	1	1991	1
1269288616486	0	STOP
1269288620836	0	START
1269288622020	1	PROB	'8 + 3 + 7 = '	'18'	1	2362	1
1269288624419	1	PROB	'2 + 9 + 9 = '	'21'	0	1139	1
1269288625594	1	PROB	'1 + 1 + 1 = '	'3'	1	1156	1
1269288626786	1	PROB	'2 + 3 + 4 = '	'9'	1	1148	1
1269288627934	0	STOP
1269288632669	0	START
1269288633727	1	PROB	'4 + 9 + 2 = '	'15'	1	1967	1
1269288635727	1	PROB	'1 + 8 + 7 = '	'16'	1	1183	1
1269288636943	1	PROB	'6 + 9 + 9 = '	'24'	1	1519	1
1269288640668	0	STOP
1269288644493	0	START
1269288645601	1	PROB	'3 + 6 + 3 = '	'12'	1	1933	1
1269288647567	1	PROB	'4 + 2 + 8 = '	'14'	1	1207	1
1269288648809	1	PROB	'5 + 9 + 2 = '	'16'	1	1605	1
1269288650450	1	PROB	'5 + 5 + 9 = '	'19'	1	972	1
1269288651422	0	STOP
1269288656359	0	START
1269288657300	1	PROB	'8 + 2 + 7 = '	'17'	1	2354	1
1269288659691	1	PROB	'4 + 6 + 7 = '	'17'	1	1219	1
1269288660941	1	PROB	'1 + 7 + 3 = '	'11'	1	1074	1
1269288662051	1	PROB	'8 + 8 + 5 = '	'21'	1	1236	1
1269288663287	0	STOP
1269288668449	0	START
1269288669516	1	PROB	'2 + 2 + 5 = '	'9'	1	2946	1
1269288672499	1	PROB	'9 + 5 + 2 = '	'16'	1	1915	1
1269288674449	1	PROB	'3 + 5 + 1 = '	'9'	1	1598	1
1269288676047	0	STOP
1269288680624	0	START
1269288681481	1	PROB	'1 + 8 + 4 = '	'13'	1	1638	1
1269288683157	1	PROB	'4 + 2 + 7 = '	'13'	1	1393	1
1269288684581	1	PROB	'9 + 2 + 5 = '	'16'	1	2041	1
1269288686656	1	PROB	'9 + 3 + 7 = '	'19'	1	1070	1
1269288687726	0	STOP
1269288692531	0	START
1269288693614	1	PROB	'6 + 9 + 9 = '	'24'	1	1848	1
1269288695497	1	PROB	'4 + 5 + 6 = '	'15'	1	2205	1
1269288697739	1	PROB	'4 + 8 + 7 = '	'19'	1	1675	1
1269288699414	0	STOP
1269288843353	0	START
1269288844311	1	PROB	'8 + 9 + 2 = '	'19'	1	2808	1
1269288847154	1	PROB	'9 + 5 + 3 = '	'17'	1	1460	1
1269288848653	1	PROB	'6 + 7 + 6 = '	'19'	1	1362	1
1269288850015	0	STOP
1269288930131	0	START
1269288931638	1	PROB	'4 + 6 + 8 = '	'18'	1	1425	1
1269288933097	1	PROB	'4 + 4 + 2 = '	'10'	1	2006	1
1269288935139	1	PROB	'1 + 6 + 2 = '	'9'	1	1100	1
1269288936272	1	PROB	'3 + 9 + 1 = '	'13'	1	1078	1
1269288937350	0	STOP
1269288942214	0	START
1269288943230	1	PROB	'2 + 6 + 6 = '	'14'	1	1817	1
1269288945080	1	PROB	'7 + 8 + 9 = '	'24'	1	1935	1
1269288947046	1	PROB	'9 + 9 + 6 = '	'24'	1	1720	1
1269288948766	0	STOP
1269288954121	0	START
1269288954970	1	PROB	'8 + 4 + 4 = '	'21'	0	1580	1
1269288956586	1	PROB	'5 + 6 + 7 = '	'18'	1	1852	1
1269288958470	1	PROB	'5 + 6 + 1 = '	'12'	1	1649	1
1269288960154	1	PROB	'9 + 2 + 4 = '	'15'	1	1164	1
1269288961318	0	STOP
1269288966145	0	START
1269288967161	1	PROB	'4 + 3 + 1 = '	'8'	1	1277	1
1269288968477	1	PROB	'2 + 3 + 8 = '	'13'	1	1401	1
1269288969910	1	PROB	'6 + 8 + 6 = '	'20'	1	3233	1
1269288973143	0	STOP
1269288978103	0	START
1269288978943	1	PROB	'5 + 4 + 6 = '	'15'	1	1495	1
1269288980476	1	PROB	'2 + 1 + 8 = '	'11'	1	1787	1
1269288982301	1	PROB	'9 + 8 + 4 = '	'21'	1	1505	1
1269288983843	1	PROB	'1 + 4 + 7 = '	'12'	1	1043	1
1269288984886	0	STOP
1269288989934	0	START
1269288991126	1	PROB	'7 + 6 + 5 = '	'18'	1	1856	1
1269288993018	1	PROB	'1 + 9 + 5 = '	'15'	1	1029	1
1269288994085	1	PROB	'4 + 8 + 7 = '	'19'	1	1281	1
1269288995400	1	PROB	'8 + 6 + 1 = '	'15'	1	1767	1
1269288997167	0	STOP
1269289001883	0	START
1269289003084	1	PROB	'3 + 9 + 5 = '	'17'	1	1754	1
1269289004874	1	PROB	'9 + 7 + 3 = '	'19'	1	1205	1
1269289006117	1	PROB	'5 + 6 + 4 = '	'15'	1	1146	1
1269289007299	1	PROB	'8 + 2 + 3 = '	'13'	1	1235	1
1269289008534	0	STOP
1269289013808	0	START
1269289014840	1	PROB	'6 + 4 + 5 = '	'15'	1	1359	1
1269289016233	1	PROB	'9 + 8 + 6 = '	'23'	1	2509	1
1269289018773	1	PROB	'5 + 7 + 3 = '	'15'	1	1017	1
1269289019823	1	PROB	'5 + 7 + 2 = '	'144'	0	1479	1
1269289021302	0	STOP
1269289025807	0	START
1269289026873	1	PROB	'6 + 9 + 5 = '	'20'	1	1965	1
1269289028873	1	PROB	'6 + 4 + 7 = '	'17'	1	2262	1
1269289031173	1	PROB	'8 + 4 + 7 = '	'18'	0	1401	1
1269289032574	0	STOP
1269289037797	0	START
1269289038964	1	PROB	'7 + 8 + 3 = '	'18'	1	3442	1
1269289042438	1	PROB	'9 + 9 + 3 = '	'22'	0	2016	1
1269289044454	0	STOP
1269289049922	0	START
1269289050771	1	PROB	'2 + 5 + 2 = '	'9'	1	2019	1
1269289052829	1	PROB	'2 + 1 + 6 = '	'9'	1	1033	1
1269289053896	1	PROB	'3 + 5 + 9 = '	'17'	1	1934	1
1269289055862	1	PROB	'3 + 5 + 3 = '	'11'	1	1720	1
1269289057582	0	STOP
1269289061996	0	START
1269289063121	1	PROB	'6 + 4 + 9 = '	'19'	1	2974	1
1269289066129	1	PROB	'9 + 2 + 2 = '	'13'	1	1445	1
1269289067611	1	PROB	'3 + 7 + 9 = '	'19'	1	1363	1
1269289068974	0	STOP
1269289074037	0	START
1269289075229	1	PROB	'6 + 2 + 5 = '	'13'	1	3497	1
1269289078761	1	PROB	'3 + 9 + 8 = '	'20'	1	1446	1
1269289080245	1	PROB	'8 + 2 + 9 = '	'19'	1	1369	1
1269289081614	0	STOP
1269289085869	0	START
1269289087036	1	PROB	'2 + 9 + 8 = '	'19'	1	1306	1
1269289088377	1	PROB	'2 + 9 + 7 = '	'18'	1	1453	1
1269289089877	1	PROB	'2 + 6 + 7 = '	'15'	1	1274	1
1269289091186	1	PROB	'6 + 3 + 4 = '	'13'	1	1564	1
1269289092750	0	STOP
1269289097960	0	START
1269289098842	1	PROB	'6 + 7 + 9 = '	'22'	1	2780	1
1269289101667	1	PROB	'4 + 5 + 3 = '	'12'	1	2331	1
1269289104035	1	PROB	'1 + 6 + 6 = '	'13'	1	988	1
1269289105023	0	STOP
1269289110026	0	START
1269289111059	1	PROB	'8 + 4 + 7 = '	'19'	1	2875	1
1269289113983	1	PROB	'6 + 6 + 5 = '	'17'	1	2647	1
1269289116630	0	STOP
1269289122125	0	START
1269289123175	1	PROB	'6 + 3 + 2 = '	'11'	1	2479	1
1269289125691	1	PROB	'2 + 3 + 3 = '	'8'	1	1795	1
1269289127532	1	PROB	'6 + 7 + 5 = '	'19'	0	1410	1
1269289128942	0	STOP
1269289208960	0	START
1269289210468	1	PROB	'3 + 5 + 4 = '	'1'	0	2619	1
1269289213135	1	PROB	'8 + 6 + 5 = '	'19'	1	1936	1
1269289215118	1	PROB	'9 + 4 + 8 = '	'22'	0	1208	1
1269289216376	1	PROB	'8 + 8 + 8 = '	'24'	1	1639	1
1269289218060	1	PROB	'1 + 7 + 9 = '	'17'	1	1298	1
1269289219400	1	PROB	'8 + 4 + 2 = '	'14'	1	1510	1
1269289220958	1	PROB	'9 + 1 + 5 = '	'15'	1	992	1
1269289221992	1	PROB	'1 + 1 + 7 = '	'9'	1	958	1
1269289224960	0	STOP
1269289229118	0	START
1269289230176	1	PROB	'7 + 2 + 5 = '	'14'	1	1710	1
1269289231933	1	PROB	'7 + 1 + 2 = '	'10'	1	1298	1
1269289233275	1	PROB	'3 + 2 + 8 = '	'13'	1	2131	1
1269289235449	1	PROB	'9 + 9 + 6 = '	'24'	1	1782	1
1269289237275	1	PROB	'5 + 7 + 9 = '	'21'	1	1355	1
1269289238674	1	PROB	'2 + 2 + 5 = '	'9'	1	1028	1
1269289239749	1	PROB	'4 + 3 + 4 = '	'11'	1	2338	1
1269289242125	1	PROB	'2 + 8 + 5 = '	'15'	1	1257	1
1269289245117	0	STOP
1269289249066	0	START
1269289249898	1	PROB	'6 + 3 + 3 = '	'12'	1	1972	1
1269289251915	1	PROB	'4 + 7 + 3 = '	'14'	1	1075	1
1269289253032	1	PROB	'8 + 7 + 5 = '	'20'	1	1366	1
1269289254439	1	PROB	'3 + 7 + 7 = '	'17'	1	1648	1
1269289256124	1	PROB	'1 + 1 + 1 = '	'3'	1	947	1
1269289257107	1	PROB	'3 + 3 + 9 = '	'15'	1	2092	1
1269289259240	1	PROB	'4 + 3 + 8 = '	'15'	1	1462	1
1269289260739	1	PROB	'9 + 8 + 5 = '	'22'	1	1428	1
1269289262215	1	PROB	'2 + 8 + 7 = '	'17'	1	2119	1
1269289264334	0	STOP
1269289269256	0	START
1269289270248	1	PROB	'8 + 6 + 9 = '	'23'	1	1462	1
1269289271746	1	PROB	'8 + 9 + 7 = '	'24'	1	4836	1
1269289276621	1	PROB	'5 + 9 + 7 = '	'21'	1	1753	1
1269289278413	1	PROB	'7 + 3 + 5 = '	'15'	1	1033	1
1269289279488	1	PROB	'9 + 2 + 9 = '	'20'	1	1302	1
1269289280829	1	PROB	'4 + 3 + 9 = '	'16'	1	1689	1
1269289282554	1	PROB	'6 + 3 + 2 = '	'11'	1	2493	1
1269289285047	0	STOP
1269289289437	0	START
1269289290587	1	PROB	'4 + 8 + 5 = '	'17'	1	1931	1
1269289292562	1	PROB	'6 + 9 + 3 = '	'18'	1	1380	1
1269289293987	1	PROB	'6 + 8 + 6 = '	'20'	1	1723	1
1269289295753	1	PROB	'6 + 5 + 1 = '	'12'	1	1085	1
1269289296886	1	PROB	'8 + 6 + 1 = '	'15'	1	1024	1
1269289297953	1	PROB	'4 + 3 + 9 = '	'16'	1	1749	1
1269289299744	1	PROB	'7 + 5 + 9 = '	'21'	1	2094	1
1269289301878	1	PROB	'4 + 7 + 9 = '	'20'	1	1928	1
1269289303852	1	PROB	'7 + 2 + 9 = '	'18'	1	1371	1
1269289305223	0	STOP
1269289309627	0	START
1269289310460	1	PROB	'5 + 2 + 3 = '	'10'	1	2675	1
1269289313178	1	PROB	'7 + 8 + 1 = '	'16'	1	1148	1
1269289314368	1	PROB	'6 + 2 + 1 = '	'9'	1	1719	1
1269289316136	1	PROB	'6 + 2 + 5 = '	'13'	1	1103	1
1269289317286	1	PROB	'4 + 4 + 2 = '	'10'	1	1320	1
1269289318651	1	PROB	'5 + 3 + 3 = '	'11'	1	1875	1
1269289320568	1	PROB	'8 + 8 + 3 = '	'19'	1	1310	1
1269289321926	1	PROB	'4 + 8 + 2 = '	'14'	1	2097	1
1269289325627	0	STOP
1269289329768	0	START
1269289330576	1	PROB	'8 + 9 + 7 = '	'24'	1	1958	1
1269289332584	1	PROB	'8 + 2 + 8 = '	'18'	1	1655	1
1269289334276	1	PROB	'7 + 2 + 6 = '	'15'	1	1106	1
1269289335417	1	PROB	'3 + 4 + 7 = '	'14'	1	1349	1
1269289336800	1	PROB	'9 + 3 + 1 = '	'13'	1	1606	1
1269289338450	1	PROB	'5 + 7 + 2 = '	'14'	1	1324	1
1269289339808	1	PROB	'9 + 7 + 1 = '	'17'	1	1118	1
1269289340966	1	PROB	'4 + 8 + 5 = '	'17'	1	1672	1
1269289342675	1	PROB	'6 + 4 + 2 = '	'12'	1	987	1
1269289343700	1	PROB	'9 + 1 + 5 = '	'15'	1	890	1
1269289344590	0	STOP
1269289349749	0	START
1269289350657	1	PROB	'4 + 4 + 5 = '	'14'	0	1630	1
1269289352332	1	PROB	'2 + 1 + 4 = '	'7'	1	1811	1
1269289354183	1	PROB	'9 + 6 + 6 = '	'21'	1	1415	1
1269289355632	1	PROB	'3 + 8 + 4 = '	'15'	1	1487	1
1269289357166	1	PROB	'5 + 9 + 1 = '	'15'	1	1240	1
1269289358440	1	PROB	'8 + 8 + 6 = '	'22'	1	2158	1
1269289360632	1	PROB	'8 + 3 + 8 = '	'19'	1	1511	1
1269289362183	1	PROB	'8 + 5 + 2 = '	'15'	1	1727	1
1269289363948	1	PROB	'2 + 3 + 4 = '	'9'	1	1147	1
1269289365095	0	STOP
1269289369657	0	START
1269289370564	1	PROB	'3 + 4 + 8 = '	'15'	1	1539	1
1269289372148	1	PROB	'9 + 3 + 8 = '	'21'	0	1859	1
1269289374048	1	PROB	'7 + 1 + 4 = '	'12'	1	1414	1
1269289375497	1	PROB	'3 + 2 + 6 = '	'11'	1	1550	1
1269289377081	1	PROB	'4 + 1 + 9 = '	'14'	1	1237	1
1269289378355	1	PROB	'7 + 3 + 5 = '	'15'	1	1475	1
1269289379872	1	PROB	'9 + 8 + 2 = '	'19'	1	1287	1
1269289381198	1	PROB	'5 + 5 + 6 = '	'16'	1	1168	1
1269289382413	1	PROB	'3 + 6 + 7 = '	'16'	1	1842	1
1269289384255	0	STOP
1269289389547	0	START
1269289390546	1	PROB	'8 + 4 + 2 = '	'14'	1	1693	1
1269289392288	1	PROB	'4 + 8 + 2 = '	'14'	1	1070	1
1269289393404	1	PROB	'5 + 9 + 4 = '	'18'	1	2586	1
1269289396038	1	PROB	'2 + 2 + 8 = '	'12'	1	1193	1
1269289397280	1	PROB	'2 + 2 + 5 = '	'9'	1	1246	1
1269289398570	1	PROB	'8 + 1 + 2 = '	'11'	1	1076	1
1269289399687	1	PROB	'5 + 1 + 9 = '	'15'	1	1007	1
1269289400737	1	PROB	'2 + 4 + 2 = '	'8'	1	1117	1
1269289401895	1	PROB	'1 + 6 + 4 = '	'11'	1	1023	1
1269289402954	1	PROB	'9 + 1 + 1 = '	'11'	1	1356	1
1269289404310	0	STOP
1269289409720	0	START
1269289410711	1	PROB	'5 + 6 + 2 = '	'13'	1	2639	1
1269289413394	1	PROB	'3 + 5 + 3 = '	'11'	1	1420	1
1269289414853	1	PROB	'5 + 5 + 7 = '	'17'	1	1330	1
1269289416229	1	PROB	'8 + 7 + 4 = '	'19'	1	1457	1
1269289417736	1	PROB	'4 + 9 + 7 = '	'20'	1	1718	1
1269289419502	1	PROB	'6 + 6 + 6 = '	'18'	1	1192	1
1269289420744	1	PROB	'5 + 2 + 7 = '	'14'	1	2678	1
1269289423469	1	PROB	'2 + 4 + 4 = '	'10'	1	1562	1
1269289425031	0	STOP
1269289429902	0	START
1269289430793	1	PROB	'3 + 5 + 7 = '	'15'	1	2021	1
1269289432851	1	PROB	'7 + 4 + 2 = '	'13'	1	1667	1
1269289434559	1	PROB	'2 + 8 + 7 = '	'17'	1	2119	1
1269289436718	1	PROB	'6 + 4 + 1 = '	'11'	1	1016	1
1269289437768	1	PROB	'1 + 8 + 2 = '	'11'	1	1006	1
1269289438809	1	PROB	'7 + 4 + 7 = '	'18'	1	2414	1
1269289441268	1	PROB	'6 + 4 + 8 = '	'20'	0	1458	1
1269289442767	1	PROB	'8 + 5 + 3 = '	'16'	1	2215	1
1269289444982	0	STOP
1269289450077	0	START
1269289451184	1	PROB	'4 + 4 + 2 = '	'10'	1	1694	1
1269289452916	1	PROB	'3 + 9 + 2 = '	'14'	1	1632	3
1269289454600	1	PROB	'7 + 1 + 6 = '	'14'	1	1350	1
1269289455991	1	PROB	'7 + 7 + 2 = '	'16'	1	1639	1
1269289457666	1	PROB	'9 + 5 + 6 = '	'20'	1	1517	1
1269289459217	1	PROB	'2 + 1 + 4 = '	'9'	0	1237	1
1269289460491	1	PROB	'4 + 9 + 9 = '	'22'	1	1660	1
1269289462192	1	PROB	'9 + 9 + 8 = '	'25'	0	2055	1
1269289466071	0	STOP
1269289470299	0	START
1269289471449	1	PROB	'5 + 3 + 8 = '	'16'	1	1822	1
1269289473307	1	PROB	'7 + 6 + 3 = '	'15'	0	1179	1
1269289474523	1	PROB	'4 + 7 + 6 = '	'17'	1	1756	1
1269289476323	1	PROB	'2 + 6 + 6 = '	'13'	0	1379	1
1269289477740	1	PROB	'1 + 2 + 2 = '	'5'	1	1090	1
1269289478865	1	PROB	'9 + 7 + 1 = '	'17'	1	1142	1
1269289480040	1	PROB	'4 + 4 + 6 = '	'14'	1	1454	1
1269289481539	1	PROB	'6 + 9 + 5 = '	'20'	1	2620	1
1269289484207	1	PROB	'4 + 8 + 3 = '	'15'	1	1447	1
1269289485654	0	STOP
1269289490249	0	START
1269289491405	1	PROB	'9 + 5 + 4 = '	'19'	0	2081	1
1269289493530	1	PROB	'1 + 3 + 5 = '	'9'	1	1549	1
1269289495123	1	PROB	'5 + 9 + 3 = '	'17'	1	1243	1
1269289496413	1	PROB	'8 + 7 + 6 = '	'21'	1	1730	1
1269289498189	1	PROB	'3 + 1 + 7 = '	'11'	1	1321	1
1269289499546	1	PROB	'1 + 9 + 7 = '	'17'	1	1316	1
1269289500896	1	PROB	'9 + 8 + 5 = '	'22'	1	2102	1
1269289503039	1	PROB	'9 + 8 + 5 = '	'22'	1	1503	1
1269289504579	1	PROB	'3 + 1 + 3 = '	'7'	1	1019	1
1269289505598	0	STOP
1269289510072	0	START
1269289511063	1	PROB	'3 + 7 + 8 = '	'18'	1	1519	1
1269289512629	1	PROB	'3 + 1 + 4 = '	'8'	1	1418	1
1269289514088	1	PROB	'2 + 1 + 8 = '	'11'	1	1079	1
1269289515205	1	PROB	'9 + 2 + 3 = '	'14'	1	1209	1
1269289516454	1	PROB	'7 + 3 + 3 = '	'13'	1	1464	1
1269289517953	1	PROB	'7 + 8 + 1 = '	'16'	1	1062	1
1269289519054	1	PROB	'1 + 1 + 5 = '	'7'	1	1512	1
1269289520603	1	PROB	'8 + 4 + 7 = '	'18'	0	1299	1
1269289521945	1	PROB	'4 + 6 + 4 = '	'14'	1	1797	1
1269289523778	1	PROB	'1 + 4 + 1 = '	'6'	1	1309	1
1269289525087	0	STOP
1269289529961	0	START
1269289530919	1	PROB	'1 + 8 + 6 = '	'15'	1	1216	1
1269289532170	1	PROB	'8 + 4 + 3 = '	'15'	1	1484	1
1269289533694	1	PROB	'5 + 6 + 2 = '	'13'	1	1393	1
1269289535128	1	PROB	'9 + 1 + 2 = '	'12'	1	2063	1
1269289537236	1	PROB	'1 + 1 + 3 = '	'5'	1	1098	1
1269289538369	1	PROB	'8 + 7 + 9 = '	'24'	1	2365	1
1269289540777	1	PROB	'8 + 7 + 2 = '	'17'	1	1885	1
1269289542710	1	PROB	'8 + 3 + 8 = '	'19'	1	1888	1
1269289544598	0	STOP
1269289837363	0	START
1269289838305	1	PROB	'7 + 6 + 8 = '	'21'	1	1902	1
1269289840256	1	PROB	'5 + 8 + 1 = '	'14'	1	1478	1
1269289841780	1	PROB	'5 + 4 + 3 = '	'12'	1	1706	1
1269289843529	1	PROB	'8 + 2 + 8 = '	'18'	1	1550	1
1269289845122	1	PROB	'2 + 7 + 8 = '	'17'	1	1885	1
1269289847055	1	PROB	'9 + 8 + 8 = '	'25'	1	2375	1
1269289849479	1	PROB	'7 + 7 + 2 = '	'16'	1	1183	1
1269289850704	1	PROB	'2 + 1 + 2 = '	'5'	1	910	1
1269289851662	1	PROB	'1 + 8 + 2 = '	'11'	1	1617	1
1269289853279	0	STOP
1269289997219	0	START
1269289998410	1	PROB	'6 + 7 + 8 = '	'21'	1	1749	1
1269290000194	1	PROB	'2 + 6 + 2 = '	'10'	1	1548	1
1269290001784	1	PROB	'3 + 4 + 6 = '	'3'	0	1214	1
1269290003044	1	PROB	'3 + 7 + 1 = '	'11'	1	1091	1
1269290004135	0	STOP
1269290293513	0	START
1269290294330	1	PROB	'5 + 1 + 1 = '	'7'	1	2068	1
1269290296446	1	PROB	'3 + 5 + 1 = '	'9'	1	1096	1
1269290297588	1	PROB	'4 + 8 + 6 = '	'18'	1	1314	1
1269290298946	1	PROB	'9 + 6 + 7 = '	'23'	0	1700	1
1269290300696	1	PROB	'8 + 7 + 2 = '	'17'	1	1471	1
1269290302213	1	PROB	'6 + 2 + 3 = '	'11'	1	1058	1
1269290303312	1	PROB	'5 + 6 + 8 = '	'19'	1	1446	1
1269290304804	1	PROB	'3 + 8 + 2 = '	'13'	1	1026	1
1269290305879	1	PROB	'6 + 2 + 8 = '	'16'	1	2503	1
1269290308382	0	STOP
1269290388340	0	START
1269290389848	1	PROB	'7 + 3 + 2 = '	'12'	1	1718	1
1269290391606	1	PROB	'1 + 3 + 2 = '	'6'	1	1144	1
1269290392797	1	PROB	'7 + 6 + 3 = '	'16'	1	1290	1
1269290394132	1	PROB	'8 + 6 + 8 = '	'22'	1	2506	1
1269290396680	1	PROB	'2 + 5 + 9 = '	'16'	1	1270	1
1269290397997	1	PROB	'6 + 7 + 6 = '	'19'	1	1290	1
1269290399330	1	PROB	'4 + 7 + 5 = '	'16'	1	1556	1
1269290400922	1	PROB	'4 + 1 + 1 = '	'6'	1	1012	1
1269290401972	1	PROB	'5 + 3 + 8 = '	'16'	1	1315	1
1269290403287	0	STOP
1269290408455	0	START
1269290409454	1	PROB	'7 + 9 + 8 = '	'24'	1	2520	1
1269290412022	1	PROB	'9 + 9 + 4 = '	'22'	1	1384	1
1269290413454	1	PROB	'9 + 3 + 5 = '	'17'	1	1280	1
1269290414771	1	PROB	'9 + 8 + 9 = '	'26'	1	1579	1
1269290416396	1	PROB	'6 + 1 + 5 = '	'12'	1	978	1
1269290417421	1	PROB	'9 + 8 + 9 = '	'16'	0	1778	1
1269290419246	1	PROB	'9 + 1 + 6 = '	'16'	1	2200	1
1269290421495	1	PROB	'6 + 3 + 5 = '	'14'	1	1287	1
1269290422829	1	PROB	'4 + 1 + 8 = '	'13'	1	1121	1
1269290423950	0	STOP
1269290428428	0	START
1269290429461	1	PROB	'1 + 9 + 6 = '	'16'	1	1209	1
1269290430720	1	PROB	'3 + 8 + 7 = '	'18'	1	1511	1
1269290432279	1	PROB	'6 + 9 + 4 = '	'19'	1	1543	1
1269290433869	1	PROB	'6 + 9 + 5 = '	'20'	1	1953	1
1269290435869	1	PROB	'5 + 1 + 6 = '	'12'	1	977	1
1269290436894	1	PROB	'8 + 5 + 5 = '	'18'	1	1169	1
1269290438112	1	PROB	'1 + 5 + 9 = '	'15'	1	2246	1
1269290440402	1	PROB	'4 + 3 + 4 = '	'11'	1	1892	1
1269290442344	1	PROB	'3 + 2 + 8 = '	'13'	1	1062	1
1269290443406	0	STOP
1269290448602	0	START
1269290449685	1	PROB	'2 + 4 + 6 = '	'12'	1	1169	1
1269290450901	1	PROB	'4 + 2 + 4 = '	'10'	1	1953	1
1269290452901	1	PROB	'5 + 1 + 5 = '	'11'	1	1409	1
1269290454360	1	PROB	'7 + 8 + 7 = '	'22'	1	1390	1
1269290455793	1	PROB	'2 + 6 + 4 = '	'12'	1	1029	1
1269290456868	1	PROB	'1 + 4 + 6 = '	'11'	1	1002	1
1269290457918	1	PROB	'3 + 5 + 1 = '	'9'	1	928	1
1269290458884	1	PROB	'9 + 1 + 2 = '	'12'	1	1818	1
1269290460751	1	PROB	'9 + 5 + 9 = '	'22'	0	1432	1
1269290462227	1	PROB	'4 + 5 + 3 = '	'12'	1	1940	1
1269290464167	0	STOP
1269290468801	0	START
1269290469708	1	PROB	'9 + 3 + 6 = '	'18'	1	1515	1
1269290471268	1	PROB	'7 + 3 + 6 = '	'16'	1	2506	1
1269290473816	1	PROB	'5 + 9 + 1 = '	'15'	1	1343	1
1269290475201	1	PROB	'7 + 4 + 4 = '	'15'	1	2317	1
1269290477558	1	PROB	'6 + 1 + 4 = '	'11'	1	2705	1
1269290480299	1	PROB	'1 + 3 + 9 = '	'1'	0	900	1
1269290481234	1	PROB	'6 + 7 + 7 = '	'20'	1	2164	1
1269290483398	0	STOP
1269290488849	0	START
1269290489857	1	PROB	'7 + 1 + 8 = '	'16'	1	1717	1
1269290491623	1	PROB	'1 + 8 + 3 = '	'12'	1	999	1
1269290492657	1	PROB	'4 + 8 + 9 = '	'21'	1	2221	1
1269290494923	1	PROB	'9 + 4 + 6 = '	'19'	1	1324	1
1269290496282	1	PROB	'6 + 9 + 1 = '	'16'	1	1348	1
1269290497665	1	PROB	'4 + 6 + 1 = '	'11'	1	1478	1
1269290499182	1	PROB	'7 + 5 + 7 = '	'19'	1	1384	1
1269290500606	1	PROB	'1 + 8 + 5 = '	'14'	1	1256	1
1269290501898	1	PROB	'5 + 3 + 1 = '	'9'	1	956	1
1269290502898	1	PROB	'1 + 9 + 7 = '	'17'	1	1133	1
1269290504031	0	STOP
1269290509024	0	START
1269290510048	1	PROB	'6 + 1 + 1 = '	'8'	1	1310	1
1269290511397	1	PROB	'2 + 1 + 7 = '	'10'	1	2377	1
1269290513814	1	PROB	'6 + 9 + 9 = '	'5'	0	1361	1
1269290515223	1	PROB	'7 + 1 + 5 = '	'13'	1	1327	1
1269290516597	1	PROB	'5 + 2 + 1 = '	'8'	1	1241	1
1269290517880	1	PROB	'4 + 4 + 9 = '	'17'	1	1263	1
1269290519181	1	PROB	'7 + 2 + 7 = '	'16'	1	1441	1
1269290520663	1	PROB	'8 + 8 + 3 = '	'19'	1	1327	1
1269290522039	1	PROB	'2 + 8 + 6 = '	'16'	1	1503	1
1269290523542	0	STOP
1269290529155	0	START
1269290530197	1	PROB	'2 + 8 + 7 = '	'17'	1	1545	1
1269290531779	1	PROB	'5 + 8 + 6 = '	'19'	1	2452	1
1269290534271	1	PROB	'6 + 9 + 8 = '	'23'	1	2880	1
1269290537196	1	PROB	'6 + 8 + 9 = '	'26'	0	1730	1
1269290538962	1	PROB	'3 + 4 + 8 = '	'15'	1	3396	1
1269290542395	1	PROB	'5 + 6 + 5 = '	'16'	1	1868	1
1269290544263	0	STOP
1269290549279	0	START
1269290550402	1	PROB	'7 + 2 + 5 = '	'14'	1	1380	1
1269290551819	1	PROB	'4 + 3 + 7 = '	'14'	1	1595	1
1269290553452	1	PROB	'6 + 8 + 3 = '	'17'	1	1874	1
1269290555360	1	PROB	'6 + 6 + 4 = '	'16'	1	2382	1
1269290557777	1	PROB	'2 + 3 + 9 = '	'14'	1	1213	1
1269290559028	1	PROB	'2 + 8 + 2 = '	'12'	1	1810	1
1269290560885	1	PROB	'8 + 2 + 6 = '	'16'	1	1089	1
1269290562019	1	PROB	'4 + 2 + 6 = '	'12'	1	988	1
1269290563052	1	PROB	'3 + 8 + 8 = '	'19'	1	1730	1
1269290564782	0	STOP
1269290569269	0	START
1269290570293	1	PROB	'9 + 2 + 2 = '	'13'	1	2097	1
1269290572434	1	PROB	'8 + 7 + 9 = '	'25'	0	2108	1
1269290574592	1	PROB	'9 + 5 + 3 = '	'17'	1	2142	1
1269290576784	1	PROB	'4 + 5 + 9 = '	'16'	0	1550	1
1269290578384	1	PROB	'2 + 7 + 6 = '	'15'	1	1366	1
1269290579792	1	PROB	'6 + 4 + 5 = '	'15'	1	1046	1
1269290580884	1	PROB	'8 + 2 + 4 = '	'14'	1	1315	1
1269290582234	1	PROB	'4 + 4 + 3 = '	'11'	1	2372	1
1269290584606	0	STOP
1269290589667	0	START
1269290590491	1	PROB	'2 + 4 + 7 = '	'13'	1	1644	1
1269290592184	1	PROB	'4 + 7 + 2 = '	'13'	1	1935	1
1269290594167	1	PROB	'2 + 1 + 4 = '	'7'	1	2279	1
1269290596491	1	PROB	'8 + 3 + 4 = '	'15'	1	1323	1
1269290597857	1	PROB	'4 + 1 + 1 = '	'6'	1	1141	1
1269290599033	1	PROB	'3 + 6 + 8 = '	'17'	1	1445	1
1269290600515	1	PROB	'2 + 9 + 9 = '	'20'	1	1492	1
1269290602050	1	PROB	'6 + 3 + 4 = '	'13'	1	1692	1
1269290605662	0	STOP
1269290609815	0	START
1269290610773	1	PROB	'5 + 3 + 7 = '	'15'	1	1913	1
1269290612731	1	PROB	'3 + 7 + 3 = '	'13'	1	1187	1
1269290613956	1	PROB	'5 + 6 + 5 = '	'16'	1	2195	1
1269290616199	1	PROB	'7 + 3 + 4 = '	'14'	1	1327	1
1269290617564	1	PROB	'1 + 4 + 7 = '	'12'	1	1186	1
1269290618789	1	PROB	'4 + 7 + 1 = '	'12'	1	1609	1
1269290620439	1	PROB	'2 + 1 + 1 = '	'4'	1	991	1
1269290621472	1	PROB	'9 + 2 + 5 = '	'14'	0	2118	1
1269290623639	1	PROB	'9 + 1 + 5 = '	'15'	1	1839	1
1269290625478	0	STOP
1269290629872	0	START
1269290630955	1	PROB	'8 + 4 + 7 = '	'19'	1	1787	1
1269290632788	1	PROB	'1 + 4 + 5 = '	'10'	1	1762	1
1269290634588	1	PROB	'8 + 2 + 5 = '	'5'	0	1563	1
1269290636197	1	PROB	'4 + 4 + 5 = '	'13'	1	1633	1
1269290637871	1	PROB	'8 + 6 + 8 = '	'22'	1	2144	1
1269290640064	1	PROB	'2 + 1 + 7 = '	'10'	1	1366	1
1269290641471	1	PROB	'1 + 7 + 7 = '	'15'	1	1071	1
1269290642579	1	PROB	'6 + 2 + 9 = '	'17'	1	1524	1
1269290644147	1	PROB	'7 + 6 + 7 = '	'19'	0	1475	1
1269290645622	0	STOP
1269290650022	0	START
1269290651204	1	PROB	'6 + 7 + 9 = '	'22'	1	2059	1
1269290653312	1	PROB	'6 + 6 + 9 = '	'21'	1	1887	1
1269290655246	1	PROB	'3 + 7 + 3 = '	'13'	1	1120	1
1269290656403	1	PROB	'4 + 6 + 2 = '	'12'	1	2235	1
1269290658686	1	PROB	'4 + 1 + 1 = '	'6'	1	1096	1
1269290659819	1	PROB	'9 + 8 + 9 = '	'26'	1	2923	1
1269290662777	1	PROB	'4 + 9 + 3 = '	'16'	1	2278	1
1269290665055	0	STOP
1269290669952	0	START
1269290670952	1	PROB	'2 + 9 + 1 = '	'12'	1	1750	1
1269290672743	1	PROB	'3 + 2 + 7 = '	'12'	1	1416	1
1269290674194	1	PROB	'8 + 8 + 1 = '	'17'	1	1764	1
1269290675993	1	PROB	'2 + 9 + 6 = '	'17'	1	1845	1
1269290677876	1	PROB	'7 + 2 + 3 = '	'12'	1	1026	1
1269290678943	1	PROB	'5 + 1 + 2 = '	'8'	1	1391	1
1269290680376	1	PROB	'2 + 1 + 8 = '	'11'	1	1094	1
1269290681518	1	PROB	'6 + 7 + 5 = '	'18'	1	1176	1
1269290682743	1	PROB	'5 + 1 + 8 = '	'14'	1	1215	1
1269290684002	1	PROB	'9 + 5 + 3 = '	'17'	1	1532	1
1269290685534	0	STOP
1269290690169	0	START
1269290691342	1	PROB	'1 + 7 + 8 = '	'16'	1	1785	1
1269290693176	1	PROB	'6 + 9 + 5 = '	'20'	1	1895	1
1269290695110	1	PROB	'3 + 6 + 8 = '	'17'	1	1656	1
1269290696800	1	PROB	'5 + 7 + 9 = '	'21'	1	1694	1
1269290698533	1	PROB	'3 + 3 + 2 = '	'8'	1	1921	1
1269290700500	1	PROB	'7 + 9 + 8 = '	'26'	0	1898	1
1269290702441	1	PROB	'8 + 9 + 6 = '	'23'	1	2037	1
1269290706168	0	STOP
1269290710316	0	START
1269290711192	1	PROB	'4 + 5 + 4 = '	'13'	1	1422	1
1269290712657	1	PROB	'8 + 9 + 3 = '	'17'	0	1486	1
1269290714191	1	PROB	'4 + 3 + 1 = '	'8'	1	2479	1
1269290716707	1	PROB	'3 + 3 + 3 = '	'9'	1	1155	1
1269290717898	1	PROB	'6 + 8 + 6 = '	'20'	1	1852	1
1269290719790	1	PROB	'5 + 2 + 4 = '	'11'	1	1568	1
1269290721398	1	PROB	'4 + 1 + 7 = '	'12'	1	1472	1
1269290722906	1	PROB	'6 + 3 + 3 = '	'18'	0	1373	1
1269290724323	1	PROB	'4 + 2 + 4 = '	'10'	1	1964	1
1269290726287	0	STOP
1269290805492	0	START
1269290807001	1	PROB	'4 + 6 + 9 = '	'19'	1	2142	1
1269290809193	1	PROB	'2 + 6 + 3 = '	'11'	1	3046	1
1269290812239	0	STOP
1269290817367	0	START
1269290818499	1	PROB	'6 + 9 + 8 = '	'23'	1	2459	1
1269290820999	1	PROB	'2 + 8 + 8 = '	'18'	1	1639	1
1269290822682	1	PROB	'4 + 8 + 3 = '	'15'	1	1485	1
1269290824167	0	STOP
1269290829324	0	START
1269290830216	1	PROB	'6 + 9 + 4 = '	'19'	1	1774	1
1269290832033	1	PROB	'7 + 8 + 6 = '	'21'	1	1813	1
1269290837318	0	STOP
1269290841465	0	START
1269290842456	1	PROB	'9 + 5 + 4 = '	'18'	1	1615	1
1269290844107	1	PROB	'7 + 3 + 9 = '	'19'	1	1619	1
1269290845772	1	PROB	'8 + 9 + 7 = '	'24'	1	1642	1
1269290849465	0	STOP
1269290853681	0	START
1269290854638	1	PROB	'1 + 7 + 2 = '	'10'	1	2064	1
1269290856747	1	PROB	'8 + 2 + 5 = '	'15'	1	1131	1
1269290857922	1	PROB	'6 + 8 + 6 = '	'20'	1	1756	1
1269290859721	1	PROB	'5 + 4 + 8 = '	'17'	1	1478	1
1269290861199	0	STOP
1269290865771	0	START
1269290866721	1	PROB	'8 + 4 + 9 = '	'21'	1	1917	1
1269290868679	1	PROB	'8 + 7 + 5 = '	'19'	0	1223	1
1269290869946	1	PROB	'8 + 3 + 2 = '	'13'	1	1372	1
1269290871354	1	PROB	'4 + 7 + 3 = '	'14'	1	1940	1
1269290873294	0	STOP
1269290877771	0	START
1269290878862	1	PROB	'4 + 2 + 3 = '	'9'	1	1944	1
1269290880853	1	PROB	'3 + 7 + 7 = '	'17'	1	1761	1
1269290882653	1	PROB	'4 + 2 + 7 = '	'13'	1	2554	1
1269290885207	0	STOP
1269290889695	0	START
1269290890836	1	PROB	'3 + 3 + 2 = '	'8'	1	1818	1
1269290892694	1	PROB	'2 + 4 + 9 = '	'15'	1	1585	1
1269290894319	1	PROB	'5 + 4 + 9 = '	'18'	1	2455	1
1269290896774	0	STOP
1269290901835	0	START
1269290902710	1	PROB	'4 + 5 + 5 = '	'14'	1	1505	1
1269290904261	1	PROB	'9 + 1 + 6 = '	'16'	1	1473	1
1269290905785	1	PROB	'1 + 9 + 7 = '	'17'	1	2525	1
1269290908310	0	STOP
1269290913710	0	START
1269290914726	1	PROB	'8 + 1 + 8 = '	'17'	1	1313	1
1269290916085	1	PROB	'8 + 3 + 6 = '	'17'	1	2745	1
1269290918875	1	PROB	'9 + 5 + 6 = '	'18'	0	1451	1
1269290920326	0	STOP
1269290925859	0	START
1269290926900	1	PROB	'5 + 1 + 2 = '	'8'	1	1586	1
1269290928533	1	PROB	'7 + 3 + 2 = '	'12'	1	1193	1
1269290929775	1	PROB	'7 + 7 + 7 = '	'21'	1	1496	1
1269290931308	1	PROB	'5 + 3 + 8 = '	'16'	1	1674	1
1269290932982	0	STOP
1269290938017	0	START
1269290938957	1	PROB	'1 + 6 + 2 = '	'9'	1	1465	1
1269290940457	1	PROB	'7 + 8 + 6 = '	'21'	1	1662	1
1269290942158	1	PROB	'8 + 8 + 6 = '	'24'	0	1392	1
1269290943598	1	PROB	'6 + 7 + 6 = '	'19'	1	1657	1
1269290945255	0	STOP
1269290950149	0	START
1269290951199	1	PROB	'4 + 2 + 5 = '	'11'	1	1439	1
1269290952673	1	PROB	'8 + 7 + 5 = '	'20'	1	5245	1
1269290957918	0	STOP
1269290962339	0	START
1269290963522	1	PROB	'6 + 9 + 5 = '	'20'	1	2372	1
1269290965939	1	PROB	'6 + 6 + 4 = '	'16'	1	1659	1
1269290967647	1	PROB	'5 + 2 + 8 = '	'15'	1	1847	1
1269290969494	0	STOP
1269290974547	0	START
1269290975404	1	PROB	'8 + 5 + 6 = '	'19'	1	1890	1
1269290977329	1	PROB	'6 + 1 + 1 = '	'8'	1	1782	1
1269290979147	1	PROB	'8 + 8 + 1 = '	'17'	1	1443	1
1269290980629	1	PROB	'4 + 4 + 6 = '	'14'	1	1602	1
1269290982231	0	STOP
1269290986379	0	START
1269290987337	1	PROB	'3 + 9 + 3 = '	'15'	1	2910	1
1269290990288	1	PROB	'6 + 8 + 2 = '	'16'	1	1855	1
1269290992179	1	PROB	'8 + 8 + 7 = '	'2'	0	1611	1
1269290993790	0	STOP
1269290998386	0	START
1269290999245	1	PROB	'9 + 4 + 6 = '	'19'	1	1858	1
1269291001145	1	PROB	'4 + 9 + 1 = '	'14'	1	1597	1
1269291002777	1	PROB	'3 + 4 + 2 = '	'9'	1	1965	1
1269291004777	1	PROB	'7 + 8 + 1 = '	'16'	1	1246	1
1269291006023	0	STOP
1269292090195	0	E	Logging Ends
