1271443683203	0	B	Logging Begins
1271443683203	0	SESS_START	16
1271443779684	1	FR_PRES	0	VOLUNTEER	1577	0	1	1006	(0.42259999999999998, 0.58709999999999996, 0)	../fonts/zerothre.ttf	lower
1271443783729	1	FR_PRES	0	CANOE	233	0	1	1177	(0.42259999999999998, 0.58709999999999996, 0)	../fonts/zerothre.ttf	lower
1271443787766	1	FR_PRES	0	COSTUME	383	1	0	1260	(0.57740000000000002, 0.41289999999999999, 1.0)	../fonts/amplitud.ttf	upper
1271443791803	1	FR_PRES	0	LINT	826	1	0	1263	(0.57740000000000002, 0.41289999999999999, 1.0)	../fonts/amplitud.ttf	upper
1271443795964	1	FR_PRES	0	CHIPMUNK	304	1	1	1310	(0.57740000000000002, 0.41289999999999999, 1.0)	../fonts/amplitud.ttf	upper
1271443800069	1	FR_PRES	0	FRUIT	610	1	1	1333	(0.57740000000000002, 0.41289999999999999, 1.0)	../fonts/amplitud.ttf	upper
1271443803947	1	FR_PRES	0	PATRIOT	1026	0	1	1311	(0.42259999999999998, 0.58709999999999996, 0)	../fonts/zerothre.ttf	lower
1271443808134	1	FR_PRES	0	PAINTING	1005	0	1	1212	(0.42259999999999998, 0.58709999999999996, 0)	../fonts/zerothre.ttf	lower
1271443811987	1	FR_PRES	0	PILOT	1070	0	1	1367	(0.42259999999999998, 0.58709999999999996, 0)	../fonts/zerothre.ttf	lower
1271443816067	1	FR_PRES	0	AIRCRAFT	11	0	1	951	(0.42259999999999998, 0.58709999999999996, 0)	../fonts/zerothre.ttf	lower
1271443820128	1	FR_PRES	0	CARROT	249	1	1	1634	(0.57740000000000002, 0.41289999999999999, 1.0)	../fonts/amplitud.ttf	upper
1271443824224	1	FR_PRES	0	SHORTCAKE	1292	1	0	1154	(0.57740000000000002, 0.41289999999999999, 1.0)	../fonts/amplitud.ttf	upper
1271443828385	1	FR_PRES	0	LIZARD	834	1	1	1153	(0.57740000000000002, 0.41289999999999999, 1.0)	../fonts/amplitud.ttf	upper
1271443832597	1	FR_PRES	0	CANVAS	234	1	0	1573	(0.57740000000000002, 0.41289999999999999, 1.0)	../fonts/amplitud.ttf	upper
1271443836701	1	FR_PRES	0	KNAPSACK	783	0	1	1765	(0.42259999999999998, 0.58709999999999996, 0)	../fonts/zerothre.ttf	lower
1271443840746	1	FR_PRES	0	PURSE	1145	0	0	1247	(0.42259999999999998, 0.58709999999999996, 0)	../fonts/zerothre.ttf	lower
1271443846315	1	REC_START
1271443923316	0	REST
1271443924823	1	FR_PRES	1	FOUNTAIN	597	1	0	1419	(0.57740000000000002, 0.41289999999999999, 1.0)	../fonts/amplitud.ttf	upper
1271443928735	1	FR_PRES	1	PUPIL	1143	1	1	987	(0.57740000000000002, 0.41289999999999999, 1.0)	../fonts/amplitud.ttf	upper
1271443932680	1	FR_PRES	1	TEA	1439	1	0	994	(0.57740000000000002, 0.41289999999999999, 1.0)	../fonts/amplitud.ttf	upper
1271443936559	1	FR_PRES	1	MAN	862	1	1	1371	(0.57740000000000002, 0.41289999999999999, 1.0)	../fonts/amplitud.ttf	upper
1271443940679	1	FR_PRES	1	NOMAD	955	1	1	1314	(0.57740000000000002, 0.41289999999999999, 1.0)	../fonts/amplitud.ttf	upper
1271443944600	1	FR_PRES	1	COFFEE	341	0	0	1730	(0.42259999999999998, 0.58709999999999996, 0)	../fonts/zerothre.ttf	lower
1271443948720	1	FR_PRES	1	DIAMOND	458	0	0	1082	(0.42259999999999998, 0.58709999999999996, 0)	../fonts/zerothre.ttf	lower
1271443952840	1	FR_PRES	1	KIDNEY	776	0	1	1346	(0.42259999999999998, 0.58709999999999996, 0)	../fonts/zerothre.ttf	lower
1271443956960	1	FR_PRES	1	PALACE	1006	0	1	674	(0.42259999999999998, 0.58709999999999996, 0)	../fonts/zerothre.ttf	lower
1271443960831	1	FR_PRES	1	THRONE	1461	0	1	1187	(0.42259999999999998, 0.58709999999999996, 0)	../fonts/zerothre.ttf	lower
1271443965017	1	FR_PRES	1	SERGEANT	1269	1	1	1137	(0.57740000000000002, 0.41289999999999999, 1.0)	../fonts/amplitud.ttf	upper
1271443968846	1	FR_PRES	1	MINT	898	1	0	1836	(0.57740000000000002, 0.41289999999999999, 1.0)	../fonts/amplitud.ttf	upper
1271443972758	1	FR_PRES	1	ASSISTANT	48	1	1	948	(0.57740000000000002, 0.41289999999999999, 1.0)	../fonts/amplitud.ttf	upper
1271443976696	1	FR_PRES	1	FOSSIL	596	0	1	1522	(0.42259999999999998, 0.58709999999999996, 0)	../fonts/zerothre.ttf	lower
1271443980524	1	FR_PRES	1	OBOE	969	0	1	1734	(0.42259999999999998, 0.58709999999999996, 0)	../fonts/zerothre.ttf	lower
1271443984495	1	FR_PRES	1	COOKIE	374	0	0	1411	(0.42259999999999998, 0.58709999999999996, 0)	../fonts/zerothre.ttf	lower
1271443990205	1	REC_START
1271444067814	0	REST
1271444069321	1	FR_PRES	2	NAVIGATOR	938	1	1	825	(0.57740000000000002, 0.41289999999999999, 1.0)	../fonts/amplitud.ttf	upper
1271444073141	1	FR_PRES	2	QUAIL	1147	1	1	989	(0.57740000000000002, 0.41289999999999999, 1.0)	../fonts/amplitud.ttf	upper
1271444077161	1	FR_PRES	2	SEAGULL	1261	1	1	729	(0.57740000000000002, 0.41289999999999999, 1.0)	../fonts/amplitud.ttf	upper
1271444081007	1	FR_PRES	2	PAIL	1002	0	1	1523	(0.42259999999999998, 0.58709999999999996, 0)	../fonts/zerothre.ttf	lower
1271444084886	1	FR_PRES	2	COLOGNE	347	0	0	1532	(0.42259999999999998, 0.58709999999999996, 0)	../fonts/zerothre.ttf	lower
1271444088972	1	FR_PRES	2	LAGOON	795	0	1	1198	(0.42259999999999998, 0.58709999999999996, 0)	../fonts/zerothre.ttf	lower
1271444092951	1	FR_PRES	2	TEAM	1441	1	1	1211	(0.57740000000000002, 0.41289999999999999, 1.0)	../fonts/amplitud.ttf	upper
1271444097047	1	FR_PRES	2	VOLLEYBALL	1576	1	0	1083	(0.57740000000000002, 0.41289999999999999, 1.0)	../fonts/amplitud.ttf	upper
1271444101250	1	FR_PRES	2	KLEENEX	782	1	0	1616	(0.57740000000000002, 0.41289999999999999, 1.0)	../fonts/amplitud.ttf	upper
1271444105187	1	FR_PRES	2	BUTTON	207	0	0	1407	(0.42259999999999998, 0.58709999999999996, 0)	../fonts/zerothre.ttf	lower
1271444109216	1	FR_PRES	2	MERMAID	887	0	1	1194	(0.42259999999999998, 0.58709999999999996, 0)	../fonts/zerothre.ttf	lower
1271444113211	1	FR_PRES	2	BOAT	144	0	1	1135	(0.42259999999999998, 0.58709999999999996, 0)	../fonts/zerothre.ttf	lower
1271444117248	1	FR_PRES	2	TREAD	1499	0	1	1522	(0.42259999999999998, 0.58709999999999996, 0)	../fonts/zerothre.ttf	lower
1271444121252	1	FR_PRES	2	BARTENDER	92	0	1	1558	(0.42259999999999998, 0.58709999999999996, 0)	../fonts/zerothre.ttf	lower
1271444125155	1	FR_PRES	2	COBBLER	335	1	0	1695	(0.57740000000000002, 0.41289999999999999, 1.0)	../fonts/amplitud.ttf	upper
1271444129043	1	FR_PRES	2	GRAPE	654	1	0	1463	(0.57740000000000002, 0.41289999999999999, 1.0)	../fonts/amplitud.ttf	upper
1271444135036	1	REC_START
1271444151362	0	REJECT
1271444213044	0	REST
1271444214551	1	FR_PRES	3	FRIES	607	-1	-1	-1271444214551	white	../fonts/Verdana.ttf	upper
1271444218613	1	FR_PRES	3	BEAN	105	-1	-1	-1271444218613	white	../fonts/Verdana.ttf	upper
1271444222517	1	FR_PRES	3	NEPHEW	942	-1	-1	-1271444222517	white	../fonts/Verdana.ttf	upper
1271444226703	1	FR_PRES	3	COUSIN	392	-1	-1	-1271444226703	white	../fonts/Verdana.ttf	upper
1271444230591	1	FR_PRES	3	INFANT	737	-1	-1	-1271444230591	white	../fonts/Verdana.ttf	upper
1271444234603	1	FR_PRES	3	DETECTIVE	454	-1	-1	-1271444234603	white	../fonts/Verdana.ttf	upper
1271444238598	1	FR_PRES	3	SOCK	1339	-1	-1	-1271444238598	white	../fonts/Verdana.ttf	upper
1271444242610	1	FR_PRES	3	FOOT	590	-1	-1	-1271444242610	white	../fonts/Verdana.ttf	upper
1271444246797	1	FR_PRES	3	POCKETBOOK	1094	-1	-1	-1271444246797	white	../fonts/Verdana.ttf	upper
1271444250999	1	FR_PRES	3	STEWARDESS	1381	-1	-1	-1271444250999	white	../fonts/Verdana.ttf	upper
1271444254920	1	FR_PRES	3	SCREWDRIVER	1255	-1	-1	-1271444254920	white	../fonts/Verdana.ttf	upper
1271444259107	1	FR_PRES	3	ZUCCHINI	1638	-1	-1	-1271444259107	white	../fonts/Verdana.ttf	upper
1271444263269	1	FR_PRES	3	DIAPER	459	-1	-1	-1271444263269	white	../fonts/Verdana.ttf	upper
1271444267339	1	FR_PRES	3	BUCKET	184	-1	-1	-1271444267339	white	../fonts/Verdana.ttf	upper
1271444271193	1	FR_PRES	3	CORPORATION	382	-1	-1	-1271444271193	white	../fonts/Verdana.ttf	upper
1271444275039	1	FR_PRES	3	MUSHROOM	934	-1	-1	-1271444275039	white	../fonts/Verdana.ttf	upper
1271444280866	1	REC_START
1271444359357	0	REST
1271444360863	1	FR_PRES	4	TAR	1435	0	1	1619	(0.42259999999999998, 0.58709999999999996, 0)	../fonts/zerothre.ttf	lower
1271444364966	1	FR_PRES	4	OMELET	976	0	1	844	(0.42259999999999998, 0.58709999999999996, 0)	../fonts/zerothre.ttf	lower
1271444368821	1	FR_PRES	4	GRASSHOPPER	656	0	0	957	(0.42259999999999998, 0.58709999999999996, 0)	../fonts/zerothre.ttf	lower
1271444372749	1	FR_PRES	4	BOTTLE	153	0	0	1037	(0.42259999999999998, 0.58709999999999996, 0)	../fonts/zerothre.ttf	lower
1271444376945	1	FR_PRES	4	LOUNGE	845	0	1	1001	(0.42259999999999998, 0.58709999999999996, 0)	../fonts/zerothre.ttf	lower
1271444381073	1	FR_PRES	4	CIGARETTE	309	0	0	945	(0.42259999999999998, 0.58709999999999996, 0)	../fonts/zerothre.ttf	lower
1271444385276	1	FR_PRES	4	BANKER	84	0	1	1894	(0.42259999999999998, 0.58709999999999996, 0)	../fonts/zerothre.ttf	lower
1271444389122	1	FR_PRES	4	BALCONY	72	0	1	928	(0.42259999999999998, 0.58709999999999996, 0)	../fonts/zerothre.ttf	lower
1271444392991	1	FR_PRES	4	EMPLOYEE	531	0	1	835	(0.42259999999999998, 0.58709999999999996, 0)	../fonts/zerothre.ttf	lower
1271444397104	1	FR_PRES	4	LETTUCE	814	0	1	1186	(0.42259999999999998, 0.58709999999999996, 0)	../fonts/zerothre.ttf	lower
1271444401158	1	FR_PRES	4	RADISH	1158	0	0	1932	(0.42259999999999998, 0.58709999999999996, 0)	../fonts/zerothre.ttf	lower
1271444405220	1	FR_PRES	4	SPATULA	1348	0	0	1606	(0.42259999999999998, 0.58709999999999996, 0)	../fonts/zerothre.ttf	lower
1271444409407	1	FR_PRES	4	BOSS	152	0	0	923	(0.42259999999999998, 0.58709999999999996, 0)	../fonts/zerothre.ttf	lower
1271444413469	1	FR_PRES	4	BANQUET	86	0	1	893	(0.42259999999999998, 0.58709999999999996, 0)	../fonts/zerothre.ttf	lower
1271444417630	1	FR_PRES	4	ROOST	1208	0	1	956	(0.42259999999999998, 0.58709999999999996, 0)	../fonts/zerothre.ttf	lower
1271444421667	1	FR_PRES	4	DUCK	504	0	1	767	(0.42259999999999998, 0.58709999999999996, 0)	../fonts/zerothre.ttf	lower
1271444427761	1	REC_START
1271444482610	0	REJECT
1271444505494	0	REST
1271444507001	1	FR_PRES	5	STREET	1393	0	1	881	(0.42259999999999998, 0.58709999999999996, 0)	../fonts/zerothre.ttf	lower
1271444510888	1	FR_PRES	5	RESTAURANT	1187	0	1	690	(0.42259999999999998, 0.58709999999999996, 0)	../fonts/zerothre.ttf	lower
1271444514742	1	FR_PRES	5	WAITER	1580	0	1	1740	(0.42259999999999998, 0.58709999999999996, 0)	../fonts/zerothre.ttf	lower
1271444518945	1	FR_PRES	5	RIB	1188	0	0	1849	(0.42259999999999998, 0.58709999999999996, 0)	../fonts/zerothre.ttf	lower
1271444523032	1	FR_PRES	5	WHEEL	1603	1	0	1394	(0.57740000000000002, 0.41289999999999999, 1.0)	../fonts/amplitud.ttf	upper
1271444527077	1	FR_PRES	5	MITTEN	902	1	0	2325	(0.57740000000000002, 0.41289999999999999, 1.0)	../fonts/amplitud.ttf	upper
1271444530964	1	FR_PRES	5	OCTOPUS	971	1	0	997	(0.57740000000000002, 0.41289999999999999, 1.0)	../fonts/amplitud.ttf	upper
1271444534868	1	FR_PRES	5	TANK	1432	1	0	1382	(0.57740000000000002, 0.41289999999999999, 1.0)	../fonts/amplitud.ttf	upper
1271444539055	1	FR_PRES	5	POLYESTER	1100	1	0	1115	(0.57740000000000002, 0.41289999999999999, 1.0)	../fonts/amplitud.ttf	upper
1271444543050	1	FR_PRES	5	GENERAL	630	0	1	1304	(0.42259999999999998, 0.58709999999999996, 0)	../fonts/zerothre.ttf	lower
1271444547087	1	FR_PRES	5	MOUSE	925	0	1	2139	(0.42259999999999998, 0.58709999999999996, 0)	../fonts/zerothre.ttf	lower
1271444551216	1	FR_PRES	5	VEST	1559	0	0	1322	(0.42259999999999998, 0.58709999999999996, 0)	../fonts/zerothre.ttf	lower
1271444555195	1	FR_PRES	5	TOWEL	1489	0	1	967	(0.42259999999999998, 0.58709999999999996, 0)	../fonts/zerothre.ttf	lower
1271444559290	1	FR_PRES	5	SPONGE	1355	1	0	1072	(0.57740000000000002, 0.41289999999999999, 1.0)	../fonts/amplitud.ttf	upper
1271444563210	1	FR_PRES	5	MILITARY	894	1	1	1944	(0.57740000000000002, 0.41289999999999999, 1.0)	../fonts/amplitud.ttf	upper
1271444567230	1	FR_PRES	5	ROACH	1195	1	1	1124	(0.57740000000000002, 0.41289999999999999, 1.0)	../fonts/amplitud.ttf	upper
1271444573108	1	REC_START
1271444585298	0	REJECT
1271444646202	0	REJECT
1271444649717	0	REST
1271444651224	1	FR_PRES	6	DOOR	486	0	1	1066	(0.42259999999999998, 0.58709999999999996, 0)	../fonts/zerothre.ttf	lower
1271444655211	1	FR_PRES	6	TURNIP	1521	0	0	1175	(0.42259999999999998, 0.58709999999999996, 0)	../fonts/zerothre.ttf	lower
1271444659115	1	FR_PRES	6	PEAR	1033	0	0	1271	(0.42259999999999998, 0.58709999999999996, 0)	../fonts/zerothre.ttf	lower
1271444663127	1	FR_PRES	6	BASKET	95	0	1	1107	(0.42259999999999998, 0.58709999999999996, 0)	../fonts/zerothre.ttf	lower
1271444667180	1	FR_PRES	6	DRYER	503	0	0	1638	(0.42259999999999998, 0.58709999999999996, 0)	../fonts/zerothre.ttf	lower
1271444671134	1	FR_PRES	6	BRUNETTE	181	0	1	1644	(0.42259999999999998, 0.58709999999999996, 0)	../fonts/zerothre.ttf	lower
1271444675171	1	FR_PRES	6	GARDEN	623	0	1	943	(0.42259999999999998, 0.58709999999999996, 0)	../fonts/zerothre.ttf	lower
1271444679266	1	FR_PRES	6	SEED	1266	0	0	784	(0.42259999999999998, 0.58709999999999996, 0)	../fonts/zerothre.ttf	lower
1271444683253	1	FR_PRES	6	MEADOW	881	0	1	933	(0.42259999999999998, 0.58709999999999996, 0)	../fonts/zerothre.ttf	lower
1271444687140	1	FR_PRES	6	BUFFALO	186	0	1	2990	(0.42259999999999998, 0.58709999999999996, 0)	../fonts/zerothre.ttf	lower
1271444691019	1	FR_PRES	6	TICKET	1464	0	0	1535	(0.42259999999999998, 0.58709999999999996, 0)	../fonts/zerothre.ttf	lower
1271444694881	1	FR_PRES	6	THESAURUS	1454	0	1	849	(0.42259999999999998, 0.58709999999999996, 0)	../fonts/zerothre.ttf	lower
1271444698702	1	FR_PRES	6	SICKLE	1302	0	1	1828	(0.42259999999999998, 0.58709999999999996, 0)	../fonts/zerothre.ttf	lower
1271444702547	1	FR_PRES	6	PREDATOR	1120	0	1	1351	(0.42259999999999998, 0.58709999999999996, 0)	../fonts/zerothre.ttf	lower
1271444706751	1	FR_PRES	6	KNOB	787	0	1	1427	(0.42259999999999998, 0.58709999999999996, 0)	../fonts/zerothre.ttf	lower
1271444710813	1	FR_PRES	6	SENATOR	1268	0	1	1021	(0.42259999999999998, 0.58709999999999996, 0)	../fonts/zerothre.ttf	lower
1271444716424	1	REC_START
1271444727234	0	REJECT
1271444793541	0	REST
1271444795048	1	FR_PRES	7	STATUE	1374	-1	-1	-1271444795048	white	../fonts/Verdana.ttf	upper
1271444799243	1	FR_PRES	7	MUMMY	932	-1	-1	-1271444799243	white	../fonts/Verdana.ttf	upper
1271444803163	1	FR_PRES	7	STABLE	1363	-1	-1	-1271444803163	white	../fonts/Verdana.ttf	upper
1271444807084	1	FR_PRES	7	BACON	67	-1	-1	-1271444807084	white	../fonts/Verdana.ttf	upper
1271444811062	1	FR_PRES	7	SKI	1316	-1	-1	-1271444811062	white	../fonts/Verdana.ttf	upper
1271444814933	1	FR_PRES	7	WATERFALL	1595	-1	-1	-1271444814933	white	../fonts/Verdana.ttf	upper
1271444818753	1	FR_PRES	7	SADDLE	1221	-1	-1	-1271444818753	white	../fonts/Verdana.ttf	upper
1271444822890	1	FR_PRES	7	BANANA	77	-1	-1	-1271444822890	white	../fonts/Verdana.ttf	upper
1271444826960	1	FR_PRES	7	PORK	1108	-1	-1	-1271444826960	white	../fonts/Verdana.ttf	upper
1271444831155	1	FR_PRES	7	CLAY	320	-1	-1	-1271444831155	white	../fonts/Verdana.ttf	upper
1271444835259	1	FR_PRES	7	JUVENILE	767	-1	-1	-1271444835259	white	../fonts/Verdana.ttf	upper
1271444839421	1	FR_PRES	7	PUDDING	1139	-1	-1	-1271444839421	white	../fonts/Verdana.ttf	upper
1271444843325	1	FR_PRES	7	SECRETARY	1265	-1	-1	-1271444843325	white	../fonts/Verdana.ttf	upper
1271444847187	1	FR_PRES	7	JUNGLE	764	-1	-1	-1271444847187	white	../fonts/Verdana.ttf	upper
1271444851340	1	FR_PRES	7	FREEWAY	603	-1	-1	-1271444851340	white	../fonts/Verdana.ttf	upper
1271444855427	1	FR_PRES	7	GARAGE	621	-1	-1	-1271444855427	white	../fonts/Verdana.ttf	upper
1271444861129	1	REC_START
1271444938630	0	REST
1271444940136	1	FR_PRES	8	STRING	1394	0	0	922	(0.42259999999999998, 0.58709999999999996, 0)	../fonts/zerothre.ttf	lower
1271444944115	1	FR_PRES	8	GUITAR	670	0	1	1287	(0.42259999999999998, 0.58709999999999996, 0)	../fonts/zerothre.ttf	lower
1271444948119	1	FR_PRES	8	COIN	343	0	0	995	(0.42259999999999998, 0.58709999999999996, 0)	../fonts/zerothre.ttf	lower
1271444952081	1	FR_PRES	8	SNEAKER	1334	0	1	849	(0.42259999999999998, 0.58709999999999996, 0)	../fonts/zerothre.ttf	lower
1271444956251	1	FR_PRES	8	SKETCH	1315	0	1	1319	(0.42259999999999998, 0.58709999999999996, 0)	../fonts/zerothre.ttf	lower
1271444960346	1	FR_PRES	8	STAPLE	1371	0	1	2440	(0.42259999999999998, 0.58709999999999996, 0)	../fonts/zerothre.ttf	lower
1271444964250	1	FR_PRES	8	FLIPPER	580	0	0	1152	(0.42259999999999998, 0.58709999999999996, 0)	../fonts/zerothre.ttf	lower
1271444968370	1	FR_PRES	8	CARPET	247	0	1	1104	(0.42259999999999998, 0.58709999999999996, 0)	../fonts/zerothre.ttf	lower
1271444972524	1	FR_PRES	8	SOCKET	1340	0	0	1390	(0.42259999999999998, 0.58709999999999996, 0)	../fonts/zerothre.ttf	lower
1271444976577	1	FR_PRES	8	COP	376	0	1	857	(0.42259999999999998, 0.58709999999999996, 0)	../fonts/zerothre.ttf	lower
1271444980747	1	FR_PRES	8	BAIT	70	0	0	1423	(0.42259999999999998, 0.58709999999999996, 0)	../fonts/zerothre.ttf	lower
1271444984609	1	FR_PRES	8	ELK	526	0	1	1073	(0.42259999999999998, 0.58709999999999996, 0)	../fonts/zerothre.ttf	lower
1271444988447	1	FR_PRES	8	HANDCUFFS	685	0	0	1131	(0.42259999999999998, 0.58709999999999996, 0)	../fonts/zerothre.ttf	lower
1271444992575	1	FR_PRES	8	PATIENT	1024	0	1	1923	(0.42259999999999998, 0.58709999999999996, 0)	../fonts/zerothre.ttf	lower
1271444996545	1	FR_PRES	8	STETHOSCOPE	1379	0	0	1937	(0.42259999999999998, 0.58709999999999996, 0)	../fonts/zerothre.ttf	lower
1271445000391	1	FR_PRES	8	TUB	1514	0	1	1043	(0.42259999999999998, 0.58709999999999996, 0)	../fonts/zerothre.ttf	lower
1271445006110	1	REC_START
1271445083660	0	REST
1271445085167	1	FR_PRES	9	INSECT	740	0	0	1035	(0.42259999999999998, 0.58709999999999996, 0)	../fonts/zerothre.ttf	lower
1271445089154	1	FR_PRES	9	RAG	1160	0	1	1256	(0.42259999999999998, 0.58709999999999996, 0)	../fonts/zerothre.ttf	lower
1271445093024	1	FR_PRES	9	COMET	353	1	0	1874	(0.57740000000000002, 0.41289999999999999, 1.0)	../fonts/amplitud.ttf	upper
1271445096870	1	FR_PRES	9	WORKER	1621	1	-999	3000	(0.57740000000000002, 0.41289999999999999, 1.0)	../fonts/amplitud.ttf	upper
1271445099891	1	SLOW_MSG
1271445102355	1	FR_PRES	9	BROOK	177	1	1	1359	(0.57740000000000002, 0.41289999999999999, 1.0)	../fonts/amplitud.ttf	upper
1271445106334	1	FR_PRES	9	DIVER	476	1	1	884	(0.57740000000000002, 0.41289999999999999, 1.0)	../fonts/amplitud.ttf	upper
1271445110412	1	FR_PRES	9	OATMEAL	967	0	0	1398	(0.42259999999999998, 0.58709999999999996, 0)	../fonts/zerothre.ttf	lower
1271445114416	1	FR_PRES	9	TYPIST	1532	0	1	1610	(0.42259999999999998, 0.58709999999999996, 0)	../fonts/zerothre.ttf	lower
1271445118561	1	FR_PRES	9	PAPER	1011	0	0	1097	(0.42259999999999998, 0.58709999999999996, 0)	../fonts/zerothre.ttf	lower
1271445122723	1	FR_PRES	9	RICE	1190	1	0	1775	(0.57740000000000002, 0.41289999999999999, 1.0)	../fonts/amplitud.ttf	upper
1271445126777	1	FR_PRES	9	CONCRETE	361	1	0	1697	(0.57740000000000002, 0.41289999999999999, 1.0)	../fonts/amplitud.ttf	upper
1271445130630	1	FR_PRES	9	FLORIDA	582	1	-999	3001	(0.57740000000000002, 0.41289999999999999, 1.0)	../fonts/amplitud.ttf	upper
1271445133652	1	SLOW_MSG
1271445136116	1	FR_PRES	9	METEOR	889	1	0	1438	(0.57740000000000002, 0.41289999999999999, 1.0)	../fonts/amplitud.ttf	upper
1271445140219	1	FR_PRES	9	PLAYGROUND	1087	0	1	967	(0.42259999999999998, 0.58709999999999996, 0)	../fonts/zerothre.ttf	lower
1271445144339	1	FR_PRES	9	TOY	1492	0	0	1167	(0.42259999999999998, 0.58709999999999996, 0)	../fonts/zerothre.ttf	lower
1271445148460	1	FR_PRES	9	PENNY	1045	0	0	1006	(0.42259999999999998, 0.58709999999999996, 0)	../fonts/zerothre.ttf	lower
1271445154536	1	REC_START
1271445233843	0	REST
1271445235350	1	FR_PRES	10	WARRIOR	1589	1	1	884	(0.57740000000000002, 0.41289999999999999, 1.0)	../fonts/amplitud.ttf	upper
1271445239253	1	FR_PRES	10	PUMPKIN	1142	1	0	925	(0.57740000000000002, 0.41289999999999999, 1.0)	../fonts/amplitud.ttf	upper
1271445243432	1	FR_PRES	10	CHERRY	293	1	1	1330	(0.57740000000000002, 0.41289999999999999, 1.0)	../fonts/amplitud.ttf	upper
1271445247477	1	FR_PRES	10	TAXI	1438	1	0	1189	(0.57740000000000002, 0.41289999999999999, 1.0)	../fonts/amplitud.ttf	upper
1271445251597	1	FR_PRES	10	FIREMAN	569	1	1	1453	(0.57740000000000002, 0.41289999999999999, 1.0)	../fonts/amplitud.ttf	upper
1271445255568	1	FR_PRES	10	RAZOR	1171	0	0	1425	(0.42259999999999998, 0.58709999999999996, 0)	../fonts/zerothre.ttf	lower
1271445259655	1	FR_PRES	10	BUS	201	0	1	1035	(0.42259999999999998, 0.58709999999999996, 0)	../fonts/zerothre.ttf	lower
1271445263667	1	FR_PRES	10	COMPUTER	359	0	1	1047	(0.42259999999999998, 0.58709999999999996, 0)	../fonts/zerothre.ttf	lower
1271445267795	1	FR_PRES	10	ANT	25	1	0	1303	(0.57740000000000002, 0.41289999999999999, 1.0)	../fonts/amplitud.ttf	upper
1271445271824	1	FR_PRES	10	CLIMBER	323	1	1	1058	(0.57740000000000002, 0.41289999999999999, 1.0)	../fonts/amplitud.ttf	upper
1271445275736	1	FR_PRES	10	CONTAINER	366	1	0	1594	(0.57740000000000002, 0.41289999999999999, 1.0)	../fonts/amplitud.ttf	upper
1271445279706	1	FR_PRES	10	GAUZE	626	0	0	2072	(0.42259999999999998, 0.58709999999999996, 0)	../fonts/zerothre.ttf	lower
1271445283643	1	FR_PRES	10	CUSTARD	429	0	0	1567	(0.42259999999999998, 0.58709999999999996, 0)	../fonts/zerothre.ttf	lower
1271445287530	1	FR_PRES	10	STEM	1376	0	1	1952	(0.42259999999999998, 0.58709999999999996, 0)	../fonts/zerothre.ttf	lower
1271445291634	1	FR_PRES	10	MINER	896	0	1	1104	(0.42259999999999998, 0.58709999999999996, 0)	../fonts/zerothre.ttf	lower
1271445295496	1	FR_PRES	10	WIDOW	1608	0	1	1394	(0.42259999999999998, 0.58709999999999996, 0)	../fonts/zerothre.ttf	lower
1271445301473	1	REC_START
1271445330442	0	REJECT
1271445378333	0	REST
1271445379839	1	FR_PRES	11	SCENERY	1247	1	0	1195	(0.57740000000000002, 0.41289999999999999, 1.0)	../fonts/amplitud.ttf	upper
1271445383660	1	FR_PRES	11	BOULDER	155	1	0	998	(0.57740000000000002, 0.41289999999999999, 1.0)	../fonts/amplitud.ttf	upper
1271445387505	1	FR_PRES	11	BAND	78	1	1	1377	(0.57740000000000002, 0.41289999999999999, 1.0)	../fonts/amplitud.ttf	upper
1271445391542	1	FR_PRES	11	STADIUM	1364	1	0	1451	(0.57740000000000002, 0.41289999999999999, 1.0)	../fonts/amplitud.ttf	upper
1271445395746	1	FR_PRES	11	RECIPE	1175	1	0	1264	(0.57740000000000002, 0.41289999999999999, 1.0)	../fonts/amplitud.ttf	upper
1271445399758	1	FR_PRES	11	DRIVEWAY	500	1	0	1028	(0.57740000000000002, 0.41289999999999999, 1.0)	../fonts/amplitud.ttf	upper
1271445403861	1	FR_PRES	11	MARINE	869	1	0	2157	(0.57740000000000002, 0.41289999999999999, 1.0)	../fonts/amplitud.ttf	upper
1271445407931	1	FR_PRES	11	STOVE	1388	1	0	1327	(0.57740000000000002, 0.41289999999999999, 1.0)	../fonts/amplitud.ttf	upper
1271445411984	1	FR_PRES	11	BURGLAR	200	1	1	1066	(0.57740000000000002, 0.41289999999999999, 1.0)	../fonts/amplitud.ttf	upper
1271445415930	1	FR_PRES	11	OUTLAW	989	1	1	1008	(0.57740000000000002, 0.41289999999999999, 1.0)	../fonts/amplitud.ttf	upper
1271445419909	1	FR_PRES	11	SHED	1277	1	0	1133	(0.57740000000000002, 0.41289999999999999, 1.0)	../fonts/amplitud.ttf	upper
1271445423896	1	FR_PRES	11	CAT	257	1	0	1290	(0.57740000000000002, 0.41289999999999999, 1.0)	../fonts/amplitud.ttf	upper
1271445428099	1	FR_PRES	11	CUCUMBER	421	1	1	1759	(0.57740000000000002, 0.41289999999999999, 1.0)	../fonts/amplitud.ttf	upper
1271445432111	1	FR_PRES	11	WINDSHIELD	1612	1	0	1307	(0.57740000000000002, 0.41289999999999999, 1.0)	../fonts/amplitud.ttf	upper
1271445435989	1	FR_PRES	11	CABIN	211	1	0	988	(0.57740000000000002, 0.41289999999999999, 1.0)	../fonts/amplitud.ttf	upper
1271445439911	1	FR_PRES	11	FUNGUS	614	1	0	1539	(0.57740000000000002, 0.41289999999999999, 1.0)	../fonts/amplitud.ttf	upper
1271445445821	1	REC_START
1271445514642	0	REJECT
1271445521424	1	REST_REWET
1271445944529	0	REST
1271445946036	1	FR_PRES	12	GLASSES	640	1	0	1094	(0.57740000000000002, 0.41289999999999999, 1.0)	../fonts/amplitud.ttf	upper
1271445949964	1	FR_PRES	12	MASCARA	875	1	0	790	(0.57740000000000002, 0.41289999999999999, 1.0)	../fonts/amplitud.ttf	upper
1271445954043	1	FR_PRES	12	HIKER	708	1	1	751	(0.57740000000000002, 0.41289999999999999, 1.0)	../fonts/amplitud.ttf	upper
1271445957922	1	FR_PRES	12	NET	946	1	0	848	(0.57740000000000002, 0.41289999999999999, 1.0)	../fonts/amplitud.ttf	upper
1271445961892	1	FR_PRES	12	CATHEDRAL	260	1	0	1222	(0.57740000000000002, 0.41289999999999999, 1.0)	../fonts/amplitud.ttf	upper
1271445965904	1	FR_PRES	12	SIRLOIN	1311	1	0	1466	(0.57740000000000002, 0.41289999999999999, 1.0)	../fonts/amplitud.ttf	upper
1271445969866	1	FR_PRES	12	LASER	801	1	0	1040	(0.57740000000000002, 0.41289999999999999, 1.0)	../fonts/amplitud.ttf	upper
1271445973762	1	FR_PRES	12	SKULL	1320	1	0	1080	(0.57740000000000002, 0.41289999999999999, 1.0)	../fonts/amplitud.ttf	upper
1271445977832	1	FR_PRES	12	CHAPEL	280	1	0	1106	(0.57740000000000002, 0.41289999999999999, 1.0)	../fonts/amplitud.ttf	upper
1271445981786	1	FR_PRES	12	SCALLOP	1242	1	0	1648	(0.57740000000000002, 0.41289999999999999, 1.0)	../fonts/amplitud.ttf	upper
1271445985839	1	FR_PRES	12	EDITORIAL	517	1	0	1395	(0.57740000000000002, 0.41289999999999999, 1.0)	../fonts/amplitud.ttf	upper
1271445989685	1	FR_PRES	12	EDITOR	516	1	1	1269	(0.57740000000000002, 0.41289999999999999, 1.0)	../fonts/amplitud.ttf	upper
1271445993763	1	FR_PRES	12	SURF	1412	1	0	1055	(0.57740000000000002, 0.41289999999999999, 1.0)	../fonts/amplitud.ttf	upper
1271445997617	1	FR_PRES	12	SUPERMARKET	1409	1	0	969	(0.57740000000000002, 0.41289999999999999, 1.0)	../fonts/amplitud.ttf	upper
1271446001754	1	FR_PRES	12	PRINCESS	1125	1	1	840	(0.57740000000000002, 0.41289999999999999, 1.0)	../fonts/amplitud.ttf	upper
1271446005958	1	FR_PRES	12	BRIDE	173	1	1	780	(0.57740000000000002, 0.41289999999999999, 1.0)	../fonts/amplitud.ttf	upper
1271446011760	1	REC_START
1271446036042	0	REJECT
1271446051522	0	REJECT
1271446089967	0	REST
1271446091474	1	FR_PRES	13	TUBA	1515	-1	-1	-1271446091474	white	../fonts/Verdana.ttf	upper
1271446095386	1	FR_PRES	13	CELERY	266	-1	-1	-1271446095386	white	../fonts/Verdana.ttf	upper
1271446099382	1	FR_PRES	13	MANSION	864	-1	-1	-1271446099382	white	../fonts/Verdana.ttf	upper
1271446103410	1	FR_PRES	13	KEEPER	769	-1	-1	-1271446103410	white	../fonts/Verdana.ttf	upper
1271446107481	1	FR_PRES	13	CORN	381	-1	-1	-1271446107481	white	../fonts/Verdana.ttf	upper
1271446111576	1	FR_PRES	13	CHICK	296	-1	-1	-1271446111576	white	../fonts/Verdana.ttf	upper
1271446115629	1	FR_PRES	13	TUTU	1524	-1	-1	-1271446115629	white	../fonts/Verdana.ttf	upper
1271446119533	1	FR_PRES	13	VEAL	1551	-1	-1	-1271446119533	white	../fonts/Verdana.ttf	upper
1271446123628	1	FR_PRES	13	BINDER	127	-1	-1	-1271446123628	white	../fonts/Verdana.ttf	upper
1271446127590	1	FR_PRES	13	PEN	1041	-1	-1	-1271446127590	white	../fonts/Verdana.ttf	upper
1271446131761	1	FR_PRES	13	CHICKEN	297	-1	-1	-1271446131761	white	../fonts/Verdana.ttf	upper
1271446135947	1	FR_PRES	13	APRON	35	-1	-1	-1271446135947	white	../fonts/Verdana.ttf	upper
1271446139876	1	FR_PRES	13	OINTMENT	974	-1	-1	-1271446139876	white	../fonts/Verdana.ttf	upper
1271446143871	1	FR_PRES	13	PILL	1068	-1	-1	-1271446143871	white	../fonts/Verdana.ttf	upper
1271446148066	1	FR_PRES	13	WRITER	1627	-1	-1	-1271446148066	white	../fonts/Verdana.ttf	upper
1271446152037	1	FR_PRES	13	FELLOW	558	-1	-1	-1271446152037	white	../fonts/Verdana.ttf	upper
1271446158115	1	REC_START
1271446237004	0	REST
1271446238511	1	FR_PRES	14	OATS	968	-1	-1	-1271446238511	white	../fonts/Verdana.ttf	upper
1271446242689	1	FR_PRES	14	BEARD	107	-1	-1	-1271446242689	white	../fonts/Verdana.ttf	upper
1271446246568	1	FR_PRES	14	ANIMAL	23	-1	-1	-1271446246568	white	../fonts/Verdana.ttf	upper
1271446250555	1	FR_PRES	14	PAW	1029	-1	-1	-1271446250555	white	../fonts/Verdana.ttf	upper
1271446254650	1	FR_PRES	14	SHEEP	1278	-1	-1	-1271446254650	white	../fonts/Verdana.ttf	upper
1271446258787	1	FR_PRES	14	POT	1114	-1	-1	-1271446258787	white	../fonts/Verdana.ttf	upper
1271446262791	1	FR_PRES	14	COB	334	-1	-1	-1271446262791	white	../fonts/Verdana.ttf	upper
1271446266636	1	FR_PRES	14	LAMB	797	-1	-1	-1271446266636	white	../fonts/Verdana.ttf	upper
1271446270632	1	FR_PRES	14	BALLOT	76	-1	-1	-1271446270632	white	../fonts/Verdana.ttf	upper
1271446274527	1	FR_PRES	14	POPE	1105	-1	-1	-1271446274527	white	../fonts/Verdana.ttf	upper
1271446278539	1	FR_PRES	14	MONSTER	912	-1	-1	-1271446278539	white	../fonts/Verdana.ttf	upper
1271446282401	1	FR_PRES	14	TOASTER	1472	-1	-1	-1271446282401	white	../fonts/Verdana.ttf	upper
1271446286255	1	FR_PRES	14	MOSS	918	-1	-1	-1271446286255	white	../fonts/Verdana.ttf	upper
1271446290259	1	FR_PRES	14	LEAF	808	-1	-1	-1271446290259	white	../fonts/Verdana.ttf	upper
1271446294254	1	FR_PRES	14	TRAY	1498	-1	-1	-1271446294254	white	../fonts/Verdana.ttf	upper
1271446298191	1	FR_PRES	14	OVEN	991	-1	-1	-1271446298191	white	../fonts/Verdana.ttf	upper
1271446303903	1	REC_START
1271446380911	0	REST
1271446382418	1	FR_PRES	15	PLASTER	1085	1	0	912	(0.57740000000000002, 0.41289999999999999, 1.0)	../fonts/amplitud.ttf	upper
1271446386405	1	FR_PRES	15	CATTLE	261	1	1	1101	(0.57740000000000002, 0.41289999999999999, 1.0)	../fonts/amplitud.ttf	upper
1271446390300	1	FR_PRES	15	WAGON	1578	1	0	1110	(0.57740000000000002, 0.41289999999999999, 1.0)	../fonts/amplitud.ttf	upper
1271446394412	1	FR_PRES	15	BRANDY	169	1	0	1126	(0.57740000000000002, 0.41289999999999999, 1.0)	../fonts/amplitud.ttf	upper
1271446398241	1	FR_PRES	15	BEEF	113	1	0	1001	(0.57740000000000002, 0.41289999999999999, 1.0)	../fonts/amplitud.ttf	upper
1271446402253	1	FR_PRES	15	ATTORNEY	58	1	1	1205	(0.57740000000000002, 0.41289999999999999, 1.0)	../fonts/amplitud.ttf	upper
1271446406165	1	FR_PRES	15	FORT	595	1	0	2789	(0.57740000000000002, 0.41289999999999999, 1.0)	../fonts/amplitud.ttf	upper
1271446410268	1	FR_PRES	15	PEPPER	1047	1	0	717	(0.57740000000000002, 0.41289999999999999, 1.0)	../fonts/amplitud.ttf	upper
1271446414280	1	FR_PRES	15	JUDGE	761	1	1	1762	(0.57740000000000002, 0.41289999999999999, 1.0)	../fonts/amplitud.ttf	upper
1271446418484	1	FR_PRES	15	DOORBELL	487	1	0	1477	(0.57740000000000002, 0.41289999999999999, 1.0)	../fonts/amplitud.ttf	upper
1271446422388	1	FR_PRES	15	GEM	629	1	0	1510	(0.57740000000000002, 0.41289999999999999, 1.0)	../fonts/amplitud.ttf	upper
1271446426333	1	FR_PRES	15	SERVER	1272	1	1	1053	(0.57740000000000002, 0.41289999999999999, 1.0)	../fonts/amplitud.ttf	upper
1271446430270	1	FR_PRES	15	MAID	856	1	1	796	(0.57740000000000002, 0.41289999999999999, 1.0)	../fonts/amplitud.ttf	upper
1271446434132	1	FR_PRES	15	DISH	474	1	0	1078	(0.57740000000000002, 0.41289999999999999, 1.0)	../fonts/amplitud.ttf	upper
1271446438286	1	FR_PRES	15	SANDWICH	1232	1	0	948	(0.57740000000000002, 0.41289999999999999, 1.0)	../fonts/amplitud.ttf	upper
1271446442456	1	FR_PRES	15	TECHNICIAN	1443	1	1	1642	(0.57740000000000002, 0.41289999999999999, 1.0)	../fonts/amplitud.ttf	upper
1271446448150	1	REC_START
1271446464299	0	REJECT
1271446540059	0	RECOG_START
1271446540060	1	REC_START
1271446540092	0	RECOG_PRES	0	BINDER	127	-999	P	1893
1271446542347	0	RECOG_CR_PRES	0	BINDER	127	-999	P	383
1271446543213	1	RECOG_FEEDBACK	1
1271446544012	0	RECOG_PRES	0	MISTER	901	-999	P	1166
1271446545552	0	RECOG_CR_PRES	0	MISTER	901	-999	P	154
1271446546093	1	RECOG_FEEDBACK	1
1271446546867	0	RECOG_PRES	0	SHOELACE	1289	-999	P	1399
1271446548640	0	RECOG_CR_PRES	0	SHOELACE	1289	-999	P	178
1271446549206	1	RECOG_FEEDBACK	1
1271446549988	0	RECOG_PRES	0	ERASER	538	-999	P	951
1271446551312	0	RECOG_CR_PRES	0	ERASER	538	-999	P	178
1271446551845	1	RECOG_FEEDBACK	1
1271446552610	0	RECOG_PRES	0	ROACH	1195	-999	P	842
1271446553851	0	RECOG_CR_PRES	0	ROACH	1195	-999	P	79
1271446554292	1	RECOG_FEEDBACK	1
1271446555099	0	RECOG_PRES	0	CRIB	407	-999	P	1031
1271446556506	0	RECOG_CR_PRES	0	CRIB	407	-999	P	120
1271446556979	1	RECOG_FEEDBACK	1
1271446557779	0	RECOG_PRES	0	POET	1095	-999	P	999
1271446559153	0	RECOG_CR_PRES	0	POET	1095	-999	P	89
1271446559594	1	RECOG_FEEDBACK	1
1271446560318	0	RECOG_PRES	0	BEAN	105	-999	P	883
1271446561600	0	RECOG_CR_PRES	0	BEAN	105	-999	P	50
1271446562008	1	RECOG_FEEDBACK	1
1271446562740	0	RECOG_PRES	0	PASTRY	1022	-999	P	1591
1271446564705	0	RECOG_CR_PRES	0	PASTRY	1022	-999	P	121
1271446565229	1	RECOG_FEEDBACK	1
1271446566028	0	RECOG_PRES	0	TUTU	1524	-999	P	808
1271446567235	0	RECOG_CR_PRES	0	TUTU	1524	-999	P	87
1271446567676	1	RECOG_FEEDBACK	1
1271446568484	0	RECOG_PRES	0	CEMETERY	269	-999	P	1303
1271446570157	0	RECOG_CR_PRES	0	CEMETERY	269	-999	P	221
1271446570781	1	RECOG_FEEDBACK	0
1271446571505	0	RECOG_PRES	0	KEEPER	769	-999	P	1026
1271446572903	0	RECOG_CR_PRES	0	KEEPER	769	-999	P	115
1271446573361	1	RECOG_FEEDBACK	1
1271446574119	0	RECOG_PRES	0	BUILDER	190	-999	P	1236
1271446575725	0	RECOG_CR_PRES	0	BUILDER	190	-999	P	109
1271446576208	1	RECOG_FEEDBACK	1
1271446576981	0	RECOG_PRES	0	PUDDING	1139	-999	P	1230
1271446578580	0	RECOG_CR_PRES	0	PUDDING	1139	-999	P	46
1271446579005	1	RECOG_FEEDBACK	1
1271446579812	0	RECOG_PRES	0	MOTOR	922	-999	P	1038
1271446581219	0	RECOG_CR_PRES	0	MOTOR	922	-999	P	143
1271446581726	1	RECOG_FEEDBACK	1
1271446582509	0	RECOG_PRES	0	CABIN	211	-999	P	1254
1271446584132	0	RECOG_CR_PRES	0	CABIN	211	-999	P	118
1271446584615	1	RECOG_FEEDBACK	1
1271446585364	0	RECOG_PRES	0	ARTERY	41	-999	P	1414
1271446587153	0	RECOG_CR_PRES	0	ARTERY	41	-999	P	105
1271446587619	1	RECOG_FEEDBACK	1
1271446588394	0	RECOG_PRES	0	ALMOND	18	-999	P	992
1271446589759	0	RECOG_CR_PRES	0	ALMOND	18	-999	P	91
1271446590208	1	RECOG_FEEDBACK	1
1271446590998	0	RECOG_PRES	0	CHERRY	293	-999	P	1508
1271446592880	0	RECOG_CR_PRES	0	CHERRY	293	-999	P	105
1271446593346	1	RECOG_FEEDBACK	0
1271446594087	0	RECOG_PRES	0	TOY	1492	-999	P	988
1271446595444	0	RECOG_CR_PRES	0	TOY	1492	-999	P	86
1271446595877	1	RECOG_FEEDBACK	1
1271446597450	0	REST
1271446598627	1	REC_START
1271446598657	0	RECOG_PRES	1	BRUNETTE	181	-999	P	1002
1271446600030	0	RECOG_CR_PRES	1	BRUNETTE	181	-999	P	108
1271446600488	1	RECOG_FEEDBACK	1
1271446601287	0	RECOG_PRES	1	WHISTLE	1606	-999	P	1267
1271446602927	0	RECOG_CR_PRES	1	WHISTLE	1606	-999	P	58
1271446603359	1	RECOG_FEEDBACK	1
1271446604150	0	RECOG_PRES	1	ARTICLE	42	-999	P	1141
1271446605665	0	RECOG_CR_PRES	1	ARTICLE	42	-999	P	73
1271446606106	1	RECOG_FEEDBACK	1
1271446606905	0	RECOG_PRES	1	BACKBONE	66	-999	P	1282
1271446608562	0	RECOG_CR_PRES	1	BACKBONE	66	-999	P	112
1271446609036	1	RECOG_FEEDBACK	1
1271446609827	0	RECOG_PRES	1	TRAY	1498	-999	P	1071
1271446611267	0	RECOG_CR_PRES	1	TRAY	1498	-999	P	111
1271446611733	1	RECOG_FEEDBACK	0
1271446612524	0	RECOG_PRES	1	SHACK	1273	-999	P	1014
1271446613914	0	RECOG_CR_PRES	1	SHACK	1273	-999	P	104
1271446614372	1	RECOG_FEEDBACK	1
1271446615112	0	RECOG_PRES	1	ATLAS	53	-999	P	1058
1271446616544	0	RECOG_CR_PRES	1	ATLAS	53	-999	P	58
1271446616944	1	RECOG_FEEDBACK	1
1271446617684	0	RECOG_PRES	1	ESCALATOR	539	-999	P	1047
1271446619099	0	RECOG_CR_PRES	1	ESCALATOR	539	-999	P	71
1271446619482	1	RECOG_FEEDBACK	-1
1271446620256	0	RECOG_PRES	1	BASKET	95	-999	P	1042
1271446621671	0	RECOG_CR_PRES	1	BASKET	95	-999	P	99
1271446622121	1	RECOG_FEEDBACK	1
1271446622878	0	RECOG_PRES	1	PRISONER	1128	-999	P	1276
1271446624526	0	RECOG_CR_PRES	1	PRISONER	1128	-999	P	68
1271446624975	1	RECOG_FEEDBACK	1
1271446625775	0	RECOG_PRES	1	SIDING	1304	-999	P	916
1271446627065	0	RECOG_CR_PRES	1	SIDING	1304	-999	P	97
1271446627498	1	RECOG_FEEDBACK	1
1271446628222	0	RECOG_PRES	1	WARDROBE	1587	-999	P	1029
1271446629620	0	RECOG_CR_PRES	1	WARDROBE	1587	-999	P	102
1271446630078	1	RECOG_FEEDBACK	1
1271446630877	0	RECOG_PRES	1	JUNGLE	764	-999	P	862
1271446632109	0	RECOG_CR_PRES	1	JUNGLE	764	-999	P	93
1271446632550	1	RECOG_FEEDBACK	1
1271446633308	0	RECOG_PRES	1	PRINTER	1126	-999	P	1159
1271446634839	0	RECOG_CR_PRES	1	PRINTER	1126	-999	P	83
1271446635297	1	RECOG_FEEDBACK	1
1271446636088	0	RECOG_PRES	1	WASHER	1592	-999	P	4178
1271446640641	0	RECOG_CR_PRES	1	WASHER	1592	-999	P	129
1271446641240	1	RECOG_FEEDBACK	1
1271446642023	0	RECOG_PRES	1	GEM	629	-999	P	892
1271446643288	0	RECOG_CR_PRES	1	GEM	629	-999	P	82
1271446643712	1	RECOG_FEEDBACK	1
1271446644478	0	RECOG_PRES	1	MAT	877	-999	P	1085
1271446645935	0	RECOG_CR_PRES	1	MAT	877	-999	P	539
1271446646850	1	RECOG_FEEDBACK	1
1271446647633	0	RECOG_PRES	1	GIFT	635	-999	P	938
1271446648940	0	RECOG_CR_PRES	1	GIFT	635	-999	P	102
1271446649389	1	RECOG_FEEDBACK	1
1271446650105	0	RECOG_PRES	1	LOBBY	836	-999	P	1018
1271446651495	0	RECOG_CR_PRES	1	LOBBY	836	-999	P	67
1271446651919	1	RECOG_FEEDBACK	1
1271446652635	0	RECOG_PRES	1	CHIMPANZEE	302	-999	P	1160
1271446654167	0	RECOG_CR_PRES	1	CHIMPANZEE	302	-999	P	115
1271446654666	1	RECOG_FEEDBACK	0
1271446661683	0	REST
1271446662794	1	REC_START
1271446662823	0	RECOG_PRES	2	QUAIL	1147	-999	P	964
1271446664155	0	RECOG_CR_PRES	2	QUAIL	1147	-999	P	55
1271446664571	1	RECOG_FEEDBACK	1
1271446665379	0	RECOG_PRES	2	CARRIAGE	248	-999	P	1168
1271446666919	0	RECOG_CR_PRES	2	CARRIAGE	248	-999	P	42
1271446667335	1	RECOG_FEEDBACK	1
1271446668076	0	RECOG_PRES	2	PALACE	1006	-999	P	867
1271446669341	0	RECOG_CR_PRES	2	PALACE	1006	-999	P	53
1271446669740	1	RECOG_FEEDBACK	1
1271446670523	0	RECOG_PRES	2	SENATOR	1268	-999	P	1000
1271446671896	0	RECOG_CR_PRES	2	SENATOR	1268	-999	P	81
1271446672337	1	RECOG_FEEDBACK	0
1271446673145	0	RECOG_PRES	2	FIREMAN	569	-999	P	1114
1271446674635	0	RECOG_CR_PRES	2	FIREMAN	569	-999	P	143
1271446675159	1	RECOG_FEEDBACK	1
1271446675965	0	RECOG_PRES	2	SOCKET	1340	-999	P	958
1271446677298	0	RECOG_CR_PRES	2	SOCKET	1340	-999	P	168
1271446677773	1	RECOG_FEEDBACK	-1
1271446678488	0	RECOG_PRES	2	PILOT	1070	-999	P	955
1271446679812	0	RECOG_CR_PRES	2	PILOT	1070	-999	P	62
1271446680220	1	RECOG_FEEDBACK	1
1271446680976	0	RECOG_PRES	2	WIRE	1616	-999	P	1115
1271446682459	0	RECOG_CR_PRES	2	WIRE	1616	-999	P	103
1271446682933	1	RECOG_FEEDBACK	1
1271446683716	0	RECOG_PRES	2	SEED	1266	-999	P	2743
1271446686829	0	RECOG_CR_PRES	2	SEED	1266	-999	P	101
1271446687353	1	RECOG_FEEDBACK	1
1271446688119	0	RECOG_PRES	2	COLUMN	350	-999	P	1884
1271446690374	0	RECOG_CR_PRES	2	COLUMN	350	-999	P	76
1271446690849	1	RECOG_FEEDBACK	1
1271446691648	0	RECOG_PRES	2	SODA	1341	-999	P	891
1271446692913	0	RECOG_CR_PRES	2	SODA	1341	-999	P	25
1271446693296	1	RECOG_FEEDBACK	1
1271446694087	0	RECOG_PRES	2	RADISH	1158	-999	P	868
1271446695319	0	RECOG_CR_PRES	2	RADISH	1158	-999	P	83
1271446695760	1	RECOG_FEEDBACK	1
1271446696567	0	RECOG_PRES	2	BALLOT	76	-999	P	948
1271446697882	0	RECOG_CR_PRES	2	BALLOT	76	-999	P	48
1271446698290	1	RECOG_FEEDBACK	1
1271446699048	0	RECOG_PRES	2	TUSK	1523	-999	P	930
1271446700354	0	RECOG_CR_PRES	2	TUSK	1523	-999	P	448
1271446701145	1	RECOG_FEEDBACK	1
1271446701886	0	RECOG_PRES	2	CUCUMBER	421	-999	P	1076
1271446703326	0	RECOG_CR_PRES	2	CUCUMBER	421	-999	P	116
1271446703817	1	RECOG_FEEDBACK	0
1271446704616	0	RECOG_PRES	2	CANE	231	-999	P	1354
1271446706331	0	RECOG_CR_PRES	2	CANE	231	-999	P	127
1271446706847	1	RECOG_FEEDBACK	0
1271446707604	0	RECOG_PRES	2	SKETCH	1315	-999	P	951
1271446708928	0	RECOG_CR_PRES	2	SKETCH	1315	-999	P	74
1271446709344	1	RECOG_FEEDBACK	0
1271446710126	0	RECOG_PRES	2	NURSE	963	-999	P	893
1271446711392	0	RECOG_CR_PRES	2	NURSE	963	-999	P	114
1271446711841	1	RECOG_FEEDBACK	1
1271446712632	0	RECOG_PRES	2	NOMAD	955	-999	P	859
1271446713864	0	RECOG_CR_PRES	2	NOMAD	955	-999	P	75
1271446714288	1	RECOG_FEEDBACK	1
1271446715087	0	RECOG_PRES	2	CEILING	265	-999	P	1588
1271446717043	0	RECOG_CR_PRES	2	CEILING	265	-999	P	111
1271446717526	1	RECOG_FEEDBACK	1
1271446726158	0	REST
1271446727187	1	REC_START
1271446727215	0	RECOG_PRES	3	PRINCESS	1125	-999	P	971
1271446728588	0	RECOG_CR_PRES	3	PRINCESS	1125	-999	P	30
1271446728962	1	RECOG_FEEDBACK	1
1271446729703	0	RECOG_PRES	3	BRANDY	169	-999	P	779
1271446730852	0	RECOG_CR_PRES	3	BRANDY	169	-999	P	86
1271446731268	1	RECOG_FEEDBACK	1
1271446732017	0	RECOG_PRES	3	BOAT	144	-999	P	858
1271446733274	0	RECOG_CR_PRES	3	BOAT	144	-999	P	64
1271446733674	1	RECOG_FEEDBACK	1
1271446734440	0	RECOG_PRES	3	STAPLE	1371	-999	P	835
1271446735646	0	RECOG_CR_PRES	3	STAPLE	1371	-999	P	60
1271446736046	1	RECOG_FEEDBACK	1
1271446736762	0	RECOG_PRES	3	PILL	1068	-999	P	776
1271446737911	0	RECOG_CR_PRES	3	PILL	1068	-999	P	74
1271446738318	1	RECOG_FEEDBACK	1
1271446739109	0	RECOG_PRES	3	COURT	391	-999	P	1398
1271446740882	0	RECOG_CR_PRES	3	COURT	391	-999	P	120
1271446741390	1	RECOG_FEEDBACK	0
1271446742122	0	RECOG_PRES	3	COBBLER	335	-999	P	937
1271446743429	0	RECOG_CR_PRES	3	COBBLER	335	-999	P	85
1271446743854	1	RECOG_FEEDBACK	1
1271446744653	0	RECOG_PRES	3	SNAIL	1332	-999	P	1061
1271446746084	0	RECOG_CR_PRES	3	SNAIL	1332	-999	P	102
1271446746550	1	RECOG_FEEDBACK	1
1271446747325	0	RECOG_PRES	3	PUPIL	1143	-999	P	1374
1271446749073	0	RECOG_CR_PRES	3	PUPIL	1143	-999	P	105
1271446749547	1	RECOG_FEEDBACK	1
1271446750329	0	RECOG_PRES	3	CANDLE	229	-999	P	2825
1271446753551	0	RECOG_CR_PRES	3	CANDLE	229	-999	P	43
1271446753982	1	RECOG_FEEDBACK	1
1271446754699	0	RECOG_PRES	3	ROUGE	1213	-999	P	832
1271446755906	0	RECOG_CR_PRES	3	ROUGE	1213	-999	P	63
1271446756314	1	RECOG_FEEDBACK	1
1271446757038	0	RECOG_PRES	3	CHAUFFEUR	283	-999	P	917
1271446758320	0	RECOG_CR_PRES	3	CHAUFFEUR	283	-999	P	26
1271446758695	1	RECOG_FEEDBACK	1
1271446759419	0	RECOG_PRES	3	STRING	1394	-999	P	808
1271446760601	0	RECOG_CR_PRES	3	STRING	1394	-999	P	9
1271446760950	1	RECOG_FEEDBACK	1
1271446761699	0	RECOG_PRES	3	SUITCASE	1403	-999	P	1088
1271446763156	0	RECOG_CR_PRES	3	SUITCASE	1403	-999	P	110
1271446763639	1	RECOG_FEEDBACK	1
1271446764346	0	RECOG_PRES	3	HORNET	718	-999	P	1881
1271446766602	0	RECOG_CR_PRES	3	HORNET	718	-999	P	104
1271446767101	1	RECOG_FEEDBACK	0
1271446767900	0	RECOG_PRES	3	SICKLE	1302	-999	P	2311
1271446770581	0	RECOG_CR_PRES	3	SICKLE	1302	-999	P	101
1271446771088	1	RECOG_FEEDBACK	1
1271446771821	0	RECOG_PRES	3	ASHTRAY	45	-999	P	838
1271446773028	0	RECOG_CR_PRES	3	ASHTRAY	45	-999	P	86
1271446773461	1	RECOG_FEEDBACK	1
1271446774251	0	RECOG_PRES	3	OINTMENT	974	-999	P	1711
1271446776324	0	RECOG_CR_PRES	3	OINTMENT	974	-999	P	142
1271446776865	1	RECOG_FEEDBACK	0
1271446777606	0	RECOG_PRES	3	TWIG	1527	-999	P	1165
1271446779146	0	RECOG_CR_PRES	3	TWIG	1527	-999	P	72
1271446779562	1	RECOG_FEEDBACK	1
1271446780303	0	RECOG_PRES	3	JUDGE	761	-999	P	1100
1271446781776	0	RECOG_CR_PRES	3	JUDGE	761	-999	P	98
1271446782234	1	RECOG_FEEDBACK	1
1271446783840	0	REST
1271446784999	1	REC_START
1271446785030	0	RECOG_PRES	4	BRIDE	173	-999	P	2205
1271446787603	0	RECOG_CR_PRES	4	BRIDE	173	-999	P	111
1271446788144	1	RECOG_FEEDBACK	1
1271446788909	0	RECOG_PRES	4	GRAPE	654	-999	P	886
1271446790166	0	RECOG_CR_PRES	4	GRAPE	654	-999	P	100
1271446790566	1	RECOG_FEEDBACK	-1
1271446791323	0	RECOG_PRES	4	DOOR	486	-999	P	784
1271446792480	0	RECOG_CR_PRES	4	DOOR	486	-999	P	114
1271446792888	1	RECOG_FEEDBACK	-1
1271446793654	0	RECOG_PRES	4	PILLOW	1069	-999	P	829
1271446794852	0	RECOG_CR_PRES	4	PILLOW	1069	-999	P	141
1271446795335	1	RECOG_FEEDBACK	1
1271446796059	0	RECOG_PRES	4	GAUZE	626	-999	P	952
1271446797383	0	RECOG_CR_PRES	4	GAUZE	626	-999	P	67
1271446797807	1	RECOG_FEEDBACK	1
1271446798606	0	RECOG_PRES	4	BALLERINA	74	-999	P	885
1271446799863	0	RECOG_CR_PRES	4	BALLERINA	74	-999	P	83
1271446800304	1	RECOG_FEEDBACK	1
1271446801053	0	RECOG_PRES	4	THIGH	1457	-999	P	846
1271446802269	0	RECOG_CR_PRES	4	THIGH	1457	-999	P	109
1271446802718	1	RECOG_FEEDBACK	1
1271446803467	0	RECOG_PRES	4	VINE	1568	-999	P	1104
1271446804941	0	RECOG_CR_PRES	4	VINE	1568	-999	P	69
1271446805382	1	RECOG_FEEDBACK	1
1271446806172	0	RECOG_PRES	4	ASSOCIATE	49	-999	P	1063
1271446807604	0	RECOG_CR_PRES	4	ASSOCIATE	49	-999	P	70
1271446808029	1	RECOG_FEEDBACK	1
1271446808811	0	RECOG_PRES	4	TOENAIL	1474	-999	P	1008
1271446810193	0	RECOG_CR_PRES	4	TOENAIL	1474	-999	P	65
1271446810617	1	RECOG_FEEDBACK	1
1271446811333	0	RECOG_PRES	4	ELEPHANT	523	-999	P	878
1271446812582	0	RECOG_CR_PRES	4	ELEPHANT	523	-999	P	108
1271446813031	1	RECOG_FEEDBACK	1
1271446813797	0	RECOG_PRES	4	GARAGE	621	-999	P	918
1271446815087	0	RECOG_CR_PRES	4	GARAGE	621	-999	P	99
1271446815528	1	RECOG_FEEDBACK	0
1271446816302	0	RECOG_PRES	4	CORN	381	-999	P	981
1271446817651	0	RECOG_CR_PRES	4	CORN	381	-999	P	111
1271446818125	1	RECOG_FEEDBACK	0
1271446818891	0	RECOG_PRES	4	EDITOR	516	-999	P	1087
1271446820348	0	RECOG_CR_PRES	4	EDITOR	516	-999	P	118
1271446820822	1	RECOG_FEEDBACK	1
1271446821629	0	RECOG_PRES	4	TRIGGER	1507	-999	P	950
1271446822953	0	RECOG_CR_PRES	4	TRIGGER	1507	-999	P	129
1271446823436	1	RECOG_FEEDBACK	1
1271446824185	0	RECOG_PRES	4	ZEBRA	1635	-999	P	978
1271446825533	0	RECOG_CR_PRES	4	ZEBRA	1635	-999	P	125
1271446826033	1	RECOG_FEEDBACK	1
1271446826765	0	RECOG_PRES	4	BURGLAR	200	-999	P	846
1271446827979	0	RECOG_CR_PRES	4	BURGLAR	200	-999	P	159
1271446828480	1	RECOG_FEEDBACK	1
1271446829212	0	RECOG_PRES	4	TURNIP	1521	-999	P	1031
1271446830611	0	RECOG_CR_PRES	4	TURNIP	1521	-999	P	127
1271446831093	1	RECOG_FEEDBACK	1
1271446831826	0	RECOG_PRES	4	PANTS	1010	-999	P	1481
1271446833682	0	RECOG_CR_PRES	4	PANTS	1010	-999	P	168
1271446834265	1	RECOG_FEEDBACK	0
1271446834996	0	RECOG_PRES	4	KITTEN	780	-999	P	1471
1271446836837	0	RECOG_CR_PRES	4	KITTEN	780	-999	P	77
1271446837303	1	RECOG_FEEDBACK	1
1271446845077	0	REST
1271446846051	1	REC_START
1271446846084	0	RECOG_PRES	5	GRASSHOPPER	656	-999	P	886
1271446847333	0	RECOG_CR_PRES	5	GRASSHOPPER	656	-999	P	165
1271446847857	1	RECOG_FEEDBACK	1
1271446848606	0	RECOG_PRES	5	TOASTER	1472	-999	P	796
1271446849772	0	RECOG_CR_PRES	5	TOASTER	1472	-999	P	158
1271446850362	1	RECOG_FEEDBACK	-1
1271446851153	0	RECOG_PRES	5	APRON	35	-999	P	850
1271446852377	0	RECOG_CR_PRES	5	APRON	35	-999	P	113
1271446852843	1	RECOG_FEEDBACK	1
1271446853609	0	RECOG_PRES	5	AIRCRAFT	11	-999	P	882
1271446854866	0	RECOG_CR_PRES	5	AIRCRAFT	11	-999	P	56
1271446855290	1	RECOG_FEEDBACK	1
1271446856106	0	RECOG_PRES	5	SURVEY	1414	-999	P	977
1271446857454	0	RECOG_CR_PRES	5	SURVEY	1414	-999	P	116
1271446857937	1	RECOG_FEEDBACK	1
1271446858744	0	RECOG_PRES	5	SLUG	1329	-999	P	907
1271446860026	0	RECOG_CR_PRES	5	SLUG	1329	-999	P	80
1271446860476	1	RECOG_FEEDBACK	1
1271446861200	0	RECOG_PRES	5	GLACIER	638	-999	P	1059
1271446862632	0	RECOG_CR_PRES	5	GLACIER	638	-999	P	66
1271446863064	1	RECOG_FEEDBACK	1
1271446863830	0	RECOG_PRES	5	CLOSET	326	-999	P	1117
1271446865312	0	RECOG_CR_PRES	5	CLOSET	326	-999	P	114
1271446865778	1	RECOG_FEEDBACK	0
1271446866544	0	RECOG_PRES	5	SANDWICH	1232	-999	P	755
1271446867667	0	RECOG_CR_PRES	5	SANDWICH	1232	-999	P	127
1271446868142	1	RECOG_FEEDBACK	1
1271446868899	0	RECOG_PRES	5	POWDER	1117	-999	P	808
1271446870081	0	RECOG_CR_PRES	5	POWDER	1117	-999	P	89
1271446870522	1	RECOG_FEEDBACK	1
1271446871313	0	RECOG_PRES	5	BRUSH	182	-999	P	962
1271446872645	0	RECOG_CR_PRES	5	BRUSH	182	-999	P	117
1271446873119	1	RECOG_FEEDBACK	1
1271446873902	0	RECOG_PRES	5	TAR	1435	-999	P	749
1271446875025	0	RECOG_CR_PRES	5	TAR	1435	-999	P	137
1271446875500	1	RECOG_FEEDBACK	1
1271446876249	0	RECOG_PRES	5	TYPIST	1532	-999	P	914
1271446877531	0	RECOG_CR_PRES	5	TYPIST	1532	-999	P	79
1271446877963	1	RECOG_FEEDBACK	1
1271446878679	0	RECOG_PRES	5	SALMON	1227	-999	P	884
1271446879936	0	RECOG_CR_PRES	5	SALMON	1227	-999	P	178
1271446880444	1	RECOG_FEEDBACK	1
1271446881210	0	RECOG_PRES	5	MEDAL	885	-999	P	985
1271446882567	0	RECOG_CR_PRES	5	MEDAL	885	-999	P	155
1271446883074	1	RECOG_FEEDBACK	1
1271446883873	0	RECOG_PRES	5	NIECE	952	-999	P	1466
1271446885713	0	RECOG_CR_PRES	5	NIECE	952	-999	P	105
1271446886204	1	RECOG_FEEDBACK	1
1271446886985	0	RECOG_PRES	5	VEST	1559	-999	P	1001
1271446888360	0	RECOG_CR_PRES	5	VEST	1559	-999	P	146
1271446888868	1	RECOG_FEEDBACK	1
1271446889633	0	RECOG_PRES	5	POPE	1105	-999	P	794
1271446890799	0	RECOG_CR_PRES	5	POPE	1105	-999	P	162
1271446891306	1	RECOG_FEEDBACK	1
1271446892031	0	RECOG_PRES	5	TART	1436	-999	P	1028
1271446893429	0	RECOG_CR_PRES	5	TART	1436	-999	P	117
1271446893920	1	RECOG_FEEDBACK	1
1271446894686	0	RECOG_PRES	5	REBEL	1172	-999	P	909
1271446895967	0	RECOG_CR_PRES	5	REBEL	1172	-999	P	131
1271446896459	1	RECOG_FEEDBACK	1
1271446897815	0	REST
1271446898963	1	REC_START
1271446898988	0	RECOG_PRES	6	CAFE	216	-999	P	959
1271446900312	0	RECOG_CR_PRES	6	CAFE	216	-999	P	138
1271446900795	1	RECOG_FEEDBACK	1
1271446901569	0	RECOG_PRES	6	ICING	732	-999	P	826
1271446902768	0	RECOG_CR_PRES	6	ICING	732	-999	P	154
1271446903276	1	RECOG_FEEDBACK	1
1271446904083	0	RECOG_PRES	6	KEG	770	-999	P	936
1271446905390	0	RECOG_CR_PRES	6	KEG	770	-999	P	100
1271446905848	1	RECOG_FEEDBACK	1
1271446906588	0	RECOG_PRES	6	COWARD	394	-999	P	1271
1271446908228	0	RECOG_CR_PRES	6	COWARD	394	-999	P	142
1271446908744	1	RECOG_FEEDBACK	1
1271446909527	0	RECOG_PRES	6	CARPET	247	-999	P	1124
1271446911025	0	RECOG_CR_PRES	6	CARPET	247	-999	P	81
1271446911474	1	RECOG_FEEDBACK	1
1271446912190	0	RECOG_PRES	6	PUMPKIN	1142	-999	P	869
1271446913430	0	RECOG_CR_PRES	6	PUMPKIN	1142	-999	P	116
1271446913855	1	RECOG_FEEDBACK	-1
1271446914571	0	RECOG_PRES	6	FOSSIL	596	-999	P	872
1271446915811	0	RECOG_CR_PRES	6	FOSSIL	596	-999	P	199
1271446916352	1	RECOG_FEEDBACK	1
1271446917134	0	RECOG_PRES	6	VENT	1556	-999	P	1764
1271446919274	0	RECOG_CR_PRES	6	VENT	1556	-999	P	120
1271446919806	1	RECOG_FEEDBACK	0
1271446920539	0	RECOG_PRES	6	OFFICE	972	-999	P	976
1271446921887	0	RECOG_CR_PRES	6	OFFICE	972	-999	P	131
1271446922353	1	RECOG_FEEDBACK	1
1271446923127	0	RECOG_PRES	6	BRIEFCASE	175	-999	P	1468
1271446924966	0	RECOG_CR_PRES	6	BRIEFCASE	175	-999	P	117
1271446925475	1	RECOG_FEEDBACK	1
1271446926191	0	RECOG_PRES	6	EYELASH	546	-999	P	868
1271446927431	0	RECOG_CR_PRES	6	EYELASH	546	-999	P	75
1271446927855	1	RECOG_FEEDBACK	1
1271446928638	0	RECOG_PRES	6	HANDKERCHIEF	686	-999	P	1053
1271446930061	0	RECOG_CR_PRES	6	HANDKERCHIEF	686	-999	P	109
1271446930544	1	RECOG_FEEDBACK	1
1271446931343	0	RECOG_PRES	6	LID	817	-999	P	1268
1271446932982	0	RECOG_CR_PRES	6	LID	817	-999	P	276
1271446933665	1	RECOG_FEEDBACK	0
1271446934389	0	RECOG_PRES	6	XEROX	1628	-999	P	854
1271446935613	0	RECOG_CR_PRES	6	XEROX	1628	-999	P	206
1271446936121	1	RECOG_FEEDBACK	-1
1271446936836	0	RECOG_PRES	6	TUBA	1515	-999	P	791
1271446938002	0	RECOG_CR_PRES	6	TUBA	1515	-999	P	224
1271446938568	1	RECOG_FEEDBACK	1
1271446939292	0	RECOG_PRES	6	LIGHTNING	820	-999	P	919
1271446940582	0	RECOG_CR_PRES	6	LIGHTNING	820	-999	P	124
1271446941073	1	RECOG_FEEDBACK	1
1271446941839	0	RECOG_PRES	6	TROUT	1511	-999	P	940
1271446943154	0	RECOG_CR_PRES	6	TROUT	1511	-999	P	128
1271446943662	1	RECOG_FEEDBACK	0
1271446944436	0	RECOG_PRES	6	VIRUS	1572	-999	P	983
1271446945793	0	RECOG_CR_PRES	6	VIRUS	1572	-999	P	200
1271446946350	1	RECOG_FEEDBACK	1
1271446947066	0	RECOG_PRES	6	CARROT	249	-999	P	1225
1271446948664	0	RECOG_CR_PRES	6	CARROT	249	-999	P	683
1271446949713	1	RECOG_FEEDBACK	0
1271446950446	0	RECOG_PRES	6	PREDATOR	1120	-999	P	1245
1271446952060	0	RECOG_CR_PRES	6	PREDATOR	1120	-999	P	190
1271446952618	1	RECOG_FEEDBACK	1
1271446954066	0	REST
1271446954903	1	REC_START
1271446955007	0	RECOG_PRES	7	CUSTARD	429	-999	P	1140
1271446956522	0	RECOG_CR_PRES	7	CUSTARD	429	-999	P	112
1271446956995	1	RECOG_FEEDBACK	1
1271446957762	0	RECOG_PRES	7	DINNER	468	-999	P	681
1271446958811	0	RECOG_CR_PRES	7	DINNER	468	-999	P	127
1271446959277	1	RECOG_FEEDBACK	0
1271446960051	0	RECOG_PRES	7	COLOGNE	347	-999	P	1064
1271446961483	0	RECOG_CR_PRES	7	COLOGNE	347	-999	P	143
1271446961981	1	RECOG_FEEDBACK	1
1271446962690	0	RECOG_PRES	7	SHEEP	1278	-999	P	5337
1271446968400	0	RECOG_CR_PRES	7	SHEEP	1278	-999	P	106
1271446968973	1	RECOG_FEEDBACK	1
1271446969706	0	RECOG_PRES	7	LASER	801	-999	P	969
1271446971046	0	RECOG_CR_PRES	7	LASER	801	-999	P	124
1271446971538	1	RECOG_FEEDBACK	1
1271446972287	0	RECOG_PRES	7	LOAF	835	-999	P	1236
1271446973893	0	RECOG_CR_PRES	7	LOAF	835	-999	P	92
1271446974351	1	RECOG_FEEDBACK	1
1271446975125	0	RECOG_PRES	7	DIAPER	459	-999	P	1302
1271446976798	0	RECOG_CR_PRES	7	DIAPER	459	-999	P	93
1271446977273	1	RECOG_FEEDBACK	0
1271446978022	0	RECOG_PRES	7	KITCHEN	778	-999	P	805
1271446979195	0	RECOG_CR_PRES	7	KITCHEN	778	-999	P	111
1271446979628	1	RECOG_FEEDBACK	1
1271446980411	0	RECOG_PRES	7	FRIES	607	-999	P	752
1271446981534	0	RECOG_CR_PRES	7	FRIES	607	-999	P	92
1271446981959	1	RECOG_FEEDBACK	0
1271446982716	0	RECOG_PRES	7	HARP	689	-999	P	935
1271446984023	0	RECOG_CR_PRES	7	HARP	689	-999	P	123
1271446984489	1	RECOG_FEEDBACK	1
1271446985238	0	RECOG_PRES	7	DOORBELL	487	-999	P	1045
1271446986653	0	RECOG_CR_PRES	7	DOORBELL	487	-999	P	110
1271446987128	1	RECOG_FEEDBACK	1
1271446987868	0	RECOG_PRES	7	OBOE	969	-999	P	1694
1271446989933	0	RECOG_CR_PRES	7	OBOE	969	-999	P	125
1271446990432	1	RECOG_FEEDBACK	0
1271446991190	0	RECOG_PRES	7	LAGOON	795	-999	P	1429
1271446992987	0	RECOG_CR_PRES	7	LAGOON	795	-999	P	119
1271446993520	1	RECOG_FEEDBACK	0
1271446994294	0	RECOG_PRES	7	CABLE	213	-999	P	973
1271446995634	0	RECOG_CR_PRES	7	CABLE	213	-999	P	128
1271446996109	1	RECOG_FEEDBACK	1
1271446996891	0	RECOG_PRES	7	LAPEL	800	-999	P	1192
1271446998456	0	RECOG_CR_PRES	7	LAPEL	800	-999	P	138
1271446998947	1	RECOG_FEEDBACK	1
1271446999705	0	RECOG_PRES	7	OUTLAW	989	-999	P	1642
1271447001719	0	RECOG_CR_PRES	7	OUTLAW	989	-999	P	299
1271447002376	1	RECOG_FEEDBACK	0
1271447003109	0	RECOG_PRES	7	PICNIC	1060	-999	P	1126
1271447004607	0	RECOG_CR_PRES	7	PICNIC	1060	-999	P	163
1271447005115	1	RECOG_FEEDBACK	1
1271447005897	0	RECOG_PRES	7	FREEWAY	603	-999	P	1858
1271447008128	0	RECOG_CR_PRES	7	FREEWAY	603	-999	P	275
1271447008802	1	RECOG_FEEDBACK	0
1271447009585	0	RECOG_PRES	7	BANKER	84	-999	P	1242
1271447011200	0	RECOG_CR_PRES	7	BANKER	84	-999	P	130
1271447011674	1	RECOG_FEEDBACK	1
1271447012473	0	RECOG_PRES	7	EMPLOYEE	531	-999	P	914
1271447013755	0	RECOG_CR_PRES	7	EMPLOYEE	531	-999	P	152
1271447014254	1	RECOG_FEEDBACK	1
1271447022320	0	REST
1271447023174	1	REC_START
1271447023202	0	RECOG_PRES	8	CLIPPERS	324	-999	P	2121
1271447025691	0	RECOG_CR_PRES	8	CLIPPERS	324	-999	P	231
1271447026307	1	RECOG_FEEDBACK	1
1271447027031	0	RECOG_PRES	8	CIRCUS	311	-999	P	883
1271447028313	0	RECOG_CR_PRES	8	CIRCUS	311	-999	P	81
1271447028746	1	RECOG_FEEDBACK	1
1271447029503	0	RECOG_PRES	8	TOWEL	1489	-999	P	892
1271447030768	0	RECOG_CR_PRES	8	TOWEL	1489	-999	P	66
1271447031185	1	RECOG_FEEDBACK	1
1271447031991	0	RECOG_PRES	8	LILY	821	-999	P	796
1271447033157	0	RECOG_CR_PRES	8	LILY	821	-999	P	85
1271447033582	1	RECOG_FEEDBACK	1
1271447034298	0	RECOG_PRES	8	SENATE	1267	-999	P	1001
1271447035671	0	RECOG_CR_PRES	8	SENATE	1267	-999	P	59
1271447036087	1	RECOG_FEEDBACK	1
1271447036811	0	RECOG_PRES	8	COSTUME	383	-999	P	1048
1271447038235	0	RECOG_CR_PRES	8	COSTUME	383	-999	P	63
1271447038667	1	RECOG_FEEDBACK	1
1271447039466	0	RECOG_PRES	8	EMPIRE	530	-999	P	1033
1271447040873	0	RECOG_CR_PRES	8	EMPIRE	530	-999	P	97
1271447041273	1	RECOG_FEEDBACK	-1
1271447042047	0	RECOG_PRES	8	WALRUS	1585	-999	P	1108
1271447043528	0	RECOG_CR_PRES	8	WALRUS	1585	-999	P	771
1271447044660	1	RECOG_FEEDBACK	1
1271447045435	0	RECOG_PRES	8	BUFFALO	186	-999	P	1488
1271447047291	0	RECOG_CR_PRES	8	BUFFALO	186	-999	P	119
1271447047815	1	RECOG_FEEDBACK	1
1271447048581	0	RECOG_PRES	8	BULLET	194	-999	P	1022
1271447049970	0	RECOG_CR_PRES	8	BULLET	194	-999	P	136
1271447050454	1	RECOG_FEEDBACK	1
1271447051219	0	RECOG_PRES	8	ZUCCHINI	1638	-999	P	1040
1271447052634	0	RECOG_CR_PRES	8	ZUCCHINI	1638	-999	P	128
1271447053117	1	RECOG_FEEDBACK	0
1271447053866	0	RECOG_PRES	8	CHAMBER	277	-999	P	1120
1271447055348	0	RECOG_CR_PRES	8	CHAMBER	277	-999	P	151
1271447055806	1	RECOG_FEEDBACK	-1
1271447056555	0	RECOG_PRES	8	THESAURUS	1454	-999	P	1008
1271447057937	0	RECOG_CR_PRES	8	THESAURUS	1454	-999	P	201
1271447058436	1	RECOG_FEEDBACK	-1
1271447059202	0	RECOG_PRES	8	BUCKET	184	-999	P	1017
1271447060592	0	RECOG_CR_PRES	8	BUCKET	184	-999	P	138
1271447061083	1	RECOG_FEEDBACK	1
1271447061799	0	RECOG_PRES	8	WOUND	1624	-999	P	1636
1271447063805	0	RECOG_CR_PRES	8	WOUND	1624	-999	P	310
1271447064521	1	RECOG_FEEDBACK	0
1271447065253	0	RECOG_PRES	8	SCULPTURE	1258	-999	P	1006
1271447066626	0	RECOG_CR_PRES	8	SCULPTURE	1258	-999	P	344
1271447067267	1	RECOG_FEEDBACK	-1
1271447068075	0	RECOG_PRES	8	THICKET	1455	-999	P	1000
1271447069456	0	RECOG_CR_PRES	8	THICKET	1455	-999	P	283
1271447070039	1	RECOG_FEEDBACK	-1
1271447070763	0	RECOG_PRES	8	GRAVEL	659	-999	P	2480
1271447073618	0	RECOG_CR_PRES	8	GRAVEL	659	-999	P	72
1271447074084	1	RECOG_FEEDBACK	1
1271447074892	0	RECOG_PRES	8	COUSIN	392	-999	P	935
1271447076199	0	RECOG_CR_PRES	8	COUSIN	392	-999	P	195
1271447076740	1	RECOG_FEEDBACK	1
1271447077480	0	RECOG_PRES	8	METEOR	889	-999	P	866
1271447078746	0	RECOG_CR_PRES	8	METEOR	889	-999	P	216
1271447079303	1	RECOG_FEEDBACK	1
1271447080960	0	REST
1271447081910	1	REC_START
1271447081942	0	RECOG_PRES	9	INSECT	740	-999	P	1101
1271447083415	0	RECOG_CR_PRES	9	INSECT	740	-999	P	212
1271447083972	1	RECOG_FEEDBACK	1
1271447084747	0	RECOG_PRES	9	KEY	773	-999	P	1208
1271447086328	0	RECOG_CR_PRES	9	KEY	773	-999	P	179
1271447086886	1	RECOG_FEEDBACK	1
1271447087644	0	RECOG_PRES	9	DENIM	446	-999	P	1439
1271447089458	0	RECOG_CR_PRES	9	DENIM	446	-999	P	225
1271447090082	1	RECOG_FEEDBACK	1
1271447090865	0	RECOG_PRES	9	STREET	1393	-999	P	1442
1271447092679	0	RECOG_CR_PRES	9	STREET	1393	-999	P	187
1271447093254	1	RECOG_FEEDBACK	1
1271447093969	0	RECOG_PRES	9	DUCK	504	-999	P	1306
1271447095642	0	RECOG_CR_PRES	9	DUCK	504	-999	P	169
1271447096192	1	RECOG_FEEDBACK	0
1271447096924	0	RECOG_PRES	9	LACE	792	-999	P	2311
1271447099605	0	RECOG_CR_PRES	9	LACE	792	-999	P	125
1271447100129	1	RECOG_FEEDBACK	0
1271447100878	0	RECOG_PRES	9	FRUIT	610	-999	P	1317
1271447102568	0	RECOG_CR_PRES	9	FRUIT	610	-999	P	98
1271447103034	1	RECOG_FEEDBACK	1
1271447103783	0	RECOG_PRES	9	JOINT	758	-999	P	972
1271447105123	0	RECOG_CR_PRES	9	JOINT	758	-999	P	87
1271447105539	1	RECOG_FEEDBACK	1
1271447106288	0	RECOG_PRES	9	SWAN	1417	-999	P	963
1271447107620	0	RECOG_CR_PRES	9	SWAN	1417	-999	P	79
1271447108053	1	RECOG_FEEDBACK	0
1271447108844	0	RECOG_PRES	9	MOSS	918	-999	P	895
1271447110109	0	RECOG_CR_PRES	9	MOSS	918	-999	P	101
1271447110558	1	RECOG_FEEDBACK	1
1271447111316	0	RECOG_PRES	9	CARNIVAL	245	-999	P	1111
1271447112798	0	RECOG_CR_PRES	9	CARNIVAL	245	-999	P	133
1271447113297	1	RECOG_FEEDBACK	0
1271447114071	0	RECOG_PRES	9	HOSE	720	-999	P	1284
1271447115727	0	RECOG_CR_PRES	9	HOSE	720	-999	P	131
1271447116235	1	RECOG_FEEDBACK	1
1271447116959	0	RECOG_PRES	9	MOB	904	-999	P	1068
1271447118399	0	RECOG_CR_PRES	9	MOB	904	-999	P	132
1271447118882	1	RECOG_FEEDBACK	0
1271447119623	0	RECOG_PRES	9	SUIT	1402	-999	P	1092
1271447121088	0	RECOG_CR_PRES	9	SUIT	1402	-999	P	187
1271447121579	1	RECOG_FEEDBACK	-1
1271447122370	0	RECOG_PRES	9	EDITORIAL	517	-999	P	1329
1271447124068	0	RECOG_CR_PRES	9	EDITORIAL	517	-999	P	127
1271447124567	1	RECOG_FEEDBACK	1
1271447125341	0	RECOG_PRES	9	PORK	1108	-999	P	1054
1271447126764	0	RECOG_CR_PRES	9	PORK	1108	-999	P	143
1271447127272	1	RECOG_FEEDBACK	1
1271447128013	0	RECOG_PRES	9	ULCER	1533	-999	P	902
1271447129287	0	RECOG_CR_PRES	9	ULCER	1533	-999	P	171
1271447129786	1	RECOG_FEEDBACK	1
1271447130577	0	RECOG_PRES	9	INFANT	737	-999	P	1130
1271447132075	0	RECOG_CR_PRES	9	INFANT	737	-999	P	808
1271447133257	1	RECOG_FEEDBACK	1
1271447133980	0	RECOG_PRES	9	STEWARDESS	1381	-999	P	2695
1271447137044	0	RECOG_CR_PRES	9	STEWARDESS	1381	-999	P	1087
1271447138551	1	RECOG_FEEDBACK	0
1271447139283	0	RECOG_PRES	9	ROOST	1208	-999	P	984
1271447140640	0	RECOG_CR_PRES	9	ROOST	1208	-999	P	114
1271447141098	1	RECOG_FEEDBACK	1
1271447146142	0	REST
1271447146980	1	REC_START
1271447147008	0	RECOG_PRES	10	SHOVEL	1295	-999	P	1651
1271447149030	0	RECOG_CR_PRES	10	SHOVEL	1295	-999	P	60
1271447149480	1	RECOG_FEEDBACK	0
1271447150220	0	RECOG_PRES	10	FIG	563	-999	P	774
1271447151369	0	RECOG_CR_PRES	10	FIG	563	-999	P	129
1271447151827	1	RECOG_FEEDBACK	1
1271447152593	0	RECOG_PRES	10	SHED	1277	-999	P	978
1271447153941	0	RECOG_CR_PRES	10	SHED	1277	-999	P	101
1271447154399	1	RECOG_FEEDBACK	0
1271447155140	0	RECOG_PRES	10	PEN	1041	-999	P	903
1271447156413	0	RECOG_CR_PRES	10	PEN	1041	-999	P	174
1271447156929	1	RECOG_FEEDBACK	1
1271447157695	0	RECOG_PRES	10	BUS	201	-999	P	980
1271447159043	0	RECOG_CR_PRES	10	BUS	201	-999	P	151
1271447159551	1	RECOG_FEEDBACK	1
1271447160342	0	RECOG_PRES	10	BARTENDER	92	-999	P	1005
1271447161715	0	RECOG_CR_PRES	10	BARTENDER	92	-999	P	120
1271447162190	1	RECOG_FEEDBACK	0
1271447162922	0	RECOG_PRES	10	BANANA	77	-999	P	2385
1271447165677	0	RECOG_CR_PRES	10	BANANA	77	-999	P	142
1271447166218	1	RECOG_FEEDBACK	1
1271447166966	0	RECOG_PRES	10	MONSTER	912	-999	P	941
1271447168283	0	RECOG_CR_PRES	10	MONSTER	912	-999	P	168
1271447168799	1	RECOG_FEEDBACK	1
1271447169515	0	RECOG_PRES	10	HANDCUFFS	685	-999	P	824
1271447170713	0	RECOG_CR_PRES	10	HANDCUFFS	685	-999	P	106
1271447171163	1	RECOG_FEEDBACK	1
1271447171977	0	RECOG_PRES	10	MAILBOX	857	-999	P	978
1271447173318	0	RECOG_CR_PRES	10	MAILBOX	857	-999	P	93
1271447173785	1	RECOG_FEEDBACK	1
1271447174517	0	RECOG_PRES	10	CANOE	233	-999	P	1014
1271447175899	0	RECOG_CR_PRES	10	CANOE	233	-999	P	79
1271447176340	1	RECOG_FEEDBACK	1
1271447177122	0	RECOG_PRES	10	COMET	353	-999	P	713
1271447178204	0	RECOG_CR_PRES	10	COMET	353	-999	P	87
1271447178637	1	RECOG_FEEDBACK	1
1271447179353	0	RECOG_PRES	10	CIGARETTE	309	-999	P	802
1271447180527	0	RECOG_CR_PRES	10	CIGARETTE	309	-999	P	116
1271447181001	1	RECOG_FEEDBACK	1
1271447181783	0	RECOG_PRES	10	CRAYON	401	-999	P	868
1271447183024	0	RECOG_CR_PRES	10	CRAYON	401	-999	P	147
1271447183531	1	RECOG_FEEDBACK	1
1271447184272	0	RECOG_PRES	10	GUEST	669	-999	P	1491
1271447186137	0	RECOG_CR_PRES	10	GUEST	669	-999	P	146
1271447186678	1	RECOG_FEEDBACK	1
1271447187402	0	RECOG_PRES	10	THRONE	1461	-999	P	1009
1271447188784	0	RECOG_CR_PRES	10	THRONE	1461	-999	P	99
1271447189250	1	RECOG_FEEDBACK	1
1271447190049	0	RECOG_PRES	10	CAT	257	-999	P	1018
1271447191439	0	RECOG_CR_PRES	10	CAT	257	-999	P	163
1271447191962	1	RECOG_FEEDBACK	1
1271447192712	0	RECOG_PRES	10	SCISSORS	1250	-999	P	963
1271447194044	0	RECOG_CR_PRES	10	SCISSORS	1250	-999	P	183
1271447194560	1	RECOG_FEEDBACK	1
1271447195276	0	RECOG_PRES	10	JUVENILE	767	-999	P	999
1271447196650	0	RECOG_CR_PRES	10	JUVENILE	767	-999	P	177
1271447197124	1	RECOG_FEEDBACK	-1
1271447197881	0	RECOG_PRES	10	GUITAR	670	-999	P	1066
1271447199313	0	RECOG_CR_PRES	10	GUITAR	670	-999	P	130
1271447199812	1	RECOG_FEEDBACK	1
1271447201844	0	REST
1271447202683	1	REC_START
1271447202709	0	RECOG_PRES	11	CHEST	295	-999	P	1190
1271447204274	0	RECOG_CR_PRES	11	CHEST	295	-999	P	161
1271447204798	1	RECOG_FEEDBACK	1
1271447205547	0	RECOG_PRES	11	INVENTOR	743	-999	P	1296
1271447207212	0	RECOG_CR_PRES	11	INVENTOR	743	-999	P	175
1271447207778	1	RECOG_FEEDBACK	1
1271447208511	0	RECOG_PRES	11	SCRIBBLE	1256	-999	P	1668
1271447210550	0	RECOG_CR_PRES	11	SCRIBBLE	1256	-999	P	381
1271447211332	1	RECOG_FEEDBACK	0
1271447212048	0	RECOG_PRES	11	DRYER	503	-999	P	1035
1271447213455	0	RECOG_CR_PRES	11	DRYER	503	-999	P	84
1271447213896	1	RECOG_FEEDBACK	1
1271447214695	0	RECOG_PRES	11	NECKLACE	940	-999	P	932
1271447216002	0	RECOG_CR_PRES	11	NECKLACE	940	-999	P	72
1271447216426	1	RECOG_FEEDBACK	1
1271447217200	0	RECOG_PRES	11	PLAYGROUND	1087	-999	P	971
1271447218541	0	RECOG_CR_PRES	11	PLAYGROUND	1087	-999	P	110
1271447219007	1	RECOG_FEEDBACK	1
1271447219781	0	RECOG_PRES	11	BAIT	70	-999	P	1406
1271447221562	0	RECOG_CR_PRES	11	BAIT	70	-999	P	224
1271447222178	1	RECOG_FEEDBACK	0
1271447222935	0	RECOG_PRES	11	PLASTER	1085	-999	P	940
1271447224251	0	RECOG_CR_PRES	11	PLASTER	1085	-999	P	144
1271447224750	1	RECOG_FEEDBACK	1
1271447225524	0	RECOG_PRES	11	YOKE	1632	-999	P	1239
1271447227131	0	RECOG_CR_PRES	11	YOKE	1632	-999	P	128
1271447227647	1	RECOG_FEEDBACK	1
1271447228362	0	RECOG_PRES	11	SKYSCRAPER	1322	-999	P	1521
1271447230252	0	RECOG_CR_PRES	11	SKYSCRAPER	1322	-999	P	191
1271447230843	1	RECOG_FEEDBACK	0
1271447231609	0	RECOG_PRES	11	TEA	1439	-999	P	1970
1271447233948	0	RECOG_CR_PRES	11	TEA	1439	-999	P	143
1271447234514	1	RECOG_FEEDBACK	0
1271447235254	0	RECOG_PRES	11	MEADOW	881	-999	P	1229
1271447236852	0	RECOG_CR_PRES	11	MEADOW	881	-999	P	118
1271447237335	1	RECOG_FEEDBACK	1
1271447238101	0	RECOG_PRES	11	SHOP	1290	-999	P	2110
1271447240582	0	RECOG_CR_PRES	11	SHOP	1290	-999	P	237
1271447241247	1	RECOG_FEEDBACK	1
1271447242005	0	RECOG_PRES	11	COFFEE	341	-999	P	1006
1271447243387	0	RECOG_CR_PRES	11	COFFEE	341	-999	P	144
1271447243886	1	RECOG_FEEDBACK	0
1271447244602	0	RECOG_PRES	11	HIKER	708	-999	P	921
1271447245892	0	RECOG_CR_PRES	11	HIKER	708	-999	P	111
1271447246350	1	RECOG_FEEDBACK	1
1271447247124	0	RECOG_PRES	11	SECRETARY	1265	-999	P	967
1271447248464	0	RECOG_CR_PRES	11	SECRETARY	1265	-999	P	147
1271447248971	1	RECOG_FEEDBACK	1
1271447249704	0	RECOG_PRES	11	COIN	343	-999	P	1083
1271447251161	0	RECOG_CR_PRES	11	COIN	343	-999	P	138
1271447251660	1	RECOG_FEEDBACK	0
1271447252409	0	RECOG_PRES	11	FELLOW	558	-999	P	858
1271447253666	0	RECOG_CR_PRES	11	FELLOW	558	-999	P	145
1271447254166	1	RECOG_FEEDBACK	1
1271447254923	0	RECOG_PRES	11	ELBOW	520	-999	P	984
1271447256280	0	RECOG_CR_PRES	11	ELBOW	520	-999	P	123
1271447256763	1	RECOG_FEEDBACK	0
1271447257512	0	RECOG_PRES	11	EARTH	515	-999	P	1419
1271447259301	0	RECOG_CR_PRES	11	EARTH	515	-999	P	198
1271447259884	1	RECOG_FEEDBACK	1
1271447269864	0	REST
1271447270729	1	REC_START
1271447270755	0	RECOG_PRES	12	WAGON	1578	-999	P	912
1271447272036	0	RECOG_CR_PRES	12	WAGON	1578	-999	P	151
1271447272527	1	RECOG_FEEDBACK	1
1271447273252	0	RECOG_PRES	12	GIRL	637	-999	P	1007
1271447274633	0	RECOG_CR_PRES	12	GIRL	637	-999	P	98
1271447275083	1	RECOG_FEEDBACK	1
1271447275890	0	RECOG_PRES	12	FLORIDA	582	-999	P	945
1271447277205	0	RECOG_CR_PRES	12	FLORIDA	582	-999	P	62
1271447277621	1	RECOG_FEEDBACK	0
1271447278346	0	RECOG_PRES	12	PAINTING	1005	-999	P	913
1271447279628	0	RECOG_CR_PRES	12	PAINTING	1005	-999	P	111
1271447280085	1	RECOG_FEEDBACK	0
1271447280801	0	RECOG_PRES	12	FUNGUS	614	-999	P	786
1271447281958	0	RECOG_CR_PRES	12	FUNGUS	614	-999	P	157
1271447282458	1	RECOG_FEEDBACK	1
1271447283215	0	RECOG_PRES	12	CIGAR	308	-999	P	1116
1271447284705	0	RECOG_CR_PRES	12	CIGAR	308	-999	P	82
1271447285146	1	RECOG_FEEDBACK	1
1271447285953	0	RECOG_PRES	12	SWEATER	1419	-999	P	962
1271447287285	0	RECOG_CR_PRES	12	SWEATER	1419	-999	P	102
1271447287743	1	RECOG_FEEDBACK	1
1271447288517	0	RECOG_PRES	12	THIMBLE	1458	-999	P	894
1271447289782	0	RECOG_CR_PRES	12	THIMBLE	1458	-999	P	180
1271447290315	1	RECOG_FEEDBACK	1
1271447291122	0	RECOG_PRES	12	LASH	802	-999	P	921
1271447292413	0	RECOG_CR_PRES	12	LASH	802	-999	P	126
1271447292912	1	RECOG_FEEDBACK	1
1271447293669	0	RECOG_PRES	12	COP	376	-999	P	894
1271447294935	0	RECOG_CR_PRES	12	COP	376	-999	P	92
1271447295384	1	RECOG_FEEDBACK	1
1271447296192	0	RECOG_PRES	12	HATCHET	691	-999	P	755
1271447297315	0	RECOG_CR_PRES	12	HATCHET	691	-999	P	160
1271447297806	1	RECOG_FEEDBACK	0
1271447298580	0	RECOG_PRES	12	PREACHER	1119	-999	P	1479
1271447300428	0	RECOG_CR_PRES	12	PREACHER	1119	-999	P	151
1271447300960	1	RECOG_FEEDBACK	1
1271447301685	0	RECOG_PRES	12	MILITARY	894	-999	P	1285
1271447303341	0	RECOG_CR_PRES	12	MILITARY	894	-999	P	134
1271447303949	1	RECOG_FEEDBACK	0
1271447304673	0	RECOG_PRES	12	BLANKET	135	-999	P	4666
1271447309709	0	RECOG_CR_PRES	12	BLANKET	135	-999	P	190
1271447310400	1	RECOG_FEEDBACK	1
1271447311207	0	RECOG_PRES	12	SADDLE	1221	-999	P	900
1271447312481	0	RECOG_CR_PRES	12	SADDLE	1221	-999	P	122
1271447312939	1	RECOG_FEEDBACK	1
1271447313704	0	RECOG_PRES	12	CHICKEN	297	-999	P	771
1271447314845	0	RECOG_CR_PRES	12	CHICKEN	297	-999	P	94
1271447315286	1	RECOG_FEEDBACK	1
1271447316010	0	RECOG_PRES	12	CHICK	296	-999	P	729
1271447317109	0	RECOG_CR_PRES	12	CHICK	296	-999	P	118
1271447317566	1	RECOG_FEEDBACK	1
1271447318282	0	RECOG_PRES	12	ELK	526	-999	P	753
1271447319406	0	RECOG_CR_PRES	12	ELK	526	-999	P	133
1271447319880	1	RECOG_FEEDBACK	1
1271447320655	0	RECOG_PRES	12	DRIVEWAY	500	-999	P	884
1271447321911	0	RECOG_CR_PRES	12	DRIVEWAY	500	-999	P	108
1271447322378	1	RECOG_FEEDBACK	1
1271447323160	0	RECOG_PRES	12	FACE	547	-999	P	891
1271447324425	0	RECOG_CR_PRES	12	FACE	547	-999	P	114
1271447324875	1	RECOG_FEEDBACK	1
1271447326206	0	REST
1271447327164	1	REC_START
1271447327189	0	RECOG_PRES	13	KLEENEX	782	-999	P	1894
1271447329453	0	RECOG_CR_PRES	13	KLEENEX	782	-999	P	94
1271447329935	1	RECOG_FEEDBACK	1
1271447330685	0	RECOG_PRES	13	FLY	586	-999	P	1470
1271447332524	0	RECOG_CR_PRES	13	FLY	586	-999	P	111
1271447333015	1	RECOG_FEEDBACK	0
1271447333756	0	RECOG_PRES	13	TWEEZERS	1526	-999	P	1055
1271447335179	0	RECOG_CR_PRES	13	TWEEZERS	1526	-999	P	144
1271447335687	1	RECOG_FEEDBACK	1
1271447336494	0	RECOG_PRES	13	POLYESTER	1100	-999	P	909
1271447337776	0	RECOG_CR_PRES	13	POLYESTER	1100	-999	P	123
1271447338242	1	RECOG_FEEDBACK	1
1271447339016	0	RECOG_PRES	13	MASCARA	875	-999	P	715
1271447340099	0	RECOG_CR_PRES	13	MASCARA	875	-999	P	120
1271447340556	1	RECOG_FEEDBACK	1
1271447341330	0	RECOG_PRES	13	STETHOSCOPE	1379	-999	P	1009
1271447342712	0	RECOG_CR_PRES	13	STETHOSCOPE	1379	-999	P	139
1271447343195	1	RECOG_FEEDBACK	1
1271447344011	0	RECOG_PRES	13	BOTTLE	153	-999	P	1128
1271447345509	0	RECOG_CR_PRES	13	BOTTLE	153	-999	P	174
1271447346066	1	RECOG_FEEDBACK	1
1271447346866	0	RECOG_PRES	13	PERMIT	1051	-999	P	937
1271447348172	0	RECOG_CR_PRES	13	PERMIT	1051	-999	P	119
1271447348647	1	RECOG_FEEDBACK	1
1271447349454	0	RECOG_PRES	13	PRINCE	1124	-999	P	1800
1271447351652	0	RECOG_CR_PRES	13	PRINCE	1124	-999	P	135
1271447352184	1	RECOG_FEEDBACK	1
1271447352908	0	RECOG_PRES	13	EAR	513	-999	P	1062
1271447354332	0	RECOG_CR_PRES	13	EAR	513	-999	P	143
1271447354848	1	RECOG_FEEDBACK	1
1271447355580	0	RECOG_PRES	13	DISH	474	-999	P	1007
1271447356961	0	RECOG_CR_PRES	13	DISH	474	-999	P	98
1271447357428	1	RECOG_FEEDBACK	1
1271447358236	0	RECOG_PRES	13	BAND	78	-999	P	1295
1271447359900	0	RECOG_CR_PRES	13	BAND	78	-999	P	127
1271447360408	1	RECOG_FEEDBACK	1
1271447361199	0	RECOG_PRES	13	CANDY	230	-999	P	956
1271447362531	0	RECOG_CR_PRES	13	CANDY	230	-999	P	152
1271447363047	1	RECOG_FEEDBACK	0
1271447363846	0	RECOG_PRES	13	KNOB	787	-999	P	1229
1271447365444	0	RECOG_CR_PRES	13	KNOB	787	-999	P	167
1271447365984	1	RECOG_FEEDBACK	1
1271447366709	0	RECOG_PRES	13	RECIPE	1175	-999	P	1874
1271447368980	0	RECOG_CR_PRES	13	RECIPE	1175	-999	P	199
1271447369606	1	RECOG_FEEDBACK	0
1271447370363	0	RECOG_PRES	13	SNEAKER	1334	-999	P	1832
1271447372569	0	RECOG_CR_PRES	13	SNEAKER	1334	-999	P	138
1271447373118	1	RECOG_FEEDBACK	0
1271447373851	0	RECOG_PRES	13	CATTLE	261	-999	P	1000
1271447375224	0	RECOG_CR_PRES	13	CATTLE	261	-999	P	106
1271447375699	1	RECOG_FEEDBACK	1
1271447376498	0	RECOG_PRES	13	LOUNGE	845	-999	P	1233
1271447378104	0	RECOG_CR_PRES	13	LOUNGE	845	-999	P	115
1271447378595	1	RECOG_FEEDBACK	0
1271447379311	0	RECOG_PRES	13	PAIL	1002	-999	P	836
1271447380518	0	RECOG_CR_PRES	13	PAIL	1002	-999	P	133
1271447381017	1	RECOG_FEEDBACK	1
1271447381758	0	RECOG_PRES	13	PRESIDENT	1121	-999	P	1381
1271447383514	0	RECOG_CR_PRES	13	PRESIDENT	1121	-999	P	97
1271447383996	1	RECOG_FEEDBACK	1
1271447394235	0	REST
1271447395168	1	REC_START
1271447395192	0	RECOG_PRES	14	MAID	856	-999	P	891
1271447396458	0	RECOG_CR_PRES	14	MAID	856	-999	P	89
1271447397057	1	RECOG_FEEDBACK	-1
1271447397781	0	RECOG_PRES	14	YACHT	1629	-999	P	1302
1271447399454	0	RECOG_CR_PRES	14	YACHT	1629	-999	P	101
1271447399929	1	RECOG_FEEDBACK	1
1271447400694	0	RECOG_PRES	14	PIE	1062	-999	P	989
1271447402051	0	RECOG_CR_PRES	14	PIE	1062	-999	P	104
1271447402517	1	RECOG_FEEDBACK	1
1271447403258	0	RECOG_PRES	14	GLASSES	640	-999	P	817
1271447404448	0	RECOG_CR_PRES	14	GLASSES	640	-999	P	99
1271447404906	1	RECOG_FEEDBACK	1
1271447405630	0	RECOG_PRES	14	BALL	73	-999	P	925
1271447406929	0	RECOG_CR_PRES	14	BALL	73	-999	P	114
1271447407403	1	RECOG_FEEDBACK	1
1271447408219	0	RECOG_PRES	14	OATMEAL	967	-999	P	751
1271447409343	0	RECOG_CR_PRES	14	OATMEAL	967	-999	P	92
1271447409800	1	RECOG_FEEDBACK	1
1271447410566	0	RECOG_PRES	14	MAN	862	-999	P	893
1271447411831	0	RECOG_CR_PRES	14	MAN	862	-999	P	100
1271447412298	1	RECOG_FEEDBACK	0
1271447413013	0	RECOG_PRES	14	RAG	1160	-999	P	854
1271447414237	0	RECOG_CR_PRES	14	RAG	1160	-999	P	94
1271447414686	1	RECOG_FEEDBACK	1
1271447415485	0	RECOG_PRES	14	VOLUNTEER	1577	-999	P	982
1271447416842	0	RECOG_CR_PRES	14	VOLUNTEER	1577	-999	P	120
1271447417350	1	RECOG_FEEDBACK	0
1271447418099	0	RECOG_PRES	14	WRITER	1627	-999	P	1416
1271447419889	0	RECOG_CR_PRES	14	WRITER	1627	-999	P	138
1271447420396	1	RECOG_FEEDBACK	1
1271447421137	0	RECOG_PRES	14	EWE	542	-999	P	1138
1271447422644	0	RECOG_CR_PRES	14	EWE	542	-999	P	151
1271447423168	1	RECOG_FEEDBACK	1
1271447423901	0	RECOG_PRES	14	STADIUM	1364	-999	P	798
1271447425074	0	RECOG_CR_PRES	14	STADIUM	1364	-999	P	121
1271447425565	1	RECOG_FEEDBACK	1
1271447426289	0	RECOG_PRES	14	REGISTER	1180	-999	P	1122
1271447427779	0	RECOG_CR_PRES	14	REGISTER	1180	-999	P	96
1271447428245	1	RECOG_FEEDBACK	1
1271447429028	0	RECOG_PRES	14	SPATULA	1348	-999	P	1055
1271447430451	0	RECOG_CR_PRES	14	SPATULA	1348	-999	P	104
1271447430917	1	RECOG_FEEDBACK	0
1271447431658	0	RECOG_PRES	14	MATTRESS	879	-999	P	1097
1271447433123	0	RECOG_CR_PRES	14	MATTRESS	879	-999	P	120
1271447433606	1	RECOG_FEEDBACK	0
1271447434338	0	RECOG_PRES	14	FOUNTAIN	597	-999	P	873
1271447435579	0	RECOG_CR_PRES	14	FOUNTAIN	597	-999	P	152
1271447436078	1	RECOG_FEEDBACK	1
1271447436802	0	RECOG_PRES	14	KIDNEY	776	-999	P	883
1271447438092	0	RECOG_CR_PRES	14	KIDNEY	776	-999	P	159
1271447438608	1	RECOG_FEEDBACK	1
1271447439374	0	RECOG_PRES	14	BOX	159	-999	P	981
1271447440723	0	RECOG_CR_PRES	14	BOX	159	-999	P	200
1271447441297	1	RECOG_FEEDBACK	1
1271447442013	0	RECOG_PRES	14	LEAF	808	-999	P	1110
1271447443494	0	RECOG_CR_PRES	14	LEAF	808	-999	P	117
1271447443993	1	RECOG_FEEDBACK	1
1271447444710	0	RECOG_PRES	14	SCALLOP	1242	-999	P	1845
1271447446924	0	RECOG_CR_PRES	14	SCALLOP	1242	-999	P	415
1271447447764	1	RECOG_FEEDBACK	1
1271447449687	0	REST
1271447450647	1	REC_START
1271447450678	0	RECOG_PRES	15	RAZOR	1171	-999	P	853
1271447451901	0	RECOG_CR_PRES	15	RAZOR	1171	-999	P	174
1271447452434	1	RECOG_FEEDBACK	1
1271447453233	0	RECOG_PRES	15	PEAR	1033	-999	P	666
1271447454273	0	RECOG_CR_PRES	15	PEAR	1033	-999	P	178
1271447454748	1	RECOG_FEEDBACK	-1
1271447455547	0	RECOG_PRES	15	COMMANDER	354	-999	P	1192
1271447457112	0	RECOG_CR_PRES	15	COMMANDER	354	-999	P	139
1271447457628	1	RECOG_FEEDBACK	1
1271447458360	0	RECOG_PRES	15	OVEN	991	-999	P	787
1271447459517	0	RECOG_CR_PRES	15	OVEN	991	-999	P	190
1271447460058	1	RECOG_FEEDBACK	1
1271447460799	0	RECOG_PRES	15	MUSTARD	935	-999	P	1236
1271447462406	0	RECOG_CR_PRES	15	MUSTARD	935	-999	P	253
1271447463046	1	RECOG_FEEDBACK	1
1271447463787	0	RECOG_PRES	15	WAX	1597	-999	P	1008
1271447465169	0	RECOG_CR_PRES	15	WAX	1597	-999	P	122
1271447465652	1	RECOG_FEEDBACK	1
1271447466376	0	RECOG_PRES	15	UNIFORM	1539	-999	P	1019
1271447467766	0	RECOG_CR_PRES	15	UNIFORM	1539	-999	P	141
1271447468265	1	RECOG_FEEDBACK	1
1271447468980	0	RECOG_PRES	15	TURKEY	1520	-999	P	1039
1271447470388	0	RECOG_CR_PRES	15	TURKEY	1520	-999	P	207
1271447470954	1	RECOG_FEEDBACK	1
1271447471753	0	RECOG_PRES	15	VEIN	1554	-999	P	1602
1271447473726	0	RECOG_CR_PRES	15	VEIN	1554	-999	P	189
1271447474292	1	RECOG_FEEDBACK	1
1271447475066	0	RECOG_PRES	15	JELLO	754	-999	P	985
1271447476423	0	RECOG_CR_PRES	15	JELLO	754	-999	P	563
1271447477355	1	RECOG_FEEDBACK	1
1271447478096	0	RECOG_PRES	15	BASEMENT	94	-999	P	1203
1271447479669	0	RECOG_CR_PRES	15	BASEMENT	94	-999	P	606
1271447480651	1	RECOG_FEEDBACK	1
1271447481408	0	RECOG_PRES	15	MAPLE	866	-999	P	1011
1271447482790	0	RECOG_CR_PRES	15	MAPLE	866	-999	P	133
1271447483289	1	RECOG_FEEDBACK	1
1271447484064	0	RECOG_PRES	15	OATS	968	-999	P	930
1271447485370	0	RECOG_CR_PRES	15	OATS	968	-999	P	137
1271447485870	1	RECOG_FEEDBACK	1
1271447486661	0	RECOG_PRES	15	VACUUM	1543	-999	P	1142
1271447488175	0	RECOG_CR_PRES	15	VACUUM	1543	-999	P	148
1271447488708	1	RECOG_FEEDBACK	0
1271447489466	0	RECOG_PRES	15	ACTOR	5	-999	P	993
1271447490831	0	RECOG_CR_PRES	15	ACTOR	5	-999	P	172
1271447491363	1	RECOG_FEEDBACK	1
1271447492146	0	RECOG_PRES	15	SEAGULL	1261	-999	P	753
1271447493270	0	RECOG_CR_PRES	15	SEAGULL	1261	-999	P	189
1271447493827	1	RECOG_FEEDBACK	1
1271447494601	0	RECOG_PRES	15	SNACK	1331	-999	P	2170
1271447497140	0	RECOG_CR_PRES	15	SNACK	1331	-999	P	119
1271447497656	1	RECOG_FEEDBACK	1
1271447498405	0	RECOG_PRES	15	BALCONY	72	-999	P	814
1271447499587	0	RECOG_CR_PRES	15	BALCONY	72	-999	P	80
1271447500012	1	RECOG_FEEDBACK	1
1271447500761	0	RECOG_PRES	15	TULIP	1517	-999	P	922
1271447502051	0	RECOG_CR_PRES	15	TULIP	1517	-999	P	144
1271447502559	1	RECOG_FEEDBACK	0
1271447503283	0	RECOG_PRES	15	RACKET	1155	-999	P	1160
1271447504814	0	RECOG_CR_PRES	15	RACKET	1155	-999	P	141
1271447505347	1	RECOG_FEEDBACK	1
1271447506168	0	RECOG_END
1271447516259	0	SESS_END
1271447516298	0	E	Logging Ends
