1266000804939	0	B	Logging Begins
1266000804940	0	SESS_START	1
1266000874524	1	FR_PRES	0	ACTOR	5	-1	-1	-1266000874524	white	../fonts/Verdana.ttf	upper
1266000878557	1	FR_PRES	0	SCREEN	1253	-1	-1	-1266000878557	white	../fonts/Verdana.ttf	upper
1266000882615	1	FR_PRES	0	KEEPER	769	-1	-1	-1266000882615	white	../fonts/Verdana.ttf	upper
1266000886540	1	FR_PRES	0	PIMPLE	1071	-1	-1	-1266000886540	white	../fonts/Verdana.ttf	upper
1266000890398	1	FR_PRES	0	MARKET	871	-1	-1	-1266000890398	white	../fonts/Verdana.ttf	upper
1266000894448	1	FR_PRES	0	THESAURUS	1454	-1	-1	-1266000894448	white	../fonts/Verdana.ttf	upper
1266000898564	1	FR_PRES	0	SHAMPOO	1274	-1	-1	-1266000898564	white	../fonts/Verdana.ttf	upper
1266000902480	1	FR_PRES	0	BALLOON	75	-1	-1	-1266000902480	white	../fonts/Verdana.ttf	upper
1266000906322	1	FR_PRES	0	JUGGLER	763	-1	-1	-1266000906322	white	../fonts/Verdana.ttf	upper
1266000910213	1	FR_PRES	0	GROCERY	664	-1	-1	-1266000910213	white	../fonts/Verdana.ttf	upper
1266000914330	1	FR_PRES	0	CHOCOLATE	306	-1	-1	-1266000914330	white	../fonts/Verdana.ttf	upper
1266000918396	1	FR_PRES	0	APARTMENT	30	-1	-1	-1266000918396	white	../fonts/Verdana.ttf	upper
1266000922446	1	FR_PRES	0	BEER	114	-1	-1	-1266000922446	white	../fonts/Verdana.ttf	upper
1266000926262	1	FR_PRES	0	CHAMPAGNE	278	-1	-1	-1266000926262	white	../fonts/Verdana.ttf	upper
1266000930453	1	FR_PRES	0	DRYER	503	-1	-1	-1266000930453	white	../fonts/Verdana.ttf	upper
1266000934278	1	FR_PRES	0	SALOON	1228	-1	-1	-1266000934278	white	../fonts/Verdana.ttf	upper
1266000940046	1	REC_START
1266001023330	0	REST
1266001024838	1	FR_PRES	1	DYNAMITE	511	-1	-1	-1266001024838	white	../fonts/Verdana.ttf	upper
1266001028996	1	FR_PRES	1	PICTURE	1061	-1	-1	-1266001028996	white	../fonts/Verdana.ttf	upper
1266001032971	1	FR_PRES	1	STEREO	1378	-1	-1	-1266001032971	white	../fonts/Verdana.ttf	upper
1266001037162	1	FR_PRES	1	WOLF	1619	-1	-1	-1266001037162	white	../fonts/Verdana.ttf	upper
1266001041237	1	FR_PRES	1	POLICE	1098	-1	-1	-1266001041237	white	../fonts/Verdana.ttf	upper
1266001045253	1	FR_PRES	1	COP	376	-1	-1	-1266001045253	white	../fonts/Verdana.ttf	upper
1266001049303	1	FR_PRES	1	MILDEW	893	-1	-1	-1266001049303	white	../fonts/Verdana.ttf	upper
1266001053494	1	FR_PRES	1	TONGUE	1479	-1	-1	-1266001053494	white	../fonts/Verdana.ttf	upper
1266001057327	1	FR_PRES	1	SCENERY	1247	-1	-1	-1266001057327	white	../fonts/Verdana.ttf	upper
1266001061177	1	FR_PRES	1	SAXOPHONE	1240	-1	-1	-1266001061177	white	../fonts/Verdana.ttf	upper
1266001065127	1	FR_PRES	1	HEART	697	-1	-1	-1266001065127	white	../fonts/Verdana.ttf	upper
1266001069302	1	FR_PRES	1	WAX	1597	-1	-1	-1266001069302	white	../fonts/Verdana.ttf	upper
1266001073193	1	FR_PRES	1	JUG	762	-1	-1	-1266001073193	white	../fonts/Verdana.ttf	upper
1266001077060	1	FR_PRES	1	BEAVER	109	-1	-1	-1266001077060	white	../fonts/Verdana.ttf	upper
1266001081018	1	FR_PRES	1	DRAWER	493	-1	-1	-1266001081018	white	../fonts/Verdana.ttf	upper
1266001085051	1	FR_PRES	1	LAUNDRY	803	-1	-1	-1266001085051	white	../fonts/Verdana.ttf	upper
1266001091084	1	REC_START
1266001169561	0	REST
1266001171062	1	FR_PRES	2	SIREN	1310	-1	-1	-1266001171062	white	../fonts/Verdana.ttf	upper
1266001174994	1	FR_PRES	2	MATCH	878	-1	-1	-1266001174994	white	../fonts/Verdana.ttf	upper
1266001178927	1	FR_PRES	2	RIFLE	1192	-1	-1	-1266001178927	white	../fonts/Verdana.ttf	upper
1266001183085	1	FR_PRES	2	VEGETABLE	1552	-1	-1	-1266001183085	white	../fonts/Verdana.ttf	upper
1266001187027	1	FR_PRES	2	CUBE	420	-1	-1	-1266001187027	white	../fonts/Verdana.ttf	upper
1266001191134	1	FR_PRES	2	WARRIOR	1589	-1	-1	-1266001191134	white	../fonts/Verdana.ttf	upper
1266001195044	1	FR_PRES	2	ARMY	39	-1	-1	-1266001195044	white	../fonts/Verdana.ttf	upper
1266001199184	1	FR_PRES	2	SKETCH	1315	-1	-1	-1266001199184	white	../fonts/Verdana.ttf	upper
1266001203043	1	FR_PRES	2	GOO	648	-1	-1	-1266001203043	white	../fonts/Verdana.ttf	upper
1266001206950	1	FR_PRES	2	SCROLL	1257	-1	-1	-1266001206950	white	../fonts/Verdana.ttf	upper
1266001211009	1	FR_PRES	2	SCRIBBLE	1256	-1	-1	-1266001211009	white	../fonts/Verdana.ttf	upper
1266001214983	1	FR_PRES	2	WASP	1593	-1	-1	-1266001214983	white	../fonts/Verdana.ttf	upper
1266001219067	1	FR_PRES	2	HORNET	718	-1	-1	-1266001219067	white	../fonts/Verdana.ttf	upper
1266001223050	1	FR_PRES	2	TRIGGER	1507	-1	-1	-1266001223050	white	../fonts/Verdana.ttf	upper
1266001227174	1	FR_PRES	2	FIST	572	-1	-1	-1266001227174	white	../fonts/Verdana.ttf	upper
1266001231223	1	FR_PRES	2	TAR	1435	-1	-1	-1266001231223	white	../fonts/Verdana.ttf	upper
1266001237182	1	REC_START
1266001314534	0	REST
1266001316035	1	FR_PRES	3	SKI	1316	-1	-1	-1266001316035	white	../fonts/Verdana.ttf	upper
1266001320034	1	FR_PRES	3	ARTERY	41	-1	-1	-1266001320034	white	../fonts/Verdana.ttf	upper
1266001323983	1	FR_PRES	3	BROOK	177	-1	-1	-1266001323983	white	../fonts/Verdana.ttf	upper
1266001327883	1	FR_PRES	3	BRIDGE	174	-1	-1	-1266001327883	white	../fonts/Verdana.ttf	upper
1266001332067	1	FR_PRES	3	REEF	1177	-1	-1	-1266001332067	white	../fonts/Verdana.ttf	upper
1266001336232	1	FR_PRES	3	ELECTRICIAN	521	-1	-1	-1266001336232	white	../fonts/Verdana.ttf	upper
1266001340224	1	FR_PRES	3	FRANCE	601	-1	-1	-1266001340224	white	../fonts/Verdana.ttf	upper
1266001344223	1	FR_PRES	3	PECAN	1036	-1	-1	-1266001344223	white	../fonts/Verdana.ttf	upper
1266001348106	1	FR_PRES	3	SHORE	1291	-1	-1	-1266001348106	white	../fonts/Verdana.ttf	upper
1266001352074	1	FR_PRES	3	NEPHEW	942	-1	-1	-1266001352074	white	../fonts/Verdana.ttf	upper
1266001356073	1	FR_PRES	3	EMPLOYER	532	-1	-1	-1266001356073	white	../fonts/Verdana.ttf	upper
1266001360023	1	FR_PRES	3	MOUNTAIN	924	-1	-1	-1266001360023	white	../fonts/Verdana.ttf	upper
1266001363872	1	FR_PRES	3	RESTAURANT	1187	-1	-1	-1266001363872	white	../fonts/Verdana.ttf	upper
1266001367880	1	FR_PRES	3	COLESLAW	344	-1	-1	-1266001367880	white	../fonts/Verdana.ttf	upper
1266001371746	1	FR_PRES	3	WALRUS	1585	-1	-1	-1266001371746	white	../fonts/Verdana.ttf	upper
1266001375579	1	FR_PRES	3	HUMAN	726	-1	-1	-1266001375579	white	../fonts/Verdana.ttf	upper
1266001381604	1	REC_START
1266001672524	0	REST
1266001674025	1	FR_PRES	4	CARPENTER	246	1	-999	3000	(0.42259999999999998, 0.58709999999999996, 0)	../fonts/amplitud.ttf	upper
1266001677050	1	SLOW_MSG
1266001679457	1	FR_PRES	4	PRODUCER	1129	1	1	1917	(0.42259999999999998, 0.58709999999999996, 0)	../fonts/amplitud.ttf	upper
1266001683615	1	FR_PRES	4	POPCORN	1104	1	1	1471	(0.42259999999999998, 0.58709999999999996, 0)	../fonts/amplitud.ttf	upper
1266001687490	1	FR_PRES	4	ZOO	1637	1	1	1428	(0.42259999999999998, 0.58709999999999996, 0)	../fonts/amplitud.ttf	upper
1266001691431	1	FR_PRES	4	BOY	161	1	1	1038	(0.42259999999999998, 0.58709999999999996, 0)	../fonts/amplitud.ttf	upper
1266001695298	1	FR_PRES	4	WHIP	1604	1	0	1524	(0.42259999999999998, 0.58709999999999996, 0)	../fonts/amplitud.ttf	upper
1266001699472	1	FR_PRES	4	TULIP	1517	1	1	1294	(0.42259999999999998, 0.58709999999999996, 0)	../fonts/amplitud.ttf	upper
1266001703430	1	FR_PRES	4	ROOT	1210	1	1	1641	(0.42259999999999998, 0.58709999999999996, 0)	../fonts/amplitud.ttf	upper
1266001707597	1	FR_PRES	4	PALM	1007	1	1	2041	(0.42259999999999998, 0.58709999999999996, 0)	../fonts/amplitud.ttf	upper
1266001711613	1	FR_PRES	4	FOREST	593	1	1	1993	(0.42259999999999998, 0.58709999999999996, 0)	../fonts/amplitud.ttf	upper
1266001715521	1	FR_PRES	4	INSECT	740	1	1	917	(0.42259999999999998, 0.58709999999999996, 0)	../fonts/amplitud.ttf	upper
1266001719421	1	FR_PRES	4	BLOUSE	139	1	0	1105	(0.42259999999999998, 0.58709999999999996, 0)	../fonts/amplitud.ttf	upper
1266001723471	1	FR_PRES	4	TOOL	1480	1	0	1335	(0.42259999999999998, 0.58709999999999996, 0)	../fonts/amplitud.ttf	upper
1266001727662	1	FR_PRES	4	LITTER	832	1	0	1928	(0.42259999999999998, 0.58709999999999996, 0)	../fonts/amplitud.ttf	upper
1266001731545	1	FR_PRES	4	ZEBRA	1635	1	1	1565	(0.42259999999999998, 0.58709999999999996, 0)	../fonts/amplitud.ttf	upper
1266001735503	1	FR_PRES	4	STETHOSCOPE	1379	1	0	1487	(0.42259999999999998, 0.58709999999999996, 0)	../fonts/amplitud.ttf	upper
1266001741353	1	REC_START
1266001822738	0	REST
1266001824247	1	FR_PRES	5	RATTLE	1170	1	0	1943	(0.42259999999999998, 0.58709999999999996, 0)	../fonts/amplitud.ttf	upper
1266001828064	1	FR_PRES	5	BANQUET	86	1	0	1142	(0.42259999999999998, 0.58709999999999996, 0)	../fonts/amplitud.ttf	upper
1266001831954	1	FR_PRES	5	CAGE	218	1	0	1348	(0.42259999999999998, 0.58709999999999996, 0)	../fonts/amplitud.ttf	upper
1266001835954	1	FR_PRES	5	CANARY	227	1	1	932	(0.42259999999999998, 0.58709999999999996, 0)	../fonts/amplitud.ttf	upper
1266001839770	1	FR_PRES	5	MEDICINE	886	1	0	1836	(0.42259999999999998, 0.58709999999999996, 0)	../fonts/amplitud.ttf	upper
1266001843628	1	FR_PRES	5	COBRA	336	1	1	682	(0.42259999999999998, 0.58709999999999996, 0)	../fonts/amplitud.ttf	upper
1266001847745	1	FR_PRES	5	PAIL	1002	1	0	965	(0.42259999999999998, 0.58709999999999996, 0)	../fonts/amplitud.ttf	upper
1266001851636	1	FR_PRES	5	BOWL	158	1	0	882	(0.42259999999999998, 0.58709999999999996, 0)	../fonts/amplitud.ttf	upper
1266001855769	1	FR_PRES	5	LIMB	822	1	0	1501	(0.42259999999999998, 0.58709999999999996, 0)	../fonts/amplitud.ttf	upper
1266001859911	1	FR_PRES	5	STEW	1380	1	0	1399	(0.42259999999999998, 0.58709999999999996, 0)	../fonts/amplitud.ttf	upper
1266001864085	1	FR_PRES	5	CREATURE	403	1	1	978	(0.42259999999999998, 0.58709999999999996, 0)	../fonts/amplitud.ttf	upper
1266001868152	1	FR_PRES	5	LIZARD	834	1	1	942	(0.42259999999999998, 0.58709999999999996, 0)	../fonts/amplitud.ttf	upper
1266001872201	1	FR_PRES	5	CELLAR	267	1	0	2389	(0.42259999999999998, 0.58709999999999996, 0)	../fonts/amplitud.ttf	upper
1266001876093	1	FR_PRES	5	ISLAND	745	1	0	1209	(0.42259999999999998, 0.58709999999999996, 0)	../fonts/amplitud.ttf	upper
1266001880176	1	FR_PRES	5	BARN	89	1	0	1670	(0.42259999999999998, 0.58709999999999996, 0)	../fonts/amplitud.ttf	upper
1266001884300	1	FR_PRES	5	RANCH	1166	1	0	2218	(0.42259999999999998, 0.58709999999999996, 0)	../fonts/amplitud.ttf	upper
1266001890242	1	REC_START
1266001973344	0	REST
1266001974852	1	FR_PRES	6	LAWYER	806	1	1	1370	(0.42259999999999998, 0.58709999999999996, 0)	../fonts/amplitud.ttf	upper
1266001978777	1	FR_PRES	6	REFEREE	1178	1	1	1109	(0.42259999999999998, 0.58709999999999996, 0)	../fonts/amplitud.ttf	upper
1266001982968	1	FR_PRES	6	BUREAU	199	1	0	1142	(0.42259999999999998, 0.58709999999999996, 0)	../fonts/amplitud.ttf	upper
1266001986810	1	FR_PRES	6	HEATER	698	1	0	1108	(0.42259999999999998, 0.58709999999999996, 0)	../fonts/amplitud.ttf	upper
1266001990668	1	FR_PRES	6	MAJOR	859	1	0	1098	(0.42259999999999998, 0.58709999999999996, 0)	../fonts/amplitud.ttf	upper
1266001994576	1	FR_PRES	6	TANK	1432	1	0	1142	(0.42259999999999998, 0.58709999999999996, 0)	../fonts/amplitud.ttf	upper
1266001998392	1	FR_PRES	6	CASHEW	253	1	0	1342	(0.42259999999999998, 0.58709999999999996, 0)	../fonts/amplitud.ttf	upper
1266002002342	1	FR_PRES	6	PEANUT	1032	1	0	1072	(0.42259999999999998, 0.58709999999999996, 0)	../fonts/amplitud.ttf	upper
1266002006200	1	FR_PRES	6	FROST	609	1	0	1134	(0.42259999999999998, 0.58709999999999996, 0)	../fonts/amplitud.ttf	upper
1266002010150	1	FR_PRES	6	BLUEJAY	141	1	1	1056	(0.42259999999999998, 0.58709999999999996, 0)	../fonts/amplitud.ttf	upper
1266002014133	1	FR_PRES	6	SUITCASE	1403	1	0	1073	(0.42259999999999998, 0.58709999999999996, 0)	../fonts/amplitud.ttf	upper
1266002018241	1	FR_PRES	6	COURT	391	1	0	1165	(0.42259999999999998, 0.58709999999999996, 0)	../fonts/amplitud.ttf	upper
1266002022124	1	FR_PRES	6	BAND	78	1	0	1298	(0.42259999999999998, 0.58709999999999996, 0)	../fonts/amplitud.ttf	upper
1266002026090	1	FR_PRES	6	MAMMAL	861	1	1	949	(0.42259999999999998, 0.58709999999999996, 0)	../fonts/amplitud.ttf	upper
1266002029957	1	FR_PRES	6	PLANT	1083	1	1	1305	(0.42259999999999998, 0.58709999999999996, 0)	../fonts/amplitud.ttf	upper
1266002033931	1	FR_PRES	6	ELM	527	1	0	1475	(0.42259999999999998, 0.58709999999999996, 0)	../fonts/amplitud.ttf	upper
1266002039748	1	REC_START
1266002117667	0	REST
1266002119175	1	FR_PRES	7	FLASHLIGHT	575	1	0	1079	(0.42259999999999998, 0.58709999999999996, 0)	../fonts/amplitud.ttf	upper
1266002123067	1	FR_PRES	7	FACTORY	548	1	0	1347	(0.42259999999999998, 0.58709999999999996, 0)	../fonts/amplitud.ttf	upper
1266002127067	1	FR_PRES	7	BISON	131	1	0	1907	(0.42259999999999998, 0.58709999999999996, 0)	../fonts/amplitud.ttf	upper
1266002131182	1	FR_PRES	7	TIGER	1467	1	1	800	(0.42259999999999998, 0.58709999999999996, 0)	../fonts/amplitud.ttf	upper
1266002135332	1	FR_PRES	7	VET	1560	1	1	1090	(0.42259999999999998, 0.58709999999999996, 0)	../fonts/amplitud.ttf	upper
1266002139182	1	FR_PRES	7	PIE	1062	1	0	1064	(0.42259999999999998, 0.58709999999999996, 0)	../fonts/amplitud.ttf	upper
1266002143173	1	FR_PRES	7	ICING	732	1	0	985	(0.42259999999999998, 0.58709999999999996, 0)	../fonts/amplitud.ttf	upper
1266002147024	1	FR_PRES	7	EMPLOYEE	531	1	1	862	(0.42259999999999998, 0.58709999999999996, 0)	../fonts/amplitud.ttf	upper
1266002150948	1	FR_PRES	7	TEAM	1441	1	1	1826	(0.42259999999999998, 0.58709999999999996, 0)	../fonts/amplitud.ttf	upper
1266002155139	1	FR_PRES	7	PRAIRIE	1118	1	1	1675	(0.42259999999999998, 0.58709999999999996, 0)	../fonts/amplitud.ttf	upper
1266002158964	1	FR_PRES	7	BINDER	127	1	0	1170	(0.42259999999999998, 0.58709999999999996, 0)	../fonts/amplitud.ttf	upper
1266002163088	1	FR_PRES	7	RAILROAD	1162	1	0	1326	(0.42259999999999998, 0.58709999999999996, 0)	../fonts/amplitud.ttf	upper
1266002166946	1	FR_PRES	7	RACCOON	1153	1	1	1061	(0.42259999999999998, 0.58709999999999996, 0)	../fonts/amplitud.ttf	upper
1266002170896	1	FR_PRES	7	WALL	1582	1	0	1286	(0.42259999999999998, 0.58709999999999996, 0)	../fonts/amplitud.ttf	upper
1266002175088	1	FR_PRES	7	SARDINE	1235	1	1	927	(0.42259999999999998, 0.58709999999999996, 0)	../fonts/amplitud.ttf	upper
1266002179271	1	FR_PRES	7	HOOK	715	1	0	967	(0.42259999999999998, 0.58709999999999996, 0)	../fonts/amplitud.ttf	upper
1266002184954	1	REC_START
1266002266281	0	REST
1266002267789	1	FR_PRES	8	ROOST	1208	0	1	2785	(0.57740000000000002, 0.41289999999999999, 1.0)	../fonts/zerothre.ttf	lower
1266002271847	1	FR_PRES	8	TOENAIL	1474	0	0	1224	(0.57740000000000002, 0.41289999999999999, 1.0)	../fonts/zerothre.ttf	lower
1266002275939	1	FR_PRES	8	DAGGER	434	0	0	1795	(0.57740000000000002, 0.41289999999999999, 1.0)	../fonts/zerothre.ttf	lower
1266002279780	1	FR_PRES	8	SERVER	1272	0	1	1706	(0.57740000000000002, 0.41289999999999999, 1.0)	../fonts/zerothre.ttf	lower
1266002283980	1	FR_PRES	8	MATTRESS	879	0	1	2266	(0.57740000000000002, 0.41289999999999999, 1.0)	../fonts/zerothre.ttf	lower
1266002287963	1	FR_PRES	8	OBOE	969	0	0	1803	(0.57740000000000002, 0.41289999999999999, 1.0)	../fonts/zerothre.ttf	lower
1266002292005	1	FR_PRES	8	VAULT	1550	0	0	1489	(0.57740000000000002, 0.41289999999999999, 1.0)	../fonts/zerothre.ttf	lower
1266002296046	1	FR_PRES	8	CASHIER	254	0	1	1352	(0.57740000000000002, 0.41289999999999999, 1.0)	../fonts/zerothre.ttf	lower
1266002300203	1	FR_PRES	8	BUTLER	204	0	1	987	(0.57740000000000002, 0.41289999999999999, 1.0)	../fonts/zerothre.ttf	lower
1266002304412	1	FR_PRES	8	EAGLE	512	0	1	2082	(0.57740000000000002, 0.41289999999999999, 1.0)	../fonts/zerothre.ttf	lower
1266002308386	1	FR_PRES	8	RAZOR	1171	0	0	804	(0.57740000000000002, 0.41289999999999999, 1.0)	../fonts/zerothre.ttf	lower
1266002312203	1	FR_PRES	8	TOMATO	1476	0	0	1211	(0.57740000000000002, 0.41289999999999999, 1.0)	../fonts/zerothre.ttf	lower
1266002316086	1	FR_PRES	8	TURKEY	1520	0	1	1416	(0.57740000000000002, 0.41289999999999999, 1.0)	../fonts/zerothre.ttf	lower
1266002320219	1	FR_PRES	8	LUNCH	849	0	0	1195	(0.57740000000000002, 0.41289999999999999, 1.0)	../fonts/zerothre.ttf	lower
1266002324252	1	FR_PRES	8	ROBOT	1200	0	1	1130	(0.57740000000000002, 0.41289999999999999, 1.0)	../fonts/zerothre.ttf	lower
1266002328368	1	FR_PRES	8	COPIER	377	0	1	1094	(0.57740000000000002, 0.41289999999999999, 1.0)	../fonts/zerothre.ttf	lower
1266002334053	1	REC_START
1266002411729	0	REST
1266002413237	1	FR_PRES	9	COOKBOOK	373	0	0	1786	(0.57740000000000002, 0.41289999999999999, 1.0)	../fonts/zerothre.ttf	lower
1266002417170	1	FR_PRES	9	WHEAT	1602	0	0	1676	(0.57740000000000002, 0.41289999999999999, 1.0)	../fonts/zerothre.ttf	lower
1266002421303	1	FR_PRES	9	CARPET	247	0	1	1143	(0.57740000000000002, 0.41289999999999999, 1.0)	../fonts/zerothre.ttf	lower
1266002425136	1	FR_PRES	9	POTATO	1115	0	0	974	(0.57740000000000002, 0.41289999999999999, 1.0)	../fonts/zerothre.ttf	lower
1266002428952	1	FR_PRES	9	PATIO	1025	0	1	1166	(0.57740000000000002, 0.41289999999999999, 1.0)	../fonts/zerothre.ttf	lower
1266002432844	1	FR_PRES	9	VEST	1559	0	0	2050	(0.57740000000000002, 0.41289999999999999, 1.0)	../fonts/zerothre.ttf	lower
1266002436660	1	FR_PRES	9	WHALE	1601	0	1	858	(0.57740000000000002, 0.41289999999999999, 1.0)	../fonts/zerothre.ttf	lower
1266002440860	1	FR_PRES	9	MOSS	918	0	0	994	(0.57740000000000002, 0.41289999999999999, 1.0)	../fonts/zerothre.ttf	lower
1266002444818	1	FR_PRES	9	FLASK	576	0	0	1076	(0.57740000000000002, 0.41289999999999999, 1.0)	../fonts/zerothre.ttf	lower
1266002448718	1	FR_PRES	9	WINE	1613	0	0	1920	(0.57740000000000002, 0.41289999999999999, 1.0)	../fonts/zerothre.ttf	lower
1266002452792	1	FR_PRES	9	APRON	35	0	0	1206	(0.57740000000000002, 0.41289999999999999, 1.0)	../fonts/zerothre.ttf	lower
1266002456917	1	FR_PRES	9	NOMAD	955	0	1	1289	(0.57740000000000002, 0.41289999999999999, 1.0)	../fonts/zerothre.ttf	lower
1266002460842	1	FR_PRES	9	FAUCET	555	0	0	1732	(0.57740000000000002, 0.41289999999999999, 1.0)	../fonts/zerothre.ttf	lower
1266002464741	1	FR_PRES	9	COCKTAIL	338	0	0	1049	(0.57740000000000002, 0.41289999999999999, 1.0)	../fonts/zerothre.ttf	lower
1266002468574	1	FR_PRES	9	SCOTCH	1251	0	0	1200	(0.57740000000000002, 0.41289999999999999, 1.0)	../fonts/zerothre.ttf	lower
1266002472432	1	FR_PRES	9	BRANCH	168	0	1	1575	(0.57740000000000002, 0.41289999999999999, 1.0)	../fonts/zerothre.ttf	lower
1266002478416	1	REC_START
1266002617372	0	REST
1266002618880	1	FR_PRES	10	TERMITE	1451	0	0	1798	(0.57740000000000002, 0.41289999999999999, 1.0)	../fonts/zerothre.ttf	lower
1266002622805	1	FR_PRES	10	SPIDER	1351	0	0	801	(0.57740000000000002, 0.41289999999999999, 1.0)	../fonts/zerothre.ttf	lower
1266002626671	1	FR_PRES	10	RAM	1165	0	1	1807	(0.57740000000000002, 0.41289999999999999, 1.0)	../fonts/zerothre.ttf	lower
1266002630746	1	FR_PRES	10	BEAR	106	0	1	1188	(0.57740000000000002, 0.41289999999999999, 1.0)	../fonts/zerothre.ttf	lower
1266002634762	1	FR_PRES	10	CHESS	294	0	0	1093	(0.57740000000000002, 0.41289999999999999, 1.0)	../fonts/zerothre.ttf	lower
1266002638804	1	FR_PRES	10	COMPASS	358	0	0	1010	(0.57740000000000002, 0.41289999999999999, 1.0)	../fonts/zerothre.ttf	lower
1266002642912	1	FR_PRES	10	RULER	1216	0	0	1414	(0.57740000000000002, 0.41289999999999999, 1.0)	../fonts/zerothre.ttf	lower
1266002646886	1	FR_PRES	10	CHIPMUNK	304	0	0	976	(0.57740000000000002, 0.41289999999999999, 1.0)	../fonts/zerothre.ttf	lower
1266002650728	1	FR_PRES	10	CAB	209	0	1	846	(0.57740000000000002, 0.41289999999999999, 1.0)	../fonts/zerothre.ttf	lower
1266002654628	1	FR_PRES	10	SLEEVE	1324	0	0	1330	(0.57740000000000002, 0.41289999999999999, 1.0)	../fonts/zerothre.ttf	lower
1266002658744	1	FR_PRES	10	BUCKLE	185	0	0	966	(0.57740000000000002, 0.41289999999999999, 1.0)	../fonts/zerothre.ttf	lower
1266002662585	1	FR_PRES	10	CUPBOARD	425	0	1	1213	(0.57740000000000002, 0.41289999999999999, 1.0)	../fonts/zerothre.ttf	lower
1266002666635	1	FR_PRES	10	MEAL	882	0	0	1108	(0.57740000000000002, 0.41289999999999999, 1.0)	../fonts/zerothre.ttf	lower
1266002670535	1	FR_PRES	10	BAG	69	0	0	863	(0.57740000000000002, 0.41289999999999999, 1.0)	../fonts/zerothre.ttf	lower
1266002674659	1	FR_PRES	10	VAN	1548	0	1	748	(0.57740000000000002, 0.41289999999999999, 1.0)	../fonts/zerothre.ttf	lower
1266002678626	1	FR_PRES	10	KNOT	788	0	0	932	(0.57740000000000002, 0.41289999999999999, 1.0)	../fonts/zerothre.ttf	lower
1266002684559	1	REC_START
1266002761687	0	REST
1266002763195	1	FR_PRES	11	JOINT	758	0	0	1939	(0.57740000000000002, 0.41289999999999999, 1.0)	../fonts/zerothre.ttf	lower
1266002767278	1	FR_PRES	11	CRICKET	408	0	0	1464	(0.57740000000000002, 0.41289999999999999, 1.0)	../fonts/zerothre.ttf	lower
1266002771344	1	FR_PRES	11	ROACH	1195	0	0	854	(0.57740000000000002, 0.41289999999999999, 1.0)	../fonts/zerothre.ttf	lower
1266002775435	1	FR_PRES	11	BELT	120	0	0	1883	(0.57740000000000002, 0.41289999999999999, 1.0)	../fonts/zerothre.ttf	lower
1266002779593	1	FR_PRES	11	SHRUB	1299	0	1	1877	(0.57740000000000002, 0.41289999999999999, 1.0)	../fonts/zerothre.ttf	lower
1266002783635	1	FR_PRES	11	TOMBSTONE	1478	0	1	1420	(0.57740000000000002, 0.41289999999999999, 1.0)	../fonts/zerothre.ttf	lower
1266002787718	1	FR_PRES	11	TROUSERS	1510	0	0	1968	(0.57740000000000002, 0.41289999999999999, 1.0)	../fonts/zerothre.ttf	lower
1266002791926	1	FR_PRES	11	MOON	914	0	1	1728	(0.57740000000000002, 0.41289999999999999, 1.0)	../fonts/zerothre.ttf	lower
1266002795842	1	FR_PRES	11	DISHWASHER	475	0	1	1332	(0.57740000000000002, 0.41289999999999999, 1.0)	../fonts/zerothre.ttf	lower
1266002800051	1	FR_PRES	11	JUNGLE	764	0	1	1075	(0.57740000000000002, 0.41289999999999999, 1.0)	../fonts/zerothre.ttf	lower
1266002803900	1	FR_PRES	11	BUILDER	190	0	1	1538	(0.57740000000000002, 0.41289999999999999, 1.0)	../fonts/zerothre.ttf	lower
1266002807991	1	FR_PRES	11	CONCRETE	361	0	1	1831	(0.57740000000000002, 0.41289999999999999, 1.0)	../fonts/zerothre.ttf	lower
1266002811883	1	FR_PRES	11	GRAVE	658	0	1	1011	(0.57740000000000002, 0.41289999999999999, 1.0)	../fonts/zerothre.ttf	lower
1266002815874	1	FR_PRES	11	SWING	1421	0	0	1868	(0.57740000000000002, 0.41289999999999999, 1.0)	../fonts/zerothre.ttf	lower
1266002819757	1	FR_PRES	11	FOLDER	588	0	0	1361	(0.57740000000000002, 0.41289999999999999, 1.0)	../fonts/zerothre.ttf	lower
1266002823932	1	FR_PRES	11	MAGAZINE	853	0	0	858	(0.57740000000000002, 0.41289999999999999, 1.0)	../fonts/zerothre.ttf	lower
1266002829732	1	REC_START
1266003620632	0	REST
1266003622140	1	FR_PRES	12	EXPERT	543	0	1	2571	(0.57740000000000002, 0.41289999999999999, 1.0)	../fonts/zerothre.ttf	lower
1266003626123	1	FR_PRES	12	ATHLETE	52	0	1	964	(0.57740000000000002, 0.41289999999999999, 1.0)	../fonts/zerothre.ttf	lower
1266003629964	1	FR_PRES	12	HOSPITAL	721	0	1	1076	(0.57740000000000002, 0.41289999999999999, 1.0)	../fonts/zerothre.ttf	lower
1266003633889	1	FR_PRES	12	PEACH	1031	1	1	2078	(0.42259999999999998, 0.58709999999999996, 0)	../fonts/amplitud.ttf	upper
1266003637931	1	FR_PRES	12	GULL	671	1	1	1812	(0.42259999999999998, 0.58709999999999996, 0)	../fonts/amplitud.ttf	upper
1266003641972	1	FR_PRES	12	GENTLEMAN	631	1	1	955	(0.42259999999999998, 0.58709999999999996, 0)	../fonts/amplitud.ttf	upper
1266003645888	1	FR_PRES	12	BERRY	122	1	1	935	(0.42259999999999998, 0.58709999999999996, 0)	../fonts/amplitud.ttf	upper
1266003649955	1	FR_PRES	12	WATER	1594	0	1	2732	(0.57740000000000002, 0.41289999999999999, 1.0)	../fonts/zerothre.ttf	lower
1266003653879	1	FR_PRES	12	CHEF	290	0	1	1576	(0.57740000000000002, 0.41289999999999999, 1.0)	../fonts/zerothre.ttf	lower
1266003657896	1	FR_PRES	12	SUPPER	1411	1	0	2479	(0.42259999999999998, 0.58709999999999996, 0)	../fonts/amplitud.ttf	upper
1266003662046	1	FR_PRES	12	CLOUD	328	1	0	2417	(0.42259999999999998, 0.58709999999999996, 0)	../fonts/amplitud.ttf	upper
1266003666154	1	FR_PRES	12	UMBRELLA	1534	1	0	1181	(0.42259999999999998, 0.58709999999999996, 0)	../fonts/amplitud.ttf	upper
1266003670328	1	FR_PRES	12	FELLOW	558	1	1	975	(0.42259999999999998, 0.58709999999999996, 0)	../fonts/amplitud.ttf	upper
1266003674336	1	FR_PRES	12	COMET	353	0	1	2127	(0.57740000000000002, 0.41289999999999999, 1.0)	../fonts/zerothre.ttf	lower
1266003678536	1	FR_PRES	12	DUST	508	0	0	991	(0.57740000000000002, 0.41289999999999999, 1.0)	../fonts/zerothre.ttf	lower
1266003682411	1	FR_PRES	12	THUMB	1462	0	0	1588	(0.57740000000000002, 0.41289999999999999, 1.0)	../fonts/zerothre.ttf	lower
1266003688336	1	REC_START
1266003766913	0	REST
1266003768421	1	FR_PRES	13	HORSE	719	1	-999	3000	(0.42259999999999998, 0.58709999999999996, 0)	../fonts/amplitud.ttf	upper
1266003771446	1	SLOW_MSG
1266003774137	1	FR_PRES	13	DONKEY	484	1	1	1094	(0.42259999999999998, 0.58709999999999996, 0)	../fonts/amplitud.ttf	upper
1266003778295	1	FR_PRES	13	TRASH	1497	1	0	1096	(0.42259999999999998, 0.58709999999999996, 0)	../fonts/amplitud.ttf	upper
1266003782162	1	FR_PRES	13	CREEK	404	1	0	1037	(0.42259999999999998, 0.58709999999999996, 0)	../fonts/amplitud.ttf	upper
1266003786111	1	FR_PRES	13	REPORT	1184	1	0	1416	(0.42259999999999998, 0.58709999999999996, 0)	../fonts/amplitud.ttf	upper
1266003790194	1	FR_PRES	13	RECEPTIONIST	1174	0	1	2029	(0.57740000000000002, 0.41289999999999999, 1.0)	../fonts/zerothre.ttf	lower
1266003794079	1	FR_PRES	13	SENATE	1267	0	1	1144	(0.57740000000000002, 0.41289999999999999, 1.0)	../fonts/zerothre.ttf	lower
1266003798003	1	FR_PRES	13	MOLECULE	905	0	0	1061	(0.57740000000000002, 0.41289999999999999, 1.0)	../fonts/zerothre.ttf	lower
1266003801985	1	FR_PRES	13	CANOE	233	0	1	1071	(0.57740000000000002, 0.41289999999999999, 1.0)	../fonts/zerothre.ttf	lower
1266003806160	1	FR_PRES	13	SENATOR	1268	1	1	1119	(0.42259999999999998, 0.58709999999999996, 0)	../fonts/amplitud.ttf	upper
1266003810210	1	FR_PRES	13	FISH	571	1	1	1013	(0.42259999999999998, 0.58709999999999996, 0)	../fonts/amplitud.ttf	upper
1266003814268	1	FR_PRES	13	CHAIR	274	1	0	891	(0.42259999999999998, 0.58709999999999996, 0)	../fonts/amplitud.ttf	upper
1266003818434	1	FR_PRES	13	SEAT	1264	0	1	1917	(0.57740000000000002, 0.41289999999999999, 1.0)	../fonts/zerothre.ttf	lower
1266003822409	1	FR_PRES	13	SNORKEL	1336	0	0	1150	(0.57740000000000002, 0.41289999999999999, 1.0)	../fonts/zerothre.ttf	lower
1266003826350	1	FR_PRES	13	OCEAN	970	0	1	897	(0.57740000000000002, 0.41289999999999999, 1.0)	../fonts/zerothre.ttf	lower
1266003830442	1	FR_PRES	13	CINNAMON	310	0	0	1061	(0.57740000000000002, 0.41289999999999999, 1.0)	../fonts/zerothre.ttf	lower
1266003836450	1	REC_START
1266003915319	0	REST
1266003916827	1	FR_PRES	14	CAT	257	1	1	1676	(0.42259999999999998, 0.58709999999999996, 0)	../fonts/amplitud.ttf	upper
1266003920668	1	FR_PRES	14	ANIMAL	23	1	1	835	(0.42259999999999998, 0.58709999999999996, 0)	../fonts/amplitud.ttf	upper
1266003924676	1	FR_PRES	14	TUTU	1524	1	0	1315	(0.42259999999999998, 0.58709999999999996, 0)	../fonts/amplitud.ttf	upper
1266003928601	1	FR_PRES	14	HAND	683	0	0	1455	(0.57740000000000002, 0.41289999999999999, 1.0)	../fonts/zerothre.ttf	lower
1266003932617	1	FR_PRES	14	OTTER	986	0	1	1206	(0.57740000000000002, 0.41289999999999999, 1.0)	../fonts/zerothre.ttf	lower
1266003936442	1	FR_PRES	14	FARMER	553	0	1	1397	(0.57740000000000002, 0.41289999999999999, 1.0)	../fonts/zerothre.ttf	lower
1266003940608	1	FR_PRES	14	DEPUTY	450	0	1	1327	(0.57740000000000002, 0.41289999999999999, 1.0)	../fonts/zerothre.ttf	lower
1266003944675	1	FR_PRES	14	PIER	1063	1	1	1420	(0.42259999999999998, 0.58709999999999996, 0)	../fonts/amplitud.ttf	upper
1266003948533	1	FR_PRES	14	KEG	770	1	1	2930	(0.42259999999999998, 0.58709999999999996, 0)	../fonts/amplitud.ttf	upper
1266003952641	1	FR_PRES	14	HANDCUFFS	685	0	0	2862	(0.57740000000000002, 0.41289999999999999, 1.0)	../fonts/zerothre.ttf	lower
1266003956574	1	FR_PRES	14	CHECK	284	0	0	1498	(0.57740000000000002, 0.41289999999999999, 1.0)	../fonts/zerothre.ttf	lower
1266003960582	1	FR_PRES	14	POCKET	1093	0	0	1417	(0.57740000000000002, 0.41289999999999999, 1.0)	../fonts/zerothre.ttf	lower
1266003964707	1	FR_PRES	14	BUCKET	184	0	1	1301	(0.57740000000000002, 0.41289999999999999, 1.0)	../fonts/zerothre.ttf	lower
1266003968623	1	FR_PRES	14	SUBMARINE	1398	1	0	1912	(0.42259999999999998, 0.58709999999999996, 0)	../fonts/amplitud.ttf	upper
1266003972498	1	FR_PRES	14	BARREL	91	1	0	1829	(0.42259999999999998, 0.58709999999999996, 0)	../fonts/amplitud.ttf	upper
1266003976398	1	FR_PRES	14	BRICK	172	1	0	985	(0.42259999999999998, 0.58709999999999996, 0)	../fonts/amplitud.ttf	upper
1266003982356	1	REC_START
1266004059583	0	REST
1266004061091	1	FR_PRES	15	BULLETIN	195	0	1	1476	(0.57740000000000002, 0.41289999999999999, 1.0)	../fonts/zerothre.ttf	lower
1266004065009	1	FR_PRES	15	BLENDER	136	0	1	1382	(0.57740000000000002, 0.41289999999999999, 1.0)	../fonts/zerothre.ttf	lower
1266004069107	1	FR_PRES	15	BUTTON	207	0	0	1036	(0.57740000000000002, 0.41289999999999999, 1.0)	../fonts/zerothre.ttf	lower
1266004072957	1	FR_PRES	15	PONY	1102	1	1	1362	(0.42259999999999998, 0.58709999999999996, 0)	../fonts/amplitud.ttf	upper
1266004077115	1	FR_PRES	15	CANDLE	229	1	0	1020	(0.42259999999999998, 0.58709999999999996, 0)	../fonts/amplitud.ttf	upper
1266004081140	1	FR_PRES	15	ASH	44	1	0	892	(0.42259999999999998, 0.58709999999999996, 0)	../fonts/amplitud.ttf	upper
1266004085115	1	FR_PRES	15	MINT	898	1	1	1476	(0.42259999999999998, 0.58709999999999996, 0)	../fonts/amplitud.ttf	upper
1266004089040	1	FR_PRES	15	VEAL	1551	0	1	1543	(0.57740000000000002, 0.41289999999999999, 1.0)	../fonts/zerothre.ttf	lower
1266004092981	1	FR_PRES	15	CELERY	266	0	0	1418	(0.57740000000000002, 0.41289999999999999, 1.0)	../fonts/zerothre.ttf	lower
1266004096855	1	FR_PRES	15	ZUCCHINI	1638	0	0	1128	(0.57740000000000002, 0.41289999999999999, 1.0)	../fonts/zerothre.ttf	lower
1266004100880	1	FR_PRES	15	HAWK	692	0	1	2176	(0.57740000000000002, 0.41289999999999999, 1.0)	../fonts/zerothre.ttf	lower
1266004104855	1	FR_PRES	15	DART	440	0	0	840	(0.57740000000000002, 0.41289999999999999, 1.0)	../fonts/zerothre.ttf	lower
1266004109006	1	FR_PRES	15	PARENT	1013	1	1	1225	(0.42259999999999998, 0.58709999999999996, 0)	../fonts/amplitud.ttf	upper
1266004112838	1	FR_PRES	15	JUVENILE	767	1	1	1073	(0.42259999999999998, 0.58709999999999996, 0)	../fonts/amplitud.ttf	upper
1266004116796	1	FR_PRES	15	CAFE	216	1	0	1531	(0.42259999999999998, 0.58709999999999996, 0)	../fonts/amplitud.ttf	upper
1266004120704	1	FR_PRES	15	OX	994	1	1	951	(0.42259999999999998, 0.58709999999999996, 0)	../fonts/amplitud.ttf	upper
1266004126587	1	REC_START
1266004218255	0	FFR_START
1266004223855	1	REC_START
1266004632242	0	RECOG_START
1266004632242	1	REC_START
1266004632275	0	RECOG_PRES	0	PEANUT	1032	-999	P	2164
1266004634808	0	RECOG_CR_PRES	0	PEANUT	1032	-999	P	3927
1266004639116	1	RECOG_FEEDBACK	1
1266004639907	0	RECOG_PRES	0	FLASHLIGHT	575	-999	P	2996
1266004643274	0	RECOG_CR_PRES	0	FLASHLIGHT	575	-999	P	2037
1266004645690	1	RECOG_FEEDBACK	0
1266004646440	0	RECOG_PRES	0	TERMITE	1451	-999	P	2271
1266004649074	0	RECOG_CR_PRES	0	TERMITE	1451	-999	P	1389
1266004650823	1	RECOG_FEEDBACK	1
1266004651590	0	RECOG_PRES	0	ELM	527	-999	P	1713
1266004653673	0	RECOG_CR_PRES	0	ELM	527	-999	P	1686
1266004655698	1	RECOG_FEEDBACK	1
1266004656473	0	RECOG_PRES	0	HAND	683	-999	P	2470
1266004659314	0	RECOG_CR_PRES	0	HAND	683	-999	P	1029
1266004660697	1	RECOG_FEEDBACK	1
1266004661447	0	RECOG_PRES	0	TURKEY	1520	-999	P	1704
1266004663522	0	RECOG_CR_PRES	0	TURKEY	1520	-999	P	1629
1266004665480	1	RECOG_FEEDBACK	1
1266004666264	0	RECOG_PRES	0	ORANGE	980	-999	P	2327
1266004668963	0	RECOG_CR_PRES	0	ORANGE	980	-999	P	3196
1266004672530	1	RECOG_FEEDBACK	1
1266004673296	0	RECOG_PRES	0	MULE	931	-999	P	2815
1266004676480	0	RECOG_CR_PRES	0	MULE	931	-999	P	1439
1266004678279	1	RECOG_FEEDBACK	1
1266004679072	0	RECOG_PRES	0	OYSTER	995	-999	P	1471
1266004680913	0	RECOG_CR_PRES	0	OYSTER	995	-999	P	1022
1266004682254	1	RECOG_FEEDBACK	1
1266004682971	0	RECOG_PRES	0	BRANCH	168	-999	P	2236
1266004685579	0	RECOG_CR_PRES	0	BRANCH	168	-999	P	1340
1266004687254	1	RECOG_FEEDBACK	1
1266004687979	0	RECOG_PRES	0	LEADER	807	-999	P	1756
1266004690104	0	RECOG_CR_PRES	0	LEADER	807	-999	P	839
1266004691270	1	RECOG_FEEDBACK	1
1266004692071	0	RECOG_PRES	0	TULIP	1517	-999	P	1408
1266004693853	0	RECOG_CR_PRES	0	TULIP	1517	-999	P	1641
1266004695836	1	RECOG_FEEDBACK	1
1266004696561	0	RECOG_PRES	0	APARTMENT	30	-999	P	1374
1266004698311	0	RECOG_CR_PRES	0	APARTMENT	30	-999	P	960
1266004699619	1	RECOG_FEEDBACK	1
1266004700353	0	RECOG_PRES	0	CHESS	294	-999	P	1270
1266004701994	0	RECOG_CR_PRES	0	CHESS	294	-999	P	1054
1266004703378	1	RECOG_FEEDBACK	1
1266004704111	0	RECOG_PRES	0	FLASK	576	-999	P	1144
1266004705627	0	RECOG_CR_PRES	0	FLASK	576	-999	P	964
1266004706927	1	RECOG_FEEDBACK	1
1266004707677	0	RECOG_PRES	0	EDITOR	516	-999	P	1426
1266004709477	0	RECOG_CR_PRES	0	EDITOR	516	-999	P	674
1266004710477	1	RECOG_FEEDBACK	1
1266004711210	0	RECOG_PRES	0	WHEAT	1602	-999	P	1397
1266004712977	0	RECOG_CR_PRES	0	WHEAT	1602	-999	P	718
1266004714019	1	RECOG_FEEDBACK	1
1266004714802	0	RECOG_PRES	0	EMPLOYER	532	-999	P	1325
1266004716502	0	RECOG_CR_PRES	0	EMPLOYER	532	-999	P	745
1266004717577	1	RECOG_FEEDBACK	1
1266004718385	0	RECOG_PRES	0	CANDLE	229	-999	P	2774
1266004721535	0	RECOG_CR_PRES	0	CANDLE	229	-999	P	1560
1266004723476	1	RECOG_FEEDBACK	0
1266004724251	0	RECOG_PRES	0	BUNNY	198	-999	P	4116
1266004728742	0	RECOG_CR_PRES	0	BUNNY	198	-999	P	881
1266004730010	1	RECOG_FEEDBACK	1
1266004736925	0	REST
1266004737839	1	REC_START
1266004737875	0	RECOG_PRES	1	SNAIL	1332	-999	P	1428
1266004739675	0	RECOG_CR_PRES	1	SNAIL	1332	-999	P	708
1266004740716	1	RECOG_FEEDBACK	1
1266004741508	0	RECOG_PRES	1	TEAM	1441	-999	P	1195
1266004743067	0	RECOG_CR_PRES	1	TEAM	1441	-999	P	908
1266004744291	1	RECOG_FEEDBACK	1
1266004745100	0	RECOG_PRES	1	CAB	209	-999	P	1411
1266004746883	0	RECOG_CR_PRES	1	CAB	209	-999	P	900
1266004748116	1	RECOG_FEEDBACK	1
1266004748841	0	RECOG_PRES	1	NEEDLE	941	-999	P	1718
1266004750932	0	RECOG_CR_PRES	1	NEEDLE	941	-999	P	1563
1266004752849	1	RECOG_FEEDBACK	1
1266004753641	0	RECOG_PRES	1	BEGGAR	117	-999	P	3022
1266004757025	0	RECOG_CR_PRES	1	BEGGAR	117	-999	P	958
1266004758357	1	RECOG_FEEDBACK	1
1266004759115	0	RECOG_PRES	1	HOSPITAL	721	-999	P	1849
1266004761365	0	RECOG_CR_PRES	1	HOSPITAL	721	-999	P	866
1266004762598	1	RECOG_FEEDBACK	1
1266004763315	0	RECOG_PRES	1	SERVER	1272	-999	P	1324
1266004765007	0	RECOG_CR_PRES	1	SERVER	1272	-999	P	856
1266004766206	1	RECOG_FEEDBACK	1
1266004766965	0	RECOG_PRES	1	COOKBOOK	373	-999	P	1234
1266004768573	0	RECOG_CR_PRES	1	COOKBOOK	373	-999	P	746
1266004769639	1	RECOG_FEEDBACK	1
1266004770373	0	RECOG_PRES	1	RAZOR	1171	-999	P	1234
1266004771981	0	RECOG_CR_PRES	1	RAZOR	1171	-999	P	882
1266004773197	1	RECOG_FEEDBACK	1
1266004773964	0	RECOG_PRES	1	PIER	1063	-999	P	1243
1266004775581	0	RECOG_CR_PRES	1	PIER	1063	-999	P	778
1266004776714	1	RECOG_FEEDBACK	1
1266004777497	0	RECOG_PRES	1	WAX	1597	-999	P	1126
1266004778997	0	RECOG_CR_PRES	1	WAX	1597	-999	P	594
1266004779930	1	RECOG_FEEDBACK	1
1266004780655	0	RECOG_PRES	1	POPCORN	1104	-999	P	2336
1266004783363	0	RECOG_CR_PRES	1	POPCORN	1104	-999	P	612
1266004784322	1	RECOG_FEEDBACK	1
1266004785105	0	RECOG_PRES	1	BULLETIN	195	-999	P	1158
1266004786638	0	RECOG_CR_PRES	1	BULLETIN	195	-999	P	545
1266004787480	1	RECOG_FEEDBACK	1
1266004788255	0	RECOG_PRES	1	TOOL	1480	-999	P	1160
1266004789788	0	RECOG_CR_PRES	1	TOOL	1480	-999	P	579
1266004790630	1	RECOG_FEEDBACK	-1
1266004791363	0	RECOG_PRES	1	WOMAN	1620	-999	P	3028
1266004794763	0	RECOG_CR_PRES	1	WOMAN	1620	-999	P	756
1266004795854	1	RECOG_FEEDBACK	1
1266004796621	0	RECOG_PRES	1	MOUNTAIN	924	-999	P	2866
1266004799862	0	RECOG_CR_PRES	1	MOUNTAIN	924	-999	P	873
1266004801055	1	RECOG_FEEDBACK	1
1266004801770	0	RECOG_PRES	1	KNOT	788	-999	P	1157
1266004803295	0	RECOG_CR_PRES	1	KNOT	788	-999	P	1008
1266004804603	1	RECOG_FEEDBACK	1
1266004805337	0	RECOG_PRES	1	FIST	572	-999	P	1214
1266004806920	0	RECOG_CR_PRES	1	FIST	572	-999	P	871
1266004808120	1	RECOG_FEEDBACK	1
1266004808878	0	RECOG_PRES	1	FRANCE	601	-999	P	1009
1266004810261	0	RECOG_CR_PRES	1	FRANCE	601	-999	P	1058
1266004811628	1	RECOG_FEEDBACK	1
1266004812353	0	RECOG_PRES	1	MATCH	878	-999	P	1446
1266004814169	0	RECOG_CR_PRES	1	MATCH	878	-999	P	855
1266004815361	1	RECOG_FEEDBACK	1
1266004832003	0	REST
1266004832803	1	REC_START
1266004832835	0	RECOG_PRES	2	BAND	78	-999	P	1652
1266004834860	0	RECOG_CR_PRES	2	BAND	78	-999	P	1907
1266004837118	1	RECOG_FEEDBACK	1
1266004837851	0	RECOG_PRES	2	SOLDIER	1344	-999	P	3197
1266004841417	0	RECOG_CR_PRES	2	SOLDIER	1344	-999	P	1030
1266004842851	1	RECOG_FEEDBACK	0
1266004843642	0	RECOG_PRES	2	MEAL	882	-999	P	1477
1266004845492	0	RECOG_CR_PRES	2	MEAL	882	-999	P	1211
1266004847051	1	RECOG_FEEDBACK	1
1266004847767	0	RECOG_PRES	2	GROCERY	664	-999	P	1672
1266004849808	0	RECOG_CR_PRES	2	GROCERY	664	-999	P	959
1266004851108	1	RECOG_FEEDBACK	1
1266004851900	0	RECOG_PRES	2	SCENERY	1247	-999	P	1523
1266004853792	0	RECOG_CR_PRES	2	SCENERY	1247	-999	P	903
1266004855042	1	RECOG_FEEDBACK	1
1266004855766	0	RECOG_PRES	2	SEAT	1264	-999	P	1417
1266004857558	0	RECOG_CR_PRES	2	SEAT	1264	-999	P	745
1266004858658	1	RECOG_FEEDBACK	1
1266004859449	0	RECOG_PRES	2	MOLECULE	905	-999	P	1238
1266004861050	0	RECOG_CR_PRES	2	MOLECULE	905	-999	P	949
1266004862333	1	RECOG_FEEDBACK	1
1266004863067	0	RECOG_PRES	2	SCRIBBLE	1256	-999	P	1932
1266004865374	0	RECOG_CR_PRES	2	SCRIBBLE	1256	-999	P	1585
1266004867316	1	RECOG_FEEDBACK	0
1266004868058	0	RECOG_PRES	2	CHEF	290	-999	P	1865
1266004870324	0	RECOG_CR_PRES	2	CHEF	290	-999	P	1251
1266004871940	1	RECOG_FEEDBACK	1
1266004872648	0	RECOG_PRES	2	ZUCCHINI	1638	-999	P	1327
1266004874348	0	RECOG_CR_PRES	2	ZUCCHINI	1638	-999	P	971
1266004875657	1	RECOG_FEEDBACK	1
1266004876432	0	RECOG_PRES	2	GULL	671	-999	P	1151
1266004877956	0	RECOG_CR_PRES	2	GULL	671	-999	P	1043
1266004879331	1	RECOG_FEEDBACK	1
1266004880106	0	RECOG_PRES	2	GRAVE	658	-999	P	1061
1266004881540	0	RECOG_CR_PRES	2	GRAVE	658	-999	P	1291
1266004883156	1	RECOG_FEEDBACK	1
1266004883898	0	RECOG_PRES	2	SCREEN	1253	-999	P	2589
1266004886847	0	RECOG_CR_PRES	2	SCREEN	1253	-999	P	1256
1266004888472	1	RECOG_FEEDBACK	0
1266004889206	0	RECOG_PRES	2	SWITCH	1422	-999	P	3241
1266004892822	0	RECOG_CR_PRES	2	SWITCH	1422	-999	P	1425
1266004894622	1	RECOG_FEEDBACK	1
1266004895430	0	RECOG_PRES	2	PECAN	1036	-999	P	1761
1266004897563	0	RECOG_CR_PRES	2	PECAN	1036	-999	P	908
1266004898821	1	RECOG_FEEDBACK	1
1266004899605	0	RECOG_PRES	2	CELLAR	267	-999	P	1202
1266004901180	0	RECOG_CR_PRES	2	CELLAR	267	-999	P	1059
1266004902571	1	RECOG_FEEDBACK	1
1266004903296	0	RECOG_PRES	2	CASHEW	253	-999	P	1784
1266004905454	0	RECOG_CR_PRES	2	CASHEW	253	-999	P	1057
1266004906871	1	RECOG_FEEDBACK	1
1266004907596	0	RECOG_PRES	2	BUILDER	190	-999	P	1795
1266004909762	0	RECOG_CR_PRES	2	BUILDER	190	-999	P	1197
1266004911296	1	RECOG_FEEDBACK	1
1266004912080	0	RECOG_PRES	2	NEPHEW	942	-999	P	1495
1266004913945	0	RECOG_CR_PRES	2	NEPHEW	942	-999	P	894
1266004915179	1	RECOG_FEEDBACK	1
1266004915895	0	RECOG_PRES	2	TUNA	1518	-999	P	1440
1266004917704	0	RECOG_CR_PRES	2	TUNA	1518	-999	P	735
1266004918762	1	RECOG_FEEDBACK	1
1266004943168	0	REST
1266004944285	1	REC_START
1266004944318	0	RECOG_PRES	3	BUTTON	207	-999	P	1073
1266004945760	0	RECOG_CR_PRES	3	BUTTON	207	-999	P	719
1266004946801	1	RECOG_FEEDBACK	1
1266004947518	0	RECOG_PRES	3	CRATER	400	-999	P	1321
1266004949210	0	RECOG_CR_PRES	3	CRATER	400	-999	P	629
1266004950159	1	RECOG_FEEDBACK	1
1266004950951	0	RECOG_PRES	3	BERRY	122	-999	P	1073
1266004952393	0	RECOG_CR_PRES	3	BERRY	122	-999	P	641
1266004953392	1	RECOG_FEEDBACK	1
1266004954109	0	RECOG_PRES	3	SENATOR	1268	-999	P	1082
1266004955567	0	RECOG_CR_PRES	3	SENATOR	1268	-999	P	928
1266004956817	1	RECOG_FEEDBACK	1
1266004957617	0	RECOG_PRES	3	WASP	1593	-999	P	966
1266004958951	0	RECOG_CR_PRES	3	WASP	1593	-999	P	848
1266004960134	1	RECOG_FEEDBACK	1
1266004960909	0	RECOG_PRES	3	WATER	1594	-999	P	1682
1266004962967	0	RECOG_CR_PRES	3	WATER	1594	-999	P	768
1266004964076	1	RECOG_FEEDBACK	1
1266004964817	0	RECOG_PRES	3	DENIM	446	-999	P	1598
1266004966792	0	RECOG_CR_PRES	3	DENIM	446	-999	P	679
1266004967833	1	RECOG_FEEDBACK	1
1266004968625	0	RECOG_PRES	3	CYCLONE	431	-999	P	1318
1266004970316	0	RECOG_CR_PRES	3	CYCLONE	431	-999	P	795
1266004971458	1	RECOG_FEEDBACK	1
1266004972183	0	RECOG_PRES	3	ROOST	1208	-999	P	2152
1266004974708	0	RECOG_CR_PRES	3	ROOST	1208	-999	P	640
1266004975733	1	RECOG_FEEDBACK	1
1266004976458	0	RECOG_PRES	3	ROOT	1210	-999	P	1221
1266004978042	0	RECOG_CR_PRES	3	ROOT	1210	-999	P	845
1266004979224	1	RECOG_FEEDBACK	1
1266004979949	0	RECOG_PRES	3	DART	440	-999	P	1346
1266004981665	0	RECOG_CR_PRES	3	DART	440	-999	P	918
1266004982915	1	RECOG_FEEDBACK	1
1266004983632	0	RECOG_PRES	3	COURT	391	-999	P	2119
1266004986123	0	RECOG_CR_PRES	3	COURT	391	-999	P	748
1266004987232	1	RECOG_FEEDBACK	1
1266004988008	0	RECOG_PRES	3	ZEBRA	1635	-999	P	1199
1266004989582	0	RECOG_CR_PRES	3	ZEBRA	1635	-999	P	769
1266004990682	1	RECOG_FEEDBACK	1
1266004991481	0	RECOG_PRES	3	PAVEMENT	1028	-999	P	1486
1266004993340	0	RECOG_CR_PRES	3	PAVEMENT	1028	-999	P	595
1266004994281	1	RECOG_FEEDBACK	1
1266004995074	0	RECOG_PRES	3	CARPENTER	246	-999	P	1317
1266004996764	0	RECOG_CR_PRES	3	CARPENTER	246	-999	P	619
1266004997723	1	RECOG_FEEDBACK	1
1266004998531	0	RECOG_PRES	3	RAILROAD	1162	-999	P	1084
1266004999989	0	RECOG_CR_PRES	3	RAILROAD	1162	-999	P	706
1266005001015	1	RECOG_FEEDBACK	1
1266005001756	0	RECOG_PRES	3	ISLAND	745	-999	P	1187
1266005003314	0	RECOG_CR_PRES	3	ISLAND	745	-999	P	1037
1266005004672	1	RECOG_FEEDBACK	1
1266005005464	0	RECOG_PRES	3	CHIPMUNK	304	-999	P	1151
1266005006989	0	RECOG_CR_PRES	3	CHIPMUNK	304	-999	P	890
1266005008205	1	RECOG_FEEDBACK	1
1266005008997	0	RECOG_PRES	3	ROACH	1195	-999	P	1218
1266005010588	0	RECOG_CR_PRES	3	ROACH	1195	-999	P	755
1266005011655	1	RECOG_FEEDBACK	1
1266005012472	0	RECOG_PRES	3	DRYER	503	-999	P	1015
1266005013863	0	RECOG_CR_PRES	3	DRYER	503	-999	P	800
1266005014996	1	RECOG_FEEDBACK	1
1266005016613	0	REST
1266005017736	1	REC_START
1266005017771	0	RECOG_PRES	4	INSECT	740	-999	P	1204
1266005019346	0	RECOG_CR_PRES	4	INSECT	740	-999	P	517
1266005020179	1	RECOG_FEEDBACK	1
1266005020954	0	RECOG_PRES	4	TOWER	1490	-999	P	1573
1266005022887	0	RECOG_CR_PRES	4	TOWER	1490	-999	P	648
1266005023879	1	RECOG_FEEDBACK	1
1266005024687	0	RECOG_PRES	4	VET	1560	-999	P	1104
1266005026162	0	RECOG_CR_PRES	4	VET	1560	-999	P	989
1266005027479	1	RECOG_FEEDBACK	1
1266005028254	0	RECOG_PRES	4	BLOUSE	139	-999	P	1481
1266005030104	0	RECOG_CR_PRES	4	BLOUSE	139	-999	P	759
1266005031212	1	RECOG_FEEDBACK	1
1266005032004	0	RECOG_PRES	4	JUG	762	-999	P	1131
1266005033503	0	RECOG_CR_PRES	4	JUG	762	-999	P	744
1266005034578	1	RECOG_FEEDBACK	1
1266005035286	0	RECOG_PRES	4	JUVENILE	767	-999	P	1089
1266005036736	0	RECOG_CR_PRES	4	JUVENILE	767	-999	P	847
1266005037911	1	RECOG_FEEDBACK	1
1266005038636	0	RECOG_PRES	4	FACTORY	548	-999	P	2091
1266005041094	0	RECOG_CR_PRES	4	FACTORY	548	-999	P	777
1266005042228	1	RECOG_FEEDBACK	1
1266005042978	0	RECOG_PRES	4	CRICKET	408	-999	P	1141
1266005044494	0	RECOG_CR_PRES	4	CRICKET	408	-999	P	1417
1266005046244	1	RECOG_FEEDBACK	1
1266005046994	0	RECOG_PRES	4	DETECTIVE	454	-999	P	1317
1266005048686	0	RECOG_CR_PRES	4	DETECTIVE	454	-999	P	537
1266005049544	1	RECOG_FEEDBACK	1
1266005050302	0	RECOG_PRES	4	CAVE	263	-999	P	1337
1266005052003	0	RECOG_CR_PRES	4	CAVE	263	-999	P	740
1266005053078	1	RECOG_FEEDBACK	0
1266005053810	0	RECOG_PRES	4	SHORE	1291	-999	P	1573
1266005055752	0	RECOG_CR_PRES	4	SHORE	1291	-999	P	831
1266005056927	1	RECOG_FEEDBACK	1
1266005057660	0	RECOG_PRES	4	EYE	545	-999	P	1299
1266005059335	0	RECOG_CR_PRES	4	EYE	545	-999	P	592
1266005060251	1	RECOG_FEEDBACK	1
1266005060993	0	RECOG_PRES	4	PICTURE	1061	-999	P	2079
1266005063443	0	RECOG_CR_PRES	4	PICTURE	1061	-999	P	581
1266005064384	1	RECOG_FEEDBACK	0
1266005065134	0	RECOG_PRES	4	CHAIR	274	-999	P	1977
1266005067484	0	RECOG_CR_PRES	4	CHAIR	274	-999	P	963
1266005068801	1	RECOG_FEEDBACK	0
1266005069567	0	RECOG_PRES	4	FOX	598	-999	P	1672
1266005071609	0	RECOG_CR_PRES	4	FOX	598	-999	P	846
1266005072809	1	RECOG_FEEDBACK	1
1266005073575	0	RECOG_PRES	4	MOSS	918	-999	P	1160
1266005075109	0	RECOG_CR_PRES	4	MOSS	918	-999	P	1002
1266005076434	1	RECOG_FEEDBACK	1
1266005077192	0	RECOG_PRES	4	POTATO	1115	-999	P	1191
1266005078758	0	RECOG_CR_PRES	4	POTATO	1115	-999	P	969
1266005080059	1	RECOG_FEEDBACK	1
1266005080783	0	RECOG_PRES	4	POLICE	1098	-999	P	1297
1266005082441	0	RECOG_CR_PRES	4	POLICE	1098	-999	P	990
1266005083758	1	RECOG_FEEDBACK	1
1266005084491	0	RECOG_PRES	4	SALOON	1228	-999	P	1460
1266005086324	0	RECOG_CR_PRES	4	SALOON	1228	-999	P	1099
1266005087749	1	RECOG_FEEDBACK	1
1266005088524	0	RECOG_PRES	4	OX	994	-999	P	963
1266005089857	0	RECOG_CR_PRES	4	OX	994	-999	P	1262
1266005091441	1	RECOG_FEEDBACK	1
1266005093191	0	REST
1266005094379	1	REC_START
1266005094416	0	RECOG_PRES	5	SARDINE	1235	-999	P	1391
1266005096182	0	RECOG_CR_PRES	5	SARDINE	1235	-999	P	937
1266005097432	1	RECOG_FEEDBACK	1
1266005098199	0	RECOG_PRES	5	ROUGE	1213	-999	P	1624
1266005100198	0	RECOG_CR_PRES	5	ROUGE	1213	-999	P	1057
1266005101607	1	RECOG_FEEDBACK	1
1266005102390	0	RECOG_PRES	5	BLUEJAY	141	-999	P	1369
1266005104131	0	RECOG_CR_PRES	5	BLUEJAY	141	-999	P	885
1266005105348	1	RECOG_FEEDBACK	1
1266005106140	0	RECOG_PRES	5	ROBOT	1200	-999	P	1043
1266005107556	0	RECOG_CR_PRES	5	ROBOT	1200	-999	P	931
1266005108806	1	RECOG_FEEDBACK	1
1266005109564	0	RECOG_PRES	5	TOENAIL	1474	-999	P	1347
1266005111281	0	RECOG_CR_PRES	5	TOENAIL	1474	-999	P	950
1266005112564	1	RECOG_FEEDBACK	1
1266005113306	0	RECOG_PRES	5	PEACH	1031	-999	P	1237
1266005114914	0	RECOG_CR_PRES	5	PEACH	1031	-999	P	965
1266005116214	1	RECOG_FEEDBACK	1
1266005116956	0	RECOG_PRES	5	HARP	689	-999	P	1763
1266005119081	0	RECOG_CR_PRES	5	HARP	689	-999	P	830
1266005120247	1	RECOG_FEEDBACK	1
1266005121023	0	RECOG_PRES	5	BUCKLE	185	-999	P	1560
1266005122955	0	RECOG_CR_PRES	5	BUCKLE	185	-999	P	820
1266005124122	1	RECOG_FEEDBACK	1
1266005124855	0	RECOG_PRES	5	EXPERT	543	-999	P	1320
1266005126547	0	RECOG_CR_PRES	5	EXPERT	543	-999	P	916
1266005127796	1	RECOG_FEEDBACK	1
1266005128546	0	RECOG_PRES	5	COBRA	336	-999	P	1109
1266005130022	0	RECOG_CR_PRES	5	COBRA	336	-999	P	833
1266005131179	1	RECOG_FEEDBACK	1
1266005131946	0	RECOG_PRES	5	BARREL	91	-999	P	1429
1266005133746	0	RECOG_CR_PRES	5	BARREL	91	-999	P	741
1266005134829	1	RECOG_FEEDBACK	1
1266005135588	0	RECOG_PRES	5	HOUSE	725	-999	P	2243
1266005138204	0	RECOG_CR_PRES	5	HOUSE	725	-999	P	641
1266005139229	1	RECOG_FEEDBACK	0
1266005139962	0	RECOG_PRES	5	REGISTER	1180	-999	P	1533
1266005141870	0	RECOG_CR_PRES	5	REGISTER	1180	-999	P	833
1266005143055	1	RECOG_FEEDBACK	0
1266005143837	0	RECOG_PRES	5	FIDDLE	561	-999	P	1450
1266005145662	0	RECOG_CR_PRES	5	FIDDLE	561	-999	P	969
1266005146978	1	RECOG_FEEDBACK	1
1266005147778	0	RECOG_PRES	5	REFEREE	1178	-999	P	1270
1266005149420	0	RECOG_CR_PRES	5	REFEREE	1178	-999	P	691
1266005150453	1	RECOG_FEEDBACK	1
1266005151178	0	RECOG_PRES	5	GEM	629	-999	P	1333
1266005152886	0	RECOG_CR_PRES	5	GEM	629	-999	P	969
1266005154194	1	RECOG_FEEDBACK	1
1266005154919	0	RECOG_PRES	5	HUMAN	726	-999	P	1168
1266005156461	0	RECOG_CR_PRES	5	HUMAN	726	-999	P	641
1266005157461	1	RECOG_FEEDBACK	1
1266005158219	0	RECOG_PRES	5	TRIGGER	1507	-999	P	1236
1266005159827	0	RECOG_CR_PRES	5	TRIGGER	1507	-999	P	740
1266005160894	1	RECOG_FEEDBACK	1
1266005161694	0	RECOG_PRES	5	ZOO	1637	-999	P	1370
1266005163435	0	RECOG_CR_PRES	5	ZOO	1637	-999	P	740
1266005164510	1	RECOG_FEEDBACK	1
1266005165235	0	RECOG_PRES	5	SUPPER	1411	-999	P	1300
1266005166910	0	RECOG_CR_PRES	5	SUPPER	1411	-999	P	809
1266005168053	1	RECOG_FEEDBACK	1
1266005170743	0	REST
1266005171904	1	REC_START
1266005171943	0	RECOG_PRES	6	CHOCOLATE	306	-999	P	1032
1266005173351	0	RECOG_CR_PRES	6	CHOCOLATE	306	-999	P	576
1266005174251	1	RECOG_FEEDBACK	1
1266005175044	0	RECOG_PRES	6	TANK	1432	-999	P	972
1266005176384	0	RECOG_CR_PRES	6	TANK	1432	-999	P	703
1266005177409	1	RECOG_FEEDBACK	1
1266005178118	0	RECOG_PRES	6	COCKTAIL	338	-999	P	1185
1266005179676	0	RECOG_CR_PRES	6	COCKTAIL	338	-999	P	947
1266005180943	1	RECOG_FEEDBACK	1
1266005181734	0	RECOG_PRES	6	SCROLL	1257	-999	P	1385
1266005183492	0	RECOG_CR_PRES	6	SCROLL	1257	-999	P	1043
1266005184867	1	RECOG_FEEDBACK	0
1266005185634	0	RECOG_PRES	6	CLOSET	326	-999	P	2301
1266005188309	0	RECOG_CR_PRES	6	CLOSET	326	-999	P	1434
1266005190092	1	RECOG_FEEDBACK	1
1266005190817	0	RECOG_PRES	6	PRODUCER	1129	-999	P	1318
1266005192508	0	RECOG_CR_PRES	6	PRODUCER	1129	-999	P	1747
1266005194575	1	RECOG_FEEDBACK	0
1266005195316	0	RECOG_PRES	6	ICING	732	-999	P	1563
1266005197250	0	RECOG_CR_PRES	6	ICING	732	-999	P	917
1266005198500	1	RECOG_FEEDBACK	1
1266005199299	0	RECOG_PRES	6	MAJOR	859	-999	P	956
1266005200624	0	RECOG_CR_PRES	6	MAJOR	859	-999	P	751
1266005201683	1	RECOG_FEEDBACK	1
1266005202474	0	RECOG_PRES	6	MOON	914	-999	P	949
1266005203799	0	RECOG_CR_PRES	6	MOON	914	-999	P	720
1266005204841	1	RECOG_FEEDBACK	1
1266005205582	0	RECOG_PRES	6	TAVERN	1437	-999	P	1513
1266005207466	0	RECOG_CR_PRES	6	TAVERN	1437	-999	P	493
1266005208307	1	RECOG_FEEDBACK	1
1266005209099	0	RECOG_PRES	6	MATTRESS	879	-999	P	1588
1266005211058	0	RECOG_CR_PRES	6	MATTRESS	879	-999	P	2141
1266005213557	1	RECOG_FEEDBACK	0
1266005214332	0	RECOG_PRES	6	CHAMPAGNE	278	-999	P	1491
1266005216198	0	RECOG_CR_PRES	6	CHAMPAGNE	278	-999	P	737
1266005217273	1	RECOG_FEEDBACK	1
1266005218074	0	RECOG_PRES	6	CORPORATION	382	-999	P	1405
1266005219848	0	RECOG_CR_PRES	6	CORPORATION	382	-999	P	519
1266005220698	1	RECOG_FEEDBACK	1
1266005221456	0	RECOG_PRES	6	TROUSERS	1510	-999	P	1079
1266005222906	0	RECOG_CR_PRES	6	TROUSERS	1510	-999	P	1421
1266005224639	1	RECOG_FEEDBACK	1
1266005225373	0	RECOG_PRES	6	FOREST	593	-999	P	1058
1266005226806	0	RECOG_CR_PRES	6	FOREST	593	-999	P	841
1266005227972	1	RECOG_FEEDBACK	1
1266005228772	0	RECOG_PRES	6	HAWK	692	-999	P	923
1266005230057	0	RECOG_CR_PRES	6	HAWK	692	-999	P	526
1266005230897	1	RECOG_FEEDBACK	1
1266005231655	0	RECOG_PRES	6	APRON	35	-999	P	944
1266005232972	0	RECOG_CR_PRES	6	APRON	35	-999	P	627
1266005233922	1	RECOG_FEEDBACK	1
1266005234672	0	RECOG_PRES	6	RATTLE	1170	-999	P	823
1266005235863	0	RECOG_CR_PRES	6	RATTLE	1170	-999	P	641
1266005236822	1	RECOG_FEEDBACK	1
1266005237555	0	RECOG_PRES	6	WIDOW	1608	-999	P	1485
1266005239413	0	RECOG_CR_PRES	6	WIDOW	1608	-999	P	1042
1266005240796	1	RECOG_FEEDBACK	1
1266005241546	0	RECOG_PRES	6	ATHLETE	52	-999	P	1109
1266005243022	0	RECOG_CR_PRES	6	ATHLETE	52	-999	P	721
1266005244047	1	RECOG_FEEDBACK	1
1266005245605	0	REST
1266005246524	1	REC_START
1266005246563	0	RECOG_PRES	7	DRAWER	493	-999	P	1564
1266005248496	0	RECOG_CR_PRES	7	DRAWER	493	-999	P	719
1266005249537	1	RECOG_FEEDBACK	1
1266005250312	0	RECOG_PRES	7	CEREAL	272	-999	P	1047
1266005251729	0	RECOG_CR_PRES	7	CEREAL	272	-999	P	678
1266005252712	1	RECOG_FEEDBACK	0
1266005253429	0	RECOG_PRES	7	ANTEATER	26	-999	P	1410
1266005255212	0	RECOG_CR_PRES	7	ANTEATER	26	-999	P	539
1266005256087	1	RECOG_FEEDBACK	1
1266005256879	0	RECOG_PRES	7	COMPASS	358	-999	P	1272
1266005258520	0	RECOG_CR_PRES	7	COMPASS	358	-999	P	679
1266005259520	1	RECOG_FEEDBACK	1
1266005260262	0	RECOG_PRES	7	CAT	257	-999	P	1305
1266005261937	0	RECOG_CR_PRES	7	CAT	257	-999	P	710
1266005262978	1	RECOG_FEEDBACK	0
1266005263778	0	RECOG_PRES	7	TONGUE	1479	-999	P	1205
1266005265353	0	RECOG_CR_PRES	7	TONGUE	1479	-999	P	742
1266005266420	1	RECOG_FEEDBACK	1
1266005267161	0	RECOG_PRES	7	SPIDER	1351	-999	P	867
1266005268428	0	RECOG_CR_PRES	7	SPIDER	1351	-999	P	731
1266005269436	1	RECOG_FEEDBACK	1
1266005270194	0	RECOG_PRES	7	DISHWASHER	475	-999	P	1157
1266005271727	0	RECOG_CR_PRES	7	DISHWASHER	475	-999	P	832
1266005272886	1	RECOG_FEEDBACK	1
1266005273602	0	RECOG_PRES	7	TOMBSTONE	1478	-999	P	1197
1266005275169	0	RECOG_CR_PRES	7	TOMBSTONE	1478	-999	P	478
1266005275977	1	RECOG_FEEDBACK	1
1266005276686	0	RECOG_PRES	7	CLOUD	328	-999	P	969
1266005278020	0	RECOG_CR_PRES	7	CLOUD	328	-999	P	648
1266005279036	1	RECOG_FEEDBACK	1
1266005279802	0	RECOG_PRES	7	LIMB	822	-999	P	1222
1266005281393	0	RECOG_CR_PRES	7	LIMB	822	-999	P	750
1266005282477	1	RECOG_FEEDBACK	1
1266005283210	0	RECOG_PRES	7	ATTIC	56	-999	P	1437
1266005285011	0	RECOG_CR_PRES	7	ATTIC	56	-999	P	636
1266005285993	1	RECOG_FEEDBACK	1
1266005286726	0	RECOG_PRES	7	MILDEW	893	-999	P	1073
1266005288168	0	RECOG_CR_PRES	7	MILDEW	893	-999	P	695
1266005289193	1	RECOG_FEEDBACK	1
1266005289910	0	RECOG_PRES	7	SCOTCH	1251	-999	P	937
1266005291209	0	RECOG_CR_PRES	7	SCOTCH	1251	-999	P	702
1266005292243	1	RECOG_FEEDBACK	1
1266005293019	0	RECOG_PRES	7	CELERY	266	-999	P	956
1266005294351	0	RECOG_CR_PRES	7	CELERY	266	-999	P	568
1266005295242	1	RECOG_FEEDBACK	1
1266005295967	0	RECOG_PRES	7	TURNIP	1521	-999	P	2065
1266005298401	0	RECOG_CR_PRES	7	TURNIP	1521	-999	P	550
1266005299309	1	RECOG_FEEDBACK	1
1266005300035	0	RECOG_PRES	7	NITROGEN	954	-999	P	1692
1266005302100	0	RECOG_CR_PRES	7	NITROGEN	954	-999	P	1195
1266005303642	1	RECOG_FEEDBACK	1
1266005304417	0	RECOG_PRES	7	RESTAURANT	1187	-999	P	1631
1266005306417	0	RECOG_CR_PRES	7	RESTAURANT	1187	-999	P	623
1266005307375	1	RECOG_FEEDBACK	1
1266005308183	0	RECOG_PRES	7	VAN	1548	-999	P	1088
1266005309641	0	RECOG_CR_PRES	7	VAN	1548	-999	P	1054
1266005311026	1	RECOG_FEEDBACK	1
1266005311783	0	RECOG_PRES	7	TUTU	1524	-999	P	920
1266005313067	0	RECOG_CR_PRES	7	TUTU	1524	-999	P	612
1266005313999	1	RECOG_FEEDBACK	1
1266005321957	0	REST
1266005322773	1	REC_START
1266005322807	0	RECOG_PRES	8	CASHIER	254	-999	P	2320
1266005325499	0	RECOG_CR_PRES	8	CASHIER	254	-999	P	1525
1266005327382	1	RECOG_FEEDBACK	1
1266005328107	0	RECOG_PRES	8	HORSE	719	-999	P	1364
1266005329840	0	RECOG_CR_PRES	8	HORSE	719	-999	P	775
1266005330948	1	RECOG_FEEDBACK	1
1266005331690	0	RECOG_PRES	8	WALRUS	1585	-999	P	1789
1266005333848	0	RECOG_CR_PRES	8	WALRUS	1585	-999	P	1559
1266005335764	1	RECOG_FEEDBACK	0
1266005336506	0	RECOG_PRES	8	BISON	131	-999	P	1293
1266005338173	0	RECOG_CR_PRES	8	BISON	131	-999	P	1066
1266005339564	1	RECOG_FEEDBACK	1
1266005340314	0	RECOG_PRES	8	PIMPLE	1071	-999	P	1117
1266005341806	0	RECOG_CR_PRES	8	PIMPLE	1071	-999	P	1049
1266005343181	1	RECOG_FEEDBACK	1
1266005343981	0	RECOG_PRES	8	RANCH	1166	-999	P	3658
1266005348006	0	RECOG_CR_PRES	8	RANCH	1166	-999	P	1002
1266005349405	1	RECOG_FEEDBACK	1
1266005350113	0	RECOG_PRES	8	AWARD	63	-999	P	2014
1266005352497	0	RECOG_CR_PRES	8	AWARD	63	-999	P	862
1266005353722	1	RECOG_FEEDBACK	1
1266005354446	0	RECOG_PRES	8	STEREO	1378	-999	P	1081
1266005355896	0	RECOG_CR_PRES	8	STEREO	1378	-999	P	511
1266005356738	1	RECOG_FEEDBACK	0
1266005357463	0	RECOG_PRES	8	LIZARD	834	-999	P	1424
1266005359254	0	RECOG_CR_PRES	8	LIZARD	834	-999	P	1689
1266005361263	1	RECOG_FEEDBACK	1
1266005362022	0	RECOG_PRES	8	JUNGLE	764	-999	P	1369
1266005363762	0	RECOG_CR_PRES	8	JUNGLE	764	-999	P	1445
1266005365529	1	RECOG_FEEDBACK	1
1266005366296	0	RECOG_PRES	8	HAMMOCK	681	-999	P	2575
1266005369245	0	RECOG_CR_PRES	8	HAMMOCK	681	-999	P	795
1266005370387	1	RECOG_FEEDBACK	0
1266005371179	0	RECOG_PRES	8	CINNAMON	310	-999	P	1524
1266005373071	0	RECOG_CR_PRES	8	CINNAMON	310	-999	P	800
1266005374212	1	RECOG_FEEDBACK	1
1266005375004	0	RECOG_PRES	8	PIG	1064	-999	P	1883
1266005377261	0	RECOG_CR_PRES	8	PIG	1064	-999	P	1042
1266005378653	1	RECOG_FEEDBACK	1
1266005379420	0	RECOG_PRES	8	COCOON	339	-999	P	3291
1266005383079	0	RECOG_CR_PRES	8	COCOON	339	-999	P	608
1266005384062	1	RECOG_FEEDBACK	0
1266005384852	0	RECOG_PRES	8	STEW	1380	-999	P	1611
1266005386827	0	RECOG_CR_PRES	8	STEW	1380	-999	P	1076
1266005388244	1	RECOG_FEEDBACK	1
1266005388994	0	RECOG_PRES	8	FELLOW	558	-999	P	1149
1266005390510	0	RECOG_CR_PRES	8	FELLOW	558	-999	P	641
1266005391485	1	RECOG_FEEDBACK	1
1266005392219	0	RECOG_PRES	8	MEDICINE	886	-999	P	1164
1266005393752	0	RECOG_CR_PRES	8	MEDICINE	886	-999	P	567
1266005394643	1	RECOG_FEEDBACK	1
1266005395360	0	RECOG_PRES	8	NOMAD	955	-999	P	1103
1266005396835	0	RECOG_CR_PRES	8	NOMAD	955	-999	P	1396
1266005398552	1	RECOG_FEEDBACK	1
1266005399343	0	RECOG_PRES	8	DAGGER	434	-999	P	1040
1266005400751	0	RECOG_CR_PRES	8	DAGGER	434	-999	P	840
1266005401901	1	RECOG_FEEDBACK	1
1266005402693	0	RECOG_PRES	8	VEAL	1551	-999	P	1082
1266005404151	0	RECOG_CR_PRES	8	VEAL	1551	-999	P	624
1266005405101	1	RECOG_FEEDBACK	1
1266005410934	0	REST
1266005412050	1	REC_START
1266005412084	0	RECOG_PRES	9	BLENDER	136	-999	P	948
1266005413400	0	RECOG_CR_PRES	9	BLENDER	136	-999	P	567
1266005414284	1	RECOG_FEEDBACK	1
1266005415018	0	RECOG_PRES	9	KEG	770	-999	P	873
1266005416292	0	RECOG_CR_PRES	9	KEG	770	-999	P	515
1266005417125	1	RECOG_FEEDBACK	1
1266005417850	0	RECOG_PRES	9	HANDCUFFS	685	-999	P	1874
1266005420125	0	RECOG_CR_PRES	9	HANDCUFFS	685	-999	P	442
1266005420908	1	RECOG_FEEDBACK	1
1266005421616	0	RECOG_PRES	9	CAGE	218	-999	P	1119
1266005423108	0	RECOG_CR_PRES	9	CAGE	218	-999	P	579
1266005424009	1	RECOG_FEEDBACK	1
1266005424766	0	RECOG_PRES	9	BEAVER	109	-999	P	1353
1266005426491	0	RECOG_CR_PRES	9	BEAVER	109	-999	P	748
1266005427574	1	RECOG_FEEDBACK	1
1266005428358	0	RECOG_PRES	9	WOLF	1619	-999	P	1497
1266005430224	0	RECOG_CR_PRES	9	WOLF	1619	-999	P	519
1266005431082	1	RECOG_FEEDBACK	1
1266005431882	0	RECOG_PRES	9	PONY	1102	-999	P	981
1266005433232	0	RECOG_CR_PRES	9	PONY	1102	-999	P	487
1266005434033	1	RECOG_FEEDBACK	1
1266005434757	0	RECOG_PRES	9	SKI	1316	-999	P	1106
1266005436232	0	RECOG_CR_PRES	9	SKI	1316	-999	P	575
1266005437132	1	RECOG_FEEDBACK	1
1266005437890	0	RECOG_PRES	9	RACCOON	1153	-999	P	1021
1266005439282	0	RECOG_CR_PRES	9	RACCOON	1153	-999	P	581
1266005440182	1	RECOG_FEEDBACK	1
1266005440915	0	RECOG_PRES	9	TIGER	1467	-999	P	980
1266005442265	0	RECOG_CR_PRES	9	TIGER	1467	-999	P	510
1266005443107	1	RECOG_FEEDBACK	1
1266005443840	0	RECOG_PRES	9	BUSH	202	-999	P	2224
1266005446440	0	RECOG_CR_PRES	9	BUSH	202	-999	P	551
1266005447356	1	RECOG_FEEDBACK	1
1266005448081	0	RECOG_PRES	9	GOO	648	-999	P	1014
1266005449464	0	RECOG_CR_PRES	9	GOO	648	-999	P	623
1266005450406	1	RECOG_FEEDBACK	1
1266005451139	0	RECOG_PRES	9	OCEAN	970	-999	P	867
1266005452406	0	RECOG_CR_PRES	9	OCEAN	970	-999	P	489
1266005453214	1	RECOG_FEEDBACK	1
1266005454015	0	RECOG_PRES	9	TOMATO	1476	-999	P	904
1266005455289	0	RECOG_CR_PRES	9	TOMATO	1476	-999	P	422
1266005456032	1	RECOG_FEEDBACK	1
1266005456822	0	RECOG_PRES	9	RIFLE	1192	-999	P	921
1266005458106	0	RECOG_CR_PRES	9	RIFLE	1192	-999	P	461
1266005458889	1	RECOG_FEEDBACK	1
1266005459697	0	RECOG_PRES	9	PALM	1007	-999	P	838
1266005460905	0	RECOG_CR_PRES	9	PALM	1007	-999	P	686
1266005461905	1	RECOG_FEEDBACK	1
1266005462655	0	RECOG_PRES	9	INDIAN	736	-999	P	1680
1266005464705	0	RECOG_CR_PRES	9	INDIAN	736	-999	P	518
1266005465580	1	RECOG_FEEDBACK	1
1266005466338	0	RECOG_PRES	9	CUBE	420	-999	P	1445
1266005468146	0	RECOG_CR_PRES	9	CUBE	420	-999	P	565
1266005469039	1	RECOG_FEEDBACK	1
1266005469771	0	RECOG_PRES	9	EMPLOYEE	531	-999	P	860
1266005471006	0	RECOG_CR_PRES	9	EMPLOYEE	531	-999	P	553
1266005471871	1	RECOG_FEEDBACK	1
1266005472588	0	RECOG_PRES	9	BUCKET	184	-999	P	1315
1266005474279	0	RECOG_CR_PRES	9	BUCKET	184	-999	P	368
1266005474979	1	RECOG_FEEDBACK	1
1266005478629	0	REST
1266005479716	1	REC_START
1266005479746	0	RECOG_PRES	10	PLANT	1083	-999	P	893
1266005481005	0	RECOG_CR_PRES	10	PLANT	1083	-999	P	450
1266005481762	1	RECOG_FEEDBACK	1
1266005482545	0	RECOG_PRES	10	FINGER	567	-999	P	1118
1266005484030	0	RECOG_CR_PRES	10	FINGER	567	-999	P	721
1266005485063	1	RECOG_FEEDBACK	1
1266005485803	0	RECOG_PRES	10	WARRIOR	1589	-999	P	1213
1266005487387	0	RECOG_CR_PRES	10	WARRIOR	1589	-999	P	364
1266005488071	1	RECOG_FEEDBACK	1
1266005488845	0	RECOG_PRES	10	COPIER	377	-999	P	1042
1266005490261	0	RECOG_CR_PRES	10	COPIER	377	-999	P	634
1266005491211	1	RECOG_FEEDBACK	1
1266005492004	0	RECOG_PRES	10	TAR	1435	-999	P	1083
1266005493461	0	RECOG_CR_PRES	10	TAR	1435	-999	P	466
1266005494245	1	RECOG_FEEDBACK	0
1266005494970	0	RECOG_PRES	10	MAGAZINE	853	-999	P	1110
1266005496453	0	RECOG_CR_PRES	10	MAGAZINE	853	-999	P	603
1266005497378	1	RECOG_FEEDBACK	1
1266005498128	0	RECOG_PRES	10	PIE	1062	-999	P	759
1266005499252	0	RECOG_CR_PRES	10	PIE	1062	-999	P	411
1266005499961	1	RECOG_FEEDBACK	1
1266005500686	0	RECOG_PRES	10	BANQUET	86	-999	P	1185
1266005502244	0	RECOG_CR_PRES	10	BANQUET	86	-999	P	475
1266005503053	1	RECOG_FEEDBACK	0
1266005503835	0	RECOG_PRES	10	BUTLER	204	-999	P	1132
1266005505335	0	RECOG_CR_PRES	10	BUTLER	204	-999	P	713
1266005506369	1	RECOG_FEEDBACK	1
1266005507169	0	RECOG_PRES	10	BATTERY	101	-999	P	1470
1266005509003	0	RECOG_CR_PRES	10	BATTERY	101	-999	P	476
1266005509810	1	RECOG_FEEDBACK	0
1266005510602	0	RECOG_PRES	10	BROOK	177	-999	P	1365
1266005512343	0	RECOG_CR_PRES	10	BROOK	177	-999	P	384
1266005513069	1	RECOG_FEEDBACK	0
1266005513860	0	RECOG_PRES	10	FROST	609	-999	P	2275
1266005516510	0	RECOG_CR_PRES	10	FROST	609	-999	P	897
1266005517759	1	RECOG_FEEDBACK	1
1266005518559	0	RECOG_PRES	10	ARMY	39	-999	P	1704
1266005520634	0	RECOG_CR_PRES	10	ARMY	39	-999	P	541
1266005521542	1	RECOG_FEEDBACK	1
1266005522293	0	RECOG_PRES	10	JOINT	758	-999	P	890
1266005523559	0	RECOG_CR_PRES	10	JOINT	758	-999	P	320
1266005524192	1	RECOG_FEEDBACK	1
1266005524917	0	RECOG_PRES	10	DUST	508	-999	P	930
1266005526217	0	RECOG_CR_PRES	10	DUST	508	-999	P	390
1266005526917	1	RECOG_FEEDBACK	1
1266005527700	0	RECOG_PRES	10	SUBMARINE	1398	-999	P	931
1266005529000	0	RECOG_CR_PRES	10	SUBMARINE	1398	-999	P	423
1266005529734	1	RECOG_FEEDBACK	1
1266005530492	0	RECOG_PRES	10	CABBAGE	210	-999	P	1627
1266005532492	0	RECOG_CR_PRES	10	CABBAGE	210	-999	P	540
1266005533358	1	RECOG_FEEDBACK	0
1266005534100	0	RECOG_PRES	10	MARKET	871	-999	P	995
1266005535466	0	RECOG_CR_PRES	10	MARKET	871	-999	P	1117
1266005536908	1	RECOG_FEEDBACK	1
1266005537675	0	RECOG_PRES	10	VEGETABLE	1552	-999	P	1636
1266005539683	0	RECOG_CR_PRES	10	VEGETABLE	1552	-999	P	460
1266005540499	1	RECOG_FEEDBACK	1
1266005541216	0	RECOG_PRES	10	MINT	898	-999	P	883
1266005542508	0	RECOG_CR_PRES	10	MINT	898	-999	P	387
1266005543208	1	RECOG_FEEDBACK	1
1266005545916	0	REST
1266005547018	1	REC_START
1266005547050	0	RECOG_PRES	11	LITTER	832	-999	P	1030
1266005548449	0	RECOG_CR_PRES	11	LITTER	832	-999	P	438
1266005549199	1	RECOG_FEEDBACK	1
1266005549990	0	RECOG_PRES	11	SHAMPOO	1274	-999	P	1169
1266005551532	0	RECOG_CR_PRES	11	SHAMPOO	1274	-999	P	476
1266005552332	1	RECOG_FEEDBACK	1
1266005553098	0	RECOG_PRES	11	JUGGLER	763	-999	P	1069
1266005554540	0	RECOG_CR_PRES	11	JUGGLER	763	-999	P	347
1266005555207	1	RECOG_FEEDBACK	1
1266005556016	0	RECOG_PRES	11	CURTAIN	427	-999	P	3327
1266005559706	0	RECOG_CR_PRES	11	CURTAIN	427	-999	P	973
1266005561049	1	RECOG_FEEDBACK	1
1266005561856	0	RECOG_PRES	11	OBOE	969	-999	P	2127
1266005564356	0	RECOG_CR_PRES	11	OBOE	969	-999	P	483
1266005565181	1	RECOG_FEEDBACK	1
1266005565973	0	RECOG_PRES	11	CLAM	315	-999	P	1370
1266005567714	0	RECOG_CR_PRES	11	CLAM	315	-999	P	557
1266005568589	1	RECOG_FEEDBACK	1
1266005569322	0	RECOG_PRES	11	WHIP	1604	-999	P	981
1266005570672	0	RECOG_CR_PRES	11	WHIP	1604	-999	P	567
1266005571530	1	RECOG_FEEDBACK	1
1266005572280	0	RECOG_PRES	11	BOWL	158	-999	P	1319
1266005573972	0	RECOG_CR_PRES	11	BOWL	158	-999	P	515
1266005574814	1	RECOG_FEEDBACK	0
1266005575622	0	RECOG_PRES	11	ACTOR	5	-999	P	1313
1266005577305	0	RECOG_CR_PRES	11	ACTOR	5	-999	P	550
1266005578155	1	RECOG_FEEDBACK	1
1266005578947	0	RECOG_PRES	11	FIELD	562	-999	P	1468
1266005580788	0	RECOG_CR_PRES	11	FIELD	562	-999	P	763
1266005581880	1	RECOG_FEEDBACK	1
1266005582613	0	RECOG_PRES	11	SENATE	1267	-999	P	1427
1266005584413	0	RECOG_CR_PRES	11	SENATE	1267	-999	P	578
1266005585313	1	RECOG_FEEDBACK	1
1266005586039	0	RECOG_PRES	11	HEART	697	-999	P	1112
1266005587521	0	RECOG_CR_PRES	11	HEART	697	-999	P	374
1266005588221	1	RECOG_FEEDBACK	1
1266005589022	0	RECOG_PRES	11	COIN	343	-999	P	1073
1266005590462	0	RECOG_CR_PRES	11	COIN	343	-999	P	329
1266005591104	1	RECOG_FEEDBACK	1
1266005591862	0	RECOG_PRES	11	CANARY	227	-999	P	1673
1266005593904	0	RECOG_CR_PRES	11	CANARY	227	-999	P	351
1266005594596	1	RECOG_FEEDBACK	1
1266005595404	0	RECOG_PRES	11	ASH	44	-999	P	799
1266005596604	0	RECOG_CR_PRES	11	ASH	44	-999	P	259
1266005597145	1	RECOG_FEEDBACK	1
1266005597929	0	RECOG_PRES	11	BAG	69	-999	P	982
1266005599287	0	RECOG_CR_PRES	11	BAG	69	-999	P	376
1266005599987	1	RECOG_FEEDBACK	1
1266005600703	0	RECOG_PRES	11	BINDER	127	-999	P	976
1266005602046	0	RECOG_CR_PRES	11	BINDER	127	-999	P	385
1266005602745	1	RECOG_FEEDBACK	1
1266005603553	0	RECOG_PRES	11	COP	376	-999	P	910
1266005604836	0	RECOG_CR_PRES	11	COP	376	-999	P	355
1266005605503	1	RECOG_FEEDBACK	1
1266005606228	0	RECOG_PRES	11	EAGLE	512	-999	P	771
1266005607370	0	RECOG_CR_PRES	11	EAGLE	512	-999	P	389
1266005608062	1	RECOG_FEEDBACK	1
1266005608844	0	RECOG_PRES	11	ANIMAL	23	-999	P	819
1266005610029	0	RECOG_CR_PRES	11	ANIMAL	23	-999	P	394
1266005610728	1	RECOG_FEEDBACK	1
1266005612503	0	REST
1266005613384	1	REC_START
1266005613419	0	RECOG_PRES	12	KEEPER	769	-999	P	1508
1266005615302	0	RECOG_CR_PRES	12	KEEPER	769	-999	P	641
1266005616302	1	RECOG_FEEDBACK	0
1266005617070	0	RECOG_PRES	12	WINE	1613	-999	P	1017
1266005618460	0	RECOG_CR_PRES	12	WINE	1613	-999	P	475
1266005619227	1	RECOG_FEEDBACK	1
1266005619944	0	RECOG_PRES	12	SWING	1421	-999	P	823
1266005621135	0	RECOG_CR_PRES	12	SWING	1421	-999	P	424
1266005621802	1	RECOG_FEEDBACK	-1
1266005622543	0	RECOG_PRES	12	BOY	161	-999	P	2296
1266005625210	0	RECOG_CR_PRES	12	BOY	161	-999	P	501
1266005626069	1	RECOG_FEEDBACK	1
1266005626785	0	RECOG_PRES	12	SLEEVE	1324	-999	P	974
1266005628135	0	RECOG_CR_PRES	12	SLEEVE	1324	-999	P	432
1266005628885	1	RECOG_FEEDBACK	1
1266005629601	0	RECOG_PRES	12	COLESLAW	344	-999	P	926
1266005630901	0	RECOG_CR_PRES	12	COLESLAW	344	-999	P	530
1266005631743	1	RECOG_FEEDBACK	1
1266005632459	0	RECOG_PRES	12	RAFT	1159	-999	P	1236
1266005634060	0	RECOG_CR_PRES	12	RAFT	1159	-999	P	411
1266005634793	1	RECOG_FEEDBACK	1
1266005635592	0	RECOG_PRES	12	OTTER	986	-999	P	855
1266005636817	0	RECOG_CR_PRES	12	OTTER	986	-999	P	422
1266005637551	1	RECOG_FEEDBACK	1
1266005638342	0	RECOG_PRES	12	RULER	1216	-999	P	1009
1266005639726	0	RECOG_CR_PRES	12	RULER	1216	-999	P	354
1266005640409	1	RECOG_FEEDBACK	1
1266005641200	0	RECOG_PRES	12	THUMB	1462	-999	P	1175
1266005642750	0	RECOG_CR_PRES	12	THUMB	1462	-999	P	306
1266005643392	1	RECOG_FEEDBACK	1
1266005644167	0	RECOG_PRES	12	SIREN	1310	-999	P	832
1266005645375	0	RECOG_CR_PRES	12	SIREN	1310	-999	P	368
1266005646051	1	RECOG_FEEDBACK	1
1266005646833	0	RECOG_PRES	12	CAFE	216	-999	P	894
1266005648100	0	RECOG_CR_PRES	12	CAFE	216	-999	P	403
1266005648817	1	RECOG_FEEDBACK	1
1266005649625	0	RECOG_PRES	12	DOLL	481	-999	P	1254
1266005651250	0	RECOG_CR_PRES	12	DOLL	481	-999	P	477
1266005652067	1	RECOG_FEEDBACK	1
1266005652825	0	RECOG_PRES	12	MAMMAL	861	-999	P	758
1266005653958	0	RECOG_CR_PRES	12	MAMMAL	861	-999	P	289
1266005654549	1	RECOG_FEEDBACK	1
1266005655299	0	RECOG_PRES	12	CHIME	300	-999	P	1220
1266005656891	0	RECOG_CR_PRES	12	CHIME	300	-999	P	420
1266005657641	1	RECOG_FEEDBACK	1
1266005658391	0	RECOG_PRES	12	SUPERMARKET	1409	-999	P	1608
1266005660374	0	RECOG_CR_PRES	12	SUPERMARKET	1409	-999	P	417
1266005661107	1	RECOG_FEEDBACK	1
1266005661857	0	RECOG_PRES	12	THESAURUS	1454	-999	P	1110
1266005663340	0	RECOG_CR_PRES	12	THESAURUS	1454	-999	P	395
1266005664050	1	RECOG_FEEDBACK	1
1266005664849	0	RECOG_PRES	12	BRIDGE	174	-999	P	1054
1266005666274	0	RECOG_CR_PRES	12	BRIDGE	174	-999	P	325
1266005666932	1	RECOG_FEEDBACK	1
1266005667740	0	RECOG_PRES	12	TRASH	1497	-999	P	1563
1266005669673	0	RECOG_CR_PRES	12	TRASH	1497	-999	P	414
1266005670432	1	RECOG_FEEDBACK	0
1266005671190	0	RECOG_PRES	12	LAWYER	806	-999	P	905
1266005672456	0	RECOG_CR_PRES	12	LAWYER	806	-999	P	407
1266005673190	1	RECOG_FEEDBACK	1
1266005675965	0	REST
1266005676940	1	REC_START
1266005676973	0	RECOG_PRES	13	ASTEROID	50	-999	P	1059
1266005678406	0	RECOG_CR_PRES	13	ASTEROID	50	-999	P	353
1266005679074	1	RECOG_FEEDBACK	1
1266005679798	0	RECOG_PRES	13	GUITAR	670	-999	P	1785
1266005681956	0	RECOG_CR_PRES	13	GUITAR	670	-999	P	363
1266005682664	1	RECOG_FEEDBACK	1
1266005683431	0	RECOG_PRES	13	CONCRETE	361	-999	P	1992
1266005685797	0	RECOG_CR_PRES	13	CONCRETE	361	-999	P	506
1266005686647	1	RECOG_FEEDBACK	1
1266005687372	0	RECOG_PRES	13	BASKET	95	-999	P	2131
1266005689872	0	RECOG_CR_PRES	13	BASKET	95	-999	P	383
1266005690605	1	RECOG_FEEDBACK	0
1266005691347	0	RECOG_PRES	13	DAUGHTER	442	-999	P	1532
1266005693263	0	RECOG_CR_PRES	13	DAUGHTER	442	-999	P	368
1266005693980	1	RECOG_FEEDBACK	1
1266005694755	0	RECOG_PRES	13	PATIO	1025	-999	P	1196
1266005696321	0	RECOG_CR_PRES	13	PATIO	1025	-999	P	462
1266005697113	1	RECOG_FEEDBACK	1
1266005697888	0	RECOG_PRES	13	GENTLEMAN	631	-999	P	815
1266005699072	0	RECOG_CR_PRES	13	GENTLEMAN	631	-999	P	375
1266005699763	1	RECOG_FEEDBACK	1
1266005700563	0	RECOG_PRES	13	BARN	89	-999	P	807
1266005701771	0	RECOG_CR_PRES	13	BARN	89	-999	P	348
1266005702421	1	RECOG_FEEDBACK	1
1266005703196	0	RECOG_PRES	13	BUREAU	199	-999	P	812
1266005704379	0	RECOG_CR_PRES	13	BUREAU	199	-999	P	324
1266005705022	1	RECOG_FEEDBACK	1
1266005705829	0	RECOG_PRES	13	HORNET	718	-999	P	799
1266005707022	0	RECOG_CR_PRES	13	HORNET	718	-999	P	313
1266005707637	1	RECOG_FEEDBACK	1
1266005708421	0	RECOG_PRES	13	SHACK	1273	-999	P	1346
1266005710137	0	RECOG_CR_PRES	13	SHACK	1273	-999	P	879
1266005711345	1	RECOG_FEEDBACK	1
1266005712112	0	RECOG_PRES	13	KITCHEN	778	-999	P	1351
1266005713837	0	RECOG_CR_PRES	13	KITCHEN	778	-999	P	586
1266005714770	1	RECOG_FEEDBACK	1
1266005715503	0	RECOG_PRES	13	CANOE	233	-999	P	1112
1266005716986	0	RECOG_CR_PRES	13	CANOE	233	-999	P	981
1266005718303	1	RECOG_FEEDBACK	1
1266005719046	0	RECOG_PRES	13	BELT	120	-999	P	1313
1266005720728	0	RECOG_CR_PRES	13	BELT	120	-999	P	591
1266005721653	1	RECOG_FEEDBACK	1
1266005722428	0	RECOG_PRES	13	WHALE	1601	-999	P	867
1266005723669	0	RECOG_CR_PRES	13	WHALE	1601	-999	P	387
1266005724369	1	RECOG_FEEDBACK	1
1266005725111	0	RECOG_PRES	13	PENDULUM	1043	-999	P	1088
1266005726569	0	RECOG_CR_PRES	13	PENDULUM	1043	-999	P	590
1266005727469	1	RECOG_FEEDBACK	1
1266005728227	0	RECOG_PRES	13	LAUNDRY	803	-999	P	884
1266005729486	0	RECOG_CR_PRES	13	LAUNDRY	803	-999	P	281
1266005730062	1	RECOG_FEEDBACK	1
1266005730860	0	RECOG_PRES	13	BRICK	172	-999	P	715
1266005731944	0	RECOG_CR_PRES	13	BRICK	172	-999	P	367
1266005732610	1	RECOG_FEEDBACK	1
1266005733344	0	RECOG_PRES	13	BALLOT	76	-999	P	831
1266005734544	0	RECOG_CR_PRES	13	BALLOT	76	-999	P	1464
1266005736318	1	RECOG_FEEDBACK	0
1266005737028	0	RECOG_PRES	13	PRISON	1127	-999	P	1739
1266005739143	0	RECOG_CR_PRES	13	PRISON	1127	-999	P	368
1266005739835	1	RECOG_FEEDBACK	0
1266005741610	0	REST
1266005742810	1	REC_START
1266005742843	0	RECOG_PRES	14	CRUMB	416	-999	P	1420
1266005744634	0	RECOG_CR_PRES	14	CRUMB	416	-999	P	453
1266005745409	1	RECOG_FEEDBACK	0
1266005746118	0	RECOG_PRES	14	FISH	571	-999	P	946
1266005747434	0	RECOG_CR_PRES	14	FISH	571	-999	P	381
1266005748118	1	RECOG_FEEDBACK	1
1266005748834	0	RECOG_PRES	14	VEST	1559	-999	P	1429
1266005750634	0	RECOG_CR_PRES	14	VEST	1559	-999	P	390
1266005751342	1	RECOG_FEEDBACK	1
1266005752077	0	RECOG_PRES	14	COMET	353	-999	P	864
1266005753342	0	RECOG_CR_PRES	14	COMET	353	-999	P	345
1266005753992	1	RECOG_FEEDBACK	1
1266005754742	0	RECOG_PRES	14	CREEK	404	-999	P	929
1266005756035	0	RECOG_CR_PRES	14	CREEK	404	-999	P	388
1266005756725	1	RECOG_FEEDBACK	1
1266005757475	0	RECOG_PRES	14	CHECK	284	-999	P	1052
1266005758900	0	RECOG_CR_PRES	14	CHECK	284	-999	P	363
1266005759583	1	RECOG_FEEDBACK	1
1266005760375	0	RECOG_PRES	14	WRITER	1627	-999	P	2176
1266005762916	0	RECOG_CR_PRES	14	WRITER	1627	-999	P	451
1266005763741	1	RECOG_FEEDBACK	1
1266005764508	0	RECOG_PRES	14	TEENAGER	1444	-999	P	1548
1266005766424	0	RECOG_CR_PRES	14	TEENAGER	1444	-999	P	439
1266005767199	1	RECOG_FEEDBACK	1
1266005767949	0	RECOG_PRES	14	KNOB	787	-999	P	1802
1266005770124	0	RECOG_CR_PRES	14	KNOB	787	-999	P	315
1266005770766	1	RECOG_FEEDBACK	0
1266005771507	0	RECOG_PRES	14	MONUMENT	913	-999	P	1124
1266005773008	0	RECOG_CR_PRES	14	MONUMENT	913	-999	P	279
1266005773591	1	RECOG_FEEDBACK	1
1266005774349	0	RECOG_PRES	14	CRIB	407	-999	P	1409
1266005776141	0	RECOG_CR_PRES	14	CRIB	407	-999	P	586
1266005777041	1	RECOG_FEEDBACK	1
1266005777824	0	RECOG_PRES	14	COUSIN	392	-999	P	1999
1266005780198	0	RECOG_CR_PRES	14	COUSIN	392	-999	P	826
1266005781365	1	RECOG_FEEDBACK	1
1266005782123	0	RECOG_PRES	14	STEWARDESS	1381	-999	P	1901
1266005784398	0	RECOG_CR_PRES	14	STEWARDESS	1381	-999	P	401
1266005785140	1	RECOG_FEEDBACK	1
1266005785856	0	RECOG_PRES	14	WALL	1582	-999	P	2455
1266005788681	0	RECOG_CR_PRES	14	WALL	1582	-999	P	566
1266005789606	1	RECOG_FEEDBACK	1
1266005790406	0	RECOG_PRES	14	PAIL	1002	-999	P	945
1266005791723	0	RECOG_CR_PRES	14	PAIL	1002	-999	P	412
1266005792439	1	RECOG_FEEDBACK	1
1266005793181	0	RECOG_PRES	14	SURF	1412	-999	P	1074
1266005794622	0	RECOG_CR_PRES	14	SURF	1412	-999	P	442
1266005795372	1	RECOG_FEEDBACK	1
1266005796089	0	RECOG_PRES	14	GRATE	657	-999	P	1142
1266005797606	0	RECOG_CR_PRES	14	GRATE	657	-999	P	505
1266005798356	1	RECOG_FEEDBACK	-1
1266005799155	0	RECOG_PRES	14	SUITCASE	1403	-999	P	3220
1266005802747	0	RECOG_CR_PRES	14	SUITCASE	1403	-999	P	380
1266005803489	1	RECOG_FEEDBACK	1
1266005804297	0	RECOG_PRES	14	POCKET	1093	-999	P	854
1266005805522	0	RECOG_CR_PRES	14	POCKET	1093	-999	P	565
1266005806397	1	RECOG_FEEDBACK	1
1266005807147	0	RECOG_PRES	14	FAUCET	555	-999	P	1020
1266005808538	0	RECOG_CR_PRES	14	FAUCET	555	-999	P	421
1266005809280	1	RECOG_FEEDBACK	1
1266005812096	0	REST
1266005813170	1	REC_START
1266005813204	0	RECOG_PRES	15	SHEPHERD	1283	-999	P	1860
1266005815438	0	RECOG_CR_PRES	15	SHEPHERD	1283	-999	P	489
1266005816263	1	RECOG_FEEDBACK	1
1266005817022	0	RECOG_PRES	15	FRIES	607	-999	P	1129
1266005818521	0	RECOG_CR_PRES	15	FRIES	607	-999	P	414
1266005819246	1	RECOG_FEEDBACK	1
1266005820022	0	RECOG_PRES	15	BOSS	152	-999	P	1377
1266005821770	0	RECOG_CR_PRES	15	BOSS	152	-999	P	1589
1266005823695	1	RECOG_FEEDBACK	1
1266005824445	0	RECOG_PRES	15	SNORKEL	1336	-999	P	1378
1266005826195	0	RECOG_CR_PRES	15	SNORKEL	1336	-999	P	829
1266005827337	1	RECOG_FEEDBACK	0
1266005828079	0	RECOG_PRES	15	SIDEWALK	1303	-999	P	2176
1266005830628	0	RECOG_CR_PRES	15	SIDEWALK	1303	-999	P	1811
1266005832786	1	RECOG_FEEDBACK	1
1266005833545	0	RECOG_PRES	15	PARTY	1018	-999	P	1062
1266005834978	0	RECOG_CR_PRES	15	PARTY	1018	-999	P	493
1266005835794	1	RECOG_FEEDBACK	1
1266005836553	0	RECOG_PRES	15	SKETCH	1315	-999	P	1926
1266005838853	0	RECOG_CR_PRES	15	SKETCH	1315	-999	P	338
1266005839536	1	RECOG_FEEDBACK	1
1266005840302	0	RECOG_PRES	15	CUPBOARD	425	-999	P	977
1266005841652	0	RECOG_CR_PRES	15	CUPBOARD	425	-999	P	467
1266005842436	1	RECOG_FEEDBACK	1
1266005843219	0	RECOG_PRES	15	MUFFIN	929	-999	P	1388
1266005844977	0	RECOG_CR_PRES	15	MUFFIN	929	-999	P	382
1266005845685	1	RECOG_FEEDBACK	0
1266005846427	0	RECOG_PRES	15	VAULT	1550	-999	P	1012
1266005847810	0	RECOG_CR_PRES	15	VAULT	1550	-999	P	397
1266005848527	1	RECOG_FEEDBACK	1
1266005849319	0	RECOG_PRES	15	SHRUB	1299	-999	P	928
1266005850618	0	RECOG_CR_PRES	15	SHRUB	1299	-999	P	398
1266005851343	1	RECOG_FEEDBACK	1
1266005852143	0	RECOG_PRES	15	CREATURE	403	-999	P	976
1266005853493	0	RECOG_CR_PRES	15	CREATURE	403	-999	P	402
1266005854210	1	RECOG_FEEDBACK	1
1266005854943	0	RECOG_PRES	15	DONKEY	484	-999	P	840
1266005856151	0	RECOG_CR_PRES	15	DONKEY	484	-999	P	448
1266005856910	1	RECOG_FEEDBACK	1
1266005857635	0	RECOG_PRES	15	FOLDER	588	-999	P	988
1266005858993	0	RECOG_CR_PRES	15	FOLDER	588	-999	P	430
1266005859734	1	RECOG_FEEDBACK	1
1266005860484	0	RECOG_PRES	15	FAIRY	549	-999	P	1019
1266005861876	0	RECOG_CR_PRES	15	FAIRY	549	-999	P	347
1266005862534	1	RECOG_FEEDBACK	1
1266005863284	0	RECOG_PRES	15	RECEPTIONIST	1174	-999	P	1283
1266005864942	0	RECOG_CR_PRES	15	RECEPTIONIST	1174	-999	P	433
1266005865701	1	RECOG_FEEDBACK	1
1266005866417	0	RECOG_PRES	15	REPORT	1184	-999	P	1934
1266005868725	0	RECOG_CR_PRES	15	REPORT	1184	-999	P	339
1266005869392	1	RECOG_FEEDBACK	1
1266005870159	0	RECOG_PRES	15	BALLOON	75	-999	P	1416
1266005871950	0	RECOG_CR_PRES	15	BALLOON	75	-999	P	857
1266005873068	1	RECOG_FEEDBACK	-1
1266005873825	0	RECOG_PRES	15	UMBRELLA	1534	-999	P	2822
1266005877009	0	RECOG_CR_PRES	15	UMBRELLA	1534	-999	P	534
1266005877925	1	RECOG_FEEDBACK	1
1266005878641	0	RECOG_PRES	15	STETHOSCOPE	1379	-999	P	1270
1266005880274	0	RECOG_CR_PRES	15	STETHOSCOPE	1379	-999	P	629
1266005881241	1	RECOG_FEEDBACK	1
1266005882020	0	RECOG_END
1266005883791	0	SESS_END
1266005883835	0	E	Logging Ends
