1303159133124	0	B	Logging Begins
1303159133124	0	SESS_START	15
1303159187102	1	FR_PRES	0	HARE	688	1	1	1622	(0.42259999999999998, 0.58709999999999996, 0)	../fonts/zerothre.ttf	lower
1303159190933	1	FR_PRES	0	BUNNY	198	1	1	719	(0.42259999999999998, 0.58709999999999996, 0)	../fonts/zerothre.ttf	lower
1303159194890	1	FR_PRES	0	VEIN	1554	0	0	2097	(0.57740000000000002, 0.41289999999999999, 1.0)	../fonts/amplitud.ttf	upper
1303159199022	1	FR_PRES	0	RUG	1215	0	1	982	(0.57740000000000002, 0.41289999999999999, 1.0)	../fonts/amplitud.ttf	upper
1303159202862	1	FR_PRES	0	CACTUS	215	0	1	1334	(0.57740000000000002, 0.41289999999999999, 1.0)	../fonts/amplitud.ttf	upper
1303159206844	1	FR_PRES	0	CAFE	216	0	1	880	(0.57740000000000002, 0.41289999999999999, 1.0)	../fonts/amplitud.ttf	upper
1303159210792	1	FR_PRES	0	DINNER	468	1	0	2516	(0.42259999999999998, 0.58709999999999996, 0)	../fonts/zerothre.ttf	lower
1303159214849	1	FR_PRES	0	TOY	1492	1	0	859	(0.42259999999999998, 0.58709999999999996, 0)	../fonts/zerothre.ttf	lower
1303159218749	1	FR_PRES	0	INMATE	738	1	1	863	(0.42259999999999998, 0.58709999999999996, 0)	../fonts/zerothre.ttf	lower
1303159222731	1	FR_PRES	0	SUGAR	1401	1	0	1040	(0.42259999999999998, 0.58709999999999996, 0)	../fonts/zerothre.ttf	lower
1303159226613	1	FR_PRES	0	TEENAGER	1444	1	1	943	(0.42259999999999998, 0.58709999999999996, 0)	../fonts/zerothre.ttf	lower
1303159230445	1	FR_PRES	0	SPIT	1354	1	0	975	(0.42259999999999998, 0.58709999999999996, 0)	../fonts/zerothre.ttf	lower
1303159234485	1	FR_PRES	0	TREE	1502	0	1	1679	(0.57740000000000002, 0.41289999999999999, 1.0)	../fonts/amplitud.ttf	upper
1303159238467	1	FR_PRES	0	FRUIT	610	0	0	1281	(0.57740000000000002, 0.41289999999999999, 1.0)	../fonts/amplitud.ttf	upper
1303159242624	1	FR_PRES	0	FUGITIVE	612	0	1	972	(0.57740000000000002, 0.41289999999999999, 1.0)	../fonts/amplitud.ttf	upper
1303159246656	1	FR_PRES	0	BATH	98	0	1	1012	(0.57740000000000002, 0.41289999999999999, 1.0)	../fonts/amplitud.ttf	upper
1303159252379	1	REC_START
1303159329451	0	REST
1303159330958	1	FR_PRES	1	GARAGE	621	0	1	1062	(0.57740000000000002, 0.41289999999999999, 1.0)	../fonts/amplitud.ttf	upper
1303159335074	1	FR_PRES	1	MECHANIC	884	0	1	1114	(0.57740000000000002, 0.41289999999999999, 1.0)	../fonts/amplitud.ttf	upper
1303159339056	1	FR_PRES	1	ELECTRON	522	0	0	1484	(0.57740000000000002, 0.41289999999999999, 1.0)	../fonts/amplitud.ttf	upper
1303159343155	1	FR_PRES	1	VIRUS	1572	1	1	2273	(0.42259999999999998, 0.58709999999999996, 0)	../fonts/zerothre.ttf	lower
1303159347303	1	FR_PRES	1	PAN	1008	1	0	877	(0.42259999999999998, 0.58709999999999996, 0)	../fonts/zerothre.ttf	lower
1303159351360	1	FR_PRES	1	KITCHEN	778	1	0	1324	(0.42259999999999998, 0.58709999999999996, 0)	../fonts/zerothre.ttf	lower
1303159355484	1	FR_PRES	1	CHURCH	307	1	0	1399	(0.42259999999999998, 0.58709999999999996, 0)	../fonts/zerothre.ttf	lower
1303159359416	1	FR_PRES	1	POND	1101	1	0	1060	(0.42259999999999998, 0.58709999999999996, 0)	../fonts/zerothre.ttf	lower
1303159363322	1	FR_PRES	1	LAMB	797	0	1	2322	(0.57740000000000002, 0.41289999999999999, 1.0)	../fonts/amplitud.ttf	upper
1303159367171	1	FR_PRES	1	ATOM	55	0	0	1337	(0.57740000000000002, 0.41289999999999999, 1.0)	../fonts/amplitud.ttf	upper
1303159371203	1	FR_PRES	1	LAWYER	806	0	1	712	(0.57740000000000002, 0.41289999999999999, 1.0)	../fonts/amplitud.ttf	upper
1303159375243	1	FR_PRES	1	GARDEN	623	1	1	1417	(0.42259999999999998, 0.58709999999999996, 0)	../fonts/zerothre.ttf	lower
1303159379375	1	FR_PRES	1	SARDINE	1235	1	1	2077	(0.42259999999999998, 0.58709999999999996, 0)	../fonts/zerothre.ttf	lower
1303159383315	1	FR_PRES	1	CORAL	378	1	1	801	(0.42259999999999998, 0.58709999999999996, 0)	../fonts/zerothre.ttf	lower
1303159387156	1	FR_PRES	1	STETHOSCOPE	1379	0	0	1296	(0.57740000000000002, 0.41289999999999999, 1.0)	../fonts/amplitud.ttf	upper
1303159390978	1	FR_PRES	1	HOE	711	0	1	1330	(0.57740000000000002, 0.41289999999999999, 1.0)	../fonts/amplitud.ttf	upper
1303159396919	1	REC_START
1303159473832	0	REST
1303159475333	1	FR_PRES	2	OCTOPUS	971	1	1	1590	(0.42259999999999998, 0.58709999999999996, 0)	../fonts/zerothre.ttf	lower
1303159479365	1	FR_PRES	2	ZUCCHINI	1638	1	1	1191	(0.42259999999999998, 0.58709999999999996, 0)	../fonts/zerothre.ttf	lower
1303159483555	1	FR_PRES	2	DRAWER	493	1	0	833	(0.42259999999999998, 0.58709999999999996, 0)	../fonts/zerothre.ttf	lower
1303159487428	1	FR_PRES	2	TROUT	1511	1	1	928	(0.42259999999999998, 0.58709999999999996, 0)	../fonts/zerothre.ttf	lower
1303159491494	1	FR_PRES	2	KITE	779	0	0	1526	(0.57740000000000002, 0.41289999999999999, 1.0)	../fonts/amplitud.ttf	upper
1303159495526	1	FR_PRES	2	PIGEON	1065	0	0	1349	(0.57740000000000002, 0.41289999999999999, 1.0)	../fonts/amplitud.ttf	upper
1303159499574	1	FR_PRES	2	EGG	518	0	0	1213	(0.57740000000000002, 0.41289999999999999, 1.0)	../fonts/amplitud.ttf	upper
1303159503523	1	FR_PRES	2	YOLK	1633	0	0	1057	(0.57740000000000002, 0.41289999999999999, 1.0)	../fonts/amplitud.ttf	upper
1303159507471	1	FR_PRES	2	POSTAGE	1113	1	0	1189	(0.42259999999999998, 0.58709999999999996, 0)	../fonts/zerothre.ttf	lower
1303159511678	1	FR_PRES	2	ENGINEER	536	1	1	998	(0.42259999999999998, 0.58709999999999996, 0)	../fonts/zerothre.ttf	lower
1303159515560	1	FR_PRES	2	FLASHLIGHT	575	1	0	932	(0.42259999999999998, 0.58709999999999996, 0)	../fonts/zerothre.ttf	lower
1303159519575	1	FR_PRES	2	PIER	1063	1	0	981	(0.42259999999999998, 0.58709999999999996, 0)	../fonts/zerothre.ttf	lower
1303159523457	1	FR_PRES	2	DIVER	476	0	1	1490	(0.57740000000000002, 0.41289999999999999, 1.0)	../fonts/amplitud.ttf	upper
1303159527414	1	FR_PRES	2	HANGER	687	0	1	2022	(0.57740000000000002, 0.41289999999999999, 1.0)	../fonts/amplitud.ttf	upper
1303159531413	1	FR_PRES	2	CHESS	294	0	1	1775	(0.57740000000000002, 0.41289999999999999, 1.0)	../fonts/amplitud.ttf	upper
1303159535420	1	FR_PRES	2	RECIPE	1175	0	0	976	(0.57740000000000002, 0.41289999999999999, 1.0)	../fonts/amplitud.ttf	upper
1303159541385	1	REC_START
1303159709466	0	REST
1303159710973	1	FR_PRES	3	FOUNTAIN	597	0	1	1159	(0.57740000000000002, 0.41289999999999999, 1.0)	../fonts/amplitud.ttf	upper
1303159714813	1	FR_PRES	3	SANDPAPER	1231	0	0	935	(0.57740000000000002, 0.41289999999999999, 1.0)	../fonts/amplitud.ttf	upper
1303159718954	1	FR_PRES	3	TAPE	1433	0	0	945	(0.57740000000000002, 0.41289999999999999, 1.0)	../fonts/amplitud.ttf	upper
1303159723061	1	FR_PRES	3	GYMNAST	675	0	1	1135	(0.57740000000000002, 0.41289999999999999, 1.0)	../fonts/amplitud.ttf	upper
1303159727102	1	FR_PRES	3	FRANCE	601	0	1	1214	(0.57740000000000002, 0.41289999999999999, 1.0)	../fonts/amplitud.ttf	upper
1303159731075	1	FR_PRES	3	LETTUCE	814	0	0	1377	(0.57740000000000002, 0.41289999999999999, 1.0)	../fonts/amplitud.ttf	upper
1303159735224	1	FR_PRES	3	TURNIP	1521	0	0	900	(0.57740000000000002, 0.41289999999999999, 1.0)	../fonts/amplitud.ttf	upper
1303159739347	1	FR_PRES	3	CHAUFFEUR	283	0	1	1480	(0.57740000000000002, 0.41289999999999999, 1.0)	../fonts/amplitud.ttf	upper
1303159743179	1	FR_PRES	3	LIMOUSINE	824	0	1	1720	(0.57740000000000002, 0.41289999999999999, 1.0)	../fonts/amplitud.ttf	upper
1303159747253	1	FR_PRES	3	BULLY	196	0	1	855	(0.57740000000000002, 0.41289999999999999, 1.0)	../fonts/amplitud.ttf	upper
1303159751460	1	FR_PRES	3	GLASSES	640	0	0	1056	(0.57740000000000002, 0.41289999999999999, 1.0)	../fonts/amplitud.ttf	upper
1303159755592	1	FR_PRES	3	FRECKLE	602	0	0	988	(0.57740000000000002, 0.41289999999999999, 1.0)	../fonts/amplitud.ttf	upper
1303159759715	1	FR_PRES	3	DAISY	435	0	0	937	(0.57740000000000002, 0.41289999999999999, 1.0)	../fonts/amplitud.ttf	upper
1303159763779	1	FR_PRES	3	CRITIC	410	0	1	729	(0.57740000000000002, 0.41289999999999999, 1.0)	../fonts/amplitud.ttf	upper
1303159767786	1	FR_PRES	3	LAKE	796	0	1	946	(0.57740000000000002, 0.41289999999999999, 1.0)	../fonts/amplitud.ttf	upper
1303159771776	1	FR_PRES	3	VIOLA	1570	0	1	1179	(0.57740000000000002, 0.41289999999999999, 1.0)	../fonts/amplitud.ttf	upper
1303159777651	1	REC_START
1303159859588	0	REST
1303159861096	1	FR_PRES	4	STRING	1394	-1	-1	-1303159861096	white	../fonts/Verdana.ttf	upper
1303159865194	1	FR_PRES	4	FLAG	573	-1	-1	-1303159865194	white	../fonts/Verdana.ttf	upper
1303159869135	1	FR_PRES	4	ONION	977	-1	-1	-1303159869135	white	../fonts/Verdana.ttf	upper
1303159873167	1	FR_PRES	4	CASKET	255	-1	-1	-1303159873167	white	../fonts/Verdana.ttf	upper
1303159877198	1	FR_PRES	4	ROBE	1198	-1	-1	-1303159877198	white	../fonts/Verdana.ttf	upper
1303159881264	1	FR_PRES	4	GOWN	652	-1	-1	-1303159881264	white	../fonts/Verdana.ttf	upper
1303159885462	1	FR_PRES	4	PADDLE	1000	-1	-1	-1303159885462	white	../fonts/Verdana.ttf	upper
1303159889527	1	FR_PRES	4	PORT	1110	-1	-1	-1303159889527	white	../fonts/Verdana.ttf	upper
1303159893518	1	FR_PRES	4	OBOE	969	-1	-1	-1303159893518	white	../fonts/Verdana.ttf	upper
1303159897491	1	FR_PRES	4	TOMB	1477	-1	-1	-1303159897491	white	../fonts/Verdana.ttf	upper
1303159901523	1	FR_PRES	4	STAPLER	1372	-1	-1	-1303159901523	white	../fonts/Verdana.ttf	upper
1303159905438	1	FR_PRES	4	SODA	1341	-1	-1	-1303159905438	white	../fonts/Verdana.ttf	upper
1303159909412	1	FR_PRES	4	SUSPECT	1415	-1	-1	-1303159909412	white	../fonts/Verdana.ttf	upper
1303159913269	1	FR_PRES	4	VAN	1548	-1	-1	-1303159913269	white	../fonts/Verdana.ttf	upper
1303159917309	1	FR_PRES	4	CART	250	-1	-1	-1303159917309	white	../fonts/Verdana.ttf	upper
1303159921416	1	FR_PRES	4	PATRIOT	1026	-1	-1	-1303159921416	white	../fonts/Verdana.ttf	upper
1303159927231	1	REC_START
1303160008385	0	REST
1303160009892	1	FR_PRES	5	BUILDING	191	1	0	2336	(0.42259999999999998, 0.58709999999999996, 0)	../fonts/zerothre.ttf	lower
1303160014050	1	FR_PRES	5	MUFFIN	929	1	0	1018	(0.42259999999999998, 0.58709999999999996, 0)	../fonts/zerothre.ttf	lower
1303160018098	1	FR_PRES	5	FACE	547	0	0	1570	(0.57740000000000002, 0.41289999999999999, 1.0)	../fonts/amplitud.ttf	upper
1303160022097	1	FR_PRES	5	CEREAL	272	0	0	1931	(0.57740000000000002, 0.41289999999999999, 1.0)	../fonts/amplitud.ttf	upper
1303160025995	1	FR_PRES	5	POSSUM	1112	0	0	1713	(0.57740000000000002, 0.41289999999999999, 1.0)	../fonts/amplitud.ttf	upper
1303160030052	1	FR_PRES	5	CHIPMUNK	304	1	1	1799	(0.42259999999999998, 0.58709999999999996, 0)	../fonts/zerothre.ttf	lower
1303160034184	1	FR_PRES	5	TWEEZERS	1526	1	0	1380	(0.42259999999999998, 0.58709999999999996, 0)	../fonts/zerothre.ttf	lower
1303160038266	1	FR_PRES	5	COW	393	1	1	1338	(0.42259999999999998, 0.58709999999999996, 0)	../fonts/zerothre.ttf	lower
1303160042406	1	FR_PRES	5	BOX	159	1	0	1477	(0.42259999999999998, 0.58709999999999996, 0)	../fonts/zerothre.ttf	lower
1303160046455	1	FR_PRES	5	SALESMAN	1225	0	1	1189	(0.57740000000000002, 0.41289999999999999, 1.0)	../fonts/amplitud.ttf	upper
1303160050304	1	FR_PRES	5	FIGHTER	564	0	1	964	(0.57740000000000002, 0.41289999999999999, 1.0)	../fonts/amplitud.ttf	upper
1303160054402	1	FR_PRES	5	CHIMNEY	301	0	1	1602	(0.57740000000000002, 0.41289999999999999, 1.0)	../fonts/amplitud.ttf	upper
1303160058392	1	FR_PRES	5	ARCHITECT	36	0	1	1172	(0.57740000000000002, 0.41289999999999999, 1.0)	../fonts/amplitud.ttf	upper
1303160062466	1	FR_PRES	5	BRICK	172	0	0	1082	(0.57740000000000002, 0.41289999999999999, 1.0)	../fonts/amplitud.ttf	upper
1303160066498	1	FR_PRES	5	PEDESTRIAN	1038	1	1	1154	(0.42259999999999998, 0.58709999999999996, 0)	../fonts/zerothre.ttf	lower
1303160070505	1	FR_PRES	5	CUSTOMER	430	1	1	1290	(0.42259999999999998, 0.58709999999999996, 0)	../fonts/zerothre.ttf	lower
1303160076320	1	REC_START
1303160166820	0	REST
1303160168328	1	FR_PRES	6	SHORE	1291	0	1	1499	(0.57740000000000002, 0.41289999999999999, 1.0)	../fonts/amplitud.ttf	upper
1303160172402	1	FR_PRES	6	TART	1436	0	0	1553	(0.57740000000000002, 0.41289999999999999, 1.0)	../fonts/amplitud.ttf	upper
1303160176259	1	FR_PRES	6	CREATURE	403	1	1	2017	(0.42259999999999998, 0.58709999999999996, 0)	../fonts/zerothre.ttf	lower
1303160180241	1	FR_PRES	6	SHELL	1281	1	0	907	(0.42259999999999998, 0.58709999999999996, 0)	../fonts/zerothre.ttf	lower
1303160184414	1	FR_PRES	6	TWIN	1528	1	1	1413	(0.42259999999999998, 0.58709999999999996, 0)	../fonts/zerothre.ttf	lower
1303160188421	1	FR_PRES	6	ATHLETE	52	1	1	967	(0.42259999999999998, 0.58709999999999996, 0)	../fonts/zerothre.ttf	lower
1303160192545	1	FR_PRES	6	COTTAGE	384	0	1	1314	(0.57740000000000002, 0.41289999999999999, 1.0)	../fonts/amplitud.ttf	upper
1303160196368	1	FR_PRES	6	BUILDER	190	0	1	1084	(0.57740000000000002, 0.41289999999999999, 1.0)	../fonts/amplitud.ttf	upper
1303160200534	1	FR_PRES	6	NIGHTGOWN	953	1	0	1998	(0.42259999999999998, 0.58709999999999996, 0)	../fonts/zerothre.ttf	lower
1303160204457	1	FR_PRES	6	STOCKING	1383	1	0	1091	(0.42259999999999998, 0.58709999999999996, 0)	../fonts/zerothre.ttf	lower
1303160208339	1	FR_PRES	6	RICE	1190	1	0	1217	(0.42259999999999998, 0.58709999999999996, 0)	../fonts/zerothre.ttf	lower
1303160212538	1	FR_PRES	6	BLACKBERRY	132	1	0	1233	(0.42259999999999998, 0.58709999999999996, 0)	../fonts/zerothre.ttf	lower
1303160216586	1	FR_PRES	6	LINEN	825	0	0	2289	(0.57740000000000002, 0.41289999999999999, 1.0)	../fonts/amplitud.ttf	upper
1303160220426	1	FR_PRES	6	RACCOON	1153	0	1	1634	(0.57740000000000002, 0.41289999999999999, 1.0)	../fonts/amplitud.ttf	upper
1303160224633	1	FR_PRES	6	BOOK	149	0	0	1091	(0.57740000000000002, 0.41289999999999999, 1.0)	../fonts/amplitud.ttf	upper
1303160228524	1	FR_PRES	6	BINDER	127	0	1	1696	(0.57740000000000002, 0.41289999999999999, 1.0)	../fonts/amplitud.ttf	upper
1303160234289	1	REC_START
1303160253060	0	REJECT
1303160315218	0	REST
1303160316726	1	FR_PRES	7	ASPIRIN	47	1	0	1390	(0.42259999999999998, 0.58709999999999996, 0)	../fonts/zerothre.ttf	lower
1303160320624	1	FR_PRES	7	HUSBAND	728	1	1	684	(0.42259999999999998, 0.58709999999999996, 0)	../fonts/zerothre.ttf	lower
1303160324706	1	FR_PRES	7	PLANET	1082	1	0	1201	(0.42259999999999998, 0.58709999999999996, 0)	../fonts/zerothre.ttf	lower
1303160328879	1	FR_PRES	7	EARTH	515	1	1	1309	(0.42259999999999998, 0.58709999999999996, 0)	../fonts/zerothre.ttf	lower
1303160332961	1	FR_PRES	7	RAKE	1164	1	0	818	(0.42259999999999998, 0.58709999999999996, 0)	../fonts/zerothre.ttf	lower
1303160336984	1	FR_PRES	7	DUST	508	1	0	1324	(0.42259999999999998, 0.58709999999999996, 0)	../fonts/zerothre.ttf	lower
1303160340916	1	FR_PRES	7	FOX	598	1	1	1063	(0.42259999999999998, 0.58709999999999996, 0)	../fonts/zerothre.ttf	lower
1303160344931	1	FR_PRES	7	STATUE	1374	1	0	1000	(0.42259999999999998, 0.58709999999999996, 0)	../fonts/zerothre.ttf	lower
1303160349006	1	FR_PRES	7	PENNY	1045	1	0	821	(0.42259999999999998, 0.58709999999999996, 0)	../fonts/zerothre.ttf	lower
1303160353021	1	FR_PRES	7	CAGE	218	1	0	1151	(0.42259999999999998, 0.58709999999999996, 0)	../fonts/zerothre.ttf	lower
1303160357103	1	FR_PRES	7	BELL	118	1	0	973	(0.42259999999999998, 0.58709999999999996, 0)	../fonts/zerothre.ttf	lower
1303160361185	1	FR_PRES	7	GRATE	657	1	0	1099	(0.42259999999999998, 0.58709999999999996, 0)	../fonts/zerothre.ttf	lower
1303160365192	1	FR_PRES	7	DOLLAR	482	1	0	1603	(0.42259999999999998, 0.58709999999999996, 0)	../fonts/zerothre.ttf	lower
1303160369107	1	FR_PRES	7	MOOSE	915	1	1	808	(0.42259999999999998, 0.58709999999999996, 0)	../fonts/zerothre.ttf	lower
1303160373181	1	FR_PRES	7	AIRCRAFT	11	1	0	943	(0.42259999999999998, 0.58709999999999996, 0)	../fonts/zerothre.ttf	lower
1303160377013	1	FR_PRES	7	STEWARDESS	1381	1	1	1255	(0.42259999999999998, 0.58709999999999996, 0)	../fonts/zerothre.ttf	lower
1303160383003	1	REC_START
1303160402372	0	REJECT
1303160423764	0	REJECT
1303160454564	0	REJECT
1303160465673	0	REST
1303160467181	1	FR_PRES	8	ULCER	1533	0	0	1686	(0.57740000000000002, 0.41289999999999999, 1.0)	../fonts/amplitud.ttf	upper
1303160471129	1	FR_PRES	8	CAULIFLOWER	262	0	0	1307	(0.57740000000000002, 0.41289999999999999, 1.0)	../fonts/amplitud.ttf	upper
1303160475211	1	FR_PRES	8	SUITE	1404	0	1	897	(0.57740000000000002, 0.41289999999999999, 1.0)	../fonts/amplitud.ttf	upper
1303160479218	1	FR_PRES	8	BOLT	146	0	0	697	(0.57740000000000002, 0.41289999999999999, 1.0)	../fonts/amplitud.ttf	upper
1303160483292	1	FR_PRES	8	TANGERINE	1431	0	0	792	(0.57740000000000002, 0.41289999999999999, 1.0)	../fonts/amplitud.ttf	upper
1303160487149	1	FR_PRES	8	CHEF	290	0	1	742	(0.57740000000000002, 0.41289999999999999, 1.0)	../fonts/amplitud.ttf	upper
1303160491322	1	FR_PRES	8	CUFF	423	0	0	802	(0.57740000000000002, 0.41289999999999999, 1.0)	../fonts/amplitud.ttf	upper
1303160495246	1	FR_PRES	8	FIREMAN	569	0	1	1358	(0.57740000000000002, 0.41289999999999999, 1.0)	../fonts/amplitud.ttf	upper
1303160499178	1	FR_PRES	8	PIPE	1073	0	0	1162	(0.57740000000000002, 0.41289999999999999, 1.0)	../fonts/amplitud.ttf	upper
1303160503301	1	FR_PRES	8	COMET	353	0	1	1670	(0.57740000000000002, 0.41289999999999999, 1.0)	../fonts/amplitud.ttf	upper
1303160507200	1	FR_PRES	8	TELESCOPE	1446	0	1	1651	(0.57740000000000002, 0.41289999999999999, 1.0)	../fonts/amplitud.ttf	upper
1303160511073	1	FR_PRES	8	VEST	1559	0	0	826	(0.57740000000000002, 0.41289999999999999, 1.0)	../fonts/amplitud.ttf	upper
1303160515089	1	FR_PRES	8	MAGAZINE	853	0	0	1163	(0.57740000000000002, 0.41289999999999999, 1.0)	../fonts/amplitud.ttf	upper
1303160519279	1	FR_PRES	8	LIBRARY	816	0	1	1029	(0.57740000000000002, 0.41289999999999999, 1.0)	../fonts/amplitud.ttf	upper
1303160523127	1	FR_PRES	8	COUCH	386	0	1	1309	(0.57740000000000002, 0.41289999999999999, 1.0)	../fonts/amplitud.ttf	upper
1303160527193	1	FR_PRES	8	WOUND	1624	0	1	2403	(0.57740000000000002, 0.41289999999999999, 1.0)	../fonts/amplitud.ttf	upper
1303160532774	1	REC_START
1303160544508	0	REJECT
1303160583028	0	REJECT
1303160606412	0	REJECT
1303160612746	0	REST
1303160614253	1	FR_PRES	9	BEDROOM	111	0	1	791	(0.57740000000000002, 0.41289999999999999, 1.0)	../fonts/amplitud.ttf	upper
1303160618210	1	FR_PRES	9	REFRIGERATOR	1179	0	1	1042	(0.57740000000000002, 0.41289999999999999, 1.0)	../fonts/amplitud.ttf	upper
1303160622351	1	FR_PRES	9	GANG	619	0	1	797	(0.57740000000000002, 0.41289999999999999, 1.0)	../fonts/amplitud.ttf	upper
1303160626532	1	FR_PRES	9	PERISCOPE	1050	0	0	1608	(0.57740000000000002, 0.41289999999999999, 1.0)	../fonts/amplitud.ttf	upper
1303160630514	1	FR_PRES	9	PIRATE	1074	0	1	1026	(0.57740000000000002, 0.41289999999999999, 1.0)	../fonts/amplitud.ttf	upper
1303160634654	1	FR_PRES	9	DECK	443	0	1	1014	(0.57740000000000002, 0.41289999999999999, 1.0)	../fonts/amplitud.ttf	upper
1303160638852	1	FR_PRES	9	COACH	331	0	1	975	(0.57740000000000002, 0.41289999999999999, 1.0)	../fonts/amplitud.ttf	upper
1303160642984	1	FR_PRES	9	PARSLEY	1016	0	0	1148	(0.57740000000000002, 0.41289999999999999, 1.0)	../fonts/amplitud.ttf	upper
1303160646816	1	FR_PRES	9	LAUNDRY	803	0	1	1420	(0.57740000000000002, 0.41289999999999999, 1.0)	../fonts/amplitud.ttf	upper
1303160650914	1	FR_PRES	9	VACUUM	1543	0	1	1330	(0.57740000000000002, 0.41289999999999999, 1.0)	../fonts/amplitud.ttf	upper
1303160654821	1	FR_PRES	9	MUSHROOM	934	0	0	1022	(0.57740000000000002, 0.41289999999999999, 1.0)	../fonts/amplitud.ttf	upper
1303160658895	1	FR_PRES	9	RIB	1188	0	1	1517	(0.57740000000000002, 0.41289999999999999, 1.0)	../fonts/amplitud.ttf	upper
1303160663061	1	FR_PRES	9	MEAL	882	0	0	1830	(0.57740000000000002, 0.41289999999999999, 1.0)	../fonts/amplitud.ttf	upper
1303160667085	1	FR_PRES	9	CANOE	233	0	1	959	(0.57740000000000002, 0.41289999999999999, 1.0)	../fonts/amplitud.ttf	upper
1303160671275	1	FR_PRES	9	BOUQUET	157	0	1	1369	(0.57740000000000002, 0.41289999999999999, 1.0)	../fonts/amplitud.ttf	upper
1303160675415	1	FR_PRES	9	SLIME	1327	0	0	1645	(0.57740000000000002, 0.41289999999999999, 1.0)	../fonts/amplitud.ttf	upper
1303160681239	1	REC_START
1303160690668	0	REJECT
1303160713524	0	REJECT
1303160754883	0	REJECT
1303160763659	0	REST
1303160765167	1	FR_PRES	10	DOOR	486	-1	-1	-1303160765167	white	../fonts/Verdana.ttf	upper
1303160769323	1	FR_PRES	10	MARBLE	867	-1	-1	-1303160769323	white	../fonts/Verdana.ttf	upper
1303160773339	1	FR_PRES	10	TONGUE	1479	-1	-1	-1303160773339	white	../fonts/Verdana.ttf	upper
1303160777187	1	FR_PRES	10	ANTELOPE	27	-1	-1	-1303160777187	white	../fonts/Verdana.ttf	upper
1303160781294	1	FR_PRES	10	ROCK	1201	-1	-1	-1303160781294	white	../fonts/Verdana.ttf	upper
1303160785318	1	FR_PRES	10	HINGE	709	-1	-1	-1303160785318	white	../fonts/Verdana.ttf	upper
1303160789375	1	FR_PRES	10	TICK	1463	-1	-1	-1303160789375	white	../fonts/Verdana.ttf	upper
1303160793415	1	FR_PRES	10	COLLAR	345	-1	-1	-1303160793415	white	../fonts/Verdana.ttf	upper
1303160797338	1	FR_PRES	10	HAY	693	-1	-1	-1303160797338	white	../fonts/Verdana.ttf	upper
1303160801454	1	FR_PRES	10	UNICORN	1538	-1	-1	-1303160801454	white	../fonts/Verdana.ttf	upper
1303160805386	1	FR_PRES	10	LOLLIPOP	842	-1	-1	-1303160805386	white	../fonts/Verdana.ttf	upper
1303160809526	1	FR_PRES	10	FLUTE	585	-1	-1	-1303160809526	white	../fonts/Verdana.ttf	upper
1303160813516	1	FR_PRES	10	ORGAN	984	-1	-1	-1303160813516	white	../fonts/Verdana.ttf	upper
1303160817615	1	FR_PRES	10	YOKE	1632	-1	-1	-1303160817615	white	../fonts/Verdana.ttf	upper
1303160821730	1	FR_PRES	10	DISHWASHER	475	-1	-1	-1303160821730	white	../fonts/Verdana.ttf	upper
1303160825545	1	FR_PRES	10	HAYSTACK	694	-1	-1	-1303160825545	white	../fonts/Verdana.ttf	upper
1303160831277	1	REC_START
1303160920162	0	REST
1303160921669	1	FR_PRES	11	INVENTOR	743	-1	-1	-1303160921669	white	../fonts/Verdana.ttf	upper
1303160925635	1	FR_PRES	11	RAILROAD	1162	-1	-1	-1303160925635	white	../fonts/Verdana.ttf	upper
1303160929583	1	FR_PRES	11	BUTTON	207	-1	-1	-1303160929583	white	../fonts/Verdana.ttf	upper
1303160933740	1	FR_PRES	11	JEANS	752	-1	-1	-1303160933740	white	../fonts/Verdana.ttf	upper
1303160937779	1	FR_PRES	11	MASK	876	-1	-1	-1303160937779	white	../fonts/Verdana.ttf	upper
1303160941646	1	FR_PRES	11	CUCUMBER	421	-1	-1	-1303160941646	white	../fonts/Verdana.ttf	upper
1303160945686	1	FR_PRES	11	OPERATOR	979	-1	-1	-1303160945686	white	../fonts/Verdana.ttf	upper
1303160949543	1	FR_PRES	11	TEAPOT	1442	-1	-1	-1303160949543	white	../fonts/Verdana.ttf	upper
1303160953408	1	FR_PRES	11	SKELETON	1314	-1	-1	-1303160953408	white	../fonts/Verdana.ttf	upper
1303160957523	1	FR_PRES	11	NOTEBOOK	959	-1	-1	-1303160957523	white	../fonts/Verdana.ttf	upper
1303160961647	1	FR_PRES	11	LIME	823	-1	-1	-1303160961647	white	../fonts/Verdana.ttf	upper
1303160965869	1	FR_PRES	11	KETTLE	772	-1	-1	-1303160965869	white	../fonts/Verdana.ttf	upper
1303160969968	1	FR_PRES	11	PASSAGE	1019	-1	-1	-1303160969968	white	../fonts/Verdana.ttf	upper
1303160973808	1	FR_PRES	11	SHELF	1280	-1	-1	-1303160973808	white	../fonts/Verdana.ttf	upper
1303160977658	1	FR_PRES	11	DRAWING	494	-1	-1	-1303160977658	white	../fonts/Verdana.ttf	upper
1303160981822	1	FR_PRES	11	PAINTING	1005	-1	-1	-1303160981822	white	../fonts/Verdana.ttf	upper
1303160987738	1	REC_START
1303160998228	0	REJECT
1303161019236	0	REJECT
1303161063336	1	REST_REWET
1303161363004	0	REST
1303161364512	1	FR_PRES	12	ROOMMATE	1207	1	1	1068	(0.42259999999999998, 0.58709999999999996, 0)	../fonts/zerothre.ttf	lower
1303161368469	1	FR_PRES	12	KEYBOARD	774	1	0	799	(0.42259999999999998, 0.58709999999999996, 0)	../fonts/zerothre.ttf	lower
1303161372409	1	FR_PRES	12	VELVET	1555	1	0	1147	(0.42259999999999998, 0.58709999999999996, 0)	../fonts/zerothre.ttf	lower
1303161376616	1	FR_PRES	12	CHIEF	298	1	1	716	(0.42259999999999998, 0.58709999999999996, 0)	../fonts/zerothre.ttf	lower
1303161380540	1	FR_PRES	12	CREEK	404	1	0	1351	(0.42259999999999998, 0.58709999999999996, 0)	../fonts/zerothre.ttf	lower
1303161384438	1	FR_PRES	12	CATCHER	258	1	0	1246	(0.42259999999999998, 0.58709999999999996, 0)	../fonts/zerothre.ttf	lower
1303161388462	1	FR_PRES	12	CAT	257	1	1	1206	(0.42259999999999998, 0.58709999999999996, 0)	../fonts/zerothre.ttf	lower
1303161392527	1	FR_PRES	12	SPY	1360	1	1	1781	(0.42259999999999998, 0.58709999999999996, 0)	../fonts/zerothre.ttf	lower
1303161396609	1	FR_PRES	12	BADGE	68	1	0	1019	(0.42259999999999998, 0.58709999999999996, 0)	../fonts/zerothre.ttf	lower
1303161400733	1	FR_PRES	12	BATTERY	101	1	1	1046	(0.42259999999999998, 0.58709999999999996, 0)	../fonts/zerothre.ttf	lower
1303161404938	1	FR_PRES	12	DRIVER	499	1	1	578	(0.42259999999999998, 0.58709999999999996, 0)	../fonts/zerothre.ttf	lower
1303161408879	1	FR_PRES	12	EARRING	514	1	0	940	(0.42259999999999998, 0.58709999999999996, 0)	../fonts/zerothre.ttf	lower
1303161413078	1	FR_PRES	12	TRANSPLANT	1496	1	1	2126	(0.42259999999999998, 0.58709999999999996, 0)	../fonts/zerothre.ttf	lower
1303161417118	1	FR_PRES	12	FLESH	579	1	1	853	(0.42259999999999998, 0.58709999999999996, 0)	../fonts/zerothre.ttf	lower
1303161420991	1	FR_PRES	12	BUTTER	205	1	0	1421	(0.42259999999999998, 0.58709999999999996, 0)	../fonts/zerothre.ttf	lower
1303161425091	1	FR_PRES	12	LOVER	846	1	1	784	(0.42259999999999998, 0.58709999999999996, 0)	../fonts/zerothre.ttf	lower
1303161430938	1	REC_START
1303161441476	0	REJECT
1303161462156	0	REJECT
1303161493156	0	REJECT
1303161508303	0	REST
1303161509809	1	FR_PRES	13	TAG	1429	0	0	939	(0.57740000000000002, 0.41289999999999999, 1.0)	../fonts/amplitud.ttf	upper
1303161513684	1	FR_PRES	13	ROOF	1205	0	1	904	(0.57740000000000002, 0.41289999999999999, 1.0)	../fonts/amplitud.ttf	upper
1303161517790	1	FR_PRES	13	TROUSERS	1510	0	0	1438	(0.57740000000000002, 0.41289999999999999, 1.0)	../fonts/amplitud.ttf	upper
1303161521740	1	FR_PRES	13	SNEAKER	1334	0	0	1680	(0.57740000000000002, 0.41289999999999999, 1.0)	../fonts/amplitud.ttf	upper
1303161525563	1	FR_PRES	13	ATTIRE	57	0	1	1288	(0.57740000000000002, 0.41289999999999999, 1.0)	../fonts/amplitud.ttf	upper
1303161529645	1	FR_PRES	13	PLASTER	1085	0	0	1775	(0.57740000000000002, 0.41289999999999999, 1.0)	../fonts/amplitud.ttf	upper
1303161533610	1	FR_PRES	13	DEPUTY	450	1	1	1345	(0.42259999999999998, 0.58709999999999996, 0)	../fonts/zerothre.ttf	lower
1303161537709	1	FR_PRES	13	PATROL	1027	1	1	999	(0.42259999999999998, 0.58709999999999996, 0)	../fonts/zerothre.ttf	lower
1303161541599	1	FR_PRES	13	DEER	444	1	1	1356	(0.42259999999999998, 0.58709999999999996, 0)	../fonts/zerothre.ttf	lower
1303161545540	1	FR_PRES	13	BUFFALO	186	1	1	936	(0.42259999999999998, 0.58709999999999996, 0)	../fonts/zerothre.ttf	lower
1303161549630	1	FR_PRES	13	DRESS	495	0	1	1870	(0.57740000000000002, 0.41289999999999999, 1.0)	../fonts/amplitud.ttf	upper
1303161553670	1	FR_PRES	13	FAMILY	550	0	1	798	(0.57740000000000002, 0.41289999999999999, 1.0)	../fonts/amplitud.ttf	upper
1303161557876	1	FR_PRES	13	PENGUIN	1044	1	1	1368	(0.42259999999999998, 0.58709999999999996, 0)	../fonts/zerothre.ttf	lower
1303161561891	1	FR_PRES	13	TOE	1473	1	1	880	(0.42259999999999998, 0.58709999999999996, 0)	../fonts/zerothre.ttf	lower
1303161566074	1	FR_PRES	13	FIG	563	1	1	1994	(0.42259999999999998, 0.58709999999999996, 0)	../fonts/zerothre.ttf	lower
1303161570181	1	FR_PRES	13	CITRUS	313	1	1	1143	(0.42259999999999998, 0.58709999999999996, 0)	../fonts/zerothre.ttf	lower
1303161575912	1	REC_START
1303161585963	0	REJECT
1303161613436	0	REJECT
1303161624036	0	REJECT
1303161653351	0	REST
1303161654858	1	FR_PRES	14	SIRLOIN	1311	-1	-1	-1303161654858	white	../fonts/Verdana.ttf	upper
1303161659033	1	FR_PRES	14	LIGHTER	819	-1	-1	-1303161659033	white	../fonts/Verdana.ttf	upper
1303161663089	1	FR_PRES	14	WILDERNESS	1610	-1	-1	-1303161663089	white	../fonts/Verdana.ttf	upper
1303161667030	1	FR_PRES	14	POTATO	1115	-1	-1	-1303161667030	white	../fonts/Verdana.ttf	upper
1303161671178	1	FR_PRES	14	BLACKBOARD	133	-1	-1	-1303161671178	white	../fonts/Verdana.ttf	upper
1303161675069	1	FR_PRES	14	DRAGON	492	-1	-1	-1303161675069	white	../fonts/Verdana.ttf	upper
1303161679092	1	FR_PRES	14	CAMEL	223	-1	-1	-1303161679092	white	../fonts/Verdana.ttf	upper
1303161683132	1	FR_PRES	14	POCKET	1093	-1	-1	-1303161683132	white	../fonts/Verdana.ttf	upper
1303161687139	1	FR_PRES	14	ZIPPER	1636	-1	-1	-1303161687139	white	../fonts/Verdana.ttf	upper
1303161691213	1	FR_PRES	14	CANVAS	234	-1	-1	-1303161691213	white	../fonts/Verdana.ttf	upper
1303161695320	1	FR_PRES	14	AIRPORT	13	-1	-1	-1303161695320	white	../fonts/Verdana.ttf	upper
1303161699252	1	FR_PRES	14	FLANNEL	574	-1	-1	-1303161699252	white	../fonts/Verdana.ttf	upper
1303161703317	1	FR_PRES	14	MOTOR	922	-1	-1	-1303161703317	white	../fonts/Verdana.ttf	upper
1303161707190	1	FR_PRES	14	FREEWAY	603	-1	-1	-1303161707190	white	../fonts/Verdana.ttf	upper
1303161711072	1	FR_PRES	14	SEASHORE	1263	-1	-1	-1303161711072	white	../fonts/Verdana.ttf	upper
1303161714978	1	FR_PRES	14	TURTLE	1522	-1	-1	-1303161714978	white	../fonts/Verdana.ttf	upper
1303161720985	1	REC_START
1303161746947	0	REJECT
1303161757748	0	REJECT
1303161798125	0	REST
1303161799633	1	FR_PRES	15	GOAT	644	1	1	1051	(0.42259999999999998, 0.58709999999999996, 0)	../fonts/zerothre.ttf	lower
1303161803838	1	FR_PRES	15	RECORD	1176	1	0	1149	(0.42259999999999998, 0.58709999999999996, 0)	../fonts/zerothre.ttf	lower
1303161807671	1	FR_PRES	15	HARP	689	1	0	901	(0.42259999999999998, 0.58709999999999996, 0)	../fonts/zerothre.ttf	lower
1303161811762	1	FR_PRES	15	SENATE	1267	1	1	818	(0.42259999999999998, 0.58709999999999996, 0)	../fonts/zerothre.ttf	lower
1303161815909	1	FR_PRES	15	FURNITURE	616	1	0	998	(0.42259999999999998, 0.58709999999999996, 0)	../fonts/zerothre.ttf	lower
1303161820075	1	FR_PRES	15	BEVERAGE	123	1	0	1305	(0.42259999999999998, 0.58709999999999996, 0)	../fonts/zerothre.ttf	lower
1303161823940	1	FR_PRES	15	PUB	1135	1	1	1776	(0.42259999999999998, 0.58709999999999996, 0)	../fonts/zerothre.ttf	lower
1303161828081	1	FR_PRES	15	FEMALE	559	1	1	1051	(0.42259999999999998, 0.58709999999999996, 0)	../fonts/zerothre.ttf	lower
1303161831970	1	FR_PRES	15	HURRICANE	727	1	0	1009	(0.42259999999999998, 0.58709999999999996, 0)	../fonts/zerothre.ttf	lower
1303161835869	1	FR_PRES	15	ZEBRA	1635	1	1	823	(0.42259999999999998, 0.58709999999999996, 0)	../fonts/zerothre.ttf	lower
1303161840043	1	FR_PRES	15	FLOUR	583	1	0	1121	(0.42259999999999998, 0.58709999999999996, 0)	../fonts/zerothre.ttf	lower
1303161844200	1	FR_PRES	15	CUSHION	428	1	0	1707	(0.42259999999999998, 0.58709999999999996, 0)	../fonts/zerothre.ttf	lower
1303161848257	1	FR_PRES	15	ARM	38	1	1	939	(0.42259999999999998, 0.58709999999999996, 0)	../fonts/zerothre.ttf	lower
1303161852139	1	FR_PRES	15	CANDIDATE	228	1	1	1033	(0.42259999999999998, 0.58709999999999996, 0)	../fonts/zerothre.ttf	lower
1303161856329	1	FR_PRES	15	CINNAMON	310	1	0	947	(0.42259999999999998, 0.58709999999999996, 0)	../fonts/zerothre.ttf	lower
1303161860478	1	FR_PRES	15	TORNADO	1485	1	0	1325	(0.42259999999999998, 0.58709999999999996, 0)	../fonts/zerothre.ttf	lower
1303161866268	1	REC_START
1303161960717	0	RECOG_START
1303161960718	1	REC_START
1303161960750	0	RECOG_PRES	0	GLASSES	640	-999	P	1782
1303161962915	0	RECOG_CR_PRES	0	GLASSES	640	-999	P	353
1303161963658	1	RECOG_FEEDBACK	1
1303161964416	0	RECOG_PRES	0	ZOO	1637	-999	P	964
1303161965749	0	RECOG_CR_PRES	0	ZOO	1637	-999	P	246
1303161966323	1	RECOG_FEEDBACK	0
1303161967123	0	RECOG_PRES	0	FRECKLE	602	-999	P	897
1303161968389	0	RECOG_CR_PRES	0	FRECKLE	602	-999	P	255
1303161968963	1	RECOG_FEEDBACK	1
1303161969706	0	RECOG_PRES	0	OATS	968	-999	P	1010
1303161971088	0	RECOG_CR_PRES	0	OATS	968	-999	P	188
1303161971597	1	RECOG_FEEDBACK	1
1303161972330	0	RECOG_PRES	0	DECK	443	-999	P	874
1303161973604	0	RECOG_CR_PRES	0	DECK	443	-999	P	207
1303161974137	1	RECOG_FEEDBACK	1
1303161974878	0	RECOG_PRES	0	SEASHORE	1263	-999	P	838
1303161976087	0	RECOG_CR_PRES	0	SEASHORE	1263	-999	P	213
1303161976611	1	RECOG_FEEDBACK	1
1303161977320	0	RECOG_PRES	0	CHEF	290	-999	P	890
1303161978611	0	RECOG_CR_PRES	0	CHEF	290	-999	P	160
1303161979094	1	RECOG_FEEDBACK	1
1303161979893	0	RECOG_PRES	0	AIRPORT	13	-999	P	910
1303161981168	0	RECOG_CR_PRES	0	AIRPORT	13	-999	P	180
1303161981676	1	RECOG_FEEDBACK	1
1303161982434	0	RECOG_PRES	0	SLIME	1327	-999	P	841
1303161983676	0	RECOG_CR_PRES	0	SLIME	1327	-999	P	215
1303161984209	1	RECOG_FEEDBACK	1
1303161984957	0	RECOG_PRES	0	JAM	748	-999	P	990
1303161986308	0	RECOG_CR_PRES	0	JAM	748	-999	P	232
1303161986857	1	RECOG_FEEDBACK	1
1303161987608	0	RECOG_PRES	0	SHORTCAKE	1292	-999	P	948
1303161988931	0	RECOG_CR_PRES	0	SHORTCAKE	1292	-999	P	1097
1303161990357	1	RECOG_FEEDBACK	0
1303161991140	0	RECOG_PRES	0	TANGERINE	1431	-999	P	888
1303161992398	0	RECOG_CR_PRES	0	TANGERINE	1431	-999	P	278
1303161992988	1	RECOG_FEEDBACK	1
1303161993730	0	RECOG_PRES	0	FOX	598	-999	P	1137
1303161995230	0	RECOG_CR_PRES	0	FOX	598	-999	P	198
1303161995738	1	RECOG_FEEDBACK	1
1303161996463	0	RECOG_PRES	0	JUDGE	761	-999	P	1077
1303161997911	0	RECOG_CR_PRES	0	JUDGE	761	-999	P	189
1303161998420	1	RECOG_FEEDBACK	1
1303161999203	0	RECOG_PRES	0	SHELL	1281	-999	P	792
1303162000370	0	RECOG_CR_PRES	0	SHELL	1281	-999	P	234
1303162000877	1	RECOG_FEEDBACK	1
1303162001678	0	RECOG_PRES	0	MOTOR	922	-999	P	799
1303162002876	0	RECOG_CR_PRES	0	MOTOR	922	-999	P	184
1303162003385	1	RECOG_FEEDBACK	1
1303162004160	0	RECOG_PRES	0	CHAMPION	279	-999	P	1100
1303162005634	0	RECOG_CR_PRES	0	CHAMPION	279	-999	P	185
1303162006159	1	RECOG_FEEDBACK	0
1303162006958	0	RECOG_PRES	0	KNOB	787	-999	P	1334
1303162008658	0	RECOG_CR_PRES	0	KNOB	787	-999	P	241
1303162009242	1	RECOG_FEEDBACK	1
1303162010050	0	RECOG_PRES	0	SNEAKER	1334	-999	P	881
1303162011299	0	RECOG_CR_PRES	0	SNEAKER	1334	-999	P	241
1303162011865	1	RECOG_FEEDBACK	1
1303162012574	0	RECOG_PRES	0	PASSAGE	1019	-999	P	1006
1303162013955	0	RECOG_CR_PRES	0	PASSAGE	1019	-999	P	193
1303162014481	1	RECOG_FEEDBACK	1
1303162015972	0	REST
1303162016860	1	REC_START
1303162016896	0	RECOG_PRES	1	OUTDOORS	987	-999	P	1332
1303162018597	0	RECOG_CR_PRES	1	OUTDOORS	987	-999	P	246
1303162019171	1	RECOG_FEEDBACK	0
1303162019928	0	RECOG_PRES	1	STRING	1394	-999	P	963
1303162021254	0	RECOG_CR_PRES	1	STRING	1394	-999	P	286
1303162021861	1	RECOG_FEEDBACK	1
1303162022612	0	RECOG_PRES	1	HAY	693	-999	P	1048
1303162024036	0	RECOG_CR_PRES	1	HAY	693	-999	P	256
1303162024611	1	RECOG_FEEDBACK	1
1303162025361	0	RECOG_PRES	1	CAULIFLOWER	262	-999	P	947
1303162026677	0	RECOG_CR_PRES	1	CAULIFLOWER	262	-999	P	238
1303162027243	1	RECOG_FEEDBACK	1
1303162028010	0	RECOG_PRES	1	MECHANIC	884	-999	P	985
1303162029359	0	RECOG_CR_PRES	1	MECHANIC	884	-999	P	269
1303162029950	1	RECOG_FEEDBACK	1
1303162030659	0	RECOG_PRES	1	CHAUFFEUR	283	-999	P	985
1303162032017	0	RECOG_CR_PRES	1	CHAUFFEUR	283	-999	P	243
1303162032592	1	RECOG_FEEDBACK	1
1303162033366	0	RECOG_PRES	1	CAFE	216	-999	P	1046
1303162034781	0	RECOG_CR_PRES	1	CAFE	216	-999	P	214
1303162035316	1	RECOG_FEEDBACK	1
1303162036032	0	RECOG_PRES	1	INVENTOR	743	-999	P	955
1303162037348	0	RECOG_CR_PRES	1	INVENTOR	743	-999	P	256
1303162037922	1	RECOG_FEEDBACK	1
1303162038681	0	RECOG_PRES	1	TAPE	1433	-999	P	907
1303162039963	0	RECOG_CR_PRES	1	TAPE	1433	-999	P	265
1303162040539	1	RECOG_FEEDBACK	1
1303162041338	0	RECOG_PRES	1	BALLOON	75	-999	P	1066
1303162042779	0	RECOG_CR_PRES	1	BALLOON	75	-999	P	216
1303162043313	1	RECOG_FEEDBACK	1
1303162044112	0	RECOG_PRES	1	COACH	331	-999	P	803
1303162045279	0	RECOG_CR_PRES	1	COACH	331	-999	P	237
1303162045828	1	RECOG_FEEDBACK	1
1303162046628	0	RECOG_PRES	1	HUT	729	-999	P	896
1303162047893	0	RECOG_CR_PRES	1	HUT	729	-999	P	1255
1303162049469	1	RECOG_FEEDBACK	0
1303162050260	0	RECOG_PRES	1	LETTUCE	814	-999	P	952
1303162051585	0	RECOG_CR_PRES	1	LETTUCE	814	-999	P	226
1303162052135	1	RECOG_FEEDBACK	1
1303162052908	0	RECOG_PRES	1	FRANCE	601	-999	P	927
1303162054201	0	RECOG_CR_PRES	1	FRANCE	601	-999	P	251
1303162054767	1	RECOG_FEEDBACK	1
1303162055558	0	RECOG_PRES	1	DISHWASHER	475	-999	P	894
1303162056824	0	RECOG_CR_PRES	1	DISHWASHER	475	-999	P	276
1303162057424	1	RECOG_FEEDBACK	1
1303162058166	0	RECOG_PRES	1	MOOSE	915	-999	P	998
1303162059540	0	RECOG_CR_PRES	1	MOOSE	915	-999	P	216
1303162060082	1	RECOG_FEEDBACK	1
1303162060822	0	RECOG_PRES	1	MANAGER	863	-999	P	1173
1303162062364	0	RECOG_CR_PRES	1	MANAGER	863	-999	P	288
1303162062988	1	RECOG_FEEDBACK	1
1303162063771	0	RECOG_PRES	1	NIGHTGOWN	953	-999	P	1096
1303162065230	0	RECOG_CR_PRES	1	NIGHTGOWN	953	-999	P	246
1303162065804	1	RECOG_FEEDBACK	1
1303162066613	0	RECOG_PRES	1	SPIT	1354	-999	P	1015
1303162068004	0	RECOG_CR_PRES	1	SPIT	1354	-999	P	264
1303162068595	1	RECOG_FEEDBACK	1
1303162069362	0	RECOG_PRES	1	MONEY	908	-999	P	1050
1303162070785	0	RECOG_CR_PRES	1	MONEY	908	-999	P	291
1303162071394	1	RECOG_FEEDBACK	1
1303162072785	0	REST
1303162073695	1	REC_START
1303162073727	0	RECOG_PRES	2	RADISH	1158	-999	P	949
1303162075052	0	RECOG_CR_PRES	2	RADISH	1158	-999	P	216
1303162075593	1	RECOG_FEEDBACK	0
1303162076343	0	RECOG_PRES	2	TROUT	1511	-999	P	917
1303162077634	0	RECOG_CR_PRES	2	TROUT	1511	-999	P	265
1303162078225	1	RECOG_FEEDBACK	1
1303162079025	0	RECOG_PRES	2	FURNITURE	616	-999	P	987
1303162080383	0	RECOG_CR_PRES	2	FURNITURE	616	-999	P	237
1303162080948	1	RECOG_FEEDBACK	1
1303162081674	0	RECOG_PRES	2	SKIN	1318	-999	P	1578
1303162083623	0	RECOG_CR_PRES	2	SKIN	1318	-999	P	268
1303162084265	1	RECOG_FEEDBACK	1
1303162085006	0	RECOG_PRES	2	TUSK	1523	-999	P	1109
1303162086489	0	RECOG_CR_PRES	2	TUSK	1523	-999	P	243
1303162087064	1	RECOG_FEEDBACK	1
1303162087813	0	RECOG_PRES	2	TEENAGER	1444	-999	P	1903
1303162090088	0	RECOG_CR_PRES	2	TEENAGER	1444	-999	P	1148
1303162091629	1	RECOG_FEEDBACK	1
1303162092445	0	RECOG_PRES	2	VEIN	1554	-999	P	1055
1303162093869	0	RECOG_CR_PRES	2	VEIN	1554	-999	P	223
1303162094428	1	RECOG_FEEDBACK	1
1303162095178	0	RECOG_PRES	2	PAINTING	1005	-999	P	1098
1303162096652	0	RECOG_CR_PRES	2	PAINTING	1005	-999	P	183
1303162097169	1	RECOG_FEEDBACK	1
1303162097967	0	RECOG_PRES	2	GOO	648	-999	P	1012
1303162099343	0	RECOG_CR_PRES	2	GOO	648	-999	P	261
1303162099925	1	RECOG_FEEDBACK	1
1303162100642	0	RECOG_PRES	2	GARAGE	621	-999	P	1273
1303162102283	0	RECOG_CR_PRES	2	GARAGE	621	-999	P	225
1303162102849	1	RECOG_FEEDBACK	1
1303162103583	0	RECOG_PRES	2	BINDER	127	-999	P	917
1303162104873	0	RECOG_CR_PRES	2	BINDER	127	-999	P	131
1303162105324	1	RECOG_FEEDBACK	1
1303162106074	0	RECOG_PRES	2	FOUNTAIN	597	-999	P	889
1303162107332	0	RECOG_CR_PRES	2	FOUNTAIN	597	-999	P	232
1303162107889	1	RECOG_FEEDBACK	1
1303162108623	0	RECOG_PRES	2	CART	250	-999	P	957
1303162109955	0	RECOG_CR_PRES	2	CART	250	-999	P	241
1303162110522	1	RECOG_FEEDBACK	1
1303162111305	0	RECOG_PRES	2	JEANS	752	-999	P	1019
1303162112696	0	RECOG_CR_PRES	2	JEANS	752	-999	P	195
1303162113213	1	RECOG_FEEDBACK	0
1303162113987	0	RECOG_PRES	2	GANG	619	-999	P	1161
1303162115520	0	RECOG_CR_PRES	2	GANG	619	-999	P	220
1303162116062	1	RECOG_FEEDBACK	1
1303162116819	0	RECOG_PRES	2	OUTLAW	989	-999	P	1176
1303162118369	0	RECOG_CR_PRES	2	OUTLAW	989	-999	P	203
1303162118910	1	RECOG_FEEDBACK	1
1303162119694	0	RECOG_PRES	2	BUNNY	198	-999	P	1710
1303162121776	0	RECOG_CR_PRES	2	BUNNY	198	-999	P	1003
1303162123218	1	RECOG_FEEDBACK	0
1303162123991	0	RECOG_PRES	2	POTATO	1115	-999	P	924
1303162125284	0	RECOG_CR_PRES	2	POTATO	1115	-999	P	200
1303162125816	1	RECOG_FEEDBACK	1
1303162126550	0	RECOG_PRES	2	BRICK	172	-999	P	990
1303162127915	0	RECOG_CR_PRES	2	BRICK	172	-999	P	153
1303162128399	1	RECOG_FEEDBACK	1
1303162129124	0	RECOG_PRES	2	BELL	118	-999	P	936
1303162130432	0	RECOG_CR_PRES	2	BELL	118	-999	P	188
1303162130939	1	RECOG_FEEDBACK	1
1303162132398	0	REST
1303162133354	1	REC_START
1303162133389	0	RECOG_PRES	3	TELESCOPE	1446	-999	P	964
1303162134755	0	RECOG_CR_PRES	3	TELESCOPE	1446	-999	P	160
1303162135230	1	RECOG_FEEDBACK	1
1303162135954	0	RECOG_PRES	3	CORPORATION	382	-999	P	1058
1303162137388	0	RECOG_CR_PRES	3	CORPORATION	382	-999	P	192
1303162137895	1	RECOG_FEEDBACK	1
1303162138612	0	RECOG_PRES	3	TOE	1473	-999	P	928
1303162139911	0	RECOG_CR_PRES	3	TOE	1473	-999	P	221
1303162140445	1	RECOG_FEEDBACK	1
1303162141236	0	RECOG_PRES	3	COTTAGE	384	-999	P	864
1303162142469	0	RECOG_CR_PRES	3	COTTAGE	384	-999	P	231
1303162143019	1	RECOG_FEEDBACK	1
1303162143760	0	RECOG_PRES	3	TROUSERS	1510	-999	P	924
1303162145060	0	RECOG_CR_PRES	3	TROUSERS	1510	-999	P	208
1303162145585	1	RECOG_FEEDBACK	1
1303162146368	0	RECOG_PRES	3	MICROSCOPE	891	-999	P	1124
1303162147866	0	RECOG_CR_PRES	3	MICROSCOPE	891	-999	P	202
1303162148400	1	RECOG_FEEDBACK	1
1303162149125	0	RECOG_PRES	3	TONGUE	1479	-999	P	879
1303162150375	0	RECOG_CR_PRES	3	TONGUE	1479	-999	P	229
1303162150915	1	RECOG_FEEDBACK	1
1303162151649	0	RECOG_PRES	3	CLOSET	326	-999	P	1707
1303162153732	0	RECOG_CR_PRES	3	CLOSET	326	-999	P	616
1303162154698	1	RECOG_FEEDBACK	1
1303162155431	0	RECOG_PRES	3	ARCHITECT	36	-999	P	933
1303162156739	0	RECOG_CR_PRES	3	ARCHITECT	36	-999	P	248
1303162157314	1	RECOG_FEEDBACK	1
1303162158105	0	RECOG_PRES	3	SUITE	1404	-999	P	907
1303162159388	0	RECOG_CR_PRES	3	SUITE	1404	-999	P	224
1303162159937	1	RECOG_FEEDBACK	1
1303162160663	0	RECOG_PRES	3	BLACKBERRY	132	-999	P	829
1303162161861	0	RECOG_CR_PRES	3	BLACKBERRY	132	-999	P	191
1303162162362	1	RECOG_FEEDBACK	1
1303162163162	0	RECOG_PRES	3	BEVERAGE	123	-999	P	1298
1303162164835	0	RECOG_CR_PRES	3	BEVERAGE	123	-999	P	249
1303162165428	1	RECOG_FEEDBACK	1
1303162166144	0	RECOG_PRES	3	CEREAL	272	-999	P	1276
1303162167793	0	RECOG_CR_PRES	3	CEREAL	272	-999	P	219
1303162168343	1	RECOG_FEEDBACK	1
1303162169135	0	RECOG_PRES	3	DOLLAR	482	-999	P	973
1303162170484	0	RECOG_CR_PRES	3	DOLLAR	482	-999	P	264
1303162171059	1	RECOG_FEEDBACK	1
1303162171841	0	RECOG_PRES	3	LIMOUSINE	824	-999	P	1026
1303162173233	0	RECOG_CR_PRES	3	LIMOUSINE	824	-999	P	251
1303162173824	1	RECOG_FEEDBACK	1
1303162174616	0	RECOG_PRES	3	TART	1436	-999	P	908
1303162175898	0	RECOG_CR_PRES	3	TART	1436	-999	P	186
1303162176407	1	RECOG_FEEDBACK	1
1303162177207	0	RECOG_PRES	3	CACTUS	215	-999	P	877
1303162178456	0	RECOG_CR_PRES	3	CACTUS	215	-999	P	180
1303162178955	1	RECOG_FEEDBACK	1
1303162179739	0	RECOG_PRES	3	STOVE	1388	-999	P	1232
1303162181339	0	RECOG_CR_PRES	3	STOVE	1388	-999	P	193
1303162181854	1	RECOG_FEEDBACK	1
1303162182630	0	RECOG_PRES	3	DICTIONARY	463	-999	P	1102
1303162184104	0	RECOG_CR_PRES	3	DICTIONARY	463	-999	P	276
1303162184713	1	RECOG_FEEDBACK	1
1303162185446	0	RECOG_PRES	3	CAGE	218	-999	P	1389
1303162187203	0	RECOG_CR_PRES	3	CAGE	218	-999	P	185
1303162187728	1	RECOG_FEEDBACK	1
1303162189178	0	REST
1303162190374	1	REC_START
1303162190411	0	RECOG_PRES	4	NOTEBOOK	959	-999	P	962
1303162191776	0	RECOG_CR_PRES	4	NOTEBOOK	959	-999	P	163
1303162192260	1	RECOG_FEEDBACK	1
1303162192984	0	RECOG_PRES	4	DEODORANT	448	-999	P	971
1303162194318	0	RECOG_CR_PRES	4	DEODORANT	448	-999	P	222
1303162194858	1	RECOG_FEEDBACK	1
1303162195659	0	RECOG_PRES	4	RAILROAD	1162	-999	P	857
1303162196891	0	RECOG_CR_PRES	4	RAILROAD	1162	-999	P	193
1303162197366	1	RECOG_FEEDBACK	1
1303162198083	0	RECOG_PRES	4	TAR	1435	-999	P	1121
1303162199574	0	RECOG_CR_PRES	4	TAR	1435	-999	P	261
1303162200165	1	RECOG_FEEDBACK	1
1303162200906	0	RECOG_PRES	4	DIAGRAM	456	-999	P	1114
1303162202390	0	RECOG_CR_PRES	4	DIAGRAM	456	-999	P	310
1303162203039	1	RECOG_FEEDBACK	1
1303162203821	0	RECOG_PRES	4	GORILLA	650	-999	P	1463
1303162205655	0	RECOG_CR_PRES	4	GORILLA	650	-999	P	365
1303162206371	1	RECOG_FEEDBACK	0
1303162207088	0	RECOG_PRES	4	RAKE	1164	-999	P	1052
1303162208512	0	RECOG_CR_PRES	4	RAKE	1164	-999	P	228
1303162209046	1	RECOG_FEEDBACK	1
1303162209819	0	RECOG_PRES	4	LIGHTER	819	-999	P	945
1303162211128	0	RECOG_CR_PRES	4	LIGHTER	819	-999	P	212
1303162211661	1	RECOG_FEEDBACK	1
1303162212386	0	RECOG_PRES	4	CAT	257	-999	P	875
1303162213661	0	RECOG_CR_PRES	4	CAT	257	-999	P	206
1303162214194	1	RECOG_FEEDBACK	1
1303162214926	0	RECOG_PRES	4	SANDPAPER	1231	-999	P	957
1303162216251	0	RECOG_CR_PRES	4	SANDPAPER	1231	-999	P	241
1303162216825	1	RECOG_FEEDBACK	1
1303162217601	0	RECOG_PRES	4	STETHOSCOPE	1379	-999	P	1003
1303162218974	0	RECOG_CR_PRES	4	STETHOSCOPE	1379	-999	P	254
1303162219567	1	RECOG_FEEDBACK	1
1303162220367	0	RECOG_PRES	4	STOCKING	1383	-999	P	981
1303162221724	0	RECOG_CR_PRES	4	STOCKING	1383	-999	P	207
1303162222257	1	RECOG_FEEDBACK	1
1303162223057	0	RECOG_PRES	4	WILDERNESS	1610	-999	P	971
1303162224398	0	RECOG_CR_PRES	4	WILDERNESS	1610	-999	P	246
1303162224956	1	RECOG_FEEDBACK	1
1303162225740	0	RECOG_PRES	4	TURTLE	1522	-999	P	1000
1303162227122	0	RECOG_CR_PRES	4	TURTLE	1522	-999	P	186
1303162227639	1	RECOG_FEEDBACK	1
1303162228380	0	RECOG_PRES	4	VELVET	1555	-999	P	984
1303162229738	0	RECOG_CR_PRES	4	VELVET	1555	-999	P	209
1303162230271	1	RECOG_FEEDBACK	1
1303162231013	0	RECOG_PRES	4	BLACKBOARD	133	-999	P	950
1303162232329	0	RECOG_CR_PRES	4	BLACKBOARD	133	-999	P	259
1303162232878	1	RECOG_FEEDBACK	1
1303162233637	0	RECOG_PRES	4	BOLT	146	-999	P	1127
1303162235128	0	RECOG_CR_PRES	4	BOLT	146	-999	P	244
1303162235703	1	RECOG_FEEDBACK	1
1303162236452	0	RECOG_PRES	4	POND	1101	-999	P	1104
1303162237926	0	RECOG_CR_PRES	4	POND	1101	-999	P	230
1303162238485	1	RECOG_FEEDBACK	1
1303162239210	0	RECOG_PRES	4	TWEEZERS	1526	-999	P	1210
1303162240792	0	RECOG_CR_PRES	4	TWEEZERS	1526	-999	P	220
1303162241359	1	RECOG_FEEDBACK	1
1303162242075	0	RECOG_PRES	4	PARSLEY	1016	-999	P	1001
1303162243458	0	RECOG_CR_PRES	4	PARSLEY	1016	-999	P	234
1303162244025	1	RECOG_FEEDBACK	1
1303162245474	0	REST
1303162246670	1	REC_START
1303162246707	0	RECOG_PRES	5	SINK	1309	-999	P	3737
1303162250813	0	RECOG_CR_PRES	5	SINK	1309	-999	P	255
1303162251464	1	RECOG_FEEDBACK	1
1303162252180	0	RECOG_PRES	5	TRANSPLANT	1496	-999	P	1032
1303162253588	0	RECOG_CR_PRES	5	TRANSPLANT	1496	-999	P	191
1303162254105	1	RECOG_FEEDBACK	1
1303162254853	0	RECOG_PRES	5	POCKET	1093	-999	P	1030
1303162256246	0	RECOG_CR_PRES	5	POCKET	1093	-999	P	222
1303162256794	1	RECOG_FEEDBACK	1
1303162257545	0	RECOG_PRES	5	VEST	1559	-999	P	1011
1303162258927	0	RECOG_CR_PRES	5	VEST	1559	-999	P	197
1303162259444	1	RECOG_FEEDBACK	1
1303162260177	0	RECOG_PRES	5	CASKET	255	-999	P	907
1303162261460	0	RECOG_CR_PRES	5	CASKET	255	-999	P	192
1303162261976	1	RECOG_FEEDBACK	1
1303162262702	0	RECOG_PRES	5	ARM	38	-999	P	874
1303162263975	0	RECOG_CR_PRES	5	ARM	38	-999	P	197
1303162264501	1	RECOG_FEEDBACK	1
1303162265276	0	RECOG_PRES	5	SUPERVISOR	1410	-999	P	1296
1303162266941	0	RECOG_CR_PRES	5	SUPERVISOR	1410	-999	P	199
1303162267475	1	RECOG_FEEDBACK	1
1303162268233	0	RECOG_PRES	5	CUSTOMER	430	-999	P	923
1303162269532	0	RECOG_CR_PRES	5	CUSTOMER	430	-999	P	232
1303162270082	1	RECOG_FEEDBACK	1
1303162270856	0	RECOG_PRES	5	FLASHLIGHT	575	-999	P	971
1303162272190	0	RECOG_CR_PRES	5	FLASHLIGHT	575	-999	P	230
1303162272740	1	RECOG_FEEDBACK	1
1303162273498	0	RECOG_PRES	5	LAMB	797	-999	P	1433
1303162275297	0	RECOG_CR_PRES	5	LAMB	797	-999	P	283
1303162275921	1	RECOG_FEEDBACK	0
1303162276705	0	RECOG_PRES	5	CITRUS	313	-999	P	1066
1303162278138	0	RECOG_CR_PRES	5	CITRUS	313	-999	P	274
1303162278754	1	RECOG_FEEDBACK	1
1303162279479	0	RECOG_PRES	5	POTTERY	1116	-999	P	1340
1303162281187	0	RECOG_CR_PRES	5	POTTERY	1116	-999	P	489
1303162282020	1	RECOG_FEEDBACK	1
1303162282736	0	RECOG_PRES	5	CASH	252	-999	P	1620
1303162284727	0	RECOG_CR_PRES	5	CASH	252	-999	P	277
1303162285360	1	RECOG_FEEDBACK	1
1303162286110	0	RECOG_PRES	5	COMET	353	-999	P	950
1303162287434	0	RECOG_CR_PRES	5	COMET	353	-999	P	210
1303162287967	1	RECOG_FEEDBACK	1
1303162288759	0	RECOG_PRES	5	ENGINEER	536	-999	P	877
1303162290008	0	RECOG_CR_PRES	5	ENGINEER	536	-999	P	212
1303162290533	1	RECOG_FEEDBACK	1
1303162291258	0	RECOG_PRES	5	ASPIRIN	47	-999	P	930
1303162292558	0	RECOG_CR_PRES	5	ASPIRIN	47	-999	P	221
1303162293091	1	RECOG_FEEDBACK	1
1303162293823	0	RECOG_PRES	5	CATCHER	258	-999	P	956
1303162295148	0	RECOG_CR_PRES	5	CATCHER	258	-999	P	240
1303162295698	1	RECOG_FEEDBACK	1
1303162296431	0	RECOG_PRES	5	TURNIP	1521	-999	P	1013
1303162297813	0	RECOG_CR_PRES	5	TURNIP	1521	-999	P	247
1303162298381	1	RECOG_FEEDBACK	1
1303162299122	0	RECOG_PRES	5	FLAG	573	-999	P	962
1303162300455	0	RECOG_CR_PRES	5	FLAG	573	-999	P	237
1303162301005	1	RECOG_FEEDBACK	1
1303162301812	0	RECOG_PRES	5	LAKE	796	-999	P	840
1303162303020	0	RECOG_CR_PRES	5	LAKE	796	-999	P	200
1303162303545	1	RECOG_FEEDBACK	1
1303162305012	0	REST
1303162305931	1	REC_START
1303162305968	0	RECOG_PRES	6	TORNADO	1485	-999	P	883
1303162307219	0	RECOG_CR_PRES	6	TORNADO	1485	-999	P	209
1303162307744	1	RECOG_FEEDBACK	1
1303162308527	0	RECOG_PRES	6	ZIPPER	1636	-999	P	909
1303162309809	0	RECOG_CR_PRES	6	ZIPPER	1636	-999	P	203
1303162310343	1	RECOG_FEEDBACK	1
1303162311143	0	RECOG_PRES	6	PORT	1110	-999	P	1021
1303162312534	0	RECOG_CR_PRES	6	PORT	1110	-999	P	190
1303162313059	1	RECOG_FEEDBACK	1
1303162313849	0	RECOG_PRES	6	WALL	1582	-999	P	1235
1303162315458	0	RECOG_CR_PRES	6	WALL	1582	-999	P	210
1303162315998	1	RECOG_FEEDBACK	1
1303162316724	0	RECOG_PRES	6	FIGHTER	564	-999	P	1167
1303162318257	0	RECOG_CR_PRES	6	FIGHTER	564	-999	P	259
1303162318839	1	RECOG_FEEDBACK	1
1303162319615	0	RECOG_PRES	6	TWIN	1528	-999	P	997
1303162320980	0	RECOG_CR_PRES	6	TWIN	1528	-999	P	240
1303162321539	1	RECOG_FEEDBACK	1
1303162322339	0	RECOG_PRES	6	CREATURE	403	-999	P	2073
1303162324787	0	RECOG_CR_PRES	6	CREATURE	403	-999	P	217
1303162325379	1	RECOG_FEEDBACK	1
1303162326129	0	RECOG_PRES	6	TEAPOT	1442	-999	P	987
1303162327487	0	RECOG_CR_PRES	6	TEAPOT	1442	-999	P	229
1303162328028	1	RECOG_FEEDBACK	1
1303162328827	0	RECOG_PRES	6	MARBLE	867	-999	P	1064
1303162330253	0	RECOG_CR_PRES	6	MARBLE	867	-999	P	255
1303162330835	1	RECOG_FEEDBACK	1
1303162331569	0	RECOG_PRES	6	HOE	711	-999	P	1483
1303162333426	0	RECOG_CR_PRES	6	HOE	711	-999	P	242
1303162334035	1	RECOG_FEEDBACK	0
1303162334842	0	RECOG_PRES	6	LAUNDRY	803	-999	P	1025
1303162336234	0	RECOG_CR_PRES	6	LAUNDRY	803	-999	P	210
1303162336767	1	RECOG_FEEDBACK	1
1303162337567	0	RECOG_PRES	6	SENATE	1267	-999	P	925
1303162338865	0	RECOG_CR_PRES	6	SENATE	1267	-999	P	227
1303162339424	1	RECOG_FEEDBACK	1
1303162340241	0	RECOG_PRES	6	RECIPE	1175	-999	P	1083
1303162341698	0	RECOG_CR_PRES	6	RECIPE	1175	-999	P	281
1303162342307	1	RECOG_FEEDBACK	1
1303162343090	0	RECOG_PRES	6	ZUCCHINI	1638	-999	P	1562
1303162345022	0	RECOG_CR_PRES	6	ZUCCHINI	1638	-999	P	382
1303162345755	1	RECOG_FEEDBACK	1
1303162346463	0	RECOG_PRES	6	ELECTRON	522	-999	P	957
1303162347795	0	RECOG_CR_PRES	6	ELECTRON	522	-999	P	249
1303162348363	1	RECOG_FEEDBACK	1
1303162349113	0	RECOG_PRES	6	CREEK	404	-999	P	856
1303162350370	0	RECOG_CR_PRES	6	CREEK	404	-999	P	258
1303162350944	1	RECOG_FEEDBACK	1
1303162351736	0	RECOG_PRES	6	POSSUM	1112	-999	P	1123
1303162353228	0	RECOG_CR_PRES	6	POSSUM	1112	-999	P	248
1303162353793	1	RECOG_FEEDBACK	1
1303162354561	0	RECOG_PRES	6	GOWN	652	-999	P	1499
1303162356435	0	RECOG_CR_PRES	6	GOWN	652	-999	P	241
1303162357026	1	RECOG_FEEDBACK	1
1303162357775	0	RECOG_PRES	6	BUTTER	205	-999	P	1076
1303162359217	0	RECOG_CR_PRES	6	BUTTER	205	-999	P	267
1303162359808	1	RECOG_FEEDBACK	1
1303162360567	0	RECOG_PRES	6	DUST	508	-999	P	981
1303162361924	0	RECOG_CR_PRES	6	DUST	508	-999	P	264
1303162362508	1	RECOG_FEEDBACK	1
1303162364016	0	REST
1303162364899	1	REC_START
1303162364931	0	RECOG_PRES	7	BRANDY	169	-999	P	1169
1303162366473	0	RECOG_CR_PRES	7	BRANDY	169	-999	P	251
1303162367048	1	RECOG_FEEDBACK	1
1303162367788	0	RECOG_PRES	7	GOAT	644	-999	P	1039
1303162369189	0	RECOG_CR_PRES	7	GOAT	644	-999	P	231
1303162369738	1	RECOG_FEEDBACK	1
1303162370463	0	RECOG_PRES	7	LINEN	825	-999	P	1021
1303162371853	0	RECOG_CR_PRES	7	LINEN	825	-999	P	247
1303162372421	1	RECOG_FEEDBACK	1
1303162373221	0	RECOG_PRES	7	INMATE	738	-999	P	1023
1303162374620	0	RECOG_CR_PRES	7	INMATE	738	-999	P	215
1303162375170	1	RECOG_FEEDBACK	1
1303162375960	0	RECOG_PRES	7	CANDIDATE	228	-999	P	1060
1303162377394	0	RECOG_CR_PRES	7	CANDIDATE	228	-999	P	218
1303162377943	1	RECOG_FEEDBACK	1
1303162378685	0	RECOG_PRES	7	CANOE	233	-999	P	1190
1303162380243	0	RECOG_CR_PRES	7	CANOE	233	-999	P	273
1303162380850	1	RECOG_FEEDBACK	1
1303162381618	0	RECOG_PRES	7	FIREMAN	569	-999	P	986
1303162382974	0	RECOG_CR_PRES	7	FIREMAN	569	-999	P	262
1303162383575	1	RECOG_FEEDBACK	1
1303162384350	0	RECOG_PRES	7	DIVER	476	-999	P	1030
1303162385750	0	RECOG_CR_PRES	7	DIVER	476	-999	P	245
1303162386291	1	RECOG_FEEDBACK	1
1303162387041	0	RECOG_PRES	7	BOUQUET	157	-999	P	922
1303162388332	0	RECOG_CR_PRES	7	BOUQUET	157	-999	P	272
1303162388931	1	RECOG_FEEDBACK	1
1303162389681	0	RECOG_PRES	7	MASK	876	-999	P	850
1303162390930	0	RECOG_CR_PRES	7	MASK	876	-999	P	234
1303162391497	1	RECOG_FEEDBACK	1
1303162392297	0	RECOG_PRES	7	OCTOPUS	971	-999	P	987
1303162393655	0	RECOG_CR_PRES	7	OCTOPUS	971	-999	P	268
1303162394263	1	RECOG_FEEDBACK	1
1303162394987	0	RECOG_PRES	7	GYMNAST	675	-999	P	1313
1303162396671	0	RECOG_CR_PRES	7	GYMNAST	675	-999	P	268
1303162397287	1	RECOG_FEEDBACK	1
1303162398078	0	RECOG_PRES	7	CANVAS	234	-999	P	966
1303162399420	0	RECOG_CR_PRES	7	CANVAS	234	-999	P	240
1303162400003	1	RECOG_FEEDBACK	1
1303162400810	0	RECOG_PRES	7	ROCK	1201	-999	P	1009
1303162402185	0	RECOG_CR_PRES	7	ROCK	1201	-999	P	251
1303162402776	1	RECOG_FEEDBACK	1
1303162403485	0	RECOG_PRES	7	DRAGON	492	-999	P	959
1303162404817	0	RECOG_CR_PRES	7	DRAGON	492	-999	P	259
1303162405401	1	RECOG_FEEDBACK	1
1303162406184	0	RECOG_PRES	7	PERISCOPE	1050	-999	P	1060
1303162407617	0	RECOG_CR_PRES	7	PERISCOPE	1050	-999	P	226
1303162408183	1	RECOG_FEEDBACK	1
1303162408907	0	RECOG_PRES	7	PIPE	1073	-999	P	976
1303162410249	0	RECOG_CR_PRES	7	PIPE	1073	-999	P	291
1303162410873	1	RECOG_FEEDBACK	1
1303162411624	0	RECOG_PRES	7	CUCUMBER	421	-999	P	1283
1303162413273	0	RECOG_CR_PRES	7	CUCUMBER	421	-999	P	259
1303162413863	1	RECOG_FEEDBACK	1
1303162414673	0	RECOG_PRES	7	ROBE	1198	-999	P	971
1303162416014	0	RECOG_CR_PRES	7	ROBE	1198	-999	P	286
1303162416630	1	RECOG_FEEDBACK	1
1303162417397	0	RECOG_PRES	7	PLANET	1082	-999	P	1047
1303162418812	0	RECOG_CR_PRES	7	PLANET	1082	-999	P	208
1303162419346	1	RECOG_FEEDBACK	1
1303162421087	0	REST
1303162421902	1	REC_START
1303162421936	0	RECOG_PRES	8	DAISY	435	-999	P	1068
1303162423378	0	RECOG_CR_PRES	8	DAISY	435	-999	P	417
1303162424136	1	RECOG_FEEDBACK	1
1303162424860	0	RECOG_PRES	8	BEDROOM	111	-999	P	919
1303162426143	0	RECOG_CR_PRES	8	BEDROOM	111	-999	P	205
1303162426677	1	RECOG_FEEDBACK	1
1303162427418	0	RECOG_PRES	8	INN	739	-999	P	954
1303162428743	0	RECOG_CR_PRES	8	INN	739	-999	P	220
1303162429284	1	RECOG_FEEDBACK	1
1303162430017	0	RECOG_PRES	8	ROOMMATE	1207	-999	P	914
1303162431300	0	RECOG_CR_PRES	8	ROOMMATE	1207	-999	P	200
1303162431824	1	RECOG_FEEDBACK	1
1303162432624	0	RECOG_PRES	8	STEWARDESS	1381	-999	P	956
1303162433948	0	RECOG_CR_PRES	8	STEWARDESS	1381	-999	P	216
1303162434482	1	RECOG_FEEDBACK	1
1303162435232	0	RECOG_PRES	8	OPERATOR	979	-999	P	1028
1303162436631	0	RECOG_CR_PRES	8	OPERATOR	979	-999	P	172
1303162437131	1	RECOG_FEEDBACK	1
1303162437863	0	RECOG_PRES	8	PIRATE	1074	-999	P	876
1303162439130	0	RECOG_CR_PRES	8	PIRATE	1074	-999	P	226
1303162439680	1	RECOG_FEEDBACK	1
1303162440405	0	RECOG_PRES	8	EGG	518	-999	P	943
1303162441721	0	RECOG_CR_PRES	8	EGG	518	-999	P	186
1303162442229	1	RECOG_FEEDBACK	1
1303162442945	0	RECOG_PRES	8	CHESS	294	-999	P	874
1303162444187	0	RECOG_CR_PRES	8	CHESS	294	-999	P	225
1303162444737	1	RECOG_FEEDBACK	1
1303162445545	0	RECOG_PRES	8	TAG	1429	-999	P	1234
1303162447144	0	RECOG_CR_PRES	8	TAG	1429	-999	P	284
1303162447768	1	RECOG_FEEDBACK	1
1303162448485	0	RECOG_PRES	8	TWINE	1529	-999	P	1071
1303162449926	0	RECOG_CR_PRES	8	TWINE	1529	-999	P	254
1303162450510	1	RECOG_FEEDBACK	1
1303162451226	0	RECOG_PRES	8	MAILMAN	858	-999	P	1090
1303162452692	0	RECOG_CR_PRES	8	MAILMAN	858	-999	P	255
1303162453292	1	RECOG_FEEDBACK	1
1303162454009	0	RECOG_PRES	8	PLUM	1090	-999	P	1067
1303162455450	0	RECOG_CR_PRES	8	PLUM	1090	-999	P	250
1303162456024	1	RECOG_FEEDBACK	1
1303162456758	0	RECOG_PRES	8	ZEBRA	1635	-999	P	866
1303162458024	0	RECOG_CR_PRES	8	ZEBRA	1635	-999	P	244
1303162458582	1	RECOG_FEEDBACK	1
1303162459340	0	RECOG_PRES	8	SCIENTIST	1249	-999	P	1024
1303162460740	0	RECOG_CR_PRES	8	SCIENTIST	1249	-999	P	255
1303162461314	1	RECOG_FEEDBACK	1
1303162462039	0	RECOG_PRES	8	OBOE	969	-999	P	948
1303162463364	0	RECOG_CR_PRES	8	OBOE	969	-999	P	256
1303162463937	1	RECOG_FEEDBACK	1
1303162464663	0	RECOG_PRES	8	MEAL	882	-999	P	1284
1303162466313	0	RECOG_CR_PRES	8	MEAL	882	-999	P	235
1303162466878	1	RECOG_FEEDBACK	1
1303162467629	0	RECOG_PRES	8	FLUTE	585	-999	P	951
1303162468952	0	RECOG_CR_PRES	8	FLUTE	585	-999	P	204
1303162469478	1	RECOG_FEEDBACK	1
1303162470261	0	RECOG_PRES	8	REFRIGERATOR	1179	-999	P	919
1303162471552	0	RECOG_CR_PRES	8	REFRIGERATOR	1179	-999	P	299
1303162472177	1	RECOG_FEEDBACK	1
1303162472951	0	RECOG_PRES	8	PENNY	1045	-999	P	988
1303162474301	0	RECOG_CR_PRES	8	PENNY	1045	-999	P	239
1303162474859	1	RECOG_FEEDBACK	1
1303162476359	0	REST
1303162477176	1	REC_START
1303162477209	0	RECOG_PRES	9	PAN	1008	-999	P	1091
1303162478675	0	RECOG_CR_PRES	9	PAN	1008	-999	P	224
1303162479225	1	RECOG_FEEDBACK	1
1303162480024	0	RECOG_PRES	9	DOCUMENT	479	-999	P	1052
1303162481449	0	RECOG_CR_PRES	9	DOCUMENT	479	-999	P	211
1303162481981	1	RECOG_FEEDBACK	1
1303162482781	0	RECOG_PRES	9	BUFFALO	186	-999	P	951
1303162484106	0	RECOG_CR_PRES	9	BUFFALO	186	-999	P	218
1303162484648	1	RECOG_FEEDBACK	1
1303162485422	0	RECOG_PRES	9	MAGAZINE	853	-999	P	982
1303162486779	0	RECOG_CR_PRES	9	MAGAZINE	853	-999	P	184
1303162487288	1	RECOG_FEEDBACK	1
1303162488088	0	RECOG_PRES	9	PUB	1135	-999	P	883
1303162489338	0	RECOG_CR_PRES	9	PUB	1135	-999	P	226
1303162489878	1	RECOG_FEEDBACK	1
1303162490662	0	RECOG_PRES	9	PATROL	1027	-999	P	1062
1303162492095	0	RECOG_CR_PRES	9	PATROL	1027	-999	P	213
1303162492645	1	RECOG_FEEDBACK	1
1303162493436	0	RECOG_PRES	9	HARE	688	-999	P	912
1303162494719	0	RECOG_CR_PRES	9	HARE	688	-999	P	268
1303162495311	1	RECOG_FEEDBACK	1
1303162496052	0	RECOG_PRES	9	CORAL	378	-999	P	919
1303162497335	0	RECOG_CR_PRES	9	CORAL	378	-999	P	237
1303162497892	1	RECOG_FEEDBACK	1
1303162498659	0	RECOG_PRES	9	FAUCET	555	-999	P	1009
1303162500042	0	RECOG_CR_PRES	9	FAUCET	555	-999	P	226
1303162500592	1	RECOG_FEEDBACK	1
1303162501367	0	RECOG_PRES	9	TOMB	1477	-999	P	1389
1303162503124	0	RECOG_CR_PRES	9	TOMB	1477	-999	P	192
1303162503658	1	RECOG_FEEDBACK	1
1303162504449	0	RECOG_PRES	9	GARDEN	623	-999	P	867
1303162505690	0	RECOG_CR_PRES	9	GARDEN	623	-999	P	193
1303162506198	1	RECOG_FEEDBACK	1
1303162506947	0	RECOG_PRES	9	MUSHROOM	934	-999	P	832
1303162508148	0	RECOG_CR_PRES	9	MUSHROOM	934	-999	P	232
1303162508697	1	RECOG_FEEDBACK	1
1303162509439	0	RECOG_PRES	9	KITCHEN	778	-999	P	1021
1303162510829	0	RECOG_CR_PRES	9	KITCHEN	778	-999	P	158
1303162511313	1	RECOG_FEEDBACK	0
1303162512055	0	RECOG_PRES	9	FUGITIVE	612	-999	P	1908
1303162514329	0	RECOG_CR_PRES	9	FUGITIVE	612	-999	P	347
1303162515045	1	RECOG_FEEDBACK	1
1303162515819	0	RECOG_PRES	9	STATUE	1374	-999	P	945
1303162517128	0	RECOG_CR_PRES	9	STATUE	1374	-999	P	196
1303162517644	1	RECOG_FEEDBACK	1
1303162518394	0	RECOG_PRES	9	TICK	1463	-999	P	906
1303162519669	0	RECOG_CR_PRES	9	TICK	1463	-999	P	206
1303162520193	1	RECOG_FEEDBACK	1
1303162521001	0	RECOG_PRES	9	UNICORN	1538	-999	P	799
1303162522193	0	RECOG_CR_PRES	9	UNICORN	1538	-999	P	187
1303162522693	1	RECOG_FEEDBACK	1
1303162523451	0	RECOG_PRES	9	COW	393	-999	P	1065
1303162524891	0	RECOG_CR_PRES	9	COW	393	-999	P	193
1303162525408	1	RECOG_FEEDBACK	1
1303162526158	0	RECOG_PRES	9	FREEWAY	603	-999	P	966
1303162527499	0	RECOG_CR_PRES	9	FREEWAY	603	-999	P	169
1303162527990	1	RECOG_FEEDBACK	1
1303162528699	0	RECOG_PRES	9	BADGE	68	-999	P	993
1303162530065	0	RECOG_CR_PRES	9	BADGE	68	-999	P	219
1303162530581	1	RECOG_FEEDBACK	1
1303162532006	0	REST
1303162532945	1	REC_START
1303162532980	0	RECOG_PRES	10	SUSPECT	1415	-999	P	959
1303162534305	0	RECOG_CR_PRES	10	SUSPECT	1415	-999	P	227
1303162534845	1	RECOG_FEEDBACK	1
1303162535621	0	RECOG_PRES	10	RIB	1188	-999	P	1007
1303162537004	0	RECOG_CR_PRES	10	RIB	1188	-999	P	192
1303162537512	1	RECOG_FEEDBACK	1
1303162538295	0	RECOG_PRES	10	SALESMAN	1225	-999	P	949
1303162539620	0	RECOG_CR_PRES	10	SALESMAN	1225	-999	P	191
1303162540136	1	RECOG_FEEDBACK	1
1303162540902	0	RECOG_PRES	10	PATRIOT	1026	-999	P	933
1303162542202	0	RECOG_CR_PRES	10	PATRIOT	1026	-999	P	194
1303162542710	1	RECOG_FEEDBACK	1
1303162543485	0	RECOG_PRES	10	SHELF	1280	-999	P	879
1303162544735	0	RECOG_CR_PRES	10	SHELF	1280	-999	P	180
1303162545226	1	RECOG_FEEDBACK	1
1303162546009	0	RECOG_PRES	10	SISTER	1312	-999	P	1003
1303162547384	0	RECOG_CR_PRES	10	SISTER	1312	-999	P	220
1303162547924	1	RECOG_FEEDBACK	1
1303162548725	0	RECOG_PRES	10	ATHLETE	52	-999	P	1102
1303162550191	0	RECOG_CR_PRES	10	ATHLETE	52	-999	P	205
1303162550708	1	RECOG_FEEDBACK	1
1303162551491	0	RECOG_PRES	10	MUFFIN	929	-999	P	1328
1303162553182	0	RECOG_CR_PRES	10	MUFFIN	929	-999	P	270
1303162553765	1	RECOG_FEEDBACK	1
1303162554531	0	RECOG_PRES	10	CATERPILLAR	259	-999	P	937
1303162555838	0	RECOG_CR_PRES	10	CATERPILLAR	259	-999	P	190
1303162556339	1	RECOG_FEEDBACK	1
1303162557122	0	RECOG_PRES	10	COLLAR	345	-999	P	954
1303162558446	0	RECOG_CR_PRES	10	COLLAR	345	-999	P	222
1303162558954	1	RECOG_FEEDBACK	1
1303162559688	0	RECOG_PRES	10	PENGUIN	1044	-999	P	866
1303162560953	0	RECOG_CR_PRES	10	PENGUIN	1044	-999	P	179
1303162561445	1	RECOG_FEEDBACK	1
1303162562237	0	RECOG_PRES	10	CHIPMUNK	304	-999	P	959
1303162563570	0	RECOG_CR_PRES	10	CHIPMUNK	304	-999	P	241
1303162564136	1	RECOG_FEEDBACK	1
1303162564885	0	RECOG_PRES	10	DEPUTY	450	-999	P	1175
1303162566435	0	RECOG_CR_PRES	10	DEPUTY	450	-999	P	185
1303162566942	1	RECOG_FEEDBACK	1
1303162567693	0	RECOG_PRES	10	AIRCRAFT	11	-999	P	943
1303162569009	0	RECOG_CR_PRES	10	AIRCRAFT	11	-999	P	187
1303162569509	1	RECOG_FEEDBACK	1
1303162570276	0	RECOG_PRES	10	DRIVER	499	-999	P	1440
1303162572092	0	RECOG_CR_PRES	10	DRIVER	499	-999	P	192
1303162572616	1	RECOG_FEEDBACK	0
1303162573391	0	RECOG_PRES	10	LOVER	846	-999	P	1420
1303162575174	0	RECOG_CR_PRES	10	LOVER	846	-999	P	214
1303162575715	1	RECOG_FEEDBACK	1
1303162576515	0	RECOG_PRES	10	XEROX	1628	-999	P	977
1303162577864	0	RECOG_CR_PRES	10	XEROX	1628	-999	P	204
1303162578381	1	RECOG_FEEDBACK	1
1303162579147	0	RECOG_PRES	10	DEER	444	-999	P	977
1303162580497	0	RECOG_CR_PRES	10	DEER	444	-999	P	211
1303162581030	1	RECOG_FEEDBACK	1
1303162581829	0	RECOG_PRES	10	PEPPER	1047	-999	P	998
1303162583196	0	RECOG_CR_PRES	10	PEPPER	1047	-999	P	224
1303162583746	1	RECOG_FEEDBACK	1
1303162584520	0	RECOG_PRES	10	FRUIT	610	-999	P	1371
1303162586253	0	RECOG_CR_PRES	10	FRUIT	610	-999	P	271
1303162586860	1	RECOG_FEEDBACK	0
1303162588294	0	REST
1303162589322	1	REC_START
1303162589352	0	RECOG_PRES	11	CENT	270	-999	P	1748
1303162591476	0	RECOG_CR_PRES	11	CENT	270	-999	P	264
1303162592151	1	RECOG_FEEDBACK	1
1303162592883	0	RECOG_PRES	11	PEDESTRIAN	1038	-999	P	936
1303162594184	0	RECOG_CR_PRES	11	PEDESTRIAN	1038	-999	P	204
1303162594700	1	RECOG_FEEDBACK	1
1303162595467	0	RECOG_PRES	11	CHEST	295	-999	P	601
1303162596441	0	RECOG_CR_PRES	11	CHEST	295	-999	P	771
1303162597458	1	RECOG_FEEDBACK	-1
1303162598174	0	RECOG_PRES	11	ULCER	1533	-999	P	1110
1303162599657	0	RECOG_CR_PRES	11	ULCER	1533	-999	P	242
1303162600223	1	RECOG_FEEDBACK	1
1303162601015	0	RECOG_PRES	11	FEMALE	559	-999	P	997
1303162602381	0	RECOG_CR_PRES	11	FEMALE	559	-999	P	239
1303162602938	1	RECOG_FEEDBACK	1
1303162603730	0	RECOG_PRES	11	LIME	823	-999	P	1177
1303162605271	0	RECOG_CR_PRES	11	LIME	823	-999	P	245
1303162605837	1	RECOG_FEEDBACK	1
1303162606596	0	RECOG_PRES	11	CINNAMON	310	-999	P	1016
1303162607986	0	RECOG_CR_PRES	11	CINNAMON	310	-999	P	186
1303162608495	1	RECOG_FEEDBACK	1
1303162609253	0	RECOG_PRES	11	BATTERY	101	-999	P	1007
1303162610636	0	RECOG_CR_PRES	11	BATTERY	101	-999	P	215
1303162611178	1	RECOG_FEEDBACK	1
1303162611927	0	RECOG_PRES	11	TERMITE	1451	-999	P	1068
1303162613369	0	RECOG_CR_PRES	11	TERMITE	1451	-999	P	219
1303162613909	1	RECOG_FEEDBACK	1
1303162614651	0	RECOG_PRES	11	KEYBOARD	774	-999	P	937
1303162615958	0	RECOG_CR_PRES	11	KEYBOARD	774	-999	P	206
1303162616476	1	RECOG_FEEDBACK	1
1303162617284	0	RECOG_PRES	11	LIBRARY	816	-999	P	864
1303162618517	0	RECOG_CR_PRES	11	LIBRARY	816	-999	P	207
1303162619042	1	RECOG_FEEDBACK	1
1303162619774	0	RECOG_PRES	11	VACUUM	1543	-999	P	918
1303162621066	0	RECOG_CR_PRES	11	VACUUM	1543	-999	P	218
1303162621599	1	RECOG_FEEDBACK	1
1303162622324	0	RECOG_PRES	11	ORGAN	984	-999	P	1080
1303162623772	0	RECOG_CR_PRES	11	ORGAN	984	-999	P	280
1303162624381	1	RECOG_FEEDBACK	1
1303162625106	0	RECOG_PRES	11	NECKLACE	940	-999	P	1418
1303162626896	0	RECOG_CR_PRES	11	NECKLACE	940	-999	P	244
1303162627480	1	RECOG_FEEDBACK	1
1303162628238	0	RECOG_PRES	11	SIRLOIN	1311	-999	P	1238
1303162629845	0	RECOG_CR_PRES	11	SIRLOIN	1311	-999	P	215
1303162630396	1	RECOG_FEEDBACK	1
1303162631204	0	RECOG_PRES	11	VIRUS	1572	-999	P	1759
1303162633328	0	RECOG_CR_PRES	11	VIRUS	1572	-999	P	236
1303162633919	1	RECOG_FEEDBACK	1
1303162634711	0	RECOG_PRES	11	RACCOON	1153	-999	P	1196
1303162636269	0	RECOG_CR_PRES	11	RACCOON	1153	-999	P	263
1303162636868	1	RECOG_FEEDBACK	1
1303162637585	0	RECOG_PRES	11	ROSE	1212	-999	P	1107
1303162639068	0	RECOG_CR_PRES	11	ROSE	1212	-999	P	224
1303162639626	1	RECOG_FEEDBACK	1
1303162640426	0	RECOG_PRES	11	EARTH	515	-999	P	970
1303162641767	0	RECOG_CR_PRES	11	EARTH	515	-999	P	237
1303162642325	1	RECOG_FEEDBACK	1
1303162643058	0	RECOG_PRES	11	HINGE	709	-999	P	1346
1303162644773	0	RECOG_CR_PRES	11	HINGE	709	-999	P	214
1303162645316	1	RECOG_FEEDBACK	1
1303162646898	0	REST
1303162648080	1	REC_START
1303162648115	0	RECOG_PRES	12	SODA	1341	-999	P	1257
1303162649747	0	RECOG_CR_PRES	12	SODA	1341	-999	P	200
1303162650281	1	RECOG_FEEDBACK	0
1303162651064	0	RECOG_PRES	12	BOX	159	-999	P	1084
1303162652521	0	RECOG_CR_PRES	12	BOX	159	-999	P	243
1303162653096	1	RECOG_FEEDBACK	1
1303162653878	0	RECOG_PRES	12	SUGAR	1401	-999	P	949
1303162655195	0	RECOG_CR_PRES	12	SUGAR	1401	-999	P	217
1303162655729	1	RECOG_FEEDBACK	1
1303162656495	0	RECOG_PRES	12	COURSE	390	-999	P	1173
1303162658044	0	RECOG_CR_PRES	12	COURSE	390	-999	P	200
1303162658578	1	RECOG_FEEDBACK	1
1303162659294	0	RECOG_PRES	12	YOLK	1633	-999	P	878
1303162660544	0	RECOG_CR_PRES	12	YOLK	1633	-999	P	164
1303162661027	1	RECOG_FEEDBACK	1
1303162661809	0	RECOG_PRES	12	BANKER	84	-999	P	1018
1303162663193	0	RECOG_CR_PRES	12	BANKER	84	-999	P	211
1303162663734	1	RECOG_FEEDBACK	1
1303162664525	0	RECOG_PRES	12	PIT	1077	-999	P	1039
1303162665932	0	RECOG_CR_PRES	12	PIT	1077	-999	P	216
1303162666475	1	RECOG_FEEDBACK	1
1303162667208	0	RECOG_PRES	12	BUILDER	190	-999	P	874
1303162668482	0	RECOG_CR_PRES	12	BUILDER	190	-999	P	210
1303162669015	1	RECOG_FEEDBACK	1
1303162669789	0	RECOG_PRES	12	SPY	1360	-999	P	959
1303162671123	0	RECOG_CR_PRES	12	SPY	1360	-999	P	193
1303162671640	1	RECOG_FEEDBACK	0
1303162672356	0	RECOG_PRES	12	EXPERT	543	-999	P	1296
1303162674022	0	RECOG_CR_PRES	12	EXPERT	543	-999	P	230
1303162674580	1	RECOG_FEEDBACK	1
1303162675313	0	RECOG_PRES	12	STAPLER	1372	-999	P	1083
1303162676770	0	RECOG_CR_PRES	12	STAPLER	1372	-999	P	209
1303162677313	1	RECOG_FEEDBACK	1
1303162678062	0	RECOG_PRES	12	CABBAGE	210	-999	P	1078
1303162679512	0	RECOG_CR_PRES	12	CABBAGE	210	-999	P	252
1303162680095	1	RECOG_FEEDBACK	1
1303162680869	0	RECOG_PRES	12	CUFF	423	-999	P	833
1303162682103	0	RECOG_CR_PRES	12	CUFF	423	-999	P	189
1303162682602	1	RECOG_FEEDBACK	1
1303162683377	0	RECOG_PRES	12	PLASTER	1085	-999	P	907
1303162684660	0	RECOG_CR_PRES	12	PLASTER	1085	-999	P	183
1303162685176	1	RECOG_FEEDBACK	1
1303162685917	0	RECOG_PRES	12	POSTAGE	1113	-999	P	1046
1303162687326	0	RECOG_CR_PRES	12	POSTAGE	1113	-999	P	198
1303162687858	1	RECOG_FEEDBACK	0
1303162688567	0	RECOG_PRES	12	PECAN	1036	-999	P	1141
1303162690083	0	RECOG_CR_PRES	12	PECAN	1036	-999	P	249
1303162690666	1	RECOG_FEEDBACK	1
1303162691391	0	RECOG_PRES	12	SKELETON	1314	-999	P	869
1303162692632	0	RECOG_CR_PRES	12	SKELETON	1314	-999	P	251
1303162693207	1	RECOG_FEEDBACK	1
1303162693981	0	RECOG_PRES	12	FLESH	579	-999	P	910
1303162695256	0	RECOG_CR_PRES	12	FLESH	579	-999	P	228
1303162695805	1	RECOG_FEEDBACK	1
1303162696606	0	RECOG_PRES	12	HUSBAND	728	-999	P	990
1303162697971	0	RECOG_CR_PRES	12	HUSBAND	728	-999	P	233
1303162698538	1	RECOG_FEEDBACK	1
1303162699321	0	RECOG_PRES	12	FLANNEL	574	-999	P	1003
1303162700696	0	RECOG_CR_PRES	12	FLANNEL	574	-999	P	267
1303162701287	1	RECOG_FEEDBACK	1
1303162702745	0	REST
1303162703598	1	REC_START
1303162703628	0	RECOG_PRES	13	PICKLE	1059	-999	P	1032
1303162705036	0	RECOG_CR_PRES	13	PICKLE	1059	-999	P	168
1303162705528	1	RECOG_FEEDBACK	1
1303162706244	0	RECOG_PRES	13	PADDLE	1000	-999	P	1384
1303162708002	0	RECOG_CR_PRES	13	PADDLE	1000	-999	P	234
1303162708576	1	RECOG_FEEDBACK	0
1303162709368	0	RECOG_PRES	13	BUTTON	207	-999	P	1124
1303162710866	0	RECOG_CR_PRES	13	BUTTON	207	-999	P	210
1303162711409	1	RECOG_FEEDBACK	1
1303162712183	0	RECOG_PRES	13	PIER	1063	-999	P	1189
1303162713741	0	RECOG_CR_PRES	13	PIER	1063	-999	P	198
1303162714274	1	RECOG_FEEDBACK	1
1303162715082	0	RECOG_PRES	13	ATTIRE	57	-999	P	954
1303162716407	0	RECOG_CR_PRES	13	ATTIRE	57	-999	P	173
1303162716897	1	RECOG_FEEDBACK	1
1303162717640	0	RECOG_PRES	13	ATOM	55	-999	P	956
1303162718963	0	RECOG_CR_PRES	13	ATOM	55	-999	P	233
1303162719514	1	RECOG_FEEDBACK	1
1303162720239	0	RECOG_PRES	13	MOB	904	-999	P	1883
1303162722522	0	RECOG_CR_PRES	13	MOB	904	-999	P	194
1303162723071	1	RECOG_FEEDBACK	1
1303162723828	0	RECOG_PRES	13	BULLY	196	-999	P	991
1303162725187	0	RECOG_CR_PRES	13	BULLY	196	-999	P	257
1303162725778	1	RECOG_FEEDBACK	1
1303162726495	0	RECOG_PRES	13	BUILDING	191	-999	P	941
1303162727810	0	RECOG_CR_PRES	13	BUILDING	191	-999	P	177
1303162728303	1	RECOG_FEEDBACK	1
1303162729036	0	RECOG_PRES	13	DRESS	495	-999	P	976
1303162730385	0	RECOG_CR_PRES	13	DRESS	495	-999	P	187
1303162730884	1	RECOG_FEEDBACK	1
1303162731618	0	RECOG_PRES	13	HURRICANE	727	-999	P	1058
1303162733051	0	RECOG_CR_PRES	13	HURRICANE	727	-999	P	233
1303162733609	1	RECOG_FEEDBACK	1
1303162734376	0	RECOG_PRES	13	RECORD	1176	-999	P	1060
1303162735807	0	RECOG_CR_PRES	13	RECORD	1176	-999	P	180
1303162736317	1	RECOG_FEEDBACK	1
1303162737083	0	RECOG_PRES	13	BATH	98	-999	P	953
1303162738408	0	RECOG_CR_PRES	13	BATH	98	-999	P	252
1303162738981	1	RECOG_FEEDBACK	1
1303162739757	0	RECOG_PRES	13	YOKE	1632	-999	P	951
1303162741082	0	RECOG_CR_PRES	13	YOKE	1632	-999	P	202
1303162741606	1	RECOG_FEEDBACK	1
1303162742339	0	RECOG_PRES	13	DRAWER	493	-999	P	866
1303162743606	0	RECOG_CR_PRES	13	DRAWER	493	-999	P	221
1303162744155	1	RECOG_FEEDBACK	1
1303162744896	0	RECOG_PRES	13	FAMILY	550	-999	P	939
1303162746196	0	RECOG_CR_PRES	13	FAMILY	550	-999	P	184
1303162746696	1	RECOG_FEEDBACK	1
1303162747446	0	RECOG_PRES	13	EARRING	514	-999	P	934
1303162748754	0	RECOG_CR_PRES	13	EARRING	514	-999	P	209
1303162749279	1	RECOG_FEEDBACK	1
1303162750003	0	RECOG_PRES	13	FLOUR	583	-999	P	882
1303162751278	0	RECOG_CR_PRES	13	FLOUR	583	-999	P	222
1303162751810	1	RECOG_FEEDBACK	1
1303162752528	0	RECOG_PRES	13	LOLLIPOP	842	-999	P	964
1303162753859	0	RECOG_CR_PRES	13	LOLLIPOP	842	-999	P	185
1303162754377	1	RECOG_FEEDBACK	1
1303162755160	0	RECOG_PRES	13	KITE	779	-999	P	948
1303162756484	0	RECOG_CR_PRES	13	KITE	779	-999	P	240
1303162757043	1	RECOG_FEEDBACK	1
1303162758559	0	REST
1303162759408	1	REC_START
1303162759442	0	RECOG_PRES	14	RUG	1215	-999	P	954
1303162760766	0	RECOG_CR_PRES	14	RUG	1215	-999	P	189
1303162761274	1	RECOG_FEEDBACK	1
1303162762074	0	RECOG_PRES	14	ONION	977	-999	P	1018
1303162763465	0	RECOG_CR_PRES	14	ONION	977	-999	P	187
1303162763981	1	RECOG_FEEDBACK	1
1303162764765	0	RECOG_PRES	14	COUCH	386	-999	P	959
1303162766098	0	RECOG_CR_PRES	14	COUCH	386	-999	P	178
1303162766597	1	RECOG_FEEDBACK	1
1303162767306	0	RECOG_PRES	14	CONSOLE	364	-999	P	994
1303162768672	0	RECOG_CR_PRES	14	CONSOLE	364	-999	P	235
1303162769222	1	RECOG_FEEDBACK	1
1303162770013	0	RECOG_PRES	14	MICROWAVE	892	-999	P	1247
1303162771629	0	RECOG_CR_PRES	14	MICROWAVE	892	-999	P	190
1303162772146	1	RECOG_FEEDBACK	0
1303162772919	0	RECOG_PRES	14	CHURCH	307	-999	P	1445
1303162774736	0	RECOG_CR_PRES	14	CHURCH	307	-999	P	211
1303162775269	1	RECOG_FEEDBACK	1
1303162776044	0	RECOG_PRES	14	THIGH	1457	-999	P	984
1303162777402	0	RECOG_CR_PRES	14	THIGH	1457	-999	P	226
1303162777951	1	RECOG_FEEDBACK	1
1303162778710	0	RECOG_PRES	14	VAN	1548	-999	P	1077
1303162780151	0	RECOG_CR_PRES	14	VAN	1548	-999	P	237
1303162780709	1	RECOG_FEEDBACK	1
1303162781492	0	RECOG_PRES	14	ROOF	1205	-999	P	1040
1303162782907	0	RECOG_CR_PRES	14	ROOF	1205	-999	P	201
1303162783425	1	RECOG_FEEDBACK	1
1303162784141	0	RECOG_PRES	14	CUSHION	428	-999	P	967
1303162785483	0	RECOG_CR_PRES	14	CUSHION	428	-999	P	241
1303162786041	1	RECOG_FEEDBACK	1
1303162786798	0	RECOG_PRES	14	WOUND	1624	-999	P	989
1303162788148	0	RECOG_CR_PRES	14	WOUND	1624	-999	P	216
1303162788698	1	RECOG_FEEDBACK	1
1303162789473	0	RECOG_PRES	14	CAMEL	223	-999	P	979
1303162790830	0	RECOG_CR_PRES	14	CAMEL	223	-999	P	182
1303162791330	1	RECOG_FEEDBACK	1
1303162792047	0	RECOG_PRES	14	SHORE	1291	-999	P	1421
1303162793837	0	RECOG_CR_PRES	14	SHORE	1291	-999	P	239
1303162794413	1	RECOG_FEEDBACK	1
1303162795187	0	RECOG_PRES	14	TREE	1502	-999	P	977
1303162796537	0	RECOG_CR_PRES	14	TREE	1502	-999	P	211
1303162797078	1	RECOG_FEEDBACK	1
1303162797827	0	RECOG_PRES	14	HARP	689	-999	P	1056
1303162799253	0	RECOG_CR_PRES	14	HARP	689	-999	P	263
1303162799843	1	RECOG_FEEDBACK	1
1303162800610	0	RECOG_PRES	14	BRIDE	173	-999	P	1026
1303162802010	0	RECOG_CR_PRES	14	BRIDE	173	-999	P	234
1303162802568	1	RECOG_FEEDBACK	1
1303162803293	0	RECOG_PRES	14	TOY	1492	-999	P	883
1303162804576	0	RECOG_CR_PRES	14	TOY	1492	-999	P	243
1303162805134	1	RECOG_FEEDBACK	1
1303162805883	0	RECOG_PRES	14	CHIEF	298	-999	P	928
1303162807175	0	RECOG_CR_PRES	14	CHIEF	298	-999	P	221
1303162807716	1	RECOG_FEEDBACK	1
1303162808449	0	RECOG_PRES	14	HANGER	687	-999	P	875
1303162809724	0	RECOG_CR_PRES	14	HANGER	687	-999	P	183
1303162810240	1	RECOG_FEEDBACK	1
1303162810956	0	RECOG_PRES	14	MAILBOX	857	-999	P	1728
1303162813056	0	RECOG_CR_PRES	14	MAILBOX	857	-999	P	228
1303162813648	1	RECOG_FEEDBACK	1
1303162815114	0	REST
1303162816118	1	REC_START
1303162816155	0	RECOG_PRES	15	HAYSTACK	694	-999	P	921
1303162817446	0	RECOG_CR_PRES	15	HAYSTACK	694	-999	P	166
1303162817920	1	RECOG_FEEDBACK	1
1303162818629	0	RECOG_PRES	15	QUEEN	1149	-999	P	951
1303162819953	0	RECOG_CR_PRES	15	QUEEN	1149	-999	P	235
1303162820512	1	RECOG_FEEDBACK	1
1303162821245	0	RECOG_PRES	15	KETTLE	772	-999	P	840
1303162822461	0	RECOG_CR_PRES	15	KETTLE	772	-999	P	199
1303162822977	1	RECOG_FEEDBACK	1
1303162823744	0	RECOG_PRES	15	LAWYER	806	-999	P	1051
1303162825160	0	RECOG_CR_PRES	15	LAWYER	806	-999	P	204
1303162825685	1	RECOG_FEEDBACK	1
1303162826476	0	RECOG_PRES	15	ANTELOPE	27	-999	P	856
1303162827701	0	RECOG_CR_PRES	15	ANTELOPE	27	-999	P	158
1303162828176	1	RECOG_FEEDBACK	1
1303162828949	0	RECOG_PRES	15	GODDESS	646	-999	P	910
1303162830225	0	RECOG_CR_PRES	15	GODDESS	646	-999	P	179
1303162830725	1	RECOG_FEEDBACK	1
1303162831525	0	RECOG_PRES	15	DONKEY	484	-999	P	1023
1303162832923	0	RECOG_CR_PRES	15	DONKEY	484	-999	P	201
1303162833449	1	RECOG_FEEDBACK	1
1303162834240	0	RECOG_PRES	15	SARDINE	1235	-999	P	816
1303162835456	0	RECOG_CR_PRES	15	SARDINE	1235	-999	P	196
1303162835964	1	RECOG_FEEDBACK	1
1303162836731	0	RECOG_PRES	15	BOOK	149	-999	P	1033
1303162838130	0	RECOG_CR_PRES	15	BOOK	149	-999	P	554
1303162839013	1	RECOG_FEEDBACK	0
1303162839812	0	RECOG_PRES	15	PIGEON	1065	-999	P	801
1303162841013	0	RECOG_CR_PRES	15	PIGEON	1065	-999	P	191
1303162841521	1	RECOG_FEEDBACK	1
1303162842279	0	RECOG_PRES	15	FIG	563	-999	P	850
1303162843529	0	RECOG_CR_PRES	15	FIG	563	-999	P	147
1303162843977	1	RECOG_FEEDBACK	1
1303162844703	0	RECOG_PRES	15	DRAWING	494	-999	P	997
1303162846069	0	RECOG_CR_PRES	15	DRAWING	494	-999	P	175
1303162846569	1	RECOG_FEEDBACK	1
1303162847344	0	RECOG_PRES	15	RICE	1190	-999	P	924
1303162848643	0	RECOG_CR_PRES	15	RICE	1190	-999	P	168
1303162849135	1	RECOG_FEEDBACK	1
1303162849850	0	RECOG_PRES	15	CHIMNEY	301	-999	P	1818
1303162852042	0	RECOG_CR_PRES	15	CHIMNEY	301	-999	P	170
1303162852559	1	RECOG_FEEDBACK	1
1303162853325	0	RECOG_PRES	15	FACE	547	-999	P	951
1303162854650	0	RECOG_CR_PRES	15	FACE	547	-999	P	193
1303162855166	1	RECOG_FEEDBACK	1
1303162855898	0	RECOG_PRES	15	GRATE	657	-999	P	985
1303162857249	0	RECOG_CR_PRES	15	GRATE	657	-999	P	251
1303162857822	1	RECOG_FEEDBACK	1
1303162858607	0	RECOG_PRES	15	CRITIC	410	-999	P	925
1303162859905	0	RECOG_CR_PRES	15	CRITIC	410	-999	P	211
1303162860439	1	RECOG_FEEDBACK	1
1303162861214	0	RECOG_PRES	15	VIOLA	1570	-999	P	833
1303162862455	0	RECOG_CR_PRES	15	VIOLA	1570	-999	P	133
1303162862912	1	RECOG_FEEDBACK	1
1303162863646	0	RECOG_PRES	15	DOOR	486	-999	P	867
1303162864912	0	RECOG_CR_PRES	15	DOOR	486	-999	P	220
1303162865454	1	RECOG_FEEDBACK	1
1303162866229	0	RECOG_PRES	15	DINNER	468	-999	P	895
1303162867495	0	RECOG_CR_PRES	15	DINNER	468	-999	P	237
1303162868037	1	RECOG_FEEDBACK	1
1303162868834	0	RECOG_END
1303162870194	0	SESS_END
1303162870239	0	E	Logging Ends
