1267818398188	0	B	Logging Begins
1267818398188	0	SESS_START	4
1267818476982	1	FR_PRES	0	CATCHER	258	0	1	1512	(0.57740000000000002, 0.41289999999999999, 1.0)	../fonts/zerothre.ttf	lower
1267818480832	1	FR_PRES	0	HOOP	716	0	1	990	(0.57740000000000002, 0.41289999999999999, 1.0)	../fonts/zerothre.ttf	lower
1267818484857	1	FR_PRES	0	GIRAFFE	636	0	1	1245	(0.57740000000000002, 0.41289999999999999, 1.0)	../fonts/zerothre.ttf	lower
1267818488706	1	FR_PRES	0	FLANNEL	574	0	0	2180	(0.57740000000000002, 0.41289999999999999, 1.0)	../fonts/zerothre.ttf	lower
1267818492806	1	FR_PRES	0	MAGNET	855	0	0	1192	(0.57740000000000002, 0.41289999999999999, 1.0)	../fonts/zerothre.ttf	lower
1267818496822	1	FR_PRES	0	BLACKBOARD	133	1	0	1656	(0.42259999999999998, 0.58709999999999996, 0)	../fonts/amplitud.ttf	upper
1267818500764	1	FR_PRES	0	BULLETIN	195	1	0	794	(0.42259999999999998, 0.58709999999999996, 0)	../fonts/amplitud.ttf	upper
1267818504930	1	FR_PRES	0	CATERPILLAR	259	1	1	1084	(0.42259999999999998, 0.58709999999999996, 0)	../fonts/amplitud.ttf	upper
1267818508772	1	FR_PRES	0	OX	994	1	1	850	(0.42259999999999998, 0.58709999999999996, 0)	../fonts/amplitud.ttf	upper
1267818512930	1	FR_PRES	0	HATCHET	691	1	0	1100	(0.42259999999999998, 0.58709999999999996, 0)	../fonts/amplitud.ttf	upper
1267818516929	1	FR_PRES	0	PRINTER	1126	0	0	1549	(0.57740000000000002, 0.41289999999999999, 1.0)	../fonts/zerothre.ttf	lower
1267818520787	1	FR_PRES	0	AIRCRAFT	11	0	1	1691	(0.57740000000000002, 0.41289999999999999, 1.0)	../fonts/zerothre.ttf	lower
1267818524970	1	FR_PRES	0	STEWARDESS	1381	0	1	1196	(0.57740000000000002, 0.41289999999999999, 1.0)	../fonts/zerothre.ttf	lower
1267818529178	1	FR_PRES	0	SURGEON	1413	1	1	1020	(0.42259999999999998, 0.58709999999999996, 0)	../fonts/amplitud.ttf	upper
1267818533220	1	FR_PRES	0	PRIEST	1122	1	1	706	(0.42259999999999998, 0.58709999999999996, 0)	../fonts/amplitud.ttf	upper
1267818537378	1	FR_PRES	0	ROACH	1195	1	1	820	(0.42259999999999998, 0.58709999999999996, 0)	../fonts/amplitud.ttf	upper
1267818543378	1	REC_START
1267818634413	0	REST
1267818635912	1	FR_PRES	1	REEF	1177	1	1	1062	(0.42259999999999998, 0.58709999999999996, 0)	../fonts/amplitud.ttf	upper
1267818640045	1	FR_PRES	1	SINK	1309	1	0	697	(0.42259999999999998, 0.58709999999999996, 0)	../fonts/amplitud.ttf	upper
1267818644087	1	FR_PRES	1	TANK	1432	0	1	1639	(0.57740000000000002, 0.41289999999999999, 1.0)	../fonts/zerothre.ttf	lower
1267818648153	1	FR_PRES	1	PANTHER	1009	0	1	1309	(0.57740000000000002, 0.41289999999999999, 1.0)	../fonts/zerothre.ttf	lower
1267818652236	1	FR_PRES	1	SAGE	1222	1	1	1346	(0.42259999999999998, 0.58709999999999996, 0)	../fonts/amplitud.ttf	upper
1267818656053	1	FR_PRES	1	OREGANO	983	1	0	1881	(0.42259999999999998, 0.58709999999999996, 0)	../fonts/amplitud.ttf	upper
1267818660012	1	FR_PRES	1	FELLOW	558	1	1	1386	(0.42259999999999998, 0.58709999999999996, 0)	../fonts/amplitud.ttf	upper
1267818663885	1	FR_PRES	1	TURTLE	1522	1	1	817	(0.42259999999999998, 0.58709999999999996, 0)	../fonts/amplitud.ttf	upper
1267818667802	1	FR_PRES	1	FAIRY	549	1	1	756	(0.42259999999999998, 0.58709999999999996, 0)	../fonts/amplitud.ttf	upper
1267818671960	1	FR_PRES	1	MAGICIAN	854	1	1	1047	(0.42259999999999998, 0.58709999999999996, 0)	../fonts/amplitud.ttf	upper
1267818676035	1	FR_PRES	1	ROOMMATE	1207	0	-999	3000	(0.57740000000000002, 0.41289999999999999, 1.0)	../fonts/zerothre.ttf	lower
1267818679059	1	SLOW_MSG
1267818681492	1	FR_PRES	1	THIEF	1456	0	1	778	(0.57740000000000002, 0.41289999999999999, 1.0)	../fonts/zerothre.ttf	lower
1267818685584	1	FR_PRES	1	SANDWICH	1232	0	0	1406	(0.57740000000000002, 0.41289999999999999, 1.0)	../fonts/zerothre.ttf	lower
1267818689725	1	FR_PRES	1	BOOTH	151	0	1	1137	(0.57740000000000002, 0.41289999999999999, 1.0)	../fonts/zerothre.ttf	lower
1267818693683	1	FR_PRES	1	SHELL	1281	0	1	1411	(0.57740000000000002, 0.41289999999999999, 1.0)	../fonts/zerothre.ttf	lower
1267818697541	1	FR_PRES	1	SALMON	1227	0	0	937	(0.57740000000000002, 0.41289999999999999, 1.0)	../fonts/zerothre.ttf	lower
1267818703233	1	REC_START
1267818785385	0	REST
1267818786893	1	FR_PRES	2	FLESH	579	-1	-1	-1267818786893	white	../fonts/Verdana.ttf	upper
1267818791002	1	FR_PRES	2	CLIPPERS	324	-1	-1	-1267818791002	white	../fonts/Verdana.ttf	upper
1267818795192	1	FR_PRES	2	ASSISTANT	48	-1	-1	-1267818795192	white	../fonts/Verdana.ttf	upper
1267818799051	1	FR_PRES	2	FLUTE	585	-1	-1	-1267818799051	white	../fonts/Verdana.ttf	upper
1267818803067	1	FR_PRES	2	WINDSHIELD	1612	-1	-1	-1267818803067	white	../fonts/Verdana.ttf	upper
1267818807017	1	FR_PRES	2	AUTOMOBILE	62	-1	-1	-1267818807017	white	../fonts/Verdana.ttf	upper
1267818811091	1	FR_PRES	2	LIMOUSINE	824	-1	-1	-1267818811091	white	../fonts/Verdana.ttf	upper
1267818815099	1	FR_PRES	2	PISTON	1076	-1	-1	-1267818815099	white	../fonts/Verdana.ttf	upper
1267818818933	1	FR_PRES	2	TICKET	1464	-1	-1	-1267818818933	white	../fonts/Verdana.ttf	upper
1267818823082	1	FR_PRES	2	CRAYON	401	-1	-1	-1267818823082	white	../fonts/Verdana.ttf	upper
1267818827065	1	FR_PRES	2	MARKER	870	-1	-1	-1267818827065	white	../fonts/Verdana.ttf	upper
1267818831140	1	FR_PRES	2	PEN	1041	-1	-1	-1267818831140	white	../fonts/Verdana.ttf	upper
1267818835256	1	FR_PRES	2	CELLO	268	-1	-1	-1267818835256	white	../fonts/Verdana.ttf	upper
1267818839173	1	FR_PRES	2	DRYER	503	-1	-1	-1267818839173	white	../fonts/Verdana.ttf	upper
1267818843072	1	FR_PRES	2	PRINCE	1124	-1	-1	-1267818843072	white	../fonts/Verdana.ttf	upper
1267818847272	1	FR_PRES	2	GOVERNOR	651	-1	-1	-1267818847272	white	../fonts/Verdana.ttf	upper
1267818853014	1	REC_START
1267818930499	0	REST
1267818931999	1	FR_PRES	3	FUDGE	611	1	0	1855	(0.42259999999999998, 0.58709999999999996, 0)	../fonts/amplitud.ttf	upper
1267818936032	1	FR_PRES	3	COTTAGE	384	1	0	2086	(0.42259999999999998, 0.58709999999999996, 0)	../fonts/amplitud.ttf	upper
1267818939965	1	FR_PRES	3	CONDUCTOR	362	1	1	761	(0.42259999999999998, 0.58709999999999996, 0)	../fonts/amplitud.ttf	upper
1267818943923	1	FR_PRES	3	ARM	38	0	0	1683	(0.57740000000000002, 0.41289999999999999, 1.0)	../fonts/zerothre.ttf	lower
1267818947990	1	FR_PRES	3	PORCH	1106	0	1	944	(0.57740000000000002, 0.41289999999999999, 1.0)	../fonts/zerothre.ttf	lower
1267818951965	1	FR_PRES	3	BAKER	71	0	1	1401	(0.57740000000000002, 0.41289999999999999, 1.0)	../fonts/zerothre.ttf	lower
1267818955973	1	FR_PRES	3	SHORTCAKE	1292	0	0	1185	(0.57740000000000002, 0.41289999999999999, 1.0)	../fonts/zerothre.ttf	lower
1267818959797	1	FR_PRES	3	PROFESSOR	1131	0	1	601	(0.57740000000000002, 0.41289999999999999, 1.0)	../fonts/zerothre.ttf	lower
1267818963830	1	FR_PRES	3	PUPIL	1143	0	0	1096	(0.57740000000000002, 0.41289999999999999, 1.0)	../fonts/zerothre.ttf	lower
1267818967688	1	FR_PRES	3	TRUCK	1512	1	0	2510	(0.42259999999999998, 0.58709999999999996, 0)	../fonts/amplitud.ttf	upper
1267818971538	1	FR_PRES	3	TECHNICIAN	1443	1	1	1524	(0.42259999999999998, 0.58709999999999996, 0)	../fonts/amplitud.ttf	upper
1267818975521	1	FR_PRES	3	MULE	931	1	1	925	(0.42259999999999998, 0.58709999999999996, 0)	../fonts/amplitud.ttf	upper
1267818979479	1	FR_PRES	3	POTATO	1115	1	1	2287	(0.42259999999999998, 0.58709999999999996, 0)	../fonts/amplitud.ttf	upper
1267818983479	1	FR_PRES	3	THIGH	1457	1	0	1087	(0.42259999999999998, 0.58709999999999996, 0)	../fonts/amplitud.ttf	upper
1267818987554	1	FR_PRES	3	TEAM	1441	0	1	1436	(0.57740000000000002, 0.41289999999999999, 1.0)	../fonts/zerothre.ttf	lower
1267818991520	1	FR_PRES	3	WINGS	1614	0	0	1926	(0.57740000000000002, 0.41289999999999999, 1.0)	../fonts/zerothre.ttf	lower
1267818997345	1	REC_START
1267819074889	0	REST
1267819076397	1	FR_PRES	4	PARROT	1015	-1	-1	-1267819076397	white	../fonts/Verdana.ttf	upper
1267819080347	1	FR_PRES	4	DOLL	481	-1	-1	-1267819080347	white	../fonts/Verdana.ttf	upper
1267819084488	1	FR_PRES	4	MOTH	920	-1	-1	-1267819084488	white	../fonts/Verdana.ttf	upper
1267819088621	1	FR_PRES	4	DOCTOR	478	-1	-1	-1267819088621	white	../fonts/Verdana.ttf	upper
1267819092671	1	FR_PRES	4	NEST	945	-1	-1	-1267819092671	white	../fonts/Verdana.ttf	upper
1267819096846	1	FR_PRES	4	OTTER	986	-1	-1	-1267819096846	white	../fonts/Verdana.ttf	upper
1267819100762	1	FR_PRES	4	FUR	615	-1	-1	-1267819100762	white	../fonts/Verdana.ttf	upper
1267819104962	1	FR_PRES	4	CASHEW	253	-1	-1	-1267819104962	white	../fonts/Verdana.ttf	upper
1267819108786	1	FR_PRES	4	VICTOR	1563	-1	-1	-1267819108786	white	../fonts/Verdana.ttf	upper
1267819112870	1	FR_PRES	4	MEDAL	885	-1	-1	-1267819112870	white	../fonts/Verdana.ttf	upper
1267819116836	1	FR_PRES	4	STAPLER	1372	-1	-1	-1267819116836	white	../fonts/Verdana.ttf	upper
1267819120836	1	FR_PRES	4	STAPLE	1371	-1	-1	-1267819120836	white	../fonts/Verdana.ttf	upper
1267819124760	1	FR_PRES	4	CUE	422	-1	-1	-1267819124760	white	../fonts/Verdana.ttf	upper
1267819128768	1	FR_PRES	4	MEDICINE	886	-1	-1	-1267819128768	white	../fonts/Verdana.ttf	upper
1267819132793	1	FR_PRES	4	PLANET	1082	-1	-1	-1267819132793	white	../fonts/Verdana.ttf	upper
1267819136684	1	FR_PRES	4	WHALE	1601	-1	-1	-1267819136684	white	../fonts/Verdana.ttf	upper
1267819142518	1	REC_START
1267819223762	0	REST
1267819225270	1	FR_PRES	5	TREAD	1499	-1	-1	-1267819225270	white	../fonts/Verdana.ttf	upper
1267819229095	1	FR_PRES	5	HOME	712	-1	-1	-1267819229095	white	../fonts/Verdana.ttf	upper
1267819233252	1	FR_PRES	5	BANDANNA	80	-1	-1	-1267819233252	white	../fonts/Verdana.ttf	upper
1267819237402	1	FR_PRES	5	SALOON	1228	-1	-1	-1267819237402	white	../fonts/Verdana.ttf	upper
1267819241377	1	FR_PRES	5	SKUNK	1321	-1	-1	-1267819241377	white	../fonts/Verdana.ttf	upper
1267819245443	1	FR_PRES	5	VINEGAR	1569	-1	-1	-1267819245443	white	../fonts/Verdana.ttf	upper
1267819249535	1	FR_PRES	5	GARAGE	621	-1	-1	-1267819249535	white	../fonts/Verdana.ttf	upper
1267819253643	1	FR_PRES	5	TIDE	1465	-1	-1	-1267819253643	white	../fonts/Verdana.ttf	upper
1267819257817	1	FR_PRES	5	BLENDER	136	-1	-1	-1267819257817	white	../fonts/Verdana.ttf	upper
1267819261700	1	FR_PRES	5	WAX	1597	-1	-1	-1267819261700	white	../fonts/Verdana.ttf	upper
1267819265533	1	FR_PRES	5	STEM	1376	-1	-1	-1267819265533	white	../fonts/Verdana.ttf	upper
1267819269450	1	FR_PRES	5	MAT	877	-1	-1	-1267819269450	white	../fonts/Verdana.ttf	upper
1267819273300	1	FR_PRES	5	STOOL	1386	-1	-1	-1267819273300	white	../fonts/Verdana.ttf	upper
1267819277316	1	FR_PRES	5	TABLE	1426	-1	-1	-1267819277316	white	../fonts/Verdana.ttf	upper
1267819281324	1	FR_PRES	5	SWAMP	1416	-1	-1	-1267819281324	white	../fonts/Verdana.ttf	upper
1267819285449	1	FR_PRES	5	BRAKE	166	-1	-1	-1267819285449	white	../fonts/Verdana.ttf	upper
1267819291307	1	REC_START
1267819370226	0	REST
1267819371734	1	FR_PRES	6	TOMATO	1476	1	1	856	(0.42259999999999998, 0.58709999999999996, 0)	../fonts/amplitud.ttf	upper
1267819375692	1	FR_PRES	6	HORSE	719	1	1	746	(0.42259999999999998, 0.58709999999999996, 0)	../fonts/amplitud.ttf	upper
1267819379542	1	FR_PRES	6	COWBOY	395	0	1	1232	(0.57740000000000002, 0.41289999999999999, 1.0)	../fonts/zerothre.ttf	lower
1267819383708	1	FR_PRES	6	SOFTBALL	1343	0	0	1002	(0.57740000000000002, 0.41289999999999999, 1.0)	../fonts/zerothre.ttf	lower
1267819387908	1	FR_PRES	6	BANKER	84	0	1	1402	(0.57740000000000002, 0.41289999999999999, 1.0)	../fonts/zerothre.ttf	lower
1267819391908	1	FR_PRES	6	NOOSE	956	0	0	1290	(0.57740000000000002, 0.41289999999999999, 1.0)	../fonts/zerothre.ttf	lower
1267819395757	1	FR_PRES	6	BOWL	158	0	0	1897	(0.57740000000000002, 0.41289999999999999, 1.0)	../fonts/zerothre.ttf	lower
1267819399857	1	FR_PRES	6	SANDPAPER	1231	1	0	1277	(0.42259999999999998, 0.58709999999999996, 0)	../fonts/amplitud.ttf	upper
1267819403799	1	FR_PRES	6	RAG	1160	1	0	2319	(0.42259999999999998, 0.58709999999999996, 0)	../fonts/amplitud.ttf	upper
1267819407615	1	FR_PRES	6	HIP	710	0	1	1423	(0.57740000000000002, 0.41289999999999999, 1.0)	../fonts/zerothre.ttf	lower
1267819411790	1	FR_PRES	6	UNIVERSE	1540	0	1	1720	(0.57740000000000002, 0.41289999999999999, 1.0)	../fonts/zerothre.ttf	lower
1267819415698	1	FR_PRES	6	GLOBE	641	0	1	876	(0.57740000000000002, 0.41289999999999999, 1.0)	../fonts/zerothre.ttf	lower
1267819419664	1	FR_PRES	6	PASSENGER	1020	1	1	1318	(0.42259999999999998, 0.58709999999999996, 0)	../fonts/amplitud.ttf	upper
1267819423564	1	FR_PRES	6	MARROW	872	1	0	2058	(0.42259999999999998, 0.58709999999999996, 0)	../fonts/amplitud.ttf	upper
1267819427439	1	FR_PRES	6	CROOK	412	1	1	2735	(0.42259999999999998, 0.58709999999999996, 0)	../fonts/amplitud.ttf	upper
1267819431396	1	FR_PRES	6	VALVE	1546	1	0	1506	(0.42259999999999998, 0.58709999999999996, 0)	../fonts/amplitud.ttf	upper
1267819437255	1	REC_START
1267819516632	0	REST
1267819518140	1	FR_PRES	7	DUSTPAN	509	1	2	1186	(0.42259999999999998, 0.58709999999999996, 0)	../fonts/amplitud.ttf	upper
1267819519357	1	KEY_MSG
1267819522048	1	FR_PRES	7	TOOTHPASTE	1483	1	0	862	(0.42259999999999998, 0.58709999999999996, 0)	../fonts/amplitud.ttf	upper
1267819526081	1	FR_PRES	7	WALRUS	1585	1	1	621	(0.42259999999999998, 0.58709999999999996, 0)	../fonts/amplitud.ttf	upper
1267819530206	1	FR_PRES	7	DIVER	476	1	1	632	(0.42259999999999998, 0.58709999999999996, 0)	../fonts/amplitud.ttf	upper
1267819534389	1	FR_PRES	7	BROOM	178	1	0	1113	(0.42259999999999998, 0.58709999999999996, 0)	../fonts/amplitud.ttf	upper
1267819538289	1	FR_PRES	7	NOSE	957	1	0	1069	(0.42259999999999998, 0.58709999999999996, 0)	../fonts/amplitud.ttf	upper
1267819542330	1	FR_PRES	7	PILOT	1070	1	1	780	(0.42259999999999998, 0.58709999999999996, 0)	../fonts/amplitud.ttf	upper
1267819546447	1	FR_PRES	7	AIRPORT	13	1	0	543	(0.42259999999999998, 0.58709999999999996, 0)	../fonts/amplitud.ttf	upper
1267819550355	1	FR_PRES	7	CORN	381	1	1	1523	(0.42259999999999998, 0.58709999999999996, 0)	../fonts/amplitud.ttf	upper
1267819554246	1	FR_PRES	7	HOUSE	725	1	0	784	(0.42259999999999998, 0.58709999999999996, 0)	../fonts/amplitud.ttf	upper
1267819558196	1	FR_PRES	7	TRENCH	1503	1	0	1274	(0.42259999999999998, 0.58709999999999996, 0)	../fonts/amplitud.ttf	upper
1267819562270	1	FR_PRES	7	SOLDIER	1344	1	1	680	(0.42259999999999998, 0.58709999999999996, 0)	../fonts/amplitud.ttf	upper
1267819566312	1	FR_PRES	7	LOG	841	1	0	1662	(0.42259999999999998, 0.58709999999999996, 0)	../fonts/amplitud.ttf	upper
1267819570162	1	FR_PRES	7	FOREHEAD	592	1	0	892	(0.42259999999999998, 0.58709999999999996, 0)	../fonts/amplitud.ttf	upper
1267819574153	1	FR_PRES	7	COLOGNE	347	1	0	885	(0.42259999999999998, 0.58709999999999996, 0)	../fonts/amplitud.ttf	upper
1267819578203	1	FR_PRES	7	CRICKET	408	1	1	1003	(0.42259999999999998, 0.58709999999999996, 0)	../fonts/amplitud.ttf	upper
1267819584186	1	REC_START
1267819661947	0	REST
1267819663455	1	FR_PRES	8	ROBE	1198	-1	-1	-1267819663455	white	../fonts/Verdana.ttf	upper
1267819667288	1	FR_PRES	8	RACK	1154	-1	-1	-1267819667288	white	../fonts/Verdana.ttf	upper
1267819671237	1	FR_PRES	8	COLLEGE	346	-1	-1	-1267819671237	white	../fonts/Verdana.ttf	upper
1267819675354	1	FR_PRES	8	LOBSTER	837	-1	-1	-1267819675354	white	../fonts/Verdana.ttf	upper
1267819679420	1	FR_PRES	8	POOL	1103	-1	-1	-1267819679420	white	../fonts/Verdana.ttf	upper
1267819683353	1	FR_PRES	8	CROCODILE	411	-1	-1	-1267819683353	white	../fonts/Verdana.ttf	upper
1267819687178	1	FR_PRES	8	CLOWN	330	-1	-1	-1267819687178	white	../fonts/Verdana.ttf	upper
1267819691019	1	FR_PRES	8	TOURIST	1488	-1	-1	-1267819691019	white	../fonts/Verdana.ttf	upper
1267819694827	1	FR_PRES	8	ISLAND	745	-1	-1	-1267819694827	white	../fonts/Verdana.ttf	upper
1267819698902	1	FR_PRES	8	MONSTER	912	-1	-1	-1267819698902	white	../fonts/Verdana.ttf	upper
1267819702769	1	FR_PRES	8	SYRINGE	1424	-1	-1	-1267819702769	white	../fonts/Verdana.ttf	upper
1267819706935	1	FR_PRES	8	RACKET	1155	-1	-1	-1267819706935	white	../fonts/Verdana.ttf	upper
1267819710810	1	FR_PRES	8	BAIT	70	-1	-1	-1267819710810	white	../fonts/Verdana.ttf	upper
1267819714626	1	FR_PRES	8	TRIGGER	1507	-1	-1	-1267819714626	white	../fonts/Verdana.ttf	upper
1267819718601	1	FR_PRES	8	MONASTERY	907	-1	-1	-1267819718601	white	../fonts/Verdana.ttf	upper
1267819722634	1	FR_PRES	8	FRIAR	605	-1	-1	-1267819722634	white	../fonts/Verdana.ttf	upper
1267819728417	1	REC_START
1267819830468	0	REST
1267819831976	1	FR_PRES	9	QUAIL	1147	0	1	1646	(0.57740000000000002, 0.41289999999999999, 1.0)	../fonts/zerothre.ttf	lower
1267819836042	1	FR_PRES	9	ATTIRE	57	0	1	1644	(0.57740000000000002, 0.41289999999999999, 1.0)	../fonts/zerothre.ttf	lower
1267819839992	1	FR_PRES	9	GROCERY	664	0	1	1566	(0.57740000000000002, 0.41289999999999999, 1.0)	../fonts/zerothre.ttf	lower
1267819844058	1	FR_PRES	9	COIN	343	0	0	692	(0.57740000000000002, 0.41289999999999999, 1.0)	../fonts/zerothre.ttf	lower
1267819847891	1	FR_PRES	9	HUSBAND	728	0	1	739	(0.57740000000000002, 0.41289999999999999, 1.0)	../fonts/zerothre.ttf	lower
1267819851791	1	FR_PRES	9	BOXER	160	1	1	2063	(0.42259999999999998, 0.58709999999999996, 0)	../fonts/amplitud.ttf	upper
1267819855957	1	FR_PRES	9	COYOTE	396	1	1	2337	(0.42259999999999998, 0.58709999999999996, 0)	../fonts/amplitud.ttf	upper
1267819860132	1	FR_PRES	9	APE	31	0	1	1946	(0.57740000000000002, 0.41289999999999999, 1.0)	../fonts/zerothre.ttf	lower
1267819864265	1	FR_PRES	9	TELEVISION	1447	0	1	1429	(0.57740000000000002, 0.41289999999999999, 1.0)	../fonts/zerothre.ttf	lower
1267819868132	1	FR_PRES	9	GOWN	652	0	1	1466	(0.57740000000000002, 0.41289999999999999, 1.0)	../fonts/zerothre.ttf	lower
1267819872273	1	FR_PRES	9	BILL	126	1	1	981	(0.42259999999999998, 0.58709999999999996, 0)	../fonts/amplitud.ttf	upper
1267819876223	1	FR_PRES	9	CONSUMER	365	1	1	1071	(0.42259999999999998, 0.58709999999999996, 0)	../fonts/amplitud.ttf	upper
1267819880381	1	FR_PRES	9	DOVE	491	1	1	865	(0.42259999999999998, 0.58709999999999996, 0)	../fonts/amplitud.ttf	upper
1267819884372	1	FR_PRES	9	GULL	671	1	1	610	(0.42259999999999998, 0.58709999999999996, 0)	../fonts/amplitud.ttf	upper
1267819888530	1	FR_PRES	9	CORPORATION	382	1	0	860	(0.42259999999999998, 0.58709999999999996, 0)	../fonts/amplitud.ttf	upper
1267819892738	1	FR_PRES	9	ENEMY	534	1	1	1540	(0.42259999999999998, 0.58709999999999996, 0)	../fonts/amplitud.ttf	upper
1267819898372	1	REC_START
1267819979174	0	REST
1267819980682	1	FR_PRES	10	BOAT	144	0	1	732	(0.57740000000000002, 0.41289999999999999, 1.0)	../fonts/zerothre.ttf	lower
1267819984731	1	FR_PRES	10	SAUSAGE	1238	0	0	1411	(0.57740000000000002, 0.41289999999999999, 1.0)	../fonts/zerothre.ttf	lower
1267819988798	1	FR_PRES	10	TOOL	1480	0	0	1320	(0.57740000000000002, 0.41289999999999999, 1.0)	../fonts/zerothre.ttf	lower
1267819992898	1	FR_PRES	10	DRUM	502	0	1	2420	(0.57740000000000002, 0.41289999999999999, 1.0)	../fonts/zerothre.ttf	lower
1267819996872	1	FR_PRES	10	BAND	78	0	1	774	(0.57740000000000002, 0.41289999999999999, 1.0)	../fonts/zerothre.ttf	lower
1267820000730	1	FR_PRES	10	ATHLETE	52	0	1	892	(0.57740000000000002, 0.41289999999999999, 1.0)	../fonts/zerothre.ttf	lower
1267820004880	1	FR_PRES	10	EXPERT	543	0	1	1350	(0.57740000000000002, 0.41289999999999999, 1.0)	../fonts/zerothre.ttf	lower
1267820008946	1	FR_PRES	10	VESSEL	1558	0	0	1156	(0.57740000000000002, 0.41289999999999999, 1.0)	../fonts/zerothre.ttf	lower
1267820013046	1	FR_PRES	10	ROOST	1208	0	1	2584	(0.57740000000000002, 0.41289999999999999, 1.0)	../fonts/zerothre.ttf	lower
1267820017254	1	FR_PRES	10	PERCH	1048	0	1	560	(0.57740000000000002, 0.41289999999999999, 1.0)	../fonts/zerothre.ttf	lower
1267820021120	1	FR_PRES	10	PASTRY	1022	0	0	2702	(0.57740000000000002, 0.41289999999999999, 1.0)	../fonts/zerothre.ttf	lower
1267820025012	1	FR_PRES	10	BRACELET	163	0	0	1826	(0.57740000000000002, 0.41289999999999999, 1.0)	../fonts/zerothre.ttf	lower
1267820029028	1	FR_PRES	10	CHAMPION	279	0	1	2298	(0.57740000000000002, 0.41289999999999999, 1.0)	../fonts/zerothre.ttf	lower
1267820032895	1	FR_PRES	10	GRILL	661	0	-999	3000	(0.57740000000000002, 0.41289999999999999, 1.0)	../fonts/zerothre.ttf	lower
1267820035919	1	SLOW_MSG
1267820038486	1	FR_PRES	10	INTESTINE	742	0	0	1616	(0.57740000000000002, 0.41289999999999999, 1.0)	../fonts/zerothre.ttf	lower
1267820042477	1	FR_PRES	10	COBWEB	337	0	0	1273	(0.57740000000000002, 0.41289999999999999, 1.0)	../fonts/zerothre.ttf	lower
1267820048444	1	REC_START
1267820125588	0	REST
1267820127096	1	FR_PRES	11	UNIVERSITY	1541	1	0	1206	(0.42259999999999998, 0.58709999999999996, 0)	../fonts/amplitud.ttf	upper
1267820131104	1	FR_PRES	11	JUGGLER	763	1	1	1550	(0.42259999999999998, 0.58709999999999996, 0)	../fonts/amplitud.ttf	upper
1267820135312	1	FR_PRES	11	SCIENTIST	1249	1	1	590	(0.42259999999999998, 0.58709999999999996, 0)	../fonts/amplitud.ttf	upper
1267820139129	1	FR_PRES	11	BEAKER	104	1	0	965	(0.42259999999999998, 0.58709999999999996, 0)	../fonts/amplitud.ttf	upper
1267820142945	1	FR_PRES	11	CLAM	315	1	0	845	(0.42259999999999998, 0.58709999999999996, 0)	../fonts/amplitud.ttf	upper
1267820146986	1	FR_PRES	11	SQUIRREL	1362	1	1	1052	(0.42259999999999998, 0.58709999999999996, 0)	../fonts/amplitud.ttf	upper
1267820150894	1	FR_PRES	11	STAFF	1365	1	0	1136	(0.42259999999999998, 0.58709999999999996, 0)	../fonts/amplitud.ttf	upper
1267820154936	1	FR_PRES	11	PEAR	1033	1	1	1086	(0.42259999999999998, 0.58709999999999996, 0)	../fonts/amplitud.ttf	upper
1267820158769	1	FR_PRES	11	BEDROOM	111	1	0	1397	(0.42259999999999998, 0.58709999999999996, 0)	../fonts/amplitud.ttf	upper
1267820162844	1	FR_PRES	11	CHIPMUNK	304	1	1	930	(0.42259999999999998, 0.58709999999999996, 0)	../fonts/amplitud.ttf	upper
1267820166852	1	FR_PRES	11	LASER	801	1	0	810	(0.42259999999999998, 0.58709999999999996, 0)	../fonts/amplitud.ttf	upper
1267820170901	1	FR_PRES	11	BULLET	194	1	0	905	(0.42259999999999998, 0.58709999999999996, 0)	../fonts/amplitud.ttf	upper
1267820175010	1	FR_PRES	11	TORCH	1484	1	0	1508	(0.42259999999999998, 0.58709999999999996, 0)	../fonts/amplitud.ttf	upper
1267820179134	1	FR_PRES	11	FLASHLIGHT	575	1	0	2240	(0.42259999999999998, 0.58709999999999996, 0)	../fonts/amplitud.ttf	upper
1267820183334	1	FR_PRES	11	ACORN	3	1	1	808	(0.42259999999999998, 0.58709999999999996, 0)	../fonts/amplitud.ttf	upper
1267820187383	1	FR_PRES	11	PRIMATE	1123	1	1	711	(0.42259999999999998, 0.58709999999999996, 0)	../fonts/amplitud.ttf	upper
1267820193192	1	REC_START
1267820268786	1	REST
1267820612511	1	FR_PRES	12	BISON	131	1	1	1135	(0.42259999999999998, 0.58709999999999996, 0)	../fonts/amplitud.ttf	upper
1267820616436	1	FR_PRES	12	GAZELLE	628	1	1	906	(0.42259999999999998, 0.58709999999999996, 0)	../fonts/amplitud.ttf	upper
1267820620502	1	FR_PRES	12	TUTU	1524	1	-999	3000	(0.42259999999999998, 0.58709999999999996, 0)	../fonts/amplitud.ttf	upper
1267820623527	1	SLOW_MSG
1267820625868	1	FR_PRES	12	PEDESTRIAN	1038	1	1	1499	(0.42259999999999998, 0.58709999999999996, 0)	../fonts/amplitud.ttf	upper
1267820629901	1	FR_PRES	12	LAGOON	795	1	0	1186	(0.42259999999999998, 0.58709999999999996, 0)	../fonts/amplitud.ttf	upper
1267820634043	1	FR_PRES	12	RUBY	1214	1	0	1148	(0.42259999999999998, 0.58709999999999996, 0)	../fonts/amplitud.ttf	upper
1267820638126	1	FR_PRES	12	SIDEWALK	1303	1	0	761	(0.42259999999999998, 0.58709999999999996, 0)	../fonts/amplitud.ttf	upper
1267820641984	1	FR_PRES	12	TORNADO	1485	1	0	1511	(0.42259999999999998, 0.58709999999999996, 0)	../fonts/amplitud.ttf	upper
1267820645842	1	FR_PRES	12	CHEMIST	292	1	1	1125	(0.42259999999999998, 0.58709999999999996, 0)	../fonts/amplitud.ttf	upper
1267820649858	1	FR_PRES	12	GOLD	647	1	0	1020	(0.42259999999999998, 0.58709999999999996, 0)	../fonts/amplitud.ttf	upper
1267820653816	1	FR_PRES	12	EMERALD	528	1	0	1622	(0.42259999999999998, 0.58709999999999996, 0)	../fonts/amplitud.ttf	upper
1267820657749	1	FR_PRES	12	CRATER	400	1	0	745	(0.42259999999999998, 0.58709999999999996, 0)	../fonts/amplitud.ttf	upper
1267820661616	1	FR_PRES	12	FRECKLE	602	1	0	870	(0.42259999999999998, 0.58709999999999996, 0)	../fonts/amplitud.ttf	upper
1267820665491	1	FR_PRES	12	RAZOR	1171	1	0	1036	(0.42259999999999998, 0.58709999999999996, 0)	../fonts/amplitud.ttf	upper
1267820669657	1	FR_PRES	12	CONVICT	371	1	1	1110	(0.42259999999999998, 0.58709999999999996, 0)	../fonts/amplitud.ttf	upper
1267820673507	1	FR_PRES	12	CRIMINAL	409	1	1	884	(0.42259999999999998, 0.58709999999999996, 0)	../fonts/amplitud.ttf	upper
1267820679415	1	REC_START
1267820757051	0	REST
1267820758559	1	FR_PRES	13	KEG	770	0	1	944	(0.57740000000000002, 0.41289999999999999, 1.0)	../fonts/zerothre.ttf	lower
1267820762492	1	FR_PRES	13	BATHTUB	100	0	0	1194	(0.57740000000000002, 0.41289999999999999, 1.0)	../fonts/zerothre.ttf	lower
1267820766475	1	FR_PRES	13	WINDOW	1611	0	1	1667	(0.57740000000000002, 0.41289999999999999, 1.0)	../fonts/zerothre.ttf	lower
1267820770491	1	FR_PRES	13	AUTHOR	61	1	1	1068	(0.42259999999999998, 0.58709999999999996, 0)	../fonts/amplitud.ttf	upper
1267820774599	1	FR_PRES	13	LIST	830	1	0	1664	(0.42259999999999998, 0.58709999999999996, 0)	../fonts/amplitud.ttf	upper
1267820778749	1	FR_PRES	13	MOUSE	925	1	1	1514	(0.42259999999999998, 0.58709999999999996, 0)	../fonts/amplitud.ttf	upper
1267820782799	1	FR_PRES	13	SPOUSE	1358	1	1	815	(0.42259999999999998, 0.58709999999999996, 0)	../fonts/amplitud.ttf	upper
1267820786765	1	FR_PRES	13	WIFE	1609	1	1	682	(0.42259999999999998, 0.58709999999999996, 0)	../fonts/amplitud.ttf	upper
1267820790881	1	FR_PRES	13	PAN	1008	1	0	949	(0.42259999999999998, 0.58709999999999996, 0)	../fonts/amplitud.ttf	upper
1267820794839	1	FR_PRES	13	CAFETERIA	217	0	1	1856	(0.57740000000000002, 0.41289999999999999, 1.0)	../fonts/zerothre.ttf	lower
1267820798947	1	FR_PRES	13	POCKETBOOK	1094	0	0	900	(0.57740000000000002, 0.41289999999999999, 1.0)	../fonts/zerothre.ttf	lower
1267820803122	1	FR_PRES	13	KANGAROO	768	1	1	1420	(0.42259999999999998, 0.58709999999999996, 0)	../fonts/amplitud.ttf	upper
1267820806972	1	FR_PRES	13	FLASK	576	1	0	1211	(0.42259999999999998, 0.58709999999999996, 0)	../fonts/amplitud.ttf	upper
1267820811072	1	FR_PRES	13	JOINT	758	0	0	2407	(0.57740000000000002, 0.41289999999999999, 1.0)	../fonts/zerothre.ttf	lower
1267820815138	1	FR_PRES	13	BANQUET	86	0	1	2005	(0.57740000000000002, 0.41289999999999999, 1.0)	../fonts/zerothre.ttf	lower
1267820819013	1	FR_PRES	13	COUSIN	392	0	1	1682	(0.57740000000000002, 0.41289999999999999, 1.0)	../fonts/zerothre.ttf	lower
1267820824763	1	REC_START
1267820914331	0	REST
1267820915839	1	FR_PRES	14	ELF	525	0	1	1169	(0.57740000000000002, 0.41289999999999999, 1.0)	../fonts/zerothre.ttf	lower
1267820919964	1	FR_PRES	14	CLIFF	322	0	1	1403	(0.57740000000000002, 0.41289999999999999, 1.0)	../fonts/zerothre.ttf	lower
1267820923963	1	FR_PRES	14	SLACKS	1323	0	0	2724	(0.57740000000000002, 0.41289999999999999, 1.0)	../fonts/zerothre.ttf	lower
1267820928155	1	FR_PRES	14	CREW	406	0	1	1820	(0.57740000000000002, 0.41289999999999999, 1.0)	../fonts/zerothre.ttf	lower
1267820932071	1	FR_PRES	14	SAILOR	1223	0	1	1088	(0.57740000000000002, 0.41289999999999999, 1.0)	../fonts/zerothre.ttf	lower
1267820936171	1	FR_PRES	14	CHICKEN	297	0	1	1484	(0.57740000000000002, 0.41289999999999999, 1.0)	../fonts/zerothre.ttf	lower
1267820940312	1	FR_PRES	14	BARTENDER	92	0	1	2703	(0.57740000000000002, 0.41289999999999999, 1.0)	../fonts/zerothre.ttf	lower
1267820944495	1	FR_PRES	14	ELM	527	0	1	2248	(0.57740000000000002, 0.41289999999999999, 1.0)	../fonts/zerothre.ttf	lower
1267820948578	1	FR_PRES	14	PLANT	1083	0	0	1501	(0.57740000000000002, 0.41289999999999999, 1.0)	../fonts/zerothre.ttf	lower
1267820952736	1	FR_PRES	14	HERB	704	0	0	1767	(0.57740000000000002, 0.41289999999999999, 1.0)	../fonts/zerothre.ttf	lower
1267820956803	1	FR_PRES	14	CANYON	235	0	1	2636	(0.57740000000000002, 0.41289999999999999, 1.0)	../fonts/zerothre.ttf	lower
1267820960919	1	FR_PRES	14	DECK	443	0	0	2184	(0.57740000000000002, 0.41289999999999999, 1.0)	../fonts/zerothre.ttf	lower
1267820964869	1	FR_PRES	14	NERVE	944	0	0	1098	(0.57740000000000002, 0.41289999999999999, 1.0)	../fonts/zerothre.ttf	lower
1267820968894	1	FR_PRES	14	PHILOSOPHER	1054	0	1	1233	(0.57740000000000002, 0.41289999999999999, 1.0)	../fonts/zerothre.ttf	lower
1267820972902	1	FR_PRES	14	STEAM	1375	0	0	1145	(0.57740000000000002, 0.41289999999999999, 1.0)	../fonts/zerothre.ttf	lower
1267820976893	1	FR_PRES	14	SHIRT	1287	0	0	2290	(0.57740000000000002, 0.41289999999999999, 1.0)	../fonts/zerothre.ttf	lower
1267820982635	1	REC_START
1267821063429	0	REST
1267821064937	1	FR_PRES	15	WATERFALL	1595	0	1	1214	(0.57740000000000002, 0.41289999999999999, 1.0)	../fonts/zerothre.ttf	lower
1267821068886	1	FR_PRES	15	SURF	1412	0	1	1961	(0.57740000000000002, 0.41289999999999999, 1.0)	../fonts/zerothre.ttf	lower
1267821072836	1	FR_PRES	15	FEAST	556	0	1	1283	(0.57740000000000002, 0.41289999999999999, 1.0)	../fonts/zerothre.ttf	lower
1267821076936	1	FR_PRES	15	SLEIGH	1325	0	1	1111	(0.57740000000000002, 0.41289999999999999, 1.0)	../fonts/zerothre.ttf	lower
1267821080785	1	FR_PRES	15	MUSEUM	933	0	1	774	(0.57740000000000002, 0.41289999999999999, 1.0)	../fonts/zerothre.ttf	lower
1267821084769	1	FR_PRES	15	BIBLE	124	0	-999	3000	(0.57740000000000002, 0.41289999999999999, 1.0)	../fonts/zerothre.ttf	lower
1267821087793	1	SLOW_MSG
1267821090343	1	FR_PRES	15	CHARCOAL	281	0	0	1136	(0.57740000000000002, 0.41289999999999999, 1.0)	../fonts/zerothre.ttf	lower
1267821094185	1	FR_PRES	15	ANGEL	22	0	1	1182	(0.57740000000000002, 0.41289999999999999, 1.0)	../fonts/zerothre.ttf	lower
1267821098034	1	FR_PRES	15	PITCHFORK	1078	0	1	1261	(0.57740000000000002, 0.41289999999999999, 1.0)	../fonts/zerothre.ttf	lower
1267821101884	1	FR_PRES	15	PLIERS	1089	0	0	1163	(0.57740000000000002, 0.41289999999999999, 1.0)	../fonts/zerothre.ttf	lower
1267821105775	1	FR_PRES	15	BENCH	121	0	1	1336	(0.57740000000000002, 0.41289999999999999, 1.0)	../fonts/zerothre.ttf	lower
1267821109600	1	FR_PRES	15	TUXEDO	1525	0	0	2775	(0.57740000000000002, 0.41289999999999999, 1.0)	../fonts/zerothre.ttf	lower
1267821113575	1	FR_PRES	15	JUNGLE	764	0	1	1440	(0.57740000000000002, 0.41289999999999999, 1.0)	../fonts/zerothre.ttf	lower
1267821117441	1	FR_PRES	15	PALM	1007	0	1	934	(0.57740000000000002, 0.41289999999999999, 1.0)	../fonts/zerothre.ttf	lower
1267821121366	1	FR_PRES	15	STOMACH	1384	0	1	1889	(0.57740000000000002, 0.41289999999999999, 1.0)	../fonts/zerothre.ttf	lower
1267821125557	1	FR_PRES	15	SEAT	1264	0	1	954	(0.57740000000000002, 0.41289999999999999, 1.0)	../fonts/zerothre.ttf	lower
1267821131274	1	REC_START
1267821224634	0	RECOG_START
1267821224634	1	REC_START
1267821224667	0	RECOG_PRES	0	UNIVERSE	1540	-999	P	1948
1267821226983	0	RECOG_CR_PRES	0	UNIVERSE	1540	-999	P	880
1267821228275	1	RECOG_FEEDBACK	1
1267821229025	0	RECOG_PRES	0	HAND	683	-999	P	1006
1267821230391	0	RECOG_CR_PRES	0	HAND	683	-999	P	360
1267821231066	1	RECOG_FEEDBACK	1
1267821231841	0	RECOG_PRES	0	NERVE	944	-999	P	918
1267821233133	0	RECOG_CR_PRES	0	NERVE	944	-999	P	378
1267821233824	1	RECOG_FEEDBACK	1
1267821234541	0	RECOG_PRES	0	PUPIL	1143	-999	P	834
1267821235749	0	RECOG_CR_PRES	0	PUPIL	1143	-999	P	266
1267821236324	1	RECOG_FEEDBACK	1
1267821237049	0	RECOG_PRES	0	JUNGLE	764	-999	P	782
1267821238199	0	RECOG_CR_PRES	0	JUNGLE	764	-999	P	320
1267821238816	1	RECOG_FEEDBACK	1
1267821239607	0	RECOG_PRES	0	TIE	1466	-999	P	904
1267821240882	0	RECOG_CR_PRES	0	TIE	1466	-999	P	253
1267821241432	1	RECOG_FEEDBACK	1
1267821242140	0	RECOG_PRES	0	TREAD	1499	-999	P	851
1267821243365	0	RECOG_CR_PRES	0	TREAD	1499	-999	P	314
1267821243982	1	RECOG_FEEDBACK	0
1267821244765	0	RECOG_PRES	0	CANYON	235	-999	P	810
1267821245949	0	RECOG_CR_PRES	0	CANYON	235	-999	P	242
1267821246490	1	RECOG_FEEDBACK	0
1267821247198	0	RECOG_PRES	0	PASTRY	1022	-999	P	833
1267821248398	0	RECOG_CR_PRES	0	PASTRY	1022	-999	P	313
1267821249008	1	RECOG_FEEDBACK	1
1267821249790	0	RECOG_PRES	0	CROCODILE	411	-999	P	1161
1267821251323	0	RECOG_CR_PRES	0	CROCODILE	411	-999	P	236
1267821251873	1	RECOG_FEEDBACK	1
1267821252648	0	RECOG_PRES	0	CUE	422	-999	P	663
1267821253681	0	RECOG_CR_PRES	0	CUE	422	-999	P	366
1267821254340	1	RECOG_FEEDBACK	1
1267821255098	0	RECOG_PRES	0	UNICORN	1538	-999	P	965
1267821256431	0	RECOG_CR_PRES	0	UNICORN	1538	-999	P	264
1267821256998	1	RECOG_FEEDBACK	1
1267821257781	0	RECOG_PRES	0	CRICKET	408	-999	P	714
1267821258864	0	RECOG_CR_PRES	0	CRICKET	408	-999	P	231
1267821259389	1	RECOG_FEEDBACK	1
1267821260123	0	RECOG_PRES	0	PAN	1008	-999	P	700
1267821261197	0	RECOG_CR_PRES	0	PAN	1008	-999	P	274
1267821261756	1	RECOG_FEEDBACK	0
1267821262472	0	RECOG_PRES	0	RACK	1154	-999	P	1239
1267821264081	0	RECOG_CR_PRES	0	RACK	1154	-999	P	342
1267821264722	1	RECOG_FEEDBACK	1
1267821265447	0	RECOG_PRES	0	BOXER	160	-999	P	912
1267821266730	0	RECOG_CR_PRES	0	BOXER	160	-999	P	333
1267821267355	1	RECOG_FEEDBACK	0
1267821268122	0	RECOG_PRES	0	CLIPPERS	324	-999	P	1029
1267821269522	0	RECOG_CR_PRES	0	CLIPPERS	324	-999	P	325
1267821270147	1	RECOG_FEEDBACK	1
1267821270930	0	RECOG_PRES	0	WHEAT	1602	-999	P	821
1267821272122	0	RECOG_CR_PRES	0	WHEAT	1602	-999	P	293
1267821272697	1	RECOG_FEEDBACK	1
1267821273497	0	RECOG_PRES	0	HERB	704	-999	P	766
1267821274638	0	RECOG_CR_PRES	0	HERB	704	-999	P	289
1267821275213	1	RECOG_FEEDBACK	0
1267821275955	0	RECOG_PRES	0	CATERPILLAR	259	-999	P	1148
1267821277471	0	RECOG_CR_PRES	0	CATERPILLAR	259	-999	P	264
1267821278046	1	RECOG_FEEDBACK	0
1267821279505	0	REST
1267821280308	1	REC_START
1267821280338	0	RECOG_PRES	1	HIP	710	-999	P	789
1267821281496	0	RECOG_CR_PRES	1	HIP	710	-999	P	335
1267821282113	1	RECOG_FEEDBACK	1
1267821282846	0	RECOG_PRES	1	YACHT	1629	-999	P	753
1267821283971	0	RECOG_CR_PRES	1	YACHT	1629	-999	P	268
1267821284521	1	RECOG_FEEDBACK	1
1267821285237	0	RECOG_PRES	1	SKI	1316	-999	P	938
1267821286546	0	RECOG_CR_PRES	1	SKI	1316	-999	P	324
1267821287171	1	RECOG_FEEDBACK	1
1267821287946	0	RECOG_PRES	1	SOLDIER	1344	-999	P	789
1267821289104	0	RECOG_CR_PRES	1	SOLDIER	1344	-999	P	351
1267821289745	1	RECOG_FEEDBACK	0
1267821290545	0	RECOG_PRES	1	BILL	126	-999	P	1198
1267821292112	0	RECOG_CR_PRES	1	BILL	126	-999	P	214
1267821292637	1	RECOG_FEEDBACK	0
1267821293387	0	RECOG_PRES	1	BLUEPRINT	142	-999	P	1100
1267821294853	0	RECOG_CR_PRES	1	BLUEPRINT	142	-999	P	450
1267821295595	1	RECOG_FEEDBACK	1
1267821296345	0	RECOG_PRES	1	FRIEND	606	-999	P	1558
1267821298278	0	RECOG_CR_PRES	1	FRIEND	606	-999	P	233
1267821298828	1	RECOG_FEEDBACK	1
1267821299595	0	RECOG_PRES	1	HATCHET	691	-999	P	764
1267821300728	0	RECOG_CR_PRES	1	HATCHET	691	-999	P	280
1267821301303	1	RECOG_FEEDBACK	1
1267821302053	0	RECOG_PRES	1	KEG	770	-999	P	650
1267821303078	0	RECOG_CR_PRES	1	KEG	770	-999	P	369
1267821303736	1	RECOG_FEEDBACK	0
1267821304511	0	RECOG_PRES	1	CONDUCTOR	362	-999	P	1888
1267821306769	0	RECOG_CR_PRES	1	CONDUCTOR	362	-999	P	286
1267821307394	1	RECOG_FEEDBACK	0
1267821308111	0	RECOG_PRES	1	HUMAN	726	-999	P	1920
1267821310402	0	RECOG_CR_PRES	1	HUMAN	726	-999	P	437
1267821311160	1	RECOG_FEEDBACK	0
1267821311960	0	RECOG_PRES	1	SLACKS	1323	-999	P	1087
1267821313410	0	RECOG_CR_PRES	1	SLACKS	1323	-999	P	365
1267821314069	1	RECOG_FEEDBACK	1
1267821314827	0	RECOG_PRES	1	SQUIRREL	1362	-999	P	1084
1267821316285	0	RECOG_CR_PRES	1	SQUIRREL	1362	-999	P	346
1267821316935	1	RECOG_FEEDBACK	1
1267821317652	0	RECOG_PRES	1	COLOGNE	347	-999	P	923
1267821318943	0	RECOG_CR_PRES	1	COLOGNE	347	-999	P	360
1267821319610	1	RECOG_FEEDBACK	1
1267821320360	0	RECOG_PRES	1	BOWL	158	-999	P	1583
1267821322318	0	RECOG_CR_PRES	1	BOWL	158	-999	P	369
1267821323018	1	RECOG_FEEDBACK	0
1267821323768	0	RECOG_PRES	1	PEDESTRIAN	1038	-999	P	895
1267821325035	0	RECOG_CR_PRES	1	PEDESTRIAN	1038	-999	P	308
1267821325643	1	RECOG_FEEDBACK	0
1267821326451	0	RECOG_PRES	1	BROOM	178	-999	P	932
1267821327759	0	RECOG_CR_PRES	1	BROOM	178	-999	P	368
1267821328443	1	RECOG_FEEDBACK	0
1267821329243	0	RECOG_PRES	1	MONASTERY	907	-999	P	1548
1267821331159	0	RECOG_CR_PRES	1	MONASTERY	907	-999	P	384
1267821331876	1	RECOG_FEEDBACK	0
1267821332659	0	RECOG_PRES	1	PROFESSOR	1131	-999	P	1028
1267821334059	0	RECOG_CR_PRES	1	PROFESSOR	1131	-999	P	484
1267821334859	1	RECOG_FEEDBACK	1
1267821335659	0	RECOG_PRES	1	FARM	552	-999	P	1140
1267821337175	0	RECOG_CR_PRES	1	FARM	552	-999	P	520
1267821338025	1	RECOG_FEEDBACK	1
1267821339434	0	REST
1267821340509	1	REC_START
1267821340542	0	RECOG_PRES	2	MEDAL	885	-999	P	1641
1267821342558	0	RECOG_CR_PRES	2	MEDAL	885	-999	P	273
1267821343158	1	RECOG_FEEDBACK	0
1267821343892	0	RECOG_PRES	2	STEAM	1375	-999	P	907
1267821345166	0	RECOG_CR_PRES	2	STEAM	1375	-999	P	337
1267821345808	1	RECOG_FEEDBACK	0
1267821346600	0	RECOG_PRES	2	COYOTE	396	-999	P	2591
1267821349566	0	RECOG_CR_PRES	2	COYOTE	396	-999	P	321
1267821350224	1	RECOG_FEEDBACK	0
1267821350958	0	RECOG_PRES	2	GOLD	647	-999	P	1641
1267821352974	0	RECOG_CR_PRES	2	GOLD	647	-999	P	377
1267821353674	1	RECOG_FEEDBACK	0
1267821354407	0	RECOG_PRES	2	CAFETERIA	217	-999	P	1504
1267821356282	0	RECOG_CR_PRES	2	CAFETERIA	217	-999	P	325
1267821356932	1	RECOG_FEEDBACK	1
1267821357657	0	RECOG_PRES	2	MARROW	872	-999	P	874
1267821358932	0	RECOG_CR_PRES	2	MARROW	872	-999	P	371
1267821359599	1	RECOG_FEEDBACK	0
1267821360407	0	RECOG_PRES	2	SANDWICH	1232	-999	P	2496
1267821363273	0	RECOG_CR_PRES	2	SANDWICH	1232	-999	P	438
1267821364048	1	RECOG_FEEDBACK	0
1267821364790	0	RECOG_PRES	2	ROCKET	1202	-999	P	1858
1267821367048	0	RECOG_CR_PRES	2	ROCKET	1202	-999	P	271
1267821367673	1	RECOG_FEEDBACK	1
1267821368465	0	RECOG_PRES	2	CAP	236	-999	P	998
1267821369831	0	RECOG_CR_PRES	2	CAP	236	-999	P	272
1267821370448	1	RECOG_FEEDBACK	0
1267821371173	0	RECOG_PRES	2	SCIENTIST	1249	-999	P	1754
1267821373298	0	RECOG_CR_PRES	2	SCIENTIST	1249	-999	P	741
1267821374373	1	RECOG_FEEDBACK	0
1267821375114	0	RECOG_PRES	2	CRAYON	401	-999	P	1557
1267821377047	0	RECOG_CR_PRES	2	CRAYON	401	-999	P	328
1267821377706	1	RECOG_FEEDBACK	0
1267821378439	0	RECOG_PRES	2	CAMERA	224	-999	P	1960
1267821380772	0	RECOG_CR_PRES	2	CAMERA	224	-999	P	387
1267821381464	1	RECOG_FEEDBACK	1
1267821382189	0	RECOG_PRES	2	FISH	571	-999	P	1234
1267821383797	0	RECOG_CR_PRES	2	FISH	571	-999	P	354
1267821384439	1	RECOG_FEEDBACK	1
1267821385164	0	RECOG_PRES	2	THIGH	1457	-999	P	1011
1267821386538	0	RECOG_CR_PRES	2	THIGH	1457	-999	P	373
1267821387197	1	RECOG_FEEDBACK	0
1267821388006	0	RECOG_PRES	2	PILOT	1070	-999	P	3545
1267821391921	0	RECOG_CR_PRES	2	PILOT	1070	-999	P	302
1267821392596	1	RECOG_FEEDBACK	0
1267821393396	0	RECOG_PRES	2	BULLET	194	-999	P	1555
1267821395321	0	RECOG_CR_PRES	2	BULLET	194	-999	P	334
1267821396154	1	RECOG_FEEDBACK	-1
1267821396904	0	RECOG_PRES	2	RAISIN	1163	-999	P	1351
1267821398629	0	RECOG_CR_PRES	2	RAISIN	1163	-999	P	578
1267821399496	1	RECOG_FEEDBACK	0
1267821400212	0	RECOG_PRES	2	CAKE	219	-999	P	1259
1267821401846	0	RECOG_CR_PRES	2	CAKE	219	-999	P	369
1267821402537	1	RECOG_FEEDBACK	0
1267821403279	0	RECOG_PRES	2	STONE	1385	-999	P	1376
1267821405020	0	RECOG_CR_PRES	2	STONE	1385	-999	P	339
1267821405687	1	RECOG_FEEDBACK	1
1267821406470	0	RECOG_PRES	2	TORNADO	1485	-999	P	1329
1267821408170	0	RECOG_CR_PRES	2	TORNADO	1485	-999	P	340
1267821408853	1	RECOG_FEEDBACK	1
1267821410803	0	REST
1267821411767	1	REC_START
1267821411803	0	RECOG_PRES	3	PACKAGE	997	-999	P	2596
1267821414761	0	RECOG_CR_PRES	3	PACKAGE	997	-999	P	318
1267821415453	1	RECOG_FEEDBACK	1
1267821416203	0	RECOG_PRES	3	OREGANO	983	-999	P	1076
1267821417653	0	RECOG_CR_PRES	3	OREGANO	983	-999	P	426
1267821418386	1	RECOG_FEEDBACK	1
1267821419169	0	RECOG_PRES	3	MAGICIAN	854	-999	P	894
1267821420436	0	RECOG_CR_PRES	3	MAGICIAN	854	-999	P	371
1267821421103	1	RECOG_FEEDBACK	0
1267821421869	0	RECOG_PRES	3	ROOST	1208	-999	P	994
1267821423227	0	RECOG_CR_PRES	3	ROOST	1208	-999	P	364
1267821423894	1	RECOG_FEEDBACK	1
1267821424694	0	RECOG_PRES	3	RAZOR	1171	-999	P	889
1267821425952	0	RECOG_CR_PRES	3	RAZOR	1171	-999	P	351
1267821426602	1	RECOG_FEEDBACK	1
1267821427402	0	RECOG_PRES	3	ROBE	1198	-999	P	1301
1267821429077	0	RECOG_CR_PRES	3	ROBE	1198	-999	P	402
1267821429785	1	RECOG_FEEDBACK	0
1267821430527	0	RECOG_PRES	3	FUDGE	611	-999	P	824
1267821431718	0	RECOG_CR_PRES	3	FUDGE	611	-999	P	265
1267821432285	1	RECOG_FEEDBACK	1
1267821433027	0	RECOG_PRES	3	LASER	801	-999	P	836
1267821434235	0	RECOG_CR_PRES	3	LASER	801	-999	P	396
1267821434918	1	RECOG_FEEDBACK	1
1267821435693	0	RECOG_PRES	3	MEDICINE	886	-999	P	802
1267821436868	0	RECOG_CR_PRES	3	MEDICINE	886	-999	P	251
1267821437401	1	RECOG_FEEDBACK	0
1267821438168	0	RECOG_PRES	3	BARTENDER	92	-999	P	1095
1267821439635	0	RECOG_CR_PRES	3	BARTENDER	92	-999	P	324
1267821440276	1	RECOG_FEEDBACK	1
1267821441059	0	RECOG_PRES	3	GOWN	652	-999	P	804
1267821442234	0	RECOG_CR_PRES	3	GOWN	652	-999	P	381
1267821442918	1	RECOG_FEEDBACK	1
1267821443718	0	RECOG_PRES	3	WAIST	1579	-999	P	905
1267821444993	0	RECOG_CR_PRES	3	WAIST	1579	-999	P	294
1267821445592	1	RECOG_FEEDBACK	1
1267821446367	0	RECOG_PRES	3	FUR	615	-999	P	880
1267821447617	0	RECOG_CR_PRES	3	FUR	615	-999	P	342
1267821448242	1	RECOG_FEEDBACK	0
1267821448967	0	RECOG_PRES	3	TOURIST	1488	-999	P	952
1267821450292	0	RECOG_CR_PRES	3	TOURIST	1488	-999	P	387
1267821450959	1	RECOG_FEEDBACK	1
1267821451717	0	RECOG_PRES	3	GRILL	661	-999	P	1154
1267821453242	0	RECOG_CR_PRES	3	GRILL	661	-999	P	269
1267821453825	1	RECOG_FEEDBACK	1
1267821454550	0	RECOG_PRES	3	CABIN	211	-999	P	681
1267821455600	0	RECOG_CR_PRES	3	CABIN	211	-999	P	503
1267821456342	1	RECOG_FEEDBACK	-1
1267821457058	0	RECOG_PRES	3	CLOWN	330	-999	P	989
1267821458417	0	RECOG_CR_PRES	3	CLOWN	330	-999	P	398
1267821459116	1	RECOG_FEEDBACK	1
1267821459916	0	RECOG_PRES	3	PORK	1108	-999	P	808
1267821461125	0	RECOG_CR_PRES	3	PORK	1108	-999	P	258
1267821461683	1	RECOG_FEEDBACK	1
1267821462491	0	RECOG_PRES	3	PEN	1041	-999	P	740
1267821463599	0	RECOG_CR_PRES	3	PEN	1041	-999	P	288
1267821464183	1	RECOG_FEEDBACK	1
1267821464908	0	RECOG_PRES	3	MONSTER	912	-999	P	955
1267821466233	0	RECOG_CR_PRES	3	MONSTER	912	-999	P	230
1267821466766	1	RECOG_FEEDBACK	1
1267821468233	0	REST
1267821469251	1	REC_START
1267821469282	0	RECOG_PRES	4	BURGLAR	200	-999	P	1125
1267821470782	0	RECOG_CR_PRES	4	BURGLAR	200	-999	P	585
1267821471674	1	RECOG_FEEDBACK	-1
1267821472474	0	RECOG_PRES	4	WINGS	1614	-999	P	808
1267821473682	0	RECOG_CR_PRES	4	WINGS	1614	-999	P	326
1267821474315	1	RECOG_FEEDBACK	1
1267821475099	0	RECOG_PRES	4	RUBY	1214	-999	P	1076
1267821476549	0	RECOG_CR_PRES	4	RUBY	1214	-999	P	314
1267821477174	1	RECOG_FEEDBACK	1
1267821477932	0	RECOG_PRES	4	KITCHEN	778	-999	P	6853
1267821485190	0	RECOG_CR_PRES	4	KITCHEN	778	-999	P	481
1267821486131	1	RECOG_FEEDBACK	0
1267821486839	0	RECOG_PRES	4	VESSEL	1558	-999	P	2440
1267821489648	0	RECOG_CR_PRES	4	VESSEL	1558	-999	P	360
1267821490373	1	RECOG_FEEDBACK	1
1267821491156	0	RECOG_PRES	4	HORSE	719	-999	P	1371
1267821492897	0	RECOG_CR_PRES	4	HORSE	719	-999	P	350
1267821493589	1	RECOG_FEEDBACK	1
1267821494339	0	RECOG_PRES	4	BABY	64	-999	P	1140
1267821495856	0	RECOG_CR_PRES	4	BABY	64	-999	P	319
1267821496489	1	RECOG_FEEDBACK	1
1267821497230	0	RECOG_PRES	4	MOTH	920	-999	P	1073
1267821498672	0	RECOG_CR_PRES	4	MOTH	920	-999	P	359
1267821499363	1	RECOG_FEEDBACK	1
1267821500164	0	RECOG_PRES	4	CANDLE	229	-999	P	923
1267821501455	0	RECOG_CR_PRES	4	CANDLE	229	-999	P	424
1267821502197	1	RECOG_FEEDBACK	0
1267821502938	0	RECOG_PRES	4	ENEMY	534	-999	P	997
1267821504305	0	RECOG_CR_PRES	4	ENEMY	534	-999	P	326
1267821504955	1	RECOG_FEEDBACK	1
1267821505713	0	RECOG_PRES	4	DRUM	502	-999	P	878
1267821506963	0	RECOG_CR_PRES	4	DRUM	502	-999	P	452
1267821507730	1	RECOG_FEEDBACK	1
1267821508463	0	RECOG_PRES	4	SPIDER	1351	-999	P	2352
1267821511188	0	RECOG_CR_PRES	4	SPIDER	1351	-999	P	307
1267821511929	1	RECOG_FEEDBACK	0
1267821512713	0	RECOG_PRES	4	PLANE	1081	-999	P	966
1267821514054	0	RECOG_CR_PRES	4	PLANE	1081	-999	P	345
1267821514712	1	RECOG_FEEDBACK	0
1267821515454	0	RECOG_PRES	4	OTTER	986	-999	P	859
1267821516712	0	RECOG_CR_PRES	4	OTTER	986	-999	P	287
1267821517304	1	RECOG_FEEDBACK	1
1267821518104	0	RECOG_PRES	4	LIMOUSINE	824	-999	P	1719
1267821520195	0	RECOG_CR_PRES	4	LIMOUSINE	824	-999	P	356
1267821520954	1	RECOG_FEEDBACK	1
1267821521745	0	RECOG_PRES	4	SHORTCAKE	1292	-999	P	1038
1267821523154	0	RECOG_CR_PRES	4	SHORTCAKE	1292	-999	P	317
1267821523795	1	RECOG_FEEDBACK	1
1267821524562	0	RECOG_PRES	4	NOOSE	956	-999	P	1125
1267821526062	0	RECOG_CR_PRES	4	NOOSE	956	-999	P	337
1267821526737	1	RECOG_FEEDBACK	1
1267821527486	0	RECOG_PRES	4	CREW	406	-999	P	1073
1267821528928	0	RECOG_CR_PRES	4	CREW	406	-999	P	295
1267821529561	1	RECOG_FEEDBACK	1
1267821530270	0	RECOG_PRES	4	SKUNK	1321	-999	P	937
1267821531578	0	RECOG_CR_PRES	4	SKUNK	1321	-999	P	405
1267821532303	1	RECOG_FEEDBACK	1
1267821533036	0	RECOG_PRES	4	ATHLETE	52	-999	P	1171
1267821534578	0	RECOG_CR_PRES	4	ATHLETE	52	-999	P	349
1267821535244	1	RECOG_FEEDBACK	1
1267821536478	0	REST
1267821537574	1	REC_START
1267821537611	0	RECOG_PRES	5	COMEDIAN	352	-999	P	916
1267821538902	0	RECOG_CR_PRES	5	COMEDIAN	352	-999	P	313
1267821539519	1	RECOG_FEEDBACK	0
1267821540244	0	RECOG_PRES	5	WALRUS	1585	-999	P	883
1267821541527	0	RECOG_CR_PRES	5	WALRUS	1585	-999	P	264
1267821542094	1	RECOG_FEEDBACK	1
1267821542844	0	RECOG_PRES	5	TOOL	1480	-999	P	843
1267821544060	0	RECOG_CR_PRES	5	TOOL	1480	-999	P	331
1267821544710	1	RECOG_FEEDBACK	1
1267821545469	0	RECOG_PRES	5	MUSEUM	933	-999	P	3914
1267821549752	0	RECOG_CR_PRES	5	MUSEUM	933	-999	P	256
1267821550426	1	RECOG_FEEDBACK	1
1267821551226	0	RECOG_PRES	5	TUTU	1524	-999	P	845
1267821552443	0	RECOG_CR_PRES	5	TUTU	1524	-999	P	308
1267821553068	1	RECOG_FEEDBACK	1
1267821553826	0	RECOG_PRES	5	BAND	78	-999	P	845
1267821555043	0	RECOG_CR_PRES	5	BAND	78	-999	P	372
1267821555726	1	RECOG_FEEDBACK	1
1267821556518	0	RECOG_PRES	5	COIN	343	-999	P	897
1267821557784	0	RECOG_CR_PRES	5	COIN	343	-999	P	311
1267821558426	1	RECOG_FEEDBACK	1
1267821559151	0	RECOG_PRES	5	RACKET	1155	-999	P	784
1267821560309	0	RECOG_CR_PRES	5	RACKET	1155	-999	P	266
1267821560892	1	RECOG_FEEDBACK	0
1267821561667	0	RECOG_PRES	5	STEM	1376	-999	P	1652
1267821563692	0	RECOG_CR_PRES	5	STEM	1376	-999	P	483
1267821564575	1	RECOG_FEEDBACK	1
1267821565284	0	RECOG_PRES	5	CORPORATION	382	-999	P	939
1267821566592	0	RECOG_CR_PRES	5	CORPORATION	382	-999	P	295
1267821567192	1	RECOG_FEEDBACK	1
1267821567909	0	RECOG_PRES	5	OX	994	-999	P	810
1267821569092	0	RECOG_CR_PRES	5	OX	994	-999	P	299
1267821569700	1	RECOG_FEEDBACK	1
1267821570492	0	RECOG_PRES	5	TRENCH	1503	-999	P	939
1267821571800	0	RECOG_CR_PRES	5	TRENCH	1503	-999	P	383
1267821572508	1	RECOG_FEEDBACK	1
1267821573300	0	RECOG_PRES	5	SYRINGE	1424	-999	P	1027
1267821574691	0	RECOG_CR_PRES	5	SYRINGE	1424	-999	P	332
1267821575333	1	RECOG_FEEDBACK	1
1267821576058	0	RECOG_PRES	5	JET	756	-999	P	1389
1267821577816	0	RECOG_CR_PRES	5	JET	756	-999	P	295
1267821578424	1	RECOG_FEEDBACK	0
1267821579174	0	RECOG_PRES	5	BLENDER	136	-999	P	849
1267821580391	0	RECOG_CR_PRES	5	BLENDER	136	-999	P	344
1267821581049	1	RECOG_FEEDBACK	1
1267821581799	0	RECOG_PRES	5	VINEGAR	1569	-999	P	1200
1267821583374	0	RECOG_CR_PRES	5	VINEGAR	1569	-999	P	417
1267821584124	1	RECOG_FEEDBACK	0
1267821584882	0	RECOG_PRES	5	CLAM	315	-999	P	797
1267821586049	0	RECOG_CR_PRES	5	CLAM	315	-999	P	310
1267821586674	1	RECOG_FEEDBACK	1
1267821587424	0	RECOG_PRES	5	WINDSHIELD	1612	-999	P	983
1267821588782	0	RECOG_CR_PRES	5	WINDSHIELD	1612	-999	P	385
1267821589499	1	RECOG_FEEDBACK	1
1267821590274	0	RECOG_PRES	5	BOARD	143	-999	P	2832
1267821593515	0	RECOG_CR_PRES	5	BOARD	143	-999	P	396
1267821594315	1	RECOG_FEEDBACK	0
1267821595090	0	RECOG_PRES	5	BAKER	71	-999	P	1869
1267821597331	0	RECOG_CR_PRES	5	BAKER	71	-999	P	284
1267821597956	1	RECOG_FEEDBACK	1
1267821599240	0	REST
1267821600171	1	REC_START
1267821600206	0	RECOG_PRES	6	MUSHROOM	934	-999	P	1745
1267821602314	0	RECOG_CR_PRES	6	MUSHROOM	934	-999	P	251
1267821602948	1	RECOG_FEEDBACK	0
1267821603706	0	RECOG_PRES	6	CORN	381	-999	P	1237
1267821605314	0	RECOG_CR_PRES	6	CORN	381	-999	P	349
1267821605997	1	RECOG_FEEDBACK	1
1267821606706	0	RECOG_PRES	6	MAGNET	855	-999	P	941
1267821608022	0	RECOG_CR_PRES	6	MAGNET	855	-999	P	313
1267821608639	1	RECOG_FEEDBACK	1
1267821609381	0	RECOG_PRES	6	PLIERS	1089	-999	P	1066
1267821610822	0	RECOG_CR_PRES	6	PLIERS	1089	-999	P	257
1267821611422	1	RECOG_FEEDBACK	1
1267821612172	0	RECOG_PRES	6	ARM	38	-999	P	955
1267821613497	0	RECOG_CR_PRES	6	ARM	38	-999	P	422
1267821614230	1	RECOG_FEEDBACK	1
1267821614964	0	RECOG_PRES	6	PRIMATE	1123	-999	P	1139
1267821616463	0	RECOG_CR_PRES	6	PRIMATE	1123	-999	P	280
1267821617063	1	RECOG_FEEDBACK	1
1267821617772	0	RECOG_PRES	6	LETTUCE	814	-999	P	1131
1267821619272	0	RECOG_CR_PRES	6	LETTUCE	814	-999	P	399
1267821620105	1	RECOG_FEEDBACK	-1
1267821620846	0	RECOG_PRES	6	CHARCOAL	281	-999	P	1449
1267821622671	0	RECOG_CR_PRES	6	CHARCOAL	281	-999	P	320
1267821623321	1	RECOG_FEEDBACK	1
1267821624055	0	RECOG_PRES	6	STAPLER	1372	-999	P	920
1267821625346	0	RECOG_CR_PRES	6	STAPLER	1372	-999	P	365
1267821626029	1	RECOG_FEEDBACK	1
1267821626738	0	RECOG_PRES	6	HOME	712	-999	P	1069
1267821628179	0	RECOG_CR_PRES	6	HOME	712	-999	P	284
1267821628771	1	RECOG_FEEDBACK	1
1267821629504	0	RECOG_PRES	6	DECK	443	-999	P	1103
1267821630979	0	RECOG_CR_PRES	6	DECK	443	-999	P	244
1267821631554	1	RECOG_FEEDBACK	1
1267821632346	0	RECOG_PRES	6	BANKER	84	-999	P	1285
1267821633995	0	RECOG_CR_PRES	6	BANKER	84	-999	P	292
1267821634604	1	RECOG_FEEDBACK	0
1267821635370	0	RECOG_PRES	6	PITCHFORK	1078	-999	P	1005
1267821636745	0	RECOG_CR_PRES	6	PITCHFORK	1078	-999	P	246
1267821637304	1	RECOG_FEEDBACK	1
1267821638078	0	RECOG_PRES	6	DOUGHNUT	490	-999	P	1121
1267821639570	0	RECOG_CR_PRES	6	DOUGHNUT	490	-999	P	293
1267821640170	1	RECOG_FEEDBACK	1
1267821640945	0	RECOG_PRES	6	MOUSE	925	-999	P	1374
1267821642686	0	RECOG_CR_PRES	6	MOUSE	925	-999	P	289
1267821643286	1	RECOG_FEEDBACK	0
1267821643995	0	RECOG_PRES	6	ASSISTANT	48	-999	P	1013
1267821645378	0	RECOG_CR_PRES	6	ASSISTANT	48	-999	P	301
1267821645978	1	RECOG_FEEDBACK	0
1267821646728	0	RECOG_PRES	6	THIEF	1456	-999	P	1047
1267821648144	0	RECOG_CR_PRES	6	THIEF	1456	-999	P	239
1267821648678	1	RECOG_FEEDBACK	0
1267821649403	0	RECOG_PRES	6	MOTOR	922	-999	P	1356
1267821651128	0	RECOG_CR_PRES	6	MOTOR	922	-999	P	279
1267821651711	1	RECOG_FEEDBACK	1
1267821652477	0	RECOG_PRES	6	NEST	945	-999	P	1642
1267821654494	0	RECOG_CR_PRES	6	NEST	945	-999	P	361
1267821655394	1	RECOG_FEEDBACK	-1
1267821656202	0	RECOG_PRES	6	PRINTER	1126	-999	P	1037
1267821657610	0	RECOG_CR_PRES	6	PRINTER	1126	-999	P	317
1267821658402	1	RECOG_FEEDBACK	-1
1267821660360	0	REST
1267821661450	1	REC_START
1267821661485	0	RECOG_PRES	7	APPLICATION	34	-999	P	1402
1267821663260	0	RECOG_CR_PRES	7	APPLICATION	34	-999	P	371
1267821663977	1	RECOG_FEEDBACK	1
1267821664735	0	RECOG_PRES	7	BUCKLE	185	-999	P	2048
1267821667151	0	RECOG_CR_PRES	7	BUCKLE	185	-999	P	432
1267821667926	1	RECOG_FEEDBACK	1
1267821668685	0	RECOG_PRES	7	TORCH	1484	-999	P	970
1267821670026	0	RECOG_CR_PRES	7	TORCH	1484	-999	P	309
1267821670643	1	RECOG_FEEDBACK	0
1267821671393	0	RECOG_PRES	7	PRINCE	1124	-999	P	1558
1267821673326	0	RECOG_CR_PRES	7	PRINCE	1124	-999	P	361
1267821674026	1	RECOG_FEEDBACK	0
1267821674742	0	RECOG_PRES	7	TELEVISION	1447	-999	P	1001
1267821676117	0	RECOG_CR_PRES	7	TELEVISION	1447	-999	P	362
1267821676792	1	RECOG_FEEDBACK	1
1267821677584	0	RECOG_PRES	7	COLLEGE	346	-999	P	1983
1267821679942	0	RECOG_CR_PRES	7	COLLEGE	346	-999	P	345
1267821680642	1	RECOG_FEEDBACK	0
1267821681450	0	RECOG_PRES	7	SAUSAGE	1238	-999	P	2029
1267821683850	0	RECOG_CR_PRES	7	SAUSAGE	1238	-999	P	229
1267821684458	1	RECOG_FEEDBACK	1
1267821685225	0	RECOG_PRES	7	STREAM	1392	-999	P	3078
1267821688666	0	RECOG_CR_PRES	7	STREAM	1392	-999	P	461
1267821689483	1	RECOG_FEEDBACK	1
1267821690225	0	RECOG_PRES	7	CHAMPION	279	-999	P	1798
1267821692400	0	RECOG_CR_PRES	7	CHAMPION	279	-999	P	287
1267821693033	1	RECOG_FEEDBACK	1
1267821693783	0	RECOG_PRES	7	DIVER	476	-999	P	1104
1267821695258	0	RECOG_CR_PRES	7	DIVER	476	-999	P	541
1267821696141	1	RECOG_FEEDBACK	1
1267821696891	0	RECOG_PRES	7	EXPERT	543	-999	P	1196
1267821698457	0	RECOG_CR_PRES	7	EXPERT	543	-999	P	262
1267821699057	1	RECOG_FEEDBACK	1
1267821699857	0	RECOG_PRES	7	SAILOR	1223	-999	P	1102
1267821701332	0	RECOG_CR_PRES	7	SAILOR	1223	-999	P	475
1267821702124	1	RECOG_FEEDBACK	1
1267821702932	0	RECOG_PRES	7	COURSE	390	-999	P	1211
1267821704524	0	RECOG_CR_PRES	7	COURSE	390	-999	P	371
1267821705224	1	RECOG_FEEDBACK	1
1267821705957	0	RECOG_PRES	7	GLOBE	641	-999	P	1314
1267821707640	0	RECOG_CR_PRES	7	GLOBE	641	-999	P	415
1267821708390	1	RECOG_FEEDBACK	1
1267821709182	0	RECOG_PRES	7	GULL	671	-999	P	921
1267821710473	0	RECOG_CR_PRES	7	GULL	671	-999	P	454
1267821711240	1	RECOG_FEEDBACK	1
1267821712023	0	RECOG_PRES	7	SURF	1412	-999	P	1032
1267821713423	0	RECOG_CR_PRES	7	SURF	1412	-999	P	360
1267821714131	1	RECOG_FEEDBACK	1
1267821714898	0	RECOG_PRES	7	POOL	1103	-999	P	941
1267821716214	0	RECOG_CR_PRES	7	POOL	1103	-999	P	353
1267821716906	1	RECOG_FEEDBACK	1
1267821717714	0	RECOG_PRES	7	SAGE	1222	-999	P	1277
1267821719364	0	RECOG_CR_PRES	7	SAGE	1222	-999	P	323
1267821720039	1	RECOG_FEEDBACK	1
1267821720773	0	RECOG_PRES	7	STAFF	1365	-999	P	1634
1267821722781	0	RECOG_CR_PRES	7	STAFF	1365	-999	P	378
1267821723506	1	RECOG_FEEDBACK	0
1267821724264	0	RECOG_PRES	7	GROCERY	664	-999	P	1175
1267821725814	0	RECOG_CR_PRES	7	GROCERY	664	-999	P	417
1267821726705	1	RECOG_FEEDBACK	1
1267821730447	0	REST
1267821731411	1	REC_START
1267821731447	0	RECOG_PRES	8	CLAMP	316	-999	P	1384
1267821733205	0	RECOG_CR_PRES	8	CLAMP	316	-999	P	386
1267821733996	1	RECOG_FEEDBACK	0
1267821734771	0	RECOG_PRES	8	AIRCRAFT	11	-999	P	1628
1267821736771	0	RECOG_CR_PRES	8	AIRCRAFT	11	-999	P	316
1267821737446	1	RECOG_FEEDBACK	1
1267821738238	0	RECOG_PRES	8	FEAST	556	-999	P	993
1267821739604	0	RECOG_CR_PRES	8	FEAST	556	-999	P	315
1267821740246	1	RECOG_FEEDBACK	1
1267821741005	0	RECOG_PRES	8	BEAKER	104	-999	P	1058
1267821742438	0	RECOG_CR_PRES	8	BEAKER	104	-999	P	305
1267821743071	1	RECOG_FEEDBACK	1
1267821743879	0	RECOG_PRES	8	IGLOO	734	-999	P	1144
1267821745396	0	RECOG_CR_PRES	8	IGLOO	734	-999	P	299
1267821746029	1	RECOG_FEEDBACK	1
1267821746754	0	RECOG_PRES	8	ABDOMEN	1	-999	P	965
1267821748095	0	RECOG_CR_PRES	8	ABDOMEN	1	-999	P	304
1267821748712	1	RECOG_FEEDBACK	1
1267821749445	0	RECOG_PRES	8	CASHEW	253	-999	P	1002
1267821750820	0	RECOG_CR_PRES	8	CASHEW	253	-999	P	331
1267821751470	1	RECOG_FEEDBACK	1
1267821752220	0	RECOG_PRES	8	MISTER	901	-999	P	2331
1267821754920	0	RECOG_CR_PRES	8	MISTER	901	-999	P	375
1267821755978	1	RECOG_FEEDBACK	0
1267821756737	0	RECOG_PRES	8	GOVERNOR	651	-999	P	4622
1267821761728	0	RECOG_CR_PRES	8	GOVERNOR	651	-999	P	687
1267821762894	1	RECOG_FEEDBACK	0
1267821763611	0	RECOG_PRES	8	BACK	65	-999	P	2628
1267821766611	0	RECOG_CR_PRES	8	BACK	65	-999	P	844
1267821768069	1	RECOG_FEEDBACK	0
1267821768844	0	RECOG_PRES	8	LOG	841	-999	P	2987
1267821772202	0	RECOG_CR_PRES	8	LOG	841	-999	P	373
1267821772944	1	RECOG_FEEDBACK	1
1267821773727	0	RECOG_PRES	8	DRYER	503	-999	P	1064
1267821775160	0	RECOG_CR_PRES	8	DRYER	503	-999	P	399
1267821776035	1	RECOG_FEEDBACK	-1
1267821776802	0	RECOG_PRES	8	CLAW	319	-999	P	2949
1267821780127	0	RECOG_CR_PRES	8	CLAW	319	-999	P	320
1267821780801	1	RECOG_FEEDBACK	0
1267821781576	0	RECOG_PRES	8	CHEMIST	292	-999	P	2647
1267821784593	0	RECOG_CR_PRES	8	CHEMIST	292	-999	P	334
1267821785284	1	RECOG_FEEDBACK	0
1267821786026	0	RECOG_PRES	8	BANDANNA	80	-999	P	973
1267821787368	0	RECOG_CR_PRES	8	BANDANNA	80	-999	P	271
1267821787959	1	RECOG_FEEDBACK	1
1267821788676	0	RECOG_PRES	8	GOBLIN	645	-999	P	1035
1267821790084	0	RECOG_CR_PRES	8	GOBLIN	645	-999	P	267
1267821790659	1	RECOG_FEEDBACK	0
1267821791434	0	RECOG_PRES	8	CRYSTAL	418	-999	P	1389
1267821793192	0	RECOG_CR_PRES	8	CRYSTAL	418	-999	P	247
1267821793759	1	RECOG_FEEDBACK	1
1267821794500	0	RECOG_PRES	8	GIRAFFE	636	-999	P	866
1267821795767	0	RECOG_CR_PRES	8	GIRAFFE	636	-999	P	328
1267821796400	1	RECOG_FEEDBACK	1
1267821797117	0	RECOG_PRES	8	TICKET	1464	-999	P	986
1267821798475	0	RECOG_CR_PRES	8	TICKET	1464	-999	P	244
1267821799025	1	RECOG_FEEDBACK	0
1267821799758	0	RECOG_PRES	8	HOSTESS	723	-999	P	2193
1267821802325	0	RECOG_CR_PRES	8	HOSTESS	723	-999	P	218
1267821802867	1	RECOG_FEEDBACK	1
1267821831381	0	REST
1267821832374	1	REC_START
1267821832406	0	RECOG_PRES	9	SHELL	1281	-999	P	1025
1267821833806	0	RECOG_CR_PRES	9	SHELL	1281	-999	P	313
1267821834406	1	RECOG_FEEDBACK	1
1267821835122	0	RECOG_PRES	9	BOOTH	151	-999	P	837
1267821836322	0	RECOG_CR_PRES	9	BOOTH	151	-999	P	349
1267821836972	1	RECOG_FEEDBACK	1
1267821837714	0	RECOG_PRES	9	JOINT	758	-999	P	973
1267821839056	0	RECOG_CR_PRES	9	JOINT	758	-999	P	335
1267821839722	1	RECOG_FEEDBACK	1
1267821840480	0	RECOG_PRES	9	COBWEB	337	-999	P	959
1267821841814	0	RECOG_CR_PRES	9	COBWEB	337	-999	P	297
1267821842439	1	RECOG_FEEDBACK	1
1267821843239	0	RECOG_PRES	9	GARAGE	621	-999	P	880
1267821844488	0	RECOG_CR_PRES	9	GARAGE	621	-999	P	335
1267821845138	1	RECOG_FEEDBACK	0
1267821845913	0	RECOG_PRES	9	ROACH	1195	-999	P	926
1267821847213	0	RECOG_CR_PRES	9	ROACH	1195	-999	P	306
1267821847838	1	RECOG_FEEDBACK	0
1267821848588	0	RECOG_PRES	9	PLANET	1082	-999	P	971
1267821849921	0	RECOG_CR_PRES	9	PLANET	1082	-999	P	286
1267821850538	1	RECOG_FEEDBACK	1
1267821851330	0	RECOG_PRES	9	CHICKEN	297	-999	P	917
1267821852621	0	RECOG_CR_PRES	9	CHICKEN	297	-999	P	298
1267821853213	1	RECOG_FEEDBACK	0
1267821854013	0	RECOG_PRES	9	BASEBALL	93	-999	P	2754
1267821857138	0	RECOG_CR_PRES	9	BASEBALL	93	-999	P	309
1267821857804	1	RECOG_FEEDBACK	0
1267821858546	0	RECOG_PRES	9	PERCH	1048	-999	P	1021
1267821859937	0	RECOG_CR_PRES	9	PERCH	1048	-999	P	214
1267821860471	1	RECOG_FEEDBACK	1
1267821861229	0	RECOG_PRES	9	PORCH	1106	-999	P	1018
1267821862621	0	RECOG_CR_PRES	9	PORCH	1106	-999	P	266
1267821863229	1	RECOG_FEEDBACK	1
1267821863970	0	RECOG_PRES	9	PANTHER	1009	-999	P	1029
1267821865370	0	RECOG_CR_PRES	9	PANTHER	1009	-999	P	365
1267821866037	1	RECOG_FEEDBACK	0
1267821866787	0	RECOG_PRES	9	FLANNEL	574	-999	P	1140
1267821868295	0	RECOG_CR_PRES	9	FLANNEL	574	-999	P	288
1267821868937	1	RECOG_FEEDBACK	1
1267821869670	0	RECOG_PRES	9	BRACELET	163	-999	P	2913
1267821872953	0	RECOG_CR_PRES	9	BRACELET	163	-999	P	310
1267821873620	1	RECOG_FEEDBACK	1
1267821874386	0	RECOG_PRES	9	PASSENGER	1020	-999	P	837
1267821875595	0	RECOG_CR_PRES	9	PASSENGER	1020	-999	P	284
1267821876186	1	RECOG_FEEDBACK	0
1267821876961	0	RECOG_PRES	9	BISON	131	-999	P	902
1267821878236	0	RECOG_CR_PRES	9	BISON	131	-999	P	339
1267821879019	1	RECOG_FEEDBACK	-1
1267821879761	0	RECOG_PRES	9	TIDE	1465	-999	P	4926
1267821885061	0	RECOG_CR_PRES	9	TIDE	1465	-999	P	354
1267821885919	1	RECOG_FEEDBACK	1
1267821886644	0	RECOG_PRES	9	ELF	525	-999	P	931
1267821887944	0	RECOG_CR_PRES	9	ELF	525	-999	P	311
1267821888569	1	RECOG_FEEDBACK	1
1267821889360	0	RECOG_PRES	9	CONVICT	371	-999	P	1079
1267821890810	0	RECOG_CR_PRES	9	CONVICT	371	-999	P	1621
1267821892752	1	RECOG_FEEDBACK	1
1267821893560	0	RECOG_PRES	9	PRODUCER	1129	-999	P	2743
1267821896676	0	RECOG_CR_PRES	9	PRODUCER	1129	-999	P	332
1267821897385	1	RECOG_FEEDBACK	0
1267821898935	0	REST
1267821900092	1	REC_START
1267821900126	0	RECOG_PRES	10	STOOL	1386	-999	P	965
1267821901493	0	RECOG_CR_PRES	10	STOOL	1386	-999	P	362
1267821902176	1	RECOG_FEEDBACK	1
1267821902918	0	RECOG_PRES	10	SINK	1309	-999	P	1081
1267821904367	0	RECOG_CR_PRES	10	SINK	1309	-999	P	448
1267821905117	1	RECOG_FEEDBACK	1
1267821905867	0	RECOG_PRES	10	VALVE	1546	-999	P	1380
1267821907617	0	RECOG_CR_PRES	10	VALVE	1546	-999	P	382
1267821908317	1	RECOG_FEEDBACK	1
1267821909084	0	RECOG_PRES	10	PALM	1007	-999	P	1123
1267821910575	0	RECOG_CR_PRES	10	PALM	1007	-999	P	320
1267821911225	1	RECOG_FEEDBACK	1
1267821911934	0	RECOG_PRES	10	FLASHLIGHT	575	-999	P	1113
1267821913408	0	RECOG_CR_PRES	10	FLASHLIGHT	575	-999	P	335
1267821914075	1	RECOG_FEEDBACK	1
1267821914867	0	RECOG_PRES	10	AUTHOR	61	-999	P	3380
1267821918616	0	RECOG_CR_PRES	10	AUTHOR	61	-999	P	359
1267821919391	1	RECOG_FEEDBACK	1
1267821920175	0	RECOG_PRES	10	SLEIGH	1325	-999	P	888
1267821921433	0	RECOG_CR_PRES	10	SLEIGH	1325	-999	P	326
1267821922066	1	RECOG_FEEDBACK	1
1267821922858	0	RECOG_PRES	10	TOMATO	1476	-999	P	981
1267821924208	0	RECOG_CR_PRES	10	TOMATO	1476	-999	P	263
1267821924774	1	RECOG_FEEDBACK	1
1267821925533	0	RECOG_PRES	10	BEDROOM	111	-999	P	994
1267821926899	0	RECOG_CR_PRES	10	BEDROOM	111	-999	P	316
1267821927532	1	RECOG_FEEDBACK	1
1267821928249	0	RECOG_PRES	10	PEAR	1033	-999	P	1118
1267821929741	0	RECOG_CR_PRES	10	PEAR	1033	-999	P	298
1267821930374	1	RECOG_FEEDBACK	1
1267821931149	0	RECOG_PRES	10	TURTLE	1522	-999	P	962
1267821932482	0	RECOG_CR_PRES	10	TURTLE	1522	-999	P	341
1267821933140	1	RECOG_FEEDBACK	1
1267821933907	0	RECOG_PRES	10	VICTOR	1563	-999	P	1101
1267821935382	0	RECOG_CR_PRES	10	VICTOR	1563	-999	P	329
1267821936015	1	RECOG_FEEDBACK	1
1267821936748	0	RECOG_PRES	10	FOREST	593	-999	P	1171
1267821938290	0	RECOG_CR_PRES	10	FOREST	593	-999	P	349
1267821938957	1	RECOG_FEEDBACK	0
1267821939748	0	RECOG_PRES	10	PRIEST	1122	-999	P	1003
1267821941123	0	RECOG_CR_PRES	10	PRIEST	1122	-999	P	324
1267821941748	1	RECOG_FEEDBACK	1
1267821942506	0	RECOG_PRES	10	BANQUET	86	-999	P	1213
1267821944090	0	RECOG_CR_PRES	10	BANQUET	86	-999	P	301
1267821944723	1	RECOG_FEEDBACK	1
1267821945473	0	RECOG_PRES	10	ATTIRE	57	-999	P	1750
1267821947598	0	RECOG_CR_PRES	10	ATTIRE	57	-999	P	393
1267821948423	1	RECOG_FEEDBACK	1
1267821949147	0	RECOG_PRES	10	KANGAROO	768	-999	P	1164
1267821950672	0	RECOG_CR_PRES	10	KANGAROO	768	-999	P	336
1267821951364	1	RECOG_FEEDBACK	1
1267821952172	0	RECOG_PRES	10	BRUISE	180	-999	P	3099
1267821955647	0	RECOG_CR_PRES	10	BRUISE	180	-999	P	576
1267821956722	1	RECOG_FEEDBACK	1
1267821957455	0	RECOG_PRES	10	POCKETBOOK	1094	-999	P	808
1267821958639	0	RECOG_CR_PRES	10	POCKETBOOK	1094	-999	P	360
1267821959297	1	RECOG_FEEDBACK	1
1267821960080	0	RECOG_PRES	10	MAT	877	-999	P	695
1267821961147	0	RECOG_CR_PRES	10	MAT	877	-999	P	204
1267821961638	1	RECOG_FEEDBACK	1
1267821962963	0	REST
1267821964034	1	REC_START
1267821964063	0	RECOG_PRES	11	WAX	1597	-999	P	768
1267821965205	0	RECOG_CR_PRES	11	WAX	1597	-999	P	186
1267821965663	1	RECOG_FEEDBACK	1
1267821966388	0	RECOG_PRES	11	SALOON	1228	-999	P	683
1267821967446	0	RECOG_CR_PRES	11	SALOON	1228	-999	P	249
1267821967971	1	RECOG_FEEDBACK	1
1267821968696	0	RECOG_PRES	11	DOLL	481	-999	P	1119
1267821970188	0	RECOG_CR_PRES	11	DOLL	481	-999	P	219
1267821970738	1	RECOG_FEEDBACK	1
1267821971463	0	RECOG_PRES	11	TOOTHPASTE	1483	-999	P	960
1267821972787	0	RECOG_CR_PRES	11	TOOTHPASTE	1483	-999	P	260
1267821973354	1	RECOG_FEEDBACK	1
1267821974112	0	RECOG_PRES	11	TRUMPET	1513	-999	P	850
1267821975362	0	RECOG_CR_PRES	11	TRUMPET	1513	-999	P	629
1267821976296	1	RECOG_FEEDBACK	0
1267821977079	0	RECOG_PRES	11	WATERFALL	1595	-999	P	976
1267821978420	0	RECOG_CR_PRES	11	WATERFALL	1595	-999	P	267
1267821978995	1	RECOG_FEEDBACK	0
1267821979745	0	RECOG_PRES	11	WIFE	1609	-999	P	3046
1267821983153	0	RECOG_CR_PRES	11	WIFE	1609	-999	P	438
1267821983962	1	RECOG_FEEDBACK	1
1267821984695	0	RECOG_PRES	11	HOOP	716	-999	P	968
1267821986037	0	RECOG_CR_PRES	11	HOOP	716	-999	P	290
1267821986653	1	RECOG_FEEDBACK	1
1267821987436	0	RECOG_PRES	11	SHIRT	1287	-999	P	2971
1267821990778	0	RECOG_CR_PRES	11	SHIRT	1287	-999	P	517
1267821991794	1	RECOG_FEEDBACK	1
1267821992553	0	RECOG_PRES	11	KING	777	-999	P	1494
1267821994419	0	RECOG_CR_PRES	11	KING	777	-999	P	196
1267821994994	1	RECOG_FEEDBACK	0
1267821995794	0	RECOG_PRES	11	BULLETIN	195	-999	P	1365
1267821997527	0	RECOG_CR_PRES	11	BULLETIN	195	-999	P	256
1267821998152	1	RECOG_FEEDBACK	1
1267821998944	0	RECOG_PRES	11	FLESH	579	-999	P	1599
1267822000910	0	RECOG_CR_PRES	11	FLESH	579	-999	P	257
1267822001502	1	RECOG_FEEDBACK	1
1267822002235	0	RECOG_PRES	11	COUSIN	392	-999	P	964
1267822003569	0	RECOG_CR_PRES	11	COUSIN	392	-999	P	406
1267822004277	1	RECOG_FEEDBACK	1
1267822005077	0	RECOG_PRES	11	BEEF	113	-999	P	2138
1267822007585	0	RECOG_CR_PRES	11	BEEF	113	-999	P	270
1267822008293	1	RECOG_FEEDBACK	1
1267822009068	0	RECOG_PRES	11	BATHROOM	99	-999	P	1139
1267822010576	0	RECOG_CR_PRES	11	BATHROOM	99	-999	P	407
1267822011276	1	RECOG_FEEDBACK	0
1267822012026	0	RECOG_PRES	11	BENCH	121	-999	P	2293
1267822014684	0	RECOG_CR_PRES	11	BENCH	121	-999	P	387
1267822015409	1	RECOG_FEEDBACK	0
1267822016118	0	RECOG_PRES	11	KIDNEY	776	-999	P	1577
1267822018067	0	RECOG_CR_PRES	11	KIDNEY	776	-999	P	420
1267822018842	1	RECOG_FEEDBACK	1
1267822019601	0	RECOG_PRES	11	POET	1095	-999	P	4334
1267822024309	0	RECOG_CR_PRES	11	POET	1095	-999	P	378
1267822025217	1	RECOG_FEEDBACK	0
1267822025975	0	RECOG_PRES	11	SURGEON	1413	-999	P	3800
1267822030150	0	RECOG_CR_PRES	11	SURGEON	1413	-999	P	417
1267822030967	1	RECOG_FEEDBACK	0
1267822031725	0	RECOG_PRES	11	CELLO	268	-999	P	2849
1267822034975	0	RECOG_CR_PRES	11	CELLO	268	-999	P	232
1267822035558	1	RECOG_FEEDBACK	0
1267822058073	0	REST
1267822058991	1	REC_START
1267822059023	0	RECOG_PRES	12	PLANT	1083	-999	P	1448
1267822060839	0	RECOG_CR_PRES	12	PLANT	1083	-999	P	280
1267822061464	1	RECOG_FEEDBACK	1
1267822062264	0	RECOG_PRES	12	JURY	766	-999	P	1119
1267822063764	0	RECOG_CR_PRES	12	JURY	766	-999	P	411
1267822064489	1	RECOG_FEEDBACK	1
1267822065247	0	RECOG_PRES	12	FRECKLE	602	-999	P	888
1267822066506	0	RECOG_CR_PRES	12	FRECKLE	602	-999	P	253
1267822067064	1	RECOG_FEEDBACK	1
1267822067872	0	RECOG_PRES	12	WHALE	1601	-999	P	1063
1267822069305	0	RECOG_CR_PRES	12	WHALE	1601	-999	P	262
1267822069897	1	RECOG_FEEDBACK	1
1267822070630	0	RECOG_PRES	12	BLACKBOARD	133	-999	P	1017
1267822072022	0	RECOG_CR_PRES	12	BLACKBOARD	133	-999	P	217
1267822072555	1	RECOG_FEEDBACK	0
1267822073305	0	RECOG_PRES	12	TEAM	1441	-999	P	850
1267822074555	0	RECOG_CR_PRES	12	TEAM	1441	-999	P	236
1267822075097	1	RECOG_FEEDBACK	1
1267822075813	0	RECOG_PRES	12	CLIFF	322	-999	P	1018
1267822077205	0	RECOG_CR_PRES	12	CLIFF	322	-999	P	266
1267822077771	1	RECOG_FEEDBACK	0
1267822078505	0	RECOG_PRES	12	WINDOW	1611	-999	P	766
1267822079646	0	RECOG_CR_PRES	12	WINDOW	1611	-999	P	305
1267822080238	1	RECOG_FEEDBACK	1
1267822080980	0	RECOG_PRES	12	FLUTE	585	-999	P	963
1267822082304	0	RECOG_CR_PRES	12	FLUTE	585	-999	P	247
1267822082863	1	RECOG_FEEDBACK	1
1267822083579	0	RECOG_PRES	12	SUIT	1402	-999	P	1580
1267822085529	0	RECOG_CR_PRES	12	SUIT	1402	-999	P	230
1267822086071	1	RECOG_FEEDBACK	1
1267822086846	0	RECOG_PRES	12	RAG	1160	-999	P	817
1267822088037	0	RECOG_CR_PRES	12	RAG	1160	-999	P	378
1267822088704	1	RECOG_FEEDBACK	0
1267822089504	0	RECOG_PRES	12	HOUSE	725	-999	P	719
1267822090596	0	RECOG_CR_PRES	12	HOUSE	725	-999	P	347
1267822091237	1	RECOG_FEEDBACK	1
1267822091995	0	RECOG_PRES	12	POTATO	1115	-999	P	996
1267822093362	0	RECOG_CR_PRES	12	POTATO	1115	-999	P	261
1267822094087	1	RECOG_FEEDBACK	1
1267822094887	0	RECOG_PRES	12	NAVIGATOR	938	-999	P	4944
1267822100203	0	RECOG_CR_PRES	12	NAVIGATOR	938	-999	P	380
1267822100978	1	RECOG_FEEDBACK	1
1267822101695	0	RECOG_PRES	12	BRAIN	165	-999	P	2512
1267822104578	0	RECOG_CR_PRES	12	BRAIN	165	-999	P	261
1267822105278	1	RECOG_FEEDBACK	0
1267822106069	0	RECOG_PRES	12	ORGAN	984	-999	P	1138
1267822107578	0	RECOG_CR_PRES	12	ORGAN	984	-999	P	229
1267822108111	1	RECOG_FEEDBACK	1
1267822108836	0	RECOG_PRES	12	SANDPAPER	1231	-999	P	1099
1267822110311	0	RECOG_CR_PRES	12	SANDPAPER	1231	-999	P	200
1267822110827	1	RECOG_FEEDBACK	1
1267822111552	0	RECOG_PRES	12	PORCUPINE	1107	-999	P	1295
1267822113219	0	RECOG_CR_PRES	12	PORCUPINE	1107	-999	P	196
1267822113752	1	RECOG_FEEDBACK	0
1267822114494	0	RECOG_PRES	12	BRUSH	182	-999	P	825
1267822115685	0	RECOG_CR_PRES	12	BRUSH	182	-999	P	218
1267822116219	1	RECOG_FEEDBACK	0
1267822117019	0	RECOG_PRES	12	ROD	1203	-999	P	1772
1267822119160	0	RECOG_CR_PRES	12	ROD	1203	-999	P	191
1267822119702	1	RECOG_FEEDBACK	1
1267822121185	0	REST
1267822122206	1	REC_START
1267822122235	0	RECOG_PRES	13	REEF	1177	-999	P	1436
1267822124043	0	RECOG_CR_PRES	13	REEF	1177	-999	P	292
1267822124676	1	RECOG_FEEDBACK	1
1267822125468	0	RECOG_PRES	13	WARDROBE	1587	-999	P	1787
1267822127626	0	RECOG_CR_PRES	13	WARDROBE	1587	-999	P	269
1267822128218	1	RECOG_FEEDBACK	0
1267822129002	0	RECOG_PRES	13	FLASK	576	-999	P	821
1267822130193	0	RECOG_CR_PRES	13	FLASK	576	-999	P	222
1267822130709	1	RECOG_FEEDBACK	1
1267822131468	0	RECOG_PRES	13	AIRPORT	13	-999	P	1840
1267822133709	0	RECOG_CR_PRES	13	AIRPORT	13	-999	P	202
1267822134234	1	RECOG_FEEDBACK	1
1267822134959	0	RECOG_PRES	13	UNIVERSITY	1541	-999	P	885
1267822136242	0	RECOG_CR_PRES	13	UNIVERSITY	1541	-999	P	429
1267822137109	1	RECOG_FEEDBACK	1
1267822137875	0	RECOG_PRES	13	PICKLE	1059	-999	P	1260
1267822139509	0	RECOG_CR_PRES	13	PICKLE	1059	-999	P	346
1267822140192	1	RECOG_FEEDBACK	1
1267822140984	0	RECOG_PRES	13	BAIT	70	-999	P	1815
1267822143200	0	RECOG_CR_PRES	13	BAIT	70	-999	P	207
1267822143717	1	RECOG_FEEDBACK	1
1267822144508	0	RECOG_PRES	13	FOREHEAD	592	-999	P	2427
1267822147308	0	RECOG_CR_PRES	13	FOREHEAD	592	-999	P	243
1267822147891	1	RECOG_FEEDBACK	1
1267822148675	0	RECOG_PRES	13	FAIRY	549	-999	P	724
1267822149775	0	RECOG_CR_PRES	13	FAIRY	549	-999	P	208
1267822150291	1	RECOG_FEEDBACK	0
1267822151091	0	RECOG_PRES	13	FRIAR	605	-999	P	5020
1267822156482	0	RECOG_CR_PRES	13	FRIAR	605	-999	P	533
1267822157766	1	RECOG_FEEDBACK	1
1267822158566	0	RECOG_PRES	13	CART	250	-999	P	1529
1267822160465	0	RECOG_CR_PRES	13	CART	250	-999	P	494
1267822161365	1	RECOG_FEEDBACK	1
1267822162124	0	RECOG_PRES	13	DOCTOR	478	-999	P	2099
1267822164599	0	RECOG_CR_PRES	13	DOCTOR	478	-999	P	304
1267822165248	1	RECOG_FEEDBACK	1
1267822166008	0	RECOG_PRES	13	CAR	241	-999	P	1479
1267822167857	0	RECOG_CR_PRES	13	CAR	241	-999	P	294
1267822168490	1	RECOG_FEEDBACK	1
1267822169206	0	RECOG_PRES	13	TOOTH	1481	-999	P	3009
1267822172590	0	RECOG_CR_PRES	13	TOOTH	1481	-999	P	393
1267822173423	1	RECOG_FEEDBACK	1
1267822174164	0	RECOG_PRES	13	SPOUSE	1358	-999	P	2067
1267822176606	0	RECOG_CR_PRES	13	SPOUSE	1358	-999	P	281
1267822177239	1	RECOG_FEEDBACK	1
1267822177989	0	RECOG_PRES	13	BANJO	82	-999	P	1098
1267822179447	0	RECOG_CR_PRES	13	BANJO	82	-999	P	248
1267822179997	1	RECOG_FEEDBACK	1
1267822180781	0	RECOG_PRES	13	LOBBY	836	-999	P	866
1267822182022	0	RECOG_CR_PRES	13	LOBBY	836	-999	P	297
1267822182606	1	RECOG_FEEDBACK	1
1267822183347	0	RECOG_PRES	13	SHED	1277	-999	P	1108
1267822184830	0	RECOG_CR_PRES	13	SHED	1277	-999	P	233
1267822185380	1	RECOG_FEEDBACK	1
1267822186097	0	RECOG_PRES	13	ACORN	3	-999	P	950
1267822187422	0	RECOG_CR_PRES	13	ACORN	3	-999	P	249
1267822187988	1	RECOG_FEEDBACK	1
1267822188772	0	RECOG_PRES	13	SEAT	1264	-999	P	899
1267822190047	0	RECOG_CR_PRES	13	SEAT	1264	-999	P	240
1267822190588	1	RECOG_FEEDBACK	0
1267822196630	0	REST
1267822197722	1	REC_START
1267822197754	0	RECOG_PRES	14	QUAIL	1147	-999	P	1381
1267822199504	0	RECOG_CR_PRES	14	QUAIL	1147	-999	P	255
1267822200096	1	RECOG_FEEDBACK	1
1267822200829	0	RECOG_PRES	14	NOSE	957	-999	P	1170
1267822202362	0	RECOG_CR_PRES	14	NOSE	957	-999	P	253
1267822202937	1	RECOG_FEEDBACK	1
1267822203679	0	RECOG_PRES	14	SALMON	1227	-999	P	920
1267822204971	0	RECOG_CR_PRES	14	SALMON	1227	-999	P	292
1267822205579	1	RECOG_FEEDBACK	1
1267822206312	0	RECOG_PRES	14	INTESTINE	742	-999	P	1039
1267822207720	0	RECOG_CR_PRES	14	INTESTINE	742	-999	P	279
1267822208312	1	RECOG_FEEDBACK	1
1267822209087	0	RECOG_PRES	14	GENTLEMAN	631	-999	P	984
1267822210445	0	RECOG_CR_PRES	14	GENTLEMAN	631	-999	P	250
1267822211004	1	RECOG_FEEDBACK	1
1267822211753	0	RECOG_PRES	14	CATCHER	258	-999	P	1158
1267822213287	0	RECOG_CR_PRES	14	CATCHER	258	-999	P	272
1267822213870	1	RECOG_FEEDBACK	1
1267822214595	0	RECOG_PRES	14	CRIMINAL	409	-999	P	3212
1267822218178	0	RECOG_CR_PRES	14	CRIMINAL	409	-999	P	221
1267822218761	1	RECOG_FEEDBACK	1
1267822219469	0	RECOG_PRES	14	PHILOSOPHER	1054	-999	P	1170
1267822221004	0	RECOG_CR_PRES	14	PHILOSOPHER	1054	-999	P	243
1267822221578	1	RECOG_FEEDBACK	1
1267822222378	0	RECOG_PRES	14	TRIGGER	1507	-999	P	4141
1267822226894	0	RECOG_CR_PRES	14	TRIGGER	1507	-999	P	289
1267822227569	1	RECOG_FEEDBACK	0
1267822228310	0	RECOG_PRES	14	LIST	830	-999	P	1001
1267822229685	0	RECOG_CR_PRES	14	LIST	830	-999	P	202
1267822230194	1	RECOG_FEEDBACK	1
1267822230960	0	RECOG_PRES	14	STEWARDESS	1381	-999	P	1007
1267822232335	0	RECOG_CR_PRES	14	STEWARDESS	1381	-999	P	232
1267822232877	1	RECOG_FEEDBACK	1
1267822233668	0	RECOG_PRES	14	TECHNICIAN	1443	-999	P	747
1267822234785	0	RECOG_CR_PRES	14	TECHNICIAN	1443	-999	P	223
1267822235327	1	RECOG_FEEDBACK	1
1267822236052	0	RECOG_PRES	14	EMERALD	528	-999	P	1115
1267822237543	0	RECOG_CR_PRES	14	EMERALD	528	-999	P	224
1267822238127	1	RECOG_FEEDBACK	1
1267822238868	0	RECOG_PRES	14	PARROT	1015	-999	P	1259
1267822240501	0	RECOG_CR_PRES	14	PARROT	1015	-999	P	218
1267822241043	1	RECOG_FEEDBACK	0
1267822241810	0	RECOG_PRES	14	ISLAND	745	-999	P	941
1267822243126	0	RECOG_CR_PRES	14	ISLAND	745	-999	P	241
1267822243701	1	RECOG_FEEDBACK	1
1267822244484	0	RECOG_PRES	14	NEPHEW	942	-999	P	1499
1267822246359	0	RECOG_CR_PRES	14	NEPHEW	942	-999	P	600
1267822247301	1	RECOG_FEEDBACK	0
1267822248017	0	RECOG_PRES	14	BIBLE	124	-999	P	822
1267822249209	0	RECOG_CR_PRES	14	BIBLE	124	-999	P	326
1267822249817	1	RECOG_FEEDBACK	1
1267822250626	0	RECOG_PRES	14	TABLE	1426	-999	P	1525
1267822252525	0	RECOG_CR_PRES	14	TABLE	1426	-999	P	234
1267822253092	1	RECOG_FEEDBACK	0
1267822253817	0	RECOG_PRES	14	CROOK	412	-999	P	1198
1267822255384	0	RECOG_CR_PRES	14	CROOK	412	-999	P	223
1267822255925	1	RECOG_FEEDBACK	0
1267822256725	0	RECOG_PRES	14	APE	31	-999	P	938
1267822258033	0	RECOG_CR_PRES	14	APE	31	-999	P	382
1267822258725	1	RECOG_FEEDBACK	1
1267822261142	0	REST
1267822262168	1	REC_START
1267822262200	0	RECOG_PRES	15	CONSUMER	365	-999	P	1135
1267822263708	0	RECOG_CR_PRES	15	CONSUMER	365	-999	P	331
1267822264391	1	RECOG_FEEDBACK	0
1267822265125	0	RECOG_PRES	15	CHIPMUNK	304	-999	P	914
1267822266408	0	RECOG_CR_PRES	15	CHIPMUNK	304	-999	P	263
1267822266983	1	RECOG_FEEDBACK	0
1267822267783	0	RECOG_PRES	15	ANGEL	22	-999	P	1160
1267822269316	0	RECOG_CR_PRES	15	ANGEL	22	-999	P	203
1267822269849	1	RECOG_FEEDBACK	1
1267822270616	0	RECOG_PRES	15	ELM	527	-999	P	895
1267822271882	0	RECOG_CR_PRES	15	ELM	527	-999	P	189
1267822272382	1	RECOG_FEEDBACK	1
1267822273091	0	RECOG_PRES	15	STAPLE	1371	-999	P	844
1267822274307	0	RECOG_CR_PRES	15	STAPLE	1371	-999	P	196
1267822274815	1	RECOG_FEEDBACK	1
1267822275565	0	RECOG_PRES	15	BATHTUB	100	-999	P	1282
1267822277215	0	RECOG_CR_PRES	15	BATHTUB	100	-999	P	232
1267822277782	1	RECOG_FEEDBACK	1
1267822278499	0	RECOG_PRES	15	POLYESTER	1100	-999	P	948
1267822279823	0	RECOG_CR_PRES	15	POLYESTER	1100	-999	P	256
1267822280382	1	RECOG_FEEDBACK	1
1267822281173	0	RECOG_PRES	15	FUNERAL	613	-999	P	1450
1267822282998	0	RECOG_CR_PRES	15	FUNERAL	613	-999	P	233
1267822283565	1	RECOG_FEEDBACK	1
1267822284356	0	RECOG_PRES	15	SAP	1233	-999	P	1083
1267822285815	0	RECOG_CR_PRES	15	SAP	1233	-999	P	224
1267822286356	1	RECOG_FEEDBACK	1
1267822287140	0	RECOG_PRES	15	DOVE	491	-999	P	1347
1267822288856	0	RECOG_CR_PRES	15	DOVE	491	-999	P	191
1267822289364	1	RECOG_FEEDBACK	0
1267822290089	0	RECOG_PRES	15	COTTAGE	384	-999	P	990
1267822291448	0	RECOG_CR_PRES	15	COTTAGE	384	-999	P	175
1267822291939	1	RECOG_FEEDBACK	0
1267822292706	0	RECOG_PRES	15	GANGSTER	620	-999	P	3741
1267822296822	0	RECOG_CR_PRES	15	GANGSTER	620	-999	P	377
1267822297722	1	RECOG_FEEDBACK	1
1267822298489	0	RECOG_PRES	15	JUGGLER	763	-999	P	1214
1267822300072	0	RECOG_CR_PRES	15	JUGGLER	763	-999	P	327
1267822300747	1	RECOG_FEEDBACK	1
1267822301489	0	RECOG_PRES	15	FELLOW	558	-999	P	902
1267822302763	0	RECOG_CR_PRES	15	FELLOW	558	-999	P	300
1267822303372	1	RECOG_FEEDBACK	0
1267822304088	0	RECOG_PRES	15	CRATER	400	-999	P	2071
1267822306530	0	RECOG_CR_PRES	15	CRATER	400	-999	P	285
1267822307171	1	RECOG_FEEDBACK	0
1267822307888	0	RECOG_PRES	15	LAGOON	795	-999	P	1023
1267822309280	0	RECOG_CR_PRES	15	LAGOON	795	-999	P	287
1267822309913	1	RECOG_FEEDBACK	1
1267822310721	0	RECOG_PRES	15	SOFTBALL	1343	-999	P	1190
1267822312279	0	RECOG_CR_PRES	15	SOFTBALL	1343	-999	P	328
1267822312938	1	RECOG_FEEDBACK	0
1267822313679	0	RECOG_PRES	15	CARNIVAL	245	-999	P	3216
1267822317262	0	RECOG_CR_PRES	15	CARNIVAL	245	-999	P	209
1267822317821	1	RECOG_FEEDBACK	1
1267822318621	0	RECOG_PRES	15	GAZELLE	628	-999	P	1090
1267822320087	0	RECOG_CR_PRES	15	GAZELLE	628	-999	P	296
1267822320704	1	RECOG_FEEDBACK	1
1267822321479	0	RECOG_PRES	15	LOBSTER	837	-999	P	1296
1267822323145	0	RECOG_CR_PRES	15	LOBSTER	837	-999	P	374
1267822323879	1	RECOG_FEEDBACK	0
1267822324718	0	RECOG_END
1267822325612	0	SESS_END
1267822325650	0	E	Logging Ends
