1272488944417	0	B	Logging Begins
1272488944417	0	SESS_START	20
1272489013324	1	FR_PRES	0	CEILING	265	1	0	1258	(0.57740000000000002, 0.41289999999999999, 1.0)	../fonts/amplitud.ttf	lower
1272489017265	1	FR_PRES	0	ALMOND	18	1	1	1581	(0.57740000000000002, 0.41289999999999999, 1.0)	../fonts/amplitud.ttf	lower
1272489021257	1	FR_PRES	0	ASTEROID	50	1	0	1525	(0.57740000000000002, 0.41289999999999999, 1.0)	../fonts/amplitud.ttf	lower
1272489025199	1	FR_PRES	0	EWE	542	0	0	1719	(0.42259999999999998, 0.58709999999999996, 0)	../fonts/zerothre.ttf	upper
1272489029182	1	FR_PRES	0	GOAT	644	0	0	1672	(0.42259999999999998, 0.58709999999999996, 0)	../fonts/zerothre.ttf	upper
1272489033348	1	FR_PRES	0	BOSS	152	0	1	1675	(0.42259999999999998, 0.58709999999999996, 0)	../fonts/zerothre.ttf	upper
1272489037198	1	FR_PRES	0	OATMEAL	967	0	0	1865	(0.42259999999999998, 0.58709999999999996, 0)	../fonts/zerothre.ttf	upper
1272489041247	1	FR_PRES	0	DESK	452	0	1	1880	(0.42259999999999998, 0.58709999999999996, 0)	../fonts/zerothre.ttf	upper
1272489045238	1	FR_PRES	0	RICE	1190	0	0	1592	(0.42259999999999998, 0.58709999999999996, 0)	../fonts/zerothre.ttf	upper
1272489049305	1	FR_PRES	0	PERISCOPE	1050	1	0	989	(0.57740000000000002, 0.41289999999999999, 1.0)	../fonts/amplitud.ttf	lower
1272489053479	1	FR_PRES	0	TUBE	1516	1	0	1199	(0.57740000000000002, 0.41289999999999999, 1.0)	../fonts/amplitud.ttf	lower
1272489057588	1	FR_PRES	0	TREAD	1499	1	0	1114	(0.57740000000000002, 0.41289999999999999, 1.0)	../fonts/amplitud.ttf	lower
1272489061679	1	FR_PRES	0	CABINET	212	0	0	1919	(0.42259999999999998, 0.58709999999999996, 0)	../fonts/zerothre.ttf	upper
1272489065762	1	FR_PRES	0	PECAN	1036	0	0	1612	(0.42259999999999998, 0.58709999999999996, 0)	../fonts/zerothre.ttf	upper
1272489069895	1	FR_PRES	0	BODY	145	1	1	1647	(0.57740000000000002, 0.41289999999999999, 1.0)	../fonts/amplitud.ttf	lower
1272489073878	1	FR_PRES	0	BIOLOGIST	128	1	1	1145	(0.57740000000000002, 0.41289999999999999, 1.0)	../fonts/amplitud.ttf	lower
1272489079812	1	REC_START
1272489161647	0	REST
1272489163147	1	FR_PRES	1	FIN	566	0	0	1107	(0.42259999999999998, 0.58709999999999996, 0)	../fonts/zerothre.ttf	upper
1272489167304	1	FR_PRES	1	SWAN	1417	0	1	1783	(0.42259999999999998, 0.58709999999999996, 0)	../fonts/zerothre.ttf	upper
1272489171139	1	FR_PRES	1	SEAGULL	1261	0	1	1451	(0.42259999999999998, 0.58709999999999996, 0)	../fonts/zerothre.ttf	upper
1272489175254	1	FR_PRES	1	RIVER	1194	0	1	1744	(0.42259999999999998, 0.58709999999999996, 0)	../fonts/zerothre.ttf	upper
1272489179262	1	FR_PRES	1	CUSHION	428	0	1	1408	(0.42259999999999998, 0.58709999999999996, 0)	../fonts/zerothre.ttf	upper
1272489183412	1	FR_PRES	1	GODDESS	646	1	1	1098	(0.57740000000000002, 0.41289999999999999, 1.0)	../fonts/amplitud.ttf	lower
1272489187386	1	FR_PRES	1	SEAT	1264	1	0	1300	(0.57740000000000002, 0.41289999999999999, 1.0)	../fonts/amplitud.ttf	lower
1272489191553	1	FR_PRES	1	POTATO	1115	1	1	1165	(0.57740000000000002, 0.41289999999999999, 1.0)	../fonts/amplitud.ttf	lower
1272489195552	1	FR_PRES	1	SQUID	1361	0	0	1567	(0.42259999999999998, 0.58709999999999996, 0)	../fonts/zerothre.ttf	upper
1272489199385	1	FR_PRES	1	BELT	120	0	1	1549	(0.42259999999999998, 0.58709999999999996, 0)	../fonts/zerothre.ttf	upper
1272489203427	1	FR_PRES	1	SINK	1309	0	1	1867	(0.42259999999999998, 0.58709999999999996, 0)	../fonts/zerothre.ttf	upper
1272489207360	1	FR_PRES	1	ANT	25	1	1	1374	(0.57740000000000002, 0.41289999999999999, 1.0)	../fonts/amplitud.ttf	lower
1272489211360	1	FR_PRES	1	PALM	1007	1	0	1366	(0.57740000000000002, 0.41289999999999999, 1.0)	../fonts/amplitud.ttf	lower
1272489215568	1	FR_PRES	1	FRUIT	610	1	1	1222	(0.57740000000000002, 0.41289999999999999, 1.0)	../fonts/amplitud.ttf	lower
1272489219692	1	FR_PRES	1	BLUEBERRY	140	1	1	922	(0.57740000000000002, 0.41289999999999999, 1.0)	../fonts/amplitud.ttf	lower
1272489223867	1	FR_PRES	1	GENTLEMAN	631	1	1	859	(0.57740000000000002, 0.41289999999999999, 1.0)	../fonts/amplitud.ttf	lower
1272489229734	1	REC_START
1272489309087	0	REST
1272489310594	1	FR_PRES	2	SLIME	1327	1	1	1316	(0.57740000000000002, 0.41289999999999999, 1.0)	../fonts/amplitud.ttf	lower
1272489314744	1	FR_PRES	2	ZUCCHINI	1638	1	1	718	(0.57740000000000002, 0.41289999999999999, 1.0)	../fonts/amplitud.ttf	lower
1272489318918	1	FR_PRES	2	JAW	751	1	0	1328	(0.57740000000000002, 0.41289999999999999, 1.0)	../fonts/amplitud.ttf	lower
1272489322785	1	FR_PRES	2	CHEEK	287	1	0	1733	(0.57740000000000002, 0.41289999999999999, 1.0)	../fonts/amplitud.ttf	lower
1272489326843	1	FR_PRES	2	SWATTER	1418	1	0	1459	(0.57740000000000002, 0.41289999999999999, 1.0)	../fonts/amplitud.ttf	lower
1272489330709	1	FR_PRES	2	PROTON	1132	1	0	1969	(0.57740000000000002, 0.41289999999999999, 1.0)	../fonts/amplitud.ttf	lower
1272489334792	1	FR_PRES	2	TROUT	1511	1	1	1399	(0.57740000000000002, 0.41289999999999999, 1.0)	../fonts/amplitud.ttf	lower
1272489338842	1	FR_PRES	2	COOK	372	1	0	1884	(0.57740000000000002, 0.41289999999999999, 1.0)	../fonts/amplitud.ttf	lower
1272489342950	1	FR_PRES	2	PLATE	1086	1	0	1688	(0.57740000000000002, 0.41289999999999999, 1.0)	../fonts/amplitud.ttf	lower
1272489346975	1	FR_PRES	2	THICKET	1455	1	0	1136	(0.57740000000000002, 0.41289999999999999, 1.0)	../fonts/amplitud.ttf	lower
1272489351167	1	FR_PRES	2	ATLAS	53	1	0	1279	(0.57740000000000002, 0.41289999999999999, 1.0)	../fonts/amplitud.ttf	lower
1272489355341	1	FR_PRES	2	PONY	1102	1	1	1433	(0.57740000000000002, 0.41289999999999999, 1.0)	../fonts/amplitud.ttf	lower
1272489359440	1	FR_PRES	2	GATE	625	1	0	846	(0.57740000000000002, 0.41289999999999999, 1.0)	../fonts/amplitud.ttf	lower
1272489363532	1	FR_PRES	2	TOAST	1471	1	0	1162	(0.57740000000000002, 0.41289999999999999, 1.0)	../fonts/amplitud.ttf	lower
1272489367706	1	FR_PRES	2	CRAB	397	1	1	1164	(0.57740000000000002, 0.41289999999999999, 1.0)	../fonts/amplitud.ttf	lower
1272489371598	1	FR_PRES	2	SADDLE	1221	1	0	1216	(0.57740000000000002, 0.41289999999999999, 1.0)	../fonts/amplitud.ttf	lower
1272489377448	1	REC_START
1272489423302	0	REJECT
1272489424358	0	REJECT
1272489427055	0	REJECT
1272489447726	0	REJECT
1272489448382	0	REJECT
1272489461658	0	REST
1272489463159	1	FR_PRES	3	HORSE	719	0	1	1056	(0.42259999999999998, 0.58709999999999996, 0)	../fonts/zerothre.ttf	upper
1272489467217	1	FR_PRES	3	MITTEN	902	0	0	1381	(0.42259999999999998, 0.58709999999999996, 0)	../fonts/zerothre.ttf	upper
1272489471158	1	FR_PRES	3	FARMER	553	0	1	1776	(0.42259999999999998, 0.58709999999999996, 0)	../fonts/zerothre.ttf	upper
1272489475324	1	FR_PRES	3	CHEF	290	1	1	1618	(0.57740000000000002, 0.41289999999999999, 1.0)	../fonts/amplitud.ttf	lower
1272489479465	1	FR_PRES	3	PEAR	1033	1	1	1157	(0.57740000000000002, 0.41289999999999999, 1.0)	../fonts/amplitud.ttf	lower
1272489483540	1	FR_PRES	3	INVENTOR	743	0	1	1450	(0.42259999999999998, 0.58709999999999996, 0)	../fonts/zerothre.ttf	upper
1272489487673	1	FR_PRES	3	BUTTER	205	0	0	1661	(0.42259999999999998, 0.58709999999999996, 0)	../fonts/zerothre.ttf	upper
1272489491497	1	FR_PRES	3	JET	756	0	1	2317	(0.42259999999999998, 0.58709999999999996, 0)	../fonts/zerothre.ttf	upper
1272489495497	1	FR_PRES	3	AIRPORT	13	1	0	2237	(0.57740000000000002, 0.41289999999999999, 1.0)	../fonts/amplitud.ttf	lower
1272489499372	1	FR_PRES	3	ANTELOPE	27	1	1	1731	(0.57740000000000002, 0.41289999999999999, 1.0)	../fonts/amplitud.ttf	lower
1272489503563	1	FR_PRES	3	OATS	968	1	0	1596	(0.57740000000000002, 0.41289999999999999, 1.0)	../fonts/amplitud.ttf	lower
1272489507688	1	FR_PRES	3	MUG	930	1	0	1678	(0.57740000000000002, 0.41289999999999999, 1.0)	../fonts/amplitud.ttf	lower
1272489511637	1	FR_PRES	3	IGLOO	734	1	0	1057	(0.57740000000000002, 0.41289999999999999, 1.0)	../fonts/amplitud.ttf	lower
1272489515762	1	FR_PRES	3	TOMB	1477	1	0	1253	(0.57740000000000002, 0.41289999999999999, 1.0)	../fonts/amplitud.ttf	lower
1272489519837	1	FR_PRES	3	TRIANGLE	1504	0	2	1513	(0.42259999999999998, 0.58709999999999996, 0)	../fonts/zerothre.ttf	upper
1272489521378	1	KEY_MSG
1272489523953	1	FR_PRES	3	PUB	1135	0	0	781	(0.42259999999999998, 0.58709999999999996, 0)	../fonts/zerothre.ttf	upper
1272489529729	1	REC_START
1272489649769	0	REST
1272489651277	1	FR_PRES	4	BISCUIT	130	0	1	1153	(0.42259999999999998, 0.58709999999999996, 0)	../fonts/zerothre.ttf	upper
1272489655103	1	FR_PRES	4	WARDROBE	1587	0	1	1976	(0.42259999999999998, 0.58709999999999996, 0)	../fonts/zerothre.ttf	upper
1272489659169	1	FR_PRES	4	SHED	1277	0	0	741	(0.42259999999999998, 0.58709999999999996, 0)	../fonts/zerothre.ttf	upper
1272489663136	1	FR_PRES	4	CAT	257	0	0	2382	(0.42259999999999998, 0.58709999999999996, 0)	../fonts/zerothre.ttf	upper
1272489667259	1	FR_PRES	4	BAG	69	0	0	1780	(0.42259999999999998, 0.58709999999999996, 0)	../fonts/zerothre.ttf	upper
1272489671202	1	FR_PRES	4	SMOG	1330	0	1	1821	(0.42259999999999998, 0.58709999999999996, 0)	../fonts/zerothre.ttf	upper
1272489675218	1	FR_PRES	4	WINDSHIELD	1612	0	1	1925	(0.42259999999999998, 0.58709999999999996, 0)	../fonts/zerothre.ttf	upper
1272489679118	1	FR_PRES	4	DOLLAR	482	0	1	2392	(0.42259999999999998, 0.58709999999999996, 0)	../fonts/zerothre.ttf	upper
1272489683168	1	FR_PRES	4	BUSH	202	0	1	1638	(0.42259999999999998, 0.58709999999999996, 0)	../fonts/zerothre.ttf	upper
1272489687316	1	FR_PRES	4	MARKER	870	0	1	2362	(0.42259999999999998, 0.58709999999999996, 0)	../fonts/zerothre.ttf	upper
1272489691458	1	FR_PRES	4	PENCIL	1042	0	0	1124	(0.42259999999999998, 0.58709999999999996, 0)	../fonts/zerothre.ttf	upper
1272489695641	1	FR_PRES	4	TOWEL	1489	0	1	1454	(0.42259999999999998, 0.58709999999999996, 0)	../fonts/zerothre.ttf	upper
1272489699715	1	FR_PRES	4	LIMOUSINE	824	0	1	1667	(0.42259999999999998, 0.58709999999999996, 0)	../fonts/zerothre.ttf	upper
1272489703723	1	FR_PRES	4	SUBWAY	1400	0	1	1027	(0.42259999999999998, 0.58709999999999996, 0)	../fonts/zerothre.ttf	upper
1272489707723	1	FR_PRES	4	TURKEY	1520	0	1	1436	(0.42259999999999998, 0.58709999999999996, 0)	../fonts/zerothre.ttf	upper
1272489711631	1	FR_PRES	4	PRESIDENT	1121	0	1	895	(0.42259999999999998, 0.58709999999999996, 0)	../fonts/zerothre.ttf	upper
1272489717423	1	REC_START
1272489742183	0	REJECT
1272489810732	0	REST
1272489812240	1	FR_PRES	5	JUGGLER	763	1	1	1110	(0.57740000000000002, 0.41289999999999999, 1.0)	../fonts/amplitud.ttf	lower
1272489816415	1	FR_PRES	5	DRYER	503	1	0	1519	(0.57740000000000002, 0.41289999999999999, 1.0)	../fonts/amplitud.ttf	lower
1272489820356	1	FR_PRES	5	POLYESTER	1100	0	0	1675	(0.42259999999999998, 0.58709999999999996, 0)	../fonts/zerothre.ttf	upper
1272489824423	1	FR_PRES	5	CHISEL	305	0	0	2247	(0.42259999999999998, 0.58709999999999996, 0)	../fonts/zerothre.ttf	upper
1272489828331	1	FR_PRES	5	LAWYER	806	0	1	1283	(0.42259999999999998, 0.58709999999999996, 0)	../fonts/zerothre.ttf	upper
1272489832182	1	FR_PRES	5	GIRL	637	0	1	1656	(0.42259999999999998, 0.58709999999999996, 0)	../fonts/zerothre.ttf	upper
1272489836015	1	FR_PRES	5	FATHER	554	1	1	1591	(0.57740000000000002, 0.41289999999999999, 1.0)	../fonts/amplitud.ttf	lower
1272489839938	1	FR_PRES	5	SNACK	1331	1	0	1476	(0.57740000000000002, 0.41289999999999999, 1.0)	../fonts/amplitud.ttf	lower
1272489843763	1	FR_PRES	5	BUG	187	1	1	1420	(0.57740000000000002, 0.41289999999999999, 1.0)	../fonts/amplitud.ttf	lower
1272489847755	1	FR_PRES	5	BEETLE	116	0	0	1452	(0.42259999999999998, 0.58709999999999996, 0)	../fonts/zerothre.ttf	upper
1272489851946	1	FR_PRES	5	CAFE	216	0	1	2052	(0.42259999999999998, 0.58709999999999996, 0)	../fonts/zerothre.ttf	upper
1272489855796	1	FR_PRES	5	DOLL	481	0	0	2227	(0.42259999999999998, 0.58709999999999996, 0)	../fonts/zerothre.ttf	upper
1272489859912	1	FR_PRES	5	SHELTER	1282	0	1	1846	(0.42259999999999998, 0.58709999999999996, 0)	../fonts/zerothre.ttf	upper
1272489863987	1	FR_PRES	5	UNDERWEAR	1537	1	0	1100	(0.57740000000000002, 0.41289999999999999, 1.0)	../fonts/amplitud.ttf	lower
1272489868171	1	FR_PRES	5	ACTOR	5	1	1	916	(0.57740000000000002, 0.41289999999999999, 1.0)	../fonts/amplitud.ttf	lower
1272489872303	1	FR_PRES	5	BAKER	71	1	1	904	(0.57740000000000002, 0.41289999999999999, 1.0)	../fonts/amplitud.ttf	lower
1272489877961	1	REC_START
1272489974654	0	REST
1272489976163	1	FR_PRES	6	TRANSPLANT	1496	0	1	1379	(0.42259999999999998, 0.58709999999999996, 0)	../fonts/zerothre.ttf	upper
1272489980021	1	FR_PRES	6	HEART	697	0	1	1505	(0.42259999999999998, 0.58709999999999996, 0)	../fonts/zerothre.ttf	upper
1272489984004	1	FR_PRES	6	PERSONNEL	1053	0	1	1402	(0.42259999999999998, 0.58709999999999996, 0)	../fonts/zerothre.ttf	upper
1272489988020	1	FR_PRES	6	HEEL	700	0	0	2107	(0.42259999999999998, 0.58709999999999996, 0)	../fonts/zerothre.ttf	upper
1272489992112	1	FR_PRES	6	CONSOLE	364	0	0	1654	(0.42259999999999998, 0.58709999999999996, 0)	../fonts/zerothre.ttf	upper
1272489996153	1	FR_PRES	6	WATERFALL	1595	0	1	1837	(0.42259999999999998, 0.58709999999999996, 0)	../fonts/zerothre.ttf	upper
1272490000343	1	FR_PRES	6	BABY	64	0	1	2407	(0.42259999999999998, 0.58709999999999996, 0)	../fonts/zerothre.ttf	upper
1272490004385	1	FR_PRES	6	AMBULANCE	19	0	1	2493	(0.42259999999999998, 0.58709999999999996, 0)	../fonts/zerothre.ttf	upper
1272490008576	1	FR_PRES	6	SCOTCH	1251	0	1	2046	(0.42259999999999998, 0.58709999999999996, 0)	../fonts/zerothre.ttf	upper
1272490012542	1	FR_PRES	6	MEAL	882	0	1	1521	(0.42259999999999998, 0.58709999999999996, 0)	../fonts/zerothre.ttf	upper
1272490016459	1	FR_PRES	6	KNAPSACK	783	0	1	2219	(0.42259999999999998, 0.58709999999999996, 0)	../fonts/zerothre.ttf	upper
1272490020308	1	FR_PRES	6	PUMP	1141	0	1	2771	(0.42259999999999998, 0.58709999999999996, 0)	../fonts/zerothre.ttf	upper
1272490024408	1	FR_PRES	6	JUG	762	0	0	1550	(0.42259999999999998, 0.58709999999999996, 0)	../fonts/zerothre.ttf	upper
1272490028458	1	FR_PRES	6	SOCK	1339	0	0	1645	(0.42259999999999998, 0.58709999999999996, 0)	../fonts/zerothre.ttf	upper
1272490032366	1	FR_PRES	6	RECEPTIONIST	1174	0	1	1080	(0.42259999999999998, 0.58709999999999996, 0)	../fonts/zerothre.ttf	upper
1272490036474	1	FR_PRES	6	DIAL	457	0	0	780	(0.42259999999999998, 0.58709999999999996, 0)	../fonts/zerothre.ttf	upper
1272490042175	1	REC_START
1272490131650	0	REST
1272490133151	1	FR_PRES	7	PRUNE	1134	0	1	1239	(0.42259999999999998, 0.58709999999999996, 0)	../fonts/zerothre.ttf	upper
1272490137151	1	FR_PRES	7	RASPBERRY	1168	0	1	1984	(0.42259999999999998, 0.58709999999999996, 0)	../fonts/zerothre.ttf	upper
1272490141051	1	FR_PRES	7	DICTATOR	462	0	1	1787	(0.42259999999999998, 0.58709999999999996, 0)	../fonts/zerothre.ttf	upper
1272490145084	1	FR_PRES	7	BADGE	68	0	1	1602	(0.42259999999999998, 0.58709999999999996, 0)	../fonts/zerothre.ttf	upper
1272490149117	1	FR_PRES	7	BARRACUDA	90	0	0	1401	(0.42259999999999998, 0.58709999999999996, 0)	../fonts/zerothre.ttf	upper
1272490153150	1	FR_PRES	7	FOOT	590	0	0	1696	(0.42259999999999998, 0.58709999999999996, 0)	../fonts/zerothre.ttf	upper
1272490157191	1	FR_PRES	7	DUMP	505	0	0	2151	(0.42259999999999998, 0.58709999999999996, 0)	../fonts/zerothre.ttf	upper
1272490161174	1	FR_PRES	7	SHEPHERD	1283	0	0	2344	(0.42259999999999998, 0.58709999999999996, 0)	../fonts/zerothre.ttf	upper
1272490165140	1	FR_PRES	7	TAIL	1430	0	0	1730	(0.42259999999999998, 0.58709999999999996, 0)	../fonts/zerothre.ttf	upper
1272490169049	1	FR_PRES	7	HUT	729	0	1	1517	(0.42259999999999998, 0.58709999999999996, 0)	../fonts/zerothre.ttf	upper
1272490172939	1	FR_PRES	7	DRESS	495	0	1	1571	(0.42259999999999998, 0.58709999999999996, 0)	../fonts/zerothre.ttf	upper
1272490176914	1	FR_PRES	7	LIMB	822	0	1	1852	(0.42259999999999998, 0.58709999999999996, 0)	../fonts/zerothre.ttf	upper
1272490181089	1	FR_PRES	7	STUMP	1396	0	0	1469	(0.42259999999999998, 0.58709999999999996, 0)	../fonts/zerothre.ttf	upper
1272490185147	1	FR_PRES	7	WHALE	1601	0	1	1403	(0.42259999999999998, 0.58709999999999996, 0)	../fonts/zerothre.ttf	upper
1272490189172	1	FR_PRES	7	EMPEROR	529	0	1	1242	(0.42259999999999998, 0.58709999999999996, 0)	../fonts/zerothre.ttf	upper
1272490193055	1	FR_PRES	7	PAW	1029	0	1	775	(0.42259999999999998, 0.58709999999999996, 0)	../fonts/zerothre.ttf	upper
1272490198879	1	REC_START
1272490291830	0	REST
1272490293338	1	FR_PRES	8	DANDELION	438	1	1	1076	(0.57740000000000002, 0.41289999999999999, 1.0)	../fonts/amplitud.ttf	lower
1272490297538	1	FR_PRES	8	CACTUS	215	1	1	1356	(0.57740000000000002, 0.41289999999999999, 1.0)	../fonts/amplitud.ttf	lower
1272490301596	1	FR_PRES	8	SOLDIER	1344	1	1	1866	(0.57740000000000002, 0.41289999999999999, 1.0)	../fonts/amplitud.ttf	lower
1272490305446	1	FR_PRES	8	THIGH	1457	1	1	1928	(0.57740000000000002, 0.41289999999999999, 1.0)	../fonts/amplitud.ttf	lower
1272490309620	1	FR_PRES	8	BALCONY	72	1	0	1786	(0.57740000000000002, 0.41289999999999999, 1.0)	../fonts/amplitud.ttf	lower
1272490313445	1	FR_PRES	8	SALAD	1224	1	0	1249	(0.57740000000000002, 0.41289999999999999, 1.0)	../fonts/amplitud.ttf	lower
1272490317320	1	FR_PRES	8	MONUMENT	913	1	0	1887	(0.57740000000000002, 0.41289999999999999, 1.0)	../fonts/amplitud.ttf	lower
1272490321503	1	FR_PRES	8	JAPAN	749	1	0	1439	(0.57740000000000002, 0.41289999999999999, 1.0)	../fonts/amplitud.ttf	lower
1272490325636	1	FR_PRES	8	MAJOR	859	1	1	1499	(0.57740000000000002, 0.41289999999999999, 1.0)	../fonts/amplitud.ttf	lower
1272490329752	1	FR_PRES	8	LETTUCE	814	1	1	1598	(0.57740000000000002, 0.41289999999999999, 1.0)	../fonts/amplitud.ttf	lower
1272490333777	1	FR_PRES	8	LOBBY	836	1	0	2077	(0.57740000000000002, 0.41289999999999999, 1.0)	../fonts/amplitud.ttf	lower
1272490337877	1	FR_PRES	8	PADDING	999	1	0	2369	(0.57740000000000002, 0.41289999999999999, 1.0)	../fonts/amplitud.ttf	lower
1272490342061	1	FR_PRES	8	LABEL	790	1	0	1769	(0.57740000000000002, 0.41289999999999999, 1.0)	../fonts/amplitud.ttf	lower
1272490346035	1	FR_PRES	8	ROBBER	1197	1	1	1275	(0.57740000000000002, 0.41289999999999999, 1.0)	../fonts/amplitud.ttf	lower
1272490349892	1	FR_PRES	8	LOG	841	1	0	1098	(0.57740000000000002, 0.41289999999999999, 1.0)	../fonts/amplitud.ttf	lower
1272490354052	1	FR_PRES	8	FIREPLACE	570	1	0	1099	(0.57740000000000002, 0.41289999999999999, 1.0)	../fonts/amplitud.ttf	lower
1272490359851	1	REC_START
1272490376103	0	REJECT
1272490458376	0	REST
1272490459884	1	FR_PRES	9	BEAST	108	-1	-1	-1272490459884	white	../fonts/Verdana.ttf	upper
1272490463942	1	FR_PRES	9	PITCHFORK	1078	-1	-1	-1272490463942	white	../fonts/Verdana.ttf	upper
1272490468060	1	FR_PRES	9	PUPIL	1143	-1	-1	-1272490468060	white	../fonts/Verdana.ttf	upper
1272490472267	1	FR_PRES	9	STOCKING	1383	-1	-1	-1272490472267	white	../fonts/Verdana.ttf	upper
1272490476325	1	FR_PRES	9	SENATOR	1268	-1	-1	-1272490476325	white	../fonts/Verdana.ttf	upper
1272490480374	1	FR_PRES	9	BLUEPRINT	142	-1	-1	-1272490480374	white	../fonts/Verdana.ttf	upper
1272490484433	1	FR_PRES	9	CLOWN	330	-1	-1	-1272490484433	white	../fonts/Verdana.ttf	upper
1272490488299	1	FR_PRES	9	CARTON	251	-1	-1	-1272490488299	white	../fonts/Verdana.ttf	upper
1272490492274	1	FR_PRES	9	BOX	159	-1	-1	-1272490492274	white	../fonts/Verdana.ttf	upper
1272490496257	1	FR_PRES	9	FOOTBALL	591	-1	-1	-1272490496257	white	../fonts/Verdana.ttf	upper
1272490500174	1	FR_PRES	9	ARENA	37	-1	-1	-1272490500174	white	../fonts/Verdana.ttf	upper
1272490504165	1	FR_PRES	9	CONE	363	-1	-1	-1272490504165	white	../fonts/Verdana.ttf	upper
1272490508182	1	FR_PRES	9	VIDEO	1564	-1	-1	-1272490508182	white	../fonts/Verdana.ttf	upper
1272490512057	1	FR_PRES	9	ORNAMENT	985	-1	-1	-1272490512057	white	../fonts/Verdana.ttf	upper
1272490516065	1	FR_PRES	9	BANDANNA	80	-1	-1	-1272490516065	white	../fonts/Verdana.ttf	upper
1272490520272	1	FR_PRES	9	POLITICIAN	1099	-1	-1	-1272490520272	white	../fonts/Verdana.ttf	upper
1272490526040	1	REC_START
1272490613998	0	REST
1272490615506	1	FR_PRES	10	BUTTON	207	0	1	1268	(0.42259999999999998, 0.58709999999999996, 0)	../fonts/zerothre.ttf	upper
1272490619606	1	FR_PRES	10	CANVAS	234	0	1	1664	(0.42259999999999998, 0.58709999999999996, 0)	../fonts/zerothre.ttf	upper
1272490623439	1	FR_PRES	10	MUSEUM	933	0	1	2335	(0.42259999999999998, 0.58709999999999996, 0)	../fonts/zerothre.ttf	upper
1272490627639	1	FR_PRES	10	MAID	856	1	1	1287	(0.57740000000000002, 0.41289999999999999, 1.0)	../fonts/amplitud.ttf	lower
1272490631588	1	FR_PRES	10	RANCH	1166	1	0	1346	(0.57740000000000002, 0.41289999999999999, 1.0)	../fonts/amplitud.ttf	lower
1272490635746	1	FR_PRES	10	UNICORN	1538	1	1	1373	(0.57740000000000002, 0.41289999999999999, 1.0)	../fonts/amplitud.ttf	lower
1272490639913	1	FR_PRES	10	SWEATER	1419	1	0	1701	(0.57740000000000002, 0.41289999999999999, 1.0)	../fonts/amplitud.ttf	lower
1272490644047	1	FR_PRES	10	RULER	1216	1	0	2463	(0.57740000000000002, 0.41289999999999999, 1.0)	../fonts/amplitud.ttf	lower
1272490647870	1	FR_PRES	10	LACE	792	1	0	2120	(0.57740000000000002, 0.41289999999999999, 1.0)	../fonts/amplitud.ttf	lower
1272490651795	1	FR_PRES	10	FILM	565	0	0	2428	(0.42259999999999998, 0.58709999999999996, 0)	../fonts/zerothre.ttf	upper
1272490655878	1	FR_PRES	10	WASHCLOTH	1591	0	0	2281	(0.42259999999999998, 0.58709999999999996, 0)	../fonts/zerothre.ttf	upper
1272490659820	1	FR_PRES	10	PLUTO	1092	0	1	1738	(0.42259999999999998, 0.58709999999999996, 0)	../fonts/zerothre.ttf	upper
1272490663953	1	FR_PRES	10	ACTRESS	6	0	1	2013	(0.42259999999999998, 0.58709999999999996, 0)	../fonts/zerothre.ttf	upper
1272490667911	1	FR_PRES	10	INTESTINE	742	0	1	1647	(0.42259999999999998, 0.58709999999999996, 0)	../fonts/zerothre.ttf	upper
1272490672053	1	FR_PRES	10	HUMAN	726	1	1	1489	(0.57740000000000002, 0.41289999999999999, 1.0)	../fonts/amplitud.ttf	lower
1272490676219	1	FR_PRES	10	JUPITER	765	1	0	1267	(0.57740000000000002, 0.41289999999999999, 1.0)	../fonts/amplitud.ttf	lower
1272490682011	1	REC_START
1272490703007	0	REJECT
1272490704207	0	REJECT
1272490705470	0	REJECT
1272490709718	0	REJECT
1272490710606	0	REJECT
1272490711438	0	REJECT
1272490775486	0	REST
1272490776994	1	FR_PRES	11	STAIRS	1367	-1	-1	-1272490776994	white	../fonts/Verdana.ttf	upper
1272490780961	1	FR_PRES	11	ROBE	1198	-1	-1	-1272490780961	white	../fonts/Verdana.ttf	upper
1272490784835	1	FR_PRES	11	CARPENTER	246	-1	-1	-1272490784835	white	../fonts/Verdana.ttf	upper
1272490788769	1	FR_PRES	11	TOOL	1480	-1	-1	-1272490788769	white	../fonts/Verdana.ttf	upper
1272490792976	1	FR_PRES	11	ZOO	1637	-1	-1	-1272490792976	white	../fonts/Verdana.ttf	upper
1272490797027	1	FR_PRES	11	RAILROAD	1162	-1	-1	-1272490797027	white	../fonts/Verdana.ttf	upper
1272490800884	1	FR_PRES	11	PAINTER	1004	-1	-1	-1272490800884	white	../fonts/Verdana.ttf	upper
1272490804892	1	FR_PRES	11	POLICE	1098	-1	-1	-1272490804892	white	../fonts/Verdana.ttf	upper
1272490808984	1	FR_PRES	11	GUARD	667	-1	-1	-1272490808984	white	../fonts/Verdana.ttf	upper
1272490812992	1	FR_PRES	11	GUN	673	-1	-1	-1272490812992	white	../fonts/Verdana.ttf	upper
1272490817101	1	FR_PRES	11	CABOOSE	214	-1	-1	-1272490817101	white	../fonts/Verdana.ttf	upper
1272490821299	1	FR_PRES	11	BULLY	196	-1	-1	-1272490821299	white	../fonts/Verdana.ttf	upper
1272490825142	1	FR_PRES	11	CHIMPANZEE	302	-1	-1	-1272490825142	white	../fonts/Verdana.ttf	upper
1272490829025	1	FR_PRES	11	VICTIM	1562	-1	-1	-1272490829025	white	../fonts/Verdana.ttf	upper
1272490833158	1	FR_PRES	11	SEA	1259	-1	-1	-1272490833158	white	../fonts/Verdana.ttf	upper
1272490837273	1	FR_PRES	11	ANCHOR	21	-1	-1	-1272490837273	white	../fonts/Verdana.ttf	upper
1272490843050	1	REC_START
1272490897910	0	REJECT
1272490899007	0	REJECT
1272490901047	0	REJECT
1272490902023	0	REJECT
1272490918634	1	REST_REWET
1272491154101	0	REST
1272491155608	1	FR_PRES	12	ELBOW	520	-1	-1	-1272491155608	white	../fonts/Verdana.ttf	upper
1272491159674	1	FR_PRES	12	DRAWING	494	-1	-1	-1272491159674	white	../fonts/Verdana.ttf	upper
1272491163841	1	FR_PRES	12	BUILDING	191	-1	-1	-1272491163841	white	../fonts/Verdana.ttf	upper
1272491167874	1	FR_PRES	12	DICE	461	-1	-1	-1272491167874	white	../fonts/Verdana.ttf	upper
1272491171899	1	FR_PRES	12	FACE	547	-1	-1	-1272491171899	white	../fonts/Verdana.ttf	upper
1272491176016	1	FR_PRES	12	LEAF	808	-1	-1	-1272491176016	white	../fonts/Verdana.ttf	upper
1272491179898	1	FR_PRES	12	CELERY	266	-1	-1	-1272491179898	white	../fonts/Verdana.ttf	upper
1272491183914	1	FR_PRES	12	MASCARA	875	-1	-1	-1272491183914	white	../fonts/Verdana.ttf	upper
1272491188115	1	FR_PRES	12	QUARTER	1148	-1	-1	-1272491188115	white	../fonts/Verdana.ttf	upper
1272491192006	1	FR_PRES	12	CHESS	294	-1	-1	-1272491192006	white	../fonts/Verdana.ttf	upper
1272491195863	1	FR_PRES	12	TOWER	1490	-1	-1	-1272491195863	white	../fonts/Verdana.ttf	upper
1272491199922	1	FR_PRES	12	ARCHITECT	36	-1	-1	-1272491199922	white	../fonts/Verdana.ttf	upper
1272491204089	1	FR_PRES	12	HAND	683	-1	-1	-1272491204089	white	../fonts/Verdana.ttf	upper
1272491208271	1	FR_PRES	12	LOFT	840	-1	-1	-1272491208271	white	../fonts/Verdana.ttf	upper
1272491212088	1	FR_PRES	12	PICNIC	1060	-1	-1	-1272491212088	white	../fonts/Verdana.ttf	upper
1272491216013	1	FR_PRES	12	CAFETERIA	217	-1	-1	-1272491216013	white	../fonts/Verdana.ttf	upper
1272491221712	1	REC_START
1272491305497	0	REST
1272491307006	1	FR_PRES	13	HERB	704	-1	-1	-1272491307006	white	../fonts/Verdana.ttf	upper
1272491310963	1	FR_PRES	13	APPLE	33	-1	-1	-1272491310963	white	../fonts/Verdana.ttf	upper
1272491315139	1	FR_PRES	13	COLESLAW	344	-1	-1	-1272491315139	white	../fonts/Verdana.ttf	upper
1272491319279	1	FR_PRES	13	LODGE	839	-1	-1	-1272491319279	white	../fonts/Verdana.ttf	upper
1272491323138	1	FR_PRES	13	STREAM	1392	-1	-1	-1272491323138	white	../fonts/Verdana.ttf	upper
1272491327030	1	FR_PRES	13	TYPIST	1532	-1	-1	-1272491327030	white	../fonts/Verdana.ttf	upper
1272491330870	1	FR_PRES	13	GUEST	669	-1	-1	-1272491330870	white	../fonts/Verdana.ttf	upper
1272491334962	1	FR_PRES	13	BRIDGE	174	-1	-1	-1272491334962	white	../fonts/Verdana.ttf	upper
1272491339012	1	FR_PRES	13	LIVER	833	-1	-1	-1272491339012	white	../fonts/Verdana.ttf	upper
1272491342936	1	FR_PRES	13	CHICKEN	297	-1	-1	-1272491342936	white	../fonts/Verdana.ttf	upper
1272491346761	1	FR_PRES	13	BASKET	95	-1	-1	-1272491346761	white	../fonts/Verdana.ttf	upper
1272491350794	1	FR_PRES	13	CHAIR	274	-1	-1	-1272491350794	white	../fonts/Verdana.ttf	upper
1272491354710	1	FR_PRES	13	DRUM	502	-1	-1	-1272491354710	white	../fonts/Verdana.ttf	upper
1272491358785	1	FR_PRES	13	TROMBONE	1508	-1	-1	-1272491358785	white	../fonts/Verdana.ttf	upper
1272491362693	1	FR_PRES	13	NEPHEW	942	-1	-1	-1272491362693	white	../fonts/Verdana.ttf	upper
1272491366717	1	FR_PRES	13	REFRIGERATOR	1179	-1	-1	-1272491366717	white	../fonts/Verdana.ttf	upper
1272491372585	1	REC_START
1272491460087	0	REST
1272491461594	1	FR_PRES	14	GAVEL	627	1	0	989	(0.57740000000000002, 0.41289999999999999, 1.0)	../fonts/amplitud.ttf	lower
1272491465485	1	FR_PRES	14	NIGHTGOWN	953	1	0	1945	(0.57740000000000002, 0.41289999999999999, 1.0)	../fonts/amplitud.ttf	lower
1272491469635	1	FR_PRES	14	COLLAR	345	1	0	2236	(0.57740000000000002, 0.41289999999999999, 1.0)	../fonts/amplitud.ttf	lower
1272491473643	1	FR_PRES	14	CONTRACTOR	369	1	1	2099	(0.57740000000000002, 0.41289999999999999, 1.0)	../fonts/amplitud.ttf	lower
1272491477834	1	FR_PRES	14	BUTLER	204	0	1	1916	(0.42259999999999998, 0.58709999999999996, 0)	../fonts/zerothre.ttf	upper
1272491481726	1	FR_PRES	14	SERVANT	1271	0	1	2057	(0.42259999999999998, 0.58709999999999996, 0)	../fonts/zerothre.ttf	upper
1272491485684	1	FR_PRES	14	PELT	1040	0	0	1867	(0.42259999999999998, 0.58709999999999996, 0)	../fonts/zerothre.ttf	upper
1272491489642	1	FR_PRES	14	GERM	632	1	1	1398	(0.57740000000000002, 0.41289999999999999, 1.0)	../fonts/amplitud.ttf	lower
1272491493775	1	FR_PRES	14	EMPIRE	530	1	0	1360	(0.57740000000000002, 0.41289999999999999, 1.0)	../fonts/amplitud.ttf	lower
1272491497816	1	FR_PRES	14	UNIVERSE	1540	1	0	1662	(0.57740000000000002, 0.41289999999999999, 1.0)	../fonts/amplitud.ttf	lower
1272491501633	1	FR_PRES	14	TROUSERS	1510	1	0	1277	(0.57740000000000002, 0.41289999999999999, 1.0)	../fonts/amplitud.ttf	lower
1272491505624	1	FR_PRES	14	TILE	1468	0	0	2014	(0.42259999999999998, 0.58709999999999996, 0)	../fonts/zerothre.ttf	upper
1272491509440	1	FR_PRES	14	GROUND	666	0	1	2487	(0.42259999999999998, 0.58709999999999996, 0)	../fonts/zerothre.ttf	upper
1272491513632	1	FR_PRES	14	BED	110	0	1	1606	(0.42259999999999998, 0.58709999999999996, 0)	../fonts/zerothre.ttf	upper
1272491517448	1	FR_PRES	14	HOOP	716	0	1	1382	(0.42259999999999998, 0.58709999999999996, 0)	../fonts/zerothre.ttf	upper
1272491521464	1	FR_PRES	14	COACH	331	0	1	1294	(0.42259999999999998, 0.58709999999999996, 0)	../fonts/zerothre.ttf	upper
1272491527182	1	REC_START
1272491548502	0	REJECT
1272491549543	0	REJECT
1272491550983	0	REJECT
1272491557326	1	REJECT
1272491575136	0	REJECT
1272491581246	1	REJECT
1272491582542	0	REJECT
1272491583510	1	REJECT
1272491584294	1	REJECT
1272491616991	0	REST
1272491618499	1	FR_PRES	15	SIGNATURE	1306	1	0	1123	(0.57740000000000002, 0.41289999999999999, 1.0)	../fonts/amplitud.ttf	lower
1272491622707	1	FR_PRES	15	GALLON	618	1	0	1115	(0.57740000000000002, 0.41289999999999999, 1.0)	../fonts/amplitud.ttf	lower
1272491626598	1	FR_PRES	15	WORKER	1621	1	0	2232	(0.57740000000000002, 0.41289999999999999, 1.0)	../fonts/amplitud.ttf	lower
1272491630465	1	FR_PRES	15	CHECK	284	1	0	1606	(0.57740000000000002, 0.41289999999999999, 1.0)	../fonts/amplitud.ttf	lower
1272491634623	1	FR_PRES	15	PAGE	1001	1	0	1384	(0.57740000000000002, 0.41289999999999999, 1.0)	../fonts/amplitud.ttf	lower
1272491638731	1	FR_PRES	15	MICROSCOPE	891	1	0	1811	(0.57740000000000002, 0.41289999999999999, 1.0)	../fonts/amplitud.ttf	lower
1272491642939	1	FR_PRES	15	HAWK	692	1	1	1019	(0.57740000000000002, 0.41289999999999999, 1.0)	../fonts/amplitud.ttf	lower
1272491646788	1	FR_PRES	15	SEAL	1262	1	1	1882	(0.57740000000000002, 0.41289999999999999, 1.0)	../fonts/amplitud.ttf	lower
1272491650672	1	FR_PRES	15	PIG	1064	1	1	1416	(0.57740000000000002, 0.41289999999999999, 1.0)	../fonts/amplitud.ttf	lower
1272491654705	1	FR_PRES	15	HAM	678	1	0	1503	(0.57740000000000002, 0.41289999999999999, 1.0)	../fonts/amplitud.ttf	lower
1272491658904	1	FR_PRES	15	WINGS	1614	1	0	1847	(0.57740000000000002, 0.41289999999999999, 1.0)	../fonts/amplitud.ttf	lower
1272491663030	1	FR_PRES	15	GROCERY	664	1	0	2002	(0.57740000000000002, 0.41289999999999999, 1.0)	../fonts/amplitud.ttf	lower
1272491667096	1	FR_PRES	15	MARKET	871	1	0	1390	(0.57740000000000002, 0.41289999999999999, 1.0)	../fonts/amplitud.ttf	lower
1272491671188	1	FR_PRES	15	SCIENTIST	1249	1	1	1555	(0.57740000000000002, 0.41289999999999999, 1.0)	../fonts/amplitud.ttf	lower
1272491675137	1	FR_PRES	15	SHEET	1279	1	0	1047	(0.57740000000000002, 0.41289999999999999, 1.0)	../fonts/amplitud.ttf	lower
1272491679045	1	FR_PRES	15	LOOP	844	1	0	1018	(0.57740000000000002, 0.41289999999999999, 1.0)	../fonts/amplitud.ttf	lower
1272491684803	1	REC_START
1272491765047	0	FFR_START
1272491770638	1	REC_START
1272491812359	0	REJECT
1272491891751	0	REJECT
1272491997128	0	REJECT
1272492107888	0	RECOG_START
1272492107889	1	REC_START
1272492107929	0	RECOG_PRES	0	SIGNATURE	1306	-999	P	3366
1272492111671	0	RECOG_CR_PRES	0	SIGNATURE	1306	-999	P	872
1272492113013	1	RECOG_FEEDBACK	1
1272492113821	0	RECOG_PRES	0	AWARD	63	-999	P	938
1272492115122	0	RECOG_CR_PRES	0	AWARD	63	-999	P	557
1272492116021	1	RECOG_FEEDBACK	1
1272492116787	0	RECOG_PRES	0	GROCERY	664	-999	P	780
1272492117937	0	RECOG_CR_PRES	0	GROCERY	664	-999	P	446
1272492118720	1	RECOG_FEEDBACK	1
1272492119445	0	RECOG_PRES	0	TYPEWRITER	1531	-999	P	1202
1272492121013	0	RECOG_CR_PRES	0	TYPEWRITER	1531	-999	P	450
1272492121895	1	RECOG_FEEDBACK	1
1272492122687	0	RECOG_PRES	0	TOWER	1490	-999	P	888
1272492123945	0	RECOG_CR_PRES	0	TOWER	1490	-999	P	477
1272492124753	1	RECOG_FEEDBACK	1
1272492125553	0	RECOG_PRES	0	SURGEON	1413	-999	P	942
1272492126861	0	RECOG_CR_PRES	0	SURGEON	1413	-999	P	370
1272492127645	1	RECOG_FEEDBACK	1
1272492128370	0	RECOG_PRES	0	MASCARA	875	-999	P	782
1272492129519	0	RECOG_CR_PRES	0	MASCARA	875	-999	P	423
1272492130269	1	RECOG_FEEDBACK	1
1272492131054	0	RECOG_PRES	0	DRESS	495	-999	P	769
1272492132187	0	RECOG_CR_PRES	0	DRESS	495	-999	P	444
1272492132969	1	RECOG_FEEDBACK	1
1272492133728	0	RECOG_PRES	0	AIRPORT	13	-999	P	687
1272492134786	0	RECOG_CR_PRES	0	AIRPORT	13	-999	P	357
1272492135469	1	RECOG_FEEDBACK	1
1272492136203	0	RECOG_PRES	0	PRAIRIE	1118	-999	P	1188
1272492137761	0	RECOG_CR_PRES	0	PRAIRIE	1118	-999	P	494
1272492138686	1	RECOG_FEEDBACK	1
1272492139419	0	RECOG_PRES	0	SEAGULL	1261	-999	P	757
1272492140544	0	RECOG_CR_PRES	0	SEAGULL	1261	-999	P	472
1272492141327	1	RECOG_FEEDBACK	1
1272492142095	0	RECOG_PRES	0	STUMP	1396	-999	P	1776
1272492144243	0	RECOG_CR_PRES	0	STUMP	1396	-999	P	380
1272492144985	1	RECOG_FEEDBACK	1
1272492145693	0	RECOG_PRES	0	BED	110	-999	P	1170
1272492147235	0	RECOG_CR_PRES	0	BED	110	-999	P	403
1272492148052	1	RECOG_FEEDBACK	0
1272492148860	0	RECOG_PRES	0	ORGAN	984	-999	P	1075
1272492150310	0	RECOG_CR_PRES	0	ORGAN	984	-999	P	633
1272492151318	1	RECOG_FEEDBACK	0
1272492152036	0	RECOG_PRES	0	EMPEROR	529	-999	P	1211
1272492153609	0	RECOG_CR_PRES	0	EMPEROR	529	-999	P	398
1272492154409	1	RECOG_FEEDBACK	1
1272492155210	0	RECOG_PRES	0	COLESLAW	344	-999	P	886
1272492156468	0	RECOG_CR_PRES	0	COLESLAW	344	-999	P	540
1272492157342	1	RECOG_FEEDBACK	1
1272492158052	0	RECOG_PRES	0	CHISEL	305	-999	P	1363
1272492159784	0	RECOG_CR_PRES	0	CHISEL	305	-999	P	519
1272492160709	1	RECOG_FEEDBACK	1
1272492161517	0	RECOG_PRES	0	CORK	380	-999	P	930
1272492162817	0	RECOG_CR_PRES	0	CORK	380	-999	P	438
1272492163617	1	RECOG_FEEDBACK	1
1272492164375	0	RECOG_PRES	0	LIMB	822	-999	P	880
1272492165633	0	RECOG_CR_PRES	0	LIMB	822	-999	P	431
1272492166400	1	RECOG_FEEDBACK	1
1272492167193	0	RECOG_PRES	0	PUMP	1141	-999	P	782
1272492168350	0	RECOG_CR_PRES	0	PUMP	1141	-999	P	521
1272492169233	1	RECOG_FEEDBACK	1
1272492170575	0	REST
1272492171657	1	REC_START
1272492171691	0	RECOG_PRES	1	DOLLAR	482	-999	P	828
1272492172891	0	RECOG_CR_PRES	1	DOLLAR	482	-999	P	548
1272492173741	1	RECOG_FEEDBACK	1
1272492174500	0	RECOG_PRES	1	DASHBOARD	441	-999	P	1059
1272492175933	0	RECOG_CR_PRES	1	DASHBOARD	441	-999	P	353
1272492176683	1	RECOG_FEEDBACK	1
1272492177399	0	RECOG_PRES	1	DIAL	457	-999	P	704
1272492178474	0	RECOG_CR_PRES	1	DIAL	457	-999	P	436
1272492179225	1	RECOG_FEEDBACK	1
1272492179974	0	RECOG_PRES	1	CONTRACTOR	369	-999	P	697
1272492181033	0	RECOG_CR_PRES	1	CONTRACTOR	369	-999	P	494
1272492181841	1	RECOG_FEEDBACK	1
1272492182649	0	RECOG_PRES	1	DART	440	-999	P	782
1272492183807	0	RECOG_CR_PRES	1	DART	440	-999	P	424
1272492184565	1	RECOG_FEEDBACK	1
1272492185290	0	RECOG_PRES	1	LETTUCE	814	-999	P	653
1272492186315	0	RECOG_CR_PRES	1	LETTUCE	814	-999	P	579
1272492187225	1	RECOG_FEEDBACK	1
1272492187990	0	RECOG_PRES	1	RANCH	1166	-999	P	616
1272492188982	0	RECOG_CR_PRES	1	RANCH	1166	-999	P	552
1272492189865	1	RECOG_FEEDBACK	1
1272492190598	0	RECOG_PRES	1	NITROGEN	954	-999	P	921
1272492191890	0	RECOG_CR_PRES	1	NITROGEN	954	-999	P	493
1272492192765	1	RECOG_FEEDBACK	1
1272492193490	0	RECOG_PRES	1	CANVAS	234	-999	P	1077
1272492194940	0	RECOG_CR_PRES	1	CANVAS	234	-999	P	395
1272492195706	1	RECOG_FEEDBACK	1
1272492196490	0	RECOG_PRES	1	AMBULANCE	19	-999	P	815
1272492197706	0	RECOG_CR_PRES	1	AMBULANCE	19	-999	P	518
1272492198589	1	RECOG_FEEDBACK	1
1272492199306	0	RECOG_PRES	1	BANDANNA	80	-999	P	742
1272492200423	0	RECOG_CR_PRES	1	BANDANNA	80	-999	P	504
1272492201273	1	RECOG_FEEDBACK	1
1272492201998	0	RECOG_PRES	1	BUYER	208	-999	P	1241
1272492203614	0	RECOG_CR_PRES	1	BUYER	208	-999	P	570
1272492204614	1	RECOG_FEEDBACK	1
1272492205381	0	RECOG_PRES	1	BUSH	202	-999	P	755
1272492206506	0	RECOG_CR_PRES	1	BUSH	202	-999	P	622
1272492207489	1	RECOG_FEEDBACK	1
1272492208247	0	RECOG_PRES	1	SHELTER	1282	-999	P	961
1272492209580	0	RECOG_CR_PRES	1	SHELTER	1282	-999	P	491
1272492210430	1	RECOG_FEEDBACK	1
1272492211238	0	RECOG_PRES	1	ACTRESS	6	-999	P	713
1272492212313	0	RECOG_CR_PRES	1	ACTRESS	6	-999	P	650
1272492213338	1	RECOG_FEEDBACK	1
1272492214048	0	RECOG_PRES	1	BUG	187	-999	P	727
1272492215139	0	RECOG_CR_PRES	1	BUG	187	-999	P	587
1272492216072	1	RECOG_FEEDBACK	1
1272492216805	0	RECOG_PRES	1	SOLDIER	1344	-999	P	762
1272492217938	0	RECOG_CR_PRES	1	SOLDIER	1344	-999	P	492
1272492218755	1	RECOG_FEEDBACK	1
1272492219496	0	RECOG_PRES	1	GUARD	667	-999	P	712
1272492220579	0	RECOG_CR_PRES	1	GUARD	667	-999	P	411
1272492221304	1	RECOG_FEEDBACK	1
1272492222014	0	RECOG_PRES	1	BUTTON	207	-999	P	793
1272492223172	0	RECOG_CR_PRES	1	BUTTON	207	-999	P	523
1272492224030	1	RECOG_FEEDBACK	1
1272492224746	0	RECOG_PRES	1	MUG	930	-999	P	821
1272492225937	0	RECOG_CR_PRES	1	MUG	930	-999	P	422
1272492226704	1	RECOG_FEEDBACK	1
1272492228013	0	REST
1272492229046	1	REC_START
1272492229080	0	RECOG_PRES	2	HEADBAND	696	-999	P	965
1272492230445	0	RECOG_CR_PRES	2	HEADBAND	696	-999	P	450
1272492231304	1	RECOG_FEEDBACK	1
1272492232113	0	RECOG_PRES	2	PRUNE	1134	-999	P	951
1272492233437	0	RECOG_CR_PRES	2	PRUNE	1134	-999	P	394
1272492234237	1	RECOG_FEEDBACK	1
1272492234995	0	RECOG_PRES	2	ACTOR	5	-999	P	772
1272492236129	0	RECOG_CR_PRES	2	ACTOR	5	-999	P	518
1272492237013	1	RECOG_FEEDBACK	1
1272492237770	0	RECOG_PRES	2	STOCKING	1383	-999	P	821
1272492238961	0	RECOG_CR_PRES	2	STOCKING	1383	-999	P	526
1272492239845	1	RECOG_FEEDBACK	1
1272492240578	0	RECOG_PRES	2	OATMEAL	967	-999	P	957
1272492241911	0	RECOG_CR_PRES	2	OATMEAL	967	-999	P	456
1272492242728	1	RECOG_FEEDBACK	1
1272492243461	0	RECOG_PRES	2	GROUND	666	-999	P	1042
1272492244878	0	RECOG_CR_PRES	2	GROUND	666	-999	P	424
1272492245703	1	RECOG_FEEDBACK	1
1272492246503	0	RECOG_PRES	2	SALAD	1224	-999	P	807
1272492247711	0	RECOG_CR_PRES	2	SALAD	1224	-999	P	457
1272492248519	1	RECOG_FEEDBACK	1
1272492249277	0	RECOG_PRES	2	BUTLER	204	-999	P	787
1272492250436	0	RECOG_CR_PRES	2	BUTLER	204	-999	P	819
1272492251585	1	RECOG_FEEDBACK	1
1272492252294	0	RECOG_PRES	2	QUARTER	1148	-999	P	746
1272492253410	0	RECOG_CR_PRES	2	QUARTER	1148	-999	P	548
1272492254302	1	RECOG_FEEDBACK	1
1272492255111	0	RECOG_PRES	2	PAW	1029	-999	P	712
1272492256186	0	RECOG_CR_PRES	2	PAW	1029	-999	P	437
1272492256985	1	RECOG_FEEDBACK	1
1272492257727	0	RECOG_PRES	2	GUN	673	-999	P	808
1272492258910	0	RECOG_CR_PRES	2	GUN	673	-999	P	497
1272492259768	1	RECOG_FEEDBACK	1
1272492260568	0	RECOG_PRES	2	BUILDING	191	-999	P	807
1272492261751	0	RECOG_CR_PRES	2	BUILDING	191	-999	P	535
1272492262651	1	RECOG_FEEDBACK	1
1272492263360	0	RECOG_PRES	2	LOOP	844	-999	P	1295
1272492265019	0	RECOG_CR_PRES	2	LOOP	844	-999	P	492
1272492265934	1	RECOG_FEEDBACK	1
1272492266684	0	RECOG_PRES	2	COLLAR	345	-999	P	795
1272492267851	0	RECOG_CR_PRES	2	COLLAR	345	-999	P	508
1272492268718	1	RECOG_FEEDBACK	1
1272492269468	0	RECOG_PRES	2	CRAB	397	-999	P	795
1272492270634	0	RECOG_CR_PRES	2	CRAB	397	-999	P	550
1272492271551	1	RECOG_FEEDBACK	1
1272492272334	0	RECOG_PRES	2	WHALE	1601	-999	P	802
1272492273509	0	RECOG_CR_PRES	2	WHALE	1601	-999	P	410
1272492274275	1	RECOG_FEEDBACK	1
1272492275018	0	RECOG_PRES	2	PENCIL	1042	-999	P	797
1272492276176	0	RECOG_CR_PRES	2	PENCIL	1042	-999	P	471
1272492276992	1	RECOG_FEEDBACK	1
1272492277717	0	RECOG_PRES	2	RULER	1216	-999	P	778
1272492278867	0	RECOG_CR_PRES	2	RULER	1216	-999	P	468
1272492279675	1	RECOG_FEEDBACK	1
1272492280475	0	RECOG_PRES	2	UNICORN	1538	-999	P	741
1272492281583	0	RECOG_CR_PRES	2	UNICORN	1538	-999	P	601
1272492282525	1	RECOG_FEEDBACK	1
1272492283316	0	RECOG_PRES	2	INVENTOR	743	-999	P	764
1272492284450	0	RECOG_CR_PRES	2	INVENTOR	743	-999	P	444
1272492285250	1	RECOG_FEEDBACK	1
1272492286566	0	REST
1272492287606	1	REC_START
1272492287641	0	RECOG_PRES	3	CATTLE	261	-999	P	964
1272492288999	0	RECOG_CR_PRES	3	CATTLE	261	-999	P	464
1272492289791	1	RECOG_FEEDBACK	1
1272492290599	0	RECOG_PRES	3	DOLL	481	-999	P	696
1272492291666	0	RECOG_CR_PRES	3	DOLL	481	-999	P	462
1272492292482	1	RECOG_FEEDBACK	1
1272492293282	0	RECOG_PRES	3	ROSE	1212	-999	P	1477
1272492295125	0	RECOG_CR_PRES	3	ROSE	1212	-999	P	648
1272492296142	1	RECOG_FEEDBACK	1
1272492296949	0	RECOG_PRES	3	SENATOR	1268	-999	P	754
1272492298066	0	RECOG_CR_PRES	3	SENATOR	1268	-999	P	437
1272492298832	1	RECOG_FEEDBACK	1
1272492299582	0	RECOG_PRES	3	LOFT	840	-999	P	858
1272492300840	0	RECOG_CR_PRES	3	LOFT	840	-999	P	399
1272492301607	1	RECOG_FEEDBACK	1
1272492302340	0	RECOG_PRES	3	ROBIN	1199	-999	P	939
1272492303648	0	RECOG_CR_PRES	3	ROBIN	1199	-999	P	416
1272492304432	1	RECOG_FEEDBACK	1
1272492305224	0	RECOG_PRES	3	BINDER	127	-999	P	1271
1272492306856	0	RECOG_CR_PRES	3	BINDER	127	-999	P	607
1272492307790	1	RECOG_FEEDBACK	1
1272492308523	0	RECOG_PRES	3	HANDBAG	684	-999	P	1196
1272492310082	0	RECOG_CR_PRES	3	HANDBAG	684	-999	P	357
1272492310831	1	RECOG_FEEDBACK	0
1272492311598	0	RECOG_PRES	3	PAINTER	1004	-999	P	785
1272492312756	0	RECOG_CR_PRES	3	PAINTER	1004	-999	P	507
1272492313606	1	RECOG_FEEDBACK	1
1272492314398	0	RECOG_PRES	3	JURY	766	-999	P	1057
1272492315822	0	RECOG_CR_PRES	3	JURY	766	-999	P	601
1272492316797	1	RECOG_FEEDBACK	1
1272492317581	0	RECOG_PRES	3	JAW	751	-999	P	986
1272492318939	0	RECOG_CR_PRES	3	JAW	751	-999	P	372
1272492319681	1	RECOG_FEEDBACK	1
1272492320480	0	RECOG_PRES	3	BEAST	108	-999	P	775
1272492321630	0	RECOG_CR_PRES	3	BEAST	108	-999	P	458
1272492322430	1	RECOG_FEEDBACK	1
1272492323223	0	RECOG_PRES	3	GODDESS	646	-999	P	841
1272492324439	0	RECOG_CR_PRES	3	GODDESS	646	-999	P	360
1272492325173	1	RECOG_FEEDBACK	1
1272492325938	0	RECOG_PRES	3	TOWEL	1489	-999	P	949
1272492327263	0	RECOG_CR_PRES	3	TOWEL	1489	-999	P	304
1272492327938	1	RECOG_FEEDBACK	1
1272492328655	0	RECOG_PRES	3	RASPBERRY	1168	-999	P	856
1272492329871	0	RECOG_CR_PRES	3	RASPBERRY	1168	-999	P	632
1272492330846	1	RECOG_FEEDBACK	1
1272492331588	0	RECOG_PRES	3	STAIRS	1367	-999	P	891
1272492332855	0	RECOG_CR_PRES	3	STAIRS	1367	-999	P	369
1272492333596	1	RECOG_FEEDBACK	1
1272492334388	0	RECOG_PRES	3	TRIANGLE	1504	-999	P	740
1272492335496	0	RECOG_CR_PRES	3	TRIANGLE	1504	-999	P	520
1272492336363	1	RECOG_FEEDBACK	1
1272492337114	0	RECOG_PRES	3	LOBBY	836	-999	P	902
1272492338387	0	RECOG_CR_PRES	3	LOBBY	836	-999	P	588
1272492339304	1	RECOG_FEEDBACK	1
1272492340030	0	RECOG_PRES	3	FLASHLIGHT	575	-999	P	1353
1272492341754	0	RECOG_CR_PRES	3	FLASHLIGHT	575	-999	P	366
1272492342562	1	RECOG_FEEDBACK	1
1272492343270	0	RECOG_PRES	3	SCIENTIST	1249	-999	P	1169
1272492344812	0	RECOG_CR_PRES	3	SCIENTIST	1249	-999	P	563
1272492345770	1	RECOG_FEEDBACK	0
1272492347038	0	REST
1272492348078	1	REC_START
1272492348113	0	RECOG_PRES	4	SLIME	1327	-999	P	1103
1272492349587	0	RECOG_CR_PRES	4	SLIME	1327	-999	P	436
1272492350395	1	RECOG_FEEDBACK	1
1272492351196	0	RECOG_PRES	4	CONSOLE	364	-999	P	852
1272492352420	0	RECOG_CR_PRES	4	CONSOLE	364	-999	P	620
1272492353395	1	RECOG_FEEDBACK	1
1272492354179	0	RECOG_PRES	4	SLEEVE	1324	-999	P	1100
1272492355653	0	RECOG_CR_PRES	4	SLEEVE	1324	-999	P	499
1272492356569	1	RECOG_FEEDBACK	1
1272492357286	0	RECOG_PRES	4	SHARK	1275	-999	P	1553
1272492359204	0	RECOG_CR_PRES	4	SHARK	1275	-999	P	836
1272492360436	1	RECOG_FEEDBACK	0
1272492361162	0	RECOG_PRES	4	LEVER	815	-999	P	1085
1272492362619	0	RECOG_CR_PRES	4	LEVER	815	-999	P	641
1272492363677	1	RECOG_FEEDBACK	1
1272492364452	0	RECOG_PRES	4	SHEPHERD	1283	-999	P	875
1272492365702	0	RECOG_CR_PRES	4	SHEPHERD	1283	-999	P	370
1272492366419	1	RECOG_FEEDBACK	1
1272492367220	0	RECOG_PRES	4	VIDEO	1564	-999	P	1004
1272492368594	0	RECOG_CR_PRES	4	VIDEO	1564	-999	P	9773
1272492378734	1	RECOG_FEEDBACK	0
1272492379451	0	RECOG_PRES	4	ZOO	1637	-999	P	876
1272492380701	0	RECOG_CR_PRES	4	ZOO	1637	-999	P	419
1272492381443	1	RECOG_FEEDBACK	1
1272492382185	0	RECOG_PRES	4	CARPENTER	246	-999	P	823
1272492383376	0	RECOG_CR_PRES	4	CARPENTER	246	-999	P	5566
1272492389267	1	RECOG_FEEDBACK	1
1272492390035	0	RECOG_PRES	4	CHEF	290	-999	P	1117
1272492391525	0	RECOG_CR_PRES	4	CHEF	290	-999	P	418
1272492392308	1	RECOG_FEEDBACK	1
1272492393076	0	RECOG_PRES	4	WORKER	1621	-999	P	988
1272492394433	0	RECOG_CR_PRES	4	WORKER	1621	-999	P	575
1272492395342	1	RECOG_FEEDBACK	1
1272492396076	0	RECOG_PRES	4	UNDERWEAR	1537	-999	P	811
1272492397258	0	RECOG_CR_PRES	4	UNDERWEAR	1537	-999	P	549
1272492398126	1	RECOG_FEEDBACK	1
1272492398908	0	RECOG_PRES	4	ATLAS	53	-999	P	707
1272492399991	0	RECOG_CR_PRES	4	ATLAS	53	-999	P	447
1272492400766	1	RECOG_FEEDBACK	1
1272492401558	0	RECOG_PRES	4	CANDLE	229	-999	P	2658
1272492404591	0	RECOG_CR_PRES	4	CANDLE	229	-999	P	537
1272492405874	1	RECOG_FEEDBACK	0
1272492406632	0	RECOG_PRES	4	WRENCH	1625	-999	P	1584
1272492408591	0	RECOG_CR_PRES	4	WRENCH	1625	-999	P	320
1272492409299	1	RECOG_FEEDBACK	1
1272492410050	0	RECOG_PRES	4	SOCIETY	1338	-999	P	1142
1272492411565	0	RECOG_CR_PRES	4	SOCIETY	1338	-999	P	451
1272492412365	1	RECOG_FEEDBACK	1
1272492413141	0	RECOG_PRES	4	SEAL	1262	-999	P	778
1272492414290	0	RECOG_CR_PRES	4	SEAL	1262	-999	P	357
1272492414990	1	RECOG_FEEDBACK	1
1272492415782	0	RECOG_PRES	4	SCOTCH	1251	-999	P	785
1272492416940	0	RECOG_CR_PRES	4	SCOTCH	1251	-999	P	539
1272492417832	1	RECOG_FEEDBACK	1
1272492418565	0	RECOG_PRES	4	PITCHFORK	1078	-999	P	858
1272492419798	0	RECOG_CR_PRES	4	PITCHFORK	1078	-999	P	394
1272492420556	1	RECOG_FEEDBACK	1
1272492421348	0	RECOG_PRES	4	RAG	1160	-999	P	1211
1272492422931	0	RECOG_CR_PRES	4	RAG	1160	-999	P	412
1272492423748	1	RECOG_FEEDBACK	1
1272492425107	0	REST
1272492426042	1	REC_START
1272492426074	0	RECOG_PRES	5	BASKET	95	-999	P	1293
1272492427739	0	RECOG_CR_PRES	5	BASKET	95	-999	P	524
1272492428606	1	RECOG_FEEDBACK	1
1272492429364	0	RECOG_PRES	5	LAWYER	806	-999	P	828
1272492430564	0	RECOG_CR_PRES	5	LAWYER	806	-999	P	411
1272492431331	1	RECOG_FEEDBACK	1
1272492432123	0	RECOG_PRES	5	QUILL	1150	-999	P	860
1272492433355	0	RECOG_CR_PRES	5	QUILL	1150	-999	P	412
1272492434115	1	RECOG_FEEDBACK	1
1272492434897	0	RECOG_PRES	5	DRIVEWAY	500	-999	P	958
1272492436223	0	RECOG_CR_PRES	5	DRIVEWAY	500	-999	P	520
1272492437089	1	RECOG_FEEDBACK	1
1272492437897	0	RECOG_PRES	5	LIMOUSINE	824	-999	P	790
1272492439048	0	RECOG_CR_PRES	5	LIMOUSINE	824	-999	P	471
1272492439847	1	RECOG_FEEDBACK	1
1272492440630	0	RECOG_PRES	5	ASTEROID	50	-999	P	937
1272492441938	0	RECOG_CR_PRES	5	ASTEROID	50	-999	P	469
1272492442771	1	RECOG_FEEDBACK	1
1272492443588	0	RECOG_PRES	5	CHESS	294	-999	P	795
1272492444755	0	RECOG_CR_PRES	5	CHESS	294	-999	P	516
1272492445605	1	RECOG_FEEDBACK	1
1272492446346	0	RECOG_PRES	5	PUB	1135	-999	P	1029
1272492447746	0	RECOG_CR_PRES	5	PUB	1135	-999	P	493
1272492448604	1	RECOG_FEEDBACK	0
1272492449321	0	RECOG_PRES	5	POLICE	1098	-999	P	884
1272492450604	0	RECOG_CR_PRES	5	POLICE	1098	-999	P	532
1272492451454	1	RECOG_FEEDBACK	1
1272492452237	0	RECOG_PRES	5	BISCUIT	130	-999	P	867
1272492453479	0	RECOG_CR_PRES	5	BISCUIT	130	-999	P	472
1272492454312	1	RECOG_FEEDBACK	1
1272492455105	0	RECOG_PRES	5	WINGS	1614	-999	P	726
1272492456196	0	RECOG_CR_PRES	5	WINGS	1614	-999	P	555
1272492457071	1	RECOG_FEEDBACK	1
1272492457795	0	RECOG_PRES	5	OATS	968	-999	P	684
1272492458853	0	RECOG_CR_PRES	5	OATS	968	-999	P	506
1272492459679	1	RECOG_FEEDBACK	1
1272492460478	0	RECOG_PRES	5	EMPIRE	530	-999	P	801
1272492461653	0	RECOG_CR_PRES	5	EMPIRE	530	-999	P	363
1272492462395	1	RECOG_FEEDBACK	1
1272492463188	0	RECOG_PRES	5	PEAR	1033	-999	P	611
1272492464163	0	RECOG_CR_PRES	5	PEAR	1033	-999	P	596
1272492465087	1	RECOG_FEEDBACK	1
1272492465870	0	RECOG_PRES	5	DANDELION	438	-999	P	1001
1272492467245	0	RECOG_CR_PRES	5	DANDELION	438	-999	P	458
1272492468079	1	RECOG_FEEDBACK	1
1272492468853	0	RECOG_PRES	5	CUP	424	-999	P	1307
1272492470528	0	RECOG_CR_PRES	5	CUP	424	-999	P	383
1272492471378	1	RECOG_FEEDBACK	1
1272492472095	0	RECOG_PRES	5	FILM	565	-999	P	890
1272492473386	0	RECOG_CR_PRES	5	FILM	565	-999	P	573
1272492474302	1	RECOG_FEEDBACK	1
1272492475028	0	RECOG_PRES	5	HORSE	719	-999	P	643
1272492476037	0	RECOG_CR_PRES	5	HORSE	719	-999	P	594
1272492476952	1	RECOG_FEEDBACK	1
1272492477744	0	RECOG_PRES	5	SERVANT	1271	-999	P	663
1272492478777	0	RECOG_CR_PRES	5	SERVANT	1271	-999	P	486
1272492479585	1	RECOG_FEEDBACK	1
1272492480344	0	RECOG_PRES	5	PERSONNEL	1053	-999	P	672
1272492481385	0	RECOG_CR_PRES	5	PERSONNEL	1053	-999	P	478
1272492482203	1	RECOG_FEEDBACK	1
1272492483460	0	REST
1272492484524	1	REC_START
1272492484560	0	RECOG_PRES	6	REFRIGERATOR	1179	-999	P	887
1272492485818	0	RECOG_CR_PRES	6	REFRIGERATOR	1179	-999	P	509
1272492486660	1	RECOG_FEEDBACK	1
1272492487476	0	RECOG_PRES	6	BOSS	152	-999	P	1899
1272492489751	0	RECOG_CR_PRES	6	BOSS	152	-999	P	856
1272492491169	1	RECOG_FEEDBACK	1
1272492491893	0	RECOG_PRES	6	SWATTER	1418	-999	P	938
1272492493194	0	RECOG_CR_PRES	6	SWATTER	1418	-999	P	648
1272492494202	1	RECOG_FEEDBACK	1
1272492494968	0	RECOG_PRES	6	MEAL	882	-999	P	679
1272492496010	0	RECOG_CR_PRES	6	MEAL	882	-999	P	648
1272492497010	1	RECOG_FEEDBACK	1
1272492497767	0	RECOG_PRES	6	PALM	1007	-999	P	760
1272492498901	0	RECOG_CR_PRES	6	PALM	1007	-999	P	482
1272492499734	1	RECOG_FEEDBACK	1
1272492500542	0	RECOG_PRES	6	FRUIT	610	-999	P	793
1272492501717	0	RECOG_CR_PRES	6	FRUIT	610	-999	P	435
1272492502509	1	RECOG_FEEDBACK	1
1272492503309	0	RECOG_PRES	6	CHIMPANZEE	302	-999	P	938
1272492504617	0	RECOG_CR_PRES	6	CHIMPANZEE	302	-999	P	503
1272492505500	1	RECOG_FEEDBACK	1
1272492506233	0	RECOG_PRES	6	JUG	762	-999	P	758
1272492507367	0	RECOG_CR_PRES	6	JUG	762	-999	P	616
1272492508333	1	RECOG_FEEDBACK	1
1272492509093	0	RECOG_PRES	6	ARCHITECT	36	-999	P	730
1272492510184	0	RECOG_CR_PRES	6	ARCHITECT	36	-999	P	567
1272492511092	1	RECOG_FEEDBACK	1
1272492511841	0	RECOG_PRES	6	PADDING	999	-999	P	958
1272492513167	0	RECOG_CR_PRES	6	PADDING	999	-999	P	552
1272492514100	1	RECOG_FEEDBACK	1
1272492514874	0	RECOG_PRES	6	COACH	331	-999	P	653
1272492515899	0	RECOG_CR_PRES	6	COACH	331	-999	P	500
1272492516733	1	RECOG_FEEDBACK	1
1272492517541	0	RECOG_PRES	6	DOUGH	489	-999	P	922
1272492518832	0	RECOG_CR_PRES	6	DOUGH	489	-999	P	415
1272492519599	1	RECOG_FEEDBACK	1
1272492520332	0	RECOG_PRES	6	ELBOW	520	-999	P	708
1272492521407	0	RECOG_CR_PRES	6	ELBOW	520	-999	P	552
1272492522282	1	RECOG_FEEDBACK	1
1272492523016	0	RECOG_PRES	6	RECEPTIONIST	1174	-999	P	903
1272492524290	0	RECOG_CR_PRES	6	RECEPTIONIST	1174	-999	P	373
1272492525008	1	RECOG_FEEDBACK	1
1272492525807	0	RECOG_PRES	6	BOULEVARD	156	-999	P	880
1272492527049	0	RECOG_CR_PRES	6	BOULEVARD	156	-999	P	494
1272492527890	1	RECOG_FEEDBACK	1
1272492528648	0	RECOG_PRES	6	TYPIST	1532	-999	P	831
1272492529848	0	RECOG_CR_PRES	6	TYPIST	1532	-999	P	399
1272492530598	1	RECOG_FEEDBACK	1
1272492531365	0	RECOG_PRES	6	SUBWAY	1400	-999	P	699
1272492532431	0	RECOG_CR_PRES	6	SUBWAY	1400	-999	P	432
1272492533216	1	RECOG_FEEDBACK	1
1272492533981	0	RECOG_PRES	6	PONY	1102	-999	P	898
1272492535248	0	RECOG_CR_PRES	6	PONY	1102	-999	P	455
1272492536074	1	RECOG_FEEDBACK	1
1272492536789	0	RECOG_PRES	6	PUPIL	1143	-999	P	698
1272492537856	0	RECOG_CR_PRES	6	PUPIL	1143	-999	P	479
1272492538664	1	RECOG_FEEDBACK	1
1272492539464	0	RECOG_PRES	6	BAG	69	-999	P	728
1272492540564	0	RECOG_CR_PRES	6	BAG	69	-999	P	540
1272492541422	1	RECOG_FEEDBACK	1
1272492542722	0	REST
1272492543876	1	REC_START
1272492543914	0	RECOG_PRES	7	CHEEK	287	-999	P	933
1272492545215	0	RECOG_CR_PRES	7	CHEEK	287	-999	P	504
1272492546056	1	RECOG_FEEDBACK	1
1272492546772	0	RECOG_PRES	7	PAGE	1001	-999	P	819
1272492547964	0	RECOG_CR_PRES	7	PAGE	1001	-999	P	1116
1272492549439	1	RECOG_FEEDBACK	1
1272492550181	0	RECOG_PRES	7	GATE	625	-999	P	1035
1272492551588	0	RECOG_CR_PRES	7	GATE	625	-999	P	355
1272492552330	1	RECOG_FEEDBACK	1
1272492553056	0	RECOG_PRES	7	FINGER	567	-999	P	823
1272492554255	0	RECOG_CR_PRES	7	FINGER	567	-999	P	352
1272492554930	1	RECOG_FEEDBACK	1
1272492555705	0	RECOG_PRES	7	DICTATOR	462	-999	P	758
1272492556838	0	RECOG_CR_PRES	7	DICTATOR	462	-999	P	457
1272492557605	1	RECOG_FEEDBACK	1
1272492558313	0	RECOG_PRES	7	BARRACUDA	90	-999	P	783
1272492559471	0	RECOG_CR_PRES	7	BARRACUDA	90	-999	P	440
1272492560238	1	RECOG_FEEDBACK	1
1272492561039	0	RECOG_PRES	7	GUEST	669	-999	P	840
1272492562254	0	RECOG_CR_PRES	7	GUEST	669	-999	P	377
1272492562988	1	RECOG_FEEDBACK	1
1272492563754	0	RECOG_PRES	7	GAVEL	627	-999	P	841
1272492564987	0	RECOG_CR_PRES	7	GAVEL	627	-999	P	380
1272492565746	1	RECOG_FEEDBACK	1
1272492566471	0	RECOG_PRES	7	CAT	257	-999	P	737
1272492567579	0	RECOG_CR_PRES	7	CAT	257	-999	P	469
1272492568395	1	RECOG_FEEDBACK	1
1272492569163	0	RECOG_PRES	7	MITTEN	902	-999	P	732
1272492570270	0	RECOG_CR_PRES	7	MITTEN	902	-999	P	521
1272492571130	1	RECOG_FEEDBACK	1
1272492571845	0	RECOG_PRES	7	MIRROR	899	-999	P	1251
1272492573470	0	RECOG_CR_PRES	7	MIRROR	899	-999	P	481
1272492574337	1	RECOG_FEEDBACK	1
1272492575054	0	RECOG_PRES	7	MAID	856	-999	P	1002
1272492576428	0	RECOG_CR_PRES	7	MAID	856	-999	P	355
1272492577171	1	RECOG_FEEDBACK	1
1272492577936	0	RECOG_PRES	7	HUMAN	726	-999	P	703
1272492579004	0	RECOG_CR_PRES	7	HUMAN	726	-999	P	443
1272492579795	1	RECOG_FEEDBACK	1
1272492580520	0	RECOG_PRES	7	PORCUPINE	1107	-999	P	2303
1272492583187	0	RECOG_CR_PRES	7	PORCUPINE	1107	-999	P	524
1272492584378	1	RECOG_FEEDBACK	0
1272492585162	0	RECOG_PRES	7	PRISON	1127	-999	P	1645
1272492587170	0	RECOG_CR_PRES	7	PRISON	1127	-999	P	648
1272492588277	1	RECOG_FEEDBACK	1
1272492589062	0	RECOG_PRES	7	GRASSHOPPER	656	-999	P	1058
1272492590494	0	RECOG_CR_PRES	7	GRASSHOPPER	656	-999	P	449
1272492591344	1	RECOG_FEEDBACK	1
1272492592153	0	RECOG_PRES	7	DRUM	502	-999	P	879
1272492593402	0	RECOG_CR_PRES	7	DRUM	502	-999	P	269
1272492594061	1	RECOG_FEEDBACK	1
1272492594827	0	RECOG_PRES	7	FACE	547	-999	P	841
1272492596061	0	RECOG_CR_PRES	7	FACE	547	-999	P	474
1272492596893	1	RECOG_FEEDBACK	1
1272492597685	0	RECOG_PRES	7	SKYSCRAPER	1322	-999	P	1034
1272492599086	0	RECOG_CR_PRES	7	SKYSCRAPER	1322	-999	P	393
1272492599877	1	RECOG_FEEDBACK	1
1272492600693	0	RECOG_PRES	7	JUPITER	765	-999	P	762
1272492601826	0	RECOG_CR_PRES	7	JUPITER	765	-999	P	477
1272492602651	1	RECOG_FEEDBACK	1
1272492603951	0	REST
1272492604846	1	REC_START
1272492604884	0	RECOG_PRES	8	STREAM	1392	-999	P	875
1272492606127	0	RECOG_CR_PRES	8	STREAM	1392	-999	P	456
1272492606918	1	RECOG_FEEDBACK	1
1272492607693	0	RECOG_PRES	8	KNAPSACK	783	-999	P	874
1272492608943	0	RECOG_CR_PRES	8	KNAPSACK	783	-999	P	360
1272492609651	1	RECOG_FEEDBACK	1
1272492610392	0	RECOG_PRES	8	SINK	1309	-999	P	624
1272492611384	0	RECOG_CR_PRES	8	SINK	1309	-999	P	487
1272492612193	1	RECOG_FEEDBACK	1
1272492612934	0	RECOG_PRES	8	FREEZER	604	-999	P	1114
1272492614417	0	RECOG_CR_PRES	8	FREEZER	604	-999	P	318
1272492615135	1	RECOG_FEEDBACK	1
1272492615917	0	RECOG_PRES	8	SWEATER	1419	-999	P	714
1272492617001	0	RECOG_CR_PRES	8	SWEATER	1419	-999	P	582
1272492617917	1	RECOG_FEEDBACK	1
1272492618658	0	RECOG_PRES	8	BULLY	196	-999	P	725
1272492619758	0	RECOG_CR_PRES	8	BULLY	196	-999	P	442
1272492620533	1	RECOG_FEEDBACK	1
1272492621325	0	RECOG_PRES	8	HAND	683	-999	P	779
1272492622475	0	RECOG_CR_PRES	8	HAND	683	-999	P	380
1272492623209	1	RECOG_FEEDBACK	1
1272492624000	0	RECOG_PRES	8	ELF	525	-999	P	967
1272492625341	0	RECOG_CR_PRES	8	ELF	525	-999	P	458
1272492626167	1	RECOG_FEEDBACK	1
1272492626899	0	RECOG_PRES	8	LEAF	808	-999	P	708
1272492627974	0	RECOG_CR_PRES	8	LEAF	808	-999	P	625
1272492628916	1	RECOG_FEEDBACK	1
1272492629658	0	RECOG_PRES	8	BADGE	68	-999	P	1101
1272492631125	0	RECOG_CR_PRES	8	BADGE	68	-999	P	394
1272492631932	1	RECOG_FEEDBACK	1
1272492632682	0	RECOG_PRES	8	PECAN	1036	-999	P	1013
1272492634058	0	RECOG_CR_PRES	8	PECAN	1036	-999	P	405
1272492634832	1	RECOG_FEEDBACK	0
1272492635632	0	RECOG_PRES	8	CEILING	265	-999	P	943
1272492636940	0	RECOG_CR_PRES	8	CEILING	265	-999	P	435
1272492637715	1	RECOG_FEEDBACK	1
1272492638474	0	RECOG_PRES	8	FATHER	554	-999	P	773
1272492639624	0	RECOG_CR_PRES	8	FATHER	554	-999	P	432
1272492640382	1	RECOG_FEEDBACK	1
1272492641133	0	RECOG_PRES	8	COOK	372	-999	P	658
1272492642158	0	RECOG_CR_PRES	8	COOK	372	-999	P	577
1272492643058	1	RECOG_FEEDBACK	1
1272492643840	0	RECOG_PRES	8	TAIL	1430	-999	P	607
1272492644815	0	RECOG_CR_PRES	8	TAIL	1430	-999	P	576
1272492645731	1	RECOG_FEEDBACK	1
1272492646515	0	RECOG_PRES	8	BOX	159	-999	P	637
1272492647523	0	RECOG_CR_PRES	8	BOX	159	-999	P	388
1272492648273	1	RECOG_FEEDBACK	1
1272492649016	0	RECOG_PRES	8	TROUSERS	1510	-999	P	655
1272492650032	0	RECOG_CR_PRES	8	TROUSERS	1510	-999	P	607
1272492650973	1	RECOG_FEEDBACK	1
1272492651731	0	RECOG_PRES	8	VENT	1556	-999	P	908
1272492653007	0	RECOG_CR_PRES	8	VENT	1556	-999	P	400
1272492653797	1	RECOG_FEEDBACK	0
1272492654522	0	RECOG_PRES	8	FIN	566	-999	P	702
1272492655597	0	RECOG_CR_PRES	8	FIN	566	-999	P	451
1272492656389	1	RECOG_FEEDBACK	1
1272492657140	0	RECOG_PRES	8	MARKET	871	-999	P	667
1272492658173	0	RECOG_CR_PRES	8	MARKET	871	-999	P	602
1272492659115	1	RECOG_FEEDBACK	1
1272492660580	0	REST
1272492661422	1	REC_START
1272492661455	0	RECOG_PRES	9	GOAT	644	-999	P	880
1272492662705	0	RECOG_CR_PRES	9	GOAT	644	-999	P	415
1272492663472	1	RECOG_FEEDBACK	1
1272492664181	0	RECOG_PRES	9	STETHOSCOPE	1379	-999	P	979
1272492665530	0	RECOG_CR_PRES	9	STETHOSCOPE	1379	-999	P	566
1272492666463	1	RECOG_FEEDBACK	1
1272492667272	0	RECOG_PRES	9	FIELD	562	-999	P	639
1272492668271	0	RECOG_CR_PRES	9	FIELD	562	-999	P	336
1272492668955	1	RECOG_FEEDBACK	0
1272492669755	0	RECOG_PRES	9	SPHINX	1349	-999	P	1421
1272492671546	0	RECOG_CR_PRES	9	SPHINX	1349	-999	P	494
1272492672454	1	RECOG_FEEDBACK	0
1272492673180	0	RECOG_PRES	9	VETERAN	1561	-999	P	1355
1272492674904	0	RECOG_CR_PRES	9	VETERAN	1561	-999	P	367
1272492675696	1	RECOG_FEEDBACK	0
1272492676504	0	RECOG_PRES	9	ZUCCHINI	1638	-999	P	1680
1272492678554	0	RECOG_CR_PRES	9	ZUCCHINI	1638	-999	P	733
1272492679812	1	RECOG_FEEDBACK	1
1272492680621	0	RECOG_PRES	9	SEA	1259	-999	P	1226
1272492682213	0	RECOG_CR_PRES	9	SEA	1259	-999	P	402
1272492683030	1	RECOG_FEEDBACK	1
1272492683837	0	RECOG_PRES	9	PROTON	1132	-999	P	746
1272492684953	0	RECOG_CR_PRES	9	PROTON	1132	-999	P	414
1272492685712	1	RECOG_FEEDBACK	1
1272492686428	0	RECOG_PRES	9	HUT	729	-999	P	971
1272492687770	0	RECOG_CR_PRES	9	HUT	729	-999	P	326
1272492688478	1	RECOG_FEEDBACK	1
1272492689278	0	RECOG_PRES	9	BRAIN	165	-999	P	1049
1272492690703	0	RECOG_CR_PRES	9	BRAIN	165	-999	P	465
1272492691570	1	RECOG_FEEDBACK	0
1272492692345	0	RECOG_PRES	9	TOMB	1477	-999	P	1134
1272492693853	0	RECOG_CR_PRES	9	TOMB	1477	-999	P	315
1272492694569	1	RECOG_FEEDBACK	1
1272492695278	0	RECOG_PRES	9	UNIVERSE	1540	-999	P	882
1272492696536	0	RECOG_CR_PRES	9	UNIVERSE	1540	-999	P	560
1272492697444	1	RECOG_FEEDBACK	1
1272492698220	0	RECOG_PRES	9	NIGHTGOWN	953	-999	P	812
1272492699402	0	RECOG_CR_PRES	9	NIGHTGOWN	953	-999	P	549
1272492700302	1	RECOG_FEEDBACK	1
1272492701028	0	RECOG_PRES	9	BUTTER	205	-999	P	1028
1272492702427	0	RECOG_CR_PRES	9	BUTTER	205	-999	P	532
1272492703302	1	RECOG_FEEDBACK	1
1272492704078	0	RECOG_PRES	9	POTATO	1115	-999	P	881
1272492705335	0	RECOG_CR_PRES	9	POTATO	1115	-999	P	536
1272492706227	1	RECOG_FEEDBACK	1
1272492707011	0	RECOG_PRES	9	CHECK	284	-999	P	1085
1272492708468	0	RECOG_CR_PRES	9	CHECK	284	-999	P	323
1272492709186	1	RECOG_FEEDBACK	1
1272492709977	0	RECOG_PRES	9	CAFETERIA	217	-999	P	814
1272492711153	0	RECOG_CR_PRES	9	CAFETERIA	217	-999	P	462
1272492711960	1	RECOG_FEEDBACK	1
1272492712677	0	RECOG_PRES	9	ENVELOPE	537	-999	P	994
1272492714036	0	RECOG_CR_PRES	9	ENVELOPE	537	-999	P	435
1272492714826	1	RECOG_FEEDBACK	1
1272492715560	0	RECOG_PRES	9	DRAWING	494	-999	P	935
1272492716859	0	RECOG_CR_PRES	9	DRAWING	494	-999	P	740
1272492717968	1	RECOG_FEEDBACK	1
1272492718726	0	RECOG_PRES	9	BLUEBERRY	140	-999	P	905
1272492720002	0	RECOG_CR_PRES	9	BLUEBERRY	140	-999	P	445
1272492720834	1	RECOG_FEEDBACK	1
1272492722144	0	REST
1272492723340	1	REC_START
1272492723376	0	RECOG_PRES	10	ALMOND	18	-999	P	863
1272492724609	0	RECOG_CR_PRES	10	ALMOND	18	-999	P	407
1272492725384	1	RECOG_FEEDBACK	1
1272492726143	0	RECOG_PRES	10	ANTELOPE	27	-999	P	760
1272492727275	0	RECOG_CR_PRES	10	ANTELOPE	27	-999	P	508
1272492728118	1	RECOG_FEEDBACK	1
1272492728892	0	RECOG_PRES	10	TOOL	1480	-999	P	747
1272492730009	0	RECOG_CR_PRES	10	TOOL	1480	-999	P	420
1272492730792	1	RECOG_FEEDBACK	1
1272492731558	0	RECOG_PRES	10	CHAIR	274	-999	P	1073
1272492733000	0	RECOG_CR_PRES	10	CHAIR	274	-999	P	463
1272492733850	1	RECOG_FEEDBACK	1
1272492734592	0	RECOG_PRES	10	HOOP	716	-999	P	727
1272492735691	0	RECOG_CR_PRES	10	HOOP	716	-999	P	477
1272492736500	1	RECOG_FEEDBACK	1
1272492737275	0	RECOG_PRES	10	FUDGE	611	-999	P	1436
1272492739076	0	RECOG_CR_PRES	10	FUDGE	611	-999	P	683
1272492740109	1	RECOG_FEEDBACK	1
1272492740908	0	RECOG_PRES	10	BALCONY	72	-999	P	1148
1272492742424	0	RECOG_CR_PRES	10	BALCONY	72	-999	P	887
1272492743708	1	RECOG_FEEDBACK	1
1272492744474	0	RECOG_PRES	10	CONE	363	-999	P	765
1272492745607	0	RECOG_CR_PRES	10	CONE	363	-999	P	553
1272492746499	1	RECOG_FEEDBACK	1
1272492747241	0	RECOG_PRES	10	TRAY	1498	-999	P	815
1272492748424	0	RECOG_CR_PRES	10	TRAY	1498	-999	P	487
1272492749265	1	RECOG_FEEDBACK	0
1272492749990	0	RECOG_PRES	10	RUG	1215	-999	P	857
1272492751208	0	RECOG_CR_PRES	10	RUG	1215	-999	P	415
1272492751965	1	RECOG_FEEDBACK	1
1272492752732	0	RECOG_PRES	10	BIOLOGIST	128	-999	P	795
1272492753898	0	RECOG_CR_PRES	10	BIOLOGIST	128	-999	P	437
1272492754665	1	RECOG_FEEDBACK	1
1272492755465	0	RECOG_PRES	10	BRUNETTE	181	-999	P	894
1272492756732	0	RECOG_CR_PRES	10	BRUNETTE	181	-999	P	1059
1272492758182	1	RECOG_FEEDBACK	0
1272492758973	0	RECOG_PRES	10	EWE	542	-999	P	714
1272492760049	0	RECOG_CR_PRES	10	EWE	542	-999	P	542
1272492760931	1	RECOG_FEEDBACK	1
1272492761640	0	RECOG_PRES	10	THERMOMETER	1453	-999	P	999
1272492763007	0	RECOG_CR_PRES	10	THERMOMETER	1453	-999	P	504
1272492763873	1	RECOG_FEEDBACK	1
1272492764656	0	RECOG_PRES	10	ROAD	1196	-999	P	1071
1272492766090	0	RECOG_CR_PRES	10	ROAD	1196	-999	P	381
1272492766839	1	RECOG_FEEDBACK	0
1272492767564	0	RECOG_PRES	10	LACE	792	-999	P	1003
1272492768939	0	RECOG_CR_PRES	10	LACE	792	-999	P	516
1272492769806	1	RECOG_FEEDBACK	1
1272492770522	0	RECOG_PRES	10	GERM	632	-999	P	749
1272492771647	0	RECOG_CR_PRES	10	GERM	632	-999	P	553
1272492772539	1	RECOG_FEEDBACK	1
1272492773280	0	RECOG_PRES	10	JELLY	755	-999	P	1231
1272492774880	0	RECOG_CR_PRES	10	JELLY	755	-999	P	527
1272492775814	1	RECOG_FEEDBACK	1
1272492776588	0	RECOG_PRES	10	CHICKEN	297	-999	P	819
1272492777780	0	RECOG_CR_PRES	10	CHICKEN	297	-999	P	523
1272492778630	1	RECOG_FEEDBACK	1
1272492779422	0	RECOG_PRES	10	DESK	452	-999	P	815
1272492780638	0	RECOG_CR_PRES	10	DESK	452	-999	P	562
1272492781530	1	RECOG_FEEDBACK	1
1272492782821	0	REST
1272492783913	1	REC_START
1272492783946	0	RECOG_PRES	11	APPLE	33	-999	P	941
1272492785263	0	RECOG_CR_PRES	11	APPLE	33	-999	P	400
1272492786014	1	RECOG_FEEDBACK	1
1272492786779	0	RECOG_PRES	11	GALLON	618	-999	P	780
1272492787929	0	RECOG_CR_PRES	11	GALLON	618	-999	P	518
1272492788771	1	RECOG_FEEDBACK	1
1272492789487	0	RECOG_PRES	11	SILK	1307	-999	P	1216
1272492791072	0	RECOG_CR_PRES	11	SILK	1307	-999	P	343
1272492791771	1	RECOG_FEEDBACK	1
1272492792487	0	RECOG_PRES	11	BODY	145	-999	P	1024
1272492793887	0	RECOG_CR_PRES	11	BODY	145	-999	P	416
1272492794629	1	RECOG_FEEDBACK	1
1272492795345	0	RECOG_PRES	11	ANT	25	-999	P	815
1272492796529	0	RECOG_CR_PRES	11	ANT	25	-999	P	462
1272492797312	1	RECOG_FEEDBACK	1
1272492798071	0	RECOG_PRES	11	ROBBER	1197	-999	P	880
1272492799320	0	RECOG_CR_PRES	11	ROBBER	1197	-999	P	399
1272492800054	1	RECOG_FEEDBACK	1
1272492800795	0	RECOG_PRES	11	PIT	1077	-999	P	1253
1272492802428	0	RECOG_CR_PRES	11	PIT	1077	-999	P	443
1272492803245	1	RECOG_FEEDBACK	1
1272492804054	0	RECOG_PRES	11	FARMER	553	-999	P	798
1272492805253	0	RECOG_CR_PRES	11	FARMER	553	-999	P	578
1272492806171	1	RECOG_FEEDBACK	1
1272492806978	0	RECOG_PRES	11	ARENA	37	-999	P	949
1272492808294	0	RECOG_CR_PRES	11	ARENA	37	-999	P	513
1272492809145	1	RECOG_FEEDBACK	1
1272492809911	0	RECOG_PRES	11	PICTURE	1061	-999	P	888
1272492811162	0	RECOG_CR_PRES	11	PICTURE	1061	-999	P	373
1272492811878	1	RECOG_FEEDBACK	1
1272492812669	0	RECOG_PRES	11	TROMBONE	1508	-999	P	978
1272492814020	0	RECOG_CR_PRES	11	TROMBONE	1508	-999	P	411
1272492814769	1	RECOG_FEEDBACK	1
1272492815494	0	RECOG_PRES	11	ANCHOR	21	-999	P	873
1272492816735	0	RECOG_CR_PRES	11	ANCHOR	21	-999	P	473
1272492817519	1	RECOG_FEEDBACK	1
1272492818277	0	RECOG_PRES	11	NEPHEW	942	-999	P	842
1272492819519	0	RECOG_CR_PRES	11	NEPHEW	942	-999	P	464
1272492820310	1	RECOG_FEEDBACK	1
1272492821061	0	RECOG_PRES	11	WARDROBE	1587	-999	P	650
1272492822078	0	RECOG_CR_PRES	11	WARDROBE	1587	-999	P	641
1272492823003	1	RECOG_FEEDBACK	1
1272492823743	0	RECOG_PRES	11	SHEET	1279	-999	P	1008
1272492825119	0	RECOG_CR_PRES	11	SHEET	1279	-999	P	432
1272492825901	1	RECOG_FEEDBACK	0
1272492826626	0	RECOG_PRES	11	SOCK	1339	-999	P	917
1272492827918	0	RECOG_CR_PRES	11	SOCK	1339	-999	P	377
1272492828643	1	RECOG_FEEDBACK	1
1272492829434	0	RECOG_PRES	11	COWBOY	395	-999	P	742
1272492830551	0	RECOG_CR_PRES	11	COWBOY	395	-999	P	392
1272492831268	1	RECOG_FEEDBACK	0
1272492832069	0	RECOG_PRES	11	PAIL	1002	-999	P	2410
1272492834842	0	RECOG_CR_PRES	11	PAIL	1002	-999	P	413
1272492835617	1	RECOG_FEEDBACK	1
1272492836342	0	RECOG_PRES	11	SEAT	1264	-999	P	1361
1272492838068	0	RECOG_CR_PRES	11	SEAT	1264	-999	P	299
1272492838734	1	RECOG_FEEDBACK	1
1272492839534	0	RECOG_PRES	11	SADDLE	1221	-999	P	1121
1272492841018	0	RECOG_CR_PRES	11	SADDLE	1221	-999	P	365
1272492841767	1	RECOG_FEEDBACK	1
1272492843018	0	REST
1272492844186	1	REC_START
1272492844218	0	RECOG_PRES	12	CABINET	212	-999	P	1006
1272492845592	0	RECOG_CR_PRES	12	CABINET	212	-999	P	359
1272492846292	1	RECOG_FEEDBACK	0
1272492847076	0	RECOG_PRES	12	PLATE	1086	-999	P	867
1272492848316	0	RECOG_CR_PRES	12	PLATE	1086	-999	P	459
1272492849109	1	RECOG_FEEDBACK	1
1272492849833	0	RECOG_PRES	12	HEART	697	-999	P	790
1272492850991	0	RECOG_CR_PRES	12	HEART	697	-999	P	424
1272492851741	1	RECOG_FEEDBACK	1
1272492852533	0	RECOG_PRES	12	TRANSPLANT	1496	-999	P	754
1272492853649	0	RECOG_CR_PRES	12	TRANSPLANT	1496	-999	P	479
1272492854441	1	RECOG_FEEDBACK	1
1272492855192	0	RECOG_PRES	12	BEETLE	116	-999	P	799
1272492856366	0	RECOG_CR_PRES	12	BEETLE	116	-999	P	401
1272492857083	1	RECOG_FEEDBACK	1
1272492857816	0	RECOG_PRES	12	HAWK	692	-999	P	791
1272492858982	0	RECOG_CR_PRES	12	HAWK	692	-999	P	409
1272492859732	1	RECOG_FEEDBACK	1
1272492860482	0	RECOG_PRES	12	MARKER	870	-999	P	845
1272492861699	0	RECOG_CR_PRES	12	MARKER	870	-999	P	461
1272492862490	1	RECOG_FEEDBACK	1
1272492863290	0	RECOG_PRES	12	BABY	64	-999	P	801
1272492864490	0	RECOG_CR_PRES	12	BABY	64	-999	P	413
1272492865248	1	RECOG_FEEDBACK	1
1272492865998	0	RECOG_PRES	12	FLOWER	584	-999	P	817
1272492867183	0	RECOG_CR_PRES	12	FLOWER	584	-999	P	320
1272492867848	1	RECOG_FEEDBACK	0
1272492868557	0	RECOG_PRES	12	POLYESTER	1100	-999	P	826
1272492869757	0	RECOG_CR_PRES	12	POLYESTER	1100	-999	P	395
1272492870481	1	RECOG_FEEDBACK	1
1272492871224	0	RECOG_PRES	12	SQUID	1361	-999	P	808
1272492872406	0	RECOG_CR_PRES	12	SQUID	1361	-999	P	537
1272492873281	1	RECOG_FEEDBACK	1
1272492873998	0	RECOG_PRES	12	LOG	841	-999	P	945
1272492875315	0	RECOG_CR_PRES	12	LOG	841	-999	P	380
1272492876040	1	RECOG_FEEDBACK	1
1272492876831	0	RECOG_PRES	12	ROBE	1198	-999	P	592
1272492877798	0	RECOG_CR_PRES	12	ROBE	1198	-999	P	457
1272492878564	1	RECOG_FEEDBACK	1
1272492879273	0	RECOG_PRES	12	PERCH	1048	-999	P	1446
1272492881082	0	RECOG_CR_PRES	12	PERCH	1048	-999	P	605
1272492882157	1	RECOG_FEEDBACK	0
1272492882964	0	RECOG_PRES	12	FRIEND	606	-999	P	955
1272492884289	0	RECOG_CR_PRES	12	FRIEND	606	-999	P	294
1272492884972	1	RECOG_FEEDBACK	0
1272492885689	0	RECOG_PRES	12	VACUUM	1543	-999	P	1014
1272492887065	0	RECOG_CR_PRES	12	VACUUM	1543	-999	P	414
1272492887797	1	RECOG_FEEDBACK	1
1272492888597	0	RECOG_PRES	12	PRESIDENT	1121	-999	P	930
1272492889888	0	RECOG_CR_PRES	12	PRESIDENT	1121	-999	P	328
1272492890597	1	RECOG_FEEDBACK	1
1272492891363	0	RECOG_PRES	12	RAILROAD	1162	-999	P	636
1272492892372	0	RECOG_CR_PRES	12	RAILROAD	1162	-999	P	684
1272492893363	1	RECOG_FEEDBACK	1
1272492894097	0	RECOG_PRES	12	MICROSCOPE	891	-999	P	630
1272492895089	0	RECOG_CR_PRES	12	MICROSCOPE	891	-999	P	446
1272492895863	1	RECOG_FEEDBACK	1
1272492896646	0	RECOG_PRES	12	IGLOO	734	-999	P	745
1272492897763	0	RECOG_CR_PRES	12	IGLOO	734	-999	P	381
1272492898479	1	RECOG_FEEDBACK	1
1272492899746	0	REST
1272492900875	1	REC_START
1272492900913	0	RECOG_PRES	13	TROUT	1511	-999	P	870
1272492902147	0	RECOG_CR_PRES	13	TROUT	1511	-999	P	428
1272492902921	1	RECOG_FEEDBACK	1
1272492903671	0	RECOG_PRES	13	BAKER	71	-999	P	712
1272492904754	0	RECOG_CR_PRES	13	BAKER	71	-999	P	350
1272492905471	1	RECOG_FEEDBACK	1
1272492906246	0	RECOG_PRES	13	SLEIGH	1325	-999	P	1033
1272492907645	0	RECOG_CR_PRES	13	SLEIGH	1325	-999	P	306
1272492908337	1	RECOG_FEEDBACK	0
1272492909138	0	RECOG_PRES	13	THIGH	1457	-999	P	613
1272492910113	0	RECOG_CR_PRES	13	THIGH	1457	-999	P	470
1272492910887	1	RECOG_FEEDBACK	1
1272492911662	0	RECOG_PRES	13	TRIGGER	1507	-999	P	1337
1272492913370	0	RECOG_CR_PRES	13	TRIGGER	1507	-999	P	509
1272492914213	1	RECOG_FEEDBACK	1
1272492914995	0	RECOG_PRES	13	HERB	704	-999	P	772
1272492916129	0	RECOG_CR_PRES	13	HERB	704	-999	P	406
1272492916861	1	RECOG_FEEDBACK	1
1272492917603	0	RECOG_PRES	13	WATERFALL	1595	-999	P	780
1272492918753	0	RECOG_CR_PRES	13	WATERFALL	1595	-999	P	534
1272492919603	1	RECOG_FEEDBACK	1
1272492920361	0	RECOG_PRES	13	FOOT	590	-999	P	671
1272492921403	0	RECOG_CR_PRES	13	FOOT	590	-999	P	476
1272492922212	1	RECOG_FEEDBACK	1
1272492923012	0	RECOG_PRES	13	WASHCLOTH	1591	-999	P	899
1272492924286	0	RECOG_CR_PRES	13	WASHCLOTH	1591	-999	P	385
1272492925045	1	RECOG_FEEDBACK	0
1272492925794	0	RECOG_PRES	13	DUMP	505	-999	P	1093
1272492927261	0	RECOG_CR_PRES	13	DUMP	505	-999	P	354
1272492927994	1	RECOG_FEEDBACK	1
1272492928727	0	RECOG_PRES	13	LODGE	839	-999	P	712
1272492929810	0	RECOG_CR_PRES	13	LODGE	839	-999	P	414
1272492930560	1	RECOG_FEEDBACK	1
1272492931352	0	RECOG_PRES	13	CAFE	216	-999	P	623
1272492932344	0	RECOG_CR_PRES	13	CAFE	216	-999	P	479
1272492933153	1	RECOG_FEEDBACK	1
1272492933935	0	RECOG_PRES	13	TURKEY	1520	-999	P	888
1272492935186	0	RECOG_CR_PRES	13	TURKEY	1520	-999	P	373
1272492935918	1	RECOG_FEEDBACK	1
1272492936685	0	RECOG_PRES	13	JET	756	-999	P	826
1272492937885	0	RECOG_CR_PRES	13	JET	756	-999	P	450
1272492938668	1	RECOG_FEEDBACK	1
1272492939426	0	RECOG_PRES	13	MUSEUM	933	-999	P	949
1272492940751	0	RECOG_CR_PRES	13	MUSEUM	933	-999	P	473
1272492941593	1	RECOG_FEEDBACK	1
1272492942385	0	RECOG_PRES	13	ADOLESCENT	7	-999	P	990
1272492943751	0	RECOG_CR_PRES	13	ADOLESCENT	7	-999	P	473
1272492944568	1	RECOG_FEEDBACK	1
1272492945359	0	RECOG_PRES	13	CLOWN	330	-999	P	624
1272492946359	0	RECOG_CR_PRES	13	CLOWN	330	-999	P	536
1272492947202	1	RECOG_FEEDBACK	1
1272492947976	0	RECOG_PRES	13	CHAMBER	277	-999	P	887
1272492949226	0	RECOG_CR_PRES	13	CHAMBER	277	-999	P	333
1272492949909	1	RECOG_FEEDBACK	0
1272492950701	0	RECOG_PRES	13	JAM	748	-999	P	1042
1272492952110	0	RECOG_CR_PRES	13	JAM	748	-999	P	393
1272492952875	1	RECOG_FEEDBACK	0
1272492953592	0	RECOG_PRES	13	BUREAU	199	-999	P	1063
1272492955018	0	RECOG_CR_PRES	13	BUREAU	199	-999	P	453
1272492955817	1	RECOG_FEEDBACK	1
1272492957135	0	REST
1272492957971	1	REC_START
1272492958009	0	RECOG_PRES	14	CUSHION	428	-999	P	958
1272492959342	0	RECOG_CR_PRES	14	CUSHION	428	-999	P	433
1272492960118	1	RECOG_FEEDBACK	1
1272492960908	0	RECOG_PRES	14	FORK	594	-999	P	1172
1272492962450	0	RECOG_CR_PRES	14	FORK	594	-999	P	285
1272492963159	1	RECOG_FEEDBACK	1
1272492963900	0	RECOG_PRES	14	FIDDLE	561	-999	P	1827
1272492966092	0	RECOG_CR_PRES	14	FIDDLE	561	-999	P	387
1272492966991	1	RECOG_FEEDBACK	0
1272492967774	0	RECOG_PRES	14	BLUEPRINT	142	-999	P	817
1272492968966	0	RECOG_CR_PRES	14	BLUEPRINT	142	-999	P	409
1272492969707	1	RECOG_FEEDBACK	1
1272492970499	0	RECOG_PRES	14	FIREPLACE	570	-999	P	808
1272492971707	0	RECOG_CR_PRES	14	FIREPLACE	570	-999	P	333
1272492972349	1	RECOG_FEEDBACK	1
1272492973158	0	RECOG_PRES	14	PLUTO	1092	-999	P	705
1272492974225	0	RECOG_CR_PRES	14	PLUTO	1092	-999	P	326
1272492974882	1	RECOG_FEEDBACK	1
1272492975665	0	RECOG_PRES	14	GENTLEMAN	631	-999	P	1006
1272492977033	0	RECOG_CR_PRES	14	GENTLEMAN	631	-999	P	254
1272492977649	1	RECOG_FEEDBACK	1
1272492978390	0	RECOG_PRES	14	SNACK	1331	-999	P	834
1272492979598	0	RECOG_CR_PRES	14	SNACK	1331	-999	P	321
1272492980248	1	RECOG_FEEDBACK	1
1272492981049	0	RECOG_PRES	14	LASH	802	-999	P	1374
1272492982798	0	RECOG_CR_PRES	14	LASH	802	-999	P	298
1272492983540	1	RECOG_FEEDBACK	0
1272492984340	0	RECOG_PRES	14	SWAN	1417	-999	P	1067
1272492985781	0	RECOG_CR_PRES	14	SWAN	1417	-999	P	323
1272492986473	1	RECOG_FEEDBACK	1
1272492987231	0	RECOG_PRES	14	HAM	678	-999	P	704
1272492988306	0	RECOG_CR_PRES	14	HAM	678	-999	P	429
1272492989065	1	RECOG_FEEDBACK	1
1272492989873	0	RECOG_PRES	14	LIVER	833	-999	P	910
1272492991149	0	RECOG_CR_PRES	14	LIVER	833	-999	P	506
1272492992024	1	RECOG_FEEDBACK	1
1272492992756	0	RECOG_PRES	14	DRYER	503	-999	P	995
1272492994115	0	RECOG_CR_PRES	14	DRYER	503	-999	P	348
1272492994831	1	RECOG_FEEDBACK	1
1272492995639	0	RECOG_PRES	14	CABOOSE	214	-999	P	848
1272492996856	0	RECOG_CR_PRES	14	CABOOSE	214	-999	P	423
1272492997647	1	RECOG_FEEDBACK	1
1272492998439	0	RECOG_PRES	14	CLOUD	328	-999	P	1088
1272492999897	0	RECOG_CR_PRES	14	CLOUD	328	-999	P	287
1272493000572	1	RECOG_FEEDBACK	1
1272493001305	0	RECOG_PRES	14	STRANGER	1389	-999	P	867
1272493002580	0	RECOG_CR_PRES	14	STRANGER	1389	-999	P	355
1272493003313	1	RECOG_FEEDBACK	0
1272493004106	0	RECOG_PRES	14	MONUMENT	913	-999	P	805
1272493005280	0	RECOG_CR_PRES	14	MONUMENT	913	-999	P	383
1272493005980	1	RECOG_FEEDBACK	1
1272493006738	0	RECOG_PRES	14	FAIRY	549	-999	P	917
1272493008022	0	RECOG_CR_PRES	14	FAIRY	549	-999	P	456
1272493008855	1	RECOG_FEEDBACK	1
1272493009588	0	RECOG_PRES	14	BELT	120	-999	P	1331
1272493011279	0	RECOG_CR_PRES	14	BELT	120	-999	P	584
1272493012246	1	RECOG_FEEDBACK	1
1272493013005	0	RECOG_PRES	14	CARTON	251	-999	P	778
1272493014147	0	RECOG_CR_PRES	14	CARTON	251	-999	P	532
1272493015047	1	RECOG_FEEDBACK	1
1272493016421	0	REST
1272493017401	1	REC_START
1272493017437	0	RECOG_PRES	15	BALLOT	76	-999	P	1082
1272493018887	0	RECOG_CR_PRES	15	BALLOT	76	-999	P	448
1272493019670	1	RECOG_FEEDBACK	1
1272493020412	0	RECOG_PRES	15	COMMITTEE	355	-999	P	987
1272493021770	0	RECOG_CR_PRES	15	COMMITTEE	355	-999	P	294
1272493022420	1	RECOG_FEEDBACK	0
1272493023155	0	RECOG_PRES	15	ORNAMENT	985	-999	P	1021
1272493024545	0	RECOG_CR_PRES	15	ORNAMENT	985	-999	P	286
1272493025188	1	RECOG_FEEDBACK	0
1272493025953	0	RECOG_PRES	15	TOAST	1471	-999	P	841
1272493027188	0	RECOG_CR_PRES	15	TOAST	1471	-999	P	283
1272493027845	1	RECOG_FEEDBACK	1
1272493028595	0	RECOG_PRES	15	VICTIM	1562	-999	P	857
1272493029853	0	RECOG_CR_PRES	15	VICTIM	1562	-999	P	275
1272493030478	1	RECOG_FEEDBACK	1
1272493031236	0	RECOG_PRES	15	MOUSE	925	-999	P	988
1272493032595	0	RECOG_CR_PRES	15	MOUSE	925	-999	P	316
1272493033286	1	RECOG_FEEDBACK	0
1272493034045	0	RECOG_PRES	15	COMPASS	358	-999	P	1091
1272493035511	0	RECOG_CR_PRES	15	COMPASS	358	-999	P	464
1272493036353	1	RECOG_FEEDBACK	1
1272493037079	0	RECOG_PRES	15	MAJOR	859	-999	P	800
1272493038252	0	RECOG_CR_PRES	15	MAJOR	859	-999	P	459
1272493039045	1	RECOG_FEEDBACK	1
1272493039761	0	RECOG_PRES	15	INTESTINE	742	-999	P	891
1272493041045	0	RECOG_CR_PRES	15	INTESTINE	742	-999	P	410
1272493041802	1	RECOG_FEEDBACK	1
1272493042577	0	RECOG_PRES	15	CACTUS	215	-999	P	894
1272493043844	0	RECOG_CR_PRES	15	CACTUS	215	-999	P	419
1272493044619	1	RECOG_FEEDBACK	1
1272493045427	0	RECOG_PRES	15	RIVER	1194	-999	P	908
1272493046710	0	RECOG_CR_PRES	15	RIVER	1194	-999	P	529
1272493047585	1	RECOG_FEEDBACK	1
1272493048302	0	RECOG_PRES	15	FOUNTAIN	597	-999	P	1033
1272493049710	0	RECOG_CR_PRES	15	FOUNTAIN	597	-999	P	362
1272493050418	1	RECOG_FEEDBACK	0
1272493051177	0	RECOG_PRES	15	GIRL	637	-999	P	1007
1272493052551	0	RECOG_CR_PRES	15	GIRL	637	-999	P	529
1272493053426	1	RECOG_FEEDBACK	1
1272493054211	0	RECOG_PRES	15	DUNE	506	-999	P	1500
1272493056077	0	RECOG_CR_PRES	15	DUNE	506	-999	P	418
1272493056959	1	RECOG_FEEDBACK	1
1272493057668	0	RECOG_PRES	15	THICKET	1455	-999	P	931
1272493058968	0	RECOG_CR_PRES	15	THICKET	1455	-999	P	383
1272493059692	1	RECOG_FEEDBACK	1
1272493060442	0	RECOG_PRES	15	TILE	1468	-999	P	758
1272493061567	0	RECOG_CR_PRES	15	TILE	1468	-999	P	441
1272493062317	1	RECOG_FEEDBACK	1
1272493063077	0	RECOG_PRES	15	CHURCH	307	-999	P	914
1272493064367	0	RECOG_CR_PRES	15	CHURCH	307	-999	P	424
1272493065126	1	RECOG_FEEDBACK	1
1272493065875	0	RECOG_PRES	15	CELERY	266	-999	P	700
1272493066950	0	RECOG_CR_PRES	15	CELERY	266	-999	P	321
1272493067592	1	RECOG_FEEDBACK	1
1272493068309	0	RECOG_PRES	15	JAPAN	749	-999	P	811
1272493069492	0	RECOG_CR_PRES	15	JAPAN	749	-999	P	491
1272493070317	1	RECOG_FEEDBACK	1
1272493071093	0	RECOG_PRES	15	SMOG	1330	-999	P	826
1272493072292	0	RECOG_CR_PRES	15	SMOG	1330	-999	P	411
1272493073051	1	RECOG_FEEDBACK	1
1272493073855	0	RECOG_END
1272493077850	0	SESS_END
1272493077895	0	E	Logging Ends
