1276550793170	0	B	Logging Begins
1276550793170	0	SESS_START	3
1276550852605	1	FR_PRES	0	FOOT	590	0	0	1338	(0.57740000000000002, 0.41289999999999999, 1.0)	../fonts/amplitud.ttf	lower
1276550856638	1	FR_PRES	0	PAW	1029	0	0	1321	(0.57740000000000002, 0.41289999999999999, 1.0)	../fonts/amplitud.ttf	lower
1276550860463	1	FR_PRES	0	SAUCER	1237	0	0	1008	(0.57740000000000002, 0.41289999999999999, 1.0)	../fonts/amplitud.ttf	lower
1276550864463	1	FR_PRES	0	PIANO	1057	1	0	1896	(0.42259999999999998, 0.58709999999999996, 0)	../fonts/zerothre.ttf	upper
1276550868579	1	FR_PRES	0	WATER	1594	1	0	1395	(0.42259999999999998, 0.58709999999999996, 0)	../fonts/zerothre.ttf	upper
1276550872612	1	FR_PRES	0	MAN	862	1	1	771	(0.42259999999999998, 0.58709999999999996, 0)	../fonts/zerothre.ttf	upper
1276550876679	1	FR_PRES	0	BUFFALO	186	1	1	1040	(0.42259999999999998, 0.58709999999999996, 0)	../fonts/zerothre.ttf	upper
1276550880562	1	FR_PRES	0	LEOPARD	812	1	1	909	(0.42259999999999998, 0.58709999999999996, 0)	../fonts/zerothre.ttf	upper
1276550884503	1	FR_PRES	0	BANDIT	81	0	1	1720	(0.57740000000000002, 0.41289999999999999, 1.0)	../fonts/amplitud.ttf	lower
1276550888619	1	FR_PRES	0	BUS	201	0	1	916	(0.57740000000000002, 0.41289999999999999, 1.0)	../fonts/amplitud.ttf	lower
1276550892536	1	FR_PRES	0	PEN	1041	0	0	1047	(0.57740000000000002, 0.41289999999999999, 1.0)	../fonts/amplitud.ttf	lower
1276550896569	1	FR_PRES	0	DIRECTOR	471	0	1	1566	(0.57740000000000002, 0.41289999999999999, 1.0)	../fonts/amplitud.ttf	lower
1276550900402	1	FR_PRES	0	SWAMP	1416	0	1	1101	(0.57740000000000002, 0.41289999999999999, 1.0)	../fonts/amplitud.ttf	lower
1276550904452	1	FR_PRES	0	COFFEE	341	1	0	1683	(0.42259999999999998, 0.58709999999999996, 0)	../fonts/zerothre.ttf	upper
1276550908468	1	FR_PRES	0	SOLDIER	1344	1	1	915	(0.42259999999999998, 0.58709999999999996, 0)	../fonts/zerothre.ttf	upper
1276550912543	1	FR_PRES	0	TANK	1432	1	0	1736	(0.42259999999999998, 0.58709999999999996, 0)	../fonts/zerothre.ttf	upper
1276550918484	1	REC_START
1276551002286	0	REST
1276551003794	1	FR_PRES	1	AIRPORT	13	1	0	1349	(0.42259999999999998, 0.58709999999999996, 0)	../fonts/zerothre.ttf	upper
1276551007969	1	FR_PRES	1	PENGUIN	1044	1	1	870	(0.42259999999999998, 0.58709999999999996, 0)	../fonts/zerothre.ttf	upper
1276551011885	1	FR_PRES	1	BUNNY	198	0	0	1402	(0.57740000000000002, 0.41289999999999999, 1.0)	../fonts/amplitud.ttf	lower
1276551015760	1	FR_PRES	1	GENERAL	630	0	1	1367	(0.57740000000000002, 0.41289999999999999, 1.0)	../fonts/amplitud.ttf	lower
1276551019651	1	FR_PRES	1	LEADER	807	1	1	1468	(0.42259999999999998, 0.58709999999999996, 0)	../fonts/zerothre.ttf	upper
1276551023484	1	FR_PRES	1	PRISON	1127	1	0	1435	(0.42259999999999998, 0.58709999999999996, 0)	../fonts/zerothre.ttf	upper
1276551027534	1	FR_PRES	1	HELICOPTER	701	0	1	1577	(0.57740000000000002, 0.41289999999999999, 1.0)	../fonts/amplitud.ttf	lower
1276551031550	1	FR_PRES	1	FLY	586	0	0	1585	(0.57740000000000002, 0.41289999999999999, 1.0)	../fonts/amplitud.ttf	lower
1276551035433	1	FR_PRES	1	CELERY	266	0	0	1078	(0.57740000000000002, 0.41289999999999999, 1.0)	../fonts/amplitud.ttf	lower
1276551039458	1	FR_PRES	1	SPONGE	1355	0	0	1277	(0.57740000000000002, 0.41289999999999999, 1.0)	../fonts/amplitud.ttf	lower
1276551043349	1	FR_PRES	1	BUCKET	184	0	0	1130	(0.57740000000000002, 0.41289999999999999, 1.0)	../fonts/amplitud.ttf	lower
1276551047308	1	FR_PRES	1	TUNNEL	1519	0	1	1067	(0.57740000000000002, 0.41289999999999999, 1.0)	../fonts/amplitud.ttf	lower
1276551051457	1	FR_PRES	1	BRIDGE	174	1	0	1893	(0.42259999999999998, 0.58709999999999996, 0)	../fonts/zerothre.ttf	upper
1276551055640	1	FR_PRES	1	MARSH	874	1	0	1151	(0.42259999999999998, 0.58709999999999996, 0)	../fonts/zerothre.ttf	upper
1276551059782	1	FR_PRES	1	BROOM	178	1	0	1009	(0.42259999999999998, 0.58709999999999996, 0)	../fonts/zerothre.ttf	upper
1276551063823	1	FR_PRES	1	RULER	1216	1	0	1088	(0.42259999999999998, 0.58709999999999996, 0)	../fonts/zerothre.ttf	upper
1276551069765	1	REC_START
1276551148125	0	REST
1276551149633	1	FR_PRES	2	SHIRT	1287	0	0	1078	(0.57740000000000002, 0.41289999999999999, 1.0)	../fonts/amplitud.ttf	lower
1276551153650	1	FR_PRES	2	TROUSERS	1510	0	0	1125	(0.57740000000000002, 0.41289999999999999, 1.0)	../fonts/amplitud.ttf	lower
1276551157708	1	FR_PRES	2	GYMNAST	675	0	1	867	(0.57740000000000002, 0.41289999999999999, 1.0)	../fonts/amplitud.ttf	lower
1276551161874	1	FR_PRES	2	CLOWN	330	0	1	1317	(0.57740000000000002, 0.41289999999999999, 1.0)	../fonts/amplitud.ttf	lower
1276551166082	1	FR_PRES	2	POSTAGE	1113	0	0	845	(0.57740000000000002, 0.41289999999999999, 1.0)	../fonts/amplitud.ttf	lower
1276551170098	1	FR_PRES	2	BOUQUET	157	0	0	1141	(0.57740000000000002, 0.41289999999999999, 1.0)	../fonts/amplitud.ttf	lower
1276551174123	1	FR_PRES	2	DICE	461	0	0	1420	(0.57740000000000002, 0.41289999999999999, 1.0)	../fonts/amplitud.ttf	lower
1276551178081	1	FR_PRES	2	SEAL	1262	0	1	1742	(0.57740000000000002, 0.41289999999999999, 1.0)	../fonts/amplitud.ttf	lower
1276551182197	1	FR_PRES	2	CAP	236	0	0	1602	(0.57740000000000002, 0.41289999999999999, 1.0)	../fonts/amplitud.ttf	lower
1276551186080	1	FR_PRES	2	BRAIN	165	0	0	1055	(0.57740000000000002, 0.41289999999999999, 1.0)	../fonts/amplitud.ttf	lower
1276551190222	1	FR_PRES	2	PLAID	1080	0	0	937	(0.57740000000000002, 0.41289999999999999, 1.0)	../fonts/amplitud.ttf	lower
1276551194372	1	FR_PRES	2	BEET	115	0	0	1267	(0.57740000000000002, 0.41289999999999999, 1.0)	../fonts/amplitud.ttf	lower
1276551198438	1	FR_PRES	2	CHEMIST	292	0	1	897	(0.57740000000000002, 0.41289999999999999, 1.0)	../fonts/amplitud.ttf	lower
1276551202538	1	FR_PRES	2	PRINCE	1124	0	1	901	(0.57740000000000002, 0.41289999999999999, 1.0)	../fonts/amplitud.ttf	lower
1276551206712	1	FR_PRES	2	ROOSTER	1209	0	1	1903	(0.57740000000000002, 0.41289999999999999, 1.0)	../fonts/amplitud.ttf	lower
1276551210595	1	FR_PRES	2	DRESS	495	0	0	1116	(0.57740000000000002, 0.41289999999999999, 1.0)	../fonts/amplitud.ttf	lower
1276551216479	1	REC_START
1276551305938	0	REST
1276551307446	1	FR_PRES	3	CRAB	397	0	0	1017	(0.57740000000000002, 0.41289999999999999, 1.0)	../fonts/amplitud.ttf	lower
1276551311621	1	FR_PRES	3	COOKBOOK	373	0	0	1034	(0.57740000000000002, 0.41289999999999999, 1.0)	../fonts/amplitud.ttf	lower
1276551315696	1	FR_PRES	3	STRAW	1390	0	0	791	(0.57740000000000002, 0.41289999999999999, 1.0)	../fonts/amplitud.ttf	lower
1276551319604	1	FR_PRES	3	CREW	406	0	1	1307	(0.57740000000000002, 0.41289999999999999, 1.0)	../fonts/amplitud.ttf	lower
1276551323687	1	FR_PRES	3	VIDEO	1564	0	0	1448	(0.57740000000000002, 0.41289999999999999, 1.0)	../fonts/amplitud.ttf	lower
1276551327862	1	FR_PRES	3	EWE	542	0	1	1441	(0.57740000000000002, 0.41289999999999999, 1.0)	../fonts/amplitud.ttf	lower
1276551331786	1	FR_PRES	3	CHIEF	298	0	1	741	(0.57740000000000002, 0.41289999999999999, 1.0)	../fonts/amplitud.ttf	lower
1276551335894	1	FR_PRES	3	TROUT	1511	0	0	1417	(0.57740000000000002, 0.41289999999999999, 1.0)	../fonts/amplitud.ttf	lower
1276551339719	1	FR_PRES	3	PEARL	1034	0	0	1160	(0.57740000000000002, 0.41289999999999999, 1.0)	../fonts/amplitud.ttf	lower
1276551343885	1	FR_PRES	3	DIAMOND	458	0	0	1514	(0.57740000000000002, 0.41289999999999999, 1.0)	../fonts/amplitud.ttf	lower
1276551347943	1	FR_PRES	3	TELEVISION	1447	0	1	960	(0.57740000000000002, 0.41289999999999999, 1.0)	../fonts/amplitud.ttf	lower
1276551352018	1	FR_PRES	3	TOWEL	1489	0	1	1221	(0.57740000000000002, 0.41289999999999999, 1.0)	../fonts/amplitud.ttf	lower
1276551355918	1	FR_PRES	3	NET	946	0	0	2089	(0.57740000000000002, 0.41289999999999999, 1.0)	../fonts/amplitud.ttf	lower
1276551359826	1	FR_PRES	3	PERCH	1048	0	1	2205	(0.57740000000000002, 0.41289999999999999, 1.0)	../fonts/amplitud.ttf	lower
1276551363959	1	FR_PRES	3	COMMANDER	354	0	1	792	(0.57740000000000002, 0.41289999999999999, 1.0)	../fonts/amplitud.ttf	lower
1276551367959	1	FR_PRES	3	COCKTAIL	338	0	0	1432	(0.57740000000000002, 0.41289999999999999, 1.0)	../fonts/amplitud.ttf	lower
1276551373592	1	REC_START
1276551450919	0	REST
1276551452427	1	FR_PRES	4	SANDWICH	1232	-1	-1	-1276551452427	white	../fonts/Verdana.ttf	upper
1276551456269	1	FR_PRES	4	DOUGH	489	-1	-1	-1276551456269	white	../fonts/Verdana.ttf	upper
1276551460110	1	FR_PRES	4	MUFFIN	929	-1	-1	-1276551460110	white	../fonts/Verdana.ttf	upper
1276551464285	1	FR_PRES	4	GATE	625	-1	-1	-1276551464285	white	../fonts/Verdana.ttf	upper
1276551468118	1	FR_PRES	4	TWIN	1528	-1	-1	-1276551468118	white	../fonts/Verdana.ttf	upper
1276551472134	1	FR_PRES	4	LADDER	793	-1	-1	-1276551472134	white	../fonts/Verdana.ttf	upper
1276551476184	1	FR_PRES	4	ORNAMENT	985	-1	-1	-1276551476184	white	../fonts/Verdana.ttf	upper
1276551480317	1	FR_PRES	4	CUPBOARD	425	-1	-1	-1276551480317	white	../fonts/Verdana.ttf	upper
1276551484342	1	FR_PRES	4	BOX	159	-1	-1	-1276551484342	white	../fonts/Verdana.ttf	upper
1276551488225	1	FR_PRES	4	LAUNDRY	803	-1	-1	-1276551488225	white	../fonts/Verdana.ttf	upper
1276551492349	1	FR_PRES	4	DOUGHNUT	490	-1	-1	-1276551492349	white	../fonts/Verdana.ttf	upper
1276551496557	1	FR_PRES	4	SAP	1233	-1	-1	-1276551496557	white	../fonts/Verdana.ttf	upper
1276551500599	1	FR_PRES	4	DETERGENT	455	-1	-1	-1276551500599	white	../fonts/Verdana.ttf	upper
1276551504523	1	FR_PRES	4	POLITICIAN	1099	-1	-1	-1276551504523	white	../fonts/Verdana.ttf	upper
1276551508690	1	FR_PRES	4	COLESLAW	344	-1	-1	-1276551508690	white	../fonts/Verdana.ttf	upper
1276551512664	1	FR_PRES	4	BROCCOLI	176	-1	-1	-1276551512664	white	../fonts/Verdana.ttf	upper
1276551518431	1	REC_START
1276551596908	0	REST
1276551598416	1	FR_PRES	5	ESSAY	540	0	0	999	(0.57740000000000002, 0.41289999999999999, 1.0)	../fonts/amplitud.ttf	lower
1276551602508	1	FR_PRES	5	STRAWBERRY	1391	0	0	875	(0.57740000000000002, 0.41289999999999999, 1.0)	../fonts/amplitud.ttf	lower
1276551606449	1	FR_PRES	5	DESK	452	1	0	1238	(0.42259999999999998, 0.58709999999999996, 0)	../fonts/zerothre.ttf	upper
1276551610516	1	FR_PRES	5	EMPLOYER	532	1	1	1259	(0.42259999999999998, 0.58709999999999996, 0)	../fonts/zerothre.ttf	upper
1276551614449	1	FR_PRES	5	PEACH	1031	1	1	790	(0.42259999999999998, 0.58709999999999996, 0)	../fonts/zerothre.ttf	upper
1276551618423	1	FR_PRES	5	COP	376	1	1	1144	(0.42259999999999998, 0.58709999999999996, 0)	../fonts/zerothre.ttf	upper
1276551622365	1	FR_PRES	5	AGENT	10	0	0	2330	(0.57740000000000002, 0.41289999999999999, 1.0)	../fonts/amplitud.ttf	lower
1276551626531	1	FR_PRES	5	TOENAIL	1474	0	0	924	(0.57740000000000002, 0.41289999999999999, 1.0)	../fonts/amplitud.ttf	lower
1276551630722	1	FR_PRES	5	PARSLEY	1016	0	0	1229	(0.57740000000000002, 0.41289999999999999, 1.0)	../fonts/amplitud.ttf	lower
1276551634614	1	FR_PRES	5	CABLE	213	1	0	1841	(0.42259999999999998, 0.58709999999999996, 0)	../fonts/zerothre.ttf	upper
1276551638547	1	FR_PRES	5	UNIVERSITY	1541	1	0	1116	(0.42259999999999998, 0.58709999999999996, 0)	../fonts/zerothre.ttf	upper
1276551642363	1	FR_PRES	5	MONKEY	911	1	1	1268	(0.42259999999999998, 0.58709999999999996, 0)	../fonts/zerothre.ttf	upper
1276551646546	1	FR_PRES	5	DETECTIVE	454	1	1	1477	(0.42259999999999998, 0.58709999999999996, 0)	../fonts/zerothre.ttf	upper
1276551650754	1	FR_PRES	5	POLICE	1098	0	1	1493	(0.57740000000000002, 0.41289999999999999, 1.0)	../fonts/amplitud.ttf	lower
1276551654837	1	FR_PRES	5	NEWSPAPER	948	0	0	2010	(0.57740000000000002, 0.41289999999999999, 1.0)	../fonts/amplitud.ttf	lower
1276551658779	1	FR_PRES	5	STAFF	1365	0	1	1100	(0.57740000000000002, 0.41289999999999999, 1.0)	../fonts/amplitud.ttf	lower
1276551664804	1	REC_START
1276551753005	0	REST
1276551754513	1	FR_PRES	6	SIRLOIN	1311	-1	-1	-1276551754513	white	../fonts/Verdana.ttf	upper
1276551758488	1	FR_PRES	6	DANDRUFF	439	-1	-1	-1276551758488	white	../fonts/Verdana.ttf	upper
1276551762696	1	FR_PRES	6	ERASER	538	-1	-1	-1276551762696	white	../fonts/Verdana.ttf	upper
1276551766620	1	FR_PRES	6	SCRIBBLE	1256	-1	-1	-1276551766620	white	../fonts/Verdana.ttf	upper
1276551770745	1	FR_PRES	6	FIGHTER	564	-1	-1	-1276551770745	white	../fonts/Verdana.ttf	upper
1276551774687	1	FR_PRES	6	KNUCKLE	789	-1	-1	-1276551774687	white	../fonts/Verdana.ttf	upper
1276551778570	1	FR_PRES	6	HAT	690	-1	-1	-1276551778570	white	../fonts/Verdana.ttf	upper
1276551782461	1	FR_PRES	6	GRATE	657	-1	-1	-1276551782461	white	../fonts/Verdana.ttf	upper
1276551786577	1	FR_PRES	6	PILOT	1070	-1	-1	-1276551786577	white	../fonts/Verdana.ttf	upper
1276551790785	1	FR_PRES	6	CHAIRPERSON	275	-1	-1	-1276551790785	white	../fonts/Verdana.ttf	upper
1276551794860	1	FR_PRES	6	SUPERVISOR	1410	-1	-1	-1276551794860	white	../fonts/Verdana.ttf	upper
1276551798885	1	FR_PRES	6	FOREHEAD	592	-1	-1	-1276551798885	white	../fonts/Verdana.ttf	upper
1276551802710	1	FR_PRES	6	BALL	73	-1	-1	-1276551802710	white	../fonts/Verdana.ttf	upper
1276551806818	1	FR_PRES	6	GUITAR	670	-1	-1	-1276551806818	white	../fonts/Verdana.ttf	upper
1276551810926	1	FR_PRES	6	BAND	78	-1	-1	-1276551810926	white	../fonts/Verdana.ttf	upper
1276551814784	1	FR_PRES	6	RIB	1188	-1	-1	-1276551814784	white	../fonts/Verdana.ttf	upper
1276551820442	1	REC_START
1276551904644	0	REST
1276551906143	1	FR_PRES	7	ELF	525	1	1	952	(0.42259999999999998, 0.58709999999999996, 0)	../fonts/zerothre.ttf	upper
1276551910185	1	FR_PRES	7	APE	31	1	1	1038	(0.42259999999999998, 0.58709999999999996, 0)	../fonts/zerothre.ttf	upper
1276551914084	1	FR_PRES	7	MARINE	869	1	1	939	(0.42259999999999998, 0.58709999999999996, 0)	../fonts/zerothre.ttf	upper
1276551917959	1	FR_PRES	7	SNORKEL	1336	1	0	1624	(0.42259999999999998, 0.58709999999999996, 0)	../fonts/zerothre.ttf	upper
1276551922134	1	FR_PRES	7	BALLOT	76	1	0	1265	(0.42259999999999998, 0.58709999999999996, 0)	../fonts/zerothre.ttf	upper
1276551926092	1	FR_PRES	7	REGISTER	1180	1	0	1267	(0.42259999999999998, 0.58709999999999996, 0)	../fonts/zerothre.ttf	upper
1276551930092	1	FR_PRES	7	CREEK	404	1	0	1195	(0.42259999999999998, 0.58709999999999996, 0)	../fonts/zerothre.ttf	upper
1276551934200	1	FR_PRES	7	VAN	1548	1	0	1095	(0.42259999999999998, 0.58709999999999996, 0)	../fonts/zerothre.ttf	upper
1276551938358	1	FR_PRES	7	CUE	422	1	0	1329	(0.42259999999999998, 0.58709999999999996, 0)	../fonts/zerothre.ttf	upper
1276551942557	1	FR_PRES	7	MATCH	878	1	0	1410	(0.42259999999999998, 0.58709999999999996, 0)	../fonts/zerothre.ttf	upper
1276551946682	1	FR_PRES	7	MILITARY	894	1	0	1581	(0.42259999999999998, 0.58709999999999996, 0)	../fonts/zerothre.ttf	upper
1276551950532	1	FR_PRES	7	DASHBOARD	441	1	0	1915	(0.42259999999999998, 0.58709999999999996, 0)	../fonts/zerothre.ttf	upper
1276551954481	1	FR_PRES	7	GIRAFFE	636	1	1	1014	(0.42259999999999998, 0.58709999999999996, 0)	../fonts/zerothre.ttf	upper
1276551958389	1	FR_PRES	7	DWARF	510	1	1	2002	(0.42259999999999998, 0.58709999999999996, 0)	../fonts/zerothre.ttf	upper
1276551962406	1	FR_PRES	7	COURSE	390	1	0	1033	(0.42259999999999998, 0.58709999999999996, 0)	../fonts/zerothre.ttf	upper
1276551966497	1	FR_PRES	7	RADIO	1157	1	0	886	(0.42259999999999998, 0.58709999999999996, 0)	../fonts/zerothre.ttf	upper
1276551972206	1	REC_START
1276552049708	0	REST
1276552051216	1	FR_PRES	8	MULE	931	1	1	1111	(0.42259999999999998, 0.58709999999999996, 0)	../fonts/zerothre.ttf	upper
1276552055266	1	FR_PRES	8	ASSOCIATE	49	1	1	829	(0.42259999999999998, 0.58709999999999996, 0)	../fonts/zerothre.ttf	upper
1276552059099	1	FR_PRES	8	SQUIRREL	1362	1	1	1412	(0.42259999999999998, 0.58709999999999996, 0)	../fonts/zerothre.ttf	upper
1276552062965	1	FR_PRES	8	SEAT	1264	0	1	1794	(0.57740000000000002, 0.41289999999999999, 1.0)	../fonts/amplitud.ttf	lower
1276552066790	1	FR_PRES	8	PADDING	999	0	1	2353	(0.57740000000000002, 0.41289999999999999, 1.0)	../fonts/amplitud.ttf	lower
1276552070756	1	FR_PRES	8	THUMB	1462	0	0	1355	(0.57740000000000002, 0.41289999999999999, 1.0)	../fonts/amplitud.ttf	lower
1276552074681	1	FR_PRES	8	NICKEL	950	0	0	1710	(0.57740000000000002, 0.41289999999999999, 1.0)	../fonts/amplitud.ttf	lower
1276552078505	1	FR_PRES	8	LAWYER	806	0	1	1438	(0.57740000000000002, 0.41289999999999999, 1.0)	../fonts/amplitud.ttf	lower
1276552082539	1	FR_PRES	8	PICTURE	1061	0	1	1492	(0.57740000000000002, 0.41289999999999999, 1.0)	../fonts/amplitud.ttf	lower
1276552086622	1	FR_PRES	8	TRIGGER	1507	1	0	1505	(0.42259999999999998, 0.58709999999999996, 0)	../fonts/zerothre.ttf	upper
1276552090496	1	FR_PRES	8	COMMUNITY	356	1	1	2015	(0.42259999999999998, 0.58709999999999996, 0)	../fonts/zerothre.ttf	upper
1276552094646	1	FR_PRES	8	FRIEND	606	0	1	1217	(0.57740000000000002, 0.41289999999999999, 1.0)	../fonts/amplitud.ttf	lower
1276552098596	1	FR_PRES	8	BISON	131	0	1	1947	(0.57740000000000002, 0.41289999999999999, 1.0)	../fonts/amplitud.ttf	lower
1276552102504	1	FR_PRES	8	JET	756	1	0	1279	(0.42259999999999998, 0.58709999999999996, 0)	../fonts/zerothre.ttf	upper
1276552106478	1	FR_PRES	8	AIRCRAFT	11	1	0	1121	(0.42259999999999998, 0.58709999999999996, 0)	../fonts/zerothre.ttf	upper
1276552110561	1	FR_PRES	8	NAIL	936	1	0	1638	(0.42259999999999998, 0.58709999999999996, 0)	../fonts/zerothre.ttf	upper
1276552116278	1	REC_START
1276552194789	0	REST
1276552196297	1	FR_PRES	9	VALVE	1546	0	0	998	(0.57740000000000002, 0.41289999999999999, 1.0)	../fonts/amplitud.ttf	lower
1276552200271	1	FR_PRES	9	VEHICLE	1553	0	1	1008	(0.57740000000000002, 0.41289999999999999, 1.0)	../fonts/amplitud.ttf	lower
1276552204079	1	FR_PRES	9	DESIGNER	451	0	1	968	(0.57740000000000002, 0.41289999999999999, 1.0)	../fonts/amplitud.ttf	lower
1276552207938	1	FR_PRES	9	BEAST	108	0	1	1285	(0.57740000000000002, 0.41289999999999999, 1.0)	../fonts/amplitud.ttf	lower
1276552211812	1	FR_PRES	9	CROCODILE	411	1	1	1627	(0.42259999999999998, 0.58709999999999996, 0)	../fonts/zerothre.ttf	upper
1276552216012	1	FR_PRES	9	COMPUTER	359	1	0	803	(0.42259999999999998, 0.58709999999999996, 0)	../fonts/zerothre.ttf	upper
1276552219937	1	FR_PRES	9	PASTRY	1022	1	0	2126	(0.42259999999999998, 0.58709999999999996, 0)	../fonts/zerothre.ttf	upper
1276552223803	1	FR_PRES	9	PEAR	1033	1	1	1316	(0.42259999999999998, 0.58709999999999996, 0)	../fonts/zerothre.ttf	upper
1276552227953	1	FR_PRES	9	CRICKET	408	1	1	1382	(0.42259999999999998, 0.58709999999999996, 0)	../fonts/zerothre.ttf	upper
1276552232161	1	FR_PRES	9	PRIEST	1122	0	1	2102	(0.57740000000000002, 0.41289999999999999, 1.0)	../fonts/amplitud.ttf	lower
1276552236260	1	FR_PRES	9	FIDDLE	561	0	0	2467	(0.57740000000000002, 0.41289999999999999, 1.0)	../fonts/amplitud.ttf	lower
1276552240402	1	FR_PRES	9	MARGARINE	868	0	0	1645	(0.57740000000000002, 0.41289999999999999, 1.0)	../fonts/amplitud.ttf	lower
1276552244235	1	FR_PRES	9	CONVENT	370	0	1	1508	(0.57740000000000002, 0.41289999999999999, 1.0)	../fonts/amplitud.ttf	lower
1276552248243	1	FR_PRES	9	ENCYCLOPEDIA	533	1	0	2500	(0.42259999999999998, 0.58709999999999996, 0)	../fonts/zerothre.ttf	upper
1276552252384	1	FR_PRES	9	GORILLA	650	1	1	1295	(0.42259999999999998, 0.58709999999999996, 0)	../fonts/zerothre.ttf	upper
1276552256584	1	FR_PRES	9	RACK	1154	1	0	2199	(0.42259999999999998, 0.58709999999999996, 0)	../fonts/zerothre.ttf	upper
1276552262409	1	REC_START
1276552346961	0	REST
1276552348469	1	FR_PRES	10	VEST	1559	1	0	1242	(0.42259999999999998, 0.58709999999999996, 0)	../fonts/zerothre.ttf	upper
1276552352402	1	FR_PRES	10	GANGSTER	620	1	1	1189	(0.42259999999999998, 0.58709999999999996, 0)	../fonts/zerothre.ttf	upper
1276552356485	1	FR_PRES	10	DOG	480	1	1	1842	(0.42259999999999998, 0.58709999999999996, 0)	../fonts/zerothre.ttf	upper
1276552360501	1	FR_PRES	10	TUTU	1524	1	0	1802	(0.42259999999999998, 0.58709999999999996, 0)	../fonts/zerothre.ttf	upper
1276552364584	1	FR_PRES	10	UNIFORM	1539	0	1	1679	(0.57740000000000002, 0.41289999999999999, 1.0)	../fonts/amplitud.ttf	lower
1276552368659	1	FR_PRES	10	AUDIENCE	59	0	1	1828	(0.57740000000000002, 0.41289999999999999, 1.0)	../fonts/amplitud.ttf	lower
1276552372625	1	FR_PRES	10	ONION	977	0	0	1670	(0.57740000000000002, 0.41289999999999999, 1.0)	../fonts/amplitud.ttf	lower
1276552376717	1	FR_PRES	10	PUBLISHER	1137	0	1	1466	(0.57740000000000002, 0.41289999999999999, 1.0)	../fonts/amplitud.ttf	lower
1276552380866	1	FR_PRES	10	PUBLICATION	1136	1	0	1829	(0.42259999999999998, 0.58709999999999996, 0)	../fonts/zerothre.ttf	upper
1276552385024	1	FR_PRES	10	RACKET	1155	1	0	2111	(0.42259999999999998, 0.58709999999999996, 0)	../fonts/zerothre.ttf	upper
1276552389199	1	FR_PRES	10	SCREW	1254	1	0	2112	(0.42259999999999998, 0.58709999999999996, 0)	../fonts/zerothre.ttf	upper
1276552393090	1	FR_PRES	10	OBOE	969	1	0	2437	(0.42259999999999998, 0.58709999999999996, 0)	../fonts/zerothre.ttf	upper
1276552397032	1	FR_PRES	10	BOY	161	0	1	2015	(0.57740000000000002, 0.41289999999999999, 1.0)	../fonts/amplitud.ttf	lower
1276552400873	1	FR_PRES	10	CHILD	299	0	1	2134	(0.57740000000000002, 0.41289999999999999, 1.0)	../fonts/amplitud.ttf	lower
1276552404948	1	FR_PRES	10	BUREAU	199	0	1	2659	(0.57740000000000002, 0.41289999999999999, 1.0)	../fonts/amplitud.ttf	lower
1276552409122	1	FR_PRES	10	SKUNK	1321	0	0	1637	(0.57740000000000002, 0.41289999999999999, 1.0)	../fonts/amplitud.ttf	lower
1276552415023	1	REC_START
1276552499491	0	REST
1276552500998	1	FR_PRES	11	FINGERNAIL	568	1	0	1297	(0.42259999999999998, 0.58709999999999996, 0)	../fonts/zerothre.ttf	upper
1276552504882	1	FR_PRES	11	VINE	1568	1	0	1741	(0.42259999999999998, 0.58709999999999996, 0)	../fonts/zerothre.ttf	upper
1276552509007	1	FR_PRES	11	MARS	873	1	0	1648	(0.42259999999999998, 0.58709999999999996, 0)	../fonts/zerothre.ttf	upper
1276552513056	1	FR_PRES	11	DONKEY	484	1	1	1303	(0.42259999999999998, 0.58709999999999996, 0)	../fonts/zerothre.ttf	upper
1276552517231	1	FR_PRES	11	SAND	1230	1	0	1560	(0.42259999999999998, 0.58709999999999996, 0)	../fonts/zerothre.ttf	upper
1276552521181	1	FR_PRES	11	SURF	1412	1	0	1986	(0.42259999999999998, 0.58709999999999996, 0)	../fonts/zerothre.ttf	upper
1276552525339	1	FR_PRES	11	PLUTO	1092	1	0	1692	(0.42259999999999998, 0.58709999999999996, 0)	../fonts/zerothre.ttf	upper
1276552529289	1	FR_PRES	11	TACK	1428	1	0	1286	(0.42259999999999998, 0.58709999999999996, 0)	../fonts/zerothre.ttf	upper
1276552533413	1	FR_PRES	11	MAMMAL	861	1	1	1610	(0.42259999999999998, 0.58709999999999996, 0)	../fonts/zerothre.ttf	upper
1276552537330	1	FR_PRES	11	COD	340	1	0	1125	(0.42259999999999998, 0.58709999999999996, 0)	../fonts/zerothre.ttf	upper
1276552541413	1	FR_PRES	11	KEEPER	769	1	1	1554	(0.42259999999999998, 0.58709999999999996, 0)	../fonts/zerothre.ttf	upper
1276552545471	1	FR_PRES	11	JOURNAL	760	1	0	1632	(0.42259999999999998, 0.58709999999999996, 0)	../fonts/zerothre.ttf	upper
1276552549387	1	FR_PRES	11	STAKE	1368	1	0	1692	(0.42259999999999998, 0.58709999999999996, 0)	../fonts/zerothre.ttf	upper
1276552553295	1	FR_PRES	11	GEM	629	1	0	2008	(0.42259999999999998, 0.58709999999999996, 0)	../fonts/zerothre.ttf	upper
1276552557486	1	FR_PRES	11	EMERALD	528	1	0	1257	(0.42259999999999998, 0.58709999999999996, 0)	../fonts/zerothre.ttf	upper
1276552561644	1	FR_PRES	11	STUMP	1396	1	0	1483	(0.42259999999999998, 0.58709999999999996, 0)	../fonts/zerothre.ttf	upper
1276552567370	1	REC_START
1276552642955	1	REST_REWET
1276552902136	0	REST
1276552903644	1	FR_PRES	12	PEDESTRIAN	1038	0	1	1267	(0.57740000000000002, 0.41289999999999999, 1.0)	../fonts/amplitud.ttf	lower
1276552907594	1	FR_PRES	12	FEAST	556	0	0	1877	(0.57740000000000002, 0.41289999999999999, 1.0)	../fonts/amplitud.ttf	lower
1276552911735	1	FR_PRES	12	PLANT	1083	0	0	1288	(0.57740000000000002, 0.41289999999999999, 1.0)	../fonts/amplitud.ttf	lower
1276552915610	1	FR_PRES	12	OFFICER	973	0	1	1829	(0.57740000000000002, 0.41289999999999999, 1.0)	../fonts/amplitud.ttf	lower
1276552919751	1	FR_PRES	12	PATROL	1027	0	1	1223	(0.57740000000000002, 0.41289999999999999, 1.0)	../fonts/amplitud.ttf	lower
1276552923692	1	FR_PRES	12	DRESSER	496	0	0	1867	(0.57740000000000002, 0.41289999999999999, 1.0)	../fonts/amplitud.ttf	lower
1276552927592	1	FR_PRES	12	RAG	1160	0	0	1255	(0.57740000000000002, 0.41289999999999999, 1.0)	../fonts/amplitud.ttf	lower
1276552931600	1	FR_PRES	12	DELINQUENT	445	0	0	2663	(0.57740000000000002, 0.41289999999999999, 1.0)	../fonts/amplitud.ttf	lower
1276552935633	1	FR_PRES	12	CUFF	423	0	0	2190	(0.57740000000000002, 0.41289999999999999, 1.0)	../fonts/amplitud.ttf	lower
1276552939599	1	FR_PRES	12	OAR	966	0	1	2144	(0.57740000000000002, 0.41289999999999999, 1.0)	../fonts/amplitud.ttf	lower
1276552943566	1	FR_PRES	12	COOLER	375	0	1	1937	(0.57740000000000002, 0.41289999999999999, 1.0)	../fonts/amplitud.ttf	lower
1276552947707	1	FR_PRES	12	BEVERAGE	123	0	0	1636	(0.57740000000000002, 0.41289999999999999, 1.0)	../fonts/amplitud.ttf	lower
1276552951782	1	FR_PRES	12	TAPIOCA	1434	0	0	1713	(0.57740000000000002, 0.41289999999999999, 1.0)	../fonts/amplitud.ttf	lower
1276552955965	1	FR_PRES	12	CAFETERIA	217	0	1	1762	(0.57740000000000002, 0.41289999999999999, 1.0)	../fonts/amplitud.ttf	lower
1276552959956	1	FR_PRES	12	NAVIGATOR	938	0	1	2507	(0.57740000000000002, 0.41289999999999999, 1.0)	../fonts/amplitud.ttf	lower
1276552964081	1	FR_PRES	12	PALM	1007	0	0	2398	(0.57740000000000002, 0.41289999999999999, 1.0)	../fonts/amplitud.ttf	lower
1276552969673	1	REC_START
1276553047825	0	REST
1276553049333	1	FR_PRES	13	SCULPTURE	1258	-1	-1	-1276553049333	white	../fonts/Verdana.ttf	upper
1276553053316	1	FR_PRES	13	MAT	877	-1	-1	-1276553053316	white	../fonts/Verdana.ttf	upper
1276553057266	1	FR_PRES	13	BANKER	84	-1	-1	-1276553057266	white	../fonts/Verdana.ttf	upper
1276553061149	1	FR_PRES	13	WALLET	1583	-1	-1	-1276553061149	white	../fonts/Verdana.ttf	upper
1276553065357	1	FR_PRES	13	FATHER	554	-1	-1	-1276553065357	white	../fonts/Verdana.ttf	upper
1276553069498	1	FR_PRES	13	COUSIN	392	-1	-1	-1276553069498	white	../fonts/Verdana.ttf	upper
1276553073531	1	FR_PRES	13	STADIUM	1364	-1	-1	-1276553073531	white	../fonts/Verdana.ttf	upper
1276553077356	1	FR_PRES	13	VOLLEYBALL	1576	-1	-1	-1276553077356	white	../fonts/Verdana.ttf	upper
1276553081539	1	FR_PRES	13	WIDOW	1608	-1	-1	-1276553081539	white	../fonts/Verdana.ttf	upper
1276553085530	1	FR_PRES	13	MUSEUM	933	-1	-1	-1276553085530	white	../fonts/Verdana.ttf	upper
1276553089455	1	FR_PRES	13	DILL	465	-1	-1	-1276553089455	white	../fonts/Verdana.ttf	upper
1276553093371	1	FR_PRES	13	GODDESS	646	-1	-1	-1276553093371	white	../fonts/Verdana.ttf	upper
1276553097279	1	FR_PRES	13	KETTLE	772	-1	-1	-1276553097279	white	../fonts/Verdana.ttf	upper
1276553101271	1	FR_PRES	13	FUNGUS	614	-1	-1	-1276553101271	white	../fonts/Verdana.ttf	upper
1276553105420	1	FR_PRES	13	BOLT	146	-1	-1	-1276553105420	white	../fonts/Verdana.ttf	upper
1276553109420	1	FR_PRES	13	DOCUMENT	479	-1	-1	-1276553109420	white	../fonts/Verdana.ttf	upper
1276553115237	1	REC_START
1276553200238	0	REST
1276553201747	1	FR_PRES	14	TROPHY	1509	-1	-1	-1276553201747	white	../fonts/Verdana.ttf	upper
1276553205671	1	FR_PRES	14	RIBBON	1189	-1	-1	-1276553205671	white	../fonts/Verdana.ttf	upper
1276553209871	1	FR_PRES	14	FIREMAN	569	-1	-1	-1276553209871	white	../fonts/Verdana.ttf	upper
1276553213829	1	FR_PRES	14	TORCH	1484	-1	-1	-1276553213829	white	../fonts/Verdana.ttf	upper
1276553217712	1	FR_PRES	14	SAUSAGE	1238	-1	-1	-1276553217712	white	../fonts/Verdana.ttf	upper
1276553221528	1	FR_PRES	14	MISSILE	900	-1	-1	-1276553221528	white	../fonts/Verdana.ttf	upper
1276553225453	1	FR_PRES	14	ROCKET	1202	-1	-1	-1276553225453	white	../fonts/Verdana.ttf	upper
1276553229469	1	FR_PRES	14	CASHIER	254	-1	-1	-1276553229469	white	../fonts/Verdana.ttf	upper
1276553233486	1	FR_PRES	14	FARM	552	-1	-1	-1276553233486	white	../fonts/Verdana.ttf	upper
1276553237302	1	FR_PRES	14	ASTEROID	50	-1	-1	-1276553237302	white	../fonts/Verdana.ttf	upper
1276553241335	1	FR_PRES	14	MEAL	882	-1	-1	-1276553241335	white	../fonts/Verdana.ttf	upper
1276553245260	1	FR_PRES	14	NEPTUNE	943	-1	-1	-1276553245260	white	../fonts/Verdana.ttf	upper
1276553249185	1	FR_PRES	14	CREAM	402	-1	-1	-1276553249185	white	../fonts/Verdana.ttf	upper
1276553253318	1	FR_PRES	14	FLIPPER	580	-1	-1	-1276553253318	white	../fonts/Verdana.ttf	upper
1276553257267	1	FR_PRES	14	ASTRONAUT	51	-1	-1	-1276553257267	white	../fonts/Verdana.ttf	upper
1276553261175	1	FR_PRES	14	WHEEL	1603	-1	-1	-1276553261175	white	../fonts/Verdana.ttf	upper
1276553267109	1	REC_START
1276553347694	0	REST
1276553349202	1	FR_PRES	15	RIVER	1194	1	0	1421	(0.42259999999999998, 0.58709999999999996, 0)	../fonts/zerothre.ttf	upper
1276553353144	1	FR_PRES	15	WATERFALL	1595	1	0	1759	(0.42259999999999998, 0.58709999999999996, 0)	../fonts/zerothre.ttf	upper
1276553357260	1	FR_PRES	15	DIAL	457	1	0	2155	(0.42259999999999998, 0.58709999999999996, 0)	../fonts/zerothre.ttf	upper
1276553361176	1	FR_PRES	15	KNIFE	785	1	0	2335	(0.42259999999999998, 0.58709999999999996, 0)	../fonts/zerothre.ttf	upper
1276553365143	1	FR_PRES	15	MOTEL	919	1	0	1656	(0.42259999999999998, 0.58709999999999996, 0)	../fonts/zerothre.ttf	upper
1276553369117	1	FR_PRES	15	CHAMBER	277	1	0	1834	(0.42259999999999998, 0.58709999999999996, 0)	../fonts/zerothre.ttf	upper
1276553372942	1	FR_PRES	15	TUBA	1515	1	0	2001	(0.42259999999999998, 0.58709999999999996, 0)	../fonts/zerothre.ttf	upper
1276553377125	1	FR_PRES	15	CATCHER	258	1	1	1562	(0.42259999999999998, 0.58709999999999996, 0)	../fonts/zerothre.ttf	upper
1276553381083	1	FR_PRES	15	SWIMMER	1420	1	1	2044	(0.42259999999999998, 0.58709999999999996, 0)	../fonts/zerothre.ttf	upper
1276553385275	1	FR_PRES	15	SCISSORS	1250	1	0	1916	(0.42259999999999998, 0.58709999999999996, 0)	../fonts/zerothre.ttf	upper
1276553389441	1	FR_PRES	15	VIOLA	1570	1	0	1950	(0.42259999999999998, 0.58709999999999996, 0)	../fonts/zerothre.ttf	upper
1276553393416	1	FR_PRES	15	NUN	962	1	1	2159	(0.42259999999999998, 0.58709999999999996, 0)	../fonts/zerothre.ttf	upper
1276553397415	1	FR_PRES	15	HOUND	724	1	1	1824	(0.42259999999999998, 0.58709999999999996, 0)	../fonts/zerothre.ttf	upper
1276553401440	1	FR_PRES	15	PRISONER	1128	1	1	2463	(0.42259999999999998, 0.58709999999999996, 0)	../fonts/zerothre.ttf	upper
1276553405631	1	FR_PRES	15	SUSPECT	1415	1	1	1896	(0.42259999999999998, 0.58709999999999996, 0)	../fonts/zerothre.ttf	upper
1276553409681	1	FR_PRES	15	CORAL	378	1	1	2014	(0.42259999999999998, 0.58709999999999996, 0)	../fonts/zerothre.ttf	upper
1276553415506	1	REC_START
1276553527164	0	RECOG_START
1276553527165	1	REC_START
1276553527197	0	RECOG_PRES	0	STRING	1394	-999	P	3002
1276553530572	0	RECOG_CR_PRES	0	STRING	1394	-999	P	1699
1276553532689	1	RECOG_FEEDBACK	1
1276553533405	0	RECOG_PRES	0	BOX	159	-999	P	1074
1276553534855	0	RECOG_CR_PRES	0	BOX	159	-999	P	736
1276553535905	1	RECOG_FEEDBACK	1
1276553536705	0	RECOG_PRES	0	RESORT	1186	-999	P	1566
1276553538646	0	RECOG_CR_PRES	0	RESORT	1186	-999	P	617
1276553539613	1	RECOG_FEEDBACK	1
1276553540346	0	RECOG_PRES	0	IRON	744	-999	P	1125
1276553541846	0	RECOG_CR_PRES	0	IRON	744	-999	P	545
1276553542721	1	RECOG_FEEDBACK	1
1276553543446	0	RECOG_PRES	0	CONVENT	370	-999	P	1097
1276553544913	0	RECOG_CR_PRES	0	CONVENT	370	-999	P	518
1276553545754	1	RECOG_FEEDBACK	1
1276553546521	0	RECOG_PRES	0	DICE	461	-999	P	830
1276553547712	0	RECOG_CR_PRES	0	DICE	461	-999	P	471
1276553548487	1	RECOG_FEEDBACK	1
1276553549254	0	RECOG_PRES	0	GOAT	644	-999	P	1009
1276553550637	0	RECOG_CR_PRES	0	GOAT	644	-999	P	434
1276553551395	1	RECOG_FEEDBACK	1
1276553552112	0	RECOG_PRES	0	ACORN	3	-999	P	1071
1276553553554	0	RECOG_CR_PRES	0	ACORN	3	-999	P	581
1276553554445	1	RECOG_FEEDBACK	1
1276553555203	0	RECOG_PRES	0	DOCUMENT	479	-999	P	996
1276553556570	0	RECOG_CR_PRES	0	DOCUMENT	479	-999	P	469
1276553557345	1	RECOG_FEEDBACK	1
1276553558145	0	RECOG_PRES	0	BARRACUDA	90	-999	P	1430
1276553559945	0	RECOG_CR_PRES	0	BARRACUDA	90	-999	P	478
1276553560761	1	RECOG_FEEDBACK	1
1276553561545	0	RECOG_PRES	0	CONTAINER	366	-999	P	1222
1276553563136	0	RECOG_CR_PRES	0	CONTAINER	366	-999	P	567
1276553564020	1	RECOG_FEEDBACK	1
1276553564769	0	RECOG_PRES	0	PEAR	1033	-999	P	966
1276553566111	0	RECOG_CR_PRES	0	PEAR	1033	-999	P	472
1276553566878	1	RECOG_FEEDBACK	1
1276553567611	0	RECOG_PRES	0	VIOLA	1570	-999	P	980
1276553568952	0	RECOG_CR_PRES	0	VIOLA	1570	-999	P	415
1276553569669	1	RECOG_FEEDBACK	1
1276553570436	0	RECOG_PRES	0	CLOWN	330	-999	P	832
1276553571669	0	RECOG_CR_PRES	0	CLOWN	330	-999	P	426
1276553572411	1	RECOG_FEEDBACK	1
1276553573169	0	RECOG_PRES	0	LOOP	844	-999	P	886
1276553574427	0	RECOG_CR_PRES	0	LOOP	844	-999	P	460
1276553575185	1	RECOG_FEEDBACK	1
1276553575935	0	RECOG_PRES	0	KEEPER	769	-999	P	1039
1276553577335	0	RECOG_CR_PRES	0	KEEPER	769	-999	P	440
1276553578077	1	RECOG_FEEDBACK	1
1276553578852	0	RECOG_PRES	0	MONKEY	911	-999	P	931
1276553580152	0	RECOG_CR_PRES	0	MONKEY	911	-999	P	399
1276553580860	1	RECOG_FEEDBACK	1
1276553581627	0	RECOG_PRES	0	POLYESTER	1100	-999	P	972
1276553582968	0	RECOG_CR_PRES	0	POLYESTER	1100	-999	P	503
1276553583768	1	RECOG_FEEDBACK	1
1276553584493	0	RECOG_PRES	0	PLAID	1080	-999	P	978
1276553585843	0	RECOG_CR_PRES	0	PLAID	1080	-999	P	436
1276553586601	1	RECOG_FEEDBACK	1
1276553587318	0	RECOG_PRES	0	CANNON	232	-999	P	1080
1276553588768	0	RECOG_CR_PRES	0	CANNON	232	-999	P	639
1276553589709	1	RECOG_FEEDBACK	1
1276553596551	0	REST
1276553597503	1	REC_START
1276553597542	0	RECOG_PRES	1	COCKTAIL	338	-999	P	1081
1276553598991	0	RECOG_CR_PRES	1	COCKTAIL	338	-999	P	440
1276553599742	1	RECOG_FEEDBACK	1
1276553600508	0	RECOG_PRES	1	GRATE	657	-999	P	955
1276553601833	0	RECOG_CR_PRES	1	GRATE	657	-999	P	438
1276553602575	1	RECOG_FEEDBACK	1
1276553603300	0	RECOG_PRES	1	BARK	87	-999	P	947
1276553604616	0	RECOG_CR_PRES	1	BARK	87	-999	P	503
1276553605425	1	RECOG_FEEDBACK	1
1276553606158	0	RECOG_PRES	1	LAUNDRY	803	-999	P	1177
1276553607708	0	RECOG_CR_PRES	1	LAUNDRY	803	-999	P	619
1276553608650	1	RECOG_FEEDBACK	1
1276553609458	0	RECOG_PRES	1	LADDER	793	-999	P	909
1276553610741	0	RECOG_CR_PRES	1	LADDER	793	-999	P	506
1276553611549	1	RECOG_FEEDBACK	1
1276553612324	0	RECOG_PRES	1	STAFF	1365	-999	P	971
1276553613658	0	RECOG_CR_PRES	1	STAFF	1365	-999	P	453
1276553614416	1	RECOG_FEEDBACK	1
1276553615216	0	RECOG_PRES	1	SCOTCH	1251	-999	P	999
1276553616591	0	RECOG_CR_PRES	1	SCOTCH	1251	-999	P	528
1276553617416	1	RECOG_FEEDBACK	1
1276553618190	0	RECOG_PRES	1	CRICKET	408	-999	P	977
1276553619540	0	RECOG_CR_PRES	1	CRICKET	408	-999	P	427
1276553620274	1	RECOG_FEEDBACK	1
1276553621065	0	RECOG_PRES	1	CANARY	227	-999	P	1270
1276553622698	0	RECOG_CR_PRES	1	CANARY	227	-999	P	1197
1276553624207	1	RECOG_FEEDBACK	1
1276553624948	0	RECOG_PRES	1	VALVE	1546	-999	P	899
1276553626223	0	RECOG_CR_PRES	1	VALVE	1546	-999	P	496
1276553627031	1	RECOG_FEEDBACK	1
1276553627790	0	RECOG_PRES	1	TROPHY	1509	-999	P	937
1276553629098	0	RECOG_CR_PRES	1	TROPHY	1509	-999	P	429
1276553629823	1	RECOG_FEEDBACK	1
1276553630581	0	RECOG_PRES	1	SOFTBALL	1343	-999	P	2218
1276553633173	0	RECOG_CR_PRES	1	SOFTBALL	1343	-999	P	825
1276553634356	1	RECOG_FEEDBACK	1
1276553635148	0	RECOG_PRES	1	STRAW	1390	-999	P	923
1276553636447	0	RECOG_CR_PRES	1	STRAW	1390	-999	P	440
1276553637197	1	RECOG_FEEDBACK	1
1276553637914	0	RECOG_PRES	1	CAP	236	-999	P	1005
1276553639289	0	RECOG_CR_PRES	1	CAP	236	-999	P	406
1276553640005	1	RECOG_FEEDBACK	1
1276553640780	0	RECOG_PRES	1	TREAT	1501	-999	P	1147
1276553642305	0	RECOG_CR_PRES	1	TREAT	1501	-999	P	1110
1276553643730	1	RECOG_FEEDBACK	1
1276553644489	0	RECOG_PRES	1	CHEMIST	292	-999	P	966
1276553645830	0	RECOG_CR_PRES	1	CHEMIST	292	-999	P	465
1276553646605	1	RECOG_FEEDBACK	1
1276553647372	0	RECOG_PRES	1	PUBLICATION	1136	-999	P	1099
1276553648847	0	RECOG_CR_PRES	1	PUBLICATION	1136	-999	P	472
1276553649638	1	RECOG_FEEDBACK	1
1276553650355	0	RECOG_PRES	1	RICE	1190	-999	P	1348
1276553652080	0	RECOG_CR_PRES	1	RICE	1190	-999	P	1703
1276553654113	1	RECOG_FEEDBACK	1
1276553654896	0	RECOG_PRES	1	CARTON	251	-999	P	1879
1276553657146	0	RECOG_CR_PRES	1	CARTON	251	-999	P	1325
1276553658821	1	RECOG_FEEDBACK	1
1276553659571	0	RECOG_PRES	1	HANDKERCHIEF	686	-999	P	1316
1276553661262	0	RECOG_CR_PRES	1	HANDKERCHIEF	686	-999	P	569
1276553662154	1	RECOG_FEEDBACK	1
1276553672961	0	REST
1276553673787	1	REC_START
1276553673820	0	RECOG_PRES	2	CREATURE	403	-999	P	1779
1276553675970	0	RECOG_CR_PRES	2	CREATURE	403	-999	P	1685
1276553678028	1	RECOG_FEEDBACK	1
1276553678844	0	RECOG_PRES	2	CRAYON	401	-999	P	1154
1276553680369	0	RECOG_CR_PRES	2	CRAYON	401	-999	P	454
1276553681152	1	RECOG_FEEDBACK	1
1276553681952	0	RECOG_PRES	2	YOKE	1632	-999	P	927
1276553683252	0	RECOG_CR_PRES	2	YOKE	1632	-999	P	451
1276553684002	1	RECOG_FEEDBACK	1
1276553684785	0	RECOG_PRES	2	THUMB	1462	-999	P	1158
1276553686310	0	RECOG_CR_PRES	2	THUMB	1462	-999	P	393
1276553687027	1	RECOG_FEEDBACK	1
1276553687802	0	RECOG_PRES	2	PIKE	1067	-999	P	1005
1276553689177	0	RECOG_CR_PRES	2	PIKE	1067	-999	P	486
1276553689960	1	RECOG_FEEDBACK	1
1276553690710	0	RECOG_PRES	2	SIRLOIN	1311	-999	P	1169
1276553692252	0	RECOG_CR_PRES	2	SIRLOIN	1311	-999	P	475
1276553693051	1	RECOG_FEEDBACK	1
1276553693802	0	RECOG_PRES	2	ACROBAT	4	-999	P	1069
1276553695243	0	RECOG_CR_PRES	2	ACROBAT	4	-999	P	476
1276553696026	1	RECOG_FEEDBACK	1
1276553696776	0	RECOG_PRES	2	ROUGE	1213	-999	P	1063
1276553698210	0	RECOG_CR_PRES	2	ROUGE	1213	-999	P	501
1276553699018	1	RECOG_FEEDBACK	1
1276553699743	0	RECOG_PRES	2	VIDEO	1564	-999	P	1304
1276553701418	0	RECOG_CR_PRES	2	VIDEO	1564	-999	P	525
1276553702284	1	RECOG_FEEDBACK	0
1276553703026	0	RECOG_PRES	2	TUBA	1515	-999	P	1101
1276553704501	0	RECOG_CR_PRES	2	TUBA	1515	-999	P	481
1276553705292	1	RECOG_FEEDBACK	1
1276553706067	0	RECOG_PRES	2	DASHBOARD	441	-999	P	2492
1276553708934	0	RECOG_CR_PRES	2	DASHBOARD	441	-999	P	753
1276553710059	1	RECOG_FEEDBACK	1
1276553710834	0	RECOG_PRES	2	PILOT	1070	-999	P	2045
1276553713250	0	RECOG_CR_PRES	2	PILOT	1070	-999	P	381
1276553713967	1	RECOG_FEEDBACK	1
1276553714775	0	RECOG_PRES	2	KIWI	781	-999	P	1136
1276553716291	0	RECOG_CR_PRES	2	KIWI	781	-999	P	428
1276553717033	1	RECOG_FEEDBACK	1
1276553717841	0	RECOG_PRES	2	SADDLE	1221	-999	P	1894
1276553720108	0	RECOG_CR_PRES	2	SADDLE	1221	-999	P	619
1276553721091	1	RECOG_FEEDBACK	0
1276553721891	0	RECOG_PRES	2	FIREMAN	569	-999	P	1132
1276553723399	0	RECOG_CR_PRES	2	FIREMAN	569	-999	P	432
1276553724149	1	RECOG_FEEDBACK	1
1276553724949	0	RECOG_PRES	2	MARS	873	-999	P	882
1276553726207	0	RECOG_CR_PRES	2	MARS	873	-999	P	432
1276553726932	1	RECOG_FEEDBACK	1
1276553727666	0	RECOG_PRES	2	ERASER	538	-999	P	933
1276553728965	0	RECOG_CR_PRES	2	ERASER	538	-999	P	426
1276553729699	1	RECOG_FEEDBACK	1
1276553730490	0	RECOG_PRES	2	BROOM	178	-999	P	3669
1276553734532	0	RECOG_CR_PRES	2	BROOM	178	-999	P	2811
1276553737723	1	RECOG_FEEDBACK	0
1276553738465	0	RECOG_PRES	2	BACK	65	-999	P	1374
1276553740223	0	RECOG_CR_PRES	2	BACK	65	-999	P	728
1276553741273	1	RECOG_FEEDBACK	1
1276553742056	0	RECOG_PRES	2	SUPERVISOR	1410	-999	P	942
1276553743373	0	RECOG_CR_PRES	2	SUPERVISOR	1410	-999	P	418
1276553744089	1	RECOG_FEEDBACK	1
1276553753105	0	REST
1276553754276	1	REC_START
1276553754314	0	RECOG_PRES	3	POLICE	1098	-999	P	925
1276553755613	0	RECOG_CR_PRES	3	POLICE	1098	-999	P	418
1276553756338	1	RECOG_FEEDBACK	1
1276553757130	0	RECOG_PRES	3	COMPASS	358	-999	P	1229
1276553758730	0	RECOG_CR_PRES	3	COMPASS	358	-999	P	357
1276553759430	1	RECOG_FEEDBACK	1
1276553760222	0	RECOG_PRES	3	JOURNAL	760	-999	P	857
1276553761446	0	RECOG_CR_PRES	3	JOURNAL	760	-999	P	441
1276553762196	1	RECOG_FEEDBACK	1
1276553762995	0	RECOG_PRES	3	VOLLEYBALL	1576	-999	P	916
1276553764280	0	RECOG_CR_PRES	3	VOLLEYBALL	1576	-999	P	439
1276553765021	1	RECOG_FEEDBACK	1
1276553765804	0	RECOG_PRES	3	CASKET	255	-999	P	1011
1276553767188	0	RECOG_CR_PRES	3	CASKET	255	-999	P	387
1276553767879	1	RECOG_FEEDBACK	1
1276553768638	0	RECOG_PRES	3	ISLAND	745	-999	P	1313
1276553770312	0	RECOG_CR_PRES	3	ISLAND	745	-999	P	479
1276553771121	1	RECOG_FEEDBACK	1
1276553771862	0	RECOG_PRES	3	BROTHER	179	-999	P	3217
1276553775454	0	RECOG_CR_PRES	3	BROTHER	179	-999	P	561
1276553776429	1	RECOG_FEEDBACK	1
1276553777154	0	RECOG_PRES	3	WART	1590	-999	P	1277
1276553778803	0	RECOG_CR_PRES	3	WART	1590	-999	P	524
1276553779645	1	RECOG_FEEDBACK	1
1276553780428	0	RECOG_PRES	3	COOKBOOK	373	-999	P	1747
1276553782545	0	RECOG_CR_PRES	3	COOKBOOK	373	-999	P	478
1276553783353	1	RECOG_FEEDBACK	1
1276553784070	0	RECOG_PRES	3	SALMON	1227	-999	P	1153
1276553785595	0	RECOG_CR_PRES	3	SALMON	1227	-999	P	460
1276553786370	1	RECOG_FEEDBACK	1
1276553787086	0	RECOG_PRES	3	GAUZE	626	-999	P	1313
1276553788769	0	RECOG_CR_PRES	3	GAUZE	626	-999	P	438
1276553789528	1	RECOG_FEEDBACK	1
1276553790319	0	RECOG_PRES	3	BISON	131	-999	P	880
1276553791569	0	RECOG_CR_PRES	3	BISON	131	-999	P	438
1276553792302	1	RECOG_FEEDBACK	1
1276553793086	0	RECOG_PRES	3	CROCODILE	411	-999	P	904
1276553794361	0	RECOG_CR_PRES	3	CROCODILE	411	-999	P	422
1276553795094	1	RECOG_FEEDBACK	1
1276553795810	0	RECOG_PRES	3	OFFICER	973	-999	P	1021
1276553797202	0	RECOG_CR_PRES	3	OFFICER	973	-999	P	453
1276553797969	1	RECOG_FEEDBACK	1
1276553798777	0	RECOG_PRES	3	CIGARETTE	309	-999	P	1062
1276553800210	0	RECOG_CR_PRES	3	CIGARETTE	309	-999	P	453
1276553800976	1	RECOG_FEEDBACK	1
1276553801727	0	RECOG_PRES	3	CLAW	319	-999	P	1032
1276553803135	0	RECOG_CR_PRES	3	CLAW	319	-999	P	480
1276553803927	1	RECOG_FEEDBACK	1
1276553804710	0	RECOG_PRES	3	WALLET	1583	-999	P	785
1276553805868	0	RECOG_CR_PRES	3	WALLET	1583	-999	P	499
1276553806668	1	RECOG_FEEDBACK	1
1276553807443	0	RECOG_PRES	3	SUN	1406	-999	P	884
1276553808701	0	RECOG_CR_PRES	3	SUN	1406	-999	P	442
1276553809451	1	RECOG_FEEDBACK	1
1276553810168	0	RECOG_PRES	3	OBOE	969	-999	P	855
1276553811393	0	RECOG_CR_PRES	3	OBOE	969	-999	P	406
1276553812101	1	RECOG_FEEDBACK	1
1276553812826	0	RECOG_PRES	3	NURSE	963	-999	P	957
1276553814159	0	RECOG_CR_PRES	3	NURSE	963	-999	P	464
1276553814934	1	RECOG_FEEDBACK	0
1276553823350	0	REST
1276553824333	1	REC_START
1276553824367	0	RECOG_PRES	4	CASTLE	256	-999	P	1152
1276553825892	0	RECOG_CR_PRES	4	CASTLE	256	-999	P	635
1276553826850	1	RECOG_FEEDBACK	1
1276553827642	0	RECOG_PRES	4	BOY	161	-999	P	885
1276553828891	0	RECOG_CR_PRES	4	BOY	161	-999	P	476
1276553829675	1	RECOG_FEEDBACK	1
1276553830450	0	RECOG_PRES	4	FEAST	556	-999	P	749
1276553831575	0	RECOG_CR_PRES	4	FEAST	556	-999	P	488
1276553832366	1	RECOG_FEEDBACK	1
1276553833158	0	RECOG_PRES	4	MAN	862	-999	P	1801
1276553835324	0	RECOG_CR_PRES	4	MAN	862	-999	P	459
1276553836124	1	RECOG_FEEDBACK	1
1276553836907	0	RECOG_PRES	4	SEAL	1262	-999	P	816
1276553838124	0	RECOG_CR_PRES	4	SEAL	1262	-999	P	499
1276553838941	1	RECOG_FEEDBACK	1
1276553839741	0	RECOG_PRES	4	TRUCK	1512	-999	P	1106
1276553841216	0	RECOG_CR_PRES	4	TRUCK	1512	-999	P	535
1276553842065	1	RECOG_FEEDBACK	1
1276553842832	0	RECOG_PRES	4	PICTURE	1061	-999	P	1247
1276553844457	0	RECOG_CR_PRES	4	PICTURE	1061	-999	P	438
1276553845215	1	RECOG_FEEDBACK	1
1276553845981	0	RECOG_PRES	4	AIRPORT	13	-999	P	1050
1276553847407	0	RECOG_CR_PRES	4	AIRPORT	13	-999	P	512
1276553848232	1	RECOG_FEEDBACK	1
1276553849032	0	RECOG_PRES	4	DETERGENT	455	-999	P	999
1276553850406	0	RECOG_CR_PRES	4	DETERGENT	455	-999	P	473
1276553851190	1	RECOG_FEEDBACK	1
1276553851965	0	RECOG_PRES	4	PUBLISHER	1137	-999	P	906
1276553853248	0	RECOG_CR_PRES	4	PUBLISHER	1137	-999	P	423
1276553853973	1	RECOG_FEEDBACK	1
1276553854789	0	RECOG_PRES	4	COMMANDER	354	-999	P	1026
1276553856189	0	RECOG_CR_PRES	4	COMMANDER	354	-999	P	402
1276553856906	1	RECOG_FEEDBACK	1
1276553857648	0	RECOG_PRES	4	SIBLING	1301	-999	P	1079
1276553859097	0	RECOG_CR_PRES	4	SIBLING	1301	-999	P	510
1276553859922	1	RECOG_FEEDBACK	1
1276553860647	0	RECOG_PRES	4	FINGERNAIL	568	-999	P	944
1276553861964	0	RECOG_CR_PRES	4	FINGERNAIL	568	-999	P	419
1276553862697	1	RECOG_FEEDBACK	1
1276553863406	0	RECOG_PRES	4	COMMUNITY	356	-999	P	1009
1276553864789	0	RECOG_CR_PRES	4	COMMUNITY	356	-999	P	426
1276553865530	1	RECOG_FEEDBACK	1
1276553866322	0	RECOG_PRES	4	NET	946	-999	P	885
1276553867580	0	RECOG_CR_PRES	4	NET	946	-999	P	394
1276553868288	1	RECOG_FEEDBACK	1
1276553869013	0	RECOG_PRES	4	BIRD	129	-999	P	2314
1276553871697	0	RECOG_CR_PRES	4	BIRD	129	-999	P	390
1276553872438	1	RECOG_FEEDBACK	0
1276553873205	0	RECOG_PRES	4	MARROW	872	-999	P	1146
1276553874721	0	RECOG_CR_PRES	4	MARROW	872	-999	P	582
1276553875630	1	RECOG_FEEDBACK	1
1276553876346	0	RECOG_PRES	4	CAULIFLOWER	262	-999	P	1045
1276553877763	0	RECOG_CR_PRES	4	CAULIFLOWER	262	-999	P	380
1276553878438	1	RECOG_FEEDBACK	1
1276553879213	0	RECOG_PRES	4	SAUCER	1237	-999	P	1018
1276553880604	0	RECOG_CR_PRES	4	SAUCER	1237	-999	P	331
1276553881246	1	RECOG_FEEDBACK	1
1276553882004	0	RECOG_PRES	4	MICROPHONE	890	-999	P	907
1276553883287	0	RECOG_CR_PRES	4	MICROPHONE	890	-999	P	344
1276553883929	1	RECOG_FEEDBACK	1
1276553898636	0	REST
1276553899593	1	REC_START
1276553899628	0	RECOG_PRES	5	SKUNK	1321	-999	P	907
1276553900911	0	RECOG_CR_PRES	5	SKUNK	1321	-999	P	488
1276553901703	1	RECOG_FEEDBACK	1
1276553902511	0	RECOG_PRES	5	HAYSTACK	694	-999	P	1160
1276553904044	0	RECOG_CR_PRES	5	HAYSTACK	694	-999	P	443
1276553904811	1	RECOG_FEEDBACK	1
1276553905536	0	RECOG_PRES	5	TELEPHONE	1445	-999	P	1079
1276553906985	0	RECOG_CR_PRES	5	TELEPHONE	1445	-999	P	350
1276553907652	1	RECOG_FEEDBACK	1
1276553908369	0	RECOG_PRES	5	MARGARINE	868	-999	P	891
1276553909760	0	RECOG_CR_PRES	5	MARGARINE	868	-999	P	351
1276553910435	1	RECOG_FEEDBACK	1
1276553911160	0	RECOG_PRES	5	PRISONER	1128	-999	P	875
1276553912435	0	RECOG_CR_PRES	5	PRISONER	1128	-999	P	372
1276553913118	1	RECOG_FEEDBACK	1
1276553913835	0	RECOG_PRES	5	LEADER	807	-999	P	1139
1276553915352	0	RECOG_CR_PRES	5	LEADER	807	-999	P	367
1276553916043	1	RECOG_FEEDBACK	1
1276553916768	0	RECOG_PRES	5	BUFFALO	186	-999	P	1222
1276553918351	0	RECOG_CR_PRES	5	BUFFALO	186	-999	P	288
1276553918968	1	RECOG_FEEDBACK	1
1276553919793	0	RECOG_PRES	5	MOTH	920	-999	P	966
1276553921134	0	RECOG_CR_PRES	5	MOTH	920	-999	P	265
1276553921709	1	RECOG_FEEDBACK	1
1276553922509	0	RECOG_PRES	5	SWAMP	1416	-999	P	986
1276553923868	0	RECOG_CR_PRES	5	SWAMP	1416	-999	P	291
1276553924476	1	RECOG_FEEDBACK	1
1276553925267	0	RECOG_PRES	5	MOTEL	919	-999	P	948
1276553926584	0	RECOG_CR_PRES	5	MOTEL	919	-999	P	398
1276553927292	1	RECOG_FEEDBACK	1
1276553928042	0	RECOG_PRES	5	BANNER	85	-999	P	1181
1276553929592	0	RECOG_CR_PRES	5	BANNER	85	-999	P	351
1276553930259	1	RECOG_FEEDBACK	1
1276553931067	0	RECOG_PRES	5	BLUEBERRY	140	-999	P	996
1276553932434	0	RECOG_CR_PRES	5	BLUEBERRY	140	-999	P	309
1276553933059	1	RECOG_FEEDBACK	1
1276553933809	0	RECOG_PRES	5	SLEIGH	1325	-999	P	966
1276553935150	0	RECOG_CR_PRES	5	SLEIGH	1325	-999	P	433
1276553935883	1	RECOG_FEEDBACK	1
1276553936625	0	RECOG_PRES	5	PROFESSOR	1131	-999	P	2118
1276553939116	0	RECOG_CR_PRES	5	PROFESSOR	1131	-999	P	707
1276553940183	1	RECOG_FEEDBACK	1
1276553940908	0	RECOG_PRES	5	PENGUIN	1044	-999	P	1066
1276553942341	0	RECOG_CR_PRES	5	PENGUIN	1044	-999	P	314
1276553942966	1	RECOG_FEEDBACK	1
1276553943691	0	RECOG_PRES	5	CURB	426	-999	P	932
1276553944998	0	RECOG_CR_PRES	5	CURB	426	-999	P	457
1276553945749	1	RECOG_FEEDBACK	1
1276553946533	0	RECOG_PRES	5	PEPPER	1047	-999	P	946
1276553947849	0	RECOG_CR_PRES	5	PEPPER	1047	-999	P	406
1276553948557	1	RECOG_FEEDBACK	1
1276553949357	0	RECOG_PRES	5	TANK	1432	-999	P	978
1276553950707	0	RECOG_CR_PRES	5	TANK	1432	-999	P	444
1276553951457	1	RECOG_FEEDBACK	1
1276553952241	0	RECOG_PRES	5	BANKER	84	-999	P	910
1276553953515	0	RECOG_CR_PRES	5	BANKER	84	-999	P	412
1276553954240	1	RECOG_FEEDBACK	1
1276553954973	0	RECOG_PRES	5	TUTU	1524	-999	P	842
1276553956190	0	RECOG_CR_PRES	5	TUTU	1524	-999	P	465
1276553956949	1	RECOG_FEEDBACK	1
1276553965081	0	REST
1276553965947	1	REC_START
1276553965980	0	RECOG_PRES	6	STAKE	1368	-999	P	915
1276553967264	0	RECOG_CR_PRES	6	STAKE	1368	-999	P	527
1276553968098	1	RECOG_FEEDBACK	1
1276553968898	0	RECOG_PRES	6	FIST	572	-999	P	885
1276553970156	0	RECOG_CR_PRES	6	FIST	572	-999	P	507
1276553970964	1	RECOG_FEEDBACK	1
1276553971714	0	RECOG_PRES	6	UNIVERSITY	1541	-999	P	1293
1276553973381	0	RECOG_CR_PRES	6	UNIVERSITY	1541	-999	P	458
1276553974172	1	RECOG_FEEDBACK	1
1276553974922	0	RECOG_PRES	6	WINDSHIELD	1612	-999	P	1205
1276553976497	0	RECOG_CR_PRES	6	WINDSHIELD	1612	-999	P	422
1276553977247	1	RECOG_FEEDBACK	1
1276553977979	0	RECOG_PRES	6	FLORIDA	582	-999	P	1068
1276553979422	0	RECOG_CR_PRES	6	FLORIDA	582	-999	P	529
1276553980263	1	RECOG_FEEDBACK	1
1276553980979	0	RECOG_PRES	6	NUT	965	-999	P	1044
1276553982397	0	RECOG_CR_PRES	6	NUT	965	-999	P	490
1276553983197	1	RECOG_FEEDBACK	1
1276553983972	0	RECOG_PRES	6	CUFF	423	-999	P	939
1276553985280	0	RECOG_CR_PRES	6	CUFF	423	-999	P	439
1276553986021	1	RECOG_FEEDBACK	1
1276553986746	0	RECOG_PRES	6	ITEM	746	-999	P	981
1276553988096	0	RECOG_CR_PRES	6	ITEM	746	-999	P	455
1276553988854	1	RECOG_FEEDBACK	1
1276553989629	0	RECOG_PRES	6	FORT	595	-999	P	954
1276553990954	0	RECOG_CR_PRES	6	FORT	595	-999	P	485
1276553991746	1	RECOG_FEEDBACK	1
1276553992529	0	RECOG_PRES	6	PLATE	1086	-999	P	1824
1276553994754	0	RECOG_CR_PRES	6	PLATE	1086	-999	P	381
1276553995471	1	RECOG_FEEDBACK	1
1276553996196	0	RECOG_PRES	6	PAINTING	1005	-999	P	2307
1276553998879	0	RECOG_CR_PRES	6	PAINTING	1005	-999	P	440
1276553999695	1	RECOG_FEEDBACK	0
1276554000429	0	RECOG_PRES	6	CAFETERIA	217	-999	P	1146
1276554001945	0	RECOG_CR_PRES	6	CAFETERIA	217	-999	P	414
1276554002678	1	RECOG_FEEDBACK	1
1276554003437	0	RECOG_PRES	6	GENERAL	630	-999	P	1626
1276554005437	0	RECOG_CR_PRES	6	GENERAL	630	-999	P	410
1276554006187	1	RECOG_FEEDBACK	1
1276554006953	0	RECOG_PRES	6	TICK	1463	-999	P	1150
1276554008478	0	RECOG_CR_PRES	6	TICK	1463	-999	P	417
1276554009211	1	RECOG_FEEDBACK	1
1276554009945	0	RECOG_PRES	6	CUE	422	-999	P	865
1276554011211	0	RECOG_CR_PRES	6	CUE	422	-999	P	444
1276554011961	1	RECOG_FEEDBACK	1
1276554012736	0	RECOG_PRES	6	PLUTO	1092	-999	P	879
1276554013985	0	RECOG_CR_PRES	6	PLUTO	1092	-999	P	454
1276554014744	1	RECOG_FEEDBACK	1
1276554015477	0	RECOG_PRES	6	OWNER	993	-999	P	1250
1276554017102	0	RECOG_CR_PRES	6	OWNER	993	-999	P	329
1276554017761	1	RECOG_FEEDBACK	1
1276554018511	0	RECOG_PRES	6	BALCONY	72	-999	P	1800
1276554020685	0	RECOG_CR_PRES	6	BALCONY	72	-999	P	474
1276554021502	1	RECOG_FEEDBACK	1
1276554022235	0	RECOG_PRES	6	PEDESTRIAN	1038	-999	P	1004
1276554023610	0	RECOG_CR_PRES	6	PEDESTRIAN	1038	-999	P	413
1276554024327	1	RECOG_FEEDBACK	1
1276554025135	0	RECOG_PRES	6	RACK	1154	-999	P	976
1276554026485	0	RECOG_CR_PRES	6	RACK	1154	-999	P	450
1276554027243	1	RECOG_FEEDBACK	1
1276554045867	0	REST
1276554046955	1	REC_START
1276554046991	0	RECOG_PRES	7	WATER	1594	-999	P	1032
1276554048392	0	RECOG_CR_PRES	7	WATER	1594	-999	P	487
1276554049192	1	RECOG_FEEDBACK	1
1276554049925	0	RECOG_PRES	7	PEOPLE	1046	-999	P	938
1276554051241	0	RECOG_CR_PRES	7	PEOPLE	1046	-999	P	502
1276554052058	1	RECOG_FEEDBACK	0
1276554052833	0	RECOG_PRES	7	CATCHER	258	-999	P	1006
1276554054208	0	RECOG_CR_PRES	7	CATCHER	258	-999	P	503
1276554055016	1	RECOG_FEEDBACK	1
1276554055833	0	RECOG_PRES	7	COURT	391	-999	P	2086
1276554058291	0	RECOG_CR_PRES	7	COURT	391	-999	P	691
1276554059332	1	RECOG_FEEDBACK	1
1276554060116	0	RECOG_PRES	7	WAREHOUSE	1588	-999	P	971
1276554061457	0	RECOG_CR_PRES	7	WAREHOUSE	1588	-999	P	470
1276554062224	1	RECOG_FEEDBACK	1
1276554062998	0	RECOG_PRES	7	ENGINEER	536	-999	P	835
1276554064232	0	RECOG_CR_PRES	7	ENGINEER	536	-999	P	423
1276554064949	1	RECOG_FEEDBACK	1
1276554065682	0	RECOG_PRES	7	NUN	962	-999	P	941
1276554066998	0	RECOG_CR_PRES	7	NUN	962	-999	P	481
1276554067782	1	RECOG_FEEDBACK	1
1276554068573	0	RECOG_PRES	7	DETECTIVE	454	-999	P	954
1276554069898	0	RECOG_CR_PRES	7	DETECTIVE	454	-999	P	437
1276554070640	1	RECOG_FEEDBACK	1
1276554071432	0	RECOG_PRES	7	ENCYCLOPEDIA	533	-999	P	943
1276554072748	0	RECOG_CR_PRES	7	ENCYCLOPEDIA	533	-999	P	467
1276554073523	1	RECOG_FEEDBACK	1
1276554074306	0	RECOG_PRES	7	TRENCH	1503	-999	P	973
1276554075648	0	RECOG_CR_PRES	7	TRENCH	1503	-999	P	431
1276554076390	1	RECOG_FEEDBACK	1
1276554077156	0	RECOG_PRES	7	SODA	1341	-999	P	1267
1276554078798	0	RECOG_CR_PRES	7	SODA	1341	-999	P	433
1276554079556	1	RECOG_FEEDBACK	0
1276554080348	0	RECOG_PRES	7	DOUGHNUT	490	-999	P	1267
1276554081988	0	RECOG_CR_PRES	7	DOUGHNUT	490	-999	P	323
1276554082639	1	RECOG_FEEDBACK	1
1276554083356	0	RECOG_PRES	7	DRESS	495	-999	P	707
1276554084439	0	RECOG_CR_PRES	7	DRESS	495	-999	P	400
1276554085131	1	RECOG_FEEDBACK	1
1276554085864	0	RECOG_PRES	7	BRIDGE	174	-999	P	839
1276554087072	0	RECOG_CR_PRES	7	BRIDGE	174	-999	P	295
1276554087672	1	RECOG_FEEDBACK	1
1276554088455	0	RECOG_PRES	7	COFFEE	341	-999	P	1096
1276554089922	0	RECOG_CR_PRES	7	COFFEE	341	-999	P	277
1276554090513	1	RECOG_FEEDBACK	1
1276554091263	0	RECOG_PRES	7	SQUID	1361	-999	P	1040
1276554092672	0	RECOG_CR_PRES	7	SQUID	1361	-999	P	326
1276554093305	1	RECOG_FEEDBACK	1
1276554094022	0	RECOG_PRES	7	MULE	931	-999	P	729
1276554095122	0	RECOG_CR_PRES	7	MULE	931	-999	P	285
1276554095696	1	RECOG_FEEDBACK	1
1276554096421	0	RECOG_PRES	7	COOLER	375	-999	P	875
1276554097696	0	RECOG_CR_PRES	7	COOLER	375	-999	P	199
1276554098213	1	RECOG_FEEDBACK	1
1276554098946	0	RECOG_PRES	7	FUNERAL	613	-999	P	874
1276554100221	0	RECOG_CR_PRES	7	FUNERAL	613	-999	P	242
1276554100779	1	RECOG_FEEDBACK	1
1276554101554	0	RECOG_PRES	7	PRISON	1127	-999	P	781
1276554102704	0	RECOG_CR_PRES	7	PRISON	1127	-999	P	319
1276554103321	1	RECOG_FEEDBACK	1
1276554114928	0	REST
1276554115960	1	REC_START
1276554115994	0	RECOG_PRES	8	STRANGER	1389	-999	P	1165
1276554117528	0	RECOG_CR_PRES	8	STRANGER	1389	-999	P	287
1276554118145	1	RECOG_FEEDBACK	0
1276554118861	0	RECOG_PRES	8	GORILLA	650	-999	P	834
1276554120070	0	RECOG_CR_PRES	8	GORILLA	650	-999	P	273
1276554120645	1	RECOG_FEEDBACK	1
1276554121403	0	RECOG_PRES	8	SUPPER	1411	-999	P	844
1276554122619	0	RECOG_CR_PRES	8	SUPPER	1411	-999	P	236
1276554123161	1	RECOG_FEEDBACK	1
1276554123928	0	RECOG_PRES	8	SCULPTURE	1258	-999	P	655
1276554124953	0	RECOG_CR_PRES	8	SCULPTURE	1258	-999	P	302
1276554125553	1	RECOG_FEEDBACK	1
1276554126344	0	RECOG_PRES	8	NEWSPAPER	948	-999	P	879
1276554127594	0	RECOG_CR_PRES	8	NEWSPAPER	948	-999	P	309
1276554128219	1	RECOG_FEEDBACK	1
1276554129011	0	RECOG_PRES	8	KNIFE	785	-999	P	804
1276554130186	0	RECOG_CR_PRES	8	KNIFE	785	-999	P	309
1276554130802	1	RECOG_FEEDBACK	1
1276554131519	0	RECOG_PRES	8	COLESLAW	344	-999	P	768
1276554132660	0	RECOG_CR_PRES	8	COLESLAW	344	-999	P	251
1276554133210	1	RECOG_FEEDBACK	1
1276554134002	0	RECOG_PRES	8	WORM	1623	-999	P	781
1276554135152	0	RECOG_CR_PRES	8	WORM	1623	-999	P	255
1276554135710	1	RECOG_FEEDBACK	1
1276554136468	0	RECOG_PRES	8	PERCH	1048	-999	P	1707
1276554138552	0	RECOG_CR_PRES	8	PERCH	1048	-999	P	343
1276554139285	1	RECOG_FEEDBACK	1
1276554140077	0	RECOG_PRES	8	MARBLE	867	-999	P	858
1276554141310	0	RECOG_CR_PRES	8	MARBLE	867	-999	P	201
1276554141826	1	RECOG_FEEDBACK	1
1276554142551	0	RECOG_PRES	8	FIGHTER	564	-999	P	720
1276554143643	0	RECOG_CR_PRES	8	FIGHTER	564	-999	P	228
1276554144159	1	RECOG_FEEDBACK	1
1276554144901	0	RECOG_PRES	8	LEOPARD	812	-999	P	890
1276554146168	0	RECOG_CR_PRES	8	LEOPARD	812	-999	P	207
1276554146684	1	RECOG_FEEDBACK	0
1276554147484	0	RECOG_PRES	8	TEAM	1441	-999	P	875
1276554148734	0	RECOG_CR_PRES	8	TEAM	1441	-999	P	577
1276554149634	1	RECOG_FEEDBACK	0
1276554150384	0	RECOG_PRES	8	SOCKET	1340	-999	P	1111
1276554151867	0	RECOG_CR_PRES	8	SOCKET	1340	-999	P	212
1276554152384	1	RECOG_FEEDBACK	1
1276554153117	0	RECOG_PRES	8	FOREST	593	-999	P	1322
1276554154809	0	RECOG_CR_PRES	8	FOREST	593	-999	P	390
1276554155550	1	RECOG_FEEDBACK	0
1276554156309	0	RECOG_PRES	8	BEVERAGE	123	-999	P	826
1276554157509	0	RECOG_CR_PRES	8	BEVERAGE	123	-999	P	266
1276554158067	1	RECOG_FEEDBACK	1
1276554158867	0	RECOG_PRES	8	DIRECTOR	471	-999	P	807
1276554160075	0	RECOG_CR_PRES	8	DIRECTOR	471	-999	P	236
1276554160617	1	RECOG_FEEDBACK	1
1276554161342	0	RECOG_PRES	8	TWIN	1528	-999	P	625
1276554162333	0	RECOG_CR_PRES	8	TWIN	1528	-999	P	226
1276554162850	1	RECOG_FEEDBACK	1
1276554163575	0	RECOG_PRES	8	MARSH	874	-999	P	672
1276554164616	0	RECOG_CR_PRES	8	MARSH	874	-999	P	231
1276554165133	1	RECOG_FEEDBACK	1
1276554165875	0	RECOG_PRES	8	SHRIMP	1297	-999	P	3132
1276554169383	0	RECOG_CR_PRES	8	SHRIMP	1297	-999	P	328
1276554170066	1	RECOG_FEEDBACK	0
1276554173399	0	REST
1276554174564	1	REC_START
1276554174599	0	RECOG_PRES	9	WAITER	1580	-999	P	1383
1276554176349	0	RECOG_CR_PRES	9	WAITER	1580	-999	P	434
1276554177107	1	RECOG_FEEDBACK	1
1276554177832	0	RECOG_PRES	9	DIAL	457	-999	P	767
1276554178973	0	RECOG_CR_PRES	9	DIAL	457	-999	P	330
1276554179590	1	RECOG_FEEDBACK	1
1276554180299	0	RECOG_PRES	9	SLACKS	1323	-999	P	1044
1276554181715	0	RECOG_CR_PRES	9	SLACKS	1323	-999	P	220
1276554182257	1	RECOG_FEEDBACK	0
1276554183023	0	RECOG_PRES	9	PLANET	1082	-999	P	1264
1276554184657	0	RECOG_CR_PRES	9	PLANET	1082	-999	P	246
1276554185215	1	RECOG_FEEDBACK	1
1276554186015	0	RECOG_PRES	9	GIRAFFE	636	-999	P	888
1276554187273	0	RECOG_CR_PRES	9	GIRAFFE	636	-999	P	254
1276554187823	1	RECOG_FEEDBACK	1
1276554188623	0	RECOG_PRES	9	BRUNETTE	181	-999	P	864
1276554189856	0	RECOG_CR_PRES	9	BRUNETTE	181	-999	P	207
1276554190364	1	RECOG_FEEDBACK	1
1276554191131	0	RECOG_PRES	9	OINTMENT	974	-999	P	1076
1276554192581	0	RECOG_CR_PRES	9	OINTMENT	974	-999	P	234
1276554193122	1	RECOG_FEEDBACK	1
1276554193922	0	RECOG_PRES	9	MAYONNAISE	880	-999	P	1013
1276554195306	0	RECOG_CR_PRES	9	MAYONNAISE	880	-999	P	269
1276554195872	1	RECOG_FEEDBACK	1
1276554196606	0	RECOG_PRES	9	DYNAMITE	511	-999	P	865
1276554197872	0	RECOG_CR_PRES	9	DYNAMITE	511	-999	P	271
1276554198447	1	RECOG_FEEDBACK	1
1276554199247	0	RECOG_PRES	9	LETTUCE	814	-999	P	872
1276554200489	0	RECOG_CR_PRES	9	LETTUCE	814	-999	P	342
1276554201139	1	RECOG_FEEDBACK	1
1276554201872	0	RECOG_PRES	9	CHAMBER	277	-999	P	967
1276554203213	0	RECOG_CR_PRES	9	CHAMBER	277	-999	P	258
1276554203772	1	RECOG_FEEDBACK	1
1276554204555	0	RECOG_PRES	9	HERO	706	-999	P	1948
1276554206872	0	RECOG_CR_PRES	9	HERO	706	-999	P	567
1276554207780	1	RECOG_FEEDBACK	0
1276554208555	0	RECOG_PRES	9	FOOT	590	-999	P	1564
1276554210488	0	RECOG_CR_PRES	9	FOOT	590	-999	P	215
1276554211046	1	RECOG_FEEDBACK	1
1276554211829	0	RECOG_PRES	9	GEM	629	-999	P	778
1276554212978	0	RECOG_CR_PRES	9	GEM	629	-999	P	365
1276554213629	1	RECOG_FEEDBACK	1
1276554214354	0	RECOG_PRES	9	CHIEF	298	-999	P	805
1276554215529	0	RECOG_CR_PRES	9	CHIEF	298	-999	P	286
1276554216104	1	RECOG_FEEDBACK	1
1276554216871	0	RECOG_PRES	9	MAPLE	866	-999	P	1664
1276554218904	0	RECOG_CR_PRES	9	MAPLE	866	-999	P	279
1276554219504	1	RECOG_FEEDBACK	1
1276554220245	0	RECOG_PRES	9	HANDCUFFS	685	-999	P	2226
1276554222845	0	RECOG_CR_PRES	9	HANDCUFFS	685	-999	P	266
1276554223454	1	RECOG_FEEDBACK	1
1276554224262	0	RECOG_PRES	9	POSTAGE	1113	-999	P	889
1276554225520	0	RECOG_CR_PRES	9	POSTAGE	1113	-999	P	239
1276554226053	1	RECOG_FEEDBACK	1
1276554226787	0	RECOG_PRES	9	MOP	916	-999	P	916
1276554228078	0	RECOG_CR_PRES	9	MOP	916	-999	P	209
1276554228578	1	RECOG_FEEDBACK	1
1276554229287	0	RECOG_PRES	9	BUREAU	199	-999	P	1752
1276554231411	0	RECOG_CR_PRES	9	BUREAU	199	-999	P	292
1276554232036	1	RECOG_FEEDBACK	0
1276554240311	0	REST
1276554241349	1	REC_START
1276554241386	0	RECOG_PRES	10	XEROX	1628	-999	P	1197
1276554242952	0	RECOG_CR_PRES	10	XEROX	1628	-999	P	207
1276554243477	1	RECOG_FEEDBACK	1
1276554244210	0	RECOG_PRES	10	HELICOPTER	701	-999	P	797
1276554245377	0	RECOG_CR_PRES	10	HELICOPTER	701	-999	P	222
1276554245894	1	RECOG_FEEDBACK	1
1276554246660	0	RECOG_PRES	10	ORGAN	984	-999	P	915
1276554247952	0	RECOG_CR_PRES	10	ORGAN	984	-999	P	255
1276554248518	1	RECOG_FEEDBACK	1
1276554249302	0	RECOG_PRES	10	BUNNY	198	-999	P	937
1276554250610	0	RECOG_CR_PRES	10	BUNNY	198	-999	P	157
1276554251077	1	RECOG_FEEDBACK	0
1276554251876	0	RECOG_PRES	10	MAMMAL	861	-999	P	731
1276554252975	0	RECOG_CR_PRES	10	MAMMAL	861	-999	P	216
1276554253476	1	RECOG_FEEDBACK	1
1276554254235	0	RECOG_PRES	10	SCREW	1254	-999	P	796
1276554255401	0	RECOG_CR_PRES	10	SCREW	1254	-999	P	190
1276554255884	1	RECOG_FEEDBACK	1
1276554256676	0	RECOG_PRES	10	PATROL	1027	-999	P	755
1276554257801	0	RECOG_CR_PRES	10	PATROL	1027	-999	P	173
1276554258276	1	RECOG_FEEDBACK	1
1276554259076	0	RECOG_PRES	10	DESIGNER	451	-999	P	787
1276554260234	0	RECOG_CR_PRES	10	DESIGNER	451	-999	P	253
1276554260784	1	RECOG_FEEDBACK	1
1276554261501	0	RECOG_PRES	10	BUTLER	204	-999	P	930
1276554262801	0	RECOG_CR_PRES	10	BUTLER	204	-999	P	189
1276554263292	1	RECOG_FEEDBACK	1
1276554264067	0	RECOG_PRES	10	ACTOR	5	-999	P	1164
1276554265600	0	RECOG_CR_PRES	10	ACTOR	5	-999	P	279
1276554266184	1	RECOG_FEEDBACK	1
1276554266967	0	RECOG_PRES	10	ARMY	39	-999	P	856
1276554268192	0	RECOG_CR_PRES	10	ARMY	39	-999	P	135
1276554268642	1	RECOG_FEEDBACK	1
1276554269383	0	RECOG_PRES	10	ASSOCIATE	49	-999	P	848
1276554270600	0	RECOG_CR_PRES	10	ASSOCIATE	49	-999	P	239
1276554271133	1	RECOG_FEEDBACK	1
1276554271900	0	RECOG_PRES	10	PERSONNEL	1053	-999	P	963
1276554273233	0	RECOG_CR_PRES	10	PERSONNEL	1053	-999	P	334
1276554273875	1	RECOG_FEEDBACK	1
1276554274608	0	RECOG_PRES	10	FROG	608	-999	P	1183
1276554276166	0	RECOG_CR_PRES	10	FROG	608	-999	P	209
1276554276691	1	RECOG_FEEDBACK	1
1276554277416	0	RECOG_PRES	10	PUDDING	1139	-999	P	5047
1276554282832	0	RECOG_CR_PRES	10	PUDDING	1139	-999	P	615
1276554283849	1	RECOG_FEEDBACK	0
1276554284566	0	RECOG_PRES	10	STADIUM	1364	-999	P	1057
1276554285998	0	RECOG_CR_PRES	10	STADIUM	1364	-999	P	185
1276554286491	1	RECOG_FEEDBACK	1
1276554287216	0	RECOG_PRES	10	TENT	1449	-999	P	1087
1276554288674	0	RECOG_CR_PRES	10	TENT	1449	-999	P	701
1276554289715	1	RECOG_FEEDBACK	1
1276554290440	0	RECOG_PRES	10	CREAM	402	-999	P	847
1276554291648	0	RECOG_CR_PRES	10	CREAM	402	-999	P	207
1276554292148	1	RECOG_FEEDBACK	1
1276554292857	0	RECOG_PRES	10	KITTEN	780	-999	P	862
1276554294090	0	RECOG_CR_PRES	10	KITTEN	780	-999	P	485
1276554294882	1	RECOG_FEEDBACK	0
1276554295665	0	RECOG_PRES	10	HOUND	724	-999	P	750
1276554296781	0	RECOG_CR_PRES	10	HOUND	724	-999	P	186
1276554297256	1	RECOG_FEEDBACK	1
1276554301765	0	REST
1276554302743	1	REC_START
1276554302773	0	RECOG_PRES	11	DUMP	505	-999	P	969
1276554304148	0	RECOG_CR_PRES	11	DUMP	505	-999	P	427
1276554304873	1	RECOG_FEEDBACK	1
1276554305689	0	RECOG_PRES	11	TOWEL	1489	-999	P	790
1276554306847	0	RECOG_CR_PRES	11	TOWEL	1489	-999	P	224
1276554307389	1	RECOG_FEEDBACK	1
1276554308172	0	RECOG_PRES	11	NIECE	952	-999	P	1139
1276554309680	0	RECOG_CR_PRES	11	NIECE	952	-999	P	223
1276554310205	1	RECOG_FEEDBACK	1
1276554310979	0	RECOG_PRES	11	CORAL	378	-999	P	812
1276554312164	0	RECOG_CR_PRES	11	CORAL	378	-999	P	203
1276554312672	1	RECOG_FEEDBACK	1
1276554313480	0	RECOG_PRES	11	STREAM	1392	-999	P	1015
1276554314872	0	RECOG_CR_PRES	11	STREAM	1392	-999	P	487
1276554315680	1	RECOG_FEEDBACK	0
1276554316397	0	RECOG_PRES	11	NICOTINE	951	-999	P	962
1276554317730	0	RECOG_CR_PRES	11	NICOTINE	951	-999	P	141
1276554318172	1	RECOG_FEEDBACK	1
1276554318963	0	RECOG_PRES	11	ORCHESTRA	981	-999	P	1372
1276554320705	0	RECOG_CR_PRES	11	ORCHESTRA	981	-999	P	350
1276554321371	1	RECOG_FEEDBACK	1
1276554322113	0	RECOG_PRES	11	WRENCH	1625	-999	P	926
1276554323404	0	RECOG_CR_PRES	11	WRENCH	1625	-999	P	155
1276554323854	1	RECOG_FEEDBACK	1
1276554324613	0	RECOG_PRES	11	CUPBOARD	425	-999	P	970
1276554325971	0	RECOG_CR_PRES	11	CUPBOARD	425	-999	P	196
1276554326471	1	RECOG_FEEDBACK	1
1276554327271	0	RECOG_PRES	11	EMPLOYER	532	-999	P	960
1276554328604	0	RECOG_CR_PRES	11	EMPLOYER	532	-999	P	251
1276554329162	1	RECOG_FEEDBACK	1
1276554329937	0	RECOG_PRES	11	DESK	452	-999	P	1142
1276554331454	0	RECOG_CR_PRES	11	DESK	452	-999	P	337
1276554332104	1	RECOG_FEEDBACK	1
1276554332862	0	RECOG_PRES	11	CASHIER	254	-999	P	849
1276554334129	0	RECOG_CR_PRES	11	CASHIER	254	-999	P	294
1276554334720	1	RECOG_FEEDBACK	1
1276554335529	0	RECOG_PRES	11	CHART	282	-999	P	990
1276554336895	0	RECOG_CR_PRES	11	CHART	282	-999	P	216
1276554337412	1	RECOG_FEEDBACK	1
1276554338220	0	RECOG_PRES	11	DRUG	501	-999	P	859
1276554339453	0	RECOG_CR_PRES	11	DRUG	501	-999	P	282
1276554340037	1	RECOG_FEEDBACK	1
1276554340828	0	RECOG_PRES	11	BUS	201	-999	P	1162
1276554342361	0	RECOG_CR_PRES	11	BUS	201	-999	P	262
1276554342928	1	RECOG_FEEDBACK	1
1276554343720	0	RECOG_PRES	11	NAVIGATOR	938	-999	P	1087
1276554345178	0	RECOG_CR_PRES	11	NAVIGATOR	938	-999	P	301
1276554345786	1	RECOG_FEEDBACK	1
1276554346553	0	RECOG_PRES	11	DIPLOMA	470	-999	P	2822
1276554349744	0	RECOG_CR_PRES	11	DIPLOMA	470	-999	P	623
1276554350727	1	RECOG_FEEDBACK	1
1276554351436	0	RECOG_PRES	11	NOSE	957	-999	P	1035
1276554352844	0	RECOG_CR_PRES	11	NOSE	957	-999	P	219
1276554353361	1	RECOG_FEEDBACK	1
1276554354094	0	RECOG_PRES	11	FUDGE	611	-999	P	785
1276554355252	0	RECOG_CR_PRES	11	FUDGE	611	-999	P	251
1276554355794	1	RECOG_FEEDBACK	1
1276554356519	0	RECOG_PRES	11	CHIMNEY	301	-999	P	1816
1276554358710	0	RECOG_CR_PRES	11	CHIMNEY	301	-999	P	641
1276554359743	1	RECOG_FEEDBACK	1
1276554364377	0	REST
1276554365422	1	REC_START
1276554365460	0	RECOG_PRES	12	FLIPPER	580	-999	P	1139
1276554366968	0	RECOG_CR_PRES	12	FLIPPER	580	-999	P	311
1276554367593	1	RECOG_FEEDBACK	1
1276554368326	0	RECOG_PRES	12	SHEEP	1278	-999	P	1009
1276554369709	0	RECOG_CR_PRES	12	SHEEP	1278	-999	P	194
1276554370209	1	RECOG_FEEDBACK	1
1276554370983	0	RECOG_PRES	12	RAG	1160	-999	P	792
1276554372142	0	RECOG_CR_PRES	12	RAG	1160	-999	P	241
1276554372684	1	RECOG_FEEDBACK	1
1276554373492	0	RECOG_PRES	12	COD	340	-999	P	800
1276554374692	0	RECOG_CR_PRES	12	COD	340	-999	P	267
1276554375259	1	RECOG_FEEDBACK	1
1276554376009	0	RECOG_PRES	12	GOOSE	649	-999	P	981
1276554377367	0	RECOG_CR_PRES	12	GOOSE	649	-999	P	264
1276554377934	1	RECOG_FEEDBACK	1
1276554378675	0	RECOG_PRES	12	DELINQUENT	445	-999	P	866
1276554379942	0	RECOG_CR_PRES	12	DELINQUENT	445	-999	P	233
1276554380475	1	RECOG_FEEDBACK	1
1276554381275	0	RECOG_PRES	12	TUNA	1518	-999	P	799
1276554382475	0	RECOG_CR_PRES	12	TUNA	1518	-999	P	2412
1276554385175	1	RECOG_FEEDBACK	0
1276554385966	0	RECOG_PRES	12	WINE	1613	-999	P	1377
1276554387716	0	RECOG_CR_PRES	12	WINE	1613	-999	P	195
1276554388225	1	RECOG_FEEDBACK	1
1276554389033	0	RECOG_PRES	12	SWIMMER	1420	-999	P	878
1276554390274	0	RECOG_CR_PRES	12	SWIMMER	1420	-999	P	253
1276554390833	1	RECOG_FEEDBACK	1
1276554391599	0	RECOG_PRES	12	TUSK	1523	-999	P	928
1276554392899	0	RECOG_CR_PRES	12	TUSK	1523	-999	P	244
1276554393449	1	RECOG_FEEDBACK	1
1276554394224	0	RECOG_PRES	12	LIMB	822	-999	P	1551
1276554396149	0	RECOG_CR_PRES	12	LIMB	822	-999	P	1626
1276554398107	1	RECOG_FEEDBACK	1
1276554398832	0	RECOG_PRES	12	PLUM	1090	-999	P	1874
1276554401107	0	RECOG_CR_PRES	12	PLUM	1090	-999	P	292
1276554401749	1	RECOG_FEEDBACK	1
1276554402532	0	RECOG_PRES	12	STUMP	1396	-999	P	995
1276554403898	0	RECOG_CR_PRES	12	STUMP	1396	-999	P	165
1276554404357	1	RECOG_FEEDBACK	1
1276554405098	0	RECOG_PRES	12	SHAMPOO	1274	-999	P	1125
1276554406598	0	RECOG_CR_PRES	12	SHAMPOO	1274	-999	P	217
1276554407123	1	RECOG_FEEDBACK	1
1276554407923	0	RECOG_PRES	12	ASTRONAUT	51	-999	P	796
1276554409090	0	RECOG_CR_PRES	12	ASTRONAUT	51	-999	P	197
1276554409581	1	RECOG_FEEDBACK	1
1276554410331	0	RECOG_PRES	12	OAR	966	-999	P	884
1276554411590	0	RECOG_CR_PRES	12	OAR	966	-999	P	201
1276554412089	1	RECOG_FEEDBACK	1
1276554412873	0	RECOG_PRES	12	UTENSIL	1542	-999	P	816
1276554414089	0	RECOG_CR_PRES	12	UTENSIL	1542	-999	P	182
1276554414573	1	RECOG_FEEDBACK	1
1276554415323	0	RECOG_PRES	12	PUZZLE	1146	-999	P	844
1276554416539	0	RECOG_CR_PRES	12	PUZZLE	1146	-999	P	212
1276554417047	1	RECOG_FEEDBACK	1
1276554417814	0	RECOG_PRES	12	CARPENTER	246	-999	P	817
1276554419006	0	RECOG_CR_PRES	12	CARPENTER	246	-999	P	209
1276554419522	1	RECOG_FEEDBACK	1
1276554420239	0	RECOG_PRES	12	EMERALD	528	-999	P	808
1276554421422	0	RECOG_CR_PRES	12	EMERALD	528	-999	P	233
1276554421964	1	RECOG_FEEDBACK	1
1276554433105	0	REST
1276554434149	1	REC_START
1276554434188	0	RECOG_PRES	13	PACKAGE	997	-999	P	1083
1276554435646	0	RECOG_CR_PRES	13	PACKAGE	997	-999	P	681
1276554436646	1	RECOG_FEEDBACK	1
1276554437438	0	RECOG_PRES	13	NURSERY	964	-999	P	1009
1276554438821	0	RECOG_CR_PRES	13	NURSERY	964	-999	P	490
1276554439637	1	RECOG_FEEDBACK	1
1276554440429	0	RECOG_PRES	13	PLANT	1083	-999	P	946
1276554441746	0	RECOG_CR_PRES	13	PLANT	1083	-999	P	261
1276554442312	1	RECOG_FEEDBACK	1
1276554443029	0	RECOG_PRES	13	CHILD	299	-999	P	802
1276554444204	0	RECOG_CR_PRES	13	CHILD	299	-999	P	251
1276554444762	1	RECOG_FEEDBACK	1
1276554445562	0	RECOG_PRES	13	FUNGUS	614	-999	P	1808
1276554447770	0	RECOG_CR_PRES	13	FUNGUS	614	-999	P	1053
1276554449178	1	RECOG_FEEDBACK	0
1276554449928	0	RECOG_PRES	13	BOUQUET	157	-999	P	1671
1276554451970	0	RECOG_CR_PRES	13	BOUQUET	157	-999	P	453
1276554452753	1	RECOG_FEEDBACK	1
1276554453511	0	RECOG_PRES	13	MUFFIN	929	-999	P	936
1276554454820	0	RECOG_CR_PRES	13	MUFFIN	929	-999	P	235
1276554455370	1	RECOG_FEEDBACK	1
1276554456111	0	RECOG_PRES	13	KETTLE	772	-999	P	776
1276554457261	0	RECOG_CR_PRES	13	KETTLE	772	-999	P	250
1276554457819	1	RECOG_FEEDBACK	1
1276554458536	0	RECOG_PRES	13	COMMITTEE	355	-999	P	839
1276554459744	0	RECOG_CR_PRES	13	COMMITTEE	355	-999	P	223
1276554460269	1	RECOG_FEEDBACK	1
1276554460985	0	RECOG_PRES	13	BAND	78	-999	P	758
1276554462119	0	RECOG_CR_PRES	13	BAND	78	-999	P	280
1276554462694	1	RECOG_FEEDBACK	1
1276554463502	0	RECOG_PRES	13	WELL	1600	-999	P	873
1276554464744	0	RECOG_CR_PRES	13	WELL	1600	-999	P	287
1276554465327	1	RECOG_FEEDBACK	1
1276554466052	0	RECOG_PRES	13	SEA	1259	-999	P	811
1276554467235	0	RECOG_CR_PRES	13	SEA	1259	-999	P	260
1276554467794	1	RECOG_FEEDBACK	1
1276554468569	0	RECOG_PRES	13	FIDDLE	561	-999	P	958
1276554469902	0	RECOG_CR_PRES	13	FIDDLE	561	-999	P	241
1276554470460	1	RECOG_FEEDBACK	1
1276554471252	0	RECOG_PRES	13	FLOUR	583	-999	P	875
1276554472502	0	RECOG_CR_PRES	13	FLOUR	583	-999	P	305
1276554473110	1	RECOG_FEEDBACK	1
1276554473852	0	RECOG_PRES	13	BOWL	158	-999	P	851
1276554475076	0	RECOG_CR_PRES	13	BOWL	158	-999	P	283
1276554475660	1	RECOG_FEEDBACK	1
1276554476435	0	RECOG_PRES	13	MATCH	878	-999	P	804
1276554477610	0	RECOG_CR_PRES	13	MATCH	878	-999	P	253
1276554478160	1	RECOG_FEEDBACK	1
1276554478893	0	RECOG_PRES	13	STATUE	1374	-999	P	866
1276554480134	0	RECOG_CR_PRES	13	STATUE	1374	-999	P	249
1276554480701	1	RECOG_FEEDBACK	0
1276554481443	0	RECOG_PRES	13	STAR	1373	-999	P	1004
1276554482818	0	RECOG_CR_PRES	13	STAR	1373	-999	P	237
1276554483368	1	RECOG_FEEDBACK	1
1276554484142	0	RECOG_PRES	13	BANDIT	81	-999	P	1017
1276554485534	0	RECOG_CR_PRES	13	BANDIT	81	-999	P	273
1276554486109	1	RECOG_FEEDBACK	1
1276554486876	0	RECOG_PRES	13	LONDON	843	-999	P	891
1276554488142	0	RECOG_CR_PRES	13	LONDON	843	-999	P	249
1276554488700	1	RECOG_FEEDBACK	1
1276554500016	0	REST
1276554500925	1	REC_START
1276554500958	0	RECOG_PRES	14	TELESCOPE	1446	-999	P	953
1276554502274	0	RECOG_CR_PRES	14	TELESCOPE	1446	-999	P	253
1276554502833	1	RECOG_FEEDBACK	1
1276554503549	0	RECOG_PRES	14	PIGMENT	1066	-999	P	978
1276554504899	0	RECOG_CR_PRES	14	PIGMENT	1066	-999	P	236
1276554505441	1	RECOG_FEEDBACK	1
1276554506249	0	RECOG_PRES	14	TELEVISION	1447	-999	P	1358
1276554507981	0	RECOG_CR_PRES	14	TELEVISION	1447	-999	P	274
1276554508574	1	RECOG_FEEDBACK	1
1276554509374	0	RECOG_PRES	14	FLY	586	-999	P	865
1276554510615	0	RECOG_CR_PRES	14	FLY	586	-999	P	208
1276554511115	1	RECOG_FEEDBACK	1
1276554511899	0	RECOG_PRES	14	CREW	406	-999	P	816
1276554513115	0	RECOG_CR_PRES	14	CREW	406	-999	P	244
1276554513657	1	RECOG_FEEDBACK	1
1276554514407	0	RECOG_PRES	14	VET	1560	-999	P	920
1276554515698	0	RECOG_CR_PRES	14	VET	1560	-999	P	221
1276554516215	1	RECOG_FEEDBACK	1
1276554516932	0	RECOG_PRES	14	CHAIRPERSON	275	-999	P	891
1276554518223	0	RECOG_CR_PRES	14	CHAIRPERSON	275	-999	P	248
1276554518765	1	RECOG_FEEDBACK	1
1276554519523	0	RECOG_PRES	14	SHIRT	1287	-999	P	849
1276554520773	0	RECOG_CR_PRES	14	SHIRT	1287	-999	P	234
1276554521315	1	RECOG_FEEDBACK	1
1276554522040	0	RECOG_PRES	14	DANDRUFF	439	-999	P	1039
1276554523448	0	RECOG_CR_PRES	14	DANDRUFF	439	-999	P	263
1276554524031	1	RECOG_FEEDBACK	1
1276554524806	0	RECOG_PRES	14	PIG	1064	-999	P	905
1276554526081	0	RECOG_CR_PRES	14	PIG	1064	-999	P	246
1276554526631	1	RECOG_FEEDBACK	1
1276554527414	0	RECOG_PRES	14	POTTERY	1116	-999	P	1025
1276554528814	0	RECOG_CR_PRES	14	POTTERY	1116	-999	P	321
1276554529447	1	RECOG_FEEDBACK	1
1276554530214	0	RECOG_PRES	14	PRIEST	1122	-999	P	1768
1276554532347	0	RECOG_CR_PRES	14	PRIEST	1122	-999	P	564
1276554533247	1	RECOG_FEEDBACK	1
1276554534022	0	RECOG_PRES	14	COMPUTER	359	-999	P	881
1276554535272	0	RECOG_CR_PRES	14	COMPUTER	359	-999	P	263
1276554535839	1	RECOG_FEEDBACK	1
1276554536630	0	RECOG_PRES	14	BALLERINA	74	-999	P	1081
1276554538080	0	RECOG_CR_PRES	14	BALLERINA	74	-999	P	223
1276554538613	1	RECOG_FEEDBACK	1
1276554539363	0	RECOG_PRES	14	LIGHTNING	820	-999	P	972
1276554540705	0	RECOG_CR_PRES	14	LIGHTNING	820	-999	P	254
1276554541263	1	RECOG_FEEDBACK	0
1276554542046	0	RECOG_PRES	14	BRUISE	180	-999	P	1249
1276554543671	0	RECOG_CR_PRES	14	BRUISE	180	-999	P	248
1276554544221	1	RECOG_FEEDBACK	1
1276554544946	0	RECOG_PRES	14	SPAGHETTI	1346	-999	P	853
1276554546171	0	RECOG_CR_PRES	14	SPAGHETTI	1346	-999	P	228
1276554546688	1	RECOG_FEEDBACK	1
1276554547463	0	RECOG_PRES	14	TOWN	1491	-999	P	1048
1276554548888	0	RECOG_CR_PRES	14	TOWN	1491	-999	P	271
1276554549454	1	RECOG_FEEDBACK	1
1276554550171	0	RECOG_PRES	14	CORN	381	-999	P	1044
1276554551587	0	RECOG_CR_PRES	14	CORN	381	-999	P	252
1276554552146	1	RECOG_FEEDBACK	1
1276554552879	0	RECOG_PRES	14	CHIP	303	-999	P	1160
1276554554412	0	RECOG_CR_PRES	14	CHIP	303	-999	P	435
1276554555145	1	RECOG_FEEDBACK	1
1276554571753	0	REST
1276554572728	1	REC_START
1276554572761	0	RECOG_PRES	15	LAPEL	800	-999	P	1022
1276554574152	0	RECOG_CR_PRES	15	LAPEL	800	-999	P	311
1276554574786	1	RECOG_FEEDBACK	1
1276554575561	0	RECOG_PRES	15	SLUG	1329	-999	P	918
1276554576852	0	RECOG_CR_PRES	15	SLUG	1329	-999	P	243
1276554577402	1	RECOG_FEEDBACK	1
1276554578119	0	RECOG_PRES	15	CONSOLE	364	-999	P	816
1276554579310	0	RECOG_CR_PRES	15	CONSOLE	364	-999	P	305
1276554579902	1	RECOG_FEEDBACK	1
1276554580635	0	RECOG_PRES	15	FRIEND	606	-999	P	1076
1276554582085	0	RECOG_CR_PRES	15	FRIEND	606	-999	P	314
1276554582702	1	RECOG_FEEDBACK	0
1276554583418	0	RECOG_PRES	15	SEAT	1264	-999	P	941
1276554584735	0	RECOG_CR_PRES	15	SEAT	1264	-999	P	255
1276554585293	1	RECOG_FEEDBACK	1
1276554586052	0	RECOG_PRES	15	CELERY	266	-999	P	1035
1276554587451	0	RECOG_CR_PRES	15	CELERY	266	-999	P	228
1276554587984	1	RECOG_FEEDBACK	1
1276554588726	0	RECOG_PRES	15	GANGSTER	620	-999	P	969
1276554590068	0	RECOG_CR_PRES	15	GANGSTER	620	-999	P	219
1276554590593	1	RECOG_FEEDBACK	1
1276554591368	0	RECOG_PRES	15	BEAR	106	-999	P	1015
1276554592759	0	RECOG_CR_PRES	15	BEAR	106	-999	P	256
1276554593334	1	RECOG_FEEDBACK	0
1276554594101	0	RECOG_PRES	15	SPONGE	1355	-999	P	930
1276554595401	0	RECOG_CR_PRES	15	SPONGE	1355	-999	P	286
1276554595991	1	RECOG_FEEDBACK	1
1276554596701	0	RECOG_PRES	15	BROCCOLI	176	-999	P	802
1276554597876	0	RECOG_CR_PRES	15	BROCCOLI	176	-999	P	235
1276554598409	1	RECOG_FEEDBACK	1
1276554599142	0	RECOG_PRES	15	PEARL	1034	-999	P	1025
1276554600542	0	RECOG_CR_PRES	15	PEARL	1034	-999	P	225
1276554601092	1	RECOG_FEEDBACK	1
1276554601875	0	RECOG_PRES	15	MANAGER	863	-999	P	825
1276554603100	0	RECOG_CR_PRES	15	MANAGER	863	-999	P	219
1276554603625	1	RECOG_FEEDBACK	0
1276554604408	0	RECOG_PRES	15	NECKLACE	940	-999	P	1023
1276554605800	0	RECOG_CR_PRES	15	NECKLACE	940	-999	P	255
1276554606350	1	RECOG_FEEDBACK	1
1276554607158	0	RECOG_PRES	15	BLANKET	135	-999	P	1097
1276554608625	0	RECOG_CR_PRES	15	BLANKET	135	-999	P	310
1276554609241	1	RECOG_FEEDBACK	1
1276554609966	0	RECOG_PRES	15	BAY	102	-999	P	977
1276554611316	0	RECOG_CR_PRES	15	BAY	102	-999	P	259
1276554611883	1	RECOG_FEEDBACK	1
1276554612633	0	RECOG_PRES	15	MOLECULE	905	-999	P	1006
1276554614008	0	RECOG_CR_PRES	15	MOLECULE	905	-999	P	199
1276554614508	1	RECOG_FEEDBACK	1
1276554615274	0	RECOG_PRES	15	SOLDIER	1344	-999	P	1541
1276554617182	0	RECOG_CR_PRES	15	SOLDIER	1344	-999	P	289
1276554617799	1	RECOG_FEEDBACK	0
1276554618574	0	RECOG_PRES	15	GHETTO	633	-999	P	1009
1276554619957	0	RECOG_CR_PRES	15	GHETTO	633	-999	P	1410
1276554621674	1	RECOG_FEEDBACK	0
1276554622440	0	RECOG_PRES	15	FLOOR	581	-999	P	4055
1276554626865	0	RECOG_CR_PRES	15	FLOOR	581	-999	P	246
1276554627498	1	RECOG_FEEDBACK	0
1276554628215	0	RECOG_PRES	15	SCALE	1241	-999	P	1048
1276554629640	0	RECOG_CR_PRES	15	SCALE	1241	-999	P	151
1276554630090	1	RECOG_FEEDBACK	1
1276554630899	0	RECOG_END
1276554631840	0	SESS_END
1276554631881	0	E	Logging Ends
