1302892475356	0	B	Logging Begins
1302892516724	0	START
1302892516749	1	PROB	'3 + 6 + 5 = '	'14'	1	2790	1
1302892519572	1	PROB	'8 + 6 + 9 = '	'23'	1	2855	1
1302892522463	1	PROB	'8 + 3 + 9 = '	'20'	1	4924	1
1302892527420	1	PROB	'1 + 7 + 3 = '	'11'	1	1351	1
1302892528803	1	PROB	'1 + 6 + 1 = '	'8'	1	1448	1
1302892530285	1	PROB	'6 + 1 + 1 = '	'8'	1	1294	1
1302892531610	1	PROB	'3 + 3 + 7 = '	'13'	1	1345	1
1302892532984	1	PROB	'8 + 6 + 8 = '	'22'	1	2683	1
1302892535667	0	STOP
1302892622295	0	START
1302892623444	1	PROB	'9 + 3 + 2 = '	'14'	1	2311	1
1302892625785	1	PROB	'8 + 6 + 2 = '	'16'	1	2490	1
1302892628309	1	PROB	'2 + 2 + 6 = '	'10'	1	1902	1
1302892630211	0	STOP
1302892709297	0	START
1302892710805	1	PROB	'9 + 9 + 3 = '	'21'	1	2199	1
1302892713038	1	PROB	'7 + 8 + 9 = '	'24'	1	2269	1
1302892717297	0	STOP
1302892721168	0	START
1302892721984	1	PROB	'8 + 7 + 7 = '	'22'	1	3076	1
1302892725092	1	PROB	'7 + 4 + 2 = '	'13'	1	2479	1
1302892729167	0	STOP
1302892733389	0	START
1302892734413	1	PROB	'7 + 4 + 2 = '	'13'	1	2702	1
1302892737145	1	PROB	'1 + 2 + 9 = '	'12'	1	1530	1
1302892741389	0	STOP
1302892745293	0	START
1302892746434	1	PROB	'6 + 9 + 7 = '	'22'	1	4841	1
1302892751307	1	PROB	'4 + 6 + 5 = '	'15'	1	1664	1
1302892752971	0	STOP
1302892757247	0	START
1302892758329	1	PROB	'2 + 6 + 9 = '	'17'	1	4130	1
1302892762495	1	PROB	'3 + 2 + 2 = '	'7'	1	1972	1
1302892764467	0	STOP
1302892769451	0	START
1302892770317	1	PROB	'9 + 1 + 6 = '	'16'	1	1767	1
1302892772116	1	PROB	'9 + 5 + 7 = '	'22'	0	2007	1
1302892774157	1	PROB	'2 + 6 + 1 = '	'9'	1	1758	1
1302892777451	0	STOP
1302892781605	0	START
1302892782437	1	PROB	'7 + 9 + 4 = '	'20'	1	3798	1
1302892786269	1	PROB	'7 + 5 + 6 = '	'18'	1	1759	1
1302892789604	0	STOP
1302892793567	0	START
1302892794616	1	PROB	'6 + 6 + 1 = '	'13'	1	2571	1
1302892797224	1	PROB	'7 + 7 + 6 = '	'20'	1	3635	1
1302892800859	0	STOP
1302892805780	0	START
1302892806612	1	PROB	'2 + 5 + 2 = '	'9'	1	2047	1
1302892808695	1	PROB	'1 + 7 + 5 = '	'14'	0	2196	1
1302892813779	0	STOP
1302892817675	0	START
1302892818758	1	PROB	'7 + 5 + 6 = '	'18'	1	2493	1
1302892821290	1	PROB	'8 + 2 + 1 = '	'11'	1	2161	1
1302892823490	1	PROB	'2 + 2 + 2 = '	'6'	1	1465	1
1302892824955	0	STOP
1302892829838	0	START
1302892830970	1	PROB	'8 + 7 + 5 = '	'20'	1	3681	1
1302892834686	1	PROB	'8 + 3 + 2 = '	'13'	1	2342	1
1302892837028	0	STOP
1302892842051	0	START
1302892843191	1	PROB	'2 + 4 + 6 = '	'12'	1	1347	5
1302892844574	1	PROB	'8 + 2 + 9 = '	'19'	1	1557	1
1302892846165	1	PROB	'7 + 1 + 7 = '	'15'	1	1446	1
1302892847648	1	PROB	'5 + 1 + 7 = '	'13'	1	1691	1
1302892849339	0	STOP
1302892854162	0	START
1302892855228	1	PROB	'7 + 2 + 9 = '	'18'	1	3223	1
1302892858485	1	PROB	'8 + 4 + 9 = '	'21'	1	2910	1
1302892861395	0	STOP
1302892866283	0	START
1302892867432	1	PROB	'6 + 5 + 7 = '	'18'	1	1795	1
1302892869265	1	PROB	'5 + 6 + 3 = '	'14'	1	4210	1
1302892873475	0	STOP
1302892878221	0	START
1302892879029	1	PROB	'7 + 5 + 1 = '	'13'	1	2342	1
1302892881402	1	PROB	'9 + 1 + 9 = '	'19'	1	1513	1
1302892882952	1	PROB	'9 + 4 + 6 = '	'19'	1	1395	1
1302892886221	0	STOP
1302892890067	0	START
1302892890957	1	PROB	'9 + 6 + 9 = '	'24'	1	4318	1
1302892895314	1	PROB	'3 + 1 + 7 = '	'11'	1	1714	1
1302892897028	0	STOP
1302892902112	0	START
1302892903145	1	PROB	'8 + 8 + 3 = '	'19'	1	2466	1
1302892905644	1	PROB	'5 + 2 + 9 = '	'16'	1	3432	1
1302892909076	0	STOP
1302893053425	0	START
1302893054332	1	PROB	'8 + 4 + 9 = '	'21'	1	3647	1
1302893058016	1	PROB	'6 + 9 + 2 = '	'17'	1	2571	1
1302893060587	0	STOP
1302893204763	0	START
1302893205654	1	PROB	'9 + 3 + 2 = '	'14'	1	2317	1
1302893208004	1	PROB	'5 + 9 + 5 = '	'19'	1	1383	1
1302893209419	1	PROB	'7 + 4 + 6 = '	'17'	1	1760	1
1302893211218	1	PROB	'6 + 8 + 5 = '	'19'	1	2025	1
1302893213276	1	PROB	'3 + 9 + 5 = '	'17'	1	2095	1
1302893215409	1	PROB	'4 + 3 + 2 = '	'9'	1	2627	1
1302893218075	1	PROB	'2 + 8 + 6 = '	'16'	1	1272	1
1302893219347	0	STOP
1302893299129	0	START
1302893300637	1	PROB	'7 + 2 + 9 = '	'18'	1	3766	1
1302893304435	1	PROB	'7 + 6 + 3 = '	'16'	1	2528	1
1302893307002	1	PROB	'7 + 5 + 5 = '	'17'	1	1281	1
1302893308317	1	PROB	'5 + 6 + 5 = '	'16'	1	1790	1
1302893310142	1	PROB	'7 + 7 + 8 = '	'24'	0	1821	1
1302893315129	0	STOP
1302893319023	0	START
1302893319838	1	PROB	'6 + 7 + 6 = '	'19'	1	2262	1
1302893322137	1	PROB	'5 + 6 + 3 = '	'14'	1	2026	1
1302893324195	1	PROB	'8 + 3 + 3 = '	'14'	1	2000	1
1302893326228	1	PROB	'3 + 4 + 1 = '	'8'	1	1759	1
1302893328028	1	PROB	'7 + 2 + 7 = '	'16'	1	1951	1
1302893330019	1	PROB	'7 + 9 + 1 = '	'17'	1	1416	1
1302893331467	1	PROB	'8 + 5 + 2 = '	'15'	1	1360	1
1302893335023	0	STOP
1302893339008	0	START
1302893339848	1	PROB	'1 + 4 + 1 = '	'6'	1	1315	1
1302893341197	1	PROB	'5 + 7 + 3 = '	'15'	1	1206	1
1302893342438	1	PROB	'3 + 9 + 5 = '	'17'	1	1733	1
1302893344204	1	PROB	'5 + 3 + 2 = '	'10'	1	1655	1
1302893345896	1	PROB	'5 + 2 + 1 = '	'8'	1	2347	1
1302893348278	1	PROB	'1 + 7 + 8 = '	'16'	1	2165	1
1302893350477	1	PROB	'9 + 4 + 1 = '	'14'	1	1886	1
1302893352402	1	PROB	'9 + 3 + 3 = '	'15'	1	1881	1
1302893354283	0	STOP
1302893359051	0	START
1302893360215	1	PROB	'3 + 4 + 9 = '	'16'	1	2436	1
1302893362690	1	PROB	'4 + 6 + 1 = '	'11'	1	1402	1
1302893364122	1	PROB	'4 + 5 + 9 = '	'18'	1	1665	1
1302893365822	1	PROB	'2 + 9 + 7 = '	'18'	1	5389	1
1302893371245	1	PROB	'5 + 7 + 1 = '	'14'	0	2486	1
1302893373731	0	STOP
1302893379217	0	START
1302893380317	1	PROB	'8 + 3 + 9 = '	'20'	1	4414	1
1302893384765	1	PROB	'9 + 6 + 6 = '	'21'	1	1966	1
1302893386764	1	PROB	'6 + 1 + 1 = '	'8'	1	1391	1
1302893388189	1	PROB	'5 + 1 + 8 = '	'14'	1	2254	1
1302893390480	1	PROB	'4 + 4 + 4 = '	'12'	1	1867	1
1302893392379	1	PROB	'2 + 2 + 2 = '	'6'	1	1496	1
1302893393875	0	STOP
1302893399285	0	START
1302893400268	1	PROB	'2 + 7 + 6 = '	'15'	1	2479	1
1302893402784	1	PROB	'9 + 7 + 1 = '	'17'	1	1347	1
1302893404167	1	PROB	'1 + 6 + 8 = '	'15'	1	2092	1
1302893406291	1	PROB	'1 + 5 + 7 = '	'13'	1	2240	1
1302893408565	1	PROB	'6 + 1 + 3 = '	'10'	1	1414	1
1302893410015	1	PROB	'5 + 4 + 9 = '	'18'	1	1660	1
1302893411714	1	PROB	'2 + 3 + 2 = '	'7'	1	1977	1
1302893415285	0	STOP
1302893419295	0	START
1302893420377	1	PROB	'5 + 4 + 2 = '	'11'	1	3498	1
1302893423909	1	PROB	'8 + 1 + 8 = '	'17'	1	1862	1
1302893425809	1	PROB	'5 + 8 + 3 = '	'16'	1	1994	1
1302893427841	1	PROB	'4 + 5 + 7 = '	'16'	1	1946	1
1302893429824	1	PROB	'1 + 1 + 7 = '	'9'	1	2035	1
1302893431898	1	PROB	'5 + 1 + 6 = '	'12'	1	1777	1
1302893435295	0	STOP
1302893439463	0	START
1302893440329	1	PROB	'2 + 6 + 9 = '	'17'	1	2466	1
1302893442828	1	PROB	'7 + 1 + 5 = '	'13'	1	2511	1
1302893445377	1	PROB	'5 + 7 + 4 = '	'16'	1	2715	1
1302893448126	1	PROB	'9 + 7 + 1 = '	'17'	1	2549	1
1302893450708	1	PROB	'5 + 4 + 2 = '	'11'	1	1815	1
1302893452558	1	PROB	'6 + 4 + 5 = '	'15'	1	1229	1
1302893455463	0	STOP
1302893459489	0	START
1302893460363	1	PROB	'1 + 6 + 2 = '	'9'	1	1888	1
1302893462288	1	PROB	'2 + 9 + 6 = '	'17'	1	2179	1
1302893464503	1	PROB	'1 + 8 + 9 = '	'18'	1	2100	1
1302893466653	1	PROB	'2 + 8 + 7 = '	'17'	1	1862	1
1302893468552	1	PROB	'1 + 3 + 1 = '	'5'	1	1387	1
1302893469976	1	PROB	'4 + 2 + 2 = '	'8'	1	2060	1
1302893475483	0	STOP
1302893479573	0	START
1302893480706	1	PROB	'4 + 1 + 6 = '	'11'	1	1465	1
1302893482214	1	PROB	'2 + 6 + 8 = '	'16'	1	1253	1
1302893483513	1	PROB	'2 + 8 + 5 = '	'15'	1	1690	1
1302893485246	1	PROB	'5 + 1 + 9 = '	'15'	1	1421	1
1302893486712	1	PROB	'2 + 6 + 8 = '	'16'	1	1380	1
1302893488137	1	PROB	'9 + 9 + 5 = '	'23'	1	1899	1
1302893490079	1	PROB	'3 + 4 + 7 = '	'14'	1	2005	1
1302893492127	1	PROB	'3 + 2 + 7 = '	'12'	1	1877	1
1302893495573	0	STOP
1302893499450	0	START
1302893500366	1	PROB	'1 + 8 + 6 = '	'15'	1	2213	1
1302893502623	1	PROB	'9 + 8 + 3 = '	'20'	1	2940	1
1302893505605	1	PROB	'4 + 8 + 7 = '	'19'	1	1926	1
1302893507580	1	PROB	'5 + 8 + 6 = '	'19'	1	2023	1
1302893509646	1	PROB	'5 + 3 + 4 = '	'12'	1	1909	1
1302893511603	1	PROB	'4 + 1 + 6 = '	'11'	1	1497	1
1302893515450	0	STOP
1302893519551	0	START
1302893520717	1	PROB	'8 + 8 + 6 = '	'22'	1	5367	1
1302893526132	1	PROB	'9 + 3 + 9 = '	'21'	1	1975	1
1302893528156	1	PROB	'1 + 1 + 8 = '	'10'	1	1391	1
1302893529597	1	PROB	'8 + 4 + 2 = '	'14'	1	2030	1
1302893531671	1	PROB	'6 + 7 + 9 = '	'22'	1	2012	1
1302893535551	0	STOP
1302893539635	0	START
1302893540601	1	PROB	'8 + 2 + 1 = '	'11'	1	1443	1
1302893542093	1	PROB	'1 + 7 + 3 = '	'11'	1	1182	1
1302893543317	1	PROB	'1 + 7 + 2 = '	'10'	1	1390	1
1302893544750	1	PROB	'4 + 1 + 9 = '	'14'	1	1637	1
1302893546433	1	PROB	'4 + 4 + 4 = '	'12'	1	1466	1
1302893547949	1	PROB	'8 + 4 + 9 = '	'21'	1	1798	1
1302893549790	1	PROB	'1 + 9 + 9 = '	'19'	1	1445	1
1302893551281	1	PROB	'1 + 3 + 4 = '	'8'	1	1426	1
1302893555634	0	STOP
1302893559628	0	START
1302893560744	1	PROB	'6 + 4 + 6 = '	'16'	1	1251	1
1302893562045	1	PROB	'7 + 9 + 9 = '	'24'	0	1894	1
1302893563985	1	PROB	'3 + 2 + 9 = '	'14'	1	1914	1
1302893565942	1	PROB	'3 + 3 + 8 = '	'14'	1	2301	1
1302893568291	1	PROB	'7 + 3 + 7 = '	'17'	1	1729	1
1302893570067	1	PROB	'8 + 7 + 6 = '	'21'	1	3232	1
1302893573348	1	PROB	'3 + 6 + 7 = '	'16'	1	1823	1
1302893575171	0	STOP
1302893579580	0	START
1302893580629	1	PROB	'1 + 6 + 7 = '	'14'	1	1423	1
1302893582096	1	PROB	'8 + 6 + 3 = '	'17'	1	2451	1
1302893584594	1	PROB	'6 + 1 + 1 = '	'8'	1	1329	1
1302893585969	1	PROB	'6 + 6 + 4 = '	'16'	1	1314	1
1302893587318	1	PROB	'7 + 5 + 5 = '	'17'	1	1621	1
1302893588976	1	PROB	'1 + 4 + 4 = '	'9'	1	1787	1
1302893590808	1	PROB	'3 + 3 + 5 = '	'11'	1	2731	1
1302893595580	0	STOP
1302893599747	0	START
1302893600647	1	PROB	'7 + 5 + 9 = '	'21'	1	2476	1
1302893603162	1	PROB	'5 + 2 + 5 = '	'12'	1	1433	1
1302893604645	1	PROB	'8 + 4 + 9 = '	'21'	1	1758	1
1302893606453	1	PROB	'2 + 5 + 4 = '	'11'	1	2110	1
1302893608610	1	PROB	'6 + 9 + 2 = '	'17'	1	2233	1
1302893610893	1	PROB	'8 + 8 + 1 = '	'17'	1	1790	1
1302893612717	1	PROB	'1 + 3 + 1 = '	'5'	1	1311	1
1302893615747	0	STOP
1302893619815	0	START
1302893620723	1	PROB	'1 + 6 + 9 = '	'16'	1	2584	1
1302893623347	1	PROB	'8 + 5 + 3 = '	'16'	1	2776	1
1302893626163	1	PROB	'8 + 3 + 3 = '	'14'	1	2656	1
1302893628862	1	PROB	'7 + 3 + 7 = '	'17'	1	1349	1
1302893630253	1	PROB	'3 + 1 + 8 = '	'12'	1	1759	1
1302893632062	1	PROB	'5 + 6 + 6 = '	'17'	1	2237	1
1302893634299	0	STOP
1302893860780	0	START
1302893862287	1	PROB	'5 + 6 + 9 = '	'20'	1	2460	1
1302893864794	1	PROB	'5 + 6 + 4 = '	'15'	1	1337	1
1302893866169	1	PROB	'4 + 2 + 7 = '	'13'	1	2410	1
1302893868579	0	STOP
1302893872917	0	START
1302893873866	1	PROB	'9 + 3 + 1 = '	'13'	1	1937	1
1302893875849	1	PROB	'9 + 8 + 9 = '	'25'	0	4930	1
1302893880779	0	STOP
1302893884788	0	START
1302893885854	1	PROB	'4 + 6 + 4 = '	'14'	1	1309	1
1302893887211	1	PROB	'9 + 5 + 9 = '	'23'	1	2416	1
1302893892788	0	STOP
1302893896892	0	START
1302893897858	1	PROB	'1 + 7 + 1 = '	'9'	1	1489	1
1302893899390	1	PROB	'5 + 8 + 1 = '	'14'	1	3437	1
1302893902873	1	PROB	'8 + 6 + 4 = '	'18'	1	1562	1
1302893904435	0	STOP
1302893908804	0	START
1302893909887	1	PROB	'3 + 2 + 1 = '	'6'	1	1860	1
1302893911794	1	PROB	'9 + 3 + 5 = '	'17'	1	1633	1
1302893913460	1	PROB	'1 + 6 + 4 = '	'11'	1	1239	1
1302893916804	0	STOP
1302893920767	0	START
1302893921816	1	PROB	'9 + 9 + 2 = '	'20'	1	1587	1
1302893923449	1	PROB	'6 + 3 + 8 = '	'17'	1	2786	1
1302893928766	0	STOP
1302893932696	0	START
1302893933887	1	PROB	'8 + 1 + 9 = '	'18'	1	1556	1
1302893935478	1	PROB	'5 + 5 + 3 = '	'13'	1	1269	1
1302893936785	1	PROB	'7 + 4 + 5 = '	'16'	1	2842	1
1302893939627	0	STOP
1302893944775	0	START
1302893945924	1	PROB	'6 + 4 + 7 = '	'17'	1	1303	1
1302893947273	1	PROB	'6 + 9 + 8 = '	'23'	1	5186	1
1302893952459	0	STOP
1302893956812	0	START
1302893957686	1	PROB	'4 + 4 + 8 = '	'16'	1	1453	1
1302893959186	1	PROB	'8 + 2 + 3 = '	'13'	1	1465	1
1302893960694	1	PROB	'6 + 9 + 1 = '	'16'	1	1925	1
1302893962660	1	PROB	'5 + 5 + 6 = '	'16'	1	1151	1
1302893963811	0	STOP
1302893968750	0	START
1302893969790	1	PROB	'6 + 8 + 8 = '	'23'	0	3061	1
1302893972889	1	PROB	'1 + 1 + 1 = '	'3'	1	1274	1
1302893974197	1	PROB	'8 + 5 + 7 = '	'20'	1	2430	1
1302893976627	0	STOP
1302893980862	0	START
1302893981669	1	PROB	'5 + 9 + 3 = '	'17'	1	2830	1
1302893984544	1	PROB	'1 + 6 + 3 = '	'10'	1	1891	1
1302893986476	1	PROB	'1 + 8 + 8 = '	'17'	1	1536	1
1302893988012	0	STOP
1302893992758	0	START
1302893993590	1	PROB	'8 + 1 + 3 = '	'12'	1	2021	1
1302893995656	1	PROB	'4 + 5 + 2 = '	'11'	1	1867	1
1302893997572	1	PROB	'3 + 1 + 1 = '	'5'	1	1432	1
1302894000747	0	STOP
1302894004662	0	START
1302894005711	1	PROB	'4 + 9 + 2 = '	'15'	1	2444	1
1302894008193	1	PROB	'8 + 8 + 8 = '	'24'	1	2242	1
1302894010484	1	PROB	'5 + 6 + 5 = '	'16'	1	1487	1
1302894011971	0	STOP
1302894016857	0	START
1302894017923	1	PROB	'8 + 7 + 1 = '	'16'	1	2056	1
1302894020024	1	PROB	'5 + 2 + 4 = '	'10'	0	2091	1
1302894024857	0	STOP
1302894028895	0	START
1302894029777	1	PROB	'1 + 7 + 4 = '	'12'	1	3586	1
1302894033401	1	PROB	'9 + 5 + 5 = '	'19'	1	1530	1
1302894034976	1	PROB	'8 + 1 + 2 = '	'11'	1	1363	1
1302894036339	0	STOP
1302894040757	0	START
1302894041773	1	PROB	'4 + 8 + 8 = '	'20'	1	2902	1
1302894044714	1	PROB	'3 + 4 + 3 = '	'10'	1	3201	1
1302894047915	0	STOP
1302894052895	0	START
1302894053802	1	PROB	'6 + 1 + 1 = '	'8'	1	1713	1
1302894055560	1	PROB	'2 + 7 + 6 = '	'15'	1	1979	1
1302894057584	1	PROB	'2 + 6 + 1 = '	'9'	1	1796	1
1302894059380	0	STOP
1302894139106	0	START
1302894140613	1	PROB	'9 + 4 + 8 = '	'21'	1	4190	1
1302894144845	1	PROB	'3 + 9 + 7 = '	'19'	1	1454	1
1302894146336	1	PROB	'4 + 9 + 9 = '	'22'	1	1756	1
1302894148135	1	PROB	'3 + 5 + 9 = '	'17'	1	1684	1
1302894149868	1	PROB	'7 + 7 + 3 = '	'17'	1	1647	1
1302894151559	1	PROB	'9 + 9 + 1 = '	'19'	1	2604	1
1302894154163	0	STOP
1302894158932	0	START
1302894160032	1	PROB	'5 + 2 + 5 = '	'12'	1	1395	1
1302894161472	1	PROB	'3 + 5 + 6 = '	'14'	1	1851	1
1302894163372	1	PROB	'5 + 4 + 5 = '	'14'	1	1263	1
1302894164671	1	PROB	'3 + 4 + 1 = '	'8'	1	1373	1
1302894166088	1	PROB	'4 + 5 + 3 = '	'12'	1	2195	1
1302894168320	1	PROB	'1 + 3 + 6 = '	'10'	1	1963	1
1302894170319	1	PROB	'9 + 1 + 2 = '	'12'	1	1220	1
1302894171577	1	PROB	'9 + 1 + 3 = '	'13'	1	1435	1
1302894174932	0	STOP
1302894178833	0	START
1302894179774	1	PROB	'2 + 8 + 6 = '	'16'	1	1205	1
1302894181025	1	PROB	'4 + 8 + 8 = '	'20'	1	2250	1
1302894183315	1	PROB	'8 + 4 + 7 = '	'19'	1	2040	1
1302894185389	1	PROB	'5 + 3 + 5 = '	'13'	1	1414	1
1302894186847	1	PROB	'1 + 3 + 8 = '	'12'	1	3324	1
1302894190220	1	PROB	'6 + 2 + 3 = '	'11'	1	2919	1
1302894194833	0	STOP
1302894199002	0	START
1302894200076	1	PROB	'6 + 7 + 6 = '	'19'	1	4119	1
1302894204240	1	PROB	'1 + 1 + 4 = '	'6'	1	1571	1
1302894205857	1	PROB	'7 + 4 + 6 = '	'17'	1	2666	1
1302894208572	1	PROB	'2 + 4 + 7 = '	'13'	1	2391	1
1302894211014	1	PROB	'9 + 9 + 9 = '	'27'	1	2485	1
1302894213499	0	STOP
1302894219070	0	START
1302894219876	1	PROB	'7 + 9 + 5 = '	'22'	0	4455	1
1302894224375	1	PROB	'2 + 5 + 2 = '	'9'	1	2412	1
1302894226832	1	PROB	'5 + 2 + 4 = '	'11'	1	2411	1
1302894229290	1	PROB	'4 + 1 + 1 = '	'6'	1	1273	1
1302894230606	1	PROB	'1 + 1 + 6 = '	'8'	1	1709	1
1302894232355	1	PROB	'6 + 7 + 3 = '	'16'	1	1224	1
1302894233579	0	STOP
1302894238929	0	START
1302894239761	1	PROB	'6 + 1 + 6 = '	'13'	1	2426	1
1302894242235	1	PROB	'4 + 6 + 1 = '	'11'	1	1312	1
1302894243593	1	PROB	'2 + 5 + 7 = '	'14'	1	5642	1
1302894249283	1	PROB	'2 + 8 + 3 = '	'13'	1	1769	1
1302894251100	1	PROB	'2 + 4 + 4 = '	'10'	1	3159	1
1302894254259	0	STOP
1302894258963	0	START
1302894260030	1	PROB	'8 + 4 + 5 = '	'17'	1	5237	1
1302894265302	1	PROB	'6 + 7 + 7 = '	'20'	1	1917	1
1302894267268	1	PROB	'5 + 2 + 9 = '	'16'	1	3824	1
1302894271133	1	PROB	'4 + 9 + 4 = '	'17'	1	1990	1
1302894274963	0	STOP
1302894279099	0	START
1302894280155	1	PROB	'1 + 6 + 8 = '	'15'	1	1968	1
1302894282163	1	PROB	'3 + 1 + 5 = '	'9'	1	3728	1
1302894285928	1	PROB	'4 + 6 + 8 = '	'18'	1	1435	1
1302894287403	1	PROB	'7 + 1 + 7 = '	'15'	1	1488	1
1302894288927	1	PROB	'7 + 3 + 1 = '	'11'	1	1244	1
1302894290210	1	PROB	'3 + 8 + 5 = '	'16'	1	2089	1
1302894292334	1	PROB	'7 + 1 + 7 = '	'15'	1	2021	1
1302894294355	0	STOP
1302894299050	0	START
1302894299890	1	PROB	'7 + 2 + 8 = '	'17'	1	2289	1
1302894302222	1	PROB	'7 + 5 + 6 = '	'18'	1	1941	1
1302894304205	1	PROB	'4 + 8 + 5 = '	'17'	1	2374	1
1302894306621	1	PROB	'1 + 7 + 6 = '	'14'	1	2094	1
1302894308753	1	PROB	'8 + 5 + 5 = '	'18'	1	1442	1
1302894310236	1	PROB	'8 + 2 + 7 = '	'17'	1	1663	1
1302894311936	1	PROB	'2 + 8 + 3 = '	'13'	1	1619	1
1302894313555	0	STOP
1302894318992	0	START
1302894320100	1	PROB	'4 + 8 + 8 = '	'20'	1	1727	1
1302894321874	1	PROB	'6 + 8 + 6 = '	'20'	1	2113	1
1302894324032	1	PROB	'5 + 6 + 6 = '	'17'	1	2211	1
1302894326289	1	PROB	'3 + 4 + 9 = '	'16'	1	1715	1
1302894328039	1	PROB	'5 + 8 + 4 = '	'17'	1	2132	1
1302894330221	1	PROB	'7 + 2 + 6 = '	'16'	0	2934	1
1302894334992	0	STOP
1302894339168	0	START
1302894340367	1	PROB	'7 + 8 + 5 = '	'20'	1	4044	1
1302894344449	1	PROB	'4 + 8 + 8 = '	'20'	1	2170	1
1302894346656	1	PROB	'9 + 9 + 7 = '	'24'	0	3227	1
1302894349922	1	PROB	'1 + 6 + 4 = '	'11'	1	1401	1
1302894351363	1	PROB	'3 + 6 + 8 = '	'17'	1	2616	1
1302894353979	0	STOP
1302894359302	0	START
1302894360352	1	PROB	'1 + 6 + 1 = '	'8'	1	1355	1
1302894361751	1	PROB	'6 + 6 + 8 = '	'20'	1	1684	1
1302894363484	1	PROB	'9 + 3 + 3 = '	'15'	1	2127	1
1302894365658	1	PROB	'3 + 1 + 6 = '	'10'	1	1370	1
1302894367075	1	PROB	'5 + 7 + 9 = '	'21'	1	2160	1
1302894369282	1	PROB	'4 + 6 + 6 = '	'16'	1	1625	1
1302894370956	1	PROB	'2 + 2 + 6 = '	'10'	1	2056	1
1302894373048	1	PROB	'5 + 5 + 7 = '	'17'	1	1411	1
1302894374459	0	STOP
1302894379237	0	START
1302894380145	1	PROB	'8 + 1 + 8 = '	'17'	1	1602	1
1302894381794	1	PROB	'3 + 2 + 7 = '	'12'	1	1313	1
1302894383152	1	PROB	'9 + 6 + 5 = '	'20'	1	2723	1
1302894385917	1	PROB	'4 + 4 + 9 = '	'17'	1	1463	1
1302894387425	1	PROB	'2 + 1 + 2 = '	'5'	1	1562	1
1302894389026	1	PROB	'1 + 7 + 7 = '	'15'	1	1401	1
1302894390466	1	PROB	'8 + 6 + 2 = '	'16'	1	1993	1
1302894392507	1	PROB	'2 + 2 + 5 = '	'9'	1	2056	1
1302894394563	0	STOP
1302894399438	0	START
1302894400346	1	PROB	'9 + 7 + 9 = '	'24'	0	2641	1
1302894403029	1	PROB	'8 + 6 + 7 = '	'21'	1	2742	1
1302894405819	1	PROB	'1 + 8 + 2 = '	'11'	1	1464	1
1302894407327	1	PROB	'8 + 3 + 2 = '	'13'	1	1604	1
1302894408976	1	PROB	'6 + 7 + 2 = '	'15'	1	1643	1
1302894410667	1	PROB	'4 + 2 + 8 = '	'14'	1	2385	1
1302894413101	1	PROB	'5 + 4 + 7 = '	'16'	1	2270	1
1302894415371	0	STOP
1302894419323	0	START
1302894420389	1	PROB	'8 + 3 + 3 = '	'14'	1	1798	1
1302894422230	1	PROB	'1 + 5 + 4 = '	'10'	1	1637	1
1302894423912	1	PROB	'3 + 1 + 3 = '	'7'	1	2363	1
1302894426320	1	PROB	'7 + 2 + 8 = '	'17'	1	1756	1
1302894428119	1	PROB	'2 + 8 + 9 = '	'19'	1	1388	1
1302894429544	1	PROB	'1 + 5 + 1 = '	'7'	1	2043	1
1302894431635	1	PROB	'4 + 8 + 4 = '	'16'	1	1736	1
1302894435323	0	STOP
1302894439257	0	START
1302894440357	1	PROB	'1 + 7 + 5 = '	'13'	1	2342	1
1302894442747	1	PROB	'4 + 9 + 9 = '	'22'	1	2584	1
1302894445380	1	PROB	'7 + 4 + 9 = '	'20'	1	2696	1
1302894448120	1	PROB	'6 + 2 + 9 = '	'17'	1	3259	1
1302894451428	1	PROB	'7 + 6 + 6 = '	'19'	1	3071	1
1302894454499	0	STOP
1302894459093	0	START
1302894459958	1	PROB	'1 + 8 + 1 = '	'10'	1	1293	1
1302894461299	1	PROB	'2 + 8 + 3 = '	'13'	1	1544	1
1302894462890	1	PROB	'1 + 4 + 5 = '	'10'	1	1729	1
1302894464665	1	PROB	'3 + 9 + 7 = '	'19'	1	1826	1
1302894466539	1	PROB	'9 + 6 + 3 = '	'18'	1	5080	1
1302894471662	1	PROB	'9 + 3 + 5 = '	'17'	1	1685	1
1302894475093	0	STOP
1302894618835	0	START
1302894619676	1	PROB	'7 + 9 + 3 = '	'19'	1	2319	1
1302894622043	1	PROB	'8 + 8 + 7 = '	'23'	1	6009	1
1302894628099	1	PROB	'6 + 3 + 7 = '	'16'	1	2376	1
1302894630514	1	PROB	'2 + 2 + 3 = '	'7'	1	1857	1
1302894632405	1	PROB	'5 + 8 + 3 = '	'16'	1	1982	1
1302894634387	0	STOP
1302894778237	0	START
1302894779203	1	PROB	'7 + 1 + 1 = '	'9'	1	1576	1
1302894780827	1	PROB	'8 + 2 + 1 = '	'11'	1	1257	1
1302894782127	1	PROB	'6 + 1 + 8 = '	'15'	1	3276	1
1302894785403	0	STOP
1302895255684	0	START
1302895257191	1	PROB	'2 + 8 + 3 = '	'13'	1	1596	1
1302895258832	1	PROB	'3 + 3 + 7 = '	'13'	1	1315	1
1302895260190	1	PROB	'1 + 5 + 3 = '	'9'	1	2037	1
1302895262227	0	STOP
1302895267738	0	START
1302895268637	1	PROB	'6 + 7 + 6 = '	'19'	1	2062	1
1302895270745	1	PROB	'6 + 9 + 5 = '	'19'	0	2355	1
1302895273144	1	PROB	'2 + 7 + 4 = '	'13'	1	2555	1
1302895275699	0	STOP
1302895279850	0	START
1302895280791	1	PROB	'8 + 1 + 2 = '	'11'	1	1277	1
1302895282107	1	PROB	'5 + 3 + 7 = '	'15'	1	1256	1
1302895283399	1	PROB	'8 + 6 + 9 = '	'23'	1	3172	1
1302895286571	0	STOP
1302895292022	0	START
1302895292904	1	PROB	'8 + 3 + 5 = '	'16'	1	2035	1
1302895294986	1	PROB	'1 + 9 + 2 = '	'12'	1	1257	1
1302895296286	1	PROB	'1 + 6 + 2 = '	'9'	1	2917	1
1302895299203	0	STOP
1302895303859	0	START
1302895304949	1	PROB	'4 + 1 + 5 = '	'10'	1	1678	1
1302895306674	1	PROB	'7 + 7 + 9 = '	'23'	1	2569	1
1302895309290	1	PROB	'9 + 5 + 5 = '	'19'	1	1137	1
1302895310427	0	STOP
1302895315854	0	START
1302895316812	1	PROB	'6 + 2 + 6 = '	'14'	1	1607	1
1302895318453	1	PROB	'5 + 8 + 5 = '	'18'	1	1542	1
1302895320045	1	PROB	'3 + 2 + 4 = '	'9'	1	2382	1
1302895322427	0	STOP
1302895327742	0	START
1302895328816	1	PROB	'6 + 8 + 6 = '	'20'	1	1675	1
1302895330540	1	PROB	'3 + 8 + 6 = '	'17'	1	2967	1
1302895333556	1	PROB	'9 + 7 + 1 = '	'17'	1	2031	1
1302895335587	0	STOP
1302895339746	0	START
1302895340562	1	PROB	'3 + 4 + 2 = '	'9'	1	1609	1
1302895342211	1	PROB	'1 + 3 + 8 = '	'12'	1	1712	1
1302895343969	1	PROB	'1 + 1 + 3 = '	'5'	1	1314	1
1302895345318	1	PROB	'6 + 6 + 6 = '	'18'	1	1501	1
1302895346819	0	STOP
1302895351658	0	START
1302895352483	1	PROB	'6 + 4 + 8 = '	'18'	1	1553	1
1302895354083	1	PROB	'7 + 7 + 9 = '	'23'	1	1768	1
1302895355898	1	PROB	'4 + 8 + 1 = '	'13'	1	1713	1
1302895357656	1	PROB	'3 + 7 + 1 = '	'11'	1	1444	1
1302895359100	0	STOP
1302895363829	0	START
1302895364953	1	PROB	'9 + 7 + 4 = '	'20'	1	3282	1
1302895368277	1	PROB	'6 + 4 + 4 = '	'14'	1	1198	1
1302895369510	1	PROB	'4 + 7 + 3 = '	'14'	1	1213	1
1302895370723	0	STOP
1302895376034	0	START
1302895376849	1	PROB	'8 + 6 + 2 = '	'16'	1	1306	1
1302895378198	1	PROB	'3 + 7 + 1 = '	'11'	1	1181	1
1302895379423	1	PROB	'5 + 5 + 9 = '	'19'	1	1180	1
1302895380648	1	PROB	'3 + 5 + 2 = '	'10'	1	1891	1
1302895382539	0	STOP
1302895388013	0	START
1302895389095	1	PROB	'5 + 9 + 7 = '	'21'	1	2748	1
1302895391877	1	PROB	'9 + 6 + 6 = '	'21'	1	1734	1
1302895393660	1	PROB	'9 + 6 + 3 = '	'18'	1	1887	1
1302895395547	0	STOP
1302895400075	0	START
1302895400882	1	PROB	'5 + 6 + 9 = '	'20'	1	2329	1
1302895403256	1	PROB	'7 + 7 + 8 = '	'22'	1	2051	1
1302895405355	1	PROB	'7 + 1 + 9 = '	'17'	1	1657	1
1302895407012	0	STOP
1302895412153	0	START
1302895413045	1	PROB	'4 + 5 + 2 = '	'11'	1	2414	1
1302895415493	1	PROB	'3 + 1 + 4 = '	'8'	1	1742	1
1302895417284	1	PROB	'8 + 6 + 4 = '	'18'	1	1247	1
1302895420152	0	STOP
1302895423999	0	START
1302895425008	1	PROB	'5 + 7 + 4 = '	'16'	1	2507	1
1302895427564	1	PROB	'2 + 2 + 1 = '	'5'	1	1719	1
1302895431999	0	STOP
1302895436013	0	START
1302895437161	1	PROB	'2 + 2 + 6 = '	'10'	1	2143	4
1302895439352	1	PROB	'8 + 3 + 5 = '	'16'	1	1795	1
1302895441184	1	PROB	'3 + 2 + 5 = '	'10'	1	1451	1
1302895442635	0	STOP
1302895447949	0	START
1302895449058	1	PROB	'5 + 5 + 4 = '	'14'	1	1345	1
1302895450448	1	PROB	'8 + 9 + 2 = '	'19'	1	1235	1
1302895451722	1	PROB	'8 + 9 + 3 = '	'20'	1	3441	1
1302895455163	0	STOP
1302896387819	0	E	Logging Ends
