1270653596832	0	B	Logging Begins
1270653596832	0	SESS_START	13
1270653658177	1	FR_PRES	0	CUPBOARD	425	1	0	2208	(0.42259999999999998, 0.58709999999999996, 0)	../fonts/amplitud.ttf	upper
1270653662301	1	FR_PRES	0	DANDELION	438	1	1	1268	(0.42259999999999998, 0.58709999999999996, 0)	../fonts/amplitud.ttf	upper
1270653666418	1	FR_PRES	0	FOREHEAD	592	1	1	2286	(0.42259999999999998, 0.58709999999999996, 0)	../fonts/amplitud.ttf	upper
1270653670584	1	FR_PRES	0	LIPSTICK	829	1	0	1152	(0.42259999999999998, 0.58709999999999996, 0)	../fonts/amplitud.ttf	upper
1270653674609	1	FR_PRES	0	BEETLE	116	1	1	1111	(0.42259999999999998, 0.58709999999999996, 0)	../fonts/amplitud.ttf	upper
1270653678517	1	FR_PRES	0	COMMANDER	354	0	1	1459	(0.57740000000000002, 0.41289999999999999, 1.0)	../fonts/zerothre.ttf	lower
1270653682458	1	FR_PRES	0	UNIFORM	1539	0	1	2007	(0.57740000000000002, 0.41289999999999999, 1.0)	../fonts/zerothre.ttf	lower
1270653686383	1	FR_PRES	0	TORTOISE	1486	0	1	1521	(0.57740000000000002, 0.41289999999999999, 1.0)	../fonts/zerothre.ttf	lower
1270653690432	1	FR_PRES	0	SCALLOP	1242	0	0	1153	(0.57740000000000002, 0.41289999999999999, 1.0)	../fonts/zerothre.ttf	lower
1270653694516	1	FR_PRES	0	PIER	1063	0	1	933	(0.57740000000000002, 0.41289999999999999, 1.0)	../fonts/zerothre.ttf	lower
1270653698565	1	FR_PRES	0	CATERPILLAR	259	0	0	2091	(0.57740000000000002, 0.41289999999999999, 1.0)	../fonts/zerothre.ttf	lower
1270653702656	1	FR_PRES	0	TOMB	1477	1	0	1328	(0.42259999999999998, 0.58709999999999996, 0)	../fonts/amplitud.ttf	upper
1270653706722	1	FR_PRES	0	SHOWER	1296	1	0	1022	(0.42259999999999998, 0.58709999999999996, 0)	../fonts/amplitud.ttf	upper
1270653710738	1	FR_PRES	0	COOK	372	1	1	1623	(0.42259999999999998, 0.58709999999999996, 0)	../fonts/amplitud.ttf	upper
1270653714921	1	FR_PRES	0	OVEN	991	0	1	1328	(0.57740000000000002, 0.41289999999999999, 1.0)	../fonts/zerothre.ttf	lower
1270653718846	1	FR_PRES	0	ANCHOR	21	0	1	1146	(0.57740000000000002, 0.41289999999999999, 1.0)	../fonts/zerothre.ttf	lower
1270653722924	0	DISTRACTOR	0			8000	2
1270653731597	1	REC_START
1270653807632	0	REST
1270653809132	0	DISTRACTOR	1			8000	2
1270653816739	1	FR_PRES	1	SEED	1266	0	0	1326	(0.57740000000000002, 0.41289999999999999, 1.0)	../fonts/zerothre.ttf	lower
1270653820762	0	DISTRACTOR	1			8000	3
1270653828655	1	FR_PRES	1	WILDERNESS	1610	0	1	1385	(0.57740000000000002, 0.41289999999999999, 1.0)	../fonts/zerothre.ttf	lower
1270653832511	0	DISTRACTOR	1			8000	3
1270653840530	1	FR_PRES	1	TRIBE	1505	0	1	1495	(0.57740000000000002, 0.41289999999999999, 1.0)	../fonts/zerothre.ttf	lower
1270653844582	0	DISTRACTOR	1			8000	3
1270653852720	1	FR_PRES	1	PLAYGROUND	1087	0	1	897	(0.57740000000000002, 0.41289999999999999, 1.0)	../fonts/zerothre.ttf	lower
1270653856879	0	DISTRACTOR	1			8000	3
1270653864919	1	FR_PRES	1	PARSLEY	1016	0	0	1138	(0.57740000000000002, 0.41289999999999999, 1.0)	../fonts/zerothre.ttf	lower
1270653869103	0	DISTRACTOR	1			8000	3
1270653876859	1	FR_PRES	1	HERB	704	0	0	1021	(0.57740000000000002, 0.41289999999999999, 1.0)	../fonts/zerothre.ttf	lower
1270653881049	0	DISTRACTOR	1			8000	3
1270653888784	1	FR_PRES	1	STAGE	1366	0	1	952	(0.57740000000000002, 0.41289999999999999, 1.0)	../fonts/zerothre.ttf	lower
1270653892822	0	DISTRACTOR	1			8000	3
1270653900966	1	FR_PRES	1	SALOON	1228	0	1	1435	(0.57740000000000002, 0.41289999999999999, 1.0)	../fonts/zerothre.ttf	lower
1270653904796	0	DISTRACTOR	1			8000	3
1270653913058	1	FR_PRES	1	LOUNGE	845	0	1	806	(0.57740000000000002, 0.41289999999999999, 1.0)	../fonts/zerothre.ttf	lower
1270653917171	0	DISTRACTOR	1			8000	4
1270653925024	1	FR_PRES	1	NEWSSTAND	949	0	1	920	(0.57740000000000002, 0.41289999999999999, 1.0)	../fonts/zerothre.ttf	lower
1270653928931	0	DISTRACTOR	1			8000	4
1270653937089	1	FR_PRES	1	MARSH	874	0	1	1064	(0.57740000000000002, 0.41289999999999999, 1.0)	../fonts/zerothre.ttf	lower
1270653941026	0	DISTRACTOR	1			8000	3
1270653949297	1	FR_PRES	1	TRANSPLANT	1496	0	0	2535	(0.57740000000000002, 0.41289999999999999, 1.0)	../fonts/zerothre.ttf	lower
1270653953130	0	DISTRACTOR	1			8000	2
1270653961404	1	FR_PRES	1	STAPLER	1372	0	0	958	(0.57740000000000002, 0.41289999999999999, 1.0)	../fonts/zerothre.ttf	lower
1270653965538	0	DISTRACTOR	1			8000	3
1270653973320	1	FR_PRES	1	DIRT	472	0	0	1496	(0.57740000000000002, 0.41289999999999999, 1.0)	../fonts/zerothre.ttf	lower
1270653977457	0	DISTRACTOR	1			8000	2
1270653985427	1	FR_PRES	1	BUTLER	204	0	1	1245	(0.57740000000000002, 0.41289999999999999, 1.0)	../fonts/zerothre.ttf	lower
1270653989595	0	DISTRACTOR	1			8000	3
1270653997368	1	FR_PRES	1	VIOLIN	1571	0	1	2305	(0.57740000000000002, 0.41289999999999999, 1.0)	../fonts/zerothre.ttf	lower
1270654001248	0	DISTRACTOR	1			8000	3
1270654010160	1	REC_START
1270654086128	0	REST
1270654087628	0	DISTRACTOR	2			8000	2
1270654095144	1	FR_PRES	2	DUCK	504	0	0	1857	(0.57740000000000002, 0.41289999999999999, 1.0)	../fonts/zerothre.ttf	lower
1270654098982	0	DISTRACTOR	2			8000	3
1270654107310	1	FR_PRES	2	DOG	480	0	1	1092	(0.57740000000000002, 0.41289999999999999, 1.0)	../fonts/zerothre.ttf	lower
1270654111500	0	DISTRACTOR	2			8000	4
1270654119443	1	FR_PRES	2	WEED	1599	1	1	1806	(0.42259999999999998, 0.58709999999999996, 0)	../fonts/amplitud.ttf	upper
1270654123441	0	DISTRACTOR	2			8000	2
1270654131517	1	FR_PRES	2	FLOWER	584	1	1	1813	(0.42259999999999998, 0.58709999999999996, 0)	../fonts/amplitud.ttf	upper
1270654135639	0	DISTRACTOR	2			8000	3
1270654143407	1	FR_PRES	2	HAMBURGER	679	1	0	2050	(0.42259999999999998, 0.58709999999999996, 0)	../fonts/amplitud.ttf	upper
1270654147340	0	DISTRACTOR	2			8000	3
1270654155340	1	FR_PRES	2	PRINTER	1126	1	0	1357	(0.42259999999999998, 0.58709999999999996, 0)	../fonts/amplitud.ttf	upper
1270654159488	0	DISTRACTOR	2			8000	4
1270654167522	1	FR_PRES	2	BRIEFCASE	175	1	0	2311	(0.42259999999999998, 0.58709999999999996, 0)	../fonts/amplitud.ttf	upper
1270654171569	0	DISTRACTOR	2			8000	4
1270654179580	1	FR_PRES	2	CANDIDATE	228	1	1	2356	(0.42259999999999998, 0.58709999999999996, 0)	../fonts/amplitud.ttf	upper
1270654183659	0	DISTRACTOR	2			8000	2
1270654191778	1	FR_PRES	2	BISON	131	0	1	2528	(0.57740000000000002, 0.41289999999999999, 1.0)	../fonts/zerothre.ttf	lower
1270654195985	0	DISTRACTOR	2			8000	3
1270654203685	1	FR_PRES	2	BURGLAR	200	0	1	1892	(0.57740000000000002, 0.41289999999999999, 1.0)	../fonts/zerothre.ttf	lower
1270654207666	0	DISTRACTOR	2			8000	2
1270654215577	1	FR_PRES	2	PEDESTRIAN	1038	1	1	1729	(0.42259999999999998, 0.58709999999999996, 0)	../fonts/amplitud.ttf	upper
1270654219593	0	DISTRACTOR	2			8000	2
1270654227659	1	FR_PRES	2	LION	827	1	1	1077	(0.42259999999999998, 0.58709999999999996, 0)	../fonts/amplitud.ttf	upper
1270654231582	0	DISTRACTOR	2			8000	4
1270654239534	1	FR_PRES	2	GOVERNOR	651	0	1	1155	(0.57740000000000002, 0.41289999999999999, 1.0)	../fonts/zerothre.ttf	lower
1270654243530	0	DISTRACTOR	2			8000	3
1270654251399	1	FR_PRES	2	KETCHUP	771	0	0	2313	(0.57740000000000002, 0.41289999999999999, 1.0)	../fonts/zerothre.ttf	lower
1270654255468	0	DISTRACTOR	2			8000	3
1270654263382	1	FR_PRES	2	PENNY	1045	0	0	1955	(0.57740000000000002, 0.41289999999999999, 1.0)	../fonts/zerothre.ttf	lower
1270654267538	0	DISTRACTOR	2			8000	4
1270654275306	1	FR_PRES	2	RECEIPT	1173	0	0	1832	(0.57740000000000002, 0.41289999999999999, 1.0)	../fonts/zerothre.ttf	lower
1270654279302	0	DISTRACTOR	2			8000	2
1270654288139	1	REC_START
1270654364091	0	REST
1270654365599	1	FR_PRES	3	MAID	856	0	1	1498	(0.57740000000000002, 0.41289999999999999, 1.0)	../fonts/zerothre.ttf	lower
1270654369549	1	FR_PRES	3	OREGANO	983	0	0	1315	(0.57740000000000002, 0.41289999999999999, 1.0)	../fonts/zerothre.ttf	lower
1270654373557	1	FR_PRES	3	SHEEP	1278	0	1	1355	(0.57740000000000002, 0.41289999999999999, 1.0)	../fonts/zerothre.ttf	lower
1270654377465	1	FR_PRES	3	YACHT	1629	0	1	992	(0.57740000000000002, 0.41289999999999999, 1.0)	../fonts/zerothre.ttf	lower
1270654381557	1	FR_PRES	3	FUGITIVE	612	0	1	1716	(0.57740000000000002, 0.41289999999999999, 1.0)	../fonts/zerothre.ttf	lower
1270654385672	1	FR_PRES	3	PHILOSOPHER	1054	0	1	785	(0.57740000000000002, 0.41289999999999999, 1.0)	../fonts/zerothre.ttf	lower
1270654389639	1	FR_PRES	3	POSTAGE	1113	1	0	1531	(0.42259999999999998, 0.58709999999999996, 0)	../fonts/amplitud.ttf	upper
1270654393671	1	FR_PRES	3	NOTE	958	1	0	1531	(0.42259999999999998, 0.58709999999999996, 0)	../fonts/amplitud.ttf	upper
1270654397480	1	FR_PRES	3	FURNITURE	616	0	1	1626	(0.57740000000000002, 0.41289999999999999, 1.0)	../fonts/zerothre.ttf	lower
1270654401513	1	FR_PRES	3	PROFESSOR	1131	0	1	681	(0.57740000000000002, 0.41289999999999999, 1.0)	../fonts/zerothre.ttf	lower
1270654405571	1	FR_PRES	3	CLOVE	329	1	0	1751	(0.42259999999999998, 0.58709999999999996, 0)	../fonts/amplitud.ttf	upper
1270654409770	1	FR_PRES	3	SICKLE	1302	1	1	2680	(0.42259999999999998, 0.58709999999999996, 0)	../fonts/amplitud.ttf	upper
1270654413687	1	FR_PRES	3	PRAIRIE	1118	1	-999	3000	(0.42259999999999998, 0.58709999999999996, 0)	../fonts/amplitud.ttf	upper
1270654416711	1	SLOW_MSG
1270654419337	1	FR_PRES	3	STAKE	1368	1	0	1720	(0.42259999999999998, 0.58709999999999996, 0)	../fonts/amplitud.ttf	upper
1270654423328	1	FR_PRES	3	CHURCH	307	1	0	1081	(0.42259999999999998, 0.58709999999999996, 0)	../fonts/amplitud.ttf	upper
1270654427478	1	FR_PRES	3	CHAPEL	280	1	0	796	(0.42259999999999998, 0.58709999999999996, 0)	../fonts/amplitud.ttf	upper
1270654431603	0	DISTRACTOR	3			16000	6
1270654448319	1	REC_START
1270654524254	0	REST
1270654525762	1	FR_PRES	4	PUDDING	1139	1	0	1264	(0.42259999999999998, 0.58709999999999996, 0)	../fonts/amplitud.ttf	upper
1270654529661	1	FR_PRES	4	JELLO	754	1	0	909	(0.42259999999999998, 0.58709999999999996, 0)	../fonts/amplitud.ttf	upper
1270654533570	1	FR_PRES	4	LOBSTER	837	1	1	1223	(0.42259999999999998, 0.58709999999999996, 0)	../fonts/amplitud.ttf	upper
1270654537453	1	FR_PRES	4	TIGER	1467	0	1	1621	(0.57740000000000002, 0.41289999999999999, 1.0)	../fonts/zerothre.ttf	lower
1270654541311	1	FR_PRES	4	PARCEL	1012	0	1	1939	(0.57740000000000002, 0.41289999999999999, 1.0)	../fonts/zerothre.ttf	lower
1270654545203	1	FR_PRES	4	CREEK	404	0	1	2630	(0.57740000000000002, 0.41289999999999999, 1.0)	../fonts/zerothre.ttf	lower
1270654549103	1	FR_PRES	4	CARRIAGE	248	0	1	778	(0.57740000000000002, 0.41289999999999999, 1.0)	../fonts/zerothre.ttf	lower
1270654553011	1	FR_PRES	4	GRADUATE	653	0	1	838	(0.57740000000000002, 0.41289999999999999, 1.0)	../fonts/zerothre.ttf	lower
1270654556959	1	FR_PRES	4	MAILBOX	857	0	0	1395	(0.57740000000000002, 0.41289999999999999, 1.0)	../fonts/zerothre.ttf	lower
1270654561127	1	FR_PRES	4	CAPITAL	238	1	0	2355	(0.42259999999999998, 0.58709999999999996, 0)	../fonts/amplitud.ttf	upper
1270654565268	1	FR_PRES	4	DOUGHNUT	490	1	0	1230	(0.42259999999999998, 0.58709999999999996, 0)	../fonts/amplitud.ttf	upper
1270654569243	1	FR_PRES	4	PUPIL	1143	0	1	1549	(0.57740000000000002, 0.41289999999999999, 1.0)	../fonts/zerothre.ttf	lower
1270654573309	1	FR_PRES	4	POCKET	1093	0	0	1141	(0.57740000000000002, 0.41289999999999999, 1.0)	../fonts/zerothre.ttf	lower
1270654577467	1	FR_PRES	4	DENIM	446	1	0	1190	(0.42259999999999998, 0.58709999999999996, 0)	../fonts/amplitud.ttf	upper
1270654581533	1	FR_PRES	4	HEN	703	1	1	1387	(0.42259999999999998, 0.58709999999999996, 0)	../fonts/amplitud.ttf	upper
1270654585508	1	FR_PRES	4	FEATHER	557	1	0	942	(0.42259999999999998, 0.58709999999999996, 0)	../fonts/amplitud.ttf	upper
1270654589505	0	DISTRACTOR	4			8000	3
1270654598391	1	REC_START
1270654675909	0	REST
1270654677410	1	FR_PRES	5	ENEMY	534	1	1	1632	(0.42259999999999998, 0.58709999999999996, 0)	../fonts/amplitud.ttf	upper
1270654681451	1	FR_PRES	5	PAD	998	1	0	1151	(0.42259999999999998, 0.58709999999999996, 0)	../fonts/amplitud.ttf	upper
1270654685642	1	FR_PRES	5	QUILL	1150	0	0	2271	(0.57740000000000002, 0.41289999999999999, 1.0)	../fonts/zerothre.ttf	lower
1270654689517	1	FR_PRES	5	INTESTINE	742	0	1	1316	(0.57740000000000002, 0.41289999999999999, 1.0)	../fonts/zerothre.ttf	lower
1270654693400	1	FR_PRES	5	BUREAU	199	0	1	978	(0.57740000000000002, 0.41289999999999999, 1.0)	../fonts/zerothre.ttf	lower
1270654697466	1	FR_PRES	5	COLONEL	348	0	1	1168	(0.57740000000000002, 0.41289999999999999, 1.0)	../fonts/zerothre.ttf	lower
1270654701458	1	FR_PRES	5	ARMY	39	1	1	1255	(0.42259999999999998, 0.58709999999999996, 0)	../fonts/amplitud.ttf	upper
1270654705433	1	FR_PRES	5	RUST	1219	1	0	1264	(0.42259999999999998, 0.58709999999999996, 0)	../fonts/amplitud.ttf	upper
1270654709349	1	FR_PRES	5	CAVE	263	1	0	1620	(0.42259999999999998, 0.58709999999999996, 0)	../fonts/amplitud.ttf	upper
1270654713557	1	FR_PRES	5	CHIME	300	0	0	2445	(0.57740000000000002, 0.41289999999999999, 1.0)	../fonts/zerothre.ttf	lower
1270654717664	1	FR_PRES	5	DRYER	503	0	0	2850	(0.57740000000000002, 0.41289999999999999, 1.0)	../fonts/zerothre.ttf	lower
1270654721598	1	FR_PRES	5	ATHLETE	52	0	1	2012	(0.57740000000000002, 0.41289999999999999, 1.0)	../fonts/zerothre.ttf	lower
1270654725464	1	FR_PRES	5	UMPIRE	1535	0	1	1546	(0.57740000000000002, 0.41289999999999999, 1.0)	../fonts/zerothre.ttf	lower
1270654729431	1	FR_PRES	5	RECIPE	1175	1	0	1075	(0.42259999999999998, 0.58709999999999996, 0)	../fonts/amplitud.ttf	upper
1270654733322	1	FR_PRES	5	PARTNER	1017	1	1	1152	(0.42259999999999998, 0.58709999999999996, 0)	../fonts/amplitud.ttf	upper
1270654737189	1	FR_PRES	5	CANDY	230	1	0	829	(0.42259999999999998, 0.58709999999999996, 0)	../fonts/amplitud.ttf	upper
1270654743022	1	REC_START
1270654823591	0	REST
1270654825091	0	DISTRACTOR	6			16000	6
1270654840614	1	FR_PRES	6	SUPERVISOR	1410	1	1	1091	(0.42259999999999998, 0.58709999999999996, 0)	../fonts/amplitud.ttf	upper
1270654844597	0	DISTRACTOR	6			16000	6
1270654860488	1	FR_PRES	6	WORKER	1621	1	1	866	(0.42259999999999998, 0.58709999999999996, 0)	../fonts/amplitud.ttf	upper
1270654864330	0	DISTRACTOR	6			16000	6
1270654880586	1	FR_PRES	6	FARMER	553	1	1	800	(0.42259999999999998, 0.58709999999999996, 0)	../fonts/amplitud.ttf	upper
1270654884705	0	DISTRACTOR	6			16000	6
1270654900593	1	FR_PRES	6	MARKET	871	1	0	1489	(0.42259999999999998, 0.58709999999999996, 0)	../fonts/amplitud.ttf	upper
1270654904504	0	DISTRACTOR	6			16000	7
1270654920707	1	FR_PRES	6	SNACK	1331	1	0	887	(0.42259999999999998, 0.58709999999999996, 0)	../fonts/amplitud.ttf	upper
1270654924746	0	DISTRACTOR	6			16000	8
1270654940698	1	FR_PRES	6	CEREAL	272	1	0	1568	(0.42259999999999998, 0.58709999999999996, 0)	../fonts/amplitud.ttf	upper
1270654944796	0	DISTRACTOR	6			16000	5
1270654960913	1	FR_PRES	6	SKIN	1318	1	1	1249	(0.42259999999999998, 0.58709999999999996, 0)	../fonts/amplitud.ttf	upper
1270654965098	0	DISTRACTOR	6			16000	5
1270654981112	1	FR_PRES	6	CARAVAN	242	1	0	2609	(0.42259999999999998, 0.58709999999999996, 0)	../fonts/amplitud.ttf	upper
1270654985307	0	DISTRACTOR	6			16000	5
1270655000985	1	FR_PRES	6	CHEF	290	1	1	2225	(0.42259999999999998, 0.58709999999999996, 0)	../fonts/amplitud.ttf	upper
1270655004953	0	DISTRACTOR	6			16000	4
1270655021034	1	FR_PRES	6	SOFTBALL	1343	1	0	1000	(0.42259999999999998, 0.58709999999999996, 0)	../fonts/amplitud.ttf	upper
1270655025093	0	DISTRACTOR	6			16000	6
1270655041200	1	FR_PRES	6	VOLLEYBALL	1576	1	0	922	(0.42259999999999998, 0.58709999999999996, 0)	../fonts/amplitud.ttf	upper
1270655045195	0	DISTRACTOR	6			16000	6
1270655061190	1	FR_PRES	6	DAUGHTER	442	1	1	884	(0.42259999999999998, 0.58709999999999996, 0)	../fonts/amplitud.ttf	upper
1270655065280	0	DISTRACTOR	6			16000	6
1270655081397	1	FR_PRES	6	BIRD	129	1	1	685	(0.42259999999999998, 0.58709999999999996, 0)	../fonts/amplitud.ttf	upper
1270655085219	0	DISTRACTOR	6			16000	6
1270655101412	1	FR_PRES	6	CITY	314	1	0	1622	(0.42259999999999998, 0.58709999999999996, 0)	../fonts/amplitud.ttf	upper
1270655105616	0	DISTRACTOR	6			16000	6
1270655121544	1	FR_PRES	6	BUS	201	1	0	1489	(0.42259999999999998, 0.58709999999999996, 0)	../fonts/amplitud.ttf	upper
1270655125592	0	DISTRACTOR	6			16000	6
1270655141517	1	FR_PRES	6	MICROWAVE	892	1	0	1380	(0.42259999999999998, 0.58709999999999996, 0)	../fonts/amplitud.ttf	upper
1270655145344	0	DISTRACTOR	6			16000	5
1270655162408	1	REC_START
1270655238318	0	REST
1270655239826	1	FR_PRES	7	DASHBOARD	441	0	1	1792	(0.57740000000000002, 0.41289999999999999, 1.0)	../fonts/zerothre.ttf	lower
1270655243859	1	FR_PRES	7	SQUIRREL	1362	0	0	1126	(0.57740000000000002, 0.41289999999999999, 1.0)	../fonts/zerothre.ttf	lower
1270655247775	1	FR_PRES	7	WALRUS	1585	0	1	827	(0.57740000000000002, 0.41289999999999999, 1.0)	../fonts/zerothre.ttf	lower
1270655251816	1	FR_PRES	7	EMPLOYEE	531	0	1	849	(0.57740000000000002, 0.41289999999999999, 1.0)	../fonts/zerothre.ttf	lower
1270655255974	1	FR_PRES	7	PEAR	1033	0	0	1156	(0.57740000000000002, 0.41289999999999999, 1.0)	../fonts/zerothre.ttf	lower
1270655259907	1	FR_PRES	7	ARTICLE	42	0	0	1103	(0.57740000000000002, 0.41289999999999999, 1.0)	../fonts/zerothre.ttf	lower
1270655263982	1	FR_PRES	7	NEWSPAPER	948	0	1	1675	(0.57740000000000002, 0.41289999999999999, 1.0)	../fonts/zerothre.ttf	lower
1270655268191	1	FR_PRES	7	CONSOLE	364	0	1	1131	(0.57740000000000002, 0.41289999999999999, 1.0)	../fonts/zerothre.ttf	lower
1270655272241	1	FR_PRES	7	BANQUET	86	0	1	1009	(0.57740000000000002, 0.41289999999999999, 1.0)	../fonts/zerothre.ttf	lower
1270655276432	1	FR_PRES	7	PEARL	1034	0	0	810	(0.57740000000000002, 0.41289999999999999, 1.0)	../fonts/zerothre.ttf	lower
1270655280490	1	FR_PRES	7	DOORBELL	487	0	0	1664	(0.57740000000000002, 0.41289999999999999, 1.0)	../fonts/zerothre.ttf	lower
1270655284507	1	FR_PRES	7	BALLOON	75	0	0	2087	(0.57740000000000002, 0.41289999999999999, 1.0)	../fonts/zerothre.ttf	lower
1270655288640	1	FR_PRES	7	CHIP	303	0	0	1002	(0.57740000000000002, 0.41289999999999999, 1.0)	../fonts/zerothre.ttf	lower
1270655292672	1	FR_PRES	7	MILITARY	894	0	1	985	(0.57740000000000002, 0.41289999999999999, 1.0)	../fonts/zerothre.ttf	lower
1270655296763	1	FR_PRES	7	LIST	830	0	0	1487	(0.57740000000000002, 0.41289999999999999, 1.0)	../fonts/zerothre.ttf	lower
1270655300788	1	FR_PRES	7	BLACKBERRY	132	0	0	1806	(0.57740000000000002, 0.41289999999999999, 1.0)	../fonts/zerothre.ttf	lower
1270655304967	0	DISTRACTOR	7			8000	3
1270655313597	1	REC_START
1270655389499	0	REST
1270655390999	0	DISTRACTOR	8			8000	2
1270655398356	1	FR_PRES	8	JET	756	1	0	1621	(0.42259999999999998, 0.58709999999999996, 0)	../fonts/amplitud.ttf	upper
1270655402485	0	DISTRACTOR	8			8000	2
1270655410206	1	FR_PRES	8	PILOT	1070	1	1	1420	(0.42259999999999998, 0.58709999999999996, 0)	../fonts/amplitud.ttf	upper
1270655414247	0	DISTRACTOR	8			8000	3
1270655422313	1	FR_PRES	8	VAN	1548	1	0	857	(0.42259999999999998, 0.58709999999999996, 0)	../fonts/amplitud.ttf	upper
1270655426450	0	DISTRACTOR	8			8000	3
1270655434179	1	FR_PRES	8	FACTORY	548	1	0	1470	(0.42259999999999998, 0.58709999999999996, 0)	../fonts/amplitud.ttf	upper
1270655438024	0	DISTRACTOR	8			8000	2
1270655446336	1	FR_PRES	8	CROOK	412	1	0	2234	(0.42259999999999998, 0.58709999999999996, 0)	../fonts/amplitud.ttf	upper
1270655450519	0	DISTRACTOR	8			8000	3
1270655458402	1	FR_PRES	8	TELEPHONE	1445	1	0	840	(0.42259999999999998, 0.58709999999999996, 0)	../fonts/amplitud.ttf	upper
1270655462277	0	DISTRACTOR	8			8000	3
1270655470526	1	FR_PRES	8	LOBBY	836	1	0	1588	(0.42259999999999998, 0.58709999999999996, 0)	../fonts/amplitud.ttf	upper
1270655474630	0	DISTRACTOR	8			8000	3
1270655482741	1	FR_PRES	8	APPLICATION	34	1	0	972	(0.42259999999999998, 0.58709999999999996, 0)	../fonts/amplitud.ttf	upper
1270655486801	0	DISTRACTOR	8			8000	4
1270655494782	1	FR_PRES	8	ROBOT	1200	1	0	1476	(0.42259999999999998, 0.58709999999999996, 0)	../fonts/amplitud.ttf	upper
1270655498784	0	DISTRACTOR	8			8000	4
1270655506906	1	FR_PRES	8	LIMOUSINE	824	1	0	871	(0.42259999999999998, 0.58709999999999996, 0)	../fonts/amplitud.ttf	upper
1270655510976	0	DISTRACTOR	8			8000	3
1270655518747	1	FR_PRES	8	THIEF	1456	1	1	1038	(0.42259999999999998, 0.58709999999999996, 0)	../fonts/amplitud.ttf	upper
1270655522837	0	DISTRACTOR	8			8000	1
1270655530929	1	FR_PRES	8	INVENTOR	743	1	1	992	(0.42259999999999998, 0.58709999999999996, 0)	../fonts/amplitud.ttf	upper
1270655534746	0	DISTRACTOR	8			8000	3
1270655542762	1	FR_PRES	8	CRUTCH	417	1	0	1215	(0.42259999999999998, 0.58709999999999996, 0)	../fonts/amplitud.ttf	upper
1270655546816	0	DISTRACTOR	8			8000	2
1270655554786	1	FR_PRES	8	CUE	422	1	0	1648	(0.42259999999999998, 0.58709999999999996, 0)	../fonts/amplitud.ttf	upper
1270655558596	0	DISTRACTOR	8			8000	2
1270655566693	1	FR_PRES	8	BOXER	160	1	1	1244	(0.42259999999999998, 0.58709999999999996, 0)	../fonts/amplitud.ttf	upper
1270655570668	0	DISTRACTOR	8			8000	2
1270655578884	1	FR_PRES	8	COYOTE	396	1	1	1142	(0.42259999999999998, 0.58709999999999996, 0)	../fonts/amplitud.ttf	upper
1270655582998	0	DISTRACTOR	8			8000	2
1270655591767	1	REC_START
1270655667802	0	REST
1270655669303	1	FR_PRES	9	CAKE	219	1	0	955	(0.42259999999999998, 0.58709999999999996, 0)	../fonts/amplitud.ttf	upper
1270655673320	1	FR_PRES	9	FRAGRANCE	599	1	0	1098	(0.42259999999999998, 0.58709999999999996, 0)	../fonts/amplitud.ttf	upper
1270655677411	1	FR_PRES	9	CANNON	232	1	0	1151	(0.42259999999999998, 0.58709999999999996, 0)	../fonts/amplitud.ttf	upper
1270655681519	1	FR_PRES	9	FIGHTER	564	1	1	1491	(0.42259999999999998, 0.58709999999999996, 0)	../fonts/amplitud.ttf	upper
1270655685519	1	FR_PRES	9	VINE	1568	1	1	1466	(0.42259999999999998, 0.58709999999999996, 0)	../fonts/amplitud.ttf	upper
1270655689627	1	FR_PRES	9	PALM	1007	1	1	951	(0.42259999999999998, 0.58709999999999996, 0)	../fonts/amplitud.ttf	upper
1270655693784	1	FR_PRES	9	SPONGE	1355	1	0	1282	(0.42259999999999998, 0.58709999999999996, 0)	../fonts/amplitud.ttf	upper
1270655697867	1	FR_PRES	9	BATHTUB	100	1	0	1838	(0.42259999999999998, 0.58709999999999996, 0)	../fonts/amplitud.ttf	upper
1270655701816	1	FR_PRES	9	WOLF	1619	1	1	1618	(0.42259999999999998, 0.58709999999999996, 0)	../fonts/amplitud.ttf	upper
1270655705783	1	FR_PRES	9	PATIENT	1024	1	1	1627	(0.42259999999999998, 0.58709999999999996, 0)	../fonts/amplitud.ttf	upper
1270655709724	1	FR_PRES	9	CHAMPAGNE	278	1	0	1294	(0.42259999999999998, 0.58709999999999996, 0)	../fonts/amplitud.ttf	upper
1270655713740	1	FR_PRES	9	SHEPHERD	1283	1	1	1037	(0.42259999999999998, 0.58709999999999996, 0)	../fonts/amplitud.ttf	upper
1270655717550	1	FR_PRES	9	FINGER	567	1	1	1339	(0.42259999999999998, 0.58709999999999996, 0)	../fonts/amplitud.ttf	upper
1270655721391	1	FR_PRES	9	BUTTERFLY	206	1	1	1723	(0.42259999999999998, 0.58709999999999996, 0)	../fonts/amplitud.ttf	upper
1270655725499	1	FR_PRES	9	GRILL	661	1	0	1111	(0.42259999999999998, 0.58709999999999996, 0)	../fonts/amplitud.ttf	upper
1270655729524	1	FR_PRES	9	STEW	1380	1	0	1526	(0.42259999999999998, 0.58709999999999996, 0)	../fonts/amplitud.ttf	upper
1270655733426	0	DISTRACTOR	9			16000	7
1270655750273	1	REC_START
1270655826158	0	REST
1270655827658	0	DISTRACTOR	10			16000	9
1270655843082	1	FR_PRES	10	PERISCOPE	1050	0	1	2128	(0.57740000000000002, 0.41289999999999999, 1.0)	../fonts/zerothre.ttf	lower
1270655847284	0	DISTRACTOR	10			16000	5
1270655863039	1	FR_PRES	10	ASTEROID	50	0	1	1882	(0.57740000000000002, 0.41289999999999999, 1.0)	../fonts/zerothre.ttf	lower
1270655866957	0	DISTRACTOR	10			16000	7
1270655883037	1	FR_PRES	10	CANVAS	234	0	1	1293	(0.57740000000000002, 0.41289999999999999, 1.0)	../fonts/zerothre.ttf	lower
1270655887223	0	DISTRACTOR	10			16000	6
1270655903102	1	FR_PRES	10	PONY	1102	0	1	1875	(0.57740000000000002, 0.41289999999999999, 1.0)	../fonts/zerothre.ttf	lower
1270655906905	0	DISTRACTOR	10			16000	8
1270655923276	1	FR_PRES	10	PORCUPINE	1107	1	1	1894	(0.42259999999999998, 0.58709999999999996, 0)	../fonts/amplitud.ttf	upper
1270655927115	0	DISTRACTOR	10			16000	7
1270655943316	1	FR_PRES	10	DANDRUFF	439	1	0	2038	(0.42259999999999998, 0.58709999999999996, 0)	../fonts/amplitud.ttf	upper
1270655947195	0	DISTRACTOR	10			16000	7
1270655963223	1	FR_PRES	10	SWING	1421	1	0	1891	(0.42259999999999998, 0.58709999999999996, 0)	../fonts/amplitud.ttf	upper
1270655967230	0	DISTRACTOR	10			16000	7
1270655983263	1	FR_PRES	10	ACTOR	5	1	1	931	(0.42259999999999998, 0.58709999999999996, 0)	../fonts/amplitud.ttf	upper
1270655987107	0	DISTRACTOR	10			16000	6
1270656003312	1	FR_PRES	10	HAY	693	1	0	1122	(0.42259999999999998, 0.58709999999999996, 0)	../fonts/amplitud.ttf	upper
1270656007334	0	DISTRACTOR	10			16000	6
1270656023369	1	FR_PRES	10	WINNER	1615	1	1	1257	(0.42259999999999998, 0.58709999999999996, 0)	../fonts/amplitud.ttf	upper
1270656027403	0	DISTRACTOR	10			16000	8
1270656043325	1	FR_PRES	10	CHAMPION	279	0	1	1324	(0.57740000000000002, 0.41289999999999999, 1.0)	../fonts/zerothre.ttf	lower
1270656047399	0	DISTRACTOR	10			16000	5
1270656063282	1	FR_PRES	10	PORTRAIT	1111	0	1	2176	(0.57740000000000002, 0.41289999999999999, 1.0)	../fonts/zerothre.ttf	lower
1270656067115	0	DISTRACTOR	10			16000	6
1270656083214	1	FR_PRES	10	RAISIN	1163	0	0	1820	(0.57740000000000002, 0.41289999999999999, 1.0)	../fonts/zerothre.ttf	lower
1270656087400	0	DISTRACTOR	10			16000	7
1270656103046	1	FR_PRES	10	WASP	1593	0	0	1803	(0.57740000000000002, 0.41289999999999999, 1.0)	../fonts/zerothre.ttf	lower
1270656107088	0	DISTRACTOR	10			16000	6
1270656123253	1	FR_PRES	10	BODY	145	1	1	2037	(0.42259999999999998, 0.58709999999999996, 0)	../fonts/amplitud.ttf	upper
1270656127065	0	DISTRACTOR	10			16000	5
1270656143401	1	FR_PRES	10	RACCOON	1153	1	1	1376	(0.42259999999999998, 0.58709999999999996, 0)	../fonts/amplitud.ttf	upper
1270656147397	0	DISTRACTOR	10			16000	4
1270656164184	1	REC_START
1270656240619	0	REST
1270656242127	1	FR_PRES	11	PUBLISHER	1137	0	1	1419	(0.57740000000000002, 0.41289999999999999, 1.0)	../fonts/zerothre.ttf	lower
1270656246169	1	FR_PRES	11	SIBLING	1301	0	1	1800	(0.57740000000000002, 0.41289999999999999, 1.0)	../fonts/zerothre.ttf	lower
1270656250318	1	FR_PRES	11	ISLAND	745	0	1	1491	(0.57740000000000002, 0.41289999999999999, 1.0)	../fonts/zerothre.ttf	lower
1270656254185	1	FR_PRES	11	STREAM	1392	0	1	1568	(0.57740000000000002, 0.41289999999999999, 1.0)	../fonts/zerothre.ttf	lower
1270656258210	1	FR_PRES	11	FLEA	577	0	0	1663	(0.57740000000000002, 0.41289999999999999, 1.0)	../fonts/zerothre.ttf	lower
1270656262309	1	FR_PRES	11	SCALPEL	1243	0	0	1045	(0.57740000000000002, 0.41289999999999999, 1.0)	../fonts/zerothre.ttf	lower
1270656266351	1	FR_PRES	11	HEAD	695	0	0	1787	(0.57740000000000002, 0.41289999999999999, 1.0)	../fonts/zerothre.ttf	lower
1270656270534	1	FR_PRES	11	LIVER	833	0	0	1052	(0.57740000000000002, 0.41289999999999999, 1.0)	../fonts/zerothre.ttf	lower
1270656274525	1	FR_PRES	11	GARLIC	624	0	0	2013	(0.57740000000000002, 0.41289999999999999, 1.0)	../fonts/zerothre.ttf	lower
1270656278657	1	FR_PRES	11	CATCHER	258	0	1	1521	(0.57740000000000002, 0.41289999999999999, 1.0)	../fonts/zerothre.ttf	lower
1270656282665	1	FR_PRES	11	EDITOR	516	0	1	953	(0.57740000000000002, 0.41289999999999999, 1.0)	../fonts/zerothre.ttf	lower
1270656286574	1	FR_PRES	11	BLADE	134	0	0	1820	(0.57740000000000002, 0.41289999999999999, 1.0)	../fonts/zerothre.ttf	lower
1270656290681	1	FR_PRES	11	PASSENGER	1020	0	1	1232	(0.57740000000000002, 0.41289999999999999, 1.0)	../fonts/zerothre.ttf	lower
1270656294557	1	FR_PRES	11	BILL	126	0	0	1196	(0.57740000000000002, 0.41289999999999999, 1.0)	../fonts/zerothre.ttf	lower
1270656298565	1	FR_PRES	11	CHECK	284	0	0	813	(0.57740000000000002, 0.41289999999999999, 1.0)	../fonts/zerothre.ttf	lower
1270656302398	1	FR_PRES	11	PHYSICIAN	1056	0	1	1052	(0.57740000000000002, 0.41289999999999999, 1.0)	../fonts/zerothre.ttf	lower
1270656308298	1	REC_START
1270656383883	1	REST_REWET
1270656700185	0	MATH_TOTAL_SCORE	373
1270656702959	0	FFR_START
1270656708568	1	REC_START
1270657016903	0	RECOG_START
1270657016903	1	REC_START
1270657016936	0	RECOG_PRES	0	FEATHER	557	-999	P	3234
1270657020545	0	RECOG_CR_PRES	0	FEATHER	557	-999	P	977
1270657021952	1	RECOG_FEEDBACK	1
1270657022710	0	RECOG_PRES	0	HOSPITAL	721	-999	P	1003
1270657024078	0	RECOG_CR_PRES	0	HOSPITAL	721	-999	P	324
1270657024719	1	RECOG_FEEDBACK	1
1270657025436	0	RECOG_PRES	0	LOUNGE	845	-999	P	883
1270657026718	0	RECOG_CR_PRES	0	LOUNGE	845	-999	P	219
1270657027261	1	RECOG_FEEDBACK	1
1270657028044	0	RECOG_PRES	0	TELEPHONE	1445	-999	P	765
1270657029178	0	RECOG_CR_PRES	0	TELEPHONE	1445	-999	P	248
1270657029735	1	RECOG_FEEDBACK	1
1270657030469	0	RECOG_PRES	0	CAPTAIN	239	-999	P	1029
1270657031868	0	RECOG_CR_PRES	0	CAPTAIN	239	-999	P	430
1270657032619	1	RECOG_FEEDBACK	1
1270657033369	0	RECOG_PRES	0	SHEEP	1278	-999	P	857
1270657034627	0	RECOG_CR_PRES	0	SHEEP	1278	-999	P	206
1270657035152	1	RECOG_FEEDBACK	1
1270657035918	0	RECOG_PRES	0	BURGLAR	200	-999	P	1011
1270657037294	0	RECOG_CR_PRES	0	BURGLAR	200	-999	P	220
1270657037826	1	RECOG_FEEDBACK	0
1270657038618	0	RECOG_PRES	0	TIGER	1467	-999	P	936
1270657039926	0	RECOG_CR_PRES	0	TIGER	1467	-999	P	124
1270657040352	1	RECOG_FEEDBACK	1
1270657041077	0	RECOG_PRES	0	DRYER	503	-999	P	989
1270657042435	0	RECOG_CR_PRES	0	DRYER	503	-999	P	214
1270657042976	1	RECOG_FEEDBACK	1
1270657043734	0	RECOG_PRES	0	DEODORANT	448	-999	P	1027
1270657045126	0	RECOG_CR_PRES	0	DEODORANT	448	-999	P	244
1270657045684	1	RECOG_FEEDBACK	1
1270657046401	0	RECOG_PRES	0	PALM	1007	-999	P	841
1270657047618	0	RECOG_CR_PRES	0	PALM	1007	-999	P	167
1270657048101	1	RECOG_FEEDBACK	1
1270657048850	0	RECOG_PRES	0	SNACK	1331	-999	P	919
1270657050134	0	RECOG_CR_PRES	0	SNACK	1331	-999	P	180
1270657050634	1	RECOG_FEEDBACK	0
1270657051359	0	RECOG_PRES	0	CEREAL	272	-999	P	787
1270657052518	0	RECOG_CR_PRES	0	CEREAL	272	-999	P	155
1270657052983	1	RECOG_FEEDBACK	1
1270657053758	0	RECOG_PRES	0	LIST	830	-999	P	876
1270657055001	0	RECOG_CR_PRES	0	LIST	830	-999	P	176
1270657055501	1	RECOG_FEEDBACK	1
1270657056259	0	RECOG_PRES	0	ARMY	39	-999	P	975
1270657057609	0	RECOG_CR_PRES	0	ARMY	39	-999	P	104
1270657058025	1	RECOG_FEEDBACK	1
1270657058783	0	RECOG_PRES	0	LIPSTICK	829	-999	P	914
1270657060059	0	RECOG_CR_PRES	0	LIPSTICK	829	-999	P	119
1270657060492	1	RECOG_FEEDBACK	1
1270657061259	0	RECOG_PRES	0	LIZARD	834	-999	P	1550
1270657063175	0	RECOG_CR_PRES	0	LIZARD	834	-999	P	195
1270657063716	1	RECOG_FEEDBACK	1
1270657064442	0	RECOG_PRES	0	DAUGHTER	442	-999	P	848
1270657065666	0	RECOG_CR_PRES	0	DAUGHTER	442	-999	P	127
1270657066117	1	RECOG_FEEDBACK	1
1270657066907	0	RECOG_PRES	0	FRAGRANCE	599	-999	P	782
1270657068058	0	RECOG_CR_PRES	0	FRAGRANCE	599	-999	P	152
1270657068533	1	RECOG_FEEDBACK	1
1270657069300	0	RECOG_PRES	0	FARMER	553	-999	P	1142
1270657070815	0	RECOG_CR_PRES	0	FARMER	553	-999	P	146
1270657071291	1	RECOG_FEEDBACK	1
1270657072616	0	REST
1270657073777	1	REC_START
1270657073807	0	RECOG_PRES	1	HEN	703	-999	P	898
1270657075074	0	RECOG_CR_PRES	1	HEN	703	-999	P	136
1270657075524	1	RECOG_FEEDBACK	1
1270657076307	0	RECOG_PRES	1	RAISIN	1163	-999	P	816
1270657077524	0	RECOG_CR_PRES	1	RAISIN	1163	-999	P	125
1270657077973	1	RECOG_FEEDBACK	1
1270657078681	0	RECOG_PRES	1	SALOON	1228	-999	P	753
1270657079806	0	RECOG_CR_PRES	1	SALOON	1228	-999	P	204
1270657080315	1	RECOG_FEEDBACK	1
1270657081040	0	RECOG_PRES	1	ROUGE	1213	-999	P	1953
1270657083365	0	RECOG_CR_PRES	1	ROUGE	1213	-999	P	348
1270657084057	1	RECOG_FEEDBACK	1
1270657084789	0	RECOG_PRES	1	SWING	1421	-999	P	1349
1270657086507	0	RECOG_CR_PRES	1	SWING	1421	-999	P	214
1270657087057	1	RECOG_FEEDBACK	1
1270657087781	0	RECOG_PRES	1	SKYSCRAPER	1322	-999	P	988
1270657089131	0	RECOG_CR_PRES	1	SKYSCRAPER	1322	-999	P	191
1270657089640	1	RECOG_FEEDBACK	1
1270657090398	0	RECOG_PRES	1	BLACKBERRY	132	-999	P	740
1270657091515	0	RECOG_CR_PRES	1	BLACKBERRY	132	-999	P	190
1270657092015	1	RECOG_FEEDBACK	1
1270657092730	0	RECOG_PRES	1	INTESTINE	742	-999	P	856
1270657093955	0	RECOG_CR_PRES	1	INTESTINE	742	-999	P	95
1270657094364	1	RECOG_FEEDBACK	1
1270657095114	0	RECOG_PRES	1	CAPITAL	238	-999	P	912
1270657096398	0	RECOG_CR_PRES	1	CAPITAL	238	-999	P	116
1270657096830	1	RECOG_FEEDBACK	1
1270657097598	0	RECOG_PRES	1	UNIFORM	1539	-999	P	764
1270657098730	0	RECOG_CR_PRES	1	UNIFORM	1539	-999	P	127
1270657099164	1	RECOG_FEEDBACK	1
1270657099946	0	RECOG_PRES	1	ATHLETE	52	-999	P	703
1270657101014	0	RECOG_CR_PRES	1	ATHLETE	52	-999	P	148
1270657101464	1	RECOG_FEEDBACK	1
1270657102247	0	RECOG_PRES	1	VILLAGE	1566	-999	P	803
1270657103422	0	RECOG_CR_PRES	1	VILLAGE	1566	-999	P	164
1270657103896	1	RECOG_FEEDBACK	0
1270657104688	0	RECOG_PRES	1	ARTICLE	42	-999	P	778
1270657105838	0	RECOG_CR_PRES	1	ARTICLE	42	-999	P	180
1270657106322	1	RECOG_FEEDBACK	1
1270657107047	0	RECOG_PRES	1	VINE	1568	-999	P	881
1270657108322	0	RECOG_CR_PRES	1	VINE	1568	-999	P	64
1270657108687	1	RECOG_FEEDBACK	1
1270657109397	0	RECOG_PRES	1	CHAPEL	280	-999	P	892
1270657110704	0	RECOG_CR_PRES	1	CHAPEL	280	-999	P	33
1270657111055	1	RECOG_FEEDBACK	1
1270657111854	0	RECOG_PRES	1	MARKET	871	-999	P	1035
1270657113255	0	RECOG_CR_PRES	1	MARKET	871	-999	P	163
1270657113737	1	RECOG_FEEDBACK	1
1270657114505	0	RECOG_PRES	1	STREAM	1392	-999	P	865
1270657115745	0	RECOG_CR_PRES	1	STREAM	1392	-999	P	112
1270657116171	1	RECOG_FEEDBACK	1
1270657116912	0	RECOG_PRES	1	FIGHTER	564	-999	P	993
1270657118271	0	RECOG_CR_PRES	1	FIGHTER	564	-999	P	131
1270657118712	1	RECOG_FEEDBACK	1
1270657119421	0	RECOG_PRES	1	KEY	773	-999	P	845
1270657120637	0	RECOG_CR_PRES	1	KEY	773	-999	P	132
1270657121071	1	RECOG_FEEDBACK	1
1270657121811	0	RECOG_PRES	1	BRANDY	169	-999	P	775
1270657122961	0	RECOG_CR_PRES	1	BRANDY	169	-999	P	129
1270657123387	1	RECOG_FEEDBACK	1
1270657124695	0	REST
1270657125548	1	REC_START
1270657125579	0	RECOG_PRES	2	CUBE	420	-999	P	863
1270657126811	0	RECOG_CR_PRES	2	CUBE	420	-999	P	134
1270657127245	1	RECOG_FEEDBACK	1
1270657127969	0	RECOG_PRES	2	CATCHER	258	-999	P	848
1270657129179	0	RECOG_CR_PRES	2	CATCHER	258	-999	P	103
1270657129578	1	RECOG_FEEDBACK	1
1270657130353	0	RECOG_PRES	2	STAGE	1366	-999	P	1408
1270657132128	0	RECOG_CR_PRES	2	STAGE	1366	-999	P	106
1270657132562	1	RECOG_FEEDBACK	1
1270657133278	0	RECOG_PRES	2	SAILOR	1223	-999	P	964
1270657134611	0	RECOG_CR_PRES	2	SAILOR	1223	-999	P	198
1270657135103	1	RECOG_FEEDBACK	1
1270657135827	0	RECOG_PRES	2	DASHBOARD	441	-999	P	918
1270657137111	0	RECOG_CR_PRES	2	DASHBOARD	441	-999	P	107
1270657137520	1	RECOG_FEEDBACK	1
1270657138319	0	RECOG_PRES	2	CLOVE	329	-999	P	755
1270657139444	0	RECOG_CR_PRES	2	CLOVE	329	-999	P	126
1270657139877	1	RECOG_FEEDBACK	1
1270657140628	0	RECOG_PRES	2	COOK	372	-999	P	830
1270657141827	0	RECOG_CR_PRES	2	COOK	372	-999	P	142
1270657142286	1	RECOG_FEEDBACK	1
1270657143053	0	RECOG_PRES	2	CHAMPAGNE	278	-999	P	748
1270657144169	0	RECOG_CR_PRES	2	CHAMPAGNE	278	-999	P	121
1270657144594	1	RECOG_FEEDBACK	1
1270657145377	0	RECOG_PRES	2	DIRT	472	-999	P	857
1270657146611	0	RECOG_CR_PRES	2	DIRT	472	-999	P	102
1270657147011	1	RECOG_FEEDBACK	1
1270657147760	0	RECOG_PRES	2	VAN	1548	-999	P	3937
1270657152060	0	RECOG_CR_PRES	2	VAN	1548	-999	P	190
1270657152635	1	RECOG_FEEDBACK	0
1270657153418	0	RECOG_PRES	2	GARLIC	624	-999	P	856
1270657154643	0	RECOG_CR_PRES	2	GARLIC	624	-999	P	102
1270657155052	1	RECOG_FEEDBACK	1
1270657155801	0	RECOG_PRES	2	SQUIRREL	1362	-999	P	801
1270657156975	0	RECOG_CR_PRES	2	SQUIRREL	1362	-999	P	35
1270657157318	1	RECOG_FEEDBACK	1
1270657158051	0	RECOG_PRES	2	WASP	1593	-999	P	774
1270657159193	0	RECOG_CR_PRES	2	WASP	1593	-999	P	49
1270657159543	1	RECOG_FEEDBACK	1
1270657160335	0	RECOG_PRES	2	STRAWBERRY	1391	-999	P	859
1270657161559	0	RECOG_CR_PRES	2	STRAWBERRY	1391	-999	P	106
1270657161958	1	RECOG_FEEDBACK	1
1270657162708	0	RECOG_PRES	2	MARSH	874	-999	P	774
1270657163850	0	RECOG_CR_PRES	2	MARSH	874	-999	P	95
1270657164251	1	RECOG_FEEDBACK	1
1270657165051	0	RECOG_PRES	2	BUTTERFLY	206	-999	P	1055
1270657166467	0	RECOG_CR_PRES	2	BUTTERFLY	206	-999	P	175
1270657166966	1	RECOG_FEEDBACK	1
1270657167758	0	RECOG_PRES	2	CANNON	232	-999	P	876
1270657169001	0	RECOG_CR_PRES	2	CANNON	232	-999	P	129
1270657169434	1	RECOG_FEEDBACK	1
1270657170159	0	RECOG_PRES	2	CARAVAN	242	-999	P	746
1270657171267	0	RECOG_CR_PRES	2	CARAVAN	242	-999	P	127
1270657171699	1	RECOG_FEEDBACK	1
1270657172459	0	RECOG_PRES	2	FOREHEAD	592	-999	P	823
1270657173658	0	RECOG_CR_PRES	2	FOREHEAD	592	-999	P	71
1270657174034	1	RECOG_FEEDBACK	1
1270657174807	0	RECOG_PRES	2	PATIENT	1024	-999	P	715
1270657175891	0	RECOG_CR_PRES	2	PATIENT	1024	-999	P	62
1270657176242	1	RECOG_FEEDBACK	1
1270657177558	0	REST
1270657178576	1	REC_START
1270657178608	0	RECOG_PRES	3	TOENAIL	1474	-999	P	938
1270657179915	0	RECOG_CR_PRES	3	TOENAIL	1474	-999	P	127
1270657180341	1	RECOG_FEEDBACK	1
1270657181066	0	RECOG_PRES	3	PROFESSOR	1131	-999	P	1064
1270657182500	0	RECOG_CR_PRES	3	PROFESSOR	1131	-999	P	173
1270657183008	1	RECOG_FEEDBACK	1
1270657183815	0	RECOG_PRES	3	BEER	114	-999	P	850
1270657185033	0	RECOG_CR_PRES	3	BEER	114	-999	P	153
1270657185491	1	RECOG_FEEDBACK	1
1270657186241	0	RECOG_PRES	3	BODY	145	-999	P	937
1270657187549	0	RECOG_CR_PRES	3	BODY	145	-999	P	132
1270657187998	1	RECOG_FEEDBACK	1
1270657188731	0	RECOG_PRES	3	POCKET	1093	-999	P	855
1270657189956	0	RECOG_CR_PRES	3	POCKET	1093	-999	P	118
1270657190382	1	RECOG_FEEDBACK	1
1270657191099	0	RECOG_PRES	3	CHAMPION	279	-999	P	710
1270657192174	0	RECOG_CR_PRES	3	CHAMPION	279	-999	P	124
1270657192607	1	RECOG_FEEDBACK	1
1270657193315	0	RECOG_PRES	3	NOTE	958	-999	P	719
1270657194407	0	RECOG_CR_PRES	3	NOTE	958	-999	P	67
1270657194773	1	RECOG_FEEDBACK	1
1270657195515	0	RECOG_PRES	3	TORTOISE	1486	-999	P	1047
1270657196931	0	RECOG_CR_PRES	3	TORTOISE	1486	-999	P	95
1270657197332	1	RECOG_FEEDBACK	1
1270657198132	0	RECOG_PRES	3	PARCEL	1012	-999	P	781
1270657199282	0	RECOG_CR_PRES	3	PARCEL	1012	-999	P	128
1270657199714	1	RECOG_FEEDBACK	1
1270657200473	0	RECOG_PRES	3	WALRUS	1585	-999	P	649
1270657201498	0	RECOG_CR_PRES	3	WALRUS	1585	-999	P	112
1270657201905	1	RECOG_FEEDBACK	1
1270657202655	0	RECOG_PRES	3	CREEK	404	-999	P	763
1270657203789	0	RECOG_CR_PRES	3	CREEK	404	-999	P	92
1270657204173	1	RECOG_FEEDBACK	1
1270657204922	0	RECOG_PRES	3	GAZELLE	628	-999	P	831
1270657206115	0	RECOG_CR_PRES	3	GAZELLE	628	-999	P	127
1270657206531	1	RECOG_FEEDBACK	1
1270657207306	0	RECOG_PRES	3	PHILOSOPHER	1054	-999	P	760
1270657208439	0	RECOG_CR_PRES	3	PHILOSOPHER	1054	-999	P	43
1270657208780	1	RECOG_FEEDBACK	1
1270657209556	0	RECOG_PRES	3	AIRPLANE	12	-999	P	790
1270657210713	0	RECOG_CR_PRES	3	AIRPLANE	12	-999	P	80
1270657211081	1	RECOG_FEEDBACK	1
1270657211838	0	RECOG_PRES	3	LAMB	797	-999	P	827
1270657213031	0	RECOG_CR_PRES	3	LAMB	797	-999	P	99
1270657213431	1	RECOG_FEEDBACK	1
1270657214206	0	RECOG_PRES	3	PEARL	1034	-999	P	763
1270657215331	0	RECOG_CR_PRES	3	PEARL	1034	-999	P	87
1270657215721	1	RECOG_FEEDBACK	1
1270657216489	0	RECOG_PRES	3	SCALLOP	1242	-999	P	697
1270657217555	0	RECOG_CR_PRES	3	SCALLOP	1242	-999	P	150
1270657217996	1	RECOG_FEEDBACK	1
1270657218704	0	RECOG_PRES	3	PONY	1102	-999	P	722
1270657219796	0	RECOG_CR_PRES	3	PONY	1102	-999	P	69
1270657220155	1	RECOG_FEEDBACK	1
1270657220871	0	RECOG_PRES	3	RECIPE	1175	-999	P	771
1270657222005	0	RECOG_CR_PRES	3	RECIPE	1175	-999	P	101
1270657222397	1	RECOG_FEEDBACK	1
1270657223205	0	RECOG_PRES	3	SHOWER	1296	-999	P	1029
1270657224596	0	RECOG_CR_PRES	3	SHOWER	1296	-999	P	53
1270657224962	1	RECOG_FEEDBACK	1
1270657226305	0	REST
1270657227110	1	REC_START
1270657227146	0	RECOG_PRES	4	WILDERNESS	1610	-999	P	872
1270657228388	0	RECOG_CR_PRES	4	WILDERNESS	1610	-999	P	46
1270657228720	1	RECOG_FEEDBACK	1
1270657229488	0	RECOG_PRES	4	ANCHOR	21	-999	P	618
1270657230479	0	RECOG_CR_PRES	4	ANCHOR	21	-999	P	51
1270657230820	1	RECOG_FEEDBACK	1
1270657231613	0	RECOG_PRES	4	BEVERAGE	123	-999	P	2005
1270657233986	0	RECOG_CR_PRES	4	BEVERAGE	123	-999	P	256
1270657234587	1	RECOG_FEEDBACK	1
1270657235346	0	RECOG_PRES	4	HERB	704	-999	P	776
1270657236496	0	RECOG_CR_PRES	4	HERB	704	-999	P	90
1270657236886	1	RECOG_FEEDBACK	1
1270657237629	0	RECOG_PRES	4	DOUGHNUT	490	-999	P	741
1270657238744	0	RECOG_CR_PRES	4	DOUGHNUT	490	-999	P	73
1270657239120	1	RECOG_FEEDBACK	-1
1270657239886	0	RECOG_PRES	4	BUS	201	-999	P	771
1270657241020	0	RECOG_CR_PRES	4	BUS	201	-999	P	158
1270657241479	1	RECOG_FEEDBACK	1
1270657242204	0	RECOG_PRES	4	WEED	1599	-999	P	765
1270657243337	0	RECOG_CR_PRES	4	WEED	1599	-999	P	241
1270657243886	1	RECOG_FEEDBACK	1
1270657244661	0	RECOG_PRES	4	BUREAU	199	-999	P	789
1270657245819	0	RECOG_CR_PRES	4	BUREAU	199	-999	P	223
1270657246345	1	RECOG_FEEDBACK	1
1270657247112	0	RECOG_PRES	4	CLAM	315	-999	P	1713
1270657249186	0	RECOG_CR_PRES	4	CLAM	315	-999	P	184
1270657249710	1	RECOG_FEEDBACK	1
1270657250478	0	RECOG_PRES	4	FUGITIVE	612	-999	P	1068
1270657251918	0	RECOG_CR_PRES	4	FUGITIVE	612	-999	P	124
1270657252344	1	RECOG_FEEDBACK	1
1270657253144	0	RECOG_PRES	4	LOBSTER	837	-999	P	807
1270657254344	0	RECOG_CR_PRES	4	LOBSTER	837	-999	P	130
1270657254777	1	RECOG_FEEDBACK	1
1270657255486	0	RECOG_PRES	4	LIMOUSINE	824	-999	P	860
1270657256718	0	RECOG_CR_PRES	4	LIMOUSINE	824	-999	P	99
1270657257136	1	RECOG_FEEDBACK	1
1270657257860	0	RECOG_PRES	4	SICKLE	1302	-999	P	882
1270657259136	0	RECOG_CR_PRES	4	SICKLE	1302	-999	P	98
1270657259544	1	RECOG_FEEDBACK	1
1270657260344	0	RECOG_PRES	4	GRILL	661	-999	P	970
1270657261684	0	RECOG_CR_PRES	4	GRILL	661	-999	P	85
1270657262085	1	RECOG_FEEDBACK	1
1270657262868	0	RECOG_PRES	4	ROBOT	1200	-999	P	861
1270657264094	0	RECOG_CR_PRES	4	ROBOT	1200	-999	P	124
1270657264535	1	RECOG_FEEDBACK	1
1270657265302	0	RECOG_PRES	4	CITY	314	-999	P	812
1270657266485	0	RECOG_CR_PRES	4	CITY	314	-999	P	93
1270657266876	1	RECOG_FEEDBACK	1
1270657267602	0	RECOG_PRES	4	FACTORY	548	-999	P	992
1270657268967	0	RECOG_CR_PRES	4	FACTORY	548	-999	P	67
1270657269352	1	RECOG_FEEDBACK	1
1270657270068	0	RECOG_PRES	4	BRACES	164	-999	P	869
1270657271301	0	RECOG_CR_PRES	4	BRACES	164	-999	P	165
1270657271750	1	RECOG_FEEDBACK	1
1270657272493	0	RECOG_PRES	4	COWARD	394	-999	P	797
1270657273659	0	RECOG_CR_PRES	4	COWARD	394	-999	P	142
1270657274110	1	RECOG_FEEDBACK	1
1270657274908	0	RECOG_PRES	4	INSECT	740	-999	P	861
1270657276134	0	RECOG_CR_PRES	4	INSECT	740	-999	P	172
1270657276609	1	RECOG_FEEDBACK	1
1270657277875	0	REST
1270657278784	1	REC_START
1270657278817	0	RECOG_PRES	5	PARIS	1014	-999	P	904
1270657280084	0	RECOG_CR_PRES	5	PARIS	1014	-999	P	102
1270657280476	1	RECOG_FEEDBACK	1
1270657281192	0	RECOG_PRES	5	THICKET	1455	-999	P	1034
1270657282601	0	RECOG_CR_PRES	5	THICKET	1455	-999	P	104
1270657283017	1	RECOG_FEEDBACK	1
1270657283774	0	RECOG_PRES	5	PHYSICIAN	1056	-999	P	820
1270657284966	0	RECOG_CR_PRES	5	PHYSICIAN	1056	-999	P	36
1270657285300	1	RECOG_FEEDBACK	1
1270657286017	0	RECOG_PRES	5	STAPLER	1372	-999	P	1041
1270657287434	0	RECOG_CR_PRES	5	STAPLER	1372	-999	P	56
1270657287799	1	RECOG_FEEDBACK	1
1270657288508	0	RECOG_PRES	5	POSTAGE	1113	-999	P	734
1270657289617	0	RECOG_CR_PRES	5	POSTAGE	1113	-999	P	104
1270657290025	1	RECOG_FEEDBACK	1
1270657290791	0	RECOG_PRES	5	CHEEK	287	-999	P	755
1270657291916	0	RECOG_CR_PRES	5	CHEEK	287	-999	P	718
1270657292940	1	RECOG_FEEDBACK	0
1270657293699	0	RECOG_PRES	5	BILL	126	-999	P	1487
1270657295558	0	RECOG_CR_PRES	5	BILL	126	-999	P	139
1270657296041	1	RECOG_FEEDBACK	1
1270657296790	0	RECOG_PRES	5	TOOL	1480	-999	P	796
1270657297957	0	RECOG_CR_PRES	5	TOOL	1480	-999	P	125
1270657298374	1	RECOG_FEEDBACK	1
1270657299166	0	RECOG_PRES	5	PEAR	1033	-999	P	707
1270657300241	0	RECOG_CR_PRES	5	PEAR	1033	-999	P	81
1270657300616	1	RECOG_FEEDBACK	1
1270657301341	0	RECOG_PRES	5	DANDRUFF	439	-999	P	1324
1270657303032	0	RECOG_CR_PRES	5	DANDRUFF	439	-999	P	106
1270657303466	1	RECOG_FEEDBACK	1
1270657304232	0	RECOG_PRES	5	BALLOON	75	-999	P	818
1270657305424	0	RECOG_CR_PRES	5	BALLOON	75	-999	P	90
1270657305806	1	RECOG_FEEDBACK	1
1270657306524	0	RECOG_PRES	5	ENEMY	534	-999	P	750
1270657307648	0	RECOG_CR_PRES	5	ENEMY	534	-999	P	81
1270657308024	1	RECOG_FEEDBACK	1
1270657308756	0	RECOG_PRES	5	NEWSSTAND	949	-999	P	758
1270657309889	0	RECOG_CR_PRES	5	NEWSSTAND	949	-999	P	121
1270657310315	1	RECOG_FEEDBACK	1
1270657311073	0	RECOG_PRES	5	EDITOR	516	-999	P	824
1270657312265	0	RECOG_CR_PRES	5	EDITOR	516	-999	P	81
1270657312647	1	RECOG_FEEDBACK	1
1270657313423	0	RECOG_PRES	5	CONSOLE	364	-999	P	723
1270657314515	0	RECOG_CR_PRES	5	CONSOLE	364	-999	P	71
1270657314872	1	RECOG_FEEDBACK	1
1270657315581	0	RECOG_PRES	5	FLEA	577	-999	P	765
1270657316714	0	RECOG_CR_PRES	5	FLEA	577	-999	P	111
1270657317140	1	RECOG_FEEDBACK	1
1270657317939	0	RECOG_PRES	5	EMPLOYEE	531	-999	P	798
1270657319098	0	RECOG_CR_PRES	5	EMPLOYEE	531	-999	P	112
1270657319523	1	RECOG_FEEDBACK	1
1270657320248	0	RECOG_PRES	5	MEAL	882	-999	P	954
1270657321573	0	RECOG_CR_PRES	5	MEAL	882	-999	P	69
1270657321938	1	RECOG_FEEDBACK	1
1270657322705	0	RECOG_PRES	5	CAKE	219	-999	P	641
1270657323713	0	RECOG_CR_PRES	5	CAKE	219	-999	P	80
1270657324081	1	RECOG_FEEDBACK	1
1270657324863	0	RECOG_PRES	5	SOFTBALL	1343	-999	P	1114
1270657326339	0	RECOG_CR_PRES	5	SOFTBALL	1343	-999	P	119
1270657326813	1	RECOG_FEEDBACK	0
1270657337088	0	REST
1270657338098	1	REC_START
1270657338130	0	RECOG_PRES	6	SIBLING	1301	-999	P	1128
1270657339630	0	RECOG_CR_PRES	6	SIBLING	1301	-999	P	67
1270657340005	1	RECOG_FEEDBACK	1
1270657340762	0	RECOG_PRES	6	CHECK	284	-999	P	975
1270657342104	0	RECOG_CR_PRES	6	CHECK	284	-999	P	10
1270657342421	1	RECOG_FEEDBACK	1
1270657343154	0	RECOG_PRES	6	TRANSPLANT	1496	-999	P	928
1270657344454	0	RECOG_CR_PRES	6	TRANSPLANT	1496	-999	P	44
1270657344795	1	RECOG_FEEDBACK	1
1270657345596	0	RECOG_PRES	6	PASSENGER	1020	-999	P	662
1270657346629	0	RECOG_CR_PRES	6	PASSENGER	1020	-999	P	116
1270657347046	1	RECOG_FEEDBACK	1
1270657347836	0	RECOG_PRES	6	DETECTIVE	454	-999	P	816
1270657349046	0	RECOG_CR_PRES	6	DETECTIVE	454	-999	P	44
1270657349396	1	RECOG_FEEDBACK	1
1270657350195	0	RECOG_PRES	6	CROOK	412	-999	P	1215
1270657351778	0	RECOG_CR_PRES	6	CROOK	412	-999	P	111
1270657352212	1	RECOG_FEEDBACK	0
1270657352978	0	RECOG_PRES	6	HAMBURGER	679	-999	P	2080
1270657355428	0	RECOG_CR_PRES	6	HAMBURGER	679	-999	P	38
1270657355811	1	RECOG_FEEDBACK	0
1270657356570	0	RECOG_PRES	6	TRIBE	1505	-999	P	712
1270657357652	0	RECOG_CR_PRES	6	TRIBE	1505	-999	P	77
1270657358028	1	RECOG_FEEDBACK	1
1270657358752	0	RECOG_PRES	6	RADIO	1157	-999	P	993
1270657360112	0	RECOG_CR_PRES	6	RADIO	1157	-999	P	186
1270657360603	1	RECOG_FEEDBACK	1
1270657361320	0	RECOG_PRES	6	PEDESTRIAN	1038	-999	P	698
1270657362395	0	RECOG_CR_PRES	6	PEDESTRIAN	1038	-999	P	23
1270657362710	1	RECOG_FEEDBACK	1
1270657363420	0	RECOG_PRES	6	PARSLEY	1016	-999	P	686
1270657364469	0	RECOG_CR_PRES	6	PARSLEY	1016	-999	P	61
1270657364818	1	RECOG_FEEDBACK	1
1270657365553	0	RECOG_PRES	6	CANDY	230	-999	P	737
1270657366660	0	RECOG_CR_PRES	6	CANDY	230	-999	P	85
1270657367036	1	RECOG_FEEDBACK	-1
1270657367768	0	RECOG_PRES	6	OREGANO	983	-999	P	770
1270657368910	0	RECOG_CR_PRES	6	OREGANO	983	-999	P	140
1270657369344	1	RECOG_FEEDBACK	1
1270657370152	0	RECOG_PRES	6	ANTEATER	26	-999	P	1002
1270657371527	0	RECOG_CR_PRES	6	ANTEATER	26	-999	P	210
1270657372052	1	RECOG_FEEDBACK	1
1270657372793	0	RECOG_PRES	6	LIGHTER	819	-999	P	856
1270657374010	0	RECOG_CR_PRES	6	LIGHTER	819	-999	P	224
1270657374544	1	RECOG_FEEDBACK	0
1270657375302	0	RECOG_PRES	6	VOLLEYBALL	1576	-999	P	1060
1270657376734	0	RECOG_CR_PRES	6	VOLLEYBALL	1576	-999	P	203
1270657377277	1	RECOG_FEEDBACK	1
1270657378060	0	RECOG_PRES	6	MARBLE	867	-999	P	974
1270657379410	0	RECOG_CR_PRES	6	MARBLE	867	-999	P	192
1270657379909	1	RECOG_FEEDBACK	1
1270657380635	0	RECOG_PRES	6	VALLEY	1545	-999	P	1246
1270657382243	0	RECOG_CR_PRES	6	VALLEY	1545	-999	P	215
1270657382775	1	RECOG_FEEDBACK	1
1270657383518	0	RECOG_PRES	6	PUZZLE	1146	-999	P	1020
1270657384909	0	RECOG_CR_PRES	6	PUZZLE	1146	-999	P	149
1270657385368	1	RECOG_FEEDBACK	1
1270657386110	0	RECOG_PRES	6	INVENTOR	743	-999	P	1412
1270657387892	0	RECOG_CR_PRES	6	INVENTOR	743	-999	P	182
1270657388409	1	RECOG_FEEDBACK	0
1270657389708	0	REST
1270657390526	1	REC_START
1270657390559	0	RECOG_PRES	7	FIST	572	-999	P	955
1270657391883	0	RECOG_CR_PRES	7	FIST	572	-999	P	86
1270657392276	1	RECOG_FEEDBACK	0
1270657393042	0	RECOG_PRES	7	HAY	693	-999	P	1208
1270657394626	0	RECOG_CR_PRES	7	HAY	693	-999	P	79
1270657395059	1	RECOG_FEEDBACK	0
1270657395841	0	RECOG_PRES	7	GOVERNOR	651	-999	P	1064
1270657397267	0	RECOG_CR_PRES	7	GOVERNOR	651	-999	P	231
1270657397816	1	RECOG_FEEDBACK	1
1270657398575	0	RECOG_PRES	7	PUBLISHER	1137	-999	P	811
1270657399758	0	RECOG_CR_PRES	7	PUBLISHER	1137	-999	P	300
1270657400375	1	RECOG_FEEDBACK	1
1270657401092	0	RECOG_PRES	7	COFFEE	341	-999	P	1118
1270657402583	0	RECOG_CR_PRES	7	COFFEE	341	-999	P	186
1270657403092	1	RECOG_FEEDBACK	1
1270657403824	0	RECOG_PRES	7	PORCUPINE	1107	-999	P	1041
1270657405233	0	RECOG_CR_PRES	7	PORCUPINE	1107	-999	P	169
1270657405732	1	RECOG_FEEDBACK	1
1270657406516	0	RECOG_PRES	7	FLOWER	584	-999	P	1221
1270657408100	0	RECOG_CR_PRES	7	FLOWER	584	-999	P	158
1270657408591	1	RECOG_FEEDBACK	1
1270657409374	0	RECOG_PRES	7	WOLF	1619	-999	P	2812
1270657412558	0	RECOG_CR_PRES	7	WOLF	1619	-999	P	275
1270657413191	1	RECOG_FEEDBACK	1
1270657413998	0	RECOG_PRES	7	QUILL	1150	-999	P	1548
1270657415915	0	RECOG_CR_PRES	7	QUILL	1150	-999	P	135
1270657416382	1	RECOG_FEEDBACK	1
1270657417174	0	RECOG_PRES	7	CHEF	290	-999	P	1036
1270657418582	0	RECOG_CR_PRES	7	CHEF	290	-999	P	131
1270657419032	1	RECOG_FEEDBACK	1
1270657419781	0	RECOG_PRES	7	BEETLE	116	-999	P	1036
1270657421182	0	RECOG_CR_PRES	7	BEETLE	116	-999	P	164
1270657421656	1	RECOG_FEEDBACK	1
1270657422390	0	RECOG_PRES	7	BISON	131	-999	P	924
1270657423689	0	RECOG_CR_PRES	7	BISON	131	-999	P	168
1270657424173	1	RECOG_FEEDBACK	1
1270657424972	0	RECOG_PRES	7	KETCHUP	771	-999	P	933
1270657426273	0	RECOG_CR_PRES	7	KETCHUP	771	-999	P	177
1270657426764	1	RECOG_FEEDBACK	1
1270657427573	0	RECOG_PRES	7	ISLAND	745	-999	P	1029
1270657428972	0	RECOG_CR_PRES	7	ISLAND	745	-999	P	150
1270657429440	1	RECOG_FEEDBACK	-1
1270657430240	0	RECOG_PRES	7	CONCERT	360	-999	P	2186
1270657432797	0	RECOG_CR_PRES	7	CONCERT	360	-999	P	108
1270657433264	1	RECOG_FEEDBACK	1
1270657434039	0	RECOG_PRES	7	CUE	422	-999	P	832
1270657435273	0	RECOG_CR_PRES	7	CUE	422	-999	P	193
1270657435788	1	RECOG_FEEDBACK	1
1270657436572	0	RECOG_PRES	7	MICROWAVE	892	-999	P	886
1270657437830	0	RECOG_CR_PRES	7	MICROWAVE	892	-999	P	147
1270657438289	1	RECOG_FEEDBACK	0
1270657439056	0	RECOG_PRES	7	BUGLE	189	-999	P	1593
1270657441014	0	RECOG_CR_PRES	7	BUGLE	189	-999	P	132
1270657441489	1	RECOG_FEEDBACK	1
1270657442272	0	RECOG_PRES	7	BUN	197	-999	P	1082
1270657443729	0	RECOG_CR_PRES	7	BUN	197	-999	P	224
1270657444280	1	RECOG_FEEDBACK	1
1270657445005	0	RECOG_PRES	7	BIRD	129	-999	P	882
1270657446280	0	RECOG_CR_PRES	7	BIRD	129	-999	P	186
1270657446779	1	RECOG_FEEDBACK	1
1270657448063	0	REST
1270657448925	1	REC_START
1270657448962	0	RECOG_PRES	8	RECEIPT	1173	-999	P	943
1270657450271	0	RECOG_CR_PRES	8	RECEIPT	1173	-999	P	123
1270657450704	1	RECOG_FEEDBACK	1
1270657451438	0	RECOG_PRES	8	BLACKBOARD	133	-999	P	812
1270657452621	0	RECOG_CR_PRES	8	BLACKBOARD	133	-999	P	148
1270657453088	1	RECOG_FEEDBACK	0
1270657453854	0	RECOG_PRES	8	SCALPEL	1243	-999	P	883
1270657455104	0	RECOG_CR_PRES	8	SCALPEL	1243	-999	P	114
1270657455529	1	RECOG_FEEDBACK	1
1270657456304	0	RECOG_PRES	8	BAND	78	-999	P	986
1270657457662	0	RECOG_CR_PRES	8	BAND	78	-999	P	147
1270657458121	1	RECOG_FEEDBACK	1
1270657458887	0	RECOG_PRES	8	PRAIRIE	1118	-999	P	874
1270657460129	0	RECOG_CR_PRES	8	PRAIRIE	1118	-999	P	153
1270657460587	1	RECOG_FEEDBACK	1
1270657461371	0	RECOG_PRES	8	CHIP	303	-999	P	919
1270657462661	0	RECOG_CR_PRES	8	CHIP	303	-999	P	132
1270657463104	1	RECOG_FEEDBACK	1
1270657463828	0	RECOG_PRES	8	CARRIAGE	248	-999	P	882
1270657465104	0	RECOG_CR_PRES	8	CARRIAGE	248	-999	P	98
1270657465520	1	RECOG_FEEDBACK	1
1270657466270	0	RECOG_PRES	8	COMMANDER	354	-999	P	849
1270657467520	0	RECOG_CR_PRES	8	COMMANDER	354	-999	P	137
1270657467977	1	RECOG_FEEDBACK	1
1270657468744	0	RECOG_PRES	8	FURNITURE	616	-999	P	969
1270657470078	0	RECOG_CR_PRES	8	FURNITURE	616	-999	P	236
1270657470628	1	RECOG_FEEDBACK	1
1270657471378	0	RECOG_PRES	8	CAVE	263	-999	P	800
1270657472553	0	RECOG_CR_PRES	8	CAVE	263	-999	P	296
1270657473161	1	RECOG_FEEDBACK	-1
1270657473902	0	RECOG_PRES	8	COLONEL	348	-999	P	1035
1270657475303	0	RECOG_CR_PRES	8	COLONEL	348	-999	P	442
1270657476070	1	RECOG_FEEDBACK	1
1270657476868	0	RECOG_PRES	8	FINGER	567	-999	P	1350
1270657478594	0	RECOG_CR_PRES	8	FINGER	567	-999	P	584
1270657479519	1	RECOG_FEEDBACK	0
1270657480303	0	RECOG_PRES	8	PILOT	1070	-999	P	883
1270657481561	0	RECOG_CR_PRES	8	PILOT	1070	-999	P	424
1270657482302	1	RECOG_FEEDBACK	1
1270657483052	0	RECOG_PRES	8	PAD	998	-999	P	1094
1270657484519	0	RECOG_CR_PRES	8	PAD	998	-999	P	394
1270657485227	1	RECOG_FEEDBACK	1
1270657485943	0	RECOG_PRES	8	YACHT	1629	-999	P	978
1270657487294	0	RECOG_CR_PRES	8	YACHT	1629	-999	P	316
1270657487926	1	RECOG_FEEDBACK	1
1270657488651	0	RECOG_PRES	8	WIFE	1609	-999	P	875
1270657489926	0	RECOG_CR_PRES	8	WIFE	1609	-999	P	308
1270657490552	1	RECOG_FEEDBACK	1
1270657491327	0	RECOG_PRES	8	KING	777	-999	P	1354
1270657493043	0	RECOG_CR_PRES	8	KING	777	-999	P	215
1270657493593	1	RECOG_FEEDBACK	1
1270657494335	0	RECOG_PRES	8	PARTNER	1017	-999	P	891
1270657495601	0	RECOG_CR_PRES	8	PARTNER	1017	-999	P	136
1270657496043	1	RECOG_FEEDBACK	1
1270657496850	0	RECOG_PRES	8	CRUTCH	417	-999	P	839
1270657498051	0	RECOG_CR_PRES	8	CRUTCH	417	-999	P	167
1270657498526	1	RECOG_FEEDBACK	1
1270657499235	0	RECOG_PRES	8	PIER	1063	-999	P	678
1270657500276	0	RECOG_CR_PRES	8	PIER	1063	-999	P	310
1270657500875	1	RECOG_FEEDBACK	1
1270657502176	0	REST
1270657503169	1	REC_START
1270657503201	0	RECOG_PRES	9	BANQUET	86	-999	P	849
1270657504426	0	RECOG_CR_PRES	9	BANQUET	86	-999	P	223
1270657504966	1	RECOG_FEEDBACK	1
1270657505716	0	RECOG_PRES	9	CEILING	265	-999	P	886
1270657506975	0	RECOG_CR_PRES	9	CEILING	265	-999	P	155
1270657507426	1	RECOG_FEEDBACK	1
1270657508184	0	RECOG_PRES	9	APPLICATION	34	-999	P	898
1270657509450	0	RECOG_CR_PRES	9	APPLICATION	34	-999	P	247
1270657510009	1	RECOG_FEEDBACK	1
1270657510758	0	RECOG_PRES	9	JELLO	754	-999	P	748
1270657511874	0	RECOG_CR_PRES	9	JELLO	754	-999	P	216
1270657512392	1	RECOG_FEEDBACK	1
1270657513133	0	RECOG_PRES	9	VIOLIN	1571	-999	P	740
1270657514242	0	RECOG_CR_PRES	9	VIOLIN	1571	-999	P	208
1270657514766	1	RECOG_FEEDBACK	1
1270657515550	0	RECOG_PRES	9	PAN	1008	-999	P	3068
1270657518990	0	RECOG_CR_PRES	9	PAN	1008	-999	P	380
1270657519740	1	RECOG_FEEDBACK	1
1270657520500	0	RECOG_PRES	9	PORTRAIT	1111	-999	P	1838
1270657522707	0	RECOG_CR_PRES	9	PORTRAIT	1111	-999	P	527
1270657523574	1	RECOG_FEEDBACK	1
1270657524333	0	RECOG_PRES	9	JET	756	-999	P	725
1270657525433	0	RECOG_CR_PRES	9	JET	756	-999	P	201
1270657525932	1	RECOG_FEEDBACK	1
1270657526690	0	RECOG_PRES	9	TRIGGER	1507	-999	P	2023
1270657529082	0	RECOG_CR_PRES	9	TRIGGER	1507	-999	P	216
1270657529656	1	RECOG_FEEDBACK	1
1270657530366	0	RECOG_PRES	9	LETTER	813	-999	P	1196
1270657531931	0	RECOG_CR_PRES	9	LETTER	813	-999	P	159
1270657532424	1	RECOG_FEEDBACK	1
1270657533199	0	RECOG_PRES	9	CHURCH	307	-999	P	907
1270657534482	0	RECOG_CR_PRES	9	CHURCH	307	-999	P	160
1270657534956	1	RECOG_FEEDBACK	1
1270657535722	0	RECOG_PRES	9	CATERPILLAR	259	-999	P	991
1270657537082	0	RECOG_CR_PRES	9	CATERPILLAR	259	-999	P	176
1270657537582	1	RECOG_FEEDBACK	1
1270657538298	0	RECOG_PRES	9	TRUMPET	1513	-999	P	1487
1270657540148	0	RECOG_CR_PRES	9	TRUMPET	1513	-999	P	206
1270657540680	1	RECOG_FEEDBACK	1
1270657541473	0	RECOG_PRES	9	CANAL	226	-999	P	929
1270657542772	0	RECOG_CR_PRES	9	CANAL	226	-999	P	189
1270657543265	1	RECOG_FEEDBACK	1
1270657544031	0	RECOG_PRES	9	BATHTUB	100	-999	P	874
1270657545273	0	RECOG_CR_PRES	9	BATHTUB	100	-999	P	129
1270657545713	1	RECOG_FEEDBACK	1
1270657546481	0	RECOG_PRES	9	MAID	856	-999	P	1033
1270657547888	0	RECOG_CR_PRES	9	MAID	856	-999	P	178
1270657548381	1	RECOG_FEEDBACK	1
1270657549098	0	RECOG_PRES	9	BOXER	160	-999	P	727
1270657550189	0	RECOG_CR_PRES	9	BOXER	160	-999	P	85
1270657550572	1	RECOG_FEEDBACK	1
1270657551297	0	RECOG_PRES	9	LIVER	833	-999	P	801
1270657552472	0	RECOG_CR_PRES	9	LIVER	833	-999	P	154
1270657552938	1	RECOG_FEEDBACK	1
1270657553688	0	RECOG_PRES	9	DOORBELL	487	-999	P	922
1270657554979	0	RECOG_CR_PRES	9	DOORBELL	487	-999	P	95
1270657555389	1	RECOG_FEEDBACK	1
1270657556147	0	RECOG_PRES	9	BLADE	134	-999	P	782
1270657557297	0	RECOG_CR_PRES	9	BLADE	134	-999	P	153
1270657557754	1	RECOG_FEEDBACK	1
1270657559147	0	REST
1270657559978	1	REC_START
1270657560013	0	RECOG_PRES	10	GRADUATE	653	-999	P	860
1270657561238	0	RECOG_CR_PRES	10	GRADUATE	653	-999	P	92
1270657561638	1	RECOG_FEEDBACK	1
1270657562347	0	RECOG_PRES	10	ASTEROID	50	-999	P	743
1270657563463	0	RECOG_CR_PRES	10	ASTEROID	50	-999	P	67
1270657563829	1	RECOG_FEEDBACK	1
1270657564605	0	RECOG_PRES	10	OPERATOR	979	-999	P	893
1270657565870	0	RECOG_CR_PRES	10	OPERATOR	979	-999	P	91
1270657566263	1	RECOG_FEEDBACK	1
1270657567046	0	RECOG_PRES	10	STOOL	1386	-999	P	899
1270657568313	0	RECOG_CR_PRES	10	STOOL	1386	-999	P	89
1270657568695	1	RECOG_FEEDBACK	1
1270657569438	0	RECOG_PRES	10	SKIN	1318	-999	P	692
1270657570504	0	RECOG_CR_PRES	10	SKIN	1318	-999	P	74
1270657570887	1	RECOG_FEEDBACK	1
1270657571613	0	RECOG_PRES	10	PENNY	1045	-999	P	773
1270657572753	0	RECOG_CR_PRES	10	PENNY	1045	-999	P	104
1270657573171	1	RECOG_FEEDBACK	1
1270657573895	0	RECOG_PRES	10	WAITER	1580	-999	P	1090
1270657575362	0	RECOG_CR_PRES	10	WAITER	1580	-999	P	80
1270657575745	1	RECOG_FEEDBACK	1
1270657576487	0	RECOG_PRES	10	CHIME	300	-999	P	971
1270657577828	0	RECOG_CR_PRES	10	CHIME	300	-999	P	61
1270657578204	1	RECOG_FEEDBACK	1
1270657578928	0	RECOG_PRES	10	STEW	1380	-999	P	769
1270657580079	0	RECOG_CR_PRES	10	STEW	1380	-999	P	115
1270657580495	1	RECOG_FEEDBACK	1
1270657581212	0	RECOG_PRES	10	MICROPHONE	890	-999	P	1190
1270657582777	0	RECOG_CR_PRES	10	MICROPHONE	890	-999	P	80
1270657583178	1	RECOG_FEEDBACK	1
1270657583986	0	RECOG_PRES	10	HEAD	695	-999	P	839
1270657585186	0	RECOG_CR_PRES	10	HEAD	695	-999	P	120
1270657585611	1	RECOG_FEEDBACK	1
1270657586378	0	RECOG_PRES	10	STORE	1387	-999	P	920
1270657587669	0	RECOG_CR_PRES	10	STORE	1387	-999	P	108
1270657588086	1	RECOG_FEEDBACK	1
1270657588827	0	RECOG_PRES	10	ACTOR	5	-999	P	671
1270657589868	0	RECOG_CR_PRES	10	ACTOR	5	-999	P	117
1270657590286	1	RECOG_FEEDBACK	1
1270657591086	0	RECOG_PRES	10	PLAYGROUND	1087	-999	P	996
1270657592453	0	RECOG_CR_PRES	10	PLAYGROUND	1087	-999	P	165
1270657592927	1	RECOG_FEEDBACK	-1
1270657593727	0	RECOG_PRES	10	BRIEFCASE	175	-999	P	2954
1270657597044	0	RECOG_CR_PRES	10	BRIEFCASE	175	-999	P	118
1270657597519	1	RECOG_FEEDBACK	1
1270657598302	0	RECOG_PRES	10	SPONGE	1355	-999	P	772
1270657599435	0	RECOG_CR_PRES	10	SPONGE	1355	-999	P	55
1270657599793	1	RECOG_FEEDBACK	1
1270657600510	0	RECOG_PRES	10	OVEN	991	-999	P	924
1270657601809	0	RECOG_CR_PRES	10	OVEN	991	-999	P	80
1270657602194	1	RECOG_FEEDBACK	1
1270657603002	0	RECOG_PRES	10	PILLOW	1069	-999	P	935
1270657604302	0	RECOG_CR_PRES	10	PILLOW	1069	-999	P	132
1270657604751	1	RECOG_FEEDBACK	1
1270657605552	0	RECOG_PRES	10	MAILBOX	857	-999	P	882
1270657606809	0	RECOG_CR_PRES	10	MAILBOX	857	-999	P	128
1270657607243	1	RECOG_FEEDBACK	1
1270657607950	0	RECOG_PRES	10	DOG	480	-999	P	875
1270657609193	0	RECOG_CR_PRES	10	DOG	480	-999	P	153
1270657609650	1	RECOG_FEEDBACK	1
1270657611850	0	REST
1270657612655	1	REC_START
1270657612692	0	RECOG_PRES	11	LOBBY	836	-999	P	878
1270657613942	0	RECOG_CR_PRES	11	LOBBY	836	-999	P	76
1270657614326	1	RECOG_FEEDBACK	1
1270657615059	0	RECOG_PRES	11	UMPIRE	1535	-999	P	774
1270657616201	0	RECOG_CR_PRES	11	UMPIRE	1535	-999	P	121
1270657616634	1	RECOG_FEEDBACK	1
1270657617342	0	RECOG_PRES	11	SHEPHERD	1283	-999	P	780
1270657618492	0	RECOG_CR_PRES	11	SHEPHERD	1283	-999	P	94
1270657618900	1	RECOG_FEEDBACK	1
1270657619609	0	RECOG_PRES	11	LION	827	-999	P	777
1270657620758	0	RECOG_CR_PRES	11	LION	827	-999	P	51
1270657621126	1	RECOG_FEEDBACK	1
1270657621899	0	RECOG_PRES	11	VITAMIN	1574	-999	P	822
1270657623084	0	RECOG_CR_PRES	11	VITAMIN	1574	-999	P	134
1270657623525	1	RECOG_FEEDBACK	1
1270657624234	0	RECOG_PRES	11	FLASHLIGHT	575	-999	P	1152
1270657625757	0	RECOG_CR_PRES	11	FLASHLIGHT	575	-999	P	76
1270657626167	1	RECOG_FEEDBACK	1
1270657626882	0	RECOG_PRES	11	PUDDING	1139	-999	P	783
1270657628033	0	RECOG_CR_PRES	11	PUDDING	1139	-999	P	1
1270657628333	1	RECOG_FEEDBACK	-1
1270657629075	0	RECOG_PRES	11	BUTLER	204	-999	P	694
1270657630133	0	RECOG_CR_PRES	11	BUTLER	204	-999	P	117
1270657630558	1	RECOG_FEEDBACK	1
1270657631266	0	RECOG_PRES	11	DUCK	504	-999	P	760
1270657632400	0	RECOG_CR_PRES	11	DUCK	504	-999	P	186
1270657632899	1	RECOG_FEEDBACK	1
1270657633682	0	RECOG_PRES	11	STAKE	1368	-999	P	808
1270657634865	0	RECOG_CR_PRES	11	STAKE	1368	-999	P	137
1270657635316	1	RECOG_FEEDBACK	1
1270657636066	0	RECOG_PRES	11	CANVAS	234	-999	P	735
1270657637166	0	RECOG_CR_PRES	11	CANVAS	234	-999	P	148
1270657637616	1	RECOG_FEEDBACK	1
1270657638358	0	RECOG_PRES	11	CUPBOARD	425	-999	P	619
1270657639341	0	RECOG_CR_PRES	11	CUPBOARD	425	-999	P	229
1270657639848	1	RECOG_FEEDBACK	1
1270657640582	0	RECOG_PRES	11	COYOTE	396	-999	P	900
1270657641856	0	RECOG_CR_PRES	11	COYOTE	396	-999	P	146
1270657642307	1	RECOG_FEEDBACK	1
1270657643041	0	RECOG_PRES	11	WORKER	1621	-999	P	808
1270657644215	0	RECOG_CR_PRES	11	WORKER	1621	-999	P	171
1270657644689	1	RECOG_FEEDBACK	1
1270657645490	0	RECOG_PRES	11	BONE	148	-999	P	800
1270657646689	0	RECOG_CR_PRES	11	BONE	148	-999	P	112
1270657647107	1	RECOG_FEEDBACK	1
1270657647848	0	RECOG_PRES	11	MILITARY	894	-999	P	1330
1270657649548	0	RECOG_CR_PRES	11	MILITARY	894	-999	P	101
1270657649981	1	RECOG_FEEDBACK	1
1270657650706	0	RECOG_PRES	11	SEED	1266	-999	P	1103
1270657652173	0	RECOG_CR_PRES	11	SEED	1266	-999	P	117
1270657652598	1	RECOG_FEEDBACK	0
1270657653306	0	RECOG_PRES	11	POPE	1105	-999	P	1359
1270657655031	0	RECOG_CR_PRES	11	POPE	1105	-999	P	99
1270657655465	1	RECOG_FEEDBACK	1
1270657656190	0	RECOG_PRES	11	RUST	1219	-999	P	882
1270657657464	0	RECOG_CR_PRES	11	RUST	1219	-999	P	66
1270657657847	1	RECOG_FEEDBACK	1
1270657658623	0	RECOG_PRES	11	DOCUMENT	479	-999	P	923
1270657659922	0	RECOG_CR_PRES	11	DOCUMENT	479	-999	P	144
1270657660364	1	RECOG_FEEDBACK	1
1270657661168	0	RECOG_END
1270657661730	0	SESS_END
1270657661774	0	E	Logging Ends
