1300973328700	0	B	Logging Begins
1300973478173	0	START
1300973478198	1	PROB	'6 + 7 + 9 = '	'12'	0	10099	1
1300973488327	1	PROB	'9 + 1 + 9 = '	'19'	1	5513	1
1300973493883	1	PROB	'1 + 3 + 9 = '	'13'	1	2390	1
1300973498172	0	STOP
1300973640099	0	START
1300973640972	1	PROB	'1 + 8 + 2 = '	'11'	1	3660	1
1300973644663	1	PROB	'5 + 2 + 2 = '	'9'	1	2490	1
1300973647153	0	STOP
1300973795269	0	START
1300973796326	1	PROB	'2 + 8 + 7 = '	'17'	1	2514	1
1300973798875	1	PROB	'1 + 1 + 7 = '	'9'	1	2158	1
1300973803269	0	STOP
1300973883404	0	START
1300973884911	1	PROB	'9 + 7 + 3 = '	'19'	1	2521	1
1300973887468	1	PROB	'6 + 4 + 1 = '	'11'	1	1484	1
1300973891404	0	STOP
1300973895541	0	START
1300973896432	1	PROB	'9 + 3 + 4 = '	'16'	1	4088	1
1300973900555	1	PROB	'9 + 1 + 4 = '	'14'	1	2149	1
1300973902704	0	STOP
1300973907453	0	START
1300973908636	1	PROB	'2 + 8 + 6 = '	'16'	1	1788	1
1300973910460	1	PROB	'8 + 9 + 9 = '	'26'	1	3404	1
1300973915453	0	STOP
1300973919341	0	START
1300973920149	1	PROB	'2 + 2 + 3 = '	'7'	1	2980	1
1300973923165	1	PROB	'5 + 4 + 8 = '	'17'	1	2323	1
1300973927341	0	STOP
1300973931478	0	START
1300973932403	1	PROB	'4 + 5 + 3 = '	'12'	1	2429	1
1300973934868	1	PROB	'8 + 5 + 3 = '	'16'	1	3028	1
1300973939478	0	STOP
1300973943432	0	START
1300973944440	1	PROB	'5 + 3 + 9 = '	'17'	1	2416	1
1300973946889	1	PROB	'4 + 9 + 4 = '	'17'	1	2200	1
1300973951431	0	STOP
1300973955328	0	START
1300973956519	1	PROB	'8 + 6 + 5 = '	'19'	1	2578	1
1300973963328	0	STOP
1300973967315	0	START
1300973968331	1	PROB	'8 + 9 + 9 = '	'26'	1	4421	1
1300973975281	0	STOP
1300973979378	0	START
1300973980560	1	PROB	'9 + 3 + 6 = '	'18'	1	2120	1
1300973982718	1	PROB	'6 + 7 + 2 = '	'15'	1	2395	1
1300973987378	0	STOP
1300973991590	0	START
1300973992706	1	PROB	'2 + 1 + 5 = '	'8'	1	2246	1
1300973994989	1	PROB	'9 + 5 + 1 = '	'15'	1	3387	1
1300973998376	0	STOP
1300974003528	0	START
1300974004485	1	PROB	'8 + 3 + 3 = '	'14'	1	3483	1
1300974008002	1	PROB	'2 + 1 + 6 = '	'9'	1	1606	1
1300974011528	0	STOP
1300974015407	0	START
1300974016265	1	PROB	'4 + 7 + 7 = '	'18'	1	2231	1
1300974018530	1	PROB	'6 + 3 + 3 = '	'12'	1	3286	1
1300974023407	0	STOP
1300974027494	0	START
1300974028502	1	PROB	'5 + 9 + 8 = '	'13'	0	4282	1
1300974035494	0	STOP
1300974039490	0	START
1300974040472	1	PROB	'1 + 3 + 4 = '	'8'	1	1729	1
1300974042240	1	PROB	'3 + 4 + 5 = '	'12'	1	2320	1
1300974044596	1	PROB	'1 + 5 + 2 = '	'9'	0	1724	1
1300974046320	0	STOP
1300974051369	0	START
1300974052510	1	PROB	'1 + 1 + 7 = '	'9'	1	1603	1
1300974054152	1	PROB	'3 + 5 + 5 = '	'13'	1	1776	1
1300974055967	1	PROB	'1 + 4 + 7 = '	'12'	1	3338	1
1300974059305	0	STOP
1300974063473	0	START
1300974064506	1	PROB	'7 + 5 + 5 = '	'17'	1	1807	1
1300974066347	1	PROB	'3 + 5 + 2 = '	'10'	1	3277	1
1300974071473	0	STOP
1300974075352	0	START
1300974076418	1	PROB	'9 + 9 + 7 = '	'25'	1	4895	1
1300974081350	1	PROB	'1 + 4 + 5 = '	'10'	1	1843	1
1300974083193	0	STOP
1300974187197	0	START
1300974188703	1	PROB	'8 + 4 + 4 = '	'16'	1	2897	1
1300974191636	1	PROB	'2 + 8 + 6 = '	'16'	1	1557	1
1300974195197	0	STOP
1300974199317	0	START
1300974200449	1	PROB	'3 + 1 + 7 = '	'11'	1	2087	1
1300974202573	1	PROB	'6 + 3 + 8 = '	'17'	1	1899	1
1300974204506	1	PROB	'3 + 7 + 2 = '	'12'	1	1639	1
1300974206145	0	STOP
1300974211379	0	START
1300974212254	1	PROB	'5 + 6 + 4 = '	'15'	1	1722	1
1300974214012	1	PROB	'7 + 7 + 6 = '	'20'	1	3069	1
1300974217119	1	PROB	'7 + 3 + 7 = '	'17'	1	1361	1
1300974218480	0	STOP
1300974223259	0	START
1300974224067	1	PROB	'9 + 1 + 4 = '	'14'	1	1797	1
1300974225898	1	PROB	'7 + 1 + 5 = '	'13'	1	2670	1
1300974231259	0	STOP
1300974235471	0	START
1300974236511	1	PROB	'4 + 4 + 9 = '	'17'	1	1929	1
1300974238477	1	PROB	'6 + 6 + 8 = '	'20'	1	2660	1
1300974243471	0	STOP
1300974247541	0	START
1300974248724	1	PROB	'6 + 6 + 7 = '	'19'	1	2196	1
1300974250956	1	PROB	'3 + 1 + 4 = '	'8'	1	2101	1
1300974255540	0	STOP
1300974259520	0	START
1300974260711	1	PROB	'2 + 8 + 3 = '	'13'	1	2129	1
1300974262877	1	PROB	'4 + 1 + 9 = '	'14'	1	3019	1
1300974267520	0	STOP
1300974271516	0	START
1300974272632	1	PROB	'8 + 2 + 1 = '	'11'	1	1425	1
1300974274091	1	PROB	'9 + 9 + 1 = '	'19'	1	2845	1
1300974276972	1	PROB	'5 + 3 + 1 = '	'9'	1	1676	1
1300974278648	0	STOP
1300974283487	0	START
1300974284511	1	PROB	'3 + 7 + 7 = '	'17'	1	1802	1
1300974286344	1	PROB	'3 + 7 + 3 = '	'13'	1	1576	1
1300974287951	1	PROB	'8 + 2 + 6 = '	'16'	1	1681	1
1300974289667	1	PROB	'9 + 1 + 8 = '	'18'	1	1765	1
1300974291432	0	STOP
1300974295624	0	START
1300974296732	1	PROB	'6 + 9 + 4 = '	'19'	1	1804	1
1300974298573	1	PROB	'9 + 7 + 8 = '	'17'	0	3724	1
1300974302297	0	STOP
1300974307637	0	START
1300974308827	1	PROB	'3 + 2 + 7 = '	'12'	1	1677	1
1300974310535	1	PROB	'1 + 5 + 5 = '	'11'	1	1857	1
1300974312426	1	PROB	'3 + 2 + 3 = '	'8'	1	1719	1
1300974314145	0	STOP
1300974319557	0	START
1300974320540	1	PROB	'3 + 1 + 8 = '	'12'	1	2597	1
1300974323173	1	PROB	'2 + 7 + 1 = '	'10'	1	1811	1
1300974327557	0	STOP
1300974331770	0	START
1300974332611	1	PROB	'1 + 9 + 8 = '	'18'	1	2109	1
1300974334751	1	PROB	'6 + 7 + 4 = '	'17'	1	1554	1
1300974339770	0	STOP
1300974343599	0	START
1300974344556	1	PROB	'7 + 6 + 5 = '	'18'	1	3004	1
1300974351599	0	STOP
1300974355595	0	START
1300974356585	1	PROB	'6 + 7 + 8 = '	'21'	1	4735	1
1300974361359	1	PROB	'6 + 4 + 7 = '	'17'	1	1489	1
1300974362848	0	STOP
1300974367649	0	START
1300974368598	1	PROB	'9 + 1 + 6 = '	'16'	1	1587	1
1300974370223	1	PROB	'5 + 6 + 3 = '	'14'	1	2802	1
1300974373064	1	PROB	'9 + 6 + 1 = '	'16'	1	1816	1
1300974374880	0	STOP
1300974379811	0	START
1300974380968	1	PROB	'1 + 6 + 9 = '	'16'	1	1608	1
1300974382610	1	PROB	'9 + 6 + 9 = '	'14'	0	3958	1
1300974386568	0	STOP
1300974466290	0	START
1300974467796	1	PROB	'5 + 6 + 4 = '	'15'	1	4580	1
1300974472411	1	PROB	'4 + 7 + 8 = '	'19'	1	2902	1
1300974475343	1	PROB	'5 + 9 + 3 = '	'17'	1	2009	1
1300974477384	1	PROB	'8 + 3 + 5 = '	'16'	1	2440	1
1300974482289	0	STOP
1300974486283	0	START
1300974487339	1	PROB	'7 + 8 + 8 = '	'13'	0	4045	1
1300974491421	1	PROB	'9 + 8 + 9 = '	'26'	1	3708	1
1300974495162	1	PROB	'5 + 3 + 1 = '	'9'	1	3438	1
1300974498635	1	PROB	'8 + 3 + 9 = '	'30'	0	3566	1
1300974502201	0	STOP
1300974506234	0	START
1300974507133	1	PROB	'7 + 9 + 2 = '	'18'	1	4419	1
1300974511589	1	PROB	'9 + 8 + 3 = '	'20'	1	4075	1
1300974515696	1	PROB	'9 + 2 + 6 = '	'17'	1	3200	1
1300974522234	0	STOP
1300974526268	0	START
1300974527151	1	PROB	'8 + 1 + 3 = '	'12'	1	6026	1
1300974533215	1	PROB	'7 + 4 + 3 = '	'14'	1	1834	1
1300974535082	1	PROB	'6 + 2 + 5 = '	'13'	1	5095	1
1300974540213	1	PROB	'7 + 3 + 2 = '	'12'	1	1459	1
1300974541672	0	STOP
1300974546435	0	START
1300974547269	1	PROB	'8 + 4 + 1 = '	'13'	1	4083	1
1300974551391	1	PROB	'9 + 7 + 2 = '	'18'	1	3065	1
1300974554490	1	PROB	'2 + 3 + 9 = '	'14'	1	3310	1
1300974557839	1	PROB	'7 + 1 + 9 = '	'17'	1	2017	1
1300974562434	0	STOP
1300974566445	0	START
1300974567394	1	PROB	'8 + 9 + 3 = '	'19'	0	14735	1
1300974582129	0	STOP
1300974586538	0	START
1300974587487	1	PROB	'3 + 7 + 7 = '	'17'	1	2065	1
1300974589586	1	PROB	'3 + 4 + 4 = '	'11'	1	3527	1
1300974593144	1	PROB	'1 + 6 + 3 = '	'10'	1	3216	1
1300974596392	1	PROB	'8 + 3 + 5 = '	'16'	1	2753	1
1300974599184	1	PROB	'2 + 6 + 4 = '	'12'	1	1584	1
1300974602538	0	STOP
1300974606647	0	START
1300974607730	1	PROB	'4 + 7 + 8 = '	'19'	1	3710	1
1300974611478	1	PROB	'5 + 2 + 4 = '	'12'	0	2787	1
1300974614303	1	PROB	'7 + 7 + 7 = '	'21'	1	2169	1
1300974616510	1	PROB	'7 + 8 + 5 = '	'20'	1	3026	1
1300974622646	0	STOP
1300974626540	0	START
1300974627648	1	PROB	'3 + 7 + 8 = '	'18'	1	2513	1
1300974630198	1	PROB	'6 + 2 + 9 = '	'17'	1	2250	1
1300974632496	1	PROB	'3 + 4 + 8 = '	'15'	1	3657	1
1300974636196	1	PROB	'4 + 9 + 1 = '	'14'	1	2021	1
1300974642540	0	STOP
1300974646675	0	START
1300974647632	1	PROB	'3 + 4 + 1 = '	'8'	1	2601	1
1300974650282	1	PROB	'8 + 7 + 4 = '	'19'	1	3142	1
1300974653472	1	PROB	'1 + 7 + 5 = '	'13'	1	2200	1
1300974655721	1	PROB	'8 + 5 + 4 = '	'17'	1	3863	1
1300974662675	0	STOP
1300974666701	0	START
1300974667825	1	PROB	'7 + 6 + 4 = '	'17'	1	1567	1
1300974669433	1	PROB	'5 + 4 + 8 = '	'17'	1	1919	1
1300974671399	1	PROB	'8 + 3 + 7 = '	'18'	1	1489	1
1300974672932	1	PROB	'3 + 9 + 9 = '	'21'	1	3277	1
1300974676257	1	PROB	'8 + 3 + 4 = '	'15'	1	3215	1
1300974679521	1	PROB	'8 + 5 + 8 = '	'21'	1	2991	1
1300974682512	0	STOP
1300974686744	0	START
1300974687926	1	PROB	'4 + 1 + 3 = '	'8'	1	2026	1
1300974689992	1	PROB	'4 + 3 + 6 = '	'13'	1	2321	1
1300974692350	1	PROB	'8 + 9 + 5 = '	'22'	1	7170	1
1300974702744	0	STOP
1300974706704	0	START
1300974707594	1	PROB	'5 + 5 + 3 = '	'13'	1	2591	1
1300974710228	1	PROB	'2 + 3 + 4 = '	'9'	1	2468	1
1300974712743	1	PROB	'8 + 1 + 6 = '	'15'	1	4673	1
1300974717466	1	PROB	'2 + 5 + 2 = '	'9'	1	2743	1
1300974720249	1	PROB	'7 + 7 + 2 = '	'16'	1	2207	1
1300974722456	0	STOP
1300974726563	0	START
1300974727654	1	PROB	'7 + 8 + 6 = '	'19'	0	9794	1
1300974742563	0	STOP
1300974746714	0	START
1300974747764	1	PROB	'9 + 9 + 7 = '	'25'	1	3908	1
1300974751720	1	PROB	'6 + 4 + 1 = '	'11'	1	1600	1
1300974753370	1	PROB	'1 + 7 + 4 = '	'12'	1	3687	1
1300974757103	1	PROB	'3 + 8 + 5 = '	'16'	1	2881	1
1300974760027	1	PROB	'4 + 1 + 4 = '	'9'	1	1773	1
1300974761800	0	STOP
1300974766574	0	START
1300974767415	1	PROB	'8 + 7 + 8 = '	'23'	1	3425	1
1300974770889	1	PROB	'7 + 9 + 7 = '	'23'	1	3903	1
1300974774837	1	PROB	'3 + 6 + 2 = '	'11'	1	5531	1
1300974782574	0	STOP
1300974786658	0	START
1300974787583	1	PROB	'5 + 2 + 6 = '	'13'	1	2841	1
1300974790473	1	PROB	'1 + 1 + 4 = '	'6'	1	1943	1
1300974792464	1	PROB	'9 + 9 + 7 = '	'15'	0	3104	1
1300974795613	1	PROB	'3 + 3 + 6 = '	'12'	1	2644	1
1300974798305	1	PROB	'4 + 6 + 7 = '	'17'	1	1856	1
1300974802658	0	STOP
1300974946343	0	START
1300974947211	1	PROB	'5 + 4 + 7 = '	'16'	1	3565	1
1300974950825	1	PROB	'1 + 9 + 9 = '	'19'	1	2519	1
1300974953391	1	PROB	'6 + 6 + 7 = '	'19'	1	2353	1
1300974955790	1	PROB	'5 + 6 + 2 = '	'13'	1	2786	1
1300974958622	1	PROB	'9 + 4 + 8 = '	'21'	1	3635	1
1300974962257	0	STOP
1300975107786	0	START
1300975108961	1	PROB	'2 + 2 + 8 = '	'12'	1	2391	1
1300975111393	1	PROB	'7 + 8 + 8 = '	'13'	0	2975	1
1300975114368	0	STOP
1300975200205	0	START
1300975201711	1	PROB	'7 + 1 + 7 = '	'15'	1	2434	1
1300975204195	1	PROB	'5 + 2 + 6 = '	'15'	0	2110	1
1300975208205	0	STOP
1300975212408	0	START
1300975213499	1	PROB	'8 + 1 + 6 = '	'15'	1	2814	1
1300975216348	1	PROB	'9 + 4 + 4 = '	'17'	1	2244	1
1300975220408	0	STOP
1300975224428	0	START
1300975225611	1	PROB	'4 + 5 + 7 = '	'15'	0	4789	1
1300975230443	1	PROB	'3 + 2 + 8 = '	'13'	1	1742	1
1300975232185	0	STOP
1300975236641	0	START
1300975237807	1	PROB	'6 + 6 + 7 = '	'19'	1	2282	1
1300975240123	1	PROB	'1 + 1 + 1 = '	'3'	1	1086	1
1300975241248	1	PROB	'1 + 1 + 3 = '	'5'	1	1520	1
1300975244641	0	STOP
1300975248462	0	START
1300975249611	1	PROB	'5 + 9 + 5 = '	'19'	1	2005	1
1300975251652	1	PROB	'3 + 4 + 3 = '	'10'	1	3316	1
1300975254968	0	STOP
1300975260374	0	START
1300975261423	1	PROB	'6 + 1 + 6 = '	'13'	1	1746	1
1300975263215	1	PROB	'6 + 8 + 1 = '	'15'	1	2713	1
1300975265963	1	PROB	'6 + 2 + 4 = '	'12'	1	2005	1
1300975267968	0	STOP
1300975272445	0	START
1300975273361	1	PROB	'5 + 6 + 7 = '	'18'	1	3263	1
1300975276660	1	PROB	'8 + 8 + 5 = '	'21'	1	2308	1
1300975278968	0	STOP
1300975284499	0	START
1300975285581	1	PROB	'6 + 9 + 5 = '	'20'	1	4339	1
1300975292499	0	STOP
1300975296528	0	START
1300975297519	1	PROB	'1 + 8 + 8 = '	'17'	1	3113	1
1300975300676	1	PROB	'6 + 5 + 3 = '	'14'	1	2533	1
1300975303209	0	STOP
1300975308640	0	START
1300975309831	1	PROB	'5 + 5 + 9 = '	'19'	1	1849	1
1300975311714	1	PROB	'6 + 9 + 3 = '	'18'	1	1734	1
1300975313496	1	PROB	'9 + 7 + 2 = '	'18'	1	1960	1
1300975315456	0	STOP
1300975320753	0	START
1300975321943	1	PROB	'7 + 4 + 2 = '	'13'	1	3146	1
1300975325127	1	PROB	'6 + 5 + 6 = '	'17'	1	1857	1
1300975328753	0	STOP
1300975332648	0	START
1300975333514	1	PROB	'2 + 4 + 6 = '	'12'	1	2487	1
1300975336040	1	PROB	'9 + 8 + 9 = '	'26'	1	3376	1
1300975339416	0	STOP
1300975344544	0	START
1300975345443	1	PROB	'8 + 3 + 3 = '	'14'	1	2325	1
1300975347809	1	PROB	'2 + 8 + 5 = '	'15'	1	3591	1
1300975351400	0	STOP
1300975356623	0	START
1300975357656	1	PROB	'9 + 5 + 1 = '	'15'	1	2280	1
1300975359980	1	PROB	'1 + 7 + 5 = '	'13'	1	2045	1
1300975362064	1	PROB	'5 + 5 + 2 = '	'12'	1	1376	1
1300975363440	0	STOP
1300975368511	0	START
1300975369627	1	PROB	'5 + 2 + 1 = '	'8'	1	2005	1
1300975371668	1	PROB	'5 + 7 + 1 = '	'13'	1	2748	1
1300975376511	0	STOP
1300975380440	0	START
1300975381397	1	PROB	'3 + 3 + 4 = '	'10'	1	2579	1
1300975384022	1	PROB	'7 + 7 + 9 = '	'23'	1	2834	1
1300975388440	0	STOP
1300975392444	0	START
1300975393518	1	PROB	'5 + 2 + 5 = '	'12'	1	2010	1
1300975395576	1	PROB	'9 + 1 + 5 = '	'15'	1	1888	1
1300975400443	0	STOP
1300975689580	0	START
1300975690521	1	PROB	'5 + 2 + 9 = '	'18'	0	4720	1
1300975695287	1	PROB	'8 + 4 + 7 = '	'19'	1	2217	1
1300975697552	1	PROB	'6 + 5 + 4 = '	'15'	1	2840	1
1300975700443	1	PROB	'4 + 2 + 2 = '	'10'	0	2341	1
1300975705580	0	STOP
1300976316816	0	START
1300976317999	1	PROB	'1 + 2 + 6 = '	'9'	1	2337	1
1300976320373	1	PROB	'5 + 5 + 5 = '	'15'	1	1331	1
1300976324815	0	STOP
1300976404694	0	START
1300976406194	1	PROB	'4 + 8 + 8 = '	'20'	1	2742	1
1300976408983	1	PROB	'1 + 6 + 4 = '	'11'	1	1529	1
1300976410558	1	PROB	'6 + 1 + 1 = '	'8'	1	1762	1
1300976412320	0	STOP
1300976416640	0	START
1300976417697	1	PROB	'9 + 9 + 2 = '	'20'	1	2135	1
1300976419880	1	PROB	'9 + 2 + 5 = '	'18'	0	3656	1
1300976423536	0	STOP
1300976428544	0	START
1300976429660	1	PROB	'2 + 3 + 4 = '	'9'	1	1796	1
1300976431492	1	PROB	'8 + 6 + 8 = '	'32'	0	2813	1
1300976436544	0	STOP
1300976440514	0	START
1300976441630	1	PROB	'2 + 6 + 8 = '	'16'	1	2178	1
1300976443846	1	PROB	'8 + 1 + 5 = '	'14'	1	3890	1
1300976447736	0	STOP
1300976452469	0	START
1300976453326	1	PROB	'5 + 5 + 4 = '	'14'	1	1546	1
1300976454917	1	PROB	'5 + 4 + 2 = '	'11'	1	2124	1
1300976460469	0	STOP
1300976464423	0	START
1300976465538	1	PROB	'5 + 2 + 5 = '	'12'	1	1663	1
1300976472423	0	STOP
1300976476618	0	START
1300976477617	1	PROB	'6 + 4 + 4 = '	'14'	1	1688	1
1300976479350	1	PROB	'3 + 9 + 1 = '	'13'	1	2514	1
1300976484618	0	STOP
1300976488647	0	START
1300976489472	1	PROB	'1 + 8 + 4 = '	'13'	1	2856	1
1300976492362	1	PROB	'3 + 6 + 1 = '	'10'	1	2054	1
1300976494462	1	PROB	'1 + 8 + 1 = '	'10'	1	1587	1
1300976496049	0	STOP
1300976500801	0	START
1300976501767	1	PROB	'2 + 4 + 5 = '	'11'	1	2553	1
1300976504366	1	PROB	'1 + 1 + 7 = '	'9'	1	1635	1
1300976506050	1	PROB	'5 + 2 + 1 = '	'8'	1	1446	1
1300976507496	0	STOP
1300976512689	0	START
1300976513738	1	PROB	'5 + 2 + 9 = '	'15'	0	3351	1
1300976517138	1	PROB	'1 + 9 + 5 = '	'15'	1	3087	1
1300976520225	0	STOP
1300976524726	0	START
1300976525775	1	PROB	'2 + 8 + 2 = '	'12'	1	1705	1
1300976527525	1	PROB	'6 + 2 + 8 = '	'16'	1	2451	1
1300976530017	1	PROB	'1 + 1 + 6 = '	'8'	1	2415	1
1300976532432	0	STOP
1300976536622	0	START
1300976537680	1	PROB	'2 + 6 + 5 = '	'13'	1	2760	1
1300976540487	1	PROB	'3 + 1 + 8 = '	'12'	1	2826	1
1300976543313	0	STOP
1300976548701	0	START
1300976549809	1	PROB	'8 + 2 + 3 = '	'13'	1	1424	1
1300976551267	1	PROB	'1 + 4 + 6 = '	'11'	1	1685	1
1300976556701	0	STOP
1300976560739	0	START
1300976561763	1	PROB	'6 + 8 + 8 = '	'22'	1	3446	1
1300976565254	1	PROB	'9 + 6 + 4 = '	'19'	1	3130	1
1300976568384	0	STOP
1300976572659	0	START
1300976573534	1	PROB	'5 + 2 + 1 = '	'8'	1	1779	1
1300976575358	1	PROB	'7 + 9 + 5 = '	'21'	1	3715	1
1300976580659	0	STOP
1300976584638	0	START
1300976585471	1	PROB	'2 + 7 + 2 = '	'11'	1	3345	1
1300976588861	1	PROB	'9 + 6 + 6 = '	'21'	1	2412	1
1300976591273	0	STOP
1300976596559	0	START
1300976597667	1	PROB	'8 + 8 + 3 = '	'19'	1	2325	1
1300976600034	1	PROB	'4 + 5 + 1 = '	'10'	1	2502	1
1300976602573	1	PROB	'7 + 1 + 2 = '	'10'	1	1500	1
1300976604073	0	STOP
1300976829702	0	START
1300976831202	1	PROB	'7 + 4 + 1 = '	'12'	1	4079	1
1300976835324	1	PROB	'9 + 9 + 6 = '	'24'	1	2861	1
1300976838224	1	PROB	'3 + 7 + 4 = '	'14'	1	1993	1
1300976840257	1	PROB	'9 + 5 + 3 = '	'17'	1	2976	1
1300976843272	1	PROB	'3 + 5 + 7 = '	'15'	1	1680	1
1300976844952	0	STOP
1300976849636	0	START
1300976850544	1	PROB	'5 + 2 + 5 = '	'12'	1	1689	1
1300976852278	1	PROB	'7 + 3 + 4 = '	'14'	1	1522	1
1300976853843	1	PROB	'7 + 3 + 7 = '	'17'	1	1294	1
1300976855176	1	PROB	'2 + 8 + 1 = '	'11'	1	1528	1
1300976856750	1	PROB	'9 + 8 + 6 = '	'24'	0	4347	1
1300976861133	1	PROB	'4 + 3 + 7 = '	'14'	1	2379	1
1300976865624	0	STOP
1300976869488	0	START
1300976870512	1	PROB	'4 + 5 + 1 = '	'10'	1	1880	1
1300976872428	1	PROB	'1 + 9 + 2 = '	'12'	1	1484	1
1300976873952	1	PROB	'4 + 9 + 2 = '	'15'	1	3089	1
1300976877085	1	PROB	'8 + 6 + 3 = '	'17'	1	2771	1
1300976879900	1	PROB	'4 + 1 + 3 = '	'8'	1	2596	1
1300976882541	1	PROB	'7 + 3 + 3 = '	'13'	1	1451	1
1300976883992	0	STOP
1300976889389	0	START
1300976890588	1	PROB	'8 + 3 + 6 = '	'17'	1	2292	1
1300976892920	1	PROB	'7 + 9 + 1 = '	'17'	1	1944	1
1300976894903	1	PROB	'2 + 7 + 8 = '	'17'	1	1505	1
1300976896444	1	PROB	'7 + 2 + 3 = '	'12'	1	3356	1
1300976899835	1	PROB	'9 + 7 + 4 = '	'20'	1	4133	1
1300976903968	0	STOP
1300976909457	0	START
1300976910464	1	PROB	'5 + 9 + 1 = '	'15'	1	2176	1
1300976912680	1	PROB	'2 + 1 + 3 = '	'6'	1	2000	1
1300976914721	1	PROB	'2 + 8 + 5 = '	'17'	0	3815	1
1300976918570	1	PROB	'4 + 1 + 9 = '	'14'	1	3182	1
1300976925457	0	STOP
1300976929341	0	START
1300976930283	1	PROB	'4 + 8 + 2 = '	'14'	1	1533	1
1300976931857	1	PROB	'5 + 8 + 7 = '	'20'	1	2599	1
1300976934497	1	PROB	'1 + 5 + 5 = '	'11'	1	1808	1
1300976936338	1	PROB	'3 + 9 + 7 = '	'19'	1	1679	1
1300976938055	1	PROB	'8 + 6 + 4 = '	'18'	1	1385	1
1300976939479	1	PROB	'4 + 2 + 1 = '	'7'	1	3297	1
1300976942819	1	PROB	'2 + 8 + 2 = '	'12'	1	1509	1
1300976944328	0	STOP
1300976949459	0	START
1300976950475	1	PROB	'5 + 4 + 6 = '	'15'	1	1630	1
1300976952142	1	PROB	'7 + 6 + 1 = '	'14'	1	3139	1
1300976955315	1	PROB	'2 + 6 + 3 = '	'11'	1	2157	1
1300976957514	1	PROB	'8 + 7 + 7 = '	'24'	0	4310	1
1300976965459	0	STOP
1300976969486	0	START
1300976970593	1	PROB	'4 + 1 + 4 = '	'9'	1	3935	1
1300976974575	1	PROB	'8 + 8 + 9 = '	'25'	1	2690	1
1300976977308	1	PROB	'8 + 8 + 6 = '	'22'	1	3500	1
1300976980856	1	PROB	'9 + 9 + 6 = '	'24'	1	3472	1
1300976984328	0	STOP
1300976989495	0	START
1300976990686	1	PROB	'3 + 9 + 2 = '	'14'	1	3162	1
1300976993885	1	PROB	'6 + 6 + 1 = '	'13'	1	1499	1
1300976995426	1	PROB	'1 + 7 + 2 = '	'10'	1	1879	1
1300976997342	1	PROB	'1 + 8 + 3 = '	'12'	1	3803	1
1300977001183	1	PROB	'1 + 2 + 2 = '	'5'	1	2026	1
1300977005494	0	STOP
1300977009405	0	START
1300977010496	1	PROB	'2 + 7 + 6 = '	'15'	1	2577	1
1300977013112	1	PROB	'1 + 7 + 7 = '	'15'	1	2897	1
1300977016045	1	PROB	'5 + 7 + 5 = '	'17'	1	2371	1
1300977018451	1	PROB	'1 + 7 + 9 = '	'17'	1	2157	1
1300977020642	1	PROB	'4 + 2 + 1 = '	'7'	1	3294	1
1300977023936	0	STOP
1300977029456	0	START
1300977030455	1	PROB	'7 + 9 + 5 = '	'23'	0	4682	1
1300977035171	1	PROB	'5 + 9 + 4 = '	'18'	1	1958	1
1300977037170	1	PROB	'6 + 5 + 7 = '	'18'	1	1734	1
1300977038944	1	PROB	'5 + 8 + 1 = '	'13'	0	4281	1
1300977045456	0	STOP
1300977049557	0	START
1300977050431	1	PROB	'8 + 1 + 3 = '	'12'	1	3561	1
1300977054039	1	PROB	'1 + 8 + 4 = '	'13'	1	2753	1
1300977056829	1	PROB	'3 + 9 + 7 = '	'19'	1	2131	1
1300977058995	1	PROB	'7 + 5 + 3 = '	'15'	1	5270	1
1300977064265	0	STOP
1300977069700	0	START
1300977070866	1	PROB	'5 + 5 + 3 = '	'13'	1	1415	1
1300977072315	1	PROB	'5 + 2 + 8 = '	'15'	1	3197	1
1300977075547	1	PROB	'3 + 2 + 5 = '	'11'	0	2590	1
1300977078181	1	PROB	'5 + 2 + 8 = '	'15'	1	3299	1
1300977081520	1	PROB	'9 + 7 + 1 = '	'17'	1	1513	1
1300977083079	1	PROB	'4 + 2 + 4 = '	'10'	1	2601	1
1300977085680	0	STOP
1300977089535	0	START
1300977090392	1	PROB	'5 + 5 + 9 = '	'19'	1	1320	1
1300977091750	1	PROB	'7 + 7 + 7 = '	'21'	1	1475	1
1300977093259	1	PROB	'8 + 8 + 5 = '	'21'	1	2637	1
1300977095932	1	PROB	'8 + 5 + 5 = '	'18'	1	2157	1
1300977098124	1	PROB	'1 + 6 + 9 = '	'16'	1	1812	1
1300977099972	1	PROB	'2 + 7 + 3 = '	'12'	1	1956	1
1300977101963	1	PROB	'2 + 3 + 3 = '	'8'	1	2477	1
1300977104440	0	STOP
1300977109503	0	START
1300977110568	1	PROB	'3 + 3 + 8 = '	'12'	0	3593	1
1300977114201	1	PROB	'8 + 8 + 1 = '	'17'	1	3191	1
1300977117441	1	PROB	'6 + 1 + 1 = '	'8'	1	1600	1
1300977119091	1	PROB	'6 + 3 + 6 = '	'15'	1	3285	1
1300977125502	0	STOP
1300977129470	0	START
1300977130528	1	PROB	'6 + 5 + 4 = '	'15'	1	2048	1
1300977132619	1	PROB	'5 + 3 + 4 = '	'11'	0	4037	1
1300977136701	1	PROB	'1 + 7 + 7 = '	'15'	1	1667	1
1300977138417	1	PROB	'5 + 6 + 4 = '	'15'	1	1343	1
1300977139800	1	PROB	'8 + 5 + 9 = '	'24'	0	4217	1
1300977144017	0	STOP
1300977149605	0	START
1300977150646	1	PROB	'3 + 5 + 4 = '	'12'	1	2475	1
1300977153163	1	PROB	'7 + 9 + 1 = '	'17'	1	2030	1
1300977155229	1	PROB	'7 + 1 + 4 = '	'12'	1	2772	1
1300977158036	1	PROB	'4 + 1 + 5 = '	'10'	1	2157	1
1300977160227	1	PROB	'1 + 8 + 1 = '	'10'	1	1669	1
1300977161934	1	PROB	'1 + 4 + 4 = '	'9'	1	2402	1
1300977164336	0	STOP
1300978413714	0	E	Logging Ends
