1266362373115	0	B	Logging Begins
1266362373115	0	SESS_START	1
1266362425342	1	FR_PRES	0	SHORTS	1293	-1	-1	-1266362425342	white	../fonts/Verdana.ttf	upper
1266362429167	1	FR_PRES	0	BUTTON	207	-1	-1	-1266362429167	white	../fonts/Verdana.ttf	upper
1266362433183	1	FR_PRES	0	ENGINE	535	-1	-1	-1266362433183	white	../fonts/Verdana.ttf	upper
1266362437274	1	FR_PRES	0	CAT	257	-1	-1	-1266362437274	white	../fonts/Verdana.ttf	upper
1266362441274	1	FR_PRES	0	SHED	1277	-1	-1	-1266362441274	white	../fonts/Verdana.ttf	upper
1266362445240	1	FR_PRES	0	PAW	1029	-1	-1	-1266362445240	white	../fonts/Verdana.ttf	upper
1266362449390	1	FR_PRES	0	FENCE	560	-1	-1	-1266362449390	white	../fonts/Verdana.ttf	upper
1266362453232	1	FR_PRES	0	GARAGE	621	-1	-1	-1266362453232	white	../fonts/Verdana.ttf	upper
1266362457381	1	FR_PRES	0	FLEET	578	-1	-1	-1266362457381	white	../fonts/Verdana.ttf	upper
1266362461589	1	FR_PRES	0	SALESMAN	1225	-1	-1	-1266362461589	white	../fonts/Verdana.ttf	upper
1266362465406	1	FR_PRES	0	HANDCUFFS	685	-1	-1	-1266362465406	white	../fonts/Verdana.ttf	upper
1266362469380	1	FR_PRES	0	PRAIRIE	1118	-1	-1	-1266362469380	white	../fonts/Verdana.ttf	upper
1266362473505	1	FR_PRES	0	KITCHEN	778	-1	-1	-1266362473505	white	../fonts/Verdana.ttf	upper
1266362477355	1	FR_PRES	0	SHOP	1290	-1	-1	-1266362477355	white	../fonts/Verdana.ttf	upper
1266362481338	1	FR_PRES	0	FORT	595	-1	-1	-1266362481338	white	../fonts/Verdana.ttf	upper
1266362485421	1	FR_PRES	0	ARTICLE	42	-1	-1	-1266362485421	white	../fonts/Verdana.ttf	upper
1266362491263	1	REC_START
1266362575623	0	REST
1266362577131	1	FR_PRES	1	FOLDER	588	-1	-1	-1266362577131	white	../fonts/Verdana.ttf	upper
1266362580963	1	FR_PRES	1	PUDDING	1139	-1	-1	-1266362580963	white	../fonts/Verdana.ttf	upper
1266362585139	1	FR_PRES	1	CLOUD	328	-1	-1	-1266362585139	white	../fonts/Verdana.ttf	upper
1266362589005	1	FR_PRES	1	SHOE	1288	-1	-1	-1266362589005	white	../fonts/Verdana.ttf	upper
1266362593080	1	FR_PRES	1	DETERGENT	455	-1	-1	-1266362593080	white	../fonts/Verdana.ttf	upper
1266362597171	1	FR_PRES	1	CARNIVAL	245	-1	-1	-1266362597171	white	../fonts/Verdana.ttf	upper
1266362601037	1	FR_PRES	1	FIDDLE	561	-1	-1	-1266362601037	white	../fonts/Verdana.ttf	upper
1266362604928	1	FR_PRES	1	VIOLA	1570	-1	-1	-1266362604928	white	../fonts/Verdana.ttf	upper
1266362609012	1	FR_PRES	1	MOAT	903	-1	-1	-1266362609012	white	../fonts/Verdana.ttf	upper
1266362613137	1	FR_PRES	1	REEF	1177	-1	-1	-1266362613137	white	../fonts/Verdana.ttf	upper
1266362616969	1	FR_PRES	1	OUTFIT	988	-1	-1	-1266362616969	white	../fonts/Verdana.ttf	upper
1266362621078	1	FR_PRES	1	REFRIGERATOR	1179	-1	-1	-1266362621078	white	../fonts/Verdana.ttf	upper
1266362625027	1	FR_PRES	1	BAKER	71	-1	-1	-1266362625027	white	../fonts/Verdana.ttf	upper
1266362628901	1	FR_PRES	1	FOUNTAIN	597	-1	-1	-1266362628901	white	../fonts/Verdana.ttf	upper
1266362633093	1	FR_PRES	1	TOENAIL	1474	-1	-1	-1266362633093	white	../fonts/Verdana.ttf	upper
1266362637243	1	FR_PRES	1	LAGOON	795	-1	-1	-1266362637243	white	../fonts/Verdana.ttf	upper
1266362642959	1	REC_START
1266362730220	0	REST
1266362731727	1	FR_PRES	2	CHIEF	298	-1	-1	-1266362731727	white	../fonts/Verdana.ttf	upper
1266362735653	1	FR_PRES	2	RAFT	1159	-1	-1	-1266362735653	white	../fonts/Verdana.ttf	upper
1266362739826	1	FR_PRES	2	RIVER	1194	-1	-1	-1266362739826	white	../fonts/Verdana.ttf	upper
1266362743759	1	FR_PRES	2	CRAB	397	-1	-1	-1266362743759	white	../fonts/Verdana.ttf	upper
1266362747934	1	FR_PRES	2	ANKLE	24	-1	-1	-1266362747934	white	../fonts/Verdana.ttf	upper
1266362751809	1	FR_PRES	2	GAZELLE	628	-1	-1	-1266362751809	white	../fonts/Verdana.ttf	upper
1266362755635	1	FR_PRES	2	UTENSIL	1542	-1	-1	-1266362755635	white	../fonts/Verdana.ttf	upper
1266362759792	1	FR_PRES	2	SNACK	1331	-1	-1	-1266362759792	white	../fonts/Verdana.ttf	upper
1266362763975	1	FR_PRES	2	GIRAFFE	636	-1	-1	-1266362763975	white	../fonts/Verdana.ttf	upper
1266362767824	1	FR_PRES	2	CABINET	212	-1	-1	-1266362767824	white	../fonts/Verdana.ttf	upper
1266362771791	1	FR_PRES	2	DAUGHTER	442	-1	-1	-1266362771791	white	../fonts/Verdana.ttf	upper
1266362775732	1	FR_PRES	2	TRIBE	1505	-1	-1	-1266362775732	white	../fonts/Verdana.ttf	upper
1266362779583	1	FR_PRES	2	TURNIP	1521	-1	-1	-1266362779583	white	../fonts/Verdana.ttf	upper
1266362783707	1	FR_PRES	2	BEAN	105	-1	-1	-1266362783707	white	../fonts/Verdana.ttf	upper
1266362787790	1	FR_PRES	2	ASPIRIN	47	-1	-1	-1266362787790	white	../fonts/Verdana.ttf	upper
1266362791781	1	FR_PRES	2	KITTEN	780	-1	-1	-1266362791781	white	../fonts/Verdana.ttf	upper
1266362797599	1	REC_START
1266362883134	0	REST
1266362884642	1	FR_PRES	3	COIN	343	-1	-1	-1266362884642	white	../fonts/Verdana.ttf	upper
1266362888517	1	FR_PRES	3	NICKEL	950	-1	-1	-1266362888517	white	../fonts/Verdana.ttf	upper
1266362892491	1	FR_PRES	3	BASKET	95	-1	-1	-1266362892491	white	../fonts/Verdana.ttf	upper
1266362896666	1	FR_PRES	3	CANNON	232	-1	-1	-1266362896666	white	../fonts/Verdana.ttf	upper
1266362900765	1	FR_PRES	3	CREEK	404	-1	-1	-1266362900765	white	../fonts/Verdana.ttf	upper
1266362904864	1	FR_PRES	3	OCEAN	970	-1	-1	-1266362904864	white	../fonts/Verdana.ttf	upper
1266362908764	1	FR_PRES	3	VAMPIRE	1547	-1	-1	-1266362908764	white	../fonts/Verdana.ttf	upper
1266362912906	1	FR_PRES	3	TYPEWRITER	1531	-1	-1	-1266362912906	white	../fonts/Verdana.ttf	upper
1266362917098	1	FR_PRES	3	CANOE	233	-1	-1	-1266362917098	white	../fonts/Verdana.ttf	upper
1266362921039	1	FR_PRES	3	PENGUIN	1044	-1	-1	-1266362921039	white	../fonts/Verdana.ttf	upper
1266362925147	1	FR_PRES	3	WRITER	1627	-1	-1	-1266362925147	white	../fonts/Verdana.ttf	upper
1266362929305	1	FR_PRES	3	PICK	1058	-1	-1	-1266362929305	white	../fonts/Verdana.ttf	upper
1266362933238	1	FR_PRES	3	MAN	862	-1	-1	-1266362933238	white	../fonts/Verdana.ttf	upper
1266362937188	1	FR_PRES	3	CANARY	227	-1	-1	-1266362937188	white	../fonts/Verdana.ttf	upper
1266362941105	1	FR_PRES	3	MARINE	869	-1	-1	-1266362941105	white	../fonts/Verdana.ttf	upper
1266362945196	1	FR_PRES	3	SCREEN	1253	-1	-1	-1266362945196	white	../fonts/Verdana.ttf	upper
1266362951188	1	REC_START
1266363175413	0	REST
1266363176920	1	FR_PRES	4	TIE	1466	0	0	1582	(0.42259999999999998, 0.58709999999999996, 0)	../fonts/zerothre.ttf	upper
1266363181037	1	FR_PRES	4	WELL	1600	0	1	1161	(0.42259999999999998, 0.58709999999999996, 0)	../fonts/zerothre.ttf	upper
1266363185112	1	FR_PRES	4	STREAM	1392	0	1	1238	(0.42259999999999998, 0.58709999999999996, 0)	../fonts/zerothre.ttf	upper
1266363189053	1	FR_PRES	4	FLY	586	0	1	1465	(0.42259999999999998, 0.58709999999999996, 0)	../fonts/zerothre.ttf	upper
1266363193086	1	FR_PRES	4	KNAPSACK	783	0	1	1735	(0.42259999999999998, 0.58709999999999996, 0)	../fonts/zerothre.ttf	upper
1266363197269	1	FR_PRES	4	ANTELOPE	27	0	1	1185	(0.42259999999999998, 0.58709999999999996, 0)	../fonts/zerothre.ttf	upper
1266363201427	1	FR_PRES	4	CALCULATOR	220	0	0	1075	(0.42259999999999998, 0.58709999999999996, 0)	../fonts/zerothre.ttf	upper
1266363205535	1	FR_PRES	4	ELEPHANT	523	0	1	1071	(0.42259999999999998, 0.58709999999999996, 0)	../fonts/zerothre.ttf	upper
1266363209709	1	FR_PRES	4	TUSK	1523	0	1	1264	(0.42259999999999998, 0.58709999999999996, 0)	../fonts/zerothre.ttf	upper
1266363213643	1	FR_PRES	4	KITE	779	0	0	1210	(0.42259999999999998, 0.58709999999999996, 0)	../fonts/zerothre.ttf	upper
1266363217850	1	FR_PRES	4	TRAY	1498	0	1	1851	(0.42259999999999998, 0.58709999999999996, 0)	../fonts/zerothre.ttf	upper
1266363221975	1	FR_PRES	4	TOOTHBRUSH	1482	0	0	1726	(0.42259999999999998, 0.58709999999999996, 0)	../fonts/zerothre.ttf	upper
1266363225966	1	FR_PRES	4	BUCKLE	185	0	0	1072	(0.42259999999999998, 0.58709999999999996, 0)	../fonts/zerothre.ttf	upper
1266363230000	1	FR_PRES	4	WALRUS	1585	0	1	869	(0.42259999999999998, 0.58709999999999996, 0)	../fonts/zerothre.ttf	upper
1266363234117	1	FR_PRES	4	TUBE	1516	0	0	1449	(0.42259999999999998, 0.58709999999999996, 0)	../fonts/zerothre.ttf	upper
1266363238216	1	FR_PRES	4	FUNERAL	613	0	0	2366	(0.42259999999999998, 0.58709999999999996, 0)	../fonts/zerothre.ttf	upper
1266363243990	1	REC_START
1266363357832	0	REST
1266363359341	1	FR_PRES	5	STAFF	1365	0	0	2392	(0.42259999999999998, 0.58709999999999996, 0)	../fonts/zerothre.ttf	upper
1266363363532	1	FR_PRES	5	TREAT	1501	0	1	2289	(0.42259999999999998, 0.58709999999999996, 0)	../fonts/zerothre.ttf	upper
1266363367482	1	FR_PRES	5	MAGICIAN	854	0	1	1331	(0.42259999999999998, 0.58709999999999996, 0)	../fonts/zerothre.ttf	upper
1266363371523	1	FR_PRES	5	RUBY	1214	0	0	1907	(0.42259999999999998, 0.58709999999999996, 0)	../fonts/zerothre.ttf	upper
1266363375631	1	FR_PRES	5	PIPE	1073	0	0	1326	(0.42259999999999998, 0.58709999999999996, 0)	../fonts/zerothre.ttf	upper
1266363379581	1	FR_PRES	5	MAID	856	0	1	1929	(0.42259999999999998, 0.58709999999999996, 0)	../fonts/zerothre.ttf	upper
1266363383581	1	FR_PRES	5	CHIME	300	0	0	1489	(0.42259999999999998, 0.58709999999999996, 0)	../fonts/zerothre.ttf	upper
1266363387605	1	FR_PRES	5	DINNER	468	0	0	2841	(0.42259999999999998, 0.58709999999999996, 0)	../fonts/zerothre.ttf	upper
1266363391447	1	FR_PRES	5	BELLY	119	0	1	1839	(0.42259999999999998, 0.58709999999999996, 0)	../fonts/zerothre.ttf	upper
1266363395613	1	FR_PRES	5	SAUSAGE	1238	0	0	2065	(0.42259999999999998, 0.58709999999999996, 0)	../fonts/zerothre.ttf	upper
1266363399795	1	FR_PRES	5	NICOTINE	951	0	0	1659	(0.42259999999999998, 0.58709999999999996, 0)	../fonts/zerothre.ttf	upper
1266363403646	1	FR_PRES	5	GRASS	655	0	0	1808	(0.42259999999999998, 0.58709999999999996, 0)	../fonts/zerothre.ttf	upper
1266363407795	1	FR_PRES	5	LAWN	805	0	1	1483	(0.42259999999999998, 0.58709999999999996, 0)	../fonts/zerothre.ttf	upper
1266363411654	1	FR_PRES	5	GRATE	657	0	0	1456	(0.42259999999999998, 0.58709999999999996, 0)	../fonts/zerothre.ttf	upper
1266363415562	1	FR_PRES	5	SKUNK	1321	0	0	1708	(0.42259999999999998, 0.58709999999999996, 0)	../fonts/zerothre.ttf	upper
1266363419678	1	FR_PRES	5	DECK	443	0	1	856	(0.42259999999999998, 0.58709999999999996, 0)	../fonts/zerothre.ttf	upper
1266363425702	1	REC_START
1266363519895	0	REST
1266363521396	1	FR_PRES	6	MINER	896	0	1	1946	(0.42259999999999998, 0.58709999999999996, 0)	../fonts/zerothre.ttf	upper
1266363525270	1	FR_PRES	6	PIANO	1057	0	1	1832	(0.42259999999999998, 0.58709999999999996, 0)	../fonts/zerothre.ttf	upper
1266363529362	1	FR_PRES	6	SERPENT	1270	0	0	1028	(0.42259999999999998, 0.58709999999999996, 0)	../fonts/zerothre.ttf	upper
1266363533561	1	FR_PRES	6	SNAKE	1333	0	0	1260	(0.42259999999999998, 0.58709999999999996, 0)	../fonts/zerothre.ttf	upper
1266363537528	1	FR_PRES	6	AIRPORT	13	0	1	2413	(0.42259999999999998, 0.58709999999999996, 0)	../fonts/zerothre.ttf	upper
1266363541369	1	FR_PRES	6	TUBA	1515	0	1	2468	(0.42259999999999998, 0.58709999999999996, 0)	../fonts/zerothre.ttf	upper
1266363545444	1	FR_PRES	6	PERSONNEL	1053	0	1	1409	(0.42259999999999998, 0.58709999999999996, 0)	../fonts/zerothre.ttf	upper
1266363549602	1	FR_PRES	6	SAXOPHONE	1240	0	1	1243	(0.42259999999999998, 0.58709999999999996, 0)	../fonts/zerothre.ttf	upper
1266363553568	1	FR_PRES	6	MARGARINE	868	0	0	1470	(0.42259999999999998, 0.58709999999999996, 0)	../fonts/zerothre.ttf	upper
1266363557451	1	FR_PRES	6	TOASTER	1472	0	0	1803	(0.42259999999999998, 0.58709999999999996, 0)	../fonts/zerothre.ttf	upper
1266363561618	1	FR_PRES	6	TUNNEL	1519	0	1	1508	(0.42259999999999998, 0.58709999999999996, 0)	../fonts/zerothre.ttf	upper
1266363565667	1	FR_PRES	6	SALMON	1227	0	0	2355	(0.42259999999999998, 0.58709999999999996, 0)	../fonts/zerothre.ttf	upper
1266363569492	1	FR_PRES	6	PERCH	1048	0	0	1882	(0.42259999999999998, 0.58709999999999996, 0)	../fonts/zerothre.ttf	upper
1266363573367	1	FR_PRES	6	NOTE	958	0	0	1127	(0.42259999999999998, 0.58709999999999996, 0)	../fonts/zerothre.ttf	upper
1266363577508	1	FR_PRES	6	ATLAS	53	0	1	1514	(0.42259999999999998, 0.58709999999999996, 0)	../fonts/zerothre.ttf	upper
1266363581690	1	FR_PRES	6	VIOLIN	1571	0	1	1524	(0.42259999999999998, 0.58709999999999996, 0)	../fonts/zerothre.ttf	upper
1266363587675	1	REC_START
1266363672376	0	REST
1266363673884	1	FR_PRES	7	BAIT	70	0	0	1418	(0.42259999999999998, 0.58709999999999996, 0)	../fonts/zerothre.ttf	upper
1266363677892	1	FR_PRES	7	POND	1101	0	1	1698	(0.42259999999999998, 0.58709999999999996, 0)	../fonts/zerothre.ttf	upper
1266363681991	1	FR_PRES	7	LETTUCE	814	0	0	1391	(0.42259999999999998, 0.58709999999999996, 0)	../fonts/zerothre.ttf	upper
1266363685941	1	FR_PRES	7	KETCHUP	771	0	0	2561	(0.42259999999999998, 0.58709999999999996, 0)	../fonts/zerothre.ttf	upper
1266363689782	1	FR_PRES	7	REPTILE	1185	0	1	2143	(0.42259999999999998, 0.58709999999999996, 0)	../fonts/zerothre.ttf	upper
1266363693741	1	FR_PRES	7	WORM	1623	0	0	2409	(0.42259999999999998, 0.58709999999999996, 0)	../fonts/zerothre.ttf	upper
1266363697932	1	FR_PRES	7	TAG	1429	0	-999	3000	(0.42259999999999998, 0.58709999999999996, 0)	../fonts/zerothre.ttf	upper
1266363700957	1	SLOW_MSG
1266363703391	1	FR_PRES	7	CHERRY	293	0	0	1446	(0.42259999999999998, 0.58709999999999996, 0)	../fonts/zerothre.ttf	upper
1266363707482	1	FR_PRES	7	BANKER	84	0	1	1355	(0.42259999999999998, 0.58709999999999996, 0)	../fonts/zerothre.ttf	upper
1266363711349	1	FR_PRES	7	CHECK	284	0	1	1105	(0.42259999999999998, 0.58709999999999996, 0)	../fonts/zerothre.ttf	upper
1266363715165	1	FR_PRES	7	DILL	465	0	0	1049	(0.42259999999999998, 0.58709999999999996, 0)	../fonts/zerothre.ttf	upper
1266363719340	1	FR_PRES	7	POTATO	1115	0	0	970	(0.42259999999999998, 0.58709999999999996, 0)	../fonts/zerothre.ttf	upper
1266363723181	1	FR_PRES	7	WAGON	1578	0	1	913	(0.42259999999999998, 0.58709999999999996, 0)	../fonts/zerothre.ttf	upper
1266363726996	1	FR_PRES	7	CAFE	216	0	1	1298	(0.42259999999999998, 0.58709999999999996, 0)	../fonts/zerothre.ttf	upper
1266363730938	1	FR_PRES	7	PONY	1102	0	1	1580	(0.42259999999999998, 0.58709999999999996, 0)	../fonts/zerothre.ttf	upper
1266363734987	1	FR_PRES	7	ACTRESS	6	0	1	938	(0.42259999999999998, 0.58709999999999996, 0)	../fonts/zerothre.ttf	upper
1266363740763	1	REC_START
1266363835223	0	REST
1266363836730	1	FR_PRES	8	WINDOW	1611	1	0	1852	(0.57740000000000002, 0.41289999999999999, 1.0)	../fonts/amplitud.ttf	lower
1266363840771	1	FR_PRES	8	SWAN	1417	1	1	1106	(0.57740000000000002, 0.41289999999999999, 1.0)	../fonts/amplitud.ttf	lower
1266363844589	1	FR_PRES	8	MARROW	872	1	1	1617	(0.57740000000000002, 0.41289999999999999, 1.0)	../fonts/amplitud.ttf	lower
1266363848497	1	FR_PRES	8	PAIL	1002	1	0	1428	(0.57740000000000002, 0.41289999999999999, 1.0)	../fonts/amplitud.ttf	lower
1266363852672	1	FR_PRES	8	BLACKBERRY	132	1	1	1734	(0.57740000000000002, 0.41289999999999999, 1.0)	../fonts/amplitud.ttf	lower
1266363856621	1	FR_PRES	8	STRAWBERRY	1391	1	1	1184	(0.57740000000000002, 0.41289999999999999, 1.0)	../fonts/amplitud.ttf	lower
1266363860687	1	FR_PRES	8	CABIN	211	1	0	2327	(0.57740000000000002, 0.41289999999999999, 1.0)	../fonts/amplitud.ttf	lower
1266363864861	1	FR_PRES	8	SEAL	1262	1	1	2401	(0.57740000000000002, 0.41289999999999999, 1.0)	../fonts/amplitud.ttf	lower
1266363868886	1	FR_PRES	8	SUBMARINE	1398	1	0	1720	(0.57740000000000002, 0.41289999999999999, 1.0)	../fonts/amplitud.ttf	lower
1266363873020	1	FR_PRES	8	MONARCH	906	1	1	1514	(0.57740000000000002, 0.41289999999999999, 1.0)	../fonts/amplitud.ttf	lower
1266363876977	1	FR_PRES	8	RANCH	1166	1	0	1724	(0.57740000000000002, 0.41289999999999999, 1.0)	../fonts/amplitud.ttf	lower
1266363880960	1	FR_PRES	8	OX	994	1	1	1294	(0.57740000000000002, 0.41289999999999999, 1.0)	../fonts/amplitud.ttf	lower
1266363885144	1	FR_PRES	8	GALLON	618	1	0	1366	(0.57740000000000002, 0.41289999999999999, 1.0)	../fonts/amplitud.ttf	lower
1266363889319	1	FR_PRES	8	ZOO	1637	1	0	1791	(0.57740000000000002, 0.41289999999999999, 1.0)	../fonts/amplitud.ttf	lower
1266363893402	1	FR_PRES	8	DANDELION	438	1	1	972	(0.57740000000000002, 0.41289999999999999, 1.0)	../fonts/amplitud.ttf	lower
1266363897468	1	FR_PRES	8	POT	1114	1	-999	3001	(0.57740000000000002, 0.41289999999999999, 1.0)	../fonts/amplitud.ttf	lower
1266363900493	1	SLOW_MSG
1266363904984	1	REC_START
1266363989120	0	REST
1266363990628	1	FR_PRES	9	PLAYGROUND	1087	1	0	1313	(0.57740000000000002, 0.41289999999999999, 1.0)	../fonts/amplitud.ttf	lower
1266363994727	1	FR_PRES	9	HONEY	713	1	0	1607	(0.57740000000000002, 0.41289999999999999, 1.0)	../fonts/amplitud.ttf	lower
1266363998885	1	FR_PRES	9	FACE	547	1	1	1585	(0.57740000000000002, 0.41289999999999999, 1.0)	../fonts/amplitud.ttf	lower
1266364003061	1	FR_PRES	9	RACK	1154	1	0	1297	(0.57740000000000002, 0.41289999999999999, 1.0)	../fonts/amplitud.ttf	lower
1266364007235	1	FR_PRES	9	GRIZZLY	662	1	1	963	(0.57740000000000002, 0.41289999999999999, 1.0)	../fonts/amplitud.ttf	lower
1266364011410	1	FR_PRES	9	CUB	419	1	1	684	(0.57740000000000002, 0.41289999999999999, 1.0)	../fonts/amplitud.ttf	lower
1266364015618	1	FR_PRES	9	DONOR	485	1	1	1764	(0.57740000000000002, 0.41289999999999999, 1.0)	../fonts/amplitud.ttf	lower
1266364019717	1	FR_PRES	9	CLOTHES	327	1	0	1593	(0.57740000000000002, 0.41289999999999999, 1.0)	../fonts/amplitud.ttf	lower
1266364023692	1	FR_PRES	9	PRINCESS	1125	1	1	1041	(0.57740000000000002, 0.41289999999999999, 1.0)	../fonts/amplitud.ttf	lower
1266364027808	1	FR_PRES	9	QUEEN	1149	1	1	1374	(0.57740000000000002, 0.41289999999999999, 1.0)	../fonts/amplitud.ttf	lower
1266364031991	1	FR_PRES	9	AGENT	10	1	1	1383	(0.57740000000000002, 0.41289999999999999, 1.0)	../fonts/amplitud.ttf	lower
1266364036133	1	FR_PRES	9	BLOCKADE	137	1	0	1592	(0.57740000000000002, 0.41289999999999999, 1.0)	../fonts/amplitud.ttf	lower
1266364039957	1	FR_PRES	9	DORM	488	1	0	1105	(0.57740000000000002, 0.41289999999999999, 1.0)	../fonts/amplitud.ttf	lower
1266364044108	1	FR_PRES	9	FOREHEAD	592	1	0	1306	(0.57740000000000002, 0.41289999999999999, 1.0)	../fonts/amplitud.ttf	lower
1266364048291	1	FR_PRES	9	MERMAID	887	1	1	715	(0.57740000000000002, 0.41289999999999999, 1.0)	../fonts/amplitud.ttf	lower
1266364052341	1	FR_PRES	9	SUBURB	1399	1	0	1825	(0.57740000000000002, 0.41289999999999999, 1.0)	../fonts/amplitud.ttf	lower
1266364058357	1	REC_START
1266364143617	0	REST
1266364145125	1	FR_PRES	10	CHART	282	1	0	1033	(0.57740000000000002, 0.41289999999999999, 1.0)	../fonts/amplitud.ttf	lower
1266364149300	1	FR_PRES	10	CAFETERIA	217	1	0	1330	(0.57740000000000002, 0.41289999999999999, 1.0)	../fonts/amplitud.ttf	lower
1266364153508	1	FR_PRES	10	GORILLA	650	1	1	1297	(0.57740000000000002, 0.41289999999999999, 1.0)	../fonts/amplitud.ttf	lower
1266364157715	1	FR_PRES	10	SQUIRREL	1362	1	1	947	(0.57740000000000002, 0.41289999999999999, 1.0)	../fonts/amplitud.ttf	lower
1266364161566	1	FR_PRES	10	PORTRAIT	1111	1	0	952	(0.57740000000000002, 0.41289999999999999, 1.0)	../fonts/amplitud.ttf	lower
1266364165524	1	FR_PRES	10	DAD	433	1	1	1457	(0.57740000000000002, 0.41289999999999999, 1.0)	../fonts/amplitud.ttf	lower
1266364169407	1	FR_PRES	10	GEM	629	1	0	1775	(0.57740000000000002, 0.41289999999999999, 1.0)	../fonts/amplitud.ttf	lower
1266364173482	1	FR_PRES	10	BANDIT	81	1	1	2427	(0.57740000000000002, 0.41289999999999999, 1.0)	../fonts/amplitud.ttf	lower
1266364177331	1	FR_PRES	10	MASK	876	1	0	1522	(0.57740000000000002, 0.41289999999999999, 1.0)	../fonts/amplitud.ttf	lower
1266364181531	1	FR_PRES	10	RECORD	1176	1	0	1851	(0.57740000000000002, 0.41289999999999999, 1.0)	../fonts/amplitud.ttf	lower
1266364185548	1	FR_PRES	10	RACCOON	1153	1	1	1586	(0.57740000000000002, 0.41289999999999999, 1.0)	../fonts/amplitud.ttf	lower
1266364189431	1	FR_PRES	10	SHRUB	1299	1	1	1318	(0.57740000000000002, 0.41289999999999999, 1.0)	../fonts/amplitud.ttf	lower
1266364193630	1	FR_PRES	10	LEAF	808	1	1	1175	(0.57740000000000002, 0.41289999999999999, 1.0)	../fonts/amplitud.ttf	lower
1266364197622	1	FR_PRES	10	PECAN	1036	1	1	1231	(0.57740000000000002, 0.41289999999999999, 1.0)	../fonts/amplitud.ttf	lower
1266364201521	1	FR_PRES	10	SHELF	1280	1	0	677	(0.57740000000000002, 0.41289999999999999, 1.0)	../fonts/amplitud.ttf	lower
1266364205338	1	FR_PRES	10	PUBLICATION	1136	1	0	1332	(0.57740000000000002, 0.41289999999999999, 1.0)	../fonts/amplitud.ttf	lower
1266364211221	1	REC_START
1266364295872	0	REST
1266364297381	1	FR_PRES	11	CHICKEN	297	1	1	1305	(0.57740000000000002, 0.41289999999999999, 1.0)	../fonts/amplitud.ttf	lower
1266364301431	1	FR_PRES	11	WICK	1607	1	0	1215	(0.57740000000000002, 0.41289999999999999, 1.0)	../fonts/amplitud.ttf	lower
1266364305480	1	FR_PRES	11	LAMB	797	1	1	1134	(0.57740000000000002, 0.41289999999999999, 1.0)	../fonts/amplitud.ttf	lower
1266364309455	1	FR_PRES	11	KING	777	1	1	1663	(0.57740000000000002, 0.41289999999999999, 1.0)	../fonts/amplitud.ttf	lower
1266364313538	1	FR_PRES	11	PAGE	1001	1	0	1748	(0.57740000000000002, 0.41289999999999999, 1.0)	../fonts/amplitud.ttf	lower
1266364317680	1	FR_PRES	11	ALMANAC	17	1	0	1654	(0.57740000000000002, 0.41289999999999999, 1.0)	../fonts/amplitud.ttf	lower
1266364321646	1	FR_PRES	11	WASHCLOTH	1591	1	0	1400	(0.57740000000000002, 0.41289999999999999, 1.0)	../fonts/amplitud.ttf	lower
1266364325612	1	FR_PRES	11	PLUMBER	1091	1	1	2081	(0.57740000000000002, 0.41289999999999999, 1.0)	../fonts/amplitud.ttf	lower
1266364329786	1	FR_PRES	11	SKILLET	1317	1	0	987	(0.57740000000000002, 0.41289999999999999, 1.0)	../fonts/amplitud.ttf	lower
1266364333886	1	FR_PRES	11	GOAT	644	1	1	776	(0.57740000000000002, 0.41289999999999999, 1.0)	../fonts/amplitud.ttf	lower
1266364337960	1	FR_PRES	11	SALOON	1228	1	0	1134	(0.57740000000000002, 0.41289999999999999, 1.0)	../fonts/amplitud.ttf	lower
1266364342161	1	FR_PRES	11	FLASK	576	1	0	1853	(0.57740000000000002, 0.41289999999999999, 1.0)	../fonts/amplitud.ttf	lower
1266364346311	1	FR_PRES	11	VAULT	1550	1	1	1686	(0.57740000000000002, 0.41289999999999999, 1.0)	../fonts/amplitud.ttf	lower
1266364350294	1	FR_PRES	11	PRINCE	1124	1	1	1216	(0.57740000000000002, 0.41289999999999999, 1.0)	../fonts/amplitud.ttf	lower
1266364354419	1	FR_PRES	11	SCHOOL	1248	1	0	1490	(0.57740000000000002, 0.41289999999999999, 1.0)	../fonts/amplitud.ttf	lower
1266364358543	1	FR_PRES	11	SPIT	1354	1	0	1783	(0.57740000000000002, 0.41289999999999999, 1.0)	../fonts/amplitud.ttf	lower
1266364364252	1	REC_START
1266364777979	0	REST
1266364779479	1	FR_PRES	12	MANSION	864	1	0	1023	(0.57740000000000002, 0.41289999999999999, 1.0)	../fonts/amplitud.ttf	lower
1266364783446	1	FR_PRES	12	NURSE	963	1	1	1463	(0.57740000000000002, 0.41289999999999999, 1.0)	../fonts/amplitud.ttf	lower
1266364787587	1	FR_PRES	12	PATIENT	1024	1	1	1547	(0.57740000000000002, 0.41289999999999999, 1.0)	../fonts/amplitud.ttf	lower
1266364791670	1	FR_PRES	12	CUBE	420	0	0	2095	(0.42259999999999998, 0.58709999999999996, 0)	../fonts/zerothre.ttf	upper
1266364795852	1	FR_PRES	12	JET	756	0	0	1434	(0.42259999999999998, 0.58709999999999996, 0)	../fonts/zerothre.ttf	upper
1266364799827	1	FR_PRES	12	BOXER	160	0	1	1299	(0.42259999999999998, 0.58709999999999996, 0)	../fonts/zerothre.ttf	upper
1266364804011	1	FR_PRES	12	GREASE	660	0	0	1619	(0.42259999999999998, 0.58709999999999996, 0)	../fonts/zerothre.ttf	upper
1266364807918	1	FR_PRES	12	SAILOR	1223	1	1	1200	(0.57740000000000002, 0.41289999999999999, 1.0)	../fonts/amplitud.ttf	lower
1266364811759	1	FR_PRES	12	BROCCOLI	176	1	1	1134	(0.57740000000000002, 0.41289999999999999, 1.0)	../fonts/amplitud.ttf	lower
1266364815593	1	FR_PRES	12	EMERALD	528	1	0	1013	(0.57740000000000002, 0.41289999999999999, 1.0)	../fonts/amplitud.ttf	lower
1266364819485	1	FR_PRES	12	SAGE	1222	0	1	1448	(0.42259999999999998, 0.58709999999999996, 0)	../fonts/zerothre.ttf	upper
1266364823576	1	FR_PRES	12	TAR	1435	0	0	1742	(0.42259999999999998, 0.58709999999999996, 0)	../fonts/zerothre.ttf	upper
1266364827426	1	FR_PRES	12	HOSTESS	723	0	1	2916	(0.42259999999999998, 0.58709999999999996, 0)	../fonts/zerothre.ttf	upper
1266364831351	1	FR_PRES	12	TOWER	1490	0	0	1983	(0.42259999999999998, 0.58709999999999996, 0)	../fonts/zerothre.ttf	upper
1266364835292	1	FR_PRES	12	ANCHOR	21	1	0	1665	(0.57740000000000002, 0.41289999999999999, 1.0)	../fonts/amplitud.ttf	lower
1266364839358	1	FR_PRES	12	WINDSHIELD	1612	1	0	1088	(0.57740000000000002, 0.41289999999999999, 1.0)	../fonts/amplitud.ttf	lower
1266364845433	1	REC_START
1266364925677	0	REST
1266364927185	1	FR_PRES	13	WARRIOR	1589	0	1	1437	(0.42259999999999998, 0.58709999999999996, 0)	../fonts/zerothre.ttf	upper
1266364931177	1	FR_PRES	13	CONCRETE	361	0	0	1628	(0.42259999999999998, 0.58709999999999996, 0)	../fonts/zerothre.ttf	upper
1266364935351	1	FR_PRES	13	HIGHWAY	707	0	1	1743	(0.42259999999999998, 0.58709999999999996, 0)	../fonts/zerothre.ttf	upper
1266364939168	1	FR_PRES	13	PUCK	1138	1	0	1254	(0.57740000000000002, 0.41289999999999999, 1.0)	../fonts/amplitud.ttf	lower
1266364943367	1	FR_PRES	13	LOOP	844	1	0	1759	(0.57740000000000002, 0.41289999999999999, 1.0)	../fonts/amplitud.ttf	lower
1266364947417	1	FR_PRES	13	OVAL	990	1	0	1564	(0.57740000000000002, 0.41289999999999999, 1.0)	../fonts/amplitud.ttf	lower
1266364951442	1	FR_PRES	13	POTTERY	1116	1	0	1204	(0.57740000000000002, 0.41289999999999999, 1.0)	../fonts/amplitud.ttf	lower
1266364955625	1	FR_PRES	13	FLOWER	584	1	1	733	(0.57740000000000002, 0.41289999999999999, 1.0)	../fonts/amplitud.ttf	lower
1266364959749	1	FR_PRES	13	TOOTH	1481	0	0	1481	(0.42259999999999998, 0.58709999999999996, 0)	../fonts/zerothre.ttf	upper
1266364963624	1	FR_PRES	13	DOVE	491	0	1	2054	(0.42259999999999998, 0.58709999999999996, 0)	../fonts/zerothre.ttf	upper
1266364967781	1	FR_PRES	13	REFEREE	1178	0	1	1793	(0.42259999999999998, 0.58709999999999996, 0)	../fonts/zerothre.ttf	upper
1266364971964	1	FR_PRES	13	COWARD	394	0	1	1817	(0.42259999999999998, 0.58709999999999996, 0)	../fonts/zerothre.ttf	upper
1266364975847	1	FR_PRES	13	PARROT	1015	0	0	1519	(0.42259999999999998, 0.58709999999999996, 0)	../fonts/zerothre.ttf	upper
1266364979739	1	FR_PRES	13	PILL	1068	1	0	1699	(0.57740000000000002, 0.41289999999999999, 1.0)	../fonts/amplitud.ttf	lower
1266364983780	1	FR_PRES	13	STRANGER	1389	1	1	770	(0.57740000000000002, 0.41289999999999999, 1.0)	../fonts/amplitud.ttf	lower
1266364987888	1	FR_PRES	13	ROOMMATE	1207	1	1	1077	(0.57740000000000002, 0.41289999999999999, 1.0)	../fonts/amplitud.ttf	lower
1266364993763	1	REC_START
1266365084399	0	REST
1266365085906	1	FR_PRES	14	NOMAD	955	0	1	1188	(0.42259999999999998, 0.58709999999999996, 0)	../fonts/zerothre.ttf	upper
1266365090073	1	FR_PRES	14	COMET	353	0	1	2189	(0.42259999999999998, 0.58709999999999996, 0)	../fonts/zerothre.ttf	upper
1266365094181	1	FR_PRES	14	FOREST	593	0	1	2441	(0.42259999999999998, 0.58709999999999996, 0)	../fonts/zerothre.ttf	upper
1266365098223	1	FR_PRES	14	CARPENTER	246	1	1	1606	(0.57740000000000002, 0.41289999999999999, 1.0)	../fonts/amplitud.ttf	lower
1266365102098	1	FR_PRES	14	FREEWAY	603	1	0	1396	(0.57740000000000002, 0.41289999999999999, 1.0)	../fonts/amplitud.ttf	lower
1266365106214	1	FR_PRES	14	TANK	1432	0	1	1448	(0.42259999999999998, 0.58709999999999996, 0)	../fonts/zerothre.ttf	upper
1266365110422	1	FR_PRES	14	MOB	904	0	1	1800	(0.42259999999999998, 0.58709999999999996, 0)	../fonts/zerothre.ttf	upper
1266365114547	1	FR_PRES	14	BERRY	122	0	0	1667	(0.42259999999999998, 0.58709999999999996, 0)	../fonts/zerothre.ttf	upper
1266365118663	1	FR_PRES	14	MARS	873	1	0	1479	(0.57740000000000002, 0.41289999999999999, 1.0)	../fonts/amplitud.ttf	lower
1266365122571	1	FR_PRES	14	SQUID	1361	1	1	2130	(0.57740000000000002, 0.41289999999999999, 1.0)	../fonts/amplitud.ttf	lower
1266365126554	1	FR_PRES	14	FAUCET	555	1	0	1916	(0.57740000000000002, 0.41289999999999999, 1.0)	../fonts/amplitud.ttf	lower
1266365130379	1	FR_PRES	14	CAR	241	1	-999	3000	(0.57740000000000002, 0.41289999999999999, 1.0)	../fonts/amplitud.ttf	lower
1266365133404	1	SLOW_MSG
1266365136120	1	FR_PRES	14	FLIPPER	580	1	0	1829	(0.57740000000000002, 0.41289999999999999, 1.0)	../fonts/amplitud.ttf	lower
1266365139960	1	FR_PRES	14	TROUT	1511	1	1	1486	(0.57740000000000002, 0.41289999999999999, 1.0)	../fonts/amplitud.ttf	lower
1266365143927	1	FR_PRES	14	SPIDER	1351	0	0	1910	(0.42259999999999998, 0.58709999999999996, 0)	../fonts/zerothre.ttf	upper
1266365147935	1	FR_PRES	14	BUG	187	0	0	1303	(0.42259999999999998, 0.58709999999999996, 0)	../fonts/zerothre.ttf	upper
1266365153702	1	REC_START
1266365291891	0	REST
1266365293392	1	FR_PRES	15	CONTINENT	367	1	0	1333	(0.57740000000000002, 0.41289999999999999, 1.0)	../fonts/amplitud.ttf	lower
1266365297308	1	FR_PRES	15	PILLOW	1069	1	0	1561	(0.57740000000000002, 0.41289999999999999, 1.0)	../fonts/amplitud.ttf	lower
1266365301175	1	FR_PRES	15	QUILT	1151	1	0	1511	(0.57740000000000002, 0.41289999999999999, 1.0)	../fonts/amplitud.ttf	lower
1266365305108	1	FR_PRES	15	CELLAR	267	1	0	1242	(0.57740000000000002, 0.41289999999999999, 1.0)	../fonts/amplitud.ttf	lower
1266365308998	1	FR_PRES	15	HELMET	702	1	0	1272	(0.57740000000000002, 0.41289999999999999, 1.0)	../fonts/amplitud.ttf	lower
1266365313174	1	FR_PRES	15	ENEMY	534	1	1	1912	(0.57740000000000002, 0.41289999999999999, 1.0)	../fonts/amplitud.ttf	lower
1266365317124	1	FR_PRES	15	CRITIC	410	0	1	1705	(0.42259999999999998, 0.58709999999999996, 0)	../fonts/zerothre.ttf	upper
1266365320997	1	FR_PRES	15	KEEPER	769	0	0	2129	(0.42259999999999998, 0.58709999999999996, 0)	../fonts/zerothre.ttf	upper
1266365324955	1	FR_PRES	15	ASSOCIATE	49	0	1	1723	(0.42259999999999998, 0.58709999999999996, 0)	../fonts/zerothre.ttf	upper
1266365329139	1	FR_PRES	15	NECKLACE	940	0	0	1379	(0.42259999999999998, 0.58709999999999996, 0)	../fonts/zerothre.ttf	upper
1266365333281	1	FR_PRES	15	THIMBLE	1458	1	0	1412	(0.57740000000000002, 0.41289999999999999, 1.0)	../fonts/amplitud.ttf	lower
1266365337105	1	FR_PRES	15	SYRINGE	1424	1	0	1229	(0.57740000000000002, 0.41289999999999999, 1.0)	../fonts/amplitud.ttf	lower
1266365341180	1	FR_PRES	15	PARENT	1013	0	1	1577	(0.42259999999999998, 0.58709999999999996, 0)	../fonts/zerothre.ttf	upper
1266365345222	1	FR_PRES	15	LONDON	843	0	1	1519	(0.42259999999999998, 0.58709999999999996, 0)	../fonts/zerothre.ttf	upper
1266365349188	1	FR_PRES	15	STEW	1380	0	0	1370	(0.42259999999999998, 0.58709999999999996, 0)	../fonts/zerothre.ttf	upper
1266365353213	1	FR_PRES	15	BANQUET	86	0	1	1488	(0.42259999999999998, 0.58709999999999996, 0)	../fonts/zerothre.ttf	upper
1266365359146	1	REC_START
1266365456664	0	FFR_START
1266365462355	1	REC_START
1266365908048	0	RECOG_START
1266365908048	1	REC_START
1266365908081	0	RECOG_PRES	0	MERMAID	887	-999	P	1900
1266365910347	0	RECOG_CR_PRES	0	MERMAID	887	-999	P	1315
1266365912022	1	RECOG_FEEDBACK	0
1266365912771	0	RECOG_PRES	0	FENCE	560	-999	P	3323
1266365916463	0	RECOG_CR_PRES	0	FENCE	560	-999	P	2183
1266365919071	1	RECOG_FEEDBACK	1
1266365919829	0	RECOG_PRES	0	SHED	1277	-999	P	1553
1266365921754	0	RECOG_CR_PRES	0	SHED	1277	-999	P	1380
1266365923496	1	RECOG_FEEDBACK	1
1266365924263	0	RECOG_PRES	0	GRATE	657	-999	P	1582
1266365926213	0	RECOG_CR_PRES	0	GRATE	657	-999	P	1009
1266365927588	1	RECOG_FEEDBACK	0
1266365928362	0	RECOG_PRES	0	CONTINENT	367	-999	P	1555
1266365930279	0	RECOG_CR_PRES	0	CONTINENT	367	-999	P	943
1266365931571	1	RECOG_FEEDBACK	1
1266365932379	0	RECOG_PRES	0	BUCKLE	185	-999	P	1715
1266365934470	0	RECOG_CR_PRES	0	BUCKLE	185	-999	P	1120
1266365935944	1	RECOG_FEEDBACK	1
1266365936662	0	RECOG_PRES	0	PUMPKIN	1142	-999	P	1784
1266365938819	0	RECOG_CR_PRES	0	PUMPKIN	1142	-999	P	938
1266365940095	1	RECOG_FEEDBACK	1
1266365940877	0	RECOG_PRES	0	PONY	1102	-999	P	1952
1266365943195	0	RECOG_CR_PRES	0	PONY	1102	-999	P	939
1266365944495	1	RECOG_FEEDBACK	0
1266365945286	0	RECOG_PRES	0	PILLOW	1069	-999	P	1024
1266365946686	0	RECOG_CR_PRES	0	PILLOW	1069	-999	P	1552
1266365948519	1	RECOG_FEEDBACK	1
1266365949269	0	RECOG_PRES	0	MAID	856	-999	P	1528
1266365951161	0	RECOG_CR_PRES	0	MAID	856	-999	P	861
1266365952369	1	RECOG_FEEDBACK	1
1266365953161	0	RECOG_PRES	0	HONEY	713	-999	P	2077
1266365955610	0	RECOG_CR_PRES	0	HONEY	713	-999	P	916
1266365956909	1	RECOG_FEEDBACK	1
1266365957669	0	RECOG_PRES	0	UTENSIL	1542	-999	P	1256
1266365959294	0	RECOG_CR_PRES	0	UTENSIL	1542	-999	P	776
1266365960394	1	RECOG_FEEDBACK	1
1266365961118	0	RECOG_PRES	0	MAGICIAN	854	-999	P	1839
1266365963327	0	RECOG_CR_PRES	0	MAGICIAN	854	-999	P	719
1266365964435	1	RECOG_FEEDBACK	0
1266365965168	0	RECOG_PRES	0	HOSE	720	-999	P	1950
1266365967493	0	RECOG_CR_PRES	0	HOSE	720	-999	P	817
1266365968660	1	RECOG_FEEDBACK	1
1266365969385	0	RECOG_PRES	0	ALMANAC	17	-999	P	1308
1266365971059	0	RECOG_CR_PRES	0	ALMANAC	17	-999	P	866
1266365972268	1	RECOG_FEEDBACK	1
1266365973034	0	RECOG_PRES	0	OVAL	990	-999	P	1284
1266365974691	0	RECOG_CR_PRES	0	OVAL	990	-999	P	979
1266365976017	1	RECOG_FEEDBACK	1
1266365976758	0	RECOG_PRES	0	SURF	1412	-999	P	1440
1266365978567	0	RECOG_CR_PRES	0	SURF	1412	-999	P	959
1266365979874	1	RECOG_FEEDBACK	1
1266365980634	0	RECOG_PRES	0	TROUT	1511	-999	P	1259
1266365982259	0	RECOG_CR_PRES	0	TROUT	1511	-999	P	1091
1266365983675	1	RECOG_FEEDBACK	1
1266365984442	0	RECOG_PRES	0	CRITIC	410	-999	P	1371
1266365986175	0	RECOG_CR_PRES	0	CRITIC	410	-999	P	790
1266365987325	1	RECOG_FEEDBACK	1
1266365988066	0	RECOG_PRES	0	KITE	779	-999	P	1228
1266365989666	0	RECOG_CR_PRES	0	KITE	779	-999	P	876
1266365990874	1	RECOG_FEEDBACK	1
1266366017955	0	REST
1266366019126	1	REC_START
1266366019164	0	RECOG_PRES	1	CARPENTER	246	-999	P	1322
1266366020855	0	RECOG_CR_PRES	1	CARPENTER	246	-999	P	719
1266366021905	1	RECOG_FEEDBACK	1
1266366022681	0	RECOG_PRES	1	CONTRACT	368	-999	P	1517
1266366024572	0	RECOG_CR_PRES	1	CONTRACT	368	-999	P	730
1266366025639	1	RECOG_FEEDBACK	1
1266366026372	0	RECOG_PRES	1	SALESMAN	1225	-999	P	954
1266366027696	0	RECOG_CR_PRES	1	SALESMAN	1225	-999	P	630
1266366028630	1	RECOG_FEEDBACK	1
1266366029355	0	RECOG_PRES	1	PAWN	1030	-999	P	1147
1266366030871	0	RECOG_CR_PRES	1	PAWN	1030	-999	P	838
1266366032022	1	RECOG_FEEDBACK	1
1266366032746	0	RECOG_PRES	1	TURNIP	1521	-999	P	1147
1266366034255	0	RECOG_CR_PRES	1	TURNIP	1521	-999	P	1303
1266366035870	1	RECOG_FEEDBACK	1
1266366036630	0	RECOG_PRES	1	DAD	433	-999	P	1359
1266366038363	0	RECOG_CR_PRES	1	DAD	433	-999	P	923
1266366039621	1	RECOG_FEEDBACK	1
1266366040379	0	RECOG_PRES	1	CONVICT	371	-999	P	1307
1266366042054	0	RECOG_CR_PRES	1	CONVICT	371	-999	P	943
1266366043346	1	RECOG_FEEDBACK	0
1266366044121	0	RECOG_PRES	1	TAR	1435	-999	P	1205
1266366045695	0	RECOG_CR_PRES	1	TAR	1435	-999	P	743
1266366046778	1	RECOG_FEEDBACK	1
1266366047579	0	RECOG_PRES	1	GRASS	655	-999	P	923
1266366048878	0	RECOG_CR_PRES	1	GRASS	655	-999	P	1144
1266366050354	1	RECOG_FEEDBACK	1
1266366051112	0	RECOG_PRES	1	CROCODILE	411	-999	P	926
1266366052403	0	RECOG_CR_PRES	1	CROCODILE	411	-999	P	1019
1266366053744	1	RECOG_FEEDBACK	0
1266366054512	0	RECOG_PRES	1	MARROW	872	-999	P	910
1266366055794	0	RECOG_CR_PRES	1	MARROW	872	-999	P	947
1266366057036	1	RECOG_FEEDBACK	1
1266366057769	0	RECOG_PRES	1	TUNNEL	1519	-999	P	1124
1266366059261	0	RECOG_CR_PRES	1	TUNNEL	1519	-999	P	873
1266366060461	1	RECOG_FEEDBACK	1
1266366061203	0	RECOG_PRES	1	FREEWAY	603	-999	P	987
1266366062561	0	RECOG_CR_PRES	1	FREEWAY	603	-999	P	1053
1266366063927	1	RECOG_FEEDBACK	1
1266366064727	0	RECOG_PRES	1	JAM	748	-999	P	1070
1266366066161	0	RECOG_CR_PRES	1	JAM	748	-999	P	828
1266366067311	1	RECOG_FEEDBACK	0
1266366068119	0	RECOG_PRES	1	WAGON	1578	-999	P	1279
1266366069768	0	RECOG_CR_PRES	1	WAGON	1578	-999	P	941
1266366071052	1	RECOG_FEEDBACK	1
1266366071851	0	RECOG_PRES	1	SAGE	1222	-999	P	1243
1266366073469	0	RECOG_CR_PRES	1	SAGE	1222	-999	P	913
1266366074734	1	RECOG_FEEDBACK	1
1266366075494	0	RECOG_PRES	1	BERRY	122	-999	P	1255
1266366077118	0	RECOG_CR_PRES	1	BERRY	122	-999	P	719
1266366078210	1	RECOG_FEEDBACK	1
1266366078984	0	RECOG_PRES	1	CUBE	420	-999	P	1230
1266366080576	0	RECOG_CR_PRES	1	CUBE	420	-999	P	934
1266366081842	1	RECOG_FEEDBACK	1
1266366082560	0	RECOG_PRES	1	CANOE	233	-999	P	1022
1266366083950	0	RECOG_CR_PRES	1	CANOE	233	-999	P	799
1266366085084	1	RECOG_FEEDBACK	1
1266366085850	0	RECOG_PRES	1	CONCRETE	361	-999	P	1011
1266366087226	0	RECOG_CR_PRES	1	CONCRETE	361	-999	P	956
1266366088509	1	RECOG_FEEDBACK	1
1266366096475	0	REST
1266366097559	1	REC_START
1266366097592	0	RECOG_PRES	2	HELMET	702	-999	P	1133
1266366099092	0	RECOG_CR_PRES	2	HELMET	702	-999	P	1402
1266366100832	1	RECOG_FEEDBACK	1
1266366101608	0	RECOG_PRES	2	GEM	629	-999	P	1093
1266366103066	0	RECOG_CR_PRES	2	GEM	629	-999	P	787
1266366104200	1	RECOG_FEEDBACK	1
1266366104915	0	RECOG_PRES	2	DECK	443	-999	P	1091
1266366106383	0	RECOG_CR_PRES	2	DECK	443	-999	P	839
1266366107549	1	RECOG_FEEDBACK	1
1266366108283	0	RECOG_PRES	2	PICK	1058	-999	P	1051
1266366109707	0	RECOG_CR_PRES	2	PICK	1058	-999	P	715
1266366110757	1	RECOG_FEEDBACK	1
1266366111558	0	RECOG_PRES	2	CELLAR	267	-999	P	976
1266366112906	0	RECOG_CR_PRES	2	CELLAR	267	-999	P	772
1266366114007	1	RECOG_FEEDBACK	1
1266366114773	0	RECOG_PRES	2	SQUIRREL	1362	-999	P	1080
1266366116216	0	RECOG_CR_PRES	2	SQUIRREL	1362	-999	P	838
1266366117407	1	RECOG_FEEDBACK	1
1266366118215	0	RECOG_PRES	2	AIRPORT	13	-999	P	1079
1266366119665	0	RECOG_CR_PRES	2	AIRPORT	13	-999	P	685
1266366120706	1	RECOG_FEEDBACK	1
1266366121423	0	RECOG_PRES	2	BUTTON	207	-999	P	847
1266366122640	0	RECOG_CR_PRES	2	BUTTON	207	-999	P	902
1266366123847	1	RECOG_FEEDBACK	1
1266366124640	0	RECOG_PRES	2	SYRINGE	1424	-999	P	910
1266366125922	0	RECOG_CR_PRES	2	SYRINGE	1424	-999	P	899
1266366127140	1	RECOG_FEEDBACK	1
1266366127880	0	RECOG_PRES	2	RECORD	1176	-999	P	1013
1266366129256	0	RECOG_CR_PRES	2	RECORD	1176	-999	P	766
1266366130356	1	RECOG_FEEDBACK	1
1266366131073	0	RECOG_PRES	2	CLOUD	328	-999	P	890
1266366132364	0	RECOG_CR_PRES	2	CLOUD	328	-999	P	794
1266366133481	1	RECOG_FEEDBACK	1
1266366134223	0	RECOG_PRES	2	FACTORY	548	-999	P	1167
1266366135763	0	RECOG_CR_PRES	2	FACTORY	548	-999	P	819
1266366136921	1	RECOG_FEEDBACK	0
1266366137631	0	RECOG_PRES	2	CHIEF	298	-999	P	1110
1266366139106	0	RECOG_CR_PRES	2	CHIEF	298	-999	P	1004
1266366140439	1	RECOG_FEEDBACK	1
1266366141197	0	RECOG_PRES	2	WITNESS	1618	-999	P	1825
1266366143397	0	RECOG_CR_PRES	2	WITNESS	1618	-999	P	1416
1266366145213	1	RECOG_FEEDBACK	1
1266366146022	0	RECOG_PRES	2	PUDDING	1139	-999	P	1216
1266366147613	0	RECOG_CR_PRES	2	PUDDING	1139	-999	P	913
1266366148845	1	RECOG_FEEDBACK	1
1266366149596	0	RECOG_PRES	2	SAXOPHONE	1240	-999	P	1209
1266366151171	0	RECOG_CR_PRES	2	SAXOPHONE	1240	-999	P	859
1266366152388	1	RECOG_FEEDBACK	1
1266366153121	0	RECOG_PRES	2	CABINET	212	-999	P	1229
1266366154720	0	RECOG_CR_PRES	2	CABINET	212	-999	P	822
1266366155878	1	RECOG_FEEDBACK	1
1266366156629	0	RECOG_PRES	2	DONOR	485	-999	P	1144
1266366158137	0	RECOG_CR_PRES	2	DONOR	485	-999	P	836
1266366159304	1	RECOG_FEEDBACK	1
1266366160037	0	RECOG_PRES	2	PAGE	1001	-999	P	1521
1266366161928	0	RECOG_CR_PRES	2	PAGE	1001	-999	P	742
1266366163037	1	RECOG_FEEDBACK	0
1266366163753	0	RECOG_PRES	2	SUBMARINE	1398	-999	P	1285
1266366165412	0	RECOG_CR_PRES	2	SUBMARINE	1398	-999	P	690
1266366166454	1	RECOG_FEEDBACK	1
1266366169145	0	REST
1266366170101	1	REC_START
1266366170137	0	RECOG_PRES	3	WRITER	1627	-999	P	1197
1266366171702	0	RECOG_CR_PRES	3	WRITER	1627	-999	P	752
1266366172785	1	RECOG_FEEDBACK	1
1266366173561	0	RECOG_PRES	3	CHICKEN	297	-999	P	973
1266366174902	0	RECOG_CR_PRES	3	CHICKEN	297	-999	P	744
1266366175960	1	RECOG_FEEDBACK	1
1266366176752	0	RECOG_PRES	3	MAN	862	-999	P	1422
1266366178544	0	RECOG_CR_PRES	3	MAN	862	-999	P	798
1266366179678	1	RECOG_FEEDBACK	0
1266366180411	0	RECOG_PRES	3	ELEPHANT	523	-999	P	2131
1266366182918	0	RECOG_CR_PRES	3	ELEPHANT	523	-999	P	855
1266366184152	1	RECOG_FEEDBACK	1
1266366184960	0	RECOG_PRES	3	NICOTINE	951	-999	P	1230
1266366186560	0	RECOG_CR_PRES	3	NICOTINE	951	-999	P	550
1266366187452	1	RECOG_FEEDBACK	1
1266366188260	0	RECOG_PRES	3	LAMB	797	-999	P	1066
1266366189701	0	RECOG_CR_PRES	3	LAMB	797	-999	P	745
1266366190776	1	RECOG_FEEDBACK	1
1266366191527	0	RECOG_PRES	3	BLOCKADE	137	-999	P	1111
1266366193010	0	RECOG_CR_PRES	3	BLOCKADE	137	-999	P	875
1266366194210	1	RECOG_FEEDBACK	1
1266366194975	0	RECOG_PRES	3	WINDSHIELD	1612	-999	P	1263
1266366196610	0	RECOG_CR_PRES	3	WINDSHIELD	1612	-999	P	641
1266366197626	1	RECOG_FEEDBACK	0
1266366198410	0	RECOG_PRES	3	DORM	488	-999	P	1116
1266366199900	0	RECOG_CR_PRES	3	DORM	488	-999	P	801
1266366201026	1	RECOG_FEEDBACK	1
1266366201792	0	RECOG_PRES	3	RANCH	1166	-999	P	1021
1266366203176	0	RECOG_CR_PRES	3	RANCH	1166	-999	P	902
1266366204392	1	RECOG_FEEDBACK	1
1266366205117	0	RECOG_PRES	3	CANDLE	229	-999	P	1704
1266366207184	0	RECOG_CR_PRES	3	CANDLE	229	-999	P	773
1266366208317	1	RECOG_FEEDBACK	1
1266366209034	0	RECOG_PRES	3	RUBY	1214	-999	P	1188
1266366210592	0	RECOG_CR_PRES	3	RUBY	1214	-999	P	558
1266366211492	1	RECOG_FEEDBACK	1
1266366212209	0	RECOG_PRES	3	ROOMMATE	1207	-999	P	2165
1266366214749	0	RECOG_CR_PRES	3	ROOMMATE	1207	-999	P	609
1266366215724	1	RECOG_FEEDBACK	1
1266366216467	0	RECOG_PRES	3	WELL	1600	-999	P	1115
1266366217957	0	RECOG_CR_PRES	3	WELL	1600	-999	P	896
1266366219183	1	RECOG_FEEDBACK	1
1266366219924	0	RECOG_PRES	3	REFRIGERATOR	1179	-999	P	1114
1266366221408	0	RECOG_CR_PRES	3	REFRIGERATOR	1179	-999	P	758
1266366222483	1	RECOG_FEEDBACK	1
1266366223233	0	RECOG_PRES	3	TRAY	1498	-999	P	1077
1266366224683	0	RECOG_CR_PRES	3	TRAY	1498	-999	P	819
1266366225832	1	RECOG_FEEDBACK	1
1266366226541	0	RECOG_PRES	3	BANQUET	86	-999	P	937
1266366227848	0	RECOG_CR_PRES	3	BANQUET	86	-999	P	814
1266366228973	1	RECOG_FEEDBACK	1
1266366229682	0	RECOG_PRES	3	CABIN	211	-999	P	924
1266366230981	0	RECOG_CR_PRES	3	CABIN	211	-999	P	840
1266366232132	1	RECOG_FEEDBACK	1
1266366232848	0	RECOG_PRES	3	TUSK	1523	-999	P	1005
1266366234215	0	RECOG_CR_PRES	3	TUSK	1523	-999	P	774
1266366235307	1	RECOG_FEEDBACK	1
1266366236023	0	RECOG_PRES	3	PENGUIN	1044	-999	P	1375
1266366237772	0	RECOG_CR_PRES	3	PENGUIN	1044	-999	P	778
1266366238897	1	RECOG_FEEDBACK	1
1266366241856	0	REST
1266366242687	1	REC_START
1266366242722	0	RECOG_PRES	4	MOB	904	-999	P	1051
1266366244140	0	RECOG_CR_PRES	4	MOB	904	-999	P	745
1266366245206	1	RECOG_FEEDBACK	1
1266366245955	0	RECOG_PRES	4	DANDELION	438	-999	P	1307
1266366247631	0	RECOG_CR_PRES	4	DANDELION	438	-999	P	775
1266366248755	1	RECOG_FEEDBACK	0
1266366249472	0	RECOG_PRES	4	BROCCOLI	176	-999	P	1237
1266366251072	0	RECOG_CR_PRES	4	BROCCOLI	176	-999	P	845
1266366252247	1	RECOG_FEEDBACK	1
1266366252980	0	RECOG_PRES	4	TREAT	1501	-999	P	1346
1266366254696	0	RECOG_CR_PRES	4	TREAT	1501	-999	P	1221
1266366256255	1	RECOG_FEEDBACK	1
1266366257064	0	RECOG_PRES	4	DILL	465	-999	P	869
1266366258297	0	RECOG_CR_PRES	4	DILL	465	-999	P	813
1266366259405	1	RECOG_FEEDBACK	1
1266366260205	0	RECOG_PRES	4	MONARCH	906	-999	P	993
1266366261572	0	RECOG_CR_PRES	4	MONARCH	906	-999	P	690
1266366262588	1	RECOG_FEEDBACK	1
1266366263380	0	RECOG_PRES	4	LEAF	808	-999	P	1002
1266366264754	0	RECOG_CR_PRES	4	LEAF	808	-999	P	756
1266366265829	1	RECOG_FEEDBACK	1
1266366266630	0	RECOG_PRES	4	TRANSPLANT	1496	-999	P	1367
1266366268371	0	RECOG_CR_PRES	4	TRANSPLANT	1496	-999	P	787
1266366269488	1	RECOG_FEEDBACK	1
1266366270271	0	RECOG_PRES	4	PIANO	1057	-999	P	1191
1266366271837	0	RECOG_CR_PRES	4	PIANO	1057	-999	P	577
1266366272753	1	RECOG_FEEDBACK	1
1266366273546	0	RECOG_PRES	4	CANNON	232	-999	P	948
1266366274870	0	RECOG_CR_PRES	4	CANNON	232	-999	P	752
1266366275928	1	RECOG_FEEDBACK	1
1266366276728	0	RECOG_PRES	4	LOOP	844	-999	P	989
1266366278079	0	RECOG_CR_PRES	4	LOOP	844	-999	P	822
1266366279229	1	RECOG_FEEDBACK	1
1266366279961	0	RECOG_PRES	4	PRAIRIE	1118	-999	P	1261
1266366281595	0	RECOG_CR_PRES	4	PRAIRIE	1118	-999	P	899
1266366282827	1	RECOG_FEEDBACK	1
1266366283537	0	RECOG_PRES	4	FOREHEAD	592	-999	P	1069
1266366284977	0	RECOG_CR_PRES	4	FOREHEAD	592	-999	P	836
1266366286137	1	RECOG_FEEDBACK	1
1266366286902	0	RECOG_PRES	4	GARAGE	621	-999	P	951
1266366288220	0	RECOG_CR_PRES	4	GARAGE	621	-999	P	794
1266366289328	1	RECOG_FEEDBACK	1
1266366290053	0	RECOG_PRES	4	NOMAD	955	-999	P	912
1266366291328	0	RECOG_CR_PRES	4	NOMAD	955	-999	P	878
1266366292528	1	RECOG_FEEDBACK	1
1266366293253	0	RECOG_PRES	4	PRINCESS	1125	-999	P	937
1266366294561	0	RECOG_CR_PRES	4	PRINCESS	1125	-999	P	749
1266366295628	1	RECOG_FEEDBACK	1
1266366296402	0	RECOG_PRES	4	PLUM	1090	-999	P	884
1266366297661	0	RECOG_CR_PRES	4	PLUM	1090	-999	P	769
1266366298726	1	RECOG_FEEDBACK	1
1266366299502	0	RECOG_PRES	4	WICK	1607	-999	P	928
1266366300801	0	RECOG_CR_PRES	4	WICK	1607	-999	P	733
1266366301843	1	RECOG_FEEDBACK	1
1266366302594	0	RECOG_PRES	4	TWIN	1528	-999	P	940
1266366303909	0	RECOG_CR_PRES	4	TWIN	1528	-999	P	808
1266366305027	1	RECOG_FEEDBACK	1
1266366305767	0	RECOG_PRES	4	CHEMIST	292	-999	P	1046
1266366307177	0	RECOG_CR_PRES	4	CHEMIST	292	-999	P	973
1266366308468	1	RECOG_FEEDBACK	1
1266366311460	0	REST
1266366312492	1	REC_START
1266366312526	0	RECOG_PRES	5	CANARY	227	-999	P	1136
1266366314035	0	RECOG_CR_PRES	5	CANARY	227	-999	P	571
1266366314925	1	RECOG_FEEDBACK	1
1266366315659	0	RECOG_PRES	5	SAILOR	1223	-999	P	986
1266366317026	0	RECOG_CR_PRES	5	SAILOR	1223	-999	P	771
1266366318109	1	RECOG_FEEDBACK	1
1266366318825	0	RECOG_PRES	5	TOASTER	1472	-999	P	813
1266366320009	0	RECOG_CR_PRES	5	TOASTER	1472	-999	P	812
1266366321109	1	RECOG_FEEDBACK	1
1266366321866	0	RECOG_PRES	5	CREEK	404	-999	P	850
1266366323109	0	RECOG_CR_PRES	5	CREEK	404	-999	P	720
1266366324134	1	RECOG_FEEDBACK	1
1266366324858	0	RECOG_PRES	5	SAUSAGE	1238	-999	P	812
1266366326042	0	RECOG_CR_PRES	5	SAUSAGE	1238	-999	P	641
1266366327025	1	RECOG_FEEDBACK	1
1266366327808	0	RECOG_PRES	5	BRAIN	165	-999	P	2214
1266366330392	0	RECOG_CR_PRES	5	BRAIN	165	-999	P	678
1266366331650	1	RECOG_FEEDBACK	1
1266366332416	0	RECOG_PRES	5	ACTRESS	6	-999	P	1429
1266366334208	0	RECOG_CR_PRES	5	ACTRESS	6	-999	P	648
1266366335225	1	RECOG_FEEDBACK	1
1266366336033	0	RECOG_PRES	5	PLAYGROUND	1087	-999	P	932
1266366337333	0	RECOG_CR_PRES	5	PLAYGROUND	1087	-999	P	648
1266366338324	1	RECOG_FEEDBACK	1
1266366339091	0	RECOG_PRES	5	RACK	1154	-999	P	995
1266366340458	0	RECOG_CR_PRES	5	RACK	1154	-999	P	636
1266366341399	1	RECOG_FEEDBACK	1
1266366342133	0	RECOG_PRES	5	BANKER	84	-999	P	1073
1266366343582	0	RECOG_CR_PRES	5	BANKER	84	-999	P	768
1266366344674	1	RECOG_FEEDBACK	1
1266366345474	0	RECOG_PRES	5	SOFA	1342	-999	P	996
1266366346839	0	RECOG_CR_PRES	5	SOFA	1342	-999	P	775
1266366347939	1	RECOG_FEEDBACK	1
1266366348689	0	RECOG_PRES	5	CARNIVAL	245	-999	P	851
1266366349939	0	RECOG_CR_PRES	5	CARNIVAL	245	-999	P	778
1266366351032	1	RECOG_FEEDBACK	1
1266366351756	0	RECOG_PRES	5	ATLAS	53	-999	P	866
1266366352997	0	RECOG_CR_PRES	5	ATLAS	53	-999	P	800
1266366354107	1	RECOG_FEEDBACK	1
1266366354872	0	RECOG_PRES	5	HEATER	698	-999	P	1286
1266366356531	0	RECOG_CR_PRES	5	HEATER	698	-999	P	771
1266366357640	1	RECOG_FEEDBACK	1
1266366358440	0	RECOG_PRES	5	PAINTING	1005	-999	P	1182
1266366359997	0	RECOG_CR_PRES	5	PAINTING	1005	-999	P	752
1266366361081	1	RECOG_FEEDBACK	1
1266366361855	0	RECOG_PRES	5	BLACKBERRY	132	-999	P	1327
1266366363556	0	RECOG_CR_PRES	5	BLACKBERRY	132	-999	P	706
1266366364614	1	RECOG_FEEDBACK	1
1266366365381	0	RECOG_PRES	5	COIN	343	-999	P	929
1266366366681	0	RECOG_CR_PRES	5	COIN	343	-999	P	837
1266366367821	1	RECOG_FEEDBACK	1
1266366368614	0	RECOG_PRES	5	JELLY	755	-999	P	1079
1266366370055	0	RECOG_CR_PRES	5	JELLY	755	-999	P	766
1266366371180	1	RECOG_FEEDBACK	0
1266366371963	0	RECOG_PRES	5	PAW	1029	-999	P	1195
1266366373530	0	RECOG_CR_PRES	5	PAW	1029	-999	P	788
1266366374647	1	RECOG_FEEDBACK	1
1266366375372	0	RECOG_PRES	5	PATIENT	1024	-999	P	882
1266366376663	0	RECOG_CR_PRES	5	PATIENT	1024	-999	P	735
1266366377721	1	RECOG_FEEDBACK	1
1266366380371	0	REST
1266366381462	1	REC_START
1266366381496	0	RECOG_PRES	6	ASSOCIATE	49	-999	P	1142
1266366383004	0	RECOG_CR_PRES	6	ASSOCIATE	49	-999	P	610
1266366383953	1	RECOG_FEEDBACK	1
1266366384745	0	RECOG_PRES	6	PILL	1068	-999	P	972
1266366386079	0	RECOG_CR_PRES	6	PILL	1068	-999	P	726
1266366387138	1	RECOG_FEEDBACK	1
1266366387928	0	RECOG_PRES	6	MARS	873	-999	P	877
1266366389171	0	RECOG_CR_PRES	6	MARS	873	-999	P	738
1266366390229	1	RECOG_FEEDBACK	1
1266366390961	0	RECOG_PRES	6	AGENT	10	-999	P	1069
1266366392395	0	RECOG_CR_PRES	6	AGENT	10	-999	P	819
1266366393562	1	RECOG_FEEDBACK	1
1266366394379	0	RECOG_PRES	6	BELLY	119	-999	P	1163
1266366395911	0	RECOG_CR_PRES	6	BELLY	119	-999	P	743
1266366396994	1	RECOG_FEEDBACK	1
1266366397719	0	RECOG_PRES	6	POND	1101	-999	P	974
1266366399062	0	RECOG_CR_PRES	6	POND	1101	-999	P	679
1266366400070	1	RECOG_FEEDBACK	1
1266366400819	0	RECOG_PRES	6	CLOTHES	327	-999	P	1042
1266366402228	0	RECOG_CR_PRES	6	CLOTHES	327	-999	P	866
1266366403428	1	RECOG_FEEDBACK	1
1266366404236	0	RECOG_PRES	6	SERPENT	1270	-999	P	986
1266366405594	0	RECOG_CR_PRES	6	SERPENT	1270	-999	P	724
1266366406653	1	RECOG_FEEDBACK	1
1266366407428	0	RECOG_PRES	6	ENEMY	534	-999	P	874
1266366408678	0	RECOG_CR_PRES	6	ENEMY	534	-999	P	960
1266366409952	1	RECOG_FEEDBACK	1
1266366410652	0	RECOG_PRES	6	VIOLA	1570	-999	P	1002
1266366412027	0	RECOG_CR_PRES	6	VIOLA	1570	-999	P	778
1266366413152	1	RECOG_FEEDBACK	1
1266366413893	0	RECOG_PRES	6	TREE	1502	-999	P	1289
1266366415552	0	RECOG_CR_PRES	6	TREE	1502	-999	P	910
1266366416801	1	RECOG_FEEDBACK	1
1266366417510	0	RECOG_PRES	6	SCREEN	1253	-999	P	1183
1266366419060	0	RECOG_CR_PRES	6	SCREEN	1253	-999	P	921
1266366420302	1	RECOG_FEEDBACK	1
1266366421060	0	RECOG_PRES	6	BACK	65	-999	P	2594
1266366424027	0	RECOG_CR_PRES	6	BACK	65	-999	P	1003
1266366425435	1	RECOG_FEEDBACK	1
1266366426193	0	RECOG_PRES	6	FLIPPER	580	-999	P	981
1266366427543	0	RECOG_CR_PRES	6	FLIPPER	580	-999	P	1246
1266366429101	1	RECOG_FEEDBACK	1
1266366429842	0	RECOG_PRES	6	HIKER	708	-999	P	1220
1266366431434	0	RECOG_CR_PRES	6	HIKER	708	-999	P	860
1266366432634	1	RECOG_FEEDBACK	1
1266366433392	0	RECOG_PRES	6	RACCOON	1153	-999	P	926
1266366434691	0	RECOG_CR_PRES	6	RACCOON	1153	-999	P	819
1266366435816	1	RECOG_FEEDBACK	1
1266366436609	0	RECOG_PRES	6	MONASTERY	907	-999	P	1348
1266366438334	0	RECOG_CR_PRES	6	MONASTERY	907	-999	P	880
1266366439542	1	RECOG_FEEDBACK	1
1266366440259	0	RECOG_PRES	6	BEAN	105	-999	P	956
1266366441584	0	RECOG_CR_PRES	6	BEAN	105	-999	P	894
1266366442791	1	RECOG_FEEDBACK	1
1266366443525	0	RECOG_PRES	6	MANSION	864	-999	P	865
1266366444766	0	RECOG_CR_PRES	6	MANSION	864	-999	P	672
1266366445741	1	RECOG_FEEDBACK	1
1266366446508	0	RECOG_PRES	6	NICKEL	950	-999	P	738
1266366447616	0	RECOG_CR_PRES	6	NICKEL	950	-999	P	950
1266366448865	1	RECOG_FEEDBACK	1
1266366452108	0	REST
1266366453152	1	REC_START
1266366453183	0	RECOG_PRES	7	CAFE	216	-999	P	1319
1266366454873	0	RECOG_CR_PRES	7	CAFE	216	-999	P	773
1266366455982	1	RECOG_FEEDBACK	0
1266366456698	0	RECOG_PRES	7	BUG	187	-999	P	932
1266366457998	0	RECOG_CR_PRES	7	BUG	187	-999	P	799
1266366459099	1	RECOG_FEEDBACK	1
1266366459831	0	RECOG_PRES	7	ROBE	1198	-999	P	1134
1266366461332	0	RECOG_CR_PRES	7	ROBE	1198	-999	P	690
1266366462357	1	RECOG_FEEDBACK	1
1266366463124	0	RECOG_PRES	7	PICNIC	1060	-999	P	1170
1266366464665	0	RECOG_CR_PRES	7	PICNIC	1060	-999	P	965
1266366465964	1	RECOG_FEEDBACK	1
1266366466747	0	RECOG_PRES	7	TRIBE	1505	-999	P	931
1266366468040	0	RECOG_CR_PRES	7	TRIBE	1505	-999	P	725
1266366469090	1	RECOG_FEEDBACK	1
1266366469906	0	RECOG_PRES	7	HANDBAG	684	-999	P	1276
1266366471556	0	RECOG_CR_PRES	7	HANDBAG	684	-999	P	1090
1266366472989	1	RECOG_FEEDBACK	1
1266366473755	0	RECOG_PRES	7	SUITE	1404	-999	P	1619
1266366475747	0	RECOG_CR_PRES	7	SUITE	1404	-999	P	603
1266366476730	1	RECOG_FEEDBACK	1
1266366477523	0	RECOG_PRES	7	ANTELOPE	27	-999	P	3659
1266366481556	0	RECOG_CR_PRES	7	ANTELOPE	27	-999	P	738
1266366483056	1	RECOG_FEEDBACK	1
1266366483771	0	RECOG_PRES	7	DAGGER	434	-999	P	1202
1266366485339	0	RECOG_CR_PRES	7	DAGGER	434	-999	P	618
1266366486289	1	RECOG_FEEDBACK	1
1266366487055	0	RECOG_PRES	7	COLLEGE	346	-999	P	1127
1266366488555	0	RECOG_CR_PRES	7	COLLEGE	346	-999	P	1314
1266366490205	1	RECOG_FEEDBACK	1
1266366490954	0	RECOG_PRES	7	BAKER	71	-999	P	1003
1266366492322	0	RECOG_CR_PRES	7	BAKER	71	-999	P	772
1266366493413	1	RECOG_FEEDBACK	1
1266366494213	0	RECOG_PRES	7	ANCHOR	21	-999	P	1049
1266366495638	0	RECOG_CR_PRES	7	ANCHOR	21	-999	P	641
1266366496646	1	RECOG_FEEDBACK	1
1266366497388	0	RECOG_PRES	7	SALMON	1227	-999	P	946
1266366498703	0	RECOG_CR_PRES	7	SALMON	1227	-999	P	1038
1266366500054	1	RECOG_FEEDBACK	1
1266366500820	0	RECOG_PRES	7	EMERALD	528	-999	P	1169
1266366502362	0	RECOG_CR_PRES	7	EMERALD	528	-999	P	924
1266366503629	1	RECOG_FEEDBACK	1
1266366504412	0	RECOG_PRES	7	VAMPIRE	1547	-999	P	898
1266366505679	0	RECOG_CR_PRES	7	VAMPIRE	1547	-999	P	871
1266366506853	1	RECOG_FEEDBACK	1
1266366507587	0	RECOG_PRES	7	KNAPSACK	783	-999	P	963
1266366508919	0	RECOG_CR_PRES	7	KNAPSACK	783	-999	P	902
1266366510145	1	RECOG_FEEDBACK	1
1266366510894	0	RECOG_PRES	7	FUNERAL	613	-999	P	1055
1266366512320	0	RECOG_CR_PRES	7	FUNERAL	613	-999	P	782
1266366513445	1	RECOG_FEEDBACK	1
1266366514245	0	RECOG_PRES	7	SKUNK	1321	-999	P	1233
1266366515852	0	RECOG_CR_PRES	7	SKUNK	1321	-999	P	857
1266366517061	1	RECOG_FEEDBACK	1
1266366517802	0	RECOG_PRES	7	ZOO	1637	-999	P	955
1266366519120	0	RECOG_CR_PRES	7	ZOO	1637	-999	P	821
1266366520269	1	RECOG_FEEDBACK	1
1266366521003	0	RECOG_PRES	7	LAGOON	795	-999	P	1323
1266366522702	0	RECOG_CR_PRES	7	LAGOON	795	-999	P	848
1266366523910	1	RECOG_FEEDBACK	0
1266366528985	0	REST
1266366529806	1	REC_START
1266366529843	0	RECOG_PRES	8	NAVIGATOR	938	-999	P	1235
1266366531452	0	RECOG_CR_PRES	8	NAVIGATOR	938	-999	P	641
1266366532460	1	RECOG_FEEDBACK	1
1266366533185	0	RECOG_PRES	8	LONDON	843	-999	P	1005
1266366534560	0	RECOG_CR_PRES	8	LONDON	843	-999	P	782
1266366535668	1	RECOG_FEEDBACK	1
1266366536468	0	RECOG_PRES	8	STEW	1380	-999	P	850
1266366537692	0	RECOG_CR_PRES	8	STEW	1380	-999	P	754
1266366538776	1	RECOG_FEEDBACK	1
1266366539560	0	RECOG_PRES	8	TOWER	1490	-999	P	1078
1266366541010	0	RECOG_CR_PRES	8	TOWER	1490	-999	P	739
1266366542110	1	RECOG_FEEDBACK	1
1266366542892	0	RECOG_PRES	8	BAIT	70	-999	P	794
1266366544051	0	RECOG_CR_PRES	8	BAIT	70	-999	P	1091
1266366545451	1	RECOG_FEEDBACK	1
1266366546176	0	RECOG_PRES	8	CHIME	300	-999	P	1358
1266366547908	0	RECOG_CR_PRES	8	CHIME	300	-999	P	825
1266366549092	1	RECOG_FEEDBACK	1
1266366549816	0	RECOG_PRES	8	SHRUB	1299	-999	P	1093
1266366551276	0	RECOG_CR_PRES	8	SHRUB	1299	-999	P	697
1266366552334	1	RECOG_FEEDBACK	1
1266366553125	0	RECOG_PRES	8	PRINCE	1124	-999	P	2217
1266366555716	0	RECOG_CR_PRES	8	PRINCE	1124	-999	P	722
1266366556858	1	RECOG_FEEDBACK	0
1266366557592	0	RECOG_PRES	8	ELF	525	-999	P	1341
1266366559300	0	RECOG_CR_PRES	8	ELF	525	-999	P	633
1266366560275	1	RECOG_FEEDBACK	1
1266366561075	0	RECOG_PRES	8	FACE	547	-999	P	1027
1266366562466	0	RECOG_CR_PRES	8	FACE	547	-999	P	620
1266366563425	1	RECOG_FEEDBACK	1
1266366564141	0	RECOG_PRES	8	RAFT	1159	-999	P	937
1266366565450	0	RECOG_CR_PRES	8	RAFT	1159	-999	P	884
1266366566658	1	RECOG_FEEDBACK	1
1266366567399	0	RECOG_PRES	8	DINNER	468	-999	P	1191
1266366568965	0	RECOG_CR_PRES	8	DINNER	468	-999	P	642
1266366569973	1	RECOG_FEEDBACK	1
1266366570748	0	RECOG_PRES	8	PERCH	1048	-999	P	826
1266366571973	0	RECOG_CR_PRES	8	PERCH	1048	-999	P	760
1266366573049	1	RECOG_FEEDBACK	1
1266366573781	0	RECOG_PRES	8	FLASK	576	-999	P	841
1266366574998	0	RECOG_CR_PRES	8	FLASK	576	-999	P	1072
1266366576399	1	RECOG_FEEDBACK	1
1266366577207	0	RECOG_PRES	8	GOAT	644	-999	P	1199
1266366578781	0	RECOG_CR_PRES	8	GOAT	644	-999	P	681
1266366579881	1	RECOG_FEEDBACK	1
1266366580640	0	RECOG_PRES	8	TOENAIL	1474	-999	P	1030
1266366582040	0	RECOG_CR_PRES	8	TOENAIL	1474	-999	P	805
1266366583157	1	RECOG_FEEDBACK	0
1266366583906	0	RECOG_PRES	8	GALLON	618	-999	P	1204
1266366585481	0	RECOG_CR_PRES	8	GALLON	618	-999	P	877
1266366586681	1	RECOG_FEEDBACK	1
1266366587423	0	RECOG_PRES	8	TANK	1432	-999	P	858
1266366588681	0	RECOG_CR_PRES	8	TANK	1432	-999	P	693
1266366589705	1	RECOG_FEEDBACK	1
1266366590481	0	RECOG_PRES	8	CAR	241	-999	P	781
1266366591631	0	RECOG_CR_PRES	8	CAR	241	-999	P	815
1266366592772	1	RECOG_FEEDBACK	1
1266366593556	0	RECOG_PRES	8	GAUZE	626	-999	P	1193
1266366595114	0	RECOG_CR_PRES	8	GAUZE	626	-999	P	691
1266366596156	1	RECOG_FEEDBACK	1
1266366598497	0	REST
1266366599625	1	REC_START
1266366599664	0	RECOG_PRES	9	PERSONNEL	1053	-999	P	1189
1266366601222	0	RECOG_CR_PRES	9	PERSONNEL	1053	-999	P	808
1266366602372	1	RECOG_FEEDBACK	1
1266366603164	0	RECOG_PRES	9	PARROT	1015	-999	P	962
1266366604497	0	RECOG_CR_PRES	9	PARROT	1015	-999	P	733
1266366605572	1	RECOG_FEEDBACK	1
1266366606330	0	RECOG_PRES	9	VIKING	1565	-999	P	1076
1266366607779	0	RECOG_CR_PRES	9	VIKING	1565	-999	P	803
1266366608904	1	RECOG_FEEDBACK	1
1266366609680	0	RECOG_PRES	9	FOREST	593	-999	P	934
1266366610987	0	RECOG_CR_PRES	9	FOREST	593	-999	P	770
1266366612080	1	RECOG_FEEDBACK	1
1266366612820	0	RECOG_PRES	9	BOULDER	155	-999	P	3282
1266366616479	0	RECOG_CR_PRES	9	BOULDER	155	-999	P	639
1266366617529	1	RECOG_FEEDBACK	1
1266366618304	0	RECOG_PRES	9	GAZELLE	628	-999	P	1006
1266366619679	0	RECOG_CR_PRES	9	GAZELLE	628	-999	P	623
1266366620637	1	RECOG_FEEDBACK	1
1266366621412	0	RECOG_PRES	9	SNAKE	1333	-999	P	874
1266366622662	0	RECOG_CR_PRES	9	SNAKE	1333	-999	P	856
1266366623836	1	RECOG_FEEDBACK	1
1266366624620	0	RECOG_PRES	9	COSTUME	383	-999	P	1778
1266366626769	0	RECOG_CR_PRES	9	COSTUME	383	-999	P	613
1266366627769	1	RECOG_FEEDBACK	1
1266366628503	0	RECOG_PRES	9	WINDOW	1611	-999	P	943
1266366629819	0	RECOG_CR_PRES	9	WINDOW	1611	-999	P	691
1266366630844	1	RECOG_FEEDBACK	1
1266366631636	0	RECOG_PRES	9	FIDDLE	561	-999	P	778
1266366632785	0	RECOG_CR_PRES	9	FIDDLE	561	-999	P	860
1266366633977	1	RECOG_FEEDBACK	1
1266366634719	0	RECOG_PRES	9	TOY	1492	-999	P	911
1266366636003	0	RECOG_CR_PRES	9	TOY	1492	-999	P	641
1266366636993	1	RECOG_FEEDBACK	0
1266366637702	0	RECOG_PRES	9	POTTERY	1116	-999	P	1087
1266366639153	0	RECOG_CR_PRES	9	POTTERY	1116	-999	P	756
1266366640228	1	RECOG_FEEDBACK	1
1266366640951	0	RECOG_PRES	9	PORTRAIT	1111	-999	P	1055
1266366642377	0	RECOG_CR_PRES	9	PORTRAIT	1111	-999	P	925
1266366643627	1	RECOG_FEEDBACK	1
1266366644377	0	RECOG_PRES	9	PUBLICATION	1136	-999	P	1069
1266366645818	0	RECOG_CR_PRES	9	PUBLICATION	1136	-999	P	756
1266366646893	1	RECOG_FEEDBACK	0
1266366647619	0	RECOG_PRES	9	APRON	35	-999	P	1483
1266366649477	0	RECOG_CR_PRES	9	APRON	35	-999	P	713
1266366650535	1	RECOG_FEEDBACK	1
1266366651302	0	RECOG_PRES	9	GENTLEMAN	631	-999	P	1200
1266366652876	0	RECOG_CR_PRES	9	GENTLEMAN	631	-999	P	873
1266366654085	1	RECOG_FEEDBACK	1
1266366654850	0	RECOG_PRES	9	PIPE	1073	-999	P	1067
1266366656285	0	RECOG_CR_PRES	9	PIPE	1073	-999	P	640
1266366657260	1	RECOG_FEEDBACK	1
1266366658026	0	RECOG_PRES	9	TUBA	1515	-999	P	899
1266366659293	0	RECOG_CR_PRES	9	TUBA	1515	-999	P	889
1266366660501	1	RECOG_FEEDBACK	1
1266366661293	0	RECOG_PRES	9	DOVE	491	-999	P	889
1266366662559	0	RECOG_CR_PRES	9	DOVE	491	-999	P	767
1266366663659	1	RECOG_FEEDBACK	1
1266366664367	0	RECOG_PRES	9	MASK	876	-999	P	1015
1266366665758	0	RECOG_CR_PRES	9	MASK	876	-999	P	642
1266366666783	1	RECOG_FEEDBACK	1
1266366669276	0	REST
1266366670244	1	REC_START
1266366670275	0	RECOG_PRES	10	MARGARINE	868	-999	P	843
1266366671492	0	RECOG_CR_PRES	10	MARGARINE	868	-999	P	690
1266366672492	1	RECOG_FEEDBACK	1
1266366673208	0	RECOG_PRES	10	SKILLET	1317	-999	P	891
1266366674500	0	RECOG_CR_PRES	10	SKILLET	1317	-999	P	641
1266366675492	1	RECOG_FEEDBACK	1
1266366676208	0	RECOG_PRES	10	COMMITTEE	355	-999	P	1230
1266366677807	0	RECOG_CR_PRES	10	COMMITTEE	355	-999	P	886
1266366679016	1	RECOG_FEEDBACK	1
1266366679774	0	RECOG_PRES	10	WORM	1623	-999	P	991
1266366681133	0	RECOG_CR_PRES	10	WORM	1623	-999	P	680
1266366682141	1	RECOG_FEEDBACK	1
1266366682898	0	RECOG_PRES	10	STAFF	1365	-999	P	716
1266366683990	0	RECOG_CR_PRES	10	STAFF	1365	-999	P	1056
1266366685349	1	RECOG_FEEDBACK	1
1266366686108	0	RECOG_PRES	10	DETERGENT	455	-999	P	914
1266366687399	0	RECOG_CR_PRES	10	DETERGENT	455	-999	P	598
1266366688341	1	RECOG_FEEDBACK	1
1266366689149	0	RECOG_PRES	10	NIECE	952	-999	P	961
1266366690482	0	RECOG_CR_PRES	10	NIECE	952	-999	P	836
1266366691624	1	RECOG_FEEDBACK	1
1266366692399	0	RECOG_PRES	10	REEF	1177	-999	P	935
1266366693706	0	RECOG_CR_PRES	10	REEF	1177	-999	P	780
1266366694806	1	RECOG_FEEDBACK	1
1266366695515	0	RECOG_PRES	10	TOOTHBRUSH	1482	-999	P	1107
1266366696997	0	RECOG_CR_PRES	10	TOOTHBRUSH	1482	-999	P	1081
1266366698398	1	RECOG_FEEDBACK	1
1266366699190	0	RECOG_PRES	10	RESORT	1186	-999	P	1783
1266366701340	0	RECOG_CR_PRES	10	RESORT	1186	-999	P	994
1266366702689	1	RECOG_FEEDBACK	1
1266366703456	0	RECOG_PRES	10	HOSTESS	723	-999	P	1325
1266366705148	0	RECOG_CR_PRES	10	HOSTESS	723	-999	P	777
1266366706314	1	RECOG_FEEDBACK	1
1266366707098	0	RECOG_PRES	10	PARCEL	1012	-999	P	1380
1266366708847	0	RECOG_CR_PRES	10	PARCEL	1012	-999	P	783
1266366710006	1	RECOG_FEEDBACK	0
1266366710738	0	RECOG_PRES	10	STRAWBERRY	1391	-999	P	1292
1266366712406	0	RECOG_CR_PRES	10	STRAWBERRY	1391	-999	P	880
1266366713622	1	RECOG_FEEDBACK	1
1266366714330	0	RECOG_PRES	10	POT	1114	-999	P	956
1266366715655	0	RECOG_CR_PRES	10	POT	1114	-999	P	639
1266366716605	1	RECOG_FEEDBACK	1
1266366717405	0	RECOG_PRES	10	GRIZZLY	662	-999	P	849
1266366718630	0	RECOG_CR_PRES	10	GRIZZLY	662	-999	P	800
1266366719746	1	RECOG_FEEDBACK	1
1266366720463	0	RECOG_PRES	10	PAVEMENT	1028	-999	P	883
1266366721746	0	RECOG_CR_PRES	10	PAVEMENT	1028	-999	P	1003
1266366723072	1	RECOG_FEEDBACK	0
1266366723820	0	RECOG_PRES	10	TYPEWRITER	1531	-999	P	1250
1266366725446	0	RECOG_CR_PRES	10	TYPEWRITER	1531	-999	P	776
1266366726563	1	RECOG_FEEDBACK	1
1266366727355	0	RECOG_PRES	10	REFEREE	1178	-999	P	1051
1266366728778	0	RECOG_CR_PRES	10	REFEREE	1178	-999	P	852
1266366729970	1	RECOG_FEEDBACK	1
1266366730687	0	RECOG_PRES	10	STRANGER	1389	-999	P	3134
1266366734187	0	RECOG_CR_PRES	10	STRANGER	1389	-999	P	786
1266366735362	1	RECOG_FEEDBACK	1
1266366736146	0	RECOG_PRES	10	COMET	353	-999	P	1036
1266366737545	0	RECOG_CR_PRES	10	COMET	353	-999	P	773
1266366738645	1	RECOG_FEEDBACK	1
1266366741320	0	REST
1266366742120	1	REC_START
1266366742153	0	RECOG_PRES	11	FLEET	578	-999	P	1189
1266366743711	0	RECOG_CR_PRES	11	FLEET	578	-999	P	799
1266366744869	1	RECOG_FEEDBACK	1
1266366745653	0	RECOG_PRES	11	WALRUS	1585	-999	P	873
1266366746902	0	RECOG_CR_PRES	11	WALRUS	1585	-999	P	680
1266366747902	1	RECOG_FEEDBACK	1
1266366748702	0	RECOG_PRES	11	GULL	671	-999	P	1512
1266366750586	0	RECOG_CR_PRES	11	GULL	671	-999	P	684
1266366751636	1	RECOG_FEEDBACK	0
1266366752444	0	RECOG_PRES	11	WARRIOR	1589	-999	P	946
1266366753760	0	RECOG_CR_PRES	11	WARRIOR	1589	-999	P	774
1266366754860	1	RECOG_FEEDBACK	1
1266366755644	0	RECOG_PRES	11	ROSE	1212	-999	P	1034
1266366757044	0	RECOG_CR_PRES	11	ROSE	1212	-999	P	713
1266366758069	1	RECOG_FEEDBACK	1
1266366758826	0	RECOG_PRES	11	ARTICLE	42	-999	P	1276
1266366760477	0	RECOG_CR_PRES	11	ARTICLE	42	-999	P	761
1266366761585	1	RECOG_FEEDBACK	0
1266366762294	0	RECOG_PRES	11	QUILT	1151	-999	P	984
1266366763652	0	RECOG_CR_PRES	11	QUILT	1151	-999	P	754
1266366764726	1	RECOG_FEEDBACK	1
1266366765485	0	RECOG_PRES	11	GREASE	660	-999	P	921
1266366766776	0	RECOG_CR_PRES	11	GREASE	660	-999	P	925
1266366768018	1	RECOG_FEEDBACK	1
1266366768742	0	RECOG_PRES	11	COUNTRY	388	-999	P	944
1266366770051	0	RECOG_CR_PRES	11	COUNTRY	388	-999	P	794
1266366771151	1	RECOG_FEEDBACK	1
1266366771884	0	RECOG_PRES	11	DICTIONARY	463	-999	P	1162
1266366773418	0	RECOG_CR_PRES	11	DICTIONARY	463	-999	P	916
1266366774668	1	RECOG_FEEDBACK	1
1266366775409	0	RECOG_PRES	11	MANAGER	863	-999	P	1452
1266366777226	0	RECOG_CR_PRES	11	MANAGER	863	-999	P	731
1266366778309	1	RECOG_FEEDBACK	0
1266366779092	0	RECOG_PRES	11	KEEPER	769	-999	P	1002
1266366780467	0	RECOG_CR_PRES	11	KEEPER	769	-999	P	723
1266366781509	1	RECOG_FEEDBACK	1
1266366782326	0	RECOG_PRES	11	POTATO	1115	-999	P	896
1266366783592	0	RECOG_CR_PRES	11	POTATO	1115	-999	P	854
1266366784766	1	RECOG_FEEDBACK	1
1266366785559	0	RECOG_PRES	11	PLUMBER	1091	-999	P	903
1266366786833	0	RECOG_CR_PRES	11	PLUMBER	1091	-999	P	733
1266366787882	1	RECOG_FEEDBACK	1
1266366788650	0	RECOG_PRES	11	FORT	595	-999	P	858
1266366789907	0	RECOG_CR_PRES	11	FORT	595	-999	P	970
1266366791208	1	RECOG_FEEDBACK	1
1266366791957	0	RECOG_PRES	11	CAT	257	-999	P	848
1266366793166	0	RECOG_CR_PRES	11	CAT	257	-999	P	856
1266366794333	1	RECOG_FEEDBACK	1
1266366795141	0	RECOG_PRES	11	SPRINKLE	1359	-999	P	1089
1266366796600	0	RECOG_CR_PRES	11	SPRINKLE	1359	-999	P	806
1266366797740	1	RECOG_FEEDBACK	1
1266366798533	0	RECOG_PRES	11	PLANT	1083	-999	P	1065
1266366799973	0	RECOG_CR_PRES	11	PLANT	1083	-999	P	768
1266366801083	1	RECOG_FEEDBACK	0
1266366801898	0	RECOG_PRES	11	BASKET	95	-999	P	1027
1266366803291	0	RECOG_CR_PRES	11	BASKET	95	-999	P	755
1266366804357	1	RECOG_FEEDBACK	1
1266366805124	0	RECOG_PRES	11	BOXER	160	-999	P	922
1266366806415	0	RECOG_CR_PRES	11	BOXER	160	-999	P	791
1266366807524	1	RECOG_FEEDBACK	1
1266366810149	0	REST
1266366811115	1	REC_START
1266366811148	0	RECOG_PRES	12	LAWN	805	-999	P	1282
1266366812806	0	RECOG_CR_PRES	12	LAWN	805	-999	P	616
1266366813772	1	RECOG_FEEDBACK	1
1266366814498	0	RECOG_PRES	12	CRAB	397	-999	P	764
1266366815631	0	RECOG_CR_PRES	12	CRAB	397	-999	P	1007
1266366816939	1	RECOG_FEEDBACK	1
1266366817656	0	RECOG_PRES	12	JET	756	-999	P	878
1266366818905	0	RECOG_CR_PRES	12	JET	756	-999	P	717
1266366819947	1	RECOG_FEEDBACK	1
1266366820664	0	RECOG_PRES	12	RIVER	1194	-999	P	758
1266366821797	0	RECOG_CR_PRES	12	RIVER	1194	-999	P	1104
1266366823206	1	RECOG_FEEDBACK	1
1266366824014	0	RECOG_PRES	12	SHORTS	1293	-999	P	871
1266366825247	0	RECOG_CR_PRES	12	SHORTS	1293	-999	P	767
1266366826339	1	RECOG_FEEDBACK	1
1266366827097	0	RECOG_PRES	12	CHECK	284	-999	P	740
1266366828206	0	RECOG_CR_PRES	12	CHECK	284	-999	P	808
1266366829347	1	RECOG_FEEDBACK	1
1266366830097	0	RECOG_PRES	12	BANDIT	81	-999	P	828
1266366831289	0	RECOG_CR_PRES	12	BANDIT	81	-999	P	781
1266366832405	1	RECOG_FEEDBACK	1
1266366833197	0	RECOG_PRES	12	REPTILE	1185	-999	P	1281
1266366834854	0	RECOG_CR_PRES	12	REPTILE	1185	-999	P	680
1266366835904	1	RECOG_FEEDBACK	1
1266366836680	0	RECOG_PRES	12	TUBE	1516	-999	P	2285
1266366839330	0	RECOG_CR_PRES	12	TUBE	1516	-999	P	908
1266366840630	1	RECOG_FEEDBACK	1
1266366841430	0	RECOG_PRES	12	RESTAURANT	1187	-999	P	1391
1266366843188	0	RECOG_CR_PRES	12	RESTAURANT	1187	-999	P	850
1266366844379	1	RECOG_FEEDBACK	1
1266366845171	0	RECOG_PRES	12	WASHCLOTH	1591	-999	P	1698
1266366847238	0	RECOG_CR_PRES	12	WASHCLOTH	1591	-999	P	840
1266366848454	1	RECOG_FEEDBACK	1
1266366849237	0	RECOG_PRES	12	POLICE	1098	-999	P	1361
1266366850970	0	RECOG_CR_PRES	12	POLICE	1098	-999	P	700
1266366852012	1	RECOG_FEEDBACK	1
1266366852803	0	RECOG_PRES	12	CALCULATOR	220	-999	P	1363
1266366854537	0	RECOG_CR_PRES	12	CALCULATOR	220	-999	P	917
1266366855803	1	RECOG_FEEDBACK	0
1266366856570	0	RECOG_PRES	12	SQUID	1361	-999	P	1020
1266366857961	0	RECOG_CR_PRES	12	SQUID	1361	-999	P	788
1266366859062	1	RECOG_FEEDBACK	1
1266366859827	0	RECOG_PRES	12	HANDCUFFS	685	-999	P	819
1266366861020	0	RECOG_CR_PRES	12	HANDCUFFS	685	-999	P	833
1266366862170	1	RECOG_FEEDBACK	1
1266366862960	0	RECOG_PRES	12	MOAT	903	-999	P	909
1266366864236	0	RECOG_CR_PRES	12	MOAT	903	-999	P	753
1266366865303	1	RECOG_FEEDBACK	1
1266366866070	0	RECOG_PRES	12	GORILLA	650	-999	P	1024
1266366867469	0	RECOG_CR_PRES	12	GORILLA	650	-999	P	832
1266366868636	1	RECOG_FEEDBACK	1
1266366869378	0	RECOG_PRES	12	PUCK	1138	-999	P	956
1266366870710	0	RECOG_CR_PRES	12	PUCK	1138	-999	P	752
1266366871776	1	RECOG_FEEDBACK	1
1266366872519	0	RECOG_PRES	12	FORK	594	-999	P	903
1266366873801	0	RECOG_CR_PRES	12	FORK	594	-999	P	1132
1266366875269	1	RECOG_FEEDBACK	0
1266366876044	0	RECOG_PRES	12	STREAM	1392	-999	P	1769
1266366878177	0	RECOG_CR_PRES	12	STREAM	1392	-999	P	700
1266366879260	1	RECOG_FEEDBACK	1
1266366883502	0	REST
1266366884621	1	REC_START
1266366884660	0	RECOG_PRES	13	DAUGHTER	442	-999	P	960
1266366886018	0	RECOG_CR_PRES	13	DAUGHTER	442	-999	P	628
1266366886967	1	RECOG_FEEDBACK	1
1266366887742	0	RECOG_PRES	13	SCHOOL	1248	-999	P	936
1266366889043	0	RECOG_CR_PRES	13	SCHOOL	1248	-999	P	579
1266366889942	1	RECOG_FEEDBACK	1
1266366890708	0	RECOG_PRES	13	HIGHWAY	707	-999	P	810
1266366891892	0	RECOG_CR_PRES	13	HIGHWAY	707	-999	P	682
1266366892900	1	RECOG_FEEDBACK	1
1266366893634	0	RECOG_PRES	13	SUBURB	1399	-999	P	948
1266366894958	0	RECOG_CR_PRES	13	SUBURB	1399	-999	P	704
1266366895991	1	RECOG_FEEDBACK	1
1266366896733	0	RECOG_PRES	13	SALOON	1228	-999	P	753
1266366897858	0	RECOG_CR_PRES	13	SALOON	1228	-999	P	732
1266366898908	1	RECOG_FEEDBACK	1
1266366899642	0	RECOG_PRES	13	KITTEN	780	-999	P	1211
1266366901217	0	RECOG_CR_PRES	13	KITTEN	780	-999	P	644
1266366902233	1	RECOG_FEEDBACK	1
1266366902957	0	RECOG_PRES	13	TOOTH	1481	-999	P	883
1266366904233	0	RECOG_CR_PRES	13	TOOTH	1481	-999	P	649
1266366905225	1	RECOG_FEEDBACK	1
1266366905949	0	RECOG_PRES	13	SEAL	1262	-999	P	864
1266366907175	0	RECOG_CR_PRES	13	SEAL	1262	-999	P	758
1266366908250	1	RECOG_FEEDBACK	1
1266366908965	0	RECOG_PRES	13	SHOE	1288	-999	P	1728
1266366911058	0	RECOG_CR_PRES	13	SHOE	1288	-999	P	891
1266366912308	1	RECOG_FEEDBACK	1
1266366913124	0	RECOG_PRES	13	VAULT	1550	-999	P	1058
1266366914558	0	RECOG_CR_PRES	13	VAULT	1550	-999	P	688
1266366915574	1	RECOG_FEEDBACK	1
1266366916308	0	RECOG_PRES	13	NURSE	963	-999	P	865
1266366917574	0	RECOG_CR_PRES	13	NURSE	963	-999	P	696
1266366918582	1	RECOG_FEEDBACK	1
1266366919324	0	RECOG_PRES	13	ASPIRIN	47	-999	P	1385
1266366921074	0	RECOG_CR_PRES	13	ASPIRIN	47	-999	P	699
1266366922124	1	RECOG_FEEDBACK	0
1266366922914	0	RECOG_PRES	13	ANKLE	24	-999	P	1148
1266366924432	0	RECOG_CR_PRES	13	ANKLE	24	-999	P	766
1266366925549	1	RECOG_FEEDBACK	1
1266366926273	0	RECOG_PRES	13	PAIL	1002	-999	P	1166
1266366927814	0	RECOG_CR_PRES	13	PAIL	1002	-999	P	576
1266366928714	1	RECOG_FEEDBACK	0
1266366929482	0	RECOG_PRES	13	DRESS	495	-999	P	2020
1266366931872	0	RECOG_CR_PRES	13	DRESS	495	-999	P	726
1266366932964	1	RECOG_FEEDBACK	1
1266366933673	0	RECOG_PRES	13	KETCHUP	771	-999	P	1060
1266366935098	0	RECOG_CR_PRES	13	KETCHUP	771	-999	P	715
1266366936148	1	RECOG_FEEDBACK	1
1266366936955	0	RECOG_PRES	13	QUEEN	1149	-999	P	858
1266366938181	0	RECOG_CR_PRES	13	QUEEN	1149	-999	P	825
1266366939331	1	RECOG_FEEDBACK	1
1266366940089	0	RECOG_PRES	13	STAPLE	1371	-999	P	1005
1266366941464	0	RECOG_CR_PRES	13	STAPLE	1371	-999	P	734
1266366942531	1	RECOG_FEEDBACK	1
1266366943314	0	RECOG_PRES	13	FAUCET	555	-999	P	3675
1266366947364	0	RECOG_CR_PRES	13	FAUCET	555	-999	P	690
1266366948514	1	RECOG_FEEDBACK	1
1266366949272	0	RECOG_PRES	13	OCEAN	970	-999	P	1070
1266366950712	0	RECOG_CR_PRES	13	OCEAN	970	-999	P	642
1266366951696	1	RECOG_FEEDBACK	1
1266366955829	0	REST
1266366956652	1	REC_START
1266366956687	0	RECOG_PRES	14	ALBUM	14	-999	P	1070
1266366958121	0	RECOG_CR_PRES	14	ALBUM	14	-999	P	676
1266366959113	1	RECOG_FEEDBACK	0
1266366959878	0	RECOG_PRES	14	ENGINE	535	-999	P	841
1266366961113	0	RECOG_CR_PRES	14	ENGINE	535	-999	P	648
1266366962104	1	RECOG_FEEDBACK	1
1266366962870	0	RECOG_PRES	14	MARBLE	867	-999	P	1160
1266366964404	0	RECOG_CR_PRES	14	MARBLE	867	-999	P	626
1266366965362	1	RECOG_FEEDBACK	1
1266366966112	0	RECOG_PRES	14	MINER	896	-999	P	857
1266366967370	0	RECOG_CR_PRES	14	MINER	896	-999	P	700
1266366968404	1	RECOG_FEEDBACK	1
1266366969145	0	RECOG_PRES	14	OX	994	-999	P	1061
1266366970579	0	RECOG_CR_PRES	14	OX	994	-999	P	587
1266366971487	1	RECOG_FEEDBACK	1
1266366972270	0	RECOG_PRES	14	VIOLIN	1571	-999	P	912
1266366973553	0	RECOG_CR_PRES	14	VIOLIN	1571	-999	P	765
1266366974653	1	RECOG_FEEDBACK	1
1266366975362	0	RECOG_PRES	14	DOG	480	-999	P	948
1266366976686	0	RECOG_CR_PRES	14	DOG	480	-999	P	712
1266366977710	1	RECOG_FEEDBACK	0
1266366978453	0	RECOG_PRES	14	SHOP	1290	-999	P	1217
1266366980045	0	RECOG_CR_PRES	14	SHOP	1290	-999	P	721
1266366981086	1	RECOG_FEEDBACK	0
1266366981835	0	RECOG_PRES	14	THIMBLE	1458	-999	P	1026
1266366983228	0	RECOG_CR_PRES	14	THIMBLE	1458	-999	P	714
1266366984261	1	RECOG_FEEDBACK	1
1266366984993	0	RECOG_PRES	14	COWARD	394	-999	P	828
1266366986186	0	RECOG_CR_PRES	14	COWARD	394	-999	P	649
1266366987169	1	RECOG_FEEDBACK	1
1266366987926	0	RECOG_PRES	14	COMPASS	358	-999	P	1031
1266366989319	0	RECOG_CR_PRES	14	COMPASS	358	-999	P	678
1266366990319	1	RECOG_FEEDBACK	1
1266366991127	0	RECOG_PRES	14	SPIDER	1351	-999	P	862
1266366992360	0	RECOG_CR_PRES	14	SPIDER	1351	-999	P	641
1266366993344	1	RECOG_FEEDBACK	1
1266366994094	0	RECOG_PRES	14	KITCHEN	778	-999	P	703
1266366995160	0	RECOG_CR_PRES	14	KITCHEN	778	-999	P	725
1266366996193	1	RECOG_FEEDBACK	1
1266366996909	0	RECOG_PRES	14	NOTE	958	-999	P	967
1266366998243	0	RECOG_CR_PRES	14	NOTE	958	-999	P	682
1266366999260	1	RECOG_FEEDBACK	1
1266367000051	0	RECOG_PRES	14	SOLDIER	1344	-999	P	850
1266367001268	0	RECOG_CR_PRES	14	SOLDIER	1344	-999	P	593
1266367002185	1	RECOG_FEEDBACK	0
1266367002942	0	RECOG_PRES	14	SHELF	1280	-999	P	968
1266367004276	0	RECOG_CR_PRES	14	SHELF	1280	-999	P	721
1266367005318	1	RECOG_FEEDBACK	1
1266367006101	0	RECOG_PRES	14	FOUNTAIN	597	-999	P	1097
1266367007568	0	RECOG_CR_PRES	14	FOUNTAIN	597	-999	P	718
1266367008609	1	RECOG_FEEDBACK	1
1266367009376	0	RECOG_PRES	14	SWAN	1417	-999	P	1094
1266367010841	0	RECOG_CR_PRES	14	SWAN	1417	-999	P	701
1266367011866	1	RECOG_FEEDBACK	1
1266367012592	0	RECOG_PRES	14	TIE	1466	-999	P	846
1266367013808	0	RECOG_CR_PRES	14	TIE	1466	-999	P	734
1266367014858	1	RECOG_FEEDBACK	1
1266367015609	0	RECOG_PRES	14	CAFETERIA	217	-999	P	1156
1266367017134	0	RECOG_CR_PRES	14	CAFETERIA	217	-999	P	984
1266367018433	1	RECOG_FEEDBACK	1
1266367021467	0	REST
1266367022428	1	REC_START
1266367022458	0	RECOG_PRES	15	KING	777	-999	P	1435
1266367024258	0	RECOG_CR_PRES	15	KING	777	-999	P	499
1266367025108	1	RECOG_FEEDBACK	1
1266367025907	0	RECOG_PRES	15	GIRAFFE	636	-999	P	842
1266367027116	0	RECOG_CR_PRES	15	GIRAFFE	636	-999	P	648
1266367028108	1	RECOG_FEEDBACK	1
1266367028840	0	RECOG_PRES	15	CUB	419	-999	P	838
1266367030041	0	RECOG_CR_PRES	15	CUB	419	-999	P	645
1266367031008	1	RECOG_FEEDBACK	1
1266367031773	0	RECOG_PRES	15	SPIT	1354	-999	P	842
1266367033024	0	RECOG_CR_PRES	15	SPIT	1354	-999	P	630
1266367033981	1	RECOG_FEEDBACK	1
1266367034715	0	RECOG_PRES	15	AIRCRAFT	11	-999	P	939
1266367036024	0	RECOG_CR_PRES	15	AIRCRAFT	11	-999	P	638
1266367036998	1	RECOG_FEEDBACK	0
1266367037789	0	RECOG_PRES	15	FLY	586	-999	P	841
1266367039007	0	RECOG_CR_PRES	15	FLY	586	-999	P	583
1266367039931	1	RECOG_FEEDBACK	1
1266367040665	0	RECOG_PRES	15	SNACK	1331	-999	P	765
1266367041806	0	RECOG_CR_PRES	15	SNACK	1331	-999	P	720
1266367042847	1	RECOG_FEEDBACK	1
1266367043590	0	RECOG_PRES	15	NECKLACE	940	-999	P	913
1266367044872	0	RECOG_CR_PRES	15	NECKLACE	940	-999	P	718
1266367045922	1	RECOG_FEEDBACK	1
1266367046656	0	RECOG_PRES	15	PARENT	1013	-999	P	926
1266367047955	0	RECOG_CR_PRES	15	PARENT	1013	-999	P	642
1266367048947	1	RECOG_FEEDBACK	1
1266367049747	0	RECOG_PRES	15	PECAN	1036	-999	P	707
1266367050822	0	RECOG_CR_PRES	15	PECAN	1036	-999	P	672
1266367051805	1	RECOG_FEEDBACK	1
1266367052539	0	RECOG_PRES	15	TAG	1429	-999	P	691
1266367053606	0	RECOG_CR_PRES	15	TAG	1429	-999	P	672
1266367054581	1	RECOG_FEEDBACK	1
1266367055306	0	RECOG_PRES	15	FOLDER	588	-999	P	876
1266367056556	0	RECOG_CR_PRES	15	FOLDER	588	-999	P	690
1266367057564	1	RECOG_FEEDBACK	1
1266367058331	0	RECOG_PRES	15	FAMILY	550	-999	P	963
1266367059664	0	RECOG_CR_PRES	15	FAMILY	550	-999	P	678
1266367060655	1	RECOG_FEEDBACK	1
1266367061372	0	RECOG_PRES	15	FLOWER	584	-999	P	1130
1266367062871	0	RECOG_CR_PRES	15	FLOWER	584	-999	P	607
1266367063796	1	RECOG_FEEDBACK	1
1266367064547	0	RECOG_PRES	15	MARINE	869	-999	P	795
1266367065712	0	RECOG_CR_PRES	15	MARINE	869	-999	P	694
1266367066729	1	RECOG_FEEDBACK	1
1266367067505	0	RECOG_PRES	15	MOTOR	922	-999	P	1085
1266367068962	0	RECOG_CR_PRES	15	MOTOR	922	-999	P	642
1266367069962	1	RECOG_FEEDBACK	1
1266367070712	0	RECOG_PRES	15	CHART	282	-999	P	838
1266367071920	0	RECOG_CR_PRES	15	CHART	282	-999	P	718
1266367072954	1	RECOG_FEEDBACK	1
1266367073737	0	RECOG_PRES	15	LETTUCE	814	-999	P	901
1266367075021	0	RECOG_CR_PRES	15	LETTUCE	814	-999	P	672
1266367076021	1	RECOG_FEEDBACK	1
1266367076820	0	RECOG_PRES	15	OUTFIT	988	-999	P	1017
1266367078204	0	RECOG_CR_PRES	15	OUTFIT	988	-999	P	753
1266367079321	1	RECOG_FEEDBACK	1
1266367080087	0	RECOG_PRES	15	CHERRY	293	-999	P	991
1266367081454	0	RECOG_CR_PRES	15	CHERRY	293	-999	P	608
1266367082379	1	RECOG_FEEDBACK	0
1266367083127	0	RECOG_END
1266367093278	0	SESS_END
1266367093321	0	E	Logging Ends
