1268860184915	0	B	Logging Begins
1268860233116	0	START
1268860233140	1	PROB	'9 + 6 + 5 = '	'20'	1	3456	1
1268860236632	1	PROB	'3 + 2 + 5 = '	'10'	1	1307	1
1268860237972	1	PROB	'5 + 7 + 6 = '	'18'	1	1624	1
1268860239631	1	PROB	'7 + 4 + 3 = '	'1'	0	1429	1
1268860241090	1	PROB	'5 + 5 + 2 = '	'12'	1	2202	1
1268860243323	1	PROB	'9 + 9 + 3 = '	'21'	1	1576	1
1268860244930	1	PROB	'8 + 5 + 4 = '	'17'	1	1690	1
1268860246656	1	PROB	'9 + 6 + 2 = '	'17'	1	1612	1
1268860248297	1	PROB	'6 + 7 + 9 = '	'22'	1	2075	1
1268860250406	1	PROB	'8 + 5 + 6 = '	'19'	1	1573	1
1268860251979	0	STOP
1268860376388	0	START
1268860377338	1	PROB	'5 + 8 + 3 = '	'16'	1	2513	1
1268860379887	1	PROB	'5 + 4 + 5 = '	'14'	1	1549	1
1268860381471	1	PROB	'1 + 1 + 9 = '	'11'	1	1420	1
1268860382891	0	STOP
1268860492055	0	START
1268860493563	1	PROB	'7 + 4 + 5 = '	'16'	1	2256	1
1268860495853	1	PROB	'2 + 9 + 6 = '	'17'	1	1631	1
1268860497521	1	PROB	'1 + 7 + 1 = '	'9'	1	987	1
1268860498546	1	PROB	'2 + 4 + 4 = '	'10'	1	1130	1
1268860499676	0	STOP
1268860504163	0	START
1268860505270	1	PROB	'1 + 5 + 6 = '	'12'	1	1621	1
1268860506928	1	PROB	'2 + 1 + 4 = '	'7'	1	1827	1
1268860508786	1	PROB	'3 + 5 + 1 = '	'9'	1	1057	1
1268860509877	1	PROB	'7 + 5 + 5 = '	'17'	1	1151	1
1268860511028	0	STOP
1268860516187	0	START
1268860517186	1	PROB	'8 + 7 + 2 = '	'17'	1	1601	1
1268860518818	1	PROB	'1 + 2 + 1 = '	'4'	1	1161	1
1268860520019	1	PROB	'6 + 7 + 3 = '	'16'	1	1137	1
1268860521194	1	PROB	'9 + 1 + 4 = '	'14'	1	1793	1
1268860522987	0	STOP
1268860528052	0	START
1268860529169	1	PROB	'8 + 6 + 8 = '	'24'	0	3778	1
1268860536052	0	STOP
1268860539959	0	START
1268860540867	1	PROB	'7 + 4 + 2 = '	'15'	0	2024	1
1268860542925	1	PROB	'5 + 5 + 1 = '	'11'	1	1295	1
1268860544259	1	PROB	'7 + 2 + 8 = '	'17'	1	1688	1
1268860545983	1	PROB	'4 + 6 + 3 = '	'13'	1	988	1
1268860546971	0	STOP
1268860551858	0	START
1268860552858	1	PROB	'6 + 8 + 4 = '	'18'	1	1650	1
1268860554542	1	PROB	'5 + 6 + 2 = '	'13'	1	1333	1
1268860555907	1	PROB	'3 + 4 + 6 = '	'13'	1	1489	1
1268860557433	1	PROB	'7 + 9 + 9 = '	'25'	1	1587	1
1268860559020	0	STOP
1268860563857	0	START
1268860564683	1	PROB	'8 + 8 + 8 = '	'24'	1	2457	1
1268860567174	1	PROB	'4 + 5 + 5 = '	'14'	1	1110	1
1268860568316	1	PROB	'7 + 6 + 4 = '	'17'	1	1391	1
1268860569740	1	PROB	'9 + 6 + 2 = '	'17'	1	1472	1
1268860571212	0	STOP
1268860575840	0	START
1268860576781	1	PROB	'9 + 2 + 6 = '	'17'	1	1671	1
1268860578490	1	PROB	'7 + 3 + 5 = '	'15'	1	1194	1
1268860579722	1	PROB	'8 + 7 + 9 = '	'24'	1	1554	1
1268860581315	1	PROB	'7 + 1 + 1 = '	'9'	1	849	1
1268860582198	1	PROB	'1 + 2 + 8 = '	'11'	1	1366	1
1268860583564	0	STOP
1268860587722	0	START
1268860588531	1	PROB	'1 + 8 + 2 = '	'11'	1	1432	1
1268860589997	1	PROB	'3 + 9 + 8 = '	'20'	1	1774	1
1268860591805	1	PROB	'7 + 8 + 3 = '	'18'	1	2030	1
1268860593871	1	PROB	'2 + 2 + 6 = '	'10'	1	1773	1
1268860595644	0	STOP
1268860599846	0	START
1268860600862	1	PROB	'7 + 6 + 7 = '	'20'	1	1654	1
1268860602555	1	PROB	'9 + 4 + 9 = '	'22'	1	1809	1
1268860604397	1	PROB	'9 + 9 + 7 = '	'25'	1	1494	1
1268860605929	1	PROB	'1 + 1 + 1 = '	'3'	1	778	1
1268860606707	0	STOP
1268860611721	0	START
1268860612695	1	PROB	'4 + 7 + 1 = '	'12'	1	2236	1
1268860614970	1	PROB	'5 + 7 + 9 = '	'21'	1	2290	1
1268860617296	1	PROB	'5 + 4 + 4 = '	'13'	1	1459	1
1268860618755	0	STOP
1268860623778	0	START
1268860624777	1	PROB	'9 + 8 + 8 = '	'25'	1	2170	1
1268860626986	1	PROB	'4 + 3 + 9 = '	'16'	1	1961	1
1268860628985	1	PROB	'5 + 2 + 3 = '	'10'	1	1307	1
1268860630292	0	STOP
1268860635769	0	START
1268860636627	1	PROB	'7 + 7 + 1 = '	'15'	1	1168	1
1268860637835	1	PROB	'9 + 1 + 7 = '	'17'	1	2169	1
1268860640036	1	PROB	'6 + 6 + 1 = '	'13'	1	1432	1
1268860641502	1	PROB	'1 + 9 + 1 = '	'11'	1	998	1
1268860642500	0	STOP
1268860647776	0	START
1268860648767	1	PROB	'3 + 5 + 9 = '	'17'	1	1813	1
1268860650618	1	PROB	'9 + 2 + 8 = '	'19'	1	1586	1
1268860652243	1	PROB	'5 + 7 + 7 = '	'19'	1	3385	1
1268860655628	0	STOP
1268860659984	0	START
1268860661034	1	PROB	'4 + 4 + 6 = '	'14'	1	1330	1
1268860662401	1	PROB	'7 + 6 + 2 = '	'15'	1	1283	1
1268860663716	1	PROB	'6 + 1 + 7 = '	'14'	1	1111	1
1268860664866	1	PROB	'4 + 4 + 1 = '	'9'	1	921	1
1268860665824	1	PROB	'2 + 3 + 2 = '	'7'	1	1500	1
1268860667324	0	STOP
1268860672159	0	START
1268860673158	1	PROB	'1 + 6 + 2 = '	'9'	1	3110	1
1268860676300	1	PROB	'8 + 2 + 3 = '	'13'	1	1224	1
1268860677558	1	PROB	'4 + 3 + 5 = '	'12'	1	1766	1
1268860679324	0	STOP
1268860684133	0	START
1268860685241	1	PROB	'6 + 1 + 8 = '	'15'	1	1395	1
1268860686674	1	PROB	'3 + 7 + 6 = '	'16'	1	1914	1
1268860688624	1	PROB	'3 + 9 + 9 = '	'21'	1	1460	1
1268860690124	1	PROB	'5 + 8 + 2 = '	'15'	1	1320	1
1268860691444	0	STOP
1268860845071	0	START
1268860845953	1	PROB	'3 + 7 + 6 = '	'16'	1	1882	1
1268860847869	1	PROB	'4 + 2 + 7 = '	'13'	1	1998	1
1268860849903	1	PROB	'1 + 4 + 2 = '	'7'	1	2173	1
1268860852076	0	STOP
1268860935656	0	START
1268860937164	1	PROB	'3 + 4 + 3 = '	'11'	0	1928	1
1268860939130	1	PROB	'4 + 5 + 5 = '	'14'	1	1306	1
1268860940472	1	PROB	'9 + 2 + 5 = '	'16'	1	1427	1
1268860941938	1	PROB	'2 + 9 + 9 = '	'20'	1	1578	1
1268860943516	0	STOP
1268860947539	0	START
1268860948695	1	PROB	'5 + 1 + 6 = '	'12'	1	1180	1
1268860949912	1	PROB	'4 + 2 + 5 = '	'11'	1	1867	1
1268860951820	1	PROB	'5 + 5 + 1 = '	'11'	1	800	1
1268860952654	1	PROB	'5 + 5 + 7 = '	'17'	1	1422	1
1268860954076	0	STOP
1268860959479	0	START
1268860960537	1	PROB	'6 + 2 + 3 = '	'11'	1	1043	1
1268860961612	1	PROB	'6 + 1 + 7 = '	'14'	1	1271	1
1268860962919	1	PROB	'8 + 3 + 7 = '	'18'	1	1677	1
1268860964629	1	PROB	'9 + 9 + 3 = '	'21'	1	1399	1
1268860966028	0	STOP
1268860971379	0	START
1268860972328	1	PROB	'7 + 5 + 4 = '	'16'	1	1996	1
1268860974361	1	PROB	'5 + 1 + 5 = '	'11'	1	915	1
1268860975311	1	PROB	'2 + 9 + 2 = '	'13'	1	1596	1
1268860976943	1	PROB	'1 + 5 + 4 = '	'10'	1	1141	1
1268860978084	0	STOP
1268860983553	0	START
1268860984652	1	PROB	'4 + 8 + 8 = '	'20'	1	2920	1
1268860987610	1	PROB	'2 + 6 + 2 = '	'10'	1	882	1
1268860988527	1	PROB	'9 + 8 + 2 = '	'19'	1	1180	1
1268860989742	1	PROB	'7 + 4 + 5 = '	'1'	0	1270	1
1268860991012	0	STOP
1268860995394	0	START
1268860996593	1	PROB	'9 + 4 + 3 = '	'16'	1	1603	1
1268860998234	1	PROB	'5 + 1 + 2 = '	'8'	1	1665	1
1268860999933	1	PROB	'5 + 9 + 7 = '	'21'	1	1687	1
1268861001659	1	PROB	'2 + 8 + 9 = '	'19'	1	1713	1
1268861003372	0	STOP
1268861007326	0	START
1268861008475	1	PROB	'7 + 6 + 6 = '	'20'	0	1641	1
1268861010150	1	PROB	'5 + 7 + 8 = '	'20'	1	1950	1
1268861012133	1	PROB	'8 + 2 + 6 = '	'16'	1	1431	1
1268861013600	1	PROB	'2 + 1 + 4 = '	'7'	1	940	1
1268861014540	0	STOP
1268861019317	0	START
1268861020133	1	PROB	'2 + 4 + 1 = '	'8'	0	1335	1
1268861021508	1	PROB	'7 + 2 + 8 = '	'17'	1	1864	1
1268861023408	1	PROB	'2 + 4 + 9 = '	'15'	1	2668	1
1268861026076	0	STOP
1268861031149	0	START
1268861032290	1	PROB	'9 + 8 + 1 = '	'18'	1	1529	1
1268861033856	1	PROB	'4 + 8 + 1 = '	'13'	1	1644	1
1268861035532	1	PROB	'8 + 3 + 6 = '	'17'	1	1608	1
1268861037173	1	PROB	'2 + 5 + 7 = '	'14'	1	1415	1
1268861038588	0	STOP
1268861043023	0	START
1268861043880	1	PROB	'5 + 6 + 1 = '	'12'	1	1075	1
1268861044988	1	PROB	'8 + 2 + 1 = '	'11'	1	1544	1
1268861046581	1	PROB	'5 + 6 + 9 = '	'20'	1	2087	1
1268861048713	1	PROB	'7 + 2 + 2 = '	'11'	1	963	1
1268861049676	0	STOP
1268861054988	0	START
1268861056022	1	PROB	'8 + 6 + 5 = '	'19'	1	1470	1
1268861057538	1	PROB	'5 + 2 + 4 = '	'11'	1	1626	1
1268861059205	1	PROB	'4 + 5 + 8 = '	'17'	1	1895	1
1268861061147	1	PROB	'8 + 5 + 8 = '	'21'	1	1457	1
1268861062604	0	STOP
1268861066846	0	START
1268861068021	1	PROB	'7 + 9 + 6 = '	'22'	1	1399	1
1268861069454	1	PROB	'1 + 2 + 2 = '	'5'	1	806	1
1268861070296	1	PROB	'8 + 7 + 5 = '	'20'	1	2180	1
1268861072521	1	PROB	'1 + 1 + 5 = '	'7'	1	843	1
1268861073364	0	STOP
1268861078703	0	START
1268861079562	1	PROB	'4 + 6 + 5 = '	'15'	1	1353	1
1268861080961	1	PROB	'1 + 3 + 9 = '	'13'	1	1675	1
1268861082678	1	PROB	'4 + 9 + 7 = '	'20'	1	1582	1
1268861086702	0	STOP
1268861090553	0	START
1268861091469	1	PROB	'8 + 5 + 4 = '	'17'	1	1494	1
1268861093003	1	PROB	'8 + 9 + 9 = '	'26'	1	1976	1
1268861095027	1	PROB	'4 + 2 + 5 = '	'11'	1	2369	1
1268861097396	0	STOP
1268861102710	0	START
1268861103859	1	PROB	'7 + 1 + 9 = '	'17'	1	1353	1
1268861105252	1	PROB	'2 + 8 + 3 = '	'13'	1	1280	1
1268861106568	1	PROB	'1 + 5 + 5 = '	'11'	1	948	1
1268861107551	1	PROB	'7 + 4 + 2 = '	'15'	0	1220	1
1268861110710	0	STOP
1268861114535	0	START
1268861115659	1	PROB	'2 + 8 + 2 = '	'12'	1	1409	1
1268861117117	1	PROB	'8 + 3 + 3 = '	'14'	1	1582	1
1268861118733	1	PROB	'1 + 6 + 4 = '	'111'	0	1487	1
1268861120259	1	PROB	'4 + 1 + 3 = '	'8'	1	1425	1
1268861121684	0	STOP
1268861126400	0	START
1268861127458	1	PROB	'9 + 5 + 2 = '	'16'	1	2002	1
1268861129500	1	PROB	'7 + 2 + 5 = '	'14'	1	1744	1
1268861131283	1	PROB	'5 + 7 + 6 = '	'18'	1	1448	1
1268861134388	0	STOP
1268861222726	0	START
1268861224226	1	PROB	'3 + 3 + 8 = '	'14'	1	2266	1
1268861226534	1	PROB	'8 + 3 + 6 = '	'17'	1	1486	1
1268861228059	1	PROB	'6 + 2 + 1 = '	'9'	1	888	1
1268861228983	1	PROB	'2 + 1 + 6 = '	'9'	1	1277	1
1268861230309	1	PROB	'1 + 8 + 3 = '	'12'	1	1271	1
1268861231626	1	PROB	'9 + 2 + 1 = '	'12'	1	1273	1
1268861232950	1	PROB	'3 + 4 + 6 = '	'13'	1	1662	1
1268861234650	1	PROB	'2 + 4 + 3 = '	'9'	1	1337	1
1268861236025	1	PROB	'7 + 1 + 6 = '	'14'	1	1483	1
1268861237508	0	STOP
1268861242724	0	START
1268861243832	1	PROB	'9 + 6 + 5 = '	'20'	1	2420	1
1268861246291	1	PROB	'9 + 6 + 9 = '	'24'	1	1889	1
1268861248216	1	PROB	'5 + 2 + 1 = '	'8'	1	956	1
1268861249216	1	PROB	'9 + 9 + 7 = '	'25'	1	1268	1
1268861250524	1	PROB	'8 + 5 + 9 = '	'22'	1	2463	1
1268861253032	1	PROB	'9 + 4 + 9 = '	'22'	1	1228	1
1268861254307	1	PROB	'3 + 4 + 8 = '	'15'	1	1745	1
1268861256099	1	PROB	'6 + 9 + 9 = '	'24'	1	2265	1
1268861258364	0	STOP
1268861262706	0	START
1268861263665	1	PROB	'9 + 5 + 8 = '	'23'	0	1683	1
1268861265382	1	PROB	'7 + 3 + 2 = '	'12'	1	1581	1
1268861266997	1	PROB	'6 + 4 + 4 = '	'14'	1	1463	1
1268861268506	1	PROB	'7 + 2 + 9 = '	'18'	1	2281	1
1268861270839	1	PROB	'4 + 8 + 7 = '	'19'	1	1605	1
1268861272489	1	PROB	'9 + 4 + 5 = '	'18'	1	2091	1
1268861274623	1	PROB	'9 + 1 + 7 = '	'17'	1	1084	1
1268861275755	1	PROB	'4 + 4 + 7 = '	'15'	1	1545	1
1268861277300	0	STOP
1268861282572	0	START
1268861283380	1	PROB	'5 + 4 + 6 = '	'15'	1	1248	1
1268861284672	1	PROB	'5 + 1 + 8 = '	'14'	1	1916	1
1268861286630	1	PROB	'5 + 6 + 1 = '	'12'	1	2293	1
1268861288971	1	PROB	'1 + 4 + 5 = '	'10'	1	928	1
1268861289945	1	PROB	'6 + 2 + 5 = '	'1'	0	1211	1
1268861291205	1	PROB	'1 + 4 + 1 = '	'6'	1	1127	1
1268861292380	1	PROB	'3 + 5 + 8 = '	'16'	1	2096	1
1268861294521	1	PROB	'8 + 5 + 2 = '	'15'	1	1051	1
1268861295621	1	PROB	'7 + 1 + 8 = '	'18'	0	1519	1
1268861297140	0	STOP
1268861302521	0	START
1268861303612	1	PROB	'3 + 4 + 9 = '	'16'	1	1976	1
1268861305637	1	PROB	'3 + 1 + 8 = '	'14'	0	1695	1
1268861307370	1	PROB	'1 + 9 + 8 = '	'18'	1	1762	1
1268861309170	1	PROB	'6 + 1 + 3 = '	'10'	1	1010	1
1268861310220	1	PROB	'2 + 7 + 7 = '	'16'	1	1152	1
1268861311420	1	PROB	'3 + 3 + 4 = '	'10'	1	1471	1
1268861312936	1	PROB	'7 + 3 + 7 = '	'17'	1	1628	1
1268861314611	1	PROB	'9 + 4 + 3 = '	'16'	1	1417	1
1268861316070	1	PROB	'4 + 5 + 3 = '	'12'	1	1446	1
1268861317516	0	STOP
1268861322478	0	START
1268861323677	1	PROB	'9 + 7 + 9 = '	'25'	1	1903	1
1268861325619	1	PROB	'5 + 5 + 2 = '	'12'	1	921	1
1268861326585	1	PROB	'8 + 1 + 4 = '	'13'	1	1427	1
1268861328060	1	PROB	'8 + 3 + 2 = '	'13'	1	1895	1
1268861330002	1	PROB	'5 + 1 + 7 = '	'13'	1	1761	1
1268861331809	1	PROB	'5 + 9 + 6 = '	'20'	1	2755	1
1268861334610	1	PROB	'7 + 6 + 3 = '	'16'	1	1842	1
1268861336501	1	PROB	'9 + 5 + 1 = '	'15'	1	1103	1
1268861337604	0	STOP
1268861342351	0	START
1268861343526	1	PROB	'1 + 3 + 6 = '	'10'	1	1173	1
1268861344741	1	PROB	'9 + 5 + 4 = '	'18'	1	2311	1
1268861347101	1	PROB	'1 + 2 + 6 = '	'9'	1	1431	1
1268861348576	1	PROB	'1 + 9 + 7 = '	'17'	1	1500	1
1268861350117	1	PROB	'7 + 3 + 6 = '	'16'	1	1127	1
1268861351292	1	PROB	'9 + 8 + 1 = '	'18'	1	1344	1
1268861352675	1	PROB	'4 + 2 + 3 = '	'9'	1	1641	1
1268861354350	1	PROB	'6 + 3 + 1 = '	'10'	1	814	1
1268861355200	1	PROB	'8 + 1 + 1 = '	'10'	1	812	1
1268861356050	1	PROB	'2 + 4 + 8 = '	'14'	1	1282	1
1268861357332	0	STOP
1268861362492	0	START
1268861363599	1	PROB	'3 + 1 + 3 = '	'7'	1	861	1
1268861364499	1	PROB	'1 + 5 + 5 = '	'11'	1	929	1
1268861365466	1	PROB	'9 + 3 + 8 = '	'20'	1	1377	1
1268861366882	1	PROB	'3 + 5 + 6 = '	'14'	1	1330	1
1268861368249	1	PROB	'4 + 8 + 4 = '	'12'	0	1939	1
1268861370232	1	PROB	'5 + 4 + 3 = '	'12'	1	1996	1
1268861372265	1	PROB	'1 + 2 + 4 = '	'7'	1	923	1
1268861373224	1	PROB	'5 + 4 + 4 = '	'13'	1	1308	1
1268861374574	1	PROB	'2 + 2 + 3 = '	'7'	1	894	1
1268861375507	1	PROB	'4 + 2 + 3 = '	'19'	0	2472	1
1268861377979	0	STOP
1268861382315	0	START
1268861383306	1	PROB	'3 + 6 + 3 = '	'12'	1	1738	1
1268861385081	1	PROB	'6 + 6 + 4 = '	'16'	1	1403	1
1268861386531	1	PROB	'2 + 7 + 1 = '	'10'	1	1376	1
1268861387955	1	PROB	'1 + 6 + 5 = '	'12'	1	968	1
1268861388972	1	PROB	'9 + 5 + 2 = '	'16'	1	1696	1
1268861390713	1	PROB	'8 + 3 + 6 = '	'17'	1	1339	1
1268861392097	1	PROB	'4 + 4 + 8 = '	'16'	1	2227	1
1268861394372	1	PROB	'9 + 4 + 1 = '	'14'	1	1335	1
1268861395746	1	PROB	'7 + 1 + 7 = '	'15'	1	1233	1
1268861396979	0	STOP
1268861402372	0	START
1268861403288	1	PROB	'4 + 9 + 5 = '	'18'	1	1940	1
1268861405271	1	PROB	'8 + 1 + 1 = '	'10'	1	877	1
1268861406196	1	PROB	'8 + 9 + 6 = '	'23'	1	1880	1
1268861408113	1	PROB	'9 + 2 + 2 = '	'13'	1	3626	1
1268861411787	1	PROB	'7 + 8 + 9 = '	'24'	1	2184	1
1268861414012	1	PROB	'6 + 1 + 1 = '	'8'	1	807	1
1268861414853	1	PROB	'9 + 4 + 2 = '	'15'	1	1599	1
1268861416487	1	PROB	'9 + 3 + 6 = '	'18'	1	1452	1
1268861417939	0	STOP
1268861422487	0	START
1268861423445	1	PROB	'4 + 7 + 1 = '	'12'	1	1318	1
1268861424811	1	PROB	'3 + 3 + 4 = '	'10'	1	1080	1
1268861425927	1	PROB	'4 + 8 + 5 = '	'17'	1	2068	1
1268861428036	1	PROB	'9 + 4 + 2 = '	'15'	1	1256	1
1268861429328	1	PROB	'5 + 8 + 4 = '	'17'	1	2204	1
1268861431569	1	PROB	'6 + 4 + 2 = '	'12'	1	1043	1
1268861432653	1	PROB	'2 + 6 + 1 = '	'9'	1	943	1
1268861433636	1	PROB	'9 + 6 + 5 = '	'20'	1	1440	1
1268861435111	1	PROB	'9 + 1 + 2 = '	'12'	1	1429	1
1268861436577	1	PROB	'3 + 2 + 3 = '	'8'	1	1266	1
1268861437843	0	STOP
1268861442403	0	START
1268861443219	1	PROB	'8 + 2 + 1 = '	'11'	1	1496	1
1268861444759	1	PROB	'4 + 9 + 7 = '	'20'	1	1405	1
1268861446202	1	PROB	'8 + 4 + 7 = '	'19'	1	1250	1
1268861447493	1	PROB	'5 + 5 + 3 = '	'13'	1	855	1
1268861448385	1	PROB	'4 + 5 + 5 = '	'14'	1	947	1
1268861449368	1	PROB	'9 + 2 + 6 = '	'17'	1	1547	1
1268861450950	1	PROB	'3 + 8 + 5 = '	'16'	1	2574	1
1268861453568	1	PROB	'6 + 8 + 8 = '	'22'	1	2092	1
1268861455708	1	PROB	'7 + 5 + 8 = '	'20'	1	2624	1
1268861458332	0	STOP
1268861462318	0	START
1268861463351	1	PROB	'4 + 9 + 9 = '	'22'	1	1301	1
1268861464699	1	PROB	'9 + 5 + 9 = '	'23'	1	1393	1
1268861466142	1	PROB	'4 + 8 + 2 = '	'14'	1	2006	1
1268861468192	1	PROB	'4 + 7 + 5 = '	'16'	1	1803	1
1268861470033	1	PROB	'9 + 1 + 6 = '	'16'	1	1315	1
1268861471383	1	PROB	'5 + 7 + 9 = '	'21'	1	2428	1
1268861473857	1	PROB	'6 + 1 + 6 = '	'13'	1	1523	1
1268861475425	1	PROB	'2 + 9 + 8 = '	'19'	1	1947	1
1268861477372	0	STOP
1268861482225	0	START
1268861483041	1	PROB	'3 + 8 + 4 = '	'15'	1	1427	1
1268861484516	1	PROB	'2 + 3 + 8 = '	'13'	1	2128	1
1268861486690	1	PROB	'8 + 5 + 1 = '	'14'	1	1378	1
1268861488115	1	PROB	'6 + 7 + 8 = '	'21'	1	2688	1
1268861490847	1	PROB	'4 + 7 + 8 = '	'19'	1	1725	1
1268861492623	1	PROB	'5 + 6 + 7 = '	'18'	1	1356	1
1268861494023	1	PROB	'5 + 3 + 7 = '	'15'	1	1469	1
1268861495540	1	PROB	'2 + 6 + 9 = '	'17'	1	1760	1
1268861497300	0	STOP
1268861502181	0	START
1268861503323	1	PROB	'4 + 7 + 3 = '	'14'	1	1857	1
1268861505222	1	PROB	'5 + 6 + 9 = '	'3'	0	3477	1
1268861508738	1	PROB	'5 + 3 + 9 = '	'17'	1	1906	1
1268861510689	1	PROB	'5 + 9 + 6 = '	'20'	1	1731	1
1268861512455	1	PROB	'1 + 7 + 3 = '	'11'	1	1021	1
1268861513514	1	PROB	'7 + 6 + 3 = '	'16'	1	1305	1
1268861514862	1	PROB	'8 + 1 + 9 = '	'18'	1	2302	1
1268861517164	0	STOP
1268861522038	0	START
1268861523096	1	PROB	'8 + 1 + 8 = '	'17'	1	1156	1
1268861524288	1	PROB	'8 + 3 + 5 = '	'16'	1	1475	1
1268861525812	1	PROB	'3 + 6 + 4 = '	'13'	1	1135	1
1268861526987	1	PROB	'8 + 6 + 3 = '	'17'	1	2177	1
1268861529204	1	PROB	'1 + 2 + 9 = '	'12'	1	1384	1
1268861530629	1	PROB	'8 + 6 + 1 = '	'15'	1	1927	1
1268861532595	1	PROB	'1 + 4 + 3 = '	'8'	1	961	1
1268861533595	1	PROB	'9 + 6 + 1 = '	'16'	1	1288	1
1268861534919	1	PROB	'3 + 8 + 9 = '	'20'	1	1501	1
1268861536462	1	PROB	'1 + 2 + 2 = '	'5'	1	814	1
1268861537276	0	STOP
1268861541994	0	START
1268861543045	1	PROB	'2 + 8 + 7 = '	'17'	1	1359	1
1268861544445	1	PROB	'3 + 7 + 2 = '	'12'	1	1775	1
1268861546261	1	PROB	'9 + 8 + 4 = '	'21'	1	1967	1
1268861548269	1	PROB	'9 + 3 + 3 = '	'15'	1	1743	1
1268861550052	1	PROB	'4 + 8 + 7 = '	'19'	1	1735	1
1268861551835	1	PROB	'5 + 2 + 1 = '	'8'	1	952	1
1268861552826	1	PROB	'4 + 2 + 5 = '	'11'	1	1546	1
1268861554411	1	PROB	'4 + 2 + 4 = '	'10'	1	2400	1
1268861556811	0	STOP
1268861717490	0	START
1268861718682	1	PROB	'8 + 1 + 6 = '	'15'	1	1498	1
1268861720223	1	PROB	'4 + 7 + 4 = '	'15'	1	2933	1
1268861723207	1	PROB	'2 + 3 + 5 = '	'10'	1	845	1
1268861724052	0	STOP
1268862041974	0	START
1268862042816	1	PROB	'7 + 6 + 1 = '	'14'	1	1556	1
1268862044416	1	PROB	'7 + 1 + 5 = '	'13'	1	1092	1
1268862045558	1	PROB	'8 + 9 + 1 = '	'18'	1	1165	1
1268862046765	1	PROB	'6 + 5 + 1 = '	'12'	1	958	1
1268862047757	1	PROB	'1 + 5 + 8 = '	'14'	1	1022	1
1268862048823	1	PROB	'1 + 8 + 6 = '	'15'	1	1565	1
1268862050433	1	PROB	'9 + 5 + 9 = '	'23'	1	1346	1
1268862051815	1	PROB	'6 + 8 + 1 = '	'15'	1	1036	1
1268862052898	1	PROB	'3 + 9 + 5 = '	'17'	1	2049	1
1268862054990	1	PROB	'4 + 7 + 9 = '	'120'	0	2542	1
1268862057532	0	STOP
1268862153259	0	START
1268862154766	1	PROB	'8 + 9 + 7 = '	'24'	1	2414	1
1268862157225	1	PROB	'6 + 1 + 3 = '	'10'	1	762	1
1268862158033	1	PROB	'3 + 2 + 7 = '	'12'	1	1267	1
1268862159341	1	PROB	'8 + 3 + 9 = '	'20'	1	1526	1
1268862160867	0	STOP
1268862165225	0	START
1268862166057	1	PROB	'3 + 8 + 1 = '	'12'	1	1235	1
1268862167332	1	PROB	'4 + 3 + 9 = '	'16'	1	1551	1
1268862168923	1	PROB	'3 + 1 + 3 = '	'7'	1	832	1
1268862169790	1	PROB	'9 + 6 + 6 = '	'21'	1	1574	1
1268862171399	1	PROB	'2 + 4 + 9 = '	'15'	1	1269	1
1268862172668	0	STOP
1268862177340	0	START
1268862178165	1	PROB	'9 + 4 + 8 = '	'21'	1	1359	1
1268862179573	1	PROB	'8 + 4 + 3 = '	'15'	1	1951	1
1268862181565	1	PROB	'1 + 1 + 8 = '	'10'	1	1703	1
1268862183315	1	PROB	'4 + 1 + 2 = '	'7'	1	1552	1
1268862184867	0	STOP
1268862189464	0	START
1268862190422	1	PROB	'3 + 3 + 3 = '	'9'	1	854	1
1268862191322	1	PROB	'1 + 5 + 1 = '	'7'	1	882	1
1268862192239	1	PROB	'4 + 6 + 3 = '	'13'	1	1293	1
1268862193572	1	PROB	'3 + 2 + 6 = '	'11'	1	1576	1
1268862195189	1	PROB	'8 + 7 + 4 = '	'19'	1	1463	1
1268862196652	0	STOP
1268862201389	0	START
1268862202438	1	PROB	'5 + 8 + 3 = '	'16'	1	1541	1
1268862204030	1	PROB	'4 + 7 + 8 = '	'19'	1	1741	1
1268862205812	1	PROB	'4 + 7 + 1 = '	'12'	1	1151	1
1268862209389	0	STOP
1268862213279	0	START
1268862214329	1	PROB	'9 + 4 + 3 = '	'16'	1	2339	1
1268862216703	1	PROB	'5 + 1 + 1 = '	'7'	1	797	1
1268862217537	1	PROB	'2 + 6 + 2 = '	'10'	1	1083	1
1268862218662	1	PROB	'8 + 1 + 6 = '	'15'	1	1117	1
1268862219779	0	STOP
1268862225179	0	START
1268862226078	1	PROB	'8 + 4 + 9 = '	'21'	1	1310	1
1268862227436	1	PROB	'4 + 8 + 9 = '	'12'	0	1904	1
1268862229386	1	PROB	'8 + 4 + 2 = '	'14'	1	1666	1
1268862231094	1	PROB	'2 + 7 + 5 = '	'14'	1	1669	1
1268862232763	0	STOP
1268862237128	0	START
1268862238169	1	PROB	'4 + 7 + 5 = '	'16'	1	1339	1
1268862239552	1	PROB	'6 + 6 + 1 = '	'13'	1	916	1
1268862240510	1	PROB	'4 + 7 + 1 = '	'12'	1	1678	1
1268862242235	1	PROB	'4 + 5 + 3 = '	'12'	1	889	1
1268862243160	1	PROB	'4 + 6 + 1 = '	'11'	1	1420	1
1268862244580	0	STOP
1268862249027	0	START
1268862250051	1	PROB	'1 + 3 + 4 = '	'8'	1	896	1
1268862250992	1	PROB	'5 + 9 + 6 = '	'20'	1	1596	1
1268862252634	1	PROB	'2 + 8 + 1 = '	'11'	1	1690	1
1268862254368	1	PROB	'5 + 9 + 2 = '	'16'	1	1371	1
1268862255739	0	STOP
1268862260908	0	START
1268862262075	1	PROB	'5 + 1 + 1 = '	'7'	1	888	1
1268862263009	1	PROB	'3 + 1 + 7 = '	'11'	1	995	1
1268862264042	1	PROB	'3 + 9 + 6 = '	'18'	1	2026	1
1268862266108	1	PROB	'9 + 8 + 1 = '	'18'	1	1072	1
1268862268908	0	STOP
1268862272882	0	START
1268862274066	1	PROB	'3 + 4 + 3 = '	'10'	1	1154	1
1268862275266	1	PROB	'6 + 2 + 5 = '	'13'	1	1082	1
1268862276391	1	PROB	'6 + 9 + 4 = '	'19'	1	1500	1
1268862277932	1	PROB	'2 + 7 + 6 = '	'15'	1	1496	1
1268862279428	0	STOP
1268862284707	0	START
1268862285781	1	PROB	'4 + 5 + 8 = '	'17'	1	1966	1
1268862287789	1	PROB	'5 + 9 + 7 = '	'21'	1	1958	1
1268862289789	1	PROB	'2 + 9 + 2 = '	'13'	1	1263	1
1268862292707	0	STOP
1268862296573	0	START
1268862297556	1	PROB	'3 + 3 + 6 = '	'12'	1	1040	1
1268862298639	1	PROB	'1 + 7 + 9 = '	'18'	0	1997	1
1268862300681	1	PROB	'9 + 7 + 4 = '	'20'	1	2298	1
1268862304556	0	STOP
1268862308481	0	START
1268862309472	1	PROB	'3 + 5 + 3 = '	'11'	1	1220	1
1268862310729	1	PROB	'7 + 1 + 8 = '	'16'	1	1355	1
1268862312122	1	PROB	'9 + 5 + 2 = '	'16'	1	3146	1
1268862315268	0	STOP
1268862320372	0	START
1268862321463	1	PROB	'2 + 8 + 8 = '	'18'	1	1420	1
1268862322920	1	PROB	'6 + 1 + 3 = '	'10'	1	772	1
1268862323728	1	PROB	'2 + 7 + 4 = '	'13'	1	1163	1
1268862324936	1	PROB	'3 + 1 + 7 = '	'11'	1	907	1
1268862325878	1	PROB	'3 + 7 + 4 = '	'16'	0	1766	1
1268862327644	0	STOP
1268862332462	0	START
1268862333529	1	PROB	'5 + 7 + 2 = '	'14'	1	1779	1
1268862335353	1	PROB	'9 + 3 + 4 = '	'16'	1	1506	1
1268862336902	1	PROB	'8 + 9 + 1 = '	'18'	1	1398	1
1268862338336	1	PROB	'6 + 2 + 9 = '	'17'	1	1676	1
1268862340012	0	STOP
1268862344286	0	START
1268862345303	1	PROB	'9 + 3 + 1 = '	'13'	1	1349	1
1268862346686	1	PROB	'1 + 8 + 9 = '	'18'	1	1013	1
1268862347735	1	PROB	'8 + 5 + 6 = '	'19'	1	1541	1
1268862349311	1	PROB	'1 + 3 + 7 = '	'11'	1	1109	1
1268862350461	1	PROB	'5 + 5 + 8 = '	'18'	1	1358	1
1268862351819	0	STOP
1268862510007	0	START
1268862511049	1	PROB	'7 + 2 + 4 = '	'13'	1	1955	1
1268862513040	1	PROB	'3 + 1 + 6 = '	'10'	1	779	1
1268862513864	1	PROB	'8 + 6 + 5 = '	'19'	1	1580	1
1268862515490	1	PROB	'8 + 7 + 3 = '	'18'	1	1578	1
1268862517068	0	STOP
1268862612450	0	START
1268862613957	1	PROB	'9 + 3 + 7 = '	'19'	1	1918	1
1268862615924	1	PROB	'2 + 6 + 2 = '	'10'	1	935	1
1268862616907	1	PROB	'7 + 8 + 4 = '	'19'	1	1249	1
1268862618199	1	PROB	'2 + 7 + 5 = '	'14'	1	2061	1
1268862620307	1	PROB	'6 + 6 + 9 = '	'21'	1	2400	1
1268862622756	1	PROB	'7 + 6 + 8 = '	'19'	0	1680	1
1268862624482	1	PROB	'7 + 5 + 4 = '	'16'	1	2162	1
1268862626690	1	PROB	'7 + 4 + 2 = '	'13'	1	1482	1
1268862628172	0	STOP
1268862632324	0	START
1268862633282	1	PROB	'3 + 6 + 2 = '	'11'	1	1601	1
1268862634930	1	PROB	'9 + 4 + 2 = '	'15'	1	1274	1
1268862636248	1	PROB	'7 + 6 + 6 = '	'19'	1	1844	1
1268862638140	1	PROB	'1 + 5 + 4 = '	'10'	1	864	1
1268862639048	1	PROB	'4 + 3 + 3 = '	'10'	1	771	1
1268862639863	1	PROB	'4 + 3 + 5 = '	'12'	1	1397	1
1268862641306	1	PROB	'5 + 4 + 4 = '	'13'	1	2457	1
1268862643813	1	PROB	'6 + 2 + 1 = '	'19'	0	1974	1
1268862645830	1	PROB	'9 + 5 + 9 = '	'23'	1	1766	1
1268862647596	0	STOP
1268862652506	0	START
1268862653663	1	PROB	'6 + 1 + 4 = '	'11'	1	1029	1
1268862654737	1	PROB	'2 + 2 + 3 = '	'7'	1	875	1
1268862655655	1	PROB	'1 + 4 + 1 = '	'6'	1	837	1
1268862656538	1	PROB	'2 + 1 + 6 = '	'9'	1	914	1
1268862657496	1	PROB	'5 + 2 + 8 = '	'15'	1	1868	1
1268862659413	1	PROB	'2 + 6 + 2 = '	'10'	1	1063	1
1268862660521	1	PROB	'1 + 2 + 2 = '	'5'	1	899	1
1268862661463	1	PROB	'1 + 3 + 1 = '	'5'	1	765	1
1268862662271	1	PROB	'2 + 4 + 3 = '	'9'	1	1484	1
1268862663803	1	PROB	'8 + 5 + 5 = '	'18'	1	1593	1
1268862665446	1	PROB	'7 + 7 + 4 = '	'18'	1	1750	1
1268862667196	0	STOP
1268862672404	0	START
1268862673387	1	PROB	'7 + 1 + 7 = '	'15'	1	1376	1
1268862674811	1	PROB	'9 + 4 + 6 = '	'19'	1	2128	1
1268862676986	1	PROB	'2 + 6 + 7 = '	'15'	1	1658	1
1268862678687	1	PROB	'7 + 7 + 4 = '	'18'	1	1381	1
1268862680112	1	PROB	'5 + 1 + 3 = '	'9'	1	900	1
1268862681061	1	PROB	'1 + 6 + 8 = '	'15'	1	1551	1
1268862682661	1	PROB	'3 + 4 + 9 = '	'16'	1	1375	1
1268862684078	1	PROB	'8 + 8 + 1 = '	'187'	0	1406	1
1268862685519	1	PROB	'8 + 3 + 2 = '	'153'	0	1845	1
1268862687364	0	STOP
1268862692278	0	START
1268862693411	1	PROB	'3 + 1 + 6 = '	'10'	1	969	1
1268862694419	1	PROB	'7 + 4 + 5 = '	'16'	1	1488	1
1268862695943	1	PROB	'2 + 2 + 7 = '	'11'	1	1780	1
1268862697759	1	PROB	'7 + 8 + 2 = '	'17'	1	1573	1
1268862699377	1	PROB	'2 + 5 + 7 = '	'15'	0	2259	1
1268862701677	1	PROB	'8 + 3 + 8 = '	'19'	1	1711	1
1268862703426	1	PROB	'2 + 4 + 6 = '	'12'	1	1266	1
1268862704725	1	PROB	'2 + 2 + 9 = '	'13'	1	1182	1
1268862705950	1	PROB	'3 + 8 + 3 = '	'14'	1	1941	1
1268862707891	0	STOP
1268862712260	0	START
1268862713201	1	PROB	'9 + 6 + 3 = '	'18'	1	1786	1
1268862715034	1	PROB	'9 + 9 + 1 = '	'19'	1	1130	1
1268862716209	1	PROB	'9 + 2 + 2 = '	'13'	1	1075	1
1268862717325	1	PROB	'5 + 2 + 5 = '	'12'	1	935	1
1268862718300	1	PROB	'4 + 6 + 2 = '	'12'	1	968	1
1268862719317	1	PROB	'8 + 4 + 8 = '	'20'	1	1422	1
1268862720774	1	PROB	'2 + 6 + 9 = '	'17'	1	1854	1
1268862722667	1	PROB	'8 + 9 + 2 = '	'19'	1	1465	1
1268862724167	1	PROB	'1 + 4 + 8 = '	'13'	1	2189	1
1268862726391	1	PROB	'5 + 4 + 7 = '	'16'	1	1356	1
1268862727747	0	STOP
1268862732116	0	START
1268862733208	1	PROB	'2 + 9 + 5 = '	'16'	1	1547	1
1268862734790	1	PROB	'7 + 1 + 4 = '	'12'	1	1598	1
1268862736424	1	PROB	'7 + 1 + 4 = '	'12'	1	780	1
1268862737241	1	PROB	'3 + 8 + 1 = '	'12'	1	875	1
1268862738157	1	PROB	'7 + 8 + 8 = '	'23'	1	1798	1
1268862739989	1	PROB	'5 + 1 + 8 = '	'14'	1	1167	1
1268862741190	1	PROB	'5 + 6 + 4 = '	'15'	1	1238	1
1268862742465	1	PROB	'2 + 6 + 6 = '	'14'	1	2051	1
1268862744557	1	PROB	'8 + 6 + 9 = '	'23'	1	2047	1
1268862746604	0	STOP
1268862752257	0	START
1268862753331	1	PROB	'1 + 9 + 3 = '	'13'	1	1353	1
1268862754722	1	PROB	'7 + 8 + 8 = '	'23'	1	1418	2
1268862756189	1	PROB	'8 + 5 + 8 = '	'23'	0	1455	1
1268862757689	1	PROB	'1 + 9 + 8 = '	'18'	1	1619	1
1268862759356	1	PROB	'7 + 6 + 4 = '	'17'	1	1328	1
1268862760721	1	PROB	'7 + 2 + 8 = '	'17'	1	1459	1
1268862762222	1	PROB	'9 + 8 + 3 = '	'20'	1	1342	1
1268862763605	1	PROB	'8 + 7 + 8 = '	'23'	1	1407	1
1268862765047	1	PROB	'9 + 6 + 6 = '	'21'	1	1660	1
1268862766746	1	PROB	'2 + 2 + 2 = '	'6'	1	969	1
1268862767715	0	STOP
1268862772272	0	START
1268862773363	1	PROB	'2 + 8 + 2 = '	'12'	1	1209	1
1268862774613	1	PROB	'7 + 8 + 5 = '	'20'	1	1262	1
1268862775912	1	PROB	'4 + 6 + 9 = '	'169'	0	1700	1
1268862777654	1	PROB	'2 + 8 + 3 = '	'13'	1	1470	1
1268862779163	1	PROB	'1 + 1 + 6 = '	'8'	1	897	1
1268862780096	1	PROB	'3 + 5 + 2 = '	'10'	1	1755	1
1268862781886	1	PROB	'1 + 6 + 5 = '	'132'	0	1406	1
1268862783337	1	PROB	'2 + 6 + 1 = '	'9'	1	1410	1
1268862784786	1	PROB	'9 + 6 + 2 = '	'17'	1	2145	1
1268862786931	0	STOP
1268862793778	0	START
1268862794744	1	PROB	'5 + 1 + 4 = '	'10'	1	1356	1
1268862796145	1	PROB	'7 + 7 + 1 = '	'15'	1	971	1
1268862797161	1	PROB	'8 + 1 + 7 = '	'16'	1	1075	1
1268862798286	1	PROB	'8 + 3 + 3 = '	'14'	1	1605	1
1268862799935	1	PROB	'8 + 4 + 6 = '	'18'	1	1501	1
1268862801478	1	PROB	'8 + 6 + 4 = '	'18'	1	870	1
1268862802386	1	PROB	'7 + 5 + 8 = '	'20'	1	1802	1
1268862804227	1	PROB	'5 + 5 + 5 = '	'15'	1	1121	1
1268862805394	1	PROB	'6 + 1 + 7 = '	'14'	1	1401	1
1268862806835	1	PROB	'7 + 9 + 3 = '	'19'	1	1601	1
1268862808436	0	STOP
1268862813868	0	START
1268862814693	1	PROB	'9 + 5 + 7 = '	'21'	1	1759	1
1268862816493	1	PROB	'2 + 9 + 4 = '	'51'	0	1430	2
1268862817967	1	PROB	'6 + 2 + 7 = '	'15'	1	1213	1
1268862819218	1	PROB	'1 + 1 + 9 = '	'11'	1	1234	1
1268862820501	1	PROB	'3 + 8 + 4 = '	'15'	1	1775	1
1268862822326	1	PROB	'8 + 9 + 6 = '	'2'	0	2557	1
1268862824933	1	PROB	'7 + 7 + 7 = '	'121'	0	1279	1
1268862826251	1	PROB	'5 + 4 + 4 = '	'13'	1	1600	1
1268862827891	1	PROB	'6 + 1 + 5 = '	'12'	1	1193	1
1268862829084	0	STOP
1268862833800	0	START
1268862834807	1	PROB	'3 + 9 + 5 = '	'17'	1	1453	1
1268862836308	1	PROB	'7 + 9 + 2 = '	'18'	1	1920	1
1268862838267	1	PROB	'6 + 6 + 1 = '	'13'	1	1161	1
1268862839467	1	PROB	'2 + 2 + 1 = '	'5'	1	753	1
1268862840258	1	PROB	'6 + 2 + 5 = '	'13'	1	1058	1
1268862841358	1	PROB	'9 + 8 + 9 = '	'25'	0	3102	1
1268862844508	1	PROB	'9 + 5 + 9 = '	'23'	1	1848	1
1268862846399	1	PROB	'4 + 6 + 4 = '	'14'	1	2613	1
1268862849012	0	STOP
1268862855524	0	START
1268862856640	1	PROB	'1 + 4 + 3 = '	'8'	1	996	1
1268862857682	1	PROB	'8 + 1 + 2 = '	'11'	1	1073	1
1268862858797	1	PROB	'2 + 3 + 9 = '	'14'	1	1711	1
1268862860557	1	PROB	'2 + 8 + 2 = '	'12'	1	1551	1
1268862862156	1	PROB	'2 + 9 + 6 = '	'17'	1	1559	1
1268862863755	1	PROB	'5 + 6 + 5 = '	'156'	0	2041	1
1268862865839	1	PROB	'6 + 8 + 5 = '	'19'	1	1726	1
1268862867614	1	PROB	'6 + 6 + 8 = '	'20'	1	1686	1
1268862869339	1	PROB	'3 + 1 + 7 = '	'11'	1	921	1
1268862870260	0	STOP
1268862875523	0	START
1268862876721	1	PROB	'3 + 2 + 4 = '	'9'	1	2090	1
1268862878854	1	PROB	'3 + 9 + 4 = '	'16'	1	1470	1
1268862880363	1	PROB	'8 + 5 + 9 = '	'23'	0	1536	1
1268862881937	1	PROB	'1 + 9 + 4 = '	'14'	1	1587	1
1268862883563	1	PROB	'2 + 9 + 9 = '	'20'	1	1152	1
1268862884754	1	PROB	'2 + 5 + 6 = '	'13'	1	1241	1
1268862886038	1	PROB	'1 + 7 + 3 = '	'11'	1	974	1
1268862887046	1	PROB	'4 + 5 + 9 = '	'18'	1	1534	1
1268862888621	1	PROB	'7 + 4 + 9 = '	'20'	1	1503	1
1268862890124	0	STOP
1268862895695	0	START
1268862896587	1	PROB	'6 + 2 + 3 = '	'11'	1	1272	1
1268862897903	1	PROB	'7 + 2 + 2 = '	'1'	0	789	1
1268862898736	1	PROB	'6 + 2 + 7 = '	'15'	1	1421	1
1268862900204	1	PROB	'3 + 1 + 2 = '	'6'	1	880	1
1268862901120	1	PROB	'5 + 1 + 9 = '	'15'	1	1348	1
1268862902512	1	PROB	'3 + 1 + 9 = '	'13'	1	1243	1
1268862903802	1	PROB	'6 + 1 + 1 = '	'8'	1	929	1
1268862904777	1	PROB	'7 + 1 + 3 = '	'11'	1	922	1
1268862905744	1	PROB	'3 + 7 + 7 = '	'17'	1	1492	1
1268862907270	1	PROB	'5 + 7 + 4 = '	'16'	1	1437	1
1268862908752	1	PROB	'3 + 1 + 4 = '	'8'	1	900	1
1268862909694	1	PROB	'5 + 8 + 8 = '	'21'	1	1558	1
1268862911252	0	STOP
1268862915570	0	START
1268862916486	1	PROB	'3 + 5 + 4 = '	'12'	1	1534	1
1268862918069	1	PROB	'3 + 7 + 4 = '	'14'	1	1303	1
1268862919419	1	PROB	'5 + 3 + 3 = '	'11'	1	1105	1
1268862920561	1	PROB	'2 + 3 + 6 = '	'11'	1	1258	1
1268862921868	1	PROB	'6 + 8 + 7 = '	'21'	1	1728	1
1268862923635	1	PROB	'9 + 3 + 4 = '	'16'	1	1609	1
1268862925294	1	PROB	'5 + 2 + 6 = '	'13'	1	1549	1
1268862926892	1	PROB	'2 + 3 + 2 = '	'7'	1	983	2
1268862927917	1	PROB	'1 + 8 + 8 = '	'17'	1	1311	1
1268862929268	1	PROB	'6 + 2 + 7 = '	'16'	0	1896	1
1268862931164	0	STOP
1268862935668	0	START
1268862936584	1	PROB	'9 + 1 + 9 = '	'19'	1	1171	2
1268862937792	1	PROB	'4 + 9 + 2 = '	'15'	1	1580	1
1268862939409	1	PROB	'1 + 2 + 3 = '	'6'	1	875	1
1268862940326	1	PROB	'3 + 8 + 5 = '	'16'	1	1405	2
1268862941766	1	PROB	'5 + 8 + 6 = '	'19'	1	1454	1
1268862943267	1	PROB	'2 + 2 + 8 = '	'12'	1	1929	1
1268862945242	1	PROB	'7 + 8 + 6 = '	'21'	1	1529	1
1268862946808	1	PROB	'2 + 3 + 2 = '	'7'	1	1147	1
1268862947991	1	PROB	'4 + 5 + 6 = '	'15'	1	1549	1
1268862949583	1	PROB	'7 + 5 + 7 = '	'19'	1	1429	1
1268862951012	0	STOP
1268863113638	0	START
1268863114655	1	PROB	'2 + 1 + 6 = '	'9'	1	965	1
1268863115663	1	PROB	'3 + 3 + 4 = '	'10'	1	893	1
1268863116605	1	PROB	'2 + 1 + 8 = '	'11'	1	983	1
1268863117629	1	PROB	'5 + 8 + 4 = '	'17'	1	1463	1
1268863119138	1	PROB	'2 + 9 + 6 = '	'17'	1	1402	1
1268863120579	1	PROB	'8 + 7 + 8 = '	'23'	1	1921	1
1268863122538	1	PROB	'2 + 4 + 8 = '	'14'	1	1337	1
1268863123911	1	PROB	'5 + 6 + 6 = '	'17'	1	1485	1
1268863125437	1	PROB	'8 + 8 + 2 = '	'18'	1	1647	1
1268863127129	1	PROB	'8 + 9 + 6 = '	'23'	1	1610	1
1268863128739	0	STOP
1268863496785	0	START
1268863498285	1	PROB	'1 + 1 + 4 = '	'6'	1	1056	1
1268863499385	1	PROB	'9 + 4 + 3 = '	'16'	1	2027	2
1268863501451	1	PROB	'4 + 1 + 4 = '	'9'	1	833	2
1268863502335	1	PROB	'3 + 9 + 1 = '	'13'	1	1277	2
1268863503612	1	STOP
1268863508942	0	START
1268863509825	1	PROB	'1 + 1 + 5 = '	'7'	1	868	1
1268863510733	1	PROB	'3 + 9 + 7 = '	'19'	1	1982	2
1268863512758	1	PROB	'4 + 8 + 8 = '	'120'	0	1903	1
1268863514700	1	PROB	'8 + 7 + 8 = '	'21'	0	1207	2
1268863515907	1	STOP
1268863520849	0	START
1268863521799	1	PROB	'7 + 9 + 2 = '	'17'	0	1956	2
1268863523790	1	PROB	'8 + 6 + 5 = '	'19'	1	1750	1
1268863525575	1	PROB	'2 + 8 + 6 = '	'16'	1	1197	1
1268863526807	1	PROB	'2 + 6 + 2 = '	'10'	1	909	1
1268863527716	0	STOP
1268863532824	0	START
1268863533915	1	PROB	'6 + 7 + 1 = '	'14'	1	1202	1
1268863535157	1	PROB	'5 + 8 + 7 = '	'16'	0	1711	1
1268863536915	1	PROB	'8 + 3 + 5 = '	'16'	1	1698	1
1268863538649	1	PROB	'8 + 9 + 5 = '	'12'	0	1756	1
1268863540405	0	STOP
1268863544873	0	START
1268863545814	1	PROB	'2 + 7 + 6 = '	'15'	1	1191	1
1268863547048	1	PROB	'5 + 8 + 4 = '	'17'	1	1581	1
1268863548673	1	PROB	'4 + 4 + 1 = '	'9'	1	996	1
1268863549714	1	PROB	'1 + 3 + 2 = '	'6'	1	1082	1
1268863552872	0	STOP
1268863556780	0	START
1268863557664	1	PROB	'1 + 9 + 1 = '	'11'	1	988	2
1268863558689	1	PROB	'2 + 7 + 2 = '	'11'	1	1163	1
1268863559896	1	PROB	'7 + 4 + 5 = '	'16'	1	2019	2
1268863561963	1	PROB	'6 + 7 + 7 = '	'20'	1	1145	2
1268863563147	1	PROB	'2 + 8 + 1 = '	'9'	0	874	1
1268863564021	0	STOP
1268863568888	0	START
1268863569754	1	PROB	'9 + 4 + 9 = '	'22'	1	1387	1
1268863571188	1	PROB	'6 + 3 + 7 = '	'16'	1	1543	2
1268863572770	1	PROB	'3 + 5 + 4 = '	'12'	1	2066	1
1268863574878	1	PROB	'3 + 9 + 2 = '	'13'	0	1982	1
1268863576860	0	STOP
1268863581079	0	START
1268863582079	1	PROB	'7 + 2 + 8 = '	'1'	0	1518	1
1268863583645	1	PROB	'6 + 6 + 6 = '	'18'	1	1016	1
1268863584703	1	PROB	'8 + 5 + 1 = '	'14'	1	1438	1
1268863586187	1	PROB	'6 + 2 + 5 = '	'13'	1	1017	2
1268863587254	1	PROB	'5 + 4 + 3 = '	'12'	1	1230	3
1268863588484	2	STOP
1268863593170	0	START
1268863594078	1	PROB	'9 + 9 + 7 = '	'25'	1	1909	2
1268863596028	1	PROB	'1 + 1 + 3 = '	'5'	1	808	1
1268863596877	1	PROB	'9 + 6 + 7 = '	'22'	1	2656	1
1268863599569	1	PROB	'5 + 1 + 5 = '	'11'	1	1075	2
1268863600644	1	STOP
1268863605186	0	START
1268863606252	1	PROB	'6 + 5 + 4 = '	'15'	1	1639	2
1268863607934	1	PROB	'5 + 9 + 4 = '	'18'	1	1478	1
1268863609460	1	PROB	'8 + 4 + 2 = '	'14'	1	1073	1
1268863610568	1	PROB	'3 + 4 + 8 = '	'15'	1	1628	2
1268863612196	1	STOP
1268863617302	0	START
1268863618335	1	PROB	'7 + 9 + 5 = '	'21'	1	1822	1
1268863620201	1	PROB	'3 + 6 + 4 = '	'13'	1	1100	1
1268863621343	1	PROB	'4 + 7 + 4 = '	'15'	1	1718	1
1268863623101	1	PROB	'7 + 6 + 2 = '	'155'	0	1799	1
1268863624900	0	STOP
1268863629218	0	START
1268863630125	1	PROB	'8 + 4 + 4 = '	'16'	1	1240	1
1268863631409	1	PROB	'2 + 9 + 7 = '	'18'	1	1451	1
1268863632907	1	PROB	'2 + 1 + 9 = '	'12'	1	1897	1
1268863634841	1	PROB	'4 + 5 + 5 = '	'14'	1	899	1
1268863635740	0	STOP
1268863641242	0	START
1268863642149	1	PROB	'4 + 2 + 2 = '	'8'	1	912	1
1268863643108	1	PROB	'1 + 5 + 3 = '	'1'	0	1073	1
1268863644224	1	PROB	'3 + 8 + 9 = '	'120'	0	1668	1
1268863645931	1	PROB	'4 + 2 + 9 = '	'15'	1	1281	2
1268863647257	1	PROB	'8 + 3 + 4 = '	'15'	1	1340	1
1268863648597	0	STOP
1268863653449	0	START
1268863654274	1	PROB	'3 + 3 + 2 = '	'8'	1	907	1
1268863655223	1	PROB	'2 + 9 + 6 = '	'17'	1	1565	1
1268863656831	1	PROB	'6 + 4 + 4 = '	'14'	1	1117	1
1268863657997	1	PROB	'2 + 3 + 2 = '	'7'	1	926	2
1268863658972	1	PROB	'8 + 1 + 2 = '	'11'	1	1824	1
1268863660796	0	STOP
1268863665532	0	START
1268863666589	1	PROB	'2 + 7 + 6 = '	'15'	1	1183	1
1268863667813	1	PROB	'7 + 4 + 2 = '	'13'	1	1535	2
1268863669397	1	PROB	'1 + 5 + 6 = '	'12'	1	960	1
1268863670397	1	PROB	'9 + 4 + 2 = '	'15'	1	1792	1
1268863672189	0	STOP
1268863677431	0	START
1268863678464	1	PROB	'5 + 1 + 3 = '	'9'	1	1037	1
1268863679538	1	PROB	'9 + 3 + 9 = '	'21'	1	1186	1
1268863680762	1	PROB	'4 + 4 + 4 = '	'12'	1	978	1
1268863681779	1	PROB	'6 + 6 + 4 = '	'16'	1	1201	1
1268863683021	1	PROB	'7 + 9 + 9 = '	'25'	1	1344	1
1268863684365	0	STOP
1268863689463	0	START
1268863690371	1	PROB	'2 + 3 + 7 = '	'12'	1	1129	2
1268863691538	1	PROB	'3 + 8 + 6 = '	'17'	1	1659	1
1268863693246	1	PROB	'9 + 3 + 1 = '	'13'	1	1102	2
1268863694396	1	PROB	'7 + 4 + 5 = '	'16'	1	2072	2
1268863696468	1	STOP
1268865100447	0	E	Logging Ends
