1266872637944	0	B	Logging Begins
1266872637944	0	SESS_START	3
1266872724637	1	FR_PRES	0	MINK	897	1	0	1360	(0.57740000000000002, 0.41289999999999999, 1.0)	../fonts/amplitud.ttf	upper
1266872728712	1	FR_PRES	0	HEATER	698	1	0	854	(0.57740000000000002, 0.41289999999999999, 1.0)	../fonts/amplitud.ttf	upper
1266872732679	1	FR_PRES	0	OCEAN	970	0	1	1270	(0.42259999999999998, 0.58709999999999996, 0)	../fonts/zerothre.ttf	lower
1266872736562	1	FR_PRES	0	BISON	131	0	1	1452	(0.42259999999999998, 0.58709999999999996, 0)	../fonts/zerothre.ttf	lower
1266872740769	1	FR_PRES	0	CHEESE	289	0	0	1469	(0.42259999999999998, 0.58709999999999996, 0)	../fonts/zerothre.ttf	lower
1266872744960	1	FR_PRES	0	WARRIOR	1589	0	1	1037	(0.42259999999999998, 0.58709999999999996, 0)	../fonts/zerothre.ttf	lower
1266872748810	1	FR_PRES	0	COTTON	385	0	-999	3000	(0.42259999999999998, 0.58709999999999996, 0)	../fonts/zerothre.ttf	lower
1266872751835	1	SLOW_MSG
1266872754269	1	FR_PRES	0	SWIMMER	1420	1	0	953	(0.57740000000000002, 0.41289999999999999, 1.0)	../fonts/amplitud.ttf	upper
1266872758452	1	FR_PRES	0	PELICAN	1039	1	1	994	(0.57740000000000002, 0.41289999999999999, 1.0)	../fonts/amplitud.ttf	upper
1266872762518	1	FR_PRES	0	CAGE	218	1	0	1040	(0.57740000000000002, 0.41289999999999999, 1.0)	../fonts/amplitud.ttf	upper
1266872766468	1	FR_PRES	0	PEAR	1033	1	1	1210	(0.57740000000000002, 0.41289999999999999, 1.0)	../fonts/amplitud.ttf	upper
1266872770326	1	FR_PRES	0	TYPEWRITER	1531	1	1	976	(0.57740000000000002, 0.41289999999999999, 1.0)	../fonts/amplitud.ttf	upper
1266872774267	1	FR_PRES	0	OX	994	1	1	1099	(0.57740000000000002, 0.41289999999999999, 1.0)	../fonts/amplitud.ttf	upper
1266872778092	1	FR_PRES	0	DRUM	502	0	1	986	(0.42259999999999998, 0.58709999999999996, 0)	../fonts/zerothre.ttf	lower
1266872782150	1	FR_PRES	0	SAXOPHONE	1240	0	1	952	(0.42259999999999998, 0.58709999999999996, 0)	../fonts/zerothre.ttf	lower
1266872786316	1	FR_PRES	0	DIPLOMA	470	0	0	1338	(0.42259999999999998, 0.58709999999999996, 0)	../fonts/zerothre.ttf	lower
1266872792125	1	REC_START
1266872871319	0	REST
1266872872826	1	FR_PRES	1	CONTAINER	366	0	0	1644	(0.42259999999999998, 0.58709999999999996, 0)	../fonts/zerothre.ttf	lower
1266872876809	1	FR_PRES	1	PAPER	1011	0	0	829	(0.42259999999999998, 0.58709999999999996, 0)	../fonts/zerothre.ttf	lower
1266872880693	1	FR_PRES	1	CAVITY	264	0	0	1056	(0.42259999999999998, 0.58709999999999996, 0)	../fonts/zerothre.ttf	lower
1266872884758	1	FR_PRES	1	WAREHOUSE	1588	0	1	704	(0.42259999999999998, 0.58709999999999996, 0)	../fonts/zerothre.ttf	lower
1266872888933	1	FR_PRES	1	ARCHITECT	36	0	1	896	(0.42259999999999998, 0.58709999999999996, 0)	../fonts/zerothre.ttf	lower
1266872892908	1	FR_PRES	1	CRUMB	416	0	0	817	(0.42259999999999998, 0.58709999999999996, 0)	../fonts/zerothre.ttf	lower
1266872897050	1	FR_PRES	1	PARROT	1015	1	1	1220	(0.57740000000000002, 0.41289999999999999, 1.0)	../fonts/amplitud.ttf	upper
1266872901250	1	FR_PRES	1	PIGEON	1065	1	1	988	(0.57740000000000002, 0.41289999999999999, 1.0)	../fonts/amplitud.ttf	upper
1266872905449	1	FR_PRES	1	OTTER	986	0	0	1781	(0.42259999999999998, 0.58709999999999996, 0)	../fonts/zerothre.ttf	lower
1266872909549	1	FR_PRES	1	SEED	1266	0	0	1168	(0.42259999999999998, 0.58709999999999996, 0)	../fonts/zerothre.ttf	lower
1266872913765	1	FR_PRES	1	SILVERWARE	1308	1	0	1353	(0.57740000000000002, 0.41289999999999999, 1.0)	../fonts/amplitud.ttf	upper
1266872917898	1	FR_PRES	1	VET	1560	1	3	875	(0.57740000000000002, 0.41289999999999999, 1.0)	../fonts/amplitud.ttf	upper
1266872918806	1	KEY_MSG
1266872921864	1	FR_PRES	1	MONUMENT	913	1	0	1598	(0.57740000000000002, 0.41289999999999999, 1.0)	../fonts/amplitud.ttf	upper
1266872925681	1	FR_PRES	1	CLOSET	326	1	0	1116	(0.57740000000000002, 0.41289999999999999, 1.0)	../fonts/amplitud.ttf	upper
1266872929813	1	FR_PRES	1	PLAID	1080	1	0	1473	(0.57740000000000002, 0.41289999999999999, 1.0)	../fonts/amplitud.ttf	upper
1266872933780	1	FR_PRES	1	BLOSSOM	138	1	0	1354	(0.57740000000000002, 0.41289999999999999, 1.0)	../fonts/amplitud.ttf	upper
1266872939448	1	REC_START
1266873017458	0	REST
1266873018965	1	FR_PRES	2	BUILDER	190	-1	-1	-1266873018965	white	../fonts/Verdana.ttf	upper
1266873022790	1	FR_PRES	2	BRICK	172	-1	-1	-1266873022790	white	../fonts/Verdana.ttf	upper
1266873026806	1	FR_PRES	2	PIMPLE	1071	-1	-1	-1266873026806	white	../fonts/Verdana.ttf	upper
1266873030981	1	FR_PRES	2	ENGINE	535	-1	-1	-1266873030981	white	../fonts/Verdana.ttf	upper
1266873034956	1	FR_PRES	2	BAND	78	-1	-1	-1266873034956	white	../fonts/Verdana.ttf	upper
1266873038806	1	FR_PRES	2	ATOM	55	-1	-1	-1266873038806	white	../fonts/Verdana.ttf	upper
1266873042623	1	FR_PRES	2	BLOCKADE	137	-1	-1	-1266873042623	white	../fonts/Verdana.ttf	upper
1266873046639	1	FR_PRES	2	PEOPLE	1046	-1	-1	-1266873046639	white	../fonts/Verdana.ttf	upper
1266873050464	1	FR_PRES	2	MOB	904	-1	-1	-1266873050464	white	../fonts/Verdana.ttf	upper
1266873054297	1	FR_PRES	2	MOLECULE	905	-1	-1	-1266873054297	white	../fonts/Verdana.ttf	upper
1266873058355	1	FR_PRES	2	KIDNEY	776	-1	-1	-1266873058355	white	../fonts/Verdana.ttf	upper
1266873062513	1	FR_PRES	2	ORNAMENT	985	-1	-1	-1266873062513	white	../fonts/Verdana.ttf	upper
1266873066405	1	FR_PRES	2	THICKET	1455	-1	-1	-1266873066405	white	../fonts/Verdana.ttf	upper
1266873070446	1	FR_PRES	2	DRAWING	494	-1	-1	-1266873070446	white	../fonts/Verdana.ttf	upper
1266873074362	1	FR_PRES	2	CIRCUS	311	-1	-1	-1266873074362	white	../fonts/Verdana.ttf	upper
1266873078554	1	FR_PRES	2	PASSENGER	1020	-1	-1	-1266873078554	white	../fonts/Verdana.ttf	upper
1266873084395	1	REC_START
1266873171497	0	REST
1266873173005	1	FR_PRES	3	CHEST	295	-1	-1	-1266873173005	white	../fonts/Verdana.ttf	upper
1266873176912	1	FR_PRES	3	MICROSCOPE	891	-1	-1	-1266873176912	white	../fonts/Verdana.ttf	upper
1266873180987	1	FR_PRES	3	TREE	1502	-1	-1	-1266873180987	white	../fonts/Verdana.ttf	upper
1266873184920	1	FR_PRES	3	RAT	1169	-1	-1	-1266873184920	white	../fonts/Verdana.ttf	upper
1266873188845	1	FR_PRES	3	FIREPLACE	570	-1	-1	-1266873188845	white	../fonts/Verdana.ttf	upper
1266873193029	1	FR_PRES	3	MONK	910	-1	-1	-1266873193029	white	../fonts/Verdana.ttf	upper
1266873197137	1	FR_PRES	3	FRIAR	605	-1	-1	-1266873197137	white	../fonts/Verdana.ttf	upper
1266873201136	1	FR_PRES	3	BRIEFCASE	175	-1	-1	-1266873201136	white	../fonts/Verdana.ttf	upper
1266873205078	1	FR_PRES	3	MAGAZINE	853	-1	-1	-1266873205078	white	../fonts/Verdana.ttf	upper
1266873208985	1	FR_PRES	3	FOLDER	588	-1	-1	-1266873208985	white	../fonts/Verdana.ttf	upper
1266873212810	1	FR_PRES	3	ATTIRE	57	-1	-1	-1266873212810	white	../fonts/Verdana.ttf	upper
1266873216669	1	FR_PRES	3	CREEK	404	-1	-1	-1266873216669	white	../fonts/Verdana.ttf	upper
1266873220784	1	FR_PRES	3	LAPEL	800	-1	-1	-1266873220784	white	../fonts/Verdana.ttf	upper
1266873224917	1	FR_PRES	3	FUR	615	-1	-1	-1266873224917	white	../fonts/Verdana.ttf	upper
1266873229009	1	FR_PRES	3	ISLAND	745	-1	-1	-1266873229009	white	../fonts/Verdana.ttf	upper
1266873233018	1	FR_PRES	3	COAT	333	-1	-1	-1266873233018	white	../fonts/Verdana.ttf	upper
1266873238942	1	REC_START
1266873317445	0	REST
1266873318952	1	FR_PRES	4	SUPERVISOR	1410	1	1	1358	(0.57740000000000002, 0.41289999999999999, 1.0)	../fonts/amplitud.ttf	upper
1266873323086	1	FR_PRES	4	HOOP	716	1	0	847	(0.57740000000000002, 0.41289999999999999, 1.0)	../fonts/amplitud.ttf	upper
1266873327127	1	FR_PRES	4	CATCHER	258	1	0	999	(0.57740000000000002, 0.41289999999999999, 1.0)	../fonts/amplitud.ttf	upper
1266873331319	1	FR_PRES	4	CUFF	423	0	0	1335	(0.42259999999999998, 0.58709999999999996, 0)	../fonts/zerothre.ttf	lower
1266873335243	1	FR_PRES	4	LIZARD	834	0	0	883	(0.42259999999999998, 0.58709999999999996, 0)	../fonts/zerothre.ttf	lower
1266873339060	1	FR_PRES	4	FACTORY	548	0	1	793	(0.42259999999999998, 0.58709999999999996, 0)	../fonts/zerothre.ttf	lower
1266873343193	1	FR_PRES	4	YOUTH	1634	0	1	1317	(0.42259999999999998, 0.58709999999999996, 0)	../fonts/zerothre.ttf	lower
1266873347301	1	FR_PRES	4	SPRINKLE	1359	0	0	785	(0.42259999999999998, 0.58709999999999996, 0)	../fonts/zerothre.ttf	lower
1266873351126	1	FR_PRES	4	ROD	1203	1	0	1647	(0.57740000000000002, 0.41289999999999999, 1.0)	../fonts/amplitud.ttf	upper
1266873355134	1	FR_PRES	4	LAUNDRY	803	1	0	591	(0.57740000000000002, 0.41289999999999999, 1.0)	../fonts/amplitud.ttf	upper
1266873359025	1	FR_PRES	4	DISHWASHER	475	1	0	692	(0.57740000000000002, 0.41289999999999999, 1.0)	../fonts/amplitud.ttf	upper
1266873362899	1	FR_PRES	4	PICTURE	1061	0	1	1107	(0.42259999999999998, 0.58709999999999996, 0)	../fonts/zerothre.ttf	lower
1266873367016	1	FR_PRES	4	PORTRAIT	1111	0	1	990	(0.42259999999999998, 0.58709999999999996, 0)	../fonts/zerothre.ttf	lower
1266873371224	1	FR_PRES	4	BANNER	85	0	1	1046	(0.42259999999999998, 0.58709999999999996, 0)	../fonts/zerothre.ttf	lower
1266873375391	1	FR_PRES	4	MOTEL	919	1	0	1111	(0.57740000000000002, 0.41289999999999999, 1.0)	../fonts/amplitud.ttf	upper
1266873379407	1	FR_PRES	4	SERPENT	1270	1	1	1382	(0.57740000000000002, 0.41289999999999999, 1.0)	../fonts/amplitud.ttf	upper
1266873385107	1	REC_START
1266873462725	0	REST
1266873464226	1	FR_PRES	5	CRADLE	399	-1	-1	-1266873464226	white	../fonts/Verdana.ttf	upper
1266873468067	1	FR_PRES	5	YARN	1631	-1	-1	-1266873468067	white	../fonts/Verdana.ttf	upper
1266873472225	1	FR_PRES	5	THREAD	1460	-1	-1	-1266873472225	white	../fonts/Verdana.ttf	upper
1266873476083	1	FR_PRES	5	STOVE	1388	-1	-1	-1266873476083	white	../fonts/Verdana.ttf	upper
1266873480208	1	FR_PRES	5	CRICKET	408	-1	-1	-1266873480208	white	../fonts/Verdana.ttf	upper
1266873484033	1	FR_PRES	5	TECHNICIAN	1443	-1	-1	-1266873484033	white	../fonts/Verdana.ttf	upper
1266873488191	1	FR_PRES	5	WALNUT	1584	-1	-1	-1266873488191	white	../fonts/Verdana.ttf	upper
1266873492349	1	FR_PRES	5	KEG	770	-1	-1	-1266873492349	white	../fonts/Verdana.ttf	upper
1266873496432	1	FR_PRES	5	GOO	648	-1	-1	-1266873496432	white	../fonts/Verdana.ttf	upper
1266873500523	1	FR_PRES	5	NOTEBOOK	959	-1	-1	-1266873500523	white	../fonts/Verdana.ttf	upper
1266873504456	1	FR_PRES	5	QUILL	1150	-1	-1	-1266873504456	white	../fonts/Verdana.ttf	upper
1266873508398	1	FR_PRES	5	WHEAT	1602	-1	-1	-1266873508398	white	../fonts/Verdana.ttf	upper
1266873512572	1	FR_PRES	5	UNICORN	1538	-1	-1	-1266873512572	white	../fonts/Verdana.ttf	upper
1266873516672	1	FR_PRES	5	MUG	930	-1	-1	-1266873516672	white	../fonts/Verdana.ttf	upper
1266873520663	1	FR_PRES	5	GROCERIES	663	-1	-1	-1266873520663	white	../fonts/Verdana.ttf	upper
1266873524820	1	FR_PRES	5	TABLET	1427	-1	-1	-1266873524820	white	../fonts/Verdana.ttf	upper
1266873530547	1	REC_START
1266873608249	0	REST
1266873609756	1	FR_PRES	6	TURNIP	1521	0	0	1057	(0.42259999999999998, 0.58709999999999996, 0)	../fonts/zerothre.ttf	lower
1266873613889	1	FR_PRES	6	VAGRANT	1544	0	1	964	(0.42259999999999998, 0.58709999999999996, 0)	../fonts/zerothre.ttf	lower
1266873617805	1	FR_PRES	6	CLOTHES	327	0	1	881	(0.42259999999999998, 0.58709999999999996, 0)	../fonts/zerothre.ttf	lower
1266873621797	1	FR_PRES	6	TOWEL	1489	0	1	729	(0.42259999999999998, 0.58709999999999996, 0)	../fonts/zerothre.ttf	lower
1266873625997	1	FR_PRES	6	RESTAURANT	1187	0	1	681	(0.42259999999999998, 0.58709999999999996, 0)	../fonts/zerothre.ttf	lower
1266873629946	1	FR_PRES	6	NEWSSTAND	949	0	1	795	(0.42259999999999998, 0.58709999999999996, 0)	../fonts/zerothre.ttf	lower
1266873633996	1	FR_PRES	6	SARDINE	1235	0	0	873	(0.42259999999999998, 0.58709999999999996, 0)	../fonts/zerothre.ttf	lower
1266873637854	1	FR_PRES	6	VICTIM	1562	0	1	1392	(0.42259999999999998, 0.58709999999999996, 0)	../fonts/zerothre.ttf	lower
1266873642038	1	FR_PRES	6	FILM	565	0	1	1040	(0.42259999999999998, 0.58709999999999996, 0)	../fonts/zerothre.ttf	lower
1266873646113	1	FR_PRES	6	SCREEN	1253	0	1	1165	(0.42259999999999998, 0.58709999999999996, 0)	../fonts/zerothre.ttf	lower
1266873650046	1	FR_PRES	6	CRIMINAL	409	0	1	943	(0.42259999999999998, 0.58709999999999996, 0)	../fonts/zerothre.ttf	lower
1266873654179	1	FR_PRES	6	PIN	1072	0	0	802	(0.42259999999999998, 0.58709999999999996, 0)	../fonts/zerothre.ttf	lower
1266873658354	1	FR_PRES	6	COWARD	394	0	1	884	(0.42259999999999998, 0.58709999999999996, 0)	../fonts/zerothre.ttf	lower
1266873662403	1	FR_PRES	6	SQUID	1361	0	1	1179	(0.42259999999999998, 0.58709999999999996, 0)	../fonts/zerothre.ttf	lower
1266873666495	1	FR_PRES	6	GIRAFFE	636	0	1	951	(0.42259999999999998, 0.58709999999999996, 0)	../fonts/zerothre.ttf	lower
1266873670386	1	FR_PRES	6	ELEPHANT	523	0	1	732	(0.42259999999999998, 0.58709999999999996, 0)	../fonts/zerothre.ttf	lower
1266873676186	1	REC_START
1266873753580	0	REST
1266873755088	1	FR_PRES	7	TICKET	1464	0	0	1126	(0.42259999999999998, 0.58709999999999996, 0)	../fonts/zerothre.ttf	lower
1266873759030	1	FR_PRES	7	DRUG	501	0	0	1456	(0.42259999999999998, 0.58709999999999996, 0)	../fonts/zerothre.ttf	lower
1266873762895	1	FR_PRES	7	TRUMPET	1513	0	1	990	(0.42259999999999998, 0.58709999999999996, 0)	../fonts/zerothre.ttf	lower
1266873767054	1	FR_PRES	7	BELLY	119	0	1	831	(0.42259999999999998, 0.58709999999999996, 0)	../fonts/zerothre.ttf	lower
1266873771137	1	FR_PRES	7	DINNER	468	1	0	1005	(0.57740000000000002, 0.41289999999999999, 1.0)	../fonts/amplitud.ttf	upper
1266873774952	1	FR_PRES	7	BALL	73	1	0	1094	(0.57740000000000002, 0.41289999999999999, 1.0)	../fonts/amplitud.ttf	upper
1266873778852	1	FR_PRES	7	SCREW	1254	1	0	690	(0.57740000000000002, 0.41289999999999999, 1.0)	../fonts/amplitud.ttf	upper
1266873782827	1	FR_PRES	7	PRODUCER	1129	1	1	1187	(0.57740000000000002, 0.41289999999999999, 1.0)	../fonts/amplitud.ttf	upper
1266873786777	1	FR_PRES	7	MAMMAL	861	1	1	805	(0.57740000000000002, 0.41289999999999999, 1.0)	../fonts/amplitud.ttf	upper
1266873790602	1	FR_PRES	7	OBOE	969	1	0	1084	(0.57740000000000002, 0.41289999999999999, 1.0)	../fonts/amplitud.ttf	upper
1266873794652	1	FR_PRES	7	BALLERINA	74	0	1	1370	(0.42259999999999998, 0.58709999999999996, 0)	../fonts/zerothre.ttf	lower
1266873798493	1	FR_PRES	7	INCENSE	735	0	0	1224	(0.42259999999999998, 0.58709999999999996, 0)	../fonts/zerothre.ttf	lower
1266873802385	1	FR_PRES	7	RODENT	1204	0	0	901	(0.42259999999999998, 0.58709999999999996, 0)	../fonts/zerothre.ttf	lower
1266873806218	1	FR_PRES	7	MOUSE	925	0	0	812	(0.42259999999999998, 0.58709999999999996, 0)	../fonts/zerothre.ttf	lower
1266873810301	1	FR_PRES	7	APE	31	1	1	1528	(0.57740000000000002, 0.41289999999999999, 1.0)	../fonts/amplitud.ttf	upper
1266873814476	1	FR_PRES	7	CANDY	230	1	0	818	(0.57740000000000002, 0.41289999999999999, 1.0)	../fonts/amplitud.ttf	upper
1266873820342	1	REC_START
1266873898686	0	REST
1266873900203	1	FR_PRES	8	LOBBY	836	1	0	1171	(0.57740000000000002, 0.41289999999999999, 1.0)	../fonts/amplitud.ttf	upper
1266873904036	1	FR_PRES	8	HOSTESS	723	1	1	953	(0.57740000000000002, 0.41289999999999999, 1.0)	../fonts/amplitud.ttf	upper
1266873908119	1	FR_PRES	8	BEGGAR	117	1	1	935	(0.57740000000000002, 0.41289999999999999, 1.0)	../fonts/amplitud.ttf	upper
1266873912144	1	FR_PRES	8	ROOT	1210	1	0	1350	(0.57740000000000002, 0.41289999999999999, 1.0)	../fonts/amplitud.ttf	upper
1266873916043	1	FR_PRES	8	TWIN	1528	1	1	995	(0.57740000000000002, 0.41289999999999999, 1.0)	../fonts/amplitud.ttf	upper
1266873919942	1	FR_PRES	8	MACHINE	852	1	0	847	(0.57740000000000002, 0.41289999999999999, 1.0)	../fonts/amplitud.ttf	upper
1266873923908	1	FR_PRES	8	LID	817	1	0	1081	(0.57740000000000002, 0.41289999999999999, 1.0)	../fonts/amplitud.ttf	upper
1266873927716	1	FR_PRES	8	MOUNTAIN	924	1	0	1041	(0.57740000000000002, 0.41289999999999999, 1.0)	../fonts/amplitud.ttf	upper
1266873931900	1	FR_PRES	8	CASH	252	1	0	690	(0.57740000000000002, 0.41289999999999999, 1.0)	../fonts/amplitud.ttf	upper
1266873935857	1	FR_PRES	8	TREASURE	1500	1	0	765	(0.57740000000000002, 0.41289999999999999, 1.0)	../fonts/amplitud.ttf	upper
1266873940042	1	FR_PRES	8	HAND	683	1	0	1244	(0.57740000000000002, 0.41289999999999999, 1.0)	../fonts/amplitud.ttf	upper
1266873944075	1	FR_PRES	8	SISTER	1312	1	1	898	(0.57740000000000002, 0.41289999999999999, 1.0)	../fonts/amplitud.ttf	upper
1266873948258	1	FR_PRES	8	PAD	998	1	0	948	(0.57740000000000002, 0.41289999999999999, 1.0)	../fonts/amplitud.ttf	upper
1266873952316	1	FR_PRES	8	ESSAY	540	1	0	938	(0.57740000000000002, 0.41289999999999999, 1.0)	../fonts/amplitud.ttf	upper
1266873956324	1	FR_PRES	8	HATCHET	691	1	0	1098	(0.57740000000000002, 0.41289999999999999, 1.0)	../fonts/amplitud.ttf	upper
1266873960473	1	FR_PRES	8	TOE	1473	1	0	1372	(0.57740000000000002, 0.41289999999999999, 1.0)	../fonts/amplitud.ttf	upper
1266873966382	1	REC_START
1266874043842	0	REST
1266874045342	1	FR_PRES	9	BOUILLON	154	1	0	1607	(0.57740000000000002, 0.41289999999999999, 1.0)	../fonts/amplitud.ttf	upper
1266874049159	1	FR_PRES	9	MUSHROOM	934	1	1	983	(0.57740000000000002, 0.41289999999999999, 1.0)	../fonts/amplitud.ttf	upper
1266874053367	1	FR_PRES	9	WINGS	1614	1	0	1414	(0.57740000000000002, 0.41289999999999999, 1.0)	../fonts/amplitud.ttf	upper
1266874057566	1	FR_PRES	9	PERISCOPE	1050	1	0	880	(0.57740000000000002, 0.41289999999999999, 1.0)	../fonts/amplitud.ttf	upper
1266874061475	1	FR_PRES	9	WATER	1594	0	1	1107	(0.42259999999999998, 0.58709999999999996, 0)	../fonts/zerothre.ttf	lower
1266874065341	1	FR_PRES	9	SUBURB	1399	0	1	897	(0.42259999999999998, 0.58709999999999996, 0)	../fonts/zerothre.ttf	lower
1266874069191	1	FR_PRES	9	SUSPECT	1415	0	1	1015	(0.42259999999999998, 0.58709999999999996, 0)	../fonts/zerothre.ttf	lower
1266874073399	1	FR_PRES	9	ROOST	1208	0	1	1911	(0.42259999999999998, 0.58709999999999996, 0)	../fonts/zerothre.ttf	lower
1266874077323	1	FR_PRES	9	HAIL	676	1	0	1099	(0.57740000000000002, 0.41289999999999999, 1.0)	../fonts/amplitud.ttf	upper
1266874081498	1	FR_PRES	9	FOE	587	1	1	1219	(0.57740000000000002, 0.41289999999999999, 1.0)	../fonts/amplitud.ttf	upper
1266874085464	1	FR_PRES	9	COMPANION	357	1	1	1222	(0.57740000000000002, 0.41289999999999999, 1.0)	../fonts/amplitud.ttf	upper
1266874089314	1	FR_PRES	9	MISSILE	900	1	0	908	(0.57740000000000002, 0.41289999999999999, 1.0)	../fonts/amplitud.ttf	upper
1266874093155	1	FR_PRES	9	FEMALE	559	0	-999	3001	(0.42259999999999998, 0.58709999999999996, 0)	../fonts/zerothre.ttf	lower
1266874096180	1	SLOW_MSG
1266874098771	1	FR_PRES	9	VILLAGE	1566	0	1	715	(0.42259999999999998, 0.58709999999999996, 0)	../fonts/zerothre.ttf	lower
1266874102887	1	FR_PRES	9	RECIPE	1175	0	1	950	(0.42259999999999998, 0.58709999999999996, 0)	../fonts/zerothre.ttf	lower
1266874106962	1	FR_PRES	9	PLATE	1086	0	0	1011	(0.42259999999999998, 0.58709999999999996, 0)	../fonts/zerothre.ttf	lower
1266874112795	1	REC_START
1266874191107	0	REST
1266874192615	1	FR_PRES	10	LEG	809	1	1	1118	(0.57740000000000002, 0.41289999999999999, 1.0)	../fonts/amplitud.ttf	upper
1266874196548	1	FR_PRES	10	LIMB	822	1	1	1098	(0.57740000000000002, 0.41289999999999999, 1.0)	../fonts/amplitud.ttf	upper
1266874200722	1	FR_PRES	10	APPENDAGE	32	1	0	1171	(0.57740000000000002, 0.41289999999999999, 1.0)	../fonts/amplitud.ttf	upper
1266874204763	1	FR_PRES	10	SILK	1307	1	0	731	(0.57740000000000002, 0.41289999999999999, 1.0)	../fonts/amplitud.ttf	upper
1266874208805	1	FR_PRES	10	COLESLAW	344	1	0	905	(0.57740000000000002, 0.41289999999999999, 1.0)	../fonts/amplitud.ttf	upper
1266874212639	1	FR_PRES	10	DETERGENT	455	1	0	743	(0.57740000000000002, 0.41289999999999999, 1.0)	../fonts/amplitud.ttf	upper
1266874216837	1	FR_PRES	10	RAG	1160	1	0	753	(0.57740000000000002, 0.41289999999999999, 1.0)	../fonts/amplitud.ttf	upper
1266874220671	1	FR_PRES	10	BEAST	108	1	1	1463	(0.57740000000000002, 0.41289999999999999, 1.0)	../fonts/amplitud.ttf	upper
1266874224812	1	FR_PRES	10	SHOULDER	1294	1	1	1338	(0.57740000000000002, 0.41289999999999999, 1.0)	../fonts/amplitud.ttf	upper
1266874228953	1	FR_PRES	10	WITNESS	1618	1	1	948	(0.57740000000000002, 0.41289999999999999, 1.0)	../fonts/amplitud.ttf	upper
1266874233137	1	FR_PRES	10	HERO	706	1	1	925	(0.57740000000000002, 0.41289999999999999, 1.0)	../fonts/amplitud.ttf	upper
1266874236961	1	FR_PRES	10	CORN	381	1	1	1317	(0.57740000000000002, 0.41289999999999999, 1.0)	../fonts/amplitud.ttf	upper
1266874241062	1	FR_PRES	10	ZEBRA	1635	1	1	927	(0.57740000000000002, 0.41289999999999999, 1.0)	../fonts/amplitud.ttf	upper
1266874245061	1	FR_PRES	10	POLICE	1098	1	1	1161	(0.57740000000000002, 0.41289999999999999, 1.0)	../fonts/amplitud.ttf	upper
1266874249069	1	FR_PRES	10	ATTORNEY	58	1	1	1185	(0.57740000000000002, 0.41289999999999999, 1.0)	../fonts/amplitud.ttf	upper
1266874253036	1	FR_PRES	10	LOLLIPOP	842	1	0	881	(0.57740000000000002, 0.41289999999999999, 1.0)	../fonts/amplitud.ttf	upper
1266874258718	1	REC_START
1266874336705	0	REST
1266874338213	1	FR_PRES	11	ELBOW	520	0	1	1089	(0.42259999999999998, 0.58709999999999996, 0)	../fonts/zerothre.ttf	lower
1266874342296	1	FR_PRES	11	KNEE	784	0	1	726	(0.42259999999999998, 0.58709999999999996, 0)	../fonts/zerothre.ttf	lower
1266874346229	1	FR_PRES	11	SECRETARY	1265	0	1	1001	(0.42259999999999998, 0.58709999999999996, 0)	../fonts/zerothre.ttf	lower
1266874350237	1	FR_PRES	11	EMPLOYER	532	0	1	817	(0.42259999999999998, 0.58709999999999996, 0)	../fonts/zerothre.ttf	lower
1266874354353	1	FR_PRES	11	SPATULA	1348	0	0	885	(0.42259999999999998, 0.58709999999999996, 0)	../fonts/zerothre.ttf	lower
1266874358478	1	FR_PRES	11	MEDICINE	886	0	0	960	(0.42259999999999998, 0.58709999999999996, 0)	../fonts/zerothre.ttf	lower
1266874362486	1	FR_PRES	11	CANAL	226	0	1	864	(0.42259999999999998, 0.58709999999999996, 0)	../fonts/zerothre.ttf	lower
1266874366402	1	FR_PRES	11	PEANUT	1032	0	0	860	(0.42259999999999998, 0.58709999999999996, 0)	../fonts/zerothre.ttf	lower
1266874370386	1	FR_PRES	11	DOLLAR	482	0	0	1084	(0.42259999999999998, 0.58709999999999996, 0)	../fonts/zerothre.ttf	lower
1266874374260	1	FR_PRES	11	FORK	594	0	0	1314	(0.42259999999999998, 0.58709999999999996, 0)	../fonts/zerothre.ttf	lower
1266874378293	1	FR_PRES	11	BALLOT	76	0	0	1313	(0.42259999999999998, 0.58709999999999996, 0)	../fonts/zerothre.ttf	lower
1266874382168	1	FR_PRES	11	SKIRT	1319	0	1	1326	(0.42259999999999998, 0.58709999999999996, 0)	../fonts/zerothre.ttf	lower
1266874386276	1	FR_PRES	11	SWING	1421	0	1	1226	(0.42259999999999998, 0.58709999999999996, 0)	../fonts/zerothre.ttf	lower
1266874390351	1	FR_PRES	11	HOME	712	0	1	927	(0.42259999999999998, 0.58709999999999996, 0)	../fonts/zerothre.ttf	lower
1266874394392	1	FR_PRES	11	CASHEW	253	0	0	750	(0.42259999999999998, 0.58709999999999996, 0)	../fonts/zerothre.ttf	lower
1266874398442	1	FR_PRES	11	PLUMBER	1091	0	1	860	(0.42259999999999998, 0.58709999999999996, 0)	../fonts/zerothre.ttf	lower
1266874404375	1	REC_START
1266874934387	0	REST
1266874935894	1	FR_PRES	12	DINER	467	-1	-1	-1266874935894	white	../fonts/Verdana.ttf	upper
1266874939727	1	FR_PRES	12	BARLEY	88	-1	-1	-1266874939727	white	../fonts/Verdana.ttf	upper
1266874943893	1	FR_PRES	12	TREAD	1499	-1	-1	-1266874943893	white	../fonts/Verdana.ttf	upper
1266874947743	1	FR_PRES	12	PUDDLE	1140	-1	-1	-1266874947743	white	../fonts/Verdana.ttf	upper
1266874951893	1	FR_PRES	12	CORPORATION	382	-1	-1	-1266874951893	white	../fonts/Verdana.ttf	upper
1266874955710	1	FR_PRES	12	CEILING	265	-1	-1	-1266874955710	white	../fonts/Verdana.ttf	upper
1266874959526	1	FR_PRES	12	POLYESTER	1100	-1	-1	-1266874959526	white	../fonts/Verdana.ttf	upper
1266874963493	1	FR_PRES	12	SHORTS	1293	-1	-1	-1266874963493	white	../fonts/Verdana.ttf	upper
1266874967459	1	FR_PRES	12	RADIATOR	1156	-1	-1	-1266874967459	white	../fonts/Verdana.ttf	upper
1266874971417	1	FR_PRES	12	RADIO	1157	-1	-1	-1266874971417	white	../fonts/Verdana.ttf	upper
1266874975575	1	FR_PRES	12	SKELETON	1314	-1	-1	-1266874975575	white	../fonts/Verdana.ttf	upper
1266874979508	1	FR_PRES	12	SCOUT	1252	-1	-1	-1266874979508	white	../fonts/Verdana.ttf	upper
1266874983533	1	FR_PRES	12	CONSOLE	364	-1	-1	-1266874983533	white	../fonts/Verdana.ttf	upper
1266874987566	1	FR_PRES	12	MAILBOX	857	-1	-1	-1266874987566	white	../fonts/Verdana.ttf	upper
1266874991574	1	FR_PRES	12	RUG	1215	-1	-1	-1266874991574	white	../fonts/Verdana.ttf	upper
1266874995599	1	FR_PRES	12	HOUSE	725	-1	-1	-1266874995599	white	../fonts/Verdana.ttf	upper
1266875001241	1	REC_START
1266875078585	0	REST
1266875080093	1	FR_PRES	13	OYSTER	995	0	0	1025	(0.42259999999999998, 0.58709999999999996, 0)	../fonts/zerothre.ttf	lower
1266875083917	1	FR_PRES	13	NAIL	936	0	0	689	(0.42259999999999998, 0.58709999999999996, 0)	../fonts/zerothre.ttf	lower
1266875088034	1	FR_PRES	13	CAKE	219	0	1	988	(0.42259999999999998, 0.58709999999999996, 0)	../fonts/zerothre.ttf	lower
1266875092050	1	FR_PRES	13	CONCERT	360	0	1	1052	(0.42259999999999998, 0.58709999999999996, 0)	../fonts/zerothre.ttf	lower
1266875095907	1	FR_PRES	13	RIVER	1194	0	1	1179	(0.42259999999999998, 0.58709999999999996, 0)	../fonts/zerothre.ttf	lower
1266875100108	1	FR_PRES	13	SNORKEL	1336	0	0	1633	(0.42259999999999998, 0.58709999999999996, 0)	../fonts/zerothre.ttf	lower
1266875104141	1	FR_PRES	13	STRING	1394	0	0	977	(0.42259999999999998, 0.58709999999999996, 0)	../fonts/zerothre.ttf	lower
1266875107956	1	FR_PRES	13	HARP	689	0	1	1378	(0.42259999999999998, 0.58709999999999996, 0)	../fonts/zerothre.ttf	lower
1266875112157	1	FR_PRES	13	CELLO	268	0	1	897	(0.42259999999999998, 0.58709999999999996, 0)	../fonts/zerothre.ttf	lower
1266875116173	1	FR_PRES	13	CABINET	212	0	1	768	(0.42259999999999998, 0.58709999999999996, 0)	../fonts/zerothre.ttf	lower
1266875120323	1	FR_PRES	13	WAITER	1580	0	1	755	(0.42259999999999998, 0.58709999999999996, 0)	../fonts/zerothre.ttf	lower
1266875124440	1	FR_PRES	13	MAID	856	0	1	750	(0.42259999999999998, 0.58709999999999996, 0)	../fonts/zerothre.ttf	lower
1266875128306	1	FR_PRES	13	SHORTCAKE	1292	0	0	1491	(0.42259999999999998, 0.58709999999999996, 0)	../fonts/zerothre.ttf	lower
1266875132364	1	FR_PRES	13	BRAKE	166	0	0	1489	(0.42259999999999998, 0.58709999999999996, 0)	../fonts/zerothre.ttf	lower
1266875136439	1	FR_PRES	13	HERB	704	0	0	927	(0.42259999999999998, 0.58709999999999996, 0)	../fonts/zerothre.ttf	lower
1266875140505	1	FR_PRES	13	SKULL	1320	0	0	1501	(0.42259999999999998, 0.58709999999999996, 0)	../fonts/zerothre.ttf	lower
1266875146239	1	REC_START
1266875223674	0	REST
1266875225182	1	FR_PRES	14	ROBBER	1197	1	1	920	(0.57740000000000002, 0.41289999999999999, 1.0)	../fonts/amplitud.ttf	upper
1266875229099	1	FR_PRES	14	THIEF	1456	1	1	810	(0.57740000000000002, 0.41289999999999999, 1.0)	../fonts/amplitud.ttf	upper
1266875233073	1	FR_PRES	14	LADDER	793	1	0	644	(0.57740000000000002, 0.41289999999999999, 1.0)	../fonts/amplitud.ttf	upper
1266875237248	1	FR_PRES	14	CROOK	412	1	1	886	(0.57740000000000002, 0.41289999999999999, 1.0)	../fonts/amplitud.ttf	upper
1266875241173	1	FR_PRES	14	LIVER	833	1	0	1513	(0.57740000000000002, 0.41289999999999999, 1.0)	../fonts/amplitud.ttf	upper
1266875245031	1	FR_PRES	14	HOSPITAL	721	1	0	830	(0.57740000000000002, 0.41289999999999999, 1.0)	../fonts/amplitud.ttf	upper
1266875249122	1	FR_PRES	14	SCIENTIST	1249	1	1	988	(0.57740000000000002, 0.41289999999999999, 1.0)	../fonts/amplitud.ttf	upper
1266875253089	1	FR_PRES	14	TWINE	1529	1	0	1189	(0.57740000000000002, 0.41289999999999999, 1.0)	../fonts/amplitud.ttf	upper
1266875256912	1	FR_PRES	14	LOOP	844	1	0	877	(0.57740000000000002, 0.41289999999999999, 1.0)	../fonts/amplitud.ttf	upper
1266875260762	1	FR_PRES	14	HANDKERCHIEF	686	1	0	724	(0.57740000000000002, 0.41289999999999999, 1.0)	../fonts/amplitud.ttf	upper
1266875264745	1	FR_PRES	14	FIELD	562	1	0	1092	(0.57740000000000002, 0.41289999999999999, 1.0)	../fonts/amplitud.ttf	upper
1266875268770	1	FR_PRES	14	ELEVATOR	524	1	0	668	(0.57740000000000002, 0.41289999999999999, 1.0)	../fonts/amplitud.ttf	upper
1266875272662	1	FR_PRES	14	MARBLE	867	1	0	1159	(0.57740000000000002, 0.41289999999999999, 1.0)	../fonts/amplitud.ttf	upper
1266875276629	1	FR_PRES	14	SHUTTER	1300	1	0	697	(0.57740000000000002, 0.41289999999999999, 1.0)	../fonts/amplitud.ttf	upper
1266875280528	1	FR_PRES	14	TOY	1492	1	0	718	(0.57740000000000002, 0.41289999999999999, 1.0)	../fonts/amplitud.ttf	upper
1266875284370	1	FR_PRES	14	REFEREE	1178	1	1	908	(0.57740000000000002, 0.41289999999999999, 1.0)	../fonts/amplitud.ttf	upper
1266875290037	1	REC_START
1266875367314	0	REST
1266875368821	1	FR_PRES	15	COIN	343	0	0	769	(0.42259999999999998, 0.58709999999999996, 0)	../fonts/zerothre.ttf	lower
1266875372754	1	FR_PRES	15	ALMANAC	17	0	1	908	(0.42259999999999998, 0.58709999999999996, 0)	../fonts/zerothre.ttf	lower
1266875376795	1	FR_PRES	15	JOURNAL	760	1	0	779	(0.57740000000000002, 0.41289999999999999, 1.0)	../fonts/amplitud.ttf	upper
1266875380704	1	FR_PRES	15	BEETLE	116	1	1	998	(0.57740000000000002, 0.41289999999999999, 1.0)	../fonts/amplitud.ttf	upper
1266875384837	1	FR_PRES	15	SLUG	1329	1	1	865	(0.57740000000000002, 0.41289999999999999, 1.0)	../fonts/amplitud.ttf	upper
1266875388994	1	FR_PRES	15	TAPE	1433	1	0	795	(0.57740000000000002, 0.41289999999999999, 1.0)	../fonts/amplitud.ttf	upper
1266875393037	1	FR_PRES	15	RAFT	1159	1	0	993	(0.57740000000000002, 0.41289999999999999, 1.0)	../fonts/amplitud.ttf	upper
1266875397012	1	FR_PRES	15	MOOSE	915	1	1	1410	(0.57740000000000002, 0.41289999999999999, 1.0)	../fonts/amplitud.ttf	upper
1266875401036	1	FR_PRES	15	CONTRACT	368	0	0	1154	(0.42259999999999998, 0.58709999999999996, 0)	../fonts/zerothre.ttf	lower
1266875404960	1	FR_PRES	15	PLASTER	1085	0	1	973	(0.42259999999999998, 0.58709999999999996, 0)	../fonts/zerothre.ttf	lower
1266875408818	1	FR_PRES	15	DEPUTY	450	0	1	1348	(0.42259999999999998, 0.58709999999999996, 0)	../fonts/zerothre.ttf	lower
1266875412843	1	FR_PRES	15	SAW	1239	1	0	1195	(0.57740000000000002, 0.41289999999999999, 1.0)	../fonts/amplitud.ttf	upper
1266875416893	1	FR_PRES	15	CARPENTER	246	1	3	920	(0.57740000000000002, 0.41289999999999999, 1.0)	../fonts/amplitud.ttf	upper
1266875417842	1	KEY_MSG
1266875421101	1	FR_PRES	15	BROOK	177	0	1	929	(0.42259999999999998, 0.58709999999999996, 0)	../fonts/zerothre.ttf	lower
1266875424967	1	FR_PRES	15	DEER	444	0	1	1111	(0.42259999999999998, 0.58709999999999996, 0)	../fonts/zerothre.ttf	lower
1266875428967	1	FR_PRES	15	HOSE	720	0	1	1263	(0.42259999999999998, 0.58709999999999996, 0)	../fonts/zerothre.ttf	lower
1266875434651	1	REC_START
1266875531011	0	RECOG_START
1266875531011	1	REC_START
1266875531044	0	RECOG_PRES	0	MUG	930	-999	P	5114
1266875536535	0	RECOG_CR_PRES	0	MUG	930	-999	P	1567
1266875538560	1	RECOG_FEEDBACK	1
1266875539360	0	RECOG_PRES	0	TRACTOR	1493	-999	P	1605
1266875541335	0	RECOG_CR_PRES	0	TRACTOR	1493	-999	P	999
1266875542717	1	RECOG_FEEDBACK	0
1266875543443	0	RECOG_PRES	0	HANDKERCHIEF	686	-999	P	1067
1266875544883	0	RECOG_CR_PRES	0	HANDKERCHIEF	686	-999	P	882
1266875546093	1	RECOG_FEEDBACK	1
1266875546867	0	RECOG_PRES	0	CLOSET	326	-999	P	986
1266875548226	0	RECOG_CR_PRES	0	CLOSET	326	-999	P	747
1266875549301	1	RECOG_FEEDBACK	1
1266875550042	0	RECOG_PRES	0	MOTORCYCLE	923	-999	P	1108
1266875551525	0	RECOG_CR_PRES	0	MOTORCYCLE	923	-999	P	472
1266875552334	1	RECOG_FEEDBACK	0
1266875553125	0	RECOG_PRES	0	YARN	1631	-999	P	1969
1266875555467	0	RECOG_CR_PRES	0	YARN	1631	-999	P	723
1266875556550	1	RECOG_FEEDBACK	1
1266875557358	0	RECOG_PRES	0	DIPLOMA	470	-999	P	1008
1266875558741	0	RECOG_CR_PRES	0	DIPLOMA	470	-999	P	785
1266875559857	1	RECOG_FEEDBACK	1
1266875560600	0	RECOG_PRES	0	NOTEBOOK	959	-999	P	942
1266875561915	0	RECOG_CR_PRES	0	NOTEBOOK	959	-999	P	642
1266875562890	1	RECOG_FEEDBACK	1
1266875563633	0	RECOG_PRES	0	POPE	1105	-999	P	1324
1266875565324	0	RECOG_CR_PRES	0	POPE	1105	-999	P	690
1266875566358	1	RECOG_FEEDBACK	1
1266875567149	0	RECOG_PRES	0	YOUTH	1634	-999	P	1017
1266875568541	0	RECOG_CR_PRES	0	YOUTH	1634	-999	P	689
1266875569566	1	RECOG_FEEDBACK	1
1266875570307	0	RECOG_PRES	0	WEB	1598	-999	P	1267
1266875571948	0	RECOG_CR_PRES	0	WEB	1598	-999	P	602
1266875572890	1	RECOG_FEEDBACK	1
1266875573690	0	RECOG_PRES	0	HOOP	716	-999	P	1724
1266875575789	0	RECOG_CR_PRES	0	HOOP	716	-999	P	753
1266875576923	1	RECOG_FEEDBACK	1
1266875577699	0	RECOG_PRES	0	MAN	862	-999	P	1026
1266875579090	0	RECOG_CR_PRES	0	MAN	862	-999	P	851
1266875580265	1	RECOG_FEEDBACK	1
1266875581023	0	RECOG_PRES	0	DINNER	468	-999	P	934
1266875582323	0	RECOG_CR_PRES	0	DINNER	468	-999	P	819
1266875583473	1	RECOG_FEEDBACK	1
1266875584190	0	RECOG_PRES	0	FILM	565	-999	P	1808
1266875586373	0	RECOG_CR_PRES	0	FILM	565	-999	P	905
1266875587631	1	RECOG_FEEDBACK	1
1266875588414	0	RECOG_PRES	0	PORTRAIT	1111	-999	P	1303
1266875590081	0	RECOG_CR_PRES	0	PORTRAIT	1111	-999	P	644
1266875591064	1	RECOG_FEEDBACK	1
1266875591813	0	RECOG_PRES	0	NEWSSTAND	949	-999	P	936
1266875593114	0	RECOG_CR_PRES	0	NEWSSTAND	949	-999	P	803
1266875594239	1	RECOG_FEEDBACK	1
1266875594988	0	RECOG_PRES	0	TYPEWRITER	1531	-999	P	1026
1266875596389	0	RECOG_CR_PRES	0	TYPEWRITER	1531	-999	P	785
1266875597489	1	RECOG_FEEDBACK	1
1266875598222	0	RECOG_PRES	0	MOB	904	-999	P	2511
1266875601097	0	RECOG_CR_PRES	0	MOB	904	-999	P	820
1266875602297	1	RECOG_FEEDBACK	0
1266875603080	0	RECOG_PRES	0	HOUSE	725	-999	P	1454
1266875604904	0	RECOG_CR_PRES	0	HOUSE	725	-999	P	606
1266875605854	1	RECOG_FEEDBACK	1
1266875608737	0	REST
1266875609587	1	REC_START
1266875609621	0	RECOG_PRES	1	OYSTER	995	-999	P	1136
1266875611121	0	RECOG_CR_PRES	1	OYSTER	995	-999	P	716
1266875612188	1	RECOG_FEEDBACK	1
1266875612970	0	RECOG_PRES	1	SCREW	1254	-999	P	1052
1266875614396	0	RECOG_CR_PRES	1	SCREW	1254	-999	P	674
1266875615421	1	RECOG_FEEDBACK	1
1266875616221	0	RECOG_PRES	1	CRICKET	408	-999	P	857
1266875617454	0	RECOG_CR_PRES	1	CRICKET	408	-999	P	641
1266875618454	1	RECOG_FEEDBACK	1
1266875619171	0	RECOG_PRES	1	WAREHOUSE	1588	-999	P	843
1266875620387	0	RECOG_CR_PRES	1	WAREHOUSE	1588	-999	P	723
1266875621454	1	RECOG_FEEDBACK	1
1266875622195	0	RECOG_PRES	1	CRADLE	399	-999	P	995
1266875623562	0	RECOG_CR_PRES	1	CRADLE	399	-999	P	716
1266875624595	1	RECOG_FEEDBACK	1
1266875625395	0	RECOG_PRES	1	DESK	452	-999	P	3019
1266875628786	0	RECOG_CR_PRES	1	DESK	452	-999	P	708
1266875629902	1	RECOG_FEEDBACK	1
1266875630653	0	RECOG_PRES	1	APPENDAGE	32	-999	P	1057
1266875632078	0	RECOG_CR_PRES	1	APPENDAGE	32	-999	P	648
1266875633086	1	RECOG_FEEDBACK	1
1266875633844	0	RECOG_PRES	1	WINDOW	1611	-999	P	889
1266875635103	0	RECOG_CR_PRES	1	WINDOW	1611	-999	P	647
1266875636094	1	RECOG_FEEDBACK	0
1266875636860	0	RECOG_PRES	1	LOBBY	836	-999	P	905
1266875638128	0	RECOG_CR_PRES	1	LOBBY	836	-999	P	781
1266875639227	1	RECOG_FEEDBACK	1
1266875640019	0	RECOG_PRES	1	PARROT	1015	-999	P	978
1266875641369	0	RECOG_CR_PRES	1	PARROT	1015	-999	P	765
1266875642461	1	RECOG_FEEDBACK	1
1266875643185	0	RECOG_PRES	1	CORPORATION	382	-999	P	1013
1266875644560	0	RECOG_CR_PRES	1	CORPORATION	382	-999	P	726
1266875645619	1	RECOG_FEEDBACK	1
1266875646369	0	RECOG_PRES	1	PACKAGE	997	-999	P	3500
1266875650235	0	RECOG_CR_PRES	1	PACKAGE	997	-999	P	931
1266875651610	1	RECOG_FEEDBACK	1
1266875652360	0	RECOG_PRES	1	FOE	587	-999	P	2246
1266875654975	0	RECOG_CR_PRES	1	FOE	587	-999	P	838
1266875656185	1	RECOG_FEEDBACK	0
1266875656992	0	RECOG_PRES	1	TREASURE	1500	-999	P	981
1266875658343	0	RECOG_CR_PRES	1	TREASURE	1500	-999	P	727
1266875659418	1	RECOG_FEEDBACK	1
1266875660201	0	RECOG_PRES	1	BEGGAR	117	-999	P	1021
1266875661593	0	RECOG_CR_PRES	1	BEGGAR	117	-999	P	741
1266875662692	1	RECOG_FEEDBACK	1
1266875663451	0	RECOG_PRES	1	COLESLAW	344	-999	P	795
1266875664617	0	RECOG_CR_PRES	1	COLESLAW	344	-999	P	789
1266875665741	1	RECOG_FEEDBACK	1
1266875666459	0	RECOG_PRES	1	LID	817	-999	P	876
1266875667700	0	RECOG_CR_PRES	1	LID	817	-999	P	754
1266875668791	1	RECOG_FEEDBACK	1
1266875669600	0	RECOG_PRES	1	HOME	712	-999	P	862
1266875670833	0	RECOG_CR_PRES	1	HOME	712	-999	P	757
1266875671924	1	RECOG_FEEDBACK	1
1266875672683	0	RECOG_PRES	1	STEAM	1375	-999	P	1355
1266875674408	0	RECOG_CR_PRES	1	STEAM	1375	-999	P	565
1266875675341	1	RECOG_FEEDBACK	1
1266875676142	0	RECOG_PRES	1	LETTER	813	-999	P	1008
1266875677525	0	RECOG_CR_PRES	1	LETTER	813	-999	P	641
1266875678550	1	RECOG_FEEDBACK	0
1266875680366	0	REST
1266875681190	1	REC_START
1266875681224	0	RECOG_PRES	2	KNEE	784	-999	P	1006
1266875682599	0	RECOG_CR_PRES	2	KNEE	784	-999	P	1118
1266875684058	1	RECOG_FEEDBACK	1
1266875684848	0	RECOG_PRES	2	SUBURB	1399	-999	P	1518
1266875686740	0	RECOG_CR_PRES	2	SUBURB	1399	-999	P	682
1266875687798	1	RECOG_FEEDBACK	1
1266875688532	0	RECOG_PRES	2	COTTON	385	-999	P	1018
1266875689923	0	RECOG_CR_PRES	2	COTTON	385	-999	P	771
1266875691040	1	RECOG_FEEDBACK	1
1266875691756	0	RECOG_PRES	2	CROSS	413	-999	P	2153
1266875694273	0	RECOG_CR_PRES	2	CROSS	413	-999	P	700
1266875695357	1	RECOG_FEEDBACK	1
1266875696115	0	RECOG_PRES	2	ELEVATOR	524	-999	P	849
1266875697365	0	RECOG_CR_PRES	2	ELEVATOR	524	-999	P	608
1266875698323	1	RECOG_FEEDBACK	1
1266875699123	0	RECOG_PRES	2	TOWEL	1489	-999	P	794
1266875700281	0	RECOG_CR_PRES	2	TOWEL	1489	-999	P	685
1266875701290	1	RECOG_FEEDBACK	1
1266875702056	0	RECOG_PRES	2	SQUID	1361	-999	P	840
1266875703290	0	RECOG_CR_PRES	2	SQUID	1361	-999	P	788
1266875704414	1	RECOG_FEEDBACK	1
1266875705189	0	RECOG_PRES	2	PUDDLE	1140	-999	P	921
1266875706481	0	RECOG_CR_PRES	2	PUDDLE	1140	-999	P	597
1266875707406	1	RECOG_FEEDBACK	1
1266875708123	0	RECOG_PRES	2	HOSTESS	723	-999	P	890
1266875709414	0	RECOG_CR_PRES	2	HOSTESS	723	-999	P	712
1266875710456	1	RECOG_FEEDBACK	1
1266875711256	0	RECOG_PRES	2	PRODUCER	1129	-999	P	701
1266875712322	0	RECOG_CR_PRES	2	PRODUCER	1129	-999	P	717
1266875713372	1	RECOG_FEEDBACK	1
1266875714139	0	RECOG_PRES	2	MUSHROOM	934	-999	P	819
1266875715322	0	RECOG_CR_PRES	2	MUSHROOM	934	-999	P	708
1266875716364	1	RECOG_FEEDBACK	1
1266875717122	0	RECOG_PRES	2	WARRIOR	1589	-999	P	811
1266875718297	0	RECOG_CR_PRES	2	WARRIOR	1589	-999	P	725
1266875719355	1	RECOG_FEEDBACK	1
1266875720097	0	RECOG_PRES	2	PALM	1007	-999	P	869
1266875721330	0	RECOG_CR_PRES	2	PALM	1007	-999	P	773
1266875722438	1	RECOG_FEEDBACK	0
1266875723221	0	RECOG_PRES	2	LAPEL	800	-999	P	954
1266875724546	0	RECOG_CR_PRES	2	LAPEL	800	-999	P	629
1266875725505	1	RECOG_FEEDBACK	1
1266875726305	0	RECOG_PRES	2	RUG	1215	-999	P	966
1266875727646	0	RECOG_CR_PRES	2	RUG	1215	-999	P	584
1266875728579	1	RECOG_FEEDBACK	1
1266875729296	0	RECOG_PRES	2	CHERRY	293	-999	P	1078
1266875730745	0	RECOG_CR_PRES	2	CHERRY	293	-999	P	581
1266875731663	1	RECOG_FEEDBACK	1
1266875732437	0	RECOG_PRES	2	PEAR	1033	-999	P	2377
1266875735179	0	RECOG_CR_PRES	2	PEAR	1033	-999	P	698
1266875736254	1	RECOG_FEEDBACK	1
1266875736978	0	RECOG_PRES	2	PAPER	1011	-999	P	836
1266875738179	0	RECOG_CR_PRES	2	PAPER	1011	-999	P	698
1266875739220	1	RECOG_FEEDBACK	1
1266875739978	0	RECOG_PRES	2	BARLEY	88	-999	P	811
1266875741153	0	RECOG_CR_PRES	2	BARLEY	88	-999	P	717
1266875742203	1	RECOG_FEEDBACK	1
1266875742969	0	RECOG_PRES	2	GROCERIES	663	-999	P	866
1266875744228	0	RECOG_CR_PRES	2	GROCERIES	663	-999	P	593
1266875745161	1	RECOG_FEEDBACK	1
1266875748228	0	REST
1266875749287	1	REC_START
1266875749319	0	RECOG_PRES	3	GUARDIAN	668	-999	P	2304
1266875751993	0	RECOG_CR_PRES	3	GUARDIAN	668	-999	P	614
1266875752993	1	RECOG_FEEDBACK	1
1266875753785	0	RECOG_PRES	3	DEPUTY	450	-999	P	808
1266875754993	0	RECOG_CR_PRES	3	DEPUTY	450	-999	P	701
1266875756019	1	RECOG_FEEDBACK	1
1266875756776	0	RECOG_PRES	3	TECHNICIAN	1443	-999	P	846
1266875757993	0	RECOG_CR_PRES	3	TECHNICIAN	1443	-999	P	614
1266875758943	1	RECOG_FEEDBACK	1
1266875759660	0	RECOG_PRES	3	BUTLER	204	-999	P	1938
1266875761968	0	RECOG_CR_PRES	3	BUTLER	204	-999	P	829
1266875763177	1	RECOG_FEEDBACK	1
1266875763892	0	RECOG_PRES	3	METEOR	889	-999	P	2002
1266875766260	0	RECOG_CR_PRES	3	METEOR	889	-999	P	931
1266875767577	1	RECOG_FEEDBACK	1
1266875768301	0	RECOG_PRES	3	CARPENTER	246	-999	P	3153
1266875771825	0	RECOG_CR_PRES	3	CARPENTER	246	-999	P	782
1266875773018	1	RECOG_FEEDBACK	0
1266875773783	0	RECOG_PRES	3	HARP	689	-999	P	1039
1266875775184	0	RECOG_CR_PRES	3	HARP	689	-999	P	649
1266875776201	1	RECOG_FEEDBACK	1
1266875776992	0	RECOG_PRES	3	TREAD	1499	-999	P	773
1266875778134	0	RECOG_CR_PRES	3	TREAD	1499	-999	P	743
1266875779201	1	RECOG_FEEDBACK	1
1266875780009	0	RECOG_PRES	3	TICKET	1464	-999	P	1173
1266875781559	0	RECOG_CR_PRES	3	TICKET	1464	-999	P	639
1266875782550	1	RECOG_FEEDBACK	1
1266875783334	0	RECOG_PRES	3	BOMB	147	-999	P	1096
1266875784799	0	RECOG_CR_PRES	3	BOMB	147	-999	P	543
1266875785692	1	RECOG_FEEDBACK	1
1266875786483	0	RECOG_PRES	3	SEED	1266	-999	P	1883
1266875788741	0	RECOG_CR_PRES	3	SEED	1266	-999	P	689
1266875789799	1	RECOG_FEEDBACK	0
1266875790617	0	RECOG_PRES	3	CAKE	219	-999	P	885
1266875791874	0	RECOG_CR_PRES	3	CAKE	219	-999	P	748
1266875792957	1	RECOG_FEEDBACK	1
1266875793708	0	RECOG_PRES	3	CABINET	212	-999	P	849
1266875794957	0	RECOG_CR_PRES	3	CABINET	212	-999	P	760
1266875796049	1	RECOG_FEEDBACK	1
1266875796823	0	RECOG_PRES	3	MARBLE	867	-999	P	1046
1266875798233	0	RECOG_CR_PRES	3	MARBLE	867	-999	P	636
1266875799191	1	RECOG_FEEDBACK	1
1266875799948	0	RECOG_PRES	3	TUTU	1524	-999	P	1114
1266875801432	0	RECOG_CR_PRES	3	TUTU	1524	-999	P	782
1266875802549	1	RECOG_FEEDBACK	1
1266875803266	0	RECOG_PRES	3	FOLDER	588	-999	P	868
1266875804507	0	RECOG_CR_PRES	3	FOLDER	588	-999	P	707
1266875805549	1	RECOG_FEEDBACK	1
1266875806349	0	RECOG_PRES	3	OUTDOORS	987	-999	P	1129
1266875807848	0	RECOG_CR_PRES	3	OUTDOORS	987	-999	P	1133
1266875809315	1	RECOG_FEEDBACK	1
1266875810057	0	RECOG_PRES	3	RESTAURANT	1187	-999	P	828
1266875811248	0	RECOG_CR_PRES	3	RESTAURANT	1187	-999	P	733
1266875812307	1	RECOG_FEEDBACK	1
1266875813048	0	RECOG_PRES	3	PERSON	1052	-999	P	1246
1266875814656	0	RECOG_CR_PRES	3	PERSON	1052	-999	P	646
1266875815640	1	RECOG_FEEDBACK	1
1266875816390	0	RECOG_PRES	3	MOOSE	915	-999	P	848
1266875817615	0	RECOG_CR_PRES	3	MOOSE	915	-999	P	695
1266875818639	1	RECOG_FEEDBACK	1
1266875820714	0	REST
1266875821550	1	REC_START
1266875821581	0	RECOG_PRES	4	BUBBLE	183	-999	P	1825
1266875823780	0	RECOG_CR_PRES	4	BUBBLE	183	-999	P	642
1266875824813	1	RECOG_FEEDBACK	1
1266875825531	0	RECOG_PRES	4	SARDINE	1235	-999	P	795
1266875826697	0	RECOG_CR_PRES	4	SARDINE	1235	-999	P	749
1266875827780	1	RECOG_FEEDBACK	1
1266875828547	0	RECOG_PRES	4	DOUGHNUT	490	-999	P	1003
1266875829921	0	RECOG_CR_PRES	4	DOUGHNUT	490	-999	P	643
1266875830921	1	RECOG_FEEDBACK	1
1266875831680	0	RECOG_PRES	4	GIRAFFE	636	-999	P	886
1266875832937	0	RECOG_CR_PRES	4	GIRAFFE	636	-999	P	733
1266875834005	1	RECOG_FEEDBACK	1
1266875834771	0	RECOG_PRES	4	MISSILE	900	-999	P	2292
1266875837438	0	RECOG_CR_PRES	4	MISSILE	900	-999	P	641
1266875838488	1	RECOG_FEEDBACK	0
1266875839280	0	RECOG_PRES	4	MONK	910	-999	P	1062
1266875840712	0	RECOG_CR_PRES	4	MONK	910	-999	P	735
1266875841779	1	RECOG_FEEDBACK	1
1266875842496	0	RECOG_PRES	4	ARCHITECT	36	-999	P	878
1266875843745	0	RECOG_CR_PRES	4	ARCHITECT	36	-999	P	605
1266875844671	1	RECOG_FEEDBACK	1
1266875845413	0	RECOG_PRES	4	TOMATO	1476	-999	P	1082
1266875846878	0	RECOG_CR_PRES	4	TOMATO	1476	-999	P	680
1266875847886	1	RECOG_FEEDBACK	1
1266875848596	0	RECOG_PRES	4	SLUG	1329	-999	P	938
1266875849903	0	RECOG_CR_PRES	4	SLUG	1329	-999	P	631
1266875850853	1	RECOG_FEEDBACK	1
1266875851562	0	RECOG_PRES	4	MEDICINE	886	-999	P	933
1266875852869	0	RECOG_CR_PRES	4	MEDICINE	886	-999	P	681
1266875853878	1	RECOG_FEEDBACK	1
1266875854612	0	RECOG_PRES	4	TOY	1492	-999	P	803
1266875855786	0	RECOG_CR_PRES	4	TOY	1492	-999	P	876
1266875856986	1	RECOG_FEEDBACK	1
1266875857786	0	RECOG_PRES	4	VAGRANT	1544	-999	P	1621
1266875859777	0	RECOG_CR_PRES	4	VAGRANT	1544	-999	P	686
1266875860819	1	RECOG_FEEDBACK	1
1266875861586	0	RECOG_PRES	4	SNORKEL	1336	-999	P	1236
1266875863186	0	RECOG_CR_PRES	4	SNORKEL	1336	-999	P	635
1266875864153	1	RECOG_FEEDBACK	1
1266875864960	0	RECOG_PRES	4	MOUNTAIN	924	-999	P	846
1266875866169	0	RECOG_CR_PRES	4	MOUNTAIN	924	-999	P	644
1266875867136	1	RECOG_FEEDBACK	1
1266875867868	0	RECOG_PRES	4	LADDER	793	-999	P	827
1266875869069	0	RECOG_CR_PRES	4	LADDER	793	-999	P	721
1266875870094	1	RECOG_FEEDBACK	1
1266875870851	0	RECOG_PRES	4	SPRINKLE	1359	-999	P	923
1266875872136	0	RECOG_CR_PRES	4	SPRINKLE	1359	-999	P	693
1266875873161	1	RECOG_FEEDBACK	1
1266875873885	0	RECOG_PRES	4	BERRY	122	-999	P	1137
1266875875385	0	RECOG_CR_PRES	4	BERRY	122	-999	P	650
1266875876402	1	RECOG_FEEDBACK	1
1266875877127	0	RECOG_PRES	4	PICTURE	1061	-999	P	839
1266875878327	0	RECOG_CR_PRES	4	PICTURE	1061	-999	P	799
1266875879444	1	RECOG_FEEDBACK	1
1266875880193	0	RECOG_PRES	4	PILL	1068	-999	P	1317
1266875881884	0	RECOG_CR_PRES	4	PILL	1068	-999	P	643
1266875882901	1	RECOG_FEEDBACK	1
1266875883660	0	RECOG_PRES	4	CORN	381	-999	P	954
1266875884984	0	RECOG_CR_PRES	4	CORN	381	-999	P	614
1266875885934	1	RECOG_FEEDBACK	1
1266875888809	0	REST
1266875889921	1	REC_START
1266875889950	0	RECOG_PRES	5	OBOE	969	-999	P	1024
1266875891351	0	RECOG_CR_PRES	5	OBOE	969	-999	P	759
1266875892443	1	RECOG_FEEDBACK	1
1266875893159	0	RECOG_PRES	5	WITNESS	1618	-999	P	855
1266875894384	0	RECOG_CR_PRES	5	WITNESS	1618	-999	P	641
1266875895384	1	RECOG_FEEDBACK	1
1266875896126	0	RECOG_PRES	5	PELICAN	1039	-999	P	863
1266875897351	0	RECOG_CR_PRES	5	PELICAN	1039	-999	P	680
1266875898359	1	RECOG_FEEDBACK	1
1266875899100	0	RECOG_PRES	5	SHUTTER	1300	-999	P	817
1266875900284	0	RECOG_CR_PRES	5	SHUTTER	1300	-999	P	648
1266875901275	1	RECOG_FEEDBACK	1
1266875902059	0	RECOG_PRES	5	FOREST	593	-999	P	2515
1266875904949	0	RECOG_CR_PRES	5	FOREST	593	-999	P	730
1266875906008	1	RECOG_FEEDBACK	1
1266875906774	0	RECOG_PRES	5	CONSOLE	364	-999	P	849
1266875907990	0	RECOG_CR_PRES	5	CONSOLE	364	-999	P	642
1266875908982	1	RECOG_FEEDBACK	1
1266875909724	0	RECOG_PRES	5	DORM	488	-999	P	2979
1266875913066	0	RECOG_CR_PRES	5	DORM	488	-999	P	628
1266875914016	1	RECOG_FEEDBACK	1
1266875914823	0	RECOG_PRES	5	ZEBRA	1635	-999	P	942
1266875916141	0	RECOG_CR_PRES	5	ZEBRA	1635	-999	P	713
1266875917182	1	RECOG_FEEDBACK	1
1266875917973	0	RECOG_PRES	5	QUILL	1150	-999	P	816
1266875919182	0	RECOG_CR_PRES	5	QUILL	1150	-999	P	639
1266875920174	1	RECOG_FEEDBACK	1
1266875920965	0	RECOG_PRES	5	CREEK	404	-999	P	936
1266875922265	0	RECOG_CR_PRES	5	CREEK	404	-999	P	684
1266875923282	1	RECOG_FEEDBACK	1
1266875924090	0	RECOG_PRES	5	BRACELET	163	-999	P	2525
1266875926989	0	RECOG_CR_PRES	5	BRACELET	163	-999	P	673
1266875928048	1	RECOG_FEEDBACK	1
1266875928856	0	RECOG_PRES	5	SILK	1307	-999	P	807
1266875930032	0	RECOG_CR_PRES	5	SILK	1307	-999	P	726
1266875931081	1	RECOG_FEEDBACK	1
1266875931889	0	RECOG_PRES	5	MICROSCOPE	891	-999	P	817
1266875933098	0	RECOG_CR_PRES	5	MICROSCOPE	891	-999	P	731
1266875934165	1	RECOG_FEEDBACK	1
1266875934947	0	RECOG_PRES	5	PERISCOPE	1050	-999	P	866
1266875936181	0	RECOG_CR_PRES	5	PERISCOPE	1050	-999	P	913
1266875937423	1	RECOG_FEEDBACK	1
1266875938181	0	RECOG_PRES	5	COD	340	-999	P	1777
1266875940322	0	RECOG_CR_PRES	5	COD	340	-999	P	635
1266875941322	1	RECOG_FEEDBACK	1
1266875942089	0	RECOG_PRES	5	NAIL	936	-999	P	837
1266875943289	0	RECOG_CR_PRES	5	NAIL	936	-999	P	830
1266875944447	1	RECOG_FEEDBACK	1
1266875945155	0	RECOG_PRES	5	EMPLOYER	532	-999	P	843
1266875946372	0	RECOG_CR_PRES	5	EMPLOYER	532	-999	P	641
1266875947364	1	RECOG_FEEDBACK	1
1266875948097	0	RECOG_PRES	5	LIZARD	834	-999	P	941
1266875949413	0	RECOG_CR_PRES	5	LIZARD	834	-999	P	536
1266875950272	1	RECOG_FEEDBACK	1
1266875950996	0	RECOG_PRES	5	DEODORANT	448	-999	P	1155
1266875952522	0	RECOG_CR_PRES	5	DEODORANT	448	-999	P	732
1266875953588	1	RECOG_FEEDBACK	1
1266875954330	0	RECOG_PRES	5	ENGINE	535	-999	P	1197
1266875955895	0	RECOG_CR_PRES	5	ENGINE	535	-999	P	591
1266875956829	1	RECOG_FEEDBACK	1
1266875958804	0	REST
1266875959768	1	REC_START
1266875959803	0	RECOG_PRES	6	RECIPE	1175	-999	P	1123
1266875961288	0	RECOG_CR_PRES	6	RECIPE	1175	-999	P	726
1266875962354	1	RECOG_FEEDBACK	1
1266875963162	0	RECOG_PRES	6	ROD	1203	-999	P	868
1266875964404	0	RECOG_CR_PRES	6	ROD	1203	-999	P	818
1266875965546	1	RECOG_FEEDBACK	1
1266875966271	0	RECOG_PRES	6	PAN	1008	-999	P	1967
1266875968612	0	RECOG_CR_PRES	6	PAN	1008	-999	P	1083
1266875970054	1	RECOG_FEEDBACK	1
1266875970769	0	RECOG_PRES	6	GOO	648	-999	P	1013
1266875972145	0	RECOG_CR_PRES	6	GOO	648	-999	P	870
1266875973345	1	RECOG_FEEDBACK	1
1266875974095	0	RECOG_PRES	6	DRUG	501	-999	P	968
1266875975437	0	RECOG_CR_PRES	6	DRUG	501	-999	P	754
1266875976528	1	RECOG_FEEDBACK	1
1266875977311	0	RECOG_PRES	6	CANDY	230	-999	P	911
1266875978595	0	RECOG_CR_PRES	6	CANDY	230	-999	P	788
1266875979719	1	RECOG_FEEDBACK	1
1266875980470	0	RECOG_PRES	6	KIDNEY	776	-999	P	944
1266875981785	0	RECOG_CR_PRES	6	KIDNEY	776	-999	P	678
1266875982793	1	RECOG_FEEDBACK	1
1266875983503	0	RECOG_PRES	6	CABLE	213	-999	P	1192
1266875985069	0	RECOG_CR_PRES	6	CABLE	213	-999	P	761
1266875986161	1	RECOG_FEEDBACK	1
1266875986968	0	RECOG_PRES	6	DRUM	502	-999	P	886
1266875988219	0	RECOG_CR_PRES	6	DRUM	502	-999	P	747
1266875989294	1	RECOG_FEEDBACK	1
1266875990102	0	RECOG_PRES	6	CASHEW	253	-999	P	888
1266875991360	0	RECOG_CR_PRES	6	CASHEW	253	-999	P	734
1266875992410	1	RECOG_FEEDBACK	1
1266875993210	0	RECOG_PRES	6	BALL	73	-999	P	916
1266875994502	0	RECOG_CR_PRES	6	BALL	73	-999	P	689
1266875995493	1	RECOG_FEEDBACK	1
1266875996210	0	RECOG_PRES	6	RIVER	1194	-999	P	1069
1266875997652	0	RECOG_CR_PRES	6	RIVER	1194	-999	P	842
1266875998834	1	RECOG_FEEDBACK	1
1266875999552	0	RECOG_PRES	6	SAILOR	1223	-999	P	3967
1266876003892	0	RECOG_CR_PRES	6	SAILOR	1223	-999	P	739
1266876005018	1	RECOG_FEEDBACK	1
1266876005767	0	RECOG_PRES	6	SHORTCAKE	1292	-999	P	824
1266876006958	0	RECOG_CR_PRES	6	SHORTCAKE	1292	-999	P	642
1266876007958	1	RECOG_FEEDBACK	1
1266876008758	0	RECOG_PRES	6	ROBBER	1197	-999	P	737
1266876009866	0	RECOG_CR_PRES	6	ROBBER	1197	-999	P	548
1266876010725	1	RECOG_FEEDBACK	1
1266876011467	0	RECOG_PRES	6	HAIL	676	-999	P	1003
1266876012841	0	RECOG_CR_PRES	6	HAIL	676	-999	P	629
1266876013816	1	RECOG_FEEDBACK	1
1266876014550	0	RECOG_PRES	6	ALMANAC	17	-999	P	866
1266876015816	0	RECOG_CR_PRES	6	ALMANAC	17	-999	P	766
1266876016908	1	RECOG_FEEDBACK	1
1266876017700	0	RECOG_PRES	6	CIRCUS	311	-999	P	859
1266876018932	0	RECOG_CR_PRES	6	CIRCUS	311	-999	P	642
1266876019924	1	RECOG_FEEDBACK	1
1266876020650	0	RECOG_PRES	6	DISHWASHER	475	-999	P	1949
1266876022974	0	RECOG_CR_PRES	6	DISHWASHER	475	-999	P	751
1266876024100	1	RECOG_FEEDBACK	1
1266876024865	0	RECOG_PRES	6	SAXOPHONE	1240	-999	P	893
1266876026125	0	RECOG_CR_PRES	6	SAXOPHONE	1240	-999	P	721
1266876027183	1	RECOG_FEEDBACK	1
1266876029316	0	REST
1266876030468	1	REC_START
1266876030499	0	RECOG_PRES	7	JOURNAL	760	-999	P	1059
1266876031932	0	RECOG_CR_PRES	7	JOURNAL	760	-999	P	691
1266876032965	1	RECOG_FEEDBACK	1
1266876033682	0	RECOG_PRES	7	SKULL	1320	-999	P	821
1266876034873	0	RECOG_CR_PRES	7	SKULL	1320	-999	P	742
1266876035956	1	RECOG_FEEDBACK	1
1266876036707	0	RECOG_PRES	7	REFEREE	1178	-999	P	939
1266876038015	0	RECOG_CR_PRES	7	REFEREE	1178	-999	P	640
1266876038989	1	RECOG_FEEDBACK	1
1266876039764	0	RECOG_PRES	7	HERB	704	-999	P	787
1266876040923	0	RECOG_CR_PRES	7	HERB	704	-999	P	947
1266876042207	1	RECOG_FEEDBACK	1
1266876043007	0	RECOG_PRES	7	SHORTS	1293	-999	P	927
1266876044298	0	RECOG_CR_PRES	7	SHORTS	1293	-999	P	1077
1266876045714	1	RECOG_FEEDBACK	1
1266876046432	0	RECOG_PRES	7	DIME	466	-999	P	871
1266876047673	0	RECOG_CR_PRES	7	DIME	466	-999	P	710
1266876048714	1	RECOG_FEEDBACK	0
1266876049515	0	RECOG_PRES	7	BALLERINA	74	-999	P	748
1266876050631	0	RECOG_CR_PRES	7	BALLERINA	74	-999	P	712
1266876051673	1	RECOG_FEEDBACK	1
1266876052489	0	RECOG_PRES	7	INCENSE	735	-999	P	942
1266876053805	0	RECOG_CR_PRES	7	INCENSE	735	-999	P	690
1266876054830	1	RECOG_FEEDBACK	1
1266876055614	0	RECOG_PRES	7	LAMP	798	-999	P	1809
1266876057796	0	RECOG_CR_PRES	7	LAMP	798	-999	P	723
1266876058880	1	RECOG_FEEDBACK	1
1266876059664	0	RECOG_PRES	7	SWING	1421	-999	P	871
1266876060904	0	RECOG_CR_PRES	7	SWING	1421	-999	P	767
1266876062014	1	RECOG_FEEDBACK	1
1266876062804	0	RECOG_PRES	7	DINOSAUR	469	-999	P	2531
1266876065705	0	RECOG_CR_PRES	7	DINOSAUR	469	-999	P	990
1266876067088	1	RECOG_FEEDBACK	1
1266876067796	0	RECOG_PRES	7	STOVE	1388	-999	P	827
1266876068995	0	RECOG_CR_PRES	7	STOVE	1388	-999	P	684
1266876070005	1	RECOG_FEEDBACK	1
1266876070812	0	RECOG_PRES	7	RUM	1217	-999	P	930
1266876072105	0	RECOG_CR_PRES	7	RUM	1217	-999	P	765
1266876073213	1	RECOG_FEEDBACK	0
1266876073928	0	RECOG_PRES	7	BELL	118	-999	P	2070
1266876076371	0	RECOG_CR_PRES	7	BELL	118	-999	P	764
1266876077496	1	RECOG_FEEDBACK	1
1266876078271	0	RECOG_PRES	7	CYCLONE	431	-999	P	1296
1266876079936	0	RECOG_CR_PRES	7	CYCLONE	431	-999	P	743
1266876081021	1	RECOG_FEEDBACK	1
1266876081820	0	RECOG_PRES	7	ATTIRE	57	-999	P	1299
1266876083487	0	RECOG_CR_PRES	7	ATTIRE	57	-999	P	711
1266876084554	1	RECOG_FEEDBACK	0
1266876085279	0	RECOG_PRES	7	TWINE	1529	-999	P	1144
1266876086794	0	RECOG_CR_PRES	7	TWINE	1529	-999	P	725
1266876087878	1	RECOG_FEEDBACK	1
1266876088587	0	RECOG_PRES	7	CROOK	412	-999	P	995
1266876089952	0	RECOG_CR_PRES	7	CROOK	412	-999	P	814
1266876091095	1	RECOG_FEEDBACK	1
1266876091877	0	RECOG_PRES	7	PLASTER	1085	-999	P	985
1266876093228	0	RECOG_CR_PRES	7	PLASTER	1085	-999	P	819
1266876094370	1	RECOG_FEEDBACK	1
1266876095170	0	RECOG_PRES	7	PEOPLE	1046	-999	P	1285
1266876096827	0	RECOG_CR_PRES	7	PEOPLE	1046	-999	P	716
1266876097868	1	RECOG_FEEDBACK	0
1266876102768	0	REST
1266876103861	1	REC_START
1266876103893	0	RECOG_PRES	8	RADIO	1157	-999	P	967
1266876105252	0	RECOG_CR_PRES	8	RADIO	1157	-999	P	648
1266876106252	1	RECOG_FEEDBACK	1
1266876107044	0	RECOG_PRES	8	BRACES	164	-999	P	762
1266876108169	0	RECOG_CR_PRES	8	BRACES	164	-999	P	1310
1266876109818	1	RECOG_FEEDBACK	0
1266876110552	0	RECOG_PRES	8	CHEST	295	-999	P	855
1266876111776	0	RECOG_CR_PRES	8	CHEST	295	-999	P	783
1266876112884	1	RECOG_FEEDBACK	1
1266876113635	0	RECOG_PRES	8	SUSPECT	1415	-999	P	1908
1266876115917	0	RECOG_CR_PRES	8	SUSPECT	1415	-999	P	618
1266876116900	1	RECOG_FEEDBACK	0
1266876117635	0	RECOG_PRES	8	OPERATOR	979	-999	P	1772
1266876119775	0	RECOG_CR_PRES	8	OPERATOR	979	-999	P	642
1266876120792	1	RECOG_FEEDBACK	1
1266876121568	0	RECOG_PRES	8	VILLAGE	1566	-999	P	983
1266876122925	0	RECOG_CR_PRES	8	VILLAGE	1566	-999	P	626
1266876123892	1	RECOG_FEEDBACK	1
1266876124692	0	RECOG_PRES	8	FRIAR	605	-999	P	1771
1266876126833	0	RECOG_CR_PRES	8	FRIAR	605	-999	P	642
1266876127858	1	RECOG_FEEDBACK	1
1266876128575	0	RECOG_PRES	8	DETERGENT	455	-999	P	1128
1266876130067	0	RECOG_CR_PRES	8	DETERGENT	455	-999	P	648
1266876131092	1	RECOG_FEEDBACK	1
1266876131833	0	RECOG_PRES	8	RADIATOR	1156	-999	P	965
1266876133167	0	RECOG_CR_PRES	8	RADIATOR	1156	-999	P	695
1266876134192	1	RECOG_FEEDBACK	1
1266876134974	0	RECOG_PRES	8	SCREEN	1253	-999	P	1049
1266876136392	0	RECOG_CR_PRES	8	SCREEN	1253	-999	P	590
1266876137308	1	RECOG_FEEDBACK	1
1266876138058	0	RECOG_PRES	8	CONTAINER	366	-999	P	1221
1266876139650	0	RECOG_CR_PRES	8	CONTAINER	366	-999	P	620
1266876140600	1	RECOG_FEEDBACK	1
1266876141341	0	RECOG_PRES	8	HEATER	698	-999	P	2866
1266876144583	0	RECOG_CR_PRES	8	HEATER	698	-999	P	728
1266876145699	1	RECOG_FEEDBACK	0
1266876146441	0	RECOG_PRES	8	FACTORY	548	-999	P	858
1266876147699	0	RECOG_CR_PRES	8	FACTORY	548	-999	P	764
1266876148773	1	RECOG_FEEDBACK	1
1266876149516	0	RECOG_PRES	8	LIEUTENANT	818	-999	P	2290
1266876152174	0	RECOG_CR_PRES	8	LIEUTENANT	818	-999	P	1233
1266876153781	1	RECOG_FEEDBACK	1
1266876154515	0	RECOG_PRES	8	DINER	467	-999	P	940
1266876155823	0	RECOG_CR_PRES	8	DINER	467	-999	P	831
1266876156973	1	RECOG_FEEDBACK	1
1266876157682	0	RECOG_PRES	8	PONY	1102	-999	P	1268
1266876159315	0	RECOG_CR_PRES	8	PONY	1102	-999	P	796
1266876160440	1	RECOG_FEEDBACK	1
1266876161198	0	RECOG_PRES	8	ROOT	1210	-999	P	1097
1266876162656	0	RECOG_CR_PRES	8	ROOT	1210	-999	P	895
1266876163872	1	RECOG_FEEDBACK	1
1266876164615	0	RECOG_PRES	8	WATER	1594	-999	P	1215
1266876166198	0	RECOG_CR_PRES	8	WATER	1594	-999	P	1065
1266876167589	1	RECOG_FEEDBACK	1
1266876168348	0	RECOG_PRES	8	DETECTIVE	454	-999	P	2363
1266876171072	0	RECOG_CR_PRES	8	DETECTIVE	454	-999	P	878
1266876172314	1	RECOG_FEEDBACK	1
1266876173089	0	RECOG_PRES	8	OCEAN	970	-999	P	990
1266876174447	0	RECOG_CR_PRES	8	OCEAN	970	-999	P	688
1266876175464	1	RECOG_FEEDBACK	1
1266876179938	0	REST
1266876180776	1	REC_START
1266876180804	0	RECOG_PRES	9	PIN	1072	-999	P	971
1266876182172	0	RECOG_CR_PRES	9	PIN	1072	-999	P	682
1266876183197	1	RECOG_FEEDBACK	1
1266876183979	0	RECOG_PRES	9	MOON	914	-999	P	1116
1266876185471	0	RECOG_CR_PRES	9	MOON	914	-999	P	646
1266876186471	1	RECOG_FEEDBACK	1
1266876187180	0	RECOG_PRES	9	CORK	380	-999	P	1139
1266876188688	0	RECOG_CR_PRES	9	CORK	380	-999	P	831
1266876189853	1	RECOG_FEEDBACK	1
1266876190646	0	RECOG_PRES	9	ELEPHANT	523	-999	P	889
1266876191903	0	RECOG_CR_PRES	9	ELEPHANT	523	-999	P	744
1266876192962	1	RECOG_FEEDBACK	1
1266876193696	0	RECOG_PRES	9	CUFF	423	-999	P	1214
1266876195271	0	RECOG_CR_PRES	9	CUFF	423	-999	P	638
1266876196254	1	RECOG_FEEDBACK	0
1266876196986	0	RECOG_PRES	9	PASTA	1021	-999	P	1317
1266876198679	0	RECOG_CR_PRES	9	PASTA	1021	-999	P	696
1266876199712	1	RECOG_FEEDBACK	1
1266876200470	0	RECOG_PRES	9	BEAST	108	-999	P	1001
1266876201844	0	RECOG_CR_PRES	9	BEAST	108	-999	P	739
1266876202919	1	RECOG_FEEDBACK	1
1266876203653	0	RECOG_PRES	9	COWARD	394	-999	P	1080
1266876205095	0	RECOG_CR_PRES	9	COWARD	394	-999	P	687
1266876206120	1	RECOG_FEEDBACK	1
1266876206927	0	RECOG_PRES	9	CARAVAN	242	-999	P	3039
1266876210328	0	RECOG_CR_PRES	9	CARAVAN	242	-999	P	775
1266876211503	1	RECOG_FEEDBACK	0
1266876212253	0	RECOG_PRES	9	BLOCKADE	137	-999	P	1114
1266876213735	0	RECOG_CR_PRES	9	BLOCKADE	137	-999	P	736
1266876214810	1	RECOG_FEEDBACK	1
1266876215544	0	RECOG_PRES	9	SUPERVISOR	1410	-999	P	3398
1266876219311	0	RECOG_CR_PRES	9	SUPERVISOR	1410	-999	P	984
1266876220702	1	RECOG_FEEDBACK	0
1266876221502	0	RECOG_PRES	9	ICING	732	-999	P	1392
1266876223260	0	RECOG_CR_PRES	9	ICING	732	-999	P	648
1266876224277	1	RECOG_FEEDBACK	1
1266876225002	0	RECOG_PRES	9	SHIP	1286	-999	P	1277
1266876226643	0	RECOG_CR_PRES	9	SHIP	1286	-999	P	620
1266876227602	1	RECOG_FEEDBACK	1
1266876228385	0	RECOG_PRES	9	SPIT	1354	-999	P	1126
1266876229884	0	RECOG_CR_PRES	9	SPIT	1354	-999	P	699
1266876230900	1	RECOG_FEEDBACK	1
1266876231660	0	RECOG_PRES	9	TREE	1502	-999	P	1114
1266876233135	0	RECOG_CR_PRES	9	TREE	1502	-999	P	727
1266876234201	1	RECOG_FEEDBACK	1
1266876235001	0	RECOG_PRES	9	SKELETON	1314	-999	P	997
1266876236359	0	RECOG_CR_PRES	9	SKELETON	1314	-999	P	712
1266876237401	1	RECOG_FEEDBACK	1
1266876238126	0	RECOG_PRES	9	RUST	1219	-999	P	1760
1266876240251	0	RECOG_CR_PRES	9	RUST	1219	-999	P	747
1266876241342	1	RECOG_FEEDBACK	1
1266876242126	0	RECOG_PRES	9	COAT	333	-999	P	1249
1266876243750	0	RECOG_CR_PRES	9	COAT	333	-999	P	761
1266876244833	1	RECOG_FEEDBACK	0
1266876245559	0	RECOG_PRES	9	DEER	444	-999	P	1064
1266876246991	0	RECOG_CR_PRES	9	DEER	444	-999	P	712
1266876248050	1	RECOG_FEEDBACK	1
1266876248857	0	RECOG_PRES	9	SERPENT	1270	-999	P	1350
1266876250575	0	RECOG_CR_PRES	9	SERPENT	1270	-999	P	688
1266876251625	1	RECOG_FEEDBACK	1
1266876253857	0	REST
1266876254806	1	REC_START
1266876254840	0	RECOG_PRES	10	SECRETARY	1265	-999	P	965
1266876256200	0	RECOG_CR_PRES	10	SECRETARY	1265	-999	P	798
1266876257333	1	RECOG_FEEDBACK	1
1266876258058	0	RECOG_PRES	10	CASH	252	-999	P	1029
1266876259449	0	RECOG_CR_PRES	10	CASH	252	-999	P	734
1266876260491	1	RECOG_FEEDBACK	1
1266876261274	0	RECOG_PRES	10	ALLEY	15	-999	P	1149
1266876262798	0	RECOG_CR_PRES	10	ALLEY	15	-999	P	729
1266876263865	1	RECOG_FEEDBACK	1
1266876264666	0	RECOG_PRES	10	JAM	748	-999	P	1052
1266876266082	0	RECOG_CR_PRES	10	JAM	748	-999	P	804
1266876267232	1	RECOG_FEEDBACK	0
1266876267965	0	RECOG_PRES	10	TAPE	1433	-999	P	913
1266876269240	0	RECOG_CR_PRES	10	TAPE	1433	-999	P	775
1266876270349	1	RECOG_FEEDBACK	1
1266876271149	0	RECOG_PRES	10	CATCHER	258	-999	P	1010
1266876272532	0	RECOG_CR_PRES	10	CATCHER	258	-999	P	715
1266876273565	1	RECOG_FEEDBACK	1
1266876274348	0	RECOG_PRES	10	BOUILLON	154	-999	P	995
1266876275714	0	RECOG_CR_PRES	10	BOUILLON	154	-999	P	781
1266876276814	1	RECOG_FEEDBACK	1
1266876277606	0	RECOG_PRES	10	HERO	706	-999	P	881
1266876278855	0	RECOG_CR_PRES	10	HERO	706	-999	P	776
1266876279964	1	RECOG_FEEDBACK	1
1266876280739	0	RECOG_PRES	10	BISON	131	-999	P	940
1266876282039	0	RECOG_CR_PRES	10	BISON	131	-999	P	895
1266876283239	1	RECOG_FEEDBACK	1
1266876283997	0	RECOG_PRES	10	PASSENGER	1020	-999	P	905
1266876285264	0	RECOG_CR_PRES	10	PASSENGER	1020	-999	P	702
1266876286281	1	RECOG_FEEDBACK	1
1266876287047	0	RECOG_PRES	10	CONCERT	360	-999	P	840
1266876288281	0	RECOG_CR_PRES	10	CONCERT	360	-999	P	645
1266876289256	1	RECOG_FEEDBACK	1
1266876290006	0	RECOG_PRES	10	CACTUS	215	-999	P	2241
1266876292622	0	RECOG_CR_PRES	10	CACTUS	215	-999	P	785
1266876293779	1	RECOG_FEEDBACK	1
1266876294572	0	RECOG_PRES	10	LOOP	844	-999	P	1170
1266876296105	0	RECOG_CR_PRES	10	LOOP	844	-999	P	717
1266876297163	1	RECOG_FEEDBACK	1
1266876297979	0	RECOG_PRES	10	BROOK	177	-999	P	875
1266876299222	0	RECOG_CR_PRES	10	BROOK	177	-999	P	760
1266876300313	1	RECOG_FEEDBACK	1
1266876301080	0	RECOG_PRES	10	TWIN	1528	-999	P	951
1266876302405	0	RECOG_CR_PRES	10	TWIN	1528	-999	P	858
1266876303580	1	RECOG_FEEDBACK	1
1266876304313	0	RECOG_PRES	10	COMPANION	357	-999	P	2669
1266876307346	0	RECOG_CR_PRES	10	COMPANION	357	-999	P	853
1266876308587	1	RECOG_FEEDBACK	0
1266876309371	0	RECOG_PRES	10	LIVER	833	-999	P	980
1266876310720	0	RECOG_CR_PRES	10	LIVER	833	-999	P	735
1266876311786	1	RECOG_FEEDBACK	1
1266876312596	0	RECOG_PRES	10	TRUMPET	1513	-999	P	799
1266876313794	0	RECOG_CR_PRES	10	TRUMPET	1513	-999	P	948
1266876315070	1	RECOG_FEEDBACK	1
1266876315811	0	RECOG_PRES	10	LAUNDRY	803	-999	P	1027
1266876317204	0	RECOG_CR_PRES	10	LAUNDRY	803	-999	P	811
1266876318329	1	RECOG_FEEDBACK	1
1266876319053	0	RECOG_PRES	10	LUMBER	848	-999	P	3466
1266876322894	0	RECOG_CR_PRES	10	LUMBER	848	-999	P	904
1266876324178	1	RECOG_FEEDBACK	1
1266876327095	0	REST
1266876328189	1	REC_START
1266876328228	0	RECOG_PRES	11	BLOSSOM	138	-999	P	1043
1266876329644	0	RECOG_CR_PRES	11	BLOSSOM	138	-999	P	731
1266876330694	1	RECOG_FEEDBACK	1
1266876331503	0	RECOG_PRES	11	PAD	998	-999	P	984
1266876332860	0	RECOG_CR_PRES	11	PAD	998	-999	P	675
1266876333901	1	RECOG_FEEDBACK	1
1266876334702	0	RECOG_PRES	11	MAGAZINE	853	-999	P	800
1266876335901	0	RECOG_CR_PRES	11	MAGAZINE	853	-999	P	778
1266876336984	1	RECOG_FEEDBACK	1
1266876337776	0	RECOG_PRES	11	PICK	1058	-999	P	1231
1266876339377	0	RECOG_CR_PRES	11	PICK	1058	-999	P	726
1266876340435	1	RECOG_FEEDBACK	1
1266876341169	0	RECOG_PRES	11	INSTRUCTOR	741	-999	P	2126
1266876343668	0	RECOG_CR_PRES	11	INSTRUCTOR	741	-999	P	859
1266876344909	1	RECOG_FEEDBACK	1
1266876345677	0	RECOG_PRES	11	POLICE	1098	-999	P	2330
1266876348376	0	RECOG_CR_PRES	11	POLICE	1098	-999	P	799
1266876349543	1	RECOG_FEEDBACK	0
1266876350276	0	RECOG_PRES	11	MILDEW	893	-999	P	1251
1266876351900	0	RECOG_CR_PRES	11	MILDEW	893	-999	P	802
1266876353034	1	RECOG_FEEDBACK	1
1266876353750	0	RECOG_PRES	11	COURSE	390	-999	P	1216
1266876355334	0	RECOG_CR_PRES	11	COURSE	390	-999	P	1121
1266876356808	1	RECOG_FEEDBACK	0
1266876357592	0	RECOG_PRES	11	PLAQUE	1084	-999	P	1214
1266876359167	0	RECOG_CR_PRES	11	PLAQUE	1084	-999	P	607
1266876360109	1	RECOG_FEEDBACK	1
1266876360908	0	RECOG_PRES	11	BRIEFCASE	175	-999	P	1179
1266876362459	0	RECOG_CR_PRES	11	BRIEFCASE	175	-999	P	948
1266876363733	1	RECOG_FEEDBACK	1
1266876364525	0	RECOG_PRES	11	VET	1560	-999	P	1281
1266876366167	0	RECOG_CR_PRES	11	VET	1560	-999	P	759
1266876367267	1	RECOG_FEEDBACK	0
1266876368017	0	RECOG_PRES	11	RAG	1160	-999	P	1302
1266876369691	0	RECOG_CR_PRES	11	RAG	1160	-999	P	748
1266876370757	1	RECOG_FEEDBACK	1
1266876371525	0	RECOG_PRES	11	FORK	594	-999	P	1377
1266876373266	0	RECOG_CR_PRES	11	FORK	594	-999	P	1269
1266876374882	1	RECOG_FEEDBACK	0
1266876375599	0	RECOG_PRES	11	DOLLAR	482	-999	P	883
1266876376882	0	RECOG_CR_PRES	11	DOLLAR	482	-999	P	860
1266876378083	1	RECOG_FEEDBACK	1
1266876378881	0	RECOG_PRES	11	PIPE	1073	-999	P	1342
1266876380599	0	RECOG_CR_PRES	11	PIPE	1073	-999	P	672
1266876381607	1	RECOG_FEEDBACK	1
1266876382316	0	RECOG_PRES	11	SHOULDER	1294	-999	P	1059
1266876383748	0	RECOG_CR_PRES	11	SHOULDER	1294	-999	P	795
1266876384873	1	RECOG_FEEDBACK	1
1266876385599	0	RECOG_PRES	11	HOSE	720	-999	P	1016
1266876386989	0	RECOG_CR_PRES	11	HOSE	720	-999	P	937
1266876388240	1	RECOG_FEEDBACK	1
1266876388964	0	RECOG_PRES	11	ROOST	1208	-999	P	1123
1266876390457	0	RECOG_CR_PRES	11	ROOST	1208	-999	P	878
1266876391657	1	RECOG_FEEDBACK	1
1266876392381	0	RECOG_PRES	11	GHETTO	633	-999	P	1194
1266876393947	0	RECOG_CR_PRES	11	GHETTO	633	-999	P	843
1266876395131	1	RECOG_FEEDBACK	1
1266876395930	0	RECOG_PRES	11	DRAWING	494	-999	P	2501
1266876398805	0	RECOG_CR_PRES	11	DRAWING	494	-999	P	874
1266876400039	1	RECOG_FEEDBACK	0
1266876402573	0	REST
1266876403485	1	REC_START
1266876403514	0	RECOG_PRES	12	RAT	1169	-999	P	1149
1266876405039	0	RECOG_CR_PRES	12	RAT	1169	-999	P	743
1266876406114	1	RECOG_FEEDBACK	1
1266876406846	0	RECOG_PRES	12	LEG	809	-999	P	1016
1266876408230	0	RECOG_CR_PRES	12	LEG	809	-999	P	1016
1266876409580	1	RECOG_FEEDBACK	1
1266876410364	0	RECOG_PRES	12	CONTRACT	368	-999	P	1171
1266876411904	0	RECOG_CR_PRES	12	CONTRACT	368	-999	P	775
1266876413013	1	RECOG_FEEDBACK	1
1266876413812	0	RECOG_PRES	12	BAND	78	-999	P	2427
1266876416613	0	RECOG_CR_PRES	12	BAND	78	-999	P	914
1266876417887	1	RECOG_FEEDBACK	1
1266876418696	0	RECOG_PRES	12	FEMALE	559	-999	P	1863
1266876420928	0	RECOG_CR_PRES	12	FEMALE	559	-999	P	767
1266876422046	1	RECOG_FEEDBACK	0
1266876422787	0	RECOG_PRES	12	DICTIONARY	463	-999	P	1228
1266876424388	0	RECOG_CR_PRES	12	DICTIONARY	463	-999	P	699
1266876425421	1	RECOG_FEEDBACK	1
1266876426221	0	RECOG_PRES	12	GUITAR	670	-999	P	1218
1266876427811	0	RECOG_CR_PRES	12	GUITAR	670	-999	P	676
1266876428828	1	RECOG_FEEDBACK	1
1266876429562	0	RECOG_PRES	12	OWL	992	-999	P	1045
1266876430978	0	RECOG_CR_PRES	12	OWL	992	-999	P	701
1266876432012	1	RECOG_FEEDBACK	1
1266876432794	0	RECOG_PRES	12	CELLO	268	-999	P	1100
1266876434262	0	RECOG_CR_PRES	12	CELLO	268	-999	P	704
1266876435295	1	RECOG_FEEDBACK	1
1266876436095	0	RECOG_PRES	12	HAND	683	-999	P	1040
1266876437503	0	RECOG_CR_PRES	12	HAND	683	-999	P	784
1266876438620	1	RECOG_FEEDBACK	1
1266876439395	0	RECOG_PRES	12	MINK	897	-999	P	1371
1266876441128	0	RECOG_CR_PRES	12	MINK	897	-999	P	702
1266876442178	1	RECOG_FEEDBACK	0
1266876442919	0	RECOG_PRES	12	CRIMINAL	409	-999	P	1023
1266876444311	0	RECOG_CR_PRES	12	CRIMINAL	409	-999	P	736
1266876445361	1	RECOG_FEEDBACK	1
1266876446103	0	RECOG_PRES	12	ESSAY	540	-999	P	1416
1266876447893	0	RECOG_CR_PRES	12	ESSAY	540	-999	P	642
1266876448901	1	RECOG_FEEDBACK	0
1266876449702	0	RECOG_PRES	12	LOLLIPOP	842	-999	P	1056
1266876451119	0	RECOG_CR_PRES	12	LOLLIPOP	842	-999	P	871
1266876452319	1	RECOG_FEEDBACK	1
1266876453085	0	RECOG_PRES	12	APRON	35	-999	P	1418
1266876454876	0	RECOG_CR_PRES	12	APRON	35	-999	P	491
1266876455718	1	RECOG_FEEDBACK	1
1266876456510	0	RECOG_PRES	12	PLATE	1086	-999	P	1137
1266876458018	0	RECOG_CR_PRES	12	PLATE	1086	-999	P	740
1266876459110	1	RECOG_FEEDBACK	1
1266876459834	0	RECOG_PRES	12	RAISIN	1163	-999	P	1341
1266876461543	0	RECOG_CR_PRES	12	RAISIN	1163	-999	P	728
1266876462618	1	RECOG_FEEDBACK	1
1266876463335	0	RECOG_PRES	12	MOTEL	919	-999	P	1591
1266876465293	0	RECOG_CR_PRES	12	MOTEL	919	-999	P	697
1266876466326	1	RECOG_FEEDBACK	0
1266876467109	0	RECOG_PRES	12	THICKET	1455	-999	P	1026
1266876468509	0	RECOG_CR_PRES	12	THICKET	1455	-999	P	850
1266876469701	1	RECOG_FEEDBACK	1
1266876470443	0	RECOG_PRES	12	POLYESTER	1100	-999	P	1004
1266876471816	0	RECOG_CR_PRES	12	POLYESTER	1100	-999	P	966
1266876473109	1	RECOG_FEEDBACK	1
1266876475526	0	REST
1266876476619	1	REC_START
1266876476650	0	RECOG_PRES	13	WHEAT	1602	-999	P	968
1266876478017	0	RECOG_CR_PRES	13	WHEAT	1602	-999	P	741
1266876479100	1	RECOG_FEEDBACK	1
1266876479833	0	RECOG_PRES	13	SISTER	1312	-999	P	965
1266876481167	0	RECOG_CR_PRES	13	SISTER	1312	-999	P	711
1266876482200	1	RECOG_FEEDBACK	1
1266876482966	0	RECOG_PRES	13	BUILDER	190	-999	P	880
1266876484208	0	RECOG_CR_PRES	13	BUILDER	190	-999	P	678
1266876485200	1	RECOG_FEEDBACK	1
1266876485990	0	RECOG_PRES	13	HOSPITAL	721	-999	P	800
1266876487158	0	RECOG_CR_PRES	13	HOSPITAL	721	-999	P	897
1266876488391	1	RECOG_FEEDBACK	1
1266876489116	0	RECOG_PRES	13	RAFT	1159	-999	P	963
1266876490449	0	RECOG_CR_PRES	13	RAFT	1159	-999	P	734
1266876491499	1	RECOG_FEEDBACK	1
1266876492324	0	RECOG_PRES	13	COWBOY	395	-999	P	2267
1266876494965	0	RECOG_CR_PRES	13	COWBOY	395	-999	P	730
1266876496057	1	RECOG_FEEDBACK	1
1266876496831	0	RECOG_PRES	13	BASSINET	97	-999	P	2232
1266876499432	0	RECOG_CR_PRES	13	BASSINET	97	-999	P	735
1266876500532	1	RECOG_FEEDBACK	1
1266876501249	0	RECOG_PRES	13	OTTER	986	-999	P	966
1266876502590	0	RECOG_CR_PRES	13	OTTER	986	-999	P	841
1266876503781	1	RECOG_FEEDBACK	1
1266876504565	0	RECOG_PRES	13	MAMMAL	861	-999	P	898
1266876505831	0	RECOG_CR_PRES	13	MAMMAL	861	-999	P	641
1266876506806	1	RECOG_FEEDBACK	1
1266876507532	0	RECOG_PRES	13	BRAKE	166	-999	P	1075
1266876508980	0	RECOG_CR_PRES	13	BRAKE	166	-999	P	810
1266876510106	1	RECOG_FEEDBACK	1
1266876510897	0	RECOG_PRES	13	LIMB	822	-999	P	1214
1266876512481	0	RECOG_CR_PRES	13	LIMB	822	-999	P	766
1266876513589	1	RECOG_FEEDBACK	1
1266876514373	0	RECOG_PRES	13	ISLAND	745	-999	P	954
1266876515698	0	RECOG_CR_PRES	13	ISLAND	745	-999	P	917
1266876516930	1	RECOG_FEEDBACK	1
1266876517647	0	RECOG_PRES	13	SILVERWARE	1308	-999	P	1183
1266876519197	0	RECOG_CR_PRES	13	SILVERWARE	1308	-999	P	938
1266876520447	1	RECOG_FEEDBACK	1
1266876521197	0	RECOG_PRES	13	SHEARS	1276	-999	P	1330
1266876522896	0	RECOG_CR_PRES	13	SHEARS	1276	-999	P	862
1266876524089	1	RECOG_FEEDBACK	1
1266876524871	0	RECOG_PRES	13	BRICK	172	-999	P	911
1266876526147	0	RECOG_CR_PRES	13	BRICK	172	-999	P	771
1266876527238	1	RECOG_FEEDBACK	1
1266876528030	0	RECOG_PRES	13	WALNUT	1584	-999	P	1297
1266876529697	0	RECOG_CR_PRES	13	WALNUT	1584	-999	P	726
1266876530746	1	RECOG_FEEDBACK	1
1266876531488	0	RECOG_PRES	13	PIMPLE	1071	-999	P	1063
1266876532920	0	RECOG_CR_PRES	13	PIMPLE	1071	-999	P	1022
1266876534255	1	RECOG_FEEDBACK	1
1266876535046	0	RECOG_PRES	13	STRING	1394	-999	P	920
1266876536329	0	RECOG_CR_PRES	13	STRING	1394	-999	P	998
1266876537638	1	RECOG_FEEDBACK	1
1266876538404	0	RECOG_PRES	13	ASHTRAY	45	-999	P	1187
1266876539962	0	RECOG_CR_PRES	13	ASHTRAY	45	-999	P	780
1266876541071	1	RECOG_FEEDBACK	1
1266876541803	0	RECOG_PRES	13	TURNIP	1521	-999	P	1027
1266876543196	0	RECOG_CR_PRES	13	TURNIP	1521	-999	P	738
1266876544237	1	RECOG_FEEDBACK	1
1266876548687	0	REST
1266876549735	1	REC_START
1266876549769	0	RECOG_PRES	14	VICTIM	1562	-999	P	1045
1266876551178	0	RECOG_CR_PRES	14	VICTIM	1562	-999	P	788
1266876552303	1	RECOG_FEEDBACK	1
1266876553053	0	RECOG_PRES	14	SCIENTIST	1249	-999	P	994
1266876554412	0	RECOG_CR_PRES	14	SCIENTIST	1249	-999	P	723
1266876555470	1	RECOG_FEEDBACK	1
1266876556236	0	RECOG_PRES	14	WINGS	1614	-999	P	963
1266876557570	0	RECOG_CR_PRES	14	WINGS	1614	-999	P	749
1266876558661	1	RECOG_FEEDBACK	1
1266876559461	0	RECOG_PRES	14	RODENT	1204	-999	P	1202
1266876561036	0	RECOG_CR_PRES	14	RODENT	1204	-999	P	866
1266876562236	1	RECOG_FEEDBACK	1
1266876562993	0	RECOG_PRES	14	WAITER	1580	-999	P	925
1266876564286	0	RECOG_CR_PRES	14	WAITER	1580	-999	P	849
1266876565461	1	RECOG_FEEDBACK	1
1266876566219	0	RECOG_PRES	14	MOLECULE	905	-999	P	1204
1266876567793	0	RECOG_CR_PRES	14	MOLECULE	905	-999	P	798
1266876568918	1	RECOG_FEEDBACK	1
1266876569718	0	RECOG_PRES	14	MACHINE	852	-999	P	849
1266876570934	0	RECOG_CR_PRES	14	MACHINE	852	-999	P	729
1266876571993	1	RECOG_FEEDBACK	1
1266876572792	0	RECOG_PRES	14	BEETLE	116	-999	P	1038
1266876574193	0	RECOG_CR_PRES	14	BEETLE	116	-999	P	910
1266876575418	1	RECOG_FEEDBACK	1
1266876576135	0	RECOG_PRES	14	GYM	674	-999	P	1920
1266876578426	0	RECOG_CR_PRES	14	GYM	674	-999	P	741
1266876579526	1	RECOG_FEEDBACK	1
1266876580301	0	RECOG_PRES	14	ATOM	55	-999	P	786
1266876581460	0	RECOG_CR_PRES	14	ATOM	55	-999	P	691
1266876582493	1	RECOG_FEEDBACK	1
1266876583234	0	RECOG_PRES	14	ATTORNEY	58	-999	P	1117
1266876584725	0	RECOG_CR_PRES	14	ATTORNEY	58	-999	P	698
1266876585758	1	RECOG_FEEDBACK	1
1266876586467	0	RECOG_PRES	14	CLOVE	329	-999	P	2443
1266876589276	0	RECOG_CR_PRES	14	CLOVE	329	-999	P	610
1266876590259	1	RECOG_FEEDBACK	1
1266876591059	0	RECOG_PRES	14	UNICORN	1538	-999	P	1060
1266876592492	0	RECOG_CR_PRES	14	UNICORN	1538	-999	P	835
1266876593642	1	RECOG_FEEDBACK	1
1266876594400	0	RECOG_PRES	14	BELLY	119	-999	P	1223
1266876595991	0	RECOG_CR_PRES	14	BELLY	119	-999	P	1312
1266876597650	1	RECOG_FEEDBACK	1
1266876598442	0	RECOG_PRES	14	CAVITY	264	-999	P	981
1266876599791	0	RECOG_CR_PRES	14	CAVITY	264	-999	P	856
1266876600982	1	RECOG_FEEDBACK	1
1266876601757	0	RECOG_PRES	14	CHEESE	289	-999	P	1233
1266876603366	0	RECOG_CR_PRES	14	CHEESE	289	-999	P	673
1266876604366	1	RECOG_FEEDBACK	0
1266876605091	0	RECOG_PRES	14	HATCHET	691	-999	P	1068
1266876606533	0	RECOG_CR_PRES	14	HATCHET	691	-999	P	802
1266876607649	1	RECOG_FEEDBACK	1
1266876608374	0	RECOG_PRES	14	BALLOT	76	-999	P	1289
1266876610032	0	RECOG_CR_PRES	14	BALLOT	76	-999	P	822
1266876611174	1	RECOG_FEEDBACK	1
1266876611948	0	RECOG_PRES	14	PIGEON	1065	-999	P	1099
1266876613416	0	RECOG_CR_PRES	14	PIGEON	1065	-999	P	935
1266876614682	1	RECOG_FEEDBACK	1
1266876615432	0	RECOG_PRES	14	FIREPLACE	570	-999	P	1087
1266876616889	0	RECOG_CR_PRES	14	FIREPLACE	570	-999	P	917
1266876618148	1	RECOG_FEEDBACK	1
1266876620756	0	REST
1266876621648	1	REC_START
1266876621682	0	RECOG_PRES	15	SAW	1239	-999	P	1132
1266876623181	0	RECOG_CR_PRES	15	SAW	1239	-999	P	866
1266876624381	1	RECOG_FEEDBACK	1
1266876625190	0	RECOG_PRES	15	BUN	197	-999	P	2153
1266876627713	0	RECOG_CR_PRES	15	BUN	197	-999	P	1005
1266876629081	1	RECOG_FEEDBACK	1
1266876629838	0	RECOG_PRES	15	LOVER	846	-999	P	1305
1266876631514	0	RECOG_CR_PRES	15	LOVER	846	-999	P	725
1266876632581	1	RECOG_FEEDBACK	1
1266876633372	0	RECOG_PRES	15	SWIMMER	1420	-999	P	851
1266876634597	0	RECOG_CR_PRES	15	SWIMMER	1420	-999	P	778
1266876635706	1	RECOG_FEEDBACK	1
1266876636431	0	RECOG_PRES	15	CHILD	299	-999	P	1264
1266876638064	0	RECOG_CR_PRES	15	CHILD	299	-999	P	639
1266876639039	1	RECOG_FEEDBACK	1
1266876639838	0	RECOG_PRES	15	CRUMB	416	-999	P	1136
1266876641339	0	RECOG_CR_PRES	15	CRUMB	416	-999	P	820
1266876642513	1	RECOG_FEEDBACK	1
1266876643297	0	RECOG_PRES	15	MAILBOX	857	-999	P	950
1266876644622	0	RECOG_CR_PRES	15	MAILBOX	857	-999	P	801
1266876645762	1	RECOG_FEEDBACK	1
1266876646555	0	RECOG_PRES	15	PLUMBER	1091	-999	P	1044
1266876647970	0	RECOG_CR_PRES	15	PLUMBER	1091	-999	P	725
1266876649038	1	RECOG_FEEDBACK	1
1266876649829	0	RECOG_PRES	15	OX	994	-999	P	1025
1266876651221	0	RECOG_CR_PRES	15	OX	994	-999	P	842
1266876652396	1	RECOG_FEEDBACK	1
1266876653121	0	RECOG_PRES	15	CLOTHES	327	-999	P	1294
1266876654787	0	RECOG_CR_PRES	15	CLOTHES	327	-999	P	772
1266876655895	1	RECOG_FEEDBACK	1
1266876656621	0	RECOG_PRES	15	OFFICER	973	-999	P	2874
1266876659895	0	RECOG_CR_PRES	15	OFFICER	973	-999	P	823
1266876661095	1	RECOG_FEEDBACK	1
1266876661844	0	RECOG_PRES	15	SIGN	1305	-999	P	2339
1266876664553	0	RECOG_CR_PRES	15	SIGN	1305	-999	P	638
1266876665553	1	RECOG_FEEDBACK	1
1266876666278	0	RECOG_PRES	15	BANNER	85	-999	P	875
1266876667553	0	RECOG_CR_PRES	15	BANNER	85	-999	P	758
1266876668645	1	RECOG_FEEDBACK	1
1266876669420	0	RECOG_PRES	15	ELBOW	520	-999	P	1027
1266876670819	0	RECOG_CR_PRES	15	ELBOW	520	-999	P	915
1266876672070	1	RECOG_FEEDBACK	1
1266876672785	0	RECOG_PRES	15	FIELD	562	-999	P	1005
1266876674153	0	RECOG_CR_PRES	15	FIELD	562	-999	P	878
1266876675378	1	RECOG_FEEDBACK	1
1266876676111	0	RECOG_PRES	15	COIN	343	-999	P	968
1266876677453	0	RECOG_CR_PRES	15	COIN	343	-999	P	858
1266876678653	1	RECOG_FEEDBACK	1
1266876679386	0	RECOG_PRES	15	SKIRT	1319	-999	P	1013
1266876680768	0	RECOG_CR_PRES	15	SKIRT	1319	-999	P	831
1266876681926	1	RECOG_FEEDBACK	1
1266876682669	0	RECOG_PRES	15	PEANUT	1032	-999	P	2097
1266876685127	0	RECOG_CR_PRES	15	PEANUT	1032	-999	P	647
1266876686144	1	RECOG_FEEDBACK	0
1266876686868	0	RECOG_PRES	15	SHELF	1280	-999	P	3058
1266876690293	0	RECOG_CR_PRES	15	SHELF	1280	-999	P	1010
1266876691685	1	RECOG_FEEDBACK	1
1266876692402	0	RECOG_PRES	15	KEG	770	-999	P	1253
1266876694026	0	RECOG_CR_PRES	15	KEG	770	-999	P	892
1266876695260	1	RECOG_FEEDBACK	1
1266876696057	0	RECOG_END
1266876704950	0	SESS_END
1266876704994	0	E	Logging Ends
