1270591808903	0	B	Logging Begins
1270591808903	0	SESS_START	13
1270591929300	1	FR_PRES	0	KEEPER	769	1	0	1498	(0.57740000000000002, 0.41289999999999999, 1.0)	../fonts/amplitud.ttf	lower
1270591933158	1	FR_PRES	0	SHELTER	1282	1	0	1097	(0.57740000000000002, 0.41289999999999999, 1.0)	../fonts/amplitud.ttf	lower
1270591937116	1	FR_PRES	0	ROBE	1198	0	0	1339	(0.42259999999999998, 0.58709999999999996, 0)	../fonts/zerothre.ttf	upper
1270591941199	1	FR_PRES	0	CRAB	397	0	0	1440	(0.42259999999999998, 0.58709999999999996, 0)	../fonts/zerothre.ttf	upper
1270591945399	1	FR_PRES	0	TURTLE	1522	1	1	1096	(0.57740000000000002, 0.41289999999999999, 1.0)	../fonts/amplitud.ttf	lower
1270591949399	1	FR_PRES	0	SKATE	1313	1	0	784	(0.57740000000000002, 0.41289999999999999, 1.0)	../fonts/amplitud.ttf	lower
1270591953307	1	FR_PRES	0	STONE	1385	1	0	852	(0.57740000000000002, 0.41289999999999999, 1.0)	../fonts/amplitud.ttf	lower
1270591957198	1	FR_PRES	0	SCENERY	1247	1	0	1345	(0.57740000000000002, 0.41289999999999999, 1.0)	../fonts/amplitud.ttf	lower
1270591961214	1	FR_PRES	0	JEWEL	757	1	0	929	(0.57740000000000002, 0.41289999999999999, 1.0)	../fonts/amplitud.ttf	lower
1270591965272	1	FR_PRES	0	HAMPER	682	1	0	1598	(0.57740000000000002, 0.41289999999999999, 1.0)	../fonts/amplitud.ttf	lower
1270591969431	1	FR_PRES	0	BRUNETTE	181	0	1	1255	(0.42259999999999998, 0.58709999999999996, 0)	../fonts/zerothre.ttf	upper
1270591973622	1	FR_PRES	0	EAGLE	512	0	1	1256	(0.42259999999999998, 0.58709999999999996, 0)	../fonts/zerothre.ttf	upper
1270591977638	1	FR_PRES	0	SPARROW	1347	0	0	857	(0.42259999999999998, 0.58709999999999996, 0)	../fonts/zerothre.ttf	upper
1270591981745	1	FR_PRES	0	TELESCOPE	1446	0	1	1350	(0.42259999999999998, 0.58709999999999996, 0)	../fonts/zerothre.ttf	upper
1270591985646	1	FR_PRES	0	BEARD	107	0	1	1497	(0.42259999999999998, 0.58709999999999996, 0)	../fonts/zerothre.ttf	upper
1270591989828	1	FR_PRES	0	FUNGUS	614	0	1	1363	(0.42259999999999998, 0.58709999999999996, 0)	../fonts/zerothre.ttf	upper
1270591994005	0	DISTRACTOR	0			8000	5
1270592002620	1	REC_START
1270592089787	0	REST
1270592091287	0	DISTRACTOR	1			8000	4
1270592098837	1	FR_PRES	1	PIN	1072	1	0	937	(0.57740000000000002, 0.41289999999999999, 1.0)	../fonts/amplitud.ttf	lower
1270592102667	0	DISTRACTOR	1			8000	3
1270592110902	1	FR_PRES	1	CLOCK	325	1	0	689	(0.57740000000000002, 0.41289999999999999, 1.0)	../fonts/amplitud.ttf	lower
1270592114981	0	DISTRACTOR	1			8000	6
1270592123019	1	FR_PRES	1	TOMATO	1476	1	1	683	(0.57740000000000002, 0.41289999999999999, 1.0)	../fonts/amplitud.ttf	lower
1270592127212	0	DISTRACTOR	1			8000	4
1270592134942	1	FR_PRES	1	SWAMP	1416	0	0	1233	(0.42259999999999998, 0.58709999999999996, 0)	../fonts/zerothre.ttf	upper
1270592138900	0	DISTRACTOR	1			8000	5
1270592146800	1	FR_PRES	1	PAIL	1002	0	1	1839	(0.42259999999999998, 0.58709999999999996, 0)	../fonts/zerothre.ttf	upper
1270592150778	0	DISTRACTOR	1			8000	5
1270592158675	1	FR_PRES	1	LAGOON	795	0	0	1412	(0.42259999999999998, 0.58709999999999996, 0)	../fonts/zerothre.ttf	upper
1270592162587	0	DISTRACTOR	1			8000	3
1270592170873	1	FR_PRES	1	MARINE	869	0	1	1214	(0.42259999999999998, 0.58709999999999996, 0)	../fonts/zerothre.ttf	upper
1270592174722	0	DISTRACTOR	1			8000	3
1270592182722	1	FR_PRES	1	FRIES	607	0	0	925	(0.42259999999999998, 0.58709999999999996, 0)	../fonts/zerothre.ttf	upper
1270592186836	0	DISTRACTOR	1			8000	5
1270592194555	1	FR_PRES	1	ORCHID	982	1	0	1243	(0.57740000000000002, 0.41289999999999999, 1.0)	../fonts/amplitud.ttf	lower
1270592198709	0	DISTRACTOR	1			8000	5
1270592206555	1	FR_PRES	1	NEEDLE	941	1	0	1100	(0.57740000000000002, 0.41289999999999999, 1.0)	../fonts/amplitud.ttf	lower
1270592210622	0	DISTRACTOR	1			8000	4
1270592218711	1	FR_PRES	1	FRIAR	605	1	1	2159	(0.57740000000000002, 0.41289999999999999, 1.0)	../fonts/amplitud.ttf	lower
1270592222763	0	DISTRACTOR	1			8000	2
1270592230843	1	FR_PRES	1	NUN	962	0	1	1604	(0.42259999999999998, 0.58709999999999996, 0)	../fonts/zerothre.ttf	upper
1270592235027	0	DISTRACTOR	1			8000	3
1270592243027	1	FR_PRES	1	WIDOW	1608	0	1	1747	(0.42259999999999998, 0.58709999999999996, 0)	../fonts/zerothre.ttf	upper
1270592247173	0	DISTRACTOR	1			8000	3
1270592255234	1	FR_PRES	1	WEB	1598	0	0	676	(0.42259999999999998, 0.58709999999999996, 0)	../fonts/zerothre.ttf	upper
1270592259379	0	DISTRACTOR	1			8000	3
1270592267217	1	FR_PRES	1	THIMBLE	1458	1	0	894	(0.57740000000000002, 0.41289999999999999, 1.0)	../fonts/amplitud.ttf	lower
1270592271232	0	DISTRACTOR	1			8000	3
1270592279174	1	FR_PRES	1	VINEGAR	1569	1	0	1449	(0.57740000000000002, 0.41289999999999999, 1.0)	../fonts/amplitud.ttf	lower
1270592283321	0	DISTRACTOR	1			8000	5
1270592291915	1	REC_START
1270592379409	0	REST
1270592380908	0	DISTRACTOR	2			16000	6
1270592396374	1	FR_PRES	2	UNIFORM	1539	0	0	1312	(0.42259999999999998, 0.58709999999999996, 0)	../fonts/zerothre.ttf	upper
1270592400401	0	DISTRACTOR	2			16000	11
1270592416306	1	FR_PRES	2	LINT	826	0	0	1452	(0.42259999999999998, 0.58709999999999996, 0)	../fonts/zerothre.ttf	upper
1270592420412	0	DISTRACTOR	2			16000	9
1270592436129	1	FR_PRES	2	DESIGNER	451	1	1	1118	(0.57740000000000002, 0.41289999999999999, 1.0)	../fonts/amplitud.ttf	lower
1270592440233	0	DISTRACTOR	2			16000	8
1270592456278	1	FR_PRES	2	PARTNER	1017	1	1	1745	(0.57740000000000002, 0.41289999999999999, 1.0)	../fonts/amplitud.ttf	lower
1270592460121	0	DISTRACTOR	2			16000	10
1270592476218	1	FR_PRES	2	CAKE	219	1	1	1381	(0.57740000000000002, 0.41289999999999999, 1.0)	../fonts/amplitud.ttf	lower
1270592480273	0	DISTRACTOR	2			16000	10
1270592496400	1	FR_PRES	2	PUZZLE	1146	1	1	2215	(0.57740000000000002, 0.41289999999999999, 1.0)	../fonts/amplitud.ttf	lower
1270592500530	0	DISTRACTOR	2			16000	8
1270592516498	1	FR_PRES	2	PILLOW	1069	0	0	1180	(0.42259999999999998, 0.58709999999999996, 0)	../fonts/zerothre.ttf	upper
1270592520537	0	DISTRACTOR	2			16000	11
1270592536530	1	FR_PRES	2	OTTER	986	0	1	1589	(0.42259999999999998, 0.58709999999999996, 0)	../fonts/zerothre.ttf	upper
1270592540401	0	DISTRACTOR	2			16000	8
1270592556645	1	FR_PRES	2	NERVE	944	1	1	1241	(0.57740000000000002, 0.41289999999999999, 1.0)	../fonts/amplitud.ttf	lower
1270592560559	0	DISTRACTOR	2			16000	12
1270592576709	1	FR_PRES	2	HOSPITAL	721	1	0	1257	(0.57740000000000002, 0.41289999999999999, 1.0)	../fonts/amplitud.ttf	lower
1270592580630	0	DISTRACTOR	2			16000	9
1270592596758	1	FR_PRES	2	VAN	1548	1	0	1176	(0.57740000000000002, 0.41289999999999999, 1.0)	../fonts/amplitud.ttf	lower
1270592600869	0	DISTRACTOR	2			16000	10
1270592616583	1	FR_PRES	2	GARAGE	621	1	1	1480	(0.57740000000000002, 0.41289999999999999, 1.0)	../fonts/amplitud.ttf	lower
1270592620731	0	DISTRACTOR	2			16000	9
1270592636664	1	FR_PRES	2	MOOSE	915	0	0	2158	(0.42259999999999998, 0.58709999999999996, 0)	../fonts/zerothre.ttf	upper
1270592640594	0	DISTRACTOR	2			16000	7
1270592656638	1	FR_PRES	2	FELLOW	558	0	0	1192	(0.42259999999999998, 0.58709999999999996, 0)	../fonts/zerothre.ttf	upper
1270592660791	0	DISTRACTOR	2			16000	7
1270592676470	1	FR_PRES	2	SHRIMP	1297	0	0	1145	(0.42259999999999998, 0.58709999999999996, 0)	../fonts/zerothre.ttf	upper
1270592680473	0	DISTRACTOR	2			16000	8
1270592696493	1	FR_PRES	2	BOWL	158	0	0	1914	(0.42259999999999998, 0.58709999999999996, 0)	../fonts/zerothre.ttf	upper
1270592700457	0	DISTRACTOR	2			16000	8
1270592717317	1	REC_START
1270592823816	0	REST
1270592825317	1	FR_PRES	3	BASEBALL	93	1	0	1018	(0.57740000000000002, 0.41289999999999999, 1.0)	../fonts/amplitud.ttf	lower
1270592829500	1	FR_PRES	3	GLOBE	641	1	0	795	(0.57740000000000002, 0.41289999999999999, 1.0)	../fonts/amplitud.ttf	lower
1270592833583	1	FR_PRES	3	TENT	1449	1	0	776	(0.57740000000000002, 0.41289999999999999, 1.0)	../fonts/amplitud.ttf	lower
1270592837641	1	FR_PRES	3	FLIPPER	580	0	0	1558	(0.42259999999999998, 0.58709999999999996, 0)	../fonts/zerothre.ttf	upper
1270592841608	1	FR_PRES	3	PAN	1008	0	0	951	(0.42259999999999998, 0.58709999999999996, 0)	../fonts/zerothre.ttf	upper
1270592845657	1	FR_PRES	3	BOY	161	0	1	1422	(0.42259999999999998, 0.58709999999999996, 0)	../fonts/zerothre.ttf	upper
1270592849582	1	FR_PRES	3	FLOUR	583	0	0	1136	(0.42259999999999998, 0.58709999999999996, 0)	../fonts/zerothre.ttf	upper
1270592853714	1	FR_PRES	3	DETECTIVE	454	0	1	1813	(0.42259999999999998, 0.58709999999999996, 0)	../fonts/zerothre.ttf	upper
1270592857565	1	FR_PRES	3	AGENT	10	0	1	1329	(0.42259999999999998, 0.58709999999999996, 0)	../fonts/zerothre.ttf	upper
1270592861514	1	FR_PRES	3	GIRL	637	1	1	1157	(0.57740000000000002, 0.41289999999999999, 1.0)	../fonts/amplitud.ttf	lower
1270592865531	1	FR_PRES	3	CHEF	290	1	1	940	(0.57740000000000002, 0.41289999999999999, 1.0)	../fonts/amplitud.ttf	lower
1270592869605	1	FR_PRES	3	GRILL	661	1	0	898	(0.57740000000000002, 0.41289999999999999, 1.0)	../fonts/amplitud.ttf	lower
1270592873696	1	FR_PRES	3	RESTAURANT	1187	1	0	1006	(0.57740000000000002, 0.41289999999999999, 1.0)	../fonts/amplitud.ttf	lower
1270592877704	1	FR_PRES	3	HAMBURGER	679	1	0	1166	(0.57740000000000002, 0.41289999999999999, 1.0)	../fonts/amplitud.ttf	lower
1270592881679	1	FR_PRES	3	DICE	461	0	0	1255	(0.42259999999999998, 0.58709999999999996, 0)	../fonts/zerothre.ttf	upper
1270592885820	1	FR_PRES	3	BEDROOM	111	0	1	1203	(0.42259999999999998, 0.58709999999999996, 0)	../fonts/zerothre.ttf	upper
1270592889981	0	DISTRACTOR	3			8000	5
1270592898637	1	REC_START
1270592991130	0	REST
1270592992638	1	FR_PRES	4	CHEST	295	0	1	1360	(0.42259999999999998, 0.58709999999999996, 0)	../fonts/zerothre.ttf	upper
1270592996654	1	FR_PRES	4	BANDANNA	80	0	0	1296	(0.42259999999999998, 0.58709999999999996, 0)	../fonts/zerothre.ttf	upper
1270593000820	1	FR_PRES	4	COBBLER	335	0	0	1114	(0.42259999999999998, 0.58709999999999996, 0)	../fonts/zerothre.ttf	upper
1270593005012	1	FR_PRES	4	CHERRY	293	0	0	1299	(0.42259999999999998, 0.58709999999999996, 0)	../fonts/zerothre.ttf	upper
1270593009020	1	FR_PRES	4	BLOUSE	139	0	1	1571	(0.42259999999999998, 0.58709999999999996, 0)	../fonts/zerothre.ttf	upper
1270593013153	1	FR_PRES	4	REINDEER	1181	1	1	1685	(0.57740000000000002, 0.41289999999999999, 1.0)	../fonts/amplitud.ttf	lower
1270593017269	1	FR_PRES	4	MAJOR	859	1	1	1457	(0.57740000000000002, 0.41289999999999999, 1.0)	../fonts/amplitud.ttf	lower
1270593021427	1	FR_PRES	4	DIAL	457	1	0	996	(0.57740000000000002, 0.41289999999999999, 1.0)	../fonts/amplitud.ttf	lower
1270593025319	1	FR_PRES	4	PERSONNEL	1053	1	1	1056	(0.57740000000000002, 0.41289999999999999, 1.0)	../fonts/amplitud.ttf	lower
1270593029494	1	FR_PRES	4	TACK	1428	1	0	1105	(0.57740000000000002, 0.41289999999999999, 1.0)	../fonts/amplitud.ttf	lower
1270593033701	1	FR_PRES	4	PONY	1102	0	1	1394	(0.42259999999999998, 0.58709999999999996, 0)	../fonts/zerothre.ttf	upper
1270593037635	1	FR_PRES	4	BUBBLE	183	0	1	1524	(0.42259999999999998, 0.58709999999999996, 0)	../fonts/zerothre.ttf	upper
1270593041825	1	FR_PRES	4	CHIEF	298	0	1	1133	(0.42259999999999998, 0.58709999999999996, 0)	../fonts/zerothre.ttf	upper
1270593045950	1	FR_PRES	4	GALAXY	617	1	0	1433	(0.57740000000000002, 0.41289999999999999, 1.0)	../fonts/amplitud.ttf	lower
1270593050075	1	FR_PRES	4	LIEUTENANT	818	1	1	1500	(0.57740000000000002, 0.41289999999999999, 1.0)	../fonts/amplitud.ttf	lower
1270593054067	1	FR_PRES	4	FLANNEL	574	1	0	1284	(0.57740000000000002, 0.41289999999999999, 1.0)	../fonts/amplitud.ttf	lower
1270593058107	0	DISTRACTOR	4			16000	7
1270593074965	1	REC_START
1270593163059	0	REST
1270593164567	1	FR_PRES	5	HOOP	716	0	0	1127	(0.42259999999999998, 0.58709999999999996, 0)	../fonts/zerothre.ttf	upper
1270593168749	1	FR_PRES	5	ARENA	37	0	1	1482	(0.42259999999999998, 0.58709999999999996, 0)	../fonts/zerothre.ttf	upper
1270593172832	1	FR_PRES	5	TYPEWRITER	1531	0	0	1351	(0.42259999999999998, 0.58709999999999996, 0)	../fonts/zerothre.ttf	upper
1270593176666	1	FR_PRES	5	PAD	998	0	0	989	(0.42259999999999998, 0.58709999999999996, 0)	../fonts/zerothre.ttf	upper
1270593180524	1	FR_PRES	5	ACORN	3	0	0	875	(0.42259999999999998, 0.58709999999999996, 0)	../fonts/zerothre.ttf	upper
1270593184632	1	FR_PRES	5	TIMBER	1469	0	1	1599	(0.42259999999999998, 0.58709999999999996, 0)	../fonts/zerothre.ttf	upper
1270593188573	1	FR_PRES	5	MICROWAVE	892	0	1	1353	(0.42259999999999998, 0.58709999999999996, 0)	../fonts/zerothre.ttf	upper
1270593192381	1	FR_PRES	5	MITTEN	902	0	0	1513	(0.42259999999999998, 0.58709999999999996, 0)	../fonts/zerothre.ttf	upper
1270593196323	1	FR_PRES	5	PATH	1023	0	0	916	(0.42259999999999998, 0.58709999999999996, 0)	../fonts/zerothre.ttf	upper
1270593200448	1	FR_PRES	5	RASPBERRY	1168	0	0	1526	(0.42259999999999998, 0.58709999999999996, 0)	../fonts/zerothre.ttf	upper
1270593204531	1	FR_PRES	5	ROCKET	1202	0	1	1116	(0.42259999999999998, 0.58709999999999996, 0)	../fonts/zerothre.ttf	upper
1270593208514	1	FR_PRES	5	CREVICE	405	0	1	1157	(0.42259999999999998, 0.58709999999999996, 0)	../fonts/zerothre.ttf	upper
1270593212447	1	FR_PRES	5	ATHLETE	52	0	1	1056	(0.42259999999999998, 0.58709999999999996, 0)	../fonts/zerothre.ttf	upper
1270593216580	1	FR_PRES	5	SUPPER	1411	0	0	1043	(0.42259999999999998, 0.58709999999999996, 0)	../fonts/zerothre.ttf	upper
1270593220496	1	FR_PRES	5	GLOVE	642	0	0	1175	(0.42259999999999998, 0.58709999999999996, 0)	../fonts/zerothre.ttf	upper
1270593224604	1	FR_PRES	5	PUB	1135	0	0	1451	(0.42259999999999998, 0.58709999999999996, 0)	../fonts/zerothre.ttf	upper
1270593230209	1	REC_START
1270593319522	0	REST
1270593321022	0	DISTRACTOR	6			8000	3
1270593328571	1	FR_PRES	6	HARP	689	1	0	1387	(0.57740000000000002, 0.41289999999999999, 1.0)	../fonts/amplitud.ttf	lower
1270593332483	0	DISTRACTOR	6			8000	2
1270593340512	1	FR_PRES	6	BEAN	105	1	0	679	(0.57740000000000002, 0.41289999999999999, 1.0)	../fonts/amplitud.ttf	lower
1270593344527	0	DISTRACTOR	6			8000	4
1270593352378	1	FR_PRES	6	ZUCCHINI	1638	1	1	837	(0.57740000000000002, 0.41289999999999999, 1.0)	../fonts/amplitud.ttf	lower
1270593356202	0	DISTRACTOR	6			8000	4
1270593364235	1	FR_PRES	6	ASTRONAUT	51	1	1	1780	(0.57740000000000002, 0.41289999999999999, 1.0)	../fonts/amplitud.ttf	lower
1270593368332	0	DISTRACTOR	6			8000	3
1270593376376	1	FR_PRES	6	XEROX	1628	1	0	895	(0.57740000000000002, 0.41289999999999999, 1.0)	../fonts/amplitud.ttf	lower
1270593380224	0	DISTRACTOR	6			8000	3
1270593388459	1	FR_PRES	6	KEYBOARD	774	1	0	1507	(0.57740000000000002, 0.41289999999999999, 1.0)	../fonts/amplitud.ttf	lower
1270593392661	0	DISTRACTOR	6			8000	5
1270593400291	1	FR_PRES	6	CARPET	247	1	0	868	(0.57740000000000002, 0.41289999999999999, 1.0)	../fonts/amplitud.ttf	lower
1270593404399	0	DISTRACTOR	6			8000	4
1270593412332	1	FR_PRES	6	INDIAN	736	1	1	1299	(0.57740000000000002, 0.41289999999999999, 1.0)	../fonts/amplitud.ttf	lower
1270593416192	0	DISTRACTOR	6			8000	3
1270593424164	1	FR_PRES	6	OAR	966	1	0	1355	(0.57740000000000002, 0.41289999999999999, 1.0)	../fonts/amplitud.ttf	lower
1270593428310	0	DISTRACTOR	6			8000	4
1270593436138	1	FR_PRES	6	ANCESTOR	20	1	1	1029	(0.57740000000000002, 0.41289999999999999, 1.0)	../fonts/amplitud.ttf	lower
1270593440276	0	DISTRACTOR	6			8000	4
1270593448237	1	FR_PRES	6	AUNT	60	1	1	906	(0.57740000000000002, 0.41289999999999999, 1.0)	../fonts/amplitud.ttf	lower
1270593452426	0	DISTRACTOR	6			8000	5
1270593460053	1	FR_PRES	6	BROOM	178	1	0	1490	(0.57740000000000002, 0.41289999999999999, 1.0)	../fonts/amplitud.ttf	lower
1270593464250	0	DISTRACTOR	6			8000	3
1270593472136	1	FR_PRES	6	CANOE	233	1	0	999	(0.57740000000000002, 0.41289999999999999, 1.0)	../fonts/amplitud.ttf	lower
1270593476298	0	DISTRACTOR	6			8000	4
1270593483959	1	FR_PRES	6	WARDROBE	1587	1	0	855	(0.57740000000000002, 0.41289999999999999, 1.0)	../fonts/amplitud.ttf	lower
1270593487783	0	DISTRACTOR	6			8000	4
1270593496167	1	FR_PRES	6	CAT	257	1	1	848	(0.57740000000000002, 0.41289999999999999, 1.0)	../fonts/amplitud.ttf	lower
1270593500035	0	DISTRACTOR	6			8000	4
1270593508033	1	FR_PRES	6	MAILMAN	858	1	1	821	(0.57740000000000002, 0.41289999999999999, 1.0)	../fonts/amplitud.ttf	lower
1270593512183	0	DISTRACTOR	6			8000	5
1270593520832	1	REC_START
1270593609509	0	REST
1270593611017	1	FR_PRES	7	BUCKET	184	0	0	1014	(0.42259999999999998, 0.58709999999999996, 0)	../fonts/zerothre.ttf	upper
1270593614999	1	FR_PRES	7	SUBMARINE	1398	0	1	1376	(0.42259999999999998, 0.58709999999999996, 0)	../fonts/zerothre.ttf	upper
1270593618832	1	FR_PRES	7	ANTEATER	26	1	1	1054	(0.57740000000000002, 0.41289999999999999, 1.0)	../fonts/amplitud.ttf	lower
1270593623041	1	FR_PRES	7	FIN	566	1	0	998	(0.57740000000000002, 0.41289999999999999, 1.0)	../fonts/amplitud.ttf	lower
1270593627058	1	FR_PRES	7	MAMMAL	861	1	1	1053	(0.57740000000000002, 0.41289999999999999, 1.0)	../fonts/amplitud.ttf	lower
1270593631132	1	FR_PRES	7	TOTE	1487	1	0	714	(0.57740000000000002, 0.41289999999999999, 1.0)	../fonts/amplitud.ttf	lower
1270593634981	1	FR_PRES	7	MACHINE	852	1	0	1138	(0.57740000000000002, 0.41289999999999999, 1.0)	../fonts/amplitud.ttf	lower
1270593639023	1	FR_PRES	7	FEAST	556	1	0	1264	(0.57740000000000002, 0.41289999999999999, 1.0)	../fonts/amplitud.ttf	lower
1270593642947	1	FR_PRES	7	COB	334	0	0	1492	(0.42259999999999998, 0.58709999999999996, 0)	../fonts/zerothre.ttf	upper
1270593646888	1	FR_PRES	7	RAISIN	1163	0	0	838	(0.42259999999999998, 0.58709999999999996, 0)	../fonts/zerothre.ttf	upper
1270593650905	1	FR_PRES	7	TIGER	1467	0	1	1053	(0.42259999999999998, 0.58709999999999996, 0)	../fonts/zerothre.ttf	upper
1270593654805	1	FR_PRES	7	SCREW	1254	1	0	1113	(0.57740000000000002, 0.41289999999999999, 1.0)	../fonts/amplitud.ttf	lower
1270593658879	1	FR_PRES	7	PRIEST	1122	1	1	983	(0.57740000000000002, 0.41289999999999999, 1.0)	../fonts/amplitud.ttf	lower
1270593662787	1	FR_PRES	7	COMPUTER	359	0	1	1244	(0.42259999999999998, 0.58709999999999996, 0)	../fonts/zerothre.ttf	upper
1270593666895	1	FR_PRES	7	ROACH	1195	0	0	1047	(0.42259999999999998, 0.58709999999999996, 0)	../fonts/zerothre.ttf	upper
1270593670995	1	FR_PRES	7	BUTCHER	203	0	0	1140	(0.42259999999999998, 0.58709999999999996, 0)	../fonts/zerothre.ttf	upper
1270593675190	0	DISTRACTOR	7			8000	3
1270593683803	1	REC_START
1270593776638	0	REST
1270593778138	0	DISTRACTOR	8			16000	8
1270593793777	1	FR_PRES	8	SLIME	1327	0	0	1494	(0.42259999999999998, 0.58709999999999996, 0)	../fonts/zerothre.ttf	upper
1270593797820	0	DISTRACTOR	8			16000	9
1270593813859	1	FR_PRES	8	CABBAGE	210	0	0	804	(0.42259999999999998, 0.58709999999999996, 0)	../fonts/zerothre.ttf	upper
1270593817990	0	DISTRACTOR	8			16000	8
1270593833716	1	FR_PRES	8	DANCER	437	0	0	1018	(0.42259999999999998, 0.58709999999999996, 0)	../fonts/zerothre.ttf	upper
1270593837837	0	DISTRACTOR	8			16000	8
1270593853731	1	FR_PRES	8	TUTU	1524	0	0	1348	(0.42259999999999998, 0.58709999999999996, 0)	../fonts/zerothre.ttf	upper
1270593857618	0	DISTRACTOR	8			16000	8
1270593873930	1	FR_PRES	8	WALL	1582	0	0	916	(0.42259999999999998, 0.58709999999999996, 0)	../fonts/zerothre.ttf	upper
1270593878040	0	DISTRACTOR	8			16000	9
1270593893820	1	FR_PRES	8	BOULDER	155	0	0	946	(0.42259999999999998, 0.58709999999999996, 0)	../fonts/zerothre.ttf	upper
1270593897876	0	DISTRACTOR	8			16000	10
1270593913794	1	FR_PRES	8	CHICK	296	0	1	1964	(0.42259999999999998, 0.58709999999999996, 0)	../fonts/zerothre.ttf	upper
1270593917895	0	DISTRACTOR	8			16000	10
1270593933676	1	FR_PRES	8	CONSOLE	364	0	1	1779	(0.42259999999999998, 0.58709999999999996, 0)	../fonts/zerothre.ttf	upper
1270593937827	0	DISTRACTOR	8			16000	9
1270593953633	1	FR_PRES	8	HEDGE	699	0	1	2221	(0.42259999999999998, 0.58709999999999996, 0)	../fonts/zerothre.ttf	upper
1270593957562	0	DISTRACTOR	8			16000	8
1270593973648	1	FR_PRES	8	HOE	711	0	1	1591	(0.42259999999999998, 0.58709999999999996, 0)	../fonts/zerothre.ttf	upper
1270593977472	0	DISTRACTOR	8			16000	11
1270593993788	1	FR_PRES	8	BABY	64	0	1	1403	(0.42259999999999998, 0.58709999999999996, 0)	../fonts/zerothre.ttf	upper
1270593997642	0	DISTRACTOR	8			16000	9
1270594013761	1	FR_PRES	8	ATTORNEY	58	0	1	2101	(0.42259999999999998, 0.58709999999999996, 0)	../fonts/zerothre.ttf	upper
1270594017682	0	DISTRACTOR	8			16000	10
1270594033968	1	FR_PRES	8	VEHICLE	1553	0	1	1199	(0.42259999999999998, 0.58709999999999996, 0)	../fonts/zerothre.ttf	upper
1270594037997	0	DISTRACTOR	8			16000	8
1270594053966	1	FR_PRES	8	CHAMBER	277	0	0	800	(0.42259999999999998, 0.58709999999999996, 0)	../fonts/zerothre.ttf	upper
1270594058150	0	DISTRACTOR	8			16000	9
1270594073965	1	FR_PRES	8	JURY	766	0	1	1194	(0.42259999999999998, 0.58709999999999996, 0)	../fonts/zerothre.ttf	upper
1270594078093	0	DISTRACTOR	8			16000	6
1270594093905	1	FR_PRES	8	PLAID	1080	0	0	1702	(0.42259999999999998, 0.58709999999999996, 0)	../fonts/zerothre.ttf	upper
1270594097746	0	DISTRACTOR	8			16000	12
1270594114696	1	REC_START
1270594200123	0	REST
1270594201623	0	DISTRACTOR	9			8000	3
1270594209239	1	FR_PRES	9	WICK	1607	1	0	904	(0.57740000000000002, 0.41289999999999999, 1.0)	../fonts/amplitud.ttf	lower
1270594213086	0	DISTRACTOR	9			8000	3
1270594221338	1	FR_PRES	9	STAPLER	1372	1	0	709	(0.57740000000000002, 0.41289999999999999, 1.0)	../fonts/amplitud.ttf	lower
1270594225515	0	DISTRACTOR	9			8000	5
1270594233496	1	FR_PRES	9	TANK	1432	1	0	1206	(0.57740000000000002, 0.41289999999999999, 1.0)	../fonts/amplitud.ttf	lower
1270594237620	0	DISTRACTOR	9			8000	5
1270594245678	1	FR_PRES	9	WHALE	1601	1	1	881	(0.57740000000000002, 0.41289999999999999, 1.0)	../fonts/amplitud.ttf	lower
1270594249838	0	DISTRACTOR	9			8000	5
1270594257619	1	FR_PRES	9	TROUSERS	1510	1	0	1444	(0.57740000000000002, 0.41289999999999999, 1.0)	../fonts/amplitud.ttf	lower
1270594261578	0	DISTRACTOR	9			8000	4
1270594269817	1	FR_PRES	9	ZIPPER	1636	1	0	1350	(0.57740000000000002, 0.41289999999999999, 1.0)	../fonts/amplitud.ttf	lower
1270594273763	0	DISTRACTOR	9			8000	3
1270594281883	1	FR_PRES	9	BINDER	127	1	0	740	(0.57740000000000002, 0.41289999999999999, 1.0)	../fonts/amplitud.ttf	lower
1270594285898	0	DISTRACTOR	9			8000	3
1270594294066	1	FR_PRES	9	PILOT	1070	1	1	916	(0.57740000000000002, 0.41289999999999999, 1.0)	../fonts/amplitud.ttf	lower
1270594298256	0	DISTRACTOR	9			8000	6
1270594306024	1	FR_PRES	9	JACKET	747	1	1	1343	(0.57740000000000002, 0.41289999999999999, 1.0)	../fonts/amplitud.ttf	lower
1270594309913	0	DISTRACTOR	9			8000	5
1270594317889	1	FR_PRES	9	WAITER	1580	1	0	1005	(0.57740000000000002, 0.41289999999999999, 1.0)	../fonts/amplitud.ttf	lower
1270594321976	0	DISTRACTOR	9			8000	3
1270594330030	1	FR_PRES	9	OCEAN	970	1	1	1273	(0.57740000000000002, 0.41289999999999999, 1.0)	../fonts/amplitud.ttf	lower
1270594334055	0	DISTRACTOR	9			8000	4
1270594341954	1	FR_PRES	9	FIGHTER	564	1	0	1053	(0.57740000000000002, 0.41289999999999999, 1.0)	../fonts/amplitud.ttf	lower
1270594346090	0	DISTRACTOR	9			8000	4
1270594353903	1	FR_PRES	9	FAIRY	549	1	1	1488	(0.57740000000000002, 0.41289999999999999, 1.0)	../fonts/amplitud.ttf	lower
1270594358075	0	DISTRACTOR	9			8000	4
1270594365910	1	FR_PRES	9	UNDERWEAR	1537	1	0	1153	(0.57740000000000002, 0.41289999999999999, 1.0)	../fonts/amplitud.ttf	lower
1270594369945	0	DISTRACTOR	9			8000	4
1270594377834	1	FR_PRES	9	COWARD	394	1	1	1277	(0.57740000000000002, 0.41289999999999999, 1.0)	../fonts/amplitud.ttf	lower
1270594381941	0	DISTRACTOR	9			8000	4
1270594389958	1	FR_PRES	9	IDOL	733	1	0	832	(0.57740000000000002, 0.41289999999999999, 1.0)	../fonts/amplitud.ttf	lower
1270594393783	0	DISTRACTOR	9			8000	6
1270594402791	1	REC_START
1270594485102	0	REST
1270594486611	1	FR_PRES	10	DANDELION	438	0	0	868	(0.42259999999999998, 0.58709999999999996, 0)	../fonts/zerothre.ttf	upper
1270594490793	1	FR_PRES	10	TULIP	1517	0	0	854	(0.42259999999999998, 0.58709999999999996, 0)	../fonts/zerothre.ttf	upper
1270594494792	1	FR_PRES	10	ANTELOPE	27	0	1	855	(0.42259999999999998, 0.58709999999999996, 0)	../fonts/zerothre.ttf	upper
1270594498950	1	FR_PRES	10	BISCUIT	130	0	1	2137	(0.42259999999999998, 0.58709999999999996, 0)	../fonts/zerothre.ttf	upper
1270594503026	1	FR_PRES	10	TREASURE	1500	0	1	1125	(0.42259999999999998, 0.58709999999999996, 0)	../fonts/zerothre.ttf	upper
1270594506875	1	FR_PRES	10	LOFT	840	0	1	1380	(0.42259999999999998, 0.58709999999999996, 0)	../fonts/zerothre.ttf	upper
1270594510841	1	FR_PRES	10	RANCH	1166	0	1	1117	(0.42259999999999998, 0.58709999999999996, 0)	../fonts/zerothre.ttf	upper
1270594514932	1	FR_PRES	10	BUGLE	189	0	1	978	(0.42259999999999998, 0.58709999999999996, 0)	../fonts/zerothre.ttf	upper
1270594519083	1	FR_PRES	10	CONCERT	360	0	1	980	(0.42259999999999998, 0.58709999999999996, 0)	../fonts/zerothre.ttf	upper
1270594523199	1	FR_PRES	10	QUEEN	1149	0	1	1152	(0.42259999999999998, 0.58709999999999996, 0)	../fonts/zerothre.ttf	upper
1270594527274	1	FR_PRES	10	LOUNGE	845	0	1	901	(0.42259999999999998, 0.58709999999999996, 0)	../fonts/zerothre.ttf	upper
1270594531299	1	FR_PRES	10	VALVE	1546	0	1	1108	(0.42259999999999998, 0.58709999999999996, 0)	../fonts/zerothre.ttf	upper
1270594535365	1	FR_PRES	10	COTTON	385	0	0	1034	(0.42259999999999998, 0.58709999999999996, 0)	../fonts/zerothre.ttf	upper
1270594539448	1	FR_PRES	10	BEVERAGE	123	0	0	1438	(0.42259999999999998, 0.58709999999999996, 0)	../fonts/zerothre.ttf	upper
1270594543490	1	FR_PRES	10	TRANSPLANT	1496	0	0	1260	(0.42259999999999998, 0.58709999999999996, 0)	../fonts/zerothre.ttf	upper
1270594547506	1	FR_PRES	10	DEER	444	0	1	1533	(0.42259999999999998, 0.58709999999999996, 0)	../fonts/zerothre.ttf	upper
1270594551580	0	DISTRACTOR	10			16000	9
1270594568272	1	REC_START
1270594646549	0	REST
1270594648057	1	FR_PRES	11	BREAD	170	1	0	1238	(0.57740000000000002, 0.41289999999999999, 1.0)	../fonts/amplitud.ttf	lower
1270594652265	1	FR_PRES	11	ADOLESCENT	7	1	1	1086	(0.57740000000000002, 0.41289999999999999, 1.0)	../fonts/amplitud.ttf	lower
1270594656240	1	FR_PRES	11	TOY	1492	1	0	903	(0.57740000000000002, 0.41289999999999999, 1.0)	../fonts/amplitud.ttf	lower
1270594660439	1	FR_PRES	11	DOLLAR	482	1	0	816	(0.57740000000000002, 0.41289999999999999, 1.0)	../fonts/amplitud.ttf	lower
1270594664256	1	FR_PRES	11	NICKEL	950	1	0	999	(0.57740000000000002, 0.41289999999999999, 1.0)	../fonts/amplitud.ttf	lower
1270594668414	1	FR_PRES	11	CUBE	420	1	0	1241	(0.57740000000000002, 0.41289999999999999, 1.0)	../fonts/amplitud.ttf	lower
1270594672564	1	FR_PRES	11	YOUTH	1634	1	1	1202	(0.57740000000000002, 0.41289999999999999, 1.0)	../fonts/amplitud.ttf	lower
1270594676497	1	FR_PRES	11	SEAGULL	1261	1	1	1349	(0.57740000000000002, 0.41289999999999999, 1.0)	../fonts/amplitud.ttf	lower
1270594680563	1	FR_PRES	11	DOUGHNUT	490	1	0	1179	(0.57740000000000002, 0.41289999999999999, 1.0)	../fonts/amplitud.ttf	lower
1270594684588	1	FR_PRES	11	DRESS	495	1	0	715	(0.57740000000000002, 0.41289999999999999, 1.0)	../fonts/amplitud.ttf	lower
1270594688678	1	FR_PRES	11	SHED	1277	1	0	873	(0.57740000000000002, 0.41289999999999999, 1.0)	../fonts/amplitud.ttf	lower
1270594692794	1	FR_PRES	11	REFEREE	1178	1	1	1060	(0.57740000000000002, 0.41289999999999999, 1.0)	../fonts/amplitud.ttf	lower
1270594696911	1	FR_PRES	11	BAKER	71	1	1	728	(0.57740000000000002, 0.41289999999999999, 1.0)	../fonts/amplitud.ttf	lower
1270594700902	1	FR_PRES	11	PEACH	1031	1	1	1361	(0.57740000000000002, 0.41289999999999999, 1.0)	../fonts/amplitud.ttf	lower
1270594704777	1	FR_PRES	11	ROBIN	1199	1	1	901	(0.57740000000000002, 0.41289999999999999, 1.0)	../fonts/amplitud.ttf	lower
1270594708678	1	FR_PRES	11	SQUIRREL	1362	1	1	1112	(0.57740000000000002, 0.41289999999999999, 1.0)	../fonts/amplitud.ttf	lower
1270594714319	1	REC_START
1270594789904	1	REST_REWET
1270594963799	0	MATH_TOTAL_SCORE	533
1270594982458	0	RECOG_START
1270594982458	1	REC_START
1270594982491	0	RECOG_PRES	0	TOENAIL	1474	-999	P	1507
1270594984374	0	RECOG_CR_PRES	0	TOENAIL	1474	-999	P	921
1270594985657	1	RECOG_FEEDBACK	1
1270594986457	0	RECOG_PRES	0	PIN	1072	-999	P	862
1270594987689	0	RECOG_CR_PRES	0	PIN	1072	-999	P	574
1270594988582	1	RECOG_FEEDBACK	1
1270594989340	0	RECOG_PRES	0	STONE	1385	-999	P	1003
1270594990714	0	RECOG_CR_PRES	0	STONE	1385	-999	P	533
1270594991623	1	RECOG_FEEDBACK	1
1270594992423	0	RECOG_PRES	0	PARTNER	1017	-999	P	1040
1270594993839	0	RECOG_CR_PRES	0	PARTNER	1017	-999	P	808
1270594995056	1	RECOG_FEEDBACK	1
1270594995847	0	RECOG_PRES	0	BAKER	71	-999	P	983
1270594997198	0	RECOG_CR_PRES	0	BAKER	71	-999	P	584
1270594998190	1	RECOG_FEEDBACK	1
1270594998905	0	RECOG_PRES	0	PLAQUE	1084	-999	P	1037
1270595000306	0	RECOG_CR_PRES	0	PLAQUE	1084	-999	P	636
1270595001348	1	RECOG_FEEDBACK	1
1270595002098	0	RECOG_PRES	0	PERSONNEL	1053	-999	P	1117
1270595003589	0	RECOG_CR_PRES	0	PERSONNEL	1053	-999	P	506
1270595004497	1	RECOG_FEEDBACK	1
1270595005239	0	RECOG_PRES	0	ATTORNEY	58	-999	P	960
1270595006572	0	RECOG_CR_PRES	0	ATTORNEY	58	-999	P	595
1270595007547	1	RECOG_FEEDBACK	1
1270595008347	0	RECOG_PRES	0	BOY	161	-999	P	1363
1270595010072	0	RECOG_CR_PRES	0	BOY	161	-999	P	463
1270595011030	1	RECOG_FEEDBACK	1
1270595011746	0	RECOG_PRES	0	RAISIN	1163	-999	P	1180
1270595013288	0	RECOG_CR_PRES	0	RAISIN	1163	-999	P	558
1270595014222	1	RECOG_FEEDBACK	1
1270595015005	0	RECOG_PRES	0	CREVICE	405	-999	P	2823
1270595018221	0	RECOG_CR_PRES	0	CREVICE	405	-999	P	601
1270595019205	1	RECOG_FEEDBACK	1
1270595019920	0	RECOG_PRES	0	BASSINET	97	-999	P	1014
1270595021296	0	RECOG_CR_PRES	0	BASSINET	97	-999	P	686
1270595022288	1	RECOG_FEEDBACK	1
1270595023096	0	RECOG_PRES	0	GLOVE	642	-999	P	798
1270595024304	0	RECOG_CR_PRES	0	GLOVE	642	-999	P	767
1270595025454	1	RECOG_FEEDBACK	1
1270595026162	0	RECOG_PRES	0	SQUIRREL	1362	-999	P	780
1270595027304	0	RECOG_CR_PRES	0	SQUIRREL	1362	-999	P	534
1270595028212	1	RECOG_FEEDBACK	1
1270595028995	0	RECOG_PRES	0	NEST	945	-999	P	1044
1270595030412	0	RECOG_CR_PRES	0	NEST	945	-999	P	434
1270595031245	1	RECOG_FEEDBACK	0
1270595031978	0	RECOG_PRES	0	TREASURE	1500	-999	P	924
1270595033270	0	RECOG_CR_PRES	0	TREASURE	1500	-999	P	552
1270595034154	1	RECOG_FEEDBACK	1
1270595034869	0	RECOG_PRES	0	AUDIENCE	59	-999	P	1113
1270595036345	0	RECOG_CR_PRES	0	AUDIENCE	59	-999	P	429
1270595037170	1	RECOG_FEEDBACK	1
1270595037969	0	RECOG_PRES	0	RASPBERRY	1168	-999	P	806
1270595039136	0	RECOG_CR_PRES	0	RASPBERRY	1168	-999	P	463
1270595039960	1	RECOG_FEEDBACK	1
1270595040719	0	RECOG_PRES	0	WEB	1598	-999	P	1223
1270595042311	0	RECOG_CR_PRES	0	WEB	1598	-999	P	567
1270595043286	1	RECOG_FEEDBACK	1
1270595044094	0	RECOG_PRES	0	VAN	1548	-999	P	913
1270595045378	0	RECOG_CR_PRES	0	VAN	1548	-999	P	253
1270595045985	1	RECOG_FEEDBACK	1
1270595047411	0	REST
1270595048480	1	REC_START
1270595048511	0	RECOG_PRES	1	BAND	78	-999	P	952
1270595049835	0	RECOG_CR_PRES	1	BAND	78	-999	P	500
1270595050710	1	RECOG_FEEDBACK	1
1270595051427	0	RECOG_PRES	1	NUN	962	-999	P	812
1270595052610	0	RECOG_CR_PRES	1	NUN	962	-999	P	485
1270595053444	1	RECOG_FEEDBACK	1
1270595054177	0	RECOG_PRES	1	THIMBLE	1458	-999	P	797
1270595055344	0	RECOG_CR_PRES	1	THIMBLE	1458	-999	P	454
1270595056144	1	RECOG_FEEDBACK	1
1270595056893	0	RECOG_PRES	1	LOFT	840	-999	P	817
1270595058077	0	RECOG_CR_PRES	1	LOFT	840	-999	P	490
1270595058917	1	RECOG_FEEDBACK	1
1270595059684	0	RECOG_PRES	1	BINDER	127	-999	P	819
1270595060876	0	RECOG_CR_PRES	1	BINDER	127	-999	P	443
1270595061668	1	RECOG_FEEDBACK	1
1270595062468	0	RECOG_PRES	1	ZIPPER	1636	-999	P	691
1270595063535	0	RECOG_CR_PRES	1	ZIPPER	1636	-999	P	367
1270595064251	1	RECOG_FEEDBACK	1
1270595065001	0	RECOG_PRES	1	FIGHTER	564	-999	P	765
1270595066135	0	RECOG_CR_PRES	1	FIGHTER	564	-999	P	448
1270595066917	1	RECOG_FEEDBACK	1
1270595067643	0	RECOG_PRES	1	CABBAGE	210	-999	P	716
1270595068733	0	RECOG_CR_PRES	1	CABBAGE	210	-999	P	474
1270595069526	1	RECOG_FEEDBACK	1
1270595070301	0	RECOG_PRES	1	BEARD	107	-999	P	754
1270595071417	0	RECOG_CR_PRES	1	BEARD	107	-999	P	549
1270595072317	1	RECOG_FEEDBACK	1
1270595073067	0	RECOG_PRES	1	DANDELION	438	-999	P	899
1270595074334	0	RECOG_CR_PRES	1	DANDELION	438	-999	P	408
1270595075125	1	RECOG_FEEDBACK	1
1270595075891	0	RECOG_PRES	1	CUBE	420	-999	P	724
1270595076991	0	RECOG_CR_PRES	1	CUBE	420	-999	P	464
1270595077824	1	RECOG_FEEDBACK	1
1270595078609	0	RECOG_PRES	1	ANCESTOR	20	-999	P	742
1270595079724	0	RECOG_CR_PRES	1	ANCESTOR	20	-999	P	491
1270595080600	1	RECOG_FEEDBACK	1
1270595081350	0	RECOG_PRES	1	DEER	444	-999	P	858
1270595082608	0	RECOG_CR_PRES	1	DEER	444	-999	P	382
1270595083400	1	RECOG_FEEDBACK	1
1270595084158	0	RECOG_PRES	1	CHAMBER	277	-999	P	849
1270595085408	0	RECOG_CR_PRES	1	CHAMBER	277	-999	P	454
1270595086258	1	RECOG_FEEDBACK	1
1270595086982	0	RECOG_PRES	1	OCEAN	970	-999	P	808
1270595088158	0	RECOG_CR_PRES	1	OCEAN	970	-999	P	560
1270595089091	1	RECOG_FEEDBACK	1
1270595089807	0	RECOG_PRES	1	GARAGE	621	-999	P	975
1270595091149	0	RECOG_CR_PRES	1	GARAGE	621	-999	P	394
1270595091932	1	RECOG_FEEDBACK	1
1270595092657	0	RECOG_PRES	1	SPY	1360	-999	P	1237
1270595094257	0	RECOG_CR_PRES	1	SPY	1360	-999	P	469
1270595095149	1	RECOG_FEEDBACK	1
1270595095898	0	RECOG_PRES	1	TROUSERS	1510	-999	P	741
1270595097016	0	RECOG_CR_PRES	1	TROUSERS	1510	-999	P	487
1270595097848	1	RECOG_FEEDBACK	1
1270595098607	0	RECOG_PRES	1	BABY	64	-999	P	720
1270595099698	0	RECOG_CR_PRES	1	BABY	64	-999	P	485
1270595100524	1	RECOG_FEEDBACK	1
1270595101332	0	RECOG_PRES	1	BATH	98	-999	P	1059
1270595102764	0	RECOG_CR_PRES	1	BATH	98	-999	P	451
1270595103640	1	RECOG_FEEDBACK	1
1270595106082	0	REST
1270595107065	1	REC_START
1270595107098	0	RECOG_PRES	2	COTTON	385	-999	P	844
1270595108306	0	RECOG_CR_PRES	2	COTTON	385	-999	P	380
1270595108997	1	RECOG_FEEDBACK	1
1270595109747	0	RECOG_PRES	2	CORK	380	-999	P	908
1270595111031	0	RECOG_CR_PRES	2	CORK	380	-999	P	376
1270595111763	1	RECOG_FEEDBACK	1
1270595112523	0	RECOG_PRES	2	COB	334	-999	P	876
1270595113772	0	RECOG_CR_PRES	2	COB	334	-999	P	355
1270595114506	1	RECOG_FEEDBACK	1
1270595115306	0	RECOG_PRES	2	SURGEON	1413	-999	P	933
1270595116614	0	RECOG_CR_PRES	2	SURGEON	1413	-999	P	384
1270595117389	1	RECOG_FEEDBACK	1
1270595118147	0	RECOG_PRES	2	WIDOW	1608	-999	P	996
1270595119514	0	RECOG_CR_PRES	2	WIDOW	1608	-999	P	597
1270595120497	1	RECOG_FEEDBACK	1
1270595121255	0	RECOG_PRES	2	YARD	1630	-999	P	1136
1270595122763	0	RECOG_CR_PRES	2	YARD	1630	-999	P	364
1270595123555	1	RECOG_FEEDBACK	0
1270595124338	0	RECOG_PRES	2	DRESS	495	-999	P	853
1270595125563	0	RECOG_CR_PRES	2	DRESS	495	-999	P	395
1270595126288	1	RECOG_FEEDBACK	1
1270595127088	0	RECOG_PRES	2	CHERRY	293	-999	P	2072
1270595129521	0	RECOG_CR_PRES	2	CHERRY	293	-999	P	526
1270595130630	1	RECOG_FEEDBACK	1
1270595131363	0	RECOG_PRES	2	BEDROOM	111	-999	P	1716
1270595133455	0	RECOG_CR_PRES	2	BEDROOM	111	-999	P	319
1270595134163	1	RECOG_FEEDBACK	1
1270595134878	0	RECOG_PRES	2	JURY	766	-999	P	800
1270595136046	0	RECOG_CR_PRES	2	JURY	766	-999	P	425
1270595136803	1	RECOG_FEEDBACK	1
1270595137563	0	RECOG_PRES	2	GOWN	652	-999	P	820
1270595138753	0	RECOG_CR_PRES	2	GOWN	652	-999	P	366
1270595139471	1	RECOG_FEEDBACK	0
1270595140279	0	RECOG_PRES	2	REINDEER	1181	-999	P	711
1270595141362	0	RECOG_CR_PRES	2	REINDEER	1181	-999	P	476
1270595142187	1	RECOG_FEEDBACK	1
1270595142970	0	RECOG_PRES	2	TYPEWRITER	1531	-999	P	716
1270595144054	0	RECOG_CR_PRES	2	TYPEWRITER	1531	-999	P	401
1270595144803	1	RECOG_FEEDBACK	1
1270595145545	0	RECOG_PRES	2	NEPTUNE	943	-999	P	858
1270595146803	0	RECOG_CR_PRES	2	NEPTUNE	943	-999	P	420
1270595147578	1	RECOG_FEEDBACK	1
1270595148337	0	RECOG_PRES	2	CAKE	219	-999	P	798
1270595149512	0	RECOG_CR_PRES	2	CAKE	219	-999	P	470
1270595150303	1	RECOG_FEEDBACK	1
1270595151087	0	RECOG_PRES	2	BREAD	170	-999	P	711
1270595152162	0	RECOG_CR_PRES	2	BREAD	170	-999	P	501
1270595153011	1	RECOG_FEEDBACK	1
1270595153744	0	RECOG_PRES	2	ADOLESCENT	7	-999	P	751
1270595154869	0	RECOG_CR_PRES	2	ADOLESCENT	7	-999	P	538
1270595155760	1	RECOG_FEEDBACK	1
1270595156470	0	RECOG_PRES	2	HOSTESS	723	-999	P	1065
1270595157910	0	RECOG_CR_PRES	2	HOSTESS	723	-999	P	465
1270595158785	1	RECOG_FEEDBACK	1
1270595159578	0	RECOG_PRES	2	RESTAURANT	1187	-999	P	677
1270595160628	0	RECOG_CR_PRES	2	RESTAURANT	1187	-999	P	595
1270595161544	1	RECOG_FEEDBACK	1
1270595162252	0	RECOG_PRES	2	BOULDER	155	-999	P	811
1270595163436	0	RECOG_CR_PRES	2	BOULDER	155	-999	P	434
1270595164227	1	RECOG_FEEDBACK	1
1270595165511	0	REST
1270595166461	1	REC_START
1270595166494	0	RECOG_PRES	3	LAGOON	795	-999	P	1169
1270595168035	0	RECOG_CR_PRES	3	LAGOON	795	-999	P	380
1270595168784	1	RECOG_FEEDBACK	1
1270595169518	0	RECOG_PRES	3	THRONE	1461	-999	P	897
1270595170784	0	RECOG_CR_PRES	3	THRONE	1461	-999	P	271
1270595171435	1	RECOG_FEEDBACK	1
1270595172160	0	RECOG_PRES	3	FRIES	607	-999	P	830
1270595173360	0	RECOG_CR_PRES	3	FRIES	607	-999	P	486
1270595174177	1	RECOG_FEEDBACK	1
1270595174967	0	RECOG_PRES	3	SPARROW	1347	-999	P	807
1270595176143	0	RECOG_CR_PRES	3	SPARROW	1347	-999	P	360
1270595176842	1	RECOG_FEEDBACK	1
1270595177626	0	RECOG_PRES	3	HEDGE	699	-999	P	677
1270595178676	0	RECOG_CR_PRES	3	HEDGE	699	-999	P	427
1270595179451	1	RECOG_FEEDBACK	1
1270595180251	0	RECOG_PRES	3	TOY	1492	-999	P	800
1270595181501	0	RECOG_CR_PRES	3	TOY	1492	-999	P	329
1270595182218	1	RECOG_FEEDBACK	1
1270595183018	0	RECOG_PRES	3	DOLLAR	482	-999	P	796
1270595184176	0	RECOG_CR_PRES	3	DOLLAR	482	-999	P	471
1270595185009	1	RECOG_FEEDBACK	1
1270595185766	0	RECOG_PRES	3	ANTELOPE	27	-999	P	761
1270595186900	0	RECOG_CR_PRES	3	ANTELOPE	27	-999	P	315
1270595187559	1	RECOG_FEEDBACK	1
1270595188284	0	RECOG_PRES	3	LOUNGE	845	-999	P	763
1270595189417	0	RECOG_CR_PRES	3	LOUNGE	845	-999	P	493
1270595190259	1	RECOG_FEEDBACK	1
1270595191017	0	RECOG_PRES	3	PUZZLE	1146	-999	P	725
1270595192117	0	RECOG_CR_PRES	3	PUZZLE	1146	-999	P	561
1270595193008	1	RECOG_FEEDBACK	1
1270595193716	0	RECOG_PRES	3	COMPASS	358	-999	P	1058
1270595195142	0	RECOG_CR_PRES	3	COMPASS	358	-999	P	377
1270595195916	1	RECOG_FEEDBACK	1
1270595196715	0	RECOG_PRES	3	STAPLER	1372	-999	P	900
1270595197990	0	RECOG_CR_PRES	3	STAPLER	1372	-999	P	513
1270595198865	1	RECOG_FEEDBACK	1
1270595199658	0	RECOG_PRES	3	CLOCK	325	-999	P	1060
1270595201083	0	RECOG_CR_PRES	3	CLOCK	325	-999	P	388
1270595201898	1	RECOG_FEEDBACK	1
1270595202608	0	RECOG_PRES	3	VINEGAR	1569	-999	P	839
1270595203815	0	RECOG_CR_PRES	3	VINEGAR	1569	-999	P	456
1270595204624	1	RECOG_FEEDBACK	1
1270595205424	0	RECOG_PRES	3	SNEAKER	1334	-999	P	1007
1270595206806	0	RECOG_CR_PRES	3	SNEAKER	1334	-999	P	313
1270595207516	1	RECOG_FEEDBACK	1
1270595208232	0	RECOG_PRES	3	EAGLE	512	-999	P	686
1270595209282	0	RECOG_CR_PRES	3	EAGLE	512	-999	P	484
1270595210082	1	RECOG_FEEDBACK	1
1270595210873	0	RECOG_PRES	3	PONY	1102	-999	P	1053
1270595212290	0	RECOG_CR_PRES	3	PONY	1102	-999	P	373
1270595213065	1	RECOG_FEEDBACK	1
1270595213814	0	RECOG_PRES	3	NEEDLE	941	-999	P	1249
1270595215440	0	RECOG_CR_PRES	3	NEEDLE	941	-999	P	775
1270595216615	1	RECOG_FEEDBACK	0
1270595217332	0	RECOG_PRES	3	ANTEATER	26	-999	P	931
1270595218640	0	RECOG_CR_PRES	3	ANTEATER	26	-999	P	551
1270595219531	1	RECOG_FEEDBACK	1
1270595220265	0	RECOG_PRES	3	HAMPER	682	-999	P	1126
1270595221764	0	RECOG_CR_PRES	3	HAMPER	682	-999	P	355
1270595222490	1	RECOG_FEEDBACK	0
1270595223855	0	REST
1270595225029	1	REC_START
1270595225064	0	RECOG_PRES	4	FAIRY	549	-999	P	878
1270595226306	0	RECOG_CR_PRES	4	FAIRY	549	-999	P	341
1270595227031	1	RECOG_FEEDBACK	1
1270595227797	0	RECOG_PRES	4	PUB	1135	-999	P	730
1270595228896	0	RECOG_CR_PRES	4	PUB	1135	-999	P	415
1270595229664	1	RECOG_FEEDBACK	1
1270595230389	0	RECOG_PRES	4	SHRIMP	1297	-999	P	738
1270595231497	0	RECOG_CR_PRES	4	SHRIMP	1297	-999	P	413
1270595232272	1	RECOG_FEEDBACK	1
1270595233080	0	RECOG_PRES	4	PERMIT	1051	-999	P	999
1270595234455	0	RECOG_CR_PRES	4	PERMIT	1051	-999	P	319
1270595235189	1	RECOG_FEEDBACK	0
1270595235971	0	RECOG_PRES	4	SWAMP	1416	-999	P	811
1270595237147	0	RECOG_CR_PRES	4	SWAMP	1416	-999	P	388
1270595237896	1	RECOG_FEEDBACK	1
1270595238605	0	RECOG_PRES	4	TOMATO	1476	-999	P	890
1270595239871	0	RECOG_CR_PRES	4	TOMATO	1476	-999	P	392
1270595240638	1	RECOG_FEEDBACK	1
1270595241405	0	RECOG_PRES	4	VALVE	1546	-999	P	802
1270595242571	0	RECOG_CR_PRES	4	VALVE	1546	-999	P	363
1270595243305	1	RECOG_FEEDBACK	1
1270595244088	0	RECOG_PRES	4	WAITER	1580	-999	P	935
1270595245396	0	RECOG_CR_PRES	4	WAITER	1580	-999	P	394
1270595246171	1	RECOG_FEEDBACK	1
1270595246904	0	RECOG_PRES	4	PELICAN	1039	-999	P	1062
1270595248329	0	RECOG_CR_PRES	4	PELICAN	1039	-999	P	445
1270595249204	1	RECOG_FEEDBACK	1
1270595249970	0	RECOG_PRES	4	TORNADO	1485	-999	P	1021
1270595251363	0	RECOG_CR_PRES	4	TORNADO	1485	-999	P	379
1270595252154	1	RECOG_FEEDBACK	1
1270595252895	0	RECOG_PRES	4	FREEWAY	603	-999	P	935
1270595254196	0	RECOG_CR_PRES	4	FREEWAY	603	-999	P	403
1270595254978	1	RECOG_FEEDBACK	0
1270595255769	0	RECOG_PRES	4	HALL	677	-999	P	1126
1270595257262	0	RECOG_CR_PRES	4	HALL	677	-999	P	361
1270595258037	1	RECOG_FEEDBACK	1
1270595258794	0	RECOG_PRES	4	CROSS	413	-999	P	829
1270595259994	0	RECOG_CR_PRES	4	CROSS	413	-999	P	445
1270595260769	1	RECOG_FEEDBACK	1
1270595261570	0	RECOG_PRES	4	PILLOW	1069	-999	P	1061
1270595263003	0	RECOG_CR_PRES	4	PILLOW	1069	-999	P	332
1270595263769	1	RECOG_FEEDBACK	1
1270595264487	0	RECOG_PRES	4	BASEBALL	93	-999	P	2576
1270595267436	0	RECOG_CR_PRES	4	BASEBALL	93	-999	P	635
1270595268628	1	RECOG_FEEDBACK	0
1270595269378	0	RECOG_PRES	4	CHEF	290	-999	P	1069
1270595270818	0	RECOG_CR_PRES	4	CHEF	290	-999	P	461
1270595271619	1	RECOG_FEEDBACK	1
1270595272353	0	RECOG_PRES	4	ROCKET	1202	-999	P	798
1270595273528	0	RECOG_CR_PRES	4	ROCKET	1202	-999	P	430
1270595274294	1	RECOG_FEEDBACK	1
1270595275061	0	RECOG_PRES	4	CRATER	400	-999	P	1010
1270595276444	0	RECOG_CR_PRES	4	CRATER	400	-999	P	386
1270595277211	1	RECOG_FEEDBACK	0
1270595277926	0	RECOG_PRES	4	TENT	1449	-999	P	792
1270595279085	0	RECOG_CR_PRES	4	TENT	1449	-999	P	402
1270595279826	1	RECOG_FEEDBACK	1
1270595280544	0	RECOG_PRES	4	NERVE	944	-999	P	871
1270595281784	0	RECOG_CR_PRES	4	NERVE	944	-999	P	415
1270595282560	1	RECOG_FEEDBACK	1
1270595284784	0	REST
1270595285851	1	REC_START
1270595285884	0	RECOG_PRES	5	COWARD	394	-999	P	946
1270595287193	0	RECOG_CR_PRES	5	COWARD	394	-999	P	573
1270595288110	1	RECOG_FEEDBACK	1
1270595288875	0	RECOG_PRES	5	LIEUTENANT	818	-999	P	841
1270595290110	0	RECOG_CR_PRES	5	LIEUTENANT	818	-999	P	561
1270595291068	1	RECOG_FEEDBACK	1
1270595291833	0	RECOG_PRES	5	SCENERY	1247	-999	P	901
1270595293101	0	RECOG_CR_PRES	5	SCENERY	1247	-999	P	370
1270595293817	1	RECOG_FEEDBACK	1
1270595294543	0	RECOG_PRES	5	AUNT	60	-999	P	712
1270595295626	0	RECOG_CR_PRES	5	AUNT	60	-999	P	453
1270595296409	1	RECOG_FEEDBACK	1
1270595297176	0	RECOG_PRES	5	CHIEF	298	-999	P	734
1270595298276	0	RECOG_CR_PRES	5	CHIEF	298	-999	P	244
1270595298858	1	RECOG_FEEDBACK	1
1270595299659	0	RECOG_PRES	5	TUTU	1524	-999	P	796
1270595300825	0	RECOG_CR_PRES	5	TUTU	1524	-999	P	470
1270595301634	1	RECOG_FEEDBACK	1
1270595302434	0	RECOG_PRES	5	HOOP	716	-999	P	709
1270595303517	0	RECOG_CR_PRES	5	HOOP	716	-999	P	465
1270595304309	1	RECOG_FEEDBACK	1
1270595305050	0	RECOG_PRES	5	HARP	689	-999	P	732
1270595306150	0	RECOG_CR_PRES	5	HARP	689	-999	P	505
1270595306991	1	RECOG_FEEDBACK	1
1270595307782	0	RECOG_PRES	5	AGENT	10	-999	P	729
1270595308882	0	RECOG_CR_PRES	5	AGENT	10	-999	P	365
1270595309592	1	RECOG_FEEDBACK	1
1270595310375	0	RECOG_PRES	5	BUTCHER	203	-999	P	720
1270595311466	0	RECOG_CR_PRES	5	BUTCHER	203	-999	P	332
1270595312141	1	RECOG_FEEDBACK	1
1270595312899	0	RECOG_PRES	5	GROOM	665	-999	P	987
1270595314250	0	RECOG_CR_PRES	5	GROOM	665	-999	P	460
1270595315099	1	RECOG_FEEDBACK	0
1270595315848	0	RECOG_PRES	5	MAMMAL	861	-999	P	942
1270595317158	0	RECOG_CR_PRES	5	MAMMAL	861	-999	P	385
1270595317873	1	RECOG_FEEDBACK	1
1270595318608	0	RECOG_PRES	5	COBBLER	335	-999	P	687
1270595319657	0	RECOG_CR_PRES	5	COBBLER	335	-999	P	430
1270595320407	1	RECOG_FEEDBACK	1
1270595321116	0	RECOG_PRES	5	CARPET	247	-999	P	995
1270595322482	0	RECOG_CR_PRES	5	CARPET	247	-999	P	380
1270595323232	1	RECOG_FEEDBACK	1
1270595324007	0	RECOG_PRES	5	OTTER	986	-999	P	1240
1270595325624	0	RECOG_CR_PRES	5	OTTER	986	-999	P	366
1270595326440	1	RECOG_FEEDBACK	0
1270595327174	0	RECOG_PRES	5	OAR	966	-999	P	905
1270595328449	0	RECOG_CR_PRES	5	OAR	966	-999	P	389
1270595329190	1	RECOG_FEEDBACK	1
1270595329972	0	RECOG_PRES	5	BEVERAGE	123	-999	P	1131
1270595331473	0	RECOG_CR_PRES	5	BEVERAGE	123	-999	P	461
1270595332340	1	RECOG_FEEDBACK	1
1270595333098	0	RECOG_PRES	5	ZUCCHINI	1638	-999	P	1037
1270595334506	0	RECOG_CR_PRES	5	ZUCCHINI	1638	-999	P	525
1270595335415	1	RECOG_FEEDBACK	1
1270595336223	0	RECOG_PRES	5	WICK	1607	-999	P	799
1270595337423	0	RECOG_CR_PRES	5	WICK	1607	-999	P	447
1270595338239	1	RECOG_FEEDBACK	1
1270595339014	0	RECOG_PRES	5	SLIME	1327	-999	P	952
1270595340331	0	RECOG_CR_PRES	5	SLIME	1327	-999	P	475
1270595341173	1	RECOG_FEEDBACK	1
1270595343256	0	REST
1270595344170	1	REC_START
1270595344206	0	RECOG_PRES	6	MAILMAN	858	-999	P	921
1270595345497	0	RECOG_CR_PRES	6	MAILMAN	858	-999	P	477
1270595346314	1	RECOG_FEEDBACK	1
1270595347122	0	RECOG_PRES	6	TELESCOPE	1446	-999	P	748
1270595348239	0	RECOG_CR_PRES	6	TELESCOPE	1446	-999	P	424
1270595349014	1	RECOG_FEEDBACK	1
1270595349771	0	RECOG_PRES	6	HOE	711	-999	P	748
1270595350887	0	RECOG_CR_PRES	6	HOE	711	-999	P	448
1270595351672	1	RECOG_FEEDBACK	1
1270595352413	0	RECOG_PRES	6	BEAN	105	-999	P	731
1270595353513	0	RECOG_CR_PRES	6	BEAN	105	-999	P	357
1270595354205	1	RECOG_FEEDBACK	1
1270595354921	0	RECOG_PRES	6	HOSPITAL	721	-999	P	942
1270595356230	0	RECOG_CR_PRES	6	HOSPITAL	721	-999	P	464
1270595357038	1	RECOG_FEEDBACK	1
1270595357779	0	RECOG_PRES	6	WALL	1582	-999	P	612
1270595358762	0	RECOG_CR_PRES	6	WALL	1582	-999	P	461
1270595359546	1	RECOG_FEEDBACK	1
1270595360271	0	RECOG_PRES	6	CONCERT	360	-999	P	760
1270595361404	0	RECOG_CR_PRES	6	CONCERT	360	-999	P	482
1270595362221	1	RECOG_FEEDBACK	1
1270595362987	0	RECOG_PRES	6	NICKEL	950	-999	P	771
1270595364121	0	RECOG_CR_PRES	6	NICKEL	950	-999	P	494
1270595364945	1	RECOG_FEEDBACK	1
1270595365662	0	RECOG_PRES	6	TULIP	1517	-999	P	793
1270595366828	0	RECOG_CR_PRES	6	TULIP	1517	-999	P	451
1270595367612	1	RECOG_FEEDBACK	1
1270595368329	0	RECOG_PRES	6	TRANSPLANT	1496	-999	P	814
1270595369512	0	RECOG_CR_PRES	6	TRANSPLANT	1496	-999	P	511
1270595370362	1	RECOG_FEEDBACK	1
1270595371154	0	RECOG_PRES	6	DESIGNER	451	-999	P	861
1270595372387	0	RECOG_CR_PRES	6	DESIGNER	451	-999	P	572
1270595373312	1	RECOG_FEEDBACK	1
1270595374037	0	RECOG_PRES	6	CAT	257	-999	P	881
1270595375312	0	RECOG_CR_PRES	6	CAT	257	-999	P	502
1270595376170	1	RECOG_FEEDBACK	1
1270595376894	0	RECOG_PRES	6	ROACH	1195	-999	P	792
1270595378053	0	RECOG_CR_PRES	6	ROACH	1195	-999	P	458
1270595378852	1	RECOG_FEEDBACK	1
1270595379645	0	RECOG_PRES	6	BISCUIT	130	-999	P	850
1270595380869	0	RECOG_CR_PRES	6	BISCUIT	130	-999	P	458
1270595381670	1	RECOG_FEEDBACK	1
1270595382394	0	RECOG_PRES	6	CANOE	233	-999	P	861
1270595383619	0	RECOG_CR_PRES	6	CANOE	233	-999	P	452
1270595384403	1	RECOG_FEEDBACK	1
1270595385178	0	RECOG_PRES	6	DOUGHNUT	490	-999	P	772
1270595386319	0	RECOG_CR_PRES	6	DOUGHNUT	490	-999	P	543
1270595387194	1	RECOG_FEEDBACK	1
1270595387951	0	RECOG_PRES	6	JEWEL	757	-999	P	743
1270595389061	0	RECOG_CR_PRES	6	JEWEL	757	-999	P	554
1270595389943	1	RECOG_FEEDBACK	1
1270595390677	0	RECOG_PRES	6	SUBMARINE	1398	-999	P	866
1270595391943	0	RECOG_CR_PRES	6	SUBMARINE	1398	-999	P	424
1270595392718	1	RECOG_FEEDBACK	1
1270595393494	0	RECOG_PRES	6	QUEEN	1149	-999	P	889
1270595394751	0	RECOG_CR_PRES	6	QUEEN	1149	-999	P	504
1270595395602	1	RECOG_FEEDBACK	1
1270595396335	0	RECOG_PRES	6	CORN	381	-999	P	904
1270595397610	0	RECOG_CR_PRES	6	CORN	381	-999	P	565
1270595398518	1	RECOG_FEEDBACK	0
1270595401343	0	REST
1270595402344	1	REC_START
1270595402376	0	RECOG_PRES	7	ACROBAT	4	-999	P	943
1270595403692	0	RECOG_CR_PRES	7	ACROBAT	4	-999	P	467
1270595404476	1	RECOG_FEEDBACK	1
1270595405235	0	RECOG_PRES	7	JACKET	747	-999	P	849
1270595406484	0	RECOG_CR_PRES	7	JACKET	747	-999	P	338
1270595407168	1	RECOG_FEEDBACK	1
1270595407908	0	RECOG_PRES	7	FLIPPER	580	-999	P	866
1270595409168	0	RECOG_CR_PRES	7	FLIPPER	580	-999	P	431
1270595409950	1	RECOG_FEEDBACK	1
1270595410733	0	RECOG_PRES	7	GRILL	661	-999	P	698
1270595411800	0	RECOG_CR_PRES	7	GRILL	661	-999	P	375
1270595412517	1	RECOG_FEEDBACK	1
1270595413334	0	RECOG_PRES	7	FLOUR	583	-999	P	673
1270595414384	0	RECOG_CR_PRES	7	FLOUR	583	-999	P	462
1270595415159	1	RECOG_FEEDBACK	1
1270595415941	0	RECOG_PRES	7	ORCHID	982	-999	P	722
1270595417034	0	RECOG_CR_PRES	7	ORCHID	982	-999	P	357
1270595417724	1	RECOG_FEEDBACK	1
1270595418475	0	RECOG_PRES	7	BRUNETTE	181	-999	P	564
1270595419408	0	RECOG_CR_PRES	7	BRUNETTE	181	-999	P	486
1270595420200	1	RECOG_FEEDBACK	1
1270595420991	0	RECOG_PRES	7	TACK	1428	-999	P	712
1270595422067	0	RECOG_CR_PRES	7	TACK	1428	-999	P	340
1270595422749	1	RECOG_FEEDBACK	1
1270595423533	0	RECOG_PRES	7	WHALE	1601	-999	P	634
1270595424541	0	RECOG_CR_PRES	7	WHALE	1601	-999	P	393
1270595425258	1	RECOG_FEEDBACK	1
1270595426058	0	RECOG_PRES	7	MAJOR	859	-999	P	708
1270595427133	0	RECOG_CR_PRES	7	MAJOR	859	-999	P	362
1270595427832	1	RECOG_FEEDBACK	1
1270595428583	0	RECOG_PRES	7	FUNGUS	614	-999	P	760
1270595429715	0	RECOG_CR_PRES	7	FUNGUS	614	-999	P	380
1270595430424	1	RECOG_FEEDBACK	1
1270595431158	0	RECOG_PRES	7	COMPUTER	359	-999	P	800
1270595432324	0	RECOG_CR_PRES	7	COMPUTER	359	-999	P	386
1270595433041	1	RECOG_FEEDBACK	1
1270595433798	0	RECOG_PRES	7	CAP	236	-999	P	850
1270595435041	0	RECOG_CR_PRES	7	CAP	236	-999	P	422
1270595435815	1	RECOG_FEEDBACK	0
1270595436566	0	RECOG_PRES	7	ATHLETE	52	-999	P	1009
1270595437948	0	RECOG_CR_PRES	7	ATHLETE	52	-999	P	403
1270595438714	1	RECOG_FEEDBACK	1
1270595439515	0	RECOG_PRES	7	MARINE	869	-999	P	652
1270595440540	0	RECOG_CR_PRES	7	MARINE	869	-999	P	507
1270595441382	1	RECOG_FEEDBACK	1
1270595442157	0	RECOG_PRES	7	MACHINE	852	-999	P	1018
1270595443548	0	RECOG_CR_PRES	7	MACHINE	852	-999	P	459
1270595444390	1	RECOG_FEEDBACK	1
1270595445182	0	RECOG_PRES	7	VITAMIN	1574	-999	P	1249
1270595446805	0	RECOG_CR_PRES	7	VITAMIN	1574	-999	P	346
1270595447565	1	RECOG_FEEDBACK	1
1270595448290	0	RECOG_PRES	7	REFEREE	1178	-999	P	1125
1270595449789	0	RECOG_CR_PRES	7	REFEREE	1178	-999	P	442
1270595450614	1	RECOG_FEEDBACK	1
1270595451331	0	RECOG_PRES	7	SKATE	1313	-999	P	1061
1270595452763	0	RECOG_CR_PRES	7	SKATE	1313	-999	P	405
1270595453556	1	RECOG_FEEDBACK	0
1270595454297	0	RECOG_PRES	7	SEAGULL	1261	-999	P	974
1270595455647	0	RECOG_CR_PRES	7	SEAGULL	1261	-999	P	424
1270595456431	1	RECOG_FEEDBACK	1
1270595457730	0	REST
1270595458884	1	REC_START
1270595458921	0	RECOG_PRES	8	HAMBURGER	679	-999	P	885
1270595460172	0	RECOG_CR_PRES	8	HAMBURGER	679	-999	P	459
1270595460979	1	RECOG_FEEDBACK	1
1270595461729	0	RECOG_PRES	8	FLANNEL	574	-999	P	851
1270595462979	0	RECOG_CR_PRES	8	FLANNEL	574	-999	P	356
1270595463704	1	RECOG_FEEDBACK	1
1270595464472	0	RECOG_PRES	8	GIRL	637	-999	P	743
1270595465588	0	RECOG_CR_PRES	8	GIRL	637	-999	P	451
1270595466380	1	RECOG_FEEDBACK	1
1270595467155	0	RECOG_PRES	8	PILOT	1070	-999	P	699
1270595468221	0	RECOG_CR_PRES	8	PILOT	1070	-999	P	545
1270595469080	1	RECOG_FEEDBACK	1
1270595469795	0	RECOG_PRES	8	UNDERWEAR	1537	-999	P	821
1270595470995	0	RECOG_CR_PRES	8	UNDERWEAR	1537	-999	P	428
1270595471770	1	RECOG_FEEDBACK	1
1270595472530	0	RECOG_PRES	8	DICE	461	-999	P	1013
1270595473912	0	RECOG_CR_PRES	8	DICE	461	-999	P	463
1270595474745	1	RECOG_FEEDBACK	1
1270595475463	0	RECOG_PRES	8	ARENA	37	-999	P	840
1270595476678	0	RECOG_CR_PRES	8	ARENA	37	-999	P	529
1270595477554	1	RECOG_FEEDBACK	1
1270595478279	0	RECOG_PRES	8	RANCH	1166	-999	P	856
1270595479504	0	RECOG_CR_PRES	8	RANCH	1166	-999	P	519
1270595480346	1	RECOG_FEEDBACK	1
1270595481112	0	RECOG_PRES	8	SCREW	1254	-999	P	678
1270595482154	0	RECOG_CR_PRES	8	SCREW	1254	-999	P	445
1270595482919	1	RECOG_FEEDBACK	1
1270595483711	0	RECOG_PRES	8	MUMMY	932	-999	P	1223
1270595485304	0	RECOG_CR_PRES	8	MUMMY	932	-999	P	622
1270595486345	1	RECOG_FEEDBACK	1
1270595487062	0	RECOG_PRES	8	MITTEN	902	-999	P	891
1270595488345	0	RECOG_CR_PRES	8	MITTEN	902	-999	P	397
1270595489078	1	RECOG_FEEDBACK	1
1270595489827	0	RECOG_PRES	8	WINDSHIELD	1612	-999	P	1132
1270595491328	0	RECOG_CR_PRES	8	WINDSHIELD	1612	-999	P	430
1270595492170	1	RECOG_FEEDBACK	1
1270595492969	0	RECOG_PRES	8	BANDANNA	80	-999	P	805
1270595494136	0	RECOG_CR_PRES	8	BANDANNA	80	-999	P	519
1270595495003	1	RECOG_FEEDBACK	1
1270595495810	0	RECOG_PRES	8	TANK	1432	-999	P	789
1270595496968	0	RECOG_CR_PRES	8	TANK	1432	-999	P	463
1270595497752	1	RECOG_FEEDBACK	1
1270595498511	0	RECOG_PRES	8	VEHICLE	1553	-999	P	824
1270595499710	0	RECOG_CR_PRES	8	VEHICLE	1553	-999	P	434
1270595500477	1	RECOG_FEEDBACK	1
1270595501244	0	RECOG_PRES	8	SUPPER	1411	-999	P	682
1270595502294	0	RECOG_CR_PRES	8	SUPPER	1411	-999	P	529
1270595503144	1	RECOG_FEEDBACK	1
1270595503893	0	RECOG_PRES	8	PAN	1008	-999	P	921
1270595505177	0	RECOG_CR_PRES	8	PAN	1008	-999	P	430
1270595505976	1	RECOG_FEEDBACK	1
1270595506718	0	RECOG_PRES	8	YOUTH	1634	-999	P	609
1270595507701	0	RECOG_CR_PRES	8	YOUTH	1634	-999	P	482
1270595508510	1	RECOG_FEEDBACK	1
1270595509302	0	RECOG_PRES	8	BOWL	158	-999	P	1057
1270595510734	0	RECOG_CR_PRES	8	BOWL	158	-999	P	473
1270595511610	1	RECOG_FEEDBACK	1
1270595512418	0	RECOG_PRES	8	LIPSTICK	829	-999	P	1021
1270595513809	0	RECOG_CR_PRES	8	LIPSTICK	829	-999	P	518
1270595514717	1	RECOG_FEEDBACK	0
1270595516060	0	REST
1270595517188	1	REC_START
1270595517218	0	RECOG_PRES	9	BEER	114	-999	P	1133
1270595518725	0	RECOG_CR_PRES	9	BEER	114	-999	P	506
1270595519593	1	RECOG_FEEDBACK	1
1270595520393	0	RECOG_PRES	9	ASIA	46	-999	P	1263
1270595522026	0	RECOG_CR_PRES	9	ASIA	46	-999	P	566
1270595522958	1	RECOG_FEEDBACK	1
1270595523733	0	RECOG_PRES	9	TORTOISE	1486	-999	P	1322
1270595525426	0	RECOG_CR_PRES	9	TORTOISE	1486	-999	P	492
1270595526334	1	RECOG_FEEDBACK	1
1270595527076	0	RECOG_PRES	9	FIN	566	-999	P	963
1270595528400	0	RECOG_CR_PRES	9	FIN	566	-999	P	350
1270595529100	1	RECOG_FEEDBACK	1
1270595529833	0	RECOG_PRES	9	BUGLE	189	-999	P	838
1270595531034	0	RECOG_CR_PRES	9	BUGLE	189	-999	P	445
1270595531799	1	RECOG_FEEDBACK	1
1270595532508	0	RECOG_PRES	9	KEEPER	769	-999	P	883
1270595533766	0	RECOG_CR_PRES	9	KEEPER	769	-999	P	441
1270595534533	1	RECOG_FEEDBACK	1
1270595535325	0	RECOG_PRES	9	PRIEST	1122	-999	P	698
1270595536400	0	RECOG_CR_PRES	9	PRIEST	1122	-999	P	478
1270595537200	1	RECOG_FEEDBACK	1
1270595537924	0	RECOG_PRES	9	ASTRONAUT	51	-999	P	882
1270595539200	0	RECOG_CR_PRES	9	ASTRONAUT	51	-999	P	502
1270595540050	1	RECOG_FEEDBACK	1
1270595540807	0	RECOG_PRES	9	ACORN	3	-999	P	816
1270595541998	0	RECOG_CR_PRES	9	ACORN	3	-999	P	465
1270595542790	1	RECOG_FEEDBACK	1
1270595543541	0	RECOG_PRES	9	INDIAN	736	-999	P	690
1270595544607	0	RECOG_CR_PRES	9	INDIAN	736	-999	P	464
1270595545399	1	RECOG_FEEDBACK	1
1270595546124	0	RECOG_PRES	9	FORT	595	-999	P	971
1270595547466	0	RECOG_CR_PRES	9	FORT	595	-999	P	364
1270595548224	1	RECOG_FEEDBACK	1
1270595548998	0	RECOG_PRES	9	TIMBER	1469	-999	P	864
1270595550224	0	RECOG_CR_PRES	9	TIMBER	1469	-999	P	494
1270595551057	1	RECOG_FEEDBACK	1
1270595551789	0	RECOG_PRES	9	PEACH	1031	-999	P	706
1270595552864	0	RECOG_CR_PRES	9	PEACH	1031	-999	P	551
1270595553739	1	RECOG_FEEDBACK	1
1270595554474	0	RECOG_PRES	9	ROBIN	1199	-999	P	805
1270595555648	0	RECOG_CR_PRES	9	ROBIN	1199	-999	P	641
1270595556665	1	RECOG_FEEDBACK	1
1270595557440	0	RECOG_PRES	9	CHAMPION	279	-999	P	959
1270595558772	0	RECOG_CR_PRES	9	CHAMPION	279	-999	P	387
1270595559565	1	RECOG_FEEDBACK	0
1270595560348	0	RECOG_PRES	9	GALAXY	617	-999	P	683
1270595561406	0	RECOG_CR_PRES	9	GALAXY	617	-999	P	408
1270595562148	1	RECOG_FEEDBACK	1
1270595562914	0	RECOG_PRES	9	LASH	802	-999	P	980
1270595564256	0	RECOG_CR_PRES	9	LASH	802	-999	P	574
1270595565164	1	RECOG_FEEDBACK	1
1270595565897	0	RECOG_PRES	9	SHED	1277	-999	P	813
1270595567073	0	RECOG_CR_PRES	9	SHED	1277	-999	P	390
1270595567813	1	RECOG_FEEDBACK	1
1270595568572	0	RECOG_PRES	9	TOTE	1487	-999	P	1123
1270595570064	0	RECOG_CR_PRES	9	TOTE	1487	-999	P	335
1270595570788	1	RECOG_FEEDBACK	0
1270595571522	0	RECOG_PRES	9	UNIFORM	1539	-999	P	797
1270595572688	0	RECOG_CR_PRES	9	UNIFORM	1539	-999	P	487
1270595573505	1	RECOG_FEEDBACK	1
1270595574979	0	REST
1270595575955	1	REC_START
1270595575988	0	RECOG_PRES	10	PAD	998	-999	P	923
1270595577272	0	RECOG_CR_PRES	10	PAD	998	-999	P	320
1270595577929	1	RECOG_FEEDBACK	1
1270595578712	0	RECOG_PRES	10	UMBRELLA	1534	-999	P	928
1270595580013	0	RECOG_CR_PRES	10	UMBRELLA	1534	-999	P	450
1270595580821	1	RECOG_FEEDBACK	0
1270595581563	0	RECOG_PRES	10	MOOSE	915	-999	P	980
1270595582912	0	RECOG_CR_PRES	10	MOOSE	915	-999	P	519
1270595583754	1	RECOG_FEEDBACK	0
1270595584563	0	RECOG_PRES	10	TIGER	1467	-999	P	791
1270595585753	0	RECOG_CR_PRES	10	TIGER	1467	-999	P	406
1270595586488	1	RECOG_FEEDBACK	1
1270595587279	0	RECOG_PRES	10	BUCKET	184	-999	P	792
1270595588446	0	RECOG_CR_PRES	10	BUCKET	184	-999	P	528
1270595589296	1	RECOG_FEEDBACK	1
1270595590096	0	RECOG_PRES	10	CRAB	397	-999	P	774
1270595591237	0	RECOG_CR_PRES	10	CRAB	397	-999	P	585
1270595592154	1	RECOG_FEEDBACK	1
1270595592870	0	RECOG_PRES	10	DETECTIVE	454	-999	P	872
1270595594104	0	RECOG_CR_PRES	10	DETECTIVE	454	-999	P	574
1270595595029	1	RECOG_FEEDBACK	1
1270595595753	0	RECOG_PRES	10	BROOM	178	-999	P	862
1270595596986	0	RECOG_CR_PRES	10	BROOM	178	-999	P	453
1270595597786	1	RECOG_FEEDBACK	1
1270595598562	0	RECOG_PRES	10	PLAID	1080	-999	P	821
1270595599752	0	RECOG_CR_PRES	10	PLAID	1080	-999	P	623
1270595600702	1	RECOG_FEEDBACK	1
1270595601453	0	RECOG_PRES	10	ROBE	1198	-999	P	1241
1270595603062	0	RECOG_CR_PRES	10	ROBE	1198	-999	P	409
1270595603835	1	RECOG_FEEDBACK	0
1270595604561	0	RECOG_PRES	10	MICROWAVE	892	-999	P	911
1270595605844	0	RECOG_CR_PRES	10	MICROWAVE	892	-999	P	371
1270595606536	1	RECOG_FEEDBACK	1
1270595607328	0	RECOG_PRES	10	XEROX	1628	-999	P	983
1270595608685	0	RECOG_CR_PRES	10	XEROX	1628	-999	P	578
1270595609611	1	RECOG_FEEDBACK	0
1270595610411	0	RECOG_PRES	10	DRILL	497	-999	P	1141
1270595611927	0	RECOG_CR_PRES	10	DRILL	497	-999	P	360
1270595612661	1	RECOG_FEEDBACK	0
1270595613469	0	RECOG_PRES	10	UNCLE	1536	-999	P	1282
1270595615119	0	RECOG_CR_PRES	10	UNCLE	1536	-999	P	425
1270595615943	1	RECOG_FEEDBACK	0
1270595616735	0	RECOG_PRES	10	WARDROBE	1587	-999	P	943
1270595618044	0	RECOG_CR_PRES	10	WARDROBE	1587	-999	P	531
1270595618918	1	RECOG_FEEDBACK	1
1270595619684	0	RECOG_PRES	10	TURTLE	1522	-999	P	964
1270595621019	0	RECOG_CR_PRES	10	TURTLE	1522	-999	P	524
1270595621868	1	RECOG_FEEDBACK	1
1270595622593	0	RECOG_PRES	10	NAPKIN	937	-999	P	1047
1270595624010	0	RECOG_CR_PRES	10	NAPKIN	937	-999	P	453
1270595624801	1	RECOG_FEEDBACK	1
1270595625568	0	RECOG_PRES	10	DRUG	501	-999	P	1118
1270595627051	0	RECOG_CR_PRES	10	DRUG	501	-999	P	452
1270595627884	1	RECOG_FEEDBACK	1
1270595628651	0	RECOG_PRES	10	CONSOLE	364	-999	P	972
1270595629992	0	RECOG_CR_PRES	10	CONSOLE	364	-999	P	487
1270595630825	1	RECOG_FEEDBACK	1
1270595631568	0	RECOG_PRES	10	CHICK	296	-999	P	584
1270595632526	0	RECOG_CR_PRES	10	CHICK	296	-999	P	785
1270595633626	1	RECOG_FEEDBACK	-1
1270595635518	0	REST
1270595636496	1	REC_START
1270595636534	0	RECOG_PRES	11	SHELTER	1282	-999	P	1138
1270595638034	0	RECOG_CR_PRES	11	SHELTER	1282	-999	P	421
1270595638791	1	RECOG_FEEDBACK	0
1270595639551	0	RECOG_PRES	11	CABINET	212	-999	P	1128
1270595641042	0	RECOG_CR_PRES	11	CABINET	212	-999	P	389
1270595641824	1	RECOG_FEEDBACK	0
1270595642567	0	RECOG_PRES	11	FEAST	556	-999	P	785
1270595643724	0	RECOG_CR_PRES	11	FEAST	556	-999	P	476
1270595644517	1	RECOG_FEEDBACK	1
1270595645233	0	RECOG_PRES	11	IDOL	733	-999	P	927
1270595646533	0	RECOG_CR_PRES	11	IDOL	733	-999	P	483
1270595647367	1	RECOG_FEEDBACK	1
1270595648117	0	RECOG_PRES	11	FELLOW	558	-999	P	979
1270595649467	0	RECOG_CR_PRES	11	FELLOW	558	-999	P	387
1270595650208	1	RECOG_FEEDBACK	1
1270595650957	0	RECOG_PRES	11	LINT	826	-999	P	770
1270595652091	0	RECOG_CR_PRES	11	LINT	826	-999	P	461
1270595652882	1	RECOG_FEEDBACK	1
1270595653633	0	RECOG_PRES	11	GLOBE	641	-999	P	735
1270595654740	0	RECOG_CR_PRES	11	GLOBE	641	-999	P	483
1270595655549	1	RECOG_FEEDBACK	1
1270595656291	0	RECOG_PRES	11	BLOUSE	139	-999	P	781
1270595657441	0	RECOG_CR_PRES	11	BLOUSE	139	-999	P	469
1270595658241	1	RECOG_FEEDBACK	1
1270595659007	0	RECOG_PRES	11	BUBBLE	183	-999	P	760
1270595660141	0	RECOG_CR_PRES	11	BUBBLE	183	-999	P	609
1270595661082	1	RECOG_FEEDBACK	1
1270595661806	0	RECOG_PRES	11	KEYBOARD	774	-999	P	634
1270595662814	0	RECOG_CR_PRES	11	KEYBOARD	774	-999	P	482
1270595663574	1	RECOG_FEEDBACK	1
1270595664299	0	RECOG_PRES	11	HOUND	724	-999	P	949
1270595665624	0	RECOG_CR_PRES	11	HOUND	724	-999	P	432
1270595666424	1	RECOG_FEEDBACK	0
1270595667148	0	RECOG_PRES	11	FORK	594	-999	P	1020
1270595668548	0	RECOG_CR_PRES	11	FORK	594	-999	P	371
1270595669298	1	RECOG_FEEDBACK	0
1270595670107	0	RECOG_PRES	11	CUP	424	-999	P	1020
1270595671498	0	RECOG_CR_PRES	11	CUP	424	-999	P	484
1270595672323	1	RECOG_FEEDBACK	1
1270595673123	0	RECOG_PRES	11	PATH	1023	-999	P	884
1270595674381	0	RECOG_CR_PRES	11	PATH	1023	-999	P	409
1270595675131	1	RECOG_FEEDBACK	1
1270595675938	0	RECOG_PRES	11	CROWN	415	-999	P	916
1270595677223	0	RECOG_CR_PRES	11	CROWN	415	-999	P	368
1270595677947	1	RECOG_FEEDBACK	0
1270595678738	0	RECOG_PRES	11	FRIAR	605	-999	P	886
1270595679997	0	RECOG_CR_PRES	11	FRIAR	605	-999	P	410
1270595680738	1	RECOG_FEEDBACK	1
1270595681531	0	RECOG_PRES	11	DANCER	437	-999	P	700
1270595682597	0	RECOG_CR_PRES	11	DANCER	437	-999	P	417
1270595683331	1	RECOG_FEEDBACK	1
1270595684122	0	RECOG_PRES	11	DIAL	457	-999	P	716
1270595685206	0	RECOG_CR_PRES	11	DIAL	457	-999	P	393
1270595685929	1	RECOG_FEEDBACK	1
1270595686696	0	RECOG_PRES	11	PAIL	1002	-999	P	679
1270595687746	0	RECOG_CR_PRES	11	PAIL	1002	-999	P	429
1270595688489	1	RECOG_FEEDBACK	1
1270595689222	0	RECOG_PRES	11	CHEST	295	-999	P	673
1270595690263	0	RECOG_CR_PRES	11	CHEST	295	-999	P	415
1270595691005	1	RECOG_FEEDBACK	1
1270595691811	0	RECOG_END
1270595699288	0	SESS_END
1270595699333	0	E	Logging Ends
