1271113678047	0	B	Logging Begins
1271113678047	0	SESS_START	6
1271113770806	1	FR_PRES	0	FACTORY	548	0	1	2354	(0.42259999999999998, 0.58709999999999996, 0)	../fonts/zerothre.ttf	lower
1271113774855	1	FR_PRES	0	ASTRONAUT	51	0	1	2169	(0.42259999999999998, 0.58709999999999996, 0)	../fonts/zerothre.ttf	lower
1271113779022	1	FR_PRES	0	LIST	830	1	0	1530	(0.57740000000000002, 0.41289999999999999, 1.0)	../fonts/amplitud.ttf	upper
1271113782954	1	FR_PRES	0	OPERATOR	979	1	1	917	(0.57740000000000002, 0.41289999999999999, 1.0)	../fonts/amplitud.ttf	upper
1271113787080	1	FR_PRES	0	SEASHORE	1263	1	0	1128	(0.57740000000000002, 0.41289999999999999, 1.0)	../fonts/amplitud.ttf	upper
1271113791004	1	FR_PRES	0	CLOUD	328	1	0	1212	(0.57740000000000002, 0.41289999999999999, 1.0)	../fonts/amplitud.ttf	upper
1271113795054	1	FR_PRES	0	PAPER	1011	1	0	1010	(0.57740000000000002, 0.41289999999999999, 1.0)	../fonts/amplitud.ttf	upper
1271113799146	1	FR_PRES	0	SCAPEGOAT	1244	0	0	2230	(0.42259999999999998, 0.58709999999999996, 0)	../fonts/zerothre.ttf	lower
1271113803320	1	FR_PRES	0	CITIZEN	312	0	1	1288	(0.42259999999999998, 0.58709999999999996, 0)	../fonts/zerothre.ttf	lower
1271113807237	1	FR_PRES	0	MOP	916	0	1	2179	(0.42259999999999998, 0.58709999999999996, 0)	../fonts/zerothre.ttf	lower
1271113811245	1	FR_PRES	0	CEILING	265	0	1	1435	(0.42259999999999998, 0.58709999999999996, 0)	../fonts/zerothre.ttf	lower
1271113815369	1	FR_PRES	0	WIRE	1616	1	0	1534	(0.57740000000000002, 0.41289999999999999, 1.0)	../fonts/amplitud.ttf	upper
1271113819536	1	FR_PRES	0	CAULIFLOWER	262	1	1	1367	(0.57740000000000002, 0.41289999999999999, 1.0)	../fonts/amplitud.ttf	upper
1271113823527	1	FR_PRES	0	LETTUCE	814	1	1	1249	(0.57740000000000002, 0.41289999999999999, 1.0)	../fonts/amplitud.ttf	upper
1271113827443	1	FR_PRES	0	MACHINE	852	0	1	1468	(0.42259999999999998, 0.58709999999999996, 0)	../fonts/zerothre.ttf	lower
1271113831318	1	FR_PRES	0	REINDEER	1181	0	1	1714	(0.42259999999999998, 0.58709999999999996, 0)	../fonts/zerothre.ttf	lower
1271113836959	1	REC_START
1271113914112	0	REST
1271113915620	1	FR_PRES	1	REFEREE	1178	1	1	1347	(0.57740000000000002, 0.41289999999999999, 1.0)	../fonts/amplitud.ttf	upper
1271113919795	1	FR_PRES	1	PERSON	1052	1	1	981	(0.57740000000000002, 0.41289999999999999, 1.0)	../fonts/amplitud.ttf	upper
1271113923969	1	FR_PRES	1	COMPANION	357	0	1	1431	(0.42259999999999998, 0.58709999999999996, 0)	../fonts/zerothre.ttf	lower
1271113928028	1	FR_PRES	1	FIN	566	0	0	1276	(0.42259999999999998, 0.58709999999999996, 0)	../fonts/zerothre.ttf	lower
1271113932186	1	FR_PRES	1	CAP	236	1	0	1318	(0.57740000000000002, 0.41289999999999999, 1.0)	../fonts/amplitud.ttf	upper
1271113936077	1	FR_PRES	1	MAGNET	855	1	0	1339	(0.57740000000000002, 0.41289999999999999, 1.0)	../fonts/amplitud.ttf	upper
1271113940143	1	FR_PRES	1	HEEL	700	1	0	1417	(0.57740000000000002, 0.41289999999999999, 1.0)	../fonts/amplitud.ttf	upper
1271113944085	1	FR_PRES	1	AUDIENCE	59	1	1	1259	(0.57740000000000002, 0.41289999999999999, 1.0)	../fonts/amplitud.ttf	upper
1271113947934	1	FR_PRES	1	CLAW	319	0	0	1258	(0.42259999999999998, 0.58709999999999996, 0)	../fonts/zerothre.ttf	lower
1271113952109	1	FR_PRES	1	PAW	1029	0	0	1291	(0.42259999999999998, 0.58709999999999996, 0)	../fonts/zerothre.ttf	lower
1271113956084	1	FR_PRES	1	WAGON	1578	0	1	1076	(0.42259999999999998, 0.58709999999999996, 0)	../fonts/zerothre.ttf	lower
1271113960092	1	FR_PRES	1	VIKING	1565	0	1	1268	(0.42259999999999998, 0.58709999999999996, 0)	../fonts/zerothre.ttf	lower
1271113964042	1	FR_PRES	1	PORT	1110	0	1	1046	(0.42259999999999998, 0.58709999999999996, 0)	../fonts/zerothre.ttf	lower
1271113968216	1	FR_PRES	1	ROOMMATE	1207	0	1	1663	(0.42259999999999998, 0.58709999999999996, 0)	../fonts/zerothre.ttf	lower
1271113972199	1	FR_PRES	1	MICROSCOPE	891	1	0	1209	(0.57740000000000002, 0.41289999999999999, 1.0)	../fonts/amplitud.ttf	upper
1271113976049	1	FR_PRES	1	METEOR	889	1	0	1991	(0.57740000000000002, 0.41289999999999999, 1.0)	../fonts/amplitud.ttf	upper
1271113981758	1	REC_START
1271114061101	0	REST
1271114062609	1	FR_PRES	2	LODGE	839	-1	-1	-1271114062609	white	../fonts/Verdana.ttf	upper
1271114066801	1	FR_PRES	2	SENATOR	1268	-1	-1	-1271114066801	white	../fonts/Verdana.ttf	upper
1271114070701	1	FR_PRES	2	PERCH	1048	-1	-1	-1271114070701	white	../fonts/Verdana.ttf	upper
1271114074849	1	FR_PRES	2	MEAL	882	-1	-1	-1271114074849	white	../fonts/Verdana.ttf	upper
1271114079033	1	FR_PRES	2	IGLOO	734	-1	-1	-1271114079033	white	../fonts/Verdana.ttf	upper
1271114082874	1	FR_PRES	2	CHECK	284	-1	-1	-1271114082874	white	../fonts/Verdana.ttf	upper
1271114086733	1	FR_PRES	2	SKELETON	1314	-1	-1	-1271114086733	white	../fonts/Verdana.ttf	upper
1271114090890	1	FR_PRES	2	RIB	1188	-1	-1	-1271114090890	white	../fonts/Verdana.ttf	upper
1271114094964	1	FR_PRES	2	CABIN	211	-1	-1	-1271114094964	white	../fonts/Verdana.ttf	upper
1271114099182	1	FR_PRES	2	COLOGNE	347	-1	-1	-1271114099182	white	../fonts/Verdana.ttf	upper
1271114103015	1	FR_PRES	2	PERFUME	1049	-1	-1	-1271114103015	white	../fonts/Verdana.ttf	upper
1271114107223	1	FR_PRES	2	BOSS	152	-1	-1	-1271114107223	white	../fonts/Verdana.ttf	upper
1271114111348	1	FR_PRES	2	BRIEFCASE	175	-1	-1	-1271114111348	white	../fonts/Verdana.ttf	upper
1271114115381	1	FR_PRES	2	SWATTER	1418	-1	-1	-1271114115381	white	../fonts/Verdana.ttf	upper
1271114119347	1	FR_PRES	2	JEWEL	757	-1	-1	-1271114119347	white	../fonts/Verdana.ttf	upper
1271114123363	1	FR_PRES	2	DIME	466	-1	-1	-1271114123363	white	../fonts/Verdana.ttf	upper
1271114129030	1	REC_START
1271114206774	0	REST
1271114208282	1	FR_PRES	3	PIGEON	1065	1	1	1510	(0.57740000000000002, 0.41289999999999999, 1.0)	../fonts/amplitud.ttf	upper
1271114212340	1	FR_PRES	3	BLUEJAY	141	1	1	700	(0.57740000000000002, 0.41289999999999999, 1.0)	../fonts/amplitud.ttf	upper
1271114216473	1	FR_PRES	3	UTENSIL	1542	1	0	1303	(0.57740000000000002, 0.41289999999999999, 1.0)	../fonts/amplitud.ttf	upper
1271114220690	1	FR_PRES	3	CURB	426	1	0	1334	(0.57740000000000002, 0.41289999999999999, 1.0)	../fonts/amplitud.ttf	upper
1271114224764	1	FR_PRES	3	GRAVEL	659	0	0	1268	(0.42259999999999998, 0.58709999999999996, 0)	../fonts/zerothre.ttf	lower
1271114228614	1	FR_PRES	3	BIRD	129	0	0	986	(0.42259999999999998, 0.58709999999999996, 0)	../fonts/zerothre.ttf	lower
1271114232680	1	FR_PRES	3	MOTOR	922	1	0	1287	(0.57740000000000002, 0.41289999999999999, 1.0)	../fonts/amplitud.ttf	upper
1271114236688	1	FR_PRES	3	CREATURE	403	1	1	1344	(0.57740000000000002, 0.41289999999999999, 1.0)	../fonts/amplitud.ttf	upper
1271114240845	1	FR_PRES	3	TAIL	1430	0	0	1379	(0.42259999999999998, 0.58709999999999996, 0)	../fonts/zerothre.ttf	lower
1271114244862	1	FR_PRES	3	TOTE	1487	0	0	993	(0.42259999999999998, 0.58709999999999996, 0)	../fonts/zerothre.ttf	lower
1271114248812	1	FR_PRES	3	SALESMAN	1225	0	1	1564	(0.42259999999999998, 0.58709999999999996, 0)	../fonts/zerothre.ttf	lower
1271114252903	1	FR_PRES	3	WINDSHIELD	1612	0	1	1625	(0.42259999999999998, 0.58709999999999996, 0)	../fonts/zerothre.ttf	lower
1271114256853	1	FR_PRES	3	CHAIN	273	0	0	1523	(0.42259999999999998, 0.58709999999999996, 0)	../fonts/zerothre.ttf	lower
1271114261053	1	FR_PRES	3	KITCHEN	778	0	1	874	(0.42259999999999998, 0.58709999999999996, 0)	../fonts/zerothre.ttf	lower
1271114264935	1	FR_PRES	3	DUCK	504	1	1	1000	(0.57740000000000002, 0.41289999999999999, 1.0)	../fonts/amplitud.ttf	upper
1271114268943	1	FR_PRES	3	SYRUP	1425	1	0	992	(0.57740000000000002, 0.41289999999999999, 1.0)	../fonts/amplitud.ttf	upper
1271114274603	1	REC_START
1271114352072	0	REST
1271114353580	1	FR_PRES	4	LETTER	813	0	0	1060	(0.42259999999999998, 0.58709999999999996, 0)	../fonts/zerothre.ttf	lower
1271114357563	1	FR_PRES	4	NECK	939	0	0	1394	(0.42259999999999998, 0.58709999999999996, 0)	../fonts/zerothre.ttf	lower
1271114361412	1	FR_PRES	4	ULCER	1533	0	0	1555	(0.42259999999999998, 0.58709999999999996, 0)	../fonts/zerothre.ttf	lower
1271114365521	1	FR_PRES	4	CLASS	318	0	1	1318	(0.42259999999999998, 0.58709999999999996, 0)	../fonts/zerothre.ttf	lower
1271114369529	1	FR_PRES	4	REEF	1177	0	1	1079	(0.42259999999999998, 0.58709999999999996, 0)	../fonts/zerothre.ttf	lower
1271114373645	1	FR_PRES	4	SCARECROW	1245	0	1	1627	(0.42259999999999998, 0.58709999999999996, 0)	../fonts/zerothre.ttf	lower
1271114377528	1	FR_PRES	4	WHEAT	1602	0	0	1112	(0.42259999999999998, 0.58709999999999996, 0)	../fonts/zerothre.ttf	lower
1271114381619	1	FR_PRES	4	SNACK	1331	0	0	973	(0.42259999999999998, 0.58709999999999996, 0)	../fonts/zerothre.ttf	lower
1271114385827	1	FR_PRES	4	STAMP	1370	0	0	949	(0.42259999999999998, 0.58709999999999996, 0)	../fonts/zerothre.ttf	lower
1271114389802	1	FR_PRES	4	FOREHEAD	592	0	0	1374	(0.42259999999999998, 0.58709999999999996, 0)	../fonts/zerothre.ttf	lower
1271114393818	1	FR_PRES	4	GRILL	661	0	1	1061	(0.42259999999999998, 0.58709999999999996, 0)	../fonts/zerothre.ttf	lower
1271114397950	1	FR_PRES	4	SENATE	1267	0	1	1722	(0.42259999999999998, 0.58709999999999996, 0)	../fonts/zerothre.ttf	lower
1271114402010	1	FR_PRES	4	CHAMPION	279	0	1	1630	(0.42259999999999998, 0.58709999999999996, 0)	../fonts/zerothre.ttf	lower
1271114405925	1	FR_PRES	4	PRUNE	1134	0	0	922	(0.42259999999999998, 0.58709999999999996, 0)	../fonts/zerothre.ttf	lower
1271114409883	1	FR_PRES	4	RAISIN	1163	0	0	733	(0.42259999999999998, 0.58709999999999996, 0)	../fonts/zerothre.ttf	lower
1271114413899	1	FR_PRES	4	DESK	452	0	1	909	(0.42259999999999998, 0.58709999999999996, 0)	../fonts/zerothre.ttf	lower
1271114419567	1	REC_START
1271114500811	0	REST
1271114502319	1	FR_PRES	5	GORILLA	650	0	1	1257	(0.42259999999999998, 0.58709999999999996, 0)	../fonts/zerothre.ttf	lower
1271114506385	1	FR_PRES	5	APE	31	0	1	1199	(0.42259999999999998, 0.58709999999999996, 0)	../fonts/zerothre.ttf	lower
1271114510227	1	FR_PRES	5	PLAID	1080	0	0	1557	(0.42259999999999998, 0.58709999999999996, 0)	../fonts/zerothre.ttf	lower
1271114514085	1	FR_PRES	5	CRAYON	401	0	0	794	(0.42259999999999998, 0.58709999999999996, 0)	../fonts/zerothre.ttf	lower
1271114518193	1	FR_PRES	5	POND	1101	0	1	1007	(0.42259999999999998, 0.58709999999999996, 0)	../fonts/zerothre.ttf	lower
1271114522309	1	FR_PRES	5	STETHOSCOPE	1379	0	0	1475	(0.42259999999999998, 0.58709999999999996, 0)	../fonts/zerothre.ttf	lower
1271114526392	1	FR_PRES	5	DOLLAR	482	1	0	1224	(0.57740000000000002, 0.41289999999999999, 1.0)	../fonts/amplitud.ttf	upper
1271114530425	1	FR_PRES	5	MOOSE	915	1	1	663	(0.57740000000000002, 0.41289999999999999, 1.0)	../fonts/amplitud.ttf	upper
1271114534583	1	FR_PRES	5	STUDENT	1395	1	1	961	(0.57740000000000002, 0.41289999999999999, 1.0)	../fonts/amplitud.ttf	upper
1271114538741	1	FR_PRES	5	SUPERVISOR	1410	1	1	1090	(0.57740000000000002, 0.41289999999999999, 1.0)	../fonts/amplitud.ttf	upper
1271114542865	1	FR_PRES	5	CORPORATION	382	0	1	2014	(0.42259999999999998, 0.58709999999999996, 0)	../fonts/zerothre.ttf	lower
1271114547074	1	FR_PRES	5	DIPLOMA	470	0	0	958	(0.42259999999999998, 0.58709999999999996, 0)	../fonts/zerothre.ttf	lower
1271114550906	1	FR_PRES	5	CHEST	295	1	0	1350	(0.57740000000000002, 0.41289999999999999, 1.0)	../fonts/amplitud.ttf	upper
1271114554847	1	FR_PRES	5	AMBULANCE	19	1	0	945	(0.57740000000000002, 0.41289999999999999, 1.0)	../fonts/amplitud.ttf	upper
1271114558723	1	FR_PRES	5	BUFFALO	186	1	1	1276	(0.57740000000000002, 0.41289999999999999, 1.0)	../fonts/amplitud.ttf	upper
1271114562631	1	FR_PRES	5	RECEIPT	1173	1	0	945	(0.57740000000000002, 0.41289999999999999, 1.0)	../fonts/amplitud.ttf	upper
1271114568456	1	REC_START
1271114652166	0	REST
1271114653674	1	FR_PRES	6	LAPEL	800	1	0	1126	(0.57740000000000002, 0.41289999999999999, 1.0)	../fonts/amplitud.ttf	upper
1271114657532	1	FR_PRES	6	DOLL	481	1	0	884	(0.57740000000000002, 0.41289999999999999, 1.0)	../fonts/amplitud.ttf	upper
1271114661424	1	FR_PRES	6	CHILD	299	1	1	752	(0.57740000000000002, 0.41289999999999999, 1.0)	../fonts/amplitud.ttf	upper
1271114665365	1	FR_PRES	6	ARROW	40	1	0	755	(0.57740000000000002, 0.41289999999999999, 1.0)	../fonts/amplitud.ttf	upper
1271114669257	1	FR_PRES	6	CLIPPERS	324	1	0	1519	(0.57740000000000002, 0.41289999999999999, 1.0)	../fonts/amplitud.ttf	upper
1271114673148	1	FR_PRES	6	WAITER	1580	1	1	1004	(0.57740000000000002, 0.41289999999999999, 1.0)	../fonts/amplitud.ttf	upper
1271114677298	1	FR_PRES	6	LAGOON	795	1	0	1078	(0.57740000000000002, 0.41289999999999999, 1.0)	../fonts/amplitud.ttf	upper
1271114681172	1	FR_PRES	6	BANDAGE	79	1	0	795	(0.57740000000000002, 0.41289999999999999, 1.0)	../fonts/amplitud.ttf	upper
1271114685089	1	FR_PRES	6	BEAVER	109	1	1	935	(0.57740000000000002, 0.41289999999999999, 1.0)	../fonts/amplitud.ttf	upper
1271114688912	1	FR_PRES	6	RAT	1169	1	1	752	(0.57740000000000002, 0.41289999999999999, 1.0)	../fonts/amplitud.ttf	upper
1271114692822	1	FR_PRES	6	RODENT	1204	1	1	858	(0.57740000000000002, 0.41289999999999999, 1.0)	../fonts/amplitud.ttf	upper
1271114697013	1	FR_PRES	6	MEDICINE	886	1	0	659	(0.57740000000000002, 0.41289999999999999, 1.0)	../fonts/amplitud.ttf	upper
1271114701079	1	FR_PRES	6	SCREW	1254	1	0	1457	(0.57740000000000002, 0.41289999999999999, 1.0)	../fonts/amplitud.ttf	upper
1271114705012	1	FR_PRES	6	CHAMPAGNE	278	1	0	859	(0.57740000000000002, 0.41289999999999999, 1.0)	../fonts/amplitud.ttf	upper
1271114709054	1	FR_PRES	6	CACTUS	215	1	1	1018	(0.57740000000000002, 0.41289999999999999, 1.0)	../fonts/amplitud.ttf	upper
1271114713070	1	FR_PRES	6	CROCODILE	411	1	1	793	(0.57740000000000002, 0.41289999999999999, 1.0)	../fonts/amplitud.ttf	upper
1271114718886	1	REC_START
1271114796272	0	REST
1271114797780	1	FR_PRES	7	STOCKING	1383	1	0	812	(0.57740000000000002, 0.41289999999999999, 1.0)	../fonts/amplitud.ttf	upper
1271114801663	1	FR_PRES	7	ORNAMENT	985	1	0	1497	(0.57740000000000002, 0.41289999999999999, 1.0)	../fonts/amplitud.ttf	upper
1271114805505	1	FR_PRES	7	NOOSE	956	1	0	1239	(0.57740000000000002, 0.41289999999999999, 1.0)	../fonts/amplitud.ttf	upper
1271114809555	1	FR_PRES	7	DESIGNER	451	1	1	773	(0.57740000000000002, 0.41289999999999999, 1.0)	../fonts/amplitud.ttf	upper
1271114813538	1	FR_PRES	7	RAZOR	1171	0	0	1078	(0.42259999999999998, 0.58709999999999996, 0)	../fonts/zerothre.ttf	lower
1271114817437	1	FR_PRES	7	HAYSTACK	694	0	1	1859	(0.42259999999999998, 0.58709999999999996, 0)	../fonts/zerothre.ttf	lower
1271114821487	1	FR_PRES	7	CUFF	423	0	0	833	(0.42259999999999998, 0.58709999999999996, 0)	../fonts/zerothre.ttf	lower
1271114825437	1	FR_PRES	7	TULIP	1517	0	0	1563	(0.42259999999999998, 0.58709999999999996, 0)	../fonts/zerothre.ttf	lower
1271114829470	1	FR_PRES	7	CANDIDATE	228	1	1	1489	(0.57740000000000002, 0.41289999999999999, 1.0)	../fonts/amplitud.ttf	upper
1271114833661	1	FR_PRES	7	BALLOT	76	1	0	1083	(0.57740000000000002, 0.41289999999999999, 1.0)	../fonts/amplitud.ttf	upper
1271114837602	1	FR_PRES	7	SUSPECT	1415	1	1	1333	(0.57740000000000002, 0.41289999999999999, 1.0)	../fonts/amplitud.ttf	upper
1271114841486	1	FR_PRES	7	AGENT	10	1	1	826	(0.57740000000000002, 0.41289999999999999, 1.0)	../fonts/amplitud.ttf	upper
1271114845369	1	FR_PRES	7	THREAD	1460	0	0	1031	(0.42259999999999998, 0.58709999999999996, 0)	../fonts/zerothre.ttf	lower
1271114849535	1	FR_PRES	7	PRISONER	1128	0	1	1849	(0.42259999999999998, 0.58709999999999996, 0)	../fonts/zerothre.ttf	lower
1271114853535	1	FR_PRES	7	BANKER	84	0	1	1577	(0.42259999999999998, 0.58709999999999996, 0)	../fonts/zerothre.ttf	lower
1271114857609	1	FR_PRES	7	POSTAGE	1113	0	0	1007	(0.42259999999999998, 0.58709999999999996, 0)	../fonts/zerothre.ttf	lower
1271114863193	1	REC_START
1271114945960	0	REST
1271114947461	1	FR_PRES	8	NAPKIN	937	-1	-1	-1271114947461	white	../fonts/Verdana.ttf	upper
1271114951327	1	FR_PRES	8	FLY	586	-1	-1	-1271114951327	white	../fonts/Verdana.ttf	upper
1271114955460	1	FR_PRES	8	ELECTRON	522	-1	-1	-1271114955460	white	../fonts/Verdana.ttf	upper
1271114959460	1	FR_PRES	8	MOLECULE	905	-1	-1	-1271114959460	white	../fonts/Verdana.ttf	upper
1271114963352	1	FR_PRES	8	VAN	1548	-1	-1	-1271114963352	white	../fonts/Verdana.ttf	upper
1271114967193	1	FR_PRES	8	KITE	779	-1	-1	-1271114967193	white	../fonts/Verdana.ttf	upper
1271114971259	1	FR_PRES	8	APRON	35	-1	-1	-1271114971259	white	../fonts/Verdana.ttf	upper
1271114975326	1	FR_PRES	8	SIRLOIN	1311	-1	-1	-1271114975326	white	../fonts/Verdana.ttf	upper
1271114979467	1	FR_PRES	8	PAN	1008	-1	-1	-1271114979467	white	../fonts/Verdana.ttf	upper
1271114983367	1	FR_PRES	8	SIBLING	1301	-1	-1	-1271114983367	white	../fonts/Verdana.ttf	upper
1271114987533	1	FR_PRES	8	SCALLOP	1242	-1	-1	-1271114987533	white	../fonts/Verdana.ttf	upper
1271114991566	1	FR_PRES	8	WASHCLOTH	1591	-1	-1	-1271114991566	white	../fonts/Verdana.ttf	upper
1271114995749	1	FR_PRES	8	AUTHOR	61	-1	-1	-1271114995749	white	../fonts/Verdana.ttf	upper
1271114999890	1	FR_PRES	8	STRANGER	1389	-1	-1	-1271114999890	white	../fonts/Verdana.ttf	upper
1271115003740	1	FR_PRES	8	CRAB	397	-1	-1	-1271115003740	white	../fonts/Verdana.ttf	upper
1271115007590	1	FR_PRES	8	CORAL	378	-1	-1	-1271115007590	white	../fonts/Verdana.ttf	upper
1271115013499	1	REC_START
1271115091034	0	REST
1271115092542	1	FR_PRES	9	OPERA	978	1	1	1562	(0.57740000000000002, 0.41289999999999999, 1.0)	../fonts/amplitud.ttf	upper
1271115096367	1	FR_PRES	9	ATOM	55	1	1	1905	(0.57740000000000002, 0.41289999999999999, 1.0)	../fonts/amplitud.ttf	upper
1271115100575	1	FR_PRES	9	PERISCOPE	1050	1	0	889	(0.57740000000000002, 0.41289999999999999, 1.0)	../fonts/amplitud.ttf	upper
1271115104416	1	FR_PRES	9	BAG	69	1	0	832	(0.57740000000000002, 0.41289999999999999, 1.0)	../fonts/amplitud.ttf	upper
1271115108341	1	FR_PRES	9	COMMUNITY	356	1	1	955	(0.57740000000000002, 0.41289999999999999, 1.0)	../fonts/amplitud.ttf	upper
1271115112157	1	FR_PRES	9	CARPENTER	246	1	1	690	(0.57740000000000002, 0.41289999999999999, 1.0)	../fonts/amplitud.ttf	upper
1271115116240	1	FR_PRES	9	KEG	770	1	0	727	(0.57740000000000002, 0.41289999999999999, 1.0)	../fonts/amplitud.ttf	upper
1271115120198	1	FR_PRES	9	ACTRESS	6	1	1	753	(0.57740000000000002, 0.41289999999999999, 1.0)	../fonts/amplitud.ttf	upper
1271115124073	1	FR_PRES	9	ATTIRE	57	1	0	1127	(0.57740000000000002, 0.41289999999999999, 1.0)	../fonts/amplitud.ttf	upper
1271115128073	1	FR_PRES	9	SUIT	1402	1	0	1063	(0.57740000000000002, 0.41289999999999999, 1.0)	../fonts/amplitud.ttf	upper
1271115132256	1	FR_PRES	9	EAGLE	512	1	1	1072	(0.57740000000000002, 0.41289999999999999, 1.0)	../fonts/amplitud.ttf	upper
1271115136406	1	FR_PRES	9	SAND	1230	1	0	810	(0.57740000000000002, 0.41289999999999999, 1.0)	../fonts/amplitud.ttf	upper
1271115140272	1	FR_PRES	9	DUNE	506	1	0	1480	(0.57740000000000002, 0.41289999999999999, 1.0)	../fonts/amplitud.ttf	upper
1271115144288	1	FR_PRES	9	GYMNAST	675	1	1	824	(0.57740000000000002, 0.41289999999999999, 1.0)	../fonts/amplitud.ttf	upper
1271115148155	1	FR_PRES	9	SPARROW	1347	1	1	1309	(0.57740000000000002, 0.41289999999999999, 1.0)	../fonts/amplitud.ttf	upper
1271115151995	1	FR_PRES	9	COMMITTEE	355	1	1	1149	(0.57740000000000002, 0.41289999999999999, 1.0)	../fonts/amplitud.ttf	upper
1271115157605	1	REC_START
1271115235040	0	REST
1271115236548	1	FR_PRES	10	QUEEN	1149	1	1	1060	(0.57740000000000002, 0.41289999999999999, 1.0)	../fonts/amplitud.ttf	upper
1271115240531	1	FR_PRES	10	RULER	1216	1	0	1285	(0.57740000000000002, 0.41289999999999999, 1.0)	../fonts/amplitud.ttf	upper
1271115244489	1	FR_PRES	10	CATHEDRAL	260	1	0	1342	(0.57740000000000002, 0.41289999999999999, 1.0)	../fonts/amplitud.ttf	upper
1271115248406	1	FR_PRES	10	NIGHTGOWN	953	1	0	1018	(0.57740000000000002, 0.41289999999999999, 1.0)	../fonts/amplitud.ttf	upper
1271115252330	1	FR_PRES	10	OWNER	993	1	1	1286	(0.57740000000000002, 0.41289999999999999, 1.0)	../fonts/amplitud.ttf	upper
1271115256322	1	FR_PRES	10	RADISH	1158	1	1	2398	(0.57740000000000002, 0.41289999999999999, 1.0)	../fonts/amplitud.ttf	upper
1271115260238	1	FR_PRES	10	SISTER	1312	1	1	761	(0.57740000000000002, 0.41289999999999999, 1.0)	../fonts/amplitud.ttf	upper
1271115264296	1	FR_PRES	10	CASH	252	1	0	784	(0.57740000000000002, 0.41289999999999999, 1.0)	../fonts/amplitud.ttf	upper
1271115268304	1	FR_PRES	10	RIBBON	1189	1	0	1631	(0.57740000000000002, 0.41289999999999999, 1.0)	../fonts/amplitud.ttf	upper
1271115272371	1	FR_PRES	10	MISTER	901	1	1	2205	(0.57740000000000002, 0.41289999999999999, 1.0)	../fonts/amplitud.ttf	upper
1271115276554	1	FR_PRES	10	FATHER	554	1	1	1357	(0.57740000000000002, 0.41289999999999999, 1.0)	../fonts/amplitud.ttf	upper
1271115280737	1	FR_PRES	10	CONVENT	370	1	1	2511	(0.57740000000000002, 0.41289999999999999, 1.0)	../fonts/amplitud.ttf	upper
1271115284603	1	FR_PRES	10	SHRINE	1298	1	0	1493	(0.57740000000000002, 0.41289999999999999, 1.0)	../fonts/amplitud.ttf	upper
1271115288744	1	FR_PRES	10	HOSTAGE	722	1	1	1159	(0.57740000000000002, 0.41289999999999999, 1.0)	../fonts/amplitud.ttf	upper
1271115292761	1	FR_PRES	10	CONVICT	371	1	1	1031	(0.57740000000000002, 0.41289999999999999, 1.0)	../fonts/amplitud.ttf	upper
1271115296851	1	FR_PRES	10	TREASURE	1500	1	0	781	(0.57740000000000002, 0.41289999999999999, 1.0)	../fonts/amplitud.ttf	upper
1271115302569	1	REC_START
1271115381188	0	REST
1271115382696	1	FR_PRES	11	SOLDIER	1344	0	1	1263	(0.42259999999999998, 0.58709999999999996, 0)	../fonts/zerothre.ttf	lower
1271115386520	1	FR_PRES	11	LAMB	797	0	1	816	(0.42259999999999998, 0.58709999999999996, 0)	../fonts/zerothre.ttf	lower
1271115390595	1	FR_PRES	11	ABDOMEN	1	1	0	1813	(0.57740000000000002, 0.41289999999999999, 1.0)	../fonts/amplitud.ttf	upper
1271115394420	1	FR_PRES	11	BODY	145	1	1	2204	(0.57740000000000002, 0.41289999999999999, 1.0)	../fonts/amplitud.ttf	upper
1271115398528	1	FR_PRES	11	MILITARY	894	1	0	1600	(0.57740000000000002, 0.41289999999999999, 1.0)	../fonts/amplitud.ttf	upper
1271115402661	1	FR_PRES	11	RAKE	1164	0	0	1971	(0.42259999999999998, 0.58709999999999996, 0)	../fonts/zerothre.ttf	lower
1271115406577	1	FR_PRES	11	BARLEY	88	0	0	775	(0.42259999999999998, 0.58709999999999996, 0)	../fonts/zerothre.ttf	lower
1271115410585	1	FR_PRES	11	HEADBAND	696	0	0	1767	(0.42259999999999998, 0.58709999999999996, 0)	../fonts/zerothre.ttf	lower
1271115414635	1	FR_PRES	11	MOUSE	925	0	0	885	(0.42259999999999998, 0.58709999999999996, 0)	../fonts/zerothre.ttf	lower
1271115418826	1	FR_PRES	11	CARNIVAL	245	1	0	1342	(0.57740000000000002, 0.41289999999999999, 1.0)	../fonts/amplitud.ttf	upper
1271115422635	1	FR_PRES	11	PLUMBER	1091	1	1	709	(0.57740000000000002, 0.41289999999999999, 1.0)	../fonts/amplitud.ttf	upper
1271115426684	1	FR_PRES	11	MILDEW	893	1	1	1724	(0.57740000000000002, 0.41289999999999999, 1.0)	../fonts/amplitud.ttf	upper
1271115430501	1	FR_PRES	11	FLEA	577	1	1	995	(0.57740000000000002, 0.41289999999999999, 1.0)	../fonts/amplitud.ttf	upper
1271115434417	1	FR_PRES	11	CAT	257	1	1	847	(0.57740000000000002, 0.41289999999999999, 1.0)	../fonts/amplitud.ttf	upper
1271115438492	1	FR_PRES	11	POLITICIAN	1099	0	1	1932	(0.42259999999999998, 0.58709999999999996, 0)	../fonts/zerothre.ttf	lower
1271115442341	1	FR_PRES	11	GOVERNOR	651	0	1	803	(0.42259999999999998, 0.58709999999999996, 0)	../fonts/zerothre.ttf	lower
1271115448125	1	REC_START
1271115523710	1	REST_REWET
1271115959728	0	REST
1271115961236	1	FR_PRES	12	BEVERAGE	123	0	0	1188	(0.42259999999999998, 0.58709999999999996, 0)	../fonts/zerothre.ttf	lower
1271115965253	1	FR_PRES	12	FELLOW	558	0	1	1427	(0.42259999999999998, 0.58709999999999996, 0)	../fonts/zerothre.ttf	lower
1271115969386	1	FR_PRES	12	BAIT	70	0	0	1302	(0.42259999999999998, 0.58709999999999996, 0)	../fonts/zerothre.ttf	lower
1271115973436	1	FR_PRES	12	WHALE	1601	0	1	836	(0.42259999999999998, 0.58709999999999996, 0)	../fonts/zerothre.ttf	lower
1271115977577	1	FR_PRES	12	VEST	1559	0	0	799	(0.42259999999999998, 0.58709999999999996, 0)	../fonts/zerothre.ttf	lower
1271115981418	1	FR_PRES	12	CAVITY	264	0	0	1014	(0.42259999999999998, 0.58709999999999996, 0)	../fonts/zerothre.ttf	lower
1271115985426	1	FR_PRES	12	MOTEL	919	0	1	1006	(0.42259999999999998, 0.58709999999999996, 0)	../fonts/zerothre.ttf	lower
1271115989601	1	FR_PRES	12	JUG	762	0	1	2071	(0.42259999999999998, 0.58709999999999996, 0)	../fonts/zerothre.ttf	lower
1271115993559	1	FR_PRES	12	COOLER	375	0	1	1577	(0.42259999999999998, 0.58709999999999996, 0)	../fonts/zerothre.ttf	lower
1271115997492	1	FR_PRES	12	ENGINE	535	0	1	868	(0.42259999999999998, 0.58709999999999996, 0)	../fonts/zerothre.ttf	lower
1271116001309	1	FR_PRES	12	BUBBLE	183	0	0	1123	(0.42259999999999998, 0.58709999999999996, 0)	../fonts/zerothre.ttf	lower
1271116005242	1	FR_PRES	12	GUM	672	0	0	966	(0.42259999999999998, 0.58709999999999996, 0)	../fonts/zerothre.ttf	lower
1271116009158	1	FR_PRES	12	PLAQUE	1084	0	0	1226	(0.42259999999999998, 0.58709999999999996, 0)	../fonts/zerothre.ttf	lower
1271116013274	1	FR_PRES	12	VISITOR	1573	0	1	813	(0.42259999999999998, 0.58709999999999996, 0)	../fonts/zerothre.ttf	lower
1271116017466	1	FR_PRES	12	LABEL	790	0	0	1397	(0.42259999999999998, 0.58709999999999996, 0)	../fonts/zerothre.ttf	lower
1271116021374	1	FR_PRES	12	CAN	225	0	0	1577	(0.42259999999999998, 0.58709999999999996, 0)	../fonts/zerothre.ttf	lower
1271116027124	1	REC_START
1271116109559	0	REST
1271116111067	1	FR_PRES	13	MERMAID	887	0	1	1717	(0.42259999999999998, 0.58709999999999996, 0)	../fonts/zerothre.ttf	lower
1271116115192	1	FR_PRES	13	STAIRS	1367	0	1	1304	(0.42259999999999998, 0.58709999999999996, 0)	../fonts/zerothre.ttf	lower
1271116119058	1	FR_PRES	13	GAVEL	627	0	0	1606	(0.42259999999999998, 0.58709999999999996, 0)	../fonts/zerothre.ttf	lower
1271116123225	1	FR_PRES	13	JURY	766	0	1	951	(0.42259999999999998, 0.58709999999999996, 0)	../fonts/zerothre.ttf	lower
1271116127316	1	FR_PRES	13	SALT	1229	0	0	692	(0.42259999999999998, 0.58709999999999996, 0)	../fonts/zerothre.ttf	lower
1271116131524	1	FR_PRES	13	HAND	683	0	0	1339	(0.42259999999999998, 0.58709999999999996, 0)	../fonts/zerothre.ttf	lower
1271116135532	1	FR_PRES	13	FEATHER	557	0	0	772	(0.42259999999999998, 0.58709999999999996, 0)	../fonts/zerothre.ttf	lower
1271116139623	1	FR_PRES	13	IDOL	733	0	1	1673	(0.42259999999999998, 0.58709999999999996, 0)	../fonts/zerothre.ttf	lower
1271116143665	1	FR_PRES	13	STAR	1373	0	1	1222	(0.42259999999999998, 0.58709999999999996, 0)	../fonts/zerothre.ttf	lower
1271116147481	1	FR_PRES	13	WOLF	1619	0	1	1767	(0.42259999999999998, 0.58709999999999996, 0)	../fonts/zerothre.ttf	lower
1271116151623	1	FR_PRES	13	SEAGULL	1261	0	1	697	(0.42259999999999998, 0.58709999999999996, 0)	../fonts/zerothre.ttf	lower
1271116155714	1	FR_PRES	13	TEA	1439	0	0	1133	(0.42259999999999998, 0.58709999999999996, 0)	../fonts/zerothre.ttf	lower
1271116159772	1	FR_PRES	13	SWING	1421	0	1	1516	(0.42259999999999998, 0.58709999999999996, 0)	../fonts/zerothre.ttf	lower
1271116163854	1	FR_PRES	13	CHIPMUNK	304	0	0	1570	(0.42259999999999998, 0.58709999999999996, 0)	../fonts/zerothre.ttf	lower
1271116167895	1	FR_PRES	13	MONSTER	912	0	1	1545	(0.42259999999999998, 0.58709999999999996, 0)	../fonts/zerothre.ttf	lower
1271116171813	1	FR_PRES	13	SUGAR	1401	0	0	715	(0.42259999999999998, 0.58709999999999996, 0)	../fonts/zerothre.ttf	lower
1271116177879	1	REC_START
1271116259972	0	REST
1271116261473	1	FR_PRES	14	FINGERNAIL	568	-1	-1	-1271116261473	white	../fonts/Verdana.ttf	upper
1271116265472	1	FR_PRES	14	WRIST	1626	-1	-1	-1271116265472	white	../fonts/Verdana.ttf	upper
1271116269439	1	FR_PRES	14	PIN	1072	-1	-1	-1271116269439	white	../fonts/Verdana.ttf	upper
1271116273639	1	FR_PRES	14	ROAD	1196	-1	-1	-1271116273639	white	../fonts/Verdana.ttf	upper
1271116277513	1	FR_PRES	14	PEOPLE	1046	-1	-1	-1271116277513	white	../fonts/Verdana.ttf	upper
1271116281555	1	FR_PRES	14	MOB	904	-1	-1	-1271116281555	white	../fonts/Verdana.ttf	upper
1271116285721	1	FR_PRES	14	SQUIRREL	1362	-1	-1	-1271116285721	white	../fonts/Verdana.ttf	upper
1271116289845	1	FR_PRES	14	MANSION	864	-1	-1	-1271116289845	white	../fonts/Verdana.ttf	upper
1271116294020	1	FR_PRES	14	TAPE	1433	-1	-1	-1271116294020	white	../fonts/Verdana.ttf	upper
1271116297827	1	FR_PRES	14	MONGOOSE	909	-1	-1	-1271116297827	white	../fonts/Verdana.ttf	upper
1271116301919	1	FR_PRES	14	NAVIGATOR	938	-1	-1	-1271116301919	white	../fonts/Verdana.ttf	upper
1271116305778	1	FR_PRES	14	SINK	1309	-1	-1	-1271116305778	white	../fonts/Verdana.ttf	upper
1271116309778	1	FR_PRES	14	BUTTER	205	-1	-1	-1271116309778	white	../fonts/Verdana.ttf	upper
1271116313786	1	FR_PRES	14	COUGAR	387	-1	-1	-1271116313786	white	../fonts/Verdana.ttf	upper
1271116317968	1	FR_PRES	14	SHACK	1273	-1	-1	-1271116317968	white	../fonts/Verdana.ttf	upper
1271116321934	1	FR_PRES	14	MAP	865	-1	-1	-1271116321934	white	../fonts/Verdana.ttf	upper
1271116327477	1	REC_START
1271116405096	0	REST
1271116406604	1	FR_PRES	15	SHOULDER	1294	-1	-1	-1271116406604	white	../fonts/Verdana.ttf	upper
1271116410537	1	FR_PRES	15	CROOK	412	-1	-1	-1271116410537	white	../fonts/Verdana.ttf	upper
1271116414703	1	FR_PRES	15	THIEF	1456	-1	-1	-1271116414703	white	../fonts/Verdana.ttf	upper
1271116418653	1	FR_PRES	15	JOURNAL	760	-1	-1	-1271116418653	white	../fonts/Verdana.ttf	upper
1271116422469	1	FR_PRES	15	JOINT	758	-1	-1	-1271116422469	white	../fonts/Verdana.ttf	upper
1271116426436	1	FR_PRES	15	HAM	678	-1	-1	-1271116426436	white	../fonts/Verdana.ttf	upper
1271116430352	1	FR_PRES	15	STEREO	1378	-1	-1	-1271116430352	white	../fonts/Verdana.ttf	upper
1271116434268	1	FR_PRES	15	PAD	998	-1	-1	-1271116434268	white	../fonts/Verdana.ttf	upper
1271116438376	1	FR_PRES	15	SCENERY	1247	-1	-1	-1271116438376	white	../fonts/Verdana.ttf	upper
1271116442460	1	FR_PRES	15	ROUGE	1213	-1	-1	-1271116442460	white	../fonts/Verdana.ttf	upper
1271116446293	1	FR_PRES	15	HALL	677	-1	-1	-1271116446293	white	../fonts/Verdana.ttf	upper
1271116450126	1	FR_PRES	15	TUNNEL	1519	-1	-1	-1271116450126	white	../fonts/Verdana.ttf	upper
1271116454075	1	FR_PRES	15	ZOO	1637	-1	-1	-1271116454075	white	../fonts/Verdana.ttf	upper
1271116458108	1	FR_PRES	15	GIRAFFE	636	-1	-1	-1271116458108	white	../fonts/Verdana.ttf	upper
1271116462008	1	FR_PRES	15	MAJOR	859	-1	-1	-1271116462008	white	../fonts/Verdana.ttf	upper
1271116466133	1	FR_PRES	15	MARKER	870	-1	-1	-1271116466133	white	../fonts/Verdana.ttf	upper
1271116471949	1	REC_START
1271116569109	0	RECOG_START
1271116569109	2	REC_START
1271116569142	0	RECOG_PRES	0	LAPEL	800	-999	P	2122
1271116571633	0	RECOG_CR_PRES	0	LAPEL	800	-999	P	1103
1271116573108	1	RECOG_FEEDBACK	1
1271116573841	0	RECOG_PRES	0	DOLLAR	482	-999	P	1839
1271116576050	0	RECOG_CR_PRES	0	DOLLAR	482	-999	P	821
1271116577233	1	RECOG_FEEDBACK	1
1271116578025	0	RECOG_PRES	0	POND	1101	-999	P	1607
1271116580008	0	RECOG_CR_PRES	0	POND	1101	-999	P	1080
1271116581466	1	RECOG_FEEDBACK	1
1271116582191	0	RECOG_PRES	0	LETTER	813	-999	P	1401
1271116583965	0	RECOG_CR_PRES	0	LETTER	813	-999	P	938
1271116585249	1	RECOG_FEEDBACK	1
1271116586024	0	RECOG_PRES	0	DIAGRAM	456	-999	P	1488
1271116587881	0	RECOG_CR_PRES	0	DIAGRAM	456	-999	P	1038
1271116589265	1	RECOG_FEEDBACK	1
1271116590040	0	RECOG_PRES	0	STOCKING	1383	-999	P	1176
1271116591590	0	RECOG_CR_PRES	0	STOCKING	1383	-999	P	842
1271116592765	1	RECOG_FEEDBACK	1
1271116593507	0	RECOG_PRES	0	FATHER	554	-999	P	1372
1271116595248	0	RECOG_CR_PRES	0	FATHER	554	-999	P	623
1271116596231	1	RECOG_FEEDBACK	1
1271116596947	0	RECOG_PRES	0	BASKET	95	-999	P	1813
1271116599131	0	RECOG_CR_PRES	0	BASKET	95	-999	P	629
1271116600123	1	RECOG_FEEDBACK	1
1271116600839	0	RECOG_PRES	0	SHUTTER	1300	-999	P	2209
1271116603423	0	RECOG_CR_PRES	0	SHUTTER	1300	-999	P	641
1271116604439	1	RECOG_FEEDBACK	1
1271116605214	0	RECOG_PRES	0	FACTORY	548	-999	P	1721
1271116607297	0	RECOG_CR_PRES	0	FACTORY	548	-999	P	831
1271116608481	1	RECOG_FEEDBACK	0
1271116609247	0	RECOG_PRES	0	MATCH	878	-999	P	1825
1271116611447	0	RECOG_CR_PRES	0	MATCH	878	-999	P	737
1271116612530	1	RECOG_FEEDBACK	1
1271116613330	0	RECOG_PRES	0	CEILING	265	-999	P	1509
1271116615205	0	RECOG_CR_PRES	0	CEILING	265	-999	P	835
1271116616405	1	RECOG_FEEDBACK	1
1271116617130	0	RECOG_PRES	0	PERCH	1048	-999	P	1326
1271116618829	0	RECOG_CR_PRES	0	PERCH	1048	-999	P	747
1271116619929	1	RECOG_FEEDBACK	1
1271116620688	0	RECOG_PRES	0	OPERA	978	-999	P	2000
1271116623063	0	RECOG_CR_PRES	0	OPERA	978	-999	P	681
1271116624121	1	RECOG_FEEDBACK	1
1271116624870	0	RECOG_PRES	0	COMMUNITY	356	-999	P	1490
1271116626729	0	RECOG_CR_PRES	0	COMMUNITY	356	-999	P	719
1271116627804	1	RECOG_FEEDBACK	1
1271116628512	0	RECOG_PRES	0	JEWEL	757	-999	P	1824
1271116630712	0	RECOG_CR_PRES	0	JEWEL	757	-999	P	768
1271116631836	1	RECOG_FEEDBACK	1
1271116632637	0	RECOG_PRES	0	NAVIGATOR	938	-999	P	1435
1271116634445	0	RECOG_CR_PRES	0	NAVIGATOR	938	-999	P	835
1271116635629	1	RECOG_FEEDBACK	0
1271116636412	0	RECOG_PRES	0	BEAVER	109	-999	P	1499
1271116638278	0	RECOG_CR_PRES	0	BEAVER	109	-999	P	850
1271116639478	1	RECOG_FEEDBACK	1
1271116640270	0	RECOG_PRES	0	DESIGNER	451	-999	P	1657
1271116642295	0	RECOG_CR_PRES	0	DESIGNER	451	-999	P	809
1271116643461	1	RECOG_FEEDBACK	1
1271116644236	0	RECOG_PRES	0	BOOK	149	-999	P	1755
1271116646361	0	RECOG_CR_PRES	0	BOOK	149	-999	P	799
1271116647519	1	RECOG_FEEDBACK	1
1271116650203	0	REST
1271116651177	1	REC_START
1271116651211	0	RECOG_PRES	1	SENATOR	1268	-999	P	1221
1271116652802	0	RECOG_CR_PRES	1	SENATOR	1268	-999	P	830
1271116653960	1	RECOG_FEEDBACK	1
1271116654711	0	RECOG_PRES	1	SINK	1309	-999	P	1152
1271116656227	0	RECOG_CR_PRES	1	SINK	1309	-999	P	821
1271116657394	1	RECOG_FEEDBACK	1
1271116658152	0	RECOG_PRES	1	SHRUB	1299	-999	P	1248
1271116659777	0	RECOG_CR_PRES	1	SHRUB	1299	-999	P	767
1271116660884	1	RECOG_FEEDBACK	1
1271116661618	0	RECOG_PRES	1	SUGAR	1401	-999	P	1365
1271116663360	0	RECOG_CR_PRES	1	SUGAR	1401	-999	P	736
1271116664435	1	RECOG_FEEDBACK	1
1271116665235	0	RECOG_PRES	1	STUDENT	1395	-999	P	1373
1271116666984	0	RECOG_CR_PRES	1	STUDENT	1395	-999	P	744
1271116668076	1	RECOG_FEEDBACK	1
1271116668859	0	RECOG_PRES	1	ROOMMATE	1207	-999	P	1181
1271116670409	0	RECOG_CR_PRES	1	ROOMMATE	1207	-999	P	719
1271116671451	1	RECOG_FEEDBACK	0
1271116672268	0	RECOG_PRES	1	WRENCH	1625	-999	P	1196
1271116673833	0	RECOG_CR_PRES	1	WRENCH	1625	-999	P	727
1271116674883	1	RECOG_FEEDBACK	1
1271116675617	0	RECOG_PRES	1	THREAD	1460	-999	P	1391
1271116677384	0	RECOG_CR_PRES	1	THREAD	1460	-999	P	808
1271116678550	1	RECOG_FEEDBACK	1
1271116679284	0	RECOG_PRES	1	FIN	566	-999	P	1284
1271116680941	0	RECOG_CR_PRES	1	FIN	566	-999	P	1018
1271116682300	1	RECOG_FEEDBACK	1
1271116683017	0	RECOG_PRES	1	SEASHORE	1263	-999	P	1391
1271116684783	0	RECOG_CR_PRES	1	SEASHORE	1263	-999	P	1241
1271116686392	1	RECOG_FEEDBACK	1
1271116687158	0	RECOG_PRES	1	METEOR	889	-999	P	2194
1271116689725	0	RECOG_CR_PRES	1	METEOR	889	-999	P	827
1271116690907	1	RECOG_FEEDBACK	1
1271116691633	0	RECOG_PRES	1	CROOK	412	-999	P	1111
1271116693116	0	RECOG_CR_PRES	1	CROOK	412	-999	P	843
1271116694299	1	RECOG_FEEDBACK	1
1271116695066	0	RECOG_PRES	1	BANKER	84	-999	P	1214
1271116696649	0	RECOG_CR_PRES	1	BANKER	84	-999	P	743
1271116697741	1	RECOG_FEEDBACK	1
1271116698524	0	RECOG_PRES	1	HAM	678	-999	P	1108
1271116700007	0	RECOG_CR_PRES	1	HAM	678	-999	P	745
1271116701074	1	RECOG_FEEDBACK	1
1271116701824	0	RECOG_PRES	1	WAGON	1578	-999	P	1304
1271116703499	0	RECOG_CR_PRES	1	WAGON	1578	-999	P	773
1271116704632	1	RECOG_FEEDBACK	1
1271116705407	0	RECOG_PRES	1	CANDY	230	-999	P	2289
1271116708065	0	RECOG_CR_PRES	1	CANDY	230	-999	P	743
1271116709173	1	RECOG_FEEDBACK	0
1271116709939	0	RECOG_PRES	1	KNOT	788	-999	P	1093
1271116711406	0	RECOG_CR_PRES	1	KNOT	788	-999	P	722
1271116712456	1	RECOG_FEEDBACK	1
1271116713248	0	RECOG_PRES	1	NERVE	944	-999	P	1160
1271116714781	0	RECOG_CR_PRES	1	NERVE	944	-999	P	755
1271116715855	1	RECOG_FEEDBACK	1
1271116716639	0	RECOG_PRES	1	ANTELOPE	27	-999	P	1409
1271116718423	0	RECOG_CR_PRES	1	ANTELOPE	27	-999	P	793
1271116719547	1	RECOG_FEEDBACK	1
1271116720272	0	RECOG_PRES	1	EAGLE	512	-999	P	1096
1271116721739	0	RECOG_CR_PRES	1	EAGLE	512	-999	P	709
1271116722772	1	RECOG_FEEDBACK	1
1271116735970	0	REST
1271116737015	1	REC_START
1271116737046	0	RECOG_PRES	2	CHEST	295	-999	P	1314
1271116738729	0	RECOG_CR_PRES	2	CHEST	295	-999	P	711
1271116739771	1	RECOG_FEEDBACK	1
1271116740538	0	RECOG_PRES	2	CONVENT	370	-999	P	1118
1271116742029	0	RECOG_CR_PRES	2	CONVENT	370	-999	P	641
1271116743012	1	RECOG_FEEDBACK	1
1271116743762	0	RECOG_PRES	2	CONTRACT	368	-999	P	1670
1271116745804	0	RECOG_CR_PRES	2	CONTRACT	368	-999	P	1067
1271116747220	1	RECOG_FEEDBACK	1
1271116747994	0	RECOG_PRES	2	BEVERAGE	123	-999	P	1142
1271116749512	0	RECOG_CR_PRES	2	BEVERAGE	123	-999	P	1000
1271116750836	1	RECOG_FEEDBACK	0
1271116751628	0	RECOG_PRES	2	PERFUME	1049	-999	P	1219
1271116753212	0	RECOG_CR_PRES	2	PERFUME	1049	-999	P	715
1271116754287	1	RECOG_FEEDBACK	1
1271116755087	0	RECOG_PRES	2	HEEL	700	-999	P	1329
1271116756786	0	RECOG_CR_PRES	2	HEEL	700	-999	P	710
1271116757835	1	RECOG_FEEDBACK	1
1271116758636	0	RECOG_PRES	2	GIRAFFE	636	-999	P	1235
1271116760236	0	RECOG_CR_PRES	2	GIRAFFE	636	-999	P	755
1271116761328	1	RECOG_FEEDBACK	1
1271116762069	0	RECOG_PRES	2	CORPORATION	382	-999	P	1171
1271116763611	0	RECOG_CR_PRES	2	CORPORATION	382	-999	P	821
1271116764752	1	RECOG_FEEDBACK	0
1271116765494	0	RECOG_PRES	2	ENCYCLOPEDIA	533	-999	P	1194
1271116767061	0	RECOG_CR_PRES	2	ENCYCLOPEDIA	533	-999	P	723
1271116768111	1	RECOG_FEEDBACK	1
1271116768918	0	RECOG_PRES	2	AUTOMOBILE	62	-999	P	1810
1271116771102	0	RECOG_CR_PRES	2	AUTOMOBILE	62	-999	P	729
1271116772169	1	RECOG_FEEDBACK	1
1271116772943	0	RECOG_PRES	2	NAPKIN	937	-999	P	1161
1271116774468	0	RECOG_CR_PRES	2	NAPKIN	937	-999	P	724
1271116775535	1	RECOG_FEEDBACK	1
1271116776277	0	RECOG_PRES	2	CHILD	299	-999	P	1682
1271116778326	0	RECOG_CR_PRES	2	CHILD	299	-999	P	730
1271116779410	1	RECOG_FEEDBACK	1
1271116780143	0	RECOG_PRES	2	TEENAGER	1444	-999	P	1281
1271116781793	0	RECOG_CR_PRES	2	TEENAGER	1444	-999	P	759
1271116782892	1	RECOG_FEEDBACK	1
1271116783643	0	RECOG_PRES	2	OZONE	996	-999	P	1573
1271116785593	0	RECOG_CR_PRES	2	OZONE	996	-999	P	759
1271116786717	1	RECOG_FEEDBACK	1
1271116787484	0	RECOG_PRES	2	MOP	916	-999	P	1676
1271116789534	0	RECOG_CR_PRES	2	MOP	916	-999	P	818
1271116790734	1	RECOG_FEEDBACK	1
1271116791534	0	RECOG_PRES	2	COMET	353	-999	P	1906
1271116793817	0	RECOG_CR_PRES	2	COMET	353	-999	P	679
1271116794849	1	RECOG_FEEDBACK	1
1271116795567	0	RECOG_PRES	2	STEAM	1375	-999	P	1505
1271116797442	0	RECOG_CR_PRES	2	STEAM	1375	-999	P	758
1271116798550	1	RECOG_FEEDBACK	1
1271116799325	0	RECOG_PRES	2	MEDICINE	886	-999	P	1586
1271116801275	0	RECOG_CR_PRES	2	MEDICINE	886	-999	P	725
1271116802375	1	RECOG_FEEDBACK	1
1271116803175	0	RECOG_PRES	2	SOLDIER	1344	-999	P	1625
1271116805174	0	RECOG_CR_PRES	2	SOLDIER	1344	-999	P	737
1271116806274	1	RECOG_FEEDBACK	1
1271116807049	0	RECOG_PRES	2	MOLECULE	905	-999	P	1615
1271116809041	0	RECOG_CR_PRES	2	MOLECULE	905	-999	P	783
1271116810191	1	RECOG_FEEDBACK	1
1271116815307	0	REST
1271116816151	1	REC_START
1271116816190	0	RECOG_PRES	3	SIBLING	1301	-999	P	1314
1271116817873	0	RECOG_CR_PRES	3	SIBLING	1301	-999	P	591
1271116818799	1	RECOG_FEEDBACK	0
1271116819557	0	RECOG_PRES	3	CROCODILE	411	-999	P	1067
1271116820997	0	RECOG_CR_PRES	3	CROCODILE	411	-999	P	699
1271116822032	1	RECOG_FEEDBACK	1
1271116822782	0	RECOG_PRES	3	AUTHOR	61	-999	P	1658
1271116824806	0	RECOG_CR_PRES	3	AUTHOR	61	-999	P	706
1271116825864	1	RECOG_FEEDBACK	1
1271116826690	0	RECOG_PRES	3	TUNA	1518	-999	P	1646
1271116828706	0	RECOG_CR_PRES	3	TUNA	1518	-999	P	742
1271116829798	1	RECOG_FEEDBACK	1
1271116830548	0	RECOG_PRES	3	HOSTAGE	722	-999	P	1908
1271116832830	0	RECOG_CR_PRES	3	HOSTAGE	722	-999	P	730
1271116833930	1	RECOG_FEEDBACK	1
1271116834681	0	RECOG_PRES	3	WINDSHIELD	1612	-999	P	1407
1271116836464	0	RECOG_CR_PRES	3	WINDSHIELD	1612	-999	P	720
1271116837522	1	RECOG_FEEDBACK	1
1271116838339	0	RECOG_PRES	3	MICROSCOPE	891	-999	P	1644
1271116840347	0	RECOG_CR_PRES	3	MICROSCOPE	891	-999	P	853
1271116841622	1	RECOG_FEEDBACK	1
1271116842372	0	RECOG_PRES	3	POSTAGE	1113	-999	P	1100
1271116843846	0	RECOG_CR_PRES	3	POSTAGE	1113	-999	P	610
1271116844805	1	RECOG_FEEDBACK	1
1271116845555	0	RECOG_PRES	3	PIN	1072	-999	P	1101
1271116847021	0	RECOG_CR_PRES	3	PIN	1072	-999	P	779
1271116848146	1	RECOG_FEEDBACK	1
1271116848904	0	RECOG_PRES	3	BUTTER	205	-999	P	1136
1271116850413	0	RECOG_CR_PRES	3	BUTTER	205	-999	P	641
1271116851429	1	RECOG_FEEDBACK	1
1271116852171	0	RECOG_PRES	3	POLITICIAN	1099	-999	P	1341
1271116853887	0	RECOG_CR_PRES	3	POLITICIAN	1099	-999	P	641
1271116854912	1	RECOG_FEEDBACK	1
1271116855654	0	RECOG_PRES	3	NOOSE	956	-999	P	1185
1271116857204	0	RECOG_CR_PRES	3	NOOSE	956	-999	P	648
1271116858212	1	RECOG_FEEDBACK	1
1271116858945	0	RECOG_PRES	3	VEST	1559	-999	P	1223
1271116860537	0	RECOG_CR_PRES	3	VEST	1559	-999	P	703
1271116861579	1	RECOG_FEEDBACK	1
1271116862404	0	RECOG_PRES	3	CABLE	213	-999	P	2164
1271116864936	0	RECOG_CR_PRES	3	CABLE	213	-999	P	760
1271116866053	1	RECOG_FEEDBACK	1
1271116866778	0	RECOG_PRES	3	CAP	236	-999	P	1982
1271116869136	0	RECOG_CR_PRES	3	CAP	236	-999	P	680
1271116870170	1	RECOG_FEEDBACK	1
1271116870969	0	RECOG_PRES	3	TRIANGLE	1504	-999	P	1159
1271116872503	0	RECOG_CR_PRES	3	TRIANGLE	1504	-999	P	641
1271116873495	1	RECOG_FEEDBACK	1
1271116874253	0	RECOG_PRES	3	NEPHEW	942	-999	P	1899
1271116876528	0	RECOG_CR_PRES	3	NEPHEW	942	-999	P	760
1271116877653	1	RECOG_FEEDBACK	1
1271116878378	0	RECOG_PRES	3	BRIEFCASE	175	-999	P	1501
1271116880244	0	RECOG_CR_PRES	3	BRIEFCASE	175	-999	P	619
1271116881227	1	RECOG_FEEDBACK	1
1271116882019	0	RECOG_PRES	3	PIE	1062	-999	P	1373
1271116883760	0	RECOG_CR_PRES	3	PIE	1062	-999	P	624
1271116884735	1	RECOG_FEEDBACK	1
1271116885527	0	RECOG_PRES	3	DUSTPAN	509	-999	P	1033
1271116886934	0	RECOG_CR_PRES	3	DUSTPAN	509	-999	P	682
1271116887926	1	RECOG_FEEDBACK	1
1271116892635	0	REST
1271116893553	1	REC_START
1271116893593	0	RECOG_PRES	4	ORNAMENT	985	-999	P	1903
1271116895867	0	RECOG_CR_PRES	4	ORNAMENT	985	-999	P	642
1271116896917	1	RECOG_FEEDBACK	1
1271116897651	0	RECOG_PRES	4	DIAPER	459	-999	P	1469
1271116899493	0	RECOG_CR_PRES	4	DIAPER	459	-999	P	619
1271116900459	1	RECOG_FEEDBACK	1
1271116901176	0	RECOG_PRES	4	KITE	779	-999	P	1136
1271116902684	0	RECOG_CR_PRES	4	KITE	779	-999	P	732
1271116903734	1	RECOG_FEEDBACK	0
1271116904534	0	RECOG_PRES	4	LABEL	790	-999	P	1449
1271116906350	0	RECOG_CR_PRES	4	LABEL	790	-999	P	722
1271116907467	1	RECOG_FEEDBACK	1
1271116908225	0	RECOG_PRES	4	GUEST	669	-999	P	1850
1271116910475	0	RECOG_CR_PRES	4	GUEST	669	-999	P	685
1271116911500	1	RECOG_FEEDBACK	1
1271116912242	0	RECOG_PRES	4	BRAKE	166	-999	P	1198
1271116913817	0	RECOG_CR_PRES	4	BRAKE	166	-999	P	711
1271116914849	1	RECOG_FEEDBACK	1
1271116915641	0	RECOG_PRES	4	RAKE	1164	-999	P	1246
1271116917250	0	RECOG_CR_PRES	4	RAKE	1164	-999	P	1006
1271116918608	1	RECOG_FEEDBACK	1
1271116919374	0	RECOG_PRES	4	COUSIN	392	-999	P	1378
1271116921124	0	RECOG_CR_PRES	4	COUSIN	392	-999	P	739
1271116922199	1	RECOG_FEEDBACK	1
1271116922907	0	RECOG_PRES	4	COMPANION	357	-999	P	1341
1271116924624	0	RECOG_CR_PRES	4	COMPANION	357	-999	P	680
1271116925649	1	RECOG_FEEDBACK	1
1271116926374	0	RECOG_PRES	4	SUPERVISOR	1410	-999	P	1362
1271116928107	0	RECOG_CR_PRES	4	SUPERVISOR	1410	-999	P	820
1271116929282	1	RECOG_FEEDBACK	1
1271116930049	0	RECOG_PRES	4	GUITAR	670	-999	P	1567
1271116931989	0	RECOG_CR_PRES	4	GUITAR	670	-999	P	675
1271116933007	1	RECOG_FEEDBACK	1
1271116933765	0	RECOG_PRES	4	POSSUM	1112	-999	P	1427
1271116935565	0	RECOG_CR_PRES	4	POSSUM	1112	-999	P	635
1271116936548	1	RECOG_FEEDBACK	0
1271116937348	0	RECOG_PRES	4	TAPE	1433	-999	P	1428
1271116939148	0	RECOG_CR_PRES	4	TAPE	1433	-999	P	641
1271116940148	1	RECOG_FEEDBACK	0
1271116940889	0	RECOG_PRES	4	PERSON	1052	-999	P	1351
1271116942614	0	RECOG_CR_PRES	4	PERSON	1052	-999	P	690
1271116943639	1	RECOG_FEEDBACK	0
1271116944381	0	RECOG_PRES	4	STRANGER	1389	-999	P	1683
1271116946439	0	RECOG_CR_PRES	4	STRANGER	1389	-999	P	609
1271116947389	1	RECOG_FEEDBACK	0
1271116948139	0	RECOG_PRES	4	GRILL	661	-999	P	1181
1271116949689	0	RECOG_CR_PRES	4	GRILL	661	-999	P	695
1271116950730	1	RECOG_FEEDBACK	1
1271116951489	0	RECOG_PRES	4	CRAB	397	-999	P	1255
1271116953114	0	RECOG_CR_PRES	4	CRAB	397	-999	P	813
1271116954289	1	RECOG_FEEDBACK	1
1271116955030	0	RECOG_PRES	4	ACTRESS	6	-999	P	1322
1271116956713	0	RECOG_CR_PRES	4	ACTRESS	6	-999	P	607
1271116957663	1	RECOG_FEEDBACK	1
1271116958472	0	RECOG_PRES	4	REINDEER	1181	-999	P	1112
1271116959954	0	RECOG_CR_PRES	4	REINDEER	1181	-999	P	642
1271116960970	1	RECOG_FEEDBACK	1
1271116961755	0	RECOG_PRES	4	FLEA	577	-999	P	1220
1271116963338	0	RECOG_CR_PRES	4	FLEA	577	-999	P	645
1271116964321	1	RECOG_FEEDBACK	1
1271116969246	0	REST
1271116970339	1	REC_START
1271116970371	0	RECOG_PRES	5	VEIN	1554	-999	P	1317
1271116972062	0	RECOG_CR_PRES	5	VEIN	1554	-999	P	833
1271116973237	1	RECOG_FEEDBACK	1
1271116974037	0	RECOG_PRES	5	CHECK	284	-999	P	1123
1271116975529	0	RECOG_CR_PRES	5	CHECK	284	-999	P	631
1271116976495	1	RECOG_FEEDBACK	1
1271116977262	0	RECOG_PRES	5	MAP	865	-999	P	1306
1271116978936	0	RECOG_CR_PRES	5	MAP	865	-999	P	752
1271116980045	1	RECOG_FEEDBACK	1
1271116980795	0	RECOG_PRES	5	LOOP	844	-999	P	1589
1271116982762	0	RECOG_CR_PRES	5	LOOP	844	-999	P	758
1271116983869	1	RECOG_FEEDBACK	1
1271116984628	0	RECOG_PRES	5	PRISONER	1128	-999	P	1203
1271116986203	0	RECOG_CR_PRES	5	PRISONER	1128	-999	P	724
1271116987269	1	RECOG_FEEDBACK	1
1271116988078	0	RECOG_PRES	5	UTENSIL	1542	-999	P	1322
1271116989769	0	RECOG_CR_PRES	5	UTENSIL	1542	-999	P	1015
1271116991128	1	RECOG_FEEDBACK	0
1271116991910	0	RECOG_PRES	5	INTESTINE	742	-999	P	1218
1271116993502	0	RECOG_CR_PRES	5	INTESTINE	742	-999	P	626
1271116994461	1	RECOG_FEEDBACK	1
1271116995186	0	RECOG_PRES	5	CARPENTER	246	-999	P	1398
1271116996959	0	RECOG_CR_PRES	5	CARPENTER	246	-999	P	529
1271116997827	1	RECOG_FEEDBACK	0
1271116998552	0	RECOG_PRES	5	SEAGULL	1261	-999	P	1272
1271117000185	0	RECOG_CR_PRES	5	SEAGULL	1261	-999	P	742
1271117001277	1	RECOG_FEEDBACK	1
1271117002018	0	RECOG_PRES	5	BALLOT	76	-999	P	1542
1271117003934	0	RECOG_CR_PRES	5	BALLOT	76	-999	P	626
1271117004917	1	RECOG_FEEDBACK	1
1271117005710	0	RECOG_PRES	5	PORT	1110	-999	P	1354
1271117007435	0	RECOG_CR_PRES	5	PORT	1110	-999	P	709
1271117008493	1	RECOG_FEEDBACK	1
1271117009285	0	RECOG_PRES	5	KEEPER	769	-999	P	1227
1271117010883	0	RECOG_CR_PRES	5	KEEPER	769	-999	P	589
1271117011809	1	RECOG_FEEDBACK	1
1271117012593	0	RECOG_PRES	5	EXPLOSION	544	-999	P	1175
1271117014142	0	RECOG_CR_PRES	5	EXPLOSION	544	-999	P	769
1271117015242	1	RECOG_FEEDBACK	1
1271117015991	0	RECOG_PRES	5	MOOSE	915	-999	P	1209
1271117017576	0	RECOG_CR_PRES	5	MOOSE	915	-999	P	744
1271117018659	1	RECOG_FEEDBACK	1
1271117019434	0	RECOG_PRES	5	MOTEL	919	-999	P	1206
1271117021009	0	RECOG_CR_PRES	5	MOTEL	919	-999	P	783
1271117022142	1	RECOG_FEEDBACK	1
1271117022882	0	RECOG_PRES	5	SCALLOP	1242	-999	P	1222
1271117024475	0	RECOG_CR_PRES	5	SCALLOP	1242	-999	P	677
1271117025500	1	RECOG_FEEDBACK	1
1271117026233	0	RECOG_PRES	5	ATLAS	53	-999	P	1951
1271117028558	0	RECOG_CR_PRES	5	ATLAS	53	-999	P	602
1271117029508	1	RECOG_FEEDBACK	1
1271117030316	0	RECOG_PRES	5	JOINT	758	-999	P	1268
1271117031957	0	RECOG_CR_PRES	5	JOINT	758	-999	P	755
1271117033058	1	RECOG_FEEDBACK	1
1271117033848	0	RECOG_PRES	5	BEET	115	-999	P	1488
1271117035708	0	RECOG_CR_PRES	5	BEET	115	-999	P	556
1271117036599	1	RECOG_FEEDBACK	1
1271117037341	0	RECOG_PRES	5	CANDIDATE	228	-999	P	1283
1271117038998	0	RECOG_CR_PRES	5	CANDIDATE	228	-999	P	586
1271117039931	1	RECOG_FEEDBACK	1
1271117045324	0	REST
1271117046318	1	REC_START
1271117046349	0	RECOG_PRES	6	SUIT	1402	-999	P	1075
1271117047798	0	RECOG_CR_PRES	6	SUIT	1402	-999	P	522
1271117048657	1	RECOG_FEEDBACK	1
1271117049432	0	RECOG_PRES	6	CAULIFLOWER	262	-999	P	1328
1271117051131	0	RECOG_CR_PRES	6	CAULIFLOWER	262	-999	P	641
1271117052148	1	RECOG_FEEDBACK	1
1271117052905	0	RECOG_PRES	6	FELLOW	558	-999	P	1151
1271117054431	0	RECOG_CR_PRES	6	FELLOW	558	-999	P	713
1271117055489	1	RECOG_FEEDBACK	1
1271117056223	0	RECOG_PRES	6	RECEIPT	1173	-999	P	1289
1271117057880	0	RECOG_CR_PRES	6	RECEIPT	1173	-999	P	951
1271117059173	1	RECOG_FEEDBACK	0
1271117059905	0	RECOG_PRES	6	RULER	1216	-999	P	1287
1271117061564	0	RECOG_CR_PRES	6	RULER	1216	-999	P	772
1271117062672	1	RECOG_FEEDBACK	1
1271117063422	0	RECOG_PRES	6	WHEAT	1602	-999	P	1202
1271117064996	0	RECOG_CR_PRES	6	WHEAT	1602	-999	P	764
1271117066114	1	RECOG_FEEDBACK	1
1271117066838	0	RECOG_PRES	6	MARKER	870	-999	P	1145
1271117068347	0	RECOG_CR_PRES	6	MARKER	870	-999	P	765
1271117069455	1	RECOG_FEEDBACK	1
1271117070180	0	RECOG_PRES	6	ROD	1203	-999	P	1484
1271117072038	0	RECOG_CR_PRES	6	ROD	1203	-999	P	682
1271117073063	1	RECOG_FEEDBACK	1
1271117073837	0	RECOG_PRES	6	CACTUS	215	-999	P	1595
1271117075805	0	RECOG_CR_PRES	6	CACTUS	215	-999	P	641
1271117076837	1	RECOG_FEEDBACK	1
1271117077604	0	RECOG_PRES	6	HOOP	716	-999	P	1379
1271117079346	0	RECOG_CR_PRES	6	HOOP	716	-999	P	629
1271117080321	1	RECOG_FEEDBACK	0
1271117081063	0	RECOG_PRES	6	CATHEDRAL	260	-999	P	1625
1271117083062	0	RECOG_CR_PRES	6	CATHEDRAL	260	-999	P	746
1271117084162	1	RECOG_FEEDBACK	1
1271117084895	0	RECOG_PRES	6	BOSS	152	-999	P	1625
1271117086894	0	RECOG_CR_PRES	6	BOSS	152	-999	P	754
1271117088029	1	RECOG_FEEDBACK	1
1271117088795	0	RECOG_PRES	6	VIDEO	1564	-999	P	1357
1271117090529	0	RECOG_CR_PRES	6	VIDEO	1564	-999	P	639
1271117091520	1	RECOG_FEEDBACK	1
1271117092278	0	RECOG_PRES	6	PENDULUM	1043	-999	P	1258
1271117093911	0	RECOG_CR_PRES	6	PENDULUM	1043	-999	P	889
1271117095120	1	RECOG_FEEDBACK	1
1271117095836	0	RECOG_PRES	6	VIKING	1565	-999	P	1588
1271117097795	0	RECOG_CR_PRES	6	VIKING	1565	-999	P	693
1271117098835	1	RECOG_FEEDBACK	1
1271117099628	0	RECOG_PRES	6	BIRD	129	-999	P	1724
1271117101719	0	RECOG_CR_PRES	6	BIRD	129	-999	P	769
1271117102835	1	RECOG_FEEDBACK	0
1271117103544	0	RECOG_PRES	6	LIST	830	-999	P	1488
1271117105402	0	RECOG_CR_PRES	6	LIST	830	-999	P	782
1271117106561	1	RECOG_FEEDBACK	1
1271117107302	0	RECOG_PRES	6	WOLF	1619	-999	P	1298
1271117108976	0	RECOG_CR_PRES	6	WOLF	1619	-999	P	943
1271117110277	1	RECOG_FEEDBACK	1
1271117111052	0	RECOG_PRES	6	FOREHEAD	592	-999	P	1452
1271117112876	0	RECOG_CR_PRES	6	FOREHEAD	592	-999	P	852
1271117114102	1	RECOG_FEEDBACK	1
1271117114884	0	RECOG_PRES	6	CLAW	319	-999	P	1500
1271117116760	0	RECOG_CR_PRES	6	CLAW	319	-999	P	776
1271117117917	1	RECOG_FEEDBACK	1
1271117122160	0	REST
1271117123269	1	REC_START
1271117123301	0	RECOG_PRES	7	TUNNEL	1519	-999	P	1211
1271117124883	0	RECOG_CR_PRES	7	TUNNEL	1519	-999	P	741
1271117125975	1	RECOG_FEEDBACK	1
1271117126709	0	RECOG_PRES	7	DOLL	481	-999	P	1242
1271117128317	0	RECOG_CR_PRES	7	DOLL	481	-999	P	771
1271117129459	1	RECOG_FEEDBACK	1
1271117130234	0	RECOG_PRES	7	BUBBLE	183	-999	P	1733
1271117132334	0	RECOG_CR_PRES	7	BUBBLE	183	-999	P	698
1271117133425	1	RECOG_FEEDBACK	1
1271117134192	0	RECOG_PRES	7	CLASS	318	-999	P	1384
1271117135949	0	RECOG_CR_PRES	7	CLASS	318	-999	P	763
1271117137075	1	RECOG_FEEDBACK	1
1271117137832	0	RECOG_PRES	7	ROUGE	1213	-999	P	1320
1271117139525	0	RECOG_CR_PRES	7	ROUGE	1213	-999	P	787
1271117140667	1	RECOG_FEEDBACK	1
1271117141442	0	RECOG_PRES	7	MISTER	901	-999	P	1382
1271117143191	0	RECOG_CR_PRES	7	MISTER	901	-999	P	609
1271117144175	1	RECOG_FEEDBACK	1
1271117144915	0	RECOG_PRES	7	STEREO	1378	-999	P	1437
1271117146724	0	RECOG_CR_PRES	7	STEREO	1378	-999	P	796
1271117147873	1	RECOG_FEEDBACK	1
1271117148599	0	RECOG_PRES	7	PIGEON	1065	-999	P	1875
1271117150873	0	RECOG_CR_PRES	7	PIGEON	1065	-999	P	839
1271117152091	1	RECOG_FEEDBACK	1
1271117152807	0	RECOG_PRES	7	TULIP	1517	-999	P	1160
1271117154332	0	RECOG_CR_PRES	7	TULIP	1517	-999	P	648
1271117155365	1	RECOG_FEEDBACK	1
1271117156174	0	RECOG_PRES	7	CHAMPION	279	-999	P	1170
1271117157715	0	RECOG_CR_PRES	7	CHAMPION	279	-999	P	797
1271117158856	1	RECOG_FEEDBACK	1
1271117159573	0	RECOG_PRES	7	PILLOW	1069	-999	P	1467
1271117161415	0	RECOG_CR_PRES	7	PILLOW	1069	-999	P	833
1271117162598	1	RECOG_FEEDBACK	1
1271117163390	0	RECOG_PRES	7	BARREL	91	-999	P	2290
1271117166056	0	RECOG_CR_PRES	7	BARREL	91	-999	P	688
1271117167131	1	RECOG_FEEDBACK	0
1271117167864	0	RECOG_PRES	7	MOUSE	925	-999	P	1536
1271117169764	0	RECOG_CR_PRES	7	MOUSE	925	-999	P	764
1271117170880	1	RECOG_FEEDBACK	1
1271117171631	0	RECOG_PRES	7	SKELETON	1314	-999	P	1248
1271117173247	0	RECOG_CR_PRES	7	SKELETON	1314	-999	P	793
1271117174397	1	RECOG_FEEDBACK	1
1271117175131	0	RECOG_PRES	7	TILE	1468	-999	P	1909
1271117177414	0	RECOG_CR_PRES	7	TILE	1468	-999	P	682
1271117178455	1	RECOG_FEEDBACK	0
1271117179222	0	RECOG_PRES	7	CABIN	211	-999	P	1721
1271117181305	0	RECOG_CR_PRES	7	CABIN	211	-999	P	775
1271117182430	1	RECOG_FEEDBACK	1
1271117183188	0	RECOG_PRES	7	CAT	257	-999	P	1428
1271117184987	0	RECOG_CR_PRES	7	CAT	257	-999	P	642
1271117186013	1	RECOG_FEEDBACK	1
1271117186755	0	RECOG_PRES	7	CASH	252	-999	P	1188
1271117188305	0	RECOG_CR_PRES	7	CASH	252	-999	P	791
1271117189438	1	RECOG_FEEDBACK	1
1271117190230	0	RECOG_PRES	7	STAIRS	1367	-999	P	1346
1271117191945	0	RECOG_CR_PRES	7	STAIRS	1367	-999	P	783
1271117193088	1	RECOG_FEEDBACK	1
1271117193878	0	RECOG_PRES	7	TREASURE	1500	-999	P	1258
1271117195513	0	RECOG_CR_PRES	7	TREASURE	1500	-999	P	640
1271117196521	1	RECOG_FEEDBACK	1
1271117203504	0	REST
1271117204461	1	REC_START
1271117204495	0	RECOG_PRES	8	SYRUP	1425	-999	P	1376
1271117206237	0	RECOG_CR_PRES	8	SYRUP	1425	-999	P	594
1271117207187	1	RECOG_FEEDBACK	1
1271117207902	0	RECOG_PRES	8	RAZOR	1171	-999	P	1089
1271117209362	0	RECOG_CR_PRES	8	RAZOR	1171	-999	P	710
1271117210411	1	RECOG_FEEDBACK	1
1271117211211	0	RECOG_PRES	8	COMMITTEE	355	-999	P	1301
1271117212885	0	RECOG_CR_PRES	8	COMMITTEE	355	-999	P	723
1271117213960	1	RECOG_FEEDBACK	1
1271117214736	0	RECOG_PRES	8	PAPER	1011	-999	P	1512
1271117216619	0	RECOG_CR_PRES	8	PAPER	1011	-999	P	641
1271117217644	1	RECOG_FEEDBACK	1
1271117218361	0	RECOG_PRES	8	JURY	766	-999	P	1327
1271117220052	0	RECOG_CR_PRES	8	JURY	766	-999	P	644
1271117221052	1	RECOG_FEEDBACK	1
1271117221851	0	RECOG_PRES	8	PENNY	1045	-999	P	1253
1271117223477	0	RECOG_CR_PRES	8	PENNY	1045	-999	P	731
1271117224544	1	RECOG_FEEDBACK	1
1271117225285	0	RECOG_PRES	8	CREATURE	403	-999	P	1363
1271117227019	0	RECOG_CR_PRES	8	CREATURE	403	-999	P	640
1271117228043	1	RECOG_FEEDBACK	1
1271117228760	0	RECOG_PRES	8	MAGNET	855	-999	P	1480
1271117230610	0	RECOG_CR_PRES	8	MAGNET	855	-999	P	710
1271117231685	1	RECOG_FEEDBACK	1
1271117232443	0	RECOG_PRES	8	HALL	677	-999	P	1849
1271117234693	0	RECOG_CR_PRES	8	HALL	677	-999	P	699
1271117235743	1	RECOG_FEEDBACK	0
1271117236551	0	RECOG_PRES	8	LIGHTER	819	-999	P	1209
1271117238134	0	RECOG_CR_PRES	8	LIGHTER	819	-999	P	697
1271117239168	1	RECOG_FEEDBACK	1
1271117239967	0	RECOG_PRES	8	IDOL	733	-999	P	1209
1271117241542	0	RECOG_CR_PRES	8	IDOL	733	-999	P	714
1271117242609	1	RECOG_FEEDBACK	1
1271117243342	0	RECOG_PRES	8	SNACK	1331	-999	P	1178
1271117244891	0	RECOG_CR_PRES	8	SNACK	1331	-999	P	861
1271117246100	1	RECOG_FEEDBACK	1
1271117246809	0	RECOG_PRES	8	ULCER	1533	-999	P	1495
1271117248675	0	RECOG_CR_PRES	8	ULCER	1533	-999	P	853
1271117249899	1	RECOG_FEEDBACK	1
1271117250608	0	RECOG_PRES	8	NIGHTGOWN	953	-999	P	1319
1271117252292	0	RECOG_CR_PRES	8	NIGHTGOWN	953	-999	P	740
1271117253375	1	RECOG_FEEDBACK	1
1271117254125	0	RECOG_PRES	8	SWING	1421	-999	P	1515
1271117256016	0	RECOG_CR_PRES	8	SWING	1421	-999	P	831
1271117257216	1	RECOG_FEEDBACK	1
1271117257924	0	RECOG_PRES	8	SISTER	1312	-999	P	1116
1271117259416	0	RECOG_CR_PRES	8	SISTER	1312	-999	P	896
1271117260633	1	RECOG_FEEDBACK	1
1271117261408	0	RECOG_PRES	8	PRUNE	1134	-999	P	1168
1271117262948	0	RECOG_CR_PRES	8	PRUNE	1134	-999	P	756
1271117264041	1	RECOG_FEEDBACK	1
1271117264824	0	RECOG_PRES	8	MAJOR	859	-999	P	1184
1271117266382	0	RECOG_CR_PRES	8	MAJOR	859	-999	P	762
1271117267491	1	RECOG_FEEDBACK	1
1271117268241	0	RECOG_PRES	8	CLOUD	328	-999	P	1927
1271117270540	0	RECOG_CR_PRES	8	CLOUD	328	-999	P	756
1271117271657	1	RECOG_FEEDBACK	1
1271117272432	0	RECOG_PRES	8	PLASTER	1085	-999	P	1728
1271117274532	0	RECOG_CR_PRES	8	PLASTER	1085	-999	P	740
1271117275607	1	RECOG_FEEDBACK	1
1271117288214	0	REST
1271117289166	1	REC_START
1271117289197	0	RECOG_PRES	9	ENGINE	535	-999	P	1603
1271117291180	0	RECOG_CR_PRES	9	ENGINE	535	-999	P	884
1271117292422	1	RECOG_FEEDBACK	1
1271117293189	0	RECOG_PRES	9	NECK	939	-999	P	1563
1271117295113	0	RECOG_CR_PRES	9	NECK	939	-999	P	559
1271117296030	1	RECOG_FEEDBACK	1
1271117296747	0	RECOG_PRES	9	PEACH	1031	-999	P	1309
1271117298430	0	RECOG_CR_PRES	9	PEACH	1031	-999	P	594
1271117299363	1	RECOG_FEEDBACK	1
1271117300105	0	RECOG_PRES	9	MEAL	882	-999	P	1335
1271117301813	0	RECOG_CR_PRES	9	MEAL	882	-999	P	675
1271117302837	1	RECOG_FEEDBACK	1
1271117303571	0	RECOG_PRES	9	BLUEJAY	141	-999	P	1477
1271117305421	0	RECOG_CR_PRES	9	BLUEJAY	141	-999	P	611
1271117306379	1	RECOG_FEEDBACK	1
1271117307163	0	RECOG_PRES	9	VISITOR	1573	-999	P	1605
1271117309137	0	RECOG_CR_PRES	9	VISITOR	1573	-999	P	631
1271117310104	1	RECOG_FEEDBACK	1
1271117310870	0	RECOG_PRES	9	TOTE	1487	-999	P	1842
1271117313112	0	RECOG_CR_PRES	9	TOTE	1487	-999	P	624
1271117314095	1	RECOG_FEEDBACK	1
1271117314828	0	RECOG_PRES	9	SENATE	1267	-999	P	1260
1271117316462	0	RECOG_CR_PRES	9	SENATE	1267	-999	P	690
1271117317503	1	RECOG_FEEDBACK	1
1271117318287	0	RECOG_PRES	9	GRAVEL	659	-999	P	1201
1271117319861	0	RECOG_CR_PRES	9	GRAVEL	659	-999	P	723
1271117320927	1	RECOG_FEEDBACK	1
1271117321736	0	RECOG_PRES	9	RODENT	1204	-999	P	1175
1271117323278	0	RECOG_CR_PRES	9	RODENT	1204	-999	P	810
1271117324436	1	RECOG_FEEDBACK	1
1271117325178	0	RECOG_PRES	9	WORM	1623	-999	P	1789
1271117327336	0	RECOG_CR_PRES	9	WORM	1623	-999	P	631
1271117328328	1	RECOG_FEEDBACK	0
1271117329061	0	RECOG_PRES	9	DIME	466	-999	P	1595
1271117331028	0	RECOG_CR_PRES	9	DIME	466	-999	P	676
1271117332052	1	RECOG_FEEDBACK	0
1271117332811	0	RECOG_PRES	9	DOCUMENT	479	-999	P	1325
1271117334511	0	RECOG_CR_PRES	9	DOCUMENT	479	-999	P	640
1271117335511	1	RECOG_FEEDBACK	1
1271117336285	0	RECOG_PRES	9	FORK	594	-999	P	1475
1271117338135	0	RECOG_CR_PRES	9	FORK	594	-999	P	593
1271117339077	1	RECOG_FEEDBACK	1
1271117339827	0	RECOG_PRES	9	VAN	1548	-999	P	1164
1271117341368	0	RECOG_CR_PRES	9	VAN	1548	-999	P	591
1271117342293	1	RECOG_FEEDBACK	1
1271117343027	0	RECOG_PRES	9	COMPASS	358	-999	P	2029
1271117345426	0	RECOG_CR_PRES	9	COMPASS	358	-999	P	870
1271117346676	1	RECOG_FEEDBACK	0
1271117347426	0	RECOG_PRES	9	WHALE	1601	-999	P	1110
1271117348909	0	RECOG_CR_PRES	9	WHALE	1601	-999	P	739
1271117349992	1	RECOG_FEEDBACK	1
1271117350784	0	RECOG_PRES	9	CARNIVAL	245	-999	P	1167
1271117352318	0	RECOG_CR_PRES	9	CARNIVAL	245	-999	P	1034
1271117353693	1	RECOG_FEEDBACK	1
1271117354434	0	RECOG_PRES	9	OWNER	993	-999	P	1198
1271117356001	0	RECOG_CR_PRES	9	OWNER	993	-999	P	775
1271117357134	1	RECOG_FEEDBACK	1
1271117357858	0	RECOG_PRES	9	CHAIN	273	-999	P	1166
1271117359400	0	RECOG_CR_PRES	9	CHAIN	273	-999	P	888
1271117360634	1	RECOG_FEEDBACK	1
1271117362908	0	REST
1271117363852	1	REC_START
1271117363891	0	RECOG_PRES	10	GARDEN	623	-999	P	1197
1271117365458	0	RECOG_CR_PRES	10	GARDEN	623	-999	P	950
1271117366758	1	RECOG_FEEDBACK	0
1271117367483	0	RECOG_PRES	10	DESK	452	-999	P	1237
1271117369091	0	RECOG_CR_PRES	10	DESK	452	-999	P	605
1271117370025	1	RECOG_FEEDBACK	1
1271117370791	0	RECOG_PRES	10	RAT	1169	-999	P	1096
1271117372249	0	RECOG_CR_PRES	10	RAT	1169	-999	P	718
1271117373316	1	RECOG_FEEDBACK	1
1271117374091	0	RECOG_PRES	10	QUEEN	1149	-999	P	1013
1271117375474	0	RECOG_CR_PRES	10	QUEEN	1149	-999	P	742
1271117376558	1	RECOG_FEEDBACK	1
1271117377274	0	RECOG_PRES	10	TOMBSTONE	1478	-999	P	1734
1271117379382	0	RECOG_CR_PRES	10	TOMBSTONE	1478	-999	P	601
1271117380332	1	RECOG_FEEDBACK	1
1271117381074	0	RECOG_PRES	10	WASHCLOTH	1591	-999	P	1598
1271117383049	0	RECOG_CR_PRES	10	WASHCLOTH	1591	-999	P	814
1271117384215	1	RECOG_FEEDBACK	1
1271117385007	0	RECOG_PRES	10	BARK	87	-999	P	1481
1271117386864	0	RECOG_CR_PRES	10	BARK	87	-999	P	688
1271117387881	1	RECOG_FEEDBACK	1
1271117388590	0	RECOG_PRES	10	APE	31	-999	P	2194
1271117391156	0	RECOG_CR_PRES	10	APE	31	-999	P	763
1271117392281	1	RECOG_FEEDBACK	1
1271117393048	0	RECOG_PRES	10	WAND	1586	-999	P	1871
1271117395281	0	RECOG_CR_PRES	10	WAND	1586	-999	P	574
1271117396214	1	RECOG_FEEDBACK	1
1271117396922	0	RECOG_PRES	10	ASTRONAUT	51	-999	P	1949
1271117399239	0	RECOG_CR_PRES	10	ASTRONAUT	51	-999	P	897
1271117400489	1	RECOG_FEEDBACK	0
1271117401264	0	RECOG_PRES	10	DUCK	504	-999	P	1240
1271117402880	0	RECOG_CR_PRES	10	DUCK	504	-999	P	640
1271117403871	1	RECOG_FEEDBACK	1
1271117404672	0	RECOG_PRES	10	SCREW	1254	-999	P	2295
1271117407330	0	RECOG_CR_PRES	10	SCREW	1254	-999	P	926
1271117408647	1	RECOG_FEEDBACK	1
1271117409380	0	RECOG_PRES	10	CAN	225	-999	P	3924
1271117413671	0	RECOG_CR_PRES	10	CAN	225	-999	P	793
1271117414862	1	RECOG_FEEDBACK	1
1271117415588	0	RECOG_PRES	10	MILDEW	893	-999	P	1275
1271117417230	0	RECOG_CR_PRES	10	MILDEW	893	-999	P	681
1271117418246	1	RECOG_FEEDBACK	1
1271117419046	0	RECOG_PRES	10	BARLEY	88	-999	P	1170
1271117420588	0	RECOG_CR_PRES	10	BARLEY	88	-999	P	692
1271117421613	1	RECOG_FEEDBACK	1
1271117422379	0	RECOG_PRES	10	MERMAID	887	-999	P	2165
1271117424920	0	RECOG_CR_PRES	10	MERMAID	887	-999	P	600
1271117425886	1	RECOG_FEEDBACK	1
1271117426612	0	RECOG_PRES	10	KEG	770	-999	P	1180
1271117428162	0	RECOG_CR_PRES	10	KEG	770	-999	P	717
1271117429212	1	RECOG_FEEDBACK	1
1271117429986	0	RECOG_PRES	10	ELECTRON	522	-999	P	2574
1271117432936	0	RECOG_CR_PRES	10	ELECTRON	522	-999	P	600
1271117433927	1	RECOG_FEEDBACK	1
1271117434695	0	RECOG_PRES	10	BANDAGE	79	-999	P	1329
1271117436386	0	RECOG_CR_PRES	10	BANDAGE	79	-999	P	846
1271117437578	1	RECOG_FEEDBACK	1
1271117438378	0	RECOG_PRES	10	PLUMBER	1091	-999	P	958
1271117439711	0	RECOG_CR_PRES	10	PLUMBER	1091	-999	P	697
1271117440728	1	RECOG_FEEDBACK	1
1271117453669	0	REST
1271117454806	1	REC_START
1271117454834	0	RECOG_PRES	11	HOSE	720	-999	P	1846
1271117457052	0	RECOG_CR_PRES	11	HOSE	720	-999	P	636
1271117458051	1	RECOG_FEEDBACK	0
1271117458760	0	RECOG_PRES	11	CHAMPAGNE	278	-999	P	1175
1271117460301	0	RECOG_CR_PRES	11	CHAMPAGNE	278	-999	P	594
1271117461243	1	RECOG_FEEDBACK	1
1271117461975	0	RECOG_PRES	11	ATOM	55	-999	P	1121
1271117463459	0	RECOG_CR_PRES	11	ATOM	55	-999	P	557
1271117464351	1	RECOG_FEEDBACK	1
1271117465159	0	RECOG_PRES	11	PLAID	1080	-999	P	1089
1271117466618	0	RECOG_CR_PRES	11	PLAID	1080	-999	P	678
1271117467626	1	RECOG_FEEDBACK	1
1271117468359	0	RECOG_PRES	11	JOURNAL	760	-999	P	1480
1271117470201	0	RECOG_CR_PRES	11	JOURNAL	760	-999	P	615
1271117471167	1	RECOG_FEEDBACK	1
1271117471891	0	RECOG_PRES	11	SCARECROW	1245	-999	P	1477
1271117473742	0	RECOG_CR_PRES	11	SCARECROW	1245	-999	P	626
1271117474709	1	RECOG_FEEDBACK	1
1271117475484	0	RECOG_PRES	11	THIEF	1456	-999	P	1156
1271117477008	0	RECOG_CR_PRES	11	THIEF	1456	-999	P	592
1271117477932	1	RECOG_FEEDBACK	1
1271117478667	0	RECOG_PRES	11	AMBULANCE	19	-999	P	1164
1271117480200	0	RECOG_CR_PRES	11	AMBULANCE	19	-999	P	560
1271117481100	1	RECOG_FEEDBACK	1
1271117481832	0	RECOG_PRES	11	BODY	145	-999	P	1875
1271117484108	0	RECOG_CR_PRES	11	BODY	145	-999	P	572
1271117485016	1	RECOG_FEEDBACK	0
1271117485791	0	RECOG_PRES	11	SQUIRREL	1362	-999	P	1289
1271117487449	0	RECOG_CR_PRES	11	SQUIRREL	1362	-999	P	607
1271117488416	1	RECOG_FEEDBACK	1
1271117489166	0	RECOG_PRES	11	CHIPMUNK	304	-999	P	1146
1271117490682	0	RECOG_CR_PRES	11	CHIPMUNK	304	-999	P	710
1271117491716	1	RECOG_FEEDBACK	1
1271117492491	0	RECOG_PRES	11	ARROW	40	-999	P	1436
1271117494290	0	RECOG_CR_PRES	11	ARROW	40	-999	P	649
1271117495307	1	RECOG_FEEDBACK	1
1271117496090	0	RECOG_PRES	11	AUDIENCE	59	-999	P	2022
1271117498482	0	RECOG_CR_PRES	11	AUDIENCE	59	-999	P	534
1271117499398	1	RECOG_FEEDBACK	1
1271117500165	0	RECOG_PRES	11	KITCHEN	778	-999	P	1419
1271117501956	0	RECOG_CR_PRES	11	KITCHEN	778	-999	P	676
1271117502972	1	RECOG_FEEDBACK	1
1271117503681	0	RECOG_PRES	11	GOVERNOR	651	-999	P	1351
1271117505406	0	RECOG_CR_PRES	11	GOVERNOR	651	-999	P	714
1271117506465	1	RECOG_FEEDBACK	1
1271117507215	0	RECOG_PRES	11	PROFESSOR	1131	-999	P	1752
1271117509331	0	RECOG_CR_PRES	11	PROFESSOR	1131	-999	P	648
1271117510373	1	RECOG_FEEDBACK	0
1271117511123	0	RECOG_PRES	11	SIRLOIN	1311	-999	P	1301
1271117512797	0	RECOG_CR_PRES	11	SIRLOIN	1311	-999	P	979
1271117514122	1	RECOG_FEEDBACK	1
1271117514896	0	RECOG_PRES	11	STAR	1373	-999	P	1104
1271117516372	0	RECOG_CR_PRES	11	STAR	1373	-999	P	740
1271117517447	1	RECOG_FEEDBACK	1
1271117518222	0	RECOG_PRES	11	SCREWDRIVER	1255	-999	P	2466
1271117521064	0	RECOG_CR_PRES	11	SCREWDRIVER	1255	-999	P	640
1271117522097	1	RECOG_FEEDBACK	1
1271117522854	0	RECOG_PRES	11	JUG	762	-999	P	1041
1271117524272	0	RECOG_CR_PRES	11	JUG	762	-999	P	631
1271117525238	1	RECOG_FEEDBACK	1
1271117528255	0	REST
1271117529250	1	REC_START
1271117529288	0	RECOG_PRES	12	MONSTER	912	-999	P	1575
1271117531229	0	RECOG_CR_PRES	12	MONSTER	912	-999	P	995
1271117532579	1	RECOG_FEEDBACK	1
1271117533338	0	RECOG_PRES	12	CLIPPERS	324	-999	P	1182
1271117534895	0	RECOG_CR_PRES	12	CLIPPERS	324	-999	P	617
1271117535853	1	RECOG_FEEDBACK	1
1271117536629	0	RECOG_PRES	12	CITIZEN	312	-999	P	2202
1271117539196	0	RECOG_CR_PRES	12	CITIZEN	312	-999	P	596
1271117540145	1	RECOG_FEEDBACK	0
1271117540903	0	RECOG_PRES	12	GUM	672	-999	P	1225
1271117542504	0	RECOG_CR_PRES	12	GUM	672	-999	P	592
1271117543437	1	RECOG_FEEDBACK	1
1271117544212	0	RECOG_PRES	12	SAND	1230	-999	P	1132
1271117545720	0	RECOG_CR_PRES	12	SAND	1230	-999	P	704
1271117546762	1	RECOG_FEEDBACK	1
1271117547553	0	RECOG_PRES	12	LABYRINTH	791	-999	P	1294
1271117549211	0	RECOG_CR_PRES	12	LABYRINTH	791	-999	P	613
1271117550153	1	RECOG_FEEDBACK	1
1271117550902	0	RECOG_PRES	12	PAD	998	-999	P	1802
1271117553069	0	RECOG_CR_PRES	12	PAD	998	-999	P	579
1271117554003	1	RECOG_FEEDBACK	1
1271117554778	0	RECOG_PRES	12	PAVEMENT	1028	-999	P	1374
1271117556528	0	RECOG_CR_PRES	12	PAVEMENT	1028	-999	P	672
1271117557544	1	RECOG_FEEDBACK	0
1271117558278	0	RECOG_PRES	12	LAMB	797	-999	P	1290
1271117559943	0	RECOG_CR_PRES	12	LAMB	797	-999	P	833
1271117561136	1	RECOG_FEEDBACK	1
1271117561851	0	RECOG_PRES	12	SHEEP	1278	-999	P	1245
1271117563460	0	RECOG_CR_PRES	12	SHEEP	1278	-999	P	612
1271117564410	1	RECOG_FEEDBACK	0
1271117565210	0	RECOG_PRES	12	MONGOOSE	909	-999	P	1741
1271117567327	0	RECOG_CR_PRES	12	MONGOOSE	909	-999	P	608
1271117568310	1	RECOG_FEEDBACK	1
1271117569027	0	RECOG_PRES	12	CAKE	219	-999	P	1597
1271117570992	0	RECOG_CR_PRES	12	CAKE	219	-999	P	608
1271117571984	1	RECOG_FEEDBACK	0
1271117572760	0	RECOG_PRES	12	BUFFALO	186	-999	P	1512
1271117574643	0	RECOG_CR_PRES	12	BUFFALO	186	-999	P	621
1271117575601	1	RECOG_FEEDBACK	0
1271117576376	0	RECOG_PRES	12	HEADBAND	696	-999	P	1304
1271117578051	0	RECOG_CR_PRES	12	HEADBAND	696	-999	P	641
1271117579068	1	RECOG_FEEDBACK	1
1271117579867	0	RECOG_PRES	12	MACHINE	852	-999	P	1173
1271117581409	0	RECOG_CR_PRES	12	MACHINE	852	-999	P	591
1271117582334	1	RECOG_FEEDBACK	1
1271117583067	0	RECOG_PRES	12	MACARONI	851	-999	P	1565
1271117585009	0	RECOG_CR_PRES	12	MACARONI	851	-999	P	687
1271117586042	1	RECOG_FEEDBACK	1
1271117586833	0	RECOG_PRES	12	GYMNAST	675	-999	P	1359
1271117588567	0	RECOG_CR_PRES	12	GYMNAST	675	-999	P	737
1271117589642	1	RECOG_FEEDBACK	1
1271117590417	0	RECOG_PRES	12	PHILOSOPHER	1054	-999	P	1319
1271117592108	0	RECOG_CR_PRES	12	PHILOSOPHER	1054	-999	P	708
1271117593150	1	RECOG_FEEDBACK	1
1271117593990	0	RECOG_PRES	12	CURB	426	-999	P	2114
1271117596475	0	RECOG_CR_PRES	12	CURB	426	-999	P	640
1271117597508	1	RECOG_FEEDBACK	1
1271117598300	0	RECOG_PRES	12	IGLOO	734	-999	P	1188
1271117599857	0	RECOG_CR_PRES	12	IGLOO	734	-999	P	687
1271117600882	1	RECOG_FEEDBACK	1
1271117637738	0	REST
1271117638556	1	REC_START
1271117638588	0	RECOG_PRES	13	PAN	1008	-999	P	1428
1271117640388	0	RECOG_CR_PRES	13	PAN	1008	-999	P	641
1271117641405	1	RECOG_FEEDBACK	1
1271117642196	0	RECOG_PRES	13	ABDOMEN	1	-999	P	1324
1271117643895	0	RECOG_CR_PRES	13	ABDOMEN	1	-999	P	585
1271117644845	1	RECOG_FEEDBACK	1
1271117645604	0	RECOG_PRES	13	MARGARINE	868	-999	P	1500
1271117647479	0	RECOG_CR_PRES	13	MARGARINE	868	-999	P	641
1271117648496	1	RECOG_FEEDBACK	1
1271117649246	0	RECOG_PRES	13	COFFIN	342	-999	P	1434
1271117651054	0	RECOG_CR_PRES	13	COFFIN	342	-999	P	626
1271117652012	1	RECOG_FEEDBACK	1
1271117652787	0	RECOG_PRES	13	COLOGNE	347	-999	P	1277
1271117654437	0	RECOG_CR_PRES	13	COLOGNE	347	-999	P	564
1271117655345	1	RECOG_FEEDBACK	1
1271117656104	0	RECOG_PRES	13	TAIL	1430	-999	P	1735
1271117658203	0	RECOG_CR_PRES	13	TAIL	1430	-999	P	649
1271117659228	1	RECOG_FEEDBACK	1
1271117660028	0	RECOG_PRES	13	DEPUTY	450	-999	P	1404
1271117661803	0	RECOG_CR_PRES	13	DEPUTY	450	-999	P	629
1271117662761	1	RECOG_FEEDBACK	1
1271117663461	0	RECOG_PRES	13	CAVITY	264	-999	P	1235
1271117665070	0	RECOG_CR_PRES	13	CAVITY	264	-999	P	640
1271117666078	1	RECOG_FEEDBACK	1
1271117666803	0	RECOG_PRES	13	SCAPEGOAT	1244	-999	P	1789
1271117668960	0	RECOG_CR_PRES	13	SCAPEGOAT	1244	-999	P	608
1271117669910	1	RECOG_FEEDBACK	0
1271117670669	0	RECOG_PRES	13	ROPE	1211	-999	P	1306
1271117672344	0	RECOG_CR_PRES	13	ROPE	1211	-999	P	567
1271117673244	1	RECOG_FEEDBACK	0
1271117674036	0	RECOG_PRES	13	GORILLA	650	-999	P	2140
1271117676552	0	RECOG_CR_PRES	13	GORILLA	650	-999	P	480
1271117677402	1	RECOG_FEEDBACK	0
1271117678152	0	RECOG_PRES	13	ZOO	1637	-999	P	1224
1271117679752	0	RECOG_CR_PRES	13	ZOO	1637	-999	P	704
1271117680802	1	RECOG_FEEDBACK	1
1271117681543	0	RECOG_PRES	13	SCENERY	1247	-999	P	1352
1271117683260	0	RECOG_CR_PRES	13	SCENERY	1247	-999	P	587
1271117684177	1	RECOG_FEEDBACK	0
1271117684967	0	RECOG_PRES	13	DOCK	477	-999	P	1249
1271117686593	0	RECOG_CR_PRES	13	DOCK	477	-999	P	599
1271117687518	1	RECOG_FEEDBACK	1
1271117688260	0	RECOG_PRES	13	AGENT	10	-999	P	1444
1271117690076	0	RECOG_CR_PRES	13	AGENT	10	-999	P	684
1271117691126	1	RECOG_FEEDBACK	1
1271117691933	0	RECOG_PRES	13	DIPLOMA	470	-999	P	1659
1271117693966	0	RECOG_CR_PRES	13	DIPLOMA	470	-999	P	554
1271117694883	1	RECOG_FEEDBACK	1
1271117695642	0	RECOG_PRES	13	FRIES	607	-999	P	1566
1271117697584	0	RECOG_CR_PRES	13	FRIES	607	-999	P	528
1271117698450	1	RECOG_FEEDBACK	1
1271117699167	0	RECOG_PRES	13	FINGERNAIL	568	-999	P	1249
1271117700792	0	RECOG_CR_PRES	13	FINGERNAIL	568	-999	P	608
1271117701734	1	RECOG_FEEDBACK	1
1271117702475	0	RECOG_PRES	13	RADISH	1158	-999	P	1197
1271117704042	0	RECOG_CR_PRES	13	RADISH	1158	-999	P	641
1271117705042	1	RECOG_FEEDBACK	1
1271117705808	0	RECOG_PRES	13	SHOULDER	1294	-999	P	1240
1271117707425	0	RECOG_CR_PRES	13	SHOULDER	1294	-999	P	767
1271117708533	1	RECOG_FEEDBACK	1
1271117711241	0	REST
1271117712117	1	REC_START
1271117712149	0	RECOG_PRES	14	TEA	1439	-999	P	1099
1271117713624	0	RECOG_CR_PRES	14	TEA	1439	-999	P	776
1271117714724	1	RECOG_FEEDBACK	1
1271117715516	0	RECOG_PRES	14	BAIT	70	-999	P	1052
1271117716940	0	RECOG_CR_PRES	14	BAIT	70	-999	P	899
1271117718182	1	RECOG_FEEDBACK	1
1271117718948	0	RECOG_PRES	14	BAG	69	-999	P	1300
1271117720624	0	RECOG_CR_PRES	14	BAG	69	-999	P	888
1271117721856	1	RECOG_FEEDBACK	1
1271117722657	0	RECOG_PRES	14	COOLER	375	-999	P	1254
1271117724274	0	RECOG_CR_PRES	14	COOLER	375	-999	P	886
1271117725507	1	RECOG_FEEDBACK	1
1271117726323	0	RECOG_PRES	14	IRON	744	-999	P	1677
1271117728373	0	RECOG_CR_PRES	14	IRON	744	-999	P	715
1271117729440	1	RECOG_FEEDBACK	1
1271117730190	0	RECOG_PRES	14	SHRINE	1298	-999	P	1290
1271117731855	0	RECOG_CR_PRES	14	SHRINE	1298	-999	P	689
1271117732872	1	RECOG_FEEDBACK	0
1271117733665	0	RECOG_PRES	14	CHALK	276	-999	P	1095
1271117735131	0	RECOG_CR_PRES	14	CHALK	276	-999	P	613
1271117736073	1	RECOG_FEEDBACK	0
1271117736806	0	RECOG_PRES	14	LAGOON	795	-999	P	1282
1271117738464	0	RECOG_CR_PRES	14	LAGOON	795	-999	P	1224
1271117740031	1	RECOG_FEEDBACK	1
1271117740814	0	RECOG_PRES	14	RIB	1188	-999	P	1210
1271117742397	0	RECOG_CR_PRES	14	RIB	1188	-999	P	1083
1271117743822	1	RECOG_FEEDBACK	1
1271117744622	0	RECOG_PRES	14	TECHNICIAN	1443	-999	P	1241
1271117746230	0	RECOG_CR_PRES	14	TECHNICIAN	1443	-999	P	866
1271117747439	1	RECOG_FEEDBACK	1
1271117748188	0	RECOG_PRES	14	HAND	683	-999	P	1396
1271117749954	0	RECOG_CR_PRES	14	HAND	683	-999	P	1158
1271117751480	1	RECOG_FEEDBACK	1
1271117752221	0	RECOG_PRES	14	ATTIRE	57	-999	P	1475
1271117754071	0	RECOG_CR_PRES	14	ATTIRE	57	-999	P	864
1271117755305	1	RECOG_FEEDBACK	1
1271117756088	0	RECOG_PRES	14	MANSION	864	-999	P	1168
1271117757629	0	RECOG_CR_PRES	14	MANSION	864	-999	P	979
1271117758945	1	RECOG_FEEDBACK	1
1271117759671	0	RECOG_PRES	14	THUMB	1462	-999	P	1224
1271117761262	0	RECOG_CR_PRES	14	THUMB	1462	-999	P	633
1271117762237	1	RECOG_FEEDBACK	0
1271117763012	0	RECOG_PRES	14	MOTOR	922	-999	P	1060
1271117764446	0	RECOG_CR_PRES	14	MOTOR	922	-999	P	794
1271117765562	1	RECOG_FEEDBACK	1
1271117766337	0	RECOG_PRES	14	COUGAR	387	-999	P	1215
1271117767928	0	RECOG_CR_PRES	14	COUGAR	387	-999	P	880
1271117769154	1	RECOG_FEEDBACK	1
1271117769886	0	RECOG_PRES	14	LETTUCE	814	-999	P	1202
1271117771453	0	RECOG_CR_PRES	14	LETTUCE	814	-999	P	883
1271117772695	1	RECOG_FEEDBACK	1
1271117773503	0	RECOG_PRES	14	DUNE	506	-999	P	1609
1271117775486	0	RECOG_CR_PRES	14	DUNE	506	-999	P	946
1271117776803	1	RECOG_FEEDBACK	1
1271117777511	0	RECOG_PRES	14	WIRE	1616	-999	P	2313
1271117780186	0	RECOG_CR_PRES	14	WIRE	1616	-999	P	886
1271117781453	1	RECOG_FEEDBACK	1
1271117782203	0	RECOG_PRES	14	SKI	1316	-999	P	1221
1271117783794	0	RECOG_CR_PRES	14	SKI	1316	-999	P	822
1271117784943	1	RECOG_FEEDBACK	1
1271117787194	0	REST
1271117788100	1	REC_START
1271117788135	0	RECOG_PRES	15	RIBBON	1189	-999	P	1337
1271117789843	0	RECOG_CR_PRES	15	RIBBON	1189	-999	P	717
1271117790893	1	RECOG_FEEDBACK	1
1271117791719	0	RECOG_PRES	15	TOE	1473	-999	P	1313
1271117793402	0	RECOG_CR_PRES	15	TOE	1473	-999	P	742
1271117794477	1	RECOG_FEEDBACK	1
1271117795235	0	RECOG_PRES	15	PLAQUE	1084	-999	P	1389
1271117796992	0	RECOG_CR_PRES	15	PLAQUE	1084	-999	P	832
1271117798185	1	RECOG_FEEDBACK	1
1271117798909	0	RECOG_PRES	15	FLY	586	-999	P	1307
1271117800593	0	RECOG_CR_PRES	15	FLY	586	-999	P	831
1271117801785	1	RECOG_FEEDBACK	1
1271117802510	0	RECOG_PRES	15	WAITER	1580	-999	P	1369
1271117804243	0	RECOG_CR_PRES	15	WAITER	1580	-999	P	893
1271117805501	1	RECOG_FEEDBACK	1
1271117806251	0	RECOG_PRES	15	STAMP	1370	-999	P	1261
1271117807883	0	RECOG_CR_PRES	15	STAMP	1370	-999	P	829
1271117809051	1	RECOG_FEEDBACK	1
1271117809801	0	RECOG_PRES	15	BLUEPRINT	142	-999	P	2303
1271117812475	0	RECOG_CR_PRES	15	BLUEPRINT	142	-999	P	629
1271117813467	1	RECOG_FEEDBACK	1
1271117814275	0	RECOG_PRES	15	ROAD	1196	-999	P	1237
1271117815882	0	RECOG_CR_PRES	15	ROAD	1196	-999	P	790
1271117817008	1	RECOG_FEEDBACK	1
1271117817717	0	RECOG_PRES	15	MILITARY	894	-999	P	1186
1271117819267	0	RECOG_CR_PRES	15	MILITARY	894	-999	P	649
1271117820275	1	RECOG_FEEDBACK	1
1271117821058	0	RECOG_PRES	15	RAISIN	1163	-999	P	1254
1271117822683	0	RECOG_CR_PRES	15	RAISIN	1163	-999	P	757
1271117823783	1	RECOG_FEEDBACK	1
1271117824549	0	RECOG_PRES	15	CORAL	378	-999	P	1243
1271117826166	0	RECOG_CR_PRES	15	CORAL	378	-999	P	641
1271117827191	1	RECOG_FEEDBACK	1
1271117827923	0	RECOG_PRES	15	SPARROW	1347	-999	P	1317
1271117829616	0	RECOG_CR_PRES	15	SPARROW	1347	-999	P	840
1271117830807	1	RECOG_FEEDBACK	1
1271117831607	0	RECOG_PRES	15	SALESMAN	1225	-999	P	1617
1271117833599	0	RECOG_CR_PRES	15	SALESMAN	1225	-999	P	642
1271117834657	1	RECOG_FEEDBACK	1
1271117835424	0	RECOG_PRES	15	PEOPLE	1046	-999	P	1400
1271117837190	0	RECOG_CR_PRES	15	PEOPLE	1046	-999	P	858
1271117838390	1	RECOG_FEEDBACK	0
1271117839115	0	RECOG_PRES	15	REEF	1177	-999	P	1557
1271117841048	0	RECOG_CR_PRES	15	REEF	1177	-999	P	641
1271117842090	1	RECOG_FEEDBACK	1
1271117842889	0	RECOG_PRES	15	CONVICT	371	-999	P	1151
1271117844415	0	RECOG_CR_PRES	15	CONVICT	371	-999	P	833
1271117845598	1	RECOG_FEEDBACK	1
1271117846373	0	RECOG_PRES	15	SAUCER	1237	-999	P	1315
1271117848064	0	RECOG_CR_PRES	15	SAUCER	1237	-999	P	640
1271117849048	1	RECOG_FEEDBACK	0
1271117849823	0	RECOG_PRES	15	SKILLET	1317	-999	P	1473
1271117851672	0	RECOG_CR_PRES	15	SKILLET	1317	-999	P	720
1271117852731	1	RECOG_FEEDBACK	1
1271117853522	0	RECOG_PRES	15	PERISCOPE	1050	-999	P	1662
1271117855556	0	RECOG_CR_PRES	15	PERISCOPE	1050	-999	P	628
1271117856539	1	RECOG_FEEDBACK	1
1271117857330	0	RECOG_PRES	15	CRAYON	401	-999	P	1078
1271117858780	0	RECOG_CR_PRES	15	CRAYON	401	-999	P	756
1271117859871	1	RECOG_FEEDBACK	1
1271117860651	0	RECOG_END
1271117867613	0	SESS_END
1271117867657	0	E	Logging Ends
