1268258846956	0	B	Logging Begins
1268258846957	0	SESS_START	7
1268258911676	1	FR_PRES	0	UNDERWEAR	1537	0	0	1271	(0.42259999999999998, 0.58709999999999996, 0)	../fonts/zerothre.ttf	upper
1268258915791	1	FR_PRES	0	WILDERNESS	1610	0	1	1501	(0.42259999999999998, 0.58709999999999996, 0)	../fonts/zerothre.ttf	upper
1268258919941	1	FR_PRES	0	BEAR	106	1	1	1175	(0.57740000000000002, 0.41289999999999999, 1.0)	../fonts/amplitud.ttf	lower
1268258923849	1	FR_PRES	0	POET	1095	1	1	1291	(0.57740000000000002, 0.41289999999999999, 1.0)	../fonts/amplitud.ttf	lower
1268258927790	1	FR_PRES	0	DICTIONARY	463	1	0	958	(0.57740000000000002, 0.41289999999999999, 1.0)	../fonts/amplitud.ttf	lower
1268258931798	1	FR_PRES	0	CHECK	284	1	0	910	(0.57740000000000002, 0.41289999999999999, 1.0)	../fonts/amplitud.ttf	lower
1268258935923	1	FR_PRES	0	GIRL	637	0	1	1737	(0.42259999999999998, 0.58709999999999996, 0)	../fonts/zerothre.ttf	upper
1268258939981	1	FR_PRES	0	COOKBOOK	373	0	1	1958	(0.42259999999999998, 0.58709999999999996, 0)	../fonts/zerothre.ttf	upper
1268258944115	1	FR_PRES	0	CRITIC	410	0	1	1728	(0.42259999999999998, 0.58709999999999996, 0)	../fonts/zerothre.ttf	upper
1268258948315	1	FR_PRES	0	COBBLER	335	0	0	2033	(0.42259999999999998, 0.58709999999999996, 0)	../fonts/zerothre.ttf	upper
1268258952156	1	FR_PRES	0	RIVER	1194	1	0	1072	(0.57740000000000002, 0.41289999999999999, 1.0)	../fonts/amplitud.ttf	lower
1268258956214	1	FR_PRES	0	DAM	436	1	0	1974	(0.57740000000000002, 0.41289999999999999, 1.0)	../fonts/amplitud.ttf	lower
1268258960164	1	FR_PRES	0	SIREN	1310	1	0	1528	(0.57740000000000002, 0.41289999999999999, 1.0)	../fonts/amplitud.ttf	lower
1268258964222	1	FR_PRES	0	BUREAU	199	1	0	1573	(0.57740000000000002, 0.41289999999999999, 1.0)	../fonts/amplitud.ttf	lower
1268258968180	1	FR_PRES	0	CONTRACT	368	0	1	1208	(0.42259999999999998, 0.58709999999999996, 0)	../fonts/zerothre.ttf	upper
1268258972296	1	FR_PRES	0	KITCHEN	778	0	1	1188	(0.42259999999999998, 0.58709999999999996, 0)	../fonts/zerothre.ttf	upper
1268258978355	1	REC_START
1268259057457	0	REST
1268259058964	1	FR_PRES	1	WASP	1593	1	1	1152	(0.57740000000000002, 0.41289999999999999, 1.0)	../fonts/amplitud.ttf	lower
1268259063090	1	FR_PRES	1	SOFA	1342	1	0	1226	(0.57740000000000002, 0.41289999999999999, 1.0)	../fonts/amplitud.ttf	lower
1268259067106	1	FR_PRES	1	PILLOW	1069	1	0	1330	(0.57740000000000002, 0.41289999999999999, 1.0)	../fonts/amplitud.ttf	lower
1268259071206	1	FR_PRES	1	HAT	690	1	0	1693	(0.57740000000000002, 0.41289999999999999, 1.0)	../fonts/amplitud.ttf	lower
1268259075280	1	FR_PRES	1	GOVERNOR	651	0	1	1196	(0.42259999999999998, 0.58709999999999996, 0)	../fonts/zerothre.ttf	upper
1268259079139	1	FR_PRES	1	HORNET	718	0	0	1233	(0.42259999999999998, 0.58709999999999996, 0)	../fonts/zerothre.ttf	upper
1268259083230	1	FR_PRES	1	FUR	615	1	0	1589	(0.57740000000000002, 0.41289999999999999, 1.0)	../fonts/amplitud.ttf	lower
1268259087338	1	FR_PRES	1	CUP	424	1	0	922	(0.57740000000000002, 0.41289999999999999, 1.0)	../fonts/amplitud.ttf	lower
1268259091338	1	FR_PRES	1	FLANNEL	574	1	0	1354	(0.57740000000000002, 0.41289999999999999, 1.0)	../fonts/amplitud.ttf	lower
1268259095437	1	FR_PRES	1	BUTCHER	203	1	1	1039	(0.57740000000000002, 0.41289999999999999, 1.0)	../fonts/amplitud.ttf	lower
1268259099279	1	FR_PRES	1	DOLL	481	0	0	1893	(0.42259999999999998, 0.58709999999999996, 0)	../fonts/zerothre.ttf	upper
1268259103120	1	FR_PRES	1	AFRICA	9	0	1	1892	(0.42259999999999998, 0.58709999999999996, 0)	../fonts/zerothre.ttf	upper
1268259107053	1	FR_PRES	1	DIRECTOR	471	0	1	1143	(0.42259999999999998, 0.58709999999999996, 0)	../fonts/zerothre.ttf	upper
1268259111186	1	FR_PRES	1	DONOR	485	0	1	1490	(0.42259999999999998, 0.58709999999999996, 0)	../fonts/zerothre.ttf	upper
1268259115019	1	FR_PRES	1	SIDEWALK	1303	0	1	1784	(0.42259999999999998, 0.58709999999999996, 0)	../fonts/zerothre.ttf	upper
1268259119136	1	FR_PRES	1	PATH	1023	0	1	755	(0.42259999999999998, 0.58709999999999996, 0)	../fonts/zerothre.ttf	upper
1268259125019	1	REC_START
1268259203820	0	REST
1268259205321	1	FR_PRES	2	SALAD	1224	0	0	1427	(0.42259999999999998, 0.58709999999999996, 0)	../fonts/zerothre.ttf	upper
1268259209238	1	FR_PRES	2	INN	739	0	1	1278	(0.42259999999999998, 0.58709999999999996, 0)	../fonts/zerothre.ttf	upper
1268259213054	1	FR_PRES	2	THORN	1459	0	0	990	(0.42259999999999998, 0.58709999999999996, 0)	../fonts/zerothre.ttf	upper
1268259216953	1	FR_PRES	2	PADDLE	1000	0	0	946	(0.42259999999999998, 0.58709999999999996, 0)	../fonts/zerothre.ttf	upper
1268259221045	1	FR_PRES	2	FROST	609	0	0	999	(0.42259999999999998, 0.58709999999999996, 0)	../fonts/zerothre.ttf	upper
1268259224935	1	FR_PRES	2	SCARF	1246	0	1	1517	(0.42259999999999998, 0.58709999999999996, 0)	../fonts/zerothre.ttf	upper
1268259228778	1	FR_PRES	2	PIRATE	1074	0	1	1698	(0.42259999999999998, 0.58709999999999996, 0)	../fonts/zerothre.ttf	upper
1268259232627	1	FR_PRES	2	PASTA	1021	0	0	1801	(0.42259999999999998, 0.58709999999999996, 0)	../fonts/zerothre.ttf	upper
1268259236610	1	FR_PRES	2	ROUGE	1213	0	0	2018	(0.42259999999999998, 0.58709999999999996, 0)	../fonts/zerothre.ttf	upper
1268259240569	1	FR_PRES	2	PAW	1029	0	0	1891	(0.42259999999999998, 0.58709999999999996, 0)	../fonts/zerothre.ttf	upper
1268259244752	1	FR_PRES	2	RODENT	1204	0	0	2091	(0.42259999999999998, 0.58709999999999996, 0)	../fonts/zerothre.ttf	upper
1268259248660	1	FR_PRES	2	DAISY	435	0	0	2008	(0.42259999999999998, 0.58709999999999996, 0)	../fonts/zerothre.ttf	upper
1268259252526	1	FR_PRES	2	DRIVER	499	0	1	1134	(0.42259999999999998, 0.58709999999999996, 0)	../fonts/zerothre.ttf	upper
1268259256517	1	FR_PRES	2	UNIVERSITY	1541	0	0	1223	(0.42259999999999998, 0.58709999999999996, 0)	../fonts/zerothre.ttf	upper
1268259260351	1	FR_PRES	2	DINER	467	0	0	1429	(0.42259999999999998, 0.58709999999999996, 0)	../fonts/zerothre.ttf	upper
1268259264450	1	FR_PRES	2	RESTAURANT	1187	0	1	1634	(0.42259999999999998, 0.58709999999999996, 0)	../fonts/zerothre.ttf	upper
1268259270434	1	REC_START
1268259353834	0	REST
1268259355335	1	FR_PRES	3	JUGGLER	763	1	1	1069	(0.57740000000000002, 0.41289999999999999, 1.0)	../fonts/amplitud.ttf	lower
1268259359518	1	FR_PRES	3	GYMNAST	675	1	1	1014	(0.57740000000000002, 0.41289999999999999, 1.0)	../fonts/amplitud.ttf	lower
1268259363376	1	FR_PRES	3	BLUEBERRY	140	1	1	1156	(0.57740000000000002, 0.41289999999999999, 1.0)	../fonts/amplitud.ttf	lower
1268259367418	1	FR_PRES	3	HERB	704	1	1	1186	(0.57740000000000002, 0.41289999999999999, 1.0)	../fonts/amplitud.ttf	lower
1268259371476	1	FR_PRES	3	RADISH	1158	1	1	1648	(0.57740000000000002, 0.41289999999999999, 1.0)	../fonts/amplitud.ttf	lower
1268259375542	1	FR_PRES	3	COOK	372	1	1	1486	(0.57740000000000002, 0.41289999999999999, 1.0)	../fonts/amplitud.ttf	lower
1268259379517	1	FR_PRES	3	SPATULA	1348	1	0	1759	(0.57740000000000002, 0.41289999999999999, 1.0)	../fonts/amplitud.ttf	lower
1268259383617	1	FR_PRES	3	PENDULUM	1043	1	0	1170	(0.57740000000000002, 0.41289999999999999, 1.0)	../fonts/amplitud.ttf	lower
1268259387508	1	FR_PRES	3	CLASS	318	1	0	1224	(0.57740000000000002, 0.41289999999999999, 1.0)	../fonts/amplitud.ttf	lower
1268259391716	1	FR_PRES	3	SHUTTER	1300	1	0	1135	(0.57740000000000002, 0.41289999999999999, 1.0)	../fonts/amplitud.ttf	lower
1268259395682	1	FR_PRES	3	OLIVE	975	1	1	1153	(0.57740000000000002, 0.41289999999999999, 1.0)	../fonts/amplitud.ttf	lower
1268259399814	1	FR_PRES	3	DETECTIVE	454	1	0	1742	(0.57740000000000002, 0.41289999999999999, 1.0)	../fonts/amplitud.ttf	lower
1268259403665	1	FR_PRES	3	PREACHER	1119	1	1	1523	(0.57740000000000002, 0.41289999999999999, 1.0)	../fonts/amplitud.ttf	lower
1268259407565	1	FR_PRES	3	STALLION	1369	1	1	919	(0.57740000000000002, 0.41289999999999999, 1.0)	../fonts/amplitud.ttf	lower
1268259411698	1	FR_PRES	3	HANDCUFFS	685	1	0	1418	(0.57740000000000002, 0.41289999999999999, 1.0)	../fonts/amplitud.ttf	lower
1268259415897	1	FR_PRES	3	CELERY	266	1	1	1835	(0.57740000000000002, 0.41289999999999999, 1.0)	../fonts/amplitud.ttf	lower
1268259421631	1	REC_START
1268259509998	0	REST
1268259511499	1	FR_PRES	4	NEWSSTAND	949	1	0	1121	(0.57740000000000002, 0.41289999999999999, 1.0)	../fonts/amplitud.ttf	lower
1268259515324	1	FR_PRES	4	CAFETERIA	217	1	0	1288	(0.57740000000000002, 0.41289999999999999, 1.0)	../fonts/amplitud.ttf	lower
1268259519340	1	FR_PRES	4	BUTLER	204	1	1	1120	(0.57740000000000002, 0.41289999999999999, 1.0)	../fonts/amplitud.ttf	lower
1268259523415	1	FR_PRES	4	SHAMPOO	1274	1	0	957	(0.57740000000000002, 0.41289999999999999, 1.0)	../fonts/amplitud.ttf	lower
1268259527306	1	FR_PRES	4	LOVER	846	1	1	1138	(0.57740000000000002, 0.41289999999999999, 1.0)	../fonts/amplitud.ttf	lower
1268259531148	1	FR_PRES	4	LOBSTER	837	1	0	1400	(0.57740000000000002, 0.41289999999999999, 1.0)	../fonts/amplitud.ttf	lower
1268259535122	1	FR_PRES	4	PAD	998	1	0	1130	(0.57740000000000002, 0.41289999999999999, 1.0)	../fonts/amplitud.ttf	lower
1268259539147	1	FR_PRES	4	NURSERY	964	1	0	1585	(0.57740000000000002, 0.41289999999999999, 1.0)	../fonts/amplitud.ttf	lower
1268259543138	1	FR_PRES	4	KID	775	1	1	1322	(0.57740000000000002, 0.41289999999999999, 1.0)	../fonts/amplitud.ttf	lower
1268259547230	1	FR_PRES	4	FIREMAN	569	1	1	1557	(0.57740000000000002, 0.41289999999999999, 1.0)	../fonts/amplitud.ttf	lower
1268259551188	1	FR_PRES	4	MATCH	878	1	0	1040	(0.57740000000000002, 0.41289999999999999, 1.0)	../fonts/amplitud.ttf	lower
1268259555296	1	FR_PRES	4	GHETTO	633	1	0	1812	(0.57740000000000002, 0.41289999999999999, 1.0)	../fonts/amplitud.ttf	lower
1268259559387	1	FR_PRES	4	COLESLAW	344	1	0	1857	(0.57740000000000002, 0.41289999999999999, 1.0)	../fonts/amplitud.ttf	lower
1268259563479	1	FR_PRES	4	CLOUD	328	1	0	1452	(0.57740000000000002, 0.41289999999999999, 1.0)	../fonts/amplitud.ttf	lower
1268259567320	1	FR_PRES	4	MARGARINE	868	1	0	1348	(0.57740000000000002, 0.41289999999999999, 1.0)	../fonts/amplitud.ttf	lower
1268259571403	1	FR_PRES	4	POPCORN	1104	1	0	1617	(0.57740000000000002, 0.41289999999999999, 1.0)	../fonts/amplitud.ttf	lower
1268259577245	1	REC_START
1268259662854	0	REST
1268259664355	1	FR_PRES	5	MASK	876	0	1	1233	(0.42259999999999998, 0.58709999999999996, 0)	../fonts/zerothre.ttf	upper
1268259668438	1	FR_PRES	5	SKATE	1313	0	1	1453	(0.42259999999999998, 0.58709999999999996, 0)	../fonts/zerothre.ttf	upper
1268259672587	1	FR_PRES	5	VAN	1548	0	1	1657	(0.42259999999999998, 0.58709999999999996, 0)	../fonts/zerothre.ttf	upper
1268259676520	1	FR_PRES	5	BUS	201	0	1	1395	(0.42259999999999998, 0.58709999999999996, 0)	../fonts/zerothre.ttf	upper
1268259680395	1	FR_PRES	5	CARPET	247	0	0	1761	(0.42259999999999998, 0.58709999999999996, 0)	../fonts/zerothre.ttf	upper
1268259684487	1	FR_PRES	5	GROUND	666	0	1	1525	(0.42259999999999998, 0.58709999999999996, 0)	../fonts/zerothre.ttf	upper
1268259688378	1	FR_PRES	5	MAILBOX	857	0	1	1529	(0.42259999999999998, 0.58709999999999996, 0)	../fonts/zerothre.ttf	upper
1268259692461	1	FR_PRES	5	CABBAGE	210	0	1	1719	(0.42259999999999998, 0.58709999999999996, 0)	../fonts/zerothre.ttf	upper
1268259696336	1	FR_PRES	5	TURKEY	1520	0	1	1268	(0.42259999999999998, 0.58709999999999996, 0)	../fonts/zerothre.ttf	upper
1268259700369	1	FR_PRES	5	SWAN	1417	0	1	1003	(0.42259999999999998, 0.58709999999999996, 0)	../fonts/zerothre.ttf	upper
1268259704218	1	FR_PRES	5	DINNER	468	0	0	786	(0.42259999999999998, 0.58709999999999996, 0)	../fonts/zerothre.ttf	upper
1268259708235	1	FR_PRES	5	BEAVER	109	0	1	1465	(0.42259999999999998, 0.58709999999999996, 0)	../fonts/zerothre.ttf	upper
1268259712393	1	FR_PRES	5	CAGE	218	0	1	1187	(0.42259999999999998, 0.58709999999999996, 0)	../fonts/zerothre.ttf	upper
1268259716443	1	FR_PRES	5	MAILMAN	858	0	1	1448	(0.42259999999999998, 0.58709999999999996, 0)	../fonts/zerothre.ttf	upper
1268259720376	1	FR_PRES	5	TUB	1514	0	1	1636	(0.42259999999999998, 0.58709999999999996, 0)	../fonts/zerothre.ttf	upper
1268259724500	1	FR_PRES	5	MACARONI	851	0	1	1800	(0.42259999999999998, 0.58709999999999996, 0)	../fonts/zerothre.ttf	upper
1268259730451	1	REC_START
1268259834567	0	REST
1268259836076	1	FR_PRES	6	UMBRELLA	1534	0	1	1296	(0.42259999999999998, 0.58709999999999996, 0)	../fonts/zerothre.ttf	upper
1268259840142	1	FR_PRES	6	SCHOOL	1248	0	1	1214	(0.42259999999999998, 0.58709999999999996, 0)	../fonts/zerothre.ttf	upper
1268259844142	1	FR_PRES	6	PUPIL	1143	1	0	1294	(0.57740000000000002, 0.41289999999999999, 1.0)	../fonts/amplitud.ttf	lower
1268259848325	1	FR_PRES	6	FINGER	567	1	0	1391	(0.57740000000000002, 0.41289999999999999, 1.0)	../fonts/amplitud.ttf	lower
1268259852424	1	FR_PRES	6	COACH	331	1	1	1804	(0.57740000000000002, 0.41289999999999999, 1.0)	../fonts/amplitud.ttf	lower
1268259856566	1	FR_PRES	6	DONKEY	484	1	1	1158	(0.57740000000000002, 0.41289999999999999, 1.0)	../fonts/amplitud.ttf	lower
1268259860532	1	FR_PRES	6	SPONGE	1355	1	0	1327	(0.57740000000000002, 0.41289999999999999, 1.0)	../fonts/amplitud.ttf	lower
1268259864407	1	FR_PRES	6	CHECKERS	285	0	1	2197	(0.42259999999999998, 0.58709999999999996, 0)	../fonts/zerothre.ttf	upper
1268259868273	1	FR_PRES	6	SPINE	1353	0	1	2059	(0.42259999999999998, 0.58709999999999996, 0)	../fonts/zerothre.ttf	upper
1268259872106	1	FR_PRES	6	PUMPKIN	1142	1	1	1562	(0.57740000000000002, 0.41289999999999999, 1.0)	../fonts/amplitud.ttf	lower
1268259875938	1	FR_PRES	6	AIRPORT	13	1	0	1402	(0.57740000000000002, 0.41289999999999999, 1.0)	../fonts/amplitud.ttf	lower
1268259880056	1	FR_PRES	6	RUNNER	1218	1	1	1308	(0.57740000000000002, 0.41289999999999999, 1.0)	../fonts/amplitud.ttf	lower
1268259884005	1	FR_PRES	6	CHEERLEADER	288	0	1	1311	(0.42259999999999998, 0.58709999999999996, 0)	../fonts/zerothre.ttf	upper
1268259888180	1	FR_PRES	6	KNIFE	785	0	0	1544	(0.42259999999999998, 0.58709999999999996, 0)	../fonts/zerothre.ttf	upper
1268259892063	1	FR_PRES	6	BLADE	134	0	0	1613	(0.42259999999999998, 0.58709999999999996, 0)	../fonts/zerothre.ttf	upper
1268259895954	1	FR_PRES	6	PALM	1007	0	0	1722	(0.42259999999999998, 0.58709999999999996, 0)	../fonts/zerothre.ttf	upper
1268259901688	1	REC_START
1268259986365	0	REST
1268259987872	1	FR_PRES	7	CLIPPERS	324	1	0	1132	(0.57740000000000002, 0.41289999999999999, 1.0)	../fonts/amplitud.ttf	lower
1268259991980	1	FR_PRES	7	BANDAGE	79	1	0	1552	(0.57740000000000002, 0.41289999999999999, 1.0)	../fonts/amplitud.ttf	lower
1268259995980	1	FR_PRES	7	BASEBALL	93	1	0	1224	(0.57740000000000002, 0.41289999999999999, 1.0)	../fonts/amplitud.ttf	lower
1268259999854	1	FR_PRES	7	BULL	193	1	1	1582	(0.57740000000000002, 0.41289999999999999, 1.0)	../fonts/amplitud.ttf	lower
1268260004005	1	FR_PRES	7	ACTOR	5	1	1	1479	(0.57740000000000002, 0.41289999999999999, 1.0)	../fonts/amplitud.ttf	lower
1268260008021	1	FR_PRES	7	PRODUCER	1129	1	1	950	(0.57740000000000002, 0.41289999999999999, 1.0)	../fonts/amplitud.ttf	lower
1268260012130	1	FR_PRES	7	STREAM	1392	1	0	1234	(0.57740000000000002, 0.41289999999999999, 1.0)	../fonts/amplitud.ttf	lower
1268260016046	1	FR_PRES	7	FOX	598	1	1	1150	(0.57740000000000002, 0.41289999999999999, 1.0)	../fonts/amplitud.ttf	lower
1268260020112	1	FR_PRES	7	RACKET	1155	1	0	1100	(0.57740000000000002, 0.41289999999999999, 1.0)	../fonts/amplitud.ttf	lower
1268260024187	1	FR_PRES	7	DIAMOND	458	1	0	1265	(0.57740000000000002, 0.41289999999999999, 1.0)	../fonts/amplitud.ttf	lower
1268260028345	1	FR_PRES	7	FEMALE	559	1	1	891	(0.57740000000000002, 0.41289999999999999, 1.0)	../fonts/amplitud.ttf	lower
1268260032461	1	FR_PRES	7	EWE	542	1	1	1271	(0.57740000000000002, 0.41289999999999999, 1.0)	../fonts/amplitud.ttf	lower
1268260036311	1	FR_PRES	7	MOOSE	915	1	1	1453	(0.57740000000000002, 0.41289999999999999, 1.0)	../fonts/amplitud.ttf	lower
1268260040228	1	FR_PRES	7	TIDE	1465	1	0	1192	(0.57740000000000002, 0.41289999999999999, 1.0)	../fonts/amplitud.ttf	lower
1268260044086	1	FR_PRES	7	CRYSTAL	418	1	0	1230	(0.57740000000000002, 0.41289999999999999, 1.0)	../fonts/amplitud.ttf	lower
1268260048069	1	FR_PRES	7	BASKET	95	1	0	1007	(0.57740000000000002, 0.41289999999999999, 1.0)	../fonts/amplitud.ttf	lower
1268260053801	1	REC_START
1268260140779	0	REST
1268260142287	1	FR_PRES	8	PLAZA	1088	-1	-1	-1268260142287	white	../fonts/Verdana.ttf	upper
1268260146378	1	FR_PRES	8	EDITOR	516	-1	-1	-1268260146378	white	../fonts/Verdana.ttf	upper
1268260150295	1	FR_PRES	8	TOWN	1491	-1	-1	-1268260150295	white	../fonts/Verdana.ttf	upper
1268260154136	1	FR_PRES	8	ROBOT	1200	-1	-1	-1268260154136	white	../fonts/Verdana.ttf	upper
1268260157951	1	FR_PRES	8	ANTENNA	28	-1	-1	-1268260157951	white	../fonts/Verdana.ttf	upper
1268260161926	1	FR_PRES	8	ARTICLE	42	-1	-1	-1268260161926	white	../fonts/Verdana.ttf	upper
1268260165967	1	FR_PRES	8	DISC	473	-1	-1	-1268260165967	white	../fonts/Verdana.ttf	upper
1268260169867	1	FR_PRES	8	SCIENTIST	1249	-1	-1	-1268260169867	white	../fonts/Verdana.ttf	upper
1268260174018	1	FR_PRES	8	CHEMICAL	291	-1	-1	-1268260174018	white	../fonts/Verdana.ttf	upper
1268260178109	1	FR_PRES	8	FIREPLACE	570	-1	-1	-1268260178109	white	../fonts/Verdana.ttf	upper
1268260182059	1	FR_PRES	8	SAW	1239	-1	-1	-1268260182059	white	../fonts/Verdana.ttf	upper
1268260186259	1	FR_PRES	8	SHIRT	1287	-1	-1	-1268260186259	white	../fonts/Verdana.ttf	upper
1268260190250	1	FR_PRES	8	DRESS	495	-1	-1	-1268260190250	white	../fonts/Verdana.ttf	upper
1268260194275	1	FR_PRES	8	TECHNICIAN	1443	-1	-1	-1268260194275	white	../fonts/Verdana.ttf	upper
1268260198149	1	FR_PRES	8	SUBURB	1399	-1	-1	-1268260198149	white	../fonts/Verdana.ttf	upper
1268260202033	1	FR_PRES	8	MEDAL	885	-1	-1	-1268260202033	white	../fonts/Verdana.ttf	upper
1268260207691	1	REC_START
1268260299251	0	REST
1268260300759	1	FR_PRES	9	SEASHORE	1263	1	0	1124	(0.57740000000000002, 0.41289999999999999, 1.0)	../fonts/amplitud.ttf	lower
1268260304899	1	FR_PRES	9	WOLF	1619	1	1	1096	(0.57740000000000002, 0.41289999999999999, 1.0)	../fonts/amplitud.ttf	lower
1268260308882	1	FR_PRES	9	GRILL	661	1	0	1314	(0.57740000000000002, 0.41289999999999999, 1.0)	../fonts/amplitud.ttf	lower
1268260312982	1	FR_PRES	9	COUNTY	389	1	0	1038	(0.57740000000000002, 0.41289999999999999, 1.0)	../fonts/amplitud.ttf	lower
1268260316923	1	FR_PRES	9	OTTER	986	0	1	1377	(0.42259999999999998, 0.58709999999999996, 0)	../fonts/zerothre.ttf	upper
1268260321091	1	FR_PRES	9	MARKET	871	0	1	1226	(0.42259999999999998, 0.58709999999999996, 0)	../fonts/zerothre.ttf	upper
1268260325199	1	FR_PRES	9	DETERGENT	455	0	0	1501	(0.42259999999999998, 0.58709999999999996, 0)	../fonts/zerothre.ttf	upper
1268260329015	1	FR_PRES	9	CIGAR	308	0	0	972	(0.42259999999999998, 0.58709999999999996, 0)	../fonts/zerothre.ttf	upper
1268260332947	1	FR_PRES	9	LUNG	850	1	0	1024	(0.57740000000000002, 0.41289999999999999, 1.0)	../fonts/amplitud.ttf	lower
1268260336997	1	FR_PRES	9	LAUNDRY	803	1	0	1095	(0.57740000000000002, 0.41289999999999999, 1.0)	../fonts/amplitud.ttf	lower
1268260341022	1	FR_PRES	9	PIKE	1067	0	1	1758	(0.42259999999999998, 0.58709999999999996, 0)	../fonts/zerothre.ttf	upper
1268260345039	1	FR_PRES	9	SALMON	1227	0	1	2525	(0.42259999999999998, 0.58709999999999996, 0)	../fonts/zerothre.ttf	upper
1268260349147	1	FR_PRES	9	MANAGER	863	0	1	1688	(0.42259999999999998, 0.58709999999999996, 0)	../fonts/zerothre.ttf	upper
1268260353180	1	FR_PRES	9	OFFICE	972	0	1	1320	(0.42259999999999998, 0.58709999999999996, 0)	../fonts/zerothre.ttf	upper
1268260357255	1	FR_PRES	9	WIDOW	1608	1	1	1421	(0.57740000000000002, 0.41289999999999999, 1.0)	../fonts/amplitud.ttf	lower
1268260361354	1	FR_PRES	9	PERISCOPE	1050	1	0	1202	(0.57740000000000002, 0.41289999999999999, 1.0)	../fonts/amplitud.ttf	lower
1268260367138	1	REC_START
1268260460846	0	REST
1268260462347	1	FR_PRES	10	COMMITTEE	355	-1	-1	-1268260462347	white	../fonts/Verdana.ttf	upper
1268260466180	1	FR_PRES	10	COMMUNITY	356	-1	-1	-1268260466180	white	../fonts/Verdana.ttf	upper
1268260470138	1	FR_PRES	10	TART	1436	-1	-1	-1268260470138	white	../fonts/Verdana.ttf	upper
1268260474321	1	FR_PRES	10	CAPTAIN	239	-1	-1	-1268260474321	white	../fonts/Verdana.ttf	upper
1268260478396	1	FR_PRES	10	CHAIR	274	-1	-1	-1268260478396	white	../fonts/Verdana.ttf	upper
1268260482254	1	FR_PRES	10	HAYSTACK	694	-1	-1	-1268260482254	white	../fonts/Verdana.ttf	upper
1268260486437	1	FR_PRES	10	WAGON	1578	-1	-1	-1268260486437	white	../fonts/Verdana.ttf	upper
1268260490287	1	FR_PRES	10	CITRUS	313	-1	-1	-1268260490287	white	../fonts/Verdana.ttf	upper
1268260494186	1	FR_PRES	10	BLOUSE	139	-1	-1	-1268260494186	white	../fonts/Verdana.ttf	upper
1268260498094	1	FR_PRES	10	BANKER	84	-1	-1	-1268260498094	white	../fonts/Verdana.ttf	upper
1268260502036	1	FR_PRES	10	NICKEL	950	-1	-1	-1268260502036	white	../fonts/Verdana.ttf	upper
1268260506052	1	FR_PRES	10	GUM	672	-1	-1	-1268260506052	white	../fonts/Verdana.ttf	upper
1268260509876	1	FR_PRES	10	KNUCKLE	789	-1	-1	-1268260509876	white	../fonts/Verdana.ttf	upper
1268260514060	1	FR_PRES	10	GOWN	652	-1	-1	-1268260514060	white	../fonts/Verdana.ttf	upper
1268260517942	1	FR_PRES	10	BROOK	177	-1	-1	-1268260517942	white	../fonts/Verdana.ttf	upper
1268260521892	1	FR_PRES	10	BENCH	121	-1	-1	-1268260521892	white	../fonts/Verdana.ttf	upper
1268260527859	1	REC_START
1268260610328	0	REST
1268260611835	1	FR_PRES	11	PAIL	1002	0	0	1081	(0.42259999999999998, 0.58709999999999996, 0)	../fonts/zerothre.ttf	upper
1268260615968	1	FR_PRES	11	HOSE	720	0	0	1293	(0.42259999999999998, 0.58709999999999996, 0)	../fonts/zerothre.ttf	upper
1268260620169	1	FR_PRES	11	OPERATOR	979	1	1	1139	(0.57740000000000002, 0.41289999999999999, 1.0)	../fonts/amplitud.ttf	lower
1268260624127	1	FR_PRES	11	MANSION	864	1	0	1037	(0.57740000000000002, 0.41289999999999999, 1.0)	../fonts/amplitud.ttf	lower
1268260628318	1	FR_PRES	11	STEP	1377	1	0	1287	(0.57740000000000002, 0.41289999999999999, 1.0)	../fonts/amplitud.ttf	lower
1268260632426	1	FR_PRES	11	WHALE	1601	1	1	1123	(0.57740000000000002, 0.41289999999999999, 1.0)	../fonts/amplitud.ttf	lower
1268260636501	1	FR_PRES	11	TUXEDO	1525	0	1	1904	(0.42259999999999998, 0.58709999999999996, 0)	../fonts/zerothre.ttf	upper
1268260640351	1	FR_PRES	11	LACE	792	0	0	1509	(0.42259999999999998, 0.58709999999999996, 0)	../fonts/zerothre.ttf	upper
1268260644367	1	FR_PRES	11	ARCHITECT	36	0	1	1564	(0.42259999999999998, 0.58709999999999996, 0)	../fonts/zerothre.ttf	upper
1268260648484	1	FR_PRES	11	MONGOOSE	909	0	1	1264	(0.42259999999999998, 0.58709999999999996, 0)	../fonts/zerothre.ttf	upper
1268260652633	1	FR_PRES	11	ZEBRA	1635	0	1	1115	(0.42259999999999998, 0.58709999999999996, 0)	../fonts/zerothre.ttf	upper
1268260656725	1	FR_PRES	11	FISH	571	0	1	1648	(0.42259999999999998, 0.58709999999999996, 0)	../fonts/zerothre.ttf	upper
1268260660616	1	FR_PRES	11	HOME	712	1	0	1196	(0.57740000000000002, 0.41289999999999999, 1.0)	../fonts/amplitud.ttf	lower
1268260664557	1	FR_PRES	11	CLERK	321	1	0	2239	(0.57740000000000002, 0.41289999999999999, 1.0)	../fonts/amplitud.ttf	lower
1268260668765	1	FR_PRES	11	DILL	465	1	0	1023	(0.57740000000000002, 0.41289999999999999, 1.0)	../fonts/amplitud.ttf	lower
1268260672757	1	FR_PRES	11	FLIPPER	580	1	0	1191	(0.57740000000000002, 0.41289999999999999, 1.0)	../fonts/amplitud.ttf	lower
1268260678524	1	REC_START
1268260754126	1	REST
1268261017274	1	FR_PRES	12	VELVET	1555	-1	-1	-1268261017274	white	../fonts/Verdana.ttf	upper
1268261021132	1	FR_PRES	12	PENCIL	1042	-1	-1	-1268261021132	white	../fonts/Verdana.ttf	upper
1268261025065	1	FR_PRES	12	SCREW	1254	-1	-1	-1268261025065	white	../fonts/Verdana.ttf	upper
1268261029073	1	FR_PRES	12	MOTOR	922	-1	-1	-1268261029073	white	../fonts/Verdana.ttf	upper
1268261033247	1	FR_PRES	12	DUMP	505	-1	-1	-1268261033247	white	../fonts/Verdana.ttf	upper
1268261037447	1	FR_PRES	12	CATTLE	261	-1	-1	-1268261037447	white	../fonts/Verdana.ttf	upper
1268261041472	1	FR_PRES	12	ENEMY	534	-1	-1	-1268261041472	white	../fonts/Verdana.ttf	upper
1268261045355	1	FR_PRES	12	UNIVERSE	1540	-1	-1	-1268261045355	white	../fonts/Verdana.ttf	upper
1268261049488	1	FR_PRES	12	MOON	914	-1	-1	-1268261049488	white	../fonts/Verdana.ttf	upper
1268261053596	1	FR_PRES	12	CATHEDRAL	260	-1	-1	-1268261053596	white	../fonts/Verdana.ttf	upper
1268261057587	1	FR_PRES	12	CHURCH	307	-1	-1	-1268261057587	white	../fonts/Verdana.ttf	upper
1268261061720	1	FR_PRES	12	GARBAGE	622	-1	-1	-1268261061720	white	../fonts/Verdana.ttf	upper
1268261065762	1	FR_PRES	12	SEAL	1262	-1	-1	-1268261065762	white	../fonts/Verdana.ttf	upper
1268261069670	1	FR_PRES	12	CLOWN	330	-1	-1	-1268261069670	white	../fonts/Verdana.ttf	upper
1268261073561	1	FR_PRES	12	RANCH	1166	-1	-1	-1268261073561	white	../fonts/Verdana.ttf	upper
1268261077478	1	FR_PRES	12	SURF	1412	-1	-1	-1268261077478	white	../fonts/Verdana.ttf	upper
1268261083153	1	REC_START
1268261168421	0	REST
1268261169928	1	FR_PRES	13	SHELL	1281	-1	-1	-1268261169928	white	../fonts/Verdana.ttf	upper
1268261173995	1	FR_PRES	13	PECAN	1036	-1	-1	-1268261173995	white	../fonts/Verdana.ttf	upper
1268261177828	1	FR_PRES	13	CHERRY	293	-1	-1	-1268261177828	white	../fonts/Verdana.ttf	upper
1268261182028	1	FR_PRES	13	CRUTCH	417	-1	-1	-1268261182028	white	../fonts/Verdana.ttf	upper
1268261186128	1	FR_PRES	13	LEG	809	-1	-1	-1268261186128	white	../fonts/Verdana.ttf	upper
1268261190236	1	FR_PRES	13	SACK	1220	-1	-1	-1268261190236	white	../fonts/Verdana.ttf	upper
1268261194419	1	FR_PRES	13	POLYESTER	1100	-1	-1	-1268261194419	white	../fonts/Verdana.ttf	upper
1268261198452	1	FR_PRES	13	HANGER	687	-1	-1	-1268261198452	white	../fonts/Verdana.ttf	upper
1268261202577	1	FR_PRES	13	PIE	1062	-1	-1	-1268261202577	white	../fonts/Verdana.ttf	upper
1268261206635	1	FR_PRES	13	CREAM	402	-1	-1	-1268261206635	white	../fonts/Verdana.ttf	upper
1268261210626	1	FR_PRES	13	SUITCASE	1403	-1	-1	-1268261210626	white	../fonts/Verdana.ttf	upper
1268261214459	1	FR_PRES	13	TREASURE	1500	-1	-1	-1268261214459	white	../fonts/Verdana.ttf	upper
1268261218526	1	FR_PRES	13	PIMPLE	1071	-1	-1	-1268261218526	white	../fonts/Verdana.ttf	upper
1268261222467	1	FR_PRES	13	TOTE	1487	-1	-1	-1268261222467	white	../fonts/Verdana.ttf	upper
1268261226442	1	FR_PRES	13	CHEESE	289	-1	-1	-1268261226442	white	../fonts/Verdana.ttf	upper
1268261230308	1	FR_PRES	13	FIDDLE	561	-1	-1	-1268261230308	white	../fonts/Verdana.ttf	upper
1268261235957	1	REC_START
1268261324676	0	REST
1268261326185	1	FR_PRES	14	METEOR	889	1	0	884	(0.57740000000000002, 0.41289999999999999, 1.0)	../fonts/amplitud.ttf	lower
1268261330218	1	FR_PRES	14	ROACH	1195	1	1	1379	(0.57740000000000002, 0.41289999999999999, 1.0)	../fonts/amplitud.ttf	lower
1268261334259	1	FR_PRES	14	HOUSE	725	1	0	1705	(0.57740000000000002, 0.41289999999999999, 1.0)	../fonts/amplitud.ttf	lower
1268261338217	1	FR_PRES	14	NECKLACE	940	1	0	2123	(0.57740000000000002, 0.41289999999999999, 1.0)	../fonts/amplitud.ttf	lower
1268261342308	1	FR_PRES	14	TERMITE	1451	0	0	1929	(0.42259999999999998, 0.58709999999999996, 0)	../fonts/zerothre.ttf	upper
1268261346225	1	FR_PRES	14	ELECTRICIAN	521	0	1	1508	(0.42259999999999998, 0.58709999999999996, 0)	../fonts/zerothre.ttf	upper
1268261350241	1	FR_PRES	14	CRATER	400	1	0	1236	(0.57740000000000002, 0.41289999999999999, 1.0)	../fonts/amplitud.ttf	lower
1268261354308	1	FR_PRES	14	DANDELION	438	1	0	1664	(0.57740000000000002, 0.41289999999999999, 1.0)	../fonts/amplitud.ttf	lower
1268261358432	1	FR_PRES	14	OCEAN	970	1	0	1789	(0.57740000000000002, 0.41289999999999999, 1.0)	../fonts/amplitud.ttf	lower
1268261362482	1	FR_PRES	14	POLE	1097	1	0	1523	(0.57740000000000002, 0.41289999999999999, 1.0)	../fonts/amplitud.ttf	lower
1268261366407	1	FR_PRES	14	SOLDIER	1344	0	1	974	(0.42259999999999998, 0.58709999999999996, 0)	../fonts/zerothre.ttf	upper
1268261370248	1	FR_PRES	14	SUIT	1402	0	1	1676	(0.42259999999999998, 0.58709999999999996, 0)	../fonts/zerothre.ttf	upper
1268261374364	1	FR_PRES	14	KNOT	788	0	1	1624	(0.42259999999999998, 0.58709999999999996, 0)	../fonts/zerothre.ttf	upper
1268261378189	1	FR_PRES	14	CHIEF	298	0	1	1639	(0.42259999999999998, 0.58709999999999996, 0)	../fonts/zerothre.ttf	upper
1268261382330	1	FR_PRES	14	TRIBE	1505	0	1	2466	(0.42259999999999998, 0.58709999999999996, 0)	../fonts/zerothre.ttf	upper
1268261386330	1	FR_PRES	14	OYSTER	995	0	0	1723	(0.42259999999999998, 0.58709999999999996, 0)	../fonts/zerothre.ttf	upper
1268261392114	1	REC_START
1268261477090	0	REST
1268261478599	1	FR_PRES	15	WATER	1594	0	0	1790	(0.42259999999999998, 0.58709999999999996, 0)	../fonts/zerothre.ttf	upper
1268261482465	1	FR_PRES	15	FRECKLE	602	0	0	1660	(0.42259999999999998, 0.58709999999999996, 0)	../fonts/zerothre.ttf	upper
1268261486673	1	FR_PRES	15	CONTAINER	366	0	1	1972	(0.42259999999999998, 0.58709999999999996, 0)	../fonts/zerothre.ttf	upper
1268261490764	1	FR_PRES	15	SAUCER	1237	0	0	1529	(0.42259999999999998, 0.58709999999999996, 0)	../fonts/zerothre.ttf	upper
1268261494606	1	FR_PRES	15	BLUEPRINT	142	0	0	2294	(0.42259999999999998, 0.58709999999999996, 0)	../fonts/zerothre.ttf	upper
1268261498639	1	FR_PRES	15	APARTMENT	30	0	1	1590	(0.42259999999999998, 0.58709999999999996, 0)	../fonts/zerothre.ttf	upper
1268261502555	1	FR_PRES	15	DIME	466	0	0	1874	(0.42259999999999998, 0.58709999999999996, 0)	../fonts/zerothre.ttf	upper
1268261506613	1	FR_PRES	15	TACK	1428	0	0	2351	(0.42259999999999998, 0.58709999999999996, 0)	../fonts/zerothre.ttf	upper
1268261510505	1	FR_PRES	15	TAIL	1430	0	0	2172	(0.42259999999999998, 0.58709999999999996, 0)	../fonts/zerothre.ttf	upper
1268261514588	1	FR_PRES	15	SUNRISE	1407	0	1	2336	(0.42259999999999998, 0.58709999999999996, 0)	../fonts/zerothre.ttf	upper
1268261518462	1	FR_PRES	15	LITTER	832	0	0	1510	(0.42259999999999998, 0.58709999999999996, 0)	../fonts/zerothre.ttf	upper
1268261522520	1	FR_PRES	15	STEAM	1375	0	0	1837	(0.42259999999999998, 0.58709999999999996, 0)	../fonts/zerothre.ttf	upper
1268261526578	1	FR_PRES	15	BLOCKADE	137	0	1	1955	(0.42259999999999998, 0.58709999999999996, 0)	../fonts/zerothre.ttf	upper
1268261530670	1	FR_PRES	15	GUARD	667	0	1	2182	(0.42259999999999998, 0.58709999999999996, 0)	../fonts/zerothre.ttf	upper
1268261534852	1	FR_PRES	15	TRUCK	1512	0	1	1144	(0.42259999999999998, 0.58709999999999996, 0)	../fonts/zerothre.ttf	upper
1268261538993	1	FR_PRES	15	DOG	480	0	1	1148	(0.42259999999999998, 0.58709999999999996, 0)	../fonts/zerothre.ttf	upper
1268261544927	1	REC_START
1268261643454	0	RECOG_START
1268261643454	1	REC_START
1268261643487	0	RECOG_PRES	0	SHERIFF	1284	-999	P	1718
1268261645578	0	RECOG_CR_PRES	0	SHERIFF	1284	-999	P	1067
1268261647120	1	RECOG_FEEDBACK	1
1268261647919	0	RECOG_PRES	0	MOON	914	-999	P	774
1268261649061	0	RECOG_CR_PRES	0	MOON	914	-999	P	688
1268261650053	1	RECOG_FEEDBACK	1
1268261650868	0	RECOG_PRES	0	POLE	1097	-999	P	593
1268261651835	0	RECOG_CR_PRES	0	POLE	1097	-999	P	442
1268261652594	1	RECOG_FEEDBACK	1
1268261653361	0	RECOG_PRES	0	AUDIENCE	59	-999	P	892
1268261654628	0	RECOG_CR_PRES	0	AUDIENCE	59	-999	P	561
1268261655502	1	RECOG_FEEDBACK	1
1268261656277	0	RECOG_PRES	0	RUNNER	1218	-999	P	519
1268261657161	0	RECOG_CR_PRES	0	RUNNER	1218	-999	P	819
1268261658286	1	RECOG_FEEDBACK	1
1268261659094	0	RECOG_PRES	0	TUB	1514	-999	P	1039
1268261660502	0	RECOG_CR_PRES	0	TUB	1514	-999	P	631
1268261661452	1	RECOG_FEEDBACK	1
1268261662194	0	RECOG_PRES	0	APARTMENT	30	-999	P	802
1268261663368	0	RECOG_CR_PRES	0	APARTMENT	30	-999	P	580
1268261664252	1	RECOG_FEEDBACK	1
1268261664976	0	RECOG_PRES	0	MAILBOX	857	-999	P	2285
1268261667635	0	RECOG_CR_PRES	0	MAILBOX	857	-999	P	586
1268261668576	1	RECOG_FEEDBACK	1
1268261669293	0	RECOG_PRES	0	MANSION	864	-999	P	639
1268261670293	0	RECOG_CR_PRES	0	MANSION	864	-999	P	623
1268261671218	1	RECOG_FEEDBACK	1
1268261671967	0	RECOG_PRES	0	FOOTBALL	591	-999	P	1214
1268261673551	0	RECOG_CR_PRES	0	FOOTBALL	591	-999	P	454
1268261674334	1	RECOG_FEEDBACK	1
1268261675076	0	RECOG_PRES	0	SPINE	1353	-999	P	649
1268261676101	0	RECOG_CR_PRES	0	SPINE	1353	-999	P	480
1268261676892	1	RECOG_FEEDBACK	1
1268261677634	0	RECOG_PRES	0	ATMOSPHERE	54	-999	P	1043
1268261679042	0	RECOG_CR_PRES	0	ATMOSPHERE	54	-999	P	842
1268261680192	1	RECOG_FEEDBACK	1
1268261680991	0	RECOG_PRES	0	CALENDAR	221	-999	P	1430
1268261682791	0	RECOG_CR_PRES	0	CALENDAR	221	-999	P	510
1268261683625	1	RECOG_FEEDBACK	1
1268261684375	0	RECOG_PRES	0	WATER	1594	-999	P	557
1268261685300	0	RECOG_CR_PRES	0	WATER	1594	-999	P	520
1268261686125	1	RECOG_FEEDBACK	1
1268261686866	0	RECOG_PRES	0	TWINE	1529	-999	P	531
1268261687758	0	RECOG_CR_PRES	0	TWINE	1529	-999	P	871
1268261688924	1	RECOG_FEEDBACK	0
1268261689650	0	RECOG_PRES	0	CRYSTAL	418	-999	P	803
1268261690824	0	RECOG_CR_PRES	0	CRYSTAL	418	-999	P	493
1268261691625	1	RECOG_FEEDBACK	1
1268261692366	0	RECOG_PRES	0	CARPET	247	-999	P	911
1268261693650	0	RECOG_CR_PRES	0	CARPET	247	-999	P	531
1268261694483	1	RECOG_FEEDBACK	1
1268261695200	0	RECOG_PRES	0	BLOCKADE	137	-999	P	708
1268261696275	0	RECOG_CR_PRES	0	BLOCKADE	137	-999	P	577
1268261697158	1	RECOG_FEEDBACK	1
1268261697898	0	RECOG_PRES	0	ENEMY	534	-999	P	555
1268261698823	0	RECOG_CR_PRES	0	ENEMY	534	-999	P	566
1268261699683	1	RECOG_FEEDBACK	1
1268261700399	0	RECOG_PRES	0	DEER	444	-999	P	1246
1268261702007	0	RECOG_CR_PRES	0	DEER	444	-999	P	486
1268261702823	1	RECOG_FEEDBACK	1
1268261704466	0	REST
1268261705538	1	REC_START
1268261705574	0	RECOG_PRES	1	STADIUM	1364	-999	P	1023
1268261706964	0	RECOG_CR_PRES	1	STADIUM	1364	-999	P	585
1268261707848	1	RECOG_FEEDBACK	1
1268261708565	0	RECOG_PRES	1	BUREAU	199	-999	P	552
1268261709490	0	RECOG_CR_PRES	1	BUREAU	199	-999	P	531
1268261710332	1	RECOG_FEEDBACK	1
1268261711098	0	RECOG_PRES	1	CHURCH	307	-999	P	451
1268261711922	0	RECOG_CR_PRES	1	CHURCH	307	-999	P	571
1268261712789	1	RECOG_FEEDBACK	1
1268261713590	0	RECOG_PRES	1	PAN	1008	-999	P	1015
1268261714972	0	RECOG_CR_PRES	1	PAN	1008	-999	P	521
1268261715789	1	RECOG_FEEDBACK	1
1268261716573	0	RECOG_PRES	1	COMEDIAN	352	-999	P	1247
1268261718181	0	RECOG_CR_PRES	1	COMEDIAN	352	-999	P	384
1268261718897	1	RECOG_FEEDBACK	1
1268261719640	0	RECOG_PRES	1	COACH	331	-999	P	605
1268261720614	0	RECOG_CR_PRES	1	COACH	331	-999	P	479
1268261721389	1	RECOG_FEEDBACK	1
1268261722164	0	RECOG_PRES	1	FLESH	579	-999	P	425
1268261722963	0	RECOG_CR_PRES	1	FLESH	579	-999	P	722
1268261723988	1	RECOG_FEEDBACK	0
1268261724697	0	RECOG_PRES	1	TREAD	1499	-999	P	828
1268261725896	0	RECOG_CR_PRES	1	TREAD	1499	-999	P	453
1268261726656	1	RECOG_FEEDBACK	1
1268261727389	0	RECOG_PRES	1	SLIDE	1326	-999	P	792
1268261728555	0	RECOG_CR_PRES	1	SLIDE	1326	-999	P	570
1268261729447	1	RECOG_FEEDBACK	1
1268261730255	0	RECOG_PRES	1	BLOUSE	139	-999	P	526
1268261731147	0	RECOG_CR_PRES	1	BLOUSE	139	-999	P	514
1268261731963	1	RECOG_FEEDBACK	1
1268261732755	0	RECOG_PRES	1	SAUCER	1237	-999	P	546
1268261733663	0	RECOG_CR_PRES	1	SAUCER	1237	-999	P	510
1268261734488	1	RECOG_FEEDBACK	1
1268261735288	0	RECOG_PRES	1	FUR	615	-999	P	317
1268261735979	0	RECOG_CR_PRES	1	FUR	615	-999	P	506
1268261736780	1	RECOG_FEEDBACK	1
1268261737538	0	RECOG_PRES	1	BREAD	170	-999	P	467
1268261738380	0	RECOG_CR_PRES	1	BREAD	170	-999	P	512
1268261739205	1	RECOG_FEEDBACK	1
1268261739954	0	RECOG_PRES	1	CITY	314	-999	P	515
1268261740837	0	RECOG_CR_PRES	1	CITY	314	-999	P	456
1268261741613	1	RECOG_FEEDBACK	0
1268261742354	0	RECOG_PRES	1	MILITARY	894	-999	P	1131
1268261743853	0	RECOG_CR_PRES	1	MILITARY	894	-999	P	576
1268261744738	1	RECOG_FEEDBACK	1
1268261745463	0	RECOG_PRES	1	COOKBOOK	373	-999	P	622
1268261746454	0	RECOG_CR_PRES	1	COOKBOOK	373	-999	P	422
1268261747171	1	RECOG_FEEDBACK	1
1268261747970	0	RECOG_PRES	1	CONTAINER	366	-999	P	467
1268261748811	0	RECOG_CR_PRES	1	CONTAINER	366	-999	P	458
1268261749571	1	RECOG_FEEDBACK	1
1268261750321	0	RECOG_PRES	1	BLUEJAY	141	-999	P	475
1268261751162	0	RECOG_CR_PRES	1	BLUEJAY	141	-999	P	467
1268261751936	1	RECOG_FEEDBACK	1
1268261752737	0	RECOG_PRES	1	MARGARINE	868	-999	P	436
1268261753545	0	RECOG_CR_PRES	1	MARGARINE	868	-999	P	524
1268261754362	1	RECOG_FEEDBACK	1
1268261755137	0	RECOG_PRES	1	SHOE	1288	-999	P	396
1268261755902	0	RECOG_CR_PRES	1	SHOE	1288	-999	P	583
1268261756770	1	RECOG_FEEDBACK	1
1268261758195	0	REST
1268261759107	1	REC_START
1268261759137	0	RECOG_PRES	2	LOG	841	-999	P	548
1268261760053	0	RECOG_CR_PRES	2	LOG	841	-999	P	424
1268261760778	1	RECOG_FEEDBACK	0
1268261761503	0	RECOG_PRES	2	CASKET	255	-999	P	686
1268261762561	0	RECOG_CR_PRES	2	CASKET	255	-999	P	484
1268261763320	1	RECOG_FEEDBACK	1
1268261764111	0	RECOG_PRES	2	ENVELOPE	537	-999	P	590
1268261765070	0	RECOG_CR_PRES	2	ENVELOPE	537	-999	P	479
1268261765843	1	RECOG_FEEDBACK	0
1268261766603	0	RECOG_PRES	2	WARRIOR	1589	-999	P	906
1268261767877	0	RECOG_CR_PRES	2	WARRIOR	1589	-999	P	392
1268261768586	1	RECOG_FEEDBACK	1
1268261769319	0	RECOG_PRES	2	SPONGE	1355	-999	P	613
1268261770294	0	RECOG_CR_PRES	2	SPONGE	1355	-999	P	455
1268261771044	1	RECOG_FEEDBACK	1
1268261771835	0	RECOG_PRES	2	CHEMIST	292	-999	P	418
1268261772627	0	RECOG_CR_PRES	2	CHEMIST	292	-999	P	698
1268261773636	1	RECOG_FEEDBACK	0
1268261774361	0	RECOG_PRES	2	HIP	710	-999	P	852
1268261775585	0	RECOG_CR_PRES	2	HIP	710	-999	P	540
1268261776419	1	RECOG_FEEDBACK	1
1268261777160	0	RECOG_PRES	2	CITRUS	313	-999	P	692
1268261778219	0	RECOG_CR_PRES	2	CITRUS	313	-999	P	554
1268261779060	1	RECOG_FEEDBACK	1
1268261779834	0	RECOG_PRES	2	BRANDY	169	-999	P	499
1268261780693	0	RECOG_CR_PRES	2	BRANDY	169	-999	P	504
1268261781510	1	RECOG_FEEDBACK	0
1268261782260	0	RECOG_PRES	2	ELEPHANT	523	-999	P	1129
1268261783752	0	RECOG_CR_PRES	2	ELEPHANT	523	-999	P	453
1268261784518	1	RECOG_FEEDBACK	1
1268261785318	0	RECOG_PRES	2	JUPITER	765	-999	P	1103
1268261786792	0	RECOG_CR_PRES	2	JUPITER	765	-999	P	565
1268261787668	1	RECOG_FEEDBACK	1
1268261788443	0	RECOG_PRES	2	OWNER	993	-999	P	642
1268261789459	0	RECOG_CR_PRES	2	OWNER	993	-999	P	425
1268261790201	1	RECOG_FEEDBACK	1
1268261790950	0	RECOG_PRES	2	LACE	792	-999	P	583
1268261791900	0	RECOG_CR_PRES	2	LACE	792	-999	P	457
1268261792667	1	RECOG_FEEDBACK	1
1268261793451	0	RECOG_PRES	2	COUNTY	389	-999	P	417
1268261794234	0	RECOG_CR_PRES	2	COUNTY	389	-999	P	875
1268261795417	1	RECOG_FEEDBACK	0
1268261796192	0	RECOG_PRES	2	MAILMAN	858	-999	P	644
1268261797201	0	RECOG_CR_PRES	2	MAILMAN	858	-999	P	460
1268261797974	1	RECOG_FEEDBACK	1
1268261798692	0	RECOG_PRES	2	GARDEN	623	-999	P	657
1268261799717	0	RECOG_CR_PRES	2	GARDEN	623	-999	P	576
1268261800600	1	RECOG_FEEDBACK	1
1268261801359	0	RECOG_PRES	2	STY	1397	-999	P	1078
1268261802807	0	RECOG_CR_PRES	2	STY	1397	-999	P	526
1268261803675	1	RECOG_FEEDBACK	1
1268261804450	0	RECOG_PRES	2	FOSSIL	596	-999	P	1187
1268261806008	0	RECOG_CR_PRES	2	FOSSIL	596	-999	P	525
1268261806857	1	RECOG_FEEDBACK	1
1268261807575	0	RECOG_PRES	2	RUG	1215	-999	P	1430
1268261809375	0	RECOG_CR_PRES	2	RUG	1215	-999	P	445
1268261810166	1	RECOG_FEEDBACK	0
1268261810882	0	RECOG_PRES	2	CREAM	402	-999	P	954
1268261812199	0	RECOG_CR_PRES	2	CREAM	402	-999	P	446
1268261812965	1	RECOG_FEEDBACK	1
1268261814533	0	REST
1268261815425	1	REC_START
1268261815457	0	RECOG_PRES	3	HORNET	718	-999	P	580
1268261816407	0	RECOG_CR_PRES	3	HORNET	718	-999	P	453
1268261817157	1	RECOG_FEEDBACK	1
1268261817956	0	RECOG_PRES	3	HELMET	702	-999	P	465
1268261818790	0	RECOG_CR_PRES	3	HELMET	702	-999	P	383
1268261819482	1	RECOG_FEEDBACK	0
1268261820274	0	RECOG_PRES	3	DUMP	505	-999	P	626
1268261821265	0	RECOG_CR_PRES	3	DUMP	505	-999	P	404
1268261821989	1	RECOG_FEEDBACK	1
1268261822757	0	RECOG_PRES	3	POLYESTER	1100	-999	P	600
1268261823732	0	RECOG_CR_PRES	3	POLYESTER	1100	-999	P	417
1268261824465	1	RECOG_FEEDBACK	1
1268261825174	0	RECOG_PRES	3	JAW	751	-999	P	519
1268261826065	0	RECOG_CR_PRES	3	JAW	751	-999	P	396
1268261826765	1	RECOG_FEEDBACK	0
1268261827540	0	RECOG_PRES	3	TROUSERS	1510	-999	P	1057
1268261828972	0	RECOG_CR_PRES	3	TROUSERS	1510	-999	P	441
1268261829723	1	RECOG_FEEDBACK	1
1268261830448	0	RECOG_PRES	3	SWAN	1417	-999	P	540
1268261831356	0	RECOG_CR_PRES	3	SWAN	1417	-999	P	1652
1268261833340	1	RECOG_FEEDBACK	0
1268261834148	0	RECOG_PRES	3	POET	1095	-999	P	585
1268261835106	0	RECOG_CR_PRES	3	POET	1095	-999	P	475
1268261835888	1	RECOG_FEEDBACK	1
1268261836639	0	RECOG_PRES	3	ASIA	46	-999	P	990
1268261837997	0	RECOG_CR_PRES	3	ASIA	46	-999	P	464
1268261838772	1	RECOG_FEEDBACK	1
1268261839514	0	RECOG_PRES	3	VENT	1556	-999	P	651
1268261840539	0	RECOG_CR_PRES	3	VENT	1556	-999	P	425
1268261841281	1	RECOG_FEEDBACK	1
1268261842072	0	RECOG_PRES	3	GIRAFFE	636	-999	P	981
1268261843422	0	RECOG_CR_PRES	3	GIRAFFE	636	-999	P	534
1268261844264	1	RECOG_FEEDBACK	1
1268261845022	0	RECOG_PRES	3	OLIVE	975	-999	P	431
1268261845821	0	RECOG_CR_PRES	3	OLIVE	975	-999	P	643
1268261846821	1	RECOG_FEEDBACK	0
1268261847539	0	RECOG_PRES	3	COBWEB	337	-999	P	1321
1268261849222	0	RECOG_CR_PRES	3	COBWEB	337	-999	P	511
1268261850055	1	RECOG_FEEDBACK	1
1268261850796	0	RECOG_PRES	3	BARN	89	-999	P	585
1268261851755	0	RECOG_CR_PRES	3	BARN	89	-999	P	506
1268261852563	1	RECOG_FEEDBACK	0
1268261853271	0	RECOG_PRES	3	SKILLET	1317	-999	P	1078
1268261854721	0	RECOG_CR_PRES	3	SKILLET	1317	-999	P	596
1268261855630	1	RECOG_FEEDBACK	1
1268261856405	0	RECOG_PRES	3	CLERK	321	-999	P	519
1268261857288	0	RECOG_CR_PRES	3	CLERK	321	-999	P	429
1268261858013	1	RECOG_FEEDBACK	1
1268261858812	0	RECOG_PRES	3	BANKER	84	-999	P	625
1268261859812	0	RECOG_CR_PRES	3	BANKER	84	-999	P	1072
1268261861188	1	RECOG_FEEDBACK	1
1268261861945	0	RECOG_PRES	3	BEE	112	-999	P	740
1268261863054	0	RECOG_CR_PRES	3	BEE	112	-999	P	1151
1268261864521	1	RECOG_FEEDBACK	0
1268261865254	0	RECOG_PRES	3	TOWER	1490	-999	P	999
1268261866629	0	RECOG_CR_PRES	3	TOWER	1490	-999	P	641
1268261867612	1	RECOG_FEEDBACK	1
1268261868412	0	RECOG_PRES	3	SOLDIER	1344	-999	P	464
1268261869237	0	RECOG_CR_PRES	3	SOLDIER	1344	-999	P	512
1268261870054	1	RECOG_FEEDBACK	1
1268261871395	0	REST
1268261872203	1	REC_START
1268261872237	0	RECOG_PRES	4	FOUNTAIN	597	-999	P	1080
1268261873687	0	RECOG_CR_PRES	4	FOUNTAIN	597	-999	P	478
1268261874462	1	RECOG_FEEDBACK	1
1268261875212	0	RECOG_PRES	4	PENGUIN	1044	-999	P	553
1268261876137	0	RECOG_CR_PRES	4	PENGUIN	1044	-999	P	460
1268261876902	1	RECOG_FEEDBACK	1
1268261877628	0	RECOG_PRES	4	GARBAGE	622	-999	P	465
1268261878461	0	RECOG_CR_PRES	4	GARBAGE	622	-999	P	455
1268261879211	1	RECOG_FEEDBACK	1
1268261879985	0	RECOG_PRES	4	RADISH	1158	-999	P	412
1268261880770	0	RECOG_CR_PRES	4	RADISH	1158	-999	P	547
1268261881628	1	RECOG_FEEDBACK	0
1268261882378	0	RECOG_PRES	4	POOL	1103	-999	P	594
1268261883336	0	RECOG_CR_PRES	4	POOL	1103	-999	P	1141
1268261884785	1	RECOG_FEEDBACK	0
1268261885519	0	RECOG_PRES	4	NICKEL	950	-999	P	1014
1268261886901	0	RECOG_CR_PRES	4	NICKEL	950	-999	P	496
1268261887719	1	RECOG_FEEDBACK	1
1268261888502	0	RECOG_PRES	4	KIDNEY	776	-999	P	983
1268261889859	0	RECOG_CR_PRES	4	KIDNEY	776	-999	P	618
1268261890784	1	RECOG_FEEDBACK	1
1268261891527	0	RECOG_PRES	4	PAW	1029	-999	P	1222
1268261893119	0	RECOG_CR_PRES	4	PAW	1029	-999	P	622
1268261894052	1	RECOG_FEEDBACK	1
1268261894792	0	RECOG_PRES	4	MOP	916	-999	P	917
1268261896085	0	RECOG_CR_PRES	4	MOP	916	-999	P	480
1268261896859	1	RECOG_FEEDBACK	1
1268261897568	0	RECOG_PRES	4	BASKET	95	-999	P	2957
1268261900900	0	RECOG_CR_PRES	4	BASKET	95	-999	P	521
1268261901800	1	RECOG_FEEDBACK	0
1268261902610	0	RECOG_PRES	4	SALMON	1227	-999	P	1250
1268261904226	0	RECOG_CR_PRES	4	SALMON	1227	-999	P	515
1268261905084	1	RECOG_FEEDBACK	1
1268261905833	0	RECOG_PRES	4	PIT	1077	-999	P	1075
1268261907276	0	RECOG_CR_PRES	4	PIT	1077	-999	P	441
1268261908018	1	RECOG_FEEDBACK	1
1268261908791	0	RECOG_PRES	4	PIZZA	1079	-999	P	1021
1268261910176	0	RECOG_CR_PRES	4	PIZZA	1079	-999	P	477
1268261910966	1	RECOG_FEEDBACK	1
1268261911742	0	RECOG_PRES	4	GALLON	618	-999	P	1039
1268261913142	0	RECOG_CR_PRES	4	GALLON	618	-999	P	415
1268261913874	1	RECOG_FEEDBACK	1
1268261914625	0	RECOG_PRES	4	MANAGER	863	-999	P	1468
1268261916467	0	RECOG_CR_PRES	4	MANAGER	863	-999	P	385
1268261917175	1	RECOG_FEEDBACK	1
1268261917949	0	RECOG_PRES	4	RESTAURANT	1187	-999	P	1432
1268261919750	0	RECOG_CR_PRES	4	RESTAURANT	1187	-999	P	503
1268261920592	1	RECOG_FEEDBACK	1
1268261921383	0	RECOG_PRES	4	KID	775	-999	P	702
1268261922458	0	RECOG_CR_PRES	4	KID	775	-999	P	418
1268261923183	1	RECOG_FEEDBACK	1
1268261923990	0	RECOG_PRES	4	CAPTAIN	239	-999	P	599
1268261924957	0	RECOG_CR_PRES	4	CAPTAIN	239	-999	P	911
1268261926175	1	RECOG_FEEDBACK	1
1268261926898	0	RECOG_PRES	4	GOVERNOR	651	-999	P	499
1268261927766	0	RECOG_CR_PRES	4	GOVERNOR	651	-999	P	639
1268261928708	1	RECOG_FEEDBACK	0
1268261929499	0	RECOG_PRES	4	GIFT	635	-999	P	890
1268261930758	0	RECOG_CR_PRES	4	GIFT	635	-999	P	639
1268261931699	1	RECOG_FEEDBACK	1
1268261933174	0	REST
1268261934170	1	REC_START
1268261934207	0	RECOG_PRES	5	OTTER	986	-999	P	677
1268261935249	0	RECOG_CR_PRES	5	OTTER	986	-999	P	691
1268261936249	1	RECOG_FEEDBACK	1
1268261937024	0	RECOG_PRES	5	DAGGER	434	-999	P	964
1268261938365	0	RECOG_CR_PRES	5	DAGGER	434	-999	P	487
1268261939149	1	RECOG_FEEDBACK	1
1268261939923	0	RECOG_PRES	5	TEA	1439	-999	P	554
1268261940847	0	RECOG_CR_PRES	5	TEA	1439	-999	P	558
1268261941707	1	RECOG_FEEDBACK	1
1268261942482	0	RECOG_PRES	5	INN	739	-999	P	531
1268261943382	0	RECOG_CR_PRES	5	INN	739	-999	P	526
1268261944232	1	RECOG_FEEDBACK	0
1268261944972	0	RECOG_PRES	5	PORCH	1106	-999	P	649
1268261945989	0	RECOG_CR_PRES	5	PORCH	1106	-999	P	448
1268261946748	1	RECOG_FEEDBACK	0
1268261947506	0	RECOG_PRES	5	SNAKE	1333	-999	P	1211
1268261949090	0	RECOG_CR_PRES	5	SNAKE	1333	-999	P	499
1268261949922	1	RECOG_FEEDBACK	1
1268261950639	0	RECOG_PRES	5	HOSPITAL	721	-999	P	574
1268261951581	0	RECOG_CR_PRES	5	HOSPITAL	721	-999	P	512
1268261952414	1	RECOG_FEEDBACK	0
1268261953223	0	RECOG_PRES	5	CHOCOLATE	306	-999	P	782
1268261954381	0	RECOG_CR_PRES	5	CHOCOLATE	306	-999	P	431
1268261955131	1	RECOG_FEEDBACK	1
1268261955921	0	RECOG_PRES	5	CEILING	265	-999	P	1332
1268261957622	0	RECOG_CR_PRES	5	CEILING	265	-999	P	623
1268261958572	1	RECOG_FEEDBACK	1
1268261959339	0	RECOG_PRES	5	MINT	898	-999	P	617
1268261960322	0	RECOG_CR_PRES	5	MINT	898	-999	P	851
1268261961480	1	RECOG_FEEDBACK	1
1268261962255	0	RECOG_PRES	5	ROD	1203	-999	P	621
1268261963238	0	RECOG_CR_PRES	5	ROD	1203	-999	P	423
1268261963971	1	RECOG_FEEDBACK	0
1268261964730	0	RECOG_PRES	5	PLUMBER	1091	-999	P	1763
1268261966862	0	RECOG_CR_PRES	5	PLUMBER	1091	-999	P	639
1268261967829	1	RECOG_FEEDBACK	1
1268261968580	0	RECOG_PRES	5	REFRIGERATOR	1179	-999	P	705
1268261969646	0	RECOG_CR_PRES	5	REFRIGERATOR	1179	-999	P	519
1268261970471	1	RECOG_FEEDBACK	1
1268261971221	0	RECOG_PRES	5	TRIBE	1505	-999	P	1040
1268261972630	0	RECOG_CR_PRES	5	TRIBE	1505	-999	P	535
1268261973479	1	RECOG_FEEDBACK	1
1268261974229	0	RECOG_PRES	5	EWE	542	-999	P	1024
1268261975629	0	RECOG_CR_PRES	5	EWE	542	-999	P	512
1268261976454	1	RECOG_FEEDBACK	1
1268261977188	0	RECOG_PRES	5	TRAIN	1494	-999	P	744
1268261978296	0	RECOG_CR_PRES	5	TRAIN	1494	-999	P	781
1268261979396	1	RECOG_FEEDBACK	0
1268261980187	0	RECOG_PRES	5	TWEEZERS	1526	-999	P	1306
1268261981861	0	RECOG_CR_PRES	5	TWEEZERS	1526	-999	P	632
1268261982803	1	RECOG_FEEDBACK	1
1268261983512	0	RECOG_PRES	5	LOBBY	836	-999	P	1213
1268261985095	0	RECOG_CR_PRES	5	LOBBY	836	-999	P	526
1268261985936	1	RECOG_FEEDBACK	1
1268261986687	0	RECOG_PRES	5	COOLER	375	-999	P	2518
1268261989578	0	RECOG_CR_PRES	5	COOLER	375	-999	P	531
1268261990453	1	RECOG_FEEDBACK	1
1268261991261	0	RECOG_PRES	5	PHOTO	1055	-999	P	1040
1268261992670	0	RECOG_CR_PRES	5	PHOTO	1055	-999	P	519
1268261993486	1	RECOG_FEEDBACK	1
1268261994994	0	REST
1268261996130	1	REC_START
1268261996161	0	RECOG_PRES	6	ARTIST	43	-999	P	1116
1268261997653	0	RECOG_CR_PRES	6	ARTIST	43	-999	P	752
1268261998711	1	RECOG_FEEDBACK	1
1268261999511	0	RECOG_PRES	6	STREAM	1392	-999	P	622
1268262000502	0	RECOG_CR_PRES	6	STREAM	1392	-999	P	831
1268262001627	1	RECOG_FEEDBACK	1
1268262002369	0	RECOG_PRES	6	GHETTO	633	-999	P	539
1268262003269	0	RECOG_CR_PRES	6	GHETTO	633	-999	P	808
1268262004386	1	RECOG_FEEDBACK	0
1268262005177	0	RECOG_PRES	6	TART	1436	-999	P	815
1268262006385	0	RECOG_CR_PRES	6	TART	1436	-999	P	748
1268262007435	1	RECOG_FEEDBACK	1
1268262008202	0	RECOG_PRES	6	TOTE	1487	-999	P	1155
1268262009727	0	RECOG_CR_PRES	6	TOTE	1487	-999	P	606
1268262010635	1	RECOG_FEEDBACK	1
1268262011352	0	RECOG_PRES	6	HOUSE	725	-999	P	4444
1268262016160	0	RECOG_CR_PRES	6	HOUSE	725	-999	P	501
1268262017035	1	RECOG_FEEDBACK	1
1268262017809	0	RECOG_PRES	6	LADY	794	-999	P	1236
1268262019409	0	RECOG_CR_PRES	6	LADY	794	-999	P	539
1268262020268	1	RECOG_FEEDBACK	1
1268262021009	0	RECOG_PRES	6	TUXEDO	1525	-999	P	668
1268262022051	0	RECOG_CR_PRES	6	TUXEDO	1525	-999	P	570
1268262022925	1	RECOG_FEEDBACK	1
1268262023667	0	RECOG_PRES	6	TRENCH	1503	-999	P	1690
1268262025726	0	RECOG_CR_PRES	6	TRENCH	1503	-999	P	503
1268262026542	1	RECOG_FEEDBACK	1
1268262027284	0	RECOG_PRES	6	ARCHITECT	36	-999	P	889
1268262028542	0	RECOG_CR_PRES	6	ARCHITECT	36	-999	P	495
1268262029342	1	RECOG_FEEDBACK	1
1268262030100	0	RECOG_PRES	6	COOK	372	-999	P	1017
1268262031492	0	RECOG_CR_PRES	6	COOK	372	-999	P	713
1268262032509	1	RECOG_FEEDBACK	0
1268262033233	0	RECOG_PRES	6	MAMMAL	861	-999	P	1012
1268262034617	0	RECOG_CR_PRES	6	MAMMAL	861	-999	P	640
1268262035592	1	RECOG_FEEDBACK	1
1268262036308	0	RECOG_PRES	6	BLUEPRINT	142	-999	P	496
1268262037167	0	RECOG_CR_PRES	6	BLUEPRINT	142	-999	P	414
1268262037874	1	RECOG_FEEDBACK	1
1268262038616	0	RECOG_PRES	6	FROST	609	-999	P	1029
1268262040016	0	RECOG_CR_PRES	6	FROST	609	-999	P	429
1268262040758	1	RECOG_FEEDBACK	1
1268262041491	0	RECOG_PRES	6	OMELET	976	-999	P	1242
1268262043099	0	RECOG_CR_PRES	6	OMELET	976	-999	P	466
1268262043890	1	RECOG_FEEDBACK	1
1268262044608	0	RECOG_PRES	6	DAM	436	-999	P	1445
1268262046424	0	RECOG_CR_PRES	6	DAM	436	-999	P	548
1268262047299	1	RECOG_FEEDBACK	0
1268262048107	0	RECOG_PRES	6	SUITCASE	1403	-999	P	1650
1268262050132	0	RECOG_CR_PRES	6	SUITCASE	1403	-999	P	401
1268262050848	1	RECOG_FEEDBACK	1
1268262051582	0	RECOG_PRES	6	PORPOISE	1109	-999	P	1175
1268262053132	0	RECOG_CR_PRES	6	PORPOISE	1109	-999	P	497
1268262053948	1	RECOG_FEEDBACK	1
1268262054682	0	RECOG_PRES	6	KING	777	-999	P	1083
1268262056140	0	RECOG_CR_PRES	6	KING	777	-999	P	529
1268262056989	1	RECOG_FEEDBACK	1
1268262057757	0	RECOG_PRES	6	SURF	1412	-999	P	1047
1268262059165	0	RECOG_CR_PRES	6	SURF	1412	-999	P	791
1268262060256	1	RECOG_FEEDBACK	1
1268262061623	0	REST
1268262062744	1	REC_START
1268262062781	0	RECOG_PRES	7	GROCERIES	663	-999	P	560
1268262063715	0	RECOG_CR_PRES	7	GROCERIES	663	-999	P	562
1268262064565	1	RECOG_FEEDBACK	0
1268262065323	0	RECOG_PRES	7	TIDE	1465	-999	P	609
1268262066298	0	RECOG_CR_PRES	7	TIDE	1465	-999	P	506
1268262067114	1	RECOG_FEEDBACK	1
1268262067888	0	RECOG_PRES	7	ANTENNA	28	-999	P	541
1268262068797	0	RECOG_CR_PRES	7	ANTENNA	28	-999	P	520
1268262069622	1	RECOG_FEEDBACK	1
1268262070339	0	RECOG_PRES	7	PAD	998	-999	P	569
1268262071272	0	RECOG_CR_PRES	7	PAD	998	-999	P	516
1268262072089	1	RECOG_FEEDBACK	1
1268262072846	0	RECOG_PRES	7	CLAW	319	-999	P	575
1268262073788	0	RECOG_CR_PRES	7	CLAW	319	-999	P	417
1268262074514	1	RECOG_FEEDBACK	1
1268262075280	0	RECOG_PRES	7	ROUGE	1213	-999	P	1421
1268262077072	0	RECOG_CR_PRES	7	ROUGE	1213	-999	P	485
1268262077879	1	RECOG_FEEDBACK	1
1268262078663	0	RECOG_PRES	7	DONKEY	484	-999	P	1197
1268262080222	0	RECOG_CR_PRES	7	DONKEY	484	-999	P	431
1268262080979	1	RECOG_FEEDBACK	0
1268262081705	0	RECOG_PRES	7	RECEIPT	1173	-999	P	908
1268262082987	0	RECOG_CR_PRES	7	RECEIPT	1173	-999	P	578
1268262083862	1	RECOG_FEEDBACK	1
1268262084613	0	RECOG_PRES	7	SUBURB	1399	-999	P	672
1268262085663	0	RECOG_CR_PRES	7	SUBURB	1399	-999	P	438
1268262086396	1	RECOG_FEEDBACK	1
1268262087180	0	RECOG_PRES	7	KNOT	788	-999	P	513
1268262088063	0	RECOG_CR_PRES	7	KNOT	788	-999	P	374
1268262088738	1	RECOG_FEEDBACK	1
1268262089488	0	RECOG_PRES	7	PRINCE	1124	-999	P	933
1268262090795	0	RECOG_CR_PRES	7	PRINCE	1124	-999	P	402
1268262091496	1	RECOG_FEEDBACK	1
1268262092262	0	RECOG_PRES	7	BROCCOLI	176	-999	P	1271
1268262093903	0	RECOG_CR_PRES	7	BROCCOLI	176	-999	P	414
1268262094629	1	RECOG_FEEDBACK	1
1268262095387	0	RECOG_PRES	7	TRUCK	1512	-999	P	650
1268262096412	0	RECOG_CR_PRES	7	TRUCK	1512	-999	P	488
1268262097204	1	RECOG_FEEDBACK	1
1268262097928	0	RECOG_PRES	7	SEASHORE	1263	-999	P	589
1268262098886	0	RECOG_CR_PRES	7	SEASHORE	1263	-999	P	415
1268262099587	1	RECOG_FEEDBACK	1
1268262100379	0	RECOG_PRES	7	LUGGAGE	847	-999	P	970
1268262101720	0	RECOG_CR_PRES	7	LUGGAGE	847	-999	P	477
1268262102503	1	RECOG_FEEDBACK	1
1268262103245	0	RECOG_PRES	7	BLANKET	135	-999	P	360
1268262103977	0	RECOG_CR_PRES	7	BLANKET	135	-999	P	460
1268262104737	1	RECOG_FEEDBACK	0
1268262105478	0	RECOG_PRES	7	CORD	379	-999	P	1015
1268262106860	0	RECOG_CR_PRES	7	CORD	379	-999	P	505
1268262107670	1	RECOG_FEEDBACK	1
1268262108428	0	RECOG_PRES	7	SCISSORS	1250	-999	P	585
1268262109395	0	RECOG_CR_PRES	7	SCISSORS	1250	-999	P	545
1268262110245	1	RECOG_FEEDBACK	1
1268262111036	0	RECOG_PRES	7	MOUTH	926	-999	P	952
1268262112361	0	RECOG_CR_PRES	7	MOUTH	926	-999	P	641
1268262113328	1	RECOG_FEEDBACK	1
1268262114111	0	RECOG_PRES	7	CHEESE	289	-999	P	358
1268262114843	0	RECOG_CR_PRES	7	CHEESE	289	-999	P	410
1268262115553	1	RECOG_FEEDBACK	1
1268262118144	0	REST
1268262119033	1	REC_START
1268262119069	0	RECOG_PRES	8	HAYSTACK	694	-999	P	624
1268262120069	0	RECOG_CR_PRES	8	HAYSTACK	694	-999	P	536
1268262120893	1	RECOG_FEEDBACK	1
1268262121610	0	RECOG_PRES	8	GLUE	643	-999	P	1083
1268262123069	0	RECOG_CR_PRES	8	GLUE	643	-999	P	496
1268262123859	1	RECOG_FEEDBACK	1
1268262124643	0	RECOG_PRES	8	CHECKERS	285	-999	P	898
1268262125909	0	RECOG_CR_PRES	8	CHECKERS	285	-999	P	448
1268262126652	1	RECOG_FEEDBACK	1
1268262127452	0	RECOG_PRES	8	SENATOR	1268	-999	P	609
1268262128435	0	RECOG_CR_PRES	8	SENATOR	1268	-999	P	330
1268262129060	1	RECOG_FEEDBACK	0
1268262129850	0	RECOG_PRES	8	KITCHEN	778	-999	P	747
1268262130967	0	RECOG_CR_PRES	8	KITCHEN	778	-999	P	518
1268262131784	1	RECOG_FEEDBACK	1
1268262132501	0	RECOG_PRES	8	UMBRELLA	1534	-999	P	696
1268262133568	0	RECOG_CR_PRES	8	UMBRELLA	1534	-999	P	493
1268262134359	1	RECOG_FEEDBACK	1
1268262135084	0	RECOG_PRES	8	WASP	1593	-999	P	473
1268262135925	0	RECOG_CR_PRES	8	WASP	1593	-999	P	456
1268262136668	1	RECOG_FEEDBACK	1
1268262137401	0	RECOG_PRES	8	SPATULA	1348	-999	P	555
1268262138317	0	RECOG_CR_PRES	8	SPATULA	1348	-999	P	479
1268262139092	1	RECOG_FEEDBACK	1
1268262139850	0	RECOG_PRES	8	STABLE	1363	-999	P	483
1268262140709	0	RECOG_CR_PRES	8	STABLE	1363	-999	P	400
1268262141409	1	RECOG_FEEDBACK	1
1268262142151	0	RECOG_PRES	8	GUARD	667	-999	P	478
1268262143000	0	RECOG_CR_PRES	8	GUARD	667	-999	P	365
1268262143659	1	RECOG_FEEDBACK	1
1268262144409	0	RECOG_PRES	8	METEOR	889	-999	P	483
1268262145259	0	RECOG_CR_PRES	8	METEOR	889	-999	P	442
1268262145991	1	RECOG_FEEDBACK	1
1268262146709	0	RECOG_PRES	8	DIAMOND	458	-999	P	368
1268262147450	0	RECOG_CR_PRES	8	DIAMOND	458	-999	P	514
1268262148267	1	RECOG_FEEDBACK	0
1268262149067	0	RECOG_PRES	8	OCEAN	970	-999	P	498
1268262149932	0	RECOG_CR_PRES	8	OCEAN	970	-999	P	449
1268262150683	1	RECOG_FEEDBACK	1
1268262151442	0	RECOG_PRES	8	SOFTBALL	1343	-999	P	315
1268262152133	0	RECOG_CR_PRES	8	SOFTBALL	1343	-999	P	592
1268262153016	1	RECOG_FEEDBACK	1
1268262153775	0	RECOG_PRES	8	CRITIC	410	-999	P	478
1268262154625	0	RECOG_CR_PRES	8	CRITIC	410	-999	P	380
1268262155300	1	RECOG_FEEDBACK	1
1268262156100	0	RECOG_PRES	8	COLESLAW	344	-999	P	505
1268262156973	0	RECOG_CR_PRES	8	COLESLAW	344	-999	P	368
1268262157649	1	RECOG_FEEDBACK	1
1268262158433	0	RECOG_PRES	8	CABBAGE	210	-999	P	507
1268262159308	0	RECOG_CR_PRES	8	CABBAGE	210	-999	P	417
1268262160033	1	RECOG_FEEDBACK	0
1268262160774	0	RECOG_PRES	8	PADDLE	1000	-999	P	703
1268262161848	0	RECOG_CR_PRES	8	PADDLE	1000	-999	P	373
1268262162524	1	RECOG_FEEDBACK	1
1268262163332	0	RECOG_PRES	8	HEART	697	-999	P	536
1268262164232	0	RECOG_CR_PRES	8	HEART	697	-999	P	421
1268262164948	1	RECOG_FEEDBACK	1
1268262165691	0	RECOG_PRES	8	CRAYON	401	-999	P	1050
1268262167115	0	RECOG_CR_PRES	8	CRAYON	401	-999	P	602
1268262168015	1	RECOG_FEEDBACK	1
1268262169382	0	REST
1268262170380	1	REC_START
1268262170415	0	RECOG_PRES	9	DOLL	481	-999	P	918
1268262171715	0	RECOG_CR_PRES	9	DOLL	481	-999	P	434
1268262172498	1	RECOG_FEEDBACK	1
1268262173273	0	RECOG_PRES	9	STRAWBERRY	1391	-999	P	1116
1268262174765	0	RECOG_CR_PRES	9	STRAWBERRY	1391	-999	P	336
1268262175415	1	RECOG_FEEDBACK	1
1268262176181	0	RECOG_PRES	9	VAN	1548	-999	P	592
1268262177140	0	RECOG_CR_PRES	9	VAN	1548	-999	P	457
1268262177897	1	RECOG_FEEDBACK	1
1268262178681	0	RECOG_PRES	9	FARM	552	-999	P	452
1268262179506	0	RECOG_CR_PRES	9	FARM	552	-999	P	402
1268262180206	1	RECOG_FEEDBACK	0
1268262181014	0	RECOG_PRES	9	KNUCKLE	789	-999	P	727
1268262182114	0	RECOG_CR_PRES	9	KNUCKLE	789	-999	P	371
1268262182788	1	RECOG_FEEDBACK	1
1268262183498	0	RECOG_PRES	9	PERISCOPE	1050	-999	P	378
1268262184239	0	RECOG_CR_PRES	9	PERISCOPE	1050	-999	P	430
1268262184963	1	RECOG_FEEDBACK	0
1268262185697	0	RECOG_PRES	9	LEG	809	-999	P	404
1268262186472	0	RECOG_CR_PRES	9	LEG	809	-999	P	781
1268262187547	1	RECOG_FEEDBACK	0
1268262188272	0	RECOG_PRES	9	LENS	811	-999	P	876
1268262189547	0	RECOG_CR_PRES	9	LENS	811	-999	P	514
1268262190372	1	RECOG_FEEDBACK	1
1268262191147	0	RECOG_PRES	9	SACK	1220	-999	P	458
1268262191979	0	RECOG_CR_PRES	9	SACK	1220	-999	P	378
1268262192647	1	RECOG_FEEDBACK	1
1268262193364	0	RECOG_PRES	9	LETTUCE	814	-999	P	432
1268262194164	0	RECOG_CR_PRES	9	LETTUCE	814	-999	P	417
1268262194887	1	RECOG_FEEDBACK	0
1268262195680	0	RECOG_PRES	9	RANCH	1166	-999	P	517
1268262196572	0	RECOG_CR_PRES	9	RANCH	1166	-999	P	481
1268262197347	1	RECOG_FEEDBACK	1
1268262198072	0	RECOG_PRES	9	DYNAMITE	511	-999	P	924
1268262199371	0	RECOG_CR_PRES	9	DYNAMITE	511	-999	P	850
1268262200538	1	RECOG_FEEDBACK	1
1268262201313	0	RECOG_PRES	9	GYMNAST	675	-999	P	667
1268262202346	0	RECOG_CR_PRES	9	GYMNAST	675	-999	P	411
1268262203054	1	RECOG_FEEDBACK	1
1268262203853	0	RECOG_PRES	9	AMBULANCE	19	-999	P	928
1268262205146	0	RECOG_CR_PRES	9	AMBULANCE	19	-999	P	459
1268262205912	1	RECOG_FEEDBACK	1
1268262206713	0	RECOG_PRES	9	DIARY	460	-999	P	412
1268262207488	0	RECOG_CR_PRES	9	DIARY	460	-999	P	364
1268262208146	1	RECOG_FEEDBACK	0
1268262208953	0	RECOG_PRES	9	PRODUCER	1129	-999	P	1843
1268262211162	0	RECOG_CR_PRES	9	PRODUCER	1129	-999	P	355
1268262211845	1	RECOG_FEEDBACK	1
1268262212562	0	RECOG_PRES	9	MARINE	869	-999	P	1250
1268262214179	0	RECOG_CR_PRES	9	MARINE	869	-999	P	450
1268262214944	1	RECOG_FEEDBACK	1
1268262215720	0	RECOG_PRES	9	GLASS	639	-999	P	997
1268262217079	0	RECOG_CR_PRES	9	GLASS	639	-999	P	486
1268262217869	1	RECOG_FEEDBACK	1
1268262218645	0	RECOG_PRES	9	CROOK	412	-999	P	1104
1268262220120	0	RECOG_CR_PRES	9	CROOK	412	-999	P	445
1268262220861	1	RECOG_FEEDBACK	1
1268262221586	0	RECOG_PRES	9	SCIENTIST	1249	-999	P	683
1268262222636	0	RECOG_CR_PRES	9	SCIENTIST	1249	-999	P	425
1268262223361	1	RECOG_FEEDBACK	1
1268262224728	0	REST
1268262225927	1	REC_START
1268262225960	0	RECOG_PRES	10	FEMALE	559	-999	P	637
1268262226968	0	RECOG_CR_PRES	10	FEMALE	559	-999	P	381
1268262227644	1	RECOG_FEEDBACK	1
1268262228369	0	RECOG_PRES	10	EAR	513	-999	P	700
1268262229444	0	RECOG_CR_PRES	10	EAR	513	-999	P	305
1268262230044	1	RECOG_FEEDBACK	0
1268262230793	0	RECOG_PRES	10	STAPLER	1372	-999	P	1604
1268262232777	0	RECOG_CR_PRES	10	STAPLER	1372	-999	P	428
1268262233536	1	RECOG_FEEDBACK	1
1268262234311	0	RECOG_PRES	10	TAG	1429	-999	P	454
1268262235136	0	RECOG_CR_PRES	10	TAG	1429	-999	P	317
1268262235744	1	RECOG_FEEDBACK	0
1268262236544	0	RECOG_PRES	10	RIVER	1194	-999	P	525
1268262237444	0	RECOG_CR_PRES	10	RIVER	1194	-999	P	337
1268262238077	1	RECOG_FEEDBACK	1
1268262238793	0	RECOG_PRES	10	FRECKLE	602	-999	P	500
1268262239669	0	RECOG_CR_PRES	10	FRECKLE	602	-999	P	392
1268262240352	1	RECOG_FEEDBACK	1
1268262241118	0	RECOG_PRES	10	SPOON	1357	-999	P	479
1268262241967	0	RECOG_CR_PRES	10	SPOON	1357	-999	P	302
1268262242560	1	RECOG_FEEDBACK	0
1268262243360	0	RECOG_PRES	10	CART	250	-999	P	1405
1268262245126	0	RECOG_CR_PRES	10	CART	250	-999	P	431
1268262245867	1	RECOG_FEEDBACK	1
1268262246643	0	RECOG_PRES	10	SAILOR	1223	-999	P	458
1268262247476	0	RECOG_CR_PRES	10	SAILOR	1223	-999	P	344
1268262248110	1	RECOG_FEEDBACK	0
1268262248917	0	RECOG_PRES	10	PERFUME	1049	-999	P	959
1268262250243	0	RECOG_CR_PRES	10	PERFUME	1049	-999	P	410
1268262250950	1	RECOG_FEEDBACK	1
1268262251709	0	RECOG_PRES	10	TREASURE	1500	-999	P	896
1268262252975	0	RECOG_CR_PRES	10	TREASURE	1500	-999	P	462
1268262253734	1	RECOG_FEEDBACK	1
1268262254509	0	RECOG_PRES	10	BARK	87	-999	P	407
1268262255284	0	RECOG_CR_PRES	10	BARK	87	-999	P	409
1268262256001	1	RECOG_FEEDBACK	1
1268262256800	0	RECOG_PRES	10	ADULT	8	-999	P	421
1268262257592	0	RECOG_CR_PRES	10	ADULT	8	-999	P	340
1268262258226	1	RECOG_FEEDBACK	0
1268262258974	0	RECOG_PRES	10	DIRECTOR	471	-999	P	439
1268262259783	0	RECOG_CR_PRES	10	DIRECTOR	471	-999	P	1181
1268262261259	1	RECOG_FEEDBACK	0
1268262261991	0	RECOG_PRES	10	CONCRETE	361	-999	P	949
1268262263308	0	RECOG_CR_PRES	10	CONCRETE	361	-999	P	465
1268262264075	1	RECOG_FEEDBACK	1
1268262264832	0	RECOG_PRES	10	CLOUD	328	-999	P	548
1268262265758	0	RECOG_CR_PRES	10	CLOUD	328	-999	P	303
1268262266350	1	RECOG_FEEDBACK	1
1268262267158	0	RECOG_PRES	10	DRESS	495	-999	P	543
1268262268075	0	RECOG_CR_PRES	10	DRESS	495	-999	P	338
1268262268716	1	RECOG_FEEDBACK	1
1268262269475	0	RECOG_PRES	10	SERPENT	1270	-999	P	818
1268262270666	0	RECOG_CR_PRES	10	SERPENT	1270	-999	P	459
1268262271416	1	RECOG_FEEDBACK	1
1268262272208	0	RECOG_PRES	10	HOOK	715	-999	P	1365
1268262273948	0	RECOG_CR_PRES	10	HOOK	715	-999	P	393
1268262274674	1	RECOG_FEEDBACK	1
1268262275466	0	RECOG_PRES	10	PUPIL	1143	-999	P	450
1268262276283	0	RECOG_CR_PRES	10	PUPIL	1143	-999	P	338
1268262276915	1	RECOG_FEEDBACK	1
1268262278332	0	REST
1268262279152	1	REC_START
1268262279191	0	RECOG_PRES	11	SHOVEL	1295	-999	P	1334
1268262280898	0	RECOG_CR_PRES	11	SHOVEL	1295	-999	P	395
1268262281615	1	RECOG_FEEDBACK	1
1268262282415	0	RECOG_PRES	11	BANDAGE	79	-999	P	461
1268262283240	0	RECOG_CR_PRES	11	BANDAGE	79	-999	P	309
1268262283839	1	RECOG_FEEDBACK	1
1268262284549	0	RECOG_PRES	11	CRATER	400	-999	P	488
1268262285407	0	RECOG_CR_PRES	11	CRATER	400	-999	P	477
1268262286182	1	RECOG_FEEDBACK	1
1268262286972	0	RECOG_PRES	11	SNAIL	1332	-999	P	968
1268262288307	0	RECOG_CR_PRES	11	SNAIL	1332	-999	P	394
1268262288997	1	RECOG_FEEDBACK	1
1268262289723	0	RECOG_PRES	11	NURSERY	964	-999	P	482
1268262290573	0	RECOG_CR_PRES	11	NURSERY	964	-999	P	920
1268262291789	1	RECOG_FEEDBACK	1
1268262292531	0	RECOG_PRES	11	LAVA	804	-999	P	906
1268262293805	0	RECOG_CR_PRES	11	LAVA	804	-999	P	360
1268262294481	1	RECOG_FEEDBACK	1
1268262295265	0	RECOG_PRES	11	EDITOR	516	-999	P	523
1268262296156	0	RECOG_CR_PRES	11	EDITOR	516	-999	P	457
1268262296905	1	RECOG_FEEDBACK	1
1268262297698	0	RECOG_PRES	11	RACKET	1155	-999	P	427
1268262298498	0	RECOG_CR_PRES	11	RACKET	1155	-999	P	418
1268262299214	1	RECOG_FEEDBACK	0
1268262299972	0	RECOG_PRES	11	GUM	672	-999	P	1497
1268262301838	0	RECOG_CR_PRES	11	GUM	672	-999	P	439
1268262302597	1	RECOG_FEEDBACK	1
1268262303331	0	RECOG_PRES	11	CONTRACT	368	-999	P	1194
1268262304896	0	RECOG_CR_PRES	11	CONTRACT	368	-999	P	365
1268262305572	1	RECOG_FEEDBACK	0
1268262306380	0	RECOG_PRES	11	GROUND	666	-999	P	1681
1268262308430	0	RECOG_CR_PRES	11	GROUND	666	-999	P	462
1268262309222	1	RECOG_FEEDBACK	0
1268262309987	0	RECOG_PRES	11	MIRROR	899	-999	P	1186
1268262311547	0	RECOG_CR_PRES	11	MIRROR	899	-999	P	441
1268262312322	1	RECOG_FEEDBACK	1
1268262313130	0	RECOG_PRES	11	REBEL	1172	-999	P	915
1268262314413	0	RECOG_CR_PRES	11	REBEL	1172	-999	P	503
1268262315213	1	RECOG_FEEDBACK	1
1268262315995	0	RECOG_PRES	11	CLIPPERS	324	-999	P	570
1268262316937	0	RECOG_CR_PRES	11	CLIPPERS	324	-999	P	971
1268262318196	1	RECOG_FEEDBACK	1
1268262318987	0	RECOG_PRES	11	EMPIRE	530	-999	P	538
1268262319895	0	RECOG_CR_PRES	11	EMPIRE	530	-999	P	438
1268262320621	1	RECOG_FEEDBACK	0
1268262321379	0	RECOG_PRES	11	BRACELET	163	-999	P	2682
1268262324437	0	RECOG_CR_PRES	11	BRACELET	163	-999	P	1200
1268262326012	1	RECOG_FEEDBACK	1
1268262326746	0	RECOG_PRES	11	LOBSTER	837	-999	P	531
1268262327646	0	RECOG_CR_PRES	11	LOBSTER	837	-999	P	431
1268262328379	1	RECOG_FEEDBACK	1
1268262329120	0	RECOG_PRES	11	FUDGE	611	-999	P	852
1268262330337	0	RECOG_CR_PRES	11	FUDGE	611	-999	P	571
1268262331195	1	RECOG_FEEDBACK	1
1268262331919	0	RECOG_PRES	11	MARKET	871	-999	P	502
1268262332794	0	RECOG_CR_PRES	11	MARKET	871	-999	P	443
1268262333528	1	RECOG_FEEDBACK	1
1268262334253	0	RECOG_PRES	11	RIB	1188	-999	P	840
1268262335462	0	RECOG_CR_PRES	11	RIB	1188	-999	P	502
1268262336253	1	RECOG_FEEDBACK	1
1268262341985	0	REST
1268262343044	1	REC_START
1268262343086	0	RECOG_PRES	12	CALCULATOR	220	-999	P	943
1268262344403	0	RECOG_CR_PRES	12	CALCULATOR	220	-999	P	338
1268262345028	1	RECOG_FEEDBACK	1
1268262345835	0	RECOG_PRES	12	PURSE	1145	-999	P	946
1268262347144	0	RECOG_CR_PRES	12	PURSE	1145	-999	P	648
1268262348127	1	RECOG_FEEDBACK	1
1268262348876	0	RECOG_PRES	12	UNIVERSE	1540	-999	P	852
1268262350127	0	RECOG_CR_PRES	12	UNIVERSE	1540	-999	P	614
1268262351044	1	RECOG_FEEDBACK	1
1268262351801	0	RECOG_PRES	12	WHALE	1601	-999	P	524
1268262352694	0	RECOG_CR_PRES	12	WHALE	1601	-999	P	311
1268262353302	1	RECOG_FEEDBACK	1
1268262354019	0	RECOG_PRES	12	CHAIR	274	-999	P	538
1268262354926	0	RECOG_CR_PRES	12	CHAIR	274	-999	P	311
1268262355527	1	RECOG_FEEDBACK	1
1268262356335	0	RECOG_PRES	12	PHILOSOPHER	1054	-999	P	334
1268262357043	0	RECOG_CR_PRES	12	PHILOSOPHER	1054	-999	P	378
1268262357718	1	RECOG_FEEDBACK	1
1268262358435	0	RECOG_PRES	12	PAIL	1002	-999	P	505
1268262359302	0	RECOG_CR_PRES	12	PAIL	1002	-999	P	399
1268262360002	1	RECOG_FEEDBACK	1
1268262360735	0	RECOG_PRES	12	SUNRISE	1407	-999	P	910
1268262362018	0	RECOG_CR_PRES	12	SUNRISE	1407	-999	P	403
1268262362718	1	RECOG_FEEDBACK	1
1268262363476	0	RECOG_PRES	12	OPERA	978	-999	P	488
1268262364326	0	RECOG_CR_PRES	12	OPERA	978	-999	P	343
1268262364958	1	RECOG_FEEDBACK	1
1268262365693	0	RECOG_PRES	12	LOVER	846	-999	P	1864
1268262367925	0	RECOG_CR_PRES	12	LOVER	846	-999	P	400
1268262368668	1	RECOG_FEEDBACK	1
1268262369426	0	RECOG_PRES	12	BRAN	167	-999	P	883
1268262370684	0	RECOG_CR_PRES	12	BRAN	167	-999	P	465
1268262371442	1	RECOG_FEEDBACK	1
1268262372167	0	RECOG_PRES	12	CAP	236	-999	P	438
1268262372975	0	RECOG_CR_PRES	12	CAP	236	-999	P	438
1268262373700	1	RECOG_FEEDBACK	0
1268262374492	0	RECOG_PRES	12	GOO	648	-999	P	873
1268262375734	0	RECOG_CR_PRES	12	GOO	648	-999	P	511
1268262376542	1	RECOG_FEEDBACK	1
1268262377350	0	RECOG_PRES	12	CHEERLEADER	288	-999	P	534
1268262378250	0	RECOG_CR_PRES	12	CHEERLEADER	288	-999	P	467
1268262379008	1	RECOG_FEEDBACK	1
1268262379733	0	RECOG_PRES	12	FLANNEL	574	-999	P	560
1268262380667	0	RECOG_CR_PRES	12	FLANNEL	574	-999	P	402
1268262381358	1	RECOG_FEEDBACK	1
1268262382108	0	RECOG_PRES	12	PADDING	999	-999	P	937
1268262383416	0	RECOG_CR_PRES	12	PADDING	999	-999	P	476
1268262384200	1	RECOG_FEEDBACK	1
1268262384957	0	RECOG_PRES	12	BUYER	208	-999	P	959
1268262386283	0	RECOG_CR_PRES	12	BUYER	208	-999	P	490
1268262387075	1	RECOG_FEEDBACK	1
1268262387840	0	RECOG_PRES	12	LEAF	808	-999	P	469
1268262388674	0	RECOG_CR_PRES	12	LEAF	808	-999	P	411
1268262389391	1	RECOG_FEEDBACK	0
1268262390124	0	RECOG_PRES	12	FLOUR	583	-999	P	2057
1268262392549	0	RECOG_CR_PRES	12	FLOUR	583	-999	P	640
1268262393516	1	RECOG_FEEDBACK	1
1268262394257	0	RECOG_PRES	12	SYRINGE	1424	-999	P	940
1268262395566	0	RECOG_CR_PRES	12	SYRINGE	1424	-999	P	559
1268262396416	1	RECOG_FEEDBACK	1
1268262397906	0	REST
1268262398874	1	REC_START
1268262398906	0	RECOG_PRES	13	HOME	712	-999	P	523
1268262399798	0	RECOG_CR_PRES	13	HOME	712	-999	P	383
1268262400499	1	RECOG_FEEDBACK	1
1268262401265	0	RECOG_PRES	13	HANDCUFFS	685	-999	P	388
1268262402023	0	RECOG_CR_PRES	13	HANDCUFFS	685	-999	P	502
1268262402831	1	RECOG_FEEDBACK	0
1268262403548	0	RECOG_PRES	13	FIREPLACE	570	-999	P	793
1268262404715	0	RECOG_CR_PRES	13	FIREPLACE	570	-999	P	346
1268262405365	1	RECOG_FEEDBACK	1
1268262406131	0	RECOG_PRES	13	OPERATOR	979	-999	P	498
1268262406997	0	RECOG_CR_PRES	13	OPERATOR	979	-999	P	472
1268262407765	1	RECOG_FEEDBACK	1
1268262408490	0	RECOG_PRES	13	DESK	452	-999	P	466
1268262409323	0	RECOG_CR_PRES	13	DESK	452	-999	P	370
1268262409988	1	RECOG_FEEDBACK	0
1268262410788	0	RECOG_PRES	13	BATHROOM	99	-999	P	9369
1268262420530	0	RECOG_CR_PRES	13	BATHROOM	99	-999	P	450
1268262421472	1	RECOG_FEEDBACK	1
1268262422247	0	RECOG_PRES	13	OFFICE	972	-999	P	701
1268262423314	0	RECOG_CR_PRES	13	OFFICE	972	-999	P	331
1268262423938	1	RECOG_FEEDBACK	1
1268262424697	0	RECOG_PRES	13	PLAZA	1088	-999	P	468
1268262425538	0	RECOG_CR_PRES	13	PLAZA	1088	-999	P	458
1268262426297	1	RECOG_FEEDBACK	1
1268262427097	0	RECOG_PRES	13	TOOTHBRUSH	1482	-999	P	620
1268262428088	0	RECOG_CR_PRES	13	TOOTHBRUSH	1482	-999	P	1157
1268262429546	1	RECOG_FEEDBACK	0
1268262430338	0	RECOG_PRES	13	FIELD	562	-999	P	1115
1268262431820	0	RECOG_CR_PRES	13	FIELD	562	-999	P	409
1268262432555	1	RECOG_FEEDBACK	1
1268262433346	0	RECOG_PRES	13	TELEPHONE	1445	-999	P	1474
1268262435188	0	RECOG_CR_PRES	13	TELEPHONE	1445	-999	P	473
1268262435970	1	RECOG_FEEDBACK	0
1268262436696	0	RECOG_PRES	13	CHEST	295	-999	P	1933
1268262439004	0	RECOG_CR_PRES	13	CHEST	295	-999	P	553
1268262439878	1	RECOG_FEEDBACK	1
1268262440612	0	RECOG_PRES	13	BROOK	177	-999	P	625
1268262441612	0	RECOG_CR_PRES	13	BROOK	177	-999	P	360
1268262442262	1	RECOG_FEEDBACK	1
1268262443071	0	RECOG_PRES	13	BOULDER	155	-999	P	885
1268262444320	0	RECOG_CR_PRES	13	BOULDER	155	-999	P	437
1268262445054	1	RECOG_FEEDBACK	1
1268262445869	0	RECOG_PRES	13	MOOSE	915	-999	P	536
1268262446779	0	RECOG_CR_PRES	13	MOOSE	915	-999	P	378
1268262447454	1	RECOG_FEEDBACK	1
1268262448212	0	RECOG_PRES	13	CLOWN	330	-999	P	433
1268262449020	0	RECOG_CR_PRES	13	CLOWN	330	-999	P	385
1268262449695	1	RECOG_FEEDBACK	1
1268262450412	0	RECOG_PRES	13	SENATE	1267	-999	P	617
1268262451403	0	RECOG_CR_PRES	13	SENATE	1267	-999	P	346
1268262452036	1	RECOG_FEEDBACK	0
1268262452810	0	RECOG_PRES	13	VELVET	1555	-999	P	627
1268262453810	0	RECOG_CR_PRES	13	VELVET	1555	-999	P	371
1268262454478	1	RECOG_FEEDBACK	1
1268262455245	0	RECOG_PRES	13	CATTLE	261	-999	P	440
1268262456053	0	RECOG_CR_PRES	13	CATTLE	261	-999	P	448
1268262456793	1	RECOG_FEEDBACK	0
1268262457569	0	RECOG_PRES	13	SHELL	1281	-999	P	563
1268262458519	0	RECOG_CR_PRES	13	SHELL	1281	-999	P	365
1268262459178	1	RECOG_FEEDBACK	1
1268262460544	0	REST
1268262461377	1	REC_START
1268262461411	0	RECOG_PRES	14	BASEBALL	93	-999	P	529
1268262462302	0	RECOG_CR_PRES	14	BASEBALL	93	-999	P	319
1268262462918	1	RECOG_FEEDBACK	1
1268262463686	0	RECOG_PRES	14	CROSS	413	-999	P	367
1268262464427	0	RECOG_CR_PRES	14	CROSS	413	-999	P	497
1268262465227	1	RECOG_FEEDBACK	1
1268262465943	0	RECOG_PRES	14	SOFA	1342	-999	P	566
1268262466876	0	RECOG_CR_PRES	14	SOFA	1342	-999	P	513
1268262467694	1	RECOG_FEEDBACK	1
1268262468502	0	RECOG_PRES	14	THORN	1459	-999	P	967
1268262469842	0	RECOG_CR_PRES	14	THORN	1459	-999	P	523
1268262470677	1	RECOG_FEEDBACK	1
1268262471452	0	RECOG_PRES	14	SIDEWALK	1303	-999	P	961
1268262472784	0	RECOG_CR_PRES	14	SIDEWALK	1303	-999	P	541
1268262473635	1	RECOG_FEEDBACK	1
1268262474402	0	RECOG_PRES	14	POSTAGE	1113	-999	P	554
1268262475318	0	RECOG_CR_PRES	14	POSTAGE	1113	-999	P	367
1268262475992	1	RECOG_FEEDBACK	1
1268262476768	0	RECOG_PRES	14	HOSE	720	-999	P	669
1268262477809	0	RECOG_CR_PRES	14	HOSE	720	-999	P	452
1268262478568	1	RECOG_FEEDBACK	1
1268262479359	0	RECOG_PRES	14	BAIT	70	-999	P	694
1268262480426	0	RECOG_CR_PRES	14	BAIT	70	-999	P	867
1268262481609	1	RECOG_FEEDBACK	0
1268262482409	0	RECOG_PRES	14	SNORKEL	1336	-999	P	1012
1268262483791	0	RECOG_CR_PRES	14	SNORKEL	1336	-999	P	462
1268262484551	1	RECOG_FEEDBACK	1
1268262485326	0	RECOG_PRES	14	PIE	1062	-999	P	391
1268262486092	0	RECOG_CR_PRES	14	PIE	1062	-999	P	457
1268262486841	1	RECOG_FEEDBACK	1
1268262487609	0	RECOG_PRES	14	VIRUS	1572	-999	P	444
1268262488426	0	RECOG_CR_PRES	14	VIRUS	1572	-999	P	402
1268262489117	1	RECOG_FEEDBACK	1
1268262489866	0	RECOG_PRES	14	DISC	473	-999	P	419
1268262490650	0	RECOG_CR_PRES	14	DISC	473	-999	P	435
1268262491384	1	RECOG_FEEDBACK	1
1268262492184	0	RECOG_PRES	14	CAMEL	223	-999	P	429
1268262492982	0	RECOG_CR_PRES	14	CAMEL	223	-999	P	415
1268262493692	1	RECOG_FEEDBACK	1
1268262494417	0	RECOG_PRES	14	TANGERINE	1431	-999	P	483
1268262495267	0	RECOG_CR_PRES	14	TANGERINE	1431	-999	P	378
1268262495941	1	RECOG_FEEDBACK	0
1268262496658	0	RECOG_PRES	14	CARRIAGE	248	-999	P	1475
1268262498508	0	RECOG_CR_PRES	14	CARRIAGE	248	-999	P	344
1268262499183	1	RECOG_FEEDBACK	1
1268262499949	0	RECOG_PRES	14	GRILL	661	-999	P	544
1268262500865	0	RECOG_CR_PRES	14	GRILL	661	-999	P	756
1268262501924	1	RECOG_FEEDBACK	1
1268262502716	0	RECOG_PRES	14	TRUMPET	1513	-999	P	1025
1268262504116	0	RECOG_CR_PRES	14	TRUMPET	1513	-999	P	401
1268262504823	1	RECOG_FEEDBACK	1
1268262505541	0	RECOG_PRES	14	DIME	466	-999	P	632
1268262506549	0	RECOG_CR_PRES	14	DIME	466	-999	P	552
1268262507399	1	RECOG_FEEDBACK	1
1268262508157	0	RECOG_PRES	14	CAGE	218	-999	P	616
1268262509141	0	RECOG_CR_PRES	14	CAGE	218	-999	P	360
1268262509798	1	RECOG_FEEDBACK	1
1268262510516	0	RECOG_PRES	14	LUNG	850	-999	P	1081
1268262511964	0	RECOG_CR_PRES	14	LUNG	850	-999	P	481
1268262512757	1	RECOG_FEEDBACK	1
1268262514299	0	REST
1268262515421	1	REC_START
1268262515457	0	RECOG_PRES	15	PATH	1023	-999	P	1052
1268262516881	0	RECOG_CR_PRES	15	PATH	1023	-999	P	420
1268262517598	1	RECOG_FEEDBACK	0
1268262518357	0	RECOG_PRES	15	MOTEL	919	-999	P	696
1268262519423	0	RECOG_CR_PRES	15	MOTEL	919	-999	P	358
1268262520082	1	RECOG_FEEDBACK	1
1268262520839	0	RECOG_PRES	15	DETERGENT	455	-999	P	934
1268262522140	0	RECOG_CR_PRES	15	DETERGENT	455	-999	P	393
1268262522839	1	RECOG_FEEDBACK	1
1268262523615	0	RECOG_PRES	15	DIRT	472	-999	P	982
1268262524972	0	RECOG_CR_PRES	15	DIRT	472	-999	P	473
1268262525756	1	RECOG_FEEDBACK	1
1268262526539	0	RECOG_PRES	15	FISH	571	-999	P	978
1268262527888	0	RECOG_CR_PRES	15	FISH	571	-999	P	549
1268262528731	1	RECOG_FEEDBACK	1
1268262529464	0	RECOG_PRES	15	TUNA	1518	-999	P	1237
1268262531072	0	RECOG_CR_PRES	15	TUNA	1518	-999	P	589
1268262531963	1	RECOG_FEEDBACK	1
1268262532756	0	RECOG_PRES	15	BULL	193	-999	P	489
1268262533614	0	RECOG_CR_PRES	15	BULL	193	-999	P	294
1268262534197	1	RECOG_FEEDBACK	1
1268262534963	0	RECOG_PRES	15	CHERRY	293	-999	P	514
1268262535846	0	RECOG_CR_PRES	15	CHERRY	293	-999	P	431
1268262536572	1	RECOG_FEEDBACK	1
1268262537280	0	RECOG_PRES	15	HAIL	676	-999	P	604
1268262538247	0	RECOG_CR_PRES	15	HAIL	676	-999	P	422
1268262538962	1	RECOG_FEEDBACK	1
1268262539672	0	RECOG_PRES	15	ACTOR	5	-999	P	509
1268262540563	0	RECOG_CR_PRES	15	ACTOR	5	-999	P	377
1268262541247	1	RECOG_FEEDBACK	1
1268262541979	0	RECOG_PRES	15	RATTLE	1170	-999	P	929
1268262543272	0	RECOG_CR_PRES	15	RATTLE	1170	-999	P	381
1268262543954	1	RECOG_FEEDBACK	1
1268262544713	0	RECOG_PRES	15	OAR	966	-999	P	892
1268262545979	0	RECOG_CR_PRES	15	OAR	966	-999	P	354
1268262546638	1	RECOG_FEEDBACK	0
1268262547430	0	RECOG_PRES	15	COLLEGE	346	-999	P	1558
1268262549354	0	RECOG_CR_PRES	15	COLLEGE	346	-999	P	586
1268262550271	1	RECOG_FEEDBACK	0
1268262551088	0	RECOG_PRES	15	MATCH	878	-999	P	876
1268262552329	0	RECOG_CR_PRES	15	MATCH	878	-999	P	483
1268262553129	1	RECOG_FEEDBACK	1
1268262553928	0	RECOG_PRES	15	HAT	690	-999	P	1381
1268262555679	0	RECOG_CR_PRES	15	HAT	690	-999	P	430
1268262556429	1	RECOG_FEEDBACK	0
1268262557187	0	RECOG_PRES	15	TAIL	1430	-999	P	1258
1268262558819	0	RECOG_CR_PRES	15	TAIL	1430	-999	P	442
1268262559579	1	RECOG_FEEDBACK	1
1268262560337	0	RECOG_PRES	15	HOOP	716	-999	P	1019
1268262561729	0	RECOG_CR_PRES	15	HOOP	716	-999	P	492
1268262562537	1	RECOG_FEEDBACK	1
1268262563287	0	RECOG_PRES	15	PENCIL	1042	-999	P	1134
1268262564794	0	RECOG_CR_PRES	15	PENCIL	1042	-999	P	699
1268262565794	1	RECOG_FEEDBACK	1
1268262566587	0	RECOG_PRES	15	BINDER	127	-999	P	498
1268262567453	0	RECOG_CR_PRES	15	BINDER	127	-999	P	343
1268262568103	1	RECOG_FEEDBACK	1
1268262568827	0	RECOG_PRES	15	CRUTCH	417	-999	P	1049
1268262570245	0	RECOG_CR_PRES	15	CRUTCH	417	-999	P	543
1268262571086	1	RECOG_FEEDBACK	1
1268262571921	0	RECOG_END
1268262580752	0	SESS_END
1268262580797	0	E	Logging Ends
