1279047128675	0	B	Logging Begins
1279047158035	0	START
1279047158059	1	PROB	'1 + 1 + 5 = '	'7'	1	986	1
1279047159076	1	PROB	'3 + 7 + 2 = '	'12'	1	920	1
1279047160034	1	PROB	'3 + 7 + 3 = '	'13'	1	722	1
1279047160791	1	PROB	'7 + 4 + 9 = '	'20'	1	1278	1
1279047162101	1	PROB	'8 + 2 + 2 = '	'12'	1	1184	1
1279047163317	1	PROB	'5 + 7 + 5 = '	'17'	1	1383	1
1279047164733	1	PROB	'4 + 5 + 1 = '	'10'	1	815	1
1279047165582	1	PROB	'1 + 1 + 8 = '	'10'	1	887	1
1279047166500	1	PROB	'2 + 2 + 3 = '	'7'	1	865	1
1279047167400	1	PROB	'2 + 4 + 4 = '	'10'	1	981	1
1279047168417	1	PROB	'1 + 4 + 8 = '	'11'	0	1012	1
1279047169467	1	PROB	'3 + 5 + 9 = '	'17'	1	1337	1
1279047170840	1	PROB	'9 + 1 + 4 = '	'14'	1	1405	1
1279047172283	1	PROB	'7 + 5 + 5 = '	'17'	1	946	1
1279047173266	1	PROB	'9 + 5 + 3 = '	'17'	1	1410	1
1279047174707	1	PROB	'1 + 4 + 9 = '	'14'	1	1161	1
1279047175907	1	PROB	'1 + 9 + 2 = '	'12'	1	1033	1
1279047176940	0	STOP
1279047264143	0	START
1279047265243	1	PROB	'2 + 1 + 4 = '	'7'	1	810	1
1279047266084	1	PROB	'3 + 4 + 9 = '	'16'	1	1816	1
1279047267933	1	PROB	'1 + 5 + 8 = '	'15'	0	1136	1
1279047269101	1	PROB	'7 + 6 + 7 = '	'20'	1	1711	1
1279047270812	0	STOP
1279047351128	0	START
1279047352635	1	PROB	'8 + 4 + 4 = '	'16'	1	1426	1
1279047354094	1	PROB	'7 + 4 + 2 = '	'13'	1	1439	1
1279047355568	1	PROB	'3 + 9 + 7 = '	'19'	1	1060	1
1279047356660	1	PROB	'4 + 4 + 3 = '	'11'	1	936	1
1279047357626	1	PROB	'7 + 3 + 3 = '	'13'	1	859	1
1279047358485	0	STOP
1279047363244	0	START
1279047364135	1	PROB	'9 + 6 + 5 = '	'20'	1	1102	1
1279047365269	1	PROB	'7 + 6 + 2 = '	'15'	1	928	1
1279047366235	1	PROB	'4 + 6 + 5 = '	'15'	1	954	1
1279047367227	1	PROB	'2 + 9 + 5 = '	'16'	1	1210	1
1279047368477	1	PROB	'7 + 7 + 5 = '	'19'	1	1016	1
1279047369527	1	PROB	'3 + 1 + 6 = '	'10'	1	830	1
1279047370357	0	STOP
1279047375377	0	START
1279047376468	1	PROB	'2 + 4 + 1 = '	'7'	1	801	1
1279047377301	1	PROB	'1 + 8 + 6 = '	'15'	1	1216	1
1279047378550	1	PROB	'5 + 5 + 2 = '	'12'	1	879	1
1279047379468	1	PROB	'9 + 5 + 9 = '	'23'	1	1512	1
1279047381017	1	PROB	'3 + 7 + 5 = '	'15'	1	931	1
1279047381948	0	STOP
1279047387376	0	START
1279047388325	1	PROB	'9 + 8 + 9 = '	'25'	0	1696	1
1279047390058	1	PROB	'6 + 9 + 6 = '	'21'	1	1059	1
1279047391150	1	PROB	'8 + 9 + 8 = '	'25'	1	1863	1
1279047393050	1	PROB	'6 + 5 + 1 = '	'12'	1	810	1
1279047393860	0	STOP
1279047399217	0	START
1279047400341	1	PROB	'1 + 7 + 5 = '	'13'	1	1024	1
1279047401399	1	PROB	'8 + 4 + 1 = '	'13'	1	822	1
1279047402257	1	PROB	'6 + 4 + 5 = '	'15'	1	836	1
1279047403132	1	PROB	'6 + 6 + 3 = '	'15'	1	1273	1
1279047404441	1	PROB	'5 + 8 + 2 = '	'15'	1	1732	1
1279047406173	0	STOP
1279047411132	0	START
1279047412157	1	PROB	'2 + 5 + 6 = '	'13'	1	1040	1
1279047413232	1	PROB	'8 + 4 + 2 = '	'14'	1	1532	1
1279047414797	1	PROB	'7 + 2 + 7 = '	'16'	1	983	1
1279047415814	1	PROB	'1 + 4 + 7 = '	'13'	0	1006	1
1279047419131	0	STOP
1279047423015	0	START
1279047423938	1	PROB	'8 + 9 + 8 = '	'26'	0	1275	1
1279047425247	1	PROB	'6 + 1 + 4 = '	'11'	1	926	1
1279047426206	1	PROB	'8 + 3 + 5 = '	'16'	1	1151	1
1279047427389	1	PROB	'5 + 5 + 6 = '	'16'	1	856	1
1279047428280	1	PROB	'1 + 9 + 9 = '	'19'	1	1093	1
1279047431014	0	STOP
1279047434854	0	START
1279047435804	1	PROB	'6 + 8 + 8 = '	'22'	1	1920	1
1279047437762	1	PROB	'8 + 5 + 9 = '	'22'	1	1547	1
1279047439346	1	PROB	'4 + 5 + 4 = '	'13'	1	1091	1
1279047440471	1	PROB	'9 + 2 + 4 = '	'15'	1	1054	1
1279047441525	0	STOP
1279047446970	0	START
1279047448096	1	PROB	'2 + 6 + 9 = '	'17'	1	1213	1
1279047449346	1	PROB	'8 + 7 + 9 = '	'25'	0	1554	1
1279047450936	1	PROB	'1 + 9 + 2 = '	'12'	1	956	1
1279047451928	1	PROB	'2 + 6 + 9 = '	'17'	1	1620	1
1279047453548	0	STOP
1279047458811	0	START
1279047459944	1	PROB	'5 + 8 + 3 = '	'16'	1	1052	1
1279047461028	1	PROB	'7 + 4 + 2 = '	'13'	1	928	1
1279047461994	1	PROB	'7 + 3 + 5 = '	'15'	1	1059	1
1279047463086	1	PROB	'4 + 8 + 4 = '	'16'	1	1023	1
1279047464144	1	PROB	'4 + 3 + 5 = '	'12'	1	1293	1
1279047465437	0	STOP
1279047470968	0	START
1279047471851	1	PROB	'7 + 7 + 3 = '	'17'	1	1073	1
1279047472959	1	PROB	'5 + 8 + 2 = '	'15'	1	805	1
1279047473801	1	PROB	'6 + 4 + 9 = '	'19'	1	995	1
1279047474834	1	PROB	'3 + 9 + 6 = '	'18'	1	1635	1
1279047478968	0	STOP
1279047483044	0	START
1279047484026	1	PROB	'3 + 5 + 1 = '	'9'	1	818	1
1279047484875	1	PROB	'8 + 8 + 9 = '	'26'	0	1338	1
1279047486251	1	PROB	'9 + 9 + 4 = '	'22'	1	1202	1
1279047487484	1	PROB	'1 + 2 + 2 = '	'5'	1	761	1
1279047488284	1	PROB	'9 + 6 + 5 = '	'20'	1	1608	1
1279047489892	0	STOP
1279047495193	0	START
1279047496259	1	PROB	'1 + 5 + 7 = '	'13'	1	810	1
1279047497100	1	PROB	'1 + 5 + 5 = '	'11'	1	840	1
1279047497974	1	PROB	'6 + 7 + 4 = '	'14'	0	1143	1
1279047499150	1	PROB	'5 + 5 + 4 = '	'14'	1	911	1
1279047500100	1	PROB	'5 + 3 + 7 = '	'15'	1	816	1
1279047500949	1	PROB	'3 + 5 + 2 = '	'10'	1	1552	1
1279047502501	0	STOP
1279047507208	0	START
1279047508066	1	PROB	'7 + 4 + 2 = '	'13'	1	1714	1
1279047509815	1	PROB	'2 + 7 + 6 = '	'15'	1	1486	1
1279047511333	1	PROB	'5 + 4 + 6 = '	'15'	1	944	1
1279047512316	1	PROB	'2 + 7 + 8 = '	'12'	0	985	1
1279047513332	1	PROB	'8 + 5 + 8 = '	'21'	1	1384	1
1279047514716	0	STOP
1279047519132	0	START
1279047520307	1	PROB	'6 + 6 + 6 = '	'18'	1	2034	1
1279047522373	1	PROB	'7 + 9 + 5 = '	'21'	1	1728	1
1279047524140	1	PROB	'7 + 1 + 8 = '	'16'	1	1257	1
1279047525432	1	PROB	'8 + 5 + 3 = '	'16'	1	1077	1
1279047526509	0	STOP
1279047531115	0	START
1279047532114	1	PROB	'9 + 7 + 2 = '	'18'	1	1363	1
1279047533514	1	PROB	'5 + 2 + 4 = '	'11'	1	1707	1
1279047535256	1	PROB	'9 + 3 + 8 = '	'20'	1	1308	1
1279047536596	1	PROB	'1 + 6 + 9 = '	'16'	1	1064	1
1279047537660	0	STOP
1279047543180	0	START
1279047544263	1	PROB	'8 + 7 + 5 = '	'20'	1	1453	1
1279047545754	1	PROB	'8 + 4 + 5 = '	'17'	1	1347	1
1279047547138	1	PROB	'2 + 8 + 5 = '	'15'	1	1107	1
1279047548280	1	PROB	'3 + 7 + 3 = '	'13'	1	1101	1
1279047549413	1	PROB	'3 + 6 + 8 = '	'17'	1	1215	1
1279047550628	0	STOP
1279047695102	0	START
1279047696060	1	PROB	'7 + 7 + 7 = '	'21'	1	840	1
1279047696934	1	PROB	'3 + 2 + 6 = '	'11'	1	1239	1
1279047698210	1	PROB	'6 + 1 + 2 = '	'9'	1	1115	1
1279047699360	1	PROB	'4 + 7 + 7 = '	'18'	1	1109	1
1279047700502	1	PROB	'2 + 7 + 5 = '	'14'	1	1615	1
1279047702152	1	PROB	'9 + 5 + 1 = '	'15'	1	909	1
1279047703093	1	PROB	'7 + 5 + 8 = '	'22'	0	1711	1
1279047704842	1	PROB	'4 + 7 + 2 = '	'13'	1	978	1
1279047705859	1	PROB	'5 + 3 + 4 = '	'12'	1	1025	1
1279047706917	1	PROB	'2 + 9 + 3 = '	'14'	1	1176	1
1279047708126	1	PROB	'7 + 4 + 6 = '	'17'	1	975	1
1279047711102	0	STOP
1279047855714	0	START
1279047856914	1	PROB	'5 + 5 + 6 = '	'16'	1	922	1
1279047857872	1	PROB	'9 + 7 + 7 = '	'23'	1	1381	1
1279047859290	1	PROB	'7 + 4 + 7 = '	'18'	1	1131	1
1279047860456	1	PROB	'4 + 9 + 4 = '	'17'	1	1316	1
1279047861805	1	PROB	'2 + 9 + 8 = '	'19'	1	1376	1
1279047863181	0	STOP
1279047942334	0	START
1279047943841	1	PROB	'3 + 2 + 1 = '	'6'	1	747	1
1279047944624	1	PROB	'4 + 3 + 8 = '	'15'	1	1060	1
1279047945716	1	PROB	'6 + 1 + 2 = '	'9'	1	960	1
1279047946707	1	PROB	'8 + 5 + 3 = '	'16'	1	1129	1
1279047947874	1	PROB	'9 + 8 + 3 = '	'20'	1	1339	1
1279047949250	1	PROB	'5 + 9 + 5 = '	'19'	1	883	1
1279047950166	1	PROB	'3 + 3 + 7 = '	'13'	1	975	1
1279047951174	1	PROB	'4 + 1 + 6 = '	'11'	1	839	1
1279047952049	1	PROB	'9 + 4 + 4 = '	'17'	1	996	1
1279047953083	1	PROB	'7 + 1 + 2 = '	'10'	1	1258	1
1279047954383	1	PROB	'2 + 4 + 2 = '	'8'	1	1158	1
1279047955590	1	PROB	'8 + 3 + 7 = '	'18'	1	1078	1
1279047956706	1	PROB	'1 + 6 + 3 = '	'10'	1	978	1
1279047957684	0	STOP
1279047962532	0	START
1279047963631	1	PROB	'2 + 3 + 2 = '	'7'	1	1317	1
1279047964989	1	PROB	'4 + 3 + 4 = '	'11'	1	1879	1
1279047966906	1	PROB	'3 + 2 + 3 = '	'8'	1	954	1
1279047967897	1	PROB	'3 + 8 + 4 = '	'15'	1	979	1
1279047968914	1	PROB	'9 + 5 + 3 = '	'17'	1	1163	1
1279047970115	1	PROB	'2 + 7 + 3 = '	'12'	1	833	1
1279047970989	1	PROB	'7 + 7 + 3 = '	'17'	1	1935	1
1279047972964	1	PROB	'1 + 8 + 8 = '	'17'	1	1313	1
1279047974323	1	PROB	'7 + 7 + 4 = '	'18'	1	898	1
1279047975256	1	PROB	'2 + 2 + 2 = '	'6'	1	749	1
1279047976039	1	PROB	'9 + 7 + 1 = '	'17'	1	1086	1
1279047977125	0	STOP
1279047982597	0	START
1279047983629	1	PROB	'5 + 2 + 4 = '	'11'	1	1367	1
1279047985039	1	PROB	'7 + 9 + 8 = '	'24'	1	1398	1
1279047986472	1	PROB	'1 + 1 + 5 = '	'7'	1	741	1
1279047987255	1	PROB	'4 + 1 + 9 = '	'14'	1	1126	1
1279047988422	1	PROB	'3 + 1 + 1 = '	'5'	1	775	1
1279047989238	1	PROB	'3 + 7 + 6 = '	'16'	1	943	1
1279047990230	1	PROB	'4 + 5 + 9 = '	'18'	1	1710	1
1279047991987	1	PROB	'3 + 2 + 4 = '	'9'	1	849	1
1279047992870	1	PROB	'2 + 9 + 5 = '	'16'	1	1271	1
1279047994180	1	PROB	'3 + 9 + 3 = '	'15'	1	1760	1
1279047995987	1	PROB	'3 + 4 + 4 = '	'11'	1	1146	1
1279047997133	0	STOP
1279048002712	0	START
1279048003661	1	PROB	'2 + 3 + 6 = '	'11'	1	1648	1
1279048005354	1	PROB	'5 + 1 + 1 = '	'7'	1	739	1
1279048006137	1	PROB	'2 + 4 + 9 = '	'15'	1	1092	1
1279048007279	1	PROB	'1 + 4 + 2 = '	'7'	1	1070	1
1279048008395	1	PROB	'5 + 4 + 6 = '	'15'	1	1074	1
1279048009512	1	PROB	'6 + 7 + 7 = '	'23'	0	1388	1
1279048010944	1	PROB	'2 + 9 + 7 = '	'18'	1	1277	1
1279048012270	1	PROB	'1 + 2 + 3 = '	'6'	1	670	1
1279048012985	1	PROB	'5 + 8 + 2 = '	'15'	1	939	1
1279048013969	1	PROB	'8 + 4 + 1 = '	'13'	1	1204	1
1279048015220	1	PROB	'3 + 9 + 6 = '	'18'	1	1305	1
1279048016569	1	PROB	'5 + 2 + 2 = '	'9'	1	1011	1
1279048017580	0	STOP
1279048022652	0	START
1279048023801	1	PROB	'3 + 3 + 7 = '	'1'	0	1228	1
1279048025077	1	PROB	'3 + 2 + 1 = '	'6'	1	751	1
1279048025876	1	PROB	'1 + 4 + 1 = '	'6'	1	1545	1
1279048027469	1	PROB	'8 + 4 + 9 = '	'21'	1	1327	1
1279048028843	1	PROB	'8 + 3 + 9 = '	'20'	1	1362	1
1279048030252	1	PROB	'6 + 9 + 4 = '	'19'	1	1169	1
1279048031468	1	PROB	'2 + 8 + 1 = '	'11'	1	897	1
1279048032410	1	PROB	'7 + 7 + 7 = '	'21'	1	827	1
1279048033285	1	PROB	'9 + 6 + 5 = '	'20'	1	3168	1
1279048036501	1	PROB	'6 + 8 + 7 = '	'21'	1	952	1
1279048037453	0	STOP
1279048042717	0	START
1279048043900	1	PROB	'8 + 9 + 6 = '	'23'	1	1752	1
1279048045700	1	PROB	'2 + 6 + 4 = '	'12'	1	2104	1
1279048047850	1	PROB	'1 + 2 + 4 = '	'7'	1	914	1
1279048048808	1	PROB	'8 + 2 + 9 = '	'19'	1	932	1
1279048049783	1	PROB	'8 + 7 + 7 = '	'22'	1	1478	1
1279048051309	1	PROB	'5 + 6 + 9 = '	'20'	1	1952	1
1279048053308	1	PROB	'1 + 1 + 1 = '	'3'	1	809	1
1279048054167	1	PROB	'4 + 8 + 7 = '	'19'	1	1397	1
1279048055607	1	PROB	'4 + 8 + 2 = '	'14'	1	1149	1
1279048056799	1	PROB	'4 + 8 + 7 = '	'19'	1	1494	1
1279048058293	0	STOP
1279048062682	0	START
1279048063682	1	PROB	'1 + 1 + 1 = '	'3'	1	635	1
1279048064366	1	PROB	'2 + 7 + 8 = '	'17'	1	1903	1
1279048066316	1	PROB	'4 + 9 + 8 = '	'21'	1	1161	1
1279048067524	1	PROB	'6 + 9 + 8 = '	'23'	1	1192	1
1279048068765	1	PROB	'2 + 2 + 5 = '	'9'	1	959	1
1279048069773	1	PROB	'2 + 4 + 4 = '	'10'	1	935	1
1279048070756	1	PROB	'4 + 2 + 6 = '	'12'	1	888	1
1279048071689	1	PROB	'7 + 1 + 6 = '	'14'	1	1099	1
1279048072831	1	PROB	'4 + 8 + 3 = '	'15'	1	1765	1
1279048074639	1	PROB	'7 + 1 + 6 = '	'14'	1	1133	1
1279048075814	1	PROB	'4 + 5 + 8 = '	'17'	1	1591	1
1279048077405	0	STOP
1279048082523	0	START
1279048083340	1	PROB	'9 + 5 + 7 = '	'21'	1	1344	1
1279048084730	1	PROB	'7 + 1 + 4 = '	'12'	1	2275	1
1279048087048	1	PROB	'4 + 9 + 2 = '	'15'	1	1069	1
1279048088164	1	PROB	'6 + 2 + 7 = '	'15'	1	1001	1
1279048089214	1	PROB	'9 + 7 + 3 = '	'19'	1	1007	1
1279048090264	1	PROB	'5 + 7 + 7 = '	'19'	1	1165	1
1279048091472	1	PROB	'8 + 2 + 3 = '	'13'	1	893	1
1279048092414	1	PROB	'1 + 9 + 3 = '	'13'	1	943	1
1279048093405	1	PROB	'4 + 2 + 7 = '	'16'	0	1088	1
1279048094539	1	PROB	'8 + 8 + 3 = '	'19'	1	1081	1
1279048095663	1	PROB	'7 + 7 + 5 = '	'19'	1	1101	1
1279048096812	1	PROB	'4 + 3 + 6 = '	'13'	1	968	1
1279048097780	0	STOP
1279048102389	0	START
1279048103480	1	PROB	'5 + 4 + 3 = '	'12'	1	949	1
1279048104463	1	PROB	'2 + 7 + 4 = '	'13'	1	1261	1
1279048105770	1	PROB	'4 + 8 + 1 = '	'13'	1	842	1
1279048106653	1	PROB	'1 + 4 + 1 = '	'6'	1	816	1
1279048107504	1	PROB	'4 + 8 + 9 = '	'21'	1	1845	1
1279048109396	1	PROB	'3 + 1 + 9 = '	'13'	1	2264	1
1279048111695	1	PROB	'5 + 7 + 5 = '	'17'	1	1021	1
1279048112753	1	PROB	'3 + 3 + 9 = '	'15'	1	1252	1
1279048114046	1	PROB	'7 + 3 + 2 = '	'12'	1	1215	1
1279048115295	1	PROB	'7 + 3 + 5 = '	'15'	1	846	1
1279048116179	1	PROB	'5 + 7 + 7 = '	'19'	1	1026	1
1279048117205	0	STOP
1279048122569	0	START
1279048123727	1	PROB	'6 + 4 + 1 = '	'11'	1	1069	1
1279048124835	1	PROB	'6 + 4 + 9 = '	'19'	1	1049	1
1279048125927	1	PROB	'9 + 5 + 2 = '	'16'	1	1270	1
1279048127245	1	PROB	'5 + 1 + 4 = '	'10'	1	872	1
1279048128153	1	PROB	'8 + 5 + 4 = '	'17'	1	1204	1
1279048129403	1	PROB	'6 + 3 + 6 = '	'15'	1	1265	1
1279048130710	1	PROB	'7 + 8 + 4 = '	'19'	1	1030	1
1279048131785	1	PROB	'9 + 9 + 5 = '	'23'	1	1067	1
1279048132893	1	PROB	'2 + 5 + 8 = '	'15'	1	1160	1
1279048134094	1	PROB	'5 + 8 + 2 = '	'15'	1	902	1
1279048135036	1	PROB	'9 + 8 + 5 = '	'22'	1	2049	1
1279048137085	0	STOP
1279048142609	0	START
1279048143435	1	PROB	'6 + 1 + 7 = '	'14'	1	1042	1
1279048144518	1	PROB	'6 + 3 + 6 = '	'15'	1	1150	1
1279048145709	1	PROB	'2 + 1 + 9 = '	'12'	1	1688	1
1279048147443	1	PROB	'8 + 6 + 3 = '	'17'	1	1305	1
1279048148784	1	PROB	'9 + 5 + 5 = '	'19'	1	828	1
1279048149650	1	PROB	'6 + 5 + 8 = '	'19'	1	1338	1
1279048151026	1	PROB	'5 + 9 + 9 = '	'23'	1	954	1
1279048152026	1	PROB	'1 + 5 + 4 = '	'10'	1	818	1
1279048152883	1	PROB	'6 + 6 + 7 = '	'19'	1	1113	1
1279048154034	1	PROB	'7 + 8 + 7 = '	'22'	1	1219	1
1279048155292	1	PROB	'5 + 8 + 1 = '	'14'	1	1376	1
1279048156716	1	PROB	'6 + 9 + 1 = '	'16'	1	888	1
1279048157604	0	STOP
1279048162550	0	START
1279048163741	1	PROB	'9 + 7 + 7 = '	'23'	1	1175	1
1279048164966	1	PROB	'7 + 1 + 3 = '	'11'	1	814	1
1279048165824	1	PROB	'3 + 2 + 8 = '	'1'	0	780	1
1279048166649	1	PROB	'2 + 8 + 4 = '	'14'	1	1436	1
1279048168133	1	PROB	'7 + 5 + 6 = '	'21'	0	2439	1
1279048170615	1	PROB	'8 + 8 + 5 = '	'21'	1	1949	1
1279048172607	1	PROB	'8 + 4 + 2 = '	'14'	1	918	1
1279048173573	1	PROB	'8 + 3 + 5 = '	'16'	1	1440	1
1279048175058	1	PROB	'1 + 7 + 7 = '	'15'	1	850	1
1279048175957	1	PROB	'8 + 8 + 3 = '	'19'	1	1007	1
1279048177007	1	PROB	'5 + 8 + 7 = '	'20'	1	1158	1
1279048178165	0	STOP
1279048182598	0	START
1279048183482	1	PROB	'2 + 7 + 6 = '	'15'	1	955	1
1279048184482	1	PROB	'2 + 7 + 8 = '	'17'	1	2074	1
1279048186606	1	PROB	'6 + 3 + 2 = '	'11'	1	998	1
1279048187647	1	PROB	'9 + 2 + 3 = '	'14'	1	1157	1
1279048188847	1	PROB	'5 + 9 + 2 = '	'16'	1	1190	1
1279048190082	1	PROB	'7 + 6 + 4 = '	'1'	0	1586	1
1279048191714	1	PROB	'9 + 1 + 5 = '	'15'	1	1114	1
1279048192872	1	PROB	'5 + 8 + 2 = '	'15'	1	836	1
1279048193755	1	PROB	'6 + 8 + 9 = '	'23'	1	2314	1
1279048196106	1	PROB	'8 + 8 + 9 = '	'25'	1	1754	1
1279048197860	0	STOP
1279048202439	0	START
1279048203546	1	PROB	'2 + 3 + 7 = '	'12'	1	1210	1
1279048204796	1	PROB	'8 + 8 + 3 = '	'19'	1	968	1
1279048205813	1	PROB	'9 + 7 + 2 = '	'18'	1	1208	1
1279048207064	1	PROB	'2 + 4 + 3 = '	'9'	1	796	1
1279048207896	1	PROB	'5 + 9 + 9 = '	'23'	1	1012	1
1279048208954	1	PROB	'9 + 7 + 4 = '	'20'	1	1387	1
1279048210388	1	PROB	'8 + 4 + 2 = '	'14'	1	1089	1
1279048211513	1	PROB	'7 + 4 + 4 = '	'15'	1	1580	1
1279048213130	1	PROB	'4 + 2 + 6 = '	'12'	1	1395	1
1279048214562	1	PROB	'9 + 2 + 6 = '	'17'	1	1258	1
1279048215862	1	PROB	'2 + 2 + 2 = '	'6'	1	822	1
1279048218439	0	STOP
1279048222288	0	START
1279048223454	1	PROB	'8 + 3 + 6 = '	'17'	1	1759	1
1279048225254	1	PROB	'4 + 8 + 5 = '	'17'	1	1967	1
1279048227270	1	PROB	'2 + 8 + 9 = '	'19'	1	999	1
1279048228312	1	PROB	'4 + 4 + 7 = '	'15'	1	1005	1
1279048229362	1	PROB	'6 + 5 + 2 = '	'13'	1	1019	1
1279048230428	1	PROB	'1 + 7 + 8 = '	'16'	1	1352	1
1279048231827	1	PROB	'3 + 5 + 7 = '	'15'	1	1202	1
1279048233078	1	PROB	'3 + 5 + 9 = '	'17'	1	2447	1
1279048235569	1	PROB	'1 + 6 + 3 = '	'10'	1	812	1
1279048236428	1	PROB	'8 + 7 + 6 = '	'21'	1	1144	1
1279048237572	0	STOP
1279048242370	0	START
1279048243452	1	PROB	'1 + 6 + 2 = '	'9'	1	905	1
1279048244394	1	PROB	'1 + 7 + 9 = '	'17'	1	1298	1
1279048245735	1	PROB	'1 + 7 + 2 = '	'10'	1	1973	1
1279048247751	1	PROB	'5 + 9 + 1 = '	'15'	1	1165	1
1279048248951	1	PROB	'8 + 2 + 6 = '	'16'	1	893	1
1279048249884	1	PROB	'2 + 3 + 9 = '	'14'	1	1641	1
1279048251559	1	PROB	'6 + 6 + 1 = '	'13'	1	862	1
1279048252460	1	PROB	'5 + 6 + 9 = '	'20'	1	2777	1
1279048255285	1	PROB	'9 + 7 + 6 = '	'22'	1	1816	1
1279048257101	0	STOP
1279048262518	0	START
1279048263683	1	PROB	'3 + 5 + 2 = '	'10'	1	953	1
1279048264675	1	PROB	'8 + 5 + 3 = '	'16'	1	1794	1
1279048266509	1	PROB	'4 + 8 + 6 = '	'18'	1	1383	1
1279048267933	1	PROB	'1 + 3 + 2 = '	'6'	1	695	1
1279048268666	1	PROB	'2 + 1 + 2 = '	'5'	1	747	1
1279048269450	1	PROB	'3 + 1 + 9 = '	'13'	1	1218	1
1279048270708	1	PROB	'5 + 8 + 5 = '	'18'	1	952	1
1279048271699	1	PROB	'1 + 8 + 9 = '	'18'	1	1001	1
1279048272741	1	PROB	'7 + 4 + 3 = '	'14'	1	1592	1
1279048274367	1	PROB	'3 + 5 + 3 = '	'11'	1	1205	1
1279048275607	1	PROB	'3 + 4 + 8 = '	'15'	1	1133	1
1279048276774	1	PROB	'3 + 9 + 9 = '	'21'	1	1038	1
1279048277812	0	STOP
1279048501699	0	START
1279048503208	1	PROB	'5 + 8 + 8 = '	'21'	1	1037	1
1279048504291	1	PROB	'4 + 8 + 3 = '	'16'	0	1106	1
1279048505433	1	PROB	'6 + 6 + 6 = '	'1'	0	948	1
1279048506424	1	PROB	'1 + 9 + 3 = '	'13'	1	1069	1
1279048507532	1	PROB	'6 + 9 + 6 = '	'21'	1	1024	1
1279048508556	0	STOP
1279048513582	0	START
1279048514490	1	PROB	'9 + 4 + 4 = '	'17'	1	1178	1
1279048515706	1	PROB	'8 + 2 + 8 = '	'18'	1	1042	1
1279048516789	1	PROB	'2 + 3 + 2 = '	'7'	1	1656	1
1279048518490	1	PROB	'9 + 9 + 9 = '	'27'	1	1058	1
1279048519597	1	PROB	'6 + 8 + 1 = '	'15'	1	1951	1
1279048521548	0	STOP
1279048525564	0	START
1279048526705	1	PROB	'2 + 7 + 4 = '	'13'	1	1115	1
1279048527855	1	PROB	'2 + 6 + 9 = '	'17'	1	1334	1
1279048529239	1	PROB	'8 + 7 + 1 = '	'16'	1	1262	1
1279048530546	1	PROB	'4 + 4 + 1 = '	'9'	1	891	1
1279048531481	1	PROB	'6 + 4 + 8 = '	'18'	1	1419	1
1279048532900	0	STOP
1279048537713	0	START
1279048538846	1	PROB	'6 + 6 + 2 = '	'14'	1	1343	1
1279048540238	1	PROB	'8 + 3 + 4 = '	'15'	1	999	1
1279048541280	1	PROB	'3 + 6 + 2 = '	'11'	1	1660	1
1279048542987	1	PROB	'8 + 2 + 1 = '	'11'	1	857	1
1279048543887	1	PROB	'2 + 3 + 7 = '	'12'	1	925	1
1279048544812	0	STOP
1279048549896	0	START
1279048550753	1	PROB	'6 + 7 + 5 = '	'18'	1	4636	1
1279048555437	1	PROB	'8 + 7 + 5 = '	'20'	1	1968	1
1279048557405	0	STOP
1279048562095	0	START
1279048563295	1	PROB	'1 + 4 + 4 = '	'9'	1	998	1
1279048564337	1	PROB	'2 + 2 + 8 = '	'12'	1	916	1
1279048565303	1	PROB	'8 + 8 + 9 = '	'25'	1	2150	1
1279048567511	1	PROB	'7 + 7 + 3 = '	'17'	1	1237	1
1279048568748	0	STOP
1279048574170	0	START
1279048575352	1	PROB	'8 + 8 + 6 = '	'22'	1	2125	1
1279048577511	1	PROB	'4 + 8 + 6 = '	'18'	1	1069	1
1279048578626	1	PROB	'5 + 3 + 1 = '	'9'	1	994	1
1279048579659	1	PROB	'8 + 4 + 3 = '	'15'	1	1225	1
1279048580884	0	STOP
1279048586210	0	START
1279048587060	1	PROB	'4 + 4 + 1 = '	'9'	1	856	1
1279048587959	1	PROB	'5 + 5 + 3 = '	'13'	1	861	1
1279048588867	1	PROB	'5 + 3 + 3 = '	'11'	1	1490	1
1279048590393	1	PROB	'3 + 9 + 9 = '	'21'	1	1012	1
1279048591451	1	PROB	'4 + 9 + 3 = '	'16'	1	1457	1
1279048592908	0	STOP
1279048598251	0	START
1279048599276	1	PROB	'1 + 2 + 5 = '	'8'	1	1312	1
1279048600633	1	PROB	'6 + 7 + 6 = '	'19'	1	1259	1
1279048601941	1	PROB	'9 + 1 + 1 = '	'11'	1	911	1
1279048602899	1	PROB	'5 + 4 + 2 = '	'11'	1	1266	1
1279048604209	1	PROB	'9 + 3 + 1 = '	'13'	1	1715	1
1279048605924	0	STOP
1279048610225	0	START
1279048611150	1	PROB	'7 + 1 + 4 = '	'12'	1	1015	1
1279048612208	1	PROB	'1 + 4 + 8 = '	'13'	1	869	1
1279048613125	1	PROB	'7 + 8 + 6 = '	'21'	1	1256	1
1279048614424	1	PROB	'2 + 2 + 7 = '	'11'	1	973	1
1279048615441	1	PROB	'6 + 7 + 6 = '	'19'	1	1060	1
1279048616548	1	PROB	'5 + 2 + 8 = '	'15'	1	993	1
1279048617541	0	STOP
1279048622349	0	START
1279048623174	1	PROB	'5 + 1 + 6 = '	'12'	1	847	1
1279048624065	1	PROB	'5 + 7 + 5 = '	'17'	1	948	1
1279048625057	1	PROB	'3 + 4 + 4 = '	'11'	1	1004	1
1279048626107	1	PROB	'9 + 6 + 5 = '	'20'	1	1601	1
1279048627756	1	PROB	'8 + 2 + 8 = '	'18'	1	1000	1
1279048628806	1	PROB	'5 + 2 + 1 = '	'8'	1	719	1
1279048629525	0	STOP
1279048634290	0	START
1279048635365	1	PROB	'2 + 6 + 1 = '	'9'	1	904	1
1279048636314	1	PROB	'2 + 7 + 7 = '	'16'	1	1107	1
1279048637464	1	PROB	'4 + 5 + 5 = '	'14'	1	901	1
1279048638414	1	PROB	'1 + 2 + 8 = '	'11'	1	831	1
1279048639289	1	PROB	'5 + 9 + 3 = '	'17'	1	1267	1
1279048640605	1	PROB	'7 + 2 + 3 = '	'12'	1	1528	1
1279048642133	0	STOP
1279048646414	0	START
1279048647554	1	PROB	'7 + 8 + 2 = '	'17'	1	963	1
1279048648563	1	PROB	'9 + 9 + 5 = '	'23'	1	1017	1
1279048649629	1	PROB	'2 + 6 + 8 = '	'16'	1	1127	1
1279048650796	1	PROB	'9 + 8 + 4 = '	'21'	1	1449	1
1279048652288	1	PROB	'6 + 6 + 1 = '	'13'	1	869	1
1279048653157	0	STOP
1279048658238	0	START
1279048659404	1	PROB	'6 + 6 + 2 = '	'14'	1	929	1
1279048660371	1	PROB	'8 + 4 + 5 = '	'17'	1	1066	1
1279048661471	1	PROB	'1 + 3 + 5 = '	'9'	1	814	1
1279048662321	1	PROB	'3 + 2 + 1 = '	'6'	1	667	1
1279048663029	1	PROB	'4 + 2 + 4 = '	'10'	1	1048	1
1279048664112	1	PROB	'7 + 1 + 7 = '	'15'	1	812	1
1279048664924	0	STOP
1279048670112	0	START
1279048671112	1	PROB	'4 + 3 + 9 = '	'16'	1	1492	1
1279048672652	1	PROB	'5 + 4 + 2 = '	'11'	1	1048	1
1279048673744	1	PROB	'5 + 2 + 2 = '	'9'	1	1533	1
1279048675312	1	PROB	'1 + 4 + 2 = '	'7'	1	933	1
1279048676286	1	PROB	'3 + 7 + 2 = '	'12'	1	911	1
1279048677197	0	STOP
1279048682062	0	START
1279048683044	1	PROB	'7 + 8 + 1 = '	'16'	1	904	1
1279048683993	1	PROB	'3 + 7 + 9 = '	'19'	1	1140	1
1279048685178	1	PROB	'1 + 8 + 4 = '	'13'	1	1155	1
1279048686369	1	PROB	'5 + 7 + 1 = '	'13'	1	868	1
1279048687277	1	PROB	'2 + 3 + 2 = '	'7'	1	832	1
1279048688144	1	PROB	'5 + 9 + 6 = '	'20'	1	1005	1
1279048689149	0	STOP
1279048693959	0	START
1279048694901	1	PROB	'9 + 5 + 4 = '	'18'	1	1216	1
1279048696152	1	PROB	'9 + 5 + 4 = '	'18'	1	684	1
1279048696876	1	PROB	'1 + 8 + 8 = '	'17'	1	1688	1
1279048698600	1	PROB	'4 + 9 + 1 = '	'14'	1	1372	1
1279048700010	1	PROB	'8 + 9 + 4 = '	'21'	1	1722	1
1279048701732	0	STOP
1279048845349	0	START
1279048846174	1	PROB	'7 + 9 + 2 = '	'18'	1	1486	1
1279048847698	1	PROB	'7 + 7 + 7 = '	'21'	1	850	1
1279048848597	1	PROB	'7 + 8 + 7 = '	'22'	1	1408	1
1279048850048	1	PROB	'4 + 9 + 7 = '	'20'	1	1341	1
1279048851423	1	PROB	'6 + 7 + 4 = '	'17'	1	1718	1
1279048853141	0	STOP
1279049142401	0	START
1279049143418	1	PROB	'5 + 3 + 5 = '	'13'	1	1115	1
1279049144575	1	PROB	'1 + 7 + 9 = '	'17'	1	1053	1
1279049145675	1	PROB	'6 + 7 + 7 = '	'20'	1	1346	1
1279049147068	1	PROB	'7 + 3 + 9 = '	'19'	1	1137	1
1279049148243	1	PROB	'8 + 7 + 8 = '	'23'	1	1162	1
1279049149451	1	PROB	'7 + 7 + 7 = '	'21'	1	810	1
1279049150309	1	PROB	'4 + 6 + 5 = '	'15'	1	824	1
1279049151167	1	PROB	'8 + 9 + 7 = '	'24'	1	1310	1
1279049152526	1	PROB	'3 + 8 + 2 = '	'13'	1	1038	1
1279049153599	1	PROB	'4 + 3 + 2 = '	'9'	1	830	1
1279049154467	1	PROB	'6 + 5 + 1 = '	'12'	1	858	1
1279049155359	1	PROB	'1 + 4 + 2 = '	'7'	1	806	1
1279049156200	1	PROB	'8 + 4 + 3 = '	'15'	1	1205	1
1279049157405	0	STOP
1279049237103	0	START
1279049238610	1	PROB	'6 + 2 + 6 = '	'14'	1	986	1
1279049239643	1	PROB	'9 + 8 + 6 = '	'23'	1	1834	1
1279049241519	1	PROB	'1 + 1 + 8 = '	'10'	1	838	1
1279049242394	1	PROB	'4 + 9 + 8 = '	'21'	1	1410	1
1279049243843	1	PROB	'9 + 8 + 7 = '	'24'	1	953	1
1279049244834	1	PROB	'4 + 4 + 9 = '	'17'	1	1291	1
1279049246160	1	PROB	'2 + 1 + 4 = '	'7'	1	812	1
1279049247010	1	PROB	'4 + 6 + 8 = '	'18'	1	986	1
1279049248043	1	PROB	'7 + 5 + 9 = '	'21'	1	1274	1
1279049249352	1	PROB	'4 + 7 + 1 = '	'12'	1	829	1
1279049250218	1	PROB	'8 + 2 + 3 = '	'13'	1	1243	1
1279049253103	0	STOP
1279049257260	0	START
1279049258093	1	PROB	'9 + 9 + 7 = '	'25'	1	1176	1
1279049259317	1	PROB	'2 + 3 + 8 = '	'13'	1	1048	1
1279049260409	1	PROB	'1 + 4 + 2 = '	'85'	0	1467	1
1279049261916	1	PROB	'4 + 7 + 4 = '	'15'	1	2089	1
1279049264042	1	PROB	'1 + 1 + 1 = '	'3'	1	666	1
1279049264749	1	PROB	'5 + 8 + 2 = '	'15'	1	919	1
1279049265708	1	PROB	'2 + 5 + 4 = '	'11'	1	1176	1
1279049266924	1	PROB	'2 + 4 + 2 = '	'8'	1	1081	1
1279049268042	1	PROB	'9 + 9 + 2 = '	'20'	1	1003	1
1279049269083	1	PROB	'3 + 3 + 8 = '	'14'	1	1601	1
1279049270732	1	PROB	'3 + 8 + 7 = '	'18'	1	1529	1
1279049272261	0	STOP
1279049277392	0	START
1279049278349	1	PROB	'6 + 3 + 6 = '	'15'	1	1168	1
1279049279565	1	PROB	'9 + 9 + 7 = '	'25'	1	1856	1
1279049281458	1	PROB	'1 + 5 + 9 = '	'15'	1	1314	1
1279049282806	1	PROB	'4 + 5 + 3 = '	'12'	1	1182	1
1279049284024	1	PROB	'6 + 1 + 9 = '	'16'	1	916	1
1279049284981	1	PROB	'3 + 2 + 6 = '	'11'	1	1007	1
1279049286024	1	PROB	'1 + 6 + 3 = '	'10'	1	788	1
1279049286848	1	PROB	'8 + 6 + 1 = '	'15'	1	1860	1
1279049288748	1	PROB	'7 + 6 + 8 = '	'21'	1	1128	1
1279049289914	1	PROB	'3 + 7 + 9 = '	'19'	1	1139	1
1279049291090	1	PROB	'8 + 1 + 5 = '	'14'	1	971	1
1279049292061	0	STOP
1279049297465	0	START
1279049298605	1	PROB	'2 + 4 + 2 = '	'8'	1	848	1
1279049299498	1	PROB	'8 + 4 + 6 = '	'18'	1	923	1
1279049300464	1	PROB	'6 + 6 + 5 = '	'17'	1	1061	1
1279049301563	1	PROB	'9 + 8 + 9 = '	'26'	1	2217	1
1279049303821	1	PROB	'2 + 1 + 9 = '	'12'	1	1432	1
1279049305289	1	PROB	'8 + 4 + 4 = '	'16'	1	972	1
1279049306297	1	PROB	'5 + 3 + 9 = '	'17'	1	1403	1
1279049307738	1	PROB	'1 + 7 + 1 = '	'9'	1	1595	1
1279049309372	1	PROB	'4 + 5 + 4 = '	'13'	1	2833	1
1279049312205	0	STOP
1279049317439	0	START
1279049318488	1	PROB	'6 + 4 + 2 = '	'12'	1	1068	1
1279049319604	1	PROB	'3 + 3 + 8 = '	'14'	1	1352	1
1279049321005	1	PROB	'9 + 6 + 8 = '	'23'	1	1432	1
1279049322471	1	PROB	'1 + 1 + 2 = '	'4'	1	710	1
1279049323221	1	PROB	'7 + 1 + 4 = '	'13'	0	936	1
1279049324204	1	PROB	'3 + 9 + 1 = '	'13'	1	1177	1
1279049325421	1	PROB	'9 + 1 + 4 = '	'14'	1	1080	1
1279049326537	1	PROB	'3 + 6 + 2 = '	'11'	1	1924	1
1279049328496	1	PROB	'9 + 2 + 6 = '	'17'	1	1773	1
1279049330304	1	PROB	'7 + 9 + 7 = '	'23'	1	1085	1
1279049331429	1	PROB	'2 + 4 + 6 = '	'12'	1	1016	1
1279049332445	0	STOP
1279049337529	0	START
1279049338470	1	PROB	'4 + 1 + 4 = '	'9'	1	919	1
1279049339428	1	PROB	'2 + 2 + 2 = '	'6'	1	729	1
1279049340195	1	PROB	'2 + 3 + 4 = '	'9'	1	761	1
1279049340994	1	PROB	'8 + 5 + 1 = '	'14'	1	1035	1
1279049342078	1	PROB	'4 + 3 + 3 = '	'10'	1	910	1
1279049343028	1	PROB	'6 + 9 + 8 = '	'24'	0	960	1
1279049344028	1	PROB	'9 + 3 + 3 = '	'15'	1	1057	1
1279049345119	1	PROB	'9 + 5 + 2 = '	'16'	1	1142	1
1279049346303	1	PROB	'4 + 2 + 7 = '	'13'	1	1830	1
1279049348169	1	PROB	'9 + 3 + 1 = '	'13'	1	1292	1
1279049349502	1	PROB	'1 + 1 + 1 = '	'3'	1	655	1
1279049350202	1	PROB	'8 + 1 + 7 = '	'16'	1	1011	1
1279049351252	1	PROB	'1 + 4 + 6 = '	'11'	1	833	1
1279049352085	0	STOP
1279049357651	0	START
1279049358751	1	PROB	'9 + 6 + 7 = '	'22'	1	2430	1
1279049361226	1	PROB	'4 + 4 + 4 = '	'12'	1	947	1
1279049362218	1	PROB	'9 + 9 + 9 = '	'27'	1	891	1
1279049363143	1	PROB	'6 + 8 + 9 = '	'23'	1	2134	1
1279049365318	1	PROB	'3 + 2 + 3 = '	'8'	1	1071	1
1279049366426	1	PROB	'7 + 4 + 6 = '	'17'	1	1051	1
1279049367518	1	PROB	'1 + 5 + 3 = '	'9'	1	759	1
1279049368318	1	PROB	'8 + 2 + 7 = '	'17'	1	895	1
1279049369251	1	PROB	'4 + 5 + 6 = '	'15'	1	882	1
1279049370167	1	PROB	'4 + 5 + 3 = '	'12'	1	1078	1
1279049371284	1	PROB	'6 + 5 + 8 = '	'19'	1	1384	1
1279049372668	0	STOP
1279049377791	0	START
1279049378966	1	PROB	'1 + 9 + 2 = '	'12'	1	926	1
1279049379932	1	PROB	'2 + 7 + 4 = '	'13'	1	1097	1
1279049381067	1	PROB	'6 + 3 + 7 = '	'16'	1	1889	1
1279049382999	1	PROB	'2 + 7 + 4 = '	'13'	1	1470	1
1279049384516	1	PROB	'8 + 6 + 6 = '	'20'	1	1064	1
1279049385615	1	PROB	'3 + 9 + 2 = '	'14'	1	1782	1
1279049387441	1	PROB	'7 + 9 + 3 = '	'19'	1	1123	1
1279049388607	1	PROB	'4 + 6 + 7 = '	'17'	1	941	1
1279049389582	1	PROB	'3 + 7 + 1 = '	'11'	1	990	1
1279049390657	1	PROB	'3 + 7 + 1 = '	'11'	1	676	1
1279049391383	1	PROB	'4 + 8 + 4 = '	'12'	0	1485	1
1279049392868	0	STOP
1279049397982	0	START
1279049398814	1	PROB	'8 + 6 + 3 = '	'17'	1	1174	1
1279049400032	1	PROB	'3 + 7 + 7 = '	'17'	1	1213	1
1279049401290	1	PROB	'7 + 8 + 1 = '	'16'	1	939	1
1279049402273	1	PROB	'4 + 6 + 2 = '	'12'	1	1148	1
1279049403465	1	PROB	'9 + 5 + 8 = '	'22'	1	1219	1
1279049404731	1	PROB	'8 + 3 + 6 = '	'17'	1	1241	1
1279049406023	1	PROB	'5 + 9 + 7 = '	'21'	1	1549	1
1279049407614	1	PROB	'5 + 2 + 2 = '	'9'	1	895	1
1279049408555	1	PROB	'3 + 8 + 6 = '	'17'	1	1193	1
1279049409788	1	PROB	'6 + 4 + 3 = '	'13'	1	776	1
1279049410613	1	PROB	'7 + 6 + 3 = '	'16'	1	1408	1
1279049412064	1	PROB	'2 + 5 + 3 = '	'10'	1	1341	1
1279049413405	0	STOP
1279049418123	0	START
1279049419064	1	PROB	'7 + 8 + 5 = '	'20'	1	884	1
1279049419988	1	PROB	'3 + 7 + 6 = '	'16'	1	1720	1
1279049421746	1	PROB	'8 + 8 + 4 = '	'20'	1	1467	1
1279049423247	1	PROB	'8 + 6 + 1 = '	'15'	1	1333	1
1279049424621	1	PROB	'1 + 9 + 8 = '	'18'	1	896	1
1279049425554	1	PROB	'6 + 2 + 4 = '	'12'	1	987	1
1279049426579	1	PROB	'1 + 6 + 3 = '	'10'	1	1113	1
1279049427729	1	PROB	'5 + 8 + 4 = '	'17'	1	1123	1
1279049428887	1	PROB	'5 + 2 + 3 = '	'10'	1	1518	1
1279049430455	1	PROB	'1 + 1 + 5 = '	'7'	1	1541	1
1279049432038	1	PROB	'6 + 8 + 4 = '	'18'	1	1319	1
1279049433357	0	STOP
1279049438296	0	START
1279049439354	1	PROB	'1 + 8 + 2 = '	'11'	1	779	1
1279049440179	1	PROB	'2 + 7 + 8 = '	'17'	1	1130	1
1279049441354	1	PROB	'1 + 3 + 4 = '	'8'	1	1083	1
1279049442479	1	PROB	'7 + 6 + 5 = '	'21'	0	1622	1
1279049444145	1	PROB	'7 + 5 + 2 = '	'14'	1	1324	1
1279049445512	1	PROB	'9 + 4 + 1 = '	'15'	0	957	1
1279049446512	1	PROB	'2 + 2 + 7 = '	'11'	1	1308	1
1279049447869	1	PROB	'6 + 4 + 9 = '	'19'	1	1664	1
1279049449577	1	PROB	'3 + 1 + 6 = '	'10'	1	900	1
1279049450511	1	PROB	'9 + 7 + 4 = '	'20'	1	2022	1
1279049452569	1	PROB	'1 + 3 + 3 = '	'7'	1	772	1
1279049453341	0	STOP
1279049458420	0	START
1279049459610	1	PROB	'9 + 9 + 8 = '	'23'	0	1811	1
1279049461461	1	PROB	'3 + 2 + 5 = '	'10'	1	944	1
1279049462444	1	PROB	'8 + 8 + 7 = '	'23'	1	2104	1
1279049464584	1	PROB	'9 + 8 + 1 = '	'18'	1	1308	1
1279049465926	1	PROB	'6 + 2 + 5 = '	'13'	1	1662	1
1279049467626	1	PROB	'5 + 1 + 8 = '	'14'	1	930	1
1279049468592	1	PROB	'1 + 9 + 3 = '	'13'	1	869	1
1279049469502	1	PROB	'9 + 2 + 9 = '	'20'	1	1094	1
1279049470634	1	PROB	'5 + 2 + 1 = '	'8'	1	859	1
1279049471526	1	PROB	'8 + 2 + 8 = '	'18'	1	975	1
1279049472542	1	PROB	'1 + 8 + 1 = '	'10'	1	815	1
1279049473357	0	STOP
1279049478426	0	START
1279049479484	1	PROB	'6 + 6 + 4 = '	'16'	1	1112	1
1279049480641	1	PROB	'6 + 3 + 4 = '	'13'	1	1420	1
1279049482109	1	PROB	'3 + 4 + 1 = '	'8'	1	799	1
1279049482950	1	PROB	'8 + 7 + 3 = '	'18'	1	1095	1
1279049484084	1	PROB	'9 + 1 + 3 = '	'14'	0	1057	1
1279049485175	1	PROB	'5 + 5 + 7 = '	'17'	1	926	1
1279049486142	1	PROB	'2 + 6 + 5 = '	'13'	1	951	1
1279049487134	1	PROB	'5 + 7 + 9 = '	'21'	1	1343	1
1279049488517	1	PROB	'4 + 8 + 8 = '	'20'	1	1928	1
1279049490483	1	PROB	'8 + 8 + 2 = '	'18'	1	1105	1
1279049491632	1	PROB	'6 + 8 + 3 = '	'17'	1	1316	1
1279049492948	0	STOP
1279049498624	0	START
1279049499433	1	PROB	'1 + 5 + 7 = '	'13'	1	908	1
1279049500391	1	PROB	'2 + 4 + 9 = '	'15'	1	1421	1
1279049501848	1	PROB	'6 + 9 + 6 = '	'21'	1	2389	1
1279049504274	1	PROB	'5 + 9 + 4 = '	'18'	1	1450	1
1279049505765	1	PROB	'4 + 4 + 1 = '	'9'	1	815	1
1279049506615	1	PROB	'1 + 1 + 1 = '	'3'	1	806	1
1279049507465	1	PROB	'7 + 2 + 6 = '	'15'	1	1652	1
1279049509165	1	PROB	'3 + 3 + 7 = '	'13'	1	1048	1
1279049510257	1	PROB	'2 + 2 + 6 = '	'10'	1	2427	1
1279049512722	1	PROB	'1 + 4 + 4 = '	'9'	1	834	1
1279049513556	0	STOP
1279049518589	0	START
1279049519788	1	PROB	'8 + 1 + 8 = '	'17'	1	1056	1
1279049520880	1	PROB	'7 + 8 + 2 = '	'17'	1	1125	1
1279049522039	1	PROB	'1 + 3 + 3 = '	'7'	1	781	1
1279049522855	1	PROB	'7 + 7 + 4 = '	'18'	1	909	1
1279049523805	1	PROB	'9 + 1 + 6 = '	'16'	1	1063	1
1279049524905	1	PROB	'2 + 5 + 3 = '	'10'	1	979	1
1279049525921	1	PROB	'5 + 7 + 1 = '	'13'	1	923	1
1279049526880	1	PROB	'7 + 5 + 5 = '	'17'	1	932	1
1279049527846	1	PROB	'1 + 3 + 7 = '	'11'	1	870	1
1279049528754	1	PROB	'4 + 4 + 7 = '	'15'	1	1010	1
1279049529804	1	PROB	'2 + 8 + 9 = '	'19'	1	1024	1
1279049530871	1	PROB	'2 + 6 + 1 = '	'9'	1	981	1
1279049531888	1	PROB	'5 + 7 + 7 = '	'19'	1	980	1
1279049534589	0	STOP
1279049538663	0	START
1279049539845	1	PROB	'2 + 3 + 7 = '	'12'	1	1608	1
1279049541496	1	PROB	'3 + 1 + 2 = '	'6'	1	693	1
1279049542238	1	PROB	'2 + 5 + 3 = '	'10'	1	951	1
1279049543238	1	PROB	'6 + 8 + 3 = '	'17'	1	1135	1
1279049544421	1	PROB	'4 + 8 + 2 = '	'14'	1	1255	1
1279049545712	1	PROB	'2 + 8 + 3 = '	'13'	1	892	1
1279049546653	1	PROB	'8 + 2 + 3 = '	'13'	1	768	1
1279049547462	1	PROB	'3 + 7 + 9 = '	'19'	1	1230	1
1279049548728	1	PROB	'4 + 4 + 2 = '	'10'	1	876	1
1279049549653	1	PROB	'3 + 6 + 1 = '	'10'	1	752	1
1279049550454	1	PROB	'4 + 5 + 3 = '	'12'	1	1254	1
1279049551753	1	PROB	'4 + 2 + 5 = '	'11'	1	1660	1
1279049553413	0	STOP
1279049558504	0	START
1279049559652	1	PROB	'7 + 8 + 3 = '	'18'	1	936	1
1279049560627	1	PROB	'7 + 4 + 8 = '	'19'	1	1754	1
1279049562420	1	PROB	'8 + 8 + 9 = '	'25'	1	2025	1
1279049564486	1	PROB	'9 + 1 + 2 = '	'11'	0	983	1
1279049565511	1	PROB	'9 + 7 + 6 = '	'22'	1	1389	1
1279049566943	1	PROB	'1 + 5 + 3 = '	'9'	1	821	1
1279049567802	1	PROB	'8 + 6 + 8 = '	'22'	1	1186	1
1279049569027	1	PROB	'6 + 9 + 2 = '	'13'	0	1162	1
1279049570236	1	PROB	'5 + 7 + 9 = '	'21'	1	1552	1
1279049571835	1	PROB	'2 + 5 + 5 = '	'12'	1	785	1
1279049572659	1	PROB	'4 + 5 + 3 = '	'12'	1	905	1
1279049573564	0	STOP
1279049653163	0	START
1279049654670	1	PROB	'6 + 1 + 2 = '	'9'	1	1262	1
1279049655970	1	PROB	'6 + 9 + 3 = '	'18'	1	1818	1
1279049657828	1	PROB	'1 + 4 + 9 = '	'14'	1	1104	1
1279049658970	1	PROB	'1 + 6 + 1 = '	'8'	1	738	1
1279049659708	0	STOP
1279049665304	0	START
1279049666170	1	PROB	'3 + 1 + 7 = '	'11'	1	843	1
1279049667053	1	PROB	'8 + 8 + 9 = '	'25'	1	1448	1
1279049668544	1	PROB	'2 + 5 + 9 = '	'16'	1	1084	1
1279049669677	1	PROB	'7 + 4 + 1 = '	'12'	1	1047	1
1279049670769	1	PROB	'9 + 4 + 6 = '	'19'	1	963	1
1279049671769	1	PROB	'6 + 1 + 7 = '	'14'	1	1003	1
1279049672772	0	STOP
1279049677395	0	START
1279049678444	1	PROB	'4 + 3 + 5 = '	'12'	1	1009	1
1279049679502	1	PROB	'4 + 7 + 5 = '	'16'	1	1631	1
1279049681169	1	PROB	'7 + 1 + 3 = '	'11'	1	819	1
1279049682036	1	PROB	'8 + 9 + 9 = '	'26'	1	1544	1
1279049683626	1	PROB	'1 + 7 + 3 = '	'11'	1	946	1
1279049684572	0	STOP
1279049689460	0	START
1279049690443	1	PROB	'7 + 7 + 7 = '	'21'	1	746	1
1279049691227	1	PROB	'9 + 4 + 8 = '	'21'	1	1561	1
1279049692834	1	PROB	'8 + 9 + 1 = '	'18'	1	1122	1
1279049693992	1	PROB	'3 + 6 + 3 = '	'12'	1	1397	1
1279049695426	1	PROB	'4 + 1 + 7 = '	'12'	1	827	1
1279049696253	0	STOP
1279049701659	0	START
1279049702816	1	PROB	'5 + 7 + 1 = '	'12'	0	796	1
1279049703650	1	PROB	'1 + 4 + 7 = '	'12'	1	1555	1
1279049705242	1	PROB	'3 + 1 + 9 = '	'13'	1	1043	1
1279049706325	1	PROB	'1 + 9 + 3 = '	'13'	1	696	1
1279049707059	1	PROB	'5 + 4 + 8 = '	'17'	1	1306	1
1279049708365	0	STOP
1279049713774	0	START
1279049714824	1	PROB	'9 + 1 + 3 = '	'13'	1	932	1
1279049715790	1	PROB	'2 + 1 + 7 = '	'10'	1	1455	1
1279049717283	1	PROB	'4 + 4 + 1 = '	'9'	1	826	1
1279049718150	1	PROB	'3 + 1 + 8 = '	'12'	1	1231	1
1279049719416	1	PROB	'3 + 5 + 6 = '	'14'	1	1037	1
1279049720453	0	STOP
1279049725657	0	START
1279049726623	1	PROB	'8 + 3 + 6 = '	'17'	1	1373	1
1279049728032	1	PROB	'1 + 7 + 6 = '	'14'	1	1053	1
1279049729124	1	PROB	'7 + 9 + 1 = '	'17'	1	1153	1
1279049730315	1	PROB	'3 + 8 + 1 = '	'12'	1	1529	1
1279049731881	1	PROB	'5 + 2 + 7 = '	'14'	1	1683	1
1279049733564	0	STOP
1279049737664	0	START
1279049738680	1	PROB	'8 + 7 + 8 = '	'23'	1	1445	1
1279049740165	1	PROB	'6 + 2 + 1 = '	'9'	1	912	1
1279049741115	1	PROB	'6 + 2 + 9 = '	'17'	1	1449	1
1279049742605	1	PROB	'8 + 9 + 5 = '	'22'	1	1159	1
1279049743805	1	PROB	'9 + 1 + 3 = '	'13'	1	975	1
1279049744780	0	STOP
1279049749498	0	START
1279049750579	1	PROB	'7 + 5 + 2 = '	'14'	1	2089	1
1279049752713	1	PROB	'8 + 9 + 1 = '	'18'	1	1139	1
1279049753896	1	PROB	'7 + 1 + 4 = '	'12'	1	916	1
1279049754854	1	PROB	'5 + 2 + 7 = '	'14'	1	1399	1
1279049756253	0	STOP
1279049761604	0	START
1279049762604	1	PROB	'1 + 1 + 1 = '	'3'	1	737	1
1279049763380	1	PROB	'6 + 4 + 7 = '	'17'	1	1280	1
1279049764703	1	PROB	'6 + 5 + 3 = '	'14'	1	1606	1
1279049766346	1	PROB	'1 + 3 + 9 = '	'13'	1	875	1
1279049767263	1	PROB	'8 + 5 + 5 = '	'18'	1	854	1
1279049768117	0	STOP
1279049773603	0	START
1279049774703	1	PROB	'3 + 6 + 9 = '	'18'	1	1013	1
1279049775753	1	PROB	'1 + 2 + 5 = '	'8'	1	780	1
1279049776577	1	PROB	'5 + 8 + 9 = '	'22'	1	1211	1
1279049777827	1	PROB	'4 + 7 + 5 = '	'16'	1	1282	1
1279049779145	1	PROB	'3 + 1 + 3 = '	'7'	1	779	1
1279049779961	1	PROB	'6 + 6 + 4 = '	'14'	0	843	1
1279049780804	0	STOP
1279049785627	0	START
1279049786677	1	PROB	'2 + 9 + 3 = '	'14'	1	1488	1
1279049788211	1	PROB	'7 + 1 + 5 = '	'13'	1	978	1
1279049789236	1	PROB	'9 + 3 + 6 = '	'18'	1	1017	1
1279049790303	1	PROB	'7 + 5 + 9 = '	'21'	1	1365	1
1279049791718	1	PROB	'7 + 2 + 3 = '	'12'	1	1639	1
1279049793357	0	STOP
1279049797701	0	START
1279049798826	1	PROB	'4 + 4 + 4 = '	'12'	1	738	1
1279049799609	1	PROB	'9 + 1 + 9 = '	'19'	1	1347	1
1279049800992	1	PROB	'2 + 9 + 4 = '	'15'	1	1109	1
1279049802135	1	PROB	'3 + 9 + 5 = '	'17'	1	1390	1
1279049803559	1	PROB	'1 + 7 + 6 = '	'14'	1	1574	1
1279049805133	0	STOP
1279049809676	0	START
1279049810833	1	PROB	'4 + 3 + 9 = '	'16'	1	1196	1
1279049812068	1	PROB	'1 + 1 + 5 = '	'7'	1	752	1
1279049812858	1	PROB	'8 + 5 + 9 = '	'25'	0	1507	1
1279049814401	1	PROB	'3 + 8 + 9 = '	'20'	1	1195	1
1279049815650	1	PROB	'4 + 5 + 3 = '	'12'	1	1050	1
1279049816700	0	STOP
1279049821825	0	START
1279049822724	1	PROB	'4 + 7 + 5 = '	'16'	1	1481	1
1279049824242	1	PROB	'5 + 9 + 6 = '	'20'	1	1338	1
1279049825615	1	PROB	'9 + 8 + 1 = '	'18'	1	1117	1
1279049826774	1	PROB	'6 + 1 + 8 = '	'17'	0	1719	1
1279049828493	0	STOP
1279049833999	0	START
1279049834940	1	PROB	'1 + 8 + 6 = '	'15'	1	1153	1
1279049836132	1	PROB	'2 + 5 + 6 = '	'13'	1	1177	1
1279049837349	1	PROB	'2 + 3 + 7 = '	'12'	1	872	1
1279049838257	1	PROB	'8 + 5 + 6 = '	'19'	1	2371	1
1279049840628	0	STOP
1279049846165	0	START
1279049847181	1	PROB	'4 + 5 + 7 = '	'16'	1	1112	1
1279049848340	1	PROB	'9 + 4 + 3 = '	'16'	1	985	1
1279049849373	1	PROB	'3 + 6 + 4 = '	'13'	1	1072	1
1279049850490	1	PROB	'6 + 8 + 3 = '	'17'	1	1763	1
1279049852298	1	PROB	'2 + 3 + 2 = '	'7'	1	827	1
1279049853125	0	STOP
1279050958806	0	E	Logging Ends
