1271196848626	0	B	Logging Begins
1271196848626	0	SESS_START	15
1271196891882	1	FR_PRES	0	SPY	1360	1	1	1115	(0.57740000000000002, 0.41289999999999999, 1.0)	../fonts/amplitud.ttf	lower
1271196895899	1	FR_PRES	0	FOREHEAD	592	1	0	1267	(0.57740000000000002, 0.41289999999999999, 1.0)	../fonts/amplitud.ttf	lower
1271196899973	1	FR_PRES	0	ICEBERG	731	1	0	1377	(0.57740000000000002, 0.41289999999999999, 1.0)	../fonts/amplitud.ttf	lower
1271196903973	1	FR_PRES	0	REGISTER	1180	1	0	1456	(0.57740000000000002, 0.41289999999999999, 1.0)	../fonts/amplitud.ttf	lower
1271196908140	1	FR_PRES	0	MASK	876	0	0	1505	(0.42259999999999998, 0.58709999999999996, 0)	../fonts/zerothre.ttf	upper
1271196912248	1	FR_PRES	0	WATER	1594	0	0	1509	(0.42259999999999998, 0.58709999999999996, 0)	../fonts/zerothre.ttf	upper
1271196916265	1	FR_PRES	0	TEMPLE	1448	0	1	1652	(0.42259999999999998, 0.58709999999999996, 0)	../fonts/zerothre.ttf	upper
1271196920289	1	FR_PRES	0	TEA	1439	0	1	1444	(0.42259999999999998, 0.58709999999999996, 0)	../fonts/zerothre.ttf	upper
1271196924223	1	FR_PRES	0	COFFEE	341	0	0	1526	(0.42259999999999998, 0.58709999999999996, 0)	../fonts/zerothre.ttf	upper
1271196928289	1	FR_PRES	0	FRIAR	605	0	1	1596	(0.42259999999999998, 0.58709999999999996, 0)	../fonts/zerothre.ttf	upper
1271196932330	1	FR_PRES	0	CROSS	413	1	0	1371	(0.57740000000000002, 0.41289999999999999, 1.0)	../fonts/amplitud.ttf	lower
1271196936446	1	FR_PRES	0	MOSS	918	1	1	1471	(0.57740000000000002, 0.41289999999999999, 1.0)	../fonts/amplitud.ttf	lower
1271196940487	1	FR_PRES	0	STEM	1376	0	0	1543	(0.42259999999999998, 0.58709999999999996, 0)	../fonts/zerothre.ttf	upper
1271196944379	1	FR_PRES	0	POPE	1105	0	1	1138	(0.42259999999999998, 0.58709999999999996, 0)	../fonts/zerothre.ttf	upper
1271196948362	1	FR_PRES	0	CHIMPANZEE	302	1	1	1291	(0.57740000000000002, 0.41289999999999999, 1.0)	../fonts/amplitud.ttf	lower
1271196952187	1	FR_PRES	0	SKIRT	1319	1	0	1171	(0.57740000000000002, 0.41289999999999999, 1.0)	../fonts/amplitud.ttf	lower
1271196957878	1	REC_START
1271197041505	0	REST
1271197043005	1	FR_PRES	1	MASCARA	875	0	0	1153	(0.42259999999999998, 0.58709999999999996, 0)	../fonts/zerothre.ttf	upper
1271197047063	1	FR_PRES	1	DRIVEWAY	500	0	1	1327	(0.42259999999999998, 0.58709999999999996, 0)	../fonts/zerothre.ttf	upper
1271197051205	1	FR_PRES	1	RECIPE	1175	0	0	1161	(0.42259999999999998, 0.58709999999999996, 0)	../fonts/zerothre.ttf	upper
1271197055379	1	FR_PRES	1	LOVER	846	0	1	1482	(0.42259999999999998, 0.58709999999999996, 0)	../fonts/zerothre.ttf	upper
1271197059263	1	FR_PRES	1	SKUNK	1321	0	1	1278	(0.42259999999999998, 0.58709999999999996, 0)	../fonts/zerothre.ttf	upper
1271197063095	1	FR_PRES	1	BEETLE	116	1	1	1342	(0.57740000000000002, 0.41289999999999999, 1.0)	../fonts/amplitud.ttf	lower
1271197066911	1	FR_PRES	1	MARKET	871	1	0	1159	(0.57740000000000002, 0.41289999999999999, 1.0)	../fonts/amplitud.ttf	lower
1271197070886	1	FR_PRES	1	HANGER	687	1	0	1039	(0.57740000000000002, 0.41289999999999999, 1.0)	../fonts/amplitud.ttf	lower
1271197074819	1	FR_PRES	1	SHORTS	1293	1	0	1187	(0.57740000000000002, 0.41289999999999999, 1.0)	../fonts/amplitud.ttf	lower
1271197078985	1	FR_PRES	1	PALM	1007	0	0	1197	(0.42259999999999998, 0.58709999999999996, 0)	../fonts/zerothre.ttf	upper
1271197082951	1	FR_PRES	1	FIG	563	0	0	1574	(0.42259999999999998, 0.58709999999999996, 0)	../fonts/zerothre.ttf	upper
1271197087110	1	FR_PRES	1	PEOPLE	1046	0	1	2128	(0.42259999999999998, 0.58709999999999996, 0)	../fonts/zerothre.ttf	upper
1271197091035	1	FR_PRES	1	AUDIENCE	59	1	1	1634	(0.57740000000000002, 0.41289999999999999, 1.0)	../fonts/amplitud.ttf	lower
1271197094959	1	FR_PRES	1	MAP	865	1	0	1303	(0.57740000000000002, 0.41289999999999999, 1.0)	../fonts/amplitud.ttf	lower
1271197098792	1	FR_PRES	1	TOWER	1490	1	0	1382	(0.57740000000000002, 0.41289999999999999, 1.0)	../fonts/amplitud.ttf	lower
1271197102683	1	FR_PRES	1	MOTH	920	1	1	2282	(0.57740000000000002, 0.41289999999999999, 1.0)	../fonts/amplitud.ttf	lower
1271197108260	1	REC_START
1271197194468	0	REST
1271197195976	1	FR_PRES	2	DISH	474	1	0	1238	(0.57740000000000002, 0.41289999999999999, 1.0)	../fonts/amplitud.ttf	lower
1271197199943	1	FR_PRES	2	CARPET	247	1	0	1111	(0.57740000000000002, 0.41289999999999999, 1.0)	../fonts/amplitud.ttf	lower
1271197204068	1	FR_PRES	2	SUIT	1402	1	0	905	(0.57740000000000002, 0.41289999999999999, 1.0)	../fonts/amplitud.ttf	lower
1271197207925	1	FR_PRES	2	PIE	1062	1	1	1032	(0.57740000000000002, 0.41289999999999999, 1.0)	../fonts/amplitud.ttf	lower
1271197212034	1	FR_PRES	2	PLUM	1090	1	1	1004	(0.57740000000000002, 0.41289999999999999, 1.0)	../fonts/amplitud.ttf	lower
1271197216159	1	FR_PRES	2	CASHIER	254	1	1	1294	(0.57740000000000002, 0.41289999999999999, 1.0)	../fonts/amplitud.ttf	lower
1271197220184	1	FR_PRES	2	CUBE	420	1	0	1102	(0.57740000000000002, 0.41289999999999999, 1.0)	../fonts/amplitud.ttf	lower
1271197224159	1	FR_PRES	2	TILE	1468	1	0	967	(0.57740000000000002, 0.41289999999999999, 1.0)	../fonts/amplitud.ttf	lower
1271197228108	1	FR_PRES	2	CATERPILLAR	259	1	1	978	(0.57740000000000002, 0.41289999999999999, 1.0)	../fonts/amplitud.ttf	lower
1271197232158	1	FR_PRES	2	ROBE	1198	1	0	1128	(0.57740000000000002, 0.41289999999999999, 1.0)	../fonts/amplitud.ttf	lower
1271197236133	1	FR_PRES	2	LIEUTENANT	818	1	1	1376	(0.57740000000000002, 0.41289999999999999, 1.0)	../fonts/amplitud.ttf	lower
1271197240282	1	FR_PRES	2	MILITARY	894	1	0	1667	(0.57740000000000002, 0.41289999999999999, 1.0)	../fonts/amplitud.ttf	lower
1271197244464	1	FR_PRES	2	BAKER	71	1	1	1301	(0.57740000000000002, 0.41289999999999999, 1.0)	../fonts/amplitud.ttf	lower
1271197248323	1	FR_PRES	2	BLENDER	136	1	0	843	(0.57740000000000002, 0.41289999999999999, 1.0)	../fonts/amplitud.ttf	lower
1271197252290	1	FR_PRES	2	MOSQUITO	917	1	1	980	(0.57740000000000002, 0.41289999999999999, 1.0)	../fonts/amplitud.ttf	lower
1271197256164	1	FR_PRES	2	ROBIN	1199	1	1	753	(0.57740000000000002, 0.41289999999999999, 1.0)	../fonts/amplitud.ttf	lower
1271197261822	1	REC_START
1271197379963	0	REST
1271197381471	1	FR_PRES	3	MAN	862	1	1	1639	(0.57740000000000002, 0.41289999999999999, 1.0)	../fonts/amplitud.ttf	lower
1271197385612	1	FR_PRES	3	DANCER	437	1	1	1201	(0.57740000000000002, 0.41289999999999999, 1.0)	../fonts/amplitud.ttf	lower
1271197389670	1	FR_PRES	3	LAMB	797	0	1	1855	(0.42259999999999998, 0.58709999999999996, 0)	../fonts/zerothre.ttf	upper
1271197393670	1	FR_PRES	3	CHERRY	293	0	0	1616	(0.42259999999999998, 0.58709999999999996, 0)	../fonts/zerothre.ttf	upper
1271197397870	1	FR_PRES	3	TOOTHPASTE	1483	1	0	1288	(0.57740000000000002, 0.41289999999999999, 1.0)	../fonts/amplitud.ttf	lower
1271197401894	1	FR_PRES	3	DRESSER	496	1	1	1567	(0.57740000000000002, 0.41289999999999999, 1.0)	../fonts/amplitud.ttf	lower
1271197405936	1	FR_PRES	3	NOMAD	955	1	1	1637	(0.57740000000000002, 0.41289999999999999, 1.0)	../fonts/amplitud.ttf	lower
1271197409810	1	FR_PRES	3	BALLERINA	74	1	1	1731	(0.57740000000000002, 0.41289999999999999, 1.0)	../fonts/amplitud.ttf	lower
1271197413710	1	FR_PRES	3	HATCHET	691	1	0	1223	(0.57740000000000002, 0.41289999999999999, 1.0)	../fonts/amplitud.ttf	lower
1271197417726	1	FR_PRES	3	SCREWDRIVER	1255	1	0	975	(0.57740000000000002, 0.41289999999999999, 1.0)	../fonts/amplitud.ttf	lower
1271197421901	1	FR_PRES	3	OMELET	976	0	0	1473	(0.42259999999999998, 0.58709999999999996, 0)	../fonts/zerothre.ttf	upper
1271197425859	1	FR_PRES	3	PITCHFORK	1078	0	1	1810	(0.42259999999999998, 0.58709999999999996, 0)	../fonts/zerothre.ttf	upper
1271197430002	1	FR_PRES	3	HAY	693	0	1	1899	(0.42259999999999998, 0.58709999999999996, 0)	../fonts/zerothre.ttf	upper
1271197433917	1	FR_PRES	3	CLERK	321	0	1	1281	(0.42259999999999998, 0.58709999999999996, 0)	../fonts/zerothre.ttf	upper
1271197438043	1	FR_PRES	3	CONE	363	0	0	1107	(0.42259999999999998, 0.58709999999999996, 0)	../fonts/zerothre.ttf	upper
1271197442217	1	FR_PRES	3	ICING	732	0	0	1604	(0.42259999999999998, 0.58709999999999996, 0)	../fonts/zerothre.ttf	upper
1271197448009	1	REC_START
1271197474206	0	REJECT
1271197658026	0	REST
1271197659533	1	FR_PRES	4	SQUIRREL	1362	0	0	1024	(0.42259999999999998, 0.58709999999999996, 0)	../fonts/zerothre.ttf	upper
1271197663550	1	FR_PRES	4	COOK	372	0	1	1688	(0.42259999999999998, 0.58709999999999996, 0)	../fonts/zerothre.ttf	upper
1271197667616	1	FR_PRES	4	TRAY	1498	0	1	1373	(0.42259999999999998, 0.58709999999999996, 0)	../fonts/zerothre.ttf	upper
1271197671433	1	FR_PRES	4	SILVERWARE	1308	0	1	1332	(0.42259999999999998, 0.58709999999999996, 0)	../fonts/zerothre.ttf	upper
1271197675449	1	FR_PRES	4	HEEL	700	0	1	1468	(0.42259999999999998, 0.58709999999999996, 0)	../fonts/zerothre.ttf	upper
1271197679308	1	FR_PRES	4	VET	1560	0	1	1305	(0.42259999999999998, 0.58709999999999996, 0)	../fonts/zerothre.ttf	upper
1271197683490	1	FR_PRES	4	GROCERY	664	0	1	1467	(0.42259999999999998, 0.58709999999999996, 0)	../fonts/zerothre.ttf	upper
1271197687316	1	FR_PRES	4	TAVERN	1437	0	1	1698	(0.42259999999999998, 0.58709999999999996, 0)	../fonts/zerothre.ttf	upper
1271197691165	1	FR_PRES	4	SANDWICH	1232	0	1	1712	(0.42259999999999998, 0.58709999999999996, 0)	../fonts/zerothre.ttf	upper
1271197695340	1	FR_PRES	4	ACORN	3	0	0	1690	(0.42259999999999998, 0.58709999999999996, 0)	../fonts/zerothre.ttf	upper
1271197699173	1	FR_PRES	4	CHAIRPERSON	275	0	1	1256	(0.42259999999999998, 0.58709999999999996, 0)	../fonts/zerothre.ttf	upper
1271197702997	1	FR_PRES	4	RUM	1217	0	1	1624	(0.42259999999999998, 0.58709999999999996, 0)	../fonts/zerothre.ttf	upper
1271197707056	1	FR_PRES	4	FATHER	554	0	1	1693	(0.42259999999999998, 0.58709999999999996, 0)	../fonts/zerothre.ttf	upper
1271197711039	1	FR_PRES	4	DAD	433	0	1	1063	(0.42259999999999998, 0.58709999999999996, 0)	../fonts/zerothre.ttf	upper
1271197715089	1	FR_PRES	4	WEED	1599	0	0	1604	(0.42259999999999998, 0.58709999999999996, 0)	../fonts/zerothre.ttf	upper
1271197719030	1	FR_PRES	4	POT	1114	0	0	1519	(0.42259999999999998, 0.58709999999999996, 0)	../fonts/zerothre.ttf	upper
1271197725005	1	REC_START
1271197747533	0	REJECT
1271197785597	0	REJECT
1271197786238	0	REJECT
1271197788925	0	REJECT
1271197789981	0	REJECT
1271197810531	0	REST
1271197812031	1	FR_PRES	5	CHIMNEY	301	-1	-1	-1271197812031	white	../fonts/Verdana.ttf	upper
1271197816023	1	FR_PRES	5	UNIVERSE	1540	-1	-1	-1271197816023	white	../fonts/Verdana.ttf	upper
1271197820206	1	FR_PRES	5	EARTH	515	-1	-1	-1271197820206	white	../fonts/Verdana.ttf	upper
1271197824130	1	FR_PRES	5	NECK	939	-1	-1	-1271197824130	white	../fonts/Verdana.ttf	upper
1271197828164	1	FR_PRES	5	PLAID	1080	-1	-1	-1271197828164	white	../fonts/Verdana.ttf	upper
1271197832338	1	FR_PRES	5	FIELD	562	-1	-1	-1271197832338	white	../fonts/Verdana.ttf	upper
1271197836405	1	FR_PRES	5	BASEMENT	94	-1	-1	-1271197836405	white	../fonts/Verdana.ttf	upper
1271197840379	1	FR_PRES	5	SARDINE	1235	-1	-1	-1271197840379	white	../fonts/Verdana.ttf	upper
1271197844196	1	FR_PRES	5	FLIPPER	580	-1	-1	-1271197844196	white	../fonts/Verdana.ttf	upper
1271197848145	1	FR_PRES	5	POOL	1103	-1	-1	-1271197848145	white	../fonts/Verdana.ttf	upper
1271197852203	1	FR_PRES	5	DIRT	472	-1	-1	-1271197852203	white	../fonts/Verdana.ttf	upper
1271197856128	1	FR_PRES	5	PANTHER	1009	-1	-1	-1271197856128	white	../fonts/Verdana.ttf	upper
1271197860053	1	FR_PRES	5	LOG	841	-1	-1	-1271197860053	white	../fonts/Verdana.ttf	upper
1271197864111	1	FR_PRES	5	DANDELION	438	-1	-1	-1271197864111	white	../fonts/Verdana.ttf	upper
1271197868019	1	FR_PRES	5	PEN	1041	-1	-1	-1271197868019	white	../fonts/Verdana.ttf	upper
1271197872194	1	FR_PRES	5	DAM	436	-1	-1	-1271197872194	white	../fonts/Verdana.ttf	upper
1271197878094	1	REC_START
1271197973935	0	REST
1271197975443	1	FR_PRES	6	CHIPMUNK	304	1	1	1210	(0.57740000000000002, 0.41289999999999999, 1.0)	../fonts/amplitud.ttf	lower
1271197979344	1	FR_PRES	6	LABEL	790	1	0	1309	(0.57740000000000002, 0.41289999999999999, 1.0)	../fonts/amplitud.ttf	lower
1271197983352	1	FR_PRES	6	PAD	998	1	0	862	(0.57740000000000002, 0.41289999999999999, 1.0)	../fonts/amplitud.ttf	lower
1271197987501	1	FR_PRES	6	MAJOR	859	1	0	1368	(0.57740000000000002, 0.41289999999999999, 1.0)	../fonts/amplitud.ttf	lower
1271197991617	1	FR_PRES	6	ASH	44	1	0	1036	(0.57740000000000002, 0.41289999999999999, 1.0)	../fonts/amplitud.ttf	lower
1271197995733	1	FR_PRES	6	BLOSSOM	138	1	1	1537	(0.57740000000000002, 0.41289999999999999, 1.0)	../fonts/amplitud.ttf	lower
1271197999900	1	FR_PRES	6	CANARY	227	1	1	1178	(0.57740000000000002, 0.41289999999999999, 1.0)	../fonts/amplitud.ttf	lower
1271198003733	1	FR_PRES	6	PIGEON	1065	1	1	720	(0.57740000000000002, 0.41289999999999999, 1.0)	../fonts/amplitud.ttf	lower
1271198007674	1	FR_PRES	6	BAIT	70	1	1	1219	(0.57740000000000002, 0.41289999999999999, 1.0)	../fonts/amplitud.ttf	lower
1271198011824	1	FR_PRES	6	LILY	821	1	1	1230	(0.57740000000000002, 0.41289999999999999, 1.0)	../fonts/amplitud.ttf	lower
1271198015982	1	FR_PRES	6	MATCH	878	1	0	919	(0.57740000000000002, 0.41289999999999999, 1.0)	../fonts/amplitud.ttf	lower
1271198019798	1	FR_PRES	6	OFFICER	973	1	1	1368	(0.57740000000000002, 0.41289999999999999, 1.0)	../fonts/amplitud.ttf	lower
1271198023881	1	FR_PRES	6	RADIO	1157	1	0	1580	(0.57740000000000002, 0.41289999999999999, 1.0)	../fonts/amplitud.ttf	lower
1271198027848	1	FR_PRES	6	BANJO	82	1	0	997	(0.57740000000000002, 0.41289999999999999, 1.0)	../fonts/amplitud.ttf	lower
1271198031989	1	FR_PRES	6	EARRING	514	1	0	1297	(0.57740000000000002, 0.41289999999999999, 1.0)	../fonts/amplitud.ttf	lower
1271198035914	1	FR_PRES	6	SNAIL	1332	1	0	1284	(0.57740000000000002, 0.41289999999999999, 1.0)	../fonts/amplitud.ttf	lower
1271198041747	1	REC_START
1271198080062	0	REJECT
1271198120142	0	REST
1271198121649	1	FR_PRES	7	NURSERY	964	-1	-1	-1271198121649	white	../fonts/Verdana.ttf	upper
1271198125482	1	FR_PRES	7	ROOM	1206	-1	-1	-1271198125482	white	../fonts/Verdana.ttf	upper
1271198129333	1	FR_PRES	7	PLATE	1086	-1	-1	-1271198129333	white	../fonts/Verdana.ttf	upper
1271198133307	1	FR_PRES	7	HOSE	720	-1	-1	-1271198133307	white	../fonts/Verdana.ttf	upper
1271198137140	1	FR_PRES	7	TIDE	1465	-1	-1	-1271198137140	white	../fonts/Verdana.ttf	upper
1271198141273	1	FR_PRES	7	WAITER	1580	-1	-1	-1271198141273	white	../fonts/Verdana.ttf	upper
1271198145365	1	FR_PRES	7	NOTEBOOK	959	-1	-1	-1271198145365	white	../fonts/Verdana.ttf	upper
1271198149555	1	FR_PRES	7	CAR	241	-1	-1	-1271198149555	white	../fonts/Verdana.ttf	upper
1271198153738	1	FR_PRES	7	STEREO	1378	-1	-1	-1271198153738	white	../fonts/Verdana.ttf	upper
1271198157738	1	FR_PRES	7	CONVICT	371	-1	-1	-1271198157738	white	../fonts/Verdana.ttf	upper
1271198161896	1	FR_PRES	7	CAPTIVE	240	-1	-1	-1271198161896	white	../fonts/Verdana.ttf	upper
1271198165971	1	FR_PRES	7	YOUTH	1634	-1	-1	-1271198165971	white	../fonts/Verdana.ttf	upper
1271198170171	1	FR_PRES	7	CHAMBER	277	-1	-1	-1271198170171	white	../fonts/Verdana.ttf	upper
1271198174213	1	FR_PRES	7	STOVE	1388	-1	-1	-1271198174213	white	../fonts/Verdana.ttf	upper
1271198178420	1	FR_PRES	7	TEENAGER	1444	-1	-1	-1271198178420	white	../fonts/Verdana.ttf	upper
1271198182611	1	FR_PRES	7	BOXER	160	-1	-1	-1271198182611	white	../fonts/Verdana.ttf	upper
1271198188371	1	REC_START
1271198278471	0	REST
1271198279979	1	FR_PRES	8	SUBMARINE	1398	0	1	1450	(0.42259999999999998, 0.58709999999999996, 0)	../fonts/zerothre.ttf	upper
1271198283962	1	FR_PRES	8	PAINT	1003	0	1	1436	(0.42259999999999998, 0.58709999999999996, 0)	../fonts/zerothre.ttf	upper
1271198288054	1	FR_PRES	8	TENT	1449	1	0	1264	(0.57740000000000002, 0.41289999999999999, 1.0)	../fonts/amplitud.ttf	lower
1271198292087	1	FR_PRES	8	BRUSH	182	1	0	1342	(0.57740000000000002, 0.41289999999999999, 1.0)	../fonts/amplitud.ttf	lower
1271198296154	1	FR_PRES	8	THICKET	1455	1	1	1843	(0.57740000000000002, 0.41289999999999999, 1.0)	../fonts/amplitud.ttf	lower
1271198300362	1	FR_PRES	8	GYMNAST	675	1	1	1603	(0.57740000000000002, 0.41289999999999999, 1.0)	../fonts/amplitud.ttf	lower
1271198304295	1	FR_PRES	8	WELL	1600	1	1	1318	(0.57740000000000002, 0.41289999999999999, 1.0)	../fonts/amplitud.ttf	lower
1271198308111	1	FR_PRES	8	INFANT	737	0	1	2430	(0.42259999999999998, 0.58709999999999996, 0)	../fonts/zerothre.ttf	upper
1271198312027	1	FR_PRES	8	HOUND	724	0	1	1506	(0.42259999999999998, 0.58709999999999996, 0)	../fonts/zerothre.ttf	upper
1271198316060	1	FR_PRES	8	ASTRONAUT	51	0	1	1393	(0.42259999999999998, 0.58709999999999996, 0)	../fonts/zerothre.ttf	upper
1271198319992	1	FR_PRES	8	ASTEROID	50	1	0	1517	(0.57740000000000002, 0.41289999999999999, 1.0)	../fonts/amplitud.ttf	lower
1271198323842	1	FR_PRES	8	POSSUM	1112	1	1	1436	(0.57740000000000002, 0.41289999999999999, 1.0)	../fonts/amplitud.ttf	lower
1271198327950	1	FR_PRES	8	ATHLETE	52	1	1	983	(0.57740000000000002, 0.41289999999999999, 1.0)	../fonts/amplitud.ttf	lower
1271198331783	1	FR_PRES	8	ROACH	1195	0	1	1239	(0.42259999999999998, 0.58709999999999996, 0)	../fonts/zerothre.ttf	upper
1271198335600	1	FR_PRES	8	FLEET	578	0	1	1285	(0.42259999999999998, 0.58709999999999996, 0)	../fonts/zerothre.ttf	upper
1271198339641	1	FR_PRES	8	SPIT	1354	0	1	1765	(0.42259999999999998, 0.58709999999999996, 0)	../fonts/zerothre.ttf	upper
1271198345342	1	REC_START
1271198429127	0	REST
1271198430634	1	FR_PRES	9	GROCERIES	663	0	1	1323	(0.42259999999999998, 0.58709999999999996, 0)	../fonts/zerothre.ttf	upper
1271198434842	1	FR_PRES	9	STAGE	1366	0	1	1651	(0.42259999999999998, 0.58709999999999996, 0)	../fonts/zerothre.ttf	upper
1271198438975	1	FR_PRES	9	PEAR	1033	0	0	1662	(0.42259999999999998, 0.58709999999999996, 0)	../fonts/zerothre.ttf	upper
1271198443000	1	FR_PRES	9	SALIVA	1226	0	0	1717	(0.42259999999999998, 0.58709999999999996, 0)	../fonts/zerothre.ttf	upper
1271198446966	1	FR_PRES	9	BEARD	107	0	0	1935	(0.42259999999999998, 0.58709999999999996, 0)	../fonts/zerothre.ttf	upper
1271198450899	1	FR_PRES	9	WAITRESS	1581	0	1	1874	(0.42259999999999998, 0.58709999999999996, 0)	../fonts/zerothre.ttf	upper
1271198454832	1	FR_PRES	9	BANQUET	86	0	1	1422	(0.42259999999999998, 0.58709999999999996, 0)	../fonts/zerothre.ttf	upper
1271198458740	1	FR_PRES	9	SOFTBALL	1343	0	1	1578	(0.42259999999999998, 0.58709999999999996, 0)	../fonts/zerothre.ttf	upper
1271198462790	1	FR_PRES	9	JUG	762	0	1	1919	(0.42259999999999998, 0.58709999999999996, 0)	../fonts/zerothre.ttf	upper
1271198466981	1	FR_PRES	9	COACH	331	0	1	1121	(0.42259999999999998, 0.58709999999999996, 0)	../fonts/zerothre.ttf	upper
1271198471140	1	FR_PRES	9	FOOTBALL	591	0	1	1361	(0.42259999999999998, 0.58709999999999996, 0)	../fonts/zerothre.ttf	upper
1271198475257	1	FR_PRES	9	SPOOL	1356	0	0	1716	(0.42259999999999998, 0.58709999999999996, 0)	../fonts/zerothre.ttf	upper
1271198479323	1	FR_PRES	9	KITCHEN	778	0	1	1410	(0.42259999999999998, 0.58709999999999996, 0)	../fonts/zerothre.ttf	upper
1271198483390	1	FR_PRES	9	HAT	690	0	1	1487	(0.42259999999999998, 0.58709999999999996, 0)	../fonts/zerothre.ttf	upper
1271198487563	1	FR_PRES	9	YARN	1631	0	0	1547	(0.42259999999999998, 0.58709999999999996, 0)	../fonts/zerothre.ttf	upper
1271198491680	1	FR_PRES	9	BARRACUDA	90	0	1	1350	(0.42259999999999998, 0.58709999999999996, 0)	../fonts/zerothre.ttf	upper
1271198497463	1	REC_START
1271198503861	0	REJECT
1271198580848	0	REST
1271198582349	1	FR_PRES	10	TROPHY	1509	1	0	1552	(0.57740000000000002, 0.41289999999999999, 1.0)	../fonts/amplitud.ttf	lower
1271198586531	1	FR_PRES	10	EWE	542	1	1	1130	(0.57740000000000002, 0.41289999999999999, 1.0)	../fonts/amplitud.ttf	lower
1271198590422	1	FR_PRES	10	STRAW	1390	0	0	1768	(0.42259999999999998, 0.58709999999999996, 0)	../fonts/zerothre.ttf	upper
1271198594348	1	FR_PRES	10	BINDER	127	0	0	1641	(0.42259999999999998, 0.58709999999999996, 0)	../fonts/zerothre.ttf	upper
1271198598497	1	FR_PRES	10	PENGUIN	1044	0	1	1492	(0.42259999999999998, 0.58709999999999996, 0)	../fonts/zerothre.ttf	upper
1271198602580	1	FR_PRES	10	PREDATOR	1120	1	1	1658	(0.57740000000000002, 0.41289999999999999, 1.0)	../fonts/amplitud.ttf	lower
1271198606729	1	FR_PRES	10	COB	334	1	0	1277	(0.57740000000000002, 0.41289999999999999, 1.0)	../fonts/amplitud.ttf	lower
1271198610754	1	FR_PRES	10	PIGMENT	1066	1	0	1436	(0.57740000000000002, 0.41289999999999999, 1.0)	../fonts/amplitud.ttf	lower
1271198614804	1	FR_PRES	10	RODENT	1204	1	1	1298	(0.57740000000000002, 0.41289999999999999, 1.0)	../fonts/amplitud.ttf	lower
1271198618728	1	FR_PRES	10	FUR	615	0	0	1566	(0.42259999999999998, 0.58709999999999996, 0)	../fonts/zerothre.ttf	upper
1271198622928	1	FR_PRES	10	LAPEL	800	0	0	1693	(0.42259999999999998, 0.58709999999999996, 0)	../fonts/zerothre.ttf	upper
1271198627104	1	FR_PRES	10	DONOR	485	0	0	2493	(0.42259999999999998, 0.58709999999999996, 0)	../fonts/zerothre.ttf	upper
1271198630994	1	FR_PRES	10	HEART	697	0	1	1188	(0.42259999999999998, 0.58709999999999996, 0)	../fonts/zerothre.ttf	upper
1271198635045	1	FR_PRES	10	CRAYON	401	0	1	1209	(0.42259999999999998, 0.58709999999999996, 0)	../fonts/zerothre.ttf	upper
1271198639103	1	FR_PRES	10	CAT	257	1	1	1031	(0.57740000000000002, 0.41289999999999999, 1.0)	../fonts/amplitud.ttf	lower
1271198643194	1	FR_PRES	10	BRIDE	173	1	1	1435	(0.57740000000000002, 0.41289999999999999, 1.0)	../fonts/amplitud.ttf	lower
1271198648877	1	REC_START
1271198745744	0	REST
1271198747245	1	FR_PRES	11	BANK	83	0	1	1680	(0.42259999999999998, 0.58709999999999996, 0)	../fonts/zerothre.ttf	upper
1271198751086	1	FR_PRES	11	TREAD	1499	0	1	1495	(0.42259999999999998, 0.58709999999999996, 0)	../fonts/zerothre.ttf	upper
1271198755011	1	FR_PRES	11	MONEY	908	0	0	1842	(0.42259999999999998, 0.58709999999999996, 0)	../fonts/zerothre.ttf	upper
1271198758885	1	FR_PRES	11	BODY	145	1	1	1872	(0.57740000000000002, 0.41289999999999999, 1.0)	../fonts/amplitud.ttf	lower
1271198762793	1	FR_PRES	11	CREATURE	403	1	1	1261	(0.57740000000000002, 0.41289999999999999, 1.0)	../fonts/amplitud.ttf	lower
1271198766742	1	FR_PRES	11	ACTRESS	6	0	1	1288	(0.42259999999999998, 0.58709999999999996, 0)	../fonts/zerothre.ttf	upper
1271198770642	1	FR_PRES	11	VINE	1568	0	0	1299	(0.42259999999999998, 0.58709999999999996, 0)	../fonts/zerothre.ttf	upper
1271198774808	1	FR_PRES	11	COYOTE	396	0	1	1446	(0.42259999999999998, 0.58709999999999996, 0)	../fonts/zerothre.ttf	upper
1271198778858	1	FR_PRES	11	ACID	2	0	0	1436	(0.42259999999999998, 0.58709999999999996, 0)	../fonts/zerothre.ttf	upper
1271198782800	1	FR_PRES	11	LID	817	0	0	1342	(0.42259999999999998, 0.58709999999999996, 0)	../fonts/zerothre.ttf	upper
1271198786833	1	FR_PRES	11	CENT	270	1	0	924	(0.57740000000000002, 0.41289999999999999, 1.0)	../fonts/amplitud.ttf	lower
1271198790957	1	FR_PRES	11	VIDEO	1564	1	1	1273	(0.57740000000000002, 0.41289999999999999, 1.0)	../fonts/amplitud.ttf	lower
1271198795025	1	FR_PRES	11	JURY	766	1	1	997	(0.57740000000000002, 0.41289999999999999, 1.0)	../fonts/amplitud.ttf	lower
1271198799224	1	FR_PRES	11	GAVEL	627	1	0	1581	(0.57740000000000002, 0.41289999999999999, 1.0)	../fonts/amplitud.ttf	lower
1271198803116	1	FR_PRES	11	HORIZON	717	1	0	1130	(0.57740000000000002, 0.41289999999999999, 1.0)	../fonts/amplitud.ttf	lower
1271198807215	1	FR_PRES	11	MOON	914	1	0	1815	(0.57740000000000002, 0.41289999999999999, 1.0)	../fonts/amplitud.ttf	lower
1271198812873	1	REC_START
1271198888492	1	REST_REWET
1271199304836	0	REST
1271199306345	1	FR_PRES	12	ANCESTOR	20	-1	-1	-1271199306345	white	../fonts/Verdana.ttf	upper
1271199310245	1	FR_PRES	12	MOTHER	921	-1	-1	-1271199310245	white	../fonts/Verdana.ttf	upper
1271199314443	1	FR_PRES	12	ASSOCIATE	49	-1	-1	-1271199314443	white	../fonts/Verdana.ttf	upper
1271199318476	1	FR_PRES	12	DECK	443	-1	-1	-1271199318476	white	../fonts/Verdana.ttf	upper
1271199322568	1	FR_PRES	12	VOLLEYBALL	1576	-1	-1	-1271199322568	white	../fonts/Verdana.ttf	upper
1271199326409	1	FR_PRES	12	CHESS	294	-1	-1	-1271199326409	white	../fonts/Verdana.ttf	upper
1271199330268	1	FR_PRES	12	WHEEL	1603	-1	-1	-1271199330268	white	../fonts/Verdana.ttf	upper
1271199334218	1	FR_PRES	12	SUPERVISOR	1410	-1	-1	-1271199334218	white	../fonts/Verdana.ttf	upper
1271199338176	1	FR_PRES	12	TABLE	1426	-1	-1	-1271199338176	white	../fonts/Verdana.ttf	upper
1271199342200	1	FR_PRES	12	BENCH	121	-1	-1	-1271199342200	white	../fonts/Verdana.ttf	upper
1271199346383	1	FR_PRES	12	MOTOR	922	-1	-1	-1271199346383	white	../fonts/Verdana.ttf	upper
1271199350258	1	FR_PRES	12	HOOP	716	-1	-1	-1271199350258	white	../fonts/Verdana.ttf	upper
1271199354241	1	FR_PRES	12	ABDOMEN	1	-1	-1	-1271199354241	white	../fonts/Verdana.ttf	upper
1271199358274	1	FR_PRES	12	WRENCH	1625	-1	-1	-1271199358274	white	../fonts/Verdana.ttf	upper
1271199362391	1	FR_PRES	12	COAL	332	-1	-1	-1271199362391	white	../fonts/Verdana.ttf	upper
1271199366365	1	FR_PRES	12	TUXEDO	1525	-1	-1	-1271199366365	white	../fonts/Verdana.ttf	upper
1271199371956	1	REC_START
1271199458009	0	REST
1271199459516	1	FR_PRES	13	BALLOT	76	-1	-1	-1271199459516	white	../fonts/Verdana.ttf	upper
1271199463715	1	FR_PRES	13	MUFFIN	929	-1	-1	-1271199463715	white	../fonts/Verdana.ttf	upper
1271199467807	1	FR_PRES	13	WAGON	1578	-1	-1	-1271199467807	white	../fonts/Verdana.ttf	upper
1271199471823	1	FR_PRES	13	SQUID	1361	-1	-1	-1271199471823	white	../fonts/Verdana.ttf	upper
1271199475798	1	FR_PRES	13	APRON	35	-1	-1	-1271199475798	white	../fonts/Verdana.ttf	upper
1271199479881	1	FR_PRES	13	TAXI	1438	-1	-1	-1271199479881	white	../fonts/Verdana.ttf	upper
1271199484057	1	FR_PRES	13	GLOVE	642	-1	-1	-1271199484057	white	../fonts/Verdana.ttf	upper
1271199487930	1	FR_PRES	13	COTTAGE	384	-1	-1	-1271199487930	white	../fonts/Verdana.ttf	upper
1271199492139	1	FR_PRES	13	SHACK	1273	-1	-1	-1271199492139	white	../fonts/Verdana.ttf	upper
1271199496239	1	FR_PRES	13	FISH	571	-1	-1	-1271199496239	white	../fonts/Verdana.ttf	upper
1271199500055	1	FR_PRES	13	CRAB	397	-1	-1	-1271199500055	white	../fonts/Verdana.ttf	upper
1271199504155	1	FR_PRES	13	DUNE	506	-1	-1	-1271199504155	white	../fonts/Verdana.ttf	upper
1271199508080	1	FR_PRES	13	FIREMAN	569	-1	-1	-1271199508080	white	../fonts/Verdana.ttf	upper
1271199512271	1	FR_PRES	13	CHART	282	-1	-1	-1271199512271	white	../fonts/Verdana.ttf	upper
1271199516237	1	FR_PRES	13	CACTUS	215	-1	-1	-1271199516237	white	../fonts/Verdana.ttf	upper
1271199520229	1	FR_PRES	13	ROSE	1212	-1	-1	-1271199520229	white	../fonts/Verdana.ttf	upper
1271199525928	1	REC_START
1271199606089	0	REST
1271199607596	1	FR_PRES	14	FURNITURE	616	0	1	1401	(0.42259999999999998, 0.58709999999999996, 0)	../fonts/zerothre.ttf	upper
1271199611796	1	FR_PRES	14	SHEEP	1278	0	1	1153	(0.42259999999999998, 0.58709999999999996, 0)	../fonts/zerothre.ttf	upper
1271199615621	1	FR_PRES	14	GRASSHOPPER	656	0	0	1585	(0.42259999999999998, 0.58709999999999996, 0)	../fonts/zerothre.ttf	upper
1271199619837	1	FR_PRES	14	FINGERNAIL	568	0	0	1824	(0.42259999999999998, 0.58709999999999996, 0)	../fonts/zerothre.ttf	upper
1271199623778	1	FR_PRES	14	CLAMP	316	0	0	1955	(0.42259999999999998, 0.58709999999999996, 0)	../fonts/zerothre.ttf	upper
1271199627787	1	FR_PRES	14	FIST	572	0	0	1898	(0.42259999999999998, 0.58709999999999996, 0)	../fonts/zerothre.ttf	upper
1271199631728	1	FR_PRES	14	FOREST	593	0	1	2053	(0.42259999999999998, 0.58709999999999996, 0)	../fonts/zerothre.ttf	upper
1271199635703	1	FR_PRES	14	KEEPER	769	0	1	2190	(0.42259999999999998, 0.58709999999999996, 0)	../fonts/zerothre.ttf	upper
1271199639552	1	FR_PRES	14	HEDGE	699	0	1	2421	(0.42259999999999998, 0.58709999999999996, 0)	../fonts/zerothre.ttf	upper
1271199643744	1	FR_PRES	14	STUMP	1396	0	1	1462	(0.42259999999999998, 0.58709999999999996, 0)	../fonts/zerothre.ttf	upper
1271199647918	1	FR_PRES	14	KNUCKLE	789	0	0	1448	(0.42259999999999998, 0.58709999999999996, 0)	../fonts/zerothre.ttf	upper
1271199652111	1	FR_PRES	14	BLUEJAY	141	0	0	1678	(0.42259999999999998, 0.58709999999999996, 0)	../fonts/zerothre.ttf	upper
1271199656185	1	FR_PRES	14	CAPTAIN	239	0	1	2037	(0.42259999999999998, 0.58709999999999996, 0)	../fonts/zerothre.ttf	upper
1271199660177	1	FR_PRES	14	CANNON	232	0	1	1045	(0.42259999999999998, 0.58709999999999996, 0)	../fonts/zerothre.ttf	upper
1271199664351	1	FR_PRES	14	VETERAN	1561	0	1	1358	(0.42259999999999998, 0.58709999999999996, 0)	../fonts/zerothre.ttf	upper
1271199668433	1	FR_PRES	14	INSECT	740	0	1	1028	(0.42259999999999998, 0.58709999999999996, 0)	../fonts/zerothre.ttf	upper
1271199674268	1	REC_START
1271199689246	0	REJECT
1271199690110	0	REJECT
1271199767077	0	REST
1271199768584	1	FR_PRES	15	WALRUS	1585	1	1	1389	(0.57740000000000002, 0.41289999999999999, 1.0)	../fonts/amplitud.ttf	lower
1271199772517	1	FR_PRES	15	GUN	673	1	0	777	(0.57740000000000002, 0.41289999999999999, 1.0)	../fonts/amplitud.ttf	lower
1271199776343	1	FR_PRES	15	MAILBOX	857	1	0	1150	(0.57740000000000002, 0.41289999999999999, 1.0)	../fonts/amplitud.ttf	lower
1271199780218	1	FR_PRES	15	MINER	896	1	1	1052	(0.57740000000000002, 0.41289999999999999, 1.0)	../fonts/amplitud.ttf	lower
1271199784109	1	FR_PRES	15	GOLD	647	1	1	1033	(0.57740000000000002, 0.41289999999999999, 1.0)	../fonts/amplitud.ttf	lower
1271199788217	1	FR_PRES	15	WOMAN	1620	1	1	1061	(0.57740000000000002, 0.41289999999999999, 1.0)	../fonts/amplitud.ttf	lower
1271199792258	1	FR_PRES	15	CLOCK	325	1	0	820	(0.57740000000000002, 0.41289999999999999, 1.0)	../fonts/amplitud.ttf	lower
1271199796067	1	FR_PRES	15	COW	393	1	1	1059	(0.57740000000000002, 0.41289999999999999, 1.0)	../fonts/amplitud.ttf	lower
1271199799982	1	FR_PRES	15	HERD	705	1	1	1903	(0.57740000000000002, 0.41289999999999999, 1.0)	../fonts/amplitud.ttf	lower
1271199804133	1	FR_PRES	15	PARCEL	1012	1	0	1504	(0.57740000000000002, 0.41289999999999999, 1.0)	../fonts/amplitud.ttf	lower
1271199808091	1	FR_PRES	15	FREEZER	604	1	0	1666	(0.57740000000000002, 0.41289999999999999, 1.0)	../fonts/amplitud.ttf	lower
1271199812199	1	FR_PRES	15	MEDICINE	886	1	0	1262	(0.57740000000000002, 0.41289999999999999, 1.0)	../fonts/amplitud.ttf	lower
1271199816406	1	FR_PRES	15	PUPPY	1144	1	1	768	(0.57740000000000002, 0.41289999999999999, 1.0)	../fonts/amplitud.ttf	lower
1271199820240	1	FR_PRES	15	GANGSTER	620	1	1	1022	(0.57740000000000002, 0.41289999999999999, 1.0)	../fonts/amplitud.ttf	lower
1271199824190	1	FR_PRES	15	ENVELOPE	537	1	0	1128	(0.57740000000000002, 0.41289999999999999, 1.0)	../fonts/amplitud.ttf	lower
1271199828089	1	FR_PRES	15	ICE	730	1	1	884	(0.57740000000000002, 0.41289999999999999, 1.0)	../fonts/amplitud.ttf	lower
1271199833772	1	REC_START
1271199915565	0	FFR_START
1271199921258	1	REC_START
1271199954166	0	REJECT
1271199961901	0	REJECT
1271199971645	0	REJECT
1271199971869	0	REJECT
1271200009222	0	REJECT
1271200035813	0	REJECT
1271200042981	0	REJECT
1271200081909	0	REJECT
1271200109733	0	REJECT
1271200120541	0	REJECT
1271200121549	0	REJECT
1271200127709	0	REJECT
1271200139302	0	REJECT
1271200139693	0	REJECT
1271200139853	0	REJECT
1271200140054	0	REJECT
1271200140190	0	REJECT
1271200140485	0	REJECT
1271200140661	0	REJECT
1271200140829	0	REJECT
1271200157701	0	REJECT
1271200164829	0	REJECT
1271200165257	30	REJECT
1271200165493	0	REJECT
1271200165701	0	REJECT
1271200165837	0	REJECT
1271200171709	0	REJECT
1271200171877	0	REJECT
1271200172054	0	REJECT
1271200172230	0	REJECT
1271200172382	0	REJECT
1271200172533	0	REJECT
1271200172701	0	REJECT
1271200172869	0	REJECT
1271200173022	0	REJECT
1271200173190	0	REJECT
1271200173342	0	REJECT
1271200173533	0	REJECT
1271200195909	0	REJECT
1271200242125	0	RECOG_START
1271200242126	1	REC_START
1271200242158	0	RECOG_PRES	0	TRAY	1498	-999	P	2104
1271200244632	0	RECOG_CR_PRES	0	TRAY	1498	-999	P	1077
1271200246058	1	RECOG_FEEDBACK	1
1271200246815	0	RECOG_PRES	0	PLIERS	1089	-999	P	942
1271200248133	0	RECOG_CR_PRES	0	PLIERS	1089	-999	P	440
1271200248907	1	RECOG_FEEDBACK	1
1271200249682	0	RECOG_PRES	0	WOLF	1619	-999	P	875
1271200250932	0	RECOG_CR_PRES	0	WOLF	1619	-999	P	873
1271200252174	1	RECOG_FEEDBACK	0
1271200252898	0	RECOG_PRES	0	MOOSE	915	-999	P	931
1271200254191	0	RECOG_CR_PRES	0	MOOSE	915	-999	P	470
1271200254956	1	RECOG_FEEDBACK	1
1271200255731	0	RECOG_PRES	0	SNAKE	1333	-999	P	946
1271200257041	0	RECOG_CR_PRES	0	SNAKE	1333	-999	P	524
1271200257931	1	RECOG_FEEDBACK	0
1271200258698	0	RECOG_PRES	0	CONDUCTOR	362	-999	P	987
1271200260049	0	RECOG_CR_PRES	0	CONDUCTOR	362	-999	P	2157
1271200262581	1	RECOG_FEEDBACK	1
1271200263307	0	RECOG_PRES	0	CRAYON	401	-999	P	755
1271200264431	0	RECOG_CR_PRES	0	CRAYON	401	-999	P	502
1271200265240	1	RECOG_FEEDBACK	1
1271200265956	0	RECOG_PRES	0	STUMP	1396	-999	P	769
1271200267090	0	RECOG_CR_PRES	0	STUMP	1396	-999	P	419
1271200267830	1	RECOG_FEEDBACK	1
1271200268547	0	RECOG_PRES	0	VOLLEYBALL	1576	-999	P	819
1271200269739	0	RECOG_CR_PRES	0	VOLLEYBALL	1576	-999	P	427
1271200270488	1	RECOG_FEEDBACK	1
1271200271290	0	RECOG_PRES	0	DEODORANT	448	-999	P	964
1271200272630	0	RECOG_CR_PRES	0	DEODORANT	448	-999	P	400
1271200273438	1	RECOG_FEEDBACK	1
1271200274231	0	RECOG_PRES	0	DANDELION	438	-999	P	927
1271200275530	0	RECOG_CR_PRES	0	DANDELION	438	-999	P	307
1271200276256	1	RECOG_FEEDBACK	1
1271200276971	0	RECOG_PRES	0	PUMPKIN	1142	-999	P	1091
1271200278438	0	RECOG_CR_PRES	0	PUMPKIN	1142	-999	P	447
1271200279281	1	RECOG_FEEDBACK	1
1271200280055	0	RECOG_PRES	0	SANDWICH	1232	-999	P	934
1271200281364	0	RECOG_CR_PRES	0	SANDWICH	1232	-999	P	642
1271200282438	1	RECOG_FEEDBACK	1
1271200283172	0	RECOG_PRES	0	GERM	632	-999	P	809
1271200284347	0	RECOG_CR_PRES	0	GERM	632	-999	P	747
1271200285471	1	RECOG_FEEDBACK	1
1271200286272	0	RECOG_PRES	0	BEARD	107	-999	P	1030
1271200287671	0	RECOG_CR_PRES	0	BEARD	107	-999	P	351
1271200288445	1	RECOG_FEEDBACK	1
1271200289171	0	RECOG_PRES	0	STRAW	1390	-999	P	1123
1271200290662	0	RECOG_CR_PRES	0	STRAW	1390	-999	P	384
1271200291429	1	RECOG_FEEDBACK	1
1271200292188	0	RECOG_PRES	0	SCREEN	1253	-999	P	890
1271200293453	0	RECOG_CR_PRES	0	SCREEN	1253	-999	P	553
1271200294396	1	RECOG_FEEDBACK	1
1271200295154	0	RECOG_PRES	0	SKIRT	1319	-999	P	964
1271200296487	0	RECOG_CR_PRES	0	SKIRT	1319	-999	P	390
1271200297271	1	RECOG_FEEDBACK	1
1271200298046	0	RECOG_PRES	0	OUTDOORS	987	-999	P	1224
1271200299645	0	RECOG_CR_PRES	0	OUTDOORS	987	-999	P	497
1271200300611	1	RECOG_FEEDBACK	1
1271200301354	0	RECOG_PRES	0	OFFICER	973	-999	P	1115
1271200302844	0	RECOG_CR_PRES	0	OFFICER	973	-999	P	442
1271200303719	1	RECOG_FEEDBACK	1
1271200306129	0	REST
1271200307271	1	REC_START
1271200307303	0	RECOG_PRES	1	WALL	1582	-999	P	967
1271200308669	0	RECOG_CR_PRES	1	WALL	1582	-999	P	529
1271200309586	1	RECOG_FEEDBACK	1
1271200310295	0	RECOG_PRES	1	STOVE	1388	-999	P	807
1271200311477	0	RECOG_CR_PRES	1	STOVE	1388	-999	P	561
1271200312410	1	RECOG_FEEDBACK	0
1271200313120	0	RECOG_PRES	1	FUR	615	-999	P	1046
1271200314535	0	RECOG_CR_PRES	1	FUR	615	-999	P	511
1271200315435	1	RECOG_FEEDBACK	0
1271200316228	0	RECOG_PRES	1	FOREST	593	-999	P	1090
1271200317693	0	RECOG_CR_PRES	1	FOREST	593	-999	P	497
1271200318568	1	RECOG_FEEDBACK	1
1271200319294	0	RECOG_PRES	1	PICKLE	1059	-999	P	1159
1271200320826	0	RECOG_CR_PRES	1	PICKLE	1059	-999	P	300
1271200321560	1	RECOG_FEEDBACK	1
1271200322336	0	RECOG_PRES	1	BANDAGE	79	-999	P	1038
1271200323743	0	RECOG_CR_PRES	1	BANDAGE	79	-999	P	295
1271200324418	1	RECOG_FEEDBACK	1
1271200325194	0	RECOG_PRES	1	SHOVEL	1295	-999	P	1363
1271200326926	0	RECOG_CR_PRES	1	SHOVEL	1295	-999	P	424
1271200327843	1	RECOG_FEEDBACK	1
1271200328634	0	RECOG_PRES	1	FATHER	554	-999	P	1019
1271200330018	0	RECOG_CR_PRES	1	FATHER	554	-999	P	475
1271200330917	1	RECOG_FEEDBACK	1
1271200331676	0	RECOG_PRES	1	CLERK	321	-999	P	1289
1271200333327	0	RECOG_CR_PRES	1	CLERK	321	-999	P	358
1271200334143	1	RECOG_FEEDBACK	1
1271200334859	0	RECOG_PRES	1	VIDEO	1564	-999	P	1026
1271200336251	0	RECOG_CR_PRES	1	VIDEO	1564	-999	P	394
1271200337018	1	RECOG_FEEDBACK	1
1271200337775	0	RECOG_PRES	1	HEART	697	-999	P	850
1271200339018	0	RECOG_CR_PRES	1	HEART	697	-999	P	427
1271200339800	1	RECOG_FEEDBACK	1
1271200340575	0	RECOG_PRES	1	SUITCASE	1403	-999	P	1046
1271200341991	0	RECOG_CR_PRES	1	SUITCASE	1403	-999	P	375
1271200342800	1	RECOG_FEEDBACK	1
1271200343566	0	RECOG_PRES	1	TEMPLE	1448	-999	P	808
1271200344750	0	RECOG_CR_PRES	1	TEMPLE	1448	-999	P	504
1271200345616	1	RECOG_FEEDBACK	1
1271200346416	0	RECOG_PRES	1	WALRUS	1585	-999	P	926
1271200347716	0	RECOG_CR_PRES	1	WALRUS	1585	-999	P	530
1271200348658	1	RECOG_FEEDBACK	1
1271200349392	0	RECOG_PRES	1	EAR	513	-999	P	918
1271200350683	0	RECOG_CR_PRES	1	EAR	513	-999	P	331
1271200351375	1	RECOG_FEEDBACK	1
1271200352158	0	RECOG_PRES	1	COMPASS	358	-999	P	872
1271200353400	0	RECOG_CR_PRES	1	COMPASS	358	-999	P	397
1271200354183	1	RECOG_FEEDBACK	1
1271200354991	0	RECOG_PRES	1	SKUNK	1321	-999	P	798
1271200356158	0	RECOG_CR_PRES	1	SKUNK	1321	-999	P	583
1271200357133	1	RECOG_FEEDBACK	1
1271200357932	0	RECOG_PRES	1	PAINT	1003	-999	P	897
1271200359191	0	RECOG_CR_PRES	1	PAINT	1003	-999	P	454
1271200360041	1	RECOG_FEEDBACK	1
1271200360823	0	RECOG_PRES	1	GOOSE	649	-999	P	825
1271200362041	0	RECOG_CR_PRES	1	GOOSE	649	-999	P	372
1271200362807	1	RECOG_FEEDBACK	1
1271200363523	0	RECOG_PRES	1	KITCHEN	778	-999	P	835
1271200364731	0	RECOG_CR_PRES	1	KITCHEN	778	-999	P	499
1271200365615	1	RECOG_FEEDBACK	1
1271200367715	0	REST
1271200368676	1	REC_START
1271200368714	0	RECOG_PRES	2	PEBBLE	1035	-999	P	1340
1271200370423	0	RECOG_CR_PRES	2	PEBBLE	1035	-999	P	599
1271200371548	1	RECOG_FEEDBACK	1
1271200372324	0	RECOG_PRES	2	AIRCRAFT	11	-999	P	1018
1271200373714	0	RECOG_CR_PRES	2	AIRCRAFT	11	-999	P	412
1271200374514	1	RECOG_FEEDBACK	1
1271200375232	0	RECOG_PRES	2	FLUTE	585	-999	P	1062
1271200376664	0	RECOG_CR_PRES	2	FLUTE	585	-999	P	518
1271200377614	1	RECOG_FEEDBACK	1
1271200378390	0	RECOG_PRES	2	CRAB	397	-999	P	1415
1271200380173	0	RECOG_CR_PRES	2	CRAB	397	-999	P	512
1271200381206	1	RECOG_FEEDBACK	1
1271200381972	0	RECOG_PRES	2	PILLOW	1069	-999	P	1050
1271200383398	0	RECOG_CR_PRES	2	PILLOW	1069	-999	P	535
1271200384364	1	RECOG_FEEDBACK	1
1271200385173	0	RECOG_PRES	2	UNIFORM	1539	-999	P	1105
1271200386647	0	RECOG_CR_PRES	2	UNIFORM	1539	-999	P	551
1271200387655	1	RECOG_FEEDBACK	1
1271200388430	0	RECOG_PRES	2	FIG	563	-999	P	1255
1271200390064	0	RECOG_CR_PRES	2	FIG	563	-999	P	525
1271200391056	1	RECOG_FEEDBACK	1
1271200391813	0	RECOG_PRES	2	CAR	241	-999	P	1297
1271200393479	0	RECOG_CR_PRES	2	CAR	241	-999	P	462
1271200394429	1	RECOG_FEEDBACK	1
1271200395180	0	RECOG_PRES	2	GRASSHOPPER	656	-999	P	994
1271200396546	0	RECOG_CR_PRES	2	GRASSHOPPER	656	-999	P	500
1271200397454	1	RECOG_FEEDBACK	1
1271200398205	0	RECOG_PRES	2	NAPKIN	937	-999	P	1296
1271200399871	0	RECOG_CR_PRES	2	NAPKIN	937	-999	P	439
1271200400804	1	RECOG_FEEDBACK	1
1271200401579	0	RECOG_PRES	2	NOTEBOOK	959	-999	P	1178
1271200403121	0	RECOG_CR_PRES	2	NOTEBOOK	959	-999	P	380
1271200403962	1	RECOG_FEEDBACK	1
1271200404770	0	RECOG_PRES	2	ASTEROID	50	-999	P	867
1271200406004	0	RECOG_CR_PRES	2	ASTEROID	50	-999	P	577
1271200406987	1	RECOG_FEEDBACK	1
1271200407762	0	RECOG_PRES	2	TEA	1439	-999	P	771
1271200408903	0	RECOG_CR_PRES	2	TEA	1439	-999	P	510
1271200409795	1	RECOG_FEEDBACK	1
1271200410520	0	RECOG_PRES	2	SPOOL	1356	-999	P	774
1271200411670	0	RECOG_CR_PRES	2	SPOOL	1356	-999	P	424
1271200412478	1	RECOG_FEEDBACK	1
1271200413237	0	RECOG_PRES	2	WRENCH	1625	-999	P	937
1271200414544	0	RECOG_CR_PRES	2	WRENCH	1625	-999	P	333
1271200415304	1	RECOG_FEEDBACK	1
1271200416104	0	RECOG_PRES	2	OREGANO	983	-999	P	1222
1271200417694	0	RECOG_CR_PRES	2	OREGANO	983	-999	P	320
1271200418486	1	RECOG_FEEDBACK	1
1271200419262	0	RECOG_PRES	2	LILY	821	-999	P	872
1271200420502	0	RECOG_CR_PRES	2	LILY	821	-999	P	463
1271200421345	1	RECOG_FEEDBACK	1
1271200422053	0	RECOG_PRES	2	STADIUM	1364	-999	P	1241
1271200423669	0	RECOG_CR_PRES	2	STADIUM	1364	-999	P	417
1271200424544	1	RECOG_FEEDBACK	1
1271200425286	0	RECOG_PRES	2	GROCERY	664	-999	P	776
1271200426435	0	RECOG_CR_PRES	2	GROCERY	664	-999	P	538
1271200427319	1	RECOG_FEEDBACK	1
1271200428111	0	RECOG_PRES	2	REGISTER	1180	-999	P	903
1271200429386	0	RECOG_CR_PRES	2	REGISTER	1180	-999	P	379
1271200430119	1	RECOG_FEEDBACK	1
1271200432261	0	REST
1271200433440	1	REC_START
1271200433476	0	RECOG_PRES	3	CHURCH	307	-999	P	1033
1271200434885	0	RECOG_CR_PRES	3	CHURCH	307	-999	P	792
1271200436052	1	RECOG_FEEDBACK	1
1271200436859	0	RECOG_PRES	3	LOG	841	-999	P	970
1271200438194	0	RECOG_CR_PRES	3	LOG	841	-999	P	435
1271200439035	1	RECOG_FEEDBACK	0
1271200439793	0	RECOG_PRES	3	TOWER	1490	-999	P	1589
1271200441751	0	RECOG_CR_PRES	3	TOWER	1490	-999	P	367
1271200442584	1	RECOG_FEEDBACK	1
1271200443368	0	RECOG_PRES	3	YARN	1631	-999	P	814
1271200444551	0	RECOG_CR_PRES	3	YARN	1631	-999	P	430
1271200445335	1	RECOG_FEEDBACK	1
1271200446076	0	RECOG_PRES	3	CLOCK	325	-999	P	801
1271200447243	0	RECOG_CR_PRES	3	CLOCK	325	-999	P	378
1271200447984	1	RECOG_FEEDBACK	1
1271200448742	0	RECOG_PRES	3	POET	1095	-999	P	735
1271200449850	0	RECOG_CR_PRES	3	POET	1095	-999	P	412
1271200450608	1	RECOG_FEEDBACK	1
1271200451401	0	RECOG_PRES	3	PALM	1007	-999	P	1124
1271200452900	0	RECOG_CR_PRES	3	PALM	1007	-999	P	426
1271200453758	1	RECOG_FEEDBACK	0
1271200454516	0	RECOG_PRES	3	ACORN	3	-999	P	674
1271200455558	0	RECOG_CR_PRES	3	ACORN	3	-999	P	407
1271200456301	1	RECOG_FEEDBACK	1
1271200457084	0	RECOG_PRES	3	EARRING	514	-999	P	857
1271200458309	0	RECOG_CR_PRES	3	EARRING	514	-999	P	552
1271200459225	1	RECOG_FEEDBACK	1
1271200460025	0	RECOG_PRES	3	TIDE	1465	-999	P	700
1271200461092	0	RECOG_CR_PRES	3	TIDE	1465	-999	P	577
1271200462017	1	RECOG_FEEDBACK	1
1271200462749	0	RECOG_PRES	3	GYMNAST	675	-999	P	848
1271200463957	0	RECOG_CR_PRES	3	GYMNAST	675	-999	P	456
1271200464757	1	RECOG_FEEDBACK	1
1271200465557	0	RECOG_PRES	3	PIGEON	1065	-999	P	729
1271200466657	0	RECOG_CR_PRES	3	PIGEON	1065	-999	P	437
1271200467441	1	RECOG_FEEDBACK	1
1271200468216	0	RECOG_PRES	3	IRON	744	-999	P	773
1271200469366	0	RECOG_CR_PRES	3	IRON	744	-999	P	415
1271200470150	1	RECOG_FEEDBACK	1
1271200470865	0	RECOG_PRES	3	HEEL	700	-999	P	700
1271200471940	0	RECOG_CR_PRES	3	HEEL	700	-999	P	497
1271200472782	1	RECOG_FEEDBACK	1
1271200473498	0	RECOG_PRES	3	TUXEDO	1525	-999	P	987
1271200474857	0	RECOG_CR_PRES	3	TUXEDO	1525	-999	P	397
1271200475665	1	RECOG_FEEDBACK	0
1271200476391	0	RECOG_PRES	3	CHOCOLATE	306	-999	P	1647
1271200478406	0	RECOG_CR_PRES	3	CHOCOLATE	306	-999	P	608
1271200479357	1	RECOG_FEEDBACK	1
1271200480074	0	RECOG_PRES	3	PANTS	1010	-999	P	2156
1271200482606	0	RECOG_CR_PRES	3	PANTS	1010	-999	P	480
1271200483598	1	RECOG_FEEDBACK	1
1271200484399	0	RECOG_PRES	3	TOOTHPASTE	1483	-999	P	679
1271200485447	0	RECOG_CR_PRES	3	TOOTHPASTE	1483	-999	P	462
1271200486257	1	RECOG_FEEDBACK	1
1271200487015	0	RECOG_PRES	3	STAFF	1365	-999	P	982
1271200488373	0	RECOG_CR_PRES	3	STAFF	1365	-999	P	777
1271200489556	1	RECOG_FEEDBACK	1
1271200490290	0	RECOG_PRES	3	UMPIRE	1535	-999	P	932
1271200491597	0	RECOG_CR_PRES	3	UMPIRE	1535	-999	P	521
1271200492497	1	RECOG_FEEDBACK	1
1271200496406	0	REST
1271200497440	1	REC_START
1271200497472	0	RECOG_PRES	4	QUILL	1150	-999	P	1013
1271200498855	0	RECOG_CR_PRES	4	QUILL	1150	-999	P	391
1271200499563	1	RECOG_FEEDBACK	1
1271200500339	0	RECOG_PRES	4	GALAXY	617	-999	P	2059
1271200502771	0	RECOG_CR_PRES	4	GALAXY	617	-999	P	563
1271200503929	1	RECOG_FEEDBACK	1
1271200504696	0	RECOG_PRES	4	SHORTCAKE	1292	-999	P	973
1271200506039	0	RECOG_CR_PRES	4	SHORTCAKE	1292	-999	P	382
1271200506796	1	RECOG_FEEDBACK	1
1271200507571	0	RECOG_PRES	4	KNUCKLE	789	-999	P	890
1271200508837	0	RECOG_CR_PRES	4	KNUCKLE	789	-999	P	425
1271200509637	1	RECOG_FEEDBACK	1
1271200510355	0	RECOG_PRES	4	THICKET	1455	-999	P	883
1271200511637	0	RECOG_CR_PRES	4	THICKET	1455	-999	P	585
1271200512587	1	RECOG_FEEDBACK	1
1271200513355	0	RECOG_PRES	4	COLLEGE	346	-999	P	1402
1271200515121	0	RECOG_CR_PRES	4	COLLEGE	346	-999	P	588
1271200516213	1	RECOG_FEEDBACK	1
1271200517013	0	RECOG_PRES	4	EUROPE	541	-999	P	1385
1271200518770	0	RECOG_CR_PRES	4	EUROPE	541	-999	P	420
1271200519670	1	RECOG_FEEDBACK	1
1271200520412	0	RECOG_PRES	4	ELECTRON	522	-999	P	1986
1271200522770	0	RECOG_CR_PRES	4	ELECTRON	522	-999	P	508
1271200523853	1	RECOG_FEEDBACK	0
1271200524620	0	RECOG_PRES	4	NECK	939	-999	P	1873
1271200526869	0	RECOG_CR_PRES	4	NECK	939	-999	P	904
1271200528129	1	RECOG_FEEDBACK	1
1271200528911	0	RECOG_PRES	4	ROBE	1198	-999	P	2606
1271200531894	0	RECOG_CR_PRES	4	ROBE	1198	-999	P	641
1271200533203	1	RECOG_FEEDBACK	0
1271200533952	0	RECOG_PRES	4	SKATE	1313	-999	P	1997
1271200536311	0	RECOG_CR_PRES	4	SKATE	1313	-999	P	622
1271200537311	1	RECOG_FEEDBACK	1
1271200538120	0	RECOG_PRES	4	HANDCUFFS	685	-999	P	1894
1271200540386	0	RECOG_CR_PRES	4	HANDCUFFS	685	-999	P	684
1271200541585	1	RECOG_FEEDBACK	0
1271200542303	0	RECOG_PRES	4	TORTOISE	1486	-999	P	1246
1271200543918	0	RECOG_CR_PRES	4	TORTOISE	1486	-999	P	448
1271200544701	1	RECOG_FEEDBACK	1
1271200545510	0	RECOG_PRES	4	MARGARINE	868	-999	P	983
1271200546868	0	RECOG_CR_PRES	4	MARGARINE	868	-999	P	386
1271200547585	1	RECOG_FEEDBACK	1
1271200548385	0	RECOG_PRES	4	LASH	802	-999	P	1188
1271200549951	0	RECOG_CR_PRES	4	LASH	802	-999	P	431
1271200550801	1	RECOG_FEEDBACK	1
1271200551551	0	RECOG_PRES	4	CATERPILLAR	259	-999	P	1326
1271200553243	0	RECOG_CR_PRES	4	CATERPILLAR	259	-999	P	386
1271200554043	1	RECOG_FEEDBACK	1
1271200554801	0	RECOG_PRES	4	HATCHET	691	-999	P	908
1271200556077	0	RECOG_CR_PRES	4	HATCHET	691	-999	P	344
1271200556767	1	RECOG_FEEDBACK	1
1271200557559	0	RECOG_PRES	4	SAGE	1222	-999	P	942
1271200558875	0	RECOG_CR_PRES	4	SAGE	1222	-999	P	411
1271200559667	1	RECOG_FEEDBACK	1
1271200560450	0	RECOG_PRES	4	TAVERN	1437	-999	P	1083
1271200561908	0	RECOG_CR_PRES	4	TAVERN	1437	-999	P	793
1271200563068	1	RECOG_FEEDBACK	0
1271200563825	0	RECOG_PRES	4	STEM	1376	-999	P	1293
1271200565491	0	RECOG_CR_PRES	4	STEM	1376	-999	P	442
1271200566309	1	RECOG_FEEDBACK	1
1271200568292	0	REST
1271200569247	1	REC_START
1271200569284	0	RECOG_PRES	5	HANDKERCHIEF	686	-999	P	874
1271200570533	0	RECOG_CR_PRES	5	HANDKERCHIEF	686	-999	P	408
1271200571250	1	RECOG_FEEDBACK	1
1271200571974	0	RECOG_PRES	5	PIGMENT	1066	-999	P	1487
1271200573833	0	RECOG_CR_PRES	5	PIGMENT	1066	-999	P	533
1271200574824	1	RECOG_FEEDBACK	1
1271200575599	0	RECOG_PRES	5	SODA	1341	-999	P	1062
1271200577025	0	RECOG_CR_PRES	5	SODA	1341	-999	P	420
1271200577832	1	RECOG_FEEDBACK	1
1271200578557	0	RECOG_PRES	5	AIRPORT	13	-999	P	1000
1271200579932	0	RECOG_CR_PRES	5	AIRPORT	13	-999	P	458
1271200580799	1	RECOG_FEEDBACK	0
1271200581590	0	RECOG_PRES	5	EARTH	515	-999	P	919
1271200582882	0	RECOG_CR_PRES	5	EARTH	515	-999	P	460
1271200583732	1	RECOG_FEEDBACK	1
1271200584465	0	RECOG_PRES	5	CANE	231	-999	P	988
1271200585832	0	RECOG_CR_PRES	5	CANE	231	-999	P	302
1271200586548	1	RECOG_FEEDBACK	1
1271200587308	0	RECOG_PRES	5	BAIT	70	-999	P	922
1271200588598	0	RECOG_CR_PRES	5	BAIT	70	-999	P	359
1271200589324	1	RECOG_FEEDBACK	1
1271200590074	0	RECOG_PRES	5	LAGOON	795	-999	P	1260
1271200591706	0	RECOG_CR_PRES	5	LAGOON	795	-999	P	332
1271200592423	1	RECOG_FEEDBACK	0
1271200593157	0	RECOG_PRES	5	THIGH	1457	-999	P	1504
1271200595024	0	RECOG_CR_PRES	5	THIGH	1457	-999	P	648
1271200596182	1	RECOG_FEEDBACK	1
1271200596914	0	RECOG_PRES	5	INSECT	740	-999	P	2507
1271200599797	0	RECOG_CR_PRES	5	INSECT	740	-999	P	832
1271200601298	1	RECOG_FEEDBACK	0
1271200602032	0	RECOG_PRES	5	MOSS	918	-999	P	965
1271200603373	0	RECOG_CR_PRES	5	MOSS	918	-999	P	344
1271200604048	1	RECOG_FEEDBACK	1
1271200604789	0	RECOG_PRES	5	PITCHFORK	1078	-999	P	2417
1271200607580	0	RECOG_CR_PRES	5	PITCHFORK	1078	-999	P	1706
1271200609913	1	RECOG_FEEDBACK	1
1271200610638	0	RECOG_PRES	5	PASSENGER	1020	-999	P	1063
1271200612064	0	RECOG_CR_PRES	5	PASSENGER	1020	-999	P	541
1271200612963	1	RECOG_FEEDBACK	1
1271200613771	0	RECOG_PRES	5	BASEMENT	94	-999	P	799
1271200614971	0	RECOG_CR_PRES	5	BASEMENT	94	-999	P	427
1271200615721	1	RECOG_FEEDBACK	1
1271200616513	0	RECOG_PRES	5	PHYSICIAN	1056	-999	P	893
1271200617779	0	RECOG_CR_PRES	5	PHYSICIAN	1056	-999	P	459
1271200618571	1	RECOG_FEEDBACK	1
1271200619380	0	RECOG_PRES	5	BLUEBERRY	140	-999	P	1441
1271200621188	0	RECOG_CR_PRES	5	BLUEBERRY	140	-999	P	1082
1271200622771	1	RECOG_FEEDBACK	1
1271200623554	0	RECOG_PRES	5	RUBY	1214	-999	P	1267
1271200625188	0	RECOG_CR_PRES	5	RUBY	1214	-999	P	1162
1271200626787	1	RECOG_FEEDBACK	1
1271200627512	0	RECOG_PRES	5	POPE	1105	-999	P	1181
1271200629063	0	RECOG_CR_PRES	5	POPE	1105	-999	P	366
1271200629862	1	RECOG_FEEDBACK	1
1271200630645	0	RECOG_PRES	5	CASHIER	254	-999	P	792
1271200631812	0	RECOG_CR_PRES	5	CASHIER	254	-999	P	538
1271200632695	1	RECOG_FEEDBACK	1
1271200633428	0	RECOG_PRES	5	WEED	1599	-999	P	794
1271200634595	0	RECOG_CR_PRES	5	WEED	1599	-999	P	539
1271200635470	1	RECOG_FEEDBACK	1
1271200636978	0	REST
1271200638072	1	REC_START
1271200638104	0	RECOG_PRES	6	CONVICT	371	-999	P	877
1271200639345	0	RECOG_CR_PRES	6	CONVICT	371	-999	P	628
1271200640329	1	RECOG_FEEDBACK	1
1271200641062	0	RECOG_PRES	6	WEB	1598	-999	P	1056
1271200642494	0	RECOG_CR_PRES	6	WEB	1598	-999	P	487
1271200643370	1	RECOG_FEEDBACK	1
1271200644137	0	RECOG_PRES	6	SPACE	1345	-999	P	1141
1271200645652	0	RECOG_CR_PRES	6	SPACE	1345	-999	P	522
1271200646560	1	RECOG_FEEDBACK	0
1271200647353	0	RECOG_PRES	6	STRANGER	1389	-999	P	1380
1271200649095	0	RECOG_CR_PRES	6	STRANGER	1389	-999	P	582
1271200650095	1	RECOG_FEEDBACK	1
1271200650885	0	RECOG_PRES	6	CLOVE	329	-999	P	1056
1271200652303	0	RECOG_CR_PRES	6	CLOVE	329	-999	P	494
1271200653169	1	RECOG_FEEDBACK	1
1271200653968	0	RECOG_PRES	6	TENT	1449	-999	P	1119
1271200655460	0	RECOG_CR_PRES	6	TENT	1449	-999	P	521
1271200656369	1	RECOG_FEEDBACK	1
1271200657111	0	RECOG_PRES	6	FLEET	578	-999	P	1039
1271200658518	0	RECOG_CR_PRES	6	FLEET	578	-999	P	975
1271200659860	1	RECOG_FEEDBACK	1
1271200660618	0	RECOG_PRES	6	PARCEL	1012	-999	P	1612
1271200662601	0	RECOG_CR_PRES	6	PARCEL	1012	-999	P	884
1271200663943	1	RECOG_FEEDBACK	1
1271200664726	0	RECOG_PRES	6	THREAD	1460	-999	P	1408
1271200666509	0	RECOG_CR_PRES	6	THREAD	1460	-999	P	577
1271200667542	1	RECOG_FEEDBACK	1
1271200668268	0	RECOG_PRES	6	COUCH	386	-999	P	1010
1271200669650	0	RECOG_CR_PRES	6	COUCH	386	-999	P	540
1271200670534	1	RECOG_FEEDBACK	1
1271200671251	0	RECOG_PRES	6	PEAR	1033	-999	P	1162
1271200672784	0	RECOG_CR_PRES	6	PEAR	1033	-999	P	534
1271200673700	1	RECOG_FEEDBACK	1
1271200674417	0	RECOG_PRES	6	GENERAL	630	-999	P	1196
1271200675983	0	RECOG_CR_PRES	6	GENERAL	630	-999	P	650
1271200677034	1	RECOG_FEEDBACK	1
1271200677808	0	RECOG_PRES	6	LAPEL	800	-999	P	973
1271200679142	0	RECOG_CR_PRES	6	LAPEL	800	-999	P	791
1271200680292	1	RECOG_FEEDBACK	1
1271200681042	0	RECOG_PRES	6	MOTOR	922	-999	P	923
1271200682334	0	RECOG_CR_PRES	6	MOTOR	922	-999	P	800
1271200683458	1	RECOG_FEEDBACK	1
1271200684234	0	RECOG_PRES	6	SALMON	1227	-999	P	1403
1271200686009	0	RECOG_CR_PRES	6	SALMON	1227	-999	P	1021
1271200687482	1	RECOG_FEEDBACK	1
1271200688208	0	RECOG_PRES	6	SQUID	1361	-999	P	1062
1271200689641	0	RECOG_CR_PRES	6	SQUID	1361	-999	P	812
1271200690832	1	RECOG_FEEDBACK	1
1271200691632	0	RECOG_PRES	6	FRIES	607	-999	P	1117
1271200693116	0	RECOG_CR_PRES	6	FRIES	607	-999	P	465
1271200693957	1	RECOG_FEEDBACK	1
1271200694765	0	RECOG_PRES	6	NEEDLE	941	-999	P	1040
1271200696174	0	RECOG_CR_PRES	6	NEEDLE	941	-999	P	511
1271200697074	1	RECOG_FEEDBACK	1
1271200697815	0	RECOG_PRES	6	HANDBAG	684	-999	P	1263
1271200699448	0	RECOG_CR_PRES	6	HANDBAG	684	-999	P	854
1271200700731	1	RECOG_FEEDBACK	1
1271200701473	0	RECOG_PRES	6	FLIPPER	580	-999	P	2228
1271200704066	0	RECOG_CR_PRES	6	FLIPPER	580	-999	P	980
1271200705648	1	RECOG_FEEDBACK	1
1271200707664	0	REST
1271200708741	1	REC_START
1271200708781	0	RECOG_PRES	7	BLUEJAY	141	-999	P	1048
1271200710198	0	RECOG_CR_PRES	7	BLUEJAY	141	-999	P	527
1271200711065	1	RECOG_FEEDBACK	1
1271200711789	0	RECOG_PRES	7	CROSS	413	-999	P	1032
1271200713190	0	RECOG_CR_PRES	7	CROSS	413	-999	P	471
1271200714015	1	RECOG_FEEDBACK	1
1271200714797	0	RECOG_PRES	7	MOTH	920	-999	P	696
1271200715864	0	RECOG_CR_PRES	7	MOTH	920	-999	P	621
1271200716805	1	RECOG_FEEDBACK	1
1271200717538	0	RECOG_PRES	7	ANKLE	24	-999	P	1347
1271200719248	0	RECOG_CR_PRES	7	ANKLE	24	-999	P	557
1271200720256	1	RECOG_FEEDBACK	1
1271200720972	0	RECOG_PRES	7	COIN	343	-999	P	801
1271200722139	0	RECOG_CR_PRES	7	COIN	343	-999	P	514
1271200722996	1	RECOG_FEEDBACK	0
1271200723730	0	RECOG_PRES	7	CALENDAR	221	-999	P	1388
1271200725488	0	RECOG_CR_PRES	7	CALENDAR	221	-999	P	453
1271200726389	1	RECOG_FEEDBACK	1
1271200727180	0	RECOG_PRES	7	YOUTH	1634	-999	P	3066
1271200730621	0	RECOG_CR_PRES	7	YOUTH	1634	-999	P	417
1271200731421	1	RECOG_FEEDBACK	1
1271200732213	0	RECOG_PRES	7	FAIRY	549	-999	P	993
1271200733579	0	RECOG_CR_PRES	7	FAIRY	549	-999	P	435
1271200734338	1	RECOG_FEEDBACK	1
1271200735063	0	RECOG_PRES	7	BANJO	82	-999	P	951
1271200736388	0	RECOG_CR_PRES	7	BANJO	82	-999	P	553
1271200737288	1	RECOG_FEEDBACK	1
1271200738005	0	RECOG_PRES	7	SHORTS	1293	-999	P	960
1271200739330	0	RECOG_CR_PRES	7	SHORTS	1293	-999	P	483
1271200740138	1	RECOG_FEEDBACK	1
1271200740903	0	RECOG_PRES	7	ABDOMEN	1	-999	P	998
1271200742263	0	RECOG_CR_PRES	7	ABDOMEN	1	-999	P	486
1271200743079	1	RECOG_FEEDBACK	1
1271200743837	0	RECOG_PRES	7	PERSON	1052	-999	P	1720
1271200745928	0	RECOG_CR_PRES	7	PERSON	1052	-999	P	3613
1271200750054	1	RECOG_FEEDBACK	1
1271200750819	0	RECOG_PRES	7	MOSQUITO	917	-999	P	1794
1271200752978	0	RECOG_CR_PRES	7	MOSQUITO	917	-999	P	747
1271200754178	1	RECOG_FEEDBACK	1
1271200754936	0	RECOG_PRES	7	TILE	1468	-999	P	925
1271200756228	0	RECOG_CR_PRES	7	TILE	1468	-999	P	449
1271200757012	1	RECOG_FEEDBACK	1
1271200757811	0	RECOG_PRES	7	MARKET	871	-999	P	1034
1271200759211	0	RECOG_CR_PRES	7	MARKET	871	-999	P	378
1271200759994	1	RECOG_FEEDBACK	1
1271200760710	0	RECOG_PRES	7	LINT	826	-999	P	1023
1271200762103	0	RECOG_CR_PRES	7	LINT	826	-999	P	398
1271200762885	1	RECOG_FEEDBACK	1
1271200763593	0	RECOG_PRES	7	GARLIC	624	-999	P	1653
1271200765618	0	RECOG_CR_PRES	7	GARLIC	624	-999	P	642
1271200766810	1	RECOG_FEEDBACK	0
1271200767576	0	RECOG_PRES	7	HEAD	695	-999	P	1558
1271200769510	0	RECOG_CR_PRES	7	HEAD	695	-999	P	439
1271200770327	1	RECOG_FEEDBACK	1
1271200771044	0	RECOG_PRES	7	TROPHY	1509	-999	P	1154
1271200772568	0	RECOG_CR_PRES	7	TROPHY	1509	-999	P	566
1271200773468	1	RECOG_FEEDBACK	1
1271200774235	0	RECOG_PRES	7	DOORBELL	487	-999	P	1115
1271200775726	0	RECOG_CR_PRES	7	DOORBELL	487	-999	P	560
1271200776692	1	RECOG_FEEDBACK	0
1271200787417	0	REST
1271200788537	1	REC_START
1271200788567	0	RECOG_PRES	8	DOVE	491	-999	P	969
1271200789941	0	RECOG_CR_PRES	8	DOVE	491	-999	P	457
1271200790708	1	RECOG_FEEDBACK	1
1271200791500	0	RECOG_PRES	8	BLENDER	136	-999	P	1065
1271200792941	0	RECOG_CR_PRES	8	BLENDER	136	-999	P	393
1271200793691	1	RECOG_FEEDBACK	1
1271200794458	0	RECOG_PRES	8	MARS	873	-999	P	884
1271200795716	0	RECOG_CR_PRES	8	MARS	873	-999	P	482
1271200796549	1	RECOG_FEEDBACK	1
1271200797309	0	RECOG_PRES	8	BATHTUB	100	-999	P	977
1271200798657	0	RECOG_CR_PRES	8	BATHTUB	100	-999	P	477
1271200799499	1	RECOG_FEEDBACK	1
1271200800233	0	RECOG_PRES	8	RECIPE	1175	-999	P	829
1271200801432	0	RECOG_CR_PRES	8	RECIPE	1175	-999	P	469
1271200802208	1	RECOG_FEEDBACK	1
1271200802974	0	RECOG_PRES	8	COACH	331	-999	P	943
1271200804283	0	RECOG_CR_PRES	8	COACH	331	-999	P	648
1271200805300	1	RECOG_FEEDBACK	1
1271200806033	0	RECOG_PRES	8	DUSTPAN	509	-999	P	873
1271200807300	0	RECOG_CR_PRES	8	DUSTPAN	509	-999	P	473
1271200808099	1	RECOG_FEEDBACK	1
1271200808815	0	RECOG_PRES	8	MACHINE	852	-999	P	1054
1271200810233	0	RECOG_CR_PRES	8	MACHINE	852	-999	P	500
1271200811074	1	RECOG_FEEDBACK	1
1271200811873	0	RECOG_PRES	8	NOOSE	956	-999	P	1036
1271200813274	0	RECOG_CR_PRES	8	NOOSE	956	-999	P	571
1271200814174	1	RECOG_FEEDBACK	1
1271200814890	0	RECOG_PRES	8	MASK	876	-999	P	835
1271200816090	0	RECOG_CR_PRES	8	MASK	876	-999	P	515
1271200816923	1	RECOG_FEEDBACK	1
1271200817656	0	RECOG_PRES	8	MOTHER	921	-999	P	1165
1271200819190	0	RECOG_CR_PRES	8	MOTHER	921	-999	P	439
1271200819998	1	RECOG_FEEDBACK	0
1271200820764	0	RECOG_PRES	8	CHIME	300	-999	P	1137
1271200822265	0	RECOG_CR_PRES	8	CHIME	300	-999	P	572
1271200823173	1	RECOG_FEEDBACK	1
1271200823931	0	RECOG_PRES	8	BLADE	134	-999	P	1243
1271200825547	0	RECOG_CR_PRES	8	BLADE	134	-999	P	563
1271200826472	1	RECOG_FEEDBACK	1
1271200827190	0	RECOG_PRES	8	PIE	1062	-999	P	1160
1271200828722	0	RECOG_CR_PRES	8	PIE	1062	-999	P	476
1271200829580	1	RECOG_FEEDBACK	0
1271200830373	0	RECOG_PRES	8	WART	1590	-999	P	1088
1271200831830	0	RECOG_CR_PRES	8	WART	1590	-999	P	544
1271200832730	1	RECOG_FEEDBACK	1
1271200833472	0	RECOG_PRES	8	ROBIN	1199	-999	P	758
1271200834605	0	RECOG_CR_PRES	8	ROBIN	1199	-999	P	689
1271200835596	1	RECOG_FEEDBACK	1
1271200836339	0	RECOG_PRES	8	CACTUS	215	-999	P	907
1271200837621	0	RECOG_CR_PRES	8	CACTUS	215	-999	P	521
1271200838488	1	RECOG_FEEDBACK	1
1271200839255	0	RECOG_PRES	8	STOCKING	1383	-999	P	1438
1271200841055	0	RECOG_CR_PRES	8	STOCKING	1383	-999	P	382
1271200841846	1	RECOG_FEEDBACK	1
1271200842646	0	RECOG_PRES	8	WELL	1600	-999	P	808
1271200843854	0	RECOG_CR_PRES	8	WELL	1600	-999	P	384
1271200844587	1	RECOG_FEEDBACK	1
1271200845330	0	RECOG_PRES	8	MIRROR	899	-999	P	1131
1271200846837	0	RECOG_CR_PRES	8	MIRROR	899	-999	P	465
1271200847671	1	RECOG_FEEDBACK	1
1271200849096	0	REST
1271200849945	1	REC_START
1271200849979	0	RECOG_PRES	9	BARRACUDA	90	-999	P	965
1271200851338	0	RECOG_CR_PRES	9	BARRACUDA	90	-999	P	563
1271200852221	1	RECOG_FEEDBACK	1
1271200852945	0	RECOG_PRES	9	WATERFALL	1595	-999	P	1261
1271200854578	0	RECOG_CR_PRES	9	WATERFALL	1595	-999	P	516
1271200855445	1	RECOG_FEEDBACK	1
1271200856179	0	RECOG_PRES	9	HAY	693	-999	P	851
1271200857404	0	RECOG_CR_PRES	9	HAY	693	-999	P	465
1271200858212	1	RECOG_FEEDBACK	1
1271200858945	0	RECOG_PRES	9	CAKE	219	-999	P	1261
1271200860578	0	RECOG_CR_PRES	9	CAKE	219	-999	P	1211
1271200862212	1	RECOG_FEEDBACK	0
1271200862944	0	RECOG_PRES	9	LABEL	790	-999	P	1589
1271200864903	0	RECOG_CR_PRES	9	LABEL	790	-999	P	439
1271200865819	1	RECOG_FEEDBACK	1
1271200866586	0	RECOG_PRES	9	FRAME	600	-999	P	1043
1271200868003	0	RECOG_CR_PRES	9	FRAME	600	-999	P	482
1271200868844	1	RECOG_FEEDBACK	1
1271200869636	0	RECOG_PRES	9	COBWEB	337	-999	P	977
1271200870985	0	RECOG_CR_PRES	9	COBWEB	337	-999	P	641
1271200872053	1	RECOG_FEEDBACK	1
1271200872769	0	RECOG_PRES	9	VILLAIN	1567	-999	P	844
1271200873985	0	RECOG_CR_PRES	9	VILLAIN	1567	-999	P	349
1271200874668	1	RECOG_FEEDBACK	1
1271200875410	0	RECOG_PRES	9	CREATURE	403	-999	P	1115
1271200876902	0	RECOG_CR_PRES	9	CREATURE	403	-999	P	496
1271200877810	1	RECOG_FEEDBACK	1
1271200878526	0	RECOG_PRES	9	MEDICINE	886	-999	P	872
1271200879768	0	RECOG_CR_PRES	9	MEDICINE	886	-999	P	454
1271200880568	1	RECOG_FEEDBACK	1
1271200881319	0	RECOG_PRES	9	RACK	1154	-999	P	2687
1271200884377	0	RECOG_CR_PRES	9	RACK	1154	-999	P	460
1271200885294	1	RECOG_FEEDBACK	1
1271200886094	0	RECOG_PRES	9	CHAMBER	277	-999	P	1383
1271200887851	0	RECOG_CR_PRES	9	CHAMBER	277	-999	P	307
1271200888526	1	RECOG_FEEDBACK	0
1271200889277	0	RECOG_PRES	9	HAT	690	-999	P	1081
1271200890734	0	RECOG_CR_PRES	9	HAT	690	-999	P	576
1271200891659	1	RECOG_FEEDBACK	1
1271200892434	0	RECOG_PRES	9	PEOPLE	1046	-999	P	1115
1271200893925	0	RECOG_CR_PRES	9	PEOPLE	1046	-999	P	409
1271200894675	1	RECOG_FEEDBACK	1
1271200895409	0	RECOG_PRES	9	HOUND	724	-999	P	933
1271200896717	0	RECOG_CR_PRES	9	HOUND	724	-999	P	465
1271200897525	1	RECOG_FEEDBACK	1
1271200898276	0	RECOG_PRES	9	SNEAKER	1334	-999	P	962
1271200899608	0	RECOG_CR_PRES	9	SNEAKER	1334	-999	P	502
1271200900450	1	RECOG_FEEDBACK	1
1271200901192	0	RECOG_PRES	9	PRISON	1127	-999	P	1038
1271200902600	0	RECOG_CR_PRES	9	PRISON	1127	-999	P	598
1271200903591	1	RECOG_FEEDBACK	0
1271200904342	0	RECOG_PRES	9	PARROT	1015	-999	P	960
1271200905674	0	RECOG_CR_PRES	9	PARROT	1015	-999	P	548
1271200906599	1	RECOG_FEEDBACK	1
1271200907342	0	RECOG_PRES	9	QUEEN	1149	-999	P	960
1271200908674	0	RECOG_CR_PRES	9	QUEEN	1149	-999	P	372
1271200909392	1	RECOG_FEEDBACK	1
1271200910158	0	RECOG_PRES	9	EWE	542	-999	P	615
1271200911142	0	RECOG_CR_PRES	9	EWE	542	-999	P	583
1271200912050	1	RECOG_FEEDBACK	1
1271200919383	0	REST
1271200920463	1	REC_START
1271200920498	0	RECOG_PRES	10	DAM	436	-999	P	1411
1271200922274	0	RECOG_CR_PRES	10	DAM	436	-999	P	475
1271200923124	1	RECOG_FEEDBACK	0
1271200923881	0	RECOG_PRES	10	MINER	896	-999	P	850
1271200925124	0	RECOG_CR_PRES	10	MINER	896	-999	P	473
1271200925940	1	RECOG_FEEDBACK	1
1271200926665	0	RECOG_PRES	10	DIGGER	464	-999	P	980
1271200928007	0	RECOG_CR_PRES	10	DIGGER	464	-999	P	295
1271200928698	1	RECOG_FEEDBACK	0
1271200929423	0	RECOG_PRES	10	MONASTERY	907	-999	P	3959
1271200933756	0	RECOG_CR_PRES	10	MONASTERY	907	-999	P	522
1271200934789	1	RECOG_FEEDBACK	1
1271200935539	0	RECOG_PRES	10	HUMAN	726	-999	P	1226
1271200937131	0	RECOG_CR_PRES	10	HUMAN	726	-999	P	394
1271200937880	1	RECOG_FEEDBACK	1
1271200938672	0	RECOG_PRES	10	MOON	914	-999	P	949
1271200939997	0	RECOG_CR_PRES	10	MOON	914	-999	P	385
1271200940722	1	RECOG_FEEDBACK	1
1271200941497	0	RECOG_PRES	10	SKULL	1320	-999	P	980
1271200942838	0	RECOG_CR_PRES	10	SKULL	1320	-999	P	400
1271200943630	1	RECOG_FEEDBACK	1
1271200944406	0	RECOG_PRES	10	CANOE	233	-999	P	1207
1271200945988	0	RECOG_CR_PRES	10	CANOE	233	-999	P	322
1271200946730	1	RECOG_FEEDBACK	1
1271200947446	0	RECOG_PRES	10	SUBMARINE	1398	-999	P	864
1271200948680	0	RECOG_CR_PRES	10	SUBMARINE	1398	-999	P	414
1271200949446	1	RECOG_FEEDBACK	1
1271200950164	0	RECOG_PRES	10	FISH	571	-999	P	962
1271200951496	0	RECOG_CR_PRES	10	FISH	571	-999	P	686
1271200952538	1	RECOG_FEEDBACK	1
1271200953305	0	RECOG_PRES	10	BUTTER	205	-999	P	1636
1271200955305	0	RECOG_CR_PRES	10	BUTTER	205	-999	P	1164
1271200956971	1	RECOG_FEEDBACK	1
1271200957704	0	RECOG_PRES	10	BALLERINA	74	-999	P	1109
1271200959180	0	RECOG_CR_PRES	10	BALLERINA	74	-999	P	850
1271200960429	1	RECOG_FEEDBACK	1
1271200961171	0	RECOG_PRES	10	SOFTBALL	1343	-999	P	835
1271200962380	0	RECOG_CR_PRES	10	SOFTBALL	1343	-999	P	481
1271200963196	1	RECOG_FEEDBACK	1
1271200963912	0	RECOG_PRES	10	RIBBON	1189	-999	P	1142
1271200965428	0	RECOG_CR_PRES	10	RIBBON	1189	-999	P	361
1271200966188	1	RECOG_FEEDBACK	1
1271200966903	0	RECOG_PRES	10	DICTATOR	462	-999	P	1359
1271200968636	0	RECOG_CR_PRES	10	DICTATOR	462	-999	P	386
1271200969461	1	RECOG_FEEDBACK	1
1271200970171	0	RECOG_PRES	10	SPINACH	1352	-999	P	1203
1271200971745	0	RECOG_CR_PRES	10	SPINACH	1352	-999	P	397
1271200972544	1	RECOG_FEEDBACK	1
1271200973254	0	RECOG_PRES	10	MOB	904	-999	P	944
1271200974569	0	RECOG_CR_PRES	10	MOB	904	-999	P	340
1271200975304	1	RECOG_FEEDBACK	1
1271200976104	0	RECOG_PRES	10	BANQUET	86	-999	P	1030
1271200977502	0	RECOG_CR_PRES	10	BANQUET	86	-999	P	342
1271200978237	1	RECOG_FEEDBACK	1
1271200979003	0	RECOG_PRES	10	PEPPER	1047	-999	P	1235
1271200980611	0	RECOG_CR_PRES	10	PEPPER	1047	-999	P	475
1271200981452	1	RECOG_FEEDBACK	1
1271200982195	0	RECOG_PRES	10	HAMBURGER	679	-999	P	947
1271200983510	0	RECOG_CR_PRES	10	HAMBURGER	679	-999	P	375
1271200984245	1	RECOG_FEEDBACK	1
1271200985552	0	REST
1271200986591	1	REC_START
1271200986627	0	RECOG_PRES	11	UNIVERSE	1540	-999	P	1250
1271200988244	0	RECOG_CR_PRES	11	UNIVERSE	1540	-999	P	545
1271200989169	1	RECOG_FEEDBACK	1
1271200989968	0	RECOG_PRES	11	PANTHER	1009	-999	P	1054
1271200991394	0	RECOG_CR_PRES	11	PANTHER	1009	-999	P	323
1271200992077	1	RECOG_FEEDBACK	1
1271200992818	0	RECOG_PRES	11	SILVERWARE	1308	-999	P	1308
1271200994501	0	RECOG_CR_PRES	11	SILVERWARE	1308	-999	P	432
1271200995369	1	RECOG_FEEDBACK	1
1271200996152	0	RECOG_PRES	11	CAPTAIN	239	-999	P	934
1271200997459	0	RECOG_CR_PRES	11	CAPTAIN	239	-999	P	370
1271200998169	1	RECOG_FEEDBACK	1
1271200998968	0	RECOG_PRES	11	ARM	38	-999	P	1070
1271201000409	0	RECOG_CR_PRES	11	ARM	38	-999	P	380
1271201001193	1	RECOG_FEEDBACK	0
1271201001926	0	RECOG_PRES	11	PLUM	1090	-999	P	911
1271201003202	0	RECOG_CR_PRES	11	PLUM	1090	-999	P	547
1271201004093	1	RECOG_FEEDBACK	1
1271201004875	0	RECOG_PRES	11	NUN	962	-999	P	1163
1271201006409	0	RECOG_CR_PRES	11	NUN	962	-999	P	484
1271201007276	1	RECOG_FEEDBACK	1
1271201008043	0	RECOG_PRES	11	TWIN	1528	-999	P	1674
1271201010084	0	RECOG_CR_PRES	11	TWIN	1528	-999	P	545
1271201011109	1	RECOG_FEEDBACK	1
1271201011908	0	RECOG_PRES	11	ICING	732	-999	P	929
1271201013201	0	RECOG_CR_PRES	11	ICING	732	-999	P	420
1271201013950	1	RECOG_FEEDBACK	1
1271201014666	0	RECOG_PRES	11	PUPPY	1144	-999	P	1179
1271201016209	0	RECOG_CR_PRES	11	PUPPY	1144	-999	P	380
1271201016941	1	RECOG_FEEDBACK	1
1271201017674	0	RECOG_PRES	11	THERMOMETER	1453	-999	P	1612
1271201019658	0	RECOG_CR_PRES	11	THERMOMETER	1453	-999	P	588
1271201020608	1	RECOG_FEEDBACK	1
1271201021383	0	RECOG_PRES	11	PUBLISHER	1137	-999	P	871
1271201022624	0	RECOG_CR_PRES	11	PUBLISHER	1137	-999	P	430
1271201023375	1	RECOG_FEEDBACK	1
1271201024167	0	RECOG_PRES	11	SHUTTER	1300	-999	P	919
1271201025457	0	RECOG_CR_PRES	11	SHUTTER	1300	-999	P	500
1271201026292	1	RECOG_FEEDBACK	1
1271201027091	0	RECOG_PRES	11	CREVICE	405	-999	P	931
1271201028391	0	RECOG_CR_PRES	11	CREVICE	405	-999	P	526
1271201029250	1	RECOG_FEEDBACK	1
1271201030033	0	RECOG_PRES	11	PAD	998	-999	P	1349
1271201031757	0	RECOG_CR_PRES	11	PAD	998	-999	P	457
1271201032607	1	RECOG_FEEDBACK	1
1271201033316	0	RECOG_PRES	11	NOTE	958	-999	P	1185
1271201034873	0	RECOG_CR_PRES	11	NOTE	958	-999	P	341
1271201035590	1	RECOG_FEEDBACK	0
1271201036299	0	RECOG_PRES	11	APRON	35	-999	P	963
1271201037631	0	RECOG_CR_PRES	11	APRON	35	-999	P	463
1271201038423	1	RECOG_FEEDBACK	1
1271201039191	0	RECOG_PRES	11	FRIAR	605	-999	P	1103
1271201040664	0	RECOG_CR_PRES	11	FRIAR	605	-999	P	686
1271201041706	1	RECOG_FEEDBACK	1
1271201042473	0	RECOG_PRES	11	BAKER	71	-999	P	933
1271201043781	0	RECOG_CR_PRES	11	BAKER	71	-999	P	441
1271201044581	1	RECOG_FEEDBACK	1
1271201045323	0	RECOG_PRES	11	MAJOR	859	-999	P	939
1271201046631	0	RECOG_CR_PRES	11	MAJOR	859	-999	P	743
1271201047739	1	RECOG_FEEDBACK	1
1271201058056	0	REST
1271201059206	1	REC_START
1271201059239	0	RECOG_PRES	12	POND	1101	-999	P	966
1271201060605	0	RECOG_CR_PRES	12	POND	1101	-999	P	401
1271201061322	1	RECOG_FEEDBACK	1
1271201062106	0	RECOG_PRES	12	ENVELOPE	537	-999	P	2164
1271201064646	0	RECOG_CR_PRES	12	ENVELOPE	537	-999	P	642
1271201065896	1	RECOG_FEEDBACK	0
1271201066704	0	RECOG_PRES	12	LOLLIPOP	842	-999	P	997
1271201068063	0	RECOG_CR_PRES	12	LOLLIPOP	842	-999	P	279
1271201068687	1	RECOG_FEEDBACK	1
1271201069471	0	RECOG_PRES	12	JURY	766	-999	P	903
1271201070745	0	RECOG_CR_PRES	12	JURY	766	-999	P	349
1271201071420	1	RECOG_FEEDBACK	1
1271201072221	0	RECOG_PRES	12	OMELET	976	-999	P	857
1271201073454	0	RECOG_CR_PRES	12	OMELET	976	-999	P	471
1271201074255	1	RECOG_FEEDBACK	1
1271201074995	0	RECOG_PRES	12	BROOM	178	-999	P	1035
1271201076404	0	RECOG_CR_PRES	12	BROOM	178	-999	P	337
1271201077129	1	RECOG_FEEDBACK	1
1271201077862	0	RECOG_PRES	12	VALVE	1546	-999	P	967
1271201079196	0	RECOG_CR_PRES	12	VALVE	1546	-999	P	377
1271201079928	1	RECOG_FEEDBACK	1
1271201080678	0	RECOG_PRES	12	GUITAR	670	-999	P	1079
1271201082121	0	RECOG_CR_PRES	12	GUITAR	670	-999	P	380
1271201082886	1	RECOG_FEEDBACK	1
1271201083678	0	RECOG_PRES	12	NOMAD	955	-999	P	3015
1271201087062	0	RECOG_CR_PRES	12	NOMAD	955	-999	P	639
1271201088279	1	RECOG_FEEDBACK	1
1271201089070	0	RECOG_PRES	12	ATOM	55	-999	P	1879
1271201091312	0	RECOG_CR_PRES	12	ATOM	55	-999	P	702
1271201092362	1	RECOG_FEEDBACK	1
1271201093153	0	RECOG_PRES	12	FLOUR	583	-999	P	1324
1271201094852	0	RECOG_CR_PRES	12	FLOUR	583	-999	P	386
1271201095619	1	RECOG_FEEDBACK	1
1271201096370	0	RECOG_PRES	12	SHEPHERD	1283	-999	P	964
1271201097710	0	RECOG_CR_PRES	12	SHEPHERD	1283	-999	P	512
1271201098552	1	RECOG_FEEDBACK	1
1271201099336	0	RECOG_PRES	12	VAMPIRE	1547	-999	P	998
1271201100710	0	RECOG_CR_PRES	12	VAMPIRE	1547	-999	P	536
1271201101602	1	RECOG_FEEDBACK	1
1271201102403	0	RECOG_PRES	12	LAMB	797	-999	P	1010
1271201103776	0	RECOG_CR_PRES	12	LAMB	797	-999	P	470
1271201104593	1	RECOG_FEEDBACK	1
1271201105369	0	RECOG_PRES	12	PLAID	1080	-999	P	933
1271201106676	0	RECOG_CR_PRES	12	PLAID	1080	-999	P	370
1271201107377	1	RECOG_FEEDBACK	1
1271201108094	0	RECOG_PRES	12	JEWEL	757	-999	P	1152
1271201109618	0	RECOG_CR_PRES	12	JEWEL	757	-999	P	404
1271201110377	1	RECOG_FEEDBACK	1
1271201111119	0	RECOG_PRES	12	VINE	1568	-999	P	1007
1271201112501	0	RECOG_CR_PRES	12	VINE	1568	-999	P	456
1271201113302	1	RECOG_FEEDBACK	1
1271201114085	0	RECOG_PRES	12	TABLE	1426	-999	P	1121
1271201115575	0	RECOG_CR_PRES	12	TABLE	1426	-999	P	431
1271201116401	1	RECOG_FEEDBACK	1
1271201117135	0	RECOG_PRES	12	KITE	779	-999	P	1039
1271201118542	0	RECOG_CR_PRES	12	KITE	779	-999	P	407
1271201119326	1	RECOG_FEEDBACK	0
1271201120101	0	RECOG_PRES	12	DRESSER	496	-999	P	1009
1271201121483	0	RECOG_CR_PRES	12	DRESSER	496	-999	P	531
1271201122368	1	RECOG_FEEDBACK	1
1271201124168	0	REST
1271201125325	1	REC_START
1271201125359	0	RECOG_PRES	13	GYM	674	-999	P	1566
1271201127292	0	RECOG_CR_PRES	13	GYM	674	-999	P	289
1271201127991	1	RECOG_FEEDBACK	1
1271201128783	0	RECOG_PRES	13	GRILL	661	-999	P	1150
1271201130300	0	RECOG_CR_PRES	13	GRILL	661	-999	P	233
1271201130916	1	RECOG_FEEDBACK	0
1271201131724	0	RECOG_PRES	13	EDITOR	516	-999	P	1201
1271201133292	0	RECOG_CR_PRES	13	EDITOR	516	-999	P	313
1271201133999	1	RECOG_FEEDBACK	1
1271201134782	0	RECOG_PRES	13	POOL	1103	-999	P	943
1271201136092	0	RECOG_CR_PRES	13	POOL	1103	-999	P	401
1271201136874	1	RECOG_FEEDBACK	1
1271201137624	0	RECOG_PRES	13	SUPERVISOR	1410	-999	P	858
1271201138882	0	RECOG_CR_PRES	13	SUPERVISOR	1410	-999	P	396
1271201139615	1	RECOG_FEEDBACK	1
1271201140400	0	RECOG_PRES	13	POCKETBOOK	1094	-999	P	2397
1271201143166	0	RECOG_CR_PRES	13	POCKETBOOK	1094	-999	P	455
1271201144291	1	RECOG_FEEDBACK	1
1271201145058	0	RECOG_PRES	13	CHEERLEADER	288	-999	P	2539
1271201147973	0	RECOG_CR_PRES	13	CHEERLEADER	288	-999	P	624
1271201149091	1	RECOG_FEEDBACK	1
1271201149831	0	RECOG_PRES	13	ICEBERG	731	-999	P	866
1271201151091	0	RECOG_CR_PRES	13	ICEBERG	731	-999	P	554
1271201151998	1	RECOG_FEEDBACK	1
1271201152789	0	RECOG_PRES	13	KEEPER	769	-999	P	1160
1271201154315	0	RECOG_CR_PRES	13	KEEPER	769	-999	P	530
1271201155249	1	RECOG_FEEDBACK	1
1271201156048	0	RECOG_PRES	13	WALLET	1583	-999	P	2054
1271201158472	0	RECOG_CR_PRES	13	WALLET	1583	-999	P	3642
1271201162655	1	RECOG_FEEDBACK	0
1271201163439	0	RECOG_PRES	13	FORK	594	-999	P	1255
1271201165056	0	RECOG_CR_PRES	13	FORK	594	-999	P	373
1271201165780	1	RECOG_FEEDBACK	1
1271201166563	0	RECOG_PRES	13	ROACH	1195	-999	P	1098
1271201168031	0	RECOG_CR_PRES	13	ROACH	1195	-999	P	606
1271201168988	1	RECOG_FEEDBACK	1
1271201169705	0	RECOG_PRES	13	TORNADO	1485	-999	P	948
1271201171022	0	RECOG_CR_PRES	13	TORNADO	1485	-999	P	368
1271201171730	1	RECOG_FEEDBACK	1
1271201172488	0	RECOG_PRES	13	WAGON	1578	-999	P	1301
1271201174172	0	RECOG_CR_PRES	13	WAGON	1578	-999	P	409
1271201174979	1	RECOG_FEEDBACK	1
1271201175738	0	RECOG_PRES	13	CENT	270	-999	P	987
1271201177089	0	RECOG_CR_PRES	13	CENT	270	-999	P	420
1271201177838	1	RECOG_FEEDBACK	1
1271201178587	0	RECOG_PRES	13	WAIST	1579	-999	P	1266
1271201180222	0	RECOG_CR_PRES	13	WAIST	1579	-999	P	327
1271201180937	1	RECOG_FEEDBACK	1
1271201181704	0	RECOG_PRES	13	STAPLER	1372	-999	P	1470
1271201183545	0	RECOG_CR_PRES	13	STAPLER	1372	-999	P	3356
1271201187296	1	RECOG_FEEDBACK	1
1271201188038	0	RECOG_PRES	13	RECEPTIONIST	1174	-999	P	1863
1271201190271	0	RECOG_CR_PRES	13	RECEPTIONIST	1174	-999	P	606
1271201191271	1	RECOG_FEEDBACK	1
1271201192004	0	RECOG_PRES	13	CAPTIVE	240	-999	P	985
1271201193362	0	RECOG_CR_PRES	13	CAPTIVE	240	-999	P	307
1271201194029	1	RECOG_FEEDBACK	1
1271201194811	0	RECOG_PRES	13	TEENAGER	1444	-999	P	1211
1271201196396	0	RECOG_CR_PRES	13	TEENAGER	1444	-999	P	473
1271201197295	1	RECOG_FEEDBACK	1
1271201198744	0	REST
1271201199885	1	REC_START
1271201199919	0	RECOG_PRES	14	SCALPEL	1243	-999	P	1078
1271201201370	0	RECOG_CR_PRES	14	SCALPEL	1243	-999	P	379
1271201202062	1	RECOG_FEEDBACK	1
1271201202802	0	RECOG_PRES	14	SAILOR	1223	-999	P	2035
1271201205203	0	RECOG_CR_PRES	14	SAILOR	1223	-999	P	378
1271201206103	1	RECOG_FEEDBACK	0
1271201206910	0	RECOG_PRES	14	CARPET	247	-999	P	1424
1271201208702	0	RECOG_CR_PRES	14	CARPET	247	-999	P	408
1271201209493	1	RECOG_FEEDBACK	1
1271201210244	0	RECOG_PRES	14	FINGERNAIL	568	-999	P	1321
1271201211935	0	RECOG_CR_PRES	14	FINGERNAIL	568	-999	P	447
1271201212727	1	RECOG_FEEDBACK	1
1271201213510	0	RECOG_PRES	14	HOOD	714	-999	P	967
1271201214851	0	RECOG_CR_PRES	14	HOOD	714	-999	P	427
1271201215618	1	RECOG_FEEDBACK	1
1271201216377	0	RECOG_PRES	14	PADDLE	1000	-999	P	2412
1271201219152	0	RECOG_CR_PRES	14	PADDLE	1000	-999	P	405
1271201220144	1	RECOG_FEEDBACK	1
1271201220868	0	RECOG_PRES	14	PUMP	1141	-999	P	2314
1271201223551	0	RECOG_CR_PRES	14	PUMP	1141	-999	P	783
1271201224926	1	RECOG_FEEDBACK	0
1271201225692	0	RECOG_PRES	14	DIARY	460	-999	P	2194
1271201228251	0	RECOG_CR_PRES	14	DIARY	460	-999	P	330
1271201229035	1	RECOG_FEEDBACK	1
1271201229850	0	RECOG_PRES	14	FIREMAN	569	-999	P	1587
1271201231808	0	RECOG_CR_PRES	14	FIREMAN	569	-999	P	382
1271201232558	1	RECOG_FEEDBACK	0
1271201233334	0	RECOG_PRES	14	KIDNEY	776	-999	P	992
1271201234700	0	RECOG_CR_PRES	14	KIDNEY	776	-999	P	450
1271201235467	1	RECOG_FEEDBACK	1
1271201236251	0	RECOG_PRES	14	HORNET	718	-999	P	899
1271201237525	0	RECOG_CR_PRES	14	HORNET	718	-999	P	336
1271201238192	1	RECOG_FEEDBACK	1
1271201238983	0	RECOG_PRES	14	MASCARA	875	-999	P	1191
1271201240549	0	RECOG_CR_PRES	14	MASCARA	875	-999	P	360
1271201241275	1	RECOG_FEEDBACK	1
1271201242017	0	RECOG_PRES	14	COFFEE	341	-999	P	2492
1271201244883	0	RECOG_CR_PRES	14	COFFEE	341	-999	P	347
1271201245791	1	RECOG_FEEDBACK	1
1271201246516	0	RECOG_PRES	14	RECORD	1176	-999	P	1369
1271201248250	0	RECOG_CR_PRES	14	RECORD	1176	-999	P	339
1271201248941	1	RECOG_FEEDBACK	1
1271201249690	0	RECOG_PRES	14	HOSTESS	723	-999	P	4588
1271201254648	0	RECOG_CR_PRES	14	HOSTESS	723	-999	P	861
1271201255923	1	RECOG_FEEDBACK	1
1271201256657	0	RECOG_PRES	14	SPY	1360	-999	P	1220
1271201258241	0	RECOG_CR_PRES	14	SPY	1360	-999	P	284
1271201258873	1	RECOG_FEEDBACK	1
1271201259615	0	RECOG_PRES	14	BLOSSOM	138	-999	P	857
1271201260873	0	RECOG_CR_PRES	14	BLOSSOM	138	-999	P	445
1271201261640	1	RECOG_FEEDBACK	1
1271201262357	0	RECOG_PRES	14	MOLECULE	905	-999	P	1152
1271201263881	0	RECOG_CR_PRES	14	MOLECULE	905	-999	P	405
1271201264639	1	RECOG_FEEDBACK	1
1271201265374	0	RECOG_PRES	14	BATHROOM	99	-999	P	2920
1271201268664	0	RECOG_CR_PRES	14	BATHROOM	99	-999	P	830
1271201270190	1	RECOG_FEEDBACK	0
1271201270906	0	RECOG_PRES	14	BROTHER	179	-999	P	1204
1271201272480	0	RECOG_CR_PRES	14	BROTHER	179	-999	P	485
1271201273323	1	RECOG_FEEDBACK	1
1271201275231	0	REST
1271201276420	1	REC_START
1271201276455	0	RECOG_PRES	15	NURSERY	964	-999	P	1190
1271201278014	0	RECOG_CR_PRES	15	NURSERY	964	-999	P	535
1271201278863	1	RECOG_FEEDBACK	1
1271201279580	0	RECOG_PRES	15	SALIVA	1226	-999	P	826
1271201280780	0	RECOG_CR_PRES	15	SALIVA	1226	-999	P	378
1271201281463	1	RECOG_FEEDBACK	1
1271201282172	0	RECOG_PRES	15	CANNON	232	-999	P	842
1271201283389	0	RECOG_CR_PRES	15	CANNON	232	-999	P	432
1271201284156	1	RECOG_FEEDBACK	1
1271201284921	0	RECOG_PRES	15	CANARY	227	-999	P	1157
1271201286446	0	RECOG_CR_PRES	15	CANARY	227	-999	P	704
1271201287554	1	RECOG_FEEDBACK	1
1271201288347	0	RECOG_PRES	15	BASSINET	97	-999	P	1082
1271201289804	0	RECOG_CR_PRES	15	BASSINET	97	-999	P	346
1271201290504	1	RECOG_FEEDBACK	1
1271201291238	0	RECOG_PRES	15	LIP	828	-999	P	2463
1271201294063	0	RECOG_CR_PRES	15	LIP	828	-999	P	374
1271201294962	1	RECOG_FEEDBACK	0
1271201295737	0	RECOG_PRES	15	ASSOCIATE	49	-999	P	1597
1271201297704	0	RECOG_CR_PRES	15	ASSOCIATE	49	-999	P	534
1271201298662	1	RECOG_FEEDBACK	1
1271201299379	0	RECOG_PRES	15	DRYER	503	-999	P	1354
1271201301096	0	RECOG_CR_PRES	15	DRYER	503	-999	P	533
1271201302013	1	RECOG_FEEDBACK	0
1271201302812	0	RECOG_PRES	15	DART	440	-999	P	1121
1271201304296	0	RECOG_CR_PRES	15	DART	440	-999	P	341
1271201304995	1	RECOG_FEEDBACK	1
1271201305761	0	RECOG_PRES	15	BRANCH	168	-999	P	1124
1271201307254	0	RECOG_CR_PRES	15	BRANCH	168	-999	P	367
1271201307961	1	RECOG_FEEDBACK	1
1271201308719	0	RECOG_PRES	15	FURNITURE	616	-999	P	1022
1271201310104	0	RECOG_CR_PRES	15	FURNITURE	616	-999	P	397
1271201310869	1	RECOG_FEEDBACK	1
1271201311594	0	RECOG_PRES	15	WHEEL	1603	-999	P	1147
1271201313103	0	RECOG_CR_PRES	15	WHEEL	1603	-999	P	438
1271201313911	1	RECOG_FEEDBACK	1
1271201314661	0	RECOG_PRES	15	EMPIRE	530	-999	P	1529
1271201316561	0	RECOG_CR_PRES	15	EMPIRE	530	-999	P	348
1271201317311	1	RECOG_FEEDBACK	1
1271201318120	0	RECOG_PRES	15	BLOCKADE	137	-999	P	910
1271201319403	0	RECOG_CR_PRES	15	BLOCKADE	137	-999	P	466
1271201320211	1	RECOG_FEEDBACK	1
1271201320952	0	RECOG_PRES	15	GOLD	647	-999	P	1158
1271201322485	0	RECOG_CR_PRES	15	GOLD	647	-999	P	464
1271201323328	1	RECOG_FEEDBACK	1
1271201324078	0	RECOG_PRES	15	JEEP	753	-999	P	1040
1271201325493	0	RECOG_CR_PRES	15	JEEP	753	-999	P	376
1271201326211	1	RECOG_FEEDBACK	1
1271201326935	0	RECOG_PRES	15	COW	393	-999	P	2095
1271201329402	0	RECOG_CR_PRES	15	COW	393	-999	P	427
1271201330352	1	RECOG_FEEDBACK	1
1271201331135	0	RECOG_PRES	15	CHERRY	293	-999	P	959
1271201332468	0	RECOG_CR_PRES	15	CHERRY	293	-999	P	465
1271201333260	1	RECOG_FEEDBACK	1
1271201334035	0	RECOG_PRES	15	PENGUIN	1044	-999	P	922
1271201335327	0	RECOG_CR_PRES	15	PENGUIN	1044	-999	P	406
1271201336052	1	RECOG_FEEDBACK	1
1271201336801	0	RECOG_PRES	15	BRUNETTE	181	-999	P	1644
1271201338817	0	RECOG_CR_PRES	15	BRUNETTE	181	-999	P	349
1271201339559	1	RECOG_FEEDBACK	1
1271201340310	0	RECOG_END
1271201349600	0	SESS_END
1271201349639	0	E	Logging Ends
