1269986366217	0	B	Logging Begins
1269986366217	0	SESS_START	11
1269986485889	1	FR_PRES	0	PATRIOT	1026	1	1	1581	(0.57740000000000002, 0.41289999999999999, 1.0)	../fonts/amplitud.ttf	lower
1269986490006	1	FR_PRES	0	HAWK	692	1	1	1032	(0.57740000000000002, 0.41289999999999999, 1.0)	../fonts/amplitud.ttf	lower
1269986494138	1	FR_PRES	0	MOUNTAIN	924	1	0	836	(0.57740000000000002, 0.41289999999999999, 1.0)	../fonts/amplitud.ttf	lower
1269986498255	1	FR_PRES	0	MARKET	871	1	0	1287	(0.57740000000000002, 0.41289999999999999, 1.0)	../fonts/amplitud.ttf	lower
1269986502429	1	FR_PRES	0	INTESTINE	742	1	0	1017	(0.57740000000000002, 0.41289999999999999, 1.0)	../fonts/amplitud.ttf	lower
1269986506471	1	FR_PRES	0	CRAB	397	1	1	839	(0.57740000000000002, 0.41289999999999999, 1.0)	../fonts/amplitud.ttf	lower
1269986510620	1	FR_PRES	0	JUNGLE	764	1	0	1210	(0.57740000000000002, 0.41289999999999999, 1.0)	../fonts/amplitud.ttf	lower
1269986514595	1	FR_PRES	0	DISH	474	1	0	1195	(0.57740000000000002, 0.41289999999999999, 1.0)	../fonts/amplitud.ttf	lower
1269986518462	1	FR_PRES	0	DYNAMITE	511	1	0	1016	(0.57740000000000002, 0.41289999999999999, 1.0)	../fonts/amplitud.ttf	lower
1269986522586	1	FR_PRES	0	ORNAMENT	985	1	0	1308	(0.57740000000000002, 0.41289999999999999, 1.0)	../fonts/amplitud.ttf	lower
1269986526661	1	FR_PRES	0	DOVE	491	1	1	1009	(0.57740000000000002, 0.41289999999999999, 1.0)	../fonts/amplitud.ttf	lower
1269986530719	1	FR_PRES	0	SILVERWARE	1308	1	0	1887	(0.57740000000000002, 0.41289999999999999, 1.0)	../fonts/amplitud.ttf	lower
1269986534677	1	FR_PRES	0	CANOE	233	1	0	1009	(0.57740000000000002, 0.41289999999999999, 1.0)	../fonts/amplitud.ttf	lower
1269986538668	1	FR_PRES	0	NAVIGATOR	938	1	1	850	(0.57740000000000002, 0.41289999999999999, 1.0)	../fonts/amplitud.ttf	lower
1269986542726	1	FR_PRES	0	GOO	648	1	0	1144	(0.57740000000000002, 0.41289999999999999, 1.0)	../fonts/amplitud.ttf	lower
1269986546651	1	FR_PRES	0	INFANT	737	1	1	1595	(0.57740000000000002, 0.41289999999999999, 1.0)	../fonts/amplitud.ttf	lower
1269986550706	0	DISTRACTOR	0			8000	2
1269986559559	1	REC_START
1269986646012	0	REST
1269986647511	0	DISTRACTOR	1			8000	5
1269986654935	1	FR_PRES	1	KEYBOARD	774	1	0	1631	(0.57740000000000002, 0.41289999999999999, 1.0)	../fonts/amplitud.ttf	lower
1269986658760	0	DISTRACTOR	1			8000	5
1269986667010	1	FR_PRES	1	BAND	78	1	0	756	(0.57740000000000002, 0.41289999999999999, 1.0)	../fonts/amplitud.ttf	lower
1269986671104	0	DISTRACTOR	1			8000	5
1269986679150	1	FR_PRES	1	SANDPAPER	1231	0	0	1552	(0.42259999999999998, 0.58709999999999996, 0)	../fonts/zerothre.ttf	upper
1269986683031	0	DISTRACTOR	1			8000	5
1269986691307	1	FR_PRES	1	YOLK	1633	0	0	1723	(0.42259999999999998, 0.58709999999999996, 0)	../fonts/zerothre.ttf	upper
1269986695182	0	DISTRACTOR	1			8000	5
1269986703423	1	FR_PRES	1	DUNGEON	507	0	1	1567	(0.42259999999999998, 0.58709999999999996, 0)	../fonts/zerothre.ttf	upper
1269986707333	0	DISTRACTOR	1			8000	4
1269986715255	1	FR_PRES	1	BASEMENT	94	0	0	1519	(0.42259999999999998, 0.58709999999999996, 0)	../fonts/zerothre.ttf	upper
1269986719366	0	DISTRACTOR	1			8000	4
1269986727079	1	FR_PRES	1	GOVERNOR	651	1	1	1271	(0.57740000000000002, 0.41289999999999999, 1.0)	../fonts/amplitud.ttf	lower
1269986730948	0	DISTRACTOR	1			8000	3
1269986738954	1	FR_PRES	1	BASEBALL	93	1	0	1428	(0.57740000000000002, 0.41289999999999999, 1.0)	../fonts/amplitud.ttf	lower
1269986742863	0	DISTRACTOR	1			8000	5
1269986751028	1	FR_PRES	1	NEPHEW	942	1	1	1002	(0.57740000000000002, 0.41289999999999999, 1.0)	../fonts/amplitud.ttf	lower
1269986755229	0	DISTRACTOR	1			8000	3
1269986762860	1	FR_PRES	1	VET	1560	0	1	2186	(0.42259999999999998, 0.58709999999999996, 0)	../fonts/zerothre.ttf	upper
1269986767023	0	DISTRACTOR	1			8000	5
1269986775051	1	FR_PRES	1	PUPPY	1144	0	0	1203	(0.42259999999999998, 0.58709999999999996, 0)	../fonts/zerothre.ttf	upper
1269986778968	0	DISTRACTOR	1			8000	5
1269986787009	1	FR_PRES	1	FARM	552	0	1	1389	(0.42259999999999998, 0.58709999999999996, 0)	../fonts/zerothre.ttf	upper
1269986791134	0	DISTRACTOR	1			8000	6
1269986798891	1	FR_PRES	1	TERMITE	1451	0	0	1363	(0.42259999999999998, 0.58709999999999996, 0)	../fonts/zerothre.ttf	upper
1269986802955	0	DISTRACTOR	1			8000	4
1269986811057	1	FR_PRES	1	CLASS	318	1	0	981	(0.57740000000000002, 0.41289999999999999, 1.0)	../fonts/amplitud.ttf	lower
1269986815232	0	DISTRACTOR	1			8000	5
1269986823081	1	FR_PRES	1	OX	994	1	1	709	(0.57740000000000002, 0.41289999999999999, 1.0)	../fonts/amplitud.ttf	lower
1269986827016	0	DISTRACTOR	1			8000	4
1269986835196	1	FR_PRES	1	HEN	703	1	1	1298	(0.57740000000000002, 0.41289999999999999, 1.0)	../fonts/amplitud.ttf	lower
1269986839324	0	DISTRACTOR	1			8000	4
1269986847971	1	REC_START
1269986936047	0	REST
1269986937547	0	DISTRACTOR	2			16000	9
1269986953204	1	FR_PRES	2	BUTTON	207	1	0	1378	(0.57740000000000002, 0.41289999999999999, 1.0)	../fonts/amplitud.ttf	lower
1269986957321	0	DISTRACTOR	2			16000	9
1269986973219	1	FR_PRES	2	BALLOON	75	1	0	923	(0.57740000000000002, 0.41289999999999999, 1.0)	../fonts/amplitud.ttf	lower
1269986977367	0	DISTRACTOR	2			16000	10
1269986993360	1	FR_PRES	2	VICTIM	1562	1	1	1006	(0.57740000000000002, 0.41289999999999999, 1.0)	../fonts/amplitud.ttf	lower
1269986997312	0	DISTRACTOR	2			16000	8
1269987013450	1	FR_PRES	2	ASIA	46	1	0	1844	(0.57740000000000002, 0.41289999999999999, 1.0)	../fonts/amplitud.ttf	lower
1269987017500	0	DISTRACTOR	2			16000	9
1269987033415	1	FR_PRES	2	LOUNGE	845	1	0	959	(0.57740000000000002, 0.41289999999999999, 1.0)	../fonts/amplitud.ttf	lower
1269987037295	0	DISTRACTOR	2			16000	9
1269987053372	1	FR_PRES	2	TOOTH	1481	1	1	1465	(0.57740000000000002, 0.41289999999999999, 1.0)	../fonts/amplitud.ttf	lower
1269987057296	0	DISTRACTOR	2			16000	8
1269987073312	1	FR_PRES	2	THICKET	1455	1	0	1366	(0.57740000000000002, 0.41289999999999999, 1.0)	../fonts/amplitud.ttf	lower
1269987077212	0	DISTRACTOR	2			16000	8
1269987093311	1	FR_PRES	2	LEOPARD	812	1	1	911	(0.57740000000000002, 0.41289999999999999, 1.0)	../fonts/amplitud.ttf	lower
1269987097451	0	DISTRACTOR	2			16000	7
1269987113309	1	FR_PRES	2	LION	827	1	0	1177	(0.57740000000000002, 0.41289999999999999, 1.0)	../fonts/amplitud.ttf	lower
1269987117464	0	DISTRACTOR	2			16000	7
1269987133366	1	FR_PRES	2	PATROL	1027	1	1	1312	(0.57740000000000002, 0.41289999999999999, 1.0)	../fonts/amplitud.ttf	lower
1269987137439	0	DISTRACTOR	2			16000	9
1269987153498	1	FR_PRES	2	BROOK	177	1	0	748	(0.57740000000000002, 0.41289999999999999, 1.0)	../fonts/amplitud.ttf	lower
1269987157543	0	DISTRACTOR	2			16000	9
1269987173563	1	FR_PRES	2	CAMEL	223	1	1	891	(0.57740000000000002, 0.41289999999999999, 1.0)	../fonts/amplitud.ttf	lower
1269987177626	0	DISTRACTOR	2			16000	8
1269987193586	1	FR_PRES	2	PORK	1108	1	1	1372	(0.57740000000000002, 0.41289999999999999, 1.0)	../fonts/amplitud.ttf	lower
1269987197720	0	DISTRACTOR	2			16000	7
1269987213460	1	FR_PRES	2	DETECTIVE	454	1	0	2610	(0.57740000000000002, 0.41289999999999999, 1.0)	../fonts/amplitud.ttf	lower
1269987217656	0	DISTRACTOR	2			16000	10
1269987233417	1	FR_PRES	2	ZIPPER	1636	1	0	1997	(0.57740000000000002, 0.41289999999999999, 1.0)	../fonts/amplitud.ttf	lower
1269987237290	0	DISTRACTOR	2			16000	8
1269987253465	1	FR_PRES	2	WITNESS	1618	1	1	2021	(0.57740000000000002, 0.41289999999999999, 1.0)	../fonts/amplitud.ttf	lower
1269987257443	0	DISTRACTOR	2			16000	9
1269987274331	1	REC_START
1269987357908	0	REST
1269987359416	1	FR_PRES	3	BUN	197	0	0	1190	(0.42259999999999998, 0.58709999999999996, 0)	../fonts/zerothre.ttf	upper
1269987363332	1	FR_PRES	3	VIRUS	1572	0	0	810	(0.42259999999999998, 0.58709999999999996, 0)	../fonts/zerothre.ttf	upper
1269987367240	1	FR_PRES	3	RUNNER	1218	0	1	1494	(0.42259999999999998, 0.58709999999999996, 0)	../fonts/zerothre.ttf	upper
1269987371165	1	FR_PRES	3	FRAGRANCE	599	0	0	1449	(0.42259999999999998, 0.58709999999999996, 0)	../fonts/zerothre.ttf	upper
1269987375090	1	FR_PRES	3	SCIENTIST	1249	1	1	1108	(0.57740000000000002, 0.41289999999999999, 1.0)	../fonts/amplitud.ttf	lower
1269987379131	1	FR_PRES	3	TWISTER	1530	1	0	1140	(0.57740000000000002, 0.41289999999999999, 1.0)	../fonts/amplitud.ttf	lower
1269987383089	1	FR_PRES	3	MUSTARD	935	1	0	1197	(0.57740000000000002, 0.41289999999999999, 1.0)	../fonts/amplitud.ttf	lower
1269987386922	1	FR_PRES	3	PIGMENT	1066	1	0	1557	(0.57740000000000002, 0.41289999999999999, 1.0)	../fonts/amplitud.ttf	lower
1269987390972	1	FR_PRES	3	BLANKET	135	1	0	946	(0.57740000000000002, 0.41289999999999999, 1.0)	../fonts/amplitud.ttf	lower
1269987395138	1	FR_PRES	3	TEENAGER	1444	0	1	1429	(0.42259999999999998, 0.58709999999999996, 0)	../fonts/zerothre.ttf	upper
1269987399221	1	FR_PRES	3	PARENT	1013	0	1	1305	(0.42259999999999998, 0.58709999999999996, 0)	../fonts/zerothre.ttf	upper
1269987403371	1	FR_PRES	3	CRAYON	401	1	0	1603	(0.57740000000000002, 0.41289999999999999, 1.0)	../fonts/amplitud.ttf	lower
1269987407496	1	FR_PRES	3	JURY	766	1	1	1039	(0.57740000000000002, 0.41289999999999999, 1.0)	../fonts/amplitud.ttf	lower
1269987411554	1	FR_PRES	3	COURT	391	1	0	773	(0.57740000000000002, 0.41289999999999999, 1.0)	../fonts/amplitud.ttf	lower
1269987415678	1	FR_PRES	3	VACUUM	1543	0	1	1545	(0.42259999999999998, 0.58709999999999996, 0)	../fonts/zerothre.ttf	upper
1269987419786	1	FR_PRES	3	ROBE	1198	0	1	2277	(0.42259999999999998, 0.58709999999999996, 0)	../fonts/zerothre.ttf	upper
1269987423977	0	DISTRACTOR	3			8000	3
1269987432536	1	REC_START
1269987518704	0	REST
1269987520204	0	DISTRACTOR	4			8000	4
1269987527745	1	FR_PRES	4	CLAY	320	0	0	1781	(0.42259999999999998, 0.58709999999999996, 0)	../fonts/zerothre.ttf	upper
1269987531624	0	DISTRACTOR	4			8000	3
1269987539802	1	FR_PRES	4	MUSHROOM	934	0	0	748	(0.42259999999999998, 0.58709999999999996, 0)	../fonts/zerothre.ttf	upper
1269987543815	0	DISTRACTOR	4			8000	4
1269987551885	1	FR_PRES	4	ELF	525	0	1	1362	(0.42259999999999998, 0.58709999999999996, 0)	../fonts/zerothre.ttf	upper
1269987556063	0	DISTRACTOR	4			8000	4
1269987563751	1	FR_PRES	4	CHECK	284	0	0	1215	(0.42259999999999998, 0.58709999999999996, 0)	../fonts/zerothre.ttf	upper
1269987567870	0	DISTRACTOR	4			8000	5
1269987575783	1	FR_PRES	4	BILL	126	0	0	1384	(0.42259999999999998, 0.58709999999999996, 0)	../fonts/zerothre.ttf	upper
1269987579615	0	DISTRACTOR	4			8000	1
1269987587882	1	FR_PRES	4	OZONE	996	0	0	1037	(0.42259999999999998, 0.58709999999999996, 0)	../fonts/zerothre.ttf	upper
1269987591906	0	DISTRACTOR	4			8000	6
1269987599965	1	FR_PRES	4	FISH	571	0	0	1322	(0.42259999999999998, 0.58709999999999996, 0)	../fonts/zerothre.ttf	upper
1269987604049	0	DISTRACTOR	4			8000	4
1269987611980	1	FR_PRES	4	SLEIGH	1325	0	1	2179	(0.42259999999999998, 0.58709999999999996, 0)	../fonts/zerothre.ttf	upper
1269987616173	0	DISTRACTOR	4			8000	5
1269987623946	1	FR_PRES	4	PUDDLE	1140	0	0	1148	(0.42259999999999998, 0.58709999999999996, 0)	../fonts/zerothre.ttf	upper
1269987628017	0	DISTRACTOR	4			8000	5
1269987635795	1	FR_PRES	4	NITROGEN	954	0	0	900	(0.42259999999999998, 0.58709999999999996, 0)	../fonts/zerothre.ttf	upper
1269987639656	0	DISTRACTOR	4			8000	2
1269987647694	1	FR_PRES	4	ELECTRICIAN	521	0	1	2392	(0.42259999999999998, 0.58709999999999996, 0)	../fonts/zerothre.ttf	upper
1269987651596	0	DISTRACTOR	4			8000	4
1269987659885	1	FR_PRES	4	GREASE	660	0	0	1025	(0.42259999999999998, 0.58709999999999996, 0)	../fonts/zerothre.ttf	upper
1269987664046	0	DISTRACTOR	4			8000	4
1269987671826	1	FR_PRES	4	DRIVER	499	0	1	2429	(0.42259999999999998, 0.58709999999999996, 0)	../fonts/zerothre.ttf	upper
1269987675955	0	DISTRACTOR	4			8000	5
1269987683967	1	FR_PRES	4	BATH	98	0	1	2544	(0.42259999999999998, 0.58709999999999996, 0)	../fonts/zerothre.ttf	upper
1269987687865	0	DISTRACTOR	4			8000	4
1269987696082	1	FR_PRES	4	VENUS	1557	0	1	1773	(0.42259999999999998, 0.58709999999999996, 0)	../fonts/zerothre.ttf	upper
1269987700168	0	DISTRACTOR	4			8000	4
1269987708182	1	FR_PRES	4	TEACHER	1440	0	0	1233	(0.42259999999999998, 0.58709999999999996, 0)	../fonts/zerothre.ttf	upper
1269987712278	0	DISTRACTOR	4			8000	6
1269987721090	1	REC_START
1269987804658	0	REST
1269987806166	1	FR_PRES	5	SWIMMER	1420	1	1	1369	(0.57740000000000002, 0.41289999999999999, 1.0)	../fonts/amplitud.ttf	lower
1269987810174	1	FR_PRES	5	CHIEF	298	1	1	1129	(0.57740000000000002, 0.41289999999999999, 1.0)	../fonts/amplitud.ttf	lower
1269987814090	1	FR_PRES	5	BRIDGE	174	1	0	837	(0.57740000000000002, 0.41289999999999999, 1.0)	../fonts/amplitud.ttf	lower
1269987817948	1	FR_PRES	5	PIANO	1057	1	0	1315	(0.57740000000000002, 0.41289999999999999, 1.0)	../fonts/amplitud.ttf	lower
1269987822090	1	FR_PRES	5	FLUTE	585	1	0	965	(0.57740000000000002, 0.41289999999999999, 1.0)	../fonts/amplitud.ttf	lower
1269987826056	1	FR_PRES	5	POND	1101	1	0	1159	(0.57740000000000002, 0.41289999999999999, 1.0)	../fonts/amplitud.ttf	lower
1269987829956	1	FR_PRES	5	STEM	1376	1	0	1323	(0.57740000000000002, 0.41289999999999999, 1.0)	../fonts/amplitud.ttf	lower
1269987833889	1	FR_PRES	5	TOENAIL	1474	1	0	1382	(0.57740000000000002, 0.41289999999999999, 1.0)	../fonts/amplitud.ttf	lower
1269987838064	1	FR_PRES	5	MARINE	869	1	0	1031	(0.57740000000000002, 0.41289999999999999, 1.0)	../fonts/amplitud.ttf	lower
1269987842022	1	FR_PRES	5	SWAMP	1416	1	0	1265	(0.57740000000000002, 0.41289999999999999, 1.0)	../fonts/amplitud.ttf	lower
1269987845888	1	FR_PRES	5	MILITARY	894	1	0	1559	(0.57740000000000002, 0.41289999999999999, 1.0)	../fonts/amplitud.ttf	lower
1269987850038	1	FR_PRES	5	INDIAN	736	1	1	1041	(0.57740000000000002, 0.41289999999999999, 1.0)	../fonts/amplitud.ttf	lower
1269987854187	1	FR_PRES	5	GUARD	667	1	1	1452	(0.57740000000000002, 0.41289999999999999, 1.0)	../fonts/amplitud.ttf	lower
1269987858345	1	FR_PRES	5	BADGE	68	1	0	1038	(0.57740000000000002, 0.41289999999999999, 1.0)	../fonts/amplitud.ttf	lower
1269987862370	1	FR_PRES	5	HUMAN	726	1	1	957	(0.57740000000000002, 0.41289999999999999, 1.0)	../fonts/amplitud.ttf	lower
1269987866470	1	FR_PRES	5	SCAPEGOAT	1244	1	1	1521	(0.57740000000000002, 0.41289999999999999, 1.0)	../fonts/amplitud.ttf	lower
1269987870612	0	DISTRACTOR	5			16000	7
1269987887277	1	REC_START
1269987977103	0	REST
1269987978611	1	FR_PRES	6	PRINCESS	1125	0	1	1204	(0.42259999999999998, 0.58709999999999996, 0)	../fonts/zerothre.ttf	upper
1269987982611	1	FR_PRES	6	PILLOW	1069	0	0	980	(0.42259999999999998, 0.58709999999999996, 0)	../fonts/zerothre.ttf	upper
1269987986628	1	FR_PRES	6	COLUMN	350	0	0	1027	(0.42259999999999998, 0.58709999999999996, 0)	../fonts/zerothre.ttf	upper
1269987990552	1	FR_PRES	6	TURNIP	1521	0	0	1359	(0.42259999999999998, 0.58709999999999996, 0)	../fonts/zerothre.ttf	upper
1269987994460	1	FR_PRES	6	PEAR	1033	0	0	1387	(0.42259999999999998, 0.58709999999999996, 0)	../fonts/zerothre.ttf	upper
1269987998585	1	FR_PRES	6	RASPBERRY	1168	0	0	1230	(0.42259999999999998, 0.58709999999999996, 0)	../fonts/zerothre.ttf	upper
1269988002435	1	FR_PRES	6	CARTON	251	0	0	883	(0.42259999999999998, 0.58709999999999996, 0)	../fonts/zerothre.ttf	upper
1269988006509	1	FR_PRES	6	GOAT	644	0	1	1490	(0.42259999999999998, 0.58709999999999996, 0)	../fonts/zerothre.ttf	upper
1269988010692	1	FR_PRES	6	SOFA	1342	0	1	1379	(0.42259999999999998, 0.58709999999999996, 0)	../fonts/zerothre.ttf	upper
1269988014784	1	FR_PRES	6	LIST	830	0	0	1111	(0.42259999999999998, 0.58709999999999996, 0)	../fonts/zerothre.ttf	upper
1269988018675	1	FR_PRES	6	SUPPER	1411	0	0	948	(0.42259999999999998, 0.58709999999999996, 0)	../fonts/zerothre.ttf	upper
1269988022808	1	FR_PRES	6	EDITORIAL	517	0	0	1687	(0.42259999999999998, 0.58709999999999996, 0)	../fonts/zerothre.ttf	upper
1269988026716	1	FR_PRES	6	EMPIRE	530	0	1	1315	(0.42259999999999998, 0.58709999999999996, 0)	../fonts/zerothre.ttf	upper
1269988030708	1	FR_PRES	6	MAPLE	866	0	0	1219	(0.42259999999999998, 0.58709999999999996, 0)	../fonts/zerothre.ttf	upper
1269988034749	1	FR_PRES	6	STEAM	1375	0	0	930	(0.42259999999999998, 0.58709999999999996, 0)	../fonts/zerothre.ttf	upper
1269988038815	1	FR_PRES	6	WHISTLE	1606	0	0	1536	(0.42259999999999998, 0.58709999999999996, 0)	../fonts/zerothre.ttf	upper
1269988044607	1	REC_START
1269988138416	0	REST
1269988139924	1	FR_PRES	7	ACORN	3	0	0	883	(0.42259999999999998, 0.58709999999999996, 0)	../fonts/zerothre.ttf	upper
1269988144074	1	FR_PRES	7	KITCHEN	778	0	1	1293	(0.42259999999999998, 0.58709999999999996, 0)	../fonts/zerothre.ttf	upper
1269988148132	1	FR_PRES	7	STOVE	1388	0	1	1571	(0.42259999999999998, 0.58709999999999996, 0)	../fonts/zerothre.ttf	upper
1269988152299	1	FR_PRES	7	PUBLISHER	1137	1	0	1164	(0.57740000000000002, 0.41289999999999999, 1.0)	../fonts/amplitud.ttf	lower
1269988156323	1	FR_PRES	7	GATE	625	1	0	1308	(0.57740000000000002, 0.41289999999999999, 1.0)	../fonts/amplitud.ttf	lower
1269988160265	1	FR_PRES	7	FOREST	593	0	0	1470	(0.42259999999999998, 0.58709999999999996, 0)	../fonts/zerothre.ttf	upper
1269988164373	1	FR_PRES	7	EMPLOYEE	531	0	1	1506	(0.42259999999999998, 0.58709999999999996, 0)	../fonts/zerothre.ttf	upper
1269988168347	1	FR_PRES	7	ASSOCIATE	49	1	0	1204	(0.57740000000000002, 0.41289999999999999, 1.0)	../fonts/amplitud.ttf	lower
1269988172522	1	FR_PRES	7	GENERAL	630	1	1	1373	(0.57740000000000002, 0.41289999999999999, 1.0)	../fonts/amplitud.ttf	lower
1269988176697	1	FR_PRES	7	CHIPMUNK	304	1	1	1070	(0.57740000000000002, 0.41289999999999999, 1.0)	../fonts/amplitud.ttf	lower
1269988180763	1	FR_PRES	7	LIBRARY	816	1	0	1868	(0.57740000000000002, 0.41289999999999999, 1.0)	../fonts/amplitud.ttf	lower
1269988184754	1	FR_PRES	7	PALM	1007	1	0	1069	(0.57740000000000002, 0.41289999999999999, 1.0)	../fonts/amplitud.ttf	lower
1269988188854	1	FR_PRES	7	COWARD	394	1	1	1137	(0.57740000000000002, 0.41289999999999999, 1.0)	../fonts/amplitud.ttf	lower
1269988193037	1	FR_PRES	7	BUTTER	205	0	0	1274	(0.42259999999999998, 0.58709999999999996, 0)	../fonts/zerothre.ttf	upper
1269988197187	1	FR_PRES	7	HINGE	709	0	0	1244	(0.42259999999999998, 0.58709999999999996, 0)	../fonts/zerothre.ttf	upper
1269988201128	1	FR_PRES	7	PASSAGE	1019	0	1	1287	(0.42259999999999998, 0.58709999999999996, 0)	../fonts/zerothre.ttf	upper
1269988204973	0	DISTRACTOR	7			8000	5
1269988213928	1	REC_START
1269988301304	0	REST
1269988302812	1	FR_PRES	8	FLEET	578	0	0	1179	(0.42259999999999998, 0.58709999999999996, 0)	../fonts/zerothre.ttf	upper
1269988306904	1	FR_PRES	8	PATIENT	1024	0	1	1775	(0.42259999999999998, 0.58709999999999996, 0)	../fonts/zerothre.ttf	upper
1269988310887	1	FR_PRES	8	BOY	161	1	1	1328	(0.57740000000000002, 0.41289999999999999, 1.0)	../fonts/amplitud.ttf	lower
1269988315012	1	FR_PRES	8	NEST	945	1	0	1163	(0.57740000000000002, 0.41289999999999999, 1.0)	../fonts/amplitud.ttf	lower
1269988318919	1	FR_PRES	8	SPARROW	1347	1	1	992	(0.57740000000000002, 0.41289999999999999, 1.0)	../fonts/amplitud.ttf	lower
1269988322936	1	FR_PRES	8	CREW	406	1	1	1255	(0.57740000000000002, 0.41289999999999999, 1.0)	../fonts/amplitud.ttf	lower
1269988326952	1	FR_PRES	8	SHRINE	1298	0	1	1455	(0.42259999999999998, 0.58709999999999996, 0)	../fonts/zerothre.ttf	upper
1269988330835	1	FR_PRES	8	NURSE	963	0	1	1300	(0.42259999999999998, 0.58709999999999996, 0)	../fonts/zerothre.ttf	upper
1269988335003	1	FR_PRES	8	BROTHER	179	0	1	964	(0.42259999999999998, 0.58709999999999996, 0)	../fonts/zerothre.ttf	upper
1269988338893	1	FR_PRES	8	FRIEND	606	0	1	1674	(0.42259999999999998, 0.58709999999999996, 0)	../fonts/zerothre.ttf	upper
1269988342726	1	FR_PRES	8	BIBLE	124	0	1	1689	(0.42259999999999998, 0.58709999999999996, 0)	../fonts/zerothre.ttf	upper
1269988346659	1	FR_PRES	8	WALRUS	1585	0	1	1980	(0.42259999999999998, 0.58709999999999996, 0)	../fonts/zerothre.ttf	upper
1269988350650	1	FR_PRES	8	TOAST	1471	1	0	1429	(0.57740000000000002, 0.41289999999999999, 1.0)	../fonts/amplitud.ttf	lower
1269988354600	1	FR_PRES	8	HAT	690	1	0	839	(0.57740000000000002, 0.41289999999999999, 1.0)	../fonts/amplitud.ttf	lower
1269988358767	1	FR_PRES	8	HOOD	714	1	0	1088	(0.57740000000000002, 0.41289999999999999, 1.0)	../fonts/amplitud.ttf	lower
1269988362600	1	FR_PRES	8	PEN	1041	1	0	1775	(0.57740000000000002, 0.41289999999999999, 1.0)	../fonts/amplitud.ttf	lower
1269988366804	0	DISTRACTOR	8			16000	7
1269988383507	1	REC_START
1269988467675	0	REST
1269988469183	1	FR_PRES	9	CONVICT	371	1	1	1152	(0.57740000000000002, 0.41289999999999999, 1.0)	../fonts/amplitud.ttf	lower
1269988473041	1	FR_PRES	9	OCEAN	970	1	0	1302	(0.57740000000000002, 0.41289999999999999, 1.0)	../fonts/amplitud.ttf	lower
1269988477249	1	FR_PRES	9	CANAL	226	1	0	1422	(0.57740000000000002, 0.41289999999999999, 1.0)	../fonts/amplitud.ttf	lower
1269988481416	1	FR_PRES	9	DAM	436	1	0	1071	(0.57740000000000002, 0.41289999999999999, 1.0)	../fonts/amplitud.ttf	lower
1269988485582	1	FR_PRES	9	GRASSHOPPER	656	1	1	937	(0.57740000000000002, 0.41289999999999999, 1.0)	../fonts/amplitud.ttf	lower
1269988489698	1	FR_PRES	9	LETTER	813	0	0	1221	(0.42259999999999998, 0.58709999999999996, 0)	../fonts/zerothre.ttf	upper
1269988493615	1	FR_PRES	9	BASSINET	97	0	1	1808	(0.42259999999999998, 0.58709999999999996, 0)	../fonts/zerothre.ttf	upper
1269988497706	1	FR_PRES	9	WITCH	1617	0	1	1693	(0.42259999999999998, 0.58709999999999996, 0)	../fonts/zerothre.ttf	upper
1269988501772	1	FR_PRES	9	DINER	467	0	1	1187	(0.42259999999999998, 0.58709999999999996, 0)	../fonts/zerothre.ttf	upper
1269988505689	1	FR_PRES	9	WAITER	1580	0	1	1454	(0.42259999999999998, 0.58709999999999996, 0)	../fonts/zerothre.ttf	upper
1269988509780	1	FR_PRES	9	CHEMICAL	291	0	0	1515	(0.42259999999999998, 0.58709999999999996, 0)	../fonts/zerothre.ttf	upper
1269988513888	1	FR_PRES	9	WATER	1594	1	0	1703	(0.57740000000000002, 0.41289999999999999, 1.0)	../fonts/amplitud.ttf	lower
1269988517921	1	FR_PRES	9	CHART	282	1	0	1030	(0.57740000000000002, 0.41289999999999999, 1.0)	../fonts/amplitud.ttf	lower
1269988521804	1	FR_PRES	9	NOTEBOOK	959	1	0	1363	(0.57740000000000002, 0.41289999999999999, 1.0)	../fonts/amplitud.ttf	lower
1269988525962	1	FR_PRES	9	NOTE	958	0	0	1845	(0.42259999999999998, 0.58709999999999996, 0)	../fonts/zerothre.ttf	upper
1269988530145	1	FR_PRES	9	YARD	1630	0	1	1510	(0.42259999999999998, 0.58709999999999996, 0)	../fonts/zerothre.ttf	upper
1269988535821	1	REC_START
1269988624072	0	REST
1269988625572	0	DISTRACTOR	10			8000	4
1269988632946	1	FR_PRES	10	RACK	1154	0	0	1677	(0.42259999999999998, 0.58709999999999996, 0)	../fonts/zerothre.ttf	upper
1269988636890	0	DISTRACTOR	10			8000	5
1269988644803	1	FR_PRES	10	BIKE	125	0	1	1860	(0.42259999999999998, 0.58709999999999996, 0)	../fonts/zerothre.ttf	upper
1269988648651	0	DISTRACTOR	10			8000	5
1269988656836	1	FR_PRES	10	SPACE	1345	0	1	1523	(0.42259999999999998, 0.58709999999999996, 0)	../fonts/zerothre.ttf	upper
1269988660848	0	DISTRACTOR	10			8000	4
1269988668760	1	FR_PRES	10	MISSILE	900	0	1	2767	(0.42259999999999998, 0.58709999999999996, 0)	../fonts/zerothre.ttf	upper
1269988672774	0	DISTRACTOR	10			8000	2
1269988680709	1	FR_PRES	10	PEBBLE	1035	0	0	906	(0.42259999999999998, 0.58709999999999996, 0)	../fonts/zerothre.ttf	upper
1269988684771	0	DISTRACTOR	10			8000	4
1269988692667	1	FR_PRES	10	BRANDY	169	0	1	1764	(0.42259999999999998, 0.58709999999999996, 0)	../fonts/zerothre.ttf	upper
1269988696707	0	DISTRACTOR	10			8000	3
1269988704807	1	FR_PRES	10	KITE	779	0	1	1416	(0.42259999999999998, 0.58709999999999996, 0)	../fonts/zerothre.ttf	upper
1269988708669	0	DISTRACTOR	10			8000	4
1269988716981	1	FR_PRES	10	ROBBER	1197	0	1	2330	(0.42259999999999998, 0.58709999999999996, 0)	../fonts/zerothre.ttf	upper
1269988720988	0	DISTRACTOR	10			8000	3
1269988728922	1	FR_PRES	10	OUTLAW	989	0	1	1605	(0.42259999999999998, 0.58709999999999996, 0)	../fonts/zerothre.ttf	upper
1269988732739	0	DISTRACTOR	10			8000	5
1269988741105	1	FR_PRES	10	COYOTE	396	0	1	1798	(0.42259999999999998, 0.58709999999999996, 0)	../fonts/zerothre.ttf	upper
1269988745156	0	DISTRACTOR	10			8000	4
1269988753320	1	FR_PRES	10	CANDY	230	0	0	1463	(0.42259999999999998, 0.58709999999999996, 0)	../fonts/zerothre.ttf	upper
1269988757126	0	DISTRACTOR	10			8000	3
1269988765145	1	FR_PRES	10	FIREPLACE	570	0	1	1638	(0.42259999999999998, 0.58709999999999996, 0)	../fonts/zerothre.ttf	upper
1269988769057	0	DISTRACTOR	10			8000	4
1269988777044	1	FR_PRES	10	TENT	1449	0	1	1243	(0.42259999999999998, 0.58709999999999996, 0)	../fonts/zerothre.ttf	upper
1269988780859	0	DISTRACTOR	10			8000	2
1269988788935	1	FR_PRES	10	SCOTCH	1251	0	0	2656	(0.42259999999999998, 0.58709999999999996, 0)	../fonts/zerothre.ttf	upper
1269988792904	0	DISTRACTOR	10			8000	4
1269988800934	1	FR_PRES	10	BUG	187	0	0	977	(0.42259999999999998, 0.58709999999999996, 0)	../fonts/zerothre.ttf	upper
1269988804787	0	DISTRACTOR	10			8000	4
1269988813009	1	FR_PRES	10	SHELTER	1282	0	0	1046	(0.42259999999999998, 0.58709999999999996, 0)	../fonts/zerothre.ttf	upper
1269988816957	0	DISTRACTOR	10			8000	3
1269988825941	1	REC_START
1269988913292	0	REST
1269988914792	0	DISTRACTOR	11			16000	11
1269988930466	1	FR_PRES	11	TOWEL	1489	1	0	1269	(0.57740000000000002, 0.41289999999999999, 1.0)	../fonts/amplitud.ttf	lower
1269988934462	0	DISTRACTOR	11			16000	10
1269988950539	1	FR_PRES	11	SHOWER	1296	1	0	1012	(0.57740000000000002, 0.41289999999999999, 1.0)	../fonts/amplitud.ttf	lower
1269988954571	0	DISTRACTOR	11			16000	10
1269988970496	1	FR_PRES	11	HANDBAG	684	0	0	2199	(0.42259999999999998, 0.58709999999999996, 0)	../fonts/zerothre.ttf	upper
1269988974442	0	DISTRACTOR	11			16000	9
1269988990711	1	FR_PRES	11	BULLY	196	0	1	1752	(0.42259999999999998, 0.58709999999999996, 0)	../fonts/zerothre.ttf	upper
1269988994558	0	DISTRACTOR	11			16000	10
1269989010835	1	FR_PRES	11	PERMIT	1051	1	0	1181	(0.57740000000000002, 0.41289999999999999, 1.0)	../fonts/amplitud.ttf	lower
1269989014931	0	DISTRACTOR	11			16000	8
1269989030916	1	FR_PRES	11	DISHWASHER	475	1	0	2092	(0.57740000000000002, 0.41289999999999999, 1.0)	../fonts/amplitud.ttf	lower
1269989035002	0	DISTRACTOR	11			16000	10
1269989050807	1	FR_PRES	11	BREAD	170	1	0	1080	(0.57740000000000002, 0.41289999999999999, 1.0)	../fonts/amplitud.ttf	lower
1269989054910	0	DISTRACTOR	11			16000	9
1269989070788	1	FR_PRES	11	FIGHTER	564	1	1	1971	(0.57740000000000002, 0.41289999999999999, 1.0)	../fonts/amplitud.ttf	lower
1269989074671	0	DISTRACTOR	11			16000	8
1269989090854	1	FR_PRES	11	LIEUTENANT	818	1	1	1841	(0.57740000000000002, 0.41289999999999999, 1.0)	../fonts/amplitud.ttf	lower
1269989094700	0	DISTRACTOR	11			16000	10
1269989110702	1	FR_PRES	11	MUFFIN	929	1	0	1145	(0.57740000000000002, 0.41289999999999999, 1.0)	../fonts/amplitud.ttf	lower
1269989114554	0	DISTRACTOR	11			16000	8
1269989130534	1	FR_PRES	11	FURNITURE	616	0	1	2393	(0.42259999999999998, 0.58709999999999996, 0)	../fonts/zerothre.ttf	upper
1269989134675	0	DISTRACTOR	11			16000	8
1269989150391	1	FR_PRES	11	ANTELOPE	27	0	1	1488	(0.42259999999999998, 0.58709999999999996, 0)	../fonts/zerothre.ttf	upper
1269989154513	0	DISTRACTOR	11			16000	11
1269989170298	1	FR_PRES	11	AUTHOR	61	0	0	2405	(0.42259999999999998, 0.58709999999999996, 0)	../fonts/zerothre.ttf	upper
1269989174394	0	DISTRACTOR	11			16000	10
1269989190271	1	FR_PRES	11	BRICK	172	0	1	1760	(0.42259999999999998, 0.58709999999999996, 0)	../fonts/zerothre.ttf	upper
1269989194131	0	DISTRACTOR	11			16000	8
1269989210470	1	FR_PRES	11	LUMBER	848	0	0	1505	(0.42259999999999998, 0.58709999999999996, 0)	../fonts/zerothre.ttf	upper
1269989214535	0	DISTRACTOR	11			16000	8
1269989230435	1	FR_PRES	11	HEDGE	699	0	0	1404	(0.42259999999999998, 0.58709999999999996, 0)	../fonts/zerothre.ttf	upper
1269989234432	0	DISTRACTOR	11			16000	11
1269989251226	1	REC_START
1269989326811	1	REST_REWET
1269989631913	0	MATH_TOTAL_SCORE	537
1269989650554	0	RECOG_START
1269989650554	1	REC_START
1269989650587	0	RECOG_PRES	0	ROPE	1211	-999	P	2508
1269989653470	0	RECOG_CR_PRES	0	ROPE	1211	-999	P	1513
1269989655387	1	RECOG_FEEDBACK	1
1269989656153	0	RECOG_PRES	0	DETECTIVE	454	-999	P	1126
1269989657653	0	RECOG_CR_PRES	0	DETECTIVE	454	-999	P	946
1269989658953	1	RECOG_FEEDBACK	1
1269989659695	0	RECOG_PRES	0	NITROGEN	954	-999	P	1360
1269989661419	0	RECOG_CR_PRES	0	NITROGEN	954	-999	P	844
1269989662711	1	RECOG_FEEDBACK	1
1269989663444	0	RECOG_PRES	0	BOY	161	-999	P	1171
1269989664986	0	RECOG_CR_PRES	0	BOY	161	-999	P	789
1269989666219	1	RECOG_FEEDBACK	1
1269989667019	0	RECOG_PRES	0	TURNIP	1521	-999	P	1228
1269989668619	0	RECOG_CR_PRES	0	TURNIP	1521	-999	P	868
1269989669935	1	RECOG_FEEDBACK	1
1269989670660	0	RECOG_PRES	0	BOX	159	-999	P	1531
1269989672560	0	RECOG_CR_PRES	0	BOX	159	-999	P	535
1269989673560	1	RECOG_FEEDBACK	1
1269989674277	0	RECOG_PRES	0	TART	1436	-999	P	1202
1269989675852	0	RECOG_CR_PRES	0	TART	1436	-999	P	587
1269989676860	1	RECOG_FEEDBACK	1
1269989677593	0	RECOG_PRES	0	SANDPAPER	1231	-999	P	1398
1269989679360	0	RECOG_CR_PRES	0	SANDPAPER	1231	-999	P	807
1269989680635	1	RECOG_FEEDBACK	1
1269989681351	0	RECOG_PRES	0	PLIERS	1089	-999	P	1288
1269989683002	0	RECOG_CR_PRES	0	PLIERS	1089	-999	P	1101
1269989684559	1	RECOG_FEEDBACK	1
1269989685293	0	RECOG_PRES	0	MUSTARD	935	-999	P	1178
1269989686843	0	RECOG_CR_PRES	0	MUSTARD	935	-999	P	580
1269989687859	1	RECOG_FEEDBACK	1
1269989688659	0	RECOG_PRES	0	DOVE	491	-999	P	1228
1269989690259	0	RECOG_CR_PRES	0	DOVE	491	-999	P	641
1269989691400	1	RECOG_FEEDBACK	1
1269989692117	0	RECOG_PRES	0	TWISTER	1530	-999	P	986
1269989693475	0	RECOG_CR_PRES	0	TWISTER	1530	-999	P	476
1269989694350	1	RECOG_FEEDBACK	1
1269989695134	0	RECOG_PRES	0	HANDBAG	684	-999	P	1001
1269989696509	0	RECOG_CR_PRES	0	HANDBAG	684	-999	P	554
1269989697475	1	RECOG_FEEDBACK	1
1269989698200	0	RECOG_PRES	0	ACORN	3	-999	P	799
1269989699375	0	RECOG_CR_PRES	0	ACORN	3	-999	P	560
1269989700308	1	RECOG_FEEDBACK	1
1269989701025	0	RECOG_PRES	0	SILVERWARE	1308	-999	P	838
1269989702233	0	RECOG_CR_PRES	0	SILVERWARE	1308	-999	P	550
1269989703141	1	RECOG_FEEDBACK	1
1269989703866	0	RECOG_PRES	0	LASER	801	-999	P	1621
1269989705849	0	RECOG_CR_PRES	0	LASER	801	-999	P	650
1269989707066	1	RECOG_FEEDBACK	1
1269989707849	0	RECOG_PRES	0	BRICK	172	-999	P	1062
1269989709283	0	RECOG_CR_PRES	0	BRICK	172	-999	P	612
1269989710299	1	RECOG_FEEDBACK	1
1269989711057	0	RECOG_PRES	0	KEYBOARD	774	-999	P	1726
1269989713157	0	RECOG_CR_PRES	0	KEYBOARD	774	-999	P	842
1269989714557	1	RECOG_FEEDBACK	0
1269989715340	0	RECOG_PRES	0	TURTLE	1522	-999	P	1019
1269989716732	0	RECOG_CR_PRES	0	TURTLE	1522	-999	P	641
1269989717724	1	RECOG_FEEDBACK	1
1269989718457	0	RECOG_PRES	0	BADGE	68	-999	P	1150
1269989719982	0	RECOG_CR_PRES	0	BADGE	68	-999	P	401
1269989720832	1	RECOG_FEEDBACK	1
1269989723365	0	REST
1269989724404	1	REC_START
1269989724440	0	RECOG_PRES	1	NAVIGATOR	938	-999	P	1271
1269989726081	0	RECOG_CR_PRES	1	NAVIGATOR	938	-999	P	526
1269989727073	1	RECOG_FEEDBACK	1
1269989727806	0	RECOG_PRES	1	DINER	467	-999	P	1210
1269989729389	0	RECOG_CR_PRES	1	DINER	467	-999	P	474
1269989730331	1	RECOG_FEEDBACK	1
1269989731131	0	RECOG_PRES	1	CYCLONE	431	-999	P	1700
1269989733197	0	RECOG_CR_PRES	1	CYCLONE	431	-999	P	650
1269989734439	1	RECOG_FEEDBACK	0
1269989735231	0	RECOG_PRES	1	HUMAN	726	-999	P	952
1269989736556	0	RECOG_CR_PRES	1	HUMAN	726	-999	P	640
1269989737622	1	RECOG_FEEDBACK	1
1269989738380	0	RECOG_PRES	1	CANVAS	234	-999	P	1451
1269989740205	0	RECOG_CR_PRES	1	CANVAS	234	-999	P	570
1269989741264	1	RECOG_FEEDBACK	1
1269989742063	0	RECOG_PRES	1	FRIEND	606	-999	P	1152
1269989743588	0	RECOG_CR_PRES	1	FRIEND	606	-999	P	483
1269989744513	1	RECOG_FEEDBACK	1
1269989745230	0	RECOG_PRES	1	MILDEW	893	-999	P	1201
1269989746796	0	RECOG_CR_PRES	1	MILDEW	893	-999	P	515
1269989747746	1	RECOG_FEEDBACK	1
1269989748480	0	RECOG_PRES	1	PEN	1041	-999	P	1855
1269989750704	0	RECOG_CR_PRES	1	PEN	1041	-999	P	641
1269989751954	1	RECOG_FEEDBACK	0
1269989752738	0	RECOG_PRES	1	FLESH	579	-999	P	1381
1269989754487	0	RECOG_CR_PRES	1	FLESH	579	-999	P	560
1269989755479	1	RECOG_FEEDBACK	0
1269989756196	0	RECOG_PRES	1	AIRPLANE	12	-999	P	1147
1269989757712	0	RECOG_CR_PRES	1	AIRPLANE	12	-999	P	511
1269989758654	1	RECOG_FEEDBACK	1
1269989759395	0	RECOG_PRES	1	ENCYCLOPEDIA	533	-999	P	1436
1269989761204	0	RECOG_CR_PRES	1	ENCYCLOPEDIA	533	-999	P	611
1269989762154	1	RECOG_FEEDBACK	1
1269989762904	0	RECOG_PRES	1	NEWSPAPER	948	-999	P	1471
1269989764745	0	RECOG_CR_PRES	1	NEWSPAPER	948	-999	P	510
1269989765695	1	RECOG_FEEDBACK	0
1269989766462	0	RECOG_PRES	1	HAMMER	680	-999	P	1081
1269989767912	0	RECOG_CR_PRES	1	HAMMER	680	-999	P	503
1269989768811	1	RECOG_FEEDBACK	1
1269989769570	0	RECOG_PRES	1	PUDDLE	1140	-999	P	1813
1269989771761	0	RECOG_CR_PRES	1	PUDDLE	1140	-999	P	398
1269989772686	1	RECOG_FEEDBACK	1
1269989773478	0	RECOG_PRES	1	JURY	766	-999	P	1353
1269989775203	0	RECOG_CR_PRES	1	JURY	766	-999	P	700
1269989776378	1	RECOG_FEEDBACK	1
1269989777144	0	RECOG_PRES	1	CAVITY	264	-999	P	1143
1269989778661	0	RECOG_CR_PRES	1	CAVITY	264	-999	P	634
1269989779744	1	RECOG_FEEDBACK	1
1269989780494	0	RECOG_PRES	1	HAWK	692	-999	P	1825
1269989782685	0	RECOG_CR_PRES	1	HAWK	692	-999	P	651
1269989783985	1	RECOG_FEEDBACK	1
1269989784744	0	RECOG_PRES	1	FIGHTER	564	-999	P	991
1269989786110	0	RECOG_CR_PRES	1	FIGHTER	564	-999	P	513
1269989787019	1	RECOG_FEEDBACK	1
1269989787768	0	RECOG_PRES	1	PILL	1068	-999	P	959
1269989789102	0	RECOG_CR_PRES	1	PILL	1068	-999	P	537
1269989790003	1	RECOG_FEEDBACK	1
1269989790810	0	RECOG_PRES	1	DOCTOR	478	-999	P	1613
1269989792793	0	RECOG_CR_PRES	1	DOCTOR	478	-999	P	494
1269989793860	1	RECOG_FEEDBACK	1
1269989796051	0	REST
1269989797064	1	REC_START
1269989797101	0	RECOG_PRES	2	INDIAN	736	-999	P	1418
1269989798893	0	RECOG_CR_PRES	2	INDIAN	736	-999	P	506
1269989799901	1	RECOG_FEEDBACK	1
1269989800676	0	RECOG_PRES	2	POLE	1097	-999	P	1211
1269989802259	0	RECOG_CR_PRES	2	POLE	1097	-999	P	452
1269989803167	1	RECOG_FEEDBACK	1
1269989803959	0	RECOG_PRES	2	DAM	436	-999	P	1440
1269989805775	0	RECOG_CR_PRES	2	DAM	436	-999	P	816
1269989807117	1	RECOG_FEEDBACK	1
1269989807867	0	RECOG_PRES	2	RASPBERRY	1168	-999	P	1060
1269989809300	0	RECOG_CR_PRES	2	RASPBERRY	1168	-999	P	579
1269989810325	1	RECOG_FEEDBACK	1
1269989811042	0	RECOG_PRES	2	OUTLAW	989	-999	P	1229
1269989812641	0	RECOG_CR_PRES	2	OUTLAW	989	-999	P	574
1269989813675	1	RECOG_FEEDBACK	1
1269989814416	0	RECOG_PRES	2	CALENDAR	221	-999	P	2911
1269989817699	0	RECOG_CR_PRES	2	CALENDAR	221	-999	P	572
1269989818683	1	RECOG_FEEDBACK	1
1269989819424	0	RECOG_PRES	2	APE	31	-999	P	3127
1269989822924	0	RECOG_CR_PRES	2	APE	31	-999	P	531
1269989823849	1	RECOG_FEEDBACK	1
1269989824657	0	RECOG_PRES	2	CHECK	284	-999	P	1726
1269989826757	0	RECOG_CR_PRES	2	CHECK	284	-999	P	786
1269989828074	1	RECOG_FEEDBACK	1
1269989828865	0	RECOG_PRES	2	BEAKER	104	-999	P	1350
1269989830590	0	RECOG_CR_PRES	2	BEAKER	104	-999	P	426
1269989831490	1	RECOG_FEEDBACK	1
1269989832298	0	RECOG_PRES	2	SHOVEL	1295	-999	P	1285
1269989833957	0	RECOG_CR_PRES	2	SHOVEL	1295	-999	P	602
1269989835023	1	RECOG_FEEDBACK	0
1269989835773	0	RECOG_PRES	2	SHRINE	1298	-999	P	1346
1269989837490	0	RECOG_CR_PRES	2	SHRINE	1298	-999	P	526
1269989838456	1	RECOG_FEEDBACK	1
1269989839198	0	RECOG_PRES	2	SUPPER	1411	-999	P	1441
1269989841007	0	RECOG_CR_PRES	2	SUPPER	1411	-999	P	624
1269989842106	1	RECOG_FEEDBACK	1
1269989842923	0	RECOG_PRES	2	BIBLE	124	-999	P	1236
1269989844522	0	RECOG_CR_PRES	2	BIBLE	124	-999	P	605
1269989845614	1	RECOG_FEEDBACK	1
1269989846331	0	RECOG_PRES	2	SAPPHIRE	1234	-999	P	1580
1269989848281	0	RECOG_CR_PRES	2	SAPPHIRE	1234	-999	P	558
1269989849372	1	RECOG_FEEDBACK	1
1269989850139	0	RECOG_PRES	2	ATLAS	53	-999	P	1668
1269989852180	0	RECOG_CR_PRES	2	ATLAS	53	-999	P	579
1269989853322	1	RECOG_FEEDBACK	0
1269989854122	0	RECOG_PRES	2	PENNY	1045	-999	P	1301
1269989855797	0	RECOG_CR_PRES	2	PENNY	1045	-999	P	570
1269989856797	1	RECOG_FEEDBACK	1
1269989857530	0	RECOG_PRES	2	MASK	876	-999	P	1605
1269989859505	0	RECOG_CR_PRES	2	MASK	876	-999	P	638
1269989860655	1	RECOG_FEEDBACK	1
1269989861430	0	RECOG_PRES	2	PORK	1108	-999	P	1865
1269989863671	0	RECOG_CR_PRES	2	PORK	1108	-999	P	592
1269989864821	1	RECOG_FEEDBACK	1
1269989865538	0	RECOG_PRES	2	WITNESS	1618	-999	P	1965
1269989867879	0	RECOG_CR_PRES	2	WITNESS	1618	-999	P	1040
1269989869529	1	RECOG_FEEDBACK	1
1269989870262	0	RECOG_PRES	2	WATER	1594	-999	P	2321
1269989872954	0	RECOG_CR_PRES	2	WATER	1594	-999	P	597
1269989874212	1	RECOG_FEEDBACK	1
1269989876345	0	REST
1269989877243	1	REC_START
1269989877278	0	RECOG_PRES	3	CANDY	230	-999	P	1081
1269989878728	0	RECOG_CR_PRES	3	CANDY	230	-999	P	447
1269989879595	1	RECOG_FEEDBACK	1
1269989880320	0	RECOG_PRES	3	NEST	945	-999	P	959
1269989881653	0	RECOG_CR_PRES	3	NEST	945	-999	P	578
1269989882603	1	RECOG_FEEDBACK	1
1269989883345	0	RECOG_PRES	3	AUTHOR	61	-999	P	1446
1269989885161	0	RECOG_CR_PRES	3	AUTHOR	61	-999	P	446
1269989886136	1	RECOG_FEEDBACK	1
1269989886936	0	RECOG_PRES	3	FUNGUS	614	-999	P	1991
1269989889302	0	RECOG_CR_PRES	3	FUNGUS	614	-999	P	497
1269989890419	1	RECOG_FEEDBACK	1
1269989891227	0	RECOG_PRES	3	SLEEVE	1324	-999	P	1596
1269989893185	0	RECOG_CR_PRES	3	SLEEVE	1324	-999	P	566
1269989894302	1	RECOG_FEEDBACK	1
1269989895044	0	RECOG_PRES	3	PRINCE	1124	-999	P	1866
1269989897310	0	RECOG_CR_PRES	3	PRINCE	1124	-999	P	753
1269989898643	1	RECOG_FEEDBACK	1
1269989899418	0	RECOG_PRES	3	COLUMN	350	-999	P	1677
1269989901468	0	RECOG_CR_PRES	3	COLUMN	350	-999	P	859
1269989902868	1	RECOG_FEEDBACK	1
1269989903643	0	RECOG_PRES	3	SPINACH	1352	-999	P	1356
1269989905368	0	RECOG_CR_PRES	3	SPINACH	1352	-999	P	695
1269989906526	1	RECOG_FEEDBACK	1
1269989907284	0	RECOG_PRES	3	LUNCH	849	-999	P	1539
1269989909193	0	RECOG_CR_PRES	3	LUNCH	849	-999	P	606
1269989910293	1	RECOG_FEEDBACK	1
1269989911084	0	RECOG_PRES	3	SURVEY	1414	-999	P	1555
1269989913002	0	RECOG_CR_PRES	3	SURVEY	1414	-999	P	485
1269989913992	1	RECOG_FEEDBACK	1
1269989914717	0	RECOG_PRES	3	LIMOUSINE	824	-999	P	1402
1269989916492	0	RECOG_CR_PRES	3	LIMOUSINE	824	-999	P	635
1269989917600	1	RECOG_FEEDBACK	1
1269989918317	0	RECOG_PRES	3	INTESTINE	742	-999	P	1746
1269989920433	0	RECOG_CR_PRES	3	INTESTINE	742	-999	P	1054
1269989922033	1	RECOG_FEEDBACK	1
1269989922750	0	RECOG_PRES	3	INFANT	737	-999	P	1577
1269989924691	0	RECOG_CR_PRES	3	INFANT	737	-999	P	580
1269989925800	1	RECOG_FEEDBACK	1
1269989926541	0	RECOG_PRES	3	CLOCK	325	-999	P	1346
1269989928258	0	RECOG_CR_PRES	3	CLOCK	325	-999	P	642
1269989929408	1	RECOG_FEEDBACK	1
1269989930158	0	RECOG_PRES	3	YARD	1630	-999	P	1569
1269989932099	0	RECOG_CR_PRES	3	YARD	1630	-999	P	692
1269989933341	1	RECOG_FEEDBACK	1
1269989934091	0	RECOG_PRES	3	FURNITURE	616	-999	P	1580
1269989936041	0	RECOG_CR_PRES	3	FURNITURE	616	-999	P	614
1269989937157	1	RECOG_FEEDBACK	1
1269989937899	0	RECOG_PRES	3	FARM	552	-999	P	1316
1269989939590	0	RECOG_CR_PRES	3	FARM	552	-999	P	641
1269989940690	1	RECOG_FEEDBACK	1
1269989941457	0	RECOG_PRES	3	GAVEL	627	-999	P	1230
1269989943057	0	RECOG_CR_PRES	3	GAVEL	627	-999	P	382
1269989943915	1	RECOG_FEEDBACK	1
1269989944657	0	RECOG_PRES	3	WHEAT	1602	-999	P	1351
1269989946382	0	RECOG_CR_PRES	3	WHEAT	1602	-999	P	617
1269989947473	1	RECOG_FEEDBACK	1
1269989948273	0	RECOG_PRES	3	COURT	391	-999	P	1406
1269989950048	0	RECOG_CR_PRES	3	COURT	391	-999	P	591
1269989951131	1	RECOG_FEEDBACK	1
1269989955089	0	REST
1269989956240	1	REC_START
1269989956281	0	RECOG_PRES	4	PERISCOPE	1050	-999	P	1070
1269989957722	0	RECOG_CR_PRES	4	PERISCOPE	1050	-999	P	517
1269989958664	1	RECOG_FEEDBACK	1
1269989959431	0	RECOG_PRES	4	ROBBER	1197	-999	P	1432
1269989961239	0	RECOG_CR_PRES	4	ROBBER	1197	-999	P	800
1269989962564	1	RECOG_FEEDBACK	1
1269989963355	0	RECOG_PRES	4	PATROL	1027	-999	P	1148
1269989964863	0	RECOG_CR_PRES	4	PATROL	1027	-999	P	600
1269989965938	1	RECOG_FEEDBACK	1
1269989966738	0	RECOG_PRES	4	PELT	1040	-999	P	1189
1269989968297	0	RECOG_CR_PRES	4	PELT	1040	-999	P	590
1269989969372	1	RECOG_FEEDBACK	1
1269989970155	0	RECOG_PRES	4	BROOK	177	-999	P	1340
1269989971871	0	RECOG_CR_PRES	4	BROOK	177	-999	P	488
1269989972863	1	RECOG_FEEDBACK	1
1269989973588	0	RECOG_PRES	4	SQUID	1361	-999	P	1219
1269989975179	0	RECOG_CR_PRES	4	SQUID	1361	-999	P	620
1269989976288	1	RECOG_FEEDBACK	1
1269989977014	0	RECOG_PRES	4	PARENT	1013	-999	P	2417
1269989979804	0	RECOG_CR_PRES	4	PARENT	1013	-999	P	641
1269989981187	1	RECOG_FEEDBACK	0
1269989981962	0	RECOG_PRES	4	WALRUS	1585	-999	P	957
1269989983295	0	RECOG_CR_PRES	4	WALRUS	1585	-999	P	488
1269989984154	1	RECOG_FEEDBACK	1
1269989984937	0	RECOG_PRES	4	EXPERT	543	-999	P	1054
1269989986362	0	RECOG_CR_PRES	4	EXPERT	543	-999	P	642
1269989987453	1	RECOG_FEEDBACK	1
1269989988220	0	RECOG_PRES	4	CARD	243	-999	P	1123
1269989989720	0	RECOG_CR_PRES	4	CARD	243	-999	P	575
1269989990720	1	RECOG_FEEDBACK	1
1269989991445	0	RECOG_PRES	4	KEG	770	-999	P	1098
1269989992911	0	RECOG_CR_PRES	4	KEG	770	-999	P	792
1269989994145	1	RECOG_FEEDBACK	1
1269989994895	0	RECOG_PRES	4	BUTTER	205	-999	P	1448
1269989996719	0	RECOG_CR_PRES	4	BUTTER	205	-999	P	680
1269989997894	1	RECOG_FEEDBACK	1
1269989998686	0	RECOG_PRES	4	FLUTE	585	-999	P	1137
1269990000194	0	RECOG_CR_PRES	4	FLUTE	585	-999	P	589
1269990001219	1	RECOG_FEEDBACK	1
1269990002012	0	RECOG_PRES	4	BALLOON	75	-999	P	1219
1269990003602	0	RECOG_CR_PRES	4	BALLOON	75	-999	P	701
1269990004760	1	RECOG_FEEDBACK	1
1269990005527	0	RECOG_PRES	4	VIRUS	1572	-999	P	1184
1269990007085	0	RECOG_CR_PRES	4	VIRUS	1572	-999	P	722
1269990008260	1	RECOG_FEEDBACK	1
1269990009027	0	RECOG_PRES	4	GOVERNOR	651	-999	P	1340
1269990010743	0	RECOG_CR_PRES	4	GOVERNOR	651	-999	P	432
1269990011552	1	RECOG_FEEDBACK	1
1269990012293	0	RECOG_PRES	4	QUILL	1150	-999	P	1178
1269990013843	0	RECOG_CR_PRES	4	QUILL	1150	-999	P	372
1269990014660	1	RECOG_FEEDBACK	1
1269990015393	0	RECOG_PRES	4	SWIMMER	1420	-999	P	1038
1269990016801	0	RECOG_CR_PRES	4	SWIMMER	1420	-999	P	566
1269990017785	1	RECOG_FEEDBACK	1
1269990018551	0	RECOG_PRES	4	BINDER	127	-999	P	1024
1269990019951	0	RECOG_CR_PRES	4	BINDER	127	-999	P	488
1269990020876	1	RECOG_FEEDBACK	0
1269990021643	0	RECOG_PRES	4	PATRIOT	1026	-999	P	964
1269990022976	0	RECOG_CR_PRES	4	PATRIOT	1026	-999	P	527
1269990023901	1	RECOG_FEEDBACK	1
1269990026034	0	REST
1269990027032	1	REC_START
1269990027067	0	RECOG_PRES	5	PORCH	1106	-999	P	941
1269990028375	0	RECOG_CR_PRES	5	PORCH	1106	-999	P	400
1269990029167	1	RECOG_FEEDBACK	1
1269990029959	0	RECOG_PRES	5	LUMBER	848	-999	P	1368
1269990031700	0	RECOG_CR_PRES	5	LUMBER	848	-999	P	547
1269990032775	1	RECOG_FEEDBACK	1
1269990033558	0	RECOG_PRES	5	BLADE	134	-999	P	1153
1269990035083	0	RECOG_CR_PRES	5	BLADE	134	-999	P	484
1269990036025	1	RECOG_FEEDBACK	0
1269990036825	0	RECOG_PRES	5	BUTCHER	203	-999	P	1062
1269990038258	0	RECOG_CR_PRES	5	BUTCHER	203	-999	P	501
1269990039191	1	RECOG_FEEDBACK	0
1269990039933	0	RECOG_PRES	5	WALLET	1583	-999	P	1274
1269990041574	0	RECOG_CR_PRES	5	WALLET	1583	-999	P	521
1269990042574	1	RECOG_FEEDBACK	0
1269990043299	0	RECOG_PRES	5	WAITER	1580	-999	P	3172
1269990046841	0	RECOG_CR_PRES	5	WAITER	1580	-999	P	534
1269990048091	1	RECOG_FEEDBACK	0
1269990048849	0	RECOG_PRES	5	PUPPY	1144	-999	P	1342
1269990050565	0	RECOG_CR_PRES	5	PUPPY	1144	-999	P	466
1269990051465	1	RECOG_FEEDBACK	1
1269990052215	0	RECOG_PRES	5	SHARK	1275	-999	P	1376
1269990053965	0	RECOG_CR_PRES	5	SHARK	1275	-999	P	370
1269990054823	1	RECOG_FEEDBACK	1
1269990055598	0	RECOG_PRES	5	MOP	916	-999	P	1345
1269990057315	0	RECOG_CR_PRES	5	MOP	916	-999	P	524
1269990058273	1	RECOG_FEEDBACK	0
1269990059007	0	RECOG_PRES	5	OBOE	969	-999	P	1120
1269990060498	0	RECOG_CR_PRES	5	OBOE	969	-999	P	621
1269990061523	1	RECOG_FEEDBACK	1
1269990062315	0	RECOG_PRES	5	LIBRARY	816	-999	P	1340
1269990064031	0	RECOG_CR_PRES	5	LIBRARY	816	-999	P	688
1269990065206	1	RECOG_FEEDBACK	1
1269990065923	0	RECOG_PRES	5	TEACHER	1440	-999	P	1188
1269990067481	0	RECOG_CR_PRES	5	TEACHER	1440	-999	P	638
1269990068564	1	RECOG_FEEDBACK	1
1269990069339	0	RECOG_PRES	5	MOUNTAIN	924	-999	P	1172
1269990070889	0	RECOG_CR_PRES	5	MOUNTAIN	924	-999	P	542
1269990071889	1	RECOG_FEEDBACK	0
1269990072672	0	RECOG_PRES	5	CANOE	233	-999	P	983
1269990074030	0	RECOG_CR_PRES	5	CANOE	233	-999	P	513
1269990074955	1	RECOG_FEEDBACK	1
1269990075672	0	RECOG_PRES	5	KNIGHT	786	-999	P	1023
1269990077063	0	RECOG_CR_PRES	5	KNIGHT	786	-999	P	496
1269990077955	1	RECOG_FEEDBACK	0
1269990078730	0	RECOG_PRES	5	STAR	1373	-999	P	2173
1269990081280	0	RECOG_CR_PRES	5	STAR	1373	-999	P	535
1269990082405	1	RECOG_FEEDBACK	0
1269990083171	0	RECOG_PRES	5	NET	946	-999	P	1619
1269990085171	0	RECOG_CR_PRES	5	NET	946	-999	P	916
1269990086596	1	RECOG_FEEDBACK	1
1269990087329	0	RECOG_PRES	5	BASKET	95	-999	P	1334
1269990089038	0	RECOG_CR_PRES	5	BASKET	95	-999	P	513
1269990089979	1	RECOG_FEEDBACK	1
1269990090754	0	RECOG_PRES	5	REPTILE	1185	-999	P	1205
1269990092329	0	RECOG_CR_PRES	5	REPTILE	1185	-999	P	534
1269990093312	1	RECOG_FEEDBACK	1
1269990094070	0	RECOG_PRES	5	SWAMP	1416	-999	P	1409
1269990095854	0	RECOG_CR_PRES	5	SWAMP	1416	-999	P	449
1269990096804	1	RECOG_FEEDBACK	1
1269990104528	0	REST
1269990105620	1	REC_START
1269990105653	0	RECOG_PRES	6	CARTON	251	-999	P	1074
1269990107103	0	RECOG_CR_PRES	6	CARTON	251	-999	P	384
1269990107886	1	RECOG_FEEDBACK	1
1269990108669	0	RECOG_PRES	6	DOUGH	489	-999	P	1290
1269990110328	0	RECOG_CR_PRES	6	DOUGH	489	-999	P	487
1269990111278	1	RECOG_FEEDBACK	1
1269990111994	0	RECOG_PRES	6	REEF	1177	-999	P	1405
1269990113769	0	RECOG_CR_PRES	6	REEF	1177	-999	P	734
1269990114986	1	RECOG_FEEDBACK	1
1269990115744	0	RECOG_PRES	6	HELICOPTER	701	-999	P	1247
1269990117360	0	RECOG_CR_PRES	6	HELICOPTER	701	-999	P	679
1269990118502	1	RECOG_FEEDBACK	1
1269990119235	0	RECOG_PRES	6	SLOPE	1328	-999	P	1260
1269990120868	0	RECOG_CR_PRES	6	SLOPE	1328	-999	P	547
1269990121852	1	RECOG_FEEDBACK	1
1269990122652	0	RECOG_PRES	6	RAILROAD	1162	-999	P	1259
1269990124285	0	RECOG_CR_PRES	6	RAILROAD	1162	-999	P	426
1269990125176	1	RECOG_FEEDBACK	1
1269990125893	0	RECOG_PRES	6	BRANDY	169	-999	P	1250
1269990127518	0	RECOG_CR_PRES	6	BRANDY	169	-999	P	585
1269990128543	1	RECOG_FEEDBACK	1
1269990129326	0	RECOG_PRES	6	WHISKERS	1605	-999	P	1441
1269990131134	0	RECOG_CR_PRES	6	WHISKERS	1605	-999	P	561
1269990132209	1	RECOG_FEEDBACK	1
1269990132984	0	RECOG_PRES	6	PEAR	1033	-999	P	1623
1269990134967	0	RECOG_CR_PRES	6	PEAR	1033	-999	P	944
1269990136434	1	RECOG_FEEDBACK	1
1269990137201	0	RECOG_PRES	6	DYNAMITE	511	-999	P	1470
1269990139042	0	RECOG_CR_PRES	6	DYNAMITE	511	-999	P	641
1269990140234	1	RECOG_FEEDBACK	1
1269990141001	0	RECOG_PRES	6	WASP	1593	-999	P	1430
1269990142800	0	RECOG_CR_PRES	6	WASP	1593	-999	P	327
1269990143600	1	RECOG_FEEDBACK	1
1269990144358	0	RECOG_PRES	6	DISH	474	-999	P	1073
1269990145800	0	RECOG_CR_PRES	6	DISH	474	-999	P	487
1269990146717	1	RECOG_FEEDBACK	1
1269990147458	0	RECOG_PRES	6	FILM	565	-999	P	1317
1269990149141	0	RECOG_CR_PRES	6	FILM	565	-999	P	394
1269990150009	1	RECOG_FEEDBACK	1
1269990150775	0	RECOG_PRES	6	ASIA	46	-999	P	1304
1269990152449	0	RECOG_CR_PRES	6	ASIA	46	-999	P	742
1269990153666	1	RECOG_FEEDBACK	1
1269990154408	0	RECOG_PRES	6	VENT	1556	-999	P	1063
1269990155841	0	RECOG_CR_PRES	6	VENT	1556	-999	P	478
1269990156758	1	RECOG_FEEDBACK	1
1269990157474	0	RECOG_PRES	6	SCAPEGOAT	1244	-999	P	1005
1269990158849	0	RECOG_CR_PRES	6	SCAPEGOAT	1244	-999	P	534
1269990159799	1	RECOG_FEEDBACK	1
1269990160607	0	RECOG_PRES	6	DIAPER	459	-999	P	1144
1269990162115	0	RECOG_CR_PRES	6	DIAPER	459	-999	P	476
1269990163074	1	RECOG_FEEDBACK	1
1269990163874	0	RECOG_PRES	6	PIER	1063	-999	P	1053
1269990165299	0	RECOG_CR_PRES	6	PIER	1063	-999	P	580
1269990166315	1	RECOG_FEEDBACK	1
1269990167040	0	RECOG_PRES	6	GULL	671	-999	P	1215
1269990168623	0	RECOG_CR_PRES	6	GULL	671	-999	P	624
1269990169707	1	RECOG_FEEDBACK	0
1269990170431	0	RECOG_PRES	6	VELVET	1555	-999	P	1512
1269990172315	0	RECOG_CR_PRES	6	VELVET	1555	-999	P	484
1269990173281	1	RECOG_FEEDBACK	1
1269990175665	0	REST
1269990176540	1	REC_START
1269990176573	0	RECOG_PRES	7	BUG	187	-999	P	1162
1269990178106	0	RECOG_CR_PRES	7	BUG	187	-999	P	421
1269990178981	1	RECOG_FEEDBACK	1
1269990179731	0	RECOG_PRES	7	KNEE	784	-999	P	1012
1269990181114	0	RECOG_CR_PRES	7	KNEE	784	-999	P	469
1269990181997	1	RECOG_FEEDBACK	1
1269990182739	0	RECOG_PRES	7	CUSTOMER	430	-999	P	852
1269990183964	0	RECOG_CR_PRES	7	CUSTOMER	430	-999	P	451
1269990184855	1	RECOG_FEEDBACK	1
1269990185639	0	RECOG_PRES	7	GAUZE	626	-999	P	1088
1269990187097	0	RECOG_CR_PRES	7	GAUZE	626	-999	P	398
1269990187913	1	RECOG_FEEDBACK	1
1269990188647	0	RECOG_PRES	7	GRASSHOPPER	656	-999	P	1160
1269990190180	0	RECOG_CR_PRES	7	GRASSHOPPER	656	-999	P	923
1269990191563	1	RECOG_FEEDBACK	1
1269990192355	0	RECOG_PRES	7	LIEUTENANT	818	-999	P	1004
1269990193730	0	RECOG_CR_PRES	7	LIEUTENANT	818	-999	P	453
1269990194630	1	RECOG_FEEDBACK	1
1269990195430	0	RECOG_PRES	7	STEAM	1375	-999	P	945
1269990196746	0	RECOG_CR_PRES	7	STEAM	1375	-999	P	557
1269990197729	1	RECOG_FEEDBACK	1
1269990198529	0	RECOG_PRES	7	BATHROOM	99	-999	P	1262
1269990200163	0	RECOG_CR_PRES	7	BATHROOM	99	-999	P	348
1269990201021	1	RECOG_FEEDBACK	0
1269990201796	0	RECOG_PRES	7	BALLERINA	74	-999	P	1251
1269990203421	0	RECOG_CR_PRES	7	BALLERINA	74	-999	P	410
1269990204321	1	RECOG_FEEDBACK	1
1269990205046	0	RECOG_PRES	7	BRIDGE	174	-999	P	841
1269990206262	0	RECOG_CR_PRES	7	BRIDGE	174	-999	P	433
1269990207095	1	RECOG_FEEDBACK	1
1269990207895	0	RECOG_PRES	7	MUSHROOM	934	-999	P	920
1269990209187	0	RECOG_CR_PRES	7	MUSHROOM	934	-999	P	452
1269990210062	1	RECOG_FEEDBACK	1
1269990210853	0	RECOG_PRES	7	DILL	465	-999	P	1098
1269990212320	0	RECOG_CR_PRES	7	DILL	465	-999	P	367
1269990213145	1	RECOG_FEEDBACK	1
1269990213870	0	RECOG_PRES	7	CAMEL	223	-999	P	993
1269990215236	0	RECOG_CR_PRES	7	CAMEL	223	-999	P	587
1269990216245	1	RECOG_FEEDBACK	1
1269990216970	0	RECOG_PRES	7	PAVEMENT	1028	-999	P	1005
1269990218345	0	RECOG_CR_PRES	7	PAVEMENT	1028	-999	P	606
1269990219361	1	RECOG_FEEDBACK	1
1269990220161	0	RECOG_PRES	7	HEDGE	699	-999	P	1134
1269990221669	0	RECOG_CR_PRES	7	HEDGE	699	-999	P	514
1269990222644	1	RECOG_FEEDBACK	1
1269990223436	0	RECOG_PRES	7	GORILLA	650	-999	P	1195
1269990225003	0	RECOG_CR_PRES	7	GORILLA	650	-999	P	620
1269990226102	1	RECOG_FEEDBACK	1
1269990226886	0	RECOG_PRES	7	NOTE	958	-999	P	1217
1269990228477	0	RECOG_CR_PRES	7	NOTE	958	-999	P	442
1269990229377	1	RECOG_FEEDBACK	1
1269990230160	0	RECOG_PRES	7	GOO	648	-999	P	1095
1269990231627	0	RECOG_CR_PRES	7	GOO	648	-999	P	532
1269990232593	1	RECOG_FEEDBACK	1
1269990233393	0	RECOG_PRES	7	STAIRS	1367	-999	P	1222
1269990234985	0	RECOG_CR_PRES	7	STAIRS	1367	-999	P	422
1269990235885	1	RECOG_FEEDBACK	1
1269990236652	0	RECOG_PRES	7	STEM	1376	-999	P	1107
1269990238126	0	RECOG_CR_PRES	7	STEM	1376	-999	P	505
1269990239085	1	RECOG_FEEDBACK	1
1269990242676	0	REST
1269990243852	1	REC_START
1269990243884	0	RECOG_PRES	8	MILITARY	894	-999	P	1443
1269990245701	0	RECOG_CR_PRES	8	MILITARY	894	-999	P	762
1269990247002	1	RECOG_FEEDBACK	1
1269990247809	0	RECOG_PRES	8	ELEVATOR	524	-999	P	1150
1269990249334	0	RECOG_CR_PRES	8	ELEVATOR	524	-999	P	313
1269990250101	1	RECOG_FEEDBACK	0
1269990250825	0	RECOG_PRES	8	WORKER	1621	-999	P	1038
1269990252225	0	RECOG_CR_PRES	8	WORKER	1621	-999	P	494
1269990253125	1	RECOG_FEEDBACK	1
1269990253909	0	RECOG_PRES	8	CABBAGE	210	-999	P	1130
1269990255408	0	RECOG_CR_PRES	8	CABBAGE	210	-999	P	551
1269990256425	1	RECOG_FEEDBACK	0
1269990257183	0	RECOG_PRES	8	PEACH	1031	-999	P	1176
1269990258733	0	RECOG_CR_PRES	8	PEACH	1031	-999	P	402
1269990259600	1	RECOG_FEEDBACK	1
1269990260341	0	RECOG_PRES	8	DISHWASHER	475	-999	P	1138
1269990261850	0	RECOG_CR_PRES	8	DISHWASHER	475	-999	P	2557
1269990264849	1	RECOG_FEEDBACK	1
1269990265599	0	RECOG_PRES	8	PIANO	1057	-999	P	792
1269990266766	0	RECOG_CR_PRES	8	PIANO	1057	-999	P	641
1269990267782	1	RECOG_FEEDBACK	1
1269990268574	0	RECOG_PRES	8	JEEP	753	-999	P	897
1269990269832	0	RECOG_CR_PRES	8	JEEP	753	-999	P	650
1269990270907	1	RECOG_FEEDBACK	1
1269990271691	0	RECOG_PRES	8	WITCH	1617	-999	P	1148
1269990273215	0	RECOG_CR_PRES	8	WITCH	1617	-999	P	608
1269990274307	1	RECOG_FEEDBACK	1
1269990275065	0	RECOG_PRES	8	WHISTLE	1606	-999	P	1070
1269990276507	0	RECOG_CR_PRES	8	WHISTLE	1606	-999	P	572
1269990277532	1	RECOG_FEEDBACK	0
1269990278248	0	RECOG_PRES	8	PANTHER	1009	-999	P	1023
1269990279640	0	RECOG_CR_PRES	8	PANTHER	1009	-999	P	639
1269990280690	1	RECOG_FEEDBACK	0
1269990281423	0	RECOG_PRES	8	NOTEBOOK	959	-999	P	1056
1269990282848	0	RECOG_CR_PRES	8	NOTEBOOK	959	-999	P	735
1269990284007	1	RECOG_FEEDBACK	0
1269990284798	0	RECOG_PRES	8	YOLK	1633	-999	P	1001
1269990286173	0	RECOG_CR_PRES	8	YOLK	1633	-999	P	641
1269990287273	1	RECOG_FEEDBACK	1
1269990288056	0	RECOG_PRES	8	SALT	1229	-999	P	1111
1269990289539	0	RECOG_CR_PRES	8	SALT	1229	-999	P	444
1269990290414	1	RECOG_FEEDBACK	1
1269990291164	0	RECOG_PRES	8	EDITORIAL	517	-999	P	1443
1269990292981	0	RECOG_CR_PRES	8	EDITORIAL	517	-999	P	562
1269990294072	1	RECOG_FEEDBACK	1
1269990294872	0	RECOG_PRES	8	SWEATER	1419	-999	P	1695
1269990296939	0	RECOG_CR_PRES	8	SWEATER	1419	-999	P	620
1269990298122	1	RECOG_FEEDBACK	1
1269990298897	0	RECOG_PRES	8	HINGE	709	-999	P	1294
1269990300563	0	RECOG_CR_PRES	8	HINGE	709	-999	P	641
1269990301680	1	RECOG_FEEDBACK	1
1269990302447	0	RECOG_PRES	8	CONTAINER	366	-999	P	1312
1269990304130	0	RECOG_CR_PRES	8	CONTAINER	366	-999	P	637
1269990305230	1	RECOG_FEEDBACK	1
1269990306006	0	RECOG_PRES	8	STOVE	1388	-999	P	1121
1269990307496	0	RECOG_CR_PRES	8	STOVE	1388	-999	P	559
1269990308496	1	RECOG_FEEDBACK	1
1269990309304	0	RECOG_PRES	8	FIST	572	-999	P	1135
1269990310813	0	RECOG_CR_PRES	8	FIST	572	-999	P	634
1269990311888	1	RECOG_FEEDBACK	1
1269990314021	0	REST
1269990315007	1	REC_START
1269990315037	0	RECOG_PRES	9	CRAYON	401	-999	P	1026
1269990316437	0	RECOG_CR_PRES	9	CRAYON	401	-999	P	538
1269990317379	1	RECOG_FEEDBACK	1
1269990318187	0	RECOG_PRES	9	THICKET	1455	-999	P	1196
1269990319754	0	RECOG_CR_PRES	9	THICKET	1455	-999	P	741
1269990320987	1	RECOG_FEEDBACK	1
1269990321803	0	RECOG_PRES	9	MANAGER	863	-999	P	1252
1269990323428	0	RECOG_CR_PRES	9	MANAGER	863	-999	P	531
1269990324445	1	RECOG_FEEDBACK	0
1269990325162	0	RECOG_PRES	9	MILK	895	-999	P	1389
1269990326911	0	RECOG_CR_PRES	9	MILK	895	-999	P	600
1269990328020	1	RECOG_FEEDBACK	1
1269990328786	0	RECOG_PRES	9	REGISTER	1180	-999	P	2013
1269990331169	0	RECOG_CR_PRES	9	REGISTER	1180	-999	P	462
1269990332269	1	RECOG_FEEDBACK	0
1269990333019	0	RECOG_PRES	9	WRIST	1626	-999	P	1740
1269990335128	0	RECOG_CR_PRES	9	WRIST	1626	-999	P	471
1269990336177	1	RECOG_FEEDBACK	1
1269990336902	0	RECOG_PRES	9	DIRECTOR	471	-999	P	1209
1269990338486	0	RECOG_CR_PRES	9	DIRECTOR	471	-999	P	553
1269990339494	1	RECOG_FEEDBACK	0
1269990340260	0	RECOG_PRES	9	DISC	473	-999	P	1035
1269990341669	0	RECOG_CR_PRES	9	DISC	473	-999	P	642
1269990342727	1	RECOG_FEEDBACK	1
1269990343544	0	RECOG_PRES	9	SCIENTIST	1249	-999	P	1039
1269990344952	0	RECOG_CR_PRES	9	SCIENTIST	1249	-999	P	623
1269990346019	1	RECOG_FEEDBACK	1
1269990346760	0	RECOG_PRES	9	FRANCE	601	-999	P	1127
1269990348260	0	RECOG_CR_PRES	9	FRANCE	601	-999	P	579
1269990349285	1	RECOG_FEEDBACK	1
1269990350035	0	RECOG_PRES	9	GOOSE	649	-999	P	1452
1269990351860	0	RECOG_CR_PRES	9	GOOSE	649	-999	P	563
1269990352918	1	RECOG_FEEDBACK	1
1269990353718	0	RECOG_PRES	9	SLEIGH	1325	-999	P	3377
1269990357468	0	RECOG_CR_PRES	9	SLEIGH	1325	-999	P	555
1269990358892	1	RECOG_FEEDBACK	1
1269990359667	0	RECOG_PRES	9	SODA	1341	-999	P	1404
1269990361442	0	RECOG_CR_PRES	9	SODA	1341	-999	P	429
1269990362359	1	RECOG_FEEDBACK	1
1269990363100	0	RECOG_PRES	9	DUNGEON	507	-999	P	1219
1269990364692	0	RECOG_CR_PRES	9	DUNGEON	507	-999	P	459
1269990365575	1	RECOG_FEEDBACK	1
1269990366292	0	RECOG_PRES	9	PASSAGE	1019	-999	P	1283
1269990367950	0	RECOG_CR_PRES	9	PASSAGE	1019	-999	P	553
1269990368975	1	RECOG_FEEDBACK	1
1269990369783	0	RECOG_PRES	9	TWINE	1529	-999	P	1368
1269990371525	0	RECOG_CR_PRES	9	TWINE	1529	-999	P	674
1269990372716	1	RECOG_FEEDBACK	1
1269990373466	0	RECOG_PRES	9	DRIVER	499	-999	P	1917
1269990375758	0	RECOG_CR_PRES	9	DRIVER	499	-999	P	433
1269990376816	1	RECOG_FEEDBACK	1
1269990377583	0	RECOG_PRES	9	CUSTARD	429	-999	P	1568
1269990379524	0	RECOG_CR_PRES	9	CUSTARD	429	-999	P	555
1269990380607	1	RECOG_FEEDBACK	1
1269990381341	0	RECOG_PRES	9	VOLLEYBALL	1576	-999	P	1634
1269990383349	0	RECOG_CR_PRES	9	VOLLEYBALL	1576	-999	P	626
1269990384499	1	RECOG_FEEDBACK	1
1269990385290	0	RECOG_PRES	9	CASHEW	253	-999	P	1429
1269990387090	0	RECOG_CR_PRES	9	CASHEW	253	-999	P	509
1269990388082	1	RECOG_FEEDBACK	1
1269990391032	0	REST
1269990392173	1	REC_START
1269990392207	0	RECOG_PRES	10	ORCHESTRA	981	-999	P	1320
1269990393898	0	RECOG_CR_PRES	10	ORCHESTRA	981	-999	P	637
1269990394981	1	RECOG_FEEDBACK	1
1269990395765	0	RECOG_PRES	10	MOTEL	919	-999	P	930
1269990397065	0	RECOG_CR_PRES	10	MOTEL	919	-999	P	614
1269990398098	1	RECOG_FEEDBACK	1
1269990398881	0	RECOG_PRES	10	PELICAN	1039	-999	P	1398
1269990400648	0	RECOG_CR_PRES	10	PELICAN	1039	-999	P	543
1269990401698	1	RECOG_FEEDBACK	1
1269990402422	0	RECOG_PRES	10	BEVERAGE	123	-999	P	1073
1269990403864	0	RECOG_CR_PRES	10	BEVERAGE	123	-999	P	599
1269990404889	1	RECOG_FEEDBACK	1
1269990405631	0	RECOG_PRES	10	CONTRACT	368	-999	P	944
1269990406947	0	RECOG_CR_PRES	10	CONTRACT	368	-999	P	628
1269990407989	1	RECOG_FEEDBACK	1
1269990408772	0	RECOG_PRES	10	OCEAN	970	-999	P	1531
1269990410672	0	RECOG_CR_PRES	10	OCEAN	970	-999	P	391
1269990411613	1	RECOG_FEEDBACK	1
1269990412322	0	RECOG_PRES	10	PATIENT	1024	-999	P	1229
1269990413922	0	RECOG_CR_PRES	10	PATIENT	1024	-999	P	493
1269990414863	1	RECOG_FEEDBACK	1
1269990415613	0	RECOG_PRES	10	FISH	571	-999	P	1122
1269990417105	0	RECOG_CR_PRES	10	FISH	571	-999	P	566
1269990418130	1	RECOG_FEEDBACK	1
1269990418863	0	RECOG_PRES	10	KEEPER	769	-999	P	2088
1269990421321	0	RECOG_CR_PRES	10	KEEPER	769	-999	P	494
1269990422463	1	RECOG_FEEDBACK	1
1269990423204	0	RECOG_PRES	10	COURSE	390	-999	P	1507
1269990425087	0	RECOG_CR_PRES	10	COURSE	390	-999	P	632
1269990426221	1	RECOG_FEEDBACK	1
1269990426937	0	RECOG_PRES	10	SOFA	1342	-999	P	1550
1269990428862	0	RECOG_CR_PRES	10	SOFA	1342	-999	P	521
1269990429895	1	RECOG_FEEDBACK	1
1269990430662	0	RECOG_PRES	10	ROBIN	1199	-999	P	1449
1269990432487	0	RECOG_CR_PRES	10	ROBIN	1199	-999	P	608
1269990433628	1	RECOG_FEEDBACK	0
1269990434412	0	RECOG_PRES	10	CHIPMUNK	304	-999	P	1043
1269990435828	0	RECOG_CR_PRES	10	CHIPMUNK	304	-999	P	707
1269990436987	1	RECOG_FEEDBACK	1
1269990437703	0	RECOG_PRES	10	BUGGY	188	-999	P	1305
1269990439378	0	RECOG_CR_PRES	10	BUGGY	188	-999	P	605
1269990440453	1	RECOG_FEEDBACK	1
1269990441245	0	RECOG_PRES	10	BUN	197	-999	P	1474
1269990443094	0	RECOG_CR_PRES	10	BUN	197	-999	P	529
1269990444144	1	RECOG_FEEDBACK	1
1269990444928	0	RECOG_PRES	10	NICOTINE	951	-999	P	1663
1269990446961	0	RECOG_CR_PRES	10	NICOTINE	951	-999	P	358
1269990447869	1	RECOG_FEEDBACK	0
1269990448586	0	RECOG_PRES	10	HAND	683	-999	P	1669
1269990450627	0	RECOG_CR_PRES	10	HAND	683	-999	P	646
1269990451794	1	RECOG_FEEDBACK	1
1269990452594	0	RECOG_PRES	10	APPENDAGE	32	-999	P	1301
1269990454269	0	RECOG_CR_PRES	10	APPENDAGE	32	-999	P	370
1269990455110	1	RECOG_FEEDBACK	1
1269990455844	0	RECOG_PRES	10	TENT	1449	-999	P	1147
1269990457360	0	RECOG_CR_PRES	10	TENT	1449	-999	P	399
1269990458210	1	RECOG_FEEDBACK	1
1269990459019	0	RECOG_PRES	10	LIST	830	-999	P	989
1269990460376	0	RECOG_CR_PRES	10	LIST	830	-999	P	551
1269990461343	1	RECOG_FEEDBACK	1
1269990465435	0	REST
1269990466301	1	REC_START
1269990466334	0	RECOG_PRES	11	PEBBLE	1035	-999	P	1041
1269990467751	0	RECOG_CR_PRES	11	PEBBLE	1035	-999	P	360
1269990468484	1	RECOG_FEEDBACK	1
1269990469226	0	RECOG_PRES	11	CREEK	404	-999	P	973
1269990470567	0	RECOG_CR_PRES	11	CREEK	404	-999	P	488
1269990471451	1	RECOG_FEEDBACK	0
1269990472167	0	RECOG_PRES	11	LAMP	798	-999	P	1376
1269990473917	0	RECOG_CR_PRES	11	LAMP	798	-999	P	362
1269990474759	1	RECOG_FEEDBACK	1
1269990475559	0	RECOG_PRES	11	CLASS	318	-999	P	1104
1269990477034	0	RECOG_CR_PRES	11	CLASS	318	-999	P	589
1269990478050	1	RECOG_FEEDBACK	1
1269990478767	0	RECOG_PRES	11	VICTIM	1562	-999	P	1016
1269990480158	0	RECOG_CR_PRES	11	VICTIM	1562	-999	P	497
1269990481050	1	RECOG_FEEDBACK	1
1269990481842	0	RECOG_PRES	11	EMPIRE	530	-999	P	853
1269990483066	0	RECOG_CR_PRES	11	EMPIRE	530	-999	P	573
1269990484041	1	RECOG_FEEDBACK	1
1269990484758	0	RECOG_PRES	11	TOWEL	1489	-999	P	883
1269990486041	0	RECOG_CR_PRES	11	TOWEL	1489	-999	P	550
1269990486966	1	RECOG_FEEDBACK	1
1269990487683	0	RECOG_PRES	11	BIKE	125	-999	P	1316
1269990489374	0	RECOG_CR_PRES	11	BIKE	125	-999	P	2337
1269990492141	1	RECOG_FEEDBACK	1
1269990492857	0	RECOG_PRES	11	MAMMAL	861	-999	P	942
1269990494174	0	RECOG_CR_PRES	11	MAMMAL	861	-999	P	345
1269990494866	1	RECOG_FEEDBACK	1
1269990495674	0	RECOG_PRES	11	SHRUB	1299	-999	P	1069
1269990497115	0	RECOG_CR_PRES	11	SHRUB	1299	-999	P	468
1269990498016	1	RECOG_FEEDBACK	0
1269990498807	0	RECOG_PRES	11	OZONE	996	-999	P	1560
1269990500740	0	RECOG_CR_PRES	11	OZONE	996	-999	P	555
1269990501807	1	RECOG_FEEDBACK	1
1269990502582	0	RECOG_PRES	11	KITE	779	-999	P	1065
1269990504016	0	RECOG_CR_PRES	11	KITE	779	-999	P	535
1269990504965	1	RECOG_FEEDBACK	1
1269990505715	0	RECOG_PRES	11	CLIFF	322	-999	P	2564
1269990508648	0	RECOG_CR_PRES	11	CLIFF	322	-999	P	551
1269990509898	1	RECOG_FEEDBACK	0
1269990510639	0	RECOG_PRES	11	SPARROW	1347	-999	P	1120
1269990512131	0	RECOG_CR_PRES	11	SPARROW	1347	-999	P	404
1269990512914	1	RECOG_FEEDBACK	1
1269990513697	0	RECOG_PRES	11	SENATE	1267	-999	P	1270
1269990515339	0	RECOG_CR_PRES	11	SENATE	1267	-999	P	452
1269990516222	1	RECOG_FEEDBACK	1
1269990516931	0	RECOG_PRES	11	HAT	690	-999	P	1292
1269990518597	0	RECOG_CR_PRES	11	HAT	690	-999	P	562
1269990519597	1	RECOG_FEEDBACK	0
1269990520314	0	RECOG_PRES	11	JOKER	759	-999	P	1301
1269990521989	0	RECOG_CR_PRES	11	JOKER	759	-999	P	490
1269990522930	1	RECOG_FEEDBACK	1
1269990523705	0	RECOG_PRES	11	TOAST	1471	-999	P	1550
1269990525630	0	RECOG_CR_PRES	11	TOAST	1471	-999	P	625
1269990526755	1	RECOG_FEEDBACK	1
1269990527471	0	RECOG_PRES	11	BILL	126	-999	P	1288
1269990529121	0	RECOG_CR_PRES	11	BILL	126	-999	P	510
1269990530096	1	RECOG_FEEDBACK	1
1269990530871	0	RECOG_PRES	11	CHART	282	-999	P	1248
1269990532479	0	RECOG_CR_PRES	11	CHART	282	-999	P	784
1269990533729	1	RECOG_FEEDBACK	1
1269990534566	0	RECOG_END
1269990552136	0	SESS_END
1269990552180	0	E	Logging Ends
