1271947486967	0	B	Logging Begins
1271947486968	0	SESS_START	19
1271947599641	1	FR_PRES	0	OX	994	1	1	1017	(0.42259999999999998, 0.58709999999999996, 0)	../fonts/zerothre.ttf	lower
1271947603591	1	FR_PRES	0	GAZELLE	628	1	1	771	(0.42259999999999998, 0.58709999999999996, 0)	../fonts/zerothre.ttf	lower
1271947607574	1	FR_PRES	0	TEA	1439	1	0	852	(0.42259999999999998, 0.58709999999999996, 0)	../fonts/zerothre.ttf	lower
1271947611465	1	FR_PRES	0	CORAL	378	1	1	961	(0.42259999999999998, 0.58709999999999996, 0)	../fonts/zerothre.ttf	lower
1271947615307	1	FR_PRES	0	PROFESSOR	1131	0	1	1071	(0.57740000000000002, 0.41289999999999999, 1.0)	../fonts/amplitud.ttf	upper
1271947619148	1	FR_PRES	0	BEAVER	109	0	0	1318	(0.57740000000000002, 0.41289999999999999, 1.0)	../fonts/amplitud.ttf	upper
1271947623114	1	FR_PRES	0	OTTER	986	1	1	1232	(0.42259999999999998, 0.58709999999999996, 0)	../fonts/zerothre.ttf	lower
1271947626988	1	FR_PRES	0	DISH	474	1	0	1582	(0.42259999999999998, 0.58709999999999996, 0)	../fonts/zerothre.ttf	lower
1271947630821	1	FR_PRES	0	FLIPPER	580	1	0	1533	(0.42259999999999998, 0.58709999999999996, 0)	../fonts/zerothre.ttf	lower
1271947634697	1	FR_PRES	0	DONKEY	484	1	1	769	(0.42259999999999998, 0.58709999999999996, 0)	../fonts/zerothre.ttf	lower
1271947638804	1	FR_PRES	0	CAB	209	0	1	1590	(0.57740000000000002, 0.41289999999999999, 1.0)	../fonts/amplitud.ttf	upper
1271947642771	1	FR_PRES	0	CANDY	230	0	0	1255	(0.57740000000000002, 0.41289999999999999, 1.0)	../fonts/amplitud.ttf	upper
1271947646638	1	FR_PRES	0	SIGNATURE	1306	0	0	1844	(0.57740000000000002, 0.41289999999999999, 1.0)	../fonts/amplitud.ttf	upper
1271947650746	1	FR_PRES	0	LIMOUSINE	824	0	1	1280	(0.57740000000000002, 0.41289999999999999, 1.0)	../fonts/amplitud.ttf	upper
1271947654794	1	FR_PRES	0	NURSERY	964	0	1	1440	(0.57740000000000002, 0.41289999999999999, 1.0)	../fonts/amplitud.ttf	upper
1271947658902	1	FR_PRES	0	BUGGY	188	0	1	1140	(0.57740000000000002, 0.41289999999999999, 1.0)	../fonts/amplitud.ttf	upper
1271947664836	1	REC_START
1271947742731	0	REST
1271947744230	1	FR_PRES	1	BIBLE	124	0	0	1723	(0.57740000000000002, 0.41289999999999999, 1.0)	../fonts/amplitud.ttf	upper
1271947748238	1	FR_PRES	1	ROOM	1206	0	1	1196	(0.57740000000000002, 0.41289999999999999, 1.0)	../fonts/amplitud.ttf	upper
1271947752396	1	FR_PRES	1	ANTEATER	26	0	1	1254	(0.57740000000000002, 0.41289999999999999, 1.0)	../fonts/amplitud.ttf	upper
1271947756329	1	FR_PRES	1	SKETCH	1315	0	0	1113	(0.57740000000000002, 0.41289999999999999, 1.0)	../fonts/amplitud.ttf	upper
1271947760454	1	FR_PRES	1	CIRCUS	311	1	0	1395	(0.42259999999999998, 0.58709999999999996, 0)	../fonts/zerothre.ttf	lower
1271947764296	1	FR_PRES	1	GYMNAST	675	1	1	1034	(0.42259999999999998, 0.58709999999999996, 0)	../fonts/zerothre.ttf	lower
1271947768179	1	FR_PRES	1	MALL	860	0	0	1903	(0.57740000000000002, 0.41289999999999999, 1.0)	../fonts/amplitud.ttf	upper
1271947772012	1	FR_PRES	1	TRIBE	1505	0	1	893	(0.57740000000000002, 0.41289999999999999, 1.0)	../fonts/amplitud.ttf	upper
1271947776020	1	FR_PRES	1	SPARROW	1347	0	0	1845	(0.57740000000000002, 0.41289999999999999, 1.0)	../fonts/amplitud.ttf	upper
1271947780186	1	FR_PRES	1	ROOST	1208	0	0	1848	(0.57740000000000002, 0.41289999999999999, 1.0)	../fonts/amplitud.ttf	upper
1271947784336	1	FR_PRES	1	CITIZEN	312	1	1	1378	(0.42259999999999998, 0.58709999999999996, 0)	../fonts/zerothre.ttf	lower
1271947788186	1	FR_PRES	1	JEWEL	757	1	0	2520	(0.42259999999999998, 0.58709999999999996, 0)	../fonts/zerothre.ttf	lower
1271947792394	1	FR_PRES	1	PAWN	1030	1	0	1352	(0.42259999999999998, 0.58709999999999996, 0)	../fonts/zerothre.ttf	lower
1271947796427	1	FR_PRES	1	CATHEDRAL	260	1	0	1239	(0.42259999999999998, 0.58709999999999996, 0)	../fonts/zerothre.ttf	lower
1271947800260	1	FR_PRES	1	CONDUCTOR	362	1	1	918	(0.42259999999999998, 0.58709999999999996, 0)	../fonts/zerothre.ttf	lower
1271947804309	1	FR_PRES	1	RADIO	1157	1	0	893	(0.42259999999999998, 0.58709999999999996, 0)	../fonts/zerothre.ttf	lower
1271947810118	1	REC_START
1271947837754	0	REJECT
1271947853937	0	REJECT
1271947886794	0	REST
1271947888295	1	FR_PRES	2	BALLERINA	74	0	1	1475	(0.57740000000000002, 0.41289999999999999, 1.0)	../fonts/amplitud.ttf	upper
1271947892178	1	FR_PRES	2	EWE	542	0	1	1304	(0.57740000000000002, 0.41289999999999999, 1.0)	../fonts/amplitud.ttf	upper
1271947896136	1	FR_PRES	2	SUNRISE	1407	0	1	1602	(0.57740000000000002, 0.41289999999999999, 1.0)	../fonts/amplitud.ttf	upper
1271947900219	1	FR_PRES	2	ORANGE	980	0	0	1063	(0.57740000000000002, 0.41289999999999999, 1.0)	../fonts/amplitud.ttf	upper
1271947904077	1	FR_PRES	2	CONSOLE	364	0	1	1653	(0.57740000000000002, 0.41289999999999999, 1.0)	../fonts/amplitud.ttf	upper
1271947908093	1	FR_PRES	2	AMBULANCE	19	0	1	949	(0.57740000000000002, 0.41289999999999999, 1.0)	../fonts/amplitud.ttf	upper
1271947912135	1	FR_PRES	2	COCOON	339	0	0	1267	(0.57740000000000002, 0.41289999999999999, 1.0)	../fonts/amplitud.ttf	upper
1271947916334	1	FR_PRES	2	BUTTERFLY	206	0	0	2316	(0.57740000000000002, 0.41289999999999999, 1.0)	../fonts/amplitud.ttf	upper
1271947920301	1	FR_PRES	2	BLACKBERRY	132	0	0	1197	(0.57740000000000002, 0.41289999999999999, 1.0)	../fonts/amplitud.ttf	upper
1271947924300	1	FR_PRES	2	SEA	1259	0	1	1517	(0.57740000000000002, 0.41289999999999999, 1.0)	../fonts/amplitud.ttf	upper
1271947928275	1	FR_PRES	2	LOOP	844	0	1	1574	(0.57740000000000002, 0.41289999999999999, 1.0)	../fonts/amplitud.ttf	upper
1271947932258	1	FR_PRES	2	NOVEL	960	0	0	1647	(0.57740000000000002, 0.41289999999999999, 1.0)	../fonts/amplitud.ttf	upper
1271947936433	1	FR_PRES	2	BANANA	77	0	0	2392	(0.57740000000000002, 0.41289999999999999, 1.0)	../fonts/amplitud.ttf	upper
1271947940282	1	FR_PRES	2	GUITAR	670	0	1	1296	(0.57740000000000002, 0.41289999999999999, 1.0)	../fonts/amplitud.ttf	upper
1271947944382	1	FR_PRES	2	ORGAN	984	0	1	1196	(0.57740000000000002, 0.41289999999999999, 1.0)	../fonts/amplitud.ttf	upper
1271947948457	1	FR_PRES	2	TROUT	1511	0	0	833	(0.57740000000000002, 0.41289999999999999, 1.0)	../fonts/amplitud.ttf	upper
1271947954315	1	REC_START
1271947961961	0	REJECT
1271947963218	0	REJECT
1271948031916	0	REST
1271948033417	1	FR_PRES	3	HEADBAND	696	0	0	1472	(0.57740000000000002, 0.41289999999999999, 1.0)	../fonts/amplitud.ttf	upper
1271948037600	1	FR_PRES	3	LAGOON	795	0	1	1442	(0.57740000000000002, 0.41289999999999999, 1.0)	../fonts/amplitud.ttf	upper
1271948041650	1	FR_PRES	3	LAUNDRY	803	0	1	1440	(0.57740000000000002, 0.41289999999999999, 1.0)	../fonts/amplitud.ttf	upper
1271948045583	1	FR_PRES	3	POCKET	1093	0	0	1354	(0.57740000000000002, 0.41289999999999999, 1.0)	../fonts/amplitud.ttf	upper
1271948049616	1	FR_PRES	3	HORIZON	717	0	1	1986	(0.57740000000000002, 0.41289999999999999, 1.0)	../fonts/amplitud.ttf	upper
1271948053707	1	FR_PRES	3	SCENERY	1247	0	1	1455	(0.57740000000000002, 0.41289999999999999, 1.0)	../fonts/amplitud.ttf	upper
1271948057599	1	FR_PRES	3	NICOTINE	951	0	0	1139	(0.57740000000000002, 0.41289999999999999, 1.0)	../fonts/amplitud.ttf	upper
1271948061797	1	FR_PRES	3	BRIDGE	174	0	1	1541	(0.57740000000000002, 0.41289999999999999, 1.0)	../fonts/amplitud.ttf	upper
1271948065706	1	FR_PRES	3	CONCERT	360	0	1	856	(0.57740000000000002, 0.41289999999999999, 1.0)	../fonts/amplitud.ttf	upper
1271948069789	1	FR_PRES	3	TRUMPET	1513	0	0	1573	(0.57740000000000002, 0.41289999999999999, 1.0)	../fonts/amplitud.ttf	upper
1271948073905	1	FR_PRES	3	RACK	1154	0	0	1793	(0.57740000000000002, 0.41289999999999999, 1.0)	../fonts/amplitud.ttf	upper
1271948078081	1	FR_PRES	3	MONARCH	906	0	1	2073	(0.57740000000000002, 0.41289999999999999, 1.0)	../fonts/amplitud.ttf	upper
1271948082005	1	FR_PRES	3	DICTATOR	462	0	1	1836	(0.57740000000000002, 0.41289999999999999, 1.0)	../fonts/amplitud.ttf	upper
1271948085912	1	FR_PRES	3	GLASS	639	0	1	1306	(0.57740000000000002, 0.41289999999999999, 1.0)	../fonts/amplitud.ttf	upper
1271948089845	1	FR_PRES	3	DART	440	0	0	956	(0.57740000000000002, 0.41289999999999999, 1.0)	../fonts/amplitud.ttf	upper
1271948093895	1	FR_PRES	3	TRANSPLANT	1496	0	1	1090	(0.57740000000000002, 0.41289999999999999, 1.0)	../fonts/amplitud.ttf	upper
1271948099671	1	REC_START
1271948111530	0	REJECT
1271948112865	0	REJECT
1271948138474	0	REJECT
1271948177523	0	REST
1271948179031	1	FR_PRES	4	NOTEBOOK	959	1	0	1227	(0.42259999999999998, 0.58709999999999996, 0)	../fonts/zerothre.ttf	lower
1271948182930	1	FR_PRES	4	BIOLOGIST	128	1	1	1015	(0.42259999999999998, 0.58709999999999996, 0)	../fonts/zerothre.ttf	lower
1271948186756	1	FR_PRES	4	BOULDER	155	1	0	1390	(0.42259999999999998, 0.58709999999999996, 0)	../fonts/zerothre.ttf	lower
1271948190946	1	FR_PRES	4	TWEEZERS	1526	1	0	1440	(0.42259999999999998, 0.58709999999999996, 0)	../fonts/zerothre.ttf	lower
1271948195047	1	FR_PRES	4	CAPITAL	238	1	1	2059	(0.42259999999999998, 0.58709999999999996, 0)	../fonts/zerothre.ttf	lower
1271948199030	1	FR_PRES	4	ARCHITECT	36	1	1	1572	(0.42259999999999998, 0.58709999999999996, 0)	../fonts/zerothre.ttf	lower
1271948203138	1	FR_PRES	4	LIMB	822	1	0	1560	(0.42259999999999998, 0.58709999999999996, 0)	../fonts/zerothre.ttf	lower
1271948207179	1	FR_PRES	4	SCREW	1254	1	0	1183	(0.42259999999999998, 0.58709999999999996, 0)	../fonts/zerothre.ttf	lower
1271948211171	1	FR_PRES	4	STADIUM	1364	1	0	1511	(0.42259999999999998, 0.58709999999999996, 0)	../fonts/zerothre.ttf	lower
1271948215270	1	FR_PRES	4	RATTLE	1170	1	0	1515	(0.42259999999999998, 0.58709999999999996, 0)	../fonts/zerothre.ttf	lower
1271948219437	1	FR_PRES	4	SERPENT	1270	1	1	1285	(0.42259999999999998, 0.58709999999999996, 0)	../fonts/zerothre.ttf	lower
1271948223561	1	FR_PRES	4	WRIST	1626	1	0	1264	(0.42259999999999998, 0.58709999999999996, 0)	../fonts/zerothre.ttf	lower
1271948227644	1	FR_PRES	4	TICKET	1464	1	0	1446	(0.42259999999999998, 0.58709999999999996, 0)	../fonts/zerothre.ttf	lower
1271948231486	1	FR_PRES	4	DIRECTOR	471	1	1	844	(0.42259999999999998, 0.58709999999999996, 0)	../fonts/zerothre.ttf	lower
1271948235644	1	FR_PRES	4	THIGH	1457	1	0	974	(0.42259999999999998, 0.58709999999999996, 0)	../fonts/zerothre.ttf	lower
1271948239594	1	FR_PRES	4	SOFTBALL	1343	1	0	1383	(0.42259999999999998, 0.58709999999999996, 0)	../fonts/zerothre.ttf	lower
1271948245386	1	REC_START
1271948284034	0	REJECT
1271948297385	30	REJECT
1271948322221	0	REST
1271948323729	1	FR_PRES	5	CREEK	404	0	1	1937	(0.57740000000000002, 0.41289999999999999, 1.0)	../fonts/amplitud.ttf	upper
1271948327629	1	FR_PRES	5	WALRUS	1585	0	1	1324	(0.57740000000000002, 0.41289999999999999, 1.0)	../fonts/amplitud.ttf	upper
1271948331562	1	FR_PRES	5	VEAL	1551	0	0	1536	(0.57740000000000002, 0.41289999999999999, 1.0)	../fonts/amplitud.ttf	upper
1271948335553	1	FR_PRES	5	STEW	1380	1	0	1513	(0.42259999999999998, 0.58709999999999996, 0)	../fonts/zerothre.ttf	lower
1271948339753	1	FR_PRES	5	CAGE	218	1	0	1273	(0.42259999999999998, 0.58709999999999996, 0)	../fonts/zerothre.ttf	lower
1271948343661	1	FR_PRES	5	VISITOR	1573	1	1	1244	(0.42259999999999998, 0.58709999999999996, 0)	../fonts/zerothre.ttf	lower
1271948347586	1	FR_PRES	5	CUBE	420	1	0	1327	(0.42259999999999998, 0.58709999999999996, 0)	../fonts/zerothre.ttf	lower
1271948351694	1	FR_PRES	5	GARDEN	623	0	0	2163	(0.57740000000000002, 0.41289999999999999, 1.0)	../fonts/amplitud.ttf	upper
1271948355568	1	FR_PRES	5	KEEPER	769	0	1	938	(0.57740000000000002, 0.41289999999999999, 1.0)	../fonts/amplitud.ttf	upper
1271948359501	1	FR_PRES	5	CHICKEN	297	0	0	1709	(0.57740000000000002, 0.41289999999999999, 1.0)	../fonts/amplitud.ttf	upper
1271948363426	1	FR_PRES	5	VASE	1549	1	0	1216	(0.42259999999999998, 0.58709999999999996, 0)	../fonts/zerothre.ttf	lower
1271948367476	1	FR_PRES	5	BOX	159	1	0	1286	(0.42259999999999998, 0.58709999999999996, 0)	../fonts/zerothre.ttf	lower
1271948371600	1	FR_PRES	5	CLARINET	317	1	1	1098	(0.42259999999999998, 0.58709999999999996, 0)	../fonts/zerothre.ttf	lower
1271948375759	1	FR_PRES	5	LACE	792	1	0	1947	(0.42259999999999998, 0.58709999999999996, 0)	../fonts/zerothre.ttf	lower
1271948379750	1	FR_PRES	5	REINDEER	1181	0	1	1620	(0.57740000000000002, 0.41289999999999999, 1.0)	../fonts/amplitud.ttf	upper
1271948383766	1	FR_PRES	5	ORNAMENT	985	0	0	2428	(0.57740000000000002, 0.41289999999999999, 1.0)	../fonts/amplitud.ttf	upper
1271948389500	1	REC_START
1271948398881	0	REJECT
1271948466418	0	REST
1271948467926	1	FR_PRES	6	BAKER	71	1	0	2148	(0.42259999999999998, 0.58709999999999996, 0)	../fonts/zerothre.ttf	lower
1271948471900	1	FR_PRES	6	SINK	1309	1	0	670	(0.42259999999999998, 0.58709999999999996, 0)	../fonts/zerothre.ttf	lower
1271948475768	1	FR_PRES	6	WINE	1613	1	0	906	(0.42259999999999998, 0.58709999999999996, 0)	../fonts/zerothre.ttf	lower
1271948479767	1	FR_PRES	6	ELEPHANT	523	1	1	1371	(0.42259999999999998, 0.58709999999999996, 0)	../fonts/zerothre.ttf	lower
1271948483684	1	FR_PRES	6	GIRAFFE	636	1	1	894	(0.42259999999999998, 0.58709999999999996, 0)	../fonts/zerothre.ttf	lower
1271948487583	1	FR_PRES	6	FOREST	593	1	0	2107	(0.42259999999999998, 0.58709999999999996, 0)	../fonts/zerothre.ttf	lower
1271948491700	1	FR_PRES	6	STOVE	1388	1	0	1494	(0.42259999999999998, 0.58709999999999996, 0)	../fonts/zerothre.ttf	lower
1271948495775	1	FR_PRES	6	KEYBOARD	774	1	0	1796	(0.42259999999999998, 0.58709999999999996, 0)	../fonts/zerothre.ttf	lower
1271948499840	1	FR_PRES	6	LASER	801	1	0	1378	(0.42259999999999998, 0.58709999999999996, 0)	../fonts/zerothre.ttf	lower
1271948503881	1	FR_PRES	6	SKATE	1313	1	0	1201	(0.42259999999999998, 0.58709999999999996, 0)	../fonts/zerothre.ttf	lower
1271948508057	1	FR_PRES	6	CHALK	276	1	0	1257	(0.42259999999999998, 0.58709999999999996, 0)	../fonts/zerothre.ttf	lower
1271948512148	1	FR_PRES	6	TECHNICIAN	1443	1	1	837	(0.42259999999999998, 0.58709999999999996, 0)	../fonts/zerothre.ttf	lower
1271948516073	1	FR_PRES	6	BARK	87	1	0	1521	(0.42259999999999998, 0.58709999999999996, 0)	../fonts/zerothre.ttf	lower
1271948520081	1	FR_PRES	6	KNIGHT	786	1	1	1137	(0.42259999999999998, 0.58709999999999996, 0)	../fonts/zerothre.ttf	lower
1271948524231	1	FR_PRES	6	CORPORATION	382	1	0	2754	(0.42259999999999998, 0.58709999999999996, 0)	../fonts/zerothre.ttf	lower
1271948528172	1	FR_PRES	6	PRINTER	1126	1	0	830	(0.42259999999999998, 0.58709999999999996, 0)	../fonts/zerothre.ttf	lower
1271948533930	1	REC_START
1271948561929	30	REJECT
1271948565322	0	REJECT
1271948612616	0	REST
1271948614124	1	FR_PRES	7	ISLAND	745	-1	-1	-1271948614124	white	../fonts/Verdana.ttf	upper
1271948618132	1	FR_PRES	7	SEASHORE	1263	-1	-1	-1271948618132	white	../fonts/Verdana.ttf	upper
1271948622090	1	FR_PRES	7	TURTLE	1522	-1	-1	-1271948622090	white	../fonts/Verdana.ttf	upper
1271948626306	1	FR_PRES	7	LIVER	833	-1	-1	-1271948626306	white	../fonts/Verdana.ttf	upper
1271948630156	1	FR_PRES	7	INFANT	737	-1	-1	-1271948630156	white	../fonts/Verdana.ttf	upper
1271948634139	1	FR_PRES	7	CROSS	413	-1	-1	-1271948634139	white	../fonts/Verdana.ttf	upper
1271948638106	1	FR_PRES	7	MINER	896	-1	-1	-1271948638106	white	../fonts/Verdana.ttf	upper
1271948641963	1	FR_PRES	7	RECIPE	1175	-1	-1	-1271948641963	white	../fonts/Verdana.ttf	upper
1271948645896	1	FR_PRES	7	IDOL	733	-1	-1	-1271948645896	white	../fonts/Verdana.ttf	upper
1271948649738	1	FR_PRES	7	CARROT	249	-1	-1	-1271948649738	white	../fonts/Verdana.ttf	upper
1271948653671	1	FR_PRES	7	TANGERINE	1431	-1	-1	-1271948653671	white	../fonts/Verdana.ttf	upper
1271948657771	1	FR_PRES	7	PRIEST	1122	-1	-1	-1271948657771	white	../fonts/Verdana.ttf	upper
1271948661637	1	FR_PRES	7	LABEL	790	-1	-1	-1271948661637	white	../fonts/Verdana.ttf	upper
1271948665811	1	FR_PRES	7	CRIB	407	-1	-1	-1271948665811	white	../fonts/Verdana.ttf	upper
1271948669678	1	FR_PRES	7	DOLLAR	482	-1	-1	-1271948669678	white	../fonts/Verdana.ttf	upper
1271948673860	1	FR_PRES	7	PENNY	1045	-1	-1	-1271948673860	white	../fonts/Verdana.ttf	upper
1271948679836	1	REC_START
1271948702953	0	REJECT
1271948704434	0	REJECT
1271948758962	0	REST
1271948760463	1	FR_PRES	8	SWATTER	1418	-1	-1	-1271948760463	white	../fonts/Verdana.ttf	upper
1271948764380	1	FR_PRES	8	FELLOW	558	-1	-1	-1271948764380	white	../fonts/Verdana.ttf	upper
1271948768263	1	FR_PRES	8	GOO	648	-1	-1	-1271948768263	white	../fonts/Verdana.ttf	upper
1271948772337	1	FR_PRES	8	DIAPER	459	-1	-1	-1271948772337	white	../fonts/Verdana.ttf	upper
1271948776512	1	FR_PRES	8	BUTTER	205	-1	-1	-1271948776512	white	../fonts/Verdana.ttf	upper
1271948780678	1	FR_PRES	8	BUTCHER	203	-1	-1	-1271948780678	white	../fonts/Verdana.ttf	upper
1271948784860	1	FR_PRES	8	BLADE	134	-1	-1	-1271948784860	white	../fonts/Verdana.ttf	upper
1271948788694	1	FR_PRES	8	CRUMB	416	-1	-1	-1271948788694	white	../fonts/Verdana.ttf	upper
1271948792744	1	FR_PRES	8	STAIRS	1367	-1	-1	-1271948792744	white	../fonts/Verdana.ttf	upper
1271948796577	1	FR_PRES	8	SLUG	1329	-1	-1	-1271948796577	white	../fonts/Verdana.ttf	upper
1271948800419	1	FR_PRES	8	CUCUMBER	421	-1	-1	-1271948800419	white	../fonts/Verdana.ttf	upper
1271948804352	1	FR_PRES	8	TART	1436	-1	-1	-1271948804352	white	../fonts/Verdana.ttf	upper
1271948808176	1	FR_PRES	8	SERVANT	1271	-1	-1	-1271948808176	white	../fonts/Verdana.ttf	upper
1271948812001	1	FR_PRES	8	DASHBOARD	441	-1	-1	-1271948812001	white	../fonts/Verdana.ttf	upper
1271948816159	1	FR_PRES	8	LUGGAGE	847	-1	-1	-1271948816159	white	../fonts/Verdana.ttf	upper
1271948820217	1	FR_PRES	8	GUEST	669	-1	-1	-1271948820217	white	../fonts/Verdana.ttf	upper
1271948826176	1	REC_START
1271948842058	0	REJECT
1271948848082	0	REJECT
1271948875698	0	REJECT
1271948877170	0	REJECT
1271948903519	0	REST
1271948905027	1	FR_PRES	9	BATHROOM	99	-1	-1	-1271948905027	white	../fonts/Verdana.ttf	upper
1271948909035	1	FR_PRES	9	DESK	452	-1	-1	-1271948909035	white	../fonts/Verdana.ttf	upper
1271948912942	1	FR_PRES	9	VIRUS	1572	-1	-1	-1271948912942	white	../fonts/Verdana.ttf	upper
1271948916777	1	FR_PRES	9	SHINGLE	1285	-1	-1	-1271948916777	white	../fonts/Verdana.ttf	upper
1271948920967	1	FR_PRES	9	PEBBLE	1035	-1	-1	-1271948920967	white	../fonts/Verdana.ttf	upper
1271948925101	1	FR_PRES	9	PUDDLE	1140	-1	-1	-1271948925101	white	../fonts/Verdana.ttf	upper
1271948929117	1	FR_PRES	9	DOLL	481	-1	-1	-1271948929117	white	../fonts/Verdana.ttf	upper
1271948933209	1	FR_PRES	9	BATHTUB	100	-1	-1	-1271948933209	white	../fonts/Verdana.ttf	upper
1271948937133	1	FR_PRES	9	EARTH	515	-1	-1	-1271948937133	white	../fonts/Verdana.ttf	upper
1271948941100	1	FR_PRES	9	DAM	436	-1	-1	-1271948941100	white	../fonts/Verdana.ttf	upper
1271948945116	1	FR_PRES	9	FRUIT	610	-1	-1	-1271948945116	white	../fonts/Verdana.ttf	upper
1271948949066	1	FR_PRES	9	KIWI	781	-1	-1	-1271948949066	white	../fonts/Verdana.ttf	upper
1271948953024	1	FR_PRES	9	MONGOOSE	909	-1	-1	-1271948953024	white	../fonts/Verdana.ttf	upper
1271948957149	1	FR_PRES	9	POND	1101	-1	-1	-1271948957149	white	../fonts/Verdana.ttf	upper
1271948961065	1	FR_PRES	9	SUBMARINE	1398	-1	-1	-1271948961065	white	../fonts/Verdana.ttf	upper
1271948964897	1	FR_PRES	9	JUG	762	-1	-1	-1271948964897	white	../fonts/Verdana.ttf	upper
1271948970981	1	REC_START
1271949017594	0	REJECT
1271949048275	0	REST
1271949049782	1	FR_PRES	10	THUMB	1462	1	0	1452	(0.42259999999999998, 0.58709999999999996, 0)	../fonts/zerothre.ttf	lower
1271949053990	1	FR_PRES	10	TACK	1428	1	0	1740	(0.42259999999999998, 0.58709999999999996, 0)	../fonts/zerothre.ttf	lower
1271949058158	1	FR_PRES	10	THICKET	1455	1	0	1972	(0.42259999999999998, 0.58709999999999996, 0)	../fonts/zerothre.ttf	lower
1271949061973	1	FR_PRES	10	COMB	351	1	0	1133	(0.42259999999999998, 0.58709999999999996, 0)	../fonts/zerothre.ttf	lower
1271949066149	1	FR_PRES	10	SURGEON	1413	1	1	1021	(0.42259999999999998, 0.58709999999999996, 0)	../fonts/zerothre.ttf	lower
1271949069972	1	FR_PRES	10	SHEARS	1276	1	0	2278	(0.42259999999999998, 0.58709999999999996, 0)	../fonts/zerothre.ttf	lower
1271949073931	1	FR_PRES	10	CLIMBER	323	1	1	1583	(0.42259999999999998, 0.58709999999999996, 0)	../fonts/zerothre.ttf	lower
1271949077972	1	FR_PRES	10	KIDNEY	776	1	0	2174	(0.42259999999999998, 0.58709999999999996, 0)	../fonts/zerothre.ttf	lower
1271949082106	1	FR_PRES	10	PAW	1029	1	0	1544	(0.42259999999999998, 0.58709999999999996, 0)	../fonts/zerothre.ttf	lower
1271949085980	1	FR_PRES	10	PIGEON	1065	1	1	829	(0.42259999999999998, 0.58709999999999996, 0)	../fonts/zerothre.ttf	lower
1271949090105	1	FR_PRES	10	CYLINDER	432	1	0	1617	(0.42259999999999998, 0.58709999999999996, 0)	../fonts/zerothre.ttf	lower
1271949093979	1	FR_PRES	10	KANGAROO	768	1	1	1208	(0.42259999999999998, 0.58709999999999996, 0)	../fonts/zerothre.ttf	lower
1271949097912	1	FR_PRES	10	MEADOW	881	1	0	1210	(0.42259999999999998, 0.58709999999999996, 0)	../fonts/zerothre.ttf	lower
1271949102104	1	FR_PRES	10	TAXI	1438	1	0	938	(0.42259999999999998, 0.58709999999999996, 0)	../fonts/zerothre.ttf	lower
1271949106171	1	FR_PRES	10	FEATHER	557	1	0	1567	(0.42259999999999998, 0.58709999999999996, 0)	../fonts/zerothre.ttf	lower
1271949110170	1	FR_PRES	10	ORCHID	982	1	1	1840	(0.42259999999999998, 0.58709999999999996, 0)	../fonts/zerothre.ttf	lower
1271949115945	1	REC_START
1271949134354	1	REJECT
1271949144730	1	REJECT
1271949193214	0	REST
1271949194723	1	FR_PRES	11	FREEWAY	603	-1	-1	-1271949194723	white	../fonts/Verdana.ttf	upper
1271949198556	1	FR_PRES	11	GARAGE	621	-1	-1	-1271949198556	white	../fonts/Verdana.ttf	upper
1271949202422	1	FR_PRES	11	UNIFORM	1539	-1	-1	-1271949202422	white	../fonts/Verdana.ttf	upper
1271949206397	1	FR_PRES	11	BANK	83	-1	-1	-1271949206397	white	../fonts/Verdana.ttf	upper
1271949210530	1	FR_PRES	11	LOBSTER	837	-1	-1	-1271949210530	white	../fonts/Verdana.ttf	upper
1271949214479	1	FR_PRES	11	VIDEO	1564	-1	-1	-1271949214479	white	../fonts/Verdana.ttf	upper
1271949218679	1	FR_PRES	11	SPIT	1354	-1	-1	-1271949218679	white	../fonts/Verdana.ttf	upper
1271949222861	1	FR_PRES	11	FREEZER	604	-1	-1	-1271949222861	white	../fonts/Verdana.ttf	upper
1271949226902	1	FR_PRES	11	KLEENEX	782	-1	-1	-1271949226902	white	../fonts/Verdana.ttf	upper
1271949230778	1	FR_PRES	11	CLOTHES	327	-1	-1	-1271949230778	white	../fonts/Verdana.ttf	upper
1271949234960	1	FR_PRES	11	VIOLA	1570	-1	-1	-1271949234960	white	../fonts/Verdana.ttf	upper
1271949239053	1	FR_PRES	11	VOLUNTEER	1577	-1	-1	-1271949239053	white	../fonts/Verdana.ttf	upper
1271949243061	1	FR_PRES	11	HANDBAG	684	-1	-1	-1271949243061	white	../fonts/Verdana.ttf	upper
1271949246951	1	FR_PRES	11	TUBA	1515	-1	-1	-1271949246951	white	../fonts/Verdana.ttf	upper
1271949251143	1	FR_PRES	11	RANCH	1166	-1	-1	-1271949251143	white	../fonts/Verdana.ttf	upper
1271949255268	1	FR_PRES	11	BUFFALO	186	-1	-1	-1271949255268	white	../fonts/Verdana.ttf	upper
1271949261068	1	REC_START
1271949291426	0	REJECT
1271949300698	0	REJECT
1271949303322	0	REJECT
1271949336704	1	REST_REWET
1271949758039	0	REST
1271949759547	1	FR_PRES	12	SALIVA	1226	1	0	1616	(0.42259999999999998, 0.58709999999999996, 0)	../fonts/zerothre.ttf	lower
1271949763605	1	FR_PRES	12	UMPIRE	1535	1	1	1813	(0.42259999999999998, 0.58709999999999996, 0)	../fonts/zerothre.ttf	lower
1271949767697	1	FR_PRES	12	SAP	1233	1	0	1705	(0.42259999999999998, 0.58709999999999996, 0)	../fonts/zerothre.ttf	lower
1271949771755	1	FR_PRES	12	BACKBONE	66	1	0	1359	(0.42259999999999998, 0.58709999999999996, 0)	../fonts/zerothre.ttf	lower
1271949775729	1	FR_PRES	12	DRIVER	499	1	1	1057	(0.42259999999999998, 0.58709999999999996, 0)	../fonts/zerothre.ttf	lower
1271949779554	1	FR_PRES	12	BRACELET	163	1	0	960	(0.42259999999999998, 0.58709999999999996, 0)	../fonts/zerothre.ttf	lower
1271949783604	1	FR_PRES	12	CHAIN	273	0	0	1807	(0.57740000000000002, 0.41289999999999999, 1.0)	../fonts/amplitud.ttf	upper
1271949787687	1	FR_PRES	12	POCKETBOOK	1094	0	0	1404	(0.57740000000000002, 0.41289999999999999, 1.0)	../fonts/amplitud.ttf	upper
1271949791894	1	FR_PRES	12	NICKEL	950	1	0	1621	(0.42259999999999998, 0.58709999999999996, 0)	../fonts/zerothre.ttf	lower
1271949796103	1	FR_PRES	12	FUNGUS	614	1	1	1316	(0.42259999999999998, 0.58709999999999996, 0)	../fonts/zerothre.ttf	lower
1271949799935	1	FR_PRES	12	BUILDER	190	0	-999	3000	(0.57740000000000002, 0.41289999999999999, 1.0)	../fonts/amplitud.ttf	upper
1271949802960	1	SLOW_MSG
1271949805510	1	FR_PRES	12	BLUEPRINT	142	0	0	1493	(0.57740000000000002, 0.41289999999999999, 1.0)	../fonts/amplitud.ttf	upper
1271949809493	1	FR_PRES	12	PASSENGER	1020	0	1	1389	(0.57740000000000002, 0.41289999999999999, 1.0)	../fonts/amplitud.ttf	upper
1271949813543	1	FR_PRES	12	BASEBALL	93	0	0	1532	(0.57740000000000002, 0.41289999999999999, 1.0)	../fonts/amplitud.ttf	upper
1271949817468	1	FR_PRES	12	STAPLER	1372	0	0	1334	(0.57740000000000002, 0.41289999999999999, 1.0)	../fonts/amplitud.ttf	upper
1271949821326	1	FR_PRES	12	PAN	1008	0	0	1628	(0.57740000000000002, 0.41289999999999999, 1.0)	../fonts/amplitud.ttf	upper
1271949827151	1	REC_START
1271949871034	1	REJECT
1271949903819	0	REST
1271949905320	1	FR_PRES	13	ALLIGATOR	16	1	3	1883	(0.42259999999999998, 0.58709999999999996, 0)	../fonts/zerothre.ttf	lower
1271949907236	1	KEY_MSG
1271949909644	1	FR_PRES	13	SWIMMER	1420	1	1	966	(0.42259999999999998, 0.58709999999999996, 0)	../fonts/zerothre.ttf	lower
1271949913818	1	FR_PRES	13	FROG	608	1	1	1096	(0.42259999999999998, 0.58709999999999996, 0)	../fonts/zerothre.ttf	lower
1271949917976	1	FR_PRES	13	SEED	1266	0	0	1227	(0.57740000000000002, 0.41289999999999999, 1.0)	../fonts/amplitud.ttf	upper
1271949921826	1	FR_PRES	13	FLOWER	584	0	0	1281	(0.57740000000000002, 0.41289999999999999, 1.0)	../fonts/amplitud.ttf	upper
1271949925726	1	FR_PRES	13	SCISSORS	1250	0	0	2124	(0.57740000000000002, 0.41289999999999999, 1.0)	../fonts/amplitud.ttf	upper
1271949929585	1	FR_PRES	13	POTTERY	1116	0	1	1248	(0.57740000000000002, 0.41289999999999999, 1.0)	../fonts/amplitud.ttf	upper
1271949933626	1	FR_PRES	13	PASSAGE	1019	1	0	1849	(0.42259999999999998, 0.58709999999999996, 0)	../fonts/zerothre.ttf	lower
1271949937825	1	FR_PRES	13	PUCK	1138	1	0	1897	(0.42259999999999998, 0.58709999999999996, 0)	../fonts/zerothre.ttf	lower
1271949941924	1	FR_PRES	13	SAW	1239	1	0	1414	(0.42259999999999998, 0.58709999999999996, 0)	../fonts/zerothre.ttf	lower
1271949945767	1	FR_PRES	13	CLAY	320	0	0	1083	(0.57740000000000002, 0.41289999999999999, 1.0)	../fonts/amplitud.ttf	upper
1271949949824	1	FR_PRES	13	DUCK	504	0	0	2251	(0.57740000000000002, 0.41289999999999999, 1.0)	../fonts/amplitud.ttf	upper
1271949953716	1	FR_PRES	13	ELECTRICIAN	521	0	1	1094	(0.57740000000000002, 0.41289999999999999, 1.0)	../fonts/amplitud.ttf	upper
1271949957881	1	FR_PRES	13	SOCKET	1340	0	0	1338	(0.57740000000000002, 0.41289999999999999, 1.0)	../fonts/amplitud.ttf	upper
1271949961856	1	FR_PRES	13	BRAN	167	1	0	1323	(0.42259999999999998, 0.58709999999999996, 0)	../fonts/zerothre.ttf	lower
1271949965674	1	FR_PRES	13	SLOPE	1328	1	0	1224	(0.42259999999999998, 0.58709999999999996, 0)	../fonts/zerothre.ttf	lower
1271949971632	1	REC_START
1271950048783	0	REST
1271950050284	1	FR_PRES	14	DIAMOND	458	0	0	1303	(0.57740000000000002, 0.41289999999999999, 1.0)	../fonts/amplitud.ttf	upper
1271950054175	1	FR_PRES	14	FUNERAL	613	0	1	948	(0.57740000000000002, 0.41289999999999999, 1.0)	../fonts/amplitud.ttf	upper
1271950058083	1	FR_PRES	14	RECORD	1176	0	1	1432	(0.57740000000000002, 0.41289999999999999, 1.0)	../fonts/amplitud.ttf	upper
1271950062050	1	FR_PRES	14	ROBIN	1199	0	0	969	(0.57740000000000002, 0.41289999999999999, 1.0)	../fonts/amplitud.ttf	upper
1271950066224	1	FR_PRES	14	NOOSE	956	0	0	1666	(0.57740000000000002, 0.41289999999999999, 1.0)	../fonts/amplitud.ttf	upper
1271950070116	1	FR_PRES	14	OBOE	969	0	1	1071	(0.57740000000000002, 0.41289999999999999, 1.0)	../fonts/amplitud.ttf	upper
1271950073981	1	FR_PRES	14	HARP	689	1	0	1734	(0.42259999999999998, 0.58709999999999996, 0)	../fonts/zerothre.ttf	lower
1271950078190	1	FR_PRES	14	CATCHER	258	1	1	1253	(0.42259999999999998, 0.58709999999999996, 0)	../fonts/zerothre.ttf	lower
1271950082065	1	FR_PRES	14	GEM	629	1	0	1266	(0.42259999999999998, 0.58709999999999996, 0)	../fonts/zerothre.ttf	lower
1271950086215	1	FR_PRES	14	OCTOPUS	971	1	1	1044	(0.42259999999999998, 0.58709999999999996, 0)	../fonts/zerothre.ttf	lower
1271950090173	1	FR_PRES	14	SNAIL	1332	0	0	1902	(0.57740000000000002, 0.41289999999999999, 1.0)	../fonts/amplitud.ttf	upper
1271950094022	1	FR_PRES	14	CLAM	315	0	0	1037	(0.57740000000000002, 0.41289999999999999, 1.0)	../fonts/amplitud.ttf	upper
1271950097863	1	FR_PRES	14	PEARL	1034	1	0	1396	(0.42259999999999998, 0.58709999999999996, 0)	../fonts/zerothre.ttf	lower
1271950101829	1	FR_PRES	14	POET	1095	1	1	1053	(0.42259999999999998, 0.58709999999999996, 0)	../fonts/zerothre.ttf	lower
1271950105970	1	FR_PRES	14	KITCHEN	778	1	0	2297	(0.42259999999999998, 0.58709999999999996, 0)	../fonts/zerothre.ttf	lower
1271950109945	1	FR_PRES	14	SAUSAGE	1238	1	0	1857	(0.42259999999999998, 0.58709999999999996, 0)	../fonts/zerothre.ttf	lower
1271950115613	1	REC_START
1271950140930	0	REJECT
1271950141914	0	REJECT
1271950192224	0	REST
1271950193732	1	FR_PRES	15	COOK	372	0	0	1599	(0.57740000000000002, 0.41289999999999999, 1.0)	../fonts/amplitud.ttf	upper
1271950197797	1	FR_PRES	15	MEAL	882	0	0	1726	(0.57740000000000002, 0.41289999999999999, 1.0)	../fonts/amplitud.ttf	upper
1271950202006	1	FR_PRES	15	FIGHTER	564	0	1	1285	(0.57740000000000002, 0.41289999999999999, 1.0)	../fonts/amplitud.ttf	upper
1271950206131	1	FR_PRES	15	HERO	706	0	1	1640	(0.57740000000000002, 0.41289999999999999, 1.0)	../fonts/amplitud.ttf	upper
1271950210222	1	FR_PRES	15	DAUGHTER	442	0	1	2301	(0.57740000000000002, 0.41289999999999999, 1.0)	../fonts/amplitud.ttf	upper
1271950214397	1	FR_PRES	15	VEST	1559	0	0	2246	(0.57740000000000002, 0.41289999999999999, 1.0)	../fonts/amplitud.ttf	upper
1271950218330	1	FR_PRES	15	BULLY	196	0	1	2320	(0.57740000000000002, 0.41289999999999999, 1.0)	../fonts/amplitud.ttf	upper
1271950222255	1	FR_PRES	15	JET	756	0	1	1436	(0.57740000000000002, 0.41289999999999999, 1.0)	../fonts/amplitud.ttf	upper
1271950226188	1	FR_PRES	15	ACID	2	0	0	1806	(0.57740000000000002, 0.41289999999999999, 1.0)	../fonts/amplitud.ttf	upper
1271950230354	1	FR_PRES	15	SPONGE	1355	0	0	1201	(0.57740000000000002, 0.41289999999999999, 1.0)	../fonts/amplitud.ttf	upper
1271950234345	1	FR_PRES	15	WIRE	1616	0	0	1658	(0.57740000000000002, 0.41289999999999999, 1.0)	../fonts/amplitud.ttf	upper
1271950238437	1	FR_PRES	15	OPERATOR	979	0	1	1078	(0.57740000000000002, 0.41289999999999999, 1.0)	../fonts/amplitud.ttf	upper
1271950242445	1	FR_PRES	15	SHAMPOO	1274	0	0	1622	(0.57740000000000002, 0.41289999999999999, 1.0)	../fonts/amplitud.ttf	upper
1271950246436	1	FR_PRES	15	GUARDIAN	668	0	1	1143	(0.57740000000000002, 0.41289999999999999, 1.0)	../fonts/amplitud.ttf	upper
1271950250552	1	FR_PRES	15	MAJOR	859	0	1	947	(0.57740000000000002, 0.41289999999999999, 1.0)	../fonts/amplitud.ttf	upper
1271950254619	1	FR_PRES	15	EUROPE	541	0	1	1183	(0.57740000000000002, 0.41289999999999999, 1.0)	../fonts/amplitud.ttf	upper
1271950260302	1	REC_START
1271950300739	0	REJECT
1271950339238	0	FFR_START
1271950344771	1	REC_START
1271950662147	0	RECOG_START
1271950662148	1	REC_START
1271950662180	0	RECOG_PRES	0	ORCHID	982	-999	P	1495
1271950664038	0	RECOG_CR_PRES	0	ORCHID	982	-999	P	221
1271950664630	1	RECOG_FEEDBACK	1
1271950665388	0	RECOG_PRES	0	SINK	1309	-999	P	1071
1271950666829	0	RECOG_CR_PRES	0	SINK	1309	-999	P	141
1271950667297	1	RECOG_FEEDBACK	1
1271950668097	0	RECOG_PRES	0	ANTELOPE	27	-999	P	1434
1271950669904	0	RECOG_CR_PRES	0	ANTELOPE	27	-999	P	82
1271950670321	1	RECOG_FEEDBACK	1
1271950671105	0	RECOG_PRES	0	DASHBOARD	441	-999	P	1010
1271950672488	0	RECOG_CR_PRES	0	DASHBOARD	441	-999	P	139
1271950672937	1	RECOG_FEEDBACK	1
1271950673738	0	RECOG_PRES	0	POTTERY	1116	-999	P	873
1271950674978	0	RECOG_CR_PRES	0	POTTERY	1116	-999	P	169
1271950675463	1	RECOG_FEEDBACK	1
1271950676179	0	RECOG_PRES	0	DISH	474	-999	P	944
1271950677487	0	RECOG_CR_PRES	0	DISH	474	-999	P	140
1271950677936	1	RECOG_FEEDBACK	1
1271950678721	0	RECOG_PRES	0	TUSK	1523	-999	P	1161
1271950680246	0	RECOG_CR_PRES	0	TUSK	1523	-999	P	133
1271950680712	1	RECOG_FEEDBACK	1
1271950681487	0	RECOG_PRES	0	AMBULANCE	19	-999	P	1124
1271950682986	0	RECOG_CR_PRES	0	AMBULANCE	19	-999	P	161
1271950683462	1	RECOG_FEEDBACK	1
1271950684279	0	RECOG_PRES	0	GYMNAST	675	-999	P	956
1271950685604	0	RECOG_CR_PRES	0	GYMNAST	675	-999	P	111
1271950686029	1	RECOG_FEEDBACK	1
1271950686745	0	RECOG_PRES	0	TOWN	1491	-999	P	994
1271950688112	0	RECOG_CR_PRES	0	TOWN	1491	-999	P	171
1271950688595	1	RECOG_FEEDBACK	1
1271950689370	0	RECOG_PRES	0	OX	994	-999	P	897
1271950690636	0	RECOG_CR_PRES	0	OX	994	-999	P	174
1271950691128	1	RECOG_FEEDBACK	1
1271950691877	0	RECOG_PRES	0	VESSEL	1558	-999	P	1334
1271950693586	0	RECOG_CR_PRES	0	VESSEL	1558	-999	P	97
1271950694011	1	RECOG_FEEDBACK	0
1271950694728	0	RECOG_PRES	0	VASE	1549	-999	P	947
1271950696044	0	RECOG_CR_PRES	0	VASE	1549	-999	P	79
1271950696436	1	RECOG_FEEDBACK	1
1271950697228	0	RECOG_PRES	0	GRASSHOPPER	656	-999	P	943
1271950698544	0	RECOG_CR_PRES	0	GRASSHOPPER	656	-999	P	171
1271950699019	1	RECOG_FEEDBACK	1
1271950699736	0	RECOG_PRES	0	TWEEZERS	1526	-999	P	1027
1271950701136	0	RECOG_CR_PRES	0	TWEEZERS	1526	-999	P	91
1271950701544	1	RECOG_FEEDBACK	1
1271950702277	0	RECOG_PRES	0	BRACES	164	-999	P	990
1271950703636	0	RECOG_CR_PRES	0	BRACES	164	-999	P	111
1271950704052	1	RECOG_FEEDBACK	1
1271950704843	0	RECOG_PRES	0	BEAKER	104	-999	P	1103
1271950706310	0	RECOG_CR_PRES	0	BEAKER	104	-999	P	173
1271950706793	1	RECOG_FEEDBACK	1
1271950707577	0	RECOG_PRES	0	SKATE	1313	-999	P	922
1271950708867	0	RECOG_CR_PRES	0	SKATE	1313	-999	P	136
1271950709318	1	RECOG_FEEDBACK	1
1271950710093	0	RECOG_PRES	0	BOX	159	-999	P	1749
1271950712210	0	RECOG_CR_PRES	0	BOX	159	-999	P	105
1271950712668	1	RECOG_FEEDBACK	1
1271950713435	0	RECOG_PRES	0	NOVEL	960	-999	P	960
1271950714768	0	RECOG_CR_PRES	0	NOVEL	960	-999	P	210
1271950715293	1	RECOG_FEEDBACK	1
1271950716601	0	REST
1271950717745	1	REC_START
1271950717776	0	RECOG_PRES	1	SHEARS	1276	-999	P	963
1271950719109	0	RECOG_CR_PRES	1	SHEARS	1276	-999	P	166
1271950719601	1	RECOG_FEEDBACK	1
1271950720334	0	RECOG_PRES	1	TICKET	1464	-999	P	853
1271950721559	0	RECOG_CR_PRES	1	TICKET	1464	-999	P	164
1271950722017	1	RECOG_FEEDBACK	1
1271950722767	0	RECOG_PRES	1	GUARDIAN	668	-999	P	900
1271950724042	0	RECOG_CR_PRES	1	GUARDIAN	668	-999	P	129
1271950724492	1	RECOG_FEEDBACK	1
1271950725209	0	RECOG_PRES	1	TAR	1435	-999	P	922
1271950726501	0	RECOG_CR_PRES	1	TAR	1435	-999	P	502
1271950727317	1	RECOG_FEEDBACK	1
1271950728092	0	RECOG_PRES	1	PIGEON	1065	-999	P	975
1271950729442	0	RECOG_CR_PRES	1	PIGEON	1065	-999	P	129
1271950729891	1	RECOG_FEEDBACK	1
1271950730667	0	RECOG_PRES	1	KIDNEY	776	-999	P	864
1271950731899	0	RECOG_CR_PRES	1	KIDNEY	776	-999	P	144
1271950732350	1	RECOG_FEEDBACK	1
1271950733058	0	RECOG_PRES	1	STAIRS	1367	-999	P	1009
1271950734442	0	RECOG_CR_PRES	1	STAIRS	1367	-999	P	169
1271950734916	1	RECOG_FEEDBACK	0
1271950735641	0	RECOG_PRES	1	POCKET	1093	-999	P	875
1271950736915	0	RECOG_CR_PRES	1	POCKET	1093	-999	P	96
1271950737316	1	RECOG_FEEDBACK	1
1271950738100	0	RECOG_PRES	1	CABIN	211	-999	P	927
1271950739400	0	RECOG_CR_PRES	1	CABIN	211	-999	P	139
1271950739840	1	RECOG_FEEDBACK	1
1271950740633	0	RECOG_PRES	1	COOK	372	-999	P	850
1271950741857	0	RECOG_CR_PRES	1	COOK	372	-999	P	170
1271950742333	1	RECOG_FEEDBACK	1
1271950743058	0	RECOG_PRES	1	SERVANT	1271	-999	P	1145
1271950744574	0	RECOG_CR_PRES	1	SERVANT	1271	-999	P	77
1271950744990	1	RECOG_FEEDBACK	1
1271950745741	0	RECOG_PRES	1	PAN	1008	-999	P	950
1271950747066	0	RECOG_CR_PRES	1	PAN	1008	-999	P	105
1271950747482	1	RECOG_FEEDBACK	1
1271950748241	0	RECOG_PRES	1	TRIBE	1505	-999	P	1010
1271950749615	0	RECOG_CR_PRES	1	TRIBE	1505	-999	P	156
1271950750082	1	RECOG_FEEDBACK	1
1271950750806	0	RECOG_PRES	1	GORILLA	650	-999	P	1365
1271950752540	0	RECOG_CR_PRES	1	GORILLA	650	-999	P	119
1271950752998	1	RECOG_FEEDBACK	0
1271950753789	0	RECOG_PRES	1	ANTEATER	26	-999	P	1374
1271950755532	0	RECOG_CR_PRES	1	ANTEATER	26	-999	P	135
1271950756007	1	RECOG_FEEDBACK	1
1271950756757	0	RECOG_PRES	1	GUEST	669	-999	P	1006
1271950758131	0	RECOG_CR_PRES	1	GUEST	669	-999	P	112
1271950758556	1	RECOG_FEEDBACK	0
1271950759290	0	RECOG_PRES	1	VAN	1548	-999	P	1417
1271950761081	0	RECOG_CR_PRES	1	VAN	1548	-999	P	146
1271950761556	1	RECOG_FEEDBACK	1
1271950762323	0	RECOG_PRES	1	ORNAMENT	985	-999	P	1336
1271950764031	0	RECOG_CR_PRES	1	ORNAMENT	985	-999	P	132
1271950764481	1	RECOG_FEEDBACK	1
1271950765264	0	RECOG_PRES	1	SURGEON	1413	-999	P	955
1271950766589	0	RECOG_CR_PRES	1	SURGEON	1413	-999	P	118
1271950767023	1	RECOG_FEEDBACK	1
1271950767788	0	RECOG_PRES	1	STADIUM	1364	-999	P	998
1271950769147	0	RECOG_CR_PRES	1	STADIUM	1364	-999	P	152
1271950769614	1	RECOG_FEEDBACK	1
1271950771139	0	REST
1271950772031	1	REC_START
1271950772064	0	RECOG_PRES	2	HORIZON	717	-999	P	966
1271950773430	0	RECOG_CR_PRES	2	HORIZON	717	-999	P	117
1271950773871	1	RECOG_FEEDBACK	1
1271950774614	0	RECOG_PRES	2	SATURN	1236	-999	P	933
1271950775921	0	RECOG_CR_PRES	2	SATURN	1236	-999	P	146
1271950776363	1	RECOG_FEEDBACK	1
1271950777172	0	RECOG_PRES	2	PAINT	1003	-999	P	999
1271950778547	0	RECOG_CR_PRES	2	PAINT	1003	-999	P	160
1271950779022	1	RECOG_FEEDBACK	1
1271950779804	0	RECOG_PRES	2	THERMOMETER	1453	-999	P	935
1271950781113	0	RECOG_CR_PRES	2	THERMOMETER	1453	-999	P	154
1271950781580	1	RECOG_FEEDBACK	1
1271950782321	0	RECOG_PRES	2	SISTER	1312	-999	P	1058
1271950783755	0	RECOG_CR_PRES	2	SISTER	1312	-999	P	135
1271950784196	1	RECOG_FEEDBACK	1
1271950784987	0	RECOG_PRES	2	POCKETBOOK	1094	-999	P	1032
1271950786379	0	RECOG_CR_PRES	2	POCKETBOOK	1094	-999	P	120
1271950786812	1	RECOG_FEEDBACK	1
1271950787596	0	RECOG_PRES	2	PENCIL	1042	-999	P	1127
1271950789096	0	RECOG_CR_PRES	2	PENCIL	1042	-999	P	75
1271950789496	1	RECOG_FEEDBACK	0
1271950790304	0	RECOG_PRES	2	BUTTER	205	-999	P	963
1271950791637	0	RECOG_CR_PRES	2	BUTTER	205	-999	P	102
1271950792046	1	RECOG_FEEDBACK	1
1271950792820	0	RECOG_PRES	2	MANAGER	863	-999	P	1407
1271950794595	0	RECOG_CR_PRES	2	MANAGER	863	-999	P	96
1271950795020	1	RECOG_FEEDBACK	0
1271950795794	0	RECOG_PRES	2	CLIFF	322	-999	P	1192
1271950797362	0	RECOG_CR_PRES	2	CLIFF	322	-999	P	65
1271950797745	1	RECOG_FEEDBACK	1
1271950798479	0	RECOG_PRES	2	CATCHER	258	-999	P	996
1271950799844	0	RECOG_CR_PRES	2	CATCHER	258	-999	P	118
1271950800278	1	RECOG_FEEDBACK	1
1271950801028	0	RECOG_PRES	2	BIOLOGIST	128	-999	P	1039
1271950802436	0	RECOG_CR_PRES	2	BIOLOGIST	128	-999	P	135
1271950802894	1	RECOG_FEEDBACK	1
1271950803661	0	RECOG_PRES	2	ELEPHANT	523	-999	P	870
1271950804902	0	RECOG_CR_PRES	2	ELEPHANT	523	-999	P	117
1271950805336	1	RECOG_FEEDBACK	1
1271950806086	0	RECOG_PRES	2	AFRICA	9	-999	P	1077
1271950807536	0	RECOG_CR_PRES	2	AFRICA	9	-999	P	195
1271950808053	1	RECOG_FEEDBACK	1
1271950808860	0	RECOG_PRES	2	DRUM	502	-999	P	1014
1271950810236	0	RECOG_CR_PRES	2	DRUM	502	-999	P	151
1271950810703	1	RECOG_FEEDBACK	1
1271950811428	0	RECOG_PRES	2	ELECTRICIAN	521	-999	P	919
1271950812719	0	RECOG_CR_PRES	2	ELECTRICIAN	521	-999	P	123
1271950813161	1	RECOG_FEEDBACK	1
1271950813935	0	RECOG_PRES	2	PATIO	1025	-999	P	923
1271950815219	0	RECOG_CR_PRES	2	PATIO	1025	-999	P	96
1271950815627	1	RECOG_FEEDBACK	1
1271950816419	0	RECOG_PRES	2	CLIMBER	323	-999	P	1519
1271950818302	0	RECOG_CR_PRES	2	CLIMBER	323	-999	P	157
1271950818793	1	RECOG_FEEDBACK	0
1271950819569	0	RECOG_PRES	2	TIMBER	1469	-999	P	1042
1271950820984	0	RECOG_CR_PRES	2	TIMBER	1469	-999	P	459
1271950821760	1	RECOG_FEEDBACK	1
1271950822552	0	RECOG_PRES	2	JUG	762	-999	P	931
1271950823851	0	RECOG_CR_PRES	2	JUG	762	-999	P	192
1271950824351	1	RECOG_FEEDBACK	1
1271950825502	0	REST
1271950826460	1	REC_START
1271950826493	0	RECOG_PRES	3	BODY	145	-999	P	1078
1271950827942	0	RECOG_CR_PRES	3	BODY	145	-999	P	149
1271950828401	1	RECOG_FEEDBACK	1
1271950829135	0	RECOG_PRES	3	PUCK	1138	-999	P	908
1271950830409	0	RECOG_CR_PRES	3	PUCK	1138	-999	P	138
1271950830858	1	RECOG_FEEDBACK	1
1271950831634	0	RECOG_PRES	3	GUITAR	670	-999	P	1264
1271950833259	0	RECOG_CR_PRES	3	GUITAR	670	-999	P	96
1271950833684	1	RECOG_FEEDBACK	0
1271950834401	0	RECOG_PRES	3	BULLY	196	-999	P	1738
1271950836509	0	RECOG_CR_PRES	3	BULLY	196	-999	P	126
1271950836983	1	RECOG_FEEDBACK	1
1271950837767	0	RECOG_PRES	3	CELERY	266	-999	P	1011
1271950839142	0	RECOG_CR_PRES	3	CELERY	266	-999	P	85
1271950839542	1	RECOG_FEEDBACK	1
1271950840250	0	RECOG_PRES	3	WIRE	1616	-999	P	1025
1271950841650	0	RECOG_CR_PRES	3	WIRE	1616	-999	P	57
1271950842025	1	RECOG_FEEDBACK	1
1271950842775	0	RECOG_PRES	3	CLARINET	317	-999	P	836
1271950843982	0	RECOG_CR_PRES	3	CLARINET	317	-999	P	117
1271950844408	1	RECOG_FEEDBACK	1
1271950845133	0	RECOG_PRES	3	BED	110	-999	P	1134
1271950846641	0	RECOG_CR_PRES	3	BED	110	-999	P	82
1271950847058	1	RECOG_FEEDBACK	0
1271950847849	0	RECOG_PRES	3	STAPLER	1372	-999	P	985
1271950849200	0	RECOG_CR_PRES	3	STAPLER	1372	-999	P	59
1271950849575	1	RECOG_FEEDBACK	1
1271950850375	0	RECOG_PRES	3	PASSAGE	1019	-999	P	948
1271950851699	0	RECOG_CR_PRES	3	PASSAGE	1019	-999	P	95
1271950852116	1	RECOG_FEEDBACK	1
1271950852832	0	RECOG_PRES	3	FIGHTER	564	-999	P	1042
1271950854241	0	RECOG_CR_PRES	3	FIGHTER	564	-999	P	98
1271950854658	1	RECOG_FEEDBACK	1
1271950855374	0	RECOG_PRES	3	ROOST	1208	-999	P	933
1271950856682	0	RECOG_CR_PRES	3	ROOST	1208	-999	P	104
1271950857107	1	RECOG_FEEDBACK	1
1271950857865	0	RECOG_PRES	3	OPERA	978	-999	P	929
1271950859157	0	RECOG_CR_PRES	3	OPERA	978	-999	P	118
1271950859591	1	RECOG_FEEDBACK	1
1271950860374	0	RECOG_PRES	3	METEOR	889	-999	P	1053
1271950861798	0	RECOG_CR_PRES	3	METEOR	889	-999	P	188
1271950862299	1	RECOG_FEEDBACK	1
1271950863107	0	RECOG_PRES	3	RACK	1154	-999	P	1032
1271950864515	0	RECOG_CR_PRES	3	RACK	1154	-999	P	136
1271950864973	1	RECOG_FEEDBACK	1
1271950865699	0	RECOG_PRES	3	ACORN	3	-999	P	1056
1271950867123	0	RECOG_CR_PRES	3	ACORN	3	-999	P	160
1271950867598	1	RECOG_FEEDBACK	1
1271950868373	0	RECOG_PRES	3	FUNGUS	614	-999	P	958
1271950869715	0	RECOG_CR_PRES	3	FUNGUS	614	-999	P	87
1271950870123	1	RECOG_FEEDBACK	1
1271950870864	0	RECOG_PRES	3	SUBURB	1399	-999	P	1010
1271950872240	0	RECOG_CR_PRES	3	SUBURB	1399	-999	P	179
1271950872731	1	RECOG_FEEDBACK	1
1271950873515	0	RECOG_PRES	3	PRINTER	1126	-999	P	1032
1271950874922	0	RECOG_CR_PRES	3	PRINTER	1126	-999	P	137
1271950875381	1	RECOG_FEEDBACK	1
1271950876123	0	RECOG_PRES	3	DAUGHTER	442	-999	P	976
1271950877473	0	RECOG_CR_PRES	3	DAUGHTER	442	-999	P	162
1271950877955	1	RECOG_FEEDBACK	1
1271950879314	0	REST
1271950880331	1	REC_START
1271950880364	0	RECOG_PRES	4	DUCK	504	-999	P	1039
1271950881772	0	RECOG_CR_PRES	4	DUCK	504	-999	P	94
1271950882197	1	RECOG_FEEDBACK	1
1271950882913	0	RECOG_PRES	4	COCOON	339	-999	P	889
1271950884164	0	RECOG_CR_PRES	4	COCOON	339	-999	P	103
1271950884580	1	RECOG_FEEDBACK	1
1271950885314	0	RECOG_PRES	4	FELLOW	558	-999	P	913
1271950886597	0	RECOG_CR_PRES	4	FELLOW	558	-999	P	110
1271950887022	1	RECOG_FEEDBACK	1
1271950887763	0	RECOG_PRES	4	BRACELET	163	-999	P	866
1271950889030	0	RECOG_CR_PRES	4	BRACELET	163	-999	P	149
1271950889497	1	RECOG_FEEDBACK	1
1271950890238	0	RECOG_PRES	4	DIGGER	464	-999	P	917
1271950891530	0	RECOG_CR_PRES	4	DIGGER	464	-999	P	145
1271950891987	1	RECOG_FEEDBACK	1
1271950892763	0	RECOG_PRES	4	KITCHEN	778	-999	P	888
1271950894021	0	RECOG_CR_PRES	4	KITCHEN	778	-999	P	134
1271950894480	1	RECOG_FEEDBACK	1
1271950895230	0	RECOG_PRES	4	REINDEER	1181	-999	P	1045
1271950896646	0	RECOG_CR_PRES	4	REINDEER	1181	-999	P	125
1271950897096	1	RECOG_FEEDBACK	1
1271950897878	0	RECOG_PRES	4	PORCH	1106	-999	P	1012
1271950899254	0	RECOG_CR_PRES	4	PORCH	1106	-999	P	157
1271950899729	1	RECOG_FEEDBACK	1
1271950900513	0	RECOG_PRES	4	PRISON	1127	-999	P	1066
1271950901953	0	RECOG_CR_PRES	4	PRISON	1127	-999	P	138
1271950902404	1	RECOG_FEEDBACK	1
1271950903129	0	RECOG_PRES	4	CUCUMBER	421	-999	P	1090
1271950904587	0	RECOG_CR_PRES	4	CUCUMBER	421	-999	P	536
1271950905445	1	RECOG_FEEDBACK	0
1271950906187	0	RECOG_PRES	4	SAP	1233	-999	P	1288
1271950907844	0	RECOG_CR_PRES	4	SAP	1233	-999	P	54
1271950908237	1	RECOG_FEEDBACK	1
1271950909029	0	RECOG_PRES	4	DIAGRAM	456	-999	P	1038
1271950910428	0	RECOG_CR_PRES	4	DIAGRAM	456	-999	P	127
1271950910861	1	RECOG_FEEDBACK	1
1271950911587	0	RECOG_PRES	4	RANCH	1166	-999	P	1048
1271950913003	0	RECOG_CR_PRES	4	RANCH	1166	-999	P	96
1271950913412	1	RECOG_FEEDBACK	1
1271950914145	0	RECOG_PRES	4	ACID	2	-999	P	946
1271950915461	0	RECOG_CR_PRES	4	ACID	2	-999	P	142
1271950915919	1	RECOG_FEEDBACK	1
1271950916670	0	RECOG_PRES	4	HARE	688	-999	P	1101
1271950918136	0	RECOG_CR_PRES	4	HARE	688	-999	P	83
1271950918544	1	RECOG_FEEDBACK	1
1271950919269	0	RECOG_PRES	4	FREEWAY	603	-999	P	974
1271950920619	0	RECOG_CR_PRES	4	FREEWAY	603	-999	P	64
1271950921003	1	RECOG_FEEDBACK	1
1271950921761	0	RECOG_PRES	4	SPONGE	1355	-999	P	930
1271950923061	0	RECOG_CR_PRES	4	SPONGE	1355	-999	P	126
1271950923494	1	RECOG_FEEDBACK	1
1271950924252	0	RECOG_PRES	4	CATHEDRAL	260	-999	P	943
1271950925569	0	RECOG_CR_PRES	4	CATHEDRAL	260	-999	P	114
1271950926002	1	RECOG_FEEDBACK	1
1271950926736	0	RECOG_PRES	4	DAM	436	-999	P	1130
1271950928227	0	RECOG_CR_PRES	4	DAM	436	-999	P	112
1271950928669	1	RECOG_FEEDBACK	1
1271950929427	0	RECOG_PRES	4	FRUIT	610	-999	P	1040
1271950930834	0	RECOG_CR_PRES	4	FRUIT	610	-999	P	193
1271950931360	1	RECOG_FEEDBACK	1
1271950932585	0	REST
1271950933410	1	REC_START
1271950933443	0	RECOG_PRES	5	TRUMPET	1513	-999	P	912
1271950934727	0	RECOG_CR_PRES	5	TRUMPET	1513	-999	P	115
1271950935168	1	RECOG_FEEDBACK	1
1271950935942	0	RECOG_PRES	5	SCREW	1254	-999	P	876
1271950937185	0	RECOG_CR_PRES	5	SCREW	1254	-999	P	106
1271950937610	1	RECOG_FEEDBACK	1
1271950938418	0	RECOG_PRES	5	DOLL	481	-999	P	905
1271950939693	0	RECOG_CR_PRES	5	DOLL	481	-999	P	117
1271950940126	1	RECOG_FEEDBACK	1
1271950940884	0	RECOG_PRES	5	DIAMOND	458	-999	P	958
1271950942209	0	RECOG_CR_PRES	5	DIAMOND	458	-999	P	122
1271950942651	1	RECOG_FEEDBACK	1
1271950943393	0	RECOG_PRES	5	FEATHER	557	-999	P	842
1271950944609	0	RECOG_CR_PRES	5	FEATHER	557	-999	P	209
1271950945134	1	RECOG_FEEDBACK	1
1271950945875	0	RECOG_PRES	5	BUTCHER	203	-999	P	1071
1271950947309	0	RECOG_CR_PRES	5	BUTCHER	203	-999	P	142
1271950947791	1	RECOG_FEEDBACK	1
1271950948592	0	RECOG_PRES	5	KNIFE	785	-999	P	1306
1271950950259	0	RECOG_CR_PRES	5	KNIFE	785	-999	P	80
1271950950692	1	RECOG_FEEDBACK	1
1271950951400	0	RECOG_PRES	5	MINER	896	-999	P	1075
1271950952849	0	RECOG_CR_PRES	5	MINER	896	-999	P	145
1271950953325	1	RECOG_FEEDBACK	1
1271950954075	0	RECOG_PRES	5	PASTRY	1022	-999	P	1072
1271950955508	0	RECOG_CR_PRES	5	PASTRY	1022	-999	P	103
1271950955924	1	RECOG_FEEDBACK	1
1271950956700	0	RECOG_PRES	5	ELK	526	-999	P	951
1271950958025	0	RECOG_CR_PRES	5	ELK	526	-999	P	154
1271950958492	1	RECOG_FEEDBACK	1
1271950959217	0	RECOG_PRES	5	CARROT	249	-999	P	1010
1271950960591	0	RECOG_CR_PRES	5	CARROT	249	-999	P	146
1271950961066	1	RECOG_FEEDBACK	1
1271950961832	0	RECOG_PRES	5	SIGNATURE	1306	-999	P	978
1271950963175	0	RECOG_CR_PRES	5	SIGNATURE	1306	-999	P	188
1271950963691	1	RECOG_FEEDBACK	1
1271950964441	0	RECOG_PRES	5	COMET	353	-999	P	1106
1271950965915	0	RECOG_CR_PRES	5	COMET	353	-999	P	96
1271950966341	1	RECOG_FEEDBACK	1
1271950967066	0	RECOG_PRES	5	ROBIN	1199	-999	P	937
1271950968374	0	RECOG_CR_PRES	5	ROBIN	1199	-999	P	157
1271950968848	1	RECOG_FEEDBACK	1
1271950969574	0	RECOG_PRES	5	LIGHTER	819	-999	P	1021
1271950970965	0	RECOG_CR_PRES	5	LIGHTER	819	-999	P	150
1271950971441	1	RECOG_FEEDBACK	1
1271950972166	0	RECOG_PRES	5	CLOUD	328	-999	P	1013
1271950973540	0	RECOG_CR_PRES	5	CLOUD	328	-999	P	103
1271950973964	1	RECOG_FEEDBACK	1
1271950974757	0	RECOG_PRES	5	VOLUNTEER	1577	-999	P	1101
1271950976224	0	RECOG_CR_PRES	5	VOLUNTEER	1577	-999	P	115
1271950976665	1	RECOG_FEEDBACK	1
1271950977457	0	RECOG_PRES	5	VIDEO	1564	-999	P	1050
1271950978881	0	RECOG_CR_PRES	5	VIDEO	1564	-999	P	138
1271950979340	1	RECOG_FEEDBACK	0
1271950980132	0	RECOG_PRES	5	LOBBY	836	-999	P	935
1271950981440	0	RECOG_CR_PRES	5	LOBBY	836	-999	P	107
1271950981855	1	RECOG_FEEDBACK	1
1271950982631	0	RECOG_PRES	5	SERPENT	1270	-999	P	1116
1271950984123	0	RECOG_CR_PRES	5	SERPENT	1270	-999	P	152
1271950984640	1	RECOG_FEEDBACK	1
1271950985864	0	REST
1271950987036	1	REC_START
1271950987073	0	RECOG_PRES	6	PADDLE	1000	-999	P	962
1271950988439	0	RECOG_CR_PRES	6	PADDLE	1000	-999	P	60
1271950988813	1	RECOG_FEEDBACK	0
1271950989589	0	RECOG_PRES	6	BATHROOM	99	-999	P	998
1271950990955	0	RECOG_CR_PRES	6	BATHROOM	99	-999	P	96
1271950991356	1	RECOG_FEEDBACK	1
1271950992156	0	RECOG_PRES	6	BRIDGE	174	-999	P	806
1271950993364	0	RECOG_CR_PRES	6	BRIDGE	174	-999	P	87
1271950993756	1	RECOG_FEEDBACK	1
1271950994481	0	RECOG_PRES	6	RAILROAD	1162	-999	P	922
1271950995772	0	RECOG_CR_PRES	6	RAILROAD	1162	-999	P	158
1271950996247	1	RECOG_FEEDBACK	1
1271950996979	0	RECOG_PRES	6	SALIVA	1226	-999	P	875
1271950998247	0	RECOG_CR_PRES	6	SALIVA	1226	-999	P	132
1271950998697	1	RECOG_FEEDBACK	1
1271950999414	0	RECOG_PRES	6	JEWEL	757	-999	P	853
1271951000638	0	RECOG_CR_PRES	6	JEWEL	757	-999	P	109
1271951001063	1	RECOG_FEEDBACK	1
1271951001787	0	RECOG_PRES	6	SOFTBALL	1343	-999	P	912
1271951003072	0	RECOG_CR_PRES	6	SOFTBALL	1343	-999	P	427
1271951003812	1	RECOG_FEEDBACK	1
1271951004596	0	RECOG_PRES	6	HANDBAG	684	-999	P	1071
1271951006038	0	RECOG_CR_PRES	6	HANDBAG	684	-999	P	85
1271951006430	1	RECOG_FEEDBACK	0
1271951007196	0	RECOG_PRES	6	LOLLIPOP	842	-999	P	983
1271951008555	0	RECOG_CR_PRES	6	LOLLIPOP	842	-999	P	136
1271951009004	1	RECOG_FEEDBACK	1
1271951009795	0	RECOG_PRES	6	MEADOW	881	-999	P	872
1271951011038	0	RECOG_CR_PRES	6	MEADOW	881	-999	P	109
1271951011463	1	RECOG_FEEDBACK	1
1271951012179	0	RECOG_PRES	6	BROTHER	179	-999	P	936
1271951013487	0	RECOG_CR_PRES	6	BROTHER	179	-999	P	116
1271951013911	1	RECOG_FEEDBACK	1
1271951014712	0	RECOG_PRES	6	ROOM	1206	-999	P	1627
1271951016712	0	RECOG_CR_PRES	6	ROOM	1206	-999	P	59
1271951017129	1	RECOG_FEEDBACK	1
1271951017844	0	RECOG_PRES	6	KANGAROO	768	-999	P	1046
1271951019254	0	RECOG_CR_PRES	6	KANGAROO	768	-999	P	93
1271951019670	1	RECOG_FEEDBACK	1
1271951020404	0	RECOG_PRES	6	CAB	209	-999	P	927
1271951021704	0	RECOG_CR_PRES	6	CAB	209	-999	P	106
1271951022137	1	RECOG_FEEDBACK	1
1271951022936	0	RECOG_PRES	6	SWATTER	1418	-999	P	1018
1271951024320	0	RECOG_CR_PRES	6	SWATTER	1418	-999	P	115
1271951024753	1	RECOG_FEEDBACK	1
1271951025478	0	RECOG_PRES	6	COACH	331	-999	P	1037
1271951026885	0	RECOG_CR_PRES	6	COACH	331	-999	P	77
1271951027278	1	RECOG_FEEDBACK	1
1271951028070	0	RECOG_PRES	6	BLOSSOM	138	-999	P	965
1271951029411	0	RECOG_CR_PRES	6	BLOSSOM	138	-999	P	64
1271951029785	1	RECOG_FEEDBACK	0
1271951030586	0	RECOG_PRES	6	TAPE	1433	-999	P	1577
1271951032536	0	RECOG_CR_PRES	6	TAPE	1433	-999	P	51
1271951032927	1	RECOG_FEEDBACK	1
1271951033703	0	RECOG_PRES	6	CUBE	420	-999	P	868
1271951034943	0	RECOG_CR_PRES	6	CUBE	420	-999	P	92
1271951035352	1	RECOG_FEEDBACK	1
1271951036102	0	RECOG_PRES	6	CAPITAL	238	-999	P	981
1271951037452	0	RECOG_CR_PRES	6	CAPITAL	238	-999	P	119
1271951037885	1	RECOG_FEEDBACK	0
1271951039177	0	REST
1271951040057	1	REC_START
1271951040094	0	RECOG_PRES	7	FLIPPER	580	-999	P	1045
1271951041510	0	RECOG_CR_PRES	7	FLIPPER	580	-999	P	101
1271951041959	1	RECOG_FEEDBACK	1
1271951042760	0	RECOG_PRES	7	CREEK	404	-999	P	859
1271951043992	0	RECOG_CR_PRES	7	CREEK	404	-999	P	51
1271951044352	1	RECOG_FEEDBACK	1
1271951045152	0	RECOG_PRES	7	LUGGAGE	847	-999	P	859
1271951046385	0	RECOG_CR_PRES	7	LUGGAGE	847	-999	P	66
1271951046768	1	RECOG_FEEDBACK	1
1271951047568	0	RECOG_PRES	7	SHINGLE	1285	-999	P	1003
1271951048942	0	RECOG_CR_PRES	7	SHINGLE	1285	-999	P	85
1271951049360	1	RECOG_FEEDBACK	1
1271951050168	0	RECOG_PRES	7	KETTLE	772	-999	P	939
1271951051476	0	RECOG_CR_PRES	7	KETTLE	772	-999	P	119
1271951051909	1	RECOG_FEEDBACK	1
1271951052660	0	RECOG_PRES	7	HOE	711	-999	P	1559
1271951054593	0	RECOG_CR_PRES	7	HOE	711	-999	P	74
1271951055001	1	RECOG_FEEDBACK	1
1271951055751	0	RECOG_PRES	7	SUBMARINE	1398	-999	P	1123
1271951057243	0	RECOG_CR_PRES	7	SUBMARINE	1398	-999	P	88
1271951057643	1	RECOG_FEEDBACK	0
1271951058359	0	RECOG_PRES	7	VOLCANO	1575	-999	P	1036
1271951059767	0	RECOG_CR_PRES	7	VOLCANO	1575	-999	P	75
1271951060159	1	RECOG_FEEDBACK	1
1271951060958	0	RECOG_PRES	7	SAUSAGE	1238	-999	P	1093
1271951062425	0	RECOG_CR_PRES	7	SAUSAGE	1238	-999	P	74
1271951062824	1	RECOG_FEEDBACK	1
1271951063534	0	RECOG_PRES	7	GLASS	639	-999	P	1037
1271951064941	0	RECOG_CR_PRES	7	GLASS	639	-999	P	70
1271951065325	1	RECOG_FEEDBACK	1
1271951066042	0	RECOG_PRES	7	ACROBAT	4	-999	P	1297
1271951067708	0	RECOG_CR_PRES	7	ACROBAT	4	-999	P	118
1271951068175	1	RECOG_FEEDBACK	0
1271951068907	0	RECOG_PRES	7	FLOWER	584	-999	P	1672
1271951070949	0	RECOG_CR_PRES	7	FLOWER	584	-999	P	358
1271951071725	1	RECOG_FEEDBACK	1
1271951072475	0	RECOG_PRES	7	TROUT	1511	-999	P	840
1271951073683	0	RECOG_CR_PRES	7	TROUT	1511	-999	P	167
1271951074158	1	RECOG_FEEDBACK	1
1271951074974	0	RECOG_PRES	7	CARD	243	-999	P	956
1271951076291	0	RECOG_CR_PRES	7	CARD	243	-999	P	160
1271951076758	1	RECOG_FEEDBACK	1
1271951077516	0	RECOG_PRES	7	TACK	1428	-999	P	1310
1271951079191	0	RECOG_CR_PRES	7	TACK	1428	-999	P	548
1271951080049	1	RECOG_FEEDBACK	0
1271951080823	0	RECOG_PRES	7	SEAT	1264	-999	P	2460
1271951083657	0	RECOG_CR_PRES	7	SEAT	1264	-999	P	114
1271951084157	1	RECOG_FEEDBACK	1
1271951084956	0	RECOG_PRES	7	TRANSPLANT	1496	-999	P	1006
1271951086324	0	RECOG_CR_PRES	7	TRANSPLANT	1496	-999	P	95
1271951086732	1	RECOG_FEEDBACK	1
1271951087457	0	RECOG_PRES	7	UNIFORM	1539	-999	P	970
1271951088798	0	RECOG_CR_PRES	7	UNIFORM	1539	-999	P	84
1271951089207	1	RECOG_FEEDBACK	1
1271951089972	0	RECOG_PRES	7	PUDDLE	1140	-999	P	1063
1271951091407	0	RECOG_CR_PRES	7	PUDDLE	1140	-999	P	140
1271951091864	1	RECOG_FEEDBACK	1
1271951092648	0	RECOG_PRES	7	SCENERY	1247	-999	P	939
1271951093956	0	RECOG_CR_PRES	7	SCENERY	1247	-999	P	135
1271951094415	1	RECOG_FEEDBACK	1
1271951095748	0	REST
1271951096664	1	REC_START
1271951096698	0	RECOG_PRES	8	PADDING	999	-999	P	1737
1271951098805	0	RECOG_CR_PRES	8	PADDING	999	-999	P	133
1271951099264	1	RECOG_FEEDBACK	0
1271951100031	0	RECOG_PRES	8	CHEF	290	-999	P	1028
1271951101431	0	RECOG_CR_PRES	8	CHEF	290	-999	P	84
1271951101838	1	RECOG_FEEDBACK	0
1271951102581	0	RECOG_PRES	8	ROUGE	1213	-999	P	1102
1271951104056	0	RECOG_CR_PRES	8	ROUGE	1213	-999	P	91
1271951104456	1	RECOG_FEEDBACK	1
1271951105197	0	RECOG_PRES	8	CAPE	237	-999	P	910
1271951106481	0	RECOG_CR_PRES	8	CAPE	237	-999	P	146
1271951106921	1	RECOG_FEEDBACK	1
1271951107672	0	RECOG_PRES	8	MUFFIN	929	-999	P	849
1271951108921	0	RECOG_CR_PRES	8	MUFFIN	929	-999	P	114
1271951109339	1	RECOG_FEEDBACK	1
1271951110055	0	RECOG_PRES	8	DESK	452	-999	P	1108
1271951111538	0	RECOG_CR_PRES	8	DESK	452	-999	P	169
1271951112030	1	RECOG_FEEDBACK	1
1271951112738	0	RECOG_PRES	8	VIOLIN	1571	-999	P	1112
1271951114213	0	RECOG_CR_PRES	8	VIOLIN	1571	-999	P	102
1271951114638	1	RECOG_FEEDBACK	1
1271951115347	0	RECOG_PRES	8	GARAGE	621	-999	P	892
1271951116638	0	RECOG_CR_PRES	8	GARAGE	621	-999	P	117
1271951117071	1	RECOG_FEEDBACK	1
1271951117812	0	RECOG_PRES	8	SPY	1360	-999	P	966
1271951119146	0	RECOG_CR_PRES	8	SPY	1360	-999	P	425
1271951119887	1	RECOG_FEEDBACK	1
1271951120654	0	RECOG_PRES	8	BUGGY	188	-999	P	1132
1271951122154	0	RECOG_CR_PRES	8	BUGGY	188	-999	P	81
1271951122554	1	RECOG_FEEDBACK	1
1271951123321	0	RECOG_PRES	8	CONDUCTOR	362	-999	P	938
1271951124629	0	RECOG_CR_PRES	8	CONDUCTOR	362	-999	P	102
1271951125054	1	RECOG_FEEDBACK	1
1271951125811	0	RECOG_PRES	8	JAR	750	-999	P	1304
1271951127487	0	RECOG_CR_PRES	8	JAR	750	-999	P	92
1271951127911	1	RECOG_FEEDBACK	1
1271951128712	0	RECOG_PRES	8	TEA	1439	-999	P	915
1271951129994	0	RECOG_CR_PRES	8	TEA	1439	-999	P	105
1271951130412	1	RECOG_FEEDBACK	1
1271951131220	0	RECOG_PRES	8	JUPITER	765	-999	P	983
1271951132579	0	RECOG_CR_PRES	8	JUPITER	765	-999	P	136
1271951133029	1	RECOG_FEEDBACK	1
1271951133828	0	RECOG_PRES	8	BISON	131	-999	P	1102
1271951135295	0	RECOG_CR_PRES	8	BISON	131	-999	P	92
1271951135703	1	RECOG_FEEDBACK	1
1271951136412	0	RECOG_PRES	8	BLACKBERRY	132	-999	P	855
1271951137637	0	RECOG_CR_PRES	8	BLACKBERRY	132	-999	P	86
1271951138028	1	RECOG_FEEDBACK	1
1271951138778	0	RECOG_PRES	8	ALLIGATOR	16	-999	P	849
1271951140003	0	RECOG_CR_PRES	8	ALLIGATOR	16	-999	P	80
1271951140395	1	RECOG_FEEDBACK	1
1271951141111	0	RECOG_PRES	8	RADIO	1157	-999	P	891
1271951142403	0	RECOG_CR_PRES	8	RADIO	1157	-999	P	88
1271951142802	1	RECOG_FEEDBACK	1
1271951143553	0	RECOG_PRES	8	TECHNICIAN	1443	-999	P	978
1271951144902	0	RECOG_CR_PRES	8	TECHNICIAN	1443	-999	P	101
1271951145328	1	RECOG_FEEDBACK	1
1271951146136	0	RECOG_PRES	8	COAT	333	-999	P	987
1271951147494	0	RECOG_CR_PRES	8	COAT	333	-999	P	77
1271951147893	1	RECOG_FEEDBACK	1
1271951149228	0	REST
1271951150213	1	REC_START
1271951150252	0	RECOG_PRES	9	CAFETERIA	217	-999	P	1039
1271951151661	0	RECOG_CR_PRES	9	CAFETERIA	217	-999	P	117
1271951152102	1	RECOG_FEEDBACK	1
1271951152851	0	RECOG_PRES	9	OPERATOR	979	-999	P	1023
1271951154235	0	RECOG_CR_PRES	9	OPERATOR	979	-999	P	128
1271951154685	1	RECOG_FEEDBACK	0
1271951155394	0	RECOG_PRES	9	SANDWICH	1232	-999	P	1009
1271951156777	0	RECOG_CR_PRES	9	SANDWICH	1232	-999	P	137
1271951157227	1	RECOG_FEEDBACK	1
1271951157942	0	RECOG_PRES	9	HOME	712	-999	P	1012
1271951159318	0	RECOG_CR_PRES	9	HOME	712	-999	P	141
1271951159784	1	RECOG_FEEDBACK	1
1271951160552	0	RECOG_PRES	9	PORK	1108	-999	P	907
1271951161834	0	RECOG_CR_PRES	9	PORK	1108	-999	P	136
1271951162285	1	RECOG_FEEDBACK	1
1271951163076	0	RECOG_PRES	9	SIDEWALK	1303	-999	P	862
1271951164301	0	RECOG_CR_PRES	9	SIDEWALK	1303	-999	P	166
1271951164784	1	RECOG_FEEDBACK	1
1271951165584	0	RECOG_PRES	9	CHALK	276	-999	P	923
1271951166875	0	RECOG_CR_PRES	9	CHALK	276	-999	P	87
1271951167276	1	RECOG_FEEDBACK	1
1271951168026	0	RECOG_PRES	9	CRIB	407	-999	P	1857
1271951170276	0	RECOG_CR_PRES	9	CRIB	407	-999	P	183
1271951170833	1	RECOG_FEEDBACK	1
1271951171626	0	RECOG_PRES	9	CHEST	295	-999	P	1137
1271951173134	0	RECOG_CR_PRES	9	CHEST	295	-999	P	149
1271951173601	1	RECOG_FEEDBACK	1
1271951174376	0	RECOG_PRES	9	LOOP	844	-999	P	995
1271951175742	0	RECOG_CR_PRES	9	LOOP	844	-999	P	66
1271951176142	1	RECOG_FEEDBACK	1
1271951176899	0	RECOG_PRES	9	TART	1436	-999	P	903
1271951178167	0	RECOG_CR_PRES	9	TART	1436	-999	P	100
1271951178584	1	RECOG_FEEDBACK	1
1271951179375	0	RECOG_PRES	9	DUSTPAN	509	-999	P	1084
1271951180832	0	RECOG_CR_PRES	9	DUSTPAN	509	-999	P	82
1271951181233	1	RECOG_FEEDBACK	1
1271951181974	0	RECOG_PRES	9	PILLOW	1069	-999	P	1309
1271951183658	0	RECOG_CR_PRES	9	PILLOW	1069	-999	P	49
1271951184041	1	RECOG_FEEDBACK	1
1271951184775	0	RECOG_PRES	9	CIRCUS	311	-999	P	932
1271951186083	0	RECOG_CR_PRES	9	CIRCUS	311	-999	P	56
1271951186458	1	RECOG_FEEDBACK	1
1271951187191	0	RECOG_PRES	9	BANANA	77	-999	P	874
1271951188466	0	RECOG_CR_PRES	9	BANANA	77	-999	P	73
1271951188865	1	RECOG_FEEDBACK	1
1271951189658	0	RECOG_PRES	9	DART	440	-999	P	841
1271951190873	0	RECOG_CR_PRES	9	DART	440	-999	P	89
1271951191283	1	RECOG_FEEDBACK	1
1271951192033	0	RECOG_PRES	9	MAJOR	859	-999	P	970
1271951193374	0	RECOG_CR_PRES	9	MAJOR	859	-999	P	109
1271951193815	1	RECOG_FEEDBACK	1
1271951194557	0	RECOG_PRES	9	BEAVER	109	-999	P	858
1271951195815	0	RECOG_CR_PRES	9	BEAVER	109	-999	P	83
1271951196224	1	RECOG_FEEDBACK	1
1271951196998	0	RECOG_PRES	9	THICKET	1455	-999	P	932
1271951198299	0	RECOG_CR_PRES	9	THICKET	1455	-999	P	152
1271951198774	1	RECOG_FEEDBACK	1
1271951199507	0	RECOG_PRES	9	SOFA	1342	-999	P	1000
1271951200881	0	RECOG_CR_PRES	9	SOFA	1342	-999	P	105
1271951201307	1	RECOG_FEEDBACK	1
1271951202590	0	REST
1271951203716	1	REC_START
1271951203748	0	RECOG_PRES	10	RATTLE	1170	-999	P	1118
1271951205232	0	RECOG_CR_PRES	10	RATTLE	1170	-999	P	131
1271951205690	1	RECOG_FEEDBACK	1
1271951206407	0	RECOG_PRES	10	SPIT	1354	-999	P	1804
1271951208581	0	RECOG_CR_PRES	10	SPIT	1354	-999	P	102
1271951209031	1	RECOG_FEEDBACK	1
1271951209756	0	RECOG_PRES	10	PRIEST	1122	-999	P	875
1271951211031	0	RECOG_CR_PRES	10	PRIEST	1122	-999	P	44
1271951211389	1	RECOG_FEEDBACK	1
1271951212148	0	RECOG_PRES	10	LIMB	822	-999	P	806
1271951213323	0	RECOG_CR_PRES	10	LIMB	822	-999	P	144
1271951213773	1	RECOG_FEEDBACK	1
1271951214514	0	RECOG_PRES	10	CLAY	320	-999	P	769
1271951215647	0	RECOG_CR_PRES	10	CLAY	320	-999	P	139
1271951216089	1	RECOG_FEEDBACK	1
1271951216855	0	RECOG_PRES	10	PENNY	1045	-999	P	756
1271951217980	0	RECOG_CR_PRES	10	PENNY	1045	-999	P	135
1271951218431	1	RECOG_FEEDBACK	1
1271951219247	0	RECOG_PRES	10	SAW	1239	-999	P	667
1271951220280	0	RECOG_CR_PRES	10	SAW	1239	-999	P	179
1271951220764	1	RECOG_FEEDBACK	1
1271951221539	0	RECOG_PRES	10	GIRAFFE	636	-999	P	760
1271951222672	0	RECOG_CR_PRES	10	GIRAFFE	636	-999	P	122
1271951223097	1	RECOG_FEEDBACK	1
1271951223871	0	RECOG_PRES	10	LACE	792	-999	P	907
1271951225147	0	RECOG_CR_PRES	10	LACE	792	-999	P	88
1271951225555	1	RECOG_FEEDBACK	1
1271951226272	0	RECOG_PRES	10	EMPIRE	530	-999	P	971
1271951227613	0	RECOG_CR_PRES	10	EMPIRE	530	-999	P	126
1271951228055	1	RECOG_FEEDBACK	1
1271951228804	0	RECOG_PRES	10	BATHTUB	100	-999	P	1142
1271951230313	0	RECOG_CR_PRES	10	BATHTUB	100	-999	P	154
1271951230812	1	RECOG_FEEDBACK	1
1271951231621	0	RECOG_PRES	10	FOLDER	588	-999	P	966
1271951232962	0	RECOG_CR_PRES	10	FOLDER	588	-999	P	153
1271951233429	1	RECOG_FEEDBACK	1
1271951234196	0	RECOG_PRES	10	LAMP	798	-999	P	991
1271951235563	0	RECOG_CR_PRES	10	LAMP	798	-999	P	80
1271951235937	1	RECOG_FEEDBACK	1
1271951236671	0	RECOG_PRES	10	FOOTBALL	591	-999	P	1060
1271951238104	0	RECOG_CR_PRES	10	FOOTBALL	591	-999	P	155
1271951238579	1	RECOG_FEEDBACK	1
1271951239304	0	RECOG_PRES	10	BUILDER	190	-999	P	1634
1271951241312	0	RECOG_CR_PRES	10	BUILDER	190	-999	P	75
1271951241737	1	RECOG_FEEDBACK	1
1271951242504	0	RECOG_PRES	10	PENDULUM	1043	-999	P	1227
1271951244104	0	RECOG_CR_PRES	10	PENDULUM	1043	-999	P	75
1271951244520	1	RECOG_FEEDBACK	1
1271951245245	0	RECOG_PRES	10	FRIES	607	-999	P	950
1271951246570	0	RECOG_CR_PRES	10	FRIES	607	-999	P	113
1271951246994	1	RECOG_FEEDBACK	1
1271951247703	0	RECOG_PRES	10	ARCHITECT	36	-999	P	1316
1271951249395	0	RECOG_CR_PRES	10	ARCHITECT	36	-999	P	200
1271951249952	1	RECOG_FEEDBACK	1
1271951250687	0	RECOG_PRES	10	PASSENGER	1020	-999	P	956
1271951252011	0	RECOG_CR_PRES	10	PASSENGER	1020	-999	P	152
1271951252478	1	RECOG_FEEDBACK	1
1271951253220	0	RECOG_PRES	10	IDOL	733	-999	P	863
1271951254453	0	RECOG_CR_PRES	10	IDOL	733	-999	P	94
1271951254860	1	RECOG_FEEDBACK	1
1271951256136	0	REST
1271951257183	1	REC_START
1271951257219	0	RECOG_PRES	11	SUGAR	1401	-999	P	1072
1271951258661	0	RECOG_CR_PRES	11	SUGAR	1401	-999	P	117
1271951259094	1	RECOG_FEEDBACK	1
1271951259835	0	RECOG_PRES	11	LAGOON	795	-999	P	856
1271951261061	0	RECOG_CR_PRES	11	LAGOON	795	-999	P	86
1271951261452	1	RECOG_FEEDBACK	1
1271951262194	0	RECOG_PRES	11	NICOTINE	951	-999	P	985
1271951263552	0	RECOG_CR_PRES	11	NICOTINE	951	-999	P	123
1271951263985	1	RECOG_FEEDBACK	1
1271951264784	0	RECOG_PRES	11	BIBLE	124	-999	P	883
1271951266035	0	RECOG_CR_PRES	11	BIBLE	124	-999	P	136
1271951266494	1	RECOG_FEEDBACK	1
1271951267302	0	RECOG_PRES	11	GARDEN	623	-999	P	853
1271951268527	0	RECOG_CR_PRES	11	GARDEN	623	-999	P	76
1271951268909	1	RECOG_FEEDBACK	1
1271951269710	0	RECOG_PRES	11	FENCE	560	-999	P	1021
1271951271102	0	RECOG_CR_PRES	11	FENCE	560	-999	P	141
1271951271568	1	RECOG_FEEDBACK	1
1271951272302	0	RECOG_PRES	11	AGENT	10	-999	P	865
1271951273568	0	RECOG_CR_PRES	11	AGENT	10	-999	P	163
1271951274027	1	RECOG_FEEDBACK	1
1271951274776	0	RECOG_PRES	11	MEAL	882	-999	P	987
1271951276135	0	RECOG_CR_PRES	11	MEAL	882	-999	P	116
1271951276568	1	RECOG_FEEDBACK	1
1271951277343	0	RECOG_PRES	11	RECEPTIONIST	1174	-999	P	964
1271951278676	0	RECOG_CR_PRES	11	RECEPTIONIST	1174	-999	P	95
1271951279076	1	RECOG_FEEDBACK	1
1271951279867	0	RECOG_PRES	11	BUFFALO	186	-999	P	999
1271951281234	0	RECOG_CR_PRES	11	BUFFALO	186	-999	P	129
1271951281676	1	RECOG_FEEDBACK	1
1271951282459	0	RECOG_PRES	11	PROFESSOR	1131	-999	P	1192
1271951284026	0	RECOG_CR_PRES	11	PROFESSOR	1131	-999	P	89
1271951284434	1	RECOG_FEEDBACK	0
1271951285234	0	RECOG_PRES	11	BAKER	71	-999	P	1289
1271951286891	0	RECOG_CR_PRES	11	BAKER	71	-999	P	63
1271951287284	1	RECOG_FEEDBACK	1
1271951288067	0	RECOG_PRES	11	TRENCH	1503	-999	P	952
1271951289392	0	RECOG_CR_PRES	11	TRENCH	1503	-999	P	75
1271951289775	1	RECOG_FEEDBACK	1
1271951290509	0	RECOG_PRES	11	MALL	860	-999	P	1445
1271951292317	0	RECOG_CR_PRES	11	MALL	860	-999	P	206
1271951292899	1	RECOG_FEEDBACK	1
1271951293700	0	RECOG_PRES	11	HIKER	708	-999	P	1039
1271951295108	0	RECOG_CR_PRES	11	HIKER	708	-999	P	471
1271951295891	1	RECOG_FEEDBACK	1
1271951296625	0	RECOG_PRES	11	BASSINET	97	-999	P	1474
1271951298475	0	RECOG_CR_PRES	11	BASSINET	97	-999	P	64
1271951298865	1	RECOG_FEEDBACK	1
1271951299625	0	RECOG_PRES	11	CANDY	230	-999	P	938
1271951300932	0	RECOG_CR_PRES	11	CANDY	230	-999	P	111
1271951301349	1	RECOG_FEEDBACK	1
1271951302066	0	RECOG_PRES	11	VISITOR	1573	-999	P	1041
1271951303483	0	RECOG_CR_PRES	11	VISITOR	1573	-999	P	104
1271951303898	1	RECOG_FEEDBACK	0
1271951304699	0	RECOG_PRES	11	TAXI	1438	-999	P	1079
1271951306141	0	RECOG_CR_PRES	11	TAXI	1438	-999	P	110
1271951306566	1	RECOG_FEEDBACK	0
1271951307366	0	RECOG_PRES	11	PIER	1063	-999	P	1013
1271951308749	0	RECOG_CR_PRES	11	PIER	1063	-999	P	109
1271951309166	1	RECOG_FEEDBACK	1
1271951310416	0	REST
1271951311496	1	REC_START
1271951311532	0	RECOG_PRES	12	DIAPER	459	-999	P	963
1271951312898	0	RECOG_CR_PRES	12	DIAPER	459	-999	P	161
1271951313374	1	RECOG_FEEDBACK	1
1271951314165	0	RECOG_PRES	12	LIGHTNING	820	-999	P	1014
1271951315548	0	RECOG_CR_PRES	12	LIGHTNING	820	-999	P	135
1271951316007	1	RECOG_FEEDBACK	1
1271951316773	0	RECOG_PRES	12	SLUG	1329	-999	P	918
1271951318065	0	RECOG_CR_PRES	12	SLUG	1329	-999	P	114
1271951318490	1	RECOG_FEEDBACK	1
1271951319248	0	RECOG_PRES	12	RECORD	1176	-999	P	849
1271951320498	0	RECOG_CR_PRES	12	RECORD	1176	-999	P	105
1271951320914	1	RECOG_FEEDBACK	1
1271951321681	0	RECOG_PRES	12	CARDINAL	244	-999	P	938
1271951322989	0	RECOG_CR_PRES	12	CARDINAL	244	-999	P	94
1271951323381	1	RECOG_FEEDBACK	1
1271951324106	0	RECOG_PRES	12	SEASHORE	1263	-999	P	864
1271951325331	0	RECOG_CR_PRES	12	SEASHORE	1263	-999	P	168
1271951325805	1	RECOG_FEEDBACK	1
1271951326589	0	RECOG_PRES	12	HAY	693	-999	P	782
1271951327739	0	RECOG_CR_PRES	12	HAY	693	-999	P	159
1271951328197	1	RECOG_FEEDBACK	1
1271951328988	0	RECOG_PRES	12	CITIZEN	312	-999	P	1031
1271951330389	0	RECOG_CR_PRES	12	CITIZEN	312	-999	P	134
1271951330846	1	RECOG_FEEDBACK	1
1271951331647	0	RECOG_PRES	12	NOOSE	956	-999	P	868
1271951332888	0	RECOG_CR_PRES	12	NOOSE	956	-999	P	66
1271951333272	1	RECOG_FEEDBACK	1
1271951334047	0	RECOG_PRES	12	TOILET	1475	-999	P	980
1271951335397	0	RECOG_CR_PRES	12	TOILET	1475	-999	P	182
1271951335879	1	RECOG_FEEDBACK	1
1271951336605	0	RECOG_PRES	12	LUMBER	848	-999	P	934
1271951337912	0	RECOG_CR_PRES	12	LUMBER	848	-999	P	66
1271951338305	1	RECOG_FEEDBACK	1
1271951339088	0	RECOG_PRES	12	CONSOLE	364	-999	P	923
1271951340380	0	RECOG_CR_PRES	12	CONSOLE	364	-999	P	135
1271951340837	1	RECOG_FEEDBACK	1
1271951341580	0	RECOG_PRES	12	GAZELLE	628	-999	P	815
1271951342763	0	RECOG_CR_PRES	12	GAZELLE	628	-999	P	95
1271951343163	1	RECOG_FEEDBACK	1
1271951343937	0	RECOG_PRES	12	FUGITIVE	612	-999	P	1001
1271951345305	0	RECOG_CR_PRES	12	FUGITIVE	612	-999	P	138
1271951345746	1	RECOG_FEEDBACK	1
1271951346488	0	RECOG_PRES	12	BUTTON	207	-999	P	1139
1271951347995	0	RECOG_CR_PRES	12	BUTTON	207	-999	P	72
1271951348371	1	RECOG_FEEDBACK	1
1271951349138	0	RECOG_PRES	12	TOOTHBRUSH	1482	-999	P	905
1271951350412	0	RECOG_CR_PRES	12	TOOTHBRUSH	1482	-999	P	119
1271951350828	1	RECOG_FEEDBACK	1
1271951351629	0	RECOG_PRES	12	ENCYCLOPEDIA	533	-999	P	1261
1271951353254	0	RECOG_CR_PRES	12	ENCYCLOPEDIA	533	-999	P	109
1271951353704	1	RECOG_FEEDBACK	1
1271951354496	0	RECOG_PRES	12	GEM	629	-999	P	815
1271951355712	0	RECOG_CR_PRES	12	GEM	629	-999	P	114
1271951356129	1	RECOG_FEEDBACK	1
1271951356944	0	RECOG_PRES	12	SIREN	1310	-999	P	937
1271951358254	0	RECOG_CR_PRES	12	SIREN	1310	-999	P	93
1271951358662	1	RECOG_FEEDBACK	1
1271951359470	0	RECOG_PRES	12	THIGH	1457	-999	P	799
1271951360670	0	RECOG_CR_PRES	12	THIGH	1457	-999	P	477
1271951361453	1	RECOG_FEEDBACK	1
1271951362712	0	REST
1271951363747	1	REC_START
1271951363785	0	RECOG_PRES	13	SCISSORS	1250	-999	P	874
1271951365028	0	RECOG_CR_PRES	13	SCISSORS	1250	-999	P	127
1271951365470	1	RECOG_FEEDBACK	1
1271951366203	0	RECOG_PRES	13	LIMOUSINE	824	-999	P	800
1271951367378	0	RECOG_CR_PRES	13	LIMOUSINE	824	-999	P	49
1271951367728	1	RECOG_FEEDBACK	1
1271951368528	0	RECOG_PRES	13	EWE	542	-999	P	763
1271951369661	0	RECOG_CR_PRES	13	EWE	542	-999	P	110
1271951370069	1	RECOG_FEEDBACK	1
1271951370818	0	RECOG_PRES	13	TUXEDO	1525	-999	P	913
1271951372103	0	RECOG_CR_PRES	13	TUXEDO	1525	-999	P	148
1271951372561	1	RECOG_FEEDBACK	1
1271951373319	0	RECOG_PRES	13	FUNERAL	613	-999	P	836
1271951374527	0	RECOG_CR_PRES	13	FUNERAL	613	-999	P	92
1271951374935	1	RECOG_FEEDBACK	1
1271951375677	0	RECOG_PRES	13	ORGAN	984	-999	P	902
1271951376951	0	RECOG_CR_PRES	13	ORGAN	984	-999	P	148
1271951377402	1	RECOG_FEEDBACK	1
1271951378144	0	RECOG_PRES	13	NOMAD	955	-999	P	947
1271951379460	0	RECOG_CR_PRES	13	NOMAD	955	-999	P	111
1271951379876	1	RECOG_FEEDBACK	1
1271951380627	0	RECOG_PRES	13	PEARL	1034	-999	P	1096
1271951382093	0	RECOG_CR_PRES	13	PEARL	1034	-999	P	94
1271951382510	1	RECOG_FEEDBACK	1
1271951383252	0	RECOG_PRES	13	COPIER	377	-999	P	867
1271951384518	0	RECOG_CR_PRES	13	COPIER	377	-999	P	141
1271951384967	1	RECOG_FEEDBACK	1
1271951385752	0	RECOG_PRES	13	MOUSE	925	-999	P	883
1271951387010	0	RECOG_CR_PRES	13	MOUSE	925	-999	P	489
1271951387792	1	RECOG_FEEDBACK	1
1271951388551	0	RECOG_PRES	13	POET	1095	-999	P	908
1271951389834	0	RECOG_CR_PRES	13	POET	1095	-999	P	96
1271951390243	1	RECOG_FEEDBACK	1
1271951391043	0	RECOG_PRES	13	FROG	608	-999	P	799
1271951392209	0	RECOG_CR_PRES	13	FROG	608	-999	P	106
1271951392618	1	RECOG_FEEDBACK	1
1271951393368	0	RECOG_PRES	13	DELINQUENT	445	-999	P	939
1271951394676	0	RECOG_CR_PRES	13	DELINQUENT	445	-999	P	95
1271951395076	1	RECOG_FEEDBACK	1
1271951395866	0	RECOG_PRES	13	EXPLOSION	544	-999	P	1056
1271951397284	0	RECOG_CR_PRES	13	EXPLOSION	544	-999	P	103
1271951397701	1	RECOG_FEEDBACK	1
1271951398459	0	RECOG_PRES	13	ISLAND	745	-999	P	896
1271951399726	0	RECOG_CR_PRES	13	ISLAND	745	-999	P	84
1271951400125	1	RECOG_FEEDBACK	1
1271951400924	0	RECOG_PRES	13	FREEZER	604	-999	P	870
1271951402159	0	RECOG_CR_PRES	13	FREEZER	604	-999	P	116
1271951402575	1	RECOG_FEEDBACK	0
1271951403309	0	RECOG_PRES	13	WINE	1613	-999	P	950
1271951404633	0	RECOG_CR_PRES	13	WINE	1613	-999	P	66
1271951405017	1	RECOG_FEEDBACK	1
1271951405758	0	RECOG_PRES	13	LAMB	797	-999	P	1005
1271951407133	0	RECOG_CR_PRES	13	LAMB	797	-999	P	54
1271951407500	1	RECOG_FEEDBACK	1
1271951408233	0	RECOG_PRES	13	TOOTHPASTE	1483	-999	P	1522
1271951410116	0	RECOG_CR_PRES	13	TOOTHPASTE	1483	-999	P	55
1271951410508	1	RECOG_FEEDBACK	0
1271951411291	0	RECOG_PRES	13	PEBBLE	1035	-999	P	1328
1271951412990	0	RECOG_CR_PRES	13	PEBBLE	1035	-999	P	77
1271951413375	1	RECOG_FEEDBACK	1
1271951414516	0	REST
1271951415318	1	REC_START
1271951415358	0	RECOG_PRES	14	OCTOPUS	971	-999	P	861
1271951416591	0	RECOG_CR_PRES	14	OCTOPUS	971	-999	P	100
1271951416990	1	RECOG_FEEDBACK	1
1271951417757	0	RECOG_PRES	14	SWIMMER	1420	-999	P	758
1271951418890	0	RECOG_CR_PRES	14	SWIMMER	1420	-999	P	80
1271951419274	1	RECOG_FEEDBACK	1
1271951420024	0	RECOG_PRES	14	DICTATOR	462	-999	P	857
1271951421274	0	RECOG_CR_PRES	14	DICTATOR	462	-999	P	81
1271951421657	1	RECOG_FEEDBACK	1
1271951422382	0	RECOG_PRES	14	NUN	962	-999	P	874
1271951423657	0	RECOG_CR_PRES	14	NUN	962	-999	P	98
1271951424057	1	RECOG_FEEDBACK	1
1271951424839	0	RECOG_PRES	14	KIWI	781	-999	P	780
1271951425989	0	RECOG_CR_PRES	14	KIWI	781	-999	P	94
1271951426390	1	RECOG_FEEDBACK	1
1271951427182	0	RECOG_PRES	14	HERO	706	-999	P	804
1271951428348	0	RECOG_CR_PRES	14	HERO	706	-999	P	79
1271951428732	1	RECOG_FEEDBACK	1
1271951429523	0	RECOG_PRES	14	CROSS	413	-999	P	968
1271951430864	0	RECOG_CR_PRES	14	CROSS	413	-999	P	90
1271951431273	1	RECOG_FEEDBACK	1
1271951432023	0	RECOG_PRES	14	NURSERY	964	-999	P	1380
1271951433773	0	RECOG_CR_PRES	14	NURSERY	964	-999	P	53
1271951434156	1	RECOG_FEEDBACK	1
1271951434939	0	RECOG_PRES	14	SHAMPOO	1274	-999	P	776
1271951436089	0	RECOG_CR_PRES	14	SHAMPOO	1274	-999	P	98
1271951436489	1	RECOG_FEEDBACK	1
1271951437198	0	RECOG_PRES	14	COTTON	385	-999	P	925
1271951438498	0	RECOG_CR_PRES	14	COTTON	385	-999	P	113
1271951438922	1	RECOG_FEEDBACK	1
1271951439664	0	RECOG_PRES	14	CAPTIVE	240	-999	P	1539
1271951441572	0	RECOG_CR_PRES	14	CAPTIVE	240	-999	P	63
1271951441971	1	RECOG_FEEDBACK	0
1271951442739	0	RECOG_PRES	14	HARP	689	-999	P	1079
1271951444181	0	RECOG_CR_PRES	14	HARP	689	-999	P	62
1271951444555	1	RECOG_FEEDBACK	0
1271951445339	0	RECOG_PRES	14	PAWN	1030	-999	P	1591
1271951447297	0	RECOG_CR_PRES	14	PAWN	1030	-999	P	90
1271951447730	1	RECOG_FEEDBACK	1
1271951448439	0	RECOG_PRES	14	MINK	897	-999	P	1068
1271951449879	0	RECOG_CR_PRES	14	MINK	897	-999	P	75
1271951450263	1	RECOG_FEEDBACK	1
1271951450996	0	RECOG_PRES	14	ANKLE	24	-999	P	1111
1271951452480	0	RECOG_CR_PRES	14	ANKLE	24	-999	P	27
1271951452829	1	RECOG_FEEDBACK	1
1271951453563	0	RECOG_PRES	14	VEST	1559	-999	P	912
1271951454845	0	RECOG_CR_PRES	14	VEST	1559	-999	P	53
1271951455213	1	RECOG_FEEDBACK	1
1271951455929	0	RECOG_PRES	14	NOTEBOOK	959	-999	P	1322
1271951457621	0	RECOG_CR_PRES	14	NOTEBOOK	959	-999	P	150
1271951458163	1	RECOG_FEEDBACK	1
1271951458953	0	RECOG_PRES	14	DIVER	476	-999	P	1817
1271951461171	0	RECOG_CR_PRES	14	DIVER	476	-999	P	40
1271951461554	1	RECOG_FEEDBACK	1
1271951462338	0	RECOG_PRES	14	LAUNDRY	803	-999	P	865
1271951463579	0	RECOG_CR_PRES	14	LAUNDRY	803	-999	P	407
1271951464296	1	RECOG_FEEDBACK	1
1271951465087	0	RECOG_PRES	14	MONGOOSE	909	-999	P	815
1271951466296	0	RECOG_CR_PRES	14	MONGOOSE	909	-999	P	75
1271951466687	1	RECOG_FEEDBACK	1
1271951467961	0	REST
1271951468868	1	REC_START
1271951468903	0	RECOG_PRES	15	WAGON	1578	-999	P	1019
1271951470287	0	RECOG_CR_PRES	15	WAGON	1578	-999	P	100
1271951470704	1	RECOG_FEEDBACK	1
1271951471445	0	RECOG_PRES	15	CAMEL	223	-999	P	902
1271951472720	0	RECOG_CR_PRES	15	CAMEL	223	-999	P	98
1271951473128	1	RECOG_FEEDBACK	1
1271951473877	0	RECOG_PRES	15	BACKBONE	66	-999	P	1013
1271951475253	0	RECOG_CR_PRES	15	BACKBONE	66	-999	P	110
1271951475678	1	RECOG_FEEDBACK	1
1271951476461	0	RECOG_PRES	15	INFANT	737	-999	P	1062
1271951477894	0	RECOG_CR_PRES	15	INFANT	737	-999	P	92
1271951478303	1	RECOG_FEEDBACK	0
1271951479078	0	RECOG_PRES	15	STEW	1380	-999	P	1061
1271951480511	0	RECOG_CR_PRES	15	STEW	1380	-999	P	347
1271951481169	1	RECOG_FEEDBACK	1
1271951481927	0	RECOG_PRES	15	CREVICE	405	-999	P	1780
1271951484078	0	RECOG_CR_PRES	15	CREVICE	405	-999	P	21
1271951484428	1	RECOG_FEEDBACK	1
1271951485186	0	RECOG_PRES	15	CAGE	218	-999	P	849
1271951486427	0	RECOG_CR_PRES	15	CAGE	218	-999	P	40
1271951486769	1	RECOG_FEEDBACK	1
1271951487553	0	RECOG_PRES	15	BLADE	134	-999	P	1098
1271951489027	0	RECOG_CR_PRES	15	BLADE	134	-999	P	144
1271951489494	1	RECOG_FEEDBACK	0
1271951490210	0	RECOG_PRES	15	JET	756	-999	P	1161
1271951491744	0	RECOG_CR_PRES	15	JET	756	-999	P	42
1271951492110	1	RECOG_FEEDBACK	1
1271951492876	0	RECOG_PRES	15	DIRECTOR	471	-999	P	1038
1271951494277	0	RECOG_CR_PRES	15	DIRECTOR	471	-999	P	78
1271951494668	1	RECOG_FEEDBACK	0
1271951495427	0	RECOG_PRES	15	SHOVEL	1295	-999	P	1375
1271951497168	0	RECOG_CR_PRES	15	SHOVEL	1295	-999	P	99
1271951497585	1	RECOG_FEEDBACK	1
1271951498326	0	RECOG_PRES	15	GRADUATE	653	-999	P	1061
1271951499751	0	RECOG_CR_PRES	15	GRADUATE	653	-999	P	91
1271951500151	1	RECOG_FEEDBACK	1
1271951500900	0	RECOG_PRES	15	COWBOY	395	-999	P	851
1271951502143	0	RECOG_CR_PRES	15	COWBOY	395	-999	P	108
1271951502560	1	RECOG_FEEDBACK	1
1271951503326	0	RECOG_PRES	15	TURTLE	1522	-999	P	957
1271951504659	0	RECOG_CR_PRES	15	TURTLE	1522	-999	P	32
1271951505001	1	RECOG_FEEDBACK	1
1271951505751	0	RECOG_PRES	15	ENEMY	534	-999	P	858
1271951507009	0	RECOG_CR_PRES	15	ENEMY	534	-999	P	66
1271951507384	1	RECOG_FEEDBACK	1
1271951508142	0	RECOG_PRES	15	ORANGE	980	-999	P	981
1271951509492	0	RECOG_CR_PRES	15	ORANGE	980	-999	P	87
1271951509891	1	RECOG_FEEDBACK	1
1271951510626	0	RECOG_PRES	15	KLEENEX	782	-999	P	1017
1271951512017	0	RECOG_CR_PRES	15	KLEENEX	782	-999	P	58
1271951512392	1	RECOG_FEEDBACK	0
1271951513125	0	RECOG_PRES	15	VIOLA	1570	-999	P	875
1271951514400	0	RECOG_CR_PRES	15	VIOLA	1570	-999	P	11
1271951514717	1	RECOG_FEEDBACK	1
1271951515459	0	RECOG_PRES	15	KEEPER	769	-999	P	1576
1271951517408	0	RECOG_CR_PRES	15	KEEPER	769	-999	P	83
1271951517824	1	RECOG_FEEDBACK	1
1271951518533	0	RECOG_PRES	15	FOLLOWER	589	-999	P	1373
1271951520275	0	RECOG_CR_PRES	15	FOLLOWER	589	-999	P	128
1271951520750	1	RECOG_FEEDBACK	0
1271951521607	0	RECOG_END
1271951526158	0	SESS_END
1271951526200	0	E	Logging Ends
