1268954114510	0	B	Logging Begins
1268954114510	0	SESS_START	2
1268954229916	1	FR_PRES	0	VOLLEYBALL	1576	0	1	2181	(0.42259999999999998, 0.58709999999999996, 0)	../fonts/zerothre.ttf	lower
1268954233799	1	FR_PRES	0	CATCHER	258	0	1	1673	(0.42259999999999998, 0.58709999999999996, 0)	../fonts/zerothre.ttf	lower
1268954237740	1	FR_PRES	0	UNIFORM	1539	0	0	1132	(0.42259999999999998, 0.58709999999999996, 0)	../fonts/zerothre.ttf	lower
1268954241707	1	FR_PRES	0	TICKET	1464	1	0	1661	(0.57740000000000002, 0.41289999999999999, 1.0)	../fonts/amplitud.ttf	upper
1268954245765	1	FR_PRES	0	SEAGULL	1261	1	1	699	(0.57740000000000002, 0.41289999999999999, 1.0)	../fonts/amplitud.ttf	upper
1268954249748	1	FR_PRES	0	SERVANT	1271	1	1	932	(0.57740000000000002, 0.41289999999999999, 1.0)	../fonts/amplitud.ttf	upper
1268954253939	1	FR_PRES	0	STEREO	1378	1	0	957	(0.57740000000000002, 0.41289999999999999, 1.0)	../fonts/amplitud.ttf	upper
1268954257797	1	FR_PRES	0	STATUE	1374	1	0	1035	(0.57740000000000002, 0.41289999999999999, 1.0)	../fonts/amplitud.ttf	upper
1268954261972	1	FR_PRES	0	CANARY	227	1	1	1028	(0.57740000000000002, 0.41289999999999999, 1.0)	../fonts/amplitud.ttf	upper
1268954266006	1	FR_PRES	0	PERSON	1052	0	1	1554	(0.42259999999999998, 0.58709999999999996, 0)	../fonts/zerothre.ttf	lower
1268954270006	1	FR_PRES	0	HUMAN	726	0	1	778	(0.42259999999999998, 0.58709999999999996, 0)	../fonts/zerothre.ttf	lower
1268954273888	1	FR_PRES	0	HERD	705	0	1	2048	(0.42259999999999998, 0.58709999999999996, 0)	../fonts/zerothre.ttf	lower
1268954278097	1	FR_PRES	0	DUNE	506	1	0	1335	(0.57740000000000002, 0.41289999999999999, 1.0)	../fonts/amplitud.ttf	upper
1268954282247	1	FR_PRES	0	VEAL	1551	1	0	1705	(0.57740000000000002, 0.41289999999999999, 1.0)	../fonts/amplitud.ttf	upper
1268954286088	1	FR_PRES	0	CALF	222	0	1	2296	(0.42259999999999998, 0.58709999999999996, 0)	../fonts/zerothre.ttf	lower
1268954289970	1	FR_PRES	0	MICROPHONE	890	0	0	862	(0.42259999999999998, 0.58709999999999996, 0)	../fonts/zerothre.ttf	lower
1268954295862	1	REC_START
1268954373614	0	REST
1268954375115	1	FR_PRES	1	ZUCCHINI	1638	1	1	1950	(0.57740000000000002, 0.41289999999999999, 1.0)	../fonts/amplitud.ttf	upper
1268954379048	1	FR_PRES	1	ZOO	1637	1	0	1312	(0.57740000000000002, 0.41289999999999999, 1.0)	../fonts/amplitud.ttf	upper
1268954383123	1	FR_PRES	1	TANK	1432	0	1	1253	(0.42259999999999998, 0.58709999999999996, 0)	../fonts/zerothre.ttf	lower
1268954386996	1	FR_PRES	1	COD	340	0	0	1692	(0.42259999999999998, 0.58709999999999996, 0)	../fonts/zerothre.ttf	lower
1268954390846	1	FR_PRES	1	SUPERMARKET	1409	0	1	1323	(0.42259999999999998, 0.58709999999999996, 0)	../fonts/zerothre.ttf	lower
1268954394887	1	FR_PRES	1	SUPERVISOR	1410	1	1	1849	(0.57740000000000002, 0.41289999999999999, 1.0)	../fonts/amplitud.ttf	upper
1268954398745	1	FR_PRES	1	CROSS	413	1	0	1167	(0.57740000000000002, 0.41289999999999999, 1.0)	../fonts/amplitud.ttf	upper
1268954402803	1	FR_PRES	1	LOLLIPOP	842	0	0	1262	(0.42259999999999998, 0.58709999999999996, 0)	../fonts/zerothre.ttf	lower
1268954406828	1	FR_PRES	1	FLOUR	583	0	0	1453	(0.42259999999999998, 0.58709999999999996, 0)	../fonts/zerothre.ttf	lower
1268954411012	1	FR_PRES	1	WRITER	1627	0	1	1213	(0.42259999999999998, 0.58709999999999996, 0)	../fonts/zerothre.ttf	lower
1268954414994	1	FR_PRES	1	GRIZZLY	662	0	1	1414	(0.42259999999999998, 0.58709999999999996, 0)	../fonts/zerothre.ttf	lower
1268954419053	1	FR_PRES	1	LASH	802	0	1	1619	(0.42259999999999998, 0.58709999999999996, 0)	../fonts/zerothre.ttf	lower
1268954422935	1	FR_PRES	1	WHIP	1604	1	0	1354	(0.57740000000000002, 0.41289999999999999, 1.0)	../fonts/amplitud.ttf	upper
1268954426960	1	FR_PRES	1	CAULIFLOWER	262	1	1	1592	(0.57740000000000002, 0.41289999999999999, 1.0)	../fonts/amplitud.ttf	upper
1268954431061	1	FR_PRES	1	CHIMPANZEE	302	1	1	1212	(0.57740000000000002, 0.41289999999999999, 1.0)	../fonts/amplitud.ttf	upper
1268954435260	1	FR_PRES	1	PUBLISHER	1137	1	1	1204	(0.57740000000000002, 0.41289999999999999, 1.0)	../fonts/amplitud.ttf	upper
1268954441061	1	REC_START
1268954518945	0	REST
1268954520453	1	FR_PRES	2	BROTHER	179	1	3	1027	(0.57740000000000002, 0.41289999999999999, 1.0)	../fonts/amplitud.ttf	upper
1268954521511	1	KEY_MSG
1268954524271	1	FR_PRES	2	RELATIVE	1182	1	1	946	(0.57740000000000002, 0.41289999999999999, 1.0)	../fonts/amplitud.ttf	upper
1268954528344	1	FR_PRES	2	CHIPMUNK	304	1	1	1024	(0.57740000000000002, 0.41289999999999999, 1.0)	../fonts/amplitud.ttf	upper
1268954532203	1	FR_PRES	2	WAVE	1596	1	0	918	(0.57740000000000002, 0.41289999999999999, 1.0)	../fonts/amplitud.ttf	upper
1268954536410	1	FR_PRES	2	PACKAGE	997	1	0	982	(0.57740000000000002, 0.41289999999999999, 1.0)	../fonts/amplitud.ttf	upper
1268954540410	1	FR_PRES	2	CIGAR	308	1	0	1070	(0.57740000000000002, 0.41289999999999999, 1.0)	../fonts/amplitud.ttf	upper
1268954544244	1	FR_PRES	2	ASHTRAY	45	1	0	925	(0.57740000000000002, 0.41289999999999999, 1.0)	../fonts/amplitud.ttf	upper
1268954548235	1	FR_PRES	2	BAKER	71	1	1	1109	(0.57740000000000002, 0.41289999999999999, 1.0)	../fonts/amplitud.ttf	upper
1268954552392	1	FR_PRES	2	GUEST	669	1	1	1200	(0.57740000000000002, 0.41289999999999999, 1.0)	../fonts/amplitud.ttf	upper
1268954556584	1	FR_PRES	2	STRANGER	1389	1	1	1312	(0.57740000000000002, 0.41289999999999999, 1.0)	../fonts/amplitud.ttf	upper
1268954560625	1	FR_PRES	2	PRIEST	1122	1	1	1047	(0.57740000000000002, 0.41289999999999999, 1.0)	../fonts/amplitud.ttf	upper
1268954564600	1	FR_PRES	2	LOUNGE	845	1	0	712	(0.57740000000000002, 0.41289999999999999, 1.0)	../fonts/amplitud.ttf	upper
1268954568708	1	FR_PRES	2	STEW	1380	1	0	1060	(0.57740000000000002, 0.41289999999999999, 1.0)	../fonts/amplitud.ttf	upper
1268954572724	1	FR_PRES	2	CATHEDRAL	260	1	0	828	(0.57740000000000002, 0.41289999999999999, 1.0)	../fonts/amplitud.ttf	upper
1268954576624	1	FR_PRES	2	VENT	1556	1	0	1712	(0.57740000000000002, 0.41289999999999999, 1.0)	../fonts/amplitud.ttf	upper
1268954580757	1	FR_PRES	2	BRANDY	169	1	0	899	(0.57740000000000002, 0.41289999999999999, 1.0)	../fonts/amplitud.ttf	upper
1268954586566	1	REC_START
1268954669434	0	REST
1268954670942	1	FR_PRES	3	PITCHFORK	1078	0	1	1155	(0.42259999999999998, 0.58709999999999996, 0)	../fonts/zerothre.ttf	lower
1268954675126	1	FR_PRES	3	SWAMP	1416	0	1	1474	(0.42259999999999998, 0.58709999999999996, 0)	../fonts/zerothre.ttf	lower
1268954679308	1	FR_PRES	3	FOLDER	588	1	0	1885	(0.57740000000000002, 0.41289999999999999, 1.0)	../fonts/amplitud.ttf	upper
1268954683516	1	FR_PRES	3	STEAM	1375	1	0	1733	(0.57740000000000002, 0.41289999999999999, 1.0)	../fonts/amplitud.ttf	upper
1268954687383	1	FR_PRES	3	KETTLE	772	1	0	1609	(0.57740000000000002, 0.41289999999999999, 1.0)	../fonts/amplitud.ttf	upper
1268954691250	1	FR_PRES	3	CROCODILE	411	1	1	1190	(0.57740000000000002, 0.41289999999999999, 1.0)	../fonts/amplitud.ttf	upper
1268954695457	1	FR_PRES	3	LION	827	0	1	1231	(0.42259999999999998, 0.58709999999999996, 0)	../fonts/zerothre.ttf	lower
1268954699465	1	FR_PRES	3	CAT	257	0	1	919	(0.42259999999999998, 0.58709999999999996, 0)	../fonts/zerothre.ttf	lower
1268954703482	1	FR_PRES	3	CHAMPAGNE	278	0	1	1671	(0.42259999999999998, 0.58709999999999996, 0)	../fonts/zerothre.ttf	lower
1268954707506	1	FR_PRES	3	RUM	1217	1	0	1214	(0.57740000000000002, 0.41289999999999999, 1.0)	../fonts/amplitud.ttf	upper
1268954711673	1	FR_PRES	3	BINDER	127	1	0	1895	(0.57740000000000002, 0.41289999999999999, 1.0)	../fonts/amplitud.ttf	upper
1268954715522	1	FR_PRES	3	SPONGE	1355	1	0	1782	(0.57740000000000002, 0.41289999999999999, 1.0)	../fonts/amplitud.ttf	upper
1268954719630	1	FR_PRES	3	OX	994	1	1	970	(0.57740000000000002, 0.41289999999999999, 1.0)	../fonts/amplitud.ttf	upper
1268954723763	1	FR_PRES	3	CHAMPION	279	0	1	2157	(0.42259999999999998, 0.58709999999999996, 0)	../fonts/zerothre.ttf	lower
1268954727780	1	FR_PRES	3	WARRIOR	1589	0	1	724	(0.42259999999999998, 0.58709999999999996, 0)	../fonts/zerothre.ttf	lower
1268954731696	1	FR_PRES	3	TOTE	1487	0	0	1417	(0.42259999999999998, 0.58709999999999996, 0)	../fonts/zerothre.ttf	lower
1268954737646	1	REC_START
1268954817390	0	REST
1268954818898	1	FR_PRES	4	MEAL	882	1	0	1646	(0.57740000000000002, 0.41289999999999999, 1.0)	../fonts/amplitud.ttf	upper
1268954822948	1	FR_PRES	4	VEIN	1554	1	1	1772	(0.57740000000000002, 0.41289999999999999, 1.0)	../fonts/amplitud.ttf	upper
1268954826872	1	FR_PRES	4	BARRACUDA	90	1	1	832	(0.57740000000000002, 0.41289999999999999, 1.0)	../fonts/amplitud.ttf	upper
1268954830889	1	FR_PRES	4	CANAL	226	1	0	1328	(0.57740000000000002, 0.41289999999999999, 1.0)	../fonts/amplitud.ttf	upper
1268954834855	1	FR_PRES	4	CREW	406	1	1	921	(0.57740000000000002, 0.41289999999999999, 1.0)	../fonts/amplitud.ttf	upper
1268954838863	1	FR_PRES	4	CLAM	315	1	1	825	(0.57740000000000002, 0.41289999999999999, 1.0)	../fonts/amplitud.ttf	upper
1268954842796	1	FR_PRES	4	BROOM	178	0	1	1084	(0.42259999999999998, 0.58709999999999996, 0)	../fonts/zerothre.ttf	lower
1268954847005	1	FR_PRES	4	FLANNEL	574	0	0	1611	(0.42259999999999998, 0.58709999999999996, 0)	../fonts/zerothre.ttf	lower
1268954850854	1	FR_PRES	4	PASTRY	1022	0	0	1427	(0.42259999999999998, 0.58709999999999996, 0)	../fonts/zerothre.ttf	lower
1268954854929	1	FR_PRES	4	EMPLOYER	532	1	1	1527	(0.57740000000000002, 0.41289999999999999, 1.0)	../fonts/amplitud.ttf	upper
1268954859121	1	FR_PRES	4	SECRETARY	1265	1	1	839	(0.57740000000000002, 0.41289999999999999, 1.0)	../fonts/amplitud.ttf	upper
1268954863154	1	FR_PRES	4	SHRIMP	1297	0	0	1598	(0.42259999999999998, 0.58709999999999996, 0)	../fonts/zerothre.ttf	lower
1268954867353	1	FR_PRES	4	DUST	508	0	0	920	(0.42259999999999998, 0.58709999999999996, 0)	../fonts/zerothre.ttf	lower
1268954871511	1	FR_PRES	4	DIRT	472	0	0	738	(0.42259999999999998, 0.58709999999999996, 0)	../fonts/zerothre.ttf	lower
1268954875486	1	FR_PRES	4	MOUNTAIN	924	0	1	1026	(0.42259999999999998, 0.58709999999999996, 0)	../fonts/zerothre.ttf	lower
1268954879560	1	FR_PRES	4	TUNA	1518	0	0	952	(0.42259999999999998, 0.58709999999999996, 0)	../fonts/zerothre.ttf	lower
1268954885220	1	REC_START
1268954963363	0	REST
1268954964871	1	FR_PRES	5	CAVE	263	-1	-1	-1268954964871	white	../fonts/Verdana.ttf	upper
1268954968954	1	FR_PRES	5	SUBURB	1399	-1	-1	-1268954968954	white	../fonts/Verdana.ttf	upper
1268954972895	1	FR_PRES	5	PATIO	1025	-1	-1	-1268954972895	white	../fonts/Verdana.ttf	upper
1268954976728	1	FR_PRES	5	WAND	1586	-1	-1	-1268954976728	white	../fonts/Verdana.ttf	upper
1268954980561	1	FR_PRES	5	CAFETERIA	217	-1	-1	-1268954980561	white	../fonts/Verdana.ttf	upper
1268954984494	1	FR_PRES	5	COWBOY	395	-1	-1	-1268954984494	white	../fonts/Verdana.ttf	upper
1268954988427	1	FR_PRES	5	PENNY	1045	-1	-1	-1268954988427	white	../fonts/Verdana.ttf	upper
1268954992619	1	FR_PRES	5	QUARTER	1148	-1	-1	-1268954992619	white	../fonts/Verdana.ttf	upper
1268954996668	1	FR_PRES	5	MASCARA	875	-1	-1	-1268954996668	white	../fonts/Verdana.ttf	upper
1268955000726	1	FR_PRES	5	MILDEW	893	-1	-1	-1268955000726	white	../fonts/Verdana.ttf	upper
1268955004743	1	FR_PRES	5	CUCUMBER	421	-1	-1	-1268955004743	white	../fonts/Verdana.ttf	upper
1268955008642	1	FR_PRES	5	EYELASH	546	-1	-1	-1268955008642	white	../fonts/Verdana.ttf	upper
1268955012476	1	FR_PRES	5	SHACK	1273	-1	-1	-1268955012476	white	../fonts/Verdana.ttf	upper
1268955016317	1	FR_PRES	5	COCOON	339	-1	-1	-1268955016317	white	../fonts/Verdana.ttf	upper
1268955020400	1	FR_PRES	5	CRITIC	410	-1	-1	-1268955020400	white	../fonts/Verdana.ttf	upper
1268955024533	1	FR_PRES	5	EUROPE	541	-1	-1	-1268955024533	white	../fonts/Verdana.ttf	upper
1268955030466	1	REC_START
1268955108902	0	REST
1268955110410	1	FR_PRES	6	TOWER	1490	-1	-1	-1268955110410	white	../fonts/Verdana.ttf	upper
1268955114401	1	FR_PRES	6	RAZOR	1171	-1	-1	-1268955114401	white	../fonts/Verdana.ttf	upper
1268955118309	1	FR_PRES	6	HINGE	709	-1	-1	-1268955118309	white	../fonts/Verdana.ttf	upper
1268955122376	1	FR_PRES	6	TORCH	1484	-1	-1	-1268955122376	white	../fonts/Verdana.ttf	upper
1268955126492	1	FR_PRES	6	DOCK	477	-1	-1	-1268955126492	white	../fonts/Verdana.ttf	upper
1268955130350	1	FR_PRES	6	JURY	766	-1	-1	-1268955130350	white	../fonts/Verdana.ttf	upper
1268955134442	1	FR_PRES	6	SCISSORS	1250	-1	-1	-1268955134442	white	../fonts/Verdana.ttf	upper
1268955138358	1	FR_PRES	6	VESSEL	1558	-1	-1	-1268955138358	white	../fonts/Verdana.ttf	upper
1268955142399	1	FR_PRES	6	CREVICE	405	-1	-1	-1268955142399	white	../fonts/Verdana.ttf	upper
1268955146217	1	FR_PRES	6	HERO	706	-1	-1	-1268955146217	white	../fonts/Verdana.ttf	upper
1268955150432	1	FR_PRES	6	GHOST	634	-1	-1	-1268955150432	white	../fonts/Verdana.ttf	upper
1268955154382	1	FR_PRES	6	PUPPY	1144	-1	-1	-1268955154382	white	../fonts/Verdana.ttf	upper
1268955158348	1	FR_PRES	6	CABINET	212	-1	-1	-1268955158348	white	../fonts/Verdana.ttf	upper
1268955162390	1	FR_PRES	6	KNOB	787	-1	-1	-1268955162390	white	../fonts/Verdana.ttf	upper
1268955166215	1	FR_PRES	6	DEPARTMENT	449	-1	-1	-1268955166215	white	../fonts/Verdana.ttf	upper
1268955170414	1	FR_PRES	6	MARKET	871	-1	-1	-1268955170414	white	../fonts/Verdana.ttf	upper
1268955176364	1	REC_START
1268955255716	0	REST
1268955257217	1	FR_PRES	7	MILITARY	894	0	1	2103	(0.42259999999999998, 0.58709999999999996, 0)	../fonts/zerothre.ttf	lower
1268955261108	1	FR_PRES	7	SPARROW	1347	0	0	1965	(0.42259999999999998, 0.58709999999999996, 0)	../fonts/zerothre.ttf	lower
1268955264957	1	FR_PRES	7	FIREPLACE	570	0	1	947	(0.42259999999999998, 0.58709999999999996, 0)	../fonts/zerothre.ttf	lower
1268955269116	1	FR_PRES	7	FUR	615	0	1	1628	(0.42259999999999998, 0.58709999999999996, 0)	../fonts/zerothre.ttf	lower
1268955273032	1	FR_PRES	7	GENTLEMAN	631	0	1	1392	(0.42259999999999998, 0.58709999999999996, 0)	../fonts/zerothre.ttf	lower
1268955277016	1	FR_PRES	7	GIRL	637	0	1	1089	(0.42259999999999998, 0.58709999999999996, 0)	../fonts/zerothre.ttf	lower
1268955280848	1	FR_PRES	7	LOOP	844	0	0	1648	(0.42259999999999998, 0.58709999999999996, 0)	../fonts/zerothre.ttf	lower
1268955284731	1	FR_PRES	7	CUBE	420	0	0	1677	(0.42259999999999998, 0.58709999999999996, 0)	../fonts/zerothre.ttf	lower
1268955288705	1	FR_PRES	7	CHEESE	289	0	0	679	(0.42259999999999998, 0.58709999999999996, 0)	../fonts/zerothre.ttf	lower
1268955292722	1	FR_PRES	7	ELECTRICIAN	521	0	1	1094	(0.42259999999999998, 0.58709999999999996, 0)	../fonts/zerothre.ttf	lower
1268955296838	1	FR_PRES	7	KIWI	781	0	0	858	(0.42259999999999998, 0.58709999999999996, 0)	../fonts/zerothre.ttf	lower
1268955300863	1	FR_PRES	7	BILL	126	0	0	1346	(0.42259999999999998, 0.58709999999999996, 0)	../fonts/zerothre.ttf	lower
1268955305038	1	FR_PRES	7	SERGEANT	1269	0	1	1067	(0.42259999999999998, 0.58709999999999996, 0)	../fonts/zerothre.ttf	lower
1268955309180	1	FR_PRES	7	LAMP	798	0	1	1204	(0.42259999999999998, 0.58709999999999996, 0)	../fonts/zerothre.ttf	lower
1268955313304	1	FR_PRES	7	NICOTINE	951	0	0	1416	(0.42259999999999998, 0.58709999999999996, 0)	../fonts/zerothre.ttf	lower
1268955317462	1	FR_PRES	7	CIGARETTE	309	0	0	787	(0.42259999999999998, 0.58709999999999996, 0)	../fonts/zerothre.ttf	lower
1268955323370	1	REC_START
1268955401422	0	REST
1268955402930	1	FR_PRES	8	YARD	1630	0	1	1030	(0.42259999999999998, 0.58709999999999996, 0)	../fonts/zerothre.ttf	lower
1268955406922	1	FR_PRES	8	BRICK	172	0	0	982	(0.42259999999999998, 0.58709999999999996, 0)	../fonts/zerothre.ttf	lower
1268955410946	1	FR_PRES	8	PEANUT	1032	0	0	1119	(0.42259999999999998, 0.58709999999999996, 0)	../fonts/zerothre.ttf	lower
1268955415055	1	FR_PRES	8	BOLT	146	0	0	1753	(0.42259999999999998, 0.58709999999999996, 0)	../fonts/zerothre.ttf	lower
1268955419247	1	FR_PRES	8	PAINTER	1004	0	1	866	(0.42259999999999998, 0.58709999999999996, 0)	../fonts/zerothre.ttf	lower
1268955423312	1	FR_PRES	8	TOOTH	1481	0	0	777	(0.42259999999999998, 0.58709999999999996, 0)	../fonts/zerothre.ttf	lower
1268955427462	1	FR_PRES	8	CHESS	294	0	1	1450	(0.42259999999999998, 0.58709999999999996, 0)	../fonts/zerothre.ttf	lower
1268955431537	1	FR_PRES	8	SWIMMER	1420	0	1	752	(0.42259999999999998, 0.58709999999999996, 0)	../fonts/zerothre.ttf	lower
1268955435403	1	FR_PRES	8	SCREWDRIVER	1255	0	0	1165	(0.42259999999999998, 0.58709999999999996, 0)	../fonts/zerothre.ttf	lower
1268955439536	1	FR_PRES	8	TAPE	1433	0	0	673	(0.42259999999999998, 0.58709999999999996, 0)	../fonts/zerothre.ttf	lower
1268955443427	1	FR_PRES	8	CELLO	268	0	1	917	(0.42259999999999998, 0.58709999999999996, 0)	../fonts/zerothre.ttf	lower
1268955447270	1	FR_PRES	8	TACK	1428	0	0	819	(0.42259999999999998, 0.58709999999999996, 0)	../fonts/zerothre.ttf	lower
1268955451261	1	FR_PRES	8	SCREEN	1253	0	1	1387	(0.42259999999999998, 0.58709999999999996, 0)	../fonts/zerothre.ttf	lower
1268955455451	1	FR_PRES	8	TUXEDO	1525	0	1	1229	(0.42259999999999998, 0.58709999999999996, 0)	../fonts/zerothre.ttf	lower
1268955459426	1	FR_PRES	8	FLASK	576	0	0	655	(0.42259999999999998, 0.58709999999999996, 0)	../fonts/zerothre.ttf	lower
1268955463343	1	FR_PRES	8	COTTAGE	384	0	1	1489	(0.42259999999999998, 0.58709999999999996, 0)	../fonts/zerothre.ttf	lower
1268955468943	1	REC_START
1268955546903	0	REST
1268955548411	1	FR_PRES	9	KNAPSACK	783	0	1	2317	(0.42259999999999998, 0.58709999999999996, 0)	../fonts/zerothre.ttf	lower
1268955552519	1	FR_PRES	9	TRAY	1498	0	1	1329	(0.42259999999999998, 0.58709999999999996, 0)	../fonts/zerothre.ttf	lower
1268955556502	1	FR_PRES	9	POTATO	1115	0	0	866	(0.42259999999999998, 0.58709999999999996, 0)	../fonts/zerothre.ttf	lower
1268955560577	1	FR_PRES	9	SALOON	1228	0	1	791	(0.42259999999999998, 0.58709999999999996, 0)	../fonts/zerothre.ttf	lower
1268955564777	1	FR_PRES	9	SERVER	1272	0	1	1015	(0.42259999999999998, 0.58709999999999996, 0)	../fonts/zerothre.ttf	lower
1268955568801	1	FR_PRES	9	SHOP	1290	0	1	623	(0.42259999999999998, 0.58709999999999996, 0)	../fonts/zerothre.ttf	lower
1268955572735	1	FR_PRES	9	CART	250	0	1	809	(0.42259999999999998, 0.58709999999999996, 0)	../fonts/zerothre.ttf	lower
1268955576684	1	FR_PRES	9	SUITCASE	1403	0	1	860	(0.42259999999999998, 0.58709999999999996, 0)	../fonts/zerothre.ttf	lower
1268955580542	1	FR_PRES	9	CHIME	300	0	0	1306	(0.42259999999999998, 0.58709999999999996, 0)	../fonts/zerothre.ttf	lower
1268955584642	1	FR_PRES	9	HAWK	692	0	1	1551	(0.42259999999999998, 0.58709999999999996, 0)	../fonts/zerothre.ttf	lower
1268955588717	1	FR_PRES	9	BOOTH	151	0	1	1651	(0.42259999999999998, 0.58709999999999996, 0)	../fonts/zerothre.ttf	lower
1268955592675	1	FR_PRES	9	ATOM	55	0	0	2197	(0.42259999999999998, 0.58709999999999996, 0)	../fonts/zerothre.ttf	lower
1268955596500	1	FR_PRES	9	MOLECULE	905	0	0	613	(0.42259999999999998, 0.58709999999999996, 0)	../fonts/zerothre.ttf	lower
1268955600466	1	FR_PRES	9	BEEF	113	0	1	1518	(0.42259999999999998, 0.58709999999999996, 0)	../fonts/zerothre.ttf	lower
1268955604300	1	FR_PRES	9	BEARD	107	0	0	1092	(0.42259999999999998, 0.58709999999999996, 0)	../fonts/zerothre.ttf	lower
1268955608382	1	FR_PRES	9	WAITRESS	1581	0	1	1146	(0.42259999999999998, 0.58709999999999996, 0)	../fonts/zerothre.ttf	lower
1268955614307	1	REC_START
1268955692818	0	REST
1268955694326	1	FR_PRES	10	ROBIN	1199	1	1	1066	(0.57740000000000002, 0.41289999999999999, 1.0)	../fonts/amplitud.ttf	upper
1268955698375	1	FR_PRES	10	RABBIT	1152	1	1	858	(0.57740000000000002, 0.41289999999999999, 1.0)	../fonts/amplitud.ttf	upper
1268955702450	1	FR_PRES	10	SALMON	1227	1	1	942	(0.57740000000000002, 0.41289999999999999, 1.0)	../fonts/amplitud.ttf	upper
1268955706658	1	FR_PRES	10	MOAT	903	1	0	1062	(0.57740000000000002, 0.41289999999999999, 1.0)	../fonts/amplitud.ttf	upper
1268955710816	1	FR_PRES	10	IRON	744	1	0	1016	(0.57740000000000002, 0.41289999999999999, 1.0)	../fonts/amplitud.ttf	upper
1268955714982	1	FR_PRES	10	GULL	671	1	1	1778	(0.57740000000000002, 0.41289999999999999, 1.0)	../fonts/amplitud.ttf	upper
1268955719117	1	FR_PRES	10	BARREL	91	1	0	1076	(0.57740000000000002, 0.41289999999999999, 1.0)	../fonts/amplitud.ttf	upper
1268955723050	1	FR_PRES	10	JUG	762	1	0	2199	(0.57740000000000002, 0.41289999999999999, 1.0)	../fonts/amplitud.ttf	upper
1268955727191	1	FR_PRES	10	VIOLA	1570	1	1	2866	(0.57740000000000002, 0.41289999999999999, 1.0)	../fonts/amplitud.ttf	upper
1268955731166	1	FR_PRES	10	GUITAR	670	1	0	971	(0.57740000000000002, 0.41289999999999999, 1.0)	../fonts/amplitud.ttf	upper
1268955735232	1	FR_PRES	10	SEAFOOD	1260	1	0	2017	(0.57740000000000002, 0.41289999999999999, 1.0)	../fonts/amplitud.ttf	upper
1268955739173	1	FR_PRES	10	OYSTER	995	1	1	1004	(0.57740000000000002, 0.41289999999999999, 1.0)	../fonts/amplitud.ttf	upper
1268955743098	1	FR_PRES	10	WRIST	1626	1	0	1071	(0.57740000000000002, 0.41289999999999999, 1.0)	../fonts/amplitud.ttf	upper
1268955747098	1	FR_PRES	10	WATER	1594	1	0	886	(0.57740000000000002, 0.41289999999999999, 1.0)	../fonts/amplitud.ttf	upper
1268955750938	1	FR_PRES	10	FENCE	560	1	0	734	(0.57740000000000002, 0.41289999999999999, 1.0)	../fonts/amplitud.ttf	upper
1268955755014	1	FR_PRES	10	BARN	89	1	0	1314	(0.57740000000000002, 0.41289999999999999, 1.0)	../fonts/amplitud.ttf	upper
1268955760988	1	REC_START
1268955838899	0	REST
1268955840398	1	FR_PRES	11	SAW	1239	1	0	1410	(0.57740000000000002, 0.41289999999999999, 1.0)	../fonts/amplitud.ttf	upper
1268955844523	1	FR_PRES	11	CHISEL	305	1	0	805	(0.57740000000000002, 0.41289999999999999, 1.0)	../fonts/amplitud.ttf	upper
1268955848398	1	FR_PRES	11	ASSISTANT	48	1	1	906	(0.57740000000000002, 0.41289999999999999, 1.0)	../fonts/amplitud.ttf	upper
1268955852273	1	FR_PRES	11	SINK	1309	1	0	760	(0.57740000000000002, 0.41289999999999999, 1.0)	../fonts/amplitud.ttf	upper
1268955856439	1	FR_PRES	11	REFRIGERATOR	1179	1	0	865	(0.57740000000000002, 0.41289999999999999, 1.0)	../fonts/amplitud.ttf	upper
1268955860638	1	FR_PRES	11	BLANKET	135	1	0	946	(0.57740000000000002, 0.41289999999999999, 1.0)	../fonts/amplitud.ttf	upper
1268955864746	1	FR_PRES	11	BUG	187	1	1	1327	(0.57740000000000002, 0.41289999999999999, 1.0)	../fonts/amplitud.ttf	upper
1268955868655	1	FR_PRES	11	MARBLE	867	1	0	1386	(0.57740000000000002, 0.41289999999999999, 1.0)	../fonts/amplitud.ttf	upper
1268955872829	1	FR_PRES	11	STONE	1385	1	0	1859	(0.57740000000000002, 0.41289999999999999, 1.0)	../fonts/amplitud.ttf	upper
1268955876912	1	FR_PRES	11	SUBWAY	1400	1	0	1080	(0.57740000000000002, 0.41289999999999999, 1.0)	../fonts/amplitud.ttf	upper
1268955880770	1	FR_PRES	11	WINGS	1614	1	0	1070	(0.57740000000000002, 0.41289999999999999, 1.0)	../fonts/amplitud.ttf	upper
1268955884687	1	FR_PRES	11	NOTE	958	1	0	1121	(0.57740000000000002, 0.41289999999999999, 1.0)	../fonts/amplitud.ttf	upper
1268955888761	1	FR_PRES	11	GARLIC	624	1	0	743	(0.57740000000000002, 0.41289999999999999, 1.0)	../fonts/amplitud.ttf	upper
1268955892928	1	FR_PRES	11	CONDUCTOR	362	1	1	664	(0.57740000000000002, 0.41289999999999999, 1.0)	../fonts/amplitud.ttf	upper
1268955896861	1	FR_PRES	11	PILLOW	1069	1	0	923	(0.57740000000000002, 0.41289999999999999, 1.0)	../fonts/amplitud.ttf	upper
1268955900777	1	FR_PRES	11	RECEPTIONIST	1174	1	1	1079	(0.57740000000000002, 0.41289999999999999, 1.0)	../fonts/amplitud.ttf	upper
1268955906727	1	REC_START
1268955982313	1	REST_REWET
1268956514341	0	REST
1268956515849	1	FR_PRES	12	ELECTRON	522	1	1	1607	(0.57740000000000002, 0.41289999999999999, 1.0)	../fonts/amplitud.ttf	upper
1268956519749	1	FR_PRES	12	PARTY	1018	1	0	1811	(0.57740000000000002, 0.41289999999999999, 1.0)	../fonts/amplitud.ttf	upper
1268956523932	1	FR_PRES	12	SIBLING	1301	0	1	1468	(0.42259999999999998, 0.58709999999999996, 0)	../fonts/zerothre.ttf	lower
1268956527873	1	FR_PRES	12	FRIEND	606	0	1	1039	(0.42259999999999998, 0.58709999999999996, 0)	../fonts/zerothre.ttf	lower
1268956531856	1	FR_PRES	12	BATH	98	0	1	2128	(0.42259999999999998, 0.58709999999999996, 0)	../fonts/zerothre.ttf	lower
1268956535989	1	FR_PRES	12	REPORT	1184	0	0	1020	(0.42259999999999998, 0.58709999999999996, 0)	../fonts/zerothre.ttf	lower
1268956540123	1	FR_PRES	12	GYM	674	0	1	974	(0.42259999999999998, 0.58709999999999996, 0)	../fonts/zerothre.ttf	lower
1268956544231	1	FR_PRES	12	COFFIN	342	0	1	2073	(0.42259999999999998, 0.58709999999999996, 0)	../fonts/zerothre.ttf	lower
1268956548363	1	FR_PRES	12	TOMB	1477	1	0	1589	(0.57740000000000002, 0.41289999999999999, 1.0)	../fonts/amplitud.ttf	upper
1268956552563	1	FR_PRES	12	RIVER	1194	1	0	1341	(0.57740000000000002, 0.41289999999999999, 1.0)	../fonts/amplitud.ttf	upper
1268956556738	1	FR_PRES	12	DAM	436	1	0	1782	(0.57740000000000002, 0.41289999999999999, 1.0)	../fonts/amplitud.ttf	upper
1268956560804	1	FR_PRES	12	FISH	571	1	1	692	(0.57740000000000002, 0.41289999999999999, 1.0)	../fonts/amplitud.ttf	upper
1268956564645	1	FR_PRES	12	PAD	998	0	0	1516	(0.42259999999999998, 0.58709999999999996, 0)	../fonts/zerothre.ttf	lower
1268956568570	1	FR_PRES	12	VALVE	1546	0	0	1430	(0.42259999999999998, 0.58709999999999996, 0)	../fonts/zerothre.ttf	lower
1268956572761	1	FR_PRES	12	WHALE	1601	1	1	1256	(0.57740000000000002, 0.41289999999999999, 1.0)	../fonts/amplitud.ttf	upper
1268956576678	1	FR_PRES	12	RASPBERRY	1168	1	1	962	(0.57740000000000002, 0.41289999999999999, 1.0)	../fonts/amplitud.ttf	upper
1268956582670	1	REC_START
1268956660930	0	REST
1268956662438	1	FR_PRES	13	FAIRY	549	-1	-1	-1268956662438	white	../fonts/Verdana.ttf	upper
1268956666630	1	FR_PRES	13	MAGICIAN	854	-1	-1	-1268956666630	white	../fonts/Verdana.ttf	upper
1268956670754	1	FR_PRES	13	ACTOR	5	-1	-1	-1268956670754	white	../fonts/Verdana.ttf	upper
1268956674596	1	FR_PRES	13	IDOL	733	-1	-1	-1268956674596	white	../fonts/Verdana.ttf	upper
1268956678529	1	FR_PRES	13	HONEY	713	-1	-1	-1268956678529	white	../fonts/Verdana.ttf	upper
1268956682403	1	FR_PRES	13	HIP	710	-1	-1	-1268956682403	white	../fonts/Verdana.ttf	upper
1268956686320	1	FR_PRES	13	SLIME	1327	-1	-1	-1268956686320	white	../fonts/Verdana.ttf	upper
1268956690162	1	FR_PRES	13	OAR	966	-1	-1	-1268956690162	white	../fonts/Verdana.ttf	upper
1268956694287	1	FR_PRES	13	CANOE	233	-1	-1	-1268956694287	white	../fonts/Verdana.ttf	upper
1268956698360	1	FR_PRES	13	CANDIDATE	228	-1	-1	-1268956698360	white	../fonts/Verdana.ttf	upper
1268956702469	1	FR_PRES	13	TOMATO	1476	-1	-1	-1268956702469	white	../fonts/Verdana.ttf	upper
1268956706577	1	FR_PRES	13	TUBE	1516	-1	-1	-1268956706577	white	../fonts/Verdana.ttf	upper
1268956710468	1	FR_PRES	13	LIMB	822	-1	-1	-1268956710468	white	../fonts/Verdana.ttf	upper
1268956714659	1	FR_PRES	13	SPINACH	1352	-1	-1	-1268956714659	white	../fonts/Verdana.ttf	upper
1268956718526	1	FR_PRES	13	JEEP	753	-1	-1	-1268956718526	white	../fonts/Verdana.ttf	upper
1268956722534	1	FR_PRES	13	HOUSE	725	-1	-1	-1268956722534	white	../fonts/Verdana.ttf	upper
1268956728143	1	REC_START
1268956807603	0	REST
1268956809103	1	FR_PRES	14	SPATULA	1348	0	0	1681	(0.42259999999999998, 0.58709999999999996, 0)	../fonts/zerothre.ttf	lower
1268956813045	1	FR_PRES	14	KITCHEN	778	0	-999	3000	(0.42259999999999998, 0.58709999999999996, 0)	../fonts/zerothre.ttf	lower
1268956816070	1	SLOW_MSG
1268956818660	1	FR_PRES	14	DIGGER	464	0	1	1140	(0.42259999999999998, 0.58709999999999996, 0)	../fonts/zerothre.ttf	lower
1268956822668	1	FR_PRES	14	SHOVEL	1295	0	1	1533	(0.42259999999999998, 0.58709999999999996, 0)	../fonts/zerothre.ttf	lower
1268956826601	1	FR_PRES	14	STAR	1373	1	0	1975	(0.57740000000000002, 0.41289999999999999, 1.0)	../fonts/amplitud.ttf	upper
1268956830492	1	FR_PRES	14	ATLAS	53	1	0	1276	(0.57740000000000002, 0.41289999999999999, 1.0)	../fonts/amplitud.ttf	upper
1268956834576	1	FR_PRES	14	SKUNK	1321	1	1	1120	(0.57740000000000002, 0.41289999999999999, 1.0)	../fonts/amplitud.ttf	upper
1268956838617	1	FR_PRES	14	TRACTOR	1493	1	0	1975	(0.57740000000000002, 0.41289999999999999, 1.0)	../fonts/amplitud.ttf	upper
1268956842475	1	FR_PRES	14	JOKER	759	1	0	1814	(0.57740000000000002, 0.41289999999999999, 1.0)	../fonts/amplitud.ttf	upper
1268956846675	1	FR_PRES	14	PANTS	1010	0	0	1709	(0.42259999999999998, 0.58709999999999996, 0)	../fonts/zerothre.ttf	lower
1268956850633	1	FR_PRES	14	PRAIRIE	1118	0	1	1311	(0.42259999999999998, 0.58709999999999996, 0)	../fonts/zerothre.ttf	lower
1268956854766	1	FR_PRES	14	PANTHER	1009	0	1	1986	(0.42259999999999998, 0.58709999999999996, 0)	../fonts/zerothre.ttf	lower
1268956858715	1	FR_PRES	14	RODENT	1204	0	0	989	(0.42259999999999998, 0.58709999999999996, 0)	../fonts/zerothre.ttf	lower
1268956862748	1	FR_PRES	14	DEODORANT	448	1	0	1556	(0.57740000000000002, 0.41289999999999999, 1.0)	../fonts/amplitud.ttf	upper
1268956866906	1	FR_PRES	14	CEREAL	272	1	0	1478	(0.57740000000000002, 0.41289999999999999, 1.0)	../fonts/amplitud.ttf	upper
1268956871074	1	FR_PRES	14	PLAID	1080	1	0	2262	(0.57740000000000002, 0.41289999999999999, 1.0)	../fonts/amplitud.ttf	upper
1268956876873	1	REC_START
1268956956276	0	REST
1268956957783	1	FR_PRES	15	CANNON	232	-1	-1	-1268956957783	white	../fonts/Verdana.ttf	upper
1268956961641	1	FR_PRES	15	VETERAN	1561	-1	-1	-1268956961641	white	../fonts/Verdana.ttf	upper
1268956965666	1	FR_PRES	15	SEED	1266	-1	-1	-1268956965666	white	../fonts/Verdana.ttf	upper
1268956969557	1	FR_PRES	15	PILOT	1070	-1	-1	-1268956969557	white	../fonts/Verdana.ttf	upper
1268956973490	1	FR_PRES	15	AIRCRAFT	11	-1	-1	-1268956973490	white	../fonts/Verdana.ttf	upper
1268956977673	1	FR_PRES	15	JET	756	-1	-1	-1268956977673	white	../fonts/Verdana.ttf	upper
1268956981848	1	FR_PRES	15	GROCERIES	663	-1	-1	-1268956981848	white	../fonts/Verdana.ttf	upper
1268956985781	1	FR_PRES	15	BROOK	177	-1	-1	-1268956985781	white	../fonts/Verdana.ttf	upper
1268956989689	1	FR_PRES	15	BEAST	108	-1	-1	-1268956989689	white	../fonts/Verdana.ttf	upper
1268956993739	1	FR_PRES	15	SHRUB	1299	-1	-1	-1268956993739	white	../fonts/Verdana.ttf	upper
1268956997889	1	FR_PRES	15	CAMEL	223	-1	-1	-1268956997889	white	../fonts/Verdana.ttf	upper
1268957001963	1	FR_PRES	15	FEAST	556	-1	-1	-1268957001963	white	../fonts/Verdana.ttf	upper
1268957005821	1	FR_PRES	15	WOUND	1624	-1	-1	-1268957005821	white	../fonts/Verdana.ttf	upper
1268957009879	1	FR_PRES	15	ENGINE	535	-1	-1	-1268957009879	white	../fonts/Verdana.ttf	upper
1268957013929	1	FR_PRES	15	FUNGUS	614	-1	-1	-1268957013929	white	../fonts/Verdana.ttf	upper
1268957017937	1	FR_PRES	15	WEED	1599	-1	-1	-1268957017937	white	../fonts/Verdana.ttf	upper
1268957023779	1	REC_START
1268957109889	0	FFR_START
1268957115547	1	REC_START
1268957465413	0	RECOG_START
1268957465414	1	REC_START
1268957465446	0	RECOG_PRES	0	STEREO	1378	-999	P	2458
1268957468272	0	RECOG_CR_PRES	0	STEREO	1378	-999	P	1096
1268957469729	1	RECOG_FEEDBACK	0
1268957470471	0	RECOG_PRES	0	CROCODILE	411	-999	P	1738
1268957472579	0	RECOG_CR_PRES	0	CROCODILE	411	-999	P	861
1268957473812	1	RECOG_FEEDBACK	1
1268957474537	0	RECOG_PRES	0	BOULDER	155	-999	P	1343
1268957476246	0	RECOG_CR_PRES	0	BOULDER	155	-999	P	827
1268957477412	1	RECOG_FEEDBACK	1
1268957478154	0	RECOG_PRES	0	PILOT	1070	-999	P	1414
1268957479937	0	RECOG_CR_PRES	0	PILOT	1070	-999	P	959
1268957481237	1	RECOG_FEEDBACK	1
1268957481961	0	RECOG_PRES	0	PLUMBER	1091	-999	P	1599
1268957483936	0	RECOG_CR_PRES	0	PLUMBER	1091	-999	P	616
1268957484886	1	RECOG_FEEDBACK	0
1268957485653	0	RECOG_PRES	0	FUR	615	-999	P	1203
1268957487220	0	RECOG_CR_PRES	0	FUR	615	-999	P	885
1268957488419	1	RECOG_FEEDBACK	1
1268957489220	0	RECOG_PRES	0	VEIN	1554	-999	P	1596
1268957491178	0	RECOG_CR_PRES	0	VEIN	1554	-999	P	975
1268957492527	1	RECOG_FEEDBACK	1
1268957493311	0	RECOG_PRES	0	SCREEN	1253	-999	P	1561
1268957495237	0	RECOG_CR_PRES	0	SCREEN	1253	-999	P	884
1268957496469	1	RECOG_FEEDBACK	1
1268957497270	0	RECOG_PRES	0	GRASSHOPPER	656	-999	P	1306
1268957498952	0	RECOG_CR_PRES	0	GRASSHOPPER	656	-999	P	728
1268957500020	1	RECOG_FEEDBACK	1
1268957500735	0	RECOG_PRES	0	MARKET	871	-999	P	1161
1268957502261	0	RECOG_CR_PRES	0	MARKET	871	-999	P	1028
1268957503610	1	RECOG_FEEDBACK	1
1268957504368	0	RECOG_PRES	0	ADOLESCENT	7	-999	P	1232
1268957505976	0	RECOG_CR_PRES	0	ADOLESCENT	7	-999	P	800
1268957507111	1	RECOG_FEEDBACK	1
1268957507876	0	RECOG_PRES	0	BATH	98	-999	P	1764
1268957510010	0	RECOG_CR_PRES	0	BATH	98	-999	P	678
1268957511035	1	RECOG_FEEDBACK	0
1268957511818	0	RECOG_PRES	0	SALOON	1228	-999	P	1295
1268957513484	0	RECOG_CR_PRES	0	SALOON	1228	-999	P	789
1268957514609	1	RECOG_FEEDBACK	1
1268957515401	0	RECOG_PRES	0	BUSH	202	-999	P	1255
1268957517018	0	RECOG_CR_PRES	0	BUSH	202	-999	P	686
1268957518043	1	RECOG_FEEDBACK	0
1268957518775	0	RECOG_PRES	0	MARBLE	867	-999	P	1617
1268957520767	0	RECOG_CR_PRES	0	MARBLE	867	-999	P	801
1268957521900	1	RECOG_FEEDBACK	1
1268957522634	0	RECOG_PRES	0	FLASK	576	-999	P	1062
1268957524059	0	RECOG_CR_PRES	0	FLASK	576	-999	P	950
1268957525333	1	RECOG_FEEDBACK	1
1268957526093	0	RECOG_PRES	0	ARTERY	41	-999	P	2371
1268957528833	0	RECOG_CR_PRES	0	ARTERY	41	-999	P	711
1268957529925	1	RECOG_FEEDBACK	0
1268957530666	0	RECOG_PRES	0	CREVICE	405	-999	P	1415
1268957532449	0	RECOG_CR_PRES	0	CREVICE	405	-999	P	1215
1268957534025	1	RECOG_FEEDBACK	0
1268957534808	0	RECOG_PRES	0	TACK	1428	-999	P	1265
1268957536441	0	RECOG_CR_PRES	0	TACK	1428	-999	P	840
1268957537616	1	RECOG_FEEDBACK	1
1268957538357	0	RECOG_PRES	0	LEG	809	-999	P	2043
1268957540774	0	RECOG_CR_PRES	0	LEG	809	-999	P	594
1268957541732	1	RECOG_FEEDBACK	0
1268957546640	0	REST
1268957547519	1	REC_START
1268957547548	0	RECOG_PRES	1	LOOP	844	-999	P	1260
1268957549174	0	RECOG_CR_PRES	1	LOOP	844	-999	P	915
1268957550423	1	RECOG_FEEDBACK	1
1268957551141	0	RECOG_PRES	1	WAVE	1596	-999	P	882
1268957552423	0	RECOG_CR_PRES	1	WAVE	1596	-999	P	602
1268957553323	1	RECOG_FEEDBACK	1
1268957554032	0	RECOG_PRES	1	HAWK	692	-999	P	898
1268957555331	0	RECOG_CR_PRES	1	HAWK	692	-999	P	541
1268957556182	1	RECOG_FEEDBACK	1
1268957556948	0	RECOG_PRES	1	CHIMPANZEE	302	-999	P	1556
1268957558881	0	RECOG_CR_PRES	1	CHIMPANZEE	302	-999	P	471
1268957559681	1	RECOG_FEEDBACK	1
1268957560472	0	RECOG_PRES	1	TUXEDO	1525	-999	P	912
1268957561756	0	RECOG_CR_PRES	1	TUXEDO	1525	-999	P	692
1268957562739	1	RECOG_FEEDBACK	1
1268957563464	0	RECOG_PRES	1	WARRIOR	1589	-999	P	1296
1268957565123	0	RECOG_CR_PRES	1	WARRIOR	1589	-999	P	565
1268957566015	1	RECOG_FEEDBACK	0
1268957566814	0	RECOG_PRES	1	PUBLISHER	1137	-999	P	930
1268957568106	0	RECOG_CR_PRES	1	PUBLISHER	1137	-999	P	494
1268957568905	1	RECOG_FEEDBACK	1
1268957569622	0	RECOG_PRES	1	SUBURB	1399	-999	P	1266
1268957571256	0	RECOG_CR_PRES	1	SUBURB	1399	-999	P	472
1268957572056	1	RECOG_FEEDBACK	0
1268957572788	0	RECOG_PRES	1	PAGE	1001	-999	P	1245
1268957574405	0	RECOG_CR_PRES	1	PAGE	1001	-999	P	579
1268957575289	1	RECOG_FEEDBACK	1
1268957576031	0	RECOG_PRES	1	TRAY	1498	-999	P	1505
1268957577904	0	RECOG_CR_PRES	1	TRAY	1498	-999	P	704
1268957578979	1	RECOG_FEEDBACK	1
1268957579788	0	RECOG_PRES	1	DEPARTMENT	449	-999	P	1156
1268957581321	0	RECOG_CR_PRES	1	DEPARTMENT	449	-999	P	808
1268957582454	1	RECOG_FEEDBACK	1
1268957583255	0	RECOG_PRES	1	SPINACH	1352	-999	P	1249
1268957584879	0	RECOG_CR_PRES	1	SPINACH	1352	-999	P	705
1268957585912	1	RECOG_FEEDBACK	1
1268957586695	0	RECOG_PRES	1	ZOO	1637	-999	P	1097
1268957588155	0	RECOG_CR_PRES	1	ZOO	1637	-999	P	648
1268957589163	1	RECOG_FEEDBACK	1
1268957589929	0	RECOG_PRES	1	BALCONY	72	-999	P	1168
1268957591470	0	RECOG_CR_PRES	1	BALCONY	72	-999	P	642
1268957592462	1	RECOG_FEEDBACK	1
1268957593246	0	RECOG_PRES	1	TOE	1473	-999	P	1266
1268957594887	0	RECOG_CR_PRES	1	TOE	1473	-999	P	705
1268957595920	1	RECOG_FEEDBACK	0
1268957596686	0	RECOG_PRES	1	NOTE	958	-999	P	1674
1268957598736	0	RECOG_CR_PRES	1	NOTE	958	-999	P	640
1268957599728	1	RECOG_FEEDBACK	1
1268957600444	0	RECOG_PRES	1	OX	994	-999	P	1124
1268957601944	0	RECOG_CR_PRES	1	OX	994	-999	P	649
1268957602936	1	RECOG_FEEDBACK	0
1268957603728	0	RECOG_PRES	1	RAZOR	1171	-999	P	1632
1268957605727	0	RECOG_CR_PRES	1	RAZOR	1171	-999	P	650
1268957606769	1	RECOG_FEEDBACK	1
1268957607561	0	RECOG_PRES	1	LION	827	-999	P	1472
1268957609402	0	RECOG_CR_PRES	1	LION	827	-999	P	558
1268957610295	1	RECOG_FEEDBACK	1
1268957611070	0	RECOG_PRES	1	DEODORANT	448	-999	P	1219
1268957612660	0	RECOG_CR_PRES	1	DEODORANT	448	-999	P	641
1268957613652	1	RECOG_FEEDBACK	1
1268957615677	0	REST
1268957616534	1	REC_START
1268957616568	0	RECOG_PRES	2	REEF	1177	-999	P	1473
1268957618410	0	RECOG_CR_PRES	2	REEF	1177	-999	P	590
1268957619326	1	RECOG_FEEDBACK	1
1268957620127	0	RECOG_PRES	2	GIRL	637	-999	P	1265
1268957621768	0	RECOG_CR_PRES	2	GIRL	637	-999	P	784
1268957622876	1	RECOG_FEEDBACK	1
1268957623593	0	RECOG_PRES	2	SAXOPHONE	1240	-999	P	1440
1268957625401	0	RECOG_CR_PRES	2	SAXOPHONE	1240	-999	P	808
1268957626559	1	RECOG_FEEDBACK	1
1268957627277	0	RECOG_PRES	2	SHRIMP	1297	-999	P	1091
1268957628742	0	RECOG_CR_PRES	2	SHRIMP	1297	-999	P	618
1268957629676	1	RECOG_FEEDBACK	1
1268957630426	0	RECOG_PRES	2	RUM	1217	-999	P	990
1268957631792	0	RECOG_CR_PRES	2	RUM	1217	-999	P	672
1268957632775	1	RECOG_FEEDBACK	1
1268957633542	0	RECOG_PRES	2	PENNY	1045	-999	P	1106
1268957635010	0	RECOG_CR_PRES	2	PENNY	1045	-999	P	648
1268957636000	1	RECOG_FEEDBACK	0
1268957636792	0	RECOG_PRES	2	PORPOISE	1109	-999	P	1257
1268957638425	0	RECOG_CR_PRES	2	PORPOISE	1109	-999	P	535
1268957639293	1	RECOG_FEEDBACK	1
1268957640018	0	RECOG_PRES	2	BRICK	172	-999	P	1079
1268957641466	0	RECOG_CR_PRES	2	BRICK	172	-999	P	687
1268957642466	1	RECOG_FEEDBACK	1
1268957643226	0	RECOG_PRES	2	COACH	331	-999	P	1182
1268957644783	0	RECOG_CR_PRES	2	COACH	331	-999	P	729
1268957645858	1	RECOG_FEEDBACK	0
1268957646666	0	RECOG_PRES	2	FIREPLACE	570	-999	P	1750
1268957648791	0	RECOG_CR_PRES	2	FIREPLACE	570	-999	P	753
1268957649883	1	RECOG_FEEDBACK	0
1268957650649	0	RECOG_PRES	2	SCRIBBLE	1256	-999	P	1127
1268957652142	0	RECOG_CR_PRES	2	SCRIBBLE	1256	-999	P	682
1268957653142	1	RECOG_FEEDBACK	1
1268957653907	0	RECOG_PRES	2	SCISSORS	1250	-999	P	1077
1268957655357	0	RECOG_CR_PRES	2	SCISSORS	1250	-999	P	772
1268957656440	1	RECOG_FEEDBACK	1
1268957657225	0	RECOG_PRES	2	SIBLING	1301	-999	P	1207
1268957658807	0	RECOG_CR_PRES	2	SIBLING	1301	-999	P	921
1268957660049	1	RECOG_FEEDBACK	0
1268957660823	0	RECOG_PRES	2	TORCH	1484	-999	P	1330
1268957662523	0	RECOG_CR_PRES	2	TORCH	1484	-999	P	614
1268957663457	1	RECOG_FEEDBACK	0
1268957664182	0	RECOG_PRES	2	MICROPHONE	890	-999	P	1354
1268957665906	0	RECOG_CR_PRES	2	MICROPHONE	890	-999	P	686
1268957666940	1	RECOG_FEEDBACK	1
1268957667723	0	RECOG_PRES	2	BRAN	167	-999	P	2061
1268957670149	0	RECOG_CR_PRES	2	BRAN	167	-999	P	523
1268957671032	1	RECOG_FEEDBACK	0
1268957671798	0	RECOG_PRES	2	GLUE	643	-999	P	1355
1268957673522	0	RECOG_CR_PRES	2	GLUE	643	-999	P	711
1268957674589	1	RECOG_FEEDBACK	0
1268957675339	0	RECOG_PRES	2	ALMANAC	17	-999	P	1245
1268957676956	0	RECOG_CR_PRES	2	ALMANAC	17	-999	P	708
1268957677989	1	RECOG_FEEDBACK	1
1268957678755	0	RECOG_PRES	2	RELATIVE	1182	-999	P	1278
1268957680405	0	RECOG_CR_PRES	2	RELATIVE	1182	-999	P	636
1268957681372	1	RECOG_FEEDBACK	1
1268957682148	0	RECOG_PRES	2	KETTLE	772	-999	P	1660
1268957684173	0	RECOG_CR_PRES	2	KETTLE	772	-999	P	635
1268957685173	1	RECOG_FEEDBACK	0
1268957687630	0	REST
1268957688635	1	REC_START
1268957688671	0	RECOG_PRES	3	FOSSIL	596	-999	P	1657
1268957690705	0	RECOG_CR_PRES	3	FOSSIL	596	-999	P	615
1268957691654	1	RECOG_FEEDBACK	1
1268957692429	0	RECOG_PRES	3	DAM	436	-999	P	1251
1268957694047	0	RECOG_CR_PRES	3	DAM	436	-999	P	601
1268957694979	1	RECOG_FEEDBACK	1
1268957695704	0	RECOG_PRES	3	SUPERMARKET	1409	-999	P	1072
1268957697138	0	RECOG_CR_PRES	3	SUPERMARKET	1409	-999	P	710
1268957698155	1	RECOG_FEEDBACK	1
1268957698912	0	RECOG_PRES	3	HUMAN	726	-999	P	1392
1268957700671	0	RECOG_CR_PRES	3	HUMAN	726	-999	P	570
1268957701579	1	RECOG_FEEDBACK	1
1268957702304	0	RECOG_PRES	3	POND	1101	-999	P	1705
1268957704379	0	RECOG_CR_PRES	3	POND	1101	-999	P	589
1268957705312	1	RECOG_FEEDBACK	0
1268957706121	0	RECOG_PRES	3	POISON	1096	-999	P	1096
1268957707587	0	RECOG_CR_PRES	3	POISON	1096	-999	P	725
1268957708620	1	RECOG_FEEDBACK	1
1268957709328	0	RECOG_PRES	3	STEW	1380	-999	P	1672
1268957711370	0	RECOG_CR_PRES	3	STEW	1380	-999	P	1006
1268957712711	1	RECOG_FEEDBACK	0
1268957713445	0	RECOG_PRES	3	LOLLIPOP	842	-999	P	1355
1268957715162	0	RECOG_CR_PRES	3	LOLLIPOP	842	-999	P	686
1268957716212	1	RECOG_FEEDBACK	1
1268957716978	0	RECOG_PRES	3	FAIRY	549	-999	P	1606
1268957718961	0	RECOG_CR_PRES	3	FAIRY	549	-999	P	735
1268957720028	1	RECOG_FEEDBACK	1
1268957720802	0	RECOG_PRES	3	RIVER	1194	-999	P	1303
1268957722477	0	RECOG_CR_PRES	3	RIVER	1194	-999	P	588
1268957723394	1	RECOG_FEEDBACK	1
1268957724120	0	RECOG_PRES	3	BARREL	91	-999	P	1320
1268957725810	0	RECOG_CR_PRES	3	BARREL	91	-999	P	726
1268957726860	1	RECOG_FEEDBACK	1
1268957727660	0	RECOG_PRES	3	MILDEW	893	-999	P	996
1268957729019	0	RECOG_CR_PRES	3	MILDEW	893	-999	P	605
1268957729918	1	RECOG_FEEDBACK	1
1268957730635	0	RECOG_PRES	3	CAVE	263	-999	P	1125
1268957732128	0	RECOG_CR_PRES	3	CAVE	263	-999	P	440
1268957732876	1	RECOG_FEEDBACK	1
1268957733676	0	RECOG_PRES	3	COMPASS	358	-999	P	1964
1268957736010	0	RECOG_CR_PRES	3	COMPASS	358	-999	P	670
1268957737002	1	RECOG_FEEDBACK	1
1268957737718	0	RECOG_PRES	3	BINDER	127	-999	P	1658
1268957739751	0	RECOG_CR_PRES	3	BINDER	127	-999	P	546
1268957740634	1	RECOG_FEEDBACK	0
1268957741351	0	RECOG_PRES	3	HOUND	724	-999	P	1633
1268957743359	0	RECOG_CR_PRES	3	HOUND	724	-999	P	674
1268957744359	1	RECOG_FEEDBACK	1
1268957745127	0	RECOG_PRES	3	CLAM	315	-999	P	1577
1268957747068	0	RECOG_CR_PRES	3	CLAM	315	-999	P	648
1268957748076	1	RECOG_FEEDBACK	1
1268957748842	0	RECOG_PRES	3	SPATULA	1348	-999	P	1126
1268957750342	0	RECOG_CR_PRES	3	SPATULA	1348	-999	P	827
1268957751483	1	RECOG_FEEDBACK	1
1268957752201	0	RECOG_PRES	3	BROOK	177	-999	P	883
1268957753483	0	RECOG_CR_PRES	3	BROOK	177	-999	P	782
1268957754558	1	RECOG_FEEDBACK	1
1268957755292	0	RECOG_PRES	3	DIGGER	464	-999	P	925
1268957756591	0	RECOG_CR_PRES	3	DIGGER	464	-999	P	745
1268957757641	1	RECOG_FEEDBACK	1
1268957759900	0	REST
1268957761067	1	REC_START
1268957761100	0	RECOG_PRES	4	MOSQUITO	917	-999	P	1037
1268957762508	0	RECOG_CR_PRES	4	MOSQUITO	917	-999	P	1068
1268957763874	1	RECOG_FEEDBACK	1
1268957764632	0	RECOG_PRES	4	VOLUNTEER	1577	-999	P	1665
1268957766666	0	RECOG_CR_PRES	4	VOLUNTEER	1577	-999	P	910
1268957767907	1	RECOG_FEEDBACK	1
1268957768632	0	RECOG_PRES	4	CUCUMBER	421	-999	P	1872
1268957770874	0	RECOG_CR_PRES	4	CUCUMBER	421	-999	P	606
1268957771840	1	RECOG_FEEDBACK	0
1268957772565	0	RECOG_PRES	4	SUITCASE	1403	-999	P	1739
1268957774673	0	RECOG_CR_PRES	4	SUITCASE	1403	-999	P	576
1268957775598	1	RECOG_FEEDBACK	1
1268957776373	0	RECOG_PRES	4	OINTMENT	974	-999	P	1179
1268957777923	0	RECOG_CR_PRES	4	OINTMENT	974	-999	P	853
1268957779099	1	RECOG_FEEDBACK	1
1268957779865	0	RECOG_PRES	4	CABINET	212	-999	P	1280
1268957781515	0	RECOG_CR_PRES	4	CABINET	212	-999	P	949
1268957782806	1	RECOG_FEEDBACK	1
1268957783598	0	RECOG_PRES	4	WINDOW	1611	-999	P	1651
1268957785623	0	RECOG_CR_PRES	4	WINDOW	1611	-999	P	610
1268957786581	1	RECOG_FEEDBACK	1
1268957787372	0	RECOG_PRES	4	TICKET	1464	-999	P	1148
1268957788889	0	RECOG_CR_PRES	4	TICKET	1464	-999	P	551
1268957789764	1	RECOG_FEEDBACK	0
1268957790556	0	RECOG_PRES	4	STRANGER	1389	-999	P	1164
1268957792081	0	RECOG_CR_PRES	4	STRANGER	1389	-999	P	815
1268957793240	1	RECOG_FEEDBACK	1
1268957793997	0	RECOG_PRES	4	SKUNK	1321	-999	P	1795
1268957796156	0	RECOG_CR_PRES	4	SKUNK	1321	-999	P	648
1268957797214	1	RECOG_FEEDBACK	1
1268957797972	0	RECOG_PRES	4	PRIEST	1122	-999	P	1245
1268957799588	0	RECOG_CR_PRES	4	PRIEST	1122	-999	P	709
1268957800646	1	RECOG_FEEDBACK	1
1268957801371	0	RECOG_PRES	4	SWIMMER	1420	-999	P	1702
1268957803446	0	RECOG_CR_PRES	4	SWIMMER	1420	-999	P	787
1268957804571	1	RECOG_FEEDBACK	1
1268957805346	0	RECOG_PRES	4	COFFEE	341	-999	P	1582
1268957807297	0	RECOG_CR_PRES	4	COFFEE	341	-999	P	679
1268957808321	1	RECOG_FEEDBACK	1
1268957809055	0	RECOG_PRES	4	PREDATOR	1120	-999	P	1090
1268957810521	0	RECOG_CR_PRES	4	PREDATOR	1120	-999	P	799
1268957811646	1	RECOG_FEEDBACK	0
1268957812412	0	RECOG_PRES	4	SPARROW	1347	-999	P	1084
1268957813871	0	RECOG_CR_PRES	4	SPARROW	1347	-999	P	593
1268957814787	1	RECOG_FEEDBACK	1
1268957815504	0	RECOG_PRES	4	HONEY	713	-999	P	1200
1268957817071	0	RECOG_CR_PRES	4	HONEY	713	-999	P	705
1268957818113	1	RECOG_FEEDBACK	1
1268957818887	0	RECOG_PRES	4	PORK	1108	-999	P	1234
1268957820495	0	RECOG_CR_PRES	4	PORK	1108	-999	P	530
1268957821337	1	RECOG_FEEDBACK	1
1268957822104	0	RECOG_PRES	4	CATTLE	261	-999	P	1073
1268957823545	0	RECOG_CR_PRES	4	CATTLE	261	-999	P	879
1268957824728	1	RECOG_FEEDBACK	0
1268957825461	0	RECOG_PRES	4	ADULT	8	-999	P	1243
1268957827071	0	RECOG_CR_PRES	4	ADULT	8	-999	P	537
1268957827919	1	RECOG_FEEDBACK	1
1268957828694	0	RECOG_PRES	4	SPOON	1357	-999	P	1154
1268957830212	0	RECOG_CR_PRES	4	SPOON	1357	-999	P	628
1268957831145	1	RECOG_FEEDBACK	1
1268957836087	0	REST
1268957837193	1	REC_START
1268957837237	0	RECOG_PRES	5	RECEPTIONIST	1174	-999	P	1323
1268957838935	0	RECOG_CR_PRES	5	RECEPTIONIST	1174	-999	P	641
1268957839944	1	RECOG_FEEDBACK	1
1268957840685	0	RECOG_PRES	5	FENCE	560	-999	P	1340
1268957842393	0	RECOG_CR_PRES	5	FENCE	560	-999	P	551
1268957843286	1	RECOG_FEEDBACK	1
1268957844003	0	RECOG_PRES	5	PILLOW	1069	-999	P	973
1268957845352	0	RECOG_CR_PRES	5	PILLOW	1069	-999	P	753
1268957846385	1	RECOG_FEEDBACK	1
1268957847102	0	RECOG_PRES	5	SERVER	1272	-999	P	1266
1268957848743	0	RECOG_CR_PRES	5	SERVER	1272	-999	P	713
1268957849785	1	RECOG_FEEDBACK	0
1268957850534	0	RECOG_PRES	5	VALVE	1546	-999	P	1170
1268957852069	0	RECOG_CR_PRES	5	VALVE	1546	-999	P	587
1268957852993	1	RECOG_FEEDBACK	1
1268957853801	0	RECOG_PRES	5	GYM	674	-999	P	1384
1268957855559	0	RECOG_CR_PRES	5	GYM	674	-999	P	554
1268957856442	1	RECOG_FEEDBACK	1
1268957857243	0	RECOG_PRES	5	SECRETARY	1265	-999	P	1022
1268957858634	0	RECOG_CR_PRES	5	SECRETARY	1265	-999	P	814
1268957859750	1	RECOG_FEEDBACK	1
1268957860500	0	RECOG_PRES	5	LOUNGE	845	-999	P	1180
1268957862043	0	RECOG_CR_PRES	5	LOUNGE	845	-999	P	781
1268957863168	1	RECOG_FEEDBACK	1
1268957863908	0	RECOG_PRES	5	BRANDY	169	-999	P	1020
1268957865293	0	RECOG_CR_PRES	5	BRANDY	169	-999	P	764
1268957866375	1	RECOG_FEEDBACK	1
1268957867109	0	RECOG_PRES	5	PAINTER	1004	-999	P	1475
1268957868958	0	RECOG_CR_PRES	5	PAINTER	1004	-999	P	538
1268957869866	1	RECOG_FEEDBACK	1
1268957870575	0	RECOG_PRES	5	SAW	1239	-999	P	1153
1268957872092	0	RECOG_CR_PRES	5	SAW	1239	-999	P	648
1268957873117	1	RECOG_FEEDBACK	1
1268957873874	0	RECOG_PRES	5	PUPPY	1144	-999	P	1191
1268957875433	0	RECOG_CR_PRES	5	PUPPY	1144	-999	P	592
1268957876358	1	RECOG_FEEDBACK	0
1268957877159	0	RECOG_PRES	5	FIELD	562	-999	P	1193
1268957878724	0	RECOG_CR_PRES	5	FIELD	562	-999	P	612
1268957879666	1	RECOG_FEEDBACK	0
1268957880432	0	RECOG_PRES	5	BARRACUDA	90	-999	P	1448
1268957882241	0	RECOG_CR_PRES	5	BARRACUDA	90	-999	P	583
1268957883150	1	RECOG_FEEDBACK	0
1268957883924	0	RECOG_PRES	5	PEANUT	1032	-999	P	1076
1268957885374	0	RECOG_CR_PRES	5	PEANUT	1032	-999	P	723
1268957886424	1	RECOG_FEEDBACK	1
1268957887175	0	RECOG_PRES	5	CANAL	226	-999	P	874
1268957888448	0	RECOG_CR_PRES	5	CANAL	226	-999	P	737
1268957889490	1	RECOG_FEEDBACK	1
1268957890208	0	RECOG_PRES	5	ROOMMATE	1207	-999	P	1033
1268957891615	0	RECOG_CR_PRES	5	ROOMMATE	1207	-999	P	674
1268957892598	1	RECOG_FEEDBACK	1
1268957893398	0	RECOG_PRES	5	CIGARETTE	309	-999	P	1458
1268957895224	0	RECOG_CR_PRES	5	CIGARETTE	309	-999	P	648
1268957896257	1	RECOG_FEEDBACK	1
1268957897015	0	RECOG_PRES	5	MATCH	878	-999	P	1313
1268957898698	0	RECOG_CR_PRES	5	MATCH	878	-999	P	583
1268957899623	1	RECOG_FEEDBACK	1
1268957900414	0	RECOG_PRES	5	SENATOR	1268	-999	P	1234
1268957902015	0	RECOG_CR_PRES	5	SENATOR	1268	-999	P	609
1268957902956	1	RECOG_FEEDBACK	1
1268957906439	0	REST
1268957907636	1	REC_START
1268957907672	0	RECOG_PRES	6	SEAT	1264	-999	P	1288
1268957909330	0	RECOG_CR_PRES	6	SEAT	1264	-999	P	574
1268957910231	1	RECOG_FEEDBACK	1
1268957910972	0	RECOG_PRES	6	CREW	406	-999	P	1012
1268957912355	0	RECOG_CR_PRES	6	CREW	406	-999	P	581
1268957913248	1	RECOG_FEEDBACK	1
1268957914031	0	RECOG_PRES	6	SERVANT	1271	-999	P	1146
1268957915546	0	RECOG_CR_PRES	6	SERVANT	1271	-999	P	495
1268957916363	1	RECOG_FEEDBACK	1
1268957917089	0	RECOG_PRES	6	SUN	1406	-999	P	1008
1268957918471	0	RECOG_CR_PRES	6	SUN	1406	-999	P	810
1268957919596	1	RECOG_FEEDBACK	1
1268957920388	0	RECOG_PRES	6	MOAT	903	-999	P	1172
1268957921938	0	RECOG_CR_PRES	6	MOAT	903	-999	P	640
1268957922946	1	RECOG_FEEDBACK	1
1268957923696	0	RECOG_PRES	6	KNAPSACK	783	-999	P	1513
1268957925579	0	RECOG_CR_PRES	6	KNAPSACK	783	-999	P	542
1268957926462	1	RECOG_FEEDBACK	0
1268957927188	0	RECOG_PRES	6	WAITRESS	1581	-999	P	1005
1268957928562	0	RECOG_CR_PRES	6	WAITRESS	1581	-999	P	479
1268957929345	1	RECOG_FEEDBACK	1
1268957930096	0	RECOG_PRES	6	TOWER	1490	-999	P	1248
1268957931720	0	RECOG_CR_PRES	6	TOWER	1490	-999	P	800
1268957932853	1	RECOG_FEEDBACK	1
1268957933570	0	RECOG_PRES	6	JEEP	753	-999	P	1062
1268957935004	0	RECOG_CR_PRES	6	JEEP	753	-999	P	636
1268957935978	1	RECOG_FEEDBACK	1
1268957936745	0	RECOG_PRES	6	REFRIGERATOR	1179	-999	P	1239
1268957938353	0	RECOG_CR_PRES	6	REFRIGERATOR	1179	-999	P	535
1268957939237	1	RECOG_FEEDBACK	1
1268957939986	0	RECOG_PRES	6	CAFETERIA	217	-999	P	1311
1268957941678	0	RECOG_CR_PRES	6	CAFETERIA	217	-999	P	475
1268957942494	1	RECOG_FEEDBACK	0
1268957943279	0	RECOG_PRES	6	WOUND	1624	-999	P	1217
1268957944869	0	RECOG_CR_PRES	6	WOUND	1624	-999	P	563
1268957945769	1	RECOG_FEEDBACK	1
1268957946536	0	RECOG_PRES	6	FISH	571	-999	P	1032
1268957947944	0	RECOG_CR_PRES	6	FISH	571	-999	P	696
1268957948961	1	RECOG_FEEDBACK	1
1268957949686	0	RECOG_PRES	6	MEAL	882	-999	P	1130
1268957951178	0	RECOG_CR_PRES	6	MEAL	882	-999	P	542
1268957952045	1	RECOG_FEEDBACK	1
1268957952777	0	RECOG_PRES	6	CANNON	232	-999	P	911
1268957954053	0	RECOG_CR_PRES	6	CANNON	232	-999	P	779
1268957955144	1	RECOG_FEEDBACK	1
1268957955902	0	RECOG_PRES	6	CELLO	268	-999	P	1363
1268957957635	0	RECOG_CR_PRES	6	CELLO	268	-999	P	1013
1268957958993	1	RECOG_FEEDBACK	0
1268957959743	0	RECOG_PRES	6	FLANNEL	574	-999	P	1081
1268957961186	0	RECOG_CR_PRES	6	FLANNEL	574	-999	P	774
1268957962302	1	RECOG_FEEDBACK	1
1268957963069	0	RECOG_PRES	6	TUBE	1516	-999	P	1699
1268957965135	0	RECOG_CR_PRES	6	TUBE	1516	-999	P	545
1268957966027	1	RECOG_FEEDBACK	1
1268957966784	0	RECOG_PRES	6	CUBE	420	-999	P	1257
1268957968409	0	RECOG_CR_PRES	6	CUBE	420	-999	P	608
1268957969376	1	RECOG_FEEDBACK	1
1268957970152	0	RECOG_PRES	6	VELVET	1555	-999	P	1328
1268957971851	0	RECOG_CR_PRES	6	VELVET	1555	-999	P	549
1268957972725	1	RECOG_FEEDBACK	1
1268957975867	0	REST
1268957977061	1	REC_START
1268957977093	0	RECOG_PRES	7	IDOL	733	-999	P	967
1268957978458	0	RECOG_CR_PRES	7	IDOL	733	-999	P	599
1268957979375	1	RECOG_FEEDBACK	1
1268957980159	0	RECOG_PRES	7	SHRUB	1299	-999	P	1026
1268957981558	0	RECOG_CR_PRES	7	SHRUB	1299	-999	P	595
1268957982483	1	RECOG_FEEDBACK	1
1268957983217	0	RECOG_PRES	7	WINGS	1614	-999	P	1024
1268957984616	0	RECOG_CR_PRES	7	WINGS	1614	-999	P	601
1268957985533	1	RECOG_FEEDBACK	1
1268957986259	0	RECOG_PRES	7	PIT	1077	-999	P	1149
1268957987783	0	RECOG_CR_PRES	7	PIT	1077	-999	P	498
1268957988599	1	RECOG_FEEDBACK	1
1268957989333	0	RECOG_PRES	7	ICING	732	-999	P	1123
1268957990833	0	RECOG_CR_PRES	7	ICING	732	-999	P	759
1268957991924	1	RECOG_FEEDBACK	1
1268957992707	0	RECOG_PRES	7	BLANKET	135	-999	P	1109
1268957994183	0	RECOG_CR_PRES	7	BLANKET	135	-999	P	648
1268957995200	1	RECOG_FEEDBACK	1
1268957995974	0	RECOG_PRES	7	RUG	1215	-999	P	1139
1268957997482	0	RECOG_CR_PRES	7	RUG	1215	-999	P	559
1268957998374	1	RECOG_FEEDBACK	1
1268957999116	0	RECOG_PRES	7	MARGARINE	868	-999	P	1300
1268958000790	0	RECOG_CR_PRES	7	MARGARINE	868	-999	P	674
1268958001790	1	RECOG_FEEDBACK	1
1268958002565	0	RECOG_PRES	7	TOOTH	1481	-999	P	1435
1268958004373	0	RECOG_CR_PRES	7	TOOTH	1481	-999	P	523
1268958005233	1	RECOG_FEEDBACK	1
1268958006041	0	RECOG_PRES	7	CRICKET	408	-999	P	1751
1268958008157	0	RECOG_CR_PRES	7	CRICKET	408	-999	P	843
1268958009373	1	RECOG_FEEDBACK	0
1268958010099	0	RECOG_PRES	7	COMET	353	-999	P	1461
1268958011931	0	RECOG_CR_PRES	7	COMET	353	-999	P	541
1268958012789	1	RECOG_FEEDBACK	1
1268958013589	0	RECOG_PRES	7	FLOUR	583	-999	P	1091
1268958015048	0	RECOG_CR_PRES	7	FLOUR	583	-999	P	649
1268958016048	1	RECOG_FEEDBACK	1
1268958016814	0	RECOG_PRES	7	CATCHER	258	-999	P	1323
1268958018506	0	RECOG_CR_PRES	7	CATCHER	258	-999	P	519
1268958019372	1	RECOG_FEEDBACK	1
1268958020156	0	RECOG_PRES	7	ATOM	55	-999	P	1228
1268958021755	0	RECOG_CR_PRES	7	ATOM	55	-999	P	637
1268958022730	1	RECOG_FEEDBACK	1
1268958023480	0	RECOG_PRES	7	CONSOLE	364	-999	P	1216
1268958025064	0	RECOG_CR_PRES	7	CONSOLE	364	-999	P	728
1268958026123	1	RECOG_FEEDBACK	1
1268958026905	0	RECOG_PRES	7	PANTHER	1009	-999	P	1160
1268958028438	0	RECOG_CR_PRES	7	PANTHER	1009	-999	P	642
1268958029438	1	RECOG_FEEDBACK	1
1268958030239	0	RECOG_PRES	7	MILITARY	894	-999	P	1497
1268958032106	0	RECOG_CR_PRES	7	MILITARY	894	-999	P	566
1268958033022	1	RECOG_FEEDBACK	1
1268958033771	0	RECOG_PRES	7	SHOVEL	1295	-999	P	1205
1268958035346	0	RECOG_CR_PRES	7	SHOVEL	1295	-999	P	711
1268958036413	1	RECOG_FEEDBACK	1
1268958037172	0	RECOG_PRES	7	CHAMPION	279	-999	P	1420
1268958038962	0	RECOG_CR_PRES	7	CHAMPION	279	-999	P	598
1268958039929	1	RECOG_FEEDBACK	1
1268958040671	0	RECOG_PRES	7	JUG	762	-999	P	985
1268958042021	0	RECOG_CR_PRES	7	JUG	762	-999	P	603
1268958042912	1	RECOG_FEEDBACK	1
1268958049121	0	REST
1268958050169	1	REC_START
1268958050204	0	RECOG_PRES	8	ROBIN	1199	-999	P	1316
1268958051886	0	RECOG_CR_PRES	8	ROBIN	1199	-999	P	554
1268958052786	1	RECOG_FEEDBACK	1
1268958053528	0	RECOG_PRES	8	YARD	1630	-999	P	992
1268958054895	0	RECOG_CR_PRES	8	YARD	1630	-999	P	640
1268958055878	1	RECOG_FEEDBACK	1
1268958056628	0	RECOG_PRES	8	CIGAR	308	-999	P	1684
1268958058686	0	RECOG_CR_PRES	8	CIGAR	308	-999	P	722
1268958059769	1	RECOG_FEEDBACK	1
1268958060486	0	RECOG_PRES	8	SEAFOOD	1260	-999	P	1194
1268958062045	0	RECOG_CR_PRES	8	SEAFOOD	1260	-999	P	691
1268958063087	1	RECOG_FEEDBACK	1
1268958063819	0	RECOG_PRES	8	JAW	751	-999	P	1206
1268958065394	0	RECOG_CR_PRES	8	JAW	751	-999	P	639
1268958066352	1	RECOG_FEEDBACK	1
1268958067095	0	RECOG_PRES	8	FLUTE	585	-999	P	1321
1268958068785	0	RECOG_CR_PRES	8	FLUTE	585	-999	P	567
1268958069693	1	RECOG_FEEDBACK	1
1268958070443	0	RECOG_PRES	8	CERAMICS	271	-999	P	1197
1268958072003	0	RECOG_CR_PRES	8	CERAMICS	271	-999	P	648
1268958073003	1	RECOG_FEEDBACK	1
1268958073751	0	RECOG_PRES	8	KIWI	781	-999	P	1105
1268958075219	0	RECOG_CR_PRES	8	KIWI	781	-999	P	581
1268958076144	1	RECOG_FEEDBACK	1
1268958076926	0	RECOG_PRES	8	BANANA	77	-999	P	1251
1268958078551	0	RECOG_CR_PRES	8	BANANA	77	-999	P	642
1268958079543	1	RECOG_FEEDBACK	1
1268958080269	0	RECOG_PRES	8	CANARY	227	-999	P	1059
1268958081701	0	RECOG_CR_PRES	8	CANARY	227	-999	P	699
1268958082751	1	RECOG_FEEDBACK	1
1268958083559	0	RECOG_PRES	8	RAILROAD	1162	-999	P	1530
1268958085459	0	RECOG_CR_PRES	8	RAILROAD	1162	-999	P	614
1268958086401	1	RECOG_FEEDBACK	1
1268958087168	0	RECOG_PRES	8	BUG	187	-999	P	1552
1268958089085	0	RECOG_CR_PRES	8	BUG	187	-999	P	563
1268958089984	1	RECOG_FEEDBACK	0
1268958090767	0	RECOG_PRES	8	WAND	1586	-999	P	1410
1268958092550	0	RECOG_CR_PRES	8	WAND	1586	-999	P	587
1268958093458	1	RECOG_FEEDBACK	0
1268958094234	0	RECOG_PRES	8	STOMACH	1384	-999	P	1174
1268958095783	0	RECOG_CR_PRES	8	STOMACH	1384	-999	P	641
1268958096783	1	RECOG_FEEDBACK	1
1268958097516	0	RECOG_PRES	8	WRITER	1627	-999	P	1156
1268958099034	0	RECOG_CR_PRES	8	WRITER	1627	-999	P	678
1268958100034	1	RECOG_FEEDBACK	1
1268958100816	0	RECOG_PRES	8	CHEESE	289	-999	P	1417
1268958102608	0	RECOG_CR_PRES	8	CHEESE	289	-999	P	601
1268958103558	1	RECOG_FEEDBACK	1
1268958104324	0	RECOG_PRES	8	ACTOR	5	-999	P	1084
1268958105782	0	RECOG_CR_PRES	8	ACTOR	5	-999	P	507
1268958106599	1	RECOG_FEEDBACK	0
1268958107357	0	RECOG_PRES	8	GENTLEMAN	631	-999	P	1099
1268958108832	0	RECOG_CR_PRES	8	GENTLEMAN	631	-999	P	520
1268958109682	1	RECOG_FEEDBACK	1
1268958110424	0	RECOG_PRES	8	ASSISTANT	48	-999	P	1312
1268958112100	0	RECOG_CR_PRES	8	ASSISTANT	48	-999	P	788
1268958113225	1	RECOG_FEEDBACK	1
1268958113974	0	RECOG_PRES	8	PRAIRIE	1118	-999	P	1115
1268958115457	0	RECOG_CR_PRES	8	PRAIRIE	1118	-999	P	584
1268958116382	1	RECOG_FEEDBACK	1
1268958120423	0	REST
1268958121572	1	REC_START
1268958121606	0	RECOG_PRES	9	MOLECULE	905	-999	P	1194
1268958123166	0	RECOG_CR_PRES	9	MOLECULE	905	-999	P	682
1268958124199	1	RECOG_FEEDBACK	1
1268958124948	0	RECOG_PRES	9	GUEST	669	-999	P	1524
1268958126848	0	RECOG_CR_PRES	9	GUEST	669	-999	P	712
1268958127914	1	RECOG_FEEDBACK	1
1268958128714	0	RECOG_PRES	9	HAYSTACK	694	-999	P	1286
1268958130372	0	RECOG_CR_PRES	9	HAYSTACK	694	-999	P	548
1268958131257	1	RECOG_FEEDBACK	1
1268958132007	0	RECOG_PRES	9	ATLAS	53	-999	P	1513
1268958133897	0	RECOG_CR_PRES	9	ATLAS	53	-999	P	631
1268958134880	1	RECOG_FEEDBACK	1
1268958135630	0	RECOG_PRES	9	BLUEBERRY	140	-999	P	1258
1268958137256	0	RECOG_CR_PRES	9	BLUEBERRY	140	-999	P	600
1268958138198	1	RECOG_FEEDBACK	0
1268958138913	0	RECOG_PRES	9	VOLLEYBALL	1576	-999	P	1288
1268958140572	0	RECOG_CR_PRES	9	VOLLEYBALL	1576	-999	P	1180
1268958142089	1	RECOG_FEEDBACK	0
1268958142871	0	RECOG_PRES	9	RODENT	1204	-999	P	1330
1268958144571	0	RECOG_CR_PRES	9	RODENT	1204	-999	P	598
1268958145521	1	RECOG_FEEDBACK	0
1268958146239	0	RECOG_PRES	9	GLASSES	640	-999	P	1497
1268958148105	0	RECOG_CR_PRES	9	GLASSES	640	-999	P	511
1268958148963	1	RECOG_FEEDBACK	1
1268958149771	0	RECOG_PRES	9	QUARTER	1148	-999	P	1701
1268958151837	0	RECOG_CR_PRES	9	QUARTER	1148	-999	P	851
1268958153055	1	RECOG_FEEDBACK	1
1268958153854	0	RECOG_PRES	9	SPINE	1353	-999	P	1379
1268958155604	0	RECOG_CR_PRES	9	SPINE	1353	-999	P	597
1268958156554	1	RECOG_FEEDBACK	0
1268958157312	0	RECOG_PRES	9	CHIME	300	-999	P	1096
1268958158779	0	RECOG_CR_PRES	9	CHIME	300	-999	P	749
1268958159854	1	RECOG_FEEDBACK	0
1268958160612	0	RECOG_PRES	9	CAT	257	-999	P	1388
1268958162370	0	RECOG_CR_PRES	9	CAT	257	-999	P	642
1268958163387	1	RECOG_FEEDBACK	1
1268958164121	0	RECOG_PRES	9	COFFIN	342	-999	P	1000
1268958165495	0	RECOG_CR_PRES	9	COFFIN	342	-999	P	794
1268958166611	1	RECOG_FEEDBACK	1
1268958167336	0	RECOG_PRES	9	COCOON	339	-999	P	1368
1268958169071	0	RECOG_CR_PRES	9	COCOON	339	-999	P	577
1268958170012	1	RECOG_FEEDBACK	0
1268958170736	0	RECOG_PRES	9	SCREWDRIVER	1255	-999	P	1200
1268958172311	0	RECOG_CR_PRES	9	SCREWDRIVER	1255	-999	P	722
1268958173369	1	RECOG_FEEDBACK	1
1268958174112	0	RECOG_PRES	9	UMPIRE	1535	-999	P	1480
1268958175969	0	RECOG_CR_PRES	9	UMPIRE	1535	-999	P	639
1268958176952	1	RECOG_FEEDBACK	0
1268958177669	0	RECOG_PRES	9	TOMATO	1476	-999	P	1003
1268958179036	0	RECOG_CR_PRES	9	TOMATO	1476	-999	P	649
1268958180045	1	RECOG_FEEDBACK	1
1268958180802	0	RECOG_PRES	9	ELECTRICIAN	521	-999	P	1182
1268958182360	0	RECOG_CR_PRES	9	ELECTRICIAN	521	-999	P	568
1268958183286	1	RECOG_FEEDBACK	1
1268958184028	0	RECOG_PRES	9	ELM	527	-999	P	1181
1268958185585	0	RECOG_CR_PRES	9	ELM	527	-999	P	704
1268958186610	1	RECOG_FEEDBACK	1
1268958187352	0	RECOG_PRES	9	SPONGE	1355	-999	P	1040
1268958188768	0	RECOG_CR_PRES	9	SPONGE	1355	-999	P	672
1268958189760	1	RECOG_FEEDBACK	1
1268958192061	0	REST
1268958192880	1	REC_START
1268958192918	0	RECOG_PRES	10	VIOLA	1570	-999	P	1578
1268958194868	0	RECOG_CR_PRES	10	VIOLA	1570	-999	P	604
1268958195826	1	RECOG_FEEDBACK	1
1268958196626	0	RECOG_PRES	10	SUPERVISOR	1410	-999	P	1118
1268958198110	0	RECOG_CR_PRES	10	SUPERVISOR	1410	-999	P	648
1268958199127	1	RECOG_FEEDBACK	1
1268958199859	0	RECOG_PRES	10	LAMP	798	-999	P	1206
1268958201434	0	RECOG_CR_PRES	10	LAMP	798	-999	P	642
1268958202442	1	RECOG_FEEDBACK	1
1268958203201	0	RECOG_PRES	10	PANTS	1010	-999	P	1143
1268958204717	0	RECOG_CR_PRES	10	PANTS	1010	-999	P	755
1268958205800	1	RECOG_FEEDBACK	1
1268958206517	0	RECOG_PRES	10	DUNE	506	-999	P	1203
1268958208084	0	RECOG_CR_PRES	10	DUNE	506	-999	P	648
1268958209093	1	RECOG_FEEDBACK	0
1268958209825	0	RECOG_PRES	10	RASPBERRY	1168	-999	P	1224
1268958211425	0	RECOG_CR_PRES	10	RASPBERRY	1168	-999	P	632
1268958212375	1	RECOG_FEEDBACK	0
1268958213092	0	RECOG_PRES	10	PARTY	1018	-999	P	1077
1268958214541	0	RECOG_CR_PRES	10	PARTY	1018	-999	P	636
1268958215508	1	RECOG_FEEDBACK	1
1268958216234	0	RECOG_PRES	10	TANK	1432	-999	P	1007
1268958217616	0	RECOG_CR_PRES	10	TANK	1432	-999	P	537
1268958218474	1	RECOG_FEEDBACK	1
1268958219209	0	RECOG_PRES	10	TOTE	1487	-999	P	1383
1268958220957	0	RECOG_CR_PRES	10	TOTE	1487	-999	P	507
1268958221807	1	RECOG_FEEDBACK	1
1268958222524	0	RECOG_PRES	10	HOUSE	725	-999	P	972
1268958223866	0	RECOG_CR_PRES	10	HOUSE	725	-999	P	526
1268958224707	1	RECOG_FEEDBACK	1
1268958225449	0	RECOG_PRES	10	CEREAL	272	-999	P	1031
1268958226857	0	RECOG_CR_PRES	10	CEREAL	272	-999	P	695
1268958227882	1	RECOG_FEEDBACK	1
1268958228607	0	RECOG_PRES	10	REPORT	1184	-999	P	1369
1268958230348	0	RECOG_CR_PRES	10	REPORT	1184	-999	P	641
1268958231365	1	RECOG_FEEDBACK	0
1268958232158	0	RECOG_PRES	10	BOLT	146	-999	P	1123
1268958233656	0	RECOG_CR_PRES	10	BOLT	146	-999	P	672
1268958234665	1	RECOG_FEEDBACK	1
1268958235448	0	RECOG_PRES	10	CABOOSE	214	-999	P	1024
1268958236848	0	RECOG_CR_PRES	10	CABOOSE	214	-999	P	704
1268958237864	1	RECOG_FEEDBACK	1
1268958238664	0	RECOG_PRES	10	BEEF	113	-999	P	1144
1268958240174	0	RECOG_CR_PRES	10	BEEF	113	-999	P	738
1268958241240	1	RECOG_FEEDBACK	1
1268958241997	0	RECOG_PRES	10	HERO	706	-999	P	987
1268958243347	0	RECOG_CR_PRES	10	HERO	706	-999	P	702
1268958244381	1	RECOG_FEEDBACK	1
1268958245115	0	RECOG_PRES	10	CAMEL	223	-999	P	1293
1268958246780	0	RECOG_CR_PRES	10	CAMEL	223	-999	P	716
1268958247839	1	RECOG_FEEDBACK	1
1268958248647	0	RECOG_PRES	10	SOAP	1337	-999	P	1305
1268958250322	0	RECOG_CR_PRES	10	SOAP	1337	-999	P	534
1268958251189	1	RECOG_FEEDBACK	0
1268958251997	0	RECOG_PRES	10	ZUCCHINI	1638	-999	P	1124
1268958253497	0	RECOG_CR_PRES	10	ZUCCHINI	1638	-999	P	640
1268958254463	1	RECOG_FEEDBACK	1
1268958255197	0	RECOG_PRES	10	COD	340	-999	P	1411
1268958256971	0	RECOG_CR_PRES	10	COD	340	-999	P	533
1268958257838	1	RECOG_FEEDBACK	0
1268958263247	0	REST
1268958264072	1	REC_START
1268958264105	0	RECOG_PRES	11	BOOTH	151	-999	P	1543
1268958266013	0	RECOG_CR_PRES	11	BOOTH	151	-999	P	499
1268958266862	1	RECOG_FEEDBACK	1
1268958267562	0	RECOG_PRES	11	LEADER	807	-999	P	1350
1268958269280	0	RECOG_CR_PRES	11	LEADER	807	-999	P	608
1268958270230	1	RECOG_FEEDBACK	1
1268958270970	0	RECOG_PRES	11	WAGON	1578	-999	P	1342
1268958272687	0	RECOG_CR_PRES	11	WAGON	1578	-999	P	586
1268958273612	1	RECOG_FEEDBACK	1
1268958274362	0	RECOG_PRES	11	GROCERIES	663	-999	P	2278
1268958277004	0	RECOG_CR_PRES	11	GROCERIES	663	-999	P	980
1268958278420	1	RECOG_FEEDBACK	1
1268958279212	0	RECOG_PRES	11	GUITAR	670	-999	P	1684
1268958281262	0	RECOG_CR_PRES	11	GUITAR	670	-999	P	586
1268958282237	1	RECOG_FEEDBACK	1
1268958283037	0	RECOG_PRES	11	ABDOMEN	1	-999	P	1571
1268958284986	0	RECOG_CR_PRES	11	ABDOMEN	1	-999	P	718
1268958286062	1	RECOG_FEEDBACK	1
1268958286786	0	RECOG_PRES	11	ROBOT	1200	-999	P	1670
1268958288827	0	RECOG_CR_PRES	11	ROBOT	1200	-999	P	589
1268958289761	1	RECOG_FEEDBACK	0
1268958290511	0	RECOG_PRES	11	SWEATER	1419	-999	P	1409
1268958292287	0	RECOG_CR_PRES	11	SWEATER	1419	-999	P	545
1268958293170	1	RECOG_FEEDBACK	1
1268958293894	0	RECOG_PRES	11	PLANT	1083	-999	P	1674
1268958295944	0	RECOG_CR_PRES	11	PLANT	1083	-999	P	568
1268958296852	1	RECOG_FEEDBACK	1
1268958297610	0	RECOG_PRES	11	DOCK	477	-999	P	1102
1268958299078	0	RECOG_CR_PRES	11	DOCK	477	-999	P	546
1268958299952	1	RECOG_FEEDBACK	1
1268958300702	0	RECOG_PRES	11	SKIN	1318	-999	P	1186
1268958302252	0	RECOG_CR_PRES	11	SKIN	1318	-999	P	813
1268958303385	1	RECOG_FEEDBACK	1
1268958304111	0	RECOG_PRES	11	CART	250	-999	P	1098
1268958305584	0	RECOG_CR_PRES	11	CART	250	-999	P	633
1268958306543	1	RECOG_FEEDBACK	1
1268958307285	0	RECOG_PRES	11	FATHER	554	-999	P	1075
1268958308734	0	RECOG_CR_PRES	11	FATHER	554	-999	P	618
1268958309676	1	RECOG_FEEDBACK	0
1268958310392	0	RECOG_PRES	11	VESSEL	1558	-999	P	952
1268958311717	0	RECOG_CR_PRES	11	VESSEL	1558	-999	P	747
1268958312776	1	RECOG_FEEDBACK	1
1268958313542	0	RECOG_PRES	11	MAGICIAN	854	-999	P	1066
1268958314984	0	RECOG_CR_PRES	11	MAGICIAN	854	-999	P	832
1268958316160	1	RECOG_FEEDBACK	1
1268958316925	0	RECOG_PRES	11	WEED	1599	-999	P	1244
1268958318542	0	RECOG_CR_PRES	11	WEED	1599	-999	P	691
1268958319592	1	RECOG_FEEDBACK	1
1268958320375	0	RECOG_PRES	11	WHALE	1601	-999	P	778
1268958321525	0	RECOG_CR_PRES	11	WHALE	1601	-999	P	843
1268958322708	1	RECOG_FEEDBACK	1
1268958323425	0	RECOG_PRES	11	RABBIT	1152	-999	P	1015
1268958324816	0	RECOG_CR_PRES	11	RABBIT	1152	-999	P	856
1268958326009	1	RECOG_FEEDBACK	1
1268958326791	0	RECOG_PRES	11	CALF	222	-999	P	1362
1268958328524	0	RECOG_CR_PRES	11	CALF	222	-999	P	597
1268958329466	1	RECOG_FEEDBACK	0
1268958330192	0	RECOG_PRES	11	DIRT	472	-999	P	1328
1268958331891	0	RECOG_CR_PRES	11	DIRT	472	-999	P	741
1268958332982	1	RECOG_FEEDBACK	1
1268958337591	0	REST
1268958338417	1	REC_START
1268958338449	0	RECOG_PRES	12	HINGE	709	-999	P	1231
1268958340050	0	RECOG_CR_PRES	12	HINGE	709	-999	P	622
1268958341016	1	RECOG_FEEDBACK	1
1268958341765	0	RECOG_PRES	12	PEDAL	1037	-999	P	1284
1268958343423	0	RECOG_CR_PRES	12	PEDAL	1037	-999	P	473
1268958344241	1	RECOG_FEEDBACK	1
1268958345024	0	RECOG_PRES	12	KITCHEN	778	-999	P	985
1268958346381	0	RECOG_CR_PRES	12	KITCHEN	778	-999	P	708
1268958347415	1	RECOG_FEEDBACK	1
1268958348216	0	RECOG_PRES	12	BEAST	108	-999	P	1081
1268958349673	0	RECOG_CR_PRES	12	BEAST	108	-999	P	823
1268958350840	1	RECOG_FEEDBACK	1
1268958351648	0	RECOG_PRES	12	GRIZZLY	662	-999	P	1457
1268958353473	0	RECOG_CR_PRES	12	GRIZZLY	662	-999	P	768
1268958354606	1	RECOG_FEEDBACK	1
1268958355381	0	RECOG_PRES	12	NICOTINE	951	-999	P	1067
1268958356822	0	RECOG_CR_PRES	12	NICOTINE	951	-999	P	778
1268958357922	1	RECOG_FEEDBACK	1
1268958358639	0	RECOG_PRES	12	SINK	1309	-999	P	1057
1268958360065	0	RECOG_CR_PRES	12	SINK	1309	-999	P	695
1268958361090	1	RECOG_FEEDBACK	1
1268958361880	0	RECOG_PRES	12	OVAL	990	-999	P	1305
1268958363555	0	RECOG_CR_PRES	12	OVAL	990	-999	P	590
1268958364505	1	RECOG_FEEDBACK	0
1268958365290	0	RECOG_PRES	12	STATUE	1374	-999	P	1094
1268958366755	0	RECOG_CR_PRES	12	STATUE	1374	-999	P	693
1268958367813	1	RECOG_FEEDBACK	1
1268958368572	0	RECOG_PRES	12	LASH	802	-999	P	1060
1268958370006	0	RECOG_CR_PRES	12	LASH	802	-999	P	570
1268958370896	1	RECOG_FEEDBACK	1
1268958371613	0	RECOG_PRES	12	VENT	1556	-999	P	1123
1268958373106	0	RECOG_CR_PRES	12	VENT	1556	-999	P	694
1268958374139	1	RECOG_FEEDBACK	1
1268958374946	0	RECOG_PRES	12	CONDUCTOR	362	-999	P	1798
1268958377114	0	RECOG_CR_PRES	12	CONDUCTOR	362	-999	P	750
1268958378222	1	RECOG_FEEDBACK	0
1268958378987	0	RECOG_PRES	12	CHESS	294	-999	P	1317
1268958380679	0	RECOG_CR_PRES	12	CHESS	294	-999	P	785
1268958381812	1	RECOG_FEEDBACK	1
1268958382612	0	RECOG_PRES	12	PAD	998	-999	P	1172
1268958384146	0	RECOG_CR_PRES	12	PAD	998	-999	P	630
1268958385105	1	RECOG_FEEDBACK	1
1268958385862	0	RECOG_PRES	12	SEAGULL	1261	-999	P	1203
1268958387437	0	RECOG_CR_PRES	12	SEAGULL	1261	-999	P	499
1268958388271	1	RECOG_FEEDBACK	1
1268958389013	0	RECOG_PRES	12	VETERAN	1561	-999	P	1036
1268958390420	0	RECOG_CR_PRES	12	VETERAN	1561	-999	P	845
1268958391595	1	RECOG_FEEDBACK	1
1268958392303	0	RECOG_PRES	12	EMPLOYER	532	-999	P	1041
1268958393711	0	RECOG_CR_PRES	12	EMPLOYER	532	-999	P	929
1268958394970	1	RECOG_FEEDBACK	1
1268958395686	0	RECOG_PRES	12	PACKAGE	997	-999	P	1266
1268958397319	0	RECOG_CR_PRES	12	PACKAGE	997	-999	P	521
1268958398162	1	RECOG_FEEDBACK	0
1268958398936	0	RECOG_PRES	12	LETTER	813	-999	P	928
1268958400229	0	RECOG_CR_PRES	12	LETTER	813	-999	P	539
1268958401087	1	RECOG_FEEDBACK	0
1268958401836	0	RECOG_PRES	12	PERSON	1052	-999	P	1100
1268958403302	0	RECOG_CR_PRES	12	PERSON	1052	-999	P	618
1268958404262	1	RECOG_FEEDBACK	1
1268958407952	0	REST
1268958409038	1	REC_START
1268958409078	0	RECOG_PRES	13	CAULIFLOWER	262	-999	P	1450
1268958410902	0	RECOG_CR_PRES	13	CAULIFLOWER	262	-999	P	426
1268958411685	1	RECOG_FEEDBACK	0
1268958412468	0	RECOG_PRES	13	GUM	672	-999	P	1581
1268958414418	0	RECOG_CR_PRES	13	GUM	672	-999	P	510
1268958415269	1	RECOG_FEEDBACK	1
1268958416002	0	RECOG_PRES	13	WHIP	1604	-999	P	1374
1268958417751	0	RECOG_CR_PRES	13	WHIP	1604	-999	P	617
1268958418710	1	RECOG_FEEDBACK	1
1268958419493	0	RECOG_PRES	13	TOOTHBRUSH	1482	-999	P	1075
1268958420934	0	RECOG_CR_PRES	13	TOOTHBRUSH	1482	-999	P	570
1268958421818	1	RECOG_FEEDBACK	0
1268958422601	0	RECOG_PRES	13	CHISEL	305	-999	P	1871
1268958424842	0	RECOG_CR_PRES	13	CHISEL	305	-999	P	423
1268958425617	1	RECOG_FEEDBACK	0
1268958426342	0	RECOG_PRES	13	STEAM	1375	-999	P	1723
1268958428434	0	RECOG_CR_PRES	13	STEAM	1375	-999	P	615
1268958429409	1	RECOG_FEEDBACK	1
1268958430135	0	RECOG_PRES	13	FUNGUS	614	-999	P	1082
1268958431592	0	RECOG_CR_PRES	13	FUNGUS	614	-999	P	545
1268958432484	1	RECOG_FEEDBACK	1
1268958433276	0	RECOG_PRES	13	BILL	126	-999	P	1188
1268958434833	0	RECOG_CR_PRES	13	BILL	126	-999	P	623
1268958435783	1	RECOG_FEEDBACK	0
1268958436542	0	RECOG_PRES	13	MOUNTAIN	924	-999	P	1202
1268958438109	0	RECOG_CR_PRES	13	MOUNTAIN	924	-999	P	699
1268958439159	1	RECOG_FEEDBACK	1
1268958439900	0	RECOG_PRES	13	STAR	1373	-999	P	1076
1268958441350	0	RECOG_CR_PRES	13	STAR	1373	-999	P	570
1268958442259	1	RECOG_FEEDBACK	1
1268958443042	0	RECOG_PRES	13	PATIO	1025	-999	P	1454
1268958444866	0	RECOG_CR_PRES	13	PATIO	1025	-999	P	542
1268958445758	1	RECOG_FEEDBACK	0
1268958446533	0	RECOG_PRES	13	VEAL	1551	-999	P	1059
1268958447957	0	RECOG_CR_PRES	13	VEAL	1551	-999	P	627
1268958448932	1	RECOG_FEEDBACK	1
1268958449716	0	RECOG_PRES	13	SHACK	1273	-999	P	1044
1268958451125	0	RECOG_CR_PRES	13	SHACK	1273	-999	P	595
1268958452050	1	RECOG_FEEDBACK	1
1268958452799	0	RECOG_PRES	13	GARLIC	624	-999	P	1274
1268958454449	0	RECOG_CR_PRES	13	GARLIC	624	-999	P	688
1268958455474	1	RECOG_FEEDBACK	1
1268958456208	0	RECOG_PRES	13	COTTAGE	384	-999	P	1440
1268958458016	0	RECOG_CR_PRES	13	COTTAGE	384	-999	P	856
1268958459249	1	RECOG_FEEDBACK	1
1268958460033	0	RECOG_PRES	13	WATER	1594	-999	P	1295
1268958461698	0	RECOG_CR_PRES	13	WATER	1594	-999	P	630
1268958462665	1	RECOG_FEEDBACK	1
1268958463381	0	RECOG_PRES	13	BARN	89	-999	P	987
1268958464740	0	RECOG_CR_PRES	13	BARN	89	-999	P	684
1268958465756	1	RECOG_FEEDBACK	1
1268958466506	0	RECOG_PRES	13	AIRCRAFT	11	-999	P	1062
1268958467939	0	RECOG_CR_PRES	13	AIRCRAFT	11	-999	P	725
1268958469007	1	RECOG_FEEDBACK	1
1268958469797	0	RECOG_PRES	13	PASTRY	1022	-999	P	931
1268958471090	0	RECOG_CR_PRES	13	PASTRY	1022	-999	P	558
1268958471989	1	RECOG_FEEDBACK	1
1268958472706	0	RECOG_PRES	13	CHIPMUNK	304	-999	P	1150
1268958474223	0	RECOG_CR_PRES	13	CHIPMUNK	304	-999	P	689
1268958475240	1	RECOG_FEEDBACK	1
1268958478256	0	REST
1268958479150	1	REC_START
1268958479181	0	RECOG_PRES	14	SUBWAY	1400	-999	P	1659
1268958481206	0	RECOG_CR_PRES	14	SUBWAY	1400	-999	P	490
1268958482064	1	RECOG_FEEDBACK	1
1268958482788	0	RECOG_PRES	14	FEAST	556	-999	P	1020
1268958484172	0	RECOG_CR_PRES	14	FEAST	556	-999	P	649
1268958485172	1	RECOG_FEEDBACK	1
1268958485905	0	RECOG_PRES	14	KNOB	787	-999	P	1168
1268958487446	0	RECOG_CR_PRES	14	KNOB	787	-999	P	691
1268958488488	1	RECOG_FEEDBACK	1
1268958489222	0	RECOG_PRES	14	HIP	710	-999	P	1082
1268958490679	0	RECOG_CR_PRES	14	HIP	710	-999	P	641
1268958491688	1	RECOG_FEEDBACK	1
1268958492454	0	RECOG_PRES	14	BAKER	71	-999	P	1082
1268958493912	0	RECOG_CR_PRES	14	BAKER	71	-999	P	680
1268958494929	1	RECOG_FEEDBACK	1
1268958495712	0	RECOG_PRES	14	WRIST	1626	-999	P	1200
1268958497280	0	RECOG_CR_PRES	14	WRIST	1626	-999	P	584
1268958498205	1	RECOG_FEEDBACK	0
1268958498970	0	RECOG_PRES	14	DUST	508	-999	P	1119
1268958500462	0	RECOG_CR_PRES	14	DUST	508	-999	P	683
1268958501495	1	RECOG_FEEDBACK	1
1268958502288	0	RECOG_PRES	14	SLIME	1327	-999	P	1208
1268958503870	0	RECOG_CR_PRES	14	SLIME	1327	-999	P	642
1268958504878	1	RECOG_FEEDBACK	1
1268958505678	0	RECOG_PRES	14	SERGEANT	1269	-999	P	1274
1268958507328	0	RECOG_CR_PRES	14	SERGEANT	1269	-999	P	512
1268958508196	1	RECOG_FEEDBACK	1
1268958508920	0	RECOG_PRES	14	PLAID	1080	-999	P	1121
1268958510411	0	RECOG_CR_PRES	14	PLAID	1080	-999	P	702
1268958511461	1	RECOG_FEEDBACK	1
1268958512237	0	RECOG_PRES	14	FRIEND	606	-999	P	900
1268958513511	0	RECOG_CR_PRES	14	FRIEND	606	-999	P	674
1268958514511	1	RECOG_FEEDBACK	1
1268958515279	0	RECOG_PRES	14	TAPE	1433	-999	P	1049
1268958516702	0	RECOG_CR_PRES	14	TAPE	1433	-999	P	698
1268958517744	1	RECOG_FEEDBACK	1
1268958518486	0	RECOG_PRES	14	JOKER	759	-999	P	811
1268958519669	0	RECOG_CR_PRES	14	JOKER	759	-999	P	641
1268958520652	1	RECOG_FEEDBACK	1
1268958521452	0	RECOG_PRES	14	ASHTRAY	45	-999	P	1268
1268958523086	0	RECOG_CR_PRES	14	ASHTRAY	45	-999	P	546
1268958523969	1	RECOG_FEEDBACK	0
1268958524752	0	RECOG_PRES	14	OYSTER	995	-999	P	888
1268958526003	0	RECOG_CR_PRES	14	OYSTER	995	-999	P	581
1268958526918	1	RECOG_FEEDBACK	1
1268958527660	0	RECOG_PRES	14	TOOL	1480	-999	P	820
1268958528852	0	RECOG_CR_PRES	14	TOOL	1480	-999	P	580
1268958529743	1	RECOG_FEEDBACK	0
1268958530485	0	RECOG_PRES	14	NET	946	-999	P	843
1268958531701	0	RECOG_CR_PRES	14	NET	946	-999	P	603
1268958532635	1	RECOG_FEEDBACK	0
1268958533426	0	RECOG_PRES	14	POTATO	1115	-999	P	1494
1268958535285	0	RECOG_CR_PRES	14	POTATO	1115	-999	P	796
1268958536426	1	RECOG_FEEDBACK	1
1268958537177	0	RECOG_PRES	14	BROOM	178	-999	P	960
1268958538509	0	RECOG_CR_PRES	14	BROOM	178	-999	P	524
1268958539367	1	RECOG_FEEDBACK	1
1268958540160	0	RECOG_PRES	14	JET	756	-999	P	921
1268958541451	0	RECOG_CR_PRES	14	JET	756	-999	P	726
1268958542509	1	RECOG_FEEDBACK	1
1268958544625	0	REST
1268958545591	1	REC_START
1268958545625	0	RECOG_PRES	15	CANDIDATE	228	-999	P	1271
1268958547259	0	RECOG_CR_PRES	15	CANDIDATE	228	-999	P	565
1268958548159	1	RECOG_FEEDBACK	1
1268958548942	0	RECOG_PRES	15	WICK	1607	-999	P	1275
1268958550592	0	RECOG_CR_PRES	15	WICK	1607	-999	P	489
1268958551400	1	RECOG_FEEDBACK	1
1268958552176	0	RECOG_PRES	15	HERD	705	-999	P	1336
1268958553883	0	RECOG_CR_PRES	15	HERD	705	-999	P	629
1268958554858	1	RECOG_FEEDBACK	1
1268958555575	0	RECOG_PRES	15	LIMB	822	-999	P	1570
1268958557516	0	RECOG_CR_PRES	15	LIMB	822	-999	P	677
1268958558549	1	RECOG_FEEDBACK	1
1268958559308	0	RECOG_PRES	15	TRACTOR	1493	-999	P	1909
1268958561591	0	RECOG_CR_PRES	15	TRACTOR	1493	-999	P	690
1268958562632	1	RECOG_FEEDBACK	0
1268958563391	0	RECOG_PRES	15	CANOE	233	-999	P	1337
1268958565092	0	RECOG_CR_PRES	15	CANOE	233	-999	P	540
1268958565982	1	RECOG_FEEDBACK	1
1268958566765	0	RECOG_PRES	15	SALMON	1227	-999	P	899
1268958568033	0	RECOG_CR_PRES	15	SALMON	1227	-999	P	711
1268958569066	1	RECOG_FEEDBACK	1
1268958569840	0	RECOG_PRES	15	GULL	671	-999	P	944
1268958571149	0	RECOG_CR_PRES	15	GULL	671	-999	P	763
1268958572224	1	RECOG_FEEDBACK	1
1268958572998	0	RECOG_PRES	15	CASKET	255	-999	P	1131
1268958574498	0	RECOG_CR_PRES	15	CASKET	255	-999	P	543
1268958575390	1	RECOG_FEEDBACK	0
1268958576191	0	RECOG_PRES	15	OAR	966	-999	P	745
1268958577299	0	RECOG_CR_PRES	15	OAR	966	-999	P	645
1268958578266	1	RECOG_FEEDBACK	1
1268958579024	0	RECOG_PRES	15	FOLDER	588	-999	P	1280
1268958580681	0	RECOG_CR_PRES	15	FOLDER	588	-999	P	584
1268958581631	1	RECOG_FEEDBACK	1
1268958582389	0	RECOG_PRES	15	ENGINE	535	-999	P	842
1268958583631	0	RECOG_CR_PRES	15	ENGINE	535	-999	P	777
1268958584731	1	RECOG_FEEDBACK	1
1268958585522	0	RECOG_PRES	15	EUROPE	541	-999	P	1390
1268958587282	0	RECOG_CR_PRES	15	EUROPE	541	-999	P	638
1268958588257	1	RECOG_FEEDBACK	1
1268958588989	0	RECOG_PRES	15	APPENDAGE	32	-999	P	2643
1268958592006	0	RECOG_CR_PRES	15	APPENDAGE	32	-999	P	538
1268958592914	1	RECOG_FEEDBACK	1
1268958593638	0	RECOG_PRES	15	CRITIC	410	-999	P	1371
1268958595380	0	RECOG_CR_PRES	15	CRITIC	410	-999	P	821
1268958596546	1	RECOG_FEEDBACK	1
1268958597264	0	RECOG_PRES	15	EYELASH	546	-999	P	1072
1268958598713	0	RECOG_CR_PRES	15	EYELASH	546	-999	P	544
1268958599605	1	RECOG_FEEDBACK	1
1268958600355	0	RECOG_PRES	15	CHAMPAGNE	278	-999	P	1173
1268958601905	0	RECOG_CR_PRES	15	CHAMPAGNE	278	-999	P	640
1268958602946	1	RECOG_FEEDBACK	1
1268958603696	0	RECOG_PRES	15	SEED	1266	-999	P	884
1268958604979	0	RECOG_CR_PRES	15	SEED	1266	-999	P	677
1268958605979	1	RECOG_FEEDBACK	1
1268958606712	0	RECOG_PRES	15	MAGNET	855	-999	P	1489
1268958608571	0	RECOG_CR_PRES	15	MAGNET	855	-999	P	550
1268958609479	1	RECOG_FEEDBACK	1
1268958610230	0	RECOG_PRES	15	UNIFORM	1539	-999	P	1787
1268958612387	0	RECOG_CR_PRES	15	UNIFORM	1539	-999	P	622
1268958613370	1	RECOG_FEEDBACK	1
1268958614177	0	RECOG_END
1268958624096	0	SESS_END
1268958624138	0	E	Logging Ends
