1271271154096	0	B	Logging Begins
1271271154096	0	SESS_START	16
1271271200380	1	FR_PRES	0	HOOP	716	0	0	2028	(0.42259999999999998, 0.58709999999999996, 0)	../fonts/zerothre.ttf	upper
1271271204209	1	FR_PRES	0	MONARCH	906	0	0	1670	(0.42259999999999998, 0.58709999999999996, 0)	../fonts/zerothre.ttf	upper
1271271208163	1	FR_PRES	0	LUGGAGE	847	0	1	1389	(0.42259999999999998, 0.58709999999999996, 0)	../fonts/zerothre.ttf	upper
1271271212066	1	FR_PRES	0	LETTUCE	814	0	0	1334	(0.42259999999999998, 0.58709999999999996, 0)	../fonts/zerothre.ttf	upper
1271271216212	1	FR_PRES	0	EMPEROR	529	1	1	1276	(0.57740000000000002, 0.41289999999999999, 1.0)	../fonts/amplitud.ttf	lower
1271271220040	1	FR_PRES	0	EMERALD	528	1	0	879	(0.57740000000000002, 0.41289999999999999, 1.0)	../fonts/amplitud.ttf	lower
1271271224202	1	FR_PRES	0	OFFICE	972	1	0	854	(0.57740000000000002, 0.41289999999999999, 1.0)	../fonts/amplitud.ttf	lower
1271271228364	1	FR_PRES	0	CELERY	266	1	0	1356	(0.57740000000000002, 0.41289999999999999, 1.0)	../fonts/amplitud.ttf	lower
1271271232443	1	FR_PRES	0	BANK	83	0	1	1189	(0.42259999999999998, 0.58709999999999996, 0)	../fonts/zerothre.ttf	upper
1271271236255	1	FR_PRES	0	CENT	270	0	1	2049	(0.42259999999999998, 0.58709999999999996, 0)	../fonts/zerothre.ttf	upper
1271271240408	1	FR_PRES	0	RELATIVE	1182	0	1	2208	(0.42259999999999998, 0.58709999999999996, 0)	../fonts/zerothre.ttf	upper
1271271244245	1	FR_PRES	0	DAUGHTER	442	0	1	1259	(0.42259999999999998, 0.58709999999999996, 0)	../fonts/zerothre.ttf	upper
1271271248066	1	FR_PRES	0	DOG	480	1	1	1006	(0.57740000000000002, 0.41289999999999999, 1.0)	../fonts/amplitud.ttf	lower
1271271252128	1	FR_PRES	0	FOX	598	1	1	616	(0.57740000000000002, 0.41289999999999999, 1.0)	../fonts/amplitud.ttf	lower
1271271255939	1	FR_PRES	0	DIAMOND	458	1	0	661	(0.57740000000000002, 0.41289999999999999, 1.0)	../fonts/amplitud.ttf	lower
1271271259993	1	FR_PRES	0	POTATO	1115	1	0	1303	(0.57740000000000002, 0.41289999999999999, 1.0)	../fonts/amplitud.ttf	lower
1271271265721	1	REC_START
1271271279408	0	REJECT
1271271291248	0	REJECT
1271271298704	0	REJECT
1271271342189	0	REST
1271271343696	1	FR_PRES	1	DRINK	498	1	0	824	(0.57740000000000002, 0.41289999999999999, 1.0)	../fonts/amplitud.ttf	lower
1271271347758	1	FR_PRES	1	SPINACH	1352	1	0	1185	(0.57740000000000002, 0.41289999999999999, 1.0)	../fonts/amplitud.ttf	lower
1271271351944	1	FR_PRES	1	BROCCOLI	176	0	0	1688	(0.42259999999999998, 0.58709999999999996, 0)	../fonts/zerothre.ttf	upper
1271271355922	1	FR_PRES	1	PICNIC	1060	0	1	1198	(0.42259999999999998, 0.58709999999999996, 0)	../fonts/zerothre.ttf	upper
1271271359984	1	FR_PRES	1	GIRAFFE	636	0	1	1472	(0.42259999999999998, 0.58709999999999996, 0)	../fonts/zerothre.ttf	upper
1271271363988	1	FR_PRES	1	BRANDY	169	0	0	1428	(0.42259999999999998, 0.58709999999999996, 0)	../fonts/zerothre.ttf	upper
1271271368034	1	FR_PRES	1	WAX	1597	0	0	1198	(0.42259999999999998, 0.58709999999999996, 0)	../fonts/zerothre.ttf	upper
1271271372104	1	FR_PRES	1	CIGAR	308	0	0	1640	(0.42259999999999998, 0.58709999999999996, 0)	../fonts/zerothre.ttf	upper
1271271376299	1	FR_PRES	1	RAM	1165	1	1	1317	(0.57740000000000002, 0.41289999999999999, 1.0)	../fonts/amplitud.ttf	lower
1271271380486	1	FR_PRES	1	DENTIST	447	1	1	1058	(0.57740000000000002, 0.41289999999999999, 1.0)	../fonts/amplitud.ttf	lower
1271271384665	1	FR_PRES	1	TOOTH	1481	1	0	1527	(0.57740000000000002, 0.41289999999999999, 1.0)	../fonts/amplitud.ttf	lower
1271271388560	1	FR_PRES	1	CREATURE	403	1	1	864	(0.57740000000000002, 0.41289999999999999, 1.0)	../fonts/amplitud.ttf	lower
1271271392714	1	FR_PRES	1	GREASE	660	1	0	1430	(0.57740000000000002, 0.41289999999999999, 1.0)	../fonts/amplitud.ttf	lower
1271271396841	1	FR_PRES	1	CAMERA	224	1	0	1439	(0.57740000000000002, 0.41289999999999999, 1.0)	../fonts/amplitud.ttf	lower
1271271400911	1	FR_PRES	1	RECORD	1176	0	0	1641	(0.42259999999999998, 0.58709999999999996, 0)	../fonts/zerothre.ttf	upper
1271271404791	1	FR_PRES	1	TONGUE	1479	0	0	857	(0.42259999999999998, 0.58709999999999996, 0)	../fonts/zerothre.ttf	upper
1271271410627	1	REC_START
1271271425152	0	REJECT
1271271441112	0	REJECT
1271271487128	0	REST
1271271488635	1	FR_PRES	2	PLAQUE	1084	0	0	1053	(0.42259999999999998, 0.58709999999999996, 0)	../fonts/zerothre.ttf	upper
1271271492688	1	FR_PRES	2	LIGHTNING	820	0	0	920	(0.42259999999999998, 0.58709999999999996, 0)	../fonts/zerothre.ttf	upper
1271271496692	1	FR_PRES	2	CLOUD	328	0	1	788	(0.42259999999999998, 0.58709999999999996, 0)	../fonts/zerothre.ttf	upper
1271271500629	1	FR_PRES	2	CANDY	230	0	0	1883	(0.42259999999999998, 0.58709999999999996, 0)	../fonts/zerothre.ttf	upper
1271271504716	1	FR_PRES	2	TEENAGER	1444	0	1	1532	(0.42259999999999998, 0.58709999999999996, 0)	../fonts/zerothre.ttf	upper
1271271508828	1	FR_PRES	2	PAD	998	0	0	1083	(0.42259999999999998, 0.58709999999999996, 0)	../fonts/zerothre.ttf	upper
1271271512839	1	FR_PRES	2	PUBLICATION	1136	0	1	1617	(0.42259999999999998, 0.58709999999999996, 0)	../fonts/zerothre.ttf	upper
1271271516827	1	FR_PRES	2	BUTCHER	203	0	1	981	(0.42259999999999998, 0.58709999999999996, 0)	../fonts/zerothre.ttf	upper
1271271520929	1	FR_PRES	2	OATS	968	0	0	1239	(0.42259999999999998, 0.58709999999999996, 0)	../fonts/zerothre.ttf	upper
1271271525084	1	FR_PRES	2	TOOTHPASTE	1483	0	0	1891	(0.42259999999999998, 0.58709999999999996, 0)	../fonts/zerothre.ttf	upper
1271271528953	1	FR_PRES	2	NICOTINE	951	0	0	2175	(0.42259999999999998, 0.58709999999999996, 0)	../fonts/zerothre.ttf	upper
1271271532767	1	FR_PRES	2	CEREAL	272	0	1	1184	(0.42259999999999998, 0.58709999999999996, 0)	../fonts/zerothre.ttf	upper
1271271536679	1	FR_PRES	2	MICROWAVE	892	0	1	953	(0.42259999999999998, 0.58709999999999996, 0)	../fonts/zerothre.ttf	upper
1271271540732	1	FR_PRES	2	WICK	1607	0	0	1772	(0.42259999999999998, 0.58709999999999996, 0)	../fonts/zerothre.ttf	upper
1271271544711	1	FR_PRES	2	LEOPARD	812	0	1	921	(0.42259999999999998, 0.58709999999999996, 0)	../fonts/zerothre.ttf	upper
1271271548606	1	FR_PRES	2	PREDATOR	1120	0	0	2146	(0.42259999999999998, 0.58709999999999996, 0)	../fonts/zerothre.ttf	upper
1271271554359	1	REC_START
1271271557272	0	REJECT
1271271610296	0	REJECT
1271271630378	0	REST
1271271631883	1	FR_PRES	3	PLUM	1090	-1	-1	-1271271631883	white	../fonts/Verdana.ttf	upper
1271271636038	1	FR_PRES	3	CYCLONE	431	-1	-1	-1271271636038	white	../fonts/Verdana.ttf	upper
1271271640049	1	FR_PRES	3	FROST	609	-1	-1	-1271271640049	white	../fonts/Verdana.ttf	upper
1271271643869	1	FR_PRES	3	IGLOO	734	-1	-1	-1271271643869	white	../fonts/Verdana.ttf	upper
1271271648073	1	FR_PRES	3	RADISH	1158	-1	-1	-1271271648073	white	../fonts/Verdana.ttf	upper
1271271651935	1	FR_PRES	3	KEY	773	-1	-1	-1271271651935	white	../fonts/Verdana.ttf	upper
1271271655781	1	FR_PRES	3	TRIANGLE	1504	-1	-1	-1271271655781	white	../fonts/Verdana.ttf	upper
1271271659743	1	FR_PRES	3	WHEEL	1603	-1	-1	-1271271659743	white	../fonts/Verdana.ttf	upper
1271271663680	1	FR_PRES	3	HAIL	676	-1	-1	-1271271663680	white	../fonts/Verdana.ttf	upper
1271271667700	1	FR_PRES	3	WELL	1600	-1	-1	-1271271667700	white	../fonts/Verdana.ttf	upper
1271271671861	1	FR_PRES	3	CITRUS	313	-1	-1	-1271271671861	white	../fonts/Verdana.ttf	upper
1271271676007	1	FR_PRES	3	SNAIL	1332	-1	-1	-1271271676007	white	../fonts/Verdana.ttf	upper
1271271679894	1	FR_PRES	3	TURNIP	1521	-1	-1	-1271271679894	white	../fonts/Verdana.ttf	upper
1271271683856	1	FR_PRES	3	SALAD	1224	-1	-1	-1271271683856	white	../fonts/Verdana.ttf	upper
1271271687827	1	FR_PRES	3	TEAPOT	1442	-1	-1	-1271271687827	white	../fonts/Verdana.ttf	upper
1271271691896	1	FR_PRES	3	CUP	424	-1	-1	-1271271691896	white	../fonts/Verdana.ttf	upper
1271271697808	1	REC_START
1271271708728	0	REJECT
1271271726384	0	REJECT
1271271731752	0	REJECT
1271271732792	0	REJECT
1271271737104	0	REJECT
1271271774060	0	REST
1271271775566	1	FR_PRES	4	PHYSICIAN	1056	0	1	1474	(0.42259999999999998, 0.58709999999999996, 0)	../fonts/zerothre.ttf	upper
1271271779511	1	FR_PRES	4	THESAURUS	1454	0	1	1153	(0.42259999999999998, 0.58709999999999996, 0)	../fonts/zerothre.ttf	upper
1271271783648	1	FR_PRES	4	DUMP	505	0	1	816	(0.42259999999999998, 0.58709999999999996, 0)	../fonts/zerothre.ttf	upper
1271271787760	1	FR_PRES	4	NIGHTGOWN	953	0	0	2408	(0.42259999999999998, 0.58709999999999996, 0)	../fonts/zerothre.ttf	upper
1271271791755	1	FR_PRES	4	BRIDGE	174	0	1	901	(0.42259999999999998, 0.58709999999999996, 0)	../fonts/zerothre.ttf	upper
1271271795618	1	FR_PRES	4	FAUCET	555	0	0	1894	(0.42259999999999998, 0.58709999999999996, 0)	../fonts/zerothre.ttf	upper
1271271799588	1	FR_PRES	4	COUNTY	389	0	1	1508	(0.42259999999999998, 0.58709999999999996, 0)	../fonts/zerothre.ttf	upper
1271271803675	1	FR_PRES	4	SILVERWARE	1308	0	0	1061	(0.42259999999999998, 0.58709999999999996, 0)	../fonts/zerothre.ttf	upper
1271271807637	1	FR_PRES	4	DINNER	468	0	1	1755	(0.42259999999999998, 0.58709999999999996, 0)	../fonts/zerothre.ttf	upper
1271271811799	1	FR_PRES	4	BUTLER	204	0	1	1433	(0.42259999999999998, 0.58709999999999996, 0)	../fonts/zerothre.ttf	upper
1271271815843	1	FR_PRES	4	COMMUNITY	356	0	1	973	(0.42259999999999998, 0.58709999999999996, 0)	../fonts/zerothre.ttf	upper
1271271820022	1	FR_PRES	4	SWEATER	1419	0	1	1770	(0.42259999999999998, 0.58709999999999996, 0)	../fonts/zerothre.ttf	upper
1271271824001	1	FR_PRES	4	PATIENT	1024	0	1	1535	(0.42259999999999998, 0.58709999999999996, 0)	../fonts/zerothre.ttf	upper
1271271827837	1	FR_PRES	4	BANQUET	86	0	1	2531	(0.42259999999999998, 0.58709999999999996, 0)	../fonts/zerothre.ttf	upper
1271271831958	1	FR_PRES	4	CABBAGE	210	0	0	1953	(0.42259999999999998, 0.58709999999999996, 0)	../fonts/zerothre.ttf	upper
1271271835969	1	FR_PRES	4	PADDING	999	0	0	2383	(0.42259999999999998, 0.58709999999999996, 0)	../fonts/zerothre.ttf	upper
1271271841773	1	REC_START
1271271857288	0	REJECT
1271271872488	0	REJECT
1271271878328	0	REJECT
1271271899480	0	REJECT
1271271907088	0	REJECT
1271271907296	0	REJECT
1271271908248	0	REJECT
1271271918116	0	REST
1271271919623	1	FR_PRES	5	ROSE	1212	1	0	1368	(0.57740000000000002, 0.41289999999999999, 1.0)	../fonts/amplitud.ttf	lower
1271271923760	1	FR_PRES	5	BASSINET	97	1	1	2048	(0.57740000000000002, 0.41289999999999999, 1.0)	../fonts/amplitud.ttf	lower
1271271927730	1	FR_PRES	5	WALL	1582	1	0	998	(0.57740000000000002, 0.41289999999999999, 1.0)	../fonts/amplitud.ttf	lower
1271271931542	1	FR_PRES	5	TURTLE	1522	1	1	858	(0.57740000000000002, 0.41289999999999999, 1.0)	../fonts/amplitud.ttf	lower
1271271935671	1	FR_PRES	5	POOL	1103	1	0	881	(0.57740000000000002, 0.41289999999999999, 1.0)	../fonts/amplitud.ttf	lower
1271271939716	1	FR_PRES	5	DISHWASHER	475	1	0	1308	(0.57740000000000002, 0.41289999999999999, 1.0)	../fonts/amplitud.ttf	lower
1271271943570	1	FR_PRES	5	RAFT	1159	1	0	1958	(0.57740000000000002, 0.41289999999999999, 1.0)	../fonts/amplitud.ttf	lower
1271271947482	1	FR_PRES	5	MANAGER	863	1	1	830	(0.57740000000000002, 0.41289999999999999, 1.0)	../fonts/amplitud.ttf	lower
1271271951444	1	FR_PRES	5	MOSQUITO	917	1	1	2427	(0.57740000000000002, 0.41289999999999999, 1.0)	../fonts/amplitud.ttf	lower
1271271955264	1	FR_PRES	5	CRICKET	408	1	1	1703	(0.57740000000000002, 0.41289999999999999, 1.0)	../fonts/amplitud.ttf	lower
1271271959368	1	FR_PRES	5	CHAUFFEUR	283	1	1	2168	(0.57740000000000002, 0.41289999999999999, 1.0)	../fonts/amplitud.ttf	lower
1271271963463	1	FR_PRES	5	ARCHITECT	36	1	1	809	(0.57740000000000002, 0.41289999999999999, 1.0)	../fonts/amplitud.ttf	lower
1271271967533	1	FR_PRES	5	CARRIAGE	248	1	0	1867	(0.57740000000000002, 0.41289999999999999, 1.0)	../fonts/amplitud.ttf	lower
1271271971396	1	FR_PRES	5	ISLAND	745	1	0	1156	(0.57740000000000002, 0.41289999999999999, 1.0)	../fonts/amplitud.ttf	lower
1271271975216	1	FR_PRES	5	MARINE	869	1	1	2208	(0.57740000000000002, 0.41289999999999999, 1.0)	../fonts/amplitud.ttf	lower
1271271979278	1	FR_PRES	5	WORKER	1621	1	1	954	(0.57740000000000002, 0.41289999999999999, 1.0)	../fonts/amplitud.ttf	lower
1271271984863	1	REC_START
1271271989720	0	REJECT
1271272004048	0	REJECT
1271272031584	0	REJECT
1271272031832	0	REJECT
1271272050024	0	REJECT
1271272069506	0	REST
1271272071012	1	FR_PRES	6	CAFETERIA	217	0	1	2044	(0.42259999999999998, 0.58709999999999996, 0)	../fonts/zerothre.ttf	upper
1271272075041	1	FR_PRES	6	MEAL	882	0	0	1567	(0.42259999999999998, 0.58709999999999996, 0)	../fonts/zerothre.ttf	upper
1271272078919	1	FR_PRES	6	CHEF	290	1	1	1345	(0.57740000000000002, 0.41289999999999999, 1.0)	../fonts/amplitud.ttf	lower
1271272082897	1	FR_PRES	6	WASHER	1592	1	1	1639	(0.57740000000000002, 0.41289999999999999, 1.0)	../fonts/amplitud.ttf	lower
1271272086910	1	FR_PRES	6	FLESH	579	1	0	1338	(0.57740000000000002, 0.41289999999999999, 1.0)	../fonts/amplitud.ttf	lower
1271272090996	1	FR_PRES	6	EMPLOYEE	531	1	1	812	(0.57740000000000002, 0.41289999999999999, 1.0)	../fonts/amplitud.ttf	lower
1271272095101	1	FR_PRES	6	APPLICATION	34	0	0	2027	(0.42259999999999998, 0.58709999999999996, 0)	../fonts/zerothre.ttf	upper
1271272099238	1	FR_PRES	6	BRUSH	182	0	0	2242	(0.42259999999999998, 0.58709999999999996, 0)	../fonts/zerothre.ttf	upper
1271272103200	1	FR_PRES	6	ASHTRAY	45	1	0	2072	(0.57740000000000002, 0.41289999999999999, 1.0)	../fonts/amplitud.ttf	lower
1271272107079	1	FR_PRES	6	DONOR	485	1	1	1768	(0.57740000000000002, 0.41289999999999999, 1.0)	../fonts/amplitud.ttf	lower
1271272111265	1	FR_PRES	6	LID	817	1	0	2239	(0.57740000000000002, 0.41289999999999999, 1.0)	../fonts/amplitud.ttf	lower
1271272115211	1	FR_PRES	6	UMPIRE	1535	1	1	1285	(0.57740000000000002, 0.41289999999999999, 1.0)	../fonts/amplitud.ttf	lower
1271272119239	1	FR_PRES	6	COD	340	0	0	1985	(0.42259999999999998, 0.58709999999999996, 0)	../fonts/zerothre.ttf	upper
1271272123151	1	FR_PRES	6	BLANKET	135	0	1	1824	(0.42259999999999998, 0.58709999999999996, 0)	../fonts/zerothre.ttf	upper
1271272127197	1	FR_PRES	6	YOKE	1632	0	0	2147	(0.42259999999999998, 0.58709999999999996, 0)	../fonts/zerothre.ttf	upper
1271272131125	1	FR_PRES	6	MERMAID	887	0	1	987	(0.42259999999999998, 0.58709999999999996, 0)	../fonts/zerothre.ttf	upper
1271272137102	2	REC_START
1271272158847	0	REJECT
1271272167616	0	REJECT
1271272181280	0	REJECT
1271272206768	0	REJECT
1271272215760	0	REST
1271272217266	1	FR_PRES	7	SPRINKLE	1359	1	0	1166	(0.57740000000000002, 0.41289999999999999, 1.0)	../fonts/amplitud.ttf	lower
1271272221312	1	FR_PRES	7	FUDGE	611	1	0	1352	(0.57740000000000002, 0.41289999999999999, 1.0)	../fonts/amplitud.ttf	lower
1271272225432	1	FR_PRES	7	LOG	841	1	0	848	(0.57740000000000002, 0.41289999999999999, 1.0)	../fonts/amplitud.ttf	lower
1271272229361	1	FR_PRES	7	GENERAL	630	1	1	991	(0.57740000000000002, 0.41289999999999999, 1.0)	../fonts/amplitud.ttf	lower
1271272233214	1	FR_PRES	7	VILLAGE	1566	1	0	1586	(0.57740000000000002, 0.41289999999999999, 1.0)	../fonts/amplitud.ttf	lower
1271272237135	1	FR_PRES	7	APARTMENT	30	0	1	1529	(0.42259999999999998, 0.58709999999999996, 0)	../fonts/zerothre.ttf	upper
1271272241263	1	FR_PRES	7	RESTAURANT	1187	0	1	1961	(0.42259999999999998, 0.58709999999999996, 0)	../fonts/zerothre.ttf	upper
1271272245109	1	FR_PRES	7	CRUMB	416	0	0	1563	(0.42259999999999998, 0.58709999999999996, 0)	../fonts/zerothre.ttf	upper
1271272248953	1	FR_PRES	7	WIDOW	1608	0	1	1111	(0.42259999999999998, 0.58709999999999996, 0)	../fonts/zerothre.ttf	upper
1271272252792	1	FR_PRES	7	MILITARY	894	1	0	2000	(0.57740000000000002, 0.41289999999999999, 1.0)	../fonts/amplitud.ttf	lower
1271272256878	1	FR_PRES	7	FIG	563	1	0	1218	(0.57740000000000002, 0.41289999999999999, 1.0)	../fonts/amplitud.ttf	lower
1271272261082	1	FR_PRES	7	UNIVERSE	1540	1	0	1246	(0.57740000000000002, 0.41289999999999999, 1.0)	../fonts/amplitud.ttf	lower
1271272265077	1	FR_PRES	7	ENGINEER	536	0	1	770	(0.42259999999999998, 0.58709999999999996, 0)	../fonts/zerothre.ttf	upper
1271272269172	1	FR_PRES	7	CORAL	378	0	1	1691	(0.42259999999999998, 0.58709999999999996, 0)	../fonts/zerothre.ttf	upper
1271272273159	1	FR_PRES	7	OCEAN	970	0	1	2385	(0.42259999999999998, 0.58709999999999996, 0)	../fonts/zerothre.ttf	upper
1271272277121	1	FR_PRES	7	PUDDING	1139	0	0	1151	(0.42259999999999998, 0.58709999999999996, 0)	../fonts/zerothre.ttf	upper
1271272283057	1	REC_START
1271272286943	0	REJECT
1271272299648	0	REJECT
1271272305879	0	REJECT
1271272313776	0	REJECT
1271272337576	0	REJECT
1271272359725	0	REST
1271272361231	1	FR_PRES	8	BATTERY	101	-1	-1	-1271272361231	white	../fonts/Verdana.ttf	upper
1271272365177	1	FR_PRES	8	KNIGHT	786	-1	-1	-1271272365177	white	../fonts/Verdana.ttf	upper
1271272369289	1	FR_PRES	8	SILK	1307	-1	-1	-1271272369289	white	../fonts/Verdana.ttf	upper
1271272373459	1	FR_PRES	8	BEAST	108	-1	-1	-1271272373459	white	../fonts/Verdana.ttf	upper
1271272377421	1	FR_PRES	8	SERGEANT	1269	-1	-1	-1271272377421	white	../fonts/Verdana.ttf	upper
1271272381291	1	FR_PRES	8	SOLDIER	1344	-1	-1	-1271272381291	white	../fonts/Verdana.ttf	upper
1271272385470	1	FR_PRES	8	CROCODILE	411	-1	-1	-1271272385470	white	../fonts/Verdana.ttf	upper
1271272389507	1	FR_PRES	8	BEGGAR	117	-1	-1	-1271272389507	white	../fonts/Verdana.ttf	upper
1271272393602	1	FR_PRES	8	MALL	860	-1	-1	-1271272393602	white	../fonts/Verdana.ttf	upper
1271272397780	1	FR_PRES	8	MICROPHONE	890	-1	-1	-1271272397780	white	../fonts/Verdana.ttf	upper
1271272401817	1	FR_PRES	8	RUG	1215	-1	-1	-1271272401817	white	../fonts/Verdana.ttf	upper
1271272405746	1	FR_PRES	8	BINDER	127	-1	-1	-1271272405746	white	../fonts/Verdana.ttf	upper
1271272409766	1	FR_PRES	8	NOTE	958	-1	-1	-1271272409766	white	../fonts/Verdana.ttf	upper
1271272413703	1	FR_PRES	8	HEADBAND	696	-1	-1	-1271272413703	white	../fonts/Verdana.ttf	upper
1271272417532	1	FR_PRES	8	RIBBON	1189	-1	-1	-1271272417532	white	../fonts/Verdana.ttf	upper
1271272421503	1	FR_PRES	8	DASHBOARD	441	-1	-1	-1271272421503	white	../fonts/Verdana.ttf	upper
1271272427163	1	REC_START
1271272431016	0	REJECT
1271272445464	0	REJECT
1271272457224	0	REJECT
1271272472160	0	REJECT
1271272479152	0	REJECT
1271272488112	0	REJECT
1271272503723	0	REST
1271272505230	1	FR_PRES	9	COACH	331	0	1	1194	(0.42259999999999998, 0.58709999999999996, 0)	../fonts/zerothre.ttf	upper
1271272509383	1	FR_PRES	9	SPINE	1353	0	1	2201	(0.42259999999999998, 0.58709999999999996, 0)	../fonts/zerothre.ttf	upper
1271272513204	1	FR_PRES	9	MARROW	872	0	0	2188	(0.42259999999999998, 0.58709999999999996, 0)	../fonts/zerothre.ttf	upper
1271272517224	1	FR_PRES	9	COLOGNE	347	0	0	1424	(0.42259999999999998, 0.58709999999999996, 0)	../fonts/zerothre.ttf	upper
1271272521203	1	FR_PRES	9	CABOOSE	214	0	1	1477	(0.42259999999999998, 0.58709999999999996, 0)	../fonts/zerothre.ttf	upper
1271272525206	1	FR_PRES	9	CATTLE	261	0	1	1266	(0.42259999999999998, 0.58709999999999996, 0)	../fonts/zerothre.ttf	upper
1271272529052	1	FR_PRES	9	TIE	1466	0	0	2396	(0.42259999999999998, 0.58709999999999996, 0)	../fonts/zerothre.ttf	upper
1271272533006	1	FR_PRES	9	SHOELACE	1289	0	0	2186	(0.42259999999999998, 0.58709999999999996, 0)	../fonts/zerothre.ttf	upper
1271272536967	1	FR_PRES	9	COW	393	0	1	2369	(0.42259999999999998, 0.58709999999999996, 0)	../fonts/zerothre.ttf	upper
1271272540912	1	FR_PRES	9	CUE	422	0	0	1472	(0.42259999999999998, 0.58709999999999996, 0)	../fonts/zerothre.ttf	upper
1271272544800	1	FR_PRES	9	WATER	1594	0	0	1416	(0.42259999999999998, 0.58709999999999996, 0)	../fonts/zerothre.ttf	upper
1271272549004	1	FR_PRES	9	LIME	823	0	0	931	(0.42259999999999998, 0.58709999999999996, 0)	../fonts/zerothre.ttf	upper
1271272553107	1	FR_PRES	9	PATROL	1027	0	1	2045	(0.42259999999999998, 0.58709999999999996, 0)	../fonts/zerothre.ttf	upper
1271272557294	1	FR_PRES	9	TOE	1473	0	0	802	(0.42259999999999998, 0.58709999999999996, 0)	../fonts/zerothre.ttf	upper
1271272561389	1	FR_PRES	9	NECK	939	0	1	915	(0.42259999999999998, 0.58709999999999996, 0)	../fonts/zerothre.ttf	upper
1271272565385	1	FR_PRES	9	DILL	465	0	0	727	(0.42259999999999998, 0.58709999999999996, 0)	../fonts/zerothre.ttf	upper
1271272571170	1	REC_START
1271272591752	0	REJECT
1271272601216	0	REJECT
1271272602136	0	REJECT
1271272602863	0	REJECT
1271272604832	0	REJECT
1271272626000	0	REJECT
1271272627112	0	REJECT
1271272629112	0	REJECT
1271272647588	0	REST
1271272649095	1	FR_PRES	10	BEET	115	-1	-1	-1271272649095	white	../fonts/Verdana.ttf	upper
1271272653290	1	FR_PRES	10	VINE	1568	-1	-1	-1271272653290	white	../fonts/Verdana.ttf	upper
1271272657111	1	FR_PRES	10	TUBE	1516	-1	-1	-1271272657111	white	../fonts/Verdana.ttf	upper
1271272661056	1	FR_PRES	10	TABLET	1427	-1	-1	-1271272661056	white	../fonts/Verdana.ttf	upper
1271272665135	1	FR_PRES	10	SCISSORS	1250	-1	-1	-1271272665135	white	../fonts/Verdana.ttf	upper
1271272669038	1	FR_PRES	10	BENCH	121	-1	-1	-1271272669038	white	../fonts/Verdana.ttf	upper
1271272672850	1	FR_PRES	10	CHICKEN	297	-1	-1	-1271272672850	white	../fonts/Verdana.ttf	upper
1271272676663	1	FR_PRES	10	COLESLAW	344	-1	-1	-1271272676663	white	../fonts/Verdana.ttf	upper
1271272680542	1	FR_PRES	10	CREAM	402	-1	-1	-1271272680542	white	../fonts/Verdana.ttf	upper
1271272684587	1	FR_PRES	10	ANTENNA	28	-1	-1	-1271272684587	white	../fonts/Verdana.ttf	upper
1271272688665	1	FR_PRES	10	CATHEDRAL	260	-1	-1	-1271272688665	white	../fonts/Verdana.ttf	upper
1271272692802	1	FR_PRES	10	PREACHER	1119	-1	-1	-1271272692802	white	../fonts/Verdana.ttf	upper
1271272696623	1	FR_PRES	10	COUCH	386	-1	-1	-1271272696623	white	../fonts/Verdana.ttf	upper
1271272700668	1	FR_PRES	10	OATMEAL	967	-1	-1	-1271272700668	white	../fonts/Verdana.ttf	upper
1271272704763	1	FR_PRES	10	OYSTER	995	-1	-1	-1271272704763	white	../fonts/Verdana.ttf	upper
1271272708584	1	FR_PRES	10	RIVER	1194	-1	-1	-1271272708584	white	../fonts/Verdana.ttf	upper
1271272714494	1	REC_START
1271272732128	0	REJECT
1271272733847	0	REJECT
1271272734352	0	REJECT
1271272746360	0	REJECT
1271272747472	0	REJECT
1271272749136	0	REJECT
1271272756584	0	REJECT
1271272782616	0	REJECT
1271272784776	0	REJECT
1271272785480	0	REJECT
1271272791379	0	REST
1271272792884	1	FR_PRES	11	TECHNICIAN	1443	1	1	844	(0.57740000000000002, 0.41289999999999999, 1.0)	../fonts/amplitud.ttf	lower
1271272796955	1	FR_PRES	11	NEWSSTAND	949	1	0	1277	(0.57740000000000002, 0.41289999999999999, 1.0)	../fonts/amplitud.ttf	lower
1271272800950	1	FR_PRES	11	ORCHESTRA	981	1	1	1810	(0.57740000000000002, 0.41289999999999999, 1.0)	../fonts/amplitud.ttf	lower
1271272804845	1	FR_PRES	11	COIN	343	1	0	1451	(0.57740000000000002, 0.41289999999999999, 1.0)	../fonts/amplitud.ttf	lower
1271272808708	1	FR_PRES	11	BANDANNA	80	0	0	1588	(0.42259999999999998, 0.58709999999999996, 0)	../fonts/zerothre.ttf	upper
1271272812587	1	FR_PRES	11	RADIO	1157	0	0	1413	(0.42259999999999998, 0.58709999999999996, 0)	../fonts/zerothre.ttf	upper
1271272816732	1	FR_PRES	11	TELEVISION	1447	0	1	1852	(0.42259999999999998, 0.58709999999999996, 0)	../fonts/zerothre.ttf	upper
1271272820843	1	FR_PRES	11	SNACK	1331	0	0	1060	(0.42259999999999998, 0.58709999999999996, 0)	../fonts/zerothre.ttf	upper
1271272824681	1	FR_PRES	11	WAITRESS	1581	0	1	647	(0.42259999999999998, 0.58709999999999996, 0)	../fonts/zerothre.ttf	upper
1271272828643	1	FR_PRES	11	BANJO	82	1	0	1045	(0.57740000000000002, 0.41289999999999999, 1.0)	../fonts/amplitud.ttf	lower
1271272832814	1	FR_PRES	11	BEAVER	109	1	1	2081	(0.57740000000000002, 0.41289999999999999, 1.0)	../fonts/amplitud.ttf	lower
1271272836933	1	FR_PRES	11	JACKET	747	0	1	1643	(0.42259999999999998, 0.58709999999999996, 0)	../fonts/zerothre.ttf	upper
1271272840895	1	FR_PRES	11	TYPEWRITER	1531	0	1	1153	(0.42259999999999998, 0.58709999999999996, 0)	../fonts/zerothre.ttf	upper
1271272844915	1	FR_PRES	11	STOMACH	1384	0	1	2437	(0.42259999999999998, 0.58709999999999996, 0)	../fonts/zerothre.ttf	upper
1271272848977	1	FR_PRES	11	POND	1101	1	0	1535	(0.57740000000000002, 0.41289999999999999, 1.0)	../fonts/amplitud.ttf	lower
1271272853023	1	FR_PRES	11	BALLERINA	74	1	1	1257	(0.57740000000000002, 0.41289999999999999, 1.0)	../fonts/amplitud.ttf	lower
1271272858676	1	REC_START
1271272869472	0	REJECT
1271272874552	0	REJECT
1271272877456	0	REJECT
1271272898352	0	REJECT
1271272908224	0	REJECT
1271272911712	0	REJECT
1271272934262	1	REST_REWET
1271273365250	0	REST
1271273366756	1	FR_PRES	12	LAKE	796	-1	-1	-1271273366756	white	../fonts/Verdana.ttf	upper
1271273370701	1	FR_PRES	12	NOOSE	956	-1	-1	-1271273370701	white	../fonts/Verdana.ttf	upper
1271273374862	1	FR_PRES	12	SUIT	1402	-1	-1	-1271273374862	white	../fonts/Verdana.ttf	upper
1271273378974	1	FR_PRES	12	SUBMARINE	1398	-1	-1	-1271273378974	white	../fonts/Verdana.ttf	upper
1271273382804	1	FR_PRES	12	DRUM	502	-1	-1	-1271273382804	white	../fonts/Verdana.ttf	upper
1271273386741	1	FR_PRES	12	BAND	78	-1	-1	-1271273386741	white	../fonts/Verdana.ttf	upper
1271273390795	1	FR_PRES	12	PHOTO	1055	-1	-1	-1271273390795	white	../fonts/Verdana.ttf	upper
1271273394782	1	FR_PRES	12	FRIAR	605	-1	-1	-1271273394782	white	../fonts/Verdana.ttf	upper
1271273398702	1	FR_PRES	12	SHIP	1286	-1	-1	-1271273398702	white	../fonts/Verdana.ttf	upper
1271273402747	1	FR_PRES	12	PLUMBER	1091	-1	-1	-1271273402747	white	../fonts/Verdana.ttf	upper
1271273406659	1	FR_PRES	12	DORM	488	-1	-1	-1271273406659	white	../fonts/Verdana.ttf	upper
1271273410655	1	FR_PRES	12	PUCK	1138	-1	-1	-1271273410655	white	../fonts/Verdana.ttf	upper
1271273414767	1	FR_PRES	12	KLEENEX	782	-1	-1	-1271273414767	white	../fonts/Verdana.ttf	upper
1271273418779	1	FR_PRES	12	PIER	1063	-1	-1	-1271273418779	white	../fonts/Verdana.ttf	upper
1271273422898	1	FR_PRES	12	CANAL	226	-1	-1	-1271273422898	white	../fonts/Verdana.ttf	upper
1271273426918	1	FR_PRES	12	CARAVAN	242	-1	-1	-1271273426918	white	../fonts/Verdana.ttf	upper
1271273432730	1	REC_START
1271273437824	0	REJECT
1271273438384	0	REJECT
1271273452800	0	REJECT
1271273456729	27	REJECT
1271273463720	0	REJECT
1271273468192	0	REJECT
1271273476272	0	REJECT
1271273509090	0	REST
1271273510596	1	FR_PRES	13	UNIFORM	1539	0	1	1740	(0.42259999999999998, 0.58709999999999996, 0)	../fonts/zerothre.ttf	upper
1271273514433	1	FR_PRES	13	MASK	876	0	1	2430	(0.42259999999999998, 0.58709999999999996, 0)	../fonts/zerothre.ttf	upper
1271273518470	1	FR_PRES	13	DAISY	435	0	0	834	(0.42259999999999998, 0.58709999999999996, 0)	../fonts/zerothre.ttf	upper
1271273522524	1	FR_PRES	13	SEAGULL	1261	0	1	2548	(0.42259999999999998, 0.58709999999999996, 0)	../fonts/zerothre.ttf	upper
1271273526411	1	FR_PRES	13	NEST	945	0	0	1885	(0.42259999999999998, 0.58709999999999996, 0)	../fonts/zerothre.ttf	upper
1271273530265	1	FR_PRES	13	CARROT	249	1	0	1527	(0.57740000000000002, 0.41289999999999999, 1.0)	../fonts/amplitud.ttf	lower
1271273534185	1	FR_PRES	13	SPHINX	1349	1	1	1303	(0.57740000000000002, 0.41289999999999999, 1.0)	../fonts/amplitud.ttf	lower
1271273538389	1	FR_PRES	13	KIDNEY	776	0	0	2602	(0.42259999999999998, 0.58709999999999996, 0)	../fonts/zerothre.ttf	upper
1271273542234	1	FR_PRES	13	BUFFALO	186	0	1	838	(0.42259999999999998, 0.58709999999999996, 0)	../fonts/zerothre.ttf	upper
1271273546413	1	FR_PRES	13	MOOSE	915	0	1	763	(0.42259999999999998, 0.58709999999999996, 0)	../fonts/zerothre.ttf	upper
1271273550400	1	FR_PRES	13	FLEET	578	1	0	1744	(0.57740000000000002, 0.41289999999999999, 1.0)	../fonts/amplitud.ttf	lower
1271273554453	1	FR_PRES	13	SWING	1421	1	0	1915	(0.57740000000000002, 0.41289999999999999, 1.0)	../fonts/amplitud.ttf	lower
1271273558274	1	FR_PRES	13	MUMMY	932	1	0	2486	(0.57740000000000002, 0.41289999999999999, 1.0)	../fonts/amplitud.ttf	lower
1271273562319	1	FR_PRES	13	TURKEY	1520	1	1	1145	(0.57740000000000002, 0.41289999999999999, 1.0)	../fonts/amplitud.ttf	lower
1271273566398	1	FR_PRES	13	CARDINAL	244	1	1	1250	(0.57740000000000002, 0.41289999999999999, 1.0)	../fonts/amplitud.ttf	lower
1271273570260	1	FR_PRES	13	SKULL	1320	1	0	876	(0.57740000000000002, 0.41289999999999999, 1.0)	../fonts/amplitud.ttf	lower
1271273576271	1	REC_START
1271273585120	0	REJECT
1271273588088	0	REJECT
1271273601688	0	REJECT
1271273611264	0	REJECT
1271273625919	0	REJECT
1271273626991	0	REJECT
1271273636648	0	REJECT
1271273657200	0	REST
1271273658706	1	FR_PRES	14	PUMP	1141	1	0	942	(0.57740000000000002, 0.41289999999999999, 1.0)	../fonts/amplitud.ttf	lower
1271273662535	1	FR_PRES	14	THIGH	1457	1	0	1881	(0.57740000000000002, 0.41289999999999999, 1.0)	../fonts/amplitud.ttf	lower
1271273666489	1	FR_PRES	14	PONY	1102	1	1	1591	(0.57740000000000002, 0.41289999999999999, 1.0)	../fonts/amplitud.ttf	lower
1271273670443	1	FR_PRES	14	RANCH	1166	1	0	1141	(0.57740000000000002, 0.41289999999999999, 1.0)	../fonts/amplitud.ttf	lower
1271273674455	1	FR_PRES	14	ANIMAL	23	1	1	1321	(0.57740000000000002, 0.41289999999999999, 1.0)	../fonts/amplitud.ttf	lower
1271273678383	1	FR_PRES	14	RIFLE	1192	1	0	1496	(0.57740000000000002, 0.41289999999999999, 1.0)	../fonts/amplitud.ttf	lower
1271273682329	1	FR_PRES	14	BULLET	194	1	0	2391	(0.57740000000000002, 0.41289999999999999, 1.0)	../fonts/amplitud.ttf	lower
1271273686382	1	FR_PRES	14	WINGS	1614	1	0	1106	(0.57740000000000002, 0.41289999999999999, 1.0)	../fonts/amplitud.ttf	lower
1271273690195	1	FR_PRES	14	ORGAN	984	1	0	1845	(0.57740000000000002, 0.41289999999999999, 1.0)	../fonts/amplitud.ttf	lower
1271273694390	1	FR_PRES	14	PERISCOPE	1050	1	0	2266	(0.57740000000000002, 0.41289999999999999, 1.0)	../fonts/amplitud.ttf	lower
1271273698252	1	FR_PRES	14	SWAN	1417	1	1	812	(0.57740000000000002, 0.41289999999999999, 1.0)	../fonts/amplitud.ttf	lower
1271273702272	1	FR_PRES	14	SADDLE	1221	1	0	1432	(0.57740000000000002, 0.41289999999999999, 1.0)	../fonts/amplitud.ttf	lower
1271273706259	1	FR_PRES	14	WAVE	1596	1	0	1013	(0.57740000000000002, 0.41289999999999999, 1.0)	../fonts/amplitud.ttf	lower
1271273710246	1	FR_PRES	14	REEF	1177	1	0	1858	(0.57740000000000002, 0.41289999999999999, 1.0)	../fonts/amplitud.ttf	lower
1271273714142	1	FR_PRES	14	VENUS	1557	1	0	737	(0.57740000000000002, 0.41289999999999999, 1.0)	../fonts/amplitud.ttf	lower
1271273718129	1	FR_PRES	14	OWNER	993	1	1	1119	(0.57740000000000002, 0.41289999999999999, 1.0)	../fonts/amplitud.ttf	lower
1271273724114	1	REC_START
1271273735576	0	REJECT
1271273745440	1	REJECT
1271273751344	0	REJECT
1271273751967	0	REJECT
1271273767064	0	REJECT
1271273767704	0	REJECT
1271273780943	1	REJECT
1271273793392	1	REJECT
1271273797592	0	REJECT
1271273806009	0	REST
1271273807516	1	FR_PRES	15	HEN	703	1	1	1852	(0.57740000000000002, 0.41289999999999999, 1.0)	../fonts/amplitud.ttf	lower
1271273811495	1	FR_PRES	15	SHARK	1275	1	1	1001	(0.57740000000000002, 0.41289999999999999, 1.0)	../fonts/amplitud.ttf	lower
1271273815473	1	FR_PRES	15	LOBSTER	837	1	1	1430	(0.57740000000000002, 0.41289999999999999, 1.0)	../fonts/amplitud.ttf	lower
1271273819302	1	FR_PRES	15	NOMAD	955	1	1	1074	(0.57740000000000002, 0.41289999999999999, 1.0)	../fonts/amplitud.ttf	lower
1271273823364	1	FR_PRES	15	PARROT	1015	1	1	1716	(0.57740000000000002, 0.41289999999999999, 1.0)	../fonts/amplitud.ttf	lower
1271273827268	1	FR_PRES	15	DUNE	506	1	0	1723	(0.57740000000000002, 0.41289999999999999, 1.0)	../fonts/amplitud.ttf	lower
1271273831471	1	FR_PRES	15	HERO	706	1	1	1569	(0.57740000000000002, 0.41289999999999999, 1.0)	../fonts/amplitud.ttf	lower
1271273835516	1	FR_PRES	15	WARRIOR	1589	1	1	700	(0.57740000000000002, 0.41289999999999999, 1.0)	../fonts/amplitud.ttf	lower
1271273839603	1	FR_PRES	15	EGG	518	1	0	1685	(0.57740000000000002, 0.41289999999999999, 1.0)	../fonts/amplitud.ttf	lower
1271273843474	1	FR_PRES	15	ROOF	1205	1	0	1990	(0.57740000000000002, 0.41289999999999999, 1.0)	../fonts/amplitud.ttf	lower
1271273847419	1	FR_PRES	15	SLACKS	1323	1	0	733	(0.57740000000000002, 0.41289999999999999, 1.0)	../fonts/amplitud.ttf	lower
1271273851523	1	FR_PRES	15	ESSAY	540	1	0	853	(0.57740000000000002, 0.41289999999999999, 1.0)	../fonts/amplitud.ttf	lower
1271273855410	1	FR_PRES	15	DOCUMENT	479	1	0	1614	(0.57740000000000002, 0.41289999999999999, 1.0)	../fonts/amplitud.ttf	lower
1271273859372	1	FR_PRES	15	BIRD	129	1	1	716	(0.57740000000000002, 0.41289999999999999, 1.0)	../fonts/amplitud.ttf	lower
1271273863367	1	FR_PRES	15	LADY	794	1	0	1257	(0.57740000000000002, 0.41289999999999999, 1.0)	../fonts/amplitud.ttf	lower
1271273867404	1	FR_PRES	15	VAMPIRE	1547	1	1	908	(0.57740000000000002, 0.41289999999999999, 1.0)	../fonts/amplitud.ttf	lower
1271273873190	1	REC_START
1271273884224	1	REJECT
1271273899935	1	REJECT
1271273906576	1	REJECT
1271273919272	1	REJECT
1271273920352	1	REJECT
1271273937352	1	REJECT
1271273966206	0	RECOG_START
1271273966206	1	REC_START
1271273966239	0	RECOG_PRES	0	SWEATER	1419	-999	P	1497
1271273968111	0	RECOG_CR_PRES	0	SWEATER	1419	-999	P	409
1271273969010	1	RECOG_FEEDBACK	1
1271273969801	0	RECOG_PRES	0	TOWER	1490	-999	P	1046
1271273971224	0	RECOG_CR_PRES	0	TOWER	1490	-999	P	304
1271273971931	1	RECOG_FEEDBACK	1
1271273972698	0	RECOG_PRES	0	SPINE	1353	-999	P	1047
1271273974113	0	RECOG_CR_PRES	0	SPINE	1353	-999	P	279
1271273974795	1	RECOG_FEEDBACK	1
1271273975578	0	RECOG_PRES	0	FLESH	579	-999	P	1006
1271273976958	0	RECOG_CR_PRES	0	FLESH	579	-999	P	314
1271273977675	1	RECOG_FEEDBACK	1
1271273978466	0	RECOG_PRES	0	OATMEAL	967	-999	P	1031
1271273979872	0	RECOG_CR_PRES	0	OATMEAL	967	-999	P	384
1271273980655	1	RECOG_FEEDBACK	1
1271273981438	0	RECOG_PRES	0	BEVERAGE	123	-999	P	922
1271273982736	0	RECOG_CR_PRES	0	BEVERAGE	123	-999	P	231
1271273983385	1	RECOG_FEEDBACK	0
1271273984176	0	RECOG_PRES	0	BAKER	71	-999	P	1424
1271273985973	0	RECOG_CR_PRES	0	BAKER	71	-999	P	187
1271273986582	1	RECOG_FEEDBACK	0
1271273987306	0	RECOG_PRES	0	STOMACH	1384	-999	P	2270
1271273989943	0	RECOG_CR_PRES	0	STOMACH	1384	-999	P	513
1271273990925	1	RECOG_FEEDBACK	1
1271273991667	0	RECOG_PRES	0	CORAL	378	-999	P	2381
1271273994422	0	RECOG_CR_PRES	0	CORAL	378	-999	P	306
1271273995138	1	RECOG_FEEDBACK	1
1271273995853	0	RECOG_PRES	0	UMPIRE	1535	-999	P	1267
1271273997494	0	RECOG_CR_PRES	0	UMPIRE	1535	-999	P	234
1271273998126	1	RECOG_FEEDBACK	1
1271273998841	0	RECOG_PRES	0	ARCHITECT	36	-999	P	975
1271274000191	0	RECOG_CR_PRES	0	ARCHITECT	36	-999	P	177
1271274000773	1	RECOG_FEEDBACK	1
1271274001581	0	RECOG_PRES	0	DOCUMENT	479	-999	P	987
1271274002936	0	RECOG_CR_PRES	0	DOCUMENT	479	-999	P	240
1271274003570	1	RECOG_FEEDBACK	1
1271274004319	0	RECOG_PRES	0	TERMITE	1451	-999	P	1017
1271274005709	0	RECOG_CR_PRES	0	TERMITE	1451	-999	P	218
1271274006308	1	RECOG_FEEDBACK	1
1271274007074	0	RECOG_PRES	0	FOX	598	-999	P	917
1271274008364	0	RECOG_CR_PRES	0	FOX	598	-999	P	188
1271274008946	1	RECOG_FEEDBACK	1
1271274009696	0	RECOG_PRES	0	SILVERWARE	1308	-999	P	985
1271274011053	0	RECOG_CR_PRES	0	SILVERWARE	1308	-999	P	259
1271274011719	1	RECOG_FEEDBACK	1
1271274012493	0	RECOG_PRES	0	BANQUET	86	-999	P	859
1271274013725	0	RECOG_CR_PRES	0	BANQUET	86	-999	P	250
1271274014382	1	RECOG_FEEDBACK	1
1271274015190	0	RECOG_PRES	0	SKULL	1320	-999	P	914
1271274016480	0	RECOG_CR_PRES	0	SKULL	1320	-999	P	200
1271274017088	1	RECOG_FEEDBACK	1
1271274017852	0	RECOG_PRES	0	DIARY	460	-999	P	972
1271274019193	0	RECOG_CR_PRES	0	DIARY	460	-999	P	327
1271274019925	1	RECOG_FEEDBACK	0
1271274020700	0	RECOG_PRES	0	WHEAT	1602	-999	P	1211
1271274022281	0	RECOG_CR_PRES	0	WHEAT	1602	-999	P	223
1271274022888	1	RECOG_FEEDBACK	1
1271274023597	0	RECOG_PRES	0	VETERAN	1561	-999	P	1100
1271274025070	0	RECOG_CR_PRES	0	VETERAN	1561	-999	P	314
1271274025769	1	RECOG_FEEDBACK	1
1271274026983	0	REST
1271274028021	1	REC_START
1271274028050	0	RECOG_PRES	1	SWING	1421	-999	P	966
1271274029390	0	RECOG_CR_PRES	1	SWING	1421	-999	P	170
1271274029955	1	RECOG_FEEDBACK	1
1271274030705	0	RECOG_PRES	1	BUFFALO	186	-999	P	799
1271274031878	0	RECOG_CR_PRES	1	BUFFALO	186	-999	P	218
1271274032478	1	RECOG_FEEDBACK	1
1271274033210	0	RECOG_PRES	1	HAMMOCK	681	-999	P	1574
1271274035158	0	RECOG_CR_PRES	1	HAMMOCK	681	-999	P	154
1271274035732	1	RECOG_FEEDBACK	1
1271274036448	0	RECOG_PRES	1	LOBSTER	837	-999	P	1160
1271274037979	0	RECOG_CR_PRES	1	LOBSTER	837	-999	P	221
1271274038629	1	RECOG_FEEDBACK	1
1271274039411	0	RECOG_PRES	1	ELECTRON	522	-999	P	1109
1271274040892	0	RECOG_CR_PRES	1	ELECTRON	522	-999	P	140
1271274041434	1	RECOG_FEEDBACK	1
1271274042233	0	RECOG_PRES	1	SUIT	1402	-999	P	927
1271274043532	0	RECOG_CR_PRES	1	SUIT	1402	-999	P	268
1271274044181	1	RECOG_FEEDBACK	1
1271274044946	0	RECOG_PRES	1	PRODUCER	1129	-999	P	1318
1271274046636	0	RECOG_CR_PRES	1	PRODUCER	1129	-999	P	275
1271274047410	1	RECOG_FEEDBACK	1
1271274048126	0	RECOG_PRES	1	KEY	773	-999	P	1202
1271274049699	0	RECOG_CR_PRES	1	KEY	773	-999	P	140
1271274050257	1	RECOG_FEEDBACK	1
1271274051006	0	RECOG_PRES	1	DIAMOND	458	-999	P	857
1271274052255	0	RECOG_CR_PRES	1	DIAMOND	458	-999	P	169
1271274052821	1	RECOG_FEEDBACK	1
1271274053578	0	RECOG_PRES	1	ROOF	1205	-999	P	851
1271274054827	0	RECOG_CR_PRES	1	ROOF	1205	-999	P	148
1271274055393	1	RECOG_FEEDBACK	1
1271274056192	0	RECOG_PRES	1	MAGAZINE	853	-999	P	1448
1271274058015	0	RECOG_CR_PRES	1	MAGAZINE	853	-999	P	225
1271274058664	1	RECOG_FEEDBACK	1
1271274059463	0	RECOG_PRES	1	RIBBON	1189	-999	P	1065
1271274060902	0	RECOG_CR_PRES	1	RIBBON	1189	-999	P	346
1271274061652	1	RECOG_FEEDBACK	1
1271274062443	0	RECOG_PRES	1	TRICYCLE	1506	-999	P	1021
1271274063832	0	RECOG_CR_PRES	1	TRICYCLE	1506	-999	P	280
1271274064507	1	RECOG_FEEDBACK	1
1271274065290	0	RECOG_PRES	1	FIREMAN	569	-999	P	1054
1271274066713	0	RECOG_CR_PRES	1	FIREMAN	569	-999	P	270
1271274067387	1	RECOG_FEEDBACK	1
1271274068153	0	RECOG_PRES	1	RING	1193	-999	P	1031
1271274069560	0	RECOG_CR_PRES	1	RING	1193	-999	P	279
1271274070242	1	RECOG_FEEDBACK	0
1271274071016	0	RECOG_PRES	1	SALAD	1224	-999	P	1376
1271274072764	0	RECOG_CR_PRES	1	SALAD	1224	-999	P	444
1271274073638	1	RECOG_FEEDBACK	1
1271274074371	0	RECOG_PRES	1	ZUCCHINI	1638	-999	P	1125
1271274075868	0	RECOG_CR_PRES	1	ZUCCHINI	1638	-999	P	123
1271274076393	1	RECOG_FEEDBACK	1
1271274077176	0	RECOG_PRES	1	CATTLE	261	-999	P	888
1271274078432	0	RECOG_CR_PRES	1	CATTLE	261	-999	P	160
1271274078989	1	RECOG_FEEDBACK	1
1271274079756	0	RECOG_PRES	1	MASK	876	-999	P	916
1271274081046	0	RECOG_CR_PRES	1	MASK	876	-999	P	114
1271274081554	1	RECOG_FEEDBACK	1
1271274082353	0	RECOG_PRES	1	MOON	914	-999	P	872
1271274083593	0	RECOG_CR_PRES	1	MOON	914	-999	P	151
1271274084159	1	RECOG_FEEDBACK	1
1271274085491	0	REST
1271274086439	1	REC_START
1271274086465	0	RECOG_PRES	2	STAIRS	1367	-999	P	1438
1271274088271	0	RECOG_CR_PRES	2	STAIRS	1367	-999	P	153
1271274088820	1	RECOG_FEEDBACK	1
1271274089536	0	RECOG_PRES	2	CLAW	319	-999	P	1784
1271274091692	0	RECOG_CR_PRES	2	CLAW	319	-999	P	259
1271274092466	1	RECOG_FEEDBACK	1
1271274093199	0	RECOG_PRES	2	CRICKET	408	-999	P	962
1271274094530	0	RECOG_CR_PRES	2	CRICKET	408	-999	P	94
1271274095005	1	RECOG_FEEDBACK	1
1271274095721	0	RECOG_PRES	2	TABLE	1426	-999	P	704
1271274096794	0	RECOG_CR_PRES	2	TABLE	1426	-999	P	173
1271274097335	1	RECOG_FEEDBACK	0
1271274098076	0	RECOG_PRES	2	CARNIVAL	245	-999	P	1021
1271274099466	0	RECOG_CR_PRES	2	CARNIVAL	245	-999	P	302
1271274100165	1	RECOG_FEEDBACK	1
1271274100963	0	RECOG_PRES	2	LUGGAGE	847	-999	P	1222
1271274102554	0	RECOG_CR_PRES	2	LUGGAGE	847	-999	P	86
1271274103079	1	RECOG_FEEDBACK	1
1271274103852	0	RECOG_PRES	2	TURNIP	1521	-999	P	821
1271274105043	0	RECOG_CR_PRES	2	TURNIP	1521	-999	P	77
1271274105493	1	RECOG_FEEDBACK	1
1271274106283	0	RECOG_PRES	2	MICROSCOPE	891	-999	P	1014
1271274107665	0	RECOG_CR_PRES	2	MICROSCOPE	891	-999	P	1190
1271274109255	1	RECOG_FEEDBACK	0
1271274109970	0	RECOG_PRES	2	PLAQUE	1084	-999	P	1143
1271274111486	0	RECOG_CR_PRES	2	PLAQUE	1084	-999	P	138
1271274112018	1	RECOG_FEEDBACK	1
1271274112751	0	RECOG_PRES	2	RIVER	1194	-999	P	1025
1271274114149	0	RECOG_CR_PRES	2	RIVER	1194	-999	P	179
1271274114715	1	RECOG_FEEDBACK	1
1271274115464	0	RECOG_PRES	2	ICEBERG	731	-999	P	1049
1271274116887	0	RECOG_CR_PRES	2	ICEBERG	731	-999	P	145
1271274117437	1	RECOG_FEEDBACK	1
1271274118203	0	RECOG_PRES	2	HEAD	695	-999	P	2245
1271274120816	0	RECOG_CR_PRES	2	HEAD	695	-999	P	256
1271274121490	1	RECOG_FEEDBACK	0
1271274122206	0	RECOG_PRES	2	BIBLE	124	-999	P	1178
1271274123754	0	RECOG_CR_PRES	2	BIBLE	124	-999	P	125
1271274124296	1	RECOG_FEEDBACK	0
1271274125020	0	RECOG_PRES	2	TRIANGLE	1504	-999	P	1835
1271274127217	0	RECOG_CR_PRES	2	TRIANGLE	1504	-999	P	183
1271274127808	1	RECOG_FEEDBACK	1
1271274128582	0	RECOG_PRES	2	WHISKERS	1605	-999	P	1947
1271274130903	0	RECOG_CR_PRES	2	WHISKERS	1605	-999	P	153
1271274131504	1	RECOG_FEEDBACK	1
1271274132311	0	RECOG_PRES	2	PARROT	1015	-999	P	954
1271274133635	0	RECOG_CR_PRES	2	PARROT	1015	-999	P	204
1271274134226	1	RECOG_FEEDBACK	1
1271274134965	0	RECOG_PRES	2	PERISCOPE	1050	-999	P	899
1271274136232	0	RECOG_CR_PRES	2	PERISCOPE	1050	-999	P	168
1271274136781	1	RECOG_FEEDBACK	1
1271274137497	0	RECOG_PRES	2	CUE	422	-999	P	1080
1271274138944	0	RECOG_CR_PRES	2	CUE	422	-999	P	152
1271274139511	1	RECOG_FEEDBACK	1
1271274140260	0	RECOG_PRES	2	THERMOMETER	1453	-999	P	1036
1271274141667	0	RECOG_CR_PRES	2	THERMOMETER	1453	-999	P	141
1271274142183	1	RECOG_FEEDBACK	1
1271274142956	0	RECOG_PRES	2	UNIVERSE	1540	-999	P	955
1271274144280	0	RECOG_CR_PRES	2	UNIVERSE	1540	-999	P	400
1271274145080	1	RECOG_FEEDBACK	1
1271274146403	0	REST
1271274147415	1	REC_START
1271274147443	0	RECOG_PRES	3	AIRCRAFT	11	-999	P	1420
1271274149225	0	RECOG_CR_PRES	3	AIRCRAFT	11	-999	P	111
1271274149832	1	RECOG_FEEDBACK	0
1271274150590	0	RECOG_PRES	3	COLOGNE	347	-999	P	995
1271274151954	0	RECOG_CR_PRES	3	COLOGNE	347	-999	P	94
1271274152446	1	RECOG_FEEDBACK	1
1271274153203	0	RECOG_PRES	3	COUNTY	389	-999	P	788
1271274154360	0	RECOG_CR_PRES	3	COUNTY	389	-999	P	96
1271274154826	1	RECOG_FEEDBACK	1
1271274155609	0	RECOG_PRES	3	CARROT	249	-999	P	888
1271274156865	0	RECOG_CR_PRES	3	CARROT	249	-999	P	303
1271274157565	1	RECOG_FEEDBACK	1
1271274158281	0	RECOG_PRES	3	CHAUFFEUR	283	-999	P	1064
1271274159712	0	RECOG_CR_PRES	3	CHAUFFEUR	283	-999	P	239
1271274160370	1	RECOG_FEEDBACK	1
1271274161086	0	RECOG_PRES	3	SILK	1307	-999	P	1547
1271274163000	0	RECOG_CR_PRES	3	SILK	1307	-999	P	104
1271274163508	1	RECOG_FEEDBACK	0
1271274164265	0	RECOG_PRES	3	TWISTER	1530	-999	P	1016
1271274165656	0	RECOG_CR_PRES	3	TWISTER	1530	-999	P	191
1271274166230	1	RECOG_FEEDBACK	1
1271274167004	0	RECOG_PRES	3	SYRUP	1425	-999	P	972
1271274168344	0	RECOG_CR_PRES	3	SYRUP	1425	-999	P	176
1271274168892	1	RECOG_FEEDBACK	1
1271274169618	0	RECOG_PRES	3	SWORD	1423	-999	P	326
1271274170317	0	RECOG_CR_PRES	3	SWORD	1423	-999	P	876
1271274171499	1	RECOG_FEEDBACK	-1
1271274172289	0	RECOG_PRES	3	ANIMAL	23	-999	P	3032
1271274175694	0	RECOG_CR_PRES	3	ANIMAL	23	-999	P	193
1271274176484	1	RECOG_FEEDBACK	1
1271274177242	0	RECOG_PRES	3	PUMP	1141	-999	P	2391
1271274180005	0	RECOG_CR_PRES	3	PUMP	1141	-999	P	251
1271274180763	1	RECOG_FEEDBACK	1
1271274181512	0	RECOG_PRES	3	BUTLER	204	-999	P	905
1271274182786	0	RECOG_CR_PRES	3	BUTLER	204	-999	P	117
1271274183268	1	RECOG_FEEDBACK	1
1271274184076	0	RECOG_PRES	3	TECHNICIAN	1443	-999	P	1156
1271274185607	0	RECOG_CR_PRES	3	TECHNICIAN	1443	-999	P	360
1271274186365	1	RECOG_FEEDBACK	1
1271274187114	0	RECOG_PRES	3	APPLICATION	34	-999	P	2063
1271274189553	0	RECOG_CR_PRES	3	APPLICATION	34	-999	P	167
1271274190143	1	RECOG_FEEDBACK	0
1271274190925	0	RECOG_PRES	3	DUMP	505	-999	P	860
1271274192158	0	RECOG_CR_PRES	3	DUMP	505	-999	P	194
1271274192724	1	RECOG_FEEDBACK	1
1271274193531	0	RECOG_PRES	3	TUBE	1516	-999	P	966
1271274194870	0	RECOG_CR_PRES	3	TUBE	1516	-999	P	162
1271274195421	1	RECOG_FEEDBACK	1
1271274196203	0	RECOG_PRES	3	MINK	897	-999	P	1030
1271274197602	0	RECOG_CR_PRES	3	MINK	897	-999	P	182
1271274198176	1	RECOG_FEEDBACK	1
1271274198982	0	RECOG_PRES	3	BULLET	194	-999	P	1002
1271274200357	0	RECOG_CR_PRES	3	BULLET	194	-999	P	195
1271274200955	1	RECOG_FEEDBACK	1
1271274201763	0	RECOG_PRES	3	THRONE	1461	-999	P	1045
1271274203178	0	RECOG_CR_PRES	3	THRONE	1461	-999	P	190
1271274203761	1	RECOG_FEEDBACK	1
1271274204527	0	RECOG_PRES	3	HOOP	716	-999	P	841
1271274205767	0	RECOG_CR_PRES	3	HOOP	716	-999	P	72
1271274206225	1	RECOG_FEEDBACK	1
1271274211219	0	REST
1271274212115	1	REC_START
1271274212143	0	RECOG_PRES	4	VAMPIRE	1547	-999	P	922
1271274213433	0	RECOG_CR_PRES	4	VAMPIRE	1547	-999	P	295
1271274214249	1	RECOG_FEEDBACK	-1
1271274215039	0	RECOG_PRES	4	MONARCH	906	-999	P	1434
1271274216845	0	RECOG_CR_PRES	4	MONARCH	906	-999	P	203
1271274217470	1	RECOG_FEEDBACK	0
1271274218194	0	RECOG_PRES	4	LIGHTER	819	-999	P	3007
1271274221573	0	RECOG_CR_PRES	4	LIGHTER	819	-999	P	330
1271274222514	1	RECOG_FEEDBACK	0
1271274223296	0	RECOG_PRES	4	PONY	1102	-999	P	1089
1271274224753	0	RECOG_CR_PRES	4	PONY	1102	-999	P	198
1271274225369	1	RECOG_FEEDBACK	1
1271274226135	0	RECOG_PRES	4	ORGAN	984	-999	P	962
1271274227467	0	RECOG_CR_PRES	4	ORGAN	984	-999	P	189
1271274228058	1	RECOG_FEEDBACK	1
1271274228839	0	RECOG_PRES	4	PASTRY	1022	-999	P	970
1271274230180	0	RECOG_CR_PRES	4	PASTRY	1022	-999	P	132
1271274230713	1	RECOG_FEEDBACK	1
1271274231429	0	RECOG_PRES	4	BANK	83	-999	P	2819
1271274234617	0	RECOG_CR_PRES	4	BANK	83	-999	P	230
1271274235457	1	RECOG_FEEDBACK	1
1271274236265	0	RECOG_PRES	4	COD	340	-999	P	912
1271274237546	0	RECOG_CR_PRES	4	COD	340	-999	P	182
1271274238112	1	RECOG_FEEDBACK	1
1271274238828	0	RECOG_PRES	4	POND	1101	-999	P	821
1271274240019	0	RECOG_CR_PRES	4	POND	1101	-999	P	197
1271274240601	1	RECOG_FEEDBACK	1
1271274241384	0	RECOG_PRES	4	OFFICE	972	-999	P	905
1271274242657	0	RECOG_CR_PRES	4	OFFICE	972	-999	P	103
1271274243148	1	RECOG_FEEDBACK	1
1271274243880	0	RECOG_PRES	4	PROFESSIONAL	1130	-999	P	945
1271274245188	0	RECOG_CR_PRES	4	PROFESSIONAL	1130	-999	P	164
1271274245745	1	RECOG_FEEDBACK	1
1271274246528	0	RECOG_PRES	4	WHEEL	1603	-999	P	953
1271274247850	0	RECOG_CR_PRES	4	WHEEL	1603	-999	P	117
1271274248367	1	RECOG_FEEDBACK	1
1271274249141	0	RECOG_PRES	4	COCKTAIL	338	-999	P	875
1271274250390	0	RECOG_CR_PRES	4	COCKTAIL	338	-999	P	146
1271274250930	1	RECOG_FEEDBACK	0
1271274251705	0	RECOG_PRES	4	SHINGLE	1285	-999	P	1528
1271274253603	0	RECOG_CR_PRES	4	SHINGLE	1285	-999	P	141
1271274254169	1	RECOG_FEEDBACK	1
1271274254933	0	RECOG_PRES	4	SEAGULL	1261	-999	P	884
1271274256183	0	RECOG_CR_PRES	4	SEAGULL	1261	-999	P	185
1271274256757	1	RECOG_FEEDBACK	1
1271274257531	0	RECOG_PRES	4	DONOR	485	-999	P	989
1271274258896	0	RECOG_CR_PRES	4	DONOR	485	-999	P	144
1271274259429	1	RECOG_FEEDBACK	1
1271274260187	0	RECOG_PRES	4	FUDGE	611	-999	P	1094
1271274261652	0	RECOG_CR_PRES	4	FUDGE	611	-999	P	132
1271274262209	1	RECOG_FEEDBACK	1
1271274262932	0	RECOG_PRES	4	OCEAN	970	-999	P	1293
1271274264598	0	RECOG_CR_PRES	4	OCEAN	970	-999	P	186
1271274265197	1	RECOG_FEEDBACK	1
1271274265937	0	RECOG_PRES	4	ORCHESTRA	981	-999	P	768
1271274267079	0	RECOG_CR_PRES	4	ORCHESTRA	981	-999	P	113
1271274267578	1	RECOG_FEEDBACK	1
1271274268335	0	RECOG_PRES	4	LETTUCE	814	-999	P	673
1271274269384	0	RECOG_CR_PRES	4	LETTUCE	814	-999	P	104
1271274269866	1	RECOG_FEEDBACK	1
1271274271157	0	REST
1271274272043	1	REC_START
1271274272073	0	RECOG_PRES	5	VAGRANT	1544	-999	P	1008
1271274273455	0	RECOG_CR_PRES	5	VAGRANT	1544	-999	P	121
1271274273936	1	RECOG_FEEDBACK	1
1271274274670	0	RECOG_PRES	5	ICING	732	-999	P	1114
1271274276160	0	RECOG_CR_PRES	5	ICING	732	-999	P	136
1271274276676	1	RECOG_FEEDBACK	1
1271274277408	0	RECOG_PRES	5	LEOPARD	812	-999	P	865
1271274278648	0	RECOG_CR_PRES	5	LEOPARD	812	-999	P	104
1271274279148	1	RECOG_FEEDBACK	1
1271274279896	0	RECOG_PRES	5	DRESS	495	-999	P	929
1271274281187	0	RECOG_CR_PRES	5	DRESS	495	-999	P	141
1271274281753	1	RECOG_FEEDBACK	1
1271274282544	0	RECOG_PRES	5	NIGHTGOWN	953	-999	P	984
1271274283900	0	RECOG_CR_PRES	5	NIGHTGOWN	953	-999	P	108
1271274284408	1	RECOG_FEEDBACK	1
1271274285207	0	RECOG_PRES	5	CELLO	268	-999	P	808
1271274286414	0	RECOG_CR_PRES	5	CELLO	268	-999	P	106
1271274286896	1	RECOG_FEEDBACK	1
1271274287663	0	RECOG_PRES	5	BEET	115	-999	P	817
1271274288852	0	RECOG_CR_PRES	5	BEET	115	-999	P	27
1271274289269	1	RECOG_FEEDBACK	1
1271274289984	0	RECOG_PRES	5	FOOT	590	-999	P	824
1271274291184	0	RECOG_CR_PRES	5	FOOT	590	-999	P	232
1271274291808	1	RECOG_FEEDBACK	0
1271274292524	0	RECOG_PRES	5	DASHBOARD	441	-999	P	1069
1271274293963	0	RECOG_CR_PRES	5	DASHBOARD	441	-999	P	189
1271274294596	1	RECOG_FEEDBACK	1
1271274295379	0	RECOG_PRES	5	TELESCOPE	1446	-999	P	909
1271274296661	0	RECOG_CR_PRES	5	TELESCOPE	1446	-999	P	234
1271274297293	1	RECOG_FEEDBACK	0
1271274298026	0	RECOG_PRES	5	CYCLONE	431	-999	P	1047
1271274299441	0	RECOG_CR_PRES	5	CYCLONE	431	-999	P	143
1271274299989	1	RECOG_FEEDBACK	1
1271274300706	0	RECOG_PRES	5	KNIGHT	786	-999	P	838
1271274301912	0	RECOG_CR_PRES	5	KNIGHT	786	-999	P	153
1271274302446	1	RECOG_FEEDBACK	1
1271274303203	0	RECOG_PRES	5	CANE	231	-999	P	966
1271274304543	0	RECOG_CR_PRES	5	CANE	231	-999	P	145
1271274305109	1	RECOG_FEEDBACK	0
1271274305841	0	RECOG_PRES	5	CHEEK	287	-999	P	1063
1271274307265	0	RECOG_CR_PRES	5	CHEEK	287	-999	P	143
1271274307814	1	RECOG_FEEDBACK	1
1271274308530	0	RECOG_PRES	5	PUBLICATION	1136	-999	P	1103
1271274310003	0	RECOG_CR_PRES	5	PUBLICATION	1136	-999	P	182
1271274310594	1	RECOG_FEEDBACK	1
1271274311377	0	RECOG_PRES	5	TOE	1473	-999	P	912
1271274312659	0	RECOG_CR_PRES	5	TOE	1473	-999	P	220
1271274313275	1	RECOG_FEEDBACK	1
1271274313989	0	RECOG_PRES	5	LADY	794	-999	P	892
1271274315281	0	RECOG_CR_PRES	5	LADY	794	-999	P	263
1271274315929	1	RECOG_FEEDBACK	1
1271274316637	0	RECOG_PRES	5	COUNTRY	388	-999	P	884
1271274317893	0	RECOG_CR_PRES	5	COUNTRY	388	-999	P	195
1271274318502	1	RECOG_FEEDBACK	0
1271274319284	0	RECOG_PRES	5	STAPLER	1372	-999	P	2877
1271274322530	0	RECOG_CR_PRES	5	STAPLER	1372	-999	P	254
1271274323421	1	RECOG_FEEDBACK	-1
1271274324220	0	RECOG_PRES	5	PIER	1063	-999	P	1069
1271274325660	0	RECOG_CR_PRES	5	PIER	1063	-999	P	235
1271274326309	1	RECOG_FEEDBACK	1
1271274330638	0	REST
1271274331789	1	REC_START
1271274331820	0	RECOG_PRES	6	PREDATOR	1120	-999	P	885
1271274333077	0	RECOG_CR_PRES	6	PREDATOR	1120	-999	P	227
1271274333684	1	RECOG_FEEDBACK	1
1271274334475	0	RECOG_PRES	6	WALLET	1583	-999	P	870
1271274335715	0	RECOG_CR_PRES	6	WALLET	1583	-999	P	180
1271274336314	1	RECOG_FEEDBACK	0
1271274337030	0	RECOG_PRES	6	DILL	465	-999	P	938
1271274338329	0	RECOG_CR_PRES	6	DILL	465	-999	P	231
1271274338960	1	RECOG_FEEDBACK	1
1271274339677	0	RECOG_PRES	6	ATLAS	53	-999	P	1812
1271274341857	0	RECOG_CR_PRES	6	ATLAS	53	-999	P	159
1271274342441	1	RECOG_FEEDBACK	1
1271274343156	0	RECOG_PRES	6	DORM	488	-999	P	933
1271274344463	0	RECOG_CR_PRES	6	DORM	488	-999	P	121
1271274344970	1	RECOG_FEEDBACK	1
1271274345712	0	RECOG_PRES	6	ARM	38	-999	P	921
1271274347002	0	RECOG_CR_PRES	6	ARM	38	-999	P	150
1271274347576	1	RECOG_FEEDBACK	0
1271274348309	0	RECOG_PRES	6	CELERY	266	-999	P	956
1271274349640	0	RECOG_CR_PRES	6	CELERY	266	-999	P	239
1271274350265	1	RECOG_FEEDBACK	0
1271274350988	0	RECOG_PRES	6	FIDDLE	561	-999	P	1765
1271274353128	0	RECOG_CR_PRES	6	FIDDLE	561	-999	P	112
1271274353652	1	RECOG_FEEDBACK	1
1271274354385	0	RECOG_PRES	6	ROOSTER	1209	-999	P	2912
1271274357664	0	RECOG_CR_PRES	6	ROOSTER	1209	-999	P	128
1271274358339	1	RECOG_FEEDBACK	0
1271274359096	0	RECOG_PRES	6	CREAM	402	-999	P	929
1271274360395	0	RECOG_CR_PRES	6	CREAM	402	-999	P	133
1271274360910	1	RECOG_FEEDBACK	1
1271274361701	0	RECOG_PRES	6	OATS	968	-999	P	884
1271274362957	0	RECOG_CR_PRES	6	OATS	968	-999	P	243
1271274363582	1	RECOG_FEEDBACK	1
1271274364307	0	RECOG_PRES	6	CANAL	226	-999	P	1054
1271274365730	0	RECOG_CR_PRES	6	CANAL	226	-999	P	229
1271274366363	1	RECOG_FEEDBACK	1
1271274367078	0	RECOG_PRES	6	TOOTHPASTE	1483	-999	P	1371
1271274368818	0	RECOG_CR_PRES	6	TOOTHPASTE	1483	-999	P	182
1271274369409	1	RECOG_FEEDBACK	1
1271274370133	0	RECOG_PRES	6	ASHTRAY	45	-999	P	835
1271274371332	0	RECOG_CR_PRES	6	ASHTRAY	45	-999	P	164
1271274371913	1	RECOG_FEEDBACK	1
1271274372672	0	RECOG_PRES	6	JURY	766	-999	P	1577
1271274374620	0	RECOG_CR_PRES	6	JURY	766	-999	P	164
1271274375194	1	RECOG_FEEDBACK	1
1271274376001	0	RECOG_PRES	6	MUMMY	932	-999	P	927
1271274377291	0	RECOG_CR_PRES	6	MUMMY	932	-999	P	181
1271274377865	1	RECOG_FEEDBACK	1
1271274378607	0	RECOG_PRES	6	CUP	424	-999	P	1146
1271274380121	0	RECOG_CR_PRES	6	CUP	424	-999	P	167
1271274380687	1	RECOG_FEEDBACK	1
1271274381478	0	RECOG_PRES	6	COIN	343	-999	P	1011
1271274382859	0	RECOG_CR_PRES	6	COIN	343	-999	P	197
1271274383459	1	RECOG_FEEDBACK	1
1271274384208	0	RECOG_PRES	6	SOAP	1337	-999	P	1177
1271274385757	0	RECOG_CR_PRES	6	SOAP	1337	-999	P	106
1271274386364	1	RECOG_FEEDBACK	0
1271274387122	0	RECOG_PRES	6	MEAL	882	-999	P	1111
1271274388603	0	RECOG_CR_PRES	6	MEAL	882	-999	P	205
1271274389211	1	RECOG_FEEDBACK	1
1271274390609	0	REST
1271274391712	1	REC_START
1271274391741	0	RECOG_PRES	7	HAIL	676	-999	P	1099
1271274393215	0	RECOG_CR_PRES	7	HAIL	676	-999	P	121
1271274393731	1	RECOG_FEEDBACK	1
1271274394471	0	RECOG_PRES	7	TABLET	1427	-999	P	762
1271274395603	0	RECOG_CR_PRES	7	TABLET	1427	-999	P	252
1271274396244	1	RECOG_FEEDBACK	1
1271274396984	0	RECOG_PRES	7	PADDLE	1000	-999	P	1033
1271274398392	0	RECOG_CR_PRES	7	PADDLE	1000	-999	P	1016
1271274399832	1	RECOG_FEEDBACK	0
1271274400581	0	RECOG_PRES	7	MILITARY	894	-999	P	1828
1271274402778	0	RECOG_CR_PRES	7	MILITARY	894	-999	P	141
1271274403336	1	RECOG_FEEDBACK	1
1271274404077	0	RECOG_PRES	7	SPINACH	1352	-999	P	865
1271274405334	0	RECOG_CR_PRES	7	SPINACH	1352	-999	P	170
1271274405899	1	RECOG_FEEDBACK	1
1271274406682	0	RECOG_PRES	7	KLEENEX	782	-999	P	903
1271274407955	0	RECOG_CR_PRES	7	KLEENEX	782	-999	P	221
1271274408572	1	RECOG_FEEDBACK	1
1271274409321	0	RECOG_PRES	7	NOOSE	956	-999	P	912
1271274410603	0	RECOG_CR_PRES	7	NOOSE	956	-999	P	125
1271274411144	1	RECOG_FEEDBACK	1
1271274411858	0	RECOG_PRES	7	WAITRESS	1581	-999	P	879
1271274413108	0	RECOG_CR_PRES	7	WAITRESS	1581	-999	P	356
1271274413864	1	RECOG_FEEDBACK	1
1271274414598	0	RECOG_PRES	7	BRIDGE	174	-999	P	1027
1271274415995	0	RECOG_CR_PRES	7	BRIDGE	174	-999	P	157
1271274416529	1	RECOG_FEEDBACK	1
1271274417286	0	RECOG_PRES	7	MISTER	901	-999	P	1011
1271274418668	0	RECOG_CR_PRES	7	MISTER	901	-999	P	148
1271274419209	1	RECOG_FEEDBACK	1
1271274420008	0	RECOG_PRES	7	TEENAGER	1444	-999	P	864
1271274421248	0	RECOG_CR_PRES	7	TEENAGER	1444	-999	P	136
1271274421798	1	RECOG_FEEDBACK	1
1271274422588	0	RECOG_PRES	7	TRIGGER	1507	-999	P	1284
1271274424237	0	RECOG_CR_PRES	7	TRIGGER	1507	-999	P	107
1271274424852	1	RECOG_FEEDBACK	0
1271274425610	0	RECOG_PRES	7	FAN	551	-999	P	1919
1271274427898	0	RECOG_CR_PRES	7	FAN	551	-999	P	246
1271274428557	1	RECOG_FEEDBACK	1
1271274429356	0	RECOG_PRES	7	ISLAND	745	-999	P	1077
1271274430804	0	RECOG_CR_PRES	7	ISLAND	745	-999	P	260
1271274431461	1	RECOG_FEEDBACK	1
1271274432194	0	RECOG_PRES	7	RECORD	1176	-999	P	903
1271274433467	0	RECOG_CR_PRES	7	RECORD	1176	-999	P	141
1271274434025	1	RECOG_FEEDBACK	1
1271274434783	0	RECOG_PRES	7	PUCK	1138	-999	P	946
1271274436098	0	RECOG_CR_PRES	7	PUCK	1138	-999	P	190
1271274436705	1	RECOG_FEEDBACK	1
1271274437471	0	RECOG_PRES	7	COW	393	-999	P	1369
1271274439202	0	RECOG_CR_PRES	7	COW	393	-999	P	374
1271274439976	1	RECOG_FEEDBACK	1
1271274440751	0	RECOG_PRES	7	CALF	222	-999	P	954
1271274442074	0	RECOG_CR_PRES	7	CALF	222	-999	P	222
1271274442715	1	RECOG_FEEDBACK	0
1271274443439	0	RECOG_PRES	7	FLOWER	584	-999	P	1650
1271274445462	0	RECOG_CR_PRES	7	FLOWER	584	-999	P	186
1271274446128	1	RECOG_FEEDBACK	0
1271274446909	0	RECOG_PRES	7	ITEM	746	-999	P	1164
1271274448442	0	RECOG_CR_PRES	7	ITEM	746	-999	P	158
1271274448998	1	RECOG_FEEDBACK	1
1271274450589	0	REST
1271274451658	1	REC_START
1271274451688	0	RECOG_PRES	8	CANYON	235	-999	P	1425
1271274453486	0	RECOG_CR_PRES	8	CANYON	235	-999	P	154
1271274454168	1	RECOG_FEEDBACK	0
1271274454975	0	RECOG_PRES	8	COLESLAW	344	-999	P	969
1271274456307	0	RECOG_CR_PRES	8	COLESLAW	344	-999	P	173
1271274456864	1	RECOG_FEEDBACK	1
1271274457606	0	RECOG_PRES	8	CARAVAN	242	-999	P	1674
1271274459662	0	RECOG_CR_PRES	8	CARAVAN	242	-999	P	281
1271274460386	1	RECOG_FEEDBACK	1
1271274461193	0	RECOG_PRES	8	CANVAS	234	-999	P	1312
1271274462874	0	RECOG_CR_PRES	8	CANVAS	234	-999	P	198
1271274463482	1	RECOG_FEEDBACK	1
1271274464206	0	RECOG_PRES	8	HERO	706	-999	P	987
1271274465563	0	RECOG_CR_PRES	8	HERO	706	-999	P	141
1271274466088	1	RECOG_FEEDBACK	1
1271274466803	0	RECOG_PRES	8	BEAVER	109	-999	P	1294
1271274468468	0	RECOG_CR_PRES	8	BEAVER	109	-999	P	140
1271274469009	1	RECOG_FEEDBACK	1
1271274469775	0	RECOG_PRES	8	WASHER	1592	-999	P	1042
1271274471190	0	RECOG_CR_PRES	8	WASHER	1592	-999	P	66
1271274471648	1	RECOG_FEEDBACK	1
1271274472389	0	RECOG_PRES	8	CAPITAL	238	-999	P	1212
1271274473969	0	RECOG_CR_PRES	8	CAPITAL	238	-999	P	279
1271274474686	1	RECOG_FEEDBACK	0
1271274475410	0	RECOG_PRES	8	BUTCHER	203	-999	P	1055
1271274476832	0	RECOG_CR_PRES	8	BUTCHER	203	-999	P	151
1271274477374	1	RECOG_FEEDBACK	1
1271274478149	0	RECOG_PRES	8	TEAPOT	1442	-999	P	860
1271274479380	0	RECOG_CR_PRES	8	TEAPOT	1442	-999	P	284
1271274480063	1	RECOG_FEEDBACK	1
1271274480878	0	RECOG_PRES	8	DOG	480	-999	P	1291
1271274482543	0	RECOG_CR_PRES	8	DOG	480	-999	P	129
1271274483101	1	RECOG_FEEDBACK	1
1271274483883	0	RECOG_PRES	8	HEADBAND	696	-999	P	870
1271274485124	0	RECOG_CR_PRES	8	HEADBAND	696	-999	P	108
1271274485640	1	RECOG_FEEDBACK	1
1271274486347	0	RECOG_PRES	8	BINDER	127	-999	P	934
1271274487654	0	RECOG_CR_PRES	8	BINDER	127	-999	P	185
1271274488220	1	RECOG_FEEDBACK	1
1271274488985	0	RECOG_PRES	8	PICNIC	1060	-999	P	735
1271274490093	0	RECOG_CR_PRES	8	PICNIC	1060	-999	P	115
1271274490609	1	RECOG_FEEDBACK	1
1271274491366	0	RECOG_PRES	8	MANAGER	863	-999	P	931
1271274492665	0	RECOG_CR_PRES	8	MANAGER	863	-999	P	63
1271274493114	1	RECOG_FEEDBACK	1
1271274493904	0	RECOG_PRES	8	LIME	823	-999	P	713
1271274494986	0	RECOG_CR_PRES	8	LIME	823	-999	P	86
1271274495453	1	RECOG_FEEDBACK	1
1271274496227	0	RECOG_PRES	8	MOOSE	915	-999	P	782
1271274497384	0	RECOG_CR_PRES	8	MOOSE	915	-999	P	104
1271274497874	1	RECOG_FEEDBACK	1
1271274498600	0	RECOG_PRES	8	GREASE	660	-999	P	874
1271274499872	0	RECOG_CR_PRES	8	GREASE	660	-999	P	7
1271274500289	1	RECOG_FEEDBACK	1
1271274501088	0	RECOG_PRES	8	CAULIFLOWER	262	-999	P	1513
1271274502969	0	RECOG_CR_PRES	8	CAULIFLOWER	262	-999	P	207
1271274503727	1	RECOG_FEEDBACK	0
1271274504543	0	RECOG_PRES	8	MERMAID	887	-999	P	1050
1271274505965	0	RECOG_CR_PRES	8	MERMAID	887	-999	P	107
1271274506465	1	RECOG_FEEDBACK	1
1271274507929	0	REST
1271274508801	1	REC_START
1271274508829	0	RECOG_PRES	9	REEF	1177	-999	P	1059
1271274510253	0	RECOG_CR_PRES	9	REEF	1177	-999	P	51
1271274510677	1	RECOG_FEEDBACK	1
1271274511451	0	RECOG_PRES	9	BROCCOLI	176	-999	P	878
1271274512700	0	RECOG_CR_PRES	9	BROCCOLI	176	-999	P	44
1271274513133	1	RECOG_FEEDBACK	1
1271274513864	0	RECOG_PRES	9	MOSQUITO	917	-999	P	769
1271274515005	0	RECOG_CR_PRES	9	MOSQUITO	917	-999	P	83
1271274515480	1	RECOG_FEEDBACK	1
1271274516196	0	RECOG_PRES	9	WINGS	1614	-999	P	613
1271274517178	0	RECOG_CR_PRES	9	WINGS	1614	-999	P	78
1271274517602	1	RECOG_FEEDBACK	1
1271274518360	0	RECOG_PRES	9	VILLAGE	1566	-999	P	705
1271274519434	0	RECOG_CR_PRES	9	VILLAGE	1566	-999	P	78
1271274519915	1	RECOG_FEEDBACK	1
1271274520699	0	RECOG_PRES	9	FIELD	562	-999	P	734
1271274521806	0	RECOG_CR_PRES	9	FIELD	562	-999	P	122
1271274522314	1	RECOG_FEEDBACK	1
1271274523079	0	RECOG_PRES	9	SUBMARINE	1398	-999	P	682
1271274524145	0	RECOG_CR_PRES	9	SUBMARINE	1398	-999	P	15
1271274524536	1	RECOG_FEEDBACK	1
1271274525310	0	RECOG_PRES	9	FACTORY	548	-999	P	507
1271274526184	0	RECOG_CR_PRES	9	FACTORY	548	-999	P	432
1271274526957	1	RECOG_FEEDBACK	0
1271274527682	0	RECOG_PRES	9	NICOTINE	951	-999	P	875
1271274528963	0	RECOG_CR_PRES	9	NICOTINE	951	-999	P	69
1271274529414	1	RECOG_FEEDBACK	1
1271274530188	0	RECOG_PRES	9	CARDINAL	244	-999	P	957
1271274531520	0	RECOG_CR_PRES	9	CARDINAL	244	-999	P	9
1271274531935	1	RECOG_FEEDBACK	1
1271274532735	0	RECOG_PRES	9	BIRD	129	-999	P	1418
1271274534524	0	RECOG_CR_PRES	9	BIRD	129	-999	P	52
1271274535074	1	RECOG_FEEDBACK	1
1271274535863	0	RECOG_PRES	9	COSTUME	383	-999	P	690
1271274536920	0	RECOG_CR_PRES	9	COSTUME	383	-999	P	23
1271274537313	1	RECOG_FEEDBACK	0
1271274538095	0	RECOG_PRES	9	BLOCKADE	137	-999	P	2170
1271274540634	0	RECOG_CR_PRES	9	BLOCKADE	137	-999	P	38
1271274541075	1	RECOG_FEEDBACK	0
1271274541824	0	RECOG_PRES	9	BEARD	107	-999	P	1104
1271274543289	0	RECOG_CR_PRES	9	BEARD	107	-999	P	47
1271274543705	1	RECOG_FEEDBACK	0
1271274544513	0	RECOG_PRES	9	SHELF	1280	-999	P	2632
1271274547517	0	RECOG_CR_PRES	9	SHELF	1280	-999	P	163
1271274548125	1	RECOG_FEEDBACK	1
1271274548881	0	RECOG_PRES	9	BUSH	202	-999	P	951
1271274550198	0	RECOG_CR_PRES	9	BUSH	202	-999	P	90
1271274550680	1	RECOG_FEEDBACK	0
1271274551463	0	RECOG_PRES	9	FRIEND	606	-999	P	1018
1271274552852	0	RECOG_CR_PRES	9	FRIEND	606	-999	P	123
1271274553369	1	RECOG_FEEDBACK	1
1271274554176	0	RECOG_PRES	9	PORT	1110	-999	P	1696
1271274556241	0	RECOG_CR_PRES	9	PORT	1110	-999	P	63
1271274556856	1	RECOG_FEEDBACK	1
1271274557589	0	RECOG_PRES	9	PILL	1068	-999	P	924
1271274558887	0	RECOG_CR_PRES	9	PILL	1068	-999	P	64
1271274559354	1	RECOG_FEEDBACK	0
1271274560078	0	RECOG_PRES	9	IGLOO	734	-999	P	882
1271274561326	0	RECOG_CR_PRES	9	IGLOO	734	-999	P	99
1271274561776	1	RECOG_FEEDBACK	1
1271274563083	0	REST
1271274563951	1	REC_START
1271274563981	0	RECOG_PRES	10	WIDOW	1608	-999	P	969
1271274565347	0	RECOG_CR_PRES	10	WIDOW	1608	-999	P	125
1271274565862	1	RECOG_FEEDBACK	1
1271274566612	0	RECOG_PRES	10	LONDON	843	-999	P	1260
1271274568235	0	RECOG_CR_PRES	10	LONDON	843	-999	P	157
1271274568958	1	RECOG_FEEDBACK	0
1271274569758	0	RECOG_PRES	10	LAWYER	806	-999	P	2499
1271274572630	0	RECOG_CR_PRES	10	LAWYER	806	-999	P	202
1271274573762	1	RECOG_FEEDBACK	-1
1271274574519	0	RECOG_PRES	10	CHEMICAL	291	-999	P	1465
1271274576359	0	RECOG_CR_PRES	10	CHEMICAL	291	-999	P	329
1271274577058	1	RECOG_FEEDBACK	1
1271274577856	0	RECOG_PRES	10	SHOELACE	1289	-999	P	2481
1271274580712	0	RECOG_CR_PRES	10	SHOELACE	1289	-999	P	183
1271274581336	1	RECOG_FEEDBACK	1
1271274582085	0	RECOG_PRES	10	PLUMBER	1091	-999	P	835
1271274583284	0	RECOG_CR_PRES	10	PLUMBER	1091	-999	P	101
1271274583783	1	RECOG_FEEDBACK	1
1271274584499	0	RECOG_PRES	10	WAX	1597	-999	P	798
1271274585665	0	RECOG_CR_PRES	10	WAX	1597	-999	P	136
1271274586189	1	RECOG_FEEDBACK	1
1271274586995	0	RECOG_PRES	10	SWAN	1417	-999	P	1158
1271274588528	0	RECOG_CR_PRES	10	SWAN	1417	-999	P	136
1271274589061	1	RECOG_FEEDBACK	1
1271274589776	0	RECOG_PRES	10	TURKEY	1520	-999	P	809
1271274590957	0	RECOG_CR_PRES	10	TURKEY	1520	-999	P	131
1271274591474	1	RECOG_FEEDBACK	1
1271274592240	0	RECOG_PRES	10	WAVE	1596	-999	P	648
1271274593256	0	RECOG_CR_PRES	10	WAVE	1596	-999	P	64
1271274593705	1	RECOG_FEEDBACK	1
1271274594454	0	RECOG_PRES	10	YARN	1631	-999	P	1027
1271274595852	0	RECOG_CR_PRES	10	YARN	1631	-999	P	532
1271274596785	1	RECOG_FEEDBACK	1
1271274597517	0	RECOG_PRES	10	NOTE	958	-999	P	964
1271274598848	0	RECOG_CR_PRES	10	NOTE	958	-999	P	47
1271274599299	1	RECOG_FEEDBACK	1
1271274600081	0	RECOG_PRES	10	GENERAL	630	-999	P	920
1271274601371	0	RECOG_CR_PRES	10	GENERAL	630	-999	P	358
1271274602162	1	RECOG_FEEDBACK	1
1271274602968	0	RECOG_PRES	10	MICROWAVE	892	-999	P	793
1271274604135	0	RECOG_CR_PRES	10	MICROWAVE	892	-999	P	153
1271274604659	1	RECOG_FEEDBACK	1
1271274605383	0	RECOG_PRES	10	ROSE	1212	-999	P	938
1271274606690	0	RECOG_CR_PRES	10	ROSE	1212	-999	P	165
1271274607239	1	RECOG_FEEDBACK	1
1271274608038	0	RECOG_PRES	10	LITTER	832	-999	P	1043
1271274609453	0	RECOG_CR_PRES	10	LITTER	832	-999	P	99
1271274609927	1	RECOG_FEEDBACK	0
1271274610669	0	RECOG_PRES	10	CITRUS	313	-999	P	804
1271274611841	0	RECOG_CR_PRES	10	CITRUS	313	-999	P	143
1271274612367	1	RECOG_FEEDBACK	1
1271274613157	0	RECOG_PRES	10	LAKE	796	-999	P	715
1271274614239	0	RECOG_CR_PRES	10	LAKE	796	-999	P	130
1271274614739	1	RECOG_FEEDBACK	1
1271274615546	0	RECOG_PRES	10	BEAST	108	-999	P	959
1271274616877	0	RECOG_CR_PRES	10	BEAST	108	-999	P	99
1271274617419	1	RECOG_FEEDBACK	1
1271274618177	0	RECOG_PRES	10	RANCH	1166	-999	P	849
1271274619425	0	RECOG_CR_PRES	10	RANCH	1166	-999	P	71
1271274619890	1	RECOG_FEEDBACK	1
1271274621223	0	REST
1271274622344	1	REC_START
1271274622372	0	RECOG_PRES	11	DRUM	502	-999	P	821
1271274623562	0	RECOG_CR_PRES	11	DRUM	502	-999	P	127
1271274624061	1	RECOG_FEEDBACK	1
1271274624827	0	RECOG_PRES	11	CANDY	230	-999	P	894
1271274626092	0	RECOG_CR_PRES	11	CANDY	230	-999	P	69
1271274626558	1	RECOG_FEEDBACK	1
1271274627299	0	RECOG_PRES	11	EMERALD	528	-999	P	838
1271274628506	0	RECOG_CR_PRES	11	EMERALD	528	-999	P	215
1271274629122	1	RECOG_FEEDBACK	1
1271274629928	0	RECOG_PRES	11	CANARY	227	-999	P	1177
1271274631478	0	RECOG_CR_PRES	11	CANARY	227	-999	P	322
1271274632268	1	RECOG_FEEDBACK	1
1271274633034	0	RECOG_PRES	11	PLUM	1090	-999	P	1479
1271274634881	0	RECOG_CR_PRES	11	PLUM	1090	-999	P	335
1271274635773	1	RECOG_FEEDBACK	1
1271274636563	0	RECOG_PRES	11	AUDIENCE	59	-999	P	1142
1271274638078	0	RECOG_CR_PRES	11	AUDIENCE	59	-999	P	219
1271274638752	1	RECOG_FEEDBACK	1
1271274639493	0	RECOG_PRES	11	TYPEWRITER	1531	-999	P	796
1271274640659	0	RECOG_CR_PRES	11	TYPEWRITER	1531	-999	P	196
1271274641225	1	RECOG_FEEDBACK	1
1271274641981	0	RECOG_PRES	11	TIE	1466	-999	P	652
1271274643006	0	RECOG_CR_PRES	11	TIE	1466	-999	P	99
1271274643505	1	RECOG_FEEDBACK	1
1271274644221	0	RECOG_PRES	11	FIST	572	-999	P	852
1271274645445	0	RECOG_CR_PRES	11	FIST	572	-999	P	83
1271274645918	1	RECOG_FEEDBACK	1
1271274646652	0	RECOG_PRES	11	LAWN	805	-999	P	653
1271274647675	0	RECOG_CR_PRES	11	LAWN	805	-999	P	406
1271274648466	1	RECOG_FEEDBACK	0
1271274649240	0	RECOG_PRES	11	LIGHTNING	820	-999	P	1025
1271274650639	0	RECOG_CR_PRES	11	LIGHTNING	820	-999	P	97
1271274651096	1	RECOG_FEEDBACK	1
1271274651836	0	RECOG_PRES	11	VINEGAR	1569	-999	P	1140
1271274653344	0	RECOG_CR_PRES	11	VINEGAR	1569	-999	P	96
1271274653892	1	RECOG_FEEDBACK	1
1271274654650	0	RECOG_PRES	11	QUAIL	1147	-999	P	1286
1271274656299	0	RECOG_CR_PRES	11	QUAIL	1147	-999	P	548
1271274657239	1	RECOG_FEEDBACK	1
1271274658022	0	RECOG_PRES	11	PATIENT	1024	-999	P	930
1271274659320	0	RECOG_CR_PRES	11	PATIENT	1024	-999	P	185
1271274659885	1	RECOG_FEEDBACK	1
1271274660685	0	RECOG_PRES	11	NEWSSTAND	949	-999	P	1124
1271274662183	0	RECOG_CR_PRES	11	NEWSSTAND	949	-999	P	130
1271274662691	1	RECOG_FEEDBACK	0
1271274663440	0	RECOG_PRES	11	DRUG	501	-999	P	1761
1271274665571	0	RECOG_CR_PRES	11	DRUG	501	-999	P	109
1271274666104	1	RECOG_FEEDBACK	1
1271274666835	0	RECOG_PRES	11	BATTERY	101	-999	P	958
1271274668168	0	RECOG_CR_PRES	11	BATTERY	101	-999	P	113
1271274668659	1	RECOG_FEEDBACK	1
1271274669467	0	RECOG_PRES	11	CUBE	420	-999	P	1799
1271274671664	0	RECOG_CR_PRES	11	CUBE	420	-999	P	240
1271274672546	1	RECOG_FEEDBACK	0
1271274673270	0	RECOG_PRES	11	ROOST	1208	-999	P	1267
1271274674917	0	RECOG_CR_PRES	11	ROOST	1208	-999	P	139
1271274675468	1	RECOG_FEEDBACK	1
1271274676234	0	RECOG_PRES	11	TOOTH	1481	-999	P	1071
1271274677674	0	RECOG_CR_PRES	11	TOOTH	1481	-999	P	173
1271274678248	1	RECOG_FEEDBACK	1
1271274679713	0	REST
1271274680667	1	REC_START
1271274680695	0	RECOG_PRES	12	CAMERA	224	-999	P	1265
1271274682327	0	RECOG_CR_PRES	12	CAMERA	224	-999	P	210
1271274683001	1	RECOG_FEEDBACK	0
1271274683775	0	RECOG_PRES	12	CEREAL	272	-999	P	914
1271274685057	0	RECOG_CR_PRES	12	CEREAL	272	-999	P	144
1271274685581	1	RECOG_FEEDBACK	1
1271274686314	0	RECOG_PRES	12	PHYSICIAN	1056	-999	P	874
1271274687587	0	RECOG_CR_PRES	12	PHYSICIAN	1056	-999	P	222
1271274688211	1	RECOG_FEEDBACK	1
1271274688935	0	RECOG_PRES	12	BEGGAR	117	-999	P	1065
1271274690375	0	RECOG_CR_PRES	12	BEGGAR	117	-999	P	138
1271274690891	1	RECOG_FEEDBACK	1
1271274691607	0	RECOG_PRES	12	HANDKERCHIEF	686	-999	P	1074
1271274693056	0	RECOG_CR_PRES	12	HANDKERCHIEF	686	-999	P	168
1271274693613	1	RECOG_FEEDBACK	1
1271274694412	0	RECOG_PRES	12	VIKING	1565	-999	P	1093
1271274695876	0	RECOG_CR_PRES	12	VIKING	1565	-999	P	108
1271274696377	1	RECOG_FEEDBACK	0
1271274697151	0	RECOG_PRES	12	PRINCESS	1125	-999	P	1074
1271274698599	0	RECOG_CR_PRES	12	PRINCESS	1125	-999	P	233
1271274699257	1	RECOG_FEEDBACK	0
1271274700056	0	RECOG_PRES	12	BANDANNA	80	-999	P	1305
1271274701729	0	RECOG_CR_PRES	12	BANDANNA	80	-999	P	230
1271274702395	1	RECOG_FEEDBACK	1
1271274703169	0	RECOG_PRES	12	INVENTOR	743	-999	P	1064
1271274704601	0	RECOG_CR_PRES	12	INVENTOR	743	-999	P	192
1271274705325	1	RECOG_FEEDBACK	1
1271274706132	0	RECOG_PRES	12	SENATE	1267	-999	P	917
1271274707422	0	RECOG_CR_PRES	12	SENATE	1267	-999	P	227
1271274708030	1	RECOG_FEEDBACK	1
1271274708771	0	RECOG_PRES	12	EMPEROR	529	-999	P	1125
1271274710261	0	RECOG_CR_PRES	12	EMPEROR	529	-999	P	147
1271274710859	1	RECOG_FEEDBACK	1
1271274711584	0	RECOG_PRES	12	DAISY	435	-999	P	809
1271274712766	0	RECOG_CR_PRES	12	DAISY	435	-999	P	178
1271274713332	1	RECOG_FEEDBACK	1
1271274714131	0	RECOG_PRES	12	HANGER	687	-999	P	1142
1271274715646	0	RECOG_CR_PRES	12	HANGER	687	-999	P	171
1271274716254	1	RECOG_FEEDBACK	0
1271274717053	0	RECOG_PRES	12	CAPTIVE	240	-999	P	1076
1271274718501	0	RECOG_CR_PRES	12	CAPTIVE	240	-999	P	220
1271274719100	1	RECOG_FEEDBACK	1
1271274719832	0	RECOG_PRES	12	SIGN	1305	-999	P	1096
1271274721289	0	RECOG_CR_PRES	12	SIGN	1305	-999	P	208
1271274721921	1	RECOG_FEEDBACK	1
1271274722646	0	RECOG_PRES	12	CHICKEN	297	-999	P	1306
1271274724319	0	RECOG_CR_PRES	12	CHICKEN	297	-999	P	258
1271274725060	1	RECOG_FEEDBACK	1
1271274725826	0	RECOG_PRES	12	WORKER	1621	-999	P	1191
1271274727391	0	RECOG_CR_PRES	12	WORKER	1621	-999	P	97
1271274727881	1	RECOG_FEEDBACK	0
1271274728672	0	RECOG_PRES	12	CLASS	318	-999	P	1129
1271274730171	0	RECOG_CR_PRES	12	CLASS	318	-999	P	206
1271274730778	1	RECOG_FEEDBACK	1
1271274731561	0	RECOG_PRES	12	HEN	703	-999	P	1448
1271274733384	0	RECOG_CR_PRES	12	HEN	703	-999	P	160
1271274734049	1	RECOG_FEEDBACK	1
1271274734782	0	RECOG_PRES	12	OUTDOORS	987	-999	P	867
1271274736022	0	RECOG_CR_PRES	12	OUTDOORS	987	-999	P	131
1271274736522	1	RECOG_FEEDBACK	0
1271274738220	0	REST
1271274739225	1	REC_START
1271274739252	0	RECOG_PRES	13	CARRIAGE	248	-999	P	1261
1271274740882	0	RECOG_CR_PRES	13	CARRIAGE	248	-999	P	127
1271274741391	1	RECOG_FEEDBACK	1
1271274742148	0	RECOG_PRES	13	CATHEDRAL	260	-999	P	1261
1271274743780	0	RECOG_CR_PRES	13	CATHEDRAL	260	-999	P	148
1271274744321	1	RECOG_FEEDBACK	1
1271274745087	0	RECOG_PRES	13	BRANDY	169	-999	P	769
1271274746219	0	RECOG_CR_PRES	13	BRANDY	169	-999	P	54
1271274746643	1	RECOG_FEEDBACK	1
1271274747375	0	RECOG_PRES	13	RADISH	1158	-999	P	682
1271274748433	0	RECOG_CR_PRES	13	RADISH	1158	-999	P	184
1271274748981	1	RECOG_FEEDBACK	1
1271274749739	0	RECOG_PRES	13	COMMUNITY	356	-999	P	1070
1271274751179	0	RECOG_CR_PRES	13	COMMUNITY	356	-999	P	142
1271274751770	1	RECOG_FEEDBACK	1
1271274752519	0	RECOG_PRES	13	VENUS	1557	-999	P	698
1271274753585	0	RECOG_CR_PRES	13	VENUS	1557	-999	P	104
1271274754059	1	RECOG_FEEDBACK	1
1271274754775	0	RECOG_PRES	13	TRIBE	1505	-999	P	891
1271274756065	0	RECOG_CR_PRES	13	TRIBE	1505	-999	P	120
1271274756581	1	RECOG_FEEDBACK	0
1271274757330	0	RECOG_PRES	13	TOOTHBRUSH	1482	-999	P	927
1271274758629	0	RECOG_CR_PRES	13	TOOTHBRUSH	1482	-999	P	172
1271274759203	1	RECOG_FEEDBACK	0
1271274759951	0	RECOG_PRES	13	SADDLE	1221	-999	P	1578
1271274761899	0	RECOG_CR_PRES	13	SADDLE	1221	-999	P	92
1271274762483	1	RECOG_FEEDBACK	1
1271274763265	0	RECOG_PRES	13	SIREN	1310	-999	P	1472
1271274765105	0	RECOG_CR_PRES	13	SIREN	1310	-999	P	176
1271274765679	1	RECOG_FEEDBACK	1
1271274766412	0	RECOG_PRES	13	PUPPY	1144	-999	P	901
1271274767693	0	RECOG_CR_PRES	13	PUPPY	1144	-999	P	1251
1271274769325	1	RECOG_FEEDBACK	1
1271274770066	0	RECOG_PRES	13	BOXER	160	-999	P	1679
1271274772113	0	RECOG_CR_PRES	13	BOXER	160	-999	P	111
1271274772729	1	RECOG_FEEDBACK	1
1271274773503	0	RECOG_PRES	13	JACKET	747	-999	P	938
1271274774810	0	RECOG_CR_PRES	13	JACKET	747	-999	P	174
1271274775368	1	RECOG_FEEDBACK	1
1271274776100	0	RECOG_PRES	13	WASHCLOTH	1591	-999	P	941
1271274777415	0	RECOG_CR_PRES	13	WASHCLOTH	1591	-999	P	138
1271274777922	1	RECOG_FEEDBACK	1
1271274778656	0	RECOG_PRES	13	NECK	939	-999	P	1041
1271274780071	0	RECOG_CR_PRES	13	NECK	939	-999	P	114
1271274780553	1	RECOG_FEEDBACK	1
1271274781319	0	RECOG_PRES	13	STAKE	1368	-999	P	1601
1271274783284	0	RECOG_CR_PRES	13	STAKE	1368	-999	P	245
1271274783957	1	RECOG_FEEDBACK	1
1271274784732	0	RECOG_PRES	13	BRUISE	180	-999	P	877
1271274785979	0	RECOG_CR_PRES	13	BRUISE	180	-999	P	262
1271274786613	1	RECOG_FEEDBACK	1
1271274787329	0	RECOG_PRES	13	CRUMB	416	-999	P	1064
1271274788760	0	RECOG_CR_PRES	13	CRUMB	416	-999	P	88
1271274789227	1	RECOG_FEEDBACK	1
1271274789966	0	RECOG_PRES	13	THIGH	1457	-999	P	763
1271274791099	0	RECOG_CR_PRES	13	THIGH	1457	-999	P	126
1271274791599	1	RECOG_FEEDBACK	1
1271274792373	0	RECOG_PRES	13	FIG	563	-999	P	868
1271274793613	0	RECOG_CR_PRES	13	FIG	563	-999	P	148
1271274794138	1	RECOG_FEEDBACK	1
1271274795777	0	REST
1271274796738	1	REC_START
1271274796768	0	RECOG_PRES	14	SUITCASE	1403	-999	P	1160
1271274798291	0	RECOG_CR_PRES	14	SUITCASE	1403	-999	P	286
1271274798972	1	RECOG_FEEDBACK	0
1271274799731	0	RECOG_PRES	14	CENT	270	-999	P	822
1271274800920	0	RECOG_CR_PRES	14	CENT	270	-999	P	193
1271274801496	1	RECOG_FEEDBACK	1
1271274802270	0	RECOG_PRES	14	CLOUD	328	-999	P	755
1271274803393	0	RECOG_CR_PRES	14	CLOUD	328	-999	P	192
1271274803975	1	RECOG_FEEDBACK	1
1271274804758	0	RECOG_PRES	14	PEPPER	1047	-999	P	1114
1271274806240	0	RECOG_CR_PRES	14	PEPPER	1047	-999	P	161
1271274806905	1	RECOG_FEEDBACK	0
1271274807705	0	RECOG_PRES	14	CHIEF	298	-999	P	1344
1271274809420	0	RECOG_CR_PRES	14	CHIEF	298	-999	P	189
1271274810111	1	RECOG_FEEDBACK	1
1271274810884	0	RECOG_PRES	14	DINNER	468	-999	P	1084
1271274812333	0	RECOG_CR_PRES	14	DINNER	468	-999	P	84
1271274812824	1	RECOG_FEEDBACK	1
1271274813598	0	RECOG_PRES	14	PHOTO	1055	-999	P	627
1271274814597	0	RECOG_CR_PRES	14	PHOTO	1055	-999	P	68
1271274815046	1	RECOG_FEEDBACK	1
1271274815820	0	RECOG_PRES	14	DRINK	498	-999	P	2181
1271274818376	0	RECOG_CR_PRES	14	DRINK	498	-999	P	81
1271274818991	1	RECOG_FEEDBACK	1
1271274819766	0	RECOG_PRES	14	TURTLE	1522	-999	P	731
1271274820864	0	RECOG_CR_PRES	14	TURTLE	1522	-999	P	153
1271274821397	1	RECOG_FEEDBACK	1
1271274822146	0	RECOG_PRES	14	BANJO	82	-999	P	750
1271274823262	0	RECOG_CR_PRES	14	BANJO	82	-999	P	83
1271274823728	1	RECOG_FEEDBACK	1
1271274824494	0	RECOG_PRES	14	GHETTO	633	-999	P	835
1271274825701	0	RECOG_CR_PRES	14	GHETTO	633	-999	P	139
1271274826200	1	RECOG_FEEDBACK	0
1271274826990	0	RECOG_PRES	14	LEADER	807	-999	P	1107
1271274828472	0	RECOG_CR_PRES	14	LEADER	807	-999	P	97
1271274828996	1	RECOG_FEEDBACK	0
1271274829779	0	RECOG_PRES	14	ELECTRICIAN	521	-999	P	1046
1271274831186	0	RECOG_CR_PRES	14	ELECTRICIAN	521	-999	P	103
1271274831685	1	RECOG_FEEDBACK	1
1271274832451	0	RECOG_PRES	14	FRIAR	605	-999	P	958
1271274833783	0	RECOG_CR_PRES	14	FRIAR	605	-999	P	65
1271274834249	1	RECOG_FEEDBACK	1
1271274835031	0	RECOG_PRES	14	FROST	609	-999	P	929
1271274836322	0	RECOG_CR_PRES	14	FROST	609	-999	P	127
1271274836845	1	RECOG_FEEDBACK	1
1271274837553	0	RECOG_PRES	14	PEACH	1031	-999	P	928
1271274838851	0	RECOG_CR_PRES	14	PEACH	1031	-999	P	190
1271274839418	1	RECOG_FEEDBACK	1
1271274840225	0	RECOG_PRES	14	EMPLOYEE	531	-999	P	1352
1271274841947	0	RECOG_CR_PRES	14	EMPLOYEE	531	-999	P	206
1271274842548	1	RECOG_FEEDBACK	0
1271274843363	0	RECOG_PRES	14	MICROPHONE	890	-999	P	1126
1271274844861	0	RECOG_CR_PRES	14	MICROPHONE	890	-999	P	148
1271274845419	1	RECOG_FEEDBACK	1
1271274846168	0	RECOG_PRES	14	DAUGHTER	442	-999	P	1009
1271274847550	0	RECOG_CR_PRES	14	DAUGHTER	442	-999	P	59
1271274848024	1	RECOG_FEEDBACK	1
1271274848749	0	RECOG_PRES	14	GLACIER	638	-999	P	980
1271274850097	0	RECOG_CR_PRES	14	GLACIER	638	-999	P	168
1271274850638	1	RECOG_FEEDBACK	0
1271274855008	0	REST
1271274855828	1	REC_START
1271274855856	0	RECOG_PRES	15	SHIP	1286	-999	P	971
1271274857214	0	RECOG_CR_PRES	15	SHIP	1286	-999	P	163
1271274857755	1	RECOG_FEEDBACK	1
1271274858521	0	RECOG_PRES	15	APARTMENT	30	-999	P	832
1271274859728	0	RECOG_CR_PRES	15	APARTMENT	30	-999	P	297
1271274860393	1	RECOG_FEEDBACK	0
1271274861159	0	RECOG_PRES	15	RADIO	1157	-999	P	986
1271274862516	0	RECOG_CR_PRES	15	RADIO	1157	-999	P	117
1271274863007	1	RECOG_FEEDBACK	0
1271274863814	0	RECOG_PRES	15	FATHER	554	-999	P	1219
1271274865404	0	RECOG_CR_PRES	15	FATHER	554	-999	P	133
1271274865969	1	RECOG_FEEDBACK	1
1271274866728	0	RECOG_PRES	15	WARRIOR	1589	-999	P	761
1271274867859	0	RECOG_CR_PRES	15	WARRIOR	1589	-999	P	158
1271274868376	1	RECOG_FEEDBACK	1
1271274869100	0	RECOG_PRES	15	SCREEN	1253	-999	P	965
1271274870440	0	RECOG_CR_PRES	15	SCREEN	1253	-999	P	145
1271274870972	1	RECOG_FEEDBACK	1
1271274871738	0	RECOG_PRES	15	BLANKET	135	-999	P	807
1271274872919	0	RECOG_CR_PRES	15	BLANKET	135	-999	P	154
1271274873461	1	RECOG_FEEDBACK	1
1271274874236	0	RECOG_PRES	15	SNACK	1331	-999	P	1061
1271274875667	0	RECOG_CR_PRES	15	SNACK	1331	-999	P	205
1271274876250	1	RECOG_FEEDBACK	1
1271274877032	0	RECOG_PRES	15	ATTIRE	57	-999	P	1065
1271274878472	0	RECOG_CR_PRES	15	ATTIRE	57	-999	P	121
1271274879005	1	RECOG_FEEDBACK	1
1271274879754	0	RECOG_PRES	15	SPRINKLE	1359	-999	P	887
1271274881011	0	RECOG_CR_PRES	15	SPRINKLE	1359	-999	P	1502
1271274882891	1	RECOG_FEEDBACK	0
1271274883600	0	RECOG_PRES	15	LADDER	793	-999	P	1873
1271274885846	0	RECOG_CR_PRES	15	LADDER	793	-999	P	251
1271274886513	1	RECOG_FEEDBACK	0
1271274887279	0	RECOG_PRES	15	SPHINX	1349	-999	P	1018
1271274888669	0	RECOG_CR_PRES	15	SPHINX	1349	-999	P	195
1271274889276	1	RECOG_FEEDBACK	1
1271274890042	0	RECOG_PRES	15	SNAIL	1332	-999	P	967
1271274891382	0	RECOG_CR_PRES	15	SNAIL	1332	-999	P	179
1271274891939	1	RECOG_FEEDBACK	1
1271274892647	0	RECOG_PRES	15	DENTIST	447	-999	P	1026
1271274894046	0	RECOG_CR_PRES	15	DENTIST	447	-999	P	147
1271274894603	1	RECOG_FEEDBACK	1
1271274895327	0	RECOG_PRES	15	FLEET	578	-999	P	883
1271274896609	0	RECOG_CR_PRES	15	FLEET	578	-999	P	271
1271274897284	1	RECOG_FEEDBACK	1
1271274898083	0	RECOG_PRES	15	CHEF	290	-999	P	837
1271274899290	0	RECOG_CR_PRES	15	CHEF	290	-999	P	143
1271274899838	1	RECOG_FEEDBACK	1
1271274900571	0	RECOG_PRES	15	NOMAD	955	-999	P	942
1271274901885	0	RECOG_CR_PRES	15	NOMAD	955	-999	P	132
1271274902419	1	RECOG_FEEDBACK	1
1271274903143	0	RECOG_PRES	15	EGG	518	-999	P	785
1271274904292	0	RECOG_CR_PRES	15	EGG	518	-999	P	277
1271274904974	1	RECOG_FEEDBACK	1
1271274905724	0	RECOG_PRES	15	PATROL	1027	-999	P	917
1271274907014	0	RECOG_CR_PRES	15	PATROL	1027	-999	P	123
1271274907538	1	RECOG_FEEDBACK	1
1271274908337	0	RECOG_PRES	15	THICKET	1455	-999	P	1848
1271274910560	0	RECOG_CR_PRES	15	THICKET	1455	-999	P	265
1271274911267	1	RECOG_FEEDBACK	0
1271274912087	0	RECOG_END
1271274921197	0	SESS_END
1271274921235	0	E	Logging Ends
