1279816272347	0	B	Logging Begins
1279816272348	0	SESS_START	20
1279816306744	1	FR_PRES	0	SHIP	1286	0	1	667	(0.57740000000000002, 0.41289999999999999, 1.0)	../fonts/amplitud.ttf	lower
1279816310577	1	FR_PRES	0	SAILOR	1223	0	1	946	(0.57740000000000002, 0.41289999999999999, 1.0)	../fonts/amplitud.ttf	lower
1279816314685	1	FR_PRES	0	BOOTH	151	0	0	1519	(0.57740000000000002, 0.41289999999999999, 1.0)	../fonts/amplitud.ttf	lower
1279816318493	1	FR_PRES	0	TYPIST	1532	0	1	1758	(0.57740000000000002, 0.41289999999999999, 1.0)	../fonts/amplitud.ttf	lower
1279816322685	1	FR_PRES	0	ARTERY	41	0	1	1790	(0.57740000000000002, 0.41289999999999999, 1.0)	../fonts/amplitud.ttf	lower
1279816326526	1	FR_PRES	0	LEAF	808	1	0	1133	(0.42259999999999998, 0.58709999999999996, 0)	../fonts/zerothre.ttf	upper
1279816330576	1	FR_PRES	0	FURNITURE	616	1	0	1468	(0.42259999999999998, 0.58709999999999996, 0)	../fonts/zerothre.ttf	upper
1279816334567	1	FR_PRES	0	LENS	811	1	0	1060	(0.42259999999999998, 0.58709999999999996, 0)	../fonts/zerothre.ttf	upper
1279816338659	1	FR_PRES	0	EYELASH	546	0	0	1872	(0.57740000000000002, 0.41289999999999999, 1.0)	../fonts/amplitud.ttf	lower
1279816342675	1	FR_PRES	0	LEMON	810	0	1	2072	(0.57740000000000002, 0.41289999999999999, 1.0)	../fonts/amplitud.ttf	lower
1279816346500	1	FR_PRES	0	PEACH	1031	0	0	1616	(0.57740000000000002, 0.41289999999999999, 1.0)	../fonts/amplitud.ttf	lower
1279816350349	1	FR_PRES	0	MINT	898	1	0	1446	(0.42259999999999998, 0.58709999999999996, 0)	../fonts/zerothre.ttf	upper
1279816354291	1	FR_PRES	0	PRINCE	1124	1	1	1080	(0.42259999999999998, 0.58709999999999996, 0)	../fonts/zerothre.ttf	upper
1279816358290	1	FR_PRES	0	FUNGUS	614	1	0	1513	(0.42259999999999998, 0.58709999999999996, 0)	../fonts/zerothre.ttf	upper
1279816362223	1	FR_PRES	0	OFFICE	972	1	0	1564	(0.42259999999999998, 0.58709999999999996, 0)	../fonts/zerothre.ttf	upper
1279816366232	1	FR_PRES	0	MAPLE	866	1	0	1027	(0.42259999999999998, 0.58709999999999996, 0)	../fonts/zerothre.ttf	upper
1279816371865	1	REC_START
1279816389864	30	REJECT
1279816390651	0	REJECT
1279816391643	0	REJECT
1279816392659	0	REJECT
1279816394148	0	REJECT
1279816395052	0	REJECT
1279816396044	0	REJECT
1279816396931	0	REJECT
1279816397923	0	REJECT
1279816398931	0	REJECT
1279816400004	0	REJECT
1279816400827	0	REJECT
1279816401864	29	REJECT
1279816402779	0	REJECT
1279816403747	0	REJECT
1279816404763	0	REJECT
1279816448559	0	REST
1279816450060	1	FR_PRES	1	PORK	1108	1	0	1000	(0.42259999999999998, 0.58709999999999996, 0)	../fonts/zerothre.ttf	upper
1279816453983	1	FR_PRES	1	OATS	968	1	0	1292	(0.42259999999999998, 0.58709999999999996, 0)	../fonts/zerothre.ttf	upper
1279816457958	1	FR_PRES	1	MAMMAL	861	1	1	1150	(0.42259999999999998, 0.58709999999999996, 0)	../fonts/zerothre.ttf	upper
1279816461974	1	FR_PRES	1	LAKE	796	0	0	1645	(0.57740000000000002, 0.41289999999999999, 1.0)	../fonts/amplitud.ttf	lower
1279816465882	1	FR_PRES	1	FLIPPER	580	0	1	1601	(0.57740000000000002, 0.41289999999999999, 1.0)	../fonts/amplitud.ttf	lower
1279816469857	1	FR_PRES	1	PURSE	1145	1	0	1826	(0.42259999999999998, 0.58709999999999996, 0)	../fonts/zerothre.ttf	upper
1279816473757	1	FR_PRES	1	HANDBAG	684	1	0	1014	(0.42259999999999998, 0.58709999999999996, 0)	../fonts/zerothre.ttf	upper
1279816477790	1	FR_PRES	1	CINNAMON	310	0	0	1605	(0.57740000000000002, 0.41289999999999999, 1.0)	../fonts/amplitud.ttf	lower
1279816481948	1	FR_PRES	1	WOLF	1619	0	1	1192	(0.57740000000000002, 0.41289999999999999, 1.0)	../fonts/amplitud.ttf	lower
1279816485789	1	FR_PRES	1	BONE	148	0	0	1662	(0.57740000000000002, 0.41289999999999999, 1.0)	../fonts/amplitud.ttf	lower
1279816489981	1	FR_PRES	1	CRAB	397	0	1	1710	(0.57740000000000002, 0.41289999999999999, 1.0)	../fonts/amplitud.ttf	lower
1279816494123	1	FR_PRES	1	GRAPE	654	0	1	1680	(0.57740000000000002, 0.41289999999999999, 1.0)	../fonts/amplitud.ttf	lower
1279816498238	1	FR_PRES	1	DOLPHIN	483	0	1	1701	(0.57740000000000002, 0.41289999999999999, 1.0)	../fonts/amplitud.ttf	lower
1279816502246	1	FR_PRES	1	CAFETERIA	217	1	0	1549	(0.42259999999999998, 0.58709999999999996, 0)	../fonts/zerothre.ttf	upper
1279816506304	1	FR_PRES	1	LID	817	1	0	2307	(0.42259999999999998, 0.58709999999999996, 0)	../fonts/zerothre.ttf	upper
1279816510205	1	FR_PRES	1	OZONE	996	1	0	1799	(0.42259999999999998, 0.58709999999999996, 0)	../fonts/zerothre.ttf	upper
1279816515954	1	REC_START
1279816557355	0	REJECT
1279816558108	0	REJECT
1279816560827	0	REJECT
1279816561803	0	REJECT
1279816563108	0	REJECT
1279816565100	0	REJECT
1279816568843	0	REJECT
1279816569739	0	REJECT
1279816570691	0	REJECT
1279816572012	0	REJECT
1279816578108	0	REJECT
1279816579020	0	REJECT
1279816579843	0	REJECT
1279816597456	0	REST
1279816598964	1	FR_PRES	2	POLYESTER	1100	0	0	919	(0.57740000000000002, 0.41289999999999999, 1.0)	../fonts/amplitud.ttf	lower
1279816602864	1	FR_PRES	2	MOAT	903	0	0	1771	(0.57740000000000002, 0.41289999999999999, 1.0)	../fonts/amplitud.ttf	lower
1279816606747	1	FR_PRES	2	PAD	998	0	0	1441	(0.57740000000000002, 0.41289999999999999, 1.0)	../fonts/amplitud.ttf	lower
1279816610730	1	FR_PRES	2	LIMOUSINE	824	0	1	721	(0.57740000000000002, 0.41289999999999999, 1.0)	../fonts/amplitud.ttf	lower
1279816614696	1	FR_PRES	2	SPARROW	1347	0	0	1763	(0.57740000000000002, 0.41289999999999999, 1.0)	../fonts/amplitud.ttf	lower
1279816618654	1	FR_PRES	2	FUGITIVE	612	1	1	1494	(0.42259999999999998, 0.58709999999999996, 0)	../fonts/zerothre.ttf	upper
1279816622496	1	FR_PRES	2	BANDIT	81	1	1	947	(0.42259999999999998, 0.58709999999999996, 0)	../fonts/zerothre.ttf	upper
1279816626479	1	FR_PRES	2	ARMY	39	1	1	1300	(0.42259999999999998, 0.58709999999999996, 0)	../fonts/zerothre.ttf	upper
1279816630520	1	FR_PRES	2	STRAWBERRY	1391	1	0	1267	(0.42259999999999998, 0.58709999999999996, 0)	../fonts/zerothre.ttf	upper
1279816634645	1	FR_PRES	2	SHORTCAKE	1292	1	0	1582	(0.42259999999999998, 0.58709999999999996, 0)	../fonts/zerothre.ttf	upper
1279816638553	1	FR_PRES	2	SUBURB	1399	0	1	1930	(0.57740000000000002, 0.41289999999999999, 1.0)	../fonts/amplitud.ttf	lower
1279816642702	1	FR_PRES	2	CITIZEN	312	0	1	1181	(0.57740000000000002, 0.41289999999999999, 1.0)	../fonts/amplitud.ttf	lower
1279816646702	1	FR_PRES	2	HOOD	714	0	0	1749	(0.57740000000000002, 0.41289999999999999, 1.0)	../fonts/amplitud.ttf	lower
1279816650669	1	FR_PRES	2	BLOUSE	139	1	0	2294	(0.42259999999999998, 0.58709999999999996, 0)	../fonts/zerothre.ttf	upper
1279816654851	1	FR_PRES	2	DIARY	460	1	0	1233	(0.42259999999999998, 0.58709999999999996, 0)	../fonts/zerothre.ttf	upper
1279816659019	1	FR_PRES	2	BROOK	177	1	0	1648	(0.42259999999999998, 0.58709999999999996, 0)	../fonts/zerothre.ttf	upper
1279816664818	1	REC_START
1279816699004	0	REJECT
1279816699763	0	REJECT
1279816700955	0	REJECT
1279816702076	0	REJECT
1279816702817	30	REJECT
1279816703817	30	REJECT
1279816704731	0	REJECT
1279816706180	0	REJECT
1279816707108	0	REJECT
1279816708084	0	REJECT
1279816709116	0	REJECT
1279816709971	0	REJECT
1279816710955	0	REJECT
1279816711915	0	REJECT
1279816713044	0	REJECT
1279816714172	0	REJECT
1279816742004	0	REST
1279816743512	1	FR_PRES	3	CHIEF	298	1	1	1147	(0.42259999999999998, 0.58709999999999996, 0)	../fonts/zerothre.ttf	upper
1279816747345	1	FR_PRES	3	FORT	595	1	0	1410	(0.42259999999999998, 0.58709999999999996, 0)	../fonts/zerothre.ttf	upper
1279816751361	1	FR_PRES	3	CONSOLE	364	1	0	1610	(0.42259999999999998, 0.58709999999999996, 0)	../fonts/zerothre.ttf	upper
1279816755519	1	FR_PRES	3	RAT	1169	1	0	1252	(0.42259999999999998, 0.58709999999999996, 0)	../fonts/zerothre.ttf	upper
1279816759352	1	FR_PRES	3	PUMP	1141	1	1	1283	(0.42259999999999998, 0.58709999999999996, 0)	../fonts/zerothre.ttf	upper
1279816763527	1	FR_PRES	3	CHAUFFEUR	283	1	1	1501	(0.42259999999999998, 0.58709999999999996, 0)	../fonts/zerothre.ttf	upper
1279816767726	1	FR_PRES	3	CONVICT	371	1	1	1294	(0.42259999999999998, 0.58709999999999996, 0)	../fonts/zerothre.ttf	upper
1279816771926	1	FR_PRES	3	OAR	966	1	0	1949	(0.42259999999999998, 0.58709999999999996, 0)	../fonts/zerothre.ttf	upper
1279816775893	1	FR_PRES	3	BRIDGE	174	1	0	1982	(0.42259999999999998, 0.58709999999999996, 0)	../fonts/zerothre.ttf	upper
1279816780051	1	FR_PRES	3	TIDE	1465	1	0	1576	(0.42259999999999998, 0.58709999999999996, 0)	../fonts/zerothre.ttf	upper
1279816784093	1	FR_PRES	3	PRISON	1127	1	0	1158	(0.42259999999999998, 0.58709999999999996, 0)	../fonts/zerothre.ttf	upper
1279816788283	1	FR_PRES	3	TELEVISION	1447	1	0	1745	(0.42259999999999998, 0.58709999999999996, 0)	../fonts/zerothre.ttf	upper
1279816792475	1	FR_PRES	3	KITTEN	780	1	0	1448	(0.42259999999999998, 0.58709999999999996, 0)	../fonts/zerothre.ttf	upper
1279816796591	1	FR_PRES	3	GROUND	666	1	0	1100	(0.42259999999999998, 0.58709999999999996, 0)	../fonts/zerothre.ttf	upper
1279816800732	1	FR_PRES	3	HOME	712	1	0	1127	(0.42259999999999998, 0.58709999999999996, 0)	../fonts/zerothre.ttf	upper
1279816804765	1	FR_PRES	3	MASK	876	1	0	1407	(0.42259999999999998, 0.58709999999999996, 0)	../fonts/zerothre.ttf	upper
1279816810724	1	REC_START
1279816839259	0	REJECT
1279816840787	0	REJECT
1279816842619	0	REJECT
1279816844227	0	REJECT
1279816845355	0	REJECT
1279816846491	0	REJECT
1279816847571	0	REJECT
1279816848651	0	REJECT
1279816849707	0	REJECT
1279816850723	0	REJECT
1279816851875	0	REJECT
1279816853068	0	REJECT
1279816854140	0	REJECT
1279816855132	0	REJECT
1279816856172	0	REJECT
1279816857148	0	REJECT
1279816890102	0	REST
1279816891609	1	FR_PRES	4	LIEUTENANT	818	0	1	722	(0.57740000000000002, 0.41289999999999999, 1.0)	../fonts/amplitud.ttf	lower
1279816895767	1	FR_PRES	4	COWARD	394	0	1	1269	(0.57740000000000002, 0.41289999999999999, 1.0)	../fonts/amplitud.ttf	lower
1279816899875	1	FR_PRES	4	LEG	809	0	0	1185	(0.57740000000000002, 0.41289999999999999, 1.0)	../fonts/amplitud.ttf	lower
1279816903850	1	FR_PRES	4	CHECK	284	0	0	1761	(0.57740000000000002, 0.41289999999999999, 1.0)	../fonts/amplitud.ttf	lower
1279816907808	1	FR_PRES	4	TREASURE	1500	0	0	1739	(0.57740000000000002, 0.41289999999999999, 1.0)	../fonts/amplitud.ttf	lower
1279816911999	1	FR_PRES	4	NOVEL	960	0	0	1524	(0.57740000000000002, 0.41289999999999999, 1.0)	../fonts/amplitud.ttf	lower
1279816916175	1	FR_PRES	4	FENCE	560	0	0	2108	(0.57740000000000002, 0.41289999999999999, 1.0)	../fonts/amplitud.ttf	lower
1279816920199	1	FR_PRES	4	ENVELOPE	537	0	0	1604	(0.57740000000000002, 0.41289999999999999, 1.0)	../fonts/amplitud.ttf	lower
1279816924116	1	FR_PRES	4	LABEL	790	0	0	1639	(0.57740000000000002, 0.41289999999999999, 1.0)	../fonts/amplitud.ttf	lower
1279816928082	1	FR_PRES	4	COURSE	390	0	0	1545	(0.57740000000000002, 0.41289999999999999, 1.0)	../fonts/amplitud.ttf	lower
1279816932165	1	FR_PRES	4	IGLOO	734	0	0	1622	(0.57740000000000002, 0.41289999999999999, 1.0)	../fonts/amplitud.ttf	lower
1279816936015	1	FR_PRES	4	REFRIGERATOR	1179	0	1	844	(0.57740000000000002, 0.41289999999999999, 1.0)	../fonts/amplitud.ttf	lower
1279816939855	1	FR_PRES	4	RECIPE	1175	0	0	1548	(0.57740000000000002, 0.41289999999999999, 1.0)	../fonts/amplitud.ttf	lower
1279816943930	1	FR_PRES	4	BARN	89	0	0	1553	(0.57740000000000002, 0.41289999999999999, 1.0)	../fonts/amplitud.ttf	lower
1279816948081	1	FR_PRES	4	CAPE	237	0	1	1898	(0.57740000000000002, 0.41289999999999999, 1.0)	../fonts/amplitud.ttf	lower
1279816952072	1	FR_PRES	4	JOINT	758	0	0	2028	(0.57740000000000002, 0.41289999999999999, 1.0)	../fonts/amplitud.ttf	lower
1279816957871	1	REC_START
1279816980755	0	REJECT
1279816981870	29	REJECT
1279816982811	0	REJECT
1279816983803	0	REJECT
1279816985819	0	REJECT
1279816986739	0	REJECT
1279816987619	0	REJECT
1279816988499	0	REJECT
1279816989563	0	REJECT
1279816990563	0	REJECT
1279816991523	0	REJECT
1279816992499	0	REJECT
1279816993459	0	REJECT
1279816994435	0	REJECT
1279816995451	0	REJECT
1279816996419	0	REJECT
1279817034565	0	REST
1279817036066	1	FR_PRES	5	PAN	1008	1	0	769	(0.42259999999999998, 0.58709999999999996, 0)	../fonts/zerothre.ttf	upper
1279817040264	1	FR_PRES	5	SKILLET	1317	1	0	868	(0.42259999999999998, 0.58709999999999996, 0)	../fonts/zerothre.ttf	upper
1279817044356	1	FR_PRES	5	QUAIL	1147	0	1	2119	(0.57740000000000002, 0.41289999999999999, 1.0)	../fonts/amplitud.ttf	lower
1279817048564	1	FR_PRES	5	FARMER	553	0	1	1183	(0.57740000000000002, 0.41289999999999999, 1.0)	../fonts/amplitud.ttf	lower
1279817052763	1	FR_PRES	5	ASPIRIN	47	0	0	1393	(0.57740000000000002, 0.41289999999999999, 1.0)	../fonts/amplitud.ttf	lower
1279817056605	1	FR_PRES	5	PELICAN	1039	0	0	1551	(0.57740000000000002, 0.41289999999999999, 1.0)	../fonts/amplitud.ttf	lower
1279817060488	1	FR_PRES	5	DISC	473	0	0	1604	(0.57740000000000002, 0.41289999999999999, 1.0)	../fonts/amplitud.ttf	lower
1279817064437	1	FR_PRES	5	CALF	222	1	1	1655	(0.42259999999999998, 0.58709999999999996, 0)	../fonts/zerothre.ttf	upper
1279817068629	1	FR_PRES	5	CHEEK	287	1	0	1910	(0.42259999999999998, 0.58709999999999996, 0)	../fonts/zerothre.ttf	upper
1279817072737	1	FR_PRES	5	LUNCH	849	1	1	1451	(0.42259999999999998, 0.58709999999999996, 0)	../fonts/zerothre.ttf	upper
1279817076820	1	FR_PRES	5	SACK	1220	1	0	1695	(0.42259999999999998, 0.58709999999999996, 0)	../fonts/zerothre.ttf	upper
1279817080936	1	FR_PRES	5	CELLO	268	0	1	1923	(0.57740000000000002, 0.41289999999999999, 1.0)	../fonts/amplitud.ttf	lower
1279817085079	1	FR_PRES	5	WINGS	1614	0	1	2077	(0.57740000000000002, 0.41289999999999999, 1.0)	../fonts/amplitud.ttf	lower
1279817088969	1	FR_PRES	5	BEETLE	116	0	0	1738	(0.57740000000000002, 0.41289999999999999, 1.0)	../fonts/amplitud.ttf	lower
1279817092977	1	FR_PRES	5	GAZELLE	628	1	3	1658	(0.42259999999999998, 0.58709999999999996, 0)	../fonts/zerothre.ttf	upper
1279817094669	1	KEY_MSG
1279817097252	1	FR_PRES	5	RUST	1219	1	0	1832	(0.42259999999999998, 0.58709999999999996, 0)	../fonts/zerothre.ttf	upper
1279817103153	1	REC_START
1279817131875	0	REJECT
1279817133243	0	REJECT
1279817135012	0	REJECT
1279817136739	0	REJECT
1279817139587	0	REJECT
1279817145004	0	REJECT
1279817146307	0	REJECT
1279817148827	0	REJECT
1279817150036	0	REJECT
1279817151339	0	REJECT
1279817154579	0	REJECT
1279817157371	0	REJECT
1279817158587	0	REJECT
1279817159843	0	REJECT
1279817161299	0	REJECT
1279817180163	0	REST
1279817181670	1	FR_PRES	6	COYOTE	396	1	1	909	(0.42259999999999998, 0.58709999999999996, 0)	../fonts/zerothre.ttf	upper
1279817185503	1	FR_PRES	6	TOOTH	1481	1	0	1348	(0.42259999999999998, 0.58709999999999996, 0)	../fonts/zerothre.ttf	upper
1279817189636	1	FR_PRES	6	MONGOOSE	909	1	0	1343	(0.42259999999999998, 0.58709999999999996, 0)	../fonts/zerothre.ttf	upper
1279817193478	1	FR_PRES	6	PRAIRIE	1118	1	0	1694	(0.42259999999999998, 0.58709999999999996, 0)	../fonts/zerothre.ttf	upper
1279817197519	1	FR_PRES	6	CRIB	407	1	0	1876	(0.42259999999999998, 0.58709999999999996, 0)	../fonts/zerothre.ttf	upper
1279817201611	1	FR_PRES	6	RATTLE	1170	1	0	1352	(0.42259999999999998, 0.58709999999999996, 0)	../fonts/zerothre.ttf	upper
1279817205602	1	FR_PRES	6	FATHER	554	1	1	1177	(0.42259999999999998, 0.58709999999999996, 0)	../fonts/zerothre.ttf	upper
1279817209668	1	FR_PRES	6	CAT	257	1	0	1655	(0.42259999999999998, 0.58709999999999996, 0)	../fonts/zerothre.ttf	upper
1279817213660	1	FR_PRES	6	DAD	433	1	1	1631	(0.42259999999999998, 0.58709999999999996, 0)	../fonts/zerothre.ttf	upper
1279817217684	1	FR_PRES	6	SPY	1360	1	1	1215	(0.42259999999999998, 0.58709999999999996, 0)	../fonts/zerothre.ttf	upper
1279817221884	1	FR_PRES	6	MICROSCOPE	891	1	0	1296	(0.42259999999999998, 0.58709999999999996, 0)	../fonts/zerothre.ttf	upper
1279817225984	1	FR_PRES	6	SURVEY	1414	1	0	1387	(0.42259999999999998, 0.58709999999999996, 0)	../fonts/zerothre.ttf	upper
1279817230184	1	FR_PRES	6	SPACE	1345	1	0	1219	(0.42259999999999998, 0.58709999999999996, 0)	../fonts/zerothre.ttf	upper
1279817234167	1	FR_PRES	6	ASTEROID	50	1	0	1708	(0.42259999999999998, 0.58709999999999996, 0)	../fonts/zerothre.ttf	upper
1279817238291	1	FR_PRES	6	COBRA	336	1	0	1424	(0.42259999999999998, 0.58709999999999996, 0)	../fonts/zerothre.ttf	upper
1279817242466	1	FR_PRES	6	RAM	1165	1	1	1009	(0.42259999999999998, 0.58709999999999996, 0)	../fonts/zerothre.ttf	upper
1279817248216	1	REC_START
1279817271132	0	REJECT
1279817271971	0	REJECT
1279817272747	0	REJECT
1279817273627	0	REJECT
1279817274475	0	REJECT
1279817275275	0	REJECT
1279817276044	0	REJECT
1279817276843	0	REJECT
1279817277587	0	REJECT
1279817278411	0	REJECT
1279817279307	0	REJECT
1279817280283	0	REJECT
1279817281092	0	REJECT
1279817282036	0	REJECT
1279817283108	0	REJECT
1279817284020	0	REJECT
1279817324993	0	REST
1279817326501	1	FR_PRES	7	RAIL	1161	-1	-1	-1279817326501	white	../fonts/Verdana.ttf	upper
1279817330426	1	FR_PRES	7	BATHTUB	100	-1	-1	-1279817330426	white	../fonts/Verdana.ttf	upper
1279817334592	1	FR_PRES	7	FLOUR	583	-1	-1	-1279817334592	white	../fonts/Verdana.ttf	upper
1279817338534	1	FR_PRES	7	RUNNER	1218	-1	-1	-1279817338534	white	../fonts/Verdana.ttf	upper
1279817342358	1	FR_PRES	7	STOMACH	1384	-1	-1	-1279817342358	white	../fonts/Verdana.ttf	upper
1279817346275	1	FR_PRES	7	MICROWAVE	892	-1	-1	-1279817346275	white	../fonts/Verdana.ttf	upper
1279817350374	1	FR_PRES	7	JUVENILE	767	-1	-1	-1279817350374	white	../fonts/Verdana.ttf	upper
1279817354207	1	FR_PRES	7	CARRIAGE	248	-1	-1	-1279817354207	white	../fonts/Verdana.ttf	upper
1279817358391	1	FR_PRES	7	WAGON	1578	-1	-1	-1279817358391	white	../fonts/Verdana.ttf	upper
1279817362482	1	FR_PRES	7	DELINQUENT	445	-1	-1	-1279817362482	white	../fonts/Verdana.ttf	upper
1279817366682	1	FR_PRES	7	WITNESS	1618	-1	-1	-1279817366682	white	../fonts/Verdana.ttf	upper
1279817370865	1	FR_PRES	7	CHAMBER	277	-1	-1	-1279817370865	white	../fonts/Verdana.ttf	upper
1279817374948	1	FR_PRES	7	VOLCANO	1575	-1	-1	-1279817374948	white	../fonts/Verdana.ttf	upper
1279817378956	1	FR_PRES	7	CIGARETTE	309	-1	-1	-1279817378956	white	../fonts/Verdana.ttf	upper
1279817382889	1	FR_PRES	7	ROSE	1212	-1	-1	-1279817382889	white	../fonts/Verdana.ttf	upper
1279817386947	1	FR_PRES	7	LILY	821	-1	-1	-1279817386947	white	../fonts/Verdana.ttf	upper
1279817392664	1	REC_START
1279817410739	0	REJECT
1279817411715	0	REJECT
1279817412663	30	REJECT
1279817413795	0	REJECT
1279817414779	0	REJECT
1279817415795	0	REJECT
1279817417331	0	REJECT
1279817418196	0	REJECT
1279817419699	0	REJECT
1279817420659	0	REJECT
1279817421707	0	REJECT
1279817422611	0	REJECT
1279817423595	0	REJECT
1279817424555	0	REJECT
1279817425523	0	REJECT
1279817426507	0	REJECT
1279817478240	0	REST
1279817479748	1	FR_PRES	8	OLIVE	975	-1	-1	-1279817479748	white	../fonts/Verdana.ttf	upper
1279817483956	1	FR_PRES	8	MUSHROOM	934	-1	-1	-1279817483956	white	../fonts/Verdana.ttf	upper
1279817488090	1	FR_PRES	8	PACKAGE	997	-1	-1	-1279817488090	white	../fonts/Verdana.ttf	upper
1279817492006	1	FR_PRES	8	SHOELACE	1289	-1	-1	-1279817492006	white	../fonts/Verdana.ttf	upper
1279817495897	1	FR_PRES	8	PARTY	1018	-1	-1	-1279817495897	white	../fonts/Verdana.ttf	upper
1279817499763	1	FR_PRES	8	SCREW	1254	-1	-1	-1279817499763	white	../fonts/Verdana.ttf	upper
1279817503888	1	FR_PRES	8	CABIN	211	-1	-1	-1279817503888	white	../fonts/Verdana.ttf	upper
1279817507938	1	FR_PRES	8	BAKER	71	-1	-1	-1279817507938	white	../fonts/Verdana.ttf	upper
1279817511987	1	FR_PRES	8	PLIERS	1089	-1	-1	-1279817511987	white	../fonts/Verdana.ttf	upper
1279817515954	1	FR_PRES	8	CAGE	218	-1	-1	-1279817515954	white	../fonts/Verdana.ttf	upper
1279817520163	1	FR_PRES	8	CARNIVAL	245	-1	-1	-1279817520163	white	../fonts/Verdana.ttf	upper
1279817524071	1	FR_PRES	8	NAIL	936	-1	-1	-1279817524071	white	../fonts/Verdana.ttf	upper
1279817528253	1	FR_PRES	8	TACK	1428	-1	-1	-1279817528253	white	../fonts/Verdana.ttf	upper
1279817532261	1	FR_PRES	8	PLAID	1080	-1	-1	-1279817532261	white	../fonts/Verdana.ttf	upper
1279817536252	1	FR_PRES	8	OUTFIT	988	-1	-1	-1279817536252	white	../fonts/Verdana.ttf	upper
1279817540460	1	FR_PRES	8	TOE	1473	-1	-1	-1279817540460	white	../fonts/Verdana.ttf	upper
1279817546569	1	REC_START
1279817564843	0	REJECT
1279817565723	0	REJECT
1279817566515	0	REJECT
1279817567427	0	REJECT
1279817568283	0	REJECT
1279817569116	0	REJECT
1279817569883	0	REJECT
1279817570731	0	REJECT
1279817571568	30	REJECT
1279817572419	0	REJECT
1279817573267	0	REJECT
1279817574148	0	REJECT
1279817574955	0	REJECT
1279817575939	0	REJECT
1279817576899	0	REJECT
1279817577899	0	REJECT
1279817582555	0	REJECT
1279817583427	0	REJECT
1279817584140	0	REJECT
1279817586156	0	REJECT
1279817586899	0	REJECT
1279817587659	0	REJECT
1279817588331	0	REJECT
1279817589108	0	REJECT
1279817589787	0	REJECT
1279817590443	0	REJECT
1279817591204	0	REJECT
1279817592915	0	REJECT
1279817593539	0	REJECT
1279817594723	0	REJECT
1279817595483	0	REJECT
1279817597235	0	REJECT
1279817623979	0	REST
1279817625487	1	FR_PRES	9	ESSAY	540	-1	-1	-1279817625487	white	../fonts/Verdana.ttf	upper
1279817629637	1	FR_PRES	9	GUARDIAN	668	-1	-1	-1279817629637	white	../fonts/Verdana.ttf	upper
1279817633670	1	FR_PRES	9	HOOP	716	-1	-1	-1279817633670	white	../fonts/Verdana.ttf	upper
1279817637861	1	FR_PRES	9	EDITORIAL	517	-1	-1	-1279817637861	white	../fonts/Verdana.ttf	upper
1279817641903	1	FR_PRES	9	VIDEO	1564	-1	-1	-1279817641903	white	../fonts/Verdana.ttf	upper
1279817646070	1	FR_PRES	9	LAUNDRY	803	-1	-1	-1279817646070	white	../fonts/Verdana.ttf	upper
1279817649977	1	FR_PRES	9	ARTICLE	42	-1	-1	-1279817649977	white	../fonts/Verdana.ttf	upper
1279817653927	1	FR_PRES	9	CITRUS	313	-1	-1	-1279817653927	white	../fonts/Verdana.ttf	upper
1279817657843	1	FR_PRES	9	BLACKBERRY	132	-1	-1	-1279817657843	white	../fonts/Verdana.ttf	upper
1279817661676	1	FR_PRES	9	FACE	547	-1	-1	-1279817661676	white	../fonts/Verdana.ttf	upper
1279817665701	1	FR_PRES	9	KEEPER	769	-1	-1	-1279817665701	white	../fonts/Verdana.ttf	upper
1279817669609	1	FR_PRES	9	SCREEN	1253	-1	-1	-1279817669609	white	../fonts/Verdana.ttf	upper
1279817673609	1	FR_PRES	9	PAW	1029	-1	-1	-1279817673609	white	../fonts/Verdana.ttf	upper
1279817677725	1	FR_PRES	9	MUSTARD	935	-1	-1	-1279817677725	white	../fonts/Verdana.ttf	upper
1279817681800	1	FR_PRES	9	DOUGHNUT	490	-1	-1	-1279817681800	white	../fonts/Verdana.ttf	upper
1279817685683	1	FR_PRES	9	SHOVEL	1295	-1	-1	-1279817685683	white	../fonts/Verdana.ttf	upper
1279817691575	1	REC_START
1279817720803	1	REJECT
1279817722108	0	REJECT
1279817723403	0	REJECT
1279817724659	0	REJECT
1279817726148	0	REJECT
1279817727715	0	REJECT
1279817728987	0	REJECT
1279817732315	0	REJECT
1279817734574	29	REJECT
1279817737148	0	REJECT
1279817739219	0	REJECT
1279817740291	0	REJECT
1279817741755	0	REJECT
1279817743443	0	REJECT
1279817768260	0	REST
1279817769768	1	FR_PRES	10	VETERAN	1561	1	1	691	(0.42259999999999998, 0.58709999999999996, 0)	../fonts/zerothre.ttf	upper
1279817773851	1	FR_PRES	10	BANKER	84	1	1	728	(0.42259999999999998, 0.58709999999999996, 0)	../fonts/zerothre.ttf	upper
1279817777684	1	FR_PRES	10	CHIME	300	1	0	1409	(0.42259999999999998, 0.58709999999999996, 0)	../fonts/zerothre.ttf	upper
1279817781775	1	FR_PRES	10	GEM	629	1	0	1596	(0.42259999999999998, 0.58709999999999996, 0)	../fonts/zerothre.ttf	upper
1279817785842	1	FR_PRES	10	ELECTRICIAN	521	1	1	929	(0.42259999999999998, 0.58709999999999996, 0)	../fonts/zerothre.ttf	upper
1279817790042	1	FR_PRES	10	STAFF	1365	0	1	1130	(0.57740000000000002, 0.41289999999999999, 1.0)	../fonts/amplitud.ttf	lower
1279817794109	1	FR_PRES	10	ADOLESCENT	7	0	1	1406	(0.57740000000000002, 0.41289999999999999, 1.0)	../fonts/amplitud.ttf	lower
1279817798232	1	FR_PRES	10	REPORT	1184	0	0	1812	(0.57740000000000002, 0.41289999999999999, 1.0)	../fonts/amplitud.ttf	lower
1279817802274	1	FR_PRES	10	EMPEROR	529	1	1	1681	(0.42259999999999998, 0.58709999999999996, 0)	../fonts/zerothre.ttf	upper
1279817806249	1	FR_PRES	10	TIE	1466	1	0	1674	(0.42259999999999998, 0.58709999999999996, 0)	../fonts/zerothre.ttf	upper
1279817810191	1	FR_PRES	10	ROPE	1211	1	0	1636	(0.42259999999999998, 0.58709999999999996, 0)	../fonts/zerothre.ttf	upper
1279817814265	1	FR_PRES	10	TERMITE	1451	0	0	2066	(0.57740000000000002, 0.41289999999999999, 1.0)	../fonts/amplitud.ttf	lower
1279817818273	1	FR_PRES	10	STAKE	1368	0	0	1946	(0.57740000000000002, 0.41289999999999999, 1.0)	../fonts/amplitud.ttf	lower
1279817822264	1	FR_PRES	10	GRADUATE	653	0	0	1507	(0.57740000000000002, 0.41289999999999999, 1.0)	../fonts/amplitud.ttf	lower
1279817826414	1	FR_PRES	10	MONARCH	906	0	1	1405	(0.57740000000000002, 0.41289999999999999, 1.0)	../fonts/amplitud.ttf	lower
1279817830463	1	FR_PRES	10	WITCH	1617	0	1	1764	(0.57740000000000002, 0.41289999999999999, 1.0)	../fonts/amplitud.ttf	lower
1279817836190	1	REC_START
1279817871995	1	REJECT
1279817872796	0	REJECT
1279817874189	28	REJECT
1279817875100	0	REJECT
1279817875931	0	REJECT
1279817877124	0	REJECT
1279817878691	0	REJECT
1279817879611	0	REJECT
1279817880427	0	REJECT
1279817881219	0	REJECT
1279817882140	0	REJECT
1279817883180	0	REJECT
1279817884219	0	REJECT
1279817885843	0	REJECT
1279817886835	0	REJECT
1279817887947	0	REJECT
1279817912799	0	REST
1279817914307	1	FR_PRES	11	WART	1590	0	0	648	(0.57740000000000002, 0.41289999999999999, 1.0)	../fonts/amplitud.ttf	lower
1279817918158	1	FR_PRES	11	CONDUCTOR	362	0	1	693	(0.57740000000000002, 0.41289999999999999, 1.0)	../fonts/amplitud.ttf	lower
1279817922074	1	FR_PRES	11	LAGOON	795	0	0	1841	(0.57740000000000002, 0.41289999999999999, 1.0)	../fonts/amplitud.ttf	lower
1279817925965	1	FR_PRES	11	SOFTBALL	1343	0	0	1175	(0.57740000000000002, 0.41289999999999999, 1.0)	../fonts/amplitud.ttf	lower
1279817930049	1	FR_PRES	11	SUITCASE	1403	0	0	1618	(0.57740000000000002, 0.41289999999999999, 1.0)	../fonts/amplitud.ttf	lower
1279817934148	1	FR_PRES	11	RAG	1160	0	0	1127	(0.57740000000000002, 0.41289999999999999, 1.0)	../fonts/amplitud.ttf	lower
1279817937980	1	FR_PRES	11	ANCHOR	21	0	1	1599	(0.57740000000000002, 0.41289999999999999, 1.0)	../fonts/amplitud.ttf	lower
1279817942131	1	FR_PRES	11	TWINE	1529	0	0	1864	(0.57740000000000002, 0.41289999999999999, 1.0)	../fonts/amplitud.ttf	lower
1279817946288	1	FR_PRES	11	CREEK	404	0	0	1756	(0.57740000000000002, 0.41289999999999999, 1.0)	../fonts/amplitud.ttf	lower
1279817950363	1	FR_PRES	11	FAUCET	555	0	0	1448	(0.57740000000000002, 0.41289999999999999, 1.0)	../fonts/amplitud.ttf	lower
1279817954254	1	FR_PRES	11	OTTER	986	0	1	1589	(0.57740000000000002, 0.41289999999999999, 1.0)	../fonts/amplitud.ttf	lower
1279817958188	1	FR_PRES	11	TOY	1492	0	0	2463	(0.57740000000000002, 0.41289999999999999, 1.0)	../fonts/amplitud.ttf	lower
1279817962005	1	FR_PRES	11	SHORE	1291	0	0	1950	(0.57740000000000002, 0.41289999999999999, 1.0)	../fonts/amplitud.ttf	lower
1279817965837	1	FR_PRES	11	OCEAN	970	0	1	702	(0.57740000000000002, 0.41289999999999999, 1.0)	../fonts/amplitud.ttf	lower
1279817969886	1	FR_PRES	11	CATERPILLAR	259	0	0	1126	(0.57740000000000002, 0.41289999999999999, 1.0)	../fonts/amplitud.ttf	lower
1279817973769	1	FR_PRES	11	NAVIGATOR	938	0	1	954	(0.57740000000000002, 0.41289999999999999, 1.0)	../fonts/amplitud.ttf	lower
1279817979561	1	REC_START
1279818021859	1	REJECT
1279818022627	0	REJECT
1279818024299	0	REJECT
1279818028068	0	REJECT
1279818035371	0	REJECT
1279818046060	0	REJECT
1279818047068	0	REJECT
1279818052205	0	REJECT
1279818053851	0	REJECT
1279818055164	1	REST_REWET
1279818393888	0	REST
1279818395396	1	FR_PRES	12	TROUSERS	1510	0	0	816	(0.57740000000000002, 0.41289999999999999, 1.0)	../fonts/amplitud.ttf	lower
1279818399246	1	FR_PRES	12	FLEA	577	0	0	1350	(0.57740000000000002, 0.41289999999999999, 1.0)	../fonts/amplitud.ttf	lower
1279818403329	1	FR_PRES	12	ACTRESS	6	0	1	1322	(0.57740000000000002, 0.41289999999999999, 1.0)	../fonts/amplitud.ttf	lower
1279818407171	1	FR_PRES	12	AIRPLANE	12	1	0	2153	(0.42259999999999998, 0.58709999999999996, 0)	../fonts/zerothre.ttf	upper
1279818411311	1	FR_PRES	12	TICK	1463	1	0	1758	(0.42259999999999998, 0.58709999999999996, 0)	../fonts/zerothre.ttf	upper
1279818415261	1	FR_PRES	12	PUPPY	1144	1	0	1896	(0.42259999999999998, 0.58709999999999996, 0)	../fonts/zerothre.ttf	upper
1279818419444	1	FR_PRES	12	PADDLE	1000	1	0	1544	(0.42259999999999998, 0.58709999999999996, 0)	../fonts/zerothre.ttf	upper
1279818423461	1	FR_PRES	12	PIRATE	1074	1	1	1728	(0.42259999999999998, 0.58709999999999996, 0)	../fonts/zerothre.ttf	upper
1279818427410	1	FR_PRES	12	FLESH	579	0	0	1787	(0.57740000000000002, 0.41289999999999999, 1.0)	../fonts/amplitud.ttf	lower
1279818431568	1	FR_PRES	12	SAUSAGE	1238	0	0	1532	(0.57740000000000002, 0.41289999999999999, 1.0)	../fonts/amplitud.ttf	lower
1279818435618	1	FR_PRES	12	SUGAR	1401	0	1	1617	(0.57740000000000002, 0.41289999999999999, 1.0)	../fonts/amplitud.ttf	lower
1279818439443	1	FR_PRES	12	LOLLIPOP	842	1	0	1952	(0.42259999999999998, 0.58709999999999996, 0)	../fonts/zerothre.ttf	upper
1279818443284	1	FR_PRES	12	BEET	115	1	0	1496	(0.42259999999999998, 0.58709999999999996, 0)	../fonts/zerothre.ttf	upper
1279818447126	1	FR_PRES	12	RASH	1167	1	0	1903	(0.42259999999999998, 0.58709999999999996, 0)	../fonts/zerothre.ttf	upper
1279818450959	1	FR_PRES	12	FOX	598	0	0	2301	(0.57740000000000002, 0.41289999999999999, 1.0)	../fonts/amplitud.ttf	lower
1279818454775	1	FR_PRES	12	KITE	779	0	0	1877	(0.57740000000000002, 0.41289999999999999, 1.0)	../fonts/amplitud.ttf	lower
1279818460475	1	REC_START
1279818488988	0	REJECT
1279818490612	0	REJECT
1279818492052	1	REJECT
1279818492987	1	REJECT
1279818493779	0	REJECT
1279818494995	0	REJECT
1279818495883	1	REJECT
1279818496939	0	REJECT
1279818498164	1	REJECT
1279818499474	30	REJECT
1279818500387	0	REJECT
1279818501515	1	REJECT
1279818506211	0	REJECT
1279818508620	0	REJECT
1279818510220	0	REJECT
1279818524404	0	REJECT
1279818529061	0	REJECT
1279818531636	0	REJECT
1279818532451	1	REJECT
1279818533076	0	REJECT
1279818533634	2	REJECT
1279818534275	0	REJECT
1279818534859	0	REJECT
1279818549885	0	REST
1279818551384	1	FR_PRES	13	ARROW	40	-1	-1	-1279818551384	white	../fonts/Verdana.ttf	upper
1279818555376	1	FR_PRES	13	SPHINX	1349	-1	-1	-1279818555376	white	../fonts/Verdana.ttf	upper
1279818559375	1	FR_PRES	13	CONVENT	370	-1	-1	-1279818559375	white	../fonts/Verdana.ttf	upper
1279818563258	1	FR_PRES	13	COUGAR	387	-1	-1	-1279818563258	white	../fonts/Verdana.ttf	upper
1279818567134	1	FR_PRES	13	TICKET	1464	-1	-1	-1279818567134	white	../fonts/Verdana.ttf	upper
1279818571266	1	FR_PRES	13	MONASTERY	907	-1	-1	-1279818571266	white	../fonts/Verdana.ttf	upper
1279818575224	1	FR_PRES	13	GOWN	652	-1	-1	-1279818575224	white	../fonts/Verdana.ttf	upper
1279818579257	1	FR_PRES	13	SALESMAN	1225	-1	-1	-1279818579257	white	../fonts/Verdana.ttf	upper
1279818583175	1	FR_PRES	13	COTTON	385	-1	-1	-1279818583175	white	../fonts/Verdana.ttf	upper
1279818586998	1	FR_PRES	13	EAR	513	-1	-1	-1279818586998	white	../fonts/Verdana.ttf	upper
1279818591041	1	FR_PRES	13	VEST	1559	-1	-1	-1279818591041	white	../fonts/Verdana.ttf	upper
1279818594864	1	FR_PRES	13	MINK	897	-1	-1	-1279818594864	white	../fonts/Verdana.ttf	upper
1279818598997	1	FR_PRES	13	COLONEL	348	-1	-1	-1279818598997	white	../fonts/Verdana.ttf	upper
1279818602997	1	FR_PRES	13	CAPTAIN	239	-1	-1	-1279818602997	white	../fonts/Verdana.ttf	upper
1279818607056	1	FR_PRES	13	PARTNER	1017	-1	-1	-1279818607056	white	../fonts/Verdana.ttf	upper
1279818610946	1	FR_PRES	13	AIRPORT	13	-1	-1	-1279818610946	white	../fonts/Verdana.ttf	upper
1279818616530	1	REC_START
1279818642284	0	REJECT
1279818643060	1	REJECT
1279818643803	1	REJECT
1279818644529	30	REJECT
1279818645339	1	REJECT
1279818646283	1	REJECT
1279818647323	1	REJECT
1279818648371	1	REJECT
1279818649788	0	REJECT
1279818650529	29	REJECT
1279818651364	0	REJECT
1279818652460	0	REJECT
1279818653620	0	REJECT
1279818654316	0	REJECT
1279818655205	0	REJECT
1279818656244	0	REJECT
1279818658188	1	REJECT
1279818658835	1	REJECT
1279818659588	0	REJECT
1279818660529	30	REJECT
1279818661251	1	REJECT
1279818662045	0	REJECT
1279818663013	0	REJECT
1279818663876	0	REJECT
1279818664659	1	REJECT
1279818665379	1	REJECT
1279818666284	0	REJECT
1279818667092	1	REJECT
1279818668172	0	REJECT
1279818668971	1	REJECT
1279818670972	0	REJECT
1279818673045	0	REJECT
1279818693915	0	REST
1279818695423	1	FR_PRES	14	CAB	209	1	0	1493	(0.42259999999999998, 0.58709999999999996, 0)	../fonts/zerothre.ttf	upper
1279818699490	1	FR_PRES	14	CASTLE	256	1	0	1762	(0.42259999999999998, 0.58709999999999996, 0)	../fonts/zerothre.ttf	upper
1279818703573	1	FR_PRES	14	CELLAR	267	1	1	1480	(0.42259999999999998, 0.58709999999999996, 0)	../fonts/zerothre.ttf	upper
1279818707639	1	FR_PRES	14	ATTIC	56	1	0	1605	(0.42259999999999998, 0.58709999999999996, 0)	../fonts/zerothre.ttf	upper
1279818711822	1	FR_PRES	14	AGENT	10	1	1	1462	(0.42259999999999998, 0.58709999999999996, 0)	../fonts/zerothre.ttf	upper
1279818715805	1	FR_PRES	14	SAND	1230	1	0	1687	(0.42259999999999998, 0.58709999999999996, 0)	../fonts/zerothre.ttf	upper
1279818720006	1	FR_PRES	14	DOG	480	1	1	2127	(0.42259999999999998, 0.58709999999999996, 0)	../fonts/zerothre.ttf	upper
1279818723946	1	FR_PRES	14	CHIPMUNK	304	1	0	1770	(0.42259999999999998, 0.58709999999999996, 0)	../fonts/zerothre.ttf	upper
1279818727988	1	FR_PRES	14	PAIL	1002	1	0	2025	(0.42259999999999998, 0.58709999999999996, 0)	../fonts/zerothre.ttf	upper
1279818731996	1	FR_PRES	14	BUS	201	1	0	2049	(0.42259999999999998, 0.58709999999999996, 0)	../fonts/zerothre.ttf	upper
1279818735995	1	FR_PRES	14	COMEDIAN	352	1	1	1345	(0.42259999999999998, 0.58709999999999996, 0)	../fonts/zerothre.ttf	upper
1279818739887	1	FR_PRES	14	TENT	1449	1	0	2244	(0.42259999999999998, 0.58709999999999996, 0)	../fonts/zerothre.ttf	upper
1279818743845	1	FR_PRES	14	ISLAND	745	1	0	1847	(0.42259999999999998, 0.58709999999999996, 0)	../fonts/zerothre.ttf	upper
1279818747753	1	FR_PRES	14	UNCLE	1536	1	1	1308	(0.42259999999999998, 0.58709999999999996, 0)	../fonts/zerothre.ttf	upper
1279818751603	1	FR_PRES	14	WAVE	1596	1	0	1833	(0.42259999999999998, 0.58709999999999996, 0)	../fonts/zerothre.ttf	upper
1279818755469	1	FR_PRES	14	SURF	1412	1	0	959	(0.42259999999999998, 0.58709999999999996, 0)	../fonts/zerothre.ttf	upper
1279818761236	1	REC_START
1279818781348	0	REJECT
1279818782053	0	REJECT
1279818782828	0	REJECT
1279818783612	0	REJECT
1279818784564	0	REJECT
1279818785516	0	REJECT
1279818786332	0	REJECT
1279818787133	0	REJECT
1279818788141	0	REJECT
1279818789125	0	REJECT
1279818790219	1	REJECT
1279818791109	0	REJECT
1279818792013	0	REJECT
1279818793021	0	REJECT
1279818793956	0	REJECT
1279818794996	0	REJECT
1279818796037	0	REJECT
1279818797676	0	REJECT
1279818798700	0	REJECT
1279818799492	0	REJECT
1279818800236	28	REJECT
1279818801141	0	REJECT
1279818802045	0	REJECT
1279818802835	1	REJECT
1279818803652	0	REJECT
1279818804444	0	REJECT
1279818805324	0	REJECT
1279818806236	28	REJECT
1279818807173	0	REJECT
1279818808636	0	REJECT
1279818809564	0	REJECT
1279818810940	0	REJECT
1279818837905	0	REST
1279818839404	1	FR_PRES	15	STAIRS	1367	0	0	1681	(0.57740000000000002, 0.41289999999999999, 1.0)	../fonts/amplitud.ttf	lower
1279818843212	1	FR_PRES	15	ABDOMEN	1	0	0	1752	(0.57740000000000002, 0.41289999999999999, 1.0)	../fonts/amplitud.ttf	lower
1279818847337	1	FR_PRES	15	RING	1193	0	0	1339	(0.57740000000000002, 0.41289999999999999, 1.0)	../fonts/amplitud.ttf	lower
1279818851212	1	FR_PRES	15	GOLD	647	0	0	1112	(0.57740000000000002, 0.41289999999999999, 1.0)	../fonts/amplitud.ttf	lower
1279818855395	1	FR_PRES	15	OCTOPUS	971	0	1	1593	(0.57740000000000002, 0.41289999999999999, 1.0)	../fonts/amplitud.ttf	lower
1279818859411	1	FR_PRES	15	SHEPHERD	1283	0	1	1778	(0.57740000000000002, 0.41289999999999999, 1.0)	../fonts/amplitud.ttf	lower
1279818863278	1	FR_PRES	15	PEDESTRIAN	1038	0	1	1686	(0.57740000000000002, 0.41289999999999999, 1.0)	../fonts/amplitud.ttf	lower
1279818867486	1	FR_PRES	15	CHICK	296	0	0	1655	(0.57740000000000002, 0.41289999999999999, 1.0)	../fonts/amplitud.ttf	lower
1279818871385	1	FR_PRES	15	YOKE	1632	0	0	1251	(0.57740000000000002, 0.41289999999999999, 1.0)	../fonts/amplitud.ttf	lower
1279818875510	1	FR_PRES	15	WAITER	1580	0	1	1430	(0.57740000000000002, 0.41289999999999999, 1.0)	../fonts/amplitud.ttf	lower
1279818879410	1	FR_PRES	15	POTTERY	1116	0	1	1667	(0.57740000000000002, 0.41289999999999999, 1.0)	../fonts/amplitud.ttf	lower
1279818883476	1	FR_PRES	15	SCOTCH	1251	0	0	1784	(0.57740000000000002, 0.41289999999999999, 1.0)	../fonts/amplitud.ttf	lower
1279818887576	1	FR_PRES	15	FLASK	576	0	0	1684	(0.57740000000000002, 0.41289999999999999, 1.0)	../fonts/amplitud.ttf	lower
1279818891609	1	FR_PRES	15	ESCALATOR	539	0	0	1763	(0.57740000000000002, 0.41289999999999999, 1.0)	../fonts/amplitud.ttf	lower
1279818895550	1	FR_PRES	15	RICE	1190	0	0	1806	(0.57740000000000002, 0.41289999999999999, 1.0)	../fonts/amplitud.ttf	lower
1279818899675	1	FR_PRES	15	TROUT	1511	0	0	1153	(0.57740000000000002, 0.41289999999999999, 1.0)	../fonts/amplitud.ttf	lower
1279818905425	1	REC_START
1279818937508	0	REJECT
1279818939532	0	REJECT
1279818940580	0	REJECT
1279818945228	0	REJECT
1279818945948	0	REJECT
1279818946596	0	REJECT
1279818947228	0	REJECT
1279818947940	0	REJECT
1279818948812	0	REJECT
1279818949540	0	REJECT
1279818950348	0	REJECT
1279818951029	0	REJECT
1279818951804	0	REJECT
1279818952492	0	REJECT
1279818953149	0	REJECT
1279818954157	0	REJECT
1279818986053	0	FFR_START
1279818991594	1	REC_START
1279819314344	0	RECOG_START
1279819314345	1	REC_START
1279819314377	0	RECOG_PRES	0	CHAMBER	277	-999	P	1355
1279819316095	0	RECOG_CR_PRES	0	CHAMBER	277	-999	P	133
1279819316569	1	RECOG_FEEDBACK	1
1279819317310	0	RECOG_PRES	0	MONARCH	906	-999	P	727
1279819318410	0	RECOG_CR_PRES	0	MONARCH	906	-999	P	98
1279819318793	1	RECOG_FEEDBACK	1
1279819319552	0	RECOG_PRES	0	TWINE	1529	-999	P	645
1279819320568	0	RECOG_CR_PRES	0	TWINE	1529	-999	P	92
1279819320943	1	RECOG_FEEDBACK	1
1279819321701	0	RECOG_PRES	0	LEAF	808	-999	P	679
1279819322751	0	RECOG_CR_PRES	0	LEAF	808	-999	P	109
1279819323144	1	RECOG_FEEDBACK	1
1279819323918	0	RECOG_PRES	0	AUDIENCE	59	-999	P	833
1279819325144	0	RECOG_CR_PRES	0	AUDIENCE	59	-999	P	61
1279819325493	1	RECOG_FEEDBACK	1
1279819326251	0	RECOG_PRES	0	VETERAN	1561	-999	P	681
1279819327301	0	RECOG_CR_PRES	0	VETERAN	1561	-999	P	87
1279819327668	1	RECOG_FEEDBACK	1
1279819328443	0	RECOG_PRES	0	BAKER	71	-999	P	682
1279819329493	0	RECOG_CR_PRES	0	BAKER	71	-999	P	87
1279819329859	1	RECOG_FEEDBACK	1
1279819330643	0	RECOG_PRES	0	CHAUFFEUR	283	-999	P	745
1279819331759	0	RECOG_CR_PRES	0	CHAUFFEUR	283	-999	P	117
1279819332168	1	RECOG_FEEDBACK	1
1279819332892	0	RECOG_PRES	0	CARRIAGE	248	-999	P	768
1279819334027	0	RECOG_CR_PRES	0	CARRIAGE	248	-999	P	106
1279819334417	1	RECOG_FEEDBACK	1
1279819335168	0	RECOG_PRES	0	SPY	1360	-999	P	668
1279819336201	0	RECOG_CR_PRES	0	SPY	1360	-999	P	75
1279819336559	1	RECOG_FEEDBACK	1
1279819337317	0	RECOG_PRES	0	ATOM	55	-999	P	808
1279819338492	0	RECOG_CR_PRES	0	ATOM	55	-999	P	88
1279819338867	1	RECOG_FEEDBACK	1
1279819339608	0	RECOG_PRES	0	SWAN	1417	-999	P	844
1279819340825	0	RECOG_CR_PRES	0	SWAN	1417	-999	P	67
1279819341184	1	RECOG_FEEDBACK	1
1279819341967	0	RECOG_PRES	0	MONGOOSE	909	-999	P	749
1279819343084	0	RECOG_CR_PRES	0	MONGOOSE	909	-999	P	81
1279819343450	1	RECOG_FEEDBACK	1
1279819344241	0	RECOG_PRES	0	ORCHID	982	-999	P	707
1279819345316	0	RECOG_CR_PRES	0	ORCHID	982	-999	P	104
1279819345700	1	RECOG_FEEDBACK	1
1279819346416	0	RECOG_PRES	0	NECKLACE	940	-999	P	844
1279819347633	0	RECOG_CR_PRES	0	NECKLACE	940	-999	P	67
1279819348009	1	RECOG_FEEDBACK	1
1279819348741	0	RECOG_PRES	0	STRAWBERRY	1391	-999	P	831
1279819349941	0	RECOG_CR_PRES	0	STRAWBERRY	1391	-999	P	80
1279819350316	1	RECOG_FEEDBACK	1
1279819351125	0	RECOG_PRES	0	CAT	257	-999	P	751
1279819352249	0	RECOG_CR_PRES	0	CAT	257	-999	P	59
1279819352599	1	RECOG_FEEDBACK	1
1279819353324	0	RECOG_PRES	0	TELEVISION	1447	-999	P	801
1279819354499	0	RECOG_CR_PRES	0	TELEVISION	1447	-999	P	89
1279819354874	1	RECOG_FEEDBACK	1
1279819355607	0	RECOG_PRES	0	MUSHROOM	934	-999	P	805
1279819356782	0	RECOG_CR_PRES	0	MUSHROOM	934	-999	P	110
1279819357183	1	RECOG_FEEDBACK	1
1279819357965	0	RECOG_PRES	0	SPHINX	1349	-999	P	783
1279819359116	0	RECOG_CR_PRES	0	SPHINX	1349	-999	P	81
1279819359482	1	RECOG_FEEDBACK	1
1279819364748	0	REST
1279819365691	1	REC_START
1279819365723	0	RECOG_PRES	1	MEADOW	881	-999	P	817
1279819366907	0	RECOG_CR_PRES	1	MEADOW	881	-999	P	57
1279819367256	1	RECOG_FEEDBACK	1
1279819368007	0	RECOG_PRES	1	WINGS	1614	-999	P	837
1279819369206	0	RECOG_CR_PRES	1	WINGS	1614	-999	P	46
1279819369548	1	RECOG_FEEDBACK	1
1279819370339	0	RECOG_PRES	1	CAFETERIA	217	-999	P	778
1279819371489	0	RECOG_CR_PRES	1	CAFETERIA	217	-999	P	59
1279819371839	1	RECOG_FEEDBACK	1
1279819372564	0	RECOG_PRES	1	CELLO	268	-999	P	696
1279819373631	0	RECOG_CR_PRES	1	CELLO	268	-999	P	61
1279819373973	1	RECOG_FEEDBACK	1
1279819374722	0	RECOG_PRES	1	ENVELOPE	537	-999	P	714
1279819375806	0	RECOG_CR_PRES	1	ENVELOPE	537	-999	P	54
1279819376148	1	RECOG_FEEDBACK	1
1279819376889	0	RECOG_PRES	1	MINK	897	-999	P	699
1279819377964	0	RECOG_CR_PRES	1	MINK	897	-999	P	49
1279819378297	1	RECOG_FEEDBACK	1
1279819379065	0	RECOG_PRES	1	HANDBAG	684	-999	P	787
1279819380222	0	RECOG_CR_PRES	1	HANDBAG	684	-999	P	86
1279819380597	1	RECOG_FEEDBACK	1
1279819381364	0	RECOG_PRES	1	PELICAN	1039	-999	P	713
1279819382447	0	RECOG_CR_PRES	1	PELICAN	1039	-999	P	53
1279819382780	1	RECOG_FEEDBACK	1
1279819383547	0	RECOG_PRES	1	MICROSCOPE	891	-999	P	721
1279819384638	0	RECOG_CR_PRES	1	MICROSCOPE	891	-999	P	62
1279819384972	1	RECOG_FEEDBACK	1
1279819385713	0	RECOG_PRES	1	BACK	65	-999	P	851
1279819386938	0	RECOG_CR_PRES	1	BACK	65	-999	P	67
1279819387297	1	RECOG_FEEDBACK	1
1279819388081	0	RECOG_PRES	1	SUGAR	1401	-999	P	723
1279819389172	0	RECOG_CR_PRES	1	SUGAR	1401	-999	P	33
1279819389496	1	RECOG_FEEDBACK	1
1279819390221	0	RECOG_PRES	1	PIRATE	1074	-999	P	727
1279819391321	0	RECOG_CR_PRES	1	PIRATE	1074	-999	P	51
1279819391655	1	RECOG_FEEDBACK	1
1279819392446	0	RECOG_PRES	1	MILITARY	894	-999	P	816
1279819393654	0	RECOG_CR_PRES	1	MILITARY	894	-999	P	46
1279819393988	1	RECOG_FEEDBACK	1
1279819394721	0	RECOG_PRES	1	MEAT	883	-999	P	787
1279819395879	0	RECOG_CR_PRES	1	MEAT	883	-999	P	37
1279819396205	1	RECOG_FEEDBACK	1
1279819397022	0	RECOG_PRES	1	ALLIGATOR	16	-999	P	670
1279819398055	0	RECOG_CR_PRES	1	ALLIGATOR	16	-999	P	86
1279819398421	1	RECOG_FEEDBACK	1
1279819399147	0	RECOG_PRES	1	SERVER	1272	-999	P	1305
1279819400821	0	RECOG_CR_PRES	1	SERVER	1272	-999	P	103
1279819401246	1	RECOG_FEEDBACK	1
1279819401970	0	RECOG_PRES	1	SCREW	1254	-999	P	834
1279819403171	0	RECOG_CR_PRES	1	SCREW	1254	-999	P	121
1279819403579	1	RECOG_FEEDBACK	1
1279819404312	0	RECOG_PRES	1	PEACH	1031	-999	P	781
1279819405462	0	RECOG_CR_PRES	1	PEACH	1031	-999	P	102
1279819405854	1	RECOG_FEEDBACK	1
1279819406645	0	RECOG_PRES	1	OPERA	978	-999	P	855
1279819407870	0	RECOG_CR_PRES	1	OPERA	978	-999	P	102
1279819408270	1	RECOG_FEEDBACK	1
1279819408995	0	RECOG_PRES	1	CARROT	249	-999	P	777
1279819410138	0	RECOG_CR_PRES	1	CARROT	249	-999	P	106
1279819410537	1	RECOG_FEEDBACK	1
1279819412270	0	REST
1279819413133	1	REC_START
1279819413171	0	RECOG_PRES	2	EYELASH	546	-999	P	922
1279819414461	0	RECOG_CR_PRES	2	EYELASH	546	-999	P	103
1279819414853	1	RECOG_FEEDBACK	1
1279819415586	0	RECOG_PRES	2	JUVENILE	767	-999	P	786
1279819416744	0	RECOG_CR_PRES	2	JUVENILE	767	-999	P	68
1279819417104	1	RECOG_FEEDBACK	1
1279819417886	0	RECOG_PRES	2	DICE	461	-999	P	686
1279819418944	0	RECOG_CR_PRES	2	DICE	461	-999	P	61
1279819419294	1	RECOG_FEEDBACK	1
1279819420045	0	RECOG_PRES	2	GRADUATE	653	-999	P	847
1279819421261	0	RECOG_CR_PRES	2	GRADUATE	653	-999	P	71
1279819421627	1	RECOG_FEEDBACK	1
1279819422336	0	RECOG_PRES	2	PEDESTRIAN	1038	-999	P	813
1279819423519	0	RECOG_CR_PRES	2	PEDESTRIAN	1038	-999	P	77
1279819423886	1	RECOG_FEEDBACK	1
1279819424652	0	RECOG_PRES	2	PORK	1108	-999	P	1248
1279819426269	0	RECOG_CR_PRES	2	PORK	1108	-999	P	143
1279819426735	1	RECOG_FEEDBACK	1
1279819427502	0	RECOG_PRES	2	ABDOMEN	1	-999	P	742
1279819428618	0	RECOG_CR_PRES	2	ABDOMEN	1	-999	P	66
1279819428968	1	RECOG_FEEDBACK	1
1279819429702	0	RECOG_PRES	2	OWL	992	-999	P	1246
1279819431318	0	RECOG_CR_PRES	2	OWL	992	-999	P	94
1279819431735	1	RECOG_FEEDBACK	1
1279819432452	0	RECOG_PRES	2	BANDIT	81	-999	P	792
1279819433618	0	RECOG_CR_PRES	2	BANDIT	81	-999	P	106
1279819434002	1	RECOG_FEEDBACK	1
1279819434810	0	RECOG_PRES	2	VOLCANO	1575	-999	P	738
1279819435918	0	RECOG_CR_PRES	2	VOLCANO	1575	-999	P	111
1279819436318	1	RECOG_FEEDBACK	1
1279819437069	0	RECOG_PRES	2	RUBY	1214	-999	P	1191
1279819438634	0	RECOG_CR_PRES	2	RUBY	1214	-999	P	90
1279819439035	1	RECOG_FEEDBACK	1
1279819439826	0	RECOG_PRES	2	CONSOLE	364	-999	P	810
1279819441010	0	RECOG_CR_PRES	2	CONSOLE	364	-999	P	67
1279819441368	1	RECOG_FEEDBACK	1
1279819442169	0	RECOG_PRES	2	STAIRS	1367	-999	P	763
1279819443292	0	RECOG_CR_PRES	2	STAIRS	1367	-999	P	104
1279819443684	1	RECOG_FEEDBACK	1
1279819444426	0	RECOG_PRES	2	BEETLE	116	-999	P	691
1279819445484	0	RECOG_CR_PRES	2	BEETLE	116	-999	P	56
1279819445817	1	RECOG_FEEDBACK	1
1279819446617	0	RECOG_PRES	2	SPACE	1345	-999	P	723
1279819447709	0	RECOG_CR_PRES	2	SPACE	1345	-999	P	127
1279819448118	1	RECOG_FEEDBACK	1
1279819448884	0	RECOG_PRES	2	POLYESTER	1100	-999	P	760
1279819450010	0	RECOG_CR_PRES	2	POLYESTER	1100	-999	P	83
1279819450384	1	RECOG_FEEDBACK	1
1279819451126	0	RECOG_PRES	2	CHIME	300	-999	P	718
1279819452217	0	RECOG_CR_PRES	2	CHIME	300	-999	P	75
1279819452583	1	RECOG_FEEDBACK	1
1279819453325	0	RECOG_PRES	2	STAFF	1365	-999	P	760
1279819454458	0	RECOG_CR_PRES	2	STAFF	1365	-999	P	106
1279819454850	1	RECOG_FEEDBACK	1
1279819455658	0	RECOG_PRES	2	COTTON	385	-999	P	786
1279819456816	0	RECOG_CR_PRES	2	COTTON	385	-999	P	84
1279819457192	1	RECOG_FEEDBACK	1
1279819457983	0	RECOG_PRES	2	PACKAGE	997	-999	P	773
1279819459117	0	RECOG_CR_PRES	2	PACKAGE	997	-999	P	119
1279819459525	1	RECOG_FEEDBACK	1
1279819463283	0	REST
1279819464139	1	REC_START
1279819464175	0	RECOG_PRES	3	COBRA	336	-999	P	805
1279819465349	0	RECOG_CR_PRES	3	COBRA	336	-999	P	103
1279819465732	1	RECOG_FEEDBACK	1
1279819466516	0	RECOG_PRES	3	TERMITE	1451	-999	P	872
1279819467757	0	RECOG_CR_PRES	3	TERMITE	1451	-999	P	71
1279819468125	1	RECOG_FEEDBACK	1
1279819468924	0	RECOG_PRES	3	CORD	379	-999	P	896
1279819470183	0	RECOG_CR_PRES	3	CORD	379	-999	P	101
1279819470574	1	RECOG_FEEDBACK	1
1279819471340	0	RECOG_PRES	3	CINNAMON	310	-999	P	834
1279819472574	0	RECOG_CR_PRES	3	CINNAMON	310	-999	P	62
1279819472932	1	RECOG_FEEDBACK	1
1279819473698	0	RECOG_PRES	3	SACK	1220	-999	P	841
1279819474948	0	RECOG_CR_PRES	3	SACK	1220	-999	P	65
1279819475298	1	RECOG_FEEDBACK	1
1279819476033	0	RECOG_PRES	3	OLIVE	975	-999	P	779
1279819477174	0	RECOG_CR_PRES	3	OLIVE	975	-999	P	110
1279819477573	1	RECOG_FEEDBACK	1
1279819478290	0	RECOG_PRES	3	OCTOPUS	971	-999	P	723
1279819479381	0	RECOG_CR_PRES	3	OCTOPUS	971	-999	P	87
1279819479748	1	RECOG_FEEDBACK	1
1279819480498	0	RECOG_PRES	3	GRAPE	654	-999	P	738
1279819481606	0	RECOG_CR_PRES	3	GRAPE	654	-999	P	110
1279819481998	1	RECOG_FEEDBACK	1
1279819482806	0	RECOG_PRES	3	ELECTRICIAN	521	-999	P	710
1279819483889	0	RECOG_CR_PRES	3	ELECTRICIAN	521	-999	P	59
1279819484239	1	RECOG_FEEDBACK	1
1279819484973	0	RECOG_PRES	3	SUITCASE	1403	-999	P	783
1279819486124	0	RECOG_CR_PRES	3	SUITCASE	1403	-999	P	128
1279819486539	1	RECOG_FEEDBACK	1
1279819487281	0	RECOG_PRES	3	RELATIVE	1182	-999	P	804
1279819488456	0	RECOG_CR_PRES	3	RELATIVE	1182	-999	P	92
1279819488839	1	RECOG_FEEDBACK	1
1279819489606	0	RECOG_PRES	3	SAILOR	1223	-999	P	742
1279819490722	0	RECOG_CR_PRES	3	SAILOR	1223	-999	P	98
1279819491098	1	RECOG_FEEDBACK	1
1279819491905	0	RECOG_PRES	3	RASH	1167	-999	P	731
1279819493006	0	RECOG_CR_PRES	3	RASH	1167	-999	P	79
1279819493372	1	RECOG_FEEDBACK	1
1279819494098	0	RECOG_PRES	3	LENS	811	-999	P	778
1279819495247	0	RECOG_CR_PRES	3	LENS	811	-999	P	85
1279819495622	1	RECOG_FEEDBACK	1
1279819496388	0	RECOG_PRES	3	GROUND	666	-999	P	617
1279819497380	0	RECOG_CR_PRES	3	GROUND	666	-999	P	72
1279819497738	1	RECOG_FEEDBACK	1
1279819498497	0	RECOG_PRES	3	ACID	2	-999	P	842
1279819499738	0	RECOG_CR_PRES	3	ACID	2	-999	P	50
1279819500089	1	RECOG_FEEDBACK	1
1279819500855	0	RECOG_PRES	3	LAUNDRY	803	-999	P	842
1279819502089	0	RECOG_CR_PRES	3	LAUNDRY	803	-999	P	68
1279819502455	1	RECOG_FEEDBACK	1
1279819503255	0	RECOG_PRES	3	TREAD	1499	-999	P	1093
1279819504721	0	RECOG_CR_PRES	3	TREAD	1499	-999	P	107
1279819505130	1	RECOG_FEEDBACK	1
1279819505863	0	RECOG_PRES	3	CAPTAIN	239	-999	P	789
1279819507014	0	RECOG_CR_PRES	3	CAPTAIN	239	-999	P	111
1279819507404	1	RECOG_FEEDBACK	1
1279819508147	0	RECOG_PRES	3	DOUGHNUT	490	-999	P	745
1279819509262	0	RECOG_CR_PRES	3	DOUGHNUT	490	-999	P	94
1279819509637	1	RECOG_FEEDBACK	1
1279819511487	0	REST
1279819512387	1	REC_START
1279819512421	0	RECOG_PRES	4	KING	777	-999	P	752
1279819513545	0	RECOG_CR_PRES	4	KING	777	-999	P	99
1279819513920	1	RECOG_FEEDBACK	1
1279819514720	0	RECOG_PRES	4	AIRPLANE	12	-999	P	940
1279819516021	0	RECOG_CR_PRES	4	AIRPLANE	12	-999	P	80
1279819516395	1	RECOG_FEEDBACK	1
1279819517155	0	RECOG_PRES	4	AGENT	10	-999	P	737
1279819518253	0	RECOG_CR_PRES	4	AGENT	10	-999	P	111
1279819518645	1	RECOG_FEEDBACK	1
1279819519437	0	RECOG_PRES	4	BANKER	84	-999	P	688
1279819520495	0	RECOG_CR_PRES	4	BANKER	84	-999	P	85
1279819520862	1	RECOG_FEEDBACK	1
1279819521586	0	RECOG_PRES	4	PARTNER	1017	-999	P	738
1279819522695	0	RECOG_CR_PRES	4	PARTNER	1017	-999	P	117
1279819523096	1	RECOG_FEEDBACK	1
1279819523811	0	RECOG_PRES	4	ZEBRA	1635	-999	P	1041
1279819525228	0	RECOG_CR_PRES	4	ZEBRA	1635	-999	P	80
1279819525595	1	RECOG_FEEDBACK	1
1279819526319	0	RECOG_PRES	4	BONE	148	-999	P	876
1279819527594	0	RECOG_CR_PRES	4	BONE	148	-999	P	82
1279819527969	1	RECOG_FEEDBACK	1
1279819528678	0	RECOG_PRES	4	TREASURE	1500	-999	P	774
1279819529828	0	RECOG_CR_PRES	4	TREASURE	1500	-999	P	120
1279819530236	1	RECOG_FEEDBACK	1
1279819530994	0	RECOG_PRES	4	ADOLESCENT	7	-999	P	826
1279819532187	0	RECOG_CR_PRES	4	ADOLESCENT	7	-999	P	89
1279819532569	1	RECOG_FEEDBACK	1
1279819533277	0	RECOG_PRES	4	GOWN	652	-999	P	776
1279819534427	0	RECOG_CR_PRES	4	GOWN	652	-999	P	105
1279819534810	1	RECOG_FEEDBACK	1
1279819535544	0	RECOG_PRES	4	SAND	1230	-999	P	780
1279819536694	0	RECOG_CR_PRES	4	SAND	1230	-999	P	110
1279819537086	1	RECOG_FEEDBACK	1
1279819537860	0	RECOG_PRES	4	PARTY	1018	-999	P	1080
1279819539310	0	RECOG_CR_PRES	4	PARTY	1018	-999	P	126
1279819539743	1	RECOG_FEEDBACK	1
1279819540502	0	RECOG_PRES	4	PUPPY	1144	-999	P	750
1279819541627	0	RECOG_CR_PRES	4	PUPPY	1144	-999	P	105
1279819542011	1	RECOG_FEEDBACK	1
1279819542752	0	RECOG_PRES	4	HOME	712	-999	P	764
1279819543885	0	RECOG_CR_PRES	4	HOME	712	-999	P	128
1279819544285	1	RECOG_FEEDBACK	1
1279819545002	0	RECOG_PRES	4	FLOUR	583	-999	P	738
1279819546102	0	RECOG_CR_PRES	4	FLOUR	583	-999	P	126
1279819546510	1	RECOG_FEEDBACK	1
1279819547243	0	RECOG_PRES	4	BUS	201	-999	P	794
1279819548409	0	RECOG_CR_PRES	4	BUS	201	-999	P	123
1279819548809	1	RECOG_FEEDBACK	1
1279819549559	0	RECOG_PRES	4	YOKE	1632	-999	P	813
1279819550743	0	RECOG_CR_PRES	4	YOKE	1632	-999	P	85
1279819551119	1	RECOG_FEEDBACK	1
1279819551868	0	RECOG_PRES	4	LEG	809	-999	P	744
1279819552984	0	RECOG_CR_PRES	4	LEG	809	-999	P	165
1279819553417	1	RECOG_FEEDBACK	1
1279819554118	0	RECOG_PRES	4	COPIER	377	-999	P	878
1279819555367	0	RECOG_CR_PRES	4	COPIER	377	-999	P	149
1279819555792	1	RECOG_FEEDBACK	1
1279819556500	0	RECOG_PRES	4	NAVIGATOR	938	-999	P	880
1279819557750	0	RECOG_CR_PRES	4	NAVIGATOR	938	-999	P	150
1279819558193	1	RECOG_FEEDBACK	1
1279819560026	0	REST
1279819560876	1	REC_START
1279819560909	0	RECOG_PRES	5	OAR	966	-999	P	1431
1279819562708	0	RECOG_CR_PRES	5	OAR	966	-999	P	120
1279819563134	1	RECOG_FEEDBACK	1
1279819563892	0	RECOG_PRES	5	TONGUE	1479	-999	P	776
1279819565043	0	RECOG_CR_PRES	5	TONGUE	1479	-999	P	98
1279819565417	1	RECOG_FEEDBACK	1
1279819566208	0	RECOG_PRES	5	PLAID	1080	-999	P	788
1279819567366	0	RECOG_CR_PRES	5	PLAID	1080	-999	P	102
1279819567758	1	RECOG_FEEDBACK	1
1279819568533	0	RECOG_PRES	5	ANCHOR	21	-999	P	799
1279819569708	0	RECOG_CR_PRES	5	ANCHOR	21	-999	P	104
1279819570101	1	RECOG_FEEDBACK	1
1279819570816	0	RECOG_PRES	5	OCEAN	970	-999	P	780
1279819571966	0	RECOG_CR_PRES	5	OCEAN	970	-999	P	71
1279819572316	1	RECOG_FEEDBACK	1
1279819573125	0	RECOG_PRES	5	TOY	1492	-999	P	751
1279819574249	0	RECOG_CR_PRES	5	TOY	1492	-999	P	99
1279819574632	1	RECOG_FEEDBACK	1
1279819575374	0	RECOG_PRES	5	PORPOISE	1109	-999	P	799
1279819576541	0	RECOG_CR_PRES	5	PORPOISE	1109	-999	P	127
1279819576949	1	RECOG_FEEDBACK	1
1279819577724	0	RECOG_PRES	5	TYPIST	1532	-999	P	768
1279819578866	0	RECOG_CR_PRES	5	TYPIST	1532	-999	P	106
1279819579257	1	RECOG_FEEDBACK	1
1279819580025	0	RECOG_PRES	5	SKILLET	1317	-999	P	763
1279819581150	0	RECOG_CR_PRES	5	SKILLET	1317	-999	P	126
1279819581557	1	RECOG_FEEDBACK	1
1279819582290	0	RECOG_PRES	5	MICROWAVE	892	-999	P	706
1279819583365	0	RECOG_CR_PRES	5	MICROWAVE	892	-999	P	135
1279819583774	1	RECOG_FEEDBACK	1
1279819584565	0	RECOG_PRES	5	CHEEK	287	-999	P	735
1279819585682	0	RECOG_CR_PRES	5	CHEEK	287	-999	P	106
1279819586074	1	RECOG_FEEDBACK	1
1279819586790	0	RECOG_PRES	5	SCOTCH	1251	-999	P	678
1279819587840	0	RECOG_CR_PRES	5	SCOTCH	1251	-999	P	124
1279819588240	1	RECOG_FEEDBACK	1
1279819589041	0	RECOG_PRES	5	ARTERY	41	-999	P	875
1279819590290	0	RECOG_CR_PRES	5	ARTERY	41	-999	P	90
1279819590681	1	RECOG_FEEDBACK	1
1279819591398	0	RECOG_PRES	5	SURVEY	1414	-999	P	759
1279819592531	0	RECOG_CR_PRES	5	SURVEY	1414	-999	P	161
1279819592973	1	RECOG_FEEDBACK	1
1279819593781	0	RECOG_PRES	5	EAR	513	-999	P	791
1279819594948	0	RECOG_CR_PRES	5	EAR	513	-999	P	137
1279819595373	1	RECOG_FEEDBACK	1
1279819596140	0	RECOG_PRES	5	DELINQUENT	445	-999	P	728
1279819597239	0	RECOG_CR_PRES	5	DELINQUENT	445	-999	P	157
1279819597681	1	RECOG_FEEDBACK	1
1279819598414	0	RECOG_PRES	5	SCREEN	1253	-999	P	695
1279819599481	0	RECOG_CR_PRES	5	SCREEN	1253	-999	P	179
1279819599939	1	RECOG_FEEDBACK	1
1279819600664	0	RECOG_PRES	5	PRAIRIE	1118	-999	P	708
1279819601747	0	RECOG_CR_PRES	5	PRAIRIE	1118	-999	P	97
1279819602081	1	RECOG_FEEDBACK	-1
1279819602822	0	RECOG_PRES	5	PARIS	1014	-999	P	1094
1279819604289	0	RECOG_CR_PRES	5	PARIS	1014	-999	P	179
1279819604764	1	RECOG_FEEDBACK	1
1279819605539	0	RECOG_PRES	5	OZONE	996	-999	P	825
1279819606738	0	RECOG_CR_PRES	5	OZONE	996	-999	P	178
1279819607189	1	RECOG_FEEDBACK	1
1279819610247	0	REST
1279819611223	1	REC_START
1279819611255	0	RECOG_PRES	6	CHIEF	298	-999	P	814
1279819612438	0	RECOG_CR_PRES	6	CHIEF	298	-999	P	118
1279819612846	1	RECOG_FEEDBACK	1
1279819613571	0	RECOG_PRES	6	CHIPMUNK	304	-999	P	681
1279819614621	0	RECOG_CR_PRES	6	CHIPMUNK	304	-999	P	87
1279819614980	1	RECOG_FEEDBACK	1
1279819615763	0	RECOG_PRES	6	TENT	1449	-999	P	729
1279819616863	0	RECOG_CR_PRES	6	TENT	1449	-999	P	85
1279819617229	1	RECOG_FEEDBACK	1
1279819618022	0	RECOG_PRES	6	THREAD	1460	-999	P	1638
1279819620022	0	RECOG_CR_PRES	6	THREAD	1460	-999	P	127
1279819620462	1	RECOG_FEEDBACK	1
1279819621212	0	RECOG_PRES	6	DAD	433	-999	P	793
1279819622379	0	RECOG_CR_PRES	6	DAD	433	-999	P	113
1279819622771	1	RECOG_FEEDBACK	1
1279819623529	0	RECOG_PRES	6	ASTEROID	50	-999	P	795
1279819624695	0	RECOG_CR_PRES	6	ASTEROID	50	-999	P	109
1279819625096	1	RECOG_FEEDBACK	1
1279819625887	0	RECOG_PRES	6	ARMY	39	-999	P	685
1279819626945	0	RECOG_CR_PRES	6	ARMY	39	-999	P	116
1279819627354	1	RECOG_FEEDBACK	1
1279819628080	0	RECOG_PRES	6	PADDLE	1000	-999	P	812
1279819629253	0	RECOG_CR_PRES	6	PADDLE	1000	-999	P	135
1279819629678	1	RECOG_FEEDBACK	1
1279819630470	0	RECOG_PRES	6	DYNAMITE	511	-999	P	934
1279819631778	0	RECOG_CR_PRES	6	DYNAMITE	511	-999	P	138
1279819632220	1	RECOG_FEEDBACK	1
1279819633004	0	RECOG_PRES	6	TRIGGER	1507	-999	P	784
1279819634154	0	RECOG_CR_PRES	6	TRIGGER	1507	-999	P	130
1279819634578	1	RECOG_FEEDBACK	1
1279819635328	0	RECOG_PRES	6	BLACKBERRY	132	-999	P	709
1279819636411	0	RECOG_CR_PRES	6	BLACKBERRY	132	-999	P	161
1279819636861	1	RECOG_FEEDBACK	1
1279819637586	0	RECOG_PRES	6	MARROW	872	-999	P	794
1279819638753	0	RECOG_CR_PRES	6	MARROW	872	-999	P	99
1279819639154	1	RECOG_FEEDBACK	1
1279819639944	0	RECOG_PRES	6	PAIL	1002	-999	P	756
1279819641062	0	RECOG_CR_PRES	6	PAIL	1002	-999	P	190
1279819641553	1	RECOG_FEEDBACK	1
1279819642269	0	RECOG_PRES	6	LIGHTER	819	-999	P	1239
1279819643877	0	RECOG_CR_PRES	6	LIGHTER	819	-999	P	160
1279819644344	1	RECOG_FEEDBACK	1
1279819645112	0	RECOG_PRES	6	ICING	732	-999	P	893
1279819646377	0	RECOG_CR_PRES	6	ICING	732	-999	P	131
1279819646802	1	RECOG_FEEDBACK	1
1279819647510	0	RECOG_PRES	6	WOLF	1619	-999	P	846
1279819648727	0	RECOG_CR_PRES	6	WOLF	1619	-999	P	157
1279819649170	1	RECOG_FEEDBACK	1
1279819649952	0	RECOG_PRES	6	LID	817	-999	P	824
1279819651169	0	RECOG_CR_PRES	6	LID	817	-999	P	123
1279819651593	1	RECOG_FEEDBACK	1
1279819652360	0	RECOG_PRES	6	FUGITIVE	612	-999	P	829
1279819653560	0	RECOG_CR_PRES	6	FUGITIVE	612	-999	P	180
1279819654044	1	RECOG_FEEDBACK	1
1279819654851	0	RECOG_PRES	6	SUPERMARKET	1409	-999	P	889
1279819656102	0	RECOG_CR_PRES	6	SUPERMARKET	1409	-999	P	142
1279819656543	1	RECOG_FEEDBACK	1
1279819657268	0	RECOG_PRES	6	WAITER	1580	-999	P	728
1279819658368	0	RECOG_CR_PRES	6	WAITER	1580	-999	P	92
1279819658751	1	RECOG_FEEDBACK	1
1279819661534	0	REST
1279819662415	1	REC_START
1279819662451	0	RECOG_PRES	7	KITE	779	-999	P	761
1279819663584	0	RECOG_CR_PRES	7	KITE	779	-999	P	140
1279819664010	1	RECOG_FEEDBACK	1
1279819664792	0	RECOG_PRES	7	MUSTARD	935	-999	P	692
1279819665859	0	RECOG_CR_PRES	7	MUSTARD	935	-999	P	97
1279819666251	1	RECOG_FEEDBACK	1
1279819667027	0	RECOG_PRES	7	FACE	547	-999	P	601
1279819668002	0	RECOG_CR_PRES	7	FACE	547	-999	P	107
1279819668400	1	RECOG_FEEDBACK	1
1279819669185	0	RECOG_PRES	7	BOOTH	151	-999	P	852
1279819670409	0	RECOG_CR_PRES	7	BOOTH	151	-999	P	59
1279819670767	1	RECOG_FEEDBACK	1
1279819671525	0	RECOG_PRES	7	CAB	209	-999	P	687
1279819672583	0	RECOG_CR_PRES	7	CAB	209	-999	P	61
1279819672925	1	RECOG_FEEDBACK	1
1279819673717	0	RECOG_PRES	7	RAT	1169	-999	P	727
1279819674817	0	RECOG_CR_PRES	7	RAT	1169	-999	P	75
1279819675193	1	RECOG_FEEDBACK	1
1279819675925	0	RECOG_PRES	7	ROPE	1211	-999	P	655
1279819676950	0	RECOG_CR_PRES	7	ROPE	1211	-999	P	151
1279819677400	1	RECOG_FEEDBACK	1
1279819678134	0	RECOG_PRES	7	CHAIN	273	-999	P	854
1279819679358	0	RECOG_CR_PRES	7	CHAIN	273	-999	P	54
1279819679716	1	RECOG_FEEDBACK	1
1279819680466	0	RECOG_PRES	7	PRINCE	1124	-999	P	810
1279819681650	0	RECOG_CR_PRES	7	PRINCE	1124	-999	P	66
1279819682009	1	RECOG_FEEDBACK	1
1279819682783	0	RECOG_PRES	7	VIOLA	1570	-999	P	805
1279819683958	0	RECOG_CR_PRES	7	VIOLA	1570	-999	P	127
1279819684374	1	RECOG_FEEDBACK	1
1279819685142	0	RECOG_PRES	7	CABIN	211	-999	P	830
1279819686341	0	RECOG_CR_PRES	7	CABIN	211	-999	P	103
1279819686732	1	RECOG_FEEDBACK	1
1279819687507	0	RECOG_PRES	7	MOWER	928	-999	P	785
1279819688666	0	RECOG_CR_PRES	7	MOWER	928	-999	P	122
1279819689075	1	RECOG_FEEDBACK	1
1279819689882	0	RECOG_PRES	7	WART	1590	-999	P	1658
1279819691915	0	RECOG_CR_PRES	7	WART	1590	-999	P	81
1279819692332	1	RECOG_FEEDBACK	1
1279819693058	0	RECOG_PRES	7	OATS	968	-999	P	882
1279819694340	0	RECOG_CR_PRES	7	OATS	968	-999	P	80
1279819694707	1	RECOG_FEEDBACK	1
1279819695465	0	RECOG_PRES	7	MAPLE	866	-999	P	843
1279819696682	0	RECOG_CR_PRES	7	MAPLE	866	-999	P	130
1279819697099	1	RECOG_FEEDBACK	1
1279819697873	0	RECOG_PRES	7	MAMMAL	861	-999	P	731
1279819698973	0	RECOG_CR_PRES	7	MAMMAL	861	-999	P	104
1279819699356	1	RECOG_FEEDBACK	1
1279819700099	0	RECOG_PRES	7	OFFICE	972	-999	P	737
1279819701199	0	RECOG_CR_PRES	7	OFFICE	972	-999	P	109
1279819701590	1	RECOG_FEEDBACK	1
1279819702306	0	RECOG_PRES	7	JOINT	758	-999	P	763
1279819703440	0	RECOG_CR_PRES	7	JOINT	758	-999	P	100
1279819703814	1	RECOG_FEEDBACK	1
1279819704606	0	RECOG_PRES	7	CATHEDRAL	260	-999	P	1150
1279819706124	0	RECOG_CR_PRES	7	CATHEDRAL	260	-999	P	128
1279819706556	1	RECOG_FEEDBACK	1
1279819707314	0	RECOG_PRES	7	MASK	876	-999	P	763
1279819708447	0	RECOG_CR_PRES	7	MASK	876	-999	P	125
1279819708864	1	RECOG_FEEDBACK	1
1279819712931	0	REST
1279819714012	1	REC_START
1279819714048	0	RECOG_PRES	8	SHEPHERD	1283	-999	P	772
1279819715181	0	RECOG_CR_PRES	8	SHEPHERD	1283	-999	P	127
1279819715589	1	RECOG_FEEDBACK	1
1279819716347	0	RECOG_PRES	8	SPARROW	1347	-999	P	714
1279819717430	0	RECOG_CR_PRES	8	SPARROW	1347	-999	P	118
1279819717830	1	RECOG_FEEDBACK	1
1279819718547	0	RECOG_PRES	8	CRAB	397	-999	P	737
1279819719655	0	RECOG_CR_PRES	8	CRAB	397	-999	P	101
1279819720048	1	RECOG_FEEDBACK	1
1279819720847	0	RECOG_PRES	8	TICKET	1464	-999	P	733
1279819721946	0	RECOG_CR_PRES	8	TICKET	1464	-999	P	131
1279819722363	1	RECOG_FEEDBACK	1
1279819723097	0	RECOG_PRES	8	RIDER	1191	-999	P	819
1279819724288	0	RECOG_CR_PRES	8	RIDER	1191	-999	P	92
1279819724680	1	RECOG_FEEDBACK	1
1279819725405	0	RECOG_PRES	8	PIE	1062	-999	P	882
1279819726679	0	RECOG_CR_PRES	8	PIE	1062	-999	P	101
1279819727080	1	RECOG_FEEDBACK	1
1279819727838	0	RECOG_PRES	8	CAPE	237	-999	P	790
1279819728996	0	RECOG_CR_PRES	8	CAPE	237	-999	P	89
1279819729363	1	RECOG_FEEDBACK	1
1279819730139	0	RECOG_PRES	8	FIG	563	-999	P	817
1279819731329	0	RECOG_CR_PRES	8	FIG	563	-999	P	83
1279819731704	1	RECOG_FEEDBACK	1
1279819732512	0	RECOG_PRES	8	FLESH	579	-999	P	716
1279819733604	0	RECOG_CR_PRES	8	FLESH	579	-999	P	120
1279819734013	1	RECOG_FEEDBACK	1
1279819734762	0	RECOG_PRES	8	BRIDE	173	-999	P	754
1279819735887	0	RECOG_CR_PRES	8	BRIDE	173	-999	P	77
1279819736254	1	RECOG_FEEDBACK	1
1279819737063	0	RECOG_PRES	8	TROUSERS	1510	-999	P	797
1279819738229	0	RECOG_CR_PRES	8	TROUSERS	1510	-999	P	103
1279819738620	1	RECOG_FEEDBACK	1
1279819739353	0	RECOG_PRES	8	FOX	598	-999	P	995
1279819740720	0	RECOG_CR_PRES	8	FOX	598	-999	P	84
1279819741129	1	RECOG_FEEDBACK	1
1279819741920	0	RECOG_PRES	8	STOMACH	1384	-999	P	756
1279819743038	0	RECOG_CR_PRES	8	STOMACH	1384	-999	P	151
1279819743478	1	RECOG_FEEDBACK	1
1279819744278	0	RECOG_PRES	8	BROOK	177	-999	P	1718
1279819746370	0	RECOG_CR_PRES	8	BROOK	177	-999	P	106
1279819746795	1	RECOG_FEEDBACK	1
1279819747553	0	RECOG_PRES	8	COUSIN	392	-999	P	2971
1279819750894	0	RECOG_CR_PRES	8	COUSIN	392	-999	P	119
1279819751353	1	RECOG_FEEDBACK	1
1279819752070	0	RECOG_PRES	8	ACTOR	5	-999	P	967
1279819753411	0	RECOG_CR_PRES	8	ACTOR	5	-999	P	97
1279819753802	1	RECOG_FEEDBACK	1
1279819754536	0	RECOG_PRES	8	DOG	480	-999	P	756
1279819755661	0	RECOG_CR_PRES	8	DOG	480	-999	P	103
1279819756045	1	RECOG_FEEDBACK	1
1279819756760	0	RECOG_PRES	8	IGLOO	734	-999	P	700
1279819757835	0	RECOG_CR_PRES	8	IGLOO	734	-999	P	121
1279819758227	1	RECOG_FEEDBACK	1
1279819758960	0	RECOG_PRES	8	CELLAR	267	-999	P	740
1279819760061	0	RECOG_CR_PRES	8	CELLAR	267	-999	P	120
1279819760452	1	RECOG_FEEDBACK	1
1279819761244	0	RECOG_PRES	8	GLOBE	641	-999	P	808
1279819762452	0	RECOG_CR_PRES	8	GLOBE	641	-999	P	80
1279819762827	1	RECOG_FEEDBACK	1
1279819764568	0	REST
1279819765767	1	REC_START
1279819765802	0	RECOG_PRES	9	DEER	444	-999	P	834
1279819767002	0	RECOG_CR_PRES	9	DEER	444	-999	P	91
1279819767385	1	RECOG_FEEDBACK	1
1279819768152	0	RECOG_PRES	9	FLIPPER	580	-999	P	1140
1279819769668	0	RECOG_CR_PRES	9	FLIPPER	580	-999	P	104
1279819770094	1	RECOG_FEEDBACK	1
1279819770826	0	RECOG_PRES	9	ROSE	1212	-999	P	954
1279819772144	0	RECOG_CR_PRES	9	ROSE	1212	-999	P	84
1279819772526	1	RECOG_FEEDBACK	1
1279819773259	0	RECOG_PRES	9	BRIDGE	174	-999	P	762
1279819774393	0	RECOG_CR_PRES	9	BRIDGE	174	-999	P	91
1279819774776	1	RECOG_FEEDBACK	1
1279819775559	0	RECOG_PRES	9	INMATE	738	-999	P	821
1279819776751	0	RECOG_CR_PRES	9	INMATE	738	-999	P	85
1279819777127	1	RECOG_FEEDBACK	1
1279819777867	0	RECOG_PRES	9	EMPEROR	529	-999	P	866
1279819779126	0	RECOG_CR_PRES	9	EMPEROR	529	-999	P	86
1279819779509	1	RECOG_FEEDBACK	1
1279819780300	0	RECOG_PRES	9	STAKE	1368	-999	P	737
1279819781409	0	RECOG_CR_PRES	9	STAKE	1368	-999	P	83
1279819781775	1	RECOG_FEEDBACK	1
1279819782517	0	RECOG_PRES	9	CONVICT	371	-999	P	807
1279819783700	0	RECOG_CR_PRES	9	CONVICT	371	-999	P	72
1279819784051	1	RECOG_FEEDBACK	1
1279819784775	0	RECOG_PRES	9	ATLAS	53	-999	P	1653
1279819786800	0	RECOG_CR_PRES	9	ATLAS	53	-999	P	76
1279819787193	1	RECOG_FEEDBACK	1
1279819787958	0	RECOG_PRES	9	LIMOUSINE	824	-999	P	1302
1279819789633	0	RECOG_CR_PRES	9	LIMOUSINE	824	-999	P	75
1279819790017	1	RECOG_FEEDBACK	1
1279819790750	0	RECOG_PRES	9	CAGE	218	-999	P	750
1279819791875	0	RECOG_CR_PRES	9	CAGE	218	-999	P	65
1279819792216	1	RECOG_FEEDBACK	1
1279819792949	0	RECOG_PRES	9	ASPIRIN	47	-999	P	783
1279819794100	0	RECOG_CR_PRES	9	ASPIRIN	47	-999	P	216
1279819794599	1	RECOG_FEEDBACK	1
1279819795333	0	RECOG_PRES	9	VIDEO	1564	-999	P	792
1279819796499	0	RECOG_CR_PRES	9	VIDEO	1564	-999	P	104
1279819796891	1	RECOG_FEEDBACK	1
1279819797674	0	RECOG_PRES	9	PLIERS	1089	-999	P	794
1279819798841	0	RECOG_CR_PRES	9	PLIERS	1089	-999	P	123
1279819799249	1	RECOG_FEEDBACK	1
1279819800042	0	RECOG_PRES	9	GROOM	665	-999	P	816
1279819801257	0	RECOG_CR_PRES	9	GROOM	665	-999	P	91
1279819801640	1	RECOG_FEEDBACK	1
1279819802349	0	RECOG_PRES	9	RANCH	1166	-999	P	1231
1279819803949	0	RECOG_CR_PRES	9	RANCH	1166	-999	P	96
1279819804349	1	RECOG_FEEDBACK	1
1279819805150	0	RECOG_PRES	9	CASTLE	256	-999	P	845
1279819806365	0	RECOG_CR_PRES	9	CASTLE	256	-999	P	143
1279819806798	1	RECOG_FEEDBACK	1
1279819807507	0	RECOG_PRES	9	ITEM	746	-999	P	937
1279819808815	0	RECOG_CR_PRES	9	ITEM	746	-999	P	45
1279819809158	1	RECOG_FEEDBACK	1
1279819809873	0	RECOG_PRES	9	SALESMAN	1225	-999	P	1132
1279819811373	0	RECOG_CR_PRES	9	SALESMAN	1225	-999	P	79
1279819811756	1	RECOG_FEEDBACK	1
1279819812473	0	RECOG_PRES	9	CITIZEN	312	-999	P	747
1279819813590	0	RECOG_CR_PRES	9	CITIZEN	312	-999	P	86
1279819813948	1	RECOG_FEEDBACK	1
1279819815906	0	REST
1279819816825	1	REC_START
1279819816856	0	RECOG_PRES	10	ISLAND	745	-999	P	764
1279819817989	0	RECOG_CR_PRES	10	ISLAND	745	-999	P	120
1279819818389	1	RECOG_FEEDBACK	1
1279819819098	0	RECOG_PRES	10	REPTILE	1185	-999	P	778
1279819820247	0	RECOG_CR_PRES	10	REPTILE	1185	-999	P	45
1279819820581	1	RECOG_FEEDBACK	1
1279819821314	0	RECOG_PRES	10	CRYSTAL	418	-999	P	763
1279819822447	0	RECOG_CR_PRES	10	CRYSTAL	418	-999	P	77
1279819822806	1	RECOG_FEEDBACK	1
1279819823555	0	RECOG_PRES	10	RESORT	1186	-999	P	777
1279819824705	0	RECOG_CR_PRES	10	RESORT	1186	-999	P	67
1279819825056	1	RECOG_FEEDBACK	1
1279819825864	0	RECOG_PRES	10	SHORTCAKE	1292	-999	P	799
1279819827056	0	RECOG_CR_PRES	10	SHORTCAKE	1292	-999	P	93
1279819827438	1	RECOG_FEEDBACK	1
1279819828222	0	RECOG_PRES	10	FURNITURE	616	-999	P	718
1279819829313	0	RECOG_CR_PRES	10	FURNITURE	616	-999	P	83
1279819829672	1	RECOG_FEEDBACK	1
1279819830430	0	RECOG_PRES	10	BOARD	143	-999	P	926
1279819831730	0	RECOG_CR_PRES	10	BOARD	143	-999	P	74
1279819832097	1	RECOG_FEEDBACK	1
1279819832838	0	RECOG_PRES	10	COWARD	394	-999	P	918
1279819834122	0	RECOG_CR_PRES	10	COWARD	394	-999	P	43
1279819834455	1	RECOG_FEEDBACK	1
1279819835164	0	RECOG_PRES	10	PURSE	1145	-999	P	891
1279819836454	0	RECOG_CR_PRES	10	PURSE	1145	-999	P	38
1279819836771	1	RECOG_FEEDBACK	1
1279819837488	0	RECOG_PRES	10	RATTLE	1170	-999	P	796
1279819838654	0	RECOG_CR_PRES	10	RATTLE	1170	-999	P	102
1279819839039	1	RECOG_FEEDBACK	1
1279819839779	0	RECOG_PRES	10	SHORE	1291	-999	P	721
1279819840871	0	RECOG_CR_PRES	10	SHORE	1291	-999	P	85
1279819841229	1	RECOG_FEEDBACK	1
1279819842022	0	RECOG_PRES	10	CALF	222	-999	P	710
1279819843097	0	RECOG_CR_PRES	10	CALF	222	-999	P	100
1279819843479	1	RECOG_FEEDBACK	1
1279819844205	0	RECOG_PRES	10	WAGON	1578	-999	P	775
1279819845354	0	RECOG_CR_PRES	10	WAGON	1578	-999	P	74
1279819845712	1	RECOG_FEEDBACK	1
1279819846479	0	RECOG_PRES	10	WITNESS	1618	-999	P	726
1279819847579	0	RECOG_CR_PRES	10	WITNESS	1618	-999	P	57
1279819847920	1	RECOG_FEEDBACK	1
1279819848679	0	RECOG_PRES	10	NOTE	958	-999	P	941
1279819849995	0	RECOG_CR_PRES	10	NOTE	958	-999	P	82
1279819850370	1	RECOG_FEEDBACK	1
1279819851163	0	RECOG_PRES	10	PROFESSOR	1131	-999	P	806
1279819852370	0	RECOG_CR_PRES	10	PROFESSOR	1131	-999	P	34
1279819852703	1	RECOG_FEEDBACK	1
1279819853470	0	RECOG_PRES	10	BLOUSE	139	-999	P	774
1279819854620	0	RECOG_CR_PRES	10	BLOUSE	139	-999	P	96
1279819855004	1	RECOG_FEEDBACK	1
1279819855728	0	RECOG_PRES	10	COMEDIAN	352	-999	P	860
1279819856961	0	RECOG_CR_PRES	10	COMEDIAN	352	-999	P	92
1279819857345	1	RECOG_FEEDBACK	1
1279819858112	0	RECOG_PRES	10	VEST	1559	-999	P	925
1279819859411	0	RECOG_CR_PRES	10	VEST	1559	-999	P	81
1279819859786	1	RECOG_FEEDBACK	1
1279819860519	0	RECOG_PRES	10	ACROBAT	4	-999	P	813
1279819861703	0	RECOG_CR_PRES	10	ACROBAT	4	-999	P	8037
1279819870053	1	RECOG_FEEDBACK	0
1279819882410	0	REST
1279819883231	1	REC_START
1279819883268	0	RECOG_PRES	11	LOLLIPOP	842	-999	P	1040
1279819884684	0	RECOG_CR_PRES	11	LOLLIPOP	842	-999	P	128
1279819885102	1	RECOG_FEEDBACK	1
1279819885867	0	RECOG_PRES	11	RAM	1165	-999	P	721
1279819886959	0	RECOG_CR_PRES	11	RAM	1165	-999	P	102
1279819887342	1	RECOG_FEEDBACK	1
1279819888060	0	RECOG_PRES	11	CHECK	284	-999	P	824
1279819889259	0	RECOG_CR_PRES	11	CHECK	284	-999	P	97
1279819889642	1	RECOG_FEEDBACK	1
1279819890442	0	RECOG_PRES	11	ACTRESS	6	-999	P	723
1279819891534	0	RECOG_CR_PRES	11	ACTRESS	6	-999	P	102
1279819891925	1	RECOG_FEEDBACK	1
1279819892642	0	RECOG_PRES	11	BEET	115	-999	P	754
1279819893767	0	RECOG_CR_PRES	11	BEET	115	-999	P	85
1279819894126	1	RECOG_FEEDBACK	1
1279819894933	0	RECOG_PRES	11	HOOD	714	-999	P	759
1279819896059	0	RECOG_CR_PRES	11	HOOD	714	-999	P	82
1279819896417	1	RECOG_FEEDBACK	1
1279819897193	0	RECOG_PRES	11	AIRPORT	13	-999	P	771
1279819898333	0	RECOG_CR_PRES	11	AIRPORT	13	-999	P	87
1279819898700	1	RECOG_FEEDBACK	1
1279819899416	0	RECOG_PRES	11	MOAT	903	-999	P	876
1279819900666	0	RECOG_CR_PRES	11	MOAT	903	-999	P	106
1279819901051	1	RECOG_FEEDBACK	1
1279819901816	0	RECOG_PRES	11	TACK	1428	-999	P	748
1279819902933	0	RECOG_CR_PRES	11	TACK	1428	-999	P	120
1279819903333	1	RECOG_FEEDBACK	1
1279819904109	0	RECOG_PRES	11	GYM	674	-999	P	815
1279819905299	0	RECOG_CR_PRES	11	GYM	674	-999	P	65
1279819905649	1	RECOG_FEEDBACK	1
1279819906424	0	RECOG_PRES	11	LUNCH	849	-999	P	773
1279819907566	0	RECOG_CR_PRES	11	LUNCH	849	-999	P	86
1279819907932	1	RECOG_FEEDBACK	1
1279819908691	0	RECOG_PRES	11	LILY	821	-999	P	737
1279819909799	0	RECOG_CR_PRES	11	LILY	821	-999	P	69
1279819910150	1	RECOG_FEEDBACK	1
1279819910907	0	RECOG_PRES	11	MOB	904	-999	P	801
1279819912075	0	RECOG_CR_PRES	11	MOB	904	-999	P	90
1279819912449	1	RECOG_FEEDBACK	1
1279819913232	0	RECOG_PRES	11	PAD	998	-999	P	748
1279819914349	0	RECOG_CR_PRES	11	PAD	998	-999	P	127
1279819914757	1	RECOG_FEEDBACK	1
1279819915540	0	RECOG_PRES	11	SHOVEL	1295	-999	P	920
1279819916832	0	RECOG_CR_PRES	11	SHOVEL	1295	-999	P	76
1279819917207	1	RECOG_FEEDBACK	1
1279819917998	0	RECOG_PRES	11	FORT	595	-999	P	766
1279819919133	0	RECOG_CR_PRES	11	FORT	595	-999	P	87
1279819919490	1	RECOG_FEEDBACK	1
1279819920290	0	RECOG_PRES	11	PLASTER	1085	-999	P	875
1279819921540	0	RECOG_CR_PRES	11	PLASTER	1085	-999	P	96
1279819921915	1	RECOG_FEEDBACK	1
1279819922681	0	RECOG_PRES	11	RECIPE	1175	-999	P	803
1279819923856	0	RECOG_CR_PRES	11	RECIPE	1175	-999	P	76
1279819924215	1	RECOG_FEEDBACK	1
1279819924973	0	RECOG_PRES	11	BARN	89	-999	P	791
1279819926132	0	RECOG_CR_PRES	11	BARN	89	-999	P	73
1279819926481	1	RECOG_FEEDBACK	1
1279819927273	0	RECOG_PRES	11	SAUSAGE	1238	-999	P	764
1279819928406	0	RECOG_CR_PRES	11	SAUSAGE	1238	-999	P	86
1279819928773	1	RECOG_FEEDBACK	1
1279819930781	0	REST
1279819931657	1	REC_START
1279819931689	0	RECOG_PRES	12	RUST	1219	-999	P	803
1279819932864	0	RECOG_CR_PRES	12	RUST	1219	-999	P	76
1279819933222	1	RECOG_FEEDBACK	1
1279819934007	0	RECOG_PRES	12	WITCH	1617	-999	P	725
1279819935098	0	RECOG_CR_PRES	12	WITCH	1617	-999	P	59
1279819935439	1	RECOG_FEEDBACK	1
1279819936190	0	RECOG_PRES	12	TROUT	1511	-999	P	694
1279819937255	0	RECOG_CR_PRES	12	TROUT	1511	-999	P	85
1279819937614	1	RECOG_FEEDBACK	1
1279819938330	0	RECOG_PRES	12	TOOTH	1481	-999	P	715
1279819939413	0	RECOG_CR_PRES	12	TOOTH	1481	-999	P	71
1279819939755	1	RECOG_FEEDBACK	1
1279819940488	0	RECOG_PRES	12	TIDE	1465	-999	P	709
1279819941572	0	RECOG_CR_PRES	12	TIDE	1465	-999	P	88
1279819941938	1	RECOG_FEEDBACK	1
1279819942722	0	RECOG_PRES	12	FARMER	553	-999	P	778
1279819943871	0	RECOG_CR_PRES	12	FARMER	553	-999	P	77
1279819944221	1	RECOG_FEEDBACK	1
1279819944971	0	RECOG_PRES	12	MITTEN	902	-999	P	833
1279819946172	0	RECOG_CR_PRES	12	MITTEN	902	-999	P	88
1279819946538	1	RECOG_FEEDBACK	1
1279819947263	0	RECOG_PRES	12	CATERPILLAR	259	-999	P	854
1279819948488	0	RECOG_CR_PRES	12	CATERPILLAR	259	-999	P	92
1279819948863	1	RECOG_FEEDBACK	1
1279819949604	0	RECOG_PRES	12	ARTICLE	42	-999	P	936
1279819950913	0	RECOG_CR_PRES	12	ARTICLE	42	-999	P	59
1279819951263	1	RECOG_FEEDBACK	1
1279819952022	0	RECOG_PRES	12	UNCLE	1536	-999	P	742
1279819953130	0	RECOG_CR_PRES	12	UNCLE	1536	-999	P	98
1279819953471	1	RECOG_FEEDBACK	-1
1279819954246	0	RECOG_PRES	12	FENCE	560	-999	P	887
1279819955504	0	RECOG_CR_PRES	12	FENCE	560	-999	P	188
1279819955971	1	RECOG_FEEDBACK	1
1279819956737	0	RECOG_PRES	12	ESSAY	540	-999	P	842
1279819957979	0	RECOG_CR_PRES	12	ESSAY	540	-999	P	154
1279819958420	1	RECOG_FEEDBACK	1
1279819959155	0	RECOG_PRES	12	MONASTERY	907	-999	P	866
1279819960395	0	RECOG_CR_PRES	12	MONASTERY	907	-999	P	129
1279819960804	1	RECOG_FEEDBACK	1
1279819961578	0	RECOG_PRES	12	CEREAL	272	-999	P	1794
1279819963745	0	RECOG_CR_PRES	12	CEREAL	272	-999	P	115
1279819964171	1	RECOG_FEEDBACK	1
1279819964962	0	RECOG_PRES	12	RUNNER	1218	-999	P	816
1279819966171	0	RECOG_CR_PRES	12	RUNNER	1218	-999	P	113
1279819966570	1	RECOG_FEEDBACK	1
1279819967295	0	RECOG_PRES	12	SHOELACE	1289	-999	P	949
1279819968620	0	RECOG_CR_PRES	12	SHOELACE	1289	-999	P	128
1279819969037	1	RECOG_FEEDBACK	1
1279819969778	0	RECOG_PRES	12	ESCALATOR	539	-999	P	778
1279819970928	0	RECOG_CR_PRES	12	ESCALATOR	539	-999	P	149
1279819971353	1	RECOG_FEEDBACK	1
1279819972079	0	RECOG_PRES	12	RING	1193	-999	P	709
1279819973154	0	RECOG_CR_PRES	12	RING	1193	-999	P	122
1279819973561	1	RECOG_FEEDBACK	1
1279819974269	0	RECOG_PRES	12	WAVE	1596	-999	P	736
1279819975377	0	RECOG_CR_PRES	12	WAVE	1596	-999	P	139
1279819975802	1	RECOG_FEEDBACK	1
1279819976544	0	RECOG_PRES	12	REFRIGERATOR	1179	-999	P	748
1279819977661	0	RECOG_CR_PRES	12	REFRIGERATOR	1179	-999	P	151
1279819978103	1	RECOG_FEEDBACK	1
1279819980211	0	REST
1279819981181	1	REC_START
1279819981219	0	RECOG_PRES	13	SOFTBALL	1343	-999	P	842
1279819982435	0	RECOG_CR_PRES	13	SOFTBALL	1343	-999	P	129
1279819982852	1	RECOG_FEEDBACK	1
1279819983610	0	RECOG_PRES	13	SUBURB	1399	-999	P	690
1279819984668	0	RECOG_CR_PRES	13	SUBURB	1399	-999	P	104
1279819985061	1	RECOG_FEEDBACK	1
1279819985793	0	RECOG_PRES	13	FAUCET	555	-999	P	707
1279819986868	0	RECOG_CR_PRES	13	FAUCET	555	-999	P	96
1279819987252	1	RECOG_FEEDBACK	1
1279819987993	0	RECOG_PRES	13	POTTERY	1116	-999	P	811
1279819989169	0	RECOG_CR_PRES	13	POTTERY	1116	-999	P	107
1279819989568	1	RECOG_FEEDBACK	1
1279819990351	0	RECOG_PRES	13	HOOP	716	-999	P	670
1279819991393	0	RECOG_CR_PRES	13	HOOP	716	-999	P	131
1279819991801	1	RECOG_FEEDBACK	1
1279819992559	0	RECOG_PRES	13	SHIP	1286	-999	P	773
1279819993701	0	RECOG_CR_PRES	13	SHIP	1286	-999	P	103
1279819994094	1	RECOG_FEEDBACK	1
1279819994901	0	RECOG_PRES	13	TERRITORY	1452	-999	P	847
1279819996110	0	RECOG_CR_PRES	13	TERRITORY	1452	-999	P	102
1279819996501	1	RECOG_FEEDBACK	1
1279819997276	0	RECOG_PRES	13	KITTEN	780	-999	P	1688
1279819999334	0	RECOG_CR_PRES	13	KITTEN	780	-999	P	94
1279819999759	1	RECOG_FEEDBACK	1
1279820000501	0	RECOG_PRES	13	COURSE	390	-999	P	839
1279820001709	0	RECOG_CR_PRES	13	COURSE	390	-999	P	127
1279820002126	1	RECOG_FEEDBACK	1
1279820002917	0	RECOG_PRES	13	CARNIVAL	245	-999	P	816
1279820004126	0	RECOG_CR_PRES	13	CARNIVAL	245	-999	P	79
1279820004500	1	RECOG_FEEDBACK	1
1279820005209	0	RECOG_PRES	13	CREEK	404	-999	P	1147
1279820006725	0	RECOG_CR_PRES	13	CREEK	404	-999	P	127
1279820007168	1	RECOG_FEEDBACK	1
1279820007942	0	RECOG_PRES	13	LAKE	796	-999	P	886
1279820009193	0	RECOG_CR_PRES	13	LAKE	796	-999	P	107
1279820009591	1	RECOG_FEEDBACK	1
1279820010333	0	RECOG_PRES	13	KEY	773	-999	P	2231
1279820012933	0	RECOG_CR_PRES	13	KEY	773	-999	P	112
1279820013383	1	RECOG_FEEDBACK	1
1279820014192	0	RECOG_PRES	13	HUMAN	726	-999	P	917
1279820015483	0	RECOG_CR_PRES	13	HUMAN	726	-999	P	73
1279820015841	1	RECOG_FEEDBACK	1
1279820016633	0	RECOG_PRES	13	ROBOT	1200	-999	P	859
1279820017866	0	RECOG_CR_PRES	13	ROBOT	1200	-999	P	98
1279820018249	1	RECOG_FEEDBACK	1
1279820018991	0	RECOG_PRES	13	SCARF	1246	-999	P	957
1279820020324	0	RECOG_CR_PRES	13	SCARF	1246	-999	P	80
1279820020699	1	RECOG_FEEDBACK	1
1279820021424	0	RECOG_PRES	13	PAW	1029	-999	P	883
1279820022707	0	RECOG_CR_PRES	13	PAW	1029	-999	P	129
1279820023133	1	RECOG_FEEDBACK	1
1279820023940	0	RECOG_PRES	13	SHOE	1288	-999	P	1016
1279820025332	0	RECOG_CR_PRES	13	SHOE	1288	-999	P	80
1279820025715	1	RECOG_FEEDBACK	1
1279820026465	0	RECOG_PRES	13	GEM	629	-999	P	899
1279820027740	0	RECOG_CR_PRES	13	GEM	629	-999	P	80
1279820028108	1	RECOG_FEEDBACK	1
1279820028915	0	RECOG_PRES	13	CONVENT	370	-999	P	793
1279820030074	0	RECOG_CR_PRES	13	CONVENT	370	-999	P	107
1279820030465	1	RECOG_FEEDBACK	1
1279820032199	0	REST
1279820033376	1	REC_START
1279820033406	0	RECOG_PRES	14	ATTIC	56	-999	P	854
1279820034631	0	RECOG_CR_PRES	14	ATTIC	56	-999	P	85
1279820035007	1	RECOG_FEEDBACK	1
1279820035748	0	RECOG_PRES	14	EDITORIAL	517	-999	P	896
1279820037007	0	RECOG_CR_PRES	14	EDITORIAL	517	-999	P	102
1279820037406	1	RECOG_FEEDBACK	1
1279820038190	0	RECOG_PRES	14	SKATE	1313	-999	P	1150
1279820039714	0	RECOG_CR_PRES	14	SKATE	1313	-999	P	58
1279820040082	1	RECOG_FEEDBACK	1
1279820040797	0	RECOG_PRES	14	RADIATOR	1156	-999	P	5400
1279820046572	0	RECOG_CR_PRES	14	RADIATOR	1156	-999	P	152
1279820047165	1	RECOG_FEEDBACK	1
1279820047947	0	RECOG_PRES	14	REPORT	1184	-999	P	1337
1279820049655	0	RECOG_CR_PRES	14	REPORT	1184	-999	P	45
1279820050006	1	RECOG_FEEDBACK	1
1279820050738	0	RECOG_PRES	14	ZUCCHINI	1638	-999	P	875
1279820052006	0	RECOG_CR_PRES	14	ZUCCHINI	1638	-999	P	15
1279820052305	1	RECOG_FEEDBACK	1
1279820053114	0	RECOG_PRES	14	KEEPER	769	-999	P	842
1279820054330	0	RECOG_CR_PRES	14	KEEPER	769	-999	P	66
1279820054688	1	RECOG_FEEDBACK	1
1279820055430	0	RECOG_PRES	14	CLIMBER	323	-999	P	1038
1279820056838	0	RECOG_CR_PRES	14	CLIMBER	323	-999	P	38
1279820057172	1	RECOG_FEEDBACK	1
1279820057955	0	RECOG_PRES	14	TICK	1463	-999	P	824
1279820059172	0	RECOG_CR_PRES	14	TICK	1463	-999	P	112
1279820059579	1	RECOG_FEEDBACK	1
1279820060363	0	RECOG_PRES	14	FLASK	576	-999	P	754
1279820061488	0	RECOG_CR_PRES	14	FLASK	576	-999	P	76
1279820061854	1	RECOG_FEEDBACK	1
1279820062629	0	RECOG_PRES	14	GOLD	647	-999	P	1175
1279820064180	0	RECOG_CR_PRES	14	GOLD	647	-999	P	72
1279820064554	1	RECOG_FEEDBACK	1
1279820065337	0	RECOG_PRES	14	GAZELLE	628	-999	P	817
1279820066554	0	RECOG_CR_PRES	14	GAZELLE	628	-999	P	66
1279820066912	1	RECOG_FEEDBACK	1
1279820067621	0	RECOG_PRES	14	BABY	64	-999	P	927
1279820068920	0	RECOG_CR_PRES	14	BABY	64	-999	P	93
1279820069312	1	RECOG_FEEDBACK	1
1279820070121	0	RECOG_PRES	14	RAG	1160	-999	P	964
1279820071454	0	RECOG_CR_PRES	14	RAG	1160	-999	P	102
1279820071853	1	RECOG_FEEDBACK	1
1279820072587	0	RECOG_PRES	14	PUMP	1141	-999	P	841
1279820073803	0	RECOG_CR_PRES	14	PUMP	1141	-999	P	105
1279820074196	1	RECOG_FEEDBACK	1
1279820074987	0	RECOG_PRES	14	DOLPHIN	483	-999	P	816
1279820076196	0	RECOG_CR_PRES	14	DOLPHIN	483	-999	P	120
1279820076603	1	RECOG_FEEDBACK	1
1279820077370	0	RECOG_PRES	14	BATHTUB	100	-999	P	723
1279820078461	0	RECOG_CR_PRES	14	BATHTUB	100	-999	P	127
1279820078878	1	RECOG_FEEDBACK	1
1279820079686	0	RECOG_PRES	14	WICK	1607	-999	P	942
1279820080994	0	RECOG_CR_PRES	14	WICK	1607	-999	P	115
1279820081403	1	RECOG_FEEDBACK	1
1279820082145	0	RECOG_PRES	14	RICE	1190	-999	P	835
1279820083353	0	RECOG_CR_PRES	14	RICE	1190	-999	P	123
1279820083761	1	RECOG_FEEDBACK	1
1279820084511	0	RECOG_PRES	14	LABEL	790	-999	P	805
1279820085677	0	RECOG_CR_PRES	14	LABEL	790	-999	P	119
1279820086095	1	RECOG_FEEDBACK	1
1279820087719	0	REST
1279820088602	1	REC_START
1279820088636	0	RECOG_PRES	15	NOVEL	960	-999	P	936
1279820089944	0	RECOG_CR_PRES	15	NOVEL	960	-999	P	8004
1279820098243	1	RECOG_FEEDBACK	0
1279820099011	0	RECOG_PRES	15	LIEUTENANT	818	-999	P	1050
1279820100435	0	RECOG_CR_PRES	15	LIEUTENANT	818	-999	P	137
1279820100868	1	RECOG_FEEDBACK	1
1279820101593	0	RECOG_PRES	15	RIVER	1194	-999	P	6540
1279820108501	0	RECOG_CR_PRES	15	RIVER	1194	-999	P	423
1279820109392	1	RECOG_FEEDBACK	1
1279820110102	0	RECOG_PRES	15	TOE	1473	-999	P	4350
1279820114825	0	RECOG_CR_PRES	15	TOE	1473	-999	P	99
1279820115284	1	RECOG_FEEDBACK	1
1279820116060	0	RECOG_PRES	15	DUSTPAN	509	-999	P	977
1279820117408	0	RECOG_CR_PRES	15	DUSTPAN	509	-999	P	76
1279820117775	1	RECOG_FEEDBACK	1
1279820118575	0	RECOG_PRES	15	RAIL	1161	-999	P	1397
1279820120342	0	RECOG_CR_PRES	15	RAIL	1161	-999	P	46
1279820120691	1	RECOG_FEEDBACK	1
1279820121458	0	RECOG_PRES	15	SENATOR	1268	-999	P	810
1279820122641	0	RECOG_CR_PRES	15	SENATOR	1268	-999	P	35
1279820122950	1	RECOG_FEEDBACK	1
1279820123708	0	RECOG_PRES	15	COLONEL	348	-999	P	792
1279820124875	0	RECOG_CR_PRES	15	COLONEL	348	-999	P	41
1279820125200	1	RECOG_FEEDBACK	1
1279820126000	0	RECOG_PRES	15	TIE	1466	-999	P	764
1279820127125	0	RECOG_CR_PRES	15	TIE	1466	-999	P	72
1279820127483	1	RECOG_FEEDBACK	1
1279820128249	0	RECOG_PRES	15	COYOTE	396	-999	P	804
1279820129424	0	RECOG_CR_PRES	15	COYOTE	396	-999	P	92
1279820129807	1	RECOG_FEEDBACK	1
1279820130607	0	RECOG_PRES	15	CRIB	407	-999	P	853
1279820131832	0	RECOG_CR_PRES	15	CRIB	407	-999	P	76
1279820132200	1	RECOG_FEEDBACK	1
1279820132957	0	RECOG_PRES	15	COUGAR	387	-999	P	711
1279820134033	0	RECOG_CR_PRES	15	COUGAR	387	-999	P	36
1279820134340	1	RECOG_FEEDBACK	1
1279820135125	0	RECOG_PRES	15	CONDUCTOR	362	-999	P	775
1279820136274	0	RECOG_CR_PRES	15	CONDUCTOR	362	-999	P	58
1279820136615	1	RECOG_FEEDBACK	1
1279820137399	0	RECOG_PRES	15	CITRUS	313	-999	P	901
1279820138674	0	RECOG_CR_PRES	15	CITRUS	313	-999	P	42
1279820139008	1	RECOG_FEEDBACK	1
1279820139798	0	RECOG_PRES	15	STAPLE	1371	-999	P	990
1279820141149	0	RECOG_CR_PRES	15	STAPLE	1371	-999	P	79
1279820141523	1	RECOG_FEEDBACK	1
1279820142298	0	RECOG_PRES	15	LEMON	810	-999	P	1402
1279820144066	0	RECOG_CR_PRES	15	LEMON	810	-999	P	99
1279820144481	1	RECOG_FEEDBACK	1
1279820145248	0	RECOG_PRES	15	PIN	1072	-999	P	1196
1279820146815	0	RECOG_CR_PRES	15	PIN	1072	-999	P	53
1279820147166	1	RECOG_FEEDBACK	1
1279820147948	0	RECOG_PRES	15	ARROW	40	-999	P	824
1279820149165	0	RECOG_CR_PRES	15	ARROW	40	-999	P	71
1279820149523	1	RECOG_FEEDBACK	1
1279820150231	0	RECOG_PRES	15	PRISON	1127	-999	P	733
1279820151339	0	RECOG_CR_PRES	15	PRISON	1127	-999	P	89
1279820151698	1	RECOG_FEEDBACK	1
1279820152447	0	RECOG_PRES	15	DOVE	491	-999	P	742
1279820153564	0	RECOG_CR_PRES	15	DOVE	491	-999	P	56
1279820153897	1	RECOG_FEEDBACK	1
1279820154680	0	RECOG_END
1279820155372	0	SESS_END
1279820155417	0	E	Logging Ends
