1270835251646	0	B	Logging Begins
1270835275068	0	START
1270835275092	1	PROB	'9 + 9 + 1 = '	'19'	1	2353	1
1270835277475	1	PROB	'4 + 1 + 7 = '	'12'	1	1850	1
1270835279359	1	PROB	'3 + 1 + 2 = '	'6'	1	1822	1
1270835281217	1	PROB	'9 + 1 + 3 = '	'13'	1	1499	1
1270835282749	1	PROB	'9 + 8 + 2 = '	'19'	1	2143	1
1270835284924	1	PROB	'1 + 2 + 2 = '	'5'	1	1401	1
1270835286358	1	PROB	'7 + 8 + 9 = '	'24'	1	2286	1
1270835288674	1	PROB	'5 + 4 + 4 = '	'13'	1	2355	1
1270835291066	1	PROB	'8 + 8 + 2 = '	'18'	1	1307	1
1270835295061	0	STOP
1270835330381	0	START
1270835331887	1	PROB	'4 + 6 + 4 = '	'14'	1	1781	1
1270835333704	1	PROB	'5 + 1 + 5 = '	'11'	1	1309	1
1270835335046	1	PROB	'6 + 5 + 1 = '	'12'	1	1343	1
1270835336421	1	PROB	'4 + 6 + 1 = '	'11'	1	1167	1
1270835337588	0	STOP
1270835342330	0	START
1270835343387	1	PROB	'8 + 3 + 7 = '	'18'	1	1257	1
1270835344678	1	PROB	'1 + 3 + 6 = '	'10'	1	1559	1
1270835346271	1	PROB	'7 + 6 + 5 = '	'18'	1	1597	1
1270835350330	0	STOP
1270835354345	0	START
1270835355420	1	PROB	'4 + 1 + 3 = '	'8'	1	1593	1
1270835357045	1	PROB	'9 + 5 + 3 = '	'17'	1	1992	1
1270835359070	1	PROB	'9 + 9 + 6 = '	'24'	1	2199	1
1270835361269	0	STOP
1270835366535	0	START
1270835367485	1	PROB	'8 + 3 + 7 = '	'18'	1	1632	1
1270835369152	1	PROB	'4 + 6 + 6 = '	'16'	1	1277	1
1270835370459	1	PROB	'9 + 6 + 4 = '	'19'	1	1473	1
1270835371968	1	PROB	'6 + 3 + 4 = '	'13'	1	1277	1
1270835373245	0	STOP
1270835378385	0	START
1270835379351	1	PROB	'9 + 8 + 5 = '	'22'	1	4014	1
1270835386385	0	STOP
1270835390293	0	START
1270835391234	1	PROB	'8 + 6 + 9 = '	'23'	1	3963	1
1270835398293	0	STOP
1270835402434	0	START
1270835403441	1	PROB	'7 + 5 + 5 = '	'17'	1	1555	1
1270835405033	1	PROB	'2 + 8 + 5 = '	'15'	1	1300	1
1270835406366	1	PROB	'5 + 2 + 1 = '	'8'	1	2558	1
1270835408924	0	STOP
1270835414333	0	START
1270835415182	1	PROB	'8 + 3 + 1 = '	'12'	1	2087	1
1270835417307	1	PROB	'8 + 3 + 1 = '	'12'	1	1385	1
1270835418739	1	PROB	'7 + 3 + 2 = '	'12'	1	1370	1
1270835420148	1	PROB	'2 + 6 + 4 = '	'12'	1	1073	1
1270835421221	0	STOP
1270835426531	0	START
1270835427439	1	PROB	'7 + 1 + 4 = '	'12'	1	1373	1
1270835428847	1	PROB	'8 + 8 + 1 = '	'17'	1	2518	1
1270835431398	1	PROB	'5 + 2 + 6 = '	'13'	1	2494	1
1270835433892	0	STOP
1270835438655	0	START
1270835439629	1	PROB	'6 + 7 + 8 = '	'21'	1	2672	1
1270835442338	1	PROB	'2 + 3 + 2 = '	'7'	1	2282	1
1270835446654	0	STOP
1270835450612	0	START
1270835451446	1	PROB	'1 + 5 + 5 = '	'11'	1	1398	1
1270835452878	1	PROB	'3 + 6 + 7 = '	'16'	1	2846	1
1270835458612	0	STOP
1270835462786	0	START
1270835463819	1	PROB	'4 + 2 + 5 = '	'11'	1	2410	1
1270835466262	1	PROB	'5 + 5 + 6 = '	'16'	1	1055	1
1270835467353	1	PROB	'8 + 3 + 3 = '	'14'	1	1804	1
1270835470786	0	STOP
1270835474869	0	START
1270835475968	1	PROB	'9 + 3 + 1 = '	'13'	1	2405	1
1270835478411	1	PROB	'1 + 7 + 7 = '	'15'	1	1626	1
1270835480069	1	PROB	'9 + 1 + 4 = '	'14'	1	1336	1
1270835481405	0	STOP
1270835486985	0	START
1270835488143	1	PROB	'9 + 7 + 6 = '	'22'	1	3206	1
1270835494984	0	STOP
1270835498909	0	START
1270835499908	1	PROB	'2 + 1 + 3 = '	'6'	1	1968	1
1270835501908	1	PROB	'1 + 7 + 3 = '	'11'	1	1385	1
1270835503326	1	PROB	'4 + 2 + 6 = '	'12'	1	1310	1
1270835504674	1	PROB	'6 + 5 + 1 = '	'12'	1	1603	1
1270835506277	0	STOP
1270835511092	0	START
1270835511907	1	PROB	'8 + 6 + 6 = '	'20'	1	2530	1
1270835514474	1	PROB	'8 + 5 + 9 = '	'22'	1	3122	1
1270835517596	0	STOP
1270835523091	0	START
1270835524216	1	PROB	'1 + 6 + 8 = '	'15'	1	1668	1
1270835525923	1	PROB	'8 + 1 + 5 = '	'14'	1	2106	1
1270835531091	0	STOP
1270835675138	0	START
1270835676021	1	PROB	'7 + 8 + 1 = '	'16'	1	2495	1
1270835678553	1	PROB	'7 + 9 + 4 = '	'20'	1	2171	1
1270835680761	1	PROB	'7 + 4 + 2 = '	'13'	1	2179	1
1270835682940	0	STOP
1270835903745	0	START
1270835905246	1	PROB	'1 + 2 + 4 = '	'7'	1	2023	1
1270835907304	1	PROB	'2 + 5 + 6 = '	'13'	1	1749	1
1270835909087	1	PROB	'9 + 2 + 9 = '	'20'	1	2022	1
1270835911145	1	PROB	'9 + 4 + 5 = '	'18'	1	2164	1
1270835913345	1	PROB	'6 + 8 + 1 = '	'14'	0	2796	1
1270835916178	1	PROB	'4 + 8 + 1 = '	'13'	1	3402	1
1270835919580	0	STOP
1270835923735	0	START
1270835924843	1	PROB	'1 + 3 + 5 = '	'9'	1	1418	1
1270835926294	1	PROB	'2 + 7 + 2 = '	'11'	1	2558	1
1270835928885	1	PROB	'6 + 6 + 1 = '	'13'	1	2240	1
1270835931160	1	PROB	'3 + 6 + 2 = '	'11'	1	2628	1
1270835933826	1	PROB	'7 + 3 + 4 = '	'14'	1	1555	1
1270835935418	1	PROB	'3 + 6 + 2 = '	'11'	1	2466	1
1270835939735	0	STOP
1270835943651	0	START
1270835944542	1	PROB	'7 + 3 + 1 = '	'11'	1	1671	1
1270835946251	1	PROB	'5 + 3 + 2 = '	'10'	1	1986	1
1270835948276	1	PROB	'6 + 6 + 5 = '	'17'	1	2328	1
1270835950641	1	PROB	'1 + 3 + 7 = '	'11'	1	1732	1
1270835952409	1	PROB	'7 + 8 + 7 = '	'22'	1	2788	1
1270835955234	1	PROB	'9 + 3 + 6 = '	'18'	1	2474	1
1270835959651	0	STOP
1270835963499	0	START
1270835964341	1	PROB	'7 + 6 + 6 = '	'19'	1	6423	1
1270835970798	1	PROB	'5 + 2 + 7 = '	'14'	1	1631	1
1270835972465	1	PROB	'3 + 8 + 4 = '	'15'	1	2243	1
1270835974748	1	PROB	'6 + 1 + 4 = '	'11'	1	1689	1
1270835979499	0	STOP
1270835983589	0	START
1270835984789	1	PROB	'2 + 2 + 6 = '	'10'	1	1679	1
1270835986505	1	PROB	'6 + 6 + 7 = '	'19'	1	1724	1
1270835988264	1	PROB	'1 + 7 + 7 = '	'15'	1	1700	1
1270835989997	1	PROB	'5 + 7 + 2 = '	'14'	1	2384	1
1270835992414	1	PROB	'1 + 2 + 2 = '	'5'	1	1174	1
1270835993621	1	PROB	'7 + 3 + 7 = '	'17'	1	2416	1
1270835996072	1	PROB	'5 + 6 + 4 = '	'15'	1	1452	1
1270835997563	1	PROB	'3 + 7 + 6 = '	'16'	1	1289	1
1270835998852	0	STOP
1270836003654	0	START
1270836004746	1	PROB	'1 + 3 + 3 = '	'7'	1	1411	1
1270836006196	1	PROB	'7 + 4 + 8 = '	'19'	1	1528	1
1270836007762	1	PROB	'5 + 8 + 2 = '	'15'	1	1291	1
1270836009088	1	PROB	'1 + 8 + 7 = '	'16'	1	1852	1
1270836010978	1	PROB	'8 + 4 + 6 = '	'18'	1	2906	1
1270836013920	1	PROB	'6 + 6 + 6 = '	'18'	1	1868	1
1270836015820	1	PROB	'1 + 8 + 6 = '	'15'	1	1848	1
1270836017703	1	PROB	'1 + 4 + 3 = '	'8'	1	1566	1
1270836019269	0	STOP
1270836023711	0	START
1270836024686	1	PROB	'4 + 1 + 7 = '	'12'	1	2974	1
1270836027694	1	PROB	'1 + 5 + 5 = '	'11'	1	1238	1
1270836028969	1	PROB	'4 + 1 + 8 = '	'13'	1	2204	1
1270836031211	1	PROB	'2 + 4 + 1 = '	'7'	1	1882	1
1270836033136	1	PROB	'8 + 7 + 2 = '	'17'	1	2444	1
1270836035618	1	PROB	'1 + 7 + 6 = '	'14'	1	1858	1
1270836039711	0	STOP
1270836043860	0	START
1270836044893	1	PROB	'1 + 9 + 1 = '	'11'	1	1448	1
1270836046377	1	PROB	'3 + 5 + 4 = '	'12'	1	1932	1
1270836048352	1	PROB	'5 + 6 + 8 = '	'16'	0	1404	1
1270836049792	1	PROB	'6 + 5 + 8 = '	'19'	1	2453	1
1270836052285	1	PROB	'6 + 3 + 7 = '	'16'	1	2183	1
1270836054500	1	PROB	'5 + 7 + 3 = '	'15'	1	1657	1
1270836056193	1	PROB	'3 + 8 + 5 = '	'16'	1	3148	1
1270836059341	0	STOP
1270836063908	0	START
1270836065017	1	PROB	'9 + 8 + 6 = '	'23'	1	2779	1
1270836067833	1	PROB	'5 + 9 + 6 = '	'20'	1	2859	1
1270836070724	1	PROB	'8 + 1 + 1 = '	'10'	1	1449	1
1270836072217	1	PROB	'9 + 1 + 5 = '	'15'	1	1395	1
1270836073657	1	PROB	'9 + 1 + 9 = '	'19'	1	1356	1
1270836075050	1	PROB	'3 + 4 + 3 = '	'10'	1	2658	1
1270836077757	1	PROB	'5 + 7 + 2 = '	'14'	1	1951	1
1270836079708	0	STOP
1270836084083	0	START
1270836084915	1	PROB	'5 + 4 + 3 = '	'12'	1	4057	1
1270836089007	1	PROB	'8 + 2 + 5 = '	'15'	1	1366	1
1270836090407	1	PROB	'6 + 4 + 2 = '	'12'	1	1237	1
1270836091681	1	PROB	'2 + 9 + 3 = '	'14'	1	2859	1
1270836094580	1	PROB	'5 + 1 + 6 = '	'12'	1	2216	1
1270836096839	1	PROB	'7 + 7 + 4 = '	'18'	1	1765	1
1270836098604	0	STOP
1270836103914	0	START
1270836105064	1	PROB	'5 + 4 + 9 = '	'18'	1	1452	1
1270836106555	1	PROB	'1 + 9 + 6 = '	'16'	1	1281	1
1270836107871	1	PROB	'6 + 1 + 5 = '	'12'	1	3166	1
1270836111072	1	PROB	'7 + 8 + 9 = '	'24'	1	1997	1
1270836113113	1	PROB	'4 + 7 + 4 = '	'15'	1	1988	1
1270836115147	1	PROB	'8 + 1 + 1 = '	'10'	1	1385	1
1270836116571	1	PROB	'9 + 5 + 2 = '	'16'	1	1905	1
1270836118476	0	STOP
1270836123737	0	START
1270836124870	1	PROB	'8 + 6 + 5 = '	'19'	1	3191	1
1270836128104	1	PROB	'9 + 8 + 1 = '	'29'	0	2181	1
1270836130329	1	PROB	'1 + 1 + 1 = '	'3'	1	2331	1
1270836132694	1	PROB	'7 + 4 + 2 = '	'13'	1	2022	1
1270836134761	1	PROB	'2 + 8 + 4 = '	'14'	1	1268	1
1270836136070	1	PROB	'4 + 5 + 8 = '	'17'	1	2159	1
1270836138229	0	STOP
1270836143911	0	START
1270836144719	1	PROB	'5 + 6 + 4 = '	'15'	1	1861	1
1270836146627	1	PROB	'1 + 2 + 3 = '	'6'	1	1634	1
1270836148311	1	PROB	'5 + 9 + 7 = '	'21'	1	4445	1
1270836152793	1	PROB	'2 + 9 + 1 = '	'12'	1	1388	1
1270836154227	1	PROB	'8 + 3 + 2 = '	'13'	1	1433	1
1270836155709	1	PROB	'1 + 7 + 9 = '	'17'	1	2247	1
1270836158002	1	PROB	'5 + 3 + 2 = '	'10'	1	1658	1
1270836159660	0	STOP
1270836163967	0	START
1270836165035	1	PROB	'8 + 6 + 9 = '	'23'	1	4058	1
1270836169134	1	PROB	'4 + 6 + 9 = '	'19'	1	1334	1
1270836170508	1	PROB	'8 + 5 + 5 = '	'18'	1	1240	1
1270836171783	1	PROB	'1 + 2 + 3 = '	'3'	0	2326	1
1270836179966	0	STOP
1270836184175	0	START
1270836185366	1	PROB	'9 + 5 + 2 = '	'16'	1	1911	1
1270836187325	1	PROB	'4 + 8 + 7 = '	'19'	1	2968	1
1270836190341	1	PROB	'7 + 7 + 1 = '	'155'	0	1447	1
1270836191823	1	PROB	'2 + 4 + 1 = '	'7'	1	2909	1
1270836194773	1	PROB	'3 + 5 + 8 = '	'16'	1	1703	1
1270836196523	1	PROB	'3 + 4 + 6 = '	'13'	1	1506	1
1270836200175	0	STOP
1270836204107	0	START
1270836205048	1	PROB	'6 + 4 + 4 = '	'14'	1	1349	1
1270836206440	1	PROB	'7 + 6 + 7 = '	'20'	1	1829	1
1270836208315	1	PROB	'8 + 7 + 4 = '	'19'	1	1641	1
1270836210006	1	PROB	'2 + 1 + 4 = '	'7'	1	2375	1
1270836212423	1	PROB	'6 + 3 + 7 = '	'16'	1	2830	1
1270836215298	1	PROB	'9 + 7 + 8 = '	'24'	1	2883	1
1270836220107	0	STOP
1270836224255	0	START
1270836225247	1	PROB	'2 + 6 + 2 = '	'10'	1	2190	1
1270836227471	1	PROB	'5 + 5 + 3 = '	'13'	1	2525	1
1270836230038	1	PROB	'4 + 7 + 6 = '	'17'	1	2223	1
1270836232296	1	PROB	'7 + 7 + 5 = '	'19'	1	1837	1
1270836234179	1	PROB	'5 + 9 + 4 = '	'18'	1	1866	1
1270836236079	1	PROB	'2 + 5 + 3 = '	'10'	1	1893	1
1270836238021	1	PROB	'2 + 9 + 6 = '	'17'	1	1839	1
1270836239860	0	STOP
1270836382459	0	START
1270836383393	1	PROB	'9 + 1 + 5 = '	'15'	1	1347	1
1270836384784	1	PROB	'9 + 3 + 8 = '	'20'	1	1852	1
1270836386684	1	PROB	'2 + 4 + 3 = '	'9'	1	1848	1
1270836390459	0	STOP
1270836468586	0	START
1270836470087	1	PROB	'8 + 3 + 1 = '	'12'	1	2062	1
1270836472187	1	PROB	'2 + 1 + 6 = '	'9'	1	1345	1
1270836473577	1	PROB	'1 + 5 + 9 = '	'15'	1	1764	1
1270836475341	0	STOP
1270836480437	0	START
1270836481527	1	PROB	'4 + 7 + 5 = '	'16'	1	1630	1
1270836483194	1	PROB	'2 + 4 + 9 = '	'15'	1	1939	1
1270836485169	1	PROB	'4 + 7 + 3 = '	'14'	1	1451	1
1270836488437	0	STOP
1270836492485	0	START
1270836493609	1	PROB	'4 + 1 + 4 = '	'9'	1	1532	1
1270836495177	1	PROB	'9 + 5 + 9 = '	'23'	1	2587	1
1270836497809	1	PROB	'8 + 4 + 2 = '	'14'	1	1643	1
1270836499452	0	STOP
1270836504542	0	START
1270836505608	1	PROB	'2 + 3 + 6 = '	'11'	1	2004	1
1270836507650	1	PROB	'8 + 3 + 3 = '	'14'	1	1579	1
1270836509267	1	PROB	'7 + 3 + 9 = '	'19'	1	2417	1
1270836511684	0	STOP
1270836516449	0	START
1270836517482	1	PROB	'1 + 8 + 5 = '	'14'	1	1939	1
1270836519466	1	PROB	'7 + 2 + 8 = '	'17'	1	2242	1
1270836521757	1	PROB	'7 + 4 + 2 = '	'13'	1	1544	1
1270836523301	0	STOP
1270836528358	0	START
1270836529432	1	PROB	'3 + 7 + 1 = '	'11'	1	1540	1
1270836531016	1	PROB	'8 + 4 + 3 = '	'15'	1	1876	1
1270836532940	1	PROB	'5 + 4 + 3 = '	'12'	1	1648	1
1270836534623	1	PROB	'1 + 4 + 6 = '	'11'	1	1606	1
1270836536229	0	STOP
1270836540498	0	START
1270836541697	1	PROB	'2 + 9 + 7 = '	'18'	1	1883	1
1270836543622	1	PROB	'5 + 5 + 7 = '	'17'	1	1318	1
1270836548498	0	STOP
1270836552664	0	START
1270836553480	1	PROB	'2 + 3 + 7 = '	'12'	1	1484	1
1270836555006	1	PROB	'6 + 5 + 8 = '	'19'	1	1542	1
1270836556588	1	PROB	'3 + 6 + 8 = '	'17'	1	3904	1
1270836560492	0	STOP
1270836564596	0	START
1270836565620	1	PROB	'7 + 6 + 8 = '	'21'	1	2737	1
1270836568405	1	PROB	'3 + 8 + 3 = '	'14'	1	2343	1
1270836572596	0	STOP
1270836576462	0	START
1270836577611	1	PROB	'4 + 2 + 3 = '	'9'	1	2209	1
1270836579861	1	PROB	'1 + 6 + 4 = '	'11'	1	1272	1
1270836581179	1	PROB	'9 + 7 + 4 = '	'20'	1	1858	1
1270836583037	0	STOP
1270836588429	0	START
1270836589320	1	PROB	'2 + 2 + 9 = '	'13'	1	1869	1
1270836591228	1	PROB	'6 + 1 + 6 = '	'13'	1	2248	1
1270836593510	1	PROB	'7 + 2 + 1 = '	'10'	1	2007	1
1270836595517	0	STOP
1270836600577	0	START
1270836601743	1	PROB	'9 + 2 + 5 = '	'16'	1	1917	1
1270836603709	1	PROB	'3 + 4 + 1 = '	'8'	1	2287	1
1270836606043	1	PROB	'6 + 1 + 7 = '	'14'	1	2106	1
1270836608149	0	STOP
1270836612651	0	START
1270836613625	1	PROB	'9 + 6 + 9 = '	'24'	1	2404	1
1270836616076	1	PROB	'1 + 8 + 3 = '	'12'	1	2049	1
1270836618167	1	PROB	'6 + 4 + 8 = '	'18'	1	1349	1
1270836619516	0	STOP
1270836624567	0	START
1270836625483	1	PROB	'4 + 7 + 2 = '	'13'	1	2377	1
1270836627907	1	PROB	'8 + 5 + 6 = '	'19'	1	2290	1
1270836632566	0	STOP
1270836636757	0	START
1270836637798	1	PROB	'3 + 5 + 9 = '	'17'	1	1782	1
1270836639623	1	PROB	'2 + 3 + 2 = '	'8'	0	1430	1
1270836641099	1	PROB	'5 + 1 + 4 = '	'10'	1	2665	1
1270836643764	0	STOP
1270836648590	0	START
1270836649681	1	PROB	'9 + 5 + 6 = '	'20'	1	4604	1
1270836654331	1	PROB	'2 + 3 + 4 = '	'9'	1	1706	1
1270836656037	0	STOP
1270836660647	0	START
1270836661697	1	PROB	'5 + 3 + 8 = '	'16'	1	1835	1
1270836663580	1	PROB	'9 + 5 + 7 = '	'21'	1	3537	1
1270836667117	0	STOP
1270836810827	0	START
1270836811877	1	PROB	'4 + 3 + 2 = '	'9'	1	2111	1
1270836814028	1	PROB	'4 + 2 + 7 = '	'13'	1	2696	1
1270836816760	1	PROB	'6 + 1 + 4 = '	'11'	1	1493	1
1270836818294	1	PROB	'4 + 2 + 9 = '	'15'	1	1847	1
1270836820186	1	PROB	'6 + 8 + 8 = '	'22'	1	1979	1
1270836822211	1	PROB	'3 + 2 + 1 = '	'6'	1	1649	1
1270836823909	1	PROB	'4 + 3 + 4 = '	'11'	1	2264	1
1270836826173	0	STOP
1270836970050	0	START
1270836971233	1	PROB	'7 + 9 + 2 = '	'18'	1	1860	1
1270836973141	1	PROB	'2 + 6 + 7 = '	'15'	1	2327	1
1270836975515	1	PROB	'6 + 5 + 4 = '	'15'	1	2265	1
1270836977780	0	STOP
1270837055793	0	START
1270837057293	1	PROB	'1 + 5 + 8 = '	'14'	1	1968	1
1270837059310	1	PROB	'8 + 5 + 5 = '	'18'	1	1390	1
1270837060750	1	PROB	'5 + 3 + 2 = '	'10'	1	2006	1
1270837062756	0	STOP
1270837067775	0	START
1270837068866	1	PROB	'4 + 7 + 5 = '	'16'	1	2531	1
1270837071434	1	PROB	'7 + 7 + 9 = '	'23'	1	2146	1
1270837073624	1	PROB	'1 + 1 + 8 = '	'10'	1	1397	1
1270837075021	0	STOP
1270837079658	0	START
1270837080690	1	PROB	'7 + 2 + 5 = '	'14'	1	1850	1
1270837082590	1	PROB	'2 + 7 + 3 = '	'12'	1	1583	1
1270837084208	1	PROB	'2 + 3 + 7 = '	'12'	1	1252	1
1270837085498	1	PROB	'8 + 9 + 2 = '	'19'	1	1555	1
1270837087053	0	STOP
1270837091757	0	START
1270837092923	1	PROB	'8 + 3 + 5 = '	'16'	1	3234	1
1270837096207	1	PROB	'7 + 1 + 1 = '	'9'	1	1102	1
1270837097357	1	PROB	'5 + 3 + 8 = '	'16'	1	1471	1
1270837098828	0	STOP
1270837103706	0	START
1270837104872	1	PROB	'6 + 6 + 7 = '	'19'	1	2381	1
1270837107298	1	PROB	'7 + 6 + 2 = '	'15'	1	1763	1
1270837111706	0	STOP
1270837115596	0	START
1270837116446	1	PROB	'3 + 1 + 6 = '	'10'	1	1494	1
1270837117988	1	PROB	'2 + 5 + 3 = '	'10'	1	1672	1
1270837119704	1	PROB	'1 + 4 + 5 = '	'10'	1	2533	1
1270837122237	0	STOP
1270837127487	0	START
1270837128662	1	PROB	'7 + 9 + 4 = '	'20'	1	3158	1
1270837131870	1	PROB	'9 + 8 + 8 = '	'25'	1	2295	1
1270837134165	0	STOP
1270837139421	0	START
1270837140387	1	PROB	'2 + 9 + 2 = '	'13'	1	3465	1
1270837143902	1	PROB	'1 + 5 + 9 = '	'15'	1	2638	1
1270837146540	0	STOP
1270837151511	0	START
1270837152618	1	PROB	'1 + 5 + 7 = '	'13'	1	1898	1
1270837154560	1	PROB	'7 + 5 + 4 = '	'16'	1	2428	1
1270837157036	1	PROB	'6 + 6 + 8 = '	'20'	1	1856	1
1270837158892	0	STOP
1270837163411	0	START
1270837164459	1	PROB	'9 + 7 + 9 = '	'25'	1	4193	1
1270837168709	1	PROB	'5 + 4 + 1 = '	'10'	1	1592	1
1270837170301	0	STOP
1270837175251	0	START
1270837176234	1	PROB	'6 + 6 + 2 = '	'14'	1	2226	1
1270837178508	1	PROB	'7 + 5 + 3 = '	'15'	1	2168	1
1270837183251	0	STOP
1270837187184	0	START
1270837188225	1	PROB	'9 + 2 + 2 = '	'13'	1	2196	1
1270837190466	1	PROB	'5 + 2 + 4 = '	'11'	1	2138	1
1270837192649	1	PROB	'8 + 2 + 3 = '	'13'	1	1468	1
1270837194117	0	STOP
1270837199200	0	START
1270837200116	1	PROB	'9 + 1 + 3 = '	'13'	1	1408	1
1270837201573	1	PROB	'2 + 7 + 7 = '	'16'	1	2616	1
1270837207200	0	STOP
1270837211065	0	START
1270837211931	1	PROB	'5 + 9 + 6 = '	'20'	1	3082	1
1270837215056	1	PROB	'1 + 4 + 6 = '	'11'	1	1349	1
1270837216447	1	PROB	'6 + 3 + 2 = '	'11'	1	1702	1
1270837218149	0	STOP
1270837223190	0	START
1270837224131	1	PROB	'7 + 7 + 5 = '	'19'	1	1449	1
1270837225621	1	PROB	'7 + 5 + 8 = '	'20'	1	2927	1
1270837231190	0	STOP
1270837235239	0	START
1270837236163	1	PROB	'9 + 1 + 8 = '	'18'	1	1258	1
1270837237470	1	PROB	'7 + 4 + 3 = '	'14'	1	2366	1
1270837239879	1	PROB	'9 + 2 + 8 = '	'19'	1	1677	1
1270837241595	1	PROB	'5 + 5 + 2 = '	'12'	1	1129	1
1270837242724	0	STOP
1270837247296	0	START
1270837248453	1	PROB	'7 + 6 + 4 = '	'17'	1	1768	1
1270837250270	1	PROB	'2 + 1 + 3 = '	'6'	1	2350	1
1270837252661	1	PROB	'2 + 4 + 9 = '	'15'	1	2007	1
1270837254668	0	STOP
1270837338563	0	START
1270837340064	1	PROB	'5 + 5 + 1 = '	'11'	1	1221	1
1270837341330	1	PROB	'1 + 8 + 1 = '	'10'	1	1250	1
1270837342629	1	PROB	'1 + 8 + 1 = '	'10'	1	895	1
1270837343571	1	PROB	'4 + 6 + 4 = '	'14'	1	1193	1
1270837344804	1	PROB	'5 + 9 + 5 = '	'19'	1	1072	1
1270837345921	1	PROB	'3 + 8 + 6 = '	'17'	1	1643	1
1270837347612	1	PROB	'9 + 2 + 5 = '	'16'	1	1304	1
1270837348962	1	PROB	'2 + 5 + 9 = '	'16'	1	2155	1
1270837351155	1	PROB	'3 + 8 + 8 = '	'19'	1	2825	1
1270837353980	0	STOP
1270837358562	0	START
1270837359628	1	PROB	'3 + 2 + 2 = '	'7'	1	1673	1
1270837361345	1	PROB	'6 + 9 + 2 = '	'17'	1	2908	1
1270837364295	1	PROB	'3 + 3 + 7 = '	'13'	1	2157	1
1270837366502	1	PROB	'1 + 7 + 8 = '	'16'	1	1198	1
1270837367752	1	PROB	'8 + 9 + 1 = '	'18'	1	1437	1
1270837369228	1	PROB	'4 + 1 + 1 = '	'6'	1	1137	1
1270837370412	1	PROB	'9 + 2 + 4 = '	'15'	1	2264	1
1270837372710	1	PROB	'3 + 4 + 9 = '	'16'	1	1655	1
1270837374365	0	STOP
1270837378719	0	START
1270837379776	1	PROB	'7 + 5 + 2 = '	'14'	1	2549	1
1270837382369	1	PROB	'5 + 2 + 6 = '	'13'	1	3020	1
1270837385435	1	PROB	'6 + 5 + 4 = '	'15'	1	1874	1
1270837387352	1	PROB	'7 + 9 + 5 = '	'21'	1	3773	1
1270837391168	1	PROB	'5 + 1 + 5 = '	'11'	1	1133	1
1270837392352	1	PROB	'7 + 6 + 3 = '	'16'	1	1989	1
1270837394341	0	STOP
1270837398909	0	START
1270837399825	1	PROB	'3 + 2 + 3 = '	'8'	1	2540	1
1270837402409	1	PROB	'2 + 8 + 7 = '	'17'	1	3628	1
1270837406084	1	PROB	'3 + 1 + 1 = '	'5'	1	1752	1
1270837407883	1	PROB	'9 + 3 + 2 = '	'14'	1	2226	1
1270837410159	1	PROB	'2 + 4 + 7 = '	'13'	1	1878	1
1270837414909	0	STOP
1270837418841	0	START
1270837419707	1	PROB	'4 + 8 + 6 = '	'17'	0	1881	1
1270837421632	1	PROB	'6 + 3 + 2 = '	'11'	1	3405	1
1270837425082	1	PROB	'2 + 9 + 9 = '	'20'	1	1882	1
1270837427016	1	PROB	'6 + 1 + 6 = '	'13'	1	1756	1
1270837428814	1	PROB	'7 + 9 + 3 = '	'19'	1	1646	1
1270837430506	1	PROB	'8 + 8 + 1 = '	'17'	1	2394	1
1270837432947	1	PROB	'2 + 3 + 9 = '	'14'	1	1657	1
1270837434604	0	STOP
1270837438922	0	START
1270837439814	1	PROB	'5 + 9 + 2 = '	'16'	1	2934	1
1270837442797	1	PROB	'3 + 6 + 9 = '	'18'	1	1592	1
1270837444439	1	PROB	'8 + 7 + 7 = '	'22'	1	1846	1
1270837446331	1	PROB	'9 + 8 + 7 = '	'24'	1	3465	1
1270837449846	1	PROB	'9 + 3 + 4 = '	'16'	1	2423	1
1270837452314	1	PROB	'8 + 8 + 4 = '	'20'	1	1923	1
1270837454237	0	STOP
1270837458904	0	START
1270837459812	1	PROB	'1 + 8 + 6 = '	'16'	0	1385	1
1270837461246	1	PROB	'7 + 1 + 6 = '	'14'	1	3111	1
1270837464404	1	PROB	'6 + 5 + 8 = '	'19'	1	1504	1
1270837465962	1	PROB	'8 + 2 + 2 = '	'12'	1	1363	1
1270837467371	1	PROB	'3 + 9 + 7 = '	'19'	1	1722	1
1270837469137	1	PROB	'3 + 6 + 1 = '	'10'	1	2188	1
1270837471362	1	PROB	'7 + 5 + 6 = '	'189'	0	2386	1
1270837473748	0	STOP
1270837479054	0	START
1270837480020	1	PROB	'3 + 1 + 7 = '	'11'	1	1608	1
1270837481677	1	PROB	'3 + 7 + 1 = '	'11'	1	1560	1
1270837483286	1	PROB	'7 + 6 + 7 = '	'20'	1	1911	1
1270837485245	1	PROB	'9 + 3 + 5 = '	'17'	1	2551	1
1270837487843	1	PROB	'9 + 7 + 1 = '	'17'	1	2298	1
1270837490186	1	PROB	'7 + 6 + 1 = '	'14'	1	2075	1
1270837492311	1	PROB	'3 + 9 + 1 = '	'13'	1	1525	1
1270837493836	0	STOP
1270837499186	0	START
1270837500019	1	PROB	'9 + 1 + 2 = '	'12'	1	1162	1
1270837501227	1	PROB	'5 + 9 + 2 = '	'16'	1	1858	1
1270837503135	1	PROB	'5 + 5 + 2 = '	'12'	1	1166	1
1270837504352	1	PROB	'5 + 9 + 5 = '	'19'	1	1308	1
1270837505709	1	PROB	'2 + 8 + 6 = '	'16'	1	1271	1
1270837507026	1	PROB	'4 + 4 + 1 = '	'9'	1	1307	1
1270837508376	1	PROB	'9 + 6 + 9 = '	'24'	1	2053	1
1270837510475	1	PROB	'2 + 5 + 5 = '	'12'	1	1073	1
1270837511592	1	PROB	'9 + 2 + 2 = '	'13'	1	2797	1
1270837514389	0	STOP
1270837519351	0	START
1270837520275	1	PROB	'4 + 5 + 7 = '	'16'	1	1705	1
1270837522025	1	PROB	'9 + 1 + 2 = '	'12'	1	1435	1
1270837523507	1	PROB	'7 + 8 + 9 = '	'24'	1	3489	1
1270837527041	1	PROB	'5 + 8 + 7 = '	'20'	1	2451	1
1270837529540	1	PROB	'2 + 6 + 8 = '	'16'	1	1785	1
1270837531374	1	PROB	'9 + 3 + 3 = '	'15'	1	2047	1
1270837535351	0	STOP
1270837539523	0	START
1270837540506	1	PROB	'2 + 2 + 8 = '	'12'	1	1651	1
1270837542207	1	PROB	'1 + 3 + 8 = '	'12'	1	2078	1
1270837544332	1	PROB	'2 + 4 + 4 = '	'10'	1	2168	1
1270837546547	1	PROB	'3 + 4 + 1 = '	'8'	1	1795	1
1270837548390	1	PROB	'1 + 4 + 8 = '	'13'	1	2711	1
1270837551148	1	PROB	'6 + 2 + 3 = '	'11'	1	2769	1
1270837555522	0	STOP
1270837559455	0	START
1270837560463	1	PROB	'9 + 8 + 8 = '	'25'	1	2302	1
1270837562813	1	PROB	'6 + 9 + 6 = '	'21'	1	3240	1
1270837566097	1	PROB	'5 + 9 + 1 = '	'15'	1	1467	1
1270837567612	1	PROB	'1 + 9 + 3 = '	'13'	1	1184	1
1270837568846	1	PROB	'7 + 1 + 4 = '	'12'	1	1838	1
1270837570729	1	PROB	'6 + 2 + 7 = '	'15'	1	2051	1
1270837572829	1	PROB	'1 + 2 + 9 = '	'12'	1	1528	1
1270837574357	0	STOP
1270837579296	0	START
1270837580121	1	PROB	'2 + 7 + 1 = '	'10'	1	1779	1
1270837581945	1	PROB	'5 + 2 + 8 = '	'15'	1	1515	1
1270837583503	1	PROB	'8 + 7 + 8 = '	'23'	1	3582	1
1270837587129	1	PROB	'2 + 2 + 1 = '	'5'	1	1100	1
1270837588279	1	PROB	'1 + 6 + 8 = '	'15'	1	1533	1
1270837589861	1	PROB	'9 + 8 + 1 = '	'18'	1	1384	1
1270837591295	1	PROB	'9 + 3 + 4 = '	'16'	1	2102	2
1270837595293	0	STOP
1270837599519	0	START
1270837600344	1	PROB	'6 + 8 + 1 = '	'15'	1	1765	1
1270837602153	1	PROB	'9 + 8 + 4 = '	'21'	1	3443	1
1270837605643	1	PROB	'3 + 1 + 2 = '	'6'	1	1410	1
1270837607102	1	PROB	'6 + 2 + 3 = '	'11'	1	2095	2
1270837609244	1	PROB	'1 + 5 + 9 = '	'15'	1	2113	1
1270837611394	1	PROB	'5 + 3 + 2 = '	'10'	1	1619	1
1270837613052	1	PROB	'9 + 5 + 4 = '	'18'	1	1632	1
1270837614684	0	STOP
1270837619592	0	START
1270837620792	1	PROB	'4 + 6 + 2 = '	'12'	1	1132	1
1270837621967	1	PROB	'7 + 9 + 7 = '	'23'	1	2142	1
1270837624151	1	PROB	'4 + 7 + 9 = '	'20'	1	3517	1
1270837627708	1	PROB	'4 + 5 + 1 = '	'10'	1	2256	1
1270837629999	1	PROB	'4 + 8 + 5 = '	'17'	1	4158	1
1270837634157	0	STOP
1270837639791	0	START
1270837640982	1	PROB	'2 + 9 + 2 = '	'13'	1	2111	1
1270837643141	1	PROB	'3 + 8 + 4 = '	'15'	1	1647	1
1270837644832	1	PROB	'6 + 5 + 4 = '	'15'	1	1828	1
1270837646698	1	PROB	'6 + 6 + 9 = '	'21'	1	2074	1
1270837648815	1	PROB	'5 + 7 + 7 = '	'19'	1	3877	1
1270837655791	0	STOP
1270837659722	0	START
1270837660580	1	PROB	'4 + 8 + 2 = '	'14'	1	1457	1
1270837662073	1	PROB	'2 + 1 + 2 = '	'5'	1	1348	1
1270837663455	1	PROB	'6 + 8 + 4 = '	'1'	0	2013	2
1270837665505	1	PROB	'1 + 1 + 2 = '	'4'	1	2075	2
1270837667622	1	PROB	'3 + 5 + 3 = '	'11'	1	1854	1
1270837669513	1	PROB	'5 + 1 + 8 = '	'14'	1	1756	1
1270837671314	1	PROB	'6 + 7 + 8 = '	'19'	0	3059	1
1270837674373	0	STOP
1270837817952	0	START
1270837819053	1	PROB	'6 + 7 + 9 = '	'22'	1	2639	1
1270837821735	1	PROB	'4 + 8 + 5 = '	'17'	1	2383	1
1270837824161	1	PROB	'6 + 1 + 2 = '	'9'	1	2427	2
1270837826626	1	PROB	'5 + 8 + 2 = '	'15'	1	1290	2
1270837827951	1	PROB	'7 + 2 + 9 = '	'18'	1	2255	1
1270837830252	1	PROB	'5 + 7 + 4 = '	'16'	1	2328	2
1270837832580	1	STOP
1270839169316	0	E	Logging Ends
