1278960404996	0	B	Logging Begins
1278960427877	0	START
1278960427901	1	PROB	'3 + 5 + 9 = '	'17'	1	1488	1
1278960429419	1	PROB	'6 + 2 + 5 = '	'13'	1	1521	1
1278960430976	1	PROB	'1 + 6 + 4 = '	'11'	1	813	1
1278960431827	1	PROB	'8 + 3 + 9 = '	'22'	0	1530	1
1278960433394	1	PROB	'4 + 8 + 3 = '	'15'	1	1067	1
1278960434494	1	PROB	'6 + 1 + 7 = '	'12'	0	1015	1
1278960435543	1	PROB	'8 + 7 + 4 = '	'19'	1	1510	1
1278960437085	1	PROB	'1 + 9 + 4 = '	'14'	1	1152	1
1278960438268	1	PROB	'8 + 9 + 6 = '	'23'	1	1993	1
1278960440293	1	PROB	'1 + 6 + 4 = '	'11'	1	896	1
1278960441226	1	PROB	'8 + 8 + 5 = '	'21'	1	995	1
1278960442251	1	PROB	'2 + 8 + 3 = '	'13'	1	1186	1
1278960443485	1	PROB	'3 + 8 + 6 = '	'17'	1	1544	1
1278960445068	1	PROB	'3 + 4 + 6 = '	'13'	1	937	1
1278960447876	0	STOP
1278960469608	0	START
1278960471116	1	PROB	'4 + 1 + 2 = '	'7'	1	832	1
1278960471981	1	PROB	'4 + 7 + 5 = '	'16'	1	1464	1
1278960473482	1	PROB	'3 + 9 + 7 = '	'198'	0	1386	1
1278960474898	1	PROB	'1 + 8 + 3 = '	'12'	1	1315	1
1278960476213	0	STOP
1278960481615	0	START
1278960482757	1	PROB	'3 + 2 + 9 = '	'14'	1	1312	1
1278960484106	1	PROB	'3 + 8 + 9 = '	'20'	1	1195	1
1278960485331	1	PROB	'2 + 3 + 5 = '	'10'	1	978	1
1278960486340	1	PROB	'9 + 1 + 5 = '	'15'	1	945	1
1278960487323	1	PROB	'6 + 4 + 9 = '	'19'	1	1242	1
1278960488565	0	STOP
1278960493689	0	START
1278960494706	1	PROB	'9 + 6 + 2 = '	'17'	1	1250	1
1278960495988	1	PROB	'1 + 9 + 5 = '	'15'	1	864	1
1278960496888	1	PROB	'2 + 5 + 4 = '	'11'	1	1117	1
1278960498039	1	PROB	'4 + 7 + 5 = '	'16'	1	1726	1
1278960499797	1	PROB	'5 + 3 + 4 = '	'12'	1	1656	1
1278960501453	0	STOP
1278960505713	0	START
1278960506830	1	PROB	'1 + 7 + 2 = '	'10'	1	791	1
1278960507655	1	PROB	'9 + 5 + 3 = '	'17'	1	1126	1
1278960508813	1	PROB	'7 + 4 + 8 = '	'19'	1	1752	1
1278960510604	1	PROB	'3 + 7 + 2 = '	'12'	1	809	1
1278960511446	1	PROB	'2 + 2 + 6 = '	'10'	1	1007	1
1278960512453	0	STOP
1278960517613	0	START
1278960518737	1	PROB	'5 + 1 + 7 = '	'13'	1	1147	1
1278960519919	1	PROB	'3 + 7 + 8 = '	'18'	1	1198	1
1278960521154	1	PROB	'5 + 2 + 2 = '	'9'	1	1147	1
1278960522337	1	PROB	'1 + 3 + 1 = '	'5'	1	764	1
1278960523137	1	PROB	'5 + 7 + 9 = '	'21'	1	1076	1
1278960524213	0	STOP
1278960529545	0	START
1278960530545	1	PROB	'1 + 7 + 2 = '	'10'	1	756	1
1278960531336	1	PROB	'4 + 8 + 6 = '	'18'	1	893	1
1278960532261	1	PROB	'3 + 7 + 6 = '	'16'	1	952	1
1278960533253	1	PROB	'1 + 2 + 4 = '	'7'	1	1104	1
1278960534394	1	PROB	'3 + 3 + 2 = '	'8'	1	907	1
1278960535336	1	PROB	'2 + 5 + 2 = '	'9'	1	1013	1
1278960536349	0	STOP
1278960541544	0	START
1278960542352	1	PROB	'5 + 5 + 4 = '	'14'	1	1821	1
1278960544210	1	PROB	'7 + 3 + 5 = '	'15'	1	875	1
1278960545119	1	PROB	'3 + 2 + 8 = '	'13'	1	974	1
1278960546127	1	PROB	'4 + 1 + 7 = '	'13'	0	942	1
1278960547102	1	PROB	'3 + 5 + 2 = '	'10'	1	2127	1
1278960549229	0	STOP
1278960553443	0	START
1278960554409	1	PROB	'1 + 5 + 3 = '	'9'	1	1012	1
1278960555459	1	PROB	'8 + 6 + 1 = '	'15'	1	1090	1
1278960556584	1	PROB	'2 + 6 + 2 = '	'10'	1	853	1
1278960557476	1	PROB	'8 + 5 + 7 = '	'23'	0	1376	1
1278960558891	1	PROB	'8 + 1 + 1 = '	'10'	1	834	1
1278960561437	0	STOP
1278960565492	0	START
1278960566609	1	PROB	'9 + 8 + 7 = '	'24'	1	1420	1
1278960568067	1	PROB	'4 + 3 + 7 = '	'14'	1	1058	1
1278960569158	1	PROB	'4 + 3 + 5 = '	'12'	1	1239	1
1278960570433	1	PROB	'4 + 4 + 1 = '	'9'	1	860	1
1278960571325	1	PROB	'8 + 9 + 2 = '	'19'	1	968	1
1278960572293	0	STOP
1278960577591	0	START
1278960578658	1	PROB	'4 + 5 + 3 = '	'12'	1	987	1
1278960579683	1	PROB	'4 + 8 + 4 = '	'16'	1	1257	1
1278960580973	1	PROB	'4 + 4 + 3 = '	'11'	1	1088	1
1278960582099	1	PROB	'1 + 1 + 2 = '	'4'	1	801	1
1278960582940	1	PROB	'6 + 4 + 8 = '	'18'	1	1345	1
1278960584285	0	STOP
1278960589707	0	START
1278960590557	1	PROB	'8 + 1 + 9 = '	'18'	1	1144	1
1278960591740	1	PROB	'4 + 1 + 7 = '	'12'	1	1208	1
1278960592980	1	PROB	'8 + 5 + 3 = '	'16'	1	1185	1
1278960594198	1	PROB	'8 + 3 + 2 = '	'13'	1	1127	1
1278960595365	1	PROB	'3 + 8 + 2 = '	'13'	1	1328	1
1278960596693	0	STOP
1278960601806	0	START
1278960602747	1	PROB	'3 + 1 + 7 = '	'11'	1	794	1
1278960603581	1	PROB	'8 + 7 + 9 = '	'24'	1	1303	1
1278960604921	1	PROB	'3 + 9 + 5 = '	'17'	1	1372	1
1278960606331	1	PROB	'6 + 2 + 4 = '	'12'	1	1490	1
1278960607854	1	PROB	'8 + 5 + 8 = '	'21'	1	1295	1
1278960609149	0	STOP
1278960613863	0	START
1278960614937	1	PROB	'1 + 5 + 3 = '	'9'	1	852	1
1278960615821	1	PROB	'9 + 3 + 6 = '	'18'	1	1360	1
1278960617213	1	PROB	'6 + 8 + 7 = '	'21'	1	1176	1
1278960618421	1	PROB	'3 + 9 + 8 = '	'20'	1	1112	1
1278960619571	1	PROB	'7 + 8 + 7 = '	'22'	1	1138	1
1278960620709	0	STOP
1278960625829	0	START
1278960626671	1	PROB	'7 + 7 + 3 = '	'17'	1	1158	1
1278960627861	1	PROB	'3 + 6 + 5 = '	'14'	1	1240	1
1278960629137	1	PROB	'2 + 2 + 7 = '	'11'	1	1132	1
1278960630304	1	PROB	'3 + 2 + 7 = '	'17'	0	1029	1
1278960631370	1	PROB	'6 + 1 + 8 = '	'15'	1	1203	1
1278960632573	0	STOP
1278960637837	0	START
1278960639036	1	PROB	'5 + 8 + 9 = '	'22'	1	1017	1
1278960640086	1	PROB	'3 + 2 + 2 = '	'7'	1	967	1
1278960641086	1	PROB	'3 + 6 + 5 = '	'14'	1	1135	1
1278960642253	1	PROB	'3 + 5 + 4 = '	'12'	1	1080	1
1278960643369	1	PROB	'4 + 2 + 2 = '	'8'	1	820	1
1278960644228	1	PROB	'9 + 4 + 4 = '	'17'	1	1097	1
1278960645325	0	STOP
1278960649968	0	START
1278960651094	1	PROB	'6 + 8 + 4 = '	'18'	1	1223	1
1278960652352	1	PROB	'8 + 5 + 1 = '	'14'	1	1013	1
1278960653402	1	PROB	'9 + 5 + 2 = '	'16'	1	1155	1
1278960654594	1	PROB	'5 + 9 + 7 = '	'21'	1	1131	1
1278960655760	1	PROB	'1 + 6 + 7 = '	'14'	1	973	1
1278960656733	0	STOP
1278960662101	0	START
1278960663210	1	PROB	'7 + 2 + 3 = '	'12'	1	931	1
1278960664176	1	PROB	'8 + 4 + 6 = '	'18'	1	909	1
1278960665118	1	PROB	'8 + 8 + 6 = '	'22'	1	1071	1
1278960666226	1	PROB	'8 + 9 + 7 = '	'21'	0	1435	1
1278960667701	1	PROB	'1 + 2 + 7 = '	'8'	0	904	1
1278960668605	0	STOP
1278960814964	0	START
1278960816040	1	PROB	'9 + 6 + 8 = '	'22'	0	2325	1
1278960818398	1	PROB	'4 + 4 + 2 = '	'10'	1	1135	1
1278960819573	1	PROB	'8 + 7 + 1 = '	'16'	1	1343	1
1278960820955	1	PROB	'3 + 2 + 4 = '	'9'	1	929	1
1278960821884	0	STOP
1278960968595	0	START
1278960969678	1	PROB	'4 + 2 + 5 = '	'11'	1	1663	1
1278960971378	1	PROB	'6 + 8 + 5 = '	'19'	1	1163	1
1278960972578	1	PROB	'8 + 5 + 9 = '	'22'	1	1243	1
1278960973860	1	PROB	'8 + 8 + 6 = '	'22'	1	2233	1
1278960976093	0	STOP
1278961057413	0	START
1278961058920	1	PROB	'5 + 7 + 2 = '	'14'	1	1493	1
1278961060446	1	PROB	'9 + 4 + 4 = '	'17'	1	1199	1
1278961061679	1	PROB	'6 + 1 + 5 = '	'12'	1	934	1
1278961062646	1	PROB	'9 + 9 + 4 = '	'22'	1	1039	1
1278961063721	1	PROB	'2 + 3 + 1 = '	'6'	1	716	1
1278961064437	0	STOP
1278961069571	0	START
1278961070745	1	PROB	'5 + 7 + 7 = '	'19'	1	956	1
1278961071737	1	PROB	'4 + 8 + 8 = '	'20'	1	1404	1
1278961073178	1	PROB	'2 + 7 + 6 = '	'15'	1	1043	1
1278961074253	1	PROB	'4 + 8 + 3 = '	'15'	1	1792	1
1278961076045	0	STOP
1278961081412	0	START
1278961082519	1	PROB	'1 + 1 + 5 = '	'7'	1	814	1
1278961083369	1	PROB	'7 + 2 + 8 = '	'17'	1	1012	1
1278961084419	1	PROB	'4 + 1 + 7 = '	'12'	1	890	1
1278961085344	1	PROB	'3 + 3 + 9 = '	'15'	1	1572	1
1278961086951	1	PROB	'6 + 9 + 4 = '	'19'	1	1390	1
1278961088341	0	STOP
1278961093627	0	START
1278961094593	1	PROB	'9 + 7 + 9 = '	'25'	1	2020	1
1278961096652	1	PROB	'1 + 5 + 5 = '	'11'	1	1089	1
1278961097777	1	PROB	'4 + 2 + 3 = '	'9'	1	748	1
1278961098560	1	PROB	'8 + 5 + 3 = '	'21'	0	1877	1
1278961100437	0	STOP
1278961105460	0	START
1278961106559	1	PROB	'6 + 3 + 2 = '	'11'	1	1150	1
1278961107759	1	PROB	'6 + 2 + 5 = '	'13'	1	1334	1
1278961109134	1	PROB	'4 + 5 + 8 = '	'17'	1	1695	1
1278961110866	1	PROB	'8 + 6 + 7 = '	'21'	1	994	1
1278961111908	1	PROB	'4 + 5 + 1 = '	'10'	1	905	1
1278961112813	0	STOP
1278961117634	0	START
1278961118633	1	PROB	'9 + 6 + 3 = '	'18'	1	1676	1
1278961120350	1	PROB	'5 + 3 + 9 = '	'17'	1	1319	1
1278961121708	1	PROB	'6 + 8 + 5 = '	'19'	1	1825	1
1278961123575	1	PROB	'8 + 5 + 5 = '	'18'	1	854	1
1278961124429	0	STOP
1278961129525	0	START
1278961130624	1	PROB	'5 + 7 + 3 = '	'13'	0	837	1
1278961131507	1	PROB	'4 + 8 + 5 = '	'17'	1	1706	1
1278961133257	1	PROB	'9 + 2 + 5 = '	'16'	1	1180	1
1278961134482	1	PROB	'7 + 9 + 4 = '	'20'	1	1442	1
1278961137525	0	STOP
1278961141365	0	START
1278961142206	1	PROB	'6 + 6 + 7 = '	'19'	1	1487	1
1278961143740	1	PROB	'3 + 9 + 7 = '	'19'	1	1208	1
1278961144997	1	PROB	'8 + 2 + 3 = '	'13'	1	887	1
1278961145930	1	PROB	'7 + 3 + 8 = '	'18'	1	1042	1
1278961147023	1	PROB	'5 + 6 + 1 = '	'12'	1	829	1
1278961147852	0	STOP
1278961153398	0	START
1278961154414	1	PROB	'2 + 4 + 4 = '	'10'	1	943	1
1278961155397	1	PROB	'9 + 6 + 6 = '	'21'	1	1112	1
1278961156547	1	PROB	'8 + 1 + 2 = '	'11'	1	866	1
1278961157447	1	PROB	'4 + 4 + 7 = '	'15'	1	1254	1
1278961158739	1	PROB	'1 + 3 + 3 = '	'7'	1	770	1
1278961159547	1	PROB	'7 + 7 + 3 = '	'17'	1	1234	1
1278961160781	0	STOP
1278961165622	0	START
1278961166688	1	PROB	'6 + 7 + 8 = '	'21'	1	981	1
1278961167713	1	PROB	'9 + 4 + 9 = '	'22'	1	1163	1
1278961168912	1	PROB	'6 + 7 + 9 = '	'22'	1	2165	1
1278961171113	1	PROB	'2 + 2 + 9 = '	'13'	1	1076	1
1278961172189	0	STOP
1278961177779	0	START
1278961178903	1	PROB	'3 + 4 + 8 = '	'15'	1	1134	1
1278961180087	1	PROB	'2 + 9 + 8 = '	'19'	1	1358	1
1278961181495	1	PROB	'6 + 7 + 9 = '	'22'	1	1357	1
1278961182902	1	PROB	'7 + 7 + 4 = '	'18'	1	1014	1
1278961183961	1	PROB	'9 + 4 + 4 = '	'17'	1	1380	1
1278961185341	0	STOP
1278961189737	0	START
1278961190778	1	PROB	'4 + 4 + 1 = '	'9'	1	803	1
1278961191619	1	PROB	'1 + 5 + 7 = '	'13'	1	914	1
1278961192578	1	PROB	'7 + 1 + 5 = '	'13'	1	675	1
1278961193294	1	PROB	'6 + 5 + 8 = '	'19'	1	1223	1
1278961194561	1	PROB	'6 + 7 + 9 = '	'245'	0	2100	1
1278961196661	0	STOP
1278961201918	0	START
1278961202934	1	PROB	'5 + 1 + 4 = '	'10'	1	958	1
1278961203934	1	PROB	'5 + 2 + 3 = '	'10'	1	926	1
1278961204901	1	PROB	'7 + 6 + 9 = '	'22'	1	1352	1
1278961206293	1	PROB	'1 + 8 + 4 = '	'13'	1	824	1
1278961207160	1	PROB	'2 + 2 + 3 = '	'7'	1	796	1
1278961207992	1	PROB	'6 + 5 + 5 = '	'16'	1	908	1
1278961208900	0	STOP
1278961213785	0	START
1278961214601	1	PROB	'1 + 4 + 1 = '	'6'	1	940	1
1278961215584	1	PROB	'6 + 9 + 5 = '	'21'	0	1429	1
1278961217059	1	PROB	'5 + 4 + 6 = '	'15'	1	954	1
1278961218059	1	PROB	'1 + 4 + 8 = '	'13'	1	857	1
1278961218966	1	PROB	'8 + 8 + 5 = '	'21'	1	1014	1
1278961221784	0	STOP
1278961225817	0	START
1278961226625	1	PROB	'3 + 5 + 5 = '	'13'	1	1476	1
1278961228150	1	PROB	'4 + 6 + 7 = '	'17'	1	1047	1
1278961229233	1	PROB	'4 + 4 + 4 = '	'12'	1	1020	1
1278961230291	1	PROB	'5 + 2 + 9 = '	'16'	1	1410	1
1278961231741	1	PROB	'5 + 7 + 8 = '	'20'	1	1776	1
1278961233517	0	STOP
1278961237940	0	START
1278961238865	1	PROB	'5 + 4 + 4 = '	'13'	1	1940	1
1278961240848	1	PROB	'5 + 9 + 3 = '	'17'	1	1189	1
1278961242074	1	PROB	'7 + 9 + 2 = '	'18'	1	1395	1
1278961243515	1	PROB	'9 + 2 + 7 = '	'18'	1	1210	1
1278961244725	0	STOP
1278961249973	0	START
1278961250956	1	PROB	'3 + 5 + 2 = '	'10'	1	793	1
1278961251790	1	PROB	'8 + 3 + 1 = '	'14'	0	1047	1
1278961252880	1	PROB	'7 + 7 + 8 = '	'22'	1	1181	1
1278961254098	1	PROB	'8 + 8 + 5 = '	'21'	1	1219	1
1278961255356	1	PROB	'9 + 5 + 1 = '	'15'	1	1129	1
1278961256485	0	STOP
1278961401437	0	START
1278961402562	1	PROB	'9 + 6 + 3 = '	'18'	1	1627	1
1278961404237	1	PROB	'5 + 2 + 3 = '	'10'	1	816	2
1278961405103	1	PROB	'1 + 7 + 8 = '	'16'	1	1077	3
1278961406228	1	PROB	'2 + 5 + 7 = '	'17'	0	1385	1
1278961407661	1	PROB	'4 + 8 + 3 = '	'17'	0	1392	2
1278961409095	1	PROB	'1 + 6 + 8 = '	'15'	1	1078	1
1278961410211	1	PROB	'4 + 2 + 7 = '	'13'	1	1506	2
1278961411761	1	PROB	'3 + 2 + 1 = '	'6'	1	676	2
1278961412486	1	PROB	'7 + 2 + 5 = '	'14'	1	1615	2
1278961414136	1	PROB	'3 + 7 + 3 = '	'13'	1	860	1
1278961415044	1	PROB	'4 + 3 + 8 = '	'15'	1	1265	2
1278961416309	1	STOP
1278961502729	0	START
1278961504237	1	PROB	'1 + 1 + 8 = '	'10'	1	936	1
1278961505221	1	PROB	'8 + 3 + 6 = '	'17'	1	1449	1
1278961506712	1	PROB	'9 + 5 + 8 = '	'22'	1	1477	2
1278961508229	1	PROB	'3 + 7 + 6 = '	'16'	1	1008	1
1278961509279	1	PROB	'2 + 5 + 8 = '	'15'	1	862	2
1278961510179	1	PROB	'9 + 2 + 2 = '	'13'	1	1162	1
1278961511379	1	PROB	'6 + 1 + 9 = '	'16'	1	1162	1
1278961512578	1	PROB	'1 + 9 + 5 = '	'15'	1	1131	1
1278961513745	1	PROB	'1 + 4 + 3 = '	'8'	1	893	1
1278961514678	1	PROB	'7 + 5 + 5 = '	'17'	1	967	1
1278961515687	1	PROB	'7 + 9 + 4 = '	'20'	1	1567	1
1278961517254	0	STOP
1278961522786	0	START
1278961523602	1	PROB	'2 + 5 + 7 = '	'14'	1	2395	1
1278961526044	1	PROB	'6 + 1 + 9 = '	'16'	1	832	2
1278961526918	1	PROB	'6 + 9 + 3 = '	'18'	1	2607	1
1278961529560	1	PROB	'1 + 7 + 1 = '	'9'	1	758	1
1278961530360	1	PROB	'5 + 2 + 9 = '	'16'	1	1142	1
1278961531535	1	PROB	'3 + 9 + 6 = '	'18'	1	1198	2
1278961532777	1	PROB	'5 + 3 + 2 = '	'10'	1	780	1
1278961533593	1	PROB	'3 + 2 + 2 = '	'7'	1	836	1
1278961534468	1	PROB	'6 + 4 + 1 = '	'11'	1	865	2
1278961535368	1	PROB	'4 + 9 + 7 = '	'20'	1	1213	1
1278961536626	1	PROB	'2 + 4 + 3 = '	'9'	1	795	2
1278961537421	1	STOP
1278961542942	0	START
1278961543751	1	PROB	'2 + 4 + 6 = '	'12'	1	1086	2
1278961544883	1	PROB	'4 + 4 + 8 = '	'16'	1	961	2
1278961545883	1	PROB	'4 + 1 + 3 = '	'8'	1	763	1
1278961546692	1	PROB	'7 + 9 + 1 = '	'17'	1	1033	1
1278961547767	1	PROB	'5 + 6 + 4 = '	'15'	1	974	1
1278961548776	1	PROB	'4 + 5 + 6 = '	'15'	1	837	1
1278961549651	1	PROB	'3 + 4 + 6 = '	'13'	1	962	2
1278961550659	1	PROB	'5 + 4 + 7 = '	'16'	1	1354	2
1278961552059	1	PROB	'1 + 1 + 2 = '	'4'	1	762	1
1278961552858	1	PROB	'2 + 4 + 3 = '	'9'	1	732	1
1278961553625	1	PROB	'3 + 5 + 2 = '	'10'	1	1556	1
1278961555217	1	PROB	'2 + 5 + 2 = '	'9'	1	948	1
1278961556200	1	PROB	'4 + 2 + 1 = '	'7'	1	780	1
1278961557017	1	PROB	'3 + 9 + 1 = '	'13'	1	996	2
1278961558013	1	STOP
1278961562783	0	START
1278961563641	1	PROB	'1 + 4 + 3 = '	'8'	1	740	1
1278961564416	1	PROB	'4 + 5 + 9 = '	'18'	1	1373	2
1278961565824	1	PROB	'4 + 5 + 4 = '	'13'	1	1942	1
1278961567799	1	PROB	'7 + 9 + 1 = '	'17'	1	1318	2
1278961569157	1	PROB	'6 + 5 + 4 = '	'15'	1	775	2
1278961569973	1	PROB	'1 + 3 + 2 = '	'6'	1	736	2
1278961570757	1	PROB	'2 + 6 + 9 = '	'17'	1	1296	1
1278961572099	1	PROB	'8 + 1 + 6 = '	'15'	1	825	2
1278961572973	1	PROB	'5 + 3 + 5 = '	'13'	1	896	1
1278961573906	1	PROB	'8 + 5 + 8 = '	'21'	1	1082	2
1278961575024	1	PROB	'4 + 8 + 2 = '	'14'	1	956	2
1278961576015	1	PROB	'9 + 2 + 6 = '	'17'	1	2118	2
1278961578133	1	STOP
1278961582765	0	START
1278961583648	1	PROB	'9 + 3 + 8 = '	'20'	1	981	2
1278961584673	1	PROB	'5 + 9 + 1 = '	'15'	1	1227	2
1278961585938	1	PROB	'5 + 4 + 8 = '	'17'	1	1803	2
1278961587789	1	PROB	'9 + 1 + 4 = '	'14'	1	1143	2
1278961588972	1	PROB	'2 + 1 + 2 = '	'5'	1	896	1
1278961589905	1	PROB	'8 + 1 + 9 = '	'18'	1	2011	1
1278961591955	1	PROB	'8 + 1 + 4 = '	'13'	1	961	1
1278961592955	1	PROB	'7 + 1 + 6 = '	'14'	1	930	1
1278961593921	1	PROB	'5 + 7 + 6 = '	'21'	0	1292	2
1278961595247	1	PROB	'9 + 2 + 4 = '	'15'	1	1271	1
1278961596555	1	PROB	'1 + 8 + 2 = '	'11'	1	874	2
1278961597429	1	STOP
1278961602614	0	START
1278961603521	1	PROB	'5 + 1 + 5 = '	'11'	1	813	1
1278961604371	1	PROB	'1 + 4 + 1 = '	'6'	1	755	1
1278961605171	1	PROB	'7 + 1 + 5 = '	'13'	1	874	2
1278961606088	1	PROB	'1 + 2 + 6 = '	'9'	1	933	1
1278961607071	1	PROB	'8 + 4 + 2 = '	'14'	1	991	1
1278961608104	1	PROB	'7 + 9 + 8 = '	'21'	0	1213	1
1278961609363	1	PROB	'5 + 3 + 8 = '	'16'	1	2082	2
1278961611487	1	PROB	'2 + 8 + 8 = '	'18'	1	1166	2
1278961612696	1	PROB	'3 + 7 + 8 = '	'18'	1	982	1
1278961613721	1	PROB	'5 + 9 + 7 = '	'21'	1	1204	1
1278961614970	1	PROB	'7 + 5 + 9 = '	'21'	1	1611	2
1278961616629	1	PROB	'9 + 6 + 5 = '	'20'	1	1729	1
1278961618358	0	STOP
1278961622495	0	START
1278961623662	1	PROB	'9 + 8 + 2 = '	'19'	1	1326	2
1278961625037	1	PROB	'1 + 2 + 5 = '	'9'	0	1281	1
1278961626353	1	PROB	'3 + 5 + 7 = '	'15'	1	1619	2
1278961628011	1	PROB	'4 + 2 + 5 = '	'11'	1	1515	1
1278961629561	1	PROB	'2 + 8 + 7 = '	'17'	1	956	2
1278961630553	1	PROB	'6 + 2 + 7 = '	'15'	1	2460	2
1278961633053	1	PROB	'1 + 5 + 7 = '	'13'	1	1272	2
1278961634361	1	PROB	'3 + 2 + 2 = '	'7'	1	980	2
1278961635377	1	PROB	'5 + 2 + 2 = '	'9'	1	885	1
1278961636302	1	PROB	'3 + 3 + 7 = '	'13'	1	1191	2
1278961637493	1	STOP
1278961642336	0	START
1278961643243	1	PROB	'5 + 3 + 9 = '	'17'	1	1418	2
1278961644702	1	PROB	'4 + 1 + 4 = '	'9'	1	1007	2
1278961645743	1	PROB	'9 + 8 + 5 = '	'22'	1	1095	1
1278961646875	1	PROB	'8 + 5 + 1 = '	'14'	1	1026	1
1278961647950	1	PROB	'6 + 1 + 8 = '	'15'	1	974	2
1278961648959	1	PROB	'2 + 1 + 2 = '	'5'	1	719	1
1278961649726	1	PROB	'8 + 9 + 2 = '	'19'	1	1198	2
1278961650959	1	PROB	'3 + 7 + 3 = '	'13'	1	870	2
1278961651867	1	PROB	'5 + 2 + 1 = '	'8'	1	1041	2
1278961652958	1	PROB	'8 + 1 + 7 = '	'16'	1	1015	1
1278961654009	1	PROB	'1 + 7 + 1 = '	'9'	1	765	1
1278961654818	1	PROB	'1 + 1 + 4 = '	'6'	1	884	1
1278961655743	1	PROB	'9 + 8 + 5 = '	'22'	1	1079	1
1278961656822	0	STOP
1278961662192	0	START
1278961663200	1	PROB	'3 + 8 + 5 = '	'16'	1	1005	1
1278961664242	1	PROB	'7 + 9 + 9 = '	'25'	1	1859	2
1278961666150	1	PROB	'7 + 6 + 7 = '	'20'	1	1512	1
1278961667700	1	PROB	'9 + 7 + 1 = '	'17'	1	1114	1
1278961668849	1	PROB	'5 + 8 + 6 = '	'19'	1	2197	1
1278961671091	1	PROB	'9 + 8 + 6 = '	'23'	1	1563	1
1278961672691	1	PROB	'4 + 4 + 1 = '	'9'	1	787	1
1278961673516	1	PROB	'1 + 7 + 4 = '	'12'	1	938	1
1278961674491	1	PROB	'3 + 9 + 9 = '	'21'	1	1043	1
1278961675574	1	PROB	'6 + 2 + 4 = '	'12'	1	1080	1
1278961676691	1	PROB	'1 + 1 + 5 = '	'7'	1	771	1
1278961677462	0	STOP
1278961682233	0	START
1278961683365	1	PROB	'2 + 5 + 6 = '	'13'	1	976	2
1278961684382	1	PROB	'4 + 9 + 3 = '	'16'	1	999	2
1278961685415	1	PROB	'5 + 8 + 2 = '	'15'	1	903	1
1278961686357	1	PROB	'2 + 8 + 4 = '	'14'	1	977	1
1278961687373	1	PROB	'5 + 6 + 4 = '	'15'	1	1049	1
1278961688465	1	PROB	'5 + 7 + 2 = '	'14'	1	1077	1
1278961689590	1	PROB	'8 + 5 + 8 = '	'21'	1	1184	1
1278961690823	1	PROB	'9 + 1 + 4 = '	'14'	1	1158	1
1278961692023	1	PROB	'7 + 9 + 1 = '	'17'	1	1270	2
1278961693340	1	PROB	'8 + 4 + 7 = '	'19'	1	1154	1
1278961694540	1	PROB	'3 + 4 + 2 = '	'9'	1	770	1
1278961695348	1	PROB	'9 + 9 + 4 = '	'22'	1	1074	1
1278961698232	0	STOP
1278961702273	0	START
1278961703131	1	PROB	'1 + 2 + 7 = '	'9'	0	858	1
1278961704039	1	PROB	'9 + 3 + 2 = '	'14'	1	1143	1
1278961705230	1	PROB	'2 + 6 + 9 = '	'17'	1	1743	1
1278961707022	1	PROB	'3 + 9 + 8 = '	'20'	1	1384	1
1278961708447	1	PROB	'4 + 7 + 9 = '	'2'	0	1367	1
1278961709862	1	PROB	'4 + 6 + 8 = '	'18'	1	1391	2
1278961711288	1	PROB	'5 + 4 + 3 = '	'12'	1	2165	2
1278961713496	1	PROB	'3 + 5 + 7 = '	'15'	1	1309	2
1278961714854	1	PROB	'5 + 1 + 2 = '	'8'	1	864	1
1278961715755	1	PROB	'8 + 8 + 4 = '	'20'	1	987	1
1278961716742	0	STOP
1278961722229	0	START
1278961723046	1	PROB	'1 + 2 + 2 = '	'5'	1	680	1
1278961723762	1	PROB	'7 + 9 + 9 = '	'25'	1	1154	2
1278961724953	1	PROB	'7 + 4 + 4 = '	'15'	1	1437	1
1278961726429	1	PROB	'6 + 3 + 2 = '	'11'	1	1393	1
1278961727861	1	PROB	'6 + 1 + 3 = '	'10'	1	841	1
1278961728737	1	PROB	'3 + 3 + 5 = '	'11'	1	1092	2
1278961729869	1	PROB	'8 + 9 + 8 = '	'25'	1	1937	1
1278961731852	1	PROB	'1 + 8 + 9 = '	'18'	1	1088	2
1278961732977	1	PROB	'3 + 9 + 6 = '	'18'	1	1676	2
1278961734695	1	PROB	'9 + 5 + 5 = '	'19'	1	919	1
1278961735653	1	PROB	'1 + 9 + 7 = '	'17'	1	1008	1
1278961736703	1	PROB	'4 + 2 + 1 = '	'7'	1	1230	1
1278961737933	0	STOP
1278961742228	0	START
1278961743177	1	PROB	'5 + 1 + 6 = '	'12'	1	811	2
1278961744027	1	PROB	'3 + 4 + 9 = '	'16'	1	1035	1
1278961745102	1	PROB	'2 + 9 + 1 = '	'12'	1	1655	2
1278961746794	1	PROB	'7 + 1 + 9 = '	'17'	1	1202	2
1278961748035	1	PROB	'4 + 8 + 8 = '	'20'	1	1075	1
1278961749144	1	PROB	'8 + 2 + 1 = '	'11'	1	1014	1
1278961750194	1	PROB	'3 + 9 + 7 = '	'19'	1	1187	2
1278961751419	1	PROB	'8 + 1 + 8 = '	'17'	1	1434	1
1278961752892	1	PROB	'7 + 2 + 3 = '	'12'	1	1722	1
1278961754652	1	PROB	'9 + 9 + 8 = '	'26'	1	1706	1
1278961756393	1	PROB	'5 + 5 + 4 = '	'14'	1	877	1
1278961757270	0	STOP
1278961762435	0	START
1278961763484	1	PROB	'1 + 7 + 5 = '	'13'	1	834	1
1278961764359	1	PROB	'3 + 8 + 7 = '	'18'	1	1406	2
1278961765801	1	PROB	'7 + 7 + 1 = '	'15'	1	972	2
1278961766809	1	PROB	'4 + 2 + 7 = '	'13'	1	3884	2
1278961770734	1	PROB	'5 + 8 + 9 = '	'22'	1	1064	1
1278961771834	1	PROB	'8 + 9 + 5 = '	'22'	1	1180	1
1278961773050	1	PROB	'7 + 6 + 8 = '	'21'	1	1108	1
1278961774192	1	PROB	'4 + 8 + 2 = '	'14'	1	1270	1
1278961775508	1	PROB	'7 + 9 + 1 = '	'17'	1	1361	1
1278961778435	0	STOP
1278961782508	0	START
1278961783583	1	PROB	'9 + 1 + 7 = '	'17'	1	1031	1
1278961784649	1	PROB	'8 + 6 + 8 = '	'22'	1	1251	2
1278961785940	1	PROB	'7 + 6 + 8 = '	'21'	1	1626	1
1278961787599	1	PROB	'4 + 5 + 6 = '	'15'	1	791	1
1278961788424	1	PROB	'9 + 4 + 5 = '	'18'	1	1125	2
1278961789591	1	PROB	'9 + 2 + 7 = '	'18'	1	1111	1
1278961790741	1	PROB	'3 + 9 + 1 = '	'13'	1	1609	1
1278961792390	1	PROB	'8 + 2 + 9 = '	'19'	1	1208	1
1278961793632	1	PROB	'4 + 7 + 5 = '	'16'	1	1340	2
1278961795015	1	PROB	'2 + 1 + 9 = '	'10'	0	942	1
1278961795997	1	PROB	'1 + 9 + 2 = '	'12'	1	1089	1
1278961797086	0	STOP
1278961802548	0	START
1278961803748	1	PROB	'9 + 8 + 5 = '	'22'	1	1490	1
1278961805281	1	PROB	'7 + 5 + 1 = '	'13'	1	1148	2
1278961806464	1	PROB	'8 + 7 + 5 = '	'20'	1	1006	1
1278961807506	1	PROB	'3 + 8 + 3 = '	'14'	1	1467	1
1278961809014	1	PROB	'2 + 8 + 3 = '	'13'	1	1079	2
1278961810131	1	PROB	'1 + 1 + 8 = '	'10'	1	1043	1
1278961811222	1	PROB	'8 + 7 + 6 = '	'21'	1	1104	1
1278961812364	1	PROB	'7 + 1 + 1 = '	'9'	1	833	2
1278961813239	1	PROB	'3 + 4 + 8 = '	'15'	1	1223	1
1278961814497	1	PROB	'9 + 2 + 9 = '	'20'	1	1068	2
1278961815605	1	PROB	'7 + 8 + 6 = '	'21'	1	968	2
1278961816614	1	PROB	'8 + 1 + 4 = '	'13'	1	936	1
1278961817550	0	STOP
1278961822705	0	START
1278961823655	1	PROB	'3 + 7 + 2 = '	'12'	1	1526	2
1278961825221	1	PROB	'8 + 4 + 4 = '	'16'	1	1408	2
1278961826679	1	PROB	'2 + 7 + 8 = '	'12'	0	1262	1
1278961827987	1	PROB	'7 + 9 + 1 = '	'17'	1	1322	2
1278961829346	1	PROB	'9 + 6 + 9 = '	'24'	1	2052	1
1278961831446	1	PROB	'9 + 7 + 6 = '	'22'	1	1263	2
1278961832754	1	PROB	'1 + 2 + 2 = '	'5'	1	699	2
1278961833496	1	PROB	'4 + 7 + 3 = '	'14'	1	1598	1
1278961835137	1	PROB	'7 + 3 + 5 = '	'15'	1	1973	1
1278961838705	0	STOP
1278962128315	0	START
1278962129173	1	PROB	'3 + 1 + 6 = '	'10'	1	977	1
1278962130190	1	PROB	'5 + 6 + 6 = '	'17'	1	1056	1
1278962131290	1	PROB	'9 + 2 + 9 = '	'20'	1	964	1
1278962132298	1	PROB	'3 + 9 + 4 = '	'17'	0	1492	1
1278962133831	1	PROB	'6 + 5 + 8 = '	'19'	1	2007	1
1278962135872	1	PROB	'7 + 9 + 1 = '	'17'	1	1326	1
1278962137239	1	PROB	'1 + 2 + 2 = '	'5'	1	710	1
1278962137988	1	PROB	'6 + 7 + 1 = '	'14'	1	913	1
1278962138938	1	PROB	'7 + 7 + 8 = '	'22'	1	1164	1
1278962140139	1	PROB	'2 + 4 + 8 = '	'14'	1	1275	1
1278962141455	1	PROB	'6 + 2 + 2 = '	'10'	1	887	1
1278962142389	1	PROB	'6 + 1 + 7 = '	'14'	1	1009	1
1278962143398	0	STOP
1278962224500	0	START
1278962226007	1	PROB	'5 + 2 + 5 = '	'12'	1	1103	1
1278962227157	1	PROB	'3 + 8 + 6 = '	'17'	1	1009	1
1278962228207	1	PROB	'6 + 3 + 5 = '	'11'	0	1159	1
1278962229415	1	PROB	'6 + 5 + 9 = '	'20'	1	1311	1
1278962230765	1	PROB	'1 + 9 + 1 = '	'11'	1	865	1
1278962231674	1	PROB	'6 + 9 + 4 = '	'19'	1	1243	1
1278962232964	1	PROB	'1 + 5 + 4 = '	'10'	1	810	1
1278962233815	1	PROB	'3 + 3 + 3 = '	'9'	1	775	1
1278962234632	1	PROB	'4 + 4 + 1 = '	'9'	1	862	1
1278962235532	1	PROB	'8 + 5 + 1 = '	'14'	1	1858	1
1278962237423	1	PROB	'2 + 1 + 4 = '	'7'	1	975	1
1278962238431	1	PROB	'6 + 2 + 2 = '	'10'	1	815	1
1278962239246	0	STOP
1278962244390	0	START
1278962245323	1	PROB	'7 + 9 + 1 = '	'17'	1	1107	1
1278962246472	1	PROB	'6 + 7 + 4 = '	'17'	1	1102	1
1278962247622	1	PROB	'8 + 9 + 1 = '	'18'	1	968	1
1278962248631	1	PROB	'5 + 3 + 4 = '	'12'	1	1079	1
1278962249747	1	PROB	'4 + 6 + 7 = '	'17'	1	1154	1
1278962250938	1	PROB	'2 + 5 + 7 = '	'14'	1	1780	1
1278962252764	1	PROB	'5 + 2 + 4 = '	'11'	1	1786	1
1278962254589	1	PROB	'1 + 1 + 5 = '	'7'	1	921	1
1278962255547	1	PROB	'3 + 3 + 6 = '	'12'	1	1827	1
1278962257413	1	PROB	'2 + 2 + 1 = '	'5'	1	657	1
1278962258105	1	PROB	'8 + 2 + 7 = '	'17'	1	1717	1
1278962259822	0	STOP
1278962264330	0	START
1278962265346	1	PROB	'6 + 5 + 4 = '	'15'	1	812	1
1278962266196	1	PROB	'1 + 2 + 7 = '	'10'	1	810	1
1278962267046	1	PROB	'3 + 7 + 2 = '	'12'	1	847	1
1278962267928	1	PROB	'6 + 9 + 3 = '	'18'	1	1774	1
1278962269737	1	PROB	'1 + 6 + 6 = '	'13'	1	853	1
1278962270629	1	PROB	'2 + 5 + 4 = '	'11'	1	1081	1
1278962271746	1	PROB	'9 + 2 + 2 = '	'13'	1	924	1
1278962272704	1	PROB	'4 + 6 + 7 = '	'17'	1	934	1
1278962273687	1	PROB	'5 + 6 + 2 = '	'13'	1	1206	1
1278962274936	1	PROB	'8 + 8 + 8 = '	'24'	1	1542	1
1278962276512	1	PROB	'5 + 5 + 3 = '	'13'	1	830	1
1278962277379	1	PROB	'4 + 7 + 2 = '	'13'	1	2011	1
1278962279390	0	STOP
1278962284153	0	START
1278962285003	1	PROB	'8 + 5 + 2 = '	'15'	1	1123	1
1278962286161	1	PROB	'7 + 5 + 9 = '	'21'	1	1245	1
1278962287453	1	PROB	'7 + 3 + 2 = '	'12'	1	1353	1
1278962288852	1	PROB	'5 + 1 + 2 = '	'8'	1	834	1
1278962289719	1	PROB	'6 + 5 + 9 = '	'20'	1	1230	1
1278962290985	1	PROB	'7 + 8 + 3 = '	'18'	1	1037	1
1278962292069	1	PROB	'5 + 2 + 6 = '	'13'	1	1185	1
1278962293302	1	PROB	'5 + 5 + 4 = '	'14'	1	832	1
1278962294177	1	PROB	'8 + 7 + 3 = '	'18'	1	1125	1
1278962295336	1	PROB	'6 + 6 + 5 = '	'17'	1	1966	1
1278962297344	1	PROB	'9 + 3 + 5 = '	'17'	1	1597	1
1278962298941	0	STOP
1278962304069	0	START
1278962305135	1	PROB	'4 + 4 + 9 = '	'17'	1	1063	1
1278962306235	1	PROB	'6 + 6 + 8 = '	'20'	1	947	1
1278962307218	1	PROB	'4 + 7 + 4 = '	'15'	1	1420	1
1278962308676	1	PROB	'9 + 3 + 2 = '	'14'	1	1297	1
1278962310009	1	PROB	'2 + 2 + 2 = '	'6'	1	829	1
1278962310875	1	PROB	'8 + 8 + 3 = '	'19'	1	1299	1
1278962312209	1	PROB	'8 + 5 + 7 = '	'20'	1	1901	1
1278962314159	1	PROB	'2 + 4 + 7 = '	'13'	1	1055	1
1278962315259	1	PROB	'8 + 4 + 6 = '	'18'	1	987	1
1278962316292	1	PROB	'8 + 4 + 2 = '	'14'	1	1082	1
1278962317417	1	PROB	'3 + 8 + 2 = '	'3'	0	1853	1
1278962319270	0	STOP
1278962324184	0	START
1278962325183	1	PROB	'6 + 1 + 8 = '	'15'	1	1790	1
1278962327008	1	PROB	'3 + 9 + 4 = '	'16'	1	2190	1
1278962329241	1	PROB	'6 + 2 + 2 = '	'10'	1	805	1
1278962330083	1	PROB	'6 + 6 + 7 = '	'19'	1	1411	1
1278962331533	1	PROB	'9 + 1 + 2 = '	'12'	1	1368	1
1278962332940	1	PROB	'8 + 8 + 3 = '	'19'	1	1009	1
1278962333990	1	PROB	'1 + 3 + 6 = '	'10'	1	871	1
1278962334898	1	PROB	'6 + 8 + 1 = '	'15'	1	1003	1
1278962335940	1	PROB	'7 + 3 + 2 = '	'12'	1	882	1
1278962336856	1	PROB	'3 + 2 + 3 = '	'8'	1	1342	1
1278962340184	0	STOP
1278962344182	0	START
1278962345107	1	PROB	'7 + 6 + 1 = '	'14'	1	939	1
1278962346082	1	PROB	'2 + 3 + 5 = '	'10'	1	940	1
1278962347057	1	PROB	'1 + 1 + 1 = '	'3'	1	757	1
1278962347847	1	PROB	'2 + 1 + 6 = '	'9'	1	1327	1
1278962349215	1	PROB	'1 + 3 + 2 = '	'6'	1	774	1
1278962350023	1	PROB	'2 + 4 + 3 = '	'9'	1	791	1
1278962350847	1	PROB	'3 + 5 + 1 = '	'9'	1	998	1
1278962351880	1	PROB	'5 + 7 + 3 = '	'15'	1	2230	1
1278962354148	1	PROB	'8 + 5 + 4 = '	'20'	0	1474	1
1278962355664	1	PROB	'4 + 1 + 6 = '	'11'	1	926	1
1278962356631	1	PROB	'6 + 6 + 3 = '	'15'	1	991	1
1278962357656	1	PROB	'5 + 4 + 6 = '	'15'	1	830	1
1278962358522	1	PROB	'9 + 6 + 1 = '	'16'	1	1188	1
1278962359710	0	STOP
1278962364231	0	START
1278962365055	1	PROB	'5 + 3 + 4 = '	'12'	1	1047	1
1278962366138	1	PROB	'3 + 2 + 4 = '	'9'	1	932	1
1278962367105	1	PROB	'9 + 3 + 2 = '	'14'	1	1461	1
1278962368605	1	PROB	'9 + 3 + 2 = '	'14'	1	897	1
1278962369547	1	PROB	'5 + 7 + 3 = '	'15'	1	971	1
1278962370555	1	PROB	'4 + 1 + 4 = '	'9'	1	851	1
1278962371455	1	PROB	'8 + 3 + 5 = '	'16'	1	2390	1
1278962373879	1	PROB	'3 + 3 + 6 = '	'12'	1	1118	1
1278962375046	1	PROB	'8 + 7 + 5 = '	'20'	1	1328	1
1278962376421	1	PROB	'5 + 3 + 4 = '	'12'	1	1057	1
1278962377521	1	PROB	'8 + 4 + 2 = '	'12'	0	1021	1
1278962378579	1	PROB	'8 + 5 + 5 = '	'18'	1	923	1
1278962379502	0	STOP
1278962384413	0	START
1278962385254	1	PROB	'2 + 3 + 6 = '	'11'	1	1064	1
1278962386354	1	PROB	'3 + 7 + 7 = '	'17'	1	2156	1
1278962388545	1	PROB	'9 + 1 + 7 = '	'17'	1	997	1
1278962389578	1	PROB	'1 + 7 + 7 = '	'15'	1	1012	1
1278962390628	1	PROB	'9 + 9 + 6 = '	'24'	1	1194	1
1278962391860	1	PROB	'1 + 5 + 6 = '	'12'	1	850	1
1278962392745	1	PROB	'7 + 7 + 4 = '	'18'	1	933	1
1278962393711	1	PROB	'2 + 2 + 5 = '	'9'	1	999	1
1278962394745	1	PROB	'7 + 2 + 2 = '	'12'	0	1140	1
1278962395918	1	PROB	'6 + 1 + 7 = '	'14'	1	1744	1
1278962397703	1	PROB	'8 + 6 + 2 = '	'16'	1	1150	1
1278962398902	1	PROB	'7 + 4 + 6 = '	'17'	1	1047	1
1278962399949	0	STOP
1278962404444	0	START
1278962405560	1	PROB	'2 + 6 + 5 = '	'13'	1	910	1
1278962406510	1	PROB	'8 + 7 + 6 = '	'21'	1	1391	1
1278962407943	1	PROB	'9 + 2 + 4 = '	'15'	1	1495	1
1278962409477	1	PROB	'1 + 8 + 2 = '	'11'	1	1345	1
1278962410859	1	PROB	'6 + 2 + 9 = '	'17'	1	2034	1
1278962412934	1	PROB	'7 + 3 + 3 = '	'13'	1	1080	1
1278962414051	1	PROB	'8 + 8 + 9 = '	'25'	1	1739	1
1278962415835	1	PROB	'8 + 2 + 9 = '	'19'	1	1243	1
1278962417118	1	PROB	'7 + 4 + 3 = '	'14'	1	1727	1
1278962418892	1	PROB	'2 + 8 + 6 = '	'16'	1	1202	1
1278962420094	0	STOP
1278962424393	0	START
1278962425367	1	PROB	'6 + 6 + 2 = '	'14'	1	983	1
1278962426384	1	PROB	'7 + 5 + 4 = '	'16'	1	2126	1
1278962428550	1	PROB	'5 + 6 + 8 = '	'19'	1	1816	1
1278962430400	1	PROB	'8 + 8 + 7 = '	'23'	1	2014	1
1278962432450	1	PROB	'5 + 4 + 9 = '	'18'	1	1252	1
1278962433742	1	PROB	'1 + 6 + 9 = '	'16'	1	1008	1
1278962434783	1	PROB	'7 + 7 + 9 = '	'23'	1	1351	1
1278962436183	1	PROB	'6 + 1 + 7 = '	'14'	1	1047	1
1278962437275	1	PROB	'2 + 9 + 7 = '	'18'	1	1706	1
1278962438981	0	STOP
1278962444533	0	START
1278962445474	1	PROB	'4 + 2 + 2 = '	'8'	1	980	1
1278962446491	1	PROB	'8 + 8 + 3 = '	'19'	1	1163	1
1278962447699	1	PROB	'2 + 3 + 8 = '	'13'	1	1186	1
1278962448923	1	PROB	'1 + 4 + 6 = '	'11'	1	899	1
1278962449856	1	PROB	'1 + 6 + 6 = '	'13'	1	870	1
1278962450765	1	PROB	'7 + 1 + 1 = '	'9'	1	865	1
1278962451665	1	PROB	'9 + 6 + 4 = '	'19'	1	1037	1
1278962452740	1	PROB	'2 + 6 + 5 = '	'13'	1	970	1
1278962453748	1	PROB	'9 + 7 + 4 = '	'50'	0	1298	1
1278962455082	1	PROB	'6 + 7 + 1 = '	'14'	1	1004	1
1278962456123	1	PROB	'3 + 3 + 6 = '	'12'	1	963	1
1278962457123	1	PROB	'6 + 8 + 5 = '	'19'	1	1115	1
1278962458273	1	PROB	'3 + 4 + 2 = '	'9'	1	765	1
1278962459038	0	STOP
1278962464365	0	START
1278962465523	1	PROB	'9 + 4 + 4 = '	'17'	1	1307	1
1278962466863	1	PROB	'7 + 4 + 6 = '	'17'	1	1215	1
1278962468114	1	PROB	'1 + 7 + 1 = '	'9'	1	819	1
1278962468971	1	PROB	'6 + 2 + 7 = '	'15'	1	1962	1
1278962470979	1	PROB	'7 + 2 + 8 = '	'17'	1	906	1
1278962471929	1	PROB	'5 + 3 + 7 = '	'15'	1	1357	1
1278962473330	1	PROB	'1 + 7 + 9 = '	'17'	1	1092	1
1278962474455	1	PROB	'7 + 7 + 8 = '	'22'	1	1287	1
1278962475780	1	PROB	'7 + 4 + 9 = '	'20'	1	1065	1
1278962476879	1	PROB	'7 + 1 + 1 = '	'9'	1	871	1
1278962477797	1	PROB	'4 + 6 + 5 = '	'15'	1	913	1
1278962478747	1	PROB	'7 + 1 + 2 = '	'10'	1	1059	1
1278962479806	0	STOP
1278962484563	0	START
1278962485679	1	PROB	'9 + 4 + 3 = '	'16'	1	999	1
1278962486721	1	PROB	'1 + 7 + 2 = '	'10'	1	821	1
1278962487588	1	PROB	'8 + 9 + 1 = '	'18'	1	970	1
1278962488604	1	PROB	'6 + 4 + 4 = '	'14'	1	1257	1
1278962489903	1	PROB	'4 + 8 + 6 = '	'18'	1	1078	1
1278962491029	1	PROB	'4 + 5 + 3 = '	'12'	1	1321	1
1278962492396	1	PROB	'6 + 5 + 4 = '	'15'	1	786	1
1278962493220	1	PROB	'1 + 9 + 9 = '	'19'	1	1442	1
1278962494712	1	PROB	'2 + 7 + 5 = '	'14'	1	1070	1
1278962495820	1	PROB	'1 + 7 + 2 = '	'10'	1	754	1
1278962496612	1	PROB	'9 + 2 + 6 = '	'17'	1	2210	1
1278962500563	0	STOP
1278962504495	0	START
1278962505694	1	PROB	'1 + 5 + 8 = '	'14'	1	1016	1
1278962506744	1	PROB	'5 + 8 + 2 = '	'15'	1	1221	1
1278962508011	1	PROB	'4 + 9 + 8 = '	'21'	1	1347	1
1278962509403	1	PROB	'3 + 9 + 6 = '	'18'	1	1227	1
1278962510677	1	PROB	'4 + 6 + 5 = '	'15'	1	873	1
1278962511586	1	PROB	'1 + 8 + 4 = '	'13'	1	828	1
1278962512461	1	PROB	'3 + 8 + 1 = '	'12'	1	1153	1
1278962513652	1	PROB	'4 + 9 + 2 = '	'15'	1	1402	1
1278962515094	1	PROB	'9 + 8 + 1 = '	'18'	1	1104	1
1278962516244	1	PROB	'7 + 5 + 3 = '	'15'	1	1753	1
1278962518035	1	PROB	'6 + 9 + 5 = '	'20'	1	1339	1
1278962519374	0	STOP
1278962524668	0	START
1278962525668	1	PROB	'2 + 5 + 5 = '	'12'	1	762	1
1278962526468	1	PROB	'7 + 5 + 1 = '	'13'	1	1146	1
1278962527660	1	PROB	'2 + 7 + 1 = '	'10'	1	978	1
1278962528684	1	PROB	'7 + 6 + 4 = '	'17'	1	1122	1
1278962529850	1	PROB	'8 + 3 + 4 = '	'15'	1	1484	1
1278962531368	1	PROB	'4 + 4 + 3 = '	'11'	1	1126	1
1278962532534	1	PROB	'7 + 4 + 7 = '	'18'	1	1056	1
1278962533626	1	PROB	'8 + 1 + 6 = '	'15'	1	940	1
1278962534601	1	PROB	'5 + 1 + 6 = '	'12'	1	909	1
1278962535551	1	PROB	'1 + 8 + 9 = '	'18'	1	991	1
1278962536584	1	PROB	'5 + 3 + 7 = '	'15'	1	902	1
1278962537525	1	PROB	'9 + 5 + 4 = '	'18'	1	1169	1
1278962538734	1	PROB	'2 + 2 + 4 = '	'8'	1	736	1
1278962539470	0	STOP
1278962544567	0	START
1278962545625	1	PROB	'3 + 6 + 8 = '	'17'	1	1989	1
1278962547658	1	PROB	'4 + 8 + 9 = '	'21'	1	1084	1
1278962548783	1	PROB	'8 + 1 + 7 = '	'16'	1	1511	1
1278962550333	1	PROB	'8 + 3 + 6 = '	'17'	1	1465	1
1278962551833	1	PROB	'8 + 4 + 4 = '	'16'	1	845	1
1278962552724	1	PROB	'2 + 7 + 8 = '	'17'	1	1466	1
1278962554224	1	PROB	'6 + 5 + 2 = '	'13'	1	1198	1
1278962555466	1	PROB	'9 + 1 + 7 = '	'17'	1	1116	1
1278962556616	1	PROB	'7 + 3 + 8 = '	'18'	1	1990	1
1278962558649	1	PROB	'8 + 1 + 8 = '	'17'	1	1077	1
1278962559726	0	STOP
1278962704213	0	START
1278962705313	1	PROB	'2 + 3 + 1 = '	'6'	1	957	1
1278962706313	1	PROB	'4 + 3 + 7 = '	'14'	1	1205	1
1278962707562	1	PROB	'9 + 8 + 6 = '	'23'	1	2156	1
1278962709754	1	PROB	'9 + 6 + 5 = '	'20'	1	1115	1
1278962710869	0	STOP
1278962942228	0	START
1278962943736	1	PROB	'9 + 3 + 9 = '	'21'	1	1078	1
1278962944852	1	PROB	'1 + 8 + 4 = '	'13'	1	890	1
1278962945778	1	PROB	'4 + 9 + 4 = '	'17'	1	1083	1
1278962946902	1	PROB	'2 + 4 + 3 = '	'9'	1	792	1
1278962947736	1	PROB	'3 + 1 + 5 = '	'9'	1	870	1
1278962948644	1	PROB	'5 + 2 + 8 = '	'15'	1	858	1
1278962949502	0	STOP
1278962954094	0	START
1278962955085	1	PROB	'1 + 2 + 8 = '	'11'	1	1033	1
1278962956152	1	PROB	'6 + 8 + 8 = '	'21'	0	1118	1
1278962957310	1	PROB	'1 + 2 + 5 = '	'8'	1	840	1
1278962958185	1	PROB	'8 + 1 + 7 = '	'16'	1	1589	1
1278962959810	1	PROB	'5 + 1 + 1 = '	'7'	1	764	1
1278962960574	0	STOP
1278962966043	0	START
1278962967243	1	PROB	'9 + 7 + 3 = '	'19'	1	939	1
1278962968218	1	PROB	'9 + 9 + 2 = '	'20'	1	1052	1
1278962969318	1	PROB	'6 + 1 + 8 = '	'15'	1	1376	1
1278962970742	1	PROB	'4 + 4 + 5 = '	'13'	1	1360	1
1278962972142	1	PROB	'1 + 1 + 6 = '	'8'	1	759	1
1278962972901	0	STOP
1278962977958	0	START
1278962978817	1	PROB	'3 + 4 + 1 = '	'8'	1	821	1
1278962979675	1	PROB	'5 + 4 + 6 = '	'15'	1	827	1
1278962980542	1	PROB	'3 + 1 + 4 = '	'8'	1	752	1
1278962981333	1	PROB	'9 + 3 + 8 = '	'20'	1	1153	1
1278962982525	1	PROB	'2 + 2 + 7 = '	'11'	1	953	1
1278962983516	1	PROB	'5 + 6 + 8 = '	'19'	1	2417	1
1278962985933	0	STOP
1278962989974	0	START
1278962991033	1	PROB	'4 + 5 + 6 = '	'15'	1	749	1
1278962991816	1	PROB	'1 + 2 + 1 = '	'4'	1	662	1
1278962992516	1	PROB	'3 + 8 + 8 = '	'19'	1	1050	1
1278962993607	1	PROB	'9 + 3 + 9 = '	'21'	1	1063	1
1278962994707	1	PROB	'2 + 4 + 6 = '	'12'	1	891	1
1278962995632	1	PROB	'8 + 3 + 4 = '	'15'	1	1982	1
1278962997614	0	STOP
1278963002190	0	START
1278963003165	1	PROB	'1 + 6 + 8 = '	'15'	1	816	1
1278963004023	1	PROB	'8 + 4 + 1 = '	'13'	1	1191	1
1278963005248	1	PROB	'1 + 4 + 9 = '	'14'	1	1062	1
1278963006348	1	PROB	'6 + 4 + 9 = '	'19'	1	1394	1
1278963007781	1	PROB	'9 + 7 + 4 = '	'20'	1	1577	1
1278963009358	0	STOP
1278963014115	0	START
1278963015322	1	PROB	'5 + 6 + 5 = '	'16'	1	1012	1
1278963016372	1	PROB	'7 + 5 + 9 = '	'21'	1	1561	1
1278963017971	1	PROB	'5 + 1 + 5 = '	'11'	1	835	1
1278963018846	1	PROB	'7 + 3 + 6 = '	'16'	1	1111	1
1278963019996	1	PROB	'5 + 1 + 2 = '	'8'	1	1074	1
1278963021070	0	STOP
1278963026297	0	START
1278963027263	1	PROB	'9 + 5 + 3 = '	'17'	1	2119	1
1278963029430	1	PROB	'3 + 5 + 6 = '	'14'	1	1256	1
1278963030729	1	PROB	'9 + 4 + 7 = '	'20'	1	1741	1
1278963034297	0	STOP
1278963038338	0	START
1278963039537	1	PROB	'2 + 2 + 7 = '	'11'	1	1885	1
1278963041462	1	PROB	'7 + 5 + 2 = '	'14'	1	1672	1
1278963043179	1	PROB	'3 + 4 + 8 = '	'15'	1	1563	1
1278963044778	1	PROB	'7 + 5 + 9 = '	'21'	1	1171	1
1278963045949	0	STOP
1278963050270	0	START
1278963051370	1	PROB	'7 + 2 + 5 = '	'14'	1	1652	1
1278963053069	1	PROB	'7 + 1 + 9 = '	'17'	1	888	1
1278963053993	1	PROB	'8 + 9 + 7 = '	'24'	1	1269	1
1278963055303	1	PROB	'3 + 9 + 6 = '	'185'	0	1327	1
1278963056669	1	PROB	'5 + 5 + 9 = '	'19'	1	937	1
1278963057606	0	STOP
1278963062361	0	START
1278963063185	1	PROB	'6 + 4 + 5 = '	'15'	1	1221	1
1278963064444	1	PROB	'6 + 6 + 2 = '	'14'	1	970	1
1278963065452	1	PROB	'9 + 2 + 8 = '	'19'	1	970	1
1278963066460	1	PROB	'2 + 8 + 3 = '	'13'	1	986	1
1278963067485	1	PROB	'6 + 8 + 6 = '	'20'	1	1097	1
1278963068618	1	PROB	'4 + 7 + 7 = '	'18'	1	860	1
1278963069478	0	STOP
1278963074577	0	START
1278963075559	1	PROB	'1 + 7 + 5 = '	'13'	1	983	1
1278963076576	1	PROB	'7 + 3 + 9 = '	'19'	1	1022	1
1278963077634	1	PROB	'9 + 3 + 4 = '	'16'	1	1388	1
1278963079059	1	PROB	'3 + 9 + 9 = '	'21'	1	1699	1
1278963080792	1	PROB	'6 + 1 + 4 = '	'11'	1	814	1
1278963081606	0	STOP
1278963086726	0	START
1278963087709	1	PROB	'3 + 1 + 1 = '	'5'	1	657	1
1278963088417	1	PROB	'5 + 9 + 4 = '	'18'	1	1301	1
1278963089767	1	PROB	'5 + 9 + 2 = '	'16'	1	967	1
1278963090775	1	PROB	'1 + 8 + 3 = '	'12'	1	895	1
1278963091708	1	PROB	'2 + 7 + 7 = '	'16'	1	954	1
1278963092708	1	PROB	'1 + 6 + 8 = '	'17'	0	970	1
1278963093678	0	STOP
1278963098575	0	START
1278963099391	1	PROB	'3 + 4 + 1 = '	'8'	1	791	1
1278963100216	1	PROB	'2 + 1 + 6 = '	'9'	1	3510	1
1278963103774	1	PROB	'1 + 3 + 9 = '	'13'	1	1159	1
1278963104981	1	PROB	'6 + 2 + 9 = '	'17'	1	1369	1
1278963106350	0	STOP
1278963110674	0	START
1278963111790	1	PROB	'3 + 5 + 5 = '	'13'	1	776	1
1278963112615	1	PROB	'7 + 8 + 6 = '	'21'	1	1191	1
1278963113847	1	PROB	'4 + 3 + 8 = '	'15'	1	1839	1
1278963115731	1	PROB	'1 + 8 + 2 = '	'11'	1	843	1
1278963116615	1	PROB	'7 + 5 + 3 = '	'13'	0	911	1
1278963117526	0	STOP
1278963122540	0	START
1278963123647	1	PROB	'8 + 5 + 2 = '	'15'	1	1511	1
1278963125206	1	PROB	'9 + 3 + 5 = '	'17'	1	1912	1
1278963127164	1	PROB	'1 + 8 + 2 = '	'11'	1	1034	1
1278963128247	1	PROB	'4 + 5 + 8 = '	'17'	1	1343	1
1278963129590	0	STOP
1278963134664	0	START
1278963135822	1	PROB	'5 + 3 + 2 = '	'10'	1	752	1
1278963136613	1	PROB	'9 + 8 + 1 = '	'18'	1	1081	1
1278963137730	1	PROB	'6 + 6 + 7 = '	'19'	1	1004	1
1278963138771	1	PROB	'6 + 3 + 5 = '	'11'	0	891	1
1278963139696	1	PROB	'4 + 3 + 6 = '	'13'	1	1118	1
1278963140853	1	PROB	'1 + 5 + 9 = '	'15'	1	913	1
1278963141766	0	STOP
1278964472246	0	E	Logging Ends
