1277155119640	0	B	Logging Begins
1277155119640	0	SESS_START	4
1277155182516	1	FR_PRES	0	COLLEGE	346	0	1	942	(0.57740000000000002, 0.41289999999999999, 1.0)	../fonts/amplitud.ttf	lower
1277155186716	1	FR_PRES	0	CORPORATION	382	0	1	846	(0.57740000000000002, 0.41289999999999999, 1.0)	../fonts/amplitud.ttf	lower
1277155190632	1	FR_PRES	0	CANAL	226	0	1	994	(0.57740000000000002, 0.41289999999999999, 1.0)	../fonts/amplitud.ttf	lower
1277155194824	1	FR_PRES	0	SHOWER	1296	1	0	1834	(0.42259999999999998, 0.58709999999999996, 0)	../fonts/zerothre.ttf	upper
1277155198890	1	FR_PRES	0	PIPE	1073	1	0	1497	(0.42259999999999998, 0.58709999999999996, 0)	../fonts/zerothre.ttf	upper
1277155202981	1	FR_PRES	0	CAGE	218	1	0	1454	(0.42259999999999998, 0.58709999999999996, 0)	../fonts/zerothre.ttf	upper
1277155206864	1	FR_PRES	0	GARBAGE	622	1	0	1427	(0.42259999999999998, 0.58709999999999996, 0)	../fonts/zerothre.ttf	upper
1277155210756	1	FR_PRES	0	PUPPY	1144	0	0	1647	(0.57740000000000002, 0.41289999999999999, 1.0)	../fonts/amplitud.ttf	lower
1277155214805	1	FR_PRES	0	COUNTY	389	0	1	1518	(0.57740000000000002, 0.41289999999999999, 1.0)	../fonts/amplitud.ttf	lower
1277155218988	1	FR_PRES	0	DRIVER	499	0	1	1255	(0.57740000000000002, 0.41289999999999999, 1.0)	../fonts/amplitud.ttf	lower
1277155222846	1	FR_PRES	0	CAMEL	223	1	1	1213	(0.42259999999999998, 0.58709999999999996, 0)	../fonts/zerothre.ttf	upper
1277155226746	1	FR_PRES	0	CITIZEN	312	1	1	1385	(0.42259999999999998, 0.58709999999999996, 0)	../fonts/zerothre.ttf	upper
1277155230963	1	FR_PRES	0	BULLET	194	1	0	975	(0.42259999999999998, 0.58709999999999996, 0)	../fonts/zerothre.ttf	upper
1277155234862	1	FR_PRES	0	ROBIN	1199	1	1	1700	(0.42259999999999998, 0.58709999999999996, 0)	../fonts/zerothre.ttf	upper
1277155238729	1	FR_PRES	0	HERB	704	0	0	1450	(0.57740000000000002, 0.41289999999999999, 1.0)	../fonts/amplitud.ttf	lower
1277155242620	1	FR_PRES	0	SAGE	1222	0	0	1374	(0.57740000000000002, 0.41289999999999999, 1.0)	../fonts/amplitud.ttf	lower
1277155248413	1	REC_START
1277155333264	0	REST
1277155334771	1	FR_PRES	1	GRADUATE	653	1	1	1087	(0.42259999999999998, 0.58709999999999996, 0)	../fonts/zerothre.ttf	upper
1277155338671	1	FR_PRES	1	INSTRUCTOR	741	1	1	867	(0.42259999999999998, 0.58709999999999996, 0)	../fonts/zerothre.ttf	upper
1277155342537	1	FR_PRES	1	CHAIR	274	1	0	1153	(0.42259999999999998, 0.58709999999999996, 0)	../fonts/zerothre.ttf	upper
1277155346380	1	FR_PRES	1	LINT	826	1	0	1590	(0.42259999999999998, 0.58709999999999996, 0)	../fonts/zerothre.ttf	upper
1277155350296	1	FR_PRES	1	PASSENGER	1020	0	1	1434	(0.57740000000000002, 0.41289999999999999, 1.0)	../fonts/amplitud.ttf	lower
1277155354396	1	FR_PRES	1	PISTOL	1075	0	0	2039	(0.57740000000000002, 0.41289999999999999, 1.0)	../fonts/amplitud.ttf	lower
1277155358229	1	FR_PRES	1	DIVER	476	0	1	2022	(0.57740000000000002, 0.41289999999999999, 1.0)	../fonts/amplitud.ttf	lower
1277155362170	1	FR_PRES	1	RECEIPT	1173	0	0	2528	(0.57740000000000002, 0.41289999999999999, 1.0)	../fonts/amplitud.ttf	lower
1277155366153	1	FR_PRES	1	CUSTOMER	430	0	1	2250	(0.57740000000000002, 0.41289999999999999, 1.0)	../fonts/amplitud.ttf	lower
1277155370195	1	FR_PRES	1	CYLINDER	432	0	0	2080	(0.57740000000000002, 0.41289999999999999, 1.0)	../fonts/amplitud.ttf	lower
1277155374294	1	FR_PRES	1	TOOTH	1481	1	0	2524	(0.42259999999999998, 0.58709999999999996, 0)	../fonts/zerothre.ttf	upper
1277155378211	1	FR_PRES	1	SCOUT	1252	1	1	1671	(0.42259999999999998, 0.58709999999999996, 0)	../fonts/zerothre.ttf	upper
1277155382052	1	FR_PRES	1	PARTNER	1017	1	1	2039	(0.42259999999999998, 0.58709999999999996, 0)	../fonts/zerothre.ttf	upper
1277155385993	1	FR_PRES	1	BENCH	121	1	0	2953	(0.42259999999999998, 0.58709999999999996, 0)	../fonts/zerothre.ttf	upper
1277155390118	1	FR_PRES	1	BEEF	113	0	0	1309	(0.57740000000000002, 0.41289999999999999, 1.0)	../fonts/amplitud.ttf	lower
1277155394176	1	FR_PRES	1	MOTOR	922	0	1	1770	(0.57740000000000002, 0.41289999999999999, 1.0)	../fonts/amplitud.ttf	lower
1277155400143	1	REC_START
1277155480178	0	REST
1277155481685	1	FR_PRES	2	ICING	732	0	0	1093	(0.57740000000000002, 0.41289999999999999, 1.0)	../fonts/amplitud.ttf	lower
1277155485777	1	FR_PRES	2	PROTRACTOR	1133	0	0	1097	(0.57740000000000002, 0.41289999999999999, 1.0)	../fonts/amplitud.ttf	lower
1277155489801	1	FR_PRES	2	PIMPLE	1071	0	0	1785	(0.57740000000000002, 0.41289999999999999, 1.0)	../fonts/amplitud.ttf	lower
1277155494010	1	FR_PRES	2	WHEAT	1602	0	0	1185	(0.57740000000000002, 0.41289999999999999, 1.0)	../fonts/amplitud.ttf	lower
1277155497984	1	FR_PRES	2	TABLET	1427	0	0	1482	(0.57740000000000002, 0.41289999999999999, 1.0)	../fonts/amplitud.ttf	lower
1277155502152	1	FR_PRES	2	LENS	811	0	0	1690	(0.57740000000000002, 0.41289999999999999, 1.0)	../fonts/amplitud.ttf	lower
1277155506110	1	FR_PRES	2	TUB	1514	0	0	1804	(0.57740000000000002, 0.41289999999999999, 1.0)	../fonts/amplitud.ttf	lower
1277155510293	1	FR_PRES	2	WASHCLOTH	1591	0	0	1629	(0.57740000000000002, 0.41289999999999999, 1.0)	../fonts/amplitud.ttf	lower
1277155514242	1	FR_PRES	2	VITAMIN	1574	0	0	2185	(0.57740000000000002, 0.41289999999999999, 1.0)	../fonts/amplitud.ttf	lower
1277155518267	1	FR_PRES	2	PELT	1040	0	0	2032	(0.57740000000000002, 0.41289999999999999, 1.0)	../fonts/amplitud.ttf	lower
1277155522482	1	FR_PRES	2	STREET	1393	0	1	1144	(0.57740000000000002, 0.41289999999999999, 1.0)	../fonts/amplitud.ttf	lower
1277155526316	1	FR_PRES	2	CHICKEN	297	0	1	2198	(0.57740000000000002, 0.41289999999999999, 1.0)	../fonts/amplitud.ttf	lower
1277155530174	1	FR_PRES	2	SKILLET	1317	0	0	1684	(0.57740000000000002, 0.41289999999999999, 1.0)	../fonts/amplitud.ttf	lower
1277155534183	1	FR_PRES	2	EMPLOYEE	531	0	1	1004	(0.57740000000000002, 0.41289999999999999, 1.0)	../fonts/amplitud.ttf	lower
1277155538332	1	FR_PRES	2	BOSS	152	0	1	1023	(0.57740000000000002, 0.41289999999999999, 1.0)	../fonts/amplitud.ttf	lower
1277155542299	1	FR_PRES	2	CALCULATOR	220	0	0	1952	(0.57740000000000002, 0.41289999999999999, 1.0)	../fonts/amplitud.ttf	lower
1277155548115	1	REC_START
1277155633083	0	REST
1277155634591	1	FR_PRES	3	SCENERY	1247	1	0	1107	(0.42259999999999998, 0.58709999999999996, 0)	../fonts/zerothre.ttf	upper
1277155638557	1	FR_PRES	3	ARTIST	43	1	1	1141	(0.42259999999999998, 0.58709999999999996, 0)	../fonts/zerothre.ttf	upper
1277155642515	1	FR_PRES	3	DINOSAUR	469	1	0	1736	(0.42259999999999998, 0.58709999999999996, 0)	../fonts/zerothre.ttf	upper
1277155646399	1	FR_PRES	3	WILDERNESS	1610	1	0	2107	(0.42259999999999998, 0.58709999999999996, 0)	../fonts/zerothre.ttf	upper
1277155650514	1	FR_PRES	3	LOCK	838	1	0	1865	(0.42259999999999998, 0.58709999999999996, 0)	../fonts/zerothre.ttf	upper
1277155654514	1	FR_PRES	3	TULIP	1517	1	1	1609	(0.42259999999999998, 0.58709999999999996, 0)	../fonts/zerothre.ttf	upper
1277155658705	1	FR_PRES	3	BANJO	82	1	0	2009	(0.42259999999999998, 0.58709999999999996, 0)	../fonts/zerothre.ttf	upper
1277155662880	1	FR_PRES	3	TAPE	1433	1	0	2802	(0.42259999999999998, 0.58709999999999996, 0)	../fonts/zerothre.ttf	upper
1277155666747	1	FR_PRES	3	ROOT	1210	1	0	2416	(0.42259999999999998, 0.58709999999999996, 0)	../fonts/zerothre.ttf	upper
1277155670630	1	FR_PRES	3	WAVE	1596	1	0	2268	(0.42259999999999998, 0.58709999999999996, 0)	../fonts/zerothre.ttf	upper
1277155674779	1	FR_PRES	3	TRUMPET	1513	1	0	1855	(0.42259999999999998, 0.58709999999999996, 0)	../fonts/zerothre.ttf	upper
1277155678971	1	FR_PRES	3	STEM	1376	1	1	1128	(0.42259999999999998, 0.58709999999999996, 0)	../fonts/zerothre.ttf	upper
1277155683163	1	FR_PRES	3	TOMB	1477	1	0	1775	(0.42259999999999998, 0.58709999999999996, 0)	../fonts/zerothre.ttf	upper
1277155687038	1	FR_PRES	3	OUTFIT	988	1	0	1997	(0.42259999999999998, 0.58709999999999996, 0)	../fonts/zerothre.ttf	upper
1277155691237	1	FR_PRES	3	ANTELOPE	27	1	1	1070	(0.42259999999999998, 0.58709999999999996, 0)	../fonts/zerothre.ttf	upper
1277155695179	1	FR_PRES	3	RACCOON	1153	1	0	2271	(0.42259999999999998, 0.58709999999999996, 0)	../fonts/zerothre.ttf	upper
1277155701079	1	REC_START
1277155789205	0	REST
1277155790712	1	FR_PRES	4	GARAGE	621	0	1	1307	(0.57740000000000002, 0.41289999999999999, 1.0)	../fonts/amplitud.ttf	lower
1277155794595	1	FR_PRES	4	WEED	1599	0	0	1560	(0.57740000000000002, 0.41289999999999999, 1.0)	../fonts/amplitud.ttf	lower
1277155798553	1	FR_PRES	4	TILE	1468	0	0	1041	(0.57740000000000002, 0.41289999999999999, 1.0)	../fonts/amplitud.ttf	lower
1277155802470	1	FR_PRES	4	CONTRACTOR	369	1	1	1645	(0.42259999999999998, 0.58709999999999996, 0)	../fonts/zerothre.ttf	upper
1277155806669	1	FR_PRES	4	HALL	677	1	0	1933	(0.42259999999999998, 0.58709999999999996, 0)	../fonts/zerothre.ttf	upper
1277155810661	1	FR_PRES	4	VIOLIN	1571	1	0	1774	(0.42259999999999998, 0.58709999999999996, 0)	../fonts/zerothre.ttf	upper
1277155814802	1	FR_PRES	4	DANDELION	438	1	0	1896	(0.42259999999999998, 0.58709999999999996, 0)	../fonts/zerothre.ttf	upper
1277155818660	1	FR_PRES	4	PATIO	1025	1	0	1623	(0.42259999999999998, 0.58709999999999996, 0)	../fonts/zerothre.ttf	upper
1277155822560	1	FR_PRES	4	BOMB	147	1	0	1739	(0.42259999999999998, 0.58709999999999996, 0)	../fonts/zerothre.ttf	upper
1277155826444	1	FR_PRES	4	NUCLEUS	961	0	0	1711	(0.57740000000000002, 0.41289999999999999, 1.0)	../fonts/amplitud.ttf	lower
1277155830377	1	FR_PRES	4	CAB	209	0	1	970	(0.57740000000000002, 0.41289999999999999, 1.0)	../fonts/amplitud.ttf	lower
1277155834526	1	FR_PRES	4	LAMB	797	1	1	2436	(0.42259999999999998, 0.58709999999999996, 0)	../fonts/zerothre.ttf	upper
1277155838475	1	FR_PRES	4	COW	393	1	1	1199	(0.42259999999999998, 0.58709999999999996, 0)	../fonts/zerothre.ttf	upper
1277155842592	1	FR_PRES	4	SAILOR	1223	0	1	2370	(0.57740000000000002, 0.41289999999999999, 1.0)	../fonts/amplitud.ttf	lower
1277155846409	1	FR_PRES	4	CLOTHES	327	0	0	2233	(0.57740000000000002, 0.41289999999999999, 1.0)	../fonts/amplitud.ttf	lower
1277155850499	1	FR_PRES	4	WARDROBE	1587	0	1	2239	(0.57740000000000002, 0.41289999999999999, 1.0)	../fonts/amplitud.ttf	lower
1277155856425	1	REC_START
1277155947759	0	REST
1277155949260	1	FR_PRES	5	SCREEN	1253	-1	-1	-1277155949260	white	../fonts/Verdana.ttf	upper
1277155953093	1	FR_PRES	5	CAPTAIN	239	-1	-1	-1277155953093	white	../fonts/Verdana.ttf	upper
1277155957276	1	FR_PRES	5	KITCHEN	778	-1	-1	-1277155957276	white	../fonts/Verdana.ttf	upper
1277155961250	1	FR_PRES	5	ACTRESS	6	-1	-1	-1277155961250	white	../fonts/Verdana.ttf	upper
1277155965283	1	FR_PRES	5	TUXEDO	1525	-1	-1	-1277155965283	white	../fonts/Verdana.ttf	upper
1277155969300	1	FR_PRES	5	TOASTER	1472	-1	-1	-1277155969300	white	../fonts/Verdana.ttf	upper
1277155973283	1	FR_PRES	5	COOKIE	374	-1	-1	-1277155973283	white	../fonts/Verdana.ttf	upper
1277155977374	1	FR_PRES	5	MONARCH	906	-1	-1	-1277155977374	white	../fonts/Verdana.ttf	upper
1277155981282	1	FR_PRES	5	KING	777	-1	-1	-1277155981282	white	../fonts/Verdana.ttf	upper
1277155985498	1	FR_PRES	5	SWORD	1423	-1	-1	-1277155985498	white	../fonts/Verdana.ttf	upper
1277155989489	1	FR_PRES	5	BIBLE	124	-1	-1	-1277155989489	white	../fonts/Verdana.ttf	upper
1277155993580	1	FR_PRES	5	DAGGER	434	-1	-1	-1277155993580	white	../fonts/Verdana.ttf	upper
1277155997663	1	FR_PRES	5	YACHT	1629	-1	-1	-1277155997663	white	../fonts/Verdana.ttf	upper
1277156001588	1	FR_PRES	5	REEF	1177	-1	-1	-1277156001588	white	../fonts/Verdana.ttf	upper
1277156005638	1	FR_PRES	5	NAPKIN	937	-1	-1	-1277156005638	white	../fonts/Verdana.ttf	upper
1277156009496	1	FR_PRES	5	NEWSSTAND	949	-1	-1	-1277156009496	white	../fonts/Verdana.ttf	upper
1277156015264	1	REC_START
1277156099897	0	REST
1277156101398	1	FR_PRES	6	NEEDLE	941	0	0	765	(0.57740000000000002, 0.41289999999999999, 1.0)	../fonts/amplitud.ttf	lower
1277156105281	1	FR_PRES	6	PIN	1072	0	0	1177	(0.57740000000000002, 0.41289999999999999, 1.0)	../fonts/amplitud.ttf	lower
1277156109214	1	FR_PRES	6	COTTAGE	384	0	1	1452	(0.57740000000000002, 0.41289999999999999, 1.0)	../fonts/amplitud.ttf	lower
1277156113331	1	FR_PRES	6	REFEREE	1178	0	1	1263	(0.57740000000000002, 0.41289999999999999, 1.0)	../fonts/amplitud.ttf	lower
1277156117197	1	FR_PRES	6	FIELD	562	0	1	1493	(0.57740000000000002, 0.41289999999999999, 1.0)	../fonts/amplitud.ttf	lower
1277156121405	1	FR_PRES	6	BISCUIT	130	0	0	1598	(0.57740000000000002, 0.41289999999999999, 1.0)	../fonts/amplitud.ttf	lower
1277156125512	1	FR_PRES	6	TANGERINE	1431	0	0	1338	(0.57740000000000002, 0.41289999999999999, 1.0)	../fonts/amplitud.ttf	lower
1277156129695	1	FR_PRES	6	CHIPMUNK	304	0	0	1235	(0.57740000000000002, 0.41289999999999999, 1.0)	../fonts/amplitud.ttf	lower
1277156133562	1	FR_PRES	6	CARNIVAL	245	0	1	1328	(0.57740000000000002, 0.41289999999999999, 1.0)	../fonts/amplitud.ttf	lower
1277156137695	1	FR_PRES	6	PALACE	1006	0	1	1508	(0.57740000000000002, 0.41289999999999999, 1.0)	../fonts/amplitud.ttf	lower
1277156141828	1	FR_PRES	6	BRICK	172	0	0	1982	(0.57740000000000002, 0.41289999999999999, 1.0)	../fonts/amplitud.ttf	lower
1277156146012	1	FR_PRES	6	OZONE	996	0	1	1862	(0.57740000000000002, 0.41289999999999999, 1.0)	../fonts/amplitud.ttf	lower
1277156149927	1	FR_PRES	6	STOVE	1388	0	1	2228	(0.57740000000000002, 0.41289999999999999, 1.0)	../fonts/amplitud.ttf	lower
1277156154036	1	FR_PRES	6	LEMON	810	0	0	1662	(0.57740000000000002, 0.41289999999999999, 1.0)	../fonts/amplitud.ttf	lower
1277156158027	1	FR_PRES	6	CRUMB	416	0	0	2088	(0.57740000000000002, 0.41289999999999999, 1.0)	../fonts/amplitud.ttf	lower
1277156162069	1	FR_PRES	6	LUMBER	848	0	1	1789	(0.57740000000000002, 0.41289999999999999, 1.0)	../fonts/amplitud.ttf	lower
1277156167726	1	REC_START
1277156251469	0	REST
1277156252978	1	FR_PRES	7	QUEEN	1149	0	1	952	(0.57740000000000002, 0.41289999999999999, 1.0)	../fonts/amplitud.ttf	lower
1277156256936	1	FR_PRES	7	SLOPE	1328	0	1	1794	(0.57740000000000002, 0.41289999999999999, 1.0)	../fonts/amplitud.ttf	lower
1277156260760	1	FR_PRES	7	BLACKBERRY	132	0	0	1595	(0.57740000000000002, 0.41289999999999999, 1.0)	../fonts/amplitud.ttf	lower
1277156264768	1	FR_PRES	7	SKULL	1320	0	0	2643	(0.57740000000000002, 0.41289999999999999, 1.0)	../fonts/amplitud.ttf	lower
1277156268893	1	FR_PRES	7	KNEE	784	0	0	2110	(0.57740000000000002, 0.41289999999999999, 1.0)	../fonts/amplitud.ttf	lower
1277156273069	1	FR_PRES	7	HEDGE	699	0	0	1765	(0.57740000000000002, 0.41289999999999999, 1.0)	../fonts/amplitud.ttf	lower
1277156277185	1	FR_PRES	7	LEAF	808	0	0	1449	(0.57740000000000002, 0.41289999999999999, 1.0)	../fonts/amplitud.ttf	lower
1277156281326	1	FR_PRES	7	LIST	830	0	0	1444	(0.57740000000000002, 0.41289999999999999, 1.0)	../fonts/amplitud.ttf	lower
1277156285326	1	FR_PRES	7	ORANGE	980	0	0	1789	(0.57740000000000002, 0.41289999999999999, 1.0)	../fonts/amplitud.ttf	lower
1277156289409	1	FR_PRES	7	TYPIST	1532	0	1	1281	(0.57740000000000002, 0.41289999999999999, 1.0)	../fonts/amplitud.ttf	lower
1277156293259	1	FR_PRES	7	STAPLE	1371	0	0	2008	(0.57740000000000002, 0.41289999999999999, 1.0)	../fonts/amplitud.ttf	lower
1277156297300	1	FR_PRES	7	PUMP	1141	0	1	2382	(0.57740000000000002, 0.41289999999999999, 1.0)	../fonts/amplitud.ttf	lower
1277156301192	1	FR_PRES	7	VINEGAR	1569	0	0	2466	(0.57740000000000002, 0.41289999999999999, 1.0)	../fonts/amplitud.ttf	lower
1277156305116	1	FR_PRES	7	FIREPLACE	570	0	1	1911	(0.57740000000000002, 0.41289999999999999, 1.0)	../fonts/amplitud.ttf	lower
1277156309316	1	FR_PRES	7	HEEL	700	0	0	2270	(0.57740000000000002, 0.41289999999999999, 1.0)	../fonts/amplitud.ttf	lower
1277156313249	1	FR_PRES	7	PRINCESS	1125	0	1	2545	(0.57740000000000002, 0.41289999999999999, 1.0)	../fonts/amplitud.ttf	lower
1277156318948	1	REC_START
1277156404051	0	REST
1277156405558	1	FR_PRES	8	INDIAN	736	1	1	972	(0.42259999999999998, 0.58709999999999996, 0)	../fonts/zerothre.ttf	upper
1277156409657	1	FR_PRES	8	PARTY	1018	1	1	1418	(0.42259999999999998, 0.58709999999999996, 0)	../fonts/zerothre.ttf	upper
1277156413549	1	FR_PRES	8	CABOOSE	214	1	0	2013	(0.42259999999999998, 0.58709999999999996, 0)	../fonts/zerothre.ttf	upper
1277156417507	1	FR_PRES	8	PARCEL	1012	1	0	2063	(0.42259999999999998, 0.58709999999999996, 0)	../fonts/zerothre.ttf	upper
1277156421615	1	FR_PRES	8	WHALE	1601	1	1	1580	(0.42259999999999998, 0.58709999999999996, 0)	../fonts/zerothre.ttf	upper
1277156425715	1	FR_PRES	8	RAFT	1159	1	0	1656	(0.42259999999999998, 0.58709999999999996, 0)	../fonts/zerothre.ttf	upper
1277156429906	1	FR_PRES	8	CARDINAL	244	1	1	2305	(0.42259999999999998, 0.58709999999999996, 0)	../fonts/zerothre.ttf	upper
1277156434032	1	FR_PRES	8	SWAN	1417	1	1	2299	(0.42259999999999998, 0.58709999999999996, 0)	../fonts/zerothre.ttf	upper
1277156437855	1	FR_PRES	8	WARRIOR	1589	1	1	1643	(0.42259999999999998, 0.58709999999999996, 0)	../fonts/zerothre.ttf	upper
1277156441855	1	FR_PRES	8	THESAURUS	1454	1	0	1971	(0.42259999999999998, 0.58709999999999996, 0)	../fonts/zerothre.ttf	upper
1277156445855	1	FR_PRES	8	ZIPPER	1636	1	0	1987	(0.42259999999999998, 0.58709999999999996, 0)	../fonts/zerothre.ttf	upper
1277156449904	1	FR_PRES	8	TRICYCLE	1506	1	0	2427	(0.42259999999999998, 0.58709999999999996, 0)	../fonts/zerothre.ttf	upper
1277156453987	1	FR_PRES	8	RAILROAD	1162	1	0	2376	(0.42259999999999998, 0.58709999999999996, 0)	../fonts/zerothre.ttf	upper
1277156458097	1	FR_PRES	8	KEG	770	1	0	1922	(0.42259999999999998, 0.58709999999999996, 0)	../fonts/zerothre.ttf	upper
1277156462079	1	FR_PRES	8	ALMANAC	17	1	0	2252	(0.42259999999999998, 0.58709999999999996, 0)	../fonts/zerothre.ttf	upper
1277156466188	1	FR_PRES	8	BOOK	149	1	0	2127	(0.42259999999999998, 0.58709999999999996, 0)	../fonts/zerothre.ttf	upper
1277156471853	1	REC_START
1277156555306	0	REST
1277156556813	1	FR_PRES	9	LAVA	804	-1	-1	-1277156556813	white	../fonts/Verdana.ttf	upper
1277156560704	1	FR_PRES	9	FLEET	578	-1	-1	-1277156560704	white	../fonts/Verdana.ttf	upper
1277156564554	1	FR_PRES	9	PAVEMENT	1028	-1	-1	-1277156564554	white	../fonts/Verdana.ttf	upper
1277156568571	1	FR_PRES	9	PORT	1110	-1	-1	-1277156568571	white	../fonts/Verdana.ttf	upper
1277156572438	1	FR_PRES	9	DECK	443	-1	-1	-1277156572438	white	../fonts/Verdana.ttf	upper
1277156576587	1	FR_PRES	9	MINER	896	-1	-1	-1277156576587	white	../fonts/Verdana.ttf	upper
1277156580720	1	FR_PRES	9	RAIL	1161	-1	-1	-1277156580720	white	../fonts/Verdana.ttf	upper
1277156584536	1	FR_PRES	9	PRIMATE	1123	-1	-1	-1277156584536	white	../fonts/Verdana.ttf	upper
1277156588461	1	FR_PRES	9	BRAKE	166	-1	-1	-1277156588461	white	../fonts/Verdana.ttf	upper
1277156592527	1	FR_PRES	9	JUVENILE	767	-1	-1	-1277156592527	white	../fonts/Verdana.ttf	upper
1277156596685	1	FR_PRES	9	KNAPSACK	783	-1	-1	-1277156596685	white	../fonts/Verdana.ttf	upper
1277156600518	1	FR_PRES	9	SCARECROW	1245	-1	-1	-1277156600518	white	../fonts/Verdana.ttf	upper
1277156604452	1	FR_PRES	9	CEREAL	272	-1	-1	-1277156604452	white	../fonts/Verdana.ttf	upper
1277156608476	1	FR_PRES	9	PICNIC	1060	-1	-1	-1277156608476	white	../fonts/Verdana.ttf	upper
1277156612459	1	FR_PRES	9	TOMATO	1476	-1	-1	-1277156612459	white	../fonts/Verdana.ttf	upper
1277156616435	1	FR_PRES	9	SERGEANT	1269	-1	-1	-1277156616435	white	../fonts/Verdana.ttf	upper
1277156622168	1	REC_START
1277156715002	0	REST
1277156716509	1	FR_PRES	10	OPERATOR	979	0	1	1029	(0.57740000000000002, 0.41289999999999999, 1.0)	../fonts/amplitud.ttf	lower
1277156720667	1	FR_PRES	10	FRANCE	601	0	1	1255	(0.57740000000000002, 0.41289999999999999, 1.0)	../fonts/amplitud.ttf	lower
1277156724625	1	FR_PRES	10	CHAMPAGNE	278	0	0	2209	(0.57740000000000002, 0.41289999999999999, 1.0)	../fonts/amplitud.ttf	lower
1277156728467	1	FR_PRES	10	TAVERN	1437	0	1	1463	(0.57740000000000002, 0.41289999999999999, 1.0)	../fonts/amplitud.ttf	lower
1277156732542	1	FR_PRES	10	VICTIM	1562	1	1	1356	(0.42259999999999998, 0.58709999999999996, 0)	../fonts/zerothre.ttf	upper
1277156736675	1	FR_PRES	10	PARIS	1014	1	0	2207	(0.42259999999999998, 0.58709999999999996, 0)	../fonts/zerothre.ttf	upper
1277156740658	1	FR_PRES	10	OFFICE	972	1	0	2336	(0.42259999999999998, 0.58709999999999996, 0)	../fonts/zerothre.ttf	upper
1277156744724	1	FR_PRES	10	NOTE	958	1	0	1958	(0.42259999999999998, 0.58709999999999996, 0)	../fonts/zerothre.ttf	upper
1277156748849	1	FR_PRES	10	FUGITIVE	612	0	1	2777	(0.57740000000000002, 0.41289999999999999, 1.0)	../fonts/amplitud.ttf	lower
1277156753024	1	FR_PRES	10	PAIL	1002	0	0	1411	(0.57740000000000002, 0.41289999999999999, 1.0)	../fonts/amplitud.ttf	lower
1277156756990	1	FR_PRES	10	GALLON	618	0	0	1828	(0.57740000000000002, 0.41289999999999999, 1.0)	../fonts/amplitud.ttf	lower
1277156761024	1	FR_PRES	10	BREAST	171	0	0	2171	(0.57740000000000002, 0.41289999999999999, 1.0)	../fonts/amplitud.ttf	lower
1277156765032	1	FR_PRES	10	GHOST	634	1	1	2442	(0.42259999999999998, 0.58709999999999996, 0)	../fonts/zerothre.ttf	upper
1277156769206	1	FR_PRES	10	QUAIL	1147	1	1	1989	(0.42259999999999998, 0.58709999999999996, 0)	../fonts/zerothre.ttf	upper
1277156773131	1	FR_PRES	10	STEAM	1375	1	0	1968	(0.42259999999999998, 0.58709999999999996, 0)	../fonts/zerothre.ttf	upper
1277156777073	1	FR_PRES	10	HOSE	720	1	0	1497	(0.42259999999999998, 0.58709999999999996, 0)	../fonts/zerothre.ttf	upper
1277156783056	1	REC_START
1277156861690	0	REST
1277156863191	1	FR_PRES	11	ATTIRE	57	-1	-1	-1277156863191	white	../fonts/Verdana.ttf	upper
1277156867274	1	FR_PRES	11	COIN	343	-1	-1	-1277156867274	white	../fonts/Verdana.ttf	upper
1277156871307	1	FR_PRES	11	CACTUS	215	-1	-1	-1277156871307	white	../fonts/Verdana.ttf	upper
1277156875332	1	FR_PRES	11	RADIATOR	1156	-1	-1	-1277156875332	white	../fonts/Verdana.ttf	upper
1277156879489	1	FR_PRES	11	GULL	671	-1	-1	-1277156879489	white	../fonts/Verdana.ttf	upper
1277156883589	1	FR_PRES	11	PERISCOPE	1050	-1	-1	-1277156883589	white	../fonts/Verdana.ttf	upper
1277156887463	1	FR_PRES	11	TAXI	1438	-1	-1	-1277156887463	white	../fonts/Verdana.ttf	upper
1277156891671	1	FR_PRES	11	CRUTCH	417	-1	-1	-1277156891671	white	../fonts/Verdana.ttf	upper
1277156895654	1	FR_PRES	11	COMET	353	-1	-1	-1277156895654	white	../fonts/Verdana.ttf	upper
1277156899662	1	FR_PRES	11	HOOK	715	-1	-1	-1277156899662	white	../fonts/Verdana.ttf	upper
1277156903587	1	FR_PRES	11	SARDINE	1235	-1	-1	-1277156903587	white	../fonts/Verdana.ttf	upper
1277156907512	1	FR_PRES	11	SUBWAY	1400	-1	-1	-1277156907512	white	../fonts/Verdana.ttf	upper
1277156911486	1	FR_PRES	11	SUBMARINE	1398	-1	-1	-1277156911486	white	../fonts/Verdana.ttf	upper
1277156915569	1	FR_PRES	11	PORTRAIT	1111	-1	-1	-1277156915569	white	../fonts/Verdana.ttf	upper
1277156919711	1	FR_PRES	11	SKETCH	1315	-1	-1	-1277156919711	white	../fonts/Verdana.ttf	upper
1277156923602	1	FR_PRES	11	TURKEY	1520	-1	-1	-1277156923602	white	../fonts/Verdana.ttf	upper
1277156929278	1	REC_START
1277157004863	1	REST_REWET
1277157327340	0	REST
1277157328847	1	FR_PRES	12	FIG	563	1	0	1396	(0.42259999999999998, 0.58709999999999996, 0)	../fonts/zerothre.ttf	upper
1277157332813	1	FR_PRES	12	LACE	792	1	0	1422	(0.42259999999999998, 0.58709999999999996, 0)	../fonts/zerothre.ttf	upper
1277157336721	1	FR_PRES	12	COMPANION	357	1	1	1522	(0.42259999999999998, 0.58709999999999996, 0)	../fonts/zerothre.ttf	upper
1277157340629	1	FR_PRES	12	CHERRY	293	0	0	1662	(0.57740000000000002, 0.41289999999999999, 1.0)	../fonts/amplitud.ttf	lower
1277157344771	1	FR_PRES	12	JURY	766	0	1	2095	(0.57740000000000002, 0.41289999999999999, 1.0)	../fonts/amplitud.ttf	lower
1277157348762	1	FR_PRES	12	PRODUCER	1129	0	1	1720	(0.57740000000000002, 0.41289999999999999, 1.0)	../fonts/amplitud.ttf	lower
1277157352928	1	FR_PRES	12	POPCORN	1104	0	0	1746	(0.57740000000000002, 0.41289999999999999, 1.0)	../fonts/amplitud.ttf	lower
1277157356836	1	FR_PRES	12	MOUNTAIN	924	0	1	1158	(0.57740000000000002, 0.41289999999999999, 1.0)	../fonts/amplitud.ttf	lower
1277157360869	1	FR_PRES	12	DAUGHTER	442	0	1	1717	(0.57740000000000002, 0.41289999999999999, 1.0)	../fonts/amplitud.ttf	lower
1277157364927	1	FR_PRES	12	COTTON	385	1	-999	3001	(0.42259999999999998, 0.58709999999999996, 0)	../fonts/zerothre.ttf	upper
1277157367952	1	SLOW_MSG
1277157370386	1	FR_PRES	12	FELLOW	558	1	1	2112	(0.42259999999999998, 0.58709999999999996, 0)	../fonts/zerothre.ttf	upper
1277157374236	1	FR_PRES	12	PRUNE	1134	1	0	1550	(0.42259999999999998, 0.58709999999999996, 0)	../fonts/zerothre.ttf	upper
1277157378061	1	FR_PRES	12	FLASK	576	0	0	2222	(0.57740000000000002, 0.41289999999999999, 1.0)	../fonts/amplitud.ttf	lower
1277157382177	1	FR_PRES	12	MATTRESS	879	0	1	1393	(0.57740000000000002, 0.41289999999999999, 1.0)	../fonts/amplitud.ttf	lower
1277157386168	1	FR_PRES	12	SHED	1277	1	0	1738	(0.42259999999999998, 0.58709999999999996, 0)	../fonts/zerothre.ttf	upper
1277157390318	1	FR_PRES	12	TAIL	1430	1	0	1893	(0.42259999999999998, 0.58709999999999996, 0)	../fonts/zerothre.ttf	upper
1277157396018	1	REC_START
1277157473445	0	REST
1277157474952	1	FR_PRES	13	BOULEVARD	156	1	0	1067	(0.42259999999999998, 0.58709999999999996, 0)	../fonts/zerothre.ttf	upper
1277157479061	1	FR_PRES	13	VAULT	1550	1	0	1589	(0.42259999999999998, 0.58709999999999996, 0)	../fonts/zerothre.ttf	upper
1277157483069	1	FR_PRES	13	CAVE	263	1	0	1565	(0.42259999999999998, 0.58709999999999996, 0)	../fonts/zerothre.ttf	upper
1277157486910	1	FR_PRES	13	DRAGON	492	1	1	2036	(0.42259999999999998, 0.58709999999999996, 0)	../fonts/zerothre.ttf	upper
1277157491102	1	FR_PRES	13	DART	440	1	0	1700	(0.42259999999999998, 0.58709999999999996, 0)	../fonts/zerothre.ttf	upper
1277157494984	1	FR_PRES	13	BLACKBOARD	133	1	0	2099	(0.42259999999999998, 0.58709999999999996, 0)	../fonts/zerothre.ttf	upper
1277157498884	1	FR_PRES	13	TRIBE	1505	1	1	2303	(0.42259999999999998, 0.58709999999999996, 0)	../fonts/zerothre.ttf	upper
1277157502742	1	FR_PRES	13	NOMAD	955	1	1	1924	(0.42259999999999998, 0.58709999999999996, 0)	../fonts/zerothre.ttf	upper
1277157506567	1	FR_PRES	13	CLERK	321	1	1	1484	(0.42259999999999998, 0.58709999999999996, 0)	../fonts/zerothre.ttf	upper
1277157510691	1	FR_PRES	13	SIDEWALK	1303	1	0	2728	(0.42259999999999998, 0.58709999999999996, 0)	../fonts/zerothre.ttf	upper
1277157514608	1	FR_PRES	13	ASSISTANT	48	1	1	1411	(0.42259999999999998, 0.58709999999999996, 0)	../fonts/zerothre.ttf	upper
1277157518716	1	FR_PRES	13	CONTRACT	368	1	0	2471	(0.42259999999999998, 0.58709999999999996, 0)	../fonts/zerothre.ttf	upper
1277157522541	1	FR_PRES	13	WORKER	1621	1	1	997	(0.42259999999999998, 0.58709999999999996, 0)	../fonts/zerothre.ttf	upper
1277157526624	1	FR_PRES	13	EDITOR	516	1	1	1282	(0.42259999999999998, 0.58709999999999996, 0)	../fonts/zerothre.ttf	upper
1277157530831	1	FR_PRES	13	STEREO	1378	1	0	1428	(0.42259999999999998, 0.58709999999999996, 0)	../fonts/zerothre.ttf	upper
1277157534998	1	FR_PRES	13	KNOB	787	1	0	2037	(0.42259999999999998, 0.58709999999999996, 0)	../fonts/zerothre.ttf	upper
1277157541032	1	REC_START
1277157625933	0	REST
1277157627434	1	FR_PRES	14	CONCERT	360	1	0	1112	(0.42259999999999998, 0.58709999999999996, 0)	../fonts/zerothre.ttf	upper
1277157631325	1	FR_PRES	14	COB	334	1	0	1766	(0.42259999999999998, 0.58709999999999996, 0)	../fonts/zerothre.ttf	upper
1277157635450	1	FR_PRES	14	BRUSH	182	1	0	1328	(0.42259999999999998, 0.58709999999999996, 0)	../fonts/zerothre.ttf	upper
1277157639482	1	FR_PRES	14	DRUM	502	1	0	1408	(0.42259999999999998, 0.58709999999999996, 0)	../fonts/zerothre.ttf	upper
1277157643366	1	FR_PRES	14	KEYBOARD	774	1	0	1524	(0.42259999999999998, 0.58709999999999996, 0)	../fonts/zerothre.ttf	upper
1277157647489	1	FR_PRES	14	DOORBELL	487	0	0	1489	(0.57740000000000002, 0.41289999999999999, 1.0)	../fonts/amplitud.ttf	lower
1277157651539	1	FR_PRES	14	FACE	547	0	0	2015	(0.57740000000000002, 0.41289999999999999, 1.0)	../fonts/amplitud.ttf	lower
1277157655415	1	FR_PRES	14	DRIVEWAY	500	0	1	1036	(0.57740000000000002, 0.41289999999999999, 1.0)	../fonts/amplitud.ttf	lower
1277157659373	1	FR_PRES	14	CAR	241	0	1	1613	(0.57740000000000002, 0.41289999999999999, 1.0)	../fonts/amplitud.ttf	lower
1277157663505	1	FR_PRES	14	OATS	968	1	0	2361	(0.42259999999999998, 0.58709999999999996, 0)	../fonts/zerothre.ttf	upper
1277157667331	1	FR_PRES	14	PLUMBER	1091	1	1	1896	(0.42259999999999998, 0.58709999999999996, 0)	../fonts/zerothre.ttf	upper
1277157671414	1	FR_PRES	14	ANTEATER	26	1	1	2332	(0.42259999999999998, 0.58709999999999996, 0)	../fonts/zerothre.ttf	upper
1277157675255	1	FR_PRES	14	PANTHER	1009	0	1	1307	(0.57740000000000002, 0.41289999999999999, 1.0)	../fonts/amplitud.ttf	lower
1277157679196	1	FR_PRES	14	SPATULA	1348	0	0	1782	(0.57740000000000002, 0.41289999999999999, 1.0)	../fonts/amplitud.ttf	lower
1277157683021	1	FR_PRES	14	COOK	372	0	1	2278	(0.57740000000000002, 0.41289999999999999, 1.0)	../fonts/amplitud.ttf	lower
1277157686920	1	FR_PRES	14	CONDUCTOR	362	0	1	986	(0.57740000000000002, 0.41289999999999999, 1.0)	../fonts/amplitud.ttf	lower
1277157692687	1	REC_START
1277157770589	0	REST
1277157772089	1	FR_PRES	15	DOLLAR	482	-1	-1	-1277157772089	white	../fonts/Verdana.ttf	upper
1277157776131	1	FR_PRES	15	HATCHET	691	-1	-1	-1277157776131	white	../fonts/Verdana.ttf	upper
1277157780022	1	FR_PRES	15	ACID	2	-1	-1	-1277157780022	white	../fonts/Verdana.ttf	upper
1277157784030	1	FR_PRES	15	BEAKER	104	-1	-1	-1277157784030	white	../fonts/Verdana.ttf	upper
1277157788238	1	FR_PRES	15	POOL	1103	-1	-1	-1277157788238	white	../fonts/Verdana.ttf	upper
1277157792255	1	FR_PRES	15	SLEEVE	1324	-1	-1	-1277157792255	white	../fonts/Verdana.ttf	upper
1277157796329	1	FR_PRES	15	BERRY	122	-1	-1	-1277157796329	white	../fonts/Verdana.ttf	upper
1277157800421	1	FR_PRES	15	POLE	1097	-1	-1	-1277157800421	white	../fonts/Verdana.ttf	upper
1277157804420	1	FR_PRES	15	FLAG	573	-1	-1	-1277157804420	white	../fonts/Verdana.ttf	upper
1277157808345	1	FR_PRES	15	TREAD	1499	-1	-1	-1277157808345	white	../fonts/Verdana.ttf	upper
1277157812378	1	FR_PRES	15	SILK	1307	-1	-1	-1277157812378	white	../fonts/Verdana.ttf	upper
1277157816378	1	FR_PRES	15	LILY	821	-1	-1	-1277157816378	white	../fonts/Verdana.ttf	upper
1277157820386	1	FR_PRES	15	FLOWER	584	-1	-1	-1277157820386	white	../fonts/Verdana.ttf	upper
1277157824468	1	FR_PRES	15	STOCKING	1383	-1	-1	-1277157824468	white	../fonts/Verdana.ttf	upper
1277157828526	1	FR_PRES	15	JUNGLE	764	-1	-1	-1277157828526	white	../fonts/Verdana.ttf	upper
1277157832575	1	FR_PRES	15	TECHNICIAN	1443	-1	-1	-1277157832575	white	../fonts/Verdana.ttf	upper
1277157838592	1	REC_START
1277157930394	0	FFR_START
1277157936011	1	REC_START
1277158259927	0	RECOG_START
1277158259928	1	REC_START
1277158259960	0	RECOG_PRES	0	PORT	1110	-999	P	3026
1277158263352	0	RECOG_CR_PRES	0	PORT	1110	-999	P	570
1277158264336	1	RECOG_FEEDBACK	1
1277158265077	0	RECOG_PRES	0	TOMB	1477	-999	P	1310
1277158266760	0	RECOG_CR_PRES	0	TOMB	1477	-999	P	451
1277158267568	1	RECOG_FEEDBACK	1
1277158268369	0	RECOG_PRES	0	DANDELION	438	-999	P	986
1277158269726	0	RECOG_CR_PRES	0	DANDELION	438	-999	P	461
1277158270493	1	RECOG_FEEDBACK	1
1277158271252	0	RECOG_PRES	0	SOAP	1337	-999	P	1454
1277158273068	0	RECOG_CR_PRES	0	SOAP	1337	-999	P	367
1277158273759	1	RECOG_FEEDBACK	1
1277158274551	0	RECOG_PRES	0	GARAGE	621	-999	P	1003
1277158275925	0	RECOG_CR_PRES	0	GARAGE	621	-999	P	374
1277158276617	1	RECOG_FEEDBACK	1
1277158277418	0	RECOG_PRES	0	DECK	443	-999	P	953
1277158278742	0	RECOG_CR_PRES	0	DECK	443	-999	P	309
1277158279360	1	RECOG_FEEDBACK	1
1277158280143	0	RECOG_PRES	0	COB	334	-999	P	876
1277158281384	0	RECOG_CR_PRES	0	COB	334	-999	P	370
1277158282051	1	RECOG_FEEDBACK	1
1277158282800	0	RECOG_PRES	0	SEAFOOD	1260	-999	P	1098
1277158284268	0	RECOG_CR_PRES	0	SEAFOOD	1260	-999	P	430
1277158285001	1	RECOG_FEEDBACK	1
1277158285716	0	RECOG_PRES	0	VAULT	1550	-999	P	1479
1277158287566	0	RECOG_CR_PRES	0	VAULT	1550	-999	P	260
1277158288167	1	RECOG_FEEDBACK	1
1277158288899	0	RECOG_PRES	0	STEAM	1375	-999	P	959
1277158290225	0	RECOG_CR_PRES	0	STEAM	1375	-999	P	321
1277158290858	1	RECOG_FEEDBACK	1
1277158291608	0	RECOG_PRES	0	BISCUIT	130	-999	P	1066
1277158293042	0	RECOG_CR_PRES	0	BISCUIT	130	-999	P	297
1277158293641	1	RECOG_FEEDBACK	1
1277158294400	0	RECOG_PRES	0	CARNIVAL	245	-999	P	955
1277158295724	0	RECOG_CR_PRES	0	CARNIVAL	245	-999	P	359
1277158296392	1	RECOG_FEEDBACK	1
1277158297133	0	RECOG_PRES	0	VIOLIN	1571	-999	P	865
1277158298391	0	RECOG_CR_PRES	0	VIOLIN	1571	-999	P	331
1277158299016	1	RECOG_FEEDBACK	1
1277158299790	0	RECOG_PRES	0	TRICYCLE	1506	-999	P	980
1277158301133	0	RECOG_CR_PRES	0	TRICYCLE	1506	-999	P	341
1277158301773	1	RECOG_FEEDBACK	1
1277158302548	0	RECOG_PRES	0	ASSISTANT	48	-999	P	1302
1277158304216	0	RECOG_CR_PRES	0	ASSISTANT	48	-999	P	298
1277158304840	1	RECOG_FEEDBACK	1
1277158305590	0	RECOG_PRES	0	CAMEL	223	-999	P	916
1277158306882	0	RECOG_CR_PRES	0	CAMEL	223	-999	P	321
1277158307506	1	RECOG_FEEDBACK	1
1277158308274	0	RECOG_PRES	0	TRUMPET	1513	-999	P	889
1277158309531	0	RECOG_CR_PRES	0	TRUMPET	1513	-999	P	351
1277158310182	1	RECOG_FEEDBACK	1
1277158310940	0	RECOG_PRES	0	GARBAGE	622	-999	P	1582
1277158312898	0	RECOG_CR_PRES	0	GARBAGE	622	-999	P	329
1277158313548	1	RECOG_FEEDBACK	1
1277158314257	0	RECOG_PRES	0	VINEGAR	1569	-999	P	1042
1277158315673	0	RECOG_CR_PRES	0	VINEGAR	1569	-999	P	289
1277158316265	1	RECOG_FEEDBACK	1
1277158316981	0	RECOG_PRES	0	PARCEL	1012	-999	P	965
1277158318315	0	RECOG_CR_PRES	0	PARCEL	1012	-999	P	351
1277158318964	1	RECOG_FEEDBACK	1
1277158330771	0	REST
1277158331908	1	REC_START
1277158331938	0	RECOG_PRES	1	SISTER	1312	-999	P	1177
1277158333488	0	RECOG_CR_PRES	1	SISTER	1312	-999	P	410
1277158334205	1	RECOG_FEEDBACK	1
1277158334996	0	RECOG_PRES	1	SAGE	1222	-999	P	934
1277158336297	0	RECOG_CR_PRES	1	SAGE	1222	-999	P	257
1277158336863	1	RECOG_FEEDBACK	1
1277158337671	0	RECOG_PRES	1	VETERAN	1561	-999	P	1532
1277158339571	0	RECOG_CR_PRES	1	VETERAN	1561	-999	P	367
1277158340255	1	RECOG_FEEDBACK	1
1277158341038	0	RECOG_PRES	1	TRIBE	1505	-999	P	824
1277158342255	0	RECOG_CR_PRES	1	TRIBE	1505	-999	P	235
1277158342795	1	RECOG_FEEDBACK	1
1277158343512	0	RECOG_PRES	1	INSTRUCTOR	741	-999	P	1442
1277158345321	0	RECOG_CR_PRES	1	INSTRUCTOR	741	-999	P	337
1277158345979	1	RECOG_FEEDBACK	1
1277158346737	0	RECOG_PRES	1	KING	777	-999	P	953
1277158348054	0	RECOG_CR_PRES	1	KING	777	-999	P	229
1277158348578	1	RECOG_FEEDBACK	1
1277158349296	0	RECOG_PRES	1	OUTFIT	988	-999	P	1338
1277158351004	0	RECOG_CR_PRES	1	OUTFIT	988	-999	P	1175
1277158352495	1	RECOG_FEEDBACK	0
1277158353254	0	RECOG_PRES	1	CUCUMBER	421	-999	P	2340
1277158355969	0	RECOG_CR_PRES	1	CUCUMBER	421	-999	P	362
1277158356669	1	RECOG_FEEDBACK	1
1277158357370	0	RECOG_PRES	1	MOUNTAIN	924	-999	P	841
1277158358586	0	RECOG_CR_PRES	1	MOUNTAIN	924	-999	P	256
1277158359129	1	RECOG_FEEDBACK	1
1277158359902	0	RECOG_PRES	1	BATHTUB	100	-999	P	1341
1277158361611	0	RECOG_CR_PRES	1	BATHTUB	100	-999	P	207
1277158362137	1	RECOG_FEEDBACK	1
1277158362927	0	RECOG_PRES	1	LABEL	790	-999	P	1019
1277158364312	0	RECOG_CR_PRES	1	LABEL	790	-999	P	394
1277158365003	1	RECOG_FEEDBACK	1
1277158365785	0	RECOG_PRES	1	DRUM	502	-999	P	1089
1277158367236	0	RECOG_CR_PRES	1	DRUM	502	-999	P	286
1277158367844	1	RECOG_FEEDBACK	1
1277158368619	0	RECOG_PRES	1	JUG	762	-999	P	951
1277158369943	0	RECOG_CR_PRES	1	JUG	762	-999	P	268
1277158370510	1	RECOG_FEEDBACK	1
1277158371244	0	RECOG_PRES	1	FUGITIVE	612	-999	P	1039
1277158372652	0	RECOG_CR_PRES	1	FUGITIVE	612	-999	P	246
1277158373203	1	RECOG_FEEDBACK	1
1277158373985	0	RECOG_PRES	1	WALL	1582	-999	P	1009
1277158375369	0	RECOG_CR_PRES	1	WALL	1582	-999	P	233
1277158375901	1	RECOG_FEEDBACK	1
1277158376643	0	RECOG_PRES	1	GULL	671	-999	P	903
1277158377909	0	RECOG_CR_PRES	1	GULL	671	-999	P	230
1277158378435	1	RECOG_FEEDBACK	1
1277158379185	0	RECOG_PRES	1	BANANA	77	-999	P	1289
1277158380843	0	RECOG_CR_PRES	1	BANANA	77	-999	P	256
1277158381402	1	RECOG_FEEDBACK	1
1277158382168	0	RECOG_PRES	1	CRUTCH	417	-999	P	835
1277158383385	0	RECOG_CR_PRES	1	CRUTCH	417	-999	P	249
1277158383926	1	RECOG_FEEDBACK	1
1277158384717	0	RECOG_PRES	1	DIVER	476	-999	P	869
1277158385959	0	RECOG_CR_PRES	1	DIVER	476	-999	P	268
1277158386526	1	RECOG_FEEDBACK	1
1277158387285	0	RECOG_PRES	1	PRINCESS	1125	-999	P	1070
1277158388725	0	RECOG_CR_PRES	1	PRINCESS	1125	-999	P	326
1277158389360	1	RECOG_FEEDBACK	1
1277158416433	0	REST
1277158417599	1	REC_START
1277158417632	0	RECOG_PRES	2	WORKER	1621	-999	P	2026
1277158420024	0	RECOG_CR_PRES	2	WORKER	1621	-999	P	642
1277158420990	1	RECOG_FEEDBACK	0
1277158421715	0	RECOG_PRES	2	PARTNER	1017	-999	P	935
1277158423015	0	RECOG_CR_PRES	2	PARTNER	1017	-999	P	412
1277158423731	1	RECOG_FEEDBACK	1
1277158424440	0	RECOG_PRES	2	CALCULATOR	220	-999	P	827
1277158425639	0	RECOG_CR_PRES	2	CALCULATOR	220	-999	P	347
1277158426273	1	RECOG_FEEDBACK	1
1277158427073	0	RECOG_PRES	2	DOORBELL	487	-999	P	946
1277158428390	0	RECOG_CR_PRES	2	DOORBELL	487	-999	P	220
1277158428922	1	RECOG_FEEDBACK	1
1277158429697	0	RECOG_PRES	2	SATURN	1236	-999	P	873
1277158430930	0	RECOG_CR_PRES	2	SATURN	1236	-999	P	225
1277158431456	1	RECOG_FEEDBACK	1
1277158432173	0	RECOG_PRES	2	PATIO	1025	-999	P	838
1277158433381	0	RECOG_CR_PRES	2	PATIO	1025	-999	P	245
1277158433922	1	RECOG_FEEDBACK	1
1277158434722	0	RECOG_PRES	2	PEBBLE	1035	-999	P	848
1277158435938	0	RECOG_CR_PRES	2	PEBBLE	1035	-999	P	225
1277158436463	1	RECOG_FEEDBACK	1
1277158437231	0	RECOG_PRES	2	FLOWER	584	-999	P	833
1277158438463	0	RECOG_CR_PRES	2	FLOWER	584	-999	P	227
1277158438996	1	RECOG_FEEDBACK	1
1277158439755	0	RECOG_PRES	2	REEF	1177	-999	P	839
1277158440963	0	RECOG_CR_PRES	2	REEF	1177	-999	P	288
1277158441546	1	RECOG_FEEDBACK	1
1277158442264	0	RECOG_PRES	2	BERRY	122	-999	P	811
1277158443447	0	RECOG_CR_PRES	2	BERRY	122	-999	P	267
1277158444014	1	RECOG_FEEDBACK	1
1277158444771	0	RECOG_PRES	2	ROBIN	1199	-999	P	1849
1277158447014	0	RECOG_CR_PRES	2	ROBIN	1199	-999	P	277
1277158447629	1	RECOG_FEEDBACK	1
1277158448347	0	RECOG_PRES	2	CONCERT	360	-999	P	864
1277158449579	0	RECOG_CR_PRES	2	CONCERT	360	-999	P	271
1277158450147	1	RECOG_FEEDBACK	1
1277158450879	0	RECOG_PRES	2	STREET	1393	-999	P	1035
1277158452280	0	RECOG_CR_PRES	2	STREET	1393	-999	P	274
1277158452879	1	RECOG_FEEDBACK	1
1277158453595	0	RECOG_PRES	2	TOMATO	1476	-999	P	887
1277158454854	0	RECOG_CR_PRES	2	TOMATO	1476	-999	P	245
1277158455405	1	RECOG_FEEDBACK	1
1277158456196	0	RECOG_PRES	2	MOTOR	922	-999	P	1151
1277158457720	0	RECOG_CR_PRES	2	MOTOR	922	-999	P	307
1277158458354	1	RECOG_FEEDBACK	1
1277158459154	0	RECOG_PRES	2	WILDERNESS	1610	-999	P	961
1277158460487	0	RECOG_CR_PRES	2	WILDERNESS	1610	-999	P	219
1277158461013	1	RECOG_FEEDBACK	1
1277158461762	0	RECOG_PRES	2	WHALE	1601	-999	P	752
1277158462886	0	RECOG_CR_PRES	2	WHALE	1601	-999	P	293
1277158463478	1	RECOG_FEEDBACK	1
1277158464254	0	RECOG_PRES	2	SCENERY	1247	-999	P	732
1277158465362	0	RECOG_CR_PRES	2	SCENERY	1247	-999	P	280
1277158465936	1	RECOG_FEEDBACK	1
1277158466669	0	RECOG_PRES	2	CHICKEN	297	-999	P	734
1277158467778	0	RECOG_CR_PRES	2	CHICKEN	297	-999	P	465
1277158468536	1	RECOG_FEEDBACK	1
1277158469312	0	RECOG_PRES	2	CAGE	218	-999	P	824
1277158470536	0	RECOG_CR_PRES	2	CAGE	218	-999	P	234
1277158471087	1	RECOG_FEEDBACK	1
1277158481111	0	REST
1277158482152	1	REC_START
1277158482186	0	RECOG_PRES	3	COTTON	385	-999	P	1057
1277158483618	0	RECOG_CR_PRES	3	COTTON	385	-999	P	280
1277158484211	1	RECOG_FEEDBACK	1
1277158484943	0	RECOG_PRES	3	CRITIC	410	-999	P	979
1277158486286	0	RECOG_CR_PRES	3	CRITIC	410	-999	P	284
1277158486885	1	RECOG_FEEDBACK	1
1277158487660	0	RECOG_PRES	3	WASHCLOTH	1591	-999	P	1246
1277158489269	0	RECOG_CR_PRES	3	WASHCLOTH	1591	-999	P	397
1277158489984	1	RECOG_FEEDBACK	0
1277158490718	0	RECOG_PRES	3	BULLET	194	-999	P	924
1277158492010	0	RECOG_CR_PRES	3	BULLET	194	-999	P	289
1277158492618	1	RECOG_FEEDBACK	1
1277158493360	0	RECOG_PRES	3	BUCKLE	185	-999	P	1947
1277158495676	0	RECOG_CR_PRES	3	BUCKLE	185	-999	P	751
1277158496767	1	RECOG_FEEDBACK	1
1277158497559	0	RECOG_PRES	3	CUSTOMER	430	-999	P	2764
1277158500692	0	RECOG_CR_PRES	3	CUSTOMER	430	-999	P	631
1277158501675	1	RECOG_FEEDBACK	0
1277158502458	0	RECOG_PRES	3	PALACE	1006	-999	P	905
1277158503733	0	RECOG_CR_PRES	3	PALACE	1006	-999	P	253
1277158504284	1	RECOG_FEEDBACK	1
1277158505076	0	RECOG_PRES	3	VILLAIN	1567	-999	P	1327
1277158506775	0	RECOG_CR_PRES	3	VILLAIN	1567	-999	P	211
1277158507309	1	RECOG_FEEDBACK	1
1277158508084	0	RECOG_PRES	3	BOXER	160	-999	P	991
1277158509451	0	RECOG_CR_PRES	3	BOXER	160	-999	P	383
1277158510142	1	RECOG_FEEDBACK	1
1277158510866	0	RECOG_PRES	3	CHIPMUNK	304	-999	P	832
1277158512067	0	RECOG_CR_PRES	3	CHIPMUNK	304	-999	P	272
1277158512633	1	RECOG_FEEDBACK	1
1277158513384	0	RECOG_PRES	3	CYLINDER	432	-999	P	923
1277158514683	0	RECOG_CR_PRES	3	CYLINDER	432	-999	P	336
1277158515317	1	RECOG_FEEDBACK	1
1277158516058	0	RECOG_PRES	3	BLACKBERRY	132	-999	P	864
1277158517283	0	RECOG_CR_PRES	3	BLACKBERRY	132	-999	P	279
1277158517857	1	RECOG_FEEDBACK	1
1277158518574	0	RECOG_PRES	3	RODENT	1204	-999	P	1012
1277158519957	0	RECOG_CR_PRES	3	RODENT	1204	-999	P	222
1277158520482	1	RECOG_FEEDBACK	1
1277158521266	0	RECOG_PRES	3	TILE	1468	-999	P	889
1277158522524	0	RECOG_CR_PRES	3	TILE	1468	-999	P	238
1277158523058	1	RECOG_FEEDBACK	1
1277158523849	0	RECOG_PRES	3	NEWSSTAND	949	-999	P	785
1277158524998	0	RECOG_CR_PRES	3	NEWSSTAND	949	-999	P	325
1277158525623	1	RECOG_FEEDBACK	1
1277158526399	0	RECOG_PRES	3	MICROWAVE	892	-999	P	948
1277158527715	0	RECOG_CR_PRES	3	MICROWAVE	892	-999	P	247
1277158528258	1	RECOG_FEEDBACK	1
1277158528981	0	RECOG_PRES	3	TABLET	1427	-999	P	861
1277158530207	0	RECOG_CR_PRES	3	TABLET	1427	-999	P	347
1277158530856	1	RECOG_FEEDBACK	1
1277158531606	0	RECOG_PRES	3	LANDSCAPE	799	-999	P	1116
1277158533090	0	RECOG_CR_PRES	3	LANDSCAPE	799	-999	P	576
1277158533981	1	RECOG_FEEDBACK	1
1277158534764	0	RECOG_PRES	3	ORANGE	980	-999	P	958
1277158536090	0	RECOG_CR_PRES	3	ORANGE	980	-999	P	329
1277158536723	1	RECOG_FEEDBACK	1
1277158537457	0	RECOG_PRES	3	SIDEWALK	1303	-999	P	906
1277158538739	0	RECOG_CR_PRES	3	SIDEWALK	1303	-999	P	496
1277158539531	1	RECOG_FEEDBACK	1
1277158546797	0	REST
1277158547838	1	REC_START
1277158547872	0	RECOG_PRES	4	RUBY	1214	-999	P	874
1277158549114	0	RECOG_CR_PRES	4	RUBY	1214	-999	P	273
1277158549672	1	RECOG_FEEDBACK	1
1277158550381	0	RECOG_PRES	4	ICING	732	-999	P	766
1277158551521	0	RECOG_CR_PRES	4	ICING	732	-999	P	225
1277158552039	1	RECOG_FEEDBACK	1
1277158552821	0	RECOG_PRES	4	TOE	1473	-999	P	1374
1277158554563	0	RECOG_CR_PRES	4	TOE	1473	-999	P	383
1277158555264	1	RECOG_FEEDBACK	1
1277158556005	0	RECOG_PRES	4	MARKET	871	-999	P	1422
1277158557796	0	RECOG_CR_PRES	4	MARKET	871	-999	P	287
1277158558414	1	RECOG_FEEDBACK	0
1277158559139	0	RECOG_PRES	4	ANTEATER	26	-999	P	912
1277158560422	0	RECOG_CR_PRES	4	ANTEATER	26	-999	P	292
1277158561013	1	RECOG_FEEDBACK	1
1277158561746	0	RECOG_PRES	4	TAXI	1438	-999	P	840
1277158562962	0	RECOG_CR_PRES	4	TAXI	1438	-999	P	233
1277158563496	1	RECOG_FEEDBACK	1
1277158564205	0	RECOG_PRES	4	COMET	353	-999	P	765
1277158565338	0	RECOG_CR_PRES	4	COMET	353	-999	P	232
1277158565862	1	RECOG_FEEDBACK	1
1277158566579	0	RECOG_PRES	4	ZIPPER	1636	-999	P	760
1277158567712	0	RECOG_CR_PRES	4	ZIPPER	1636	-999	P	202
1277158568205	1	RECOG_FEEDBACK	1
1277158568970	0	RECOG_PRES	4	DRIVEWAY	500	-999	P	696
1277158570029	0	RECOG_CR_PRES	4	DRIVEWAY	500	-999	P	254
1277158570570	1	RECOG_FEEDBACK	1
1277158571363	0	RECOG_PRES	4	MACHINE	852	-999	P	944
1277158572678	0	RECOG_CR_PRES	4	MACHINE	852	-999	P	212
1277158573196	1	RECOG_FEEDBACK	1
1277158573970	0	RECOG_PRES	4	NAPKIN	937	-999	P	672
1277158575004	0	RECOG_CR_PRES	4	NAPKIN	937	-999	P	287
1277158575578	1	RECOG_FEEDBACK	1
1277158576296	0	RECOG_PRES	4	BOOK	149	-999	P	755
1277158577421	0	RECOG_CR_PRES	4	BOOK	149	-999	P	269
1277158577978	1	RECOG_FEEDBACK	1
1277158578778	0	RECOG_PRES	4	LUMBER	848	-999	P	807
1277158579986	0	RECOG_CR_PRES	4	LUMBER	848	-999	P	273
1277158580561	1	RECOG_FEEDBACK	1
1277158581270	0	RECOG_PRES	4	CORPORATION	382	-999	P	957
1277158582602	0	RECOG_CR_PRES	4	CORPORATION	382	-999	P	240
1277158583145	1	RECOG_FEEDBACK	1
1277158583944	0	RECOG_PRES	4	BROOK	177	-999	P	1042
1277158585362	0	RECOG_CR_PRES	4	BROOK	177	-999	P	216
1277158585886	1	RECOG_FEEDBACK	1
1277158586602	0	RECOG_PRES	4	KEG	770	-999	P	769
1277158587744	0	RECOG_CR_PRES	4	KEG	770	-999	P	339
1277158588378	1	RECOG_FEEDBACK	1
1277158589145	0	RECOG_PRES	4	SUBMARINE	1398	-999	P	769
1277158590278	0	RECOG_CR_PRES	4	SUBMARINE	1398	-999	P	204
1277158590785	1	RECOG_FEEDBACK	1
1277158591502	0	RECOG_PRES	4	VICTIM	1562	-999	P	821
1277158592693	0	RECOG_CR_PRES	4	VICTIM	1562	-999	P	293
1277158593278	1	RECOG_FEEDBACK	1
1277158594086	0	RECOG_PRES	4	CLOSET	326	-999	P	1013
1277158595468	0	RECOG_CR_PRES	4	CLOSET	326	-999	P	310
1277158596102	1	RECOG_FEEDBACK	1
1277158596818	0	RECOG_PRES	4	ROOT	1210	-999	P	1160
1277158598344	0	RECOG_CR_PRES	4	ROOT	1210	-999	P	250
1277158598909	1	RECOG_FEEDBACK	1
1277158608951	0	REST
1277158609897	1	REC_START
1277158609934	0	RECOG_PRES	5	RAILROAD	1162	-999	P	836
1277158611135	0	RECOG_CR_PRES	5	RAILROAD	1162	-999	P	308
1277158611734	1	RECOG_FEEDBACK	1
1277158612509	0	RECOG_PRES	5	JUVENILE	767	-999	P	790
1277158613667	0	RECOG_CR_PRES	5	JUVENILE	767	-999	P	199
1277158614176	1	RECOG_FEEDBACK	1
1277158614900	0	RECOG_PRES	5	PEANUT	1032	-999	P	934
1277158616201	0	RECOG_CR_PRES	5	PEANUT	1032	-999	P	210
1277158616716	1	RECOG_FEEDBACK	1
1277158617517	0	RECOG_PRES	5	COUNTY	389	-999	P	774
1277158618666	0	RECOG_CR_PRES	5	COUNTY	389	-999	P	200
1277158619167	1	RECOG_FEEDBACK	1
1277158619916	0	RECOG_PRES	5	RADISH	1158	-999	P	918
1277158621201	0	RECOG_CR_PRES	5	RADISH	1158	-999	P	210
1277158621699	1	RECOG_FEEDBACK	1
1277158622466	0	RECOG_PRES	5	MONARCH	906	-999	P	834
1277158623699	0	RECOG_CR_PRES	5	MONARCH	906	-999	P	191
1277158624192	1	RECOG_FEEDBACK	1
1277158624933	0	RECOG_PRES	5	BARLEY	88	-999	P	989
1277158626284	0	RECOG_CR_PRES	5	BARLEY	88	-999	P	214
1277158626799	1	RECOG_FEEDBACK	1
1277158627532	0	RECOG_PRES	5	SAILOR	1223	-999	P	735
1277158628641	0	RECOG_CR_PRES	5	SAILOR	1223	-999	P	265
1277158629200	1	RECOG_FEEDBACK	1
1277158629949	0	RECOG_PRES	5	POOL	1103	-999	P	773
1277158631083	0	RECOG_CR_PRES	5	POOL	1103	-999	P	216
1277158631590	1	RECOG_FEEDBACK	1
1277158632358	0	RECOG_PRES	5	PUPPY	1144	-999	P	833
1277158633590	0	RECOG_CR_PRES	5	PUPPY	1144	-999	P	260
1277158634150	1	RECOG_FEEDBACK	1
1277158634890	0	RECOG_PRES	5	SLEEVE	1324	-999	P	784
1277158636041	0	RECOG_CR_PRES	5	SLEEVE	1324	-999	P	258
1277158636590	1	RECOG_FEEDBACK	1
1277158637349	0	RECOG_PRES	5	MINER	896	-999	P	750
1277158638473	0	RECOG_CR_PRES	5	MINER	896	-999	P	225
1277158638990	1	RECOG_FEEDBACK	1
1277158639723	0	RECOG_PRES	5	BLACKBOARD	133	-999	P	775
1277158640873	0	RECOG_CR_PRES	5	BLACKBOARD	133	-999	P	218
1277158641382	1	RECOG_FEEDBACK	1
1277158642141	0	RECOG_PRES	5	SHORTCAKE	1292	-999	P	990
1277158643506	0	RECOG_CR_PRES	5	SHORTCAKE	1292	-999	P	232
1277158644040	1	RECOG_FEEDBACK	1
1277158644789	0	RECOG_PRES	5	CANAL	226	-999	P	749
1277158645914	0	RECOG_CR_PRES	5	CANAL	226	-999	P	265
1277158646457	1	RECOG_FEEDBACK	1
1277158647240	0	RECOG_PRES	5	TOTE	1487	-999	P	1059
1277158648672	0	RECOG_CR_PRES	5	TOTE	1487	-999	P	306
1277158649282	1	RECOG_FEEDBACK	0
1277158650048	0	RECOG_PRES	5	DOLPHIN	483	-999	P	971
1277158651398	0	RECOG_CR_PRES	5	DOLPHIN	483	-999	P	172
1277158651864	1	RECOG_FEEDBACK	1
1277158652622	0	RECOG_PRES	5	NUCLEUS	961	-999	P	884
1277158653880	0	RECOG_CR_PRES	5	NUCLEUS	961	-999	P	219
1277158654390	1	RECOG_FEEDBACK	1
1277158655115	0	RECOG_PRES	5	THESAURUS	1454	-999	P	807
1277158656290	0	RECOG_CR_PRES	5	THESAURUS	1454	-999	P	256
1277158656839	1	RECOG_FEEDBACK	1
1277158657605	0	RECOG_PRES	5	STOCKING	1383	-999	P	989
1277158658963	0	RECOG_CR_PRES	5	STOCKING	1383	-999	P	328
1277158659597	1	RECOG_FEEDBACK	0
1277158661788	0	REST
1277158662876	1	REC_START
1277158662913	0	RECOG_PRES	6	FRANCE	601	-999	P	825
1277158664106	0	RECOG_CR_PRES	6	FRANCE	601	-999	P	225
1277158664630	1	RECOG_FEEDBACK	1
1277158665356	0	RECOG_PRES	6	FELLOW	558	-999	P	711
1277158666439	0	RECOG_CR_PRES	6	FELLOW	558	-999	P	267
1277158666996	1	RECOG_FEEDBACK	1
1277158667729	0	RECOG_PRES	6	EMPLOYEE	531	-999	P	745
1277158668846	0	RECOG_CR_PRES	6	EMPLOYEE	531	-999	P	293
1277158669439	1	RECOG_FEEDBACK	1
1277158670238	0	RECOG_PRES	6	BREAST	171	-999	P	845
1277158671455	0	RECOG_CR_PRES	6	BREAST	171	-999	P	227
1277158671987	1	RECOG_FEEDBACK	1
1277158672787	0	RECOG_PRES	6	STEM	1376	-999	P	656
1277158673812	0	RECOG_CR_PRES	6	STEM	1376	-999	P	271
1277158674372	1	RECOG_FEEDBACK	1
1277158675171	0	RECOG_PRES	6	HALL	677	-999	P	703
1277158676238	0	RECOG_CR_PRES	6	HALL	677	-999	P	197
1277158676720	1	RECOG_FEEDBACK	1
1277158677512	0	RECOG_PRES	6	ARTIST	43	-999	P	803
1277158678687	0	RECOG_CR_PRES	6	ARTIST	43	-999	P	235
1277158679229	1	RECOG_FEEDBACK	1
1277158679978	0	RECOG_PRES	6	SKIN	1318	-999	P	1097
1277158681446	0	RECOG_CR_PRES	6	SKIN	1318	-999	P	212
1277158681962	1	RECOG_FEEDBACK	1
1277158682728	0	RECOG_PRES	6	RACCOON	1153	-999	P	1114
1277158684204	0	RECOG_CR_PRES	6	RACCOON	1153	-999	P	231
1277158684736	1	RECOG_FEEDBACK	1
1277158685461	0	RECOG_PRES	6	COIN	343	-999	P	846
1277158686678	0	RECOG_CR_PRES	6	COIN	343	-999	P	276
1277158687246	1	RECOG_FEEDBACK	1
1277158687995	0	RECOG_PRES	6	PANTHER	1009	-999	P	815
1277158689179	0	RECOG_CR_PRES	6	PANTHER	1009	-999	P	279
1277158689753	1	RECOG_FEEDBACK	1
1277158690486	0	RECOG_PRES	6	MOAT	903	-999	P	1084
1277158691944	0	RECOG_CR_PRES	6	MOAT	903	-999	P	267
1277158692519	1	RECOG_FEEDBACK	1
1277158693303	0	RECOG_PRES	6	SCARECROW	1245	-999	P	876
1277158694552	0	RECOG_CR_PRES	6	SCARECROW	1245	-999	P	282
1277158695128	1	RECOG_FEEDBACK	1
1277158695911	0	RECOG_PRES	6	SILK	1307	-999	P	867
1277158697145	0	RECOG_CR_PRES	6	SILK	1307	-999	P	274
1277158697727	1	RECOG_FEEDBACK	1
1277158698436	0	RECOG_PRES	6	DIGGER	464	-999	P	1591
1277158700403	0	RECOG_CR_PRES	6	DIGGER	464	-999	P	279
1277158700994	1	RECOG_FEEDBACK	1
1277158701810	0	RECOG_PRES	6	QUAIL	1147	-999	P	968
1277158703144	0	RECOG_CR_PRES	6	QUAIL	1147	-999	P	275
1277158703727	1	RECOG_FEEDBACK	1
1277158704477	0	RECOG_PRES	6	SCREEN	1253	-999	P	806
1277158705651	0	RECOG_CR_PRES	6	SCREEN	1253	-999	P	424
1277158706361	1	RECOG_FEEDBACK	1
1277158707119	0	RECOG_PRES	6	CHAIR	274	-999	P	848
1277158708369	0	RECOG_CR_PRES	6	CHAIR	274	-999	P	297
1277158708968	1	RECOG_FEEDBACK	1
1277158709735	0	RECOG_PRES	6	SARDINE	1235	-999	P	819
1277158710926	0	RECOG_CR_PRES	6	SARDINE	1235	-999	P	269
1277158711493	1	RECOG_FEEDBACK	1
1277158712227	0	RECOG_PRES	6	CAVE	263	-999	P	866
1277158713493	0	RECOG_CR_PRES	6	CAVE	263	-999	P	269
1277158714060	1	RECOG_FEEDBACK	1
1277158726168	0	REST
1277158727193	1	REC_START
1277158727226	0	RECOG_PRES	7	SHOE	1288	-999	P	1232
1277158728833	0	RECOG_CR_PRES	7	SHOE	1288	-999	P	346
1277158729491	1	RECOG_FEEDBACK	0
1277158730234	0	RECOG_PRES	7	BRICK	172	-999	P	833
1277158731442	0	RECOG_CR_PRES	7	BRICK	172	-999	P	287
1277158732017	1	RECOG_FEEDBACK	1
1277158732758	0	RECOG_PRES	7	ANTELOPE	27	-999	P	700
1277158733833	0	RECOG_CR_PRES	7	ANTELOPE	27	-999	P	266
1277158734384	1	RECOG_FEEDBACK	1
1277158735125	0	RECOG_PRES	7	PIN	1072	-999	P	845
1277158736334	0	RECOG_CR_PRES	7	PIN	1072	-999	P	268
1277158736899	1	RECOG_FEEDBACK	1
1277158737607	0	RECOG_PRES	7	SHED	1277	-999	P	2396
1277158740375	0	RECOG_CR_PRES	7	SHED	1277	-999	P	443
1277158741158	1	RECOG_FEEDBACK	0
1277158741924	0	RECOG_PRES	7	CLOTHES	327	-999	P	822
1277158743108	0	RECOG_CR_PRES	7	CLOTHES	327	-999	P	279
1277158743674	1	RECOG_FEEDBACK	1
1277158744400	0	RECOG_PRES	7	PARTY	1018	-999	P	739
1277158745507	0	RECOG_CR_PRES	7	PARTY	1018	-999	P	319
1277158746108	1	RECOG_FEEDBACK	1
1277158746907	0	RECOG_PRES	7	CONTRACT	368	-999	P	807
1277158748108	0	RECOG_CR_PRES	7	CONTRACT	368	-999	P	303
1277158748698	1	RECOG_FEEDBACK	1
1277158749457	0	RECOG_PRES	7	PRODUCER	1129	-999	P	690
1277158750515	0	RECOG_CR_PRES	7	PRODUCER	1129	-999	P	231
1277158751024	1	RECOG_FEEDBACK	1
1277158751781	0	RECOG_PRES	7	RADIATOR	1156	-999	P	741
1277158752898	0	RECOG_CR_PRES	7	RADIATOR	1156	-999	P	241
1277158753441	1	RECOG_FEEDBACK	1
1277158754224	0	RECOG_PRES	7	BOULEVARD	156	-999	P	762
1277158755349	0	RECOG_CR_PRES	7	BOULEVARD	156	-999	P	261
1277158755898	1	RECOG_FEEDBACK	1
1277158756681	0	RECOG_PRES	7	DRAGON	492	-999	P	825
1277158757906	0	RECOG_CR_PRES	7	DRAGON	492	-999	P	265
1277158758464	1	RECOG_FEEDBACK	1
1277158759174	0	RECOG_PRES	7	SKETCH	1315	-999	P	740
1277158760282	0	RECOG_CR_PRES	7	SKETCH	1315	-999	P	224
1277158760797	1	RECOG_FEEDBACK	1
1277158761589	0	RECOG_PRES	7	NOTE	958	-999	P	846
1277158762806	0	RECOG_CR_PRES	7	NOTE	958	-999	P	245
1277158763348	1	RECOG_FEEDBACK	1
1277158764156	0	RECOG_PRES	7	POT	1114	-999	P	1318
1277158765847	0	RECOG_CR_PRES	7	POT	1114	-999	P	260
1277158766415	1	RECOG_FEEDBACK	1
1277158767190	0	RECOG_PRES	7	HOUSE	725	-999	P	1181
1277158768747	0	RECOG_CR_PRES	7	HOUSE	725	-999	P	183
1277158769239	1	RECOG_FEEDBACK	1
1277158769963	0	RECOG_PRES	7	CONTRACTOR	369	-999	P	919
1277158771248	0	RECOG_CR_PRES	7	CONTRACTOR	369	-999	P	306
1277158771847	1	RECOG_FEEDBACK	1
1277158772596	0	RECOG_PRES	7	PELT	1040	-999	P	926
1277158773896	0	RECOG_CR_PRES	7	PELT	1040	-999	P	251
1277158774447	1	RECOG_FEEDBACK	1
1277158775231	0	RECOG_PRES	7	QUEEN	1149	-999	P	723
1277158776322	0	RECOG_CR_PRES	7	QUEEN	1149	-999	P	296
1277158776905	1	RECOG_FEEDBACK	1
1277158777638	0	RECOG_PRES	7	PIMPLE	1071	-999	P	805
1277158778813	0	RECOG_CR_PRES	7	PIMPLE	1071	-999	P	214
1277158779314	1	RECOG_FEEDBACK	1
1277158788113	0	REST
1277158789114	1	REC_START
1277158789146	0	RECOG_PRES	8	RAFT	1159	-999	P	848
1277158790371	0	RECOG_CR_PRES	8	RAFT	1159	-999	P	303
1277158790970	1	RECOG_FEEDBACK	1
1277158791762	0	RECOG_PRES	8	HATCHET	691	-999	P	696
1277158792828	0	RECOG_CR_PRES	8	HATCHET	691	-999	P	287
1277158793404	1	RECOG_FEEDBACK	1
1277158794171	0	RECOG_PRES	8	LAMB	797	-999	P	663
1277158795196	0	RECOG_CR_PRES	8	LAMB	797	-999	P	278
1277158795770	1	RECOG_FEEDBACK	1
1277158796536	0	RECOG_PRES	8	WARRIOR	1589	-999	P	683
1277158797595	0	RECOG_CR_PRES	8	WARRIOR	1589	-999	P	215
1277158798104	1	RECOG_FEEDBACK	1
1277158798886	0	RECOG_PRES	8	PICNIC	1060	-999	P	612
1277158799869	0	RECOG_CR_PRES	8	PICNIC	1060	-999	P	390
1277158800536	1	RECOG_FEEDBACK	1
1277158801254	0	RECOG_PRES	8	PORTRAIT	1111	-999	P	716
1277158802337	0	RECOG_CR_PRES	8	PORTRAIT	1111	-999	P	449
1277158803079	1	RECOG_FEEDBACK	1
1277158803802	0	RECOG_PRES	8	FACE	547	-999	P	688
1277158804852	0	RECOG_CR_PRES	8	FACE	547	-999	P	231
1277158805370	1	RECOG_FEEDBACK	1
1277158806103	0	RECOG_PRES	8	SPATULA	1348	-999	P	803
1277158807270	0	RECOG_CR_PRES	8	SPATULA	1348	-999	P	236
1277158807811	1	RECOG_FEEDBACK	1
1277158808527	0	RECOG_PRES	8	CRUMB	416	-999	P	628
1277158809527	0	RECOG_CR_PRES	8	CRUMB	416	-999	P	243
1277158810053	1	RECOG_FEEDBACK	1
1277158810835	0	RECOG_PRES	8	CRIB	407	-999	P	783
1277158811994	0	RECOG_CR_PRES	8	CRIB	407	-999	P	576
1277158812877	1	RECOG_FEEDBACK	0
1277158813593	0	RECOG_PRES	8	FARMER	553	-999	P	850
1277158814818	0	RECOG_CR_PRES	8	FARMER	553	-999	P	1473
1277158816602	1	RECOG_FEEDBACK	0
1277158817402	0	RECOG_PRES	8	HERB	704	-999	P	921
1277158818693	0	RECOG_CR_PRES	8	HERB	704	-999	P	229
1277158819219	1	RECOG_FEEDBACK	1
1277158819968	0	RECOG_PRES	8	LIST	830	-999	P	1339
1277158821676	0	RECOG_CR_PRES	8	LIST	830	-999	P	238
1277158822227	1	RECOG_FEEDBACK	1
1277158822984	0	RECOG_PRES	8	PAIL	1002	-999	P	730
1277158824077	0	RECOG_CR_PRES	8	PAIL	1002	-999	P	310
1277158824684	1	RECOG_FEEDBACK	1
1277158825435	0	RECOG_PRES	8	CITIZEN	312	-999	P	920
1277158826726	0	RECOG_CR_PRES	8	CITIZEN	312	-999	P	196
1277158827260	1	RECOG_FEEDBACK	1
1277158828068	0	RECOG_PRES	8	BRAKE	166	-999	P	846
1277158829277	0	RECOG_CR_PRES	8	BRAKE	166	-999	P	349
1277158829934	1	RECOG_FEEDBACK	1
1277158830700	0	RECOG_PRES	8	LEAF	808	-999	P	743
1277158831817	0	RECOG_CR_PRES	8	LEAF	808	-999	P	314
1277158832426	1	RECOG_FEEDBACK	1
1277158833160	0	RECOG_PRES	8	MOSQUITO	917	-999	P	866
1277158834426	0	RECOG_CR_PRES	8	MOSQUITO	917	-999	P	200
1277158834933	1	RECOG_FEEDBACK	1
1277158835700	0	RECOG_PRES	8	COW	393	-999	P	774
1277158836850	0	RECOG_CR_PRES	8	COW	393	-999	P	217
1277158837368	1	RECOG_FEEDBACK	1
1277158838159	0	RECOG_PRES	8	LENS	811	-999	P	884
1277158839418	0	RECOG_CR_PRES	8	LENS	811	-999	P	224
1277158839950	1	RECOG_FEEDBACK	1
1277158848359	0	REST
1277158849543	1	REC_START
1277158849574	0	RECOG_PRES	9	CAPE	237	-999	P	1076
1277158851017	0	RECOG_CR_PRES	9	CAPE	237	-999	P	250
1277158851574	1	RECOG_FEEDBACK	1
1277158852367	0	RECOG_PRES	9	STAPLE	1371	-999	P	764
1277158853499	0	RECOG_CR_PRES	9	STAPLE	1371	-999	P	255
1277158854058	1	RECOG_FEEDBACK	1
1277158854799	0	RECOG_PRES	9	PADDLE	1000	-999	P	923
1277158856091	0	RECOG_CR_PRES	9	PADDLE	1000	-999	P	352
1277158856774	1	RECOG_FEEDBACK	0
1277158857540	0	RECOG_PRES	9	KID	775	-999	P	1879
1277158859790	0	RECOG_CR_PRES	9	KID	775	-999	P	325
1277158860582	1	RECOG_FEEDBACK	1
1277158861341	0	RECOG_PRES	9	PAVEMENT	1028	-999	P	842
1277158862581	0	RECOG_CR_PRES	9	PAVEMENT	1028	-999	P	405
1277158863282	1	RECOG_FEEDBACK	1
1277158864049	0	RECOG_PRES	9	HUT	729	-999	P	994
1277158865416	0	RECOG_CR_PRES	9	HUT	729	-999	P	178
1277158865898	1	RECOG_FEEDBACK	1
1277158866673	0	RECOG_PRES	9	BUSH	202	-999	P	1169
1277158868207	0	RECOG_CR_PRES	9	BUSH	202	-999	P	924
1277158869473	1	RECOG_FEEDBACK	0
1277158870215	0	RECOG_PRES	9	CLIPPERS	324	-999	P	1283
1277158871872	0	RECOG_CR_PRES	9	CLIPPERS	324	-999	P	698
1277158872906	1	RECOG_FEEDBACK	1
1277158873622	0	RECOG_PRES	9	PRIMATE	1123	-999	P	813
1277158874805	0	RECOG_CR_PRES	9	PRIMATE	1123	-999	P	302
1277158875406	1	RECOG_FEEDBACK	1
1277158876181	0	RECOG_PRES	9	KNEE	784	-999	P	1134
1277158877689	0	RECOG_CR_PRES	9	KNEE	784	-999	P	402
1277158878406	1	RECOG_FEEDBACK	1
1277158879114	0	RECOG_PRES	9	LAVA	804	-999	P	840
1277158880323	0	RECOG_CR_PRES	9	LAVA	804	-999	P	287
1277158880905	1	RECOG_FEEDBACK	1
1277158881663	0	RECOG_PRES	9	SKULL	1320	-999	P	676
1277158882713	0	RECOG_CR_PRES	9	SKULL	1320	-999	P	273
1277158883264	1	RECOG_FEEDBACK	1
1277158884064	0	RECOG_PRES	9	DOLLAR	482	-999	P	738
1277158885164	0	RECOG_CR_PRES	9	DOLLAR	482	-999	P	310
1277158885771	1	RECOG_FEEDBACK	1
1277158886571	0	RECOG_PRES	9	FLEET	578	-999	P	696
1277158887638	0	RECOG_CR_PRES	9	FLEET	578	-999	P	276
1277158888206	1	RECOG_FEEDBACK	1
1277158888954	0	RECOG_PRES	9	RIFLE	1192	-999	P	1081
1277158890414	0	RECOG_CR_PRES	9	RIFLE	1192	-999	P	348
1277158891080	1	RECOG_FEEDBACK	1
1277158891813	0	RECOG_PRES	9	OZONE	996	-999	P	861
1277158893038	0	RECOG_CR_PRES	9	OZONE	996	-999	P	405
1277158893746	1	RECOG_FEEDBACK	1
1277158894504	0	RECOG_PRES	9	EDITOR	516	-999	P	803
1277158895679	0	RECOG_CR_PRES	9	EDITOR	516	-999	P	324
1277158896305	1	RECOG_FEEDBACK	1
1277158897071	0	RECOG_PRES	9	MATTRESS	879	-999	P	923
1277158898371	0	RECOG_CR_PRES	9	MATTRESS	879	-999	P	383
1277158899063	1	RECOG_FEEDBACK	1
1277158899779	0	RECOG_PRES	9	TAVERN	1437	-999	P	823
1277158900979	0	RECOG_CR_PRES	9	TAVERN	1437	-999	P	256
1277158901528	1	RECOG_FEEDBACK	1
1277158902296	0	RECOG_PRES	9	WARDROBE	1587	-999	P	1131
1277158903795	0	RECOG_CR_PRES	9	WARDROBE	1587	-999	P	264
1277158904363	1	RECOG_FEEDBACK	1
1277158926369	0	REST
1277158927492	1	REC_START
1277158927527	0	RECOG_PRES	10	YACHT	1629	-999	P	964
1277158928893	0	RECOG_CR_PRES	10	YACHT	1629	-999	P	326
1277158929526	1	RECOG_FEEDBACK	1
1277158930261	0	RECOG_PRES	10	CHAMPAGNE	278	-999	P	806
1277158931436	0	RECOG_CR_PRES	10	CHAMPAGNE	278	-999	P	222
1277158931968	1	RECOG_FEEDBACK	1
1277158932734	0	RECOG_PRES	10	FLASK	576	-999	P	677
1277158933784	0	RECOG_CR_PRES	10	FLASK	576	-999	P	259
1277158934335	1	RECOG_FEEDBACK	1
1277158935135	0	RECOG_PRES	10	POLE	1097	-999	P	651
1277158936152	0	RECOG_CR_PRES	10	POLE	1097	-999	P	243
1277158936692	1	RECOG_FEEDBACK	1
1277158937402	0	RECOG_PRES	10	BEAKER	104	-999	P	753
1277158938526	0	RECOG_CR_PRES	10	BEAKER	104	-999	P	268
1277158939085	1	RECOG_FEEDBACK	1
1277158939801	0	RECOG_PRES	10	HEEL	700	-999	P	681
1277158940859	0	RECOG_CR_PRES	10	HEEL	700	-999	P	352
1277158941500	1	RECOG_FEEDBACK	1
1277158942218	0	RECOG_PRES	10	PISTOL	1075	-999	P	720
1277158943301	0	RECOG_CR_PRES	10	PISTOL	1075	-999	P	293
1277158943884	1	RECOG_FEEDBACK	1
1277158944600	0	RECOG_PRES	10	KNOB	787	-999	P	1226
1277158946193	0	RECOG_CR_PRES	10	KNOB	787	-999	P	305
1277158946808	1	RECOG_FEEDBACK	1
1277158947525	0	RECOG_PRES	10	FIELD	562	-999	P	854
1277158948750	0	RECOG_CR_PRES	10	FIELD	562	-999	P	253
1277158949301	1	RECOG_FEEDBACK	1
1277158950051	0	RECOG_PRES	10	SWAN	1417	-999	P	695
1277158951109	0	RECOG_CR_PRES	10	SWAN	1417	-999	P	270
1277158951666	1	RECOG_FEEDBACK	1
1277158952392	0	RECOG_PRES	10	KNIGHT	786	-999	P	1130
1277158953891	0	RECOG_CR_PRES	10	KNIGHT	786	-999	P	520
1277158954725	1	RECOG_FEEDBACK	1
1277158955483	0	RECOG_PRES	10	REFEREE	1178	-999	P	784
1277158956641	0	RECOG_CR_PRES	10	REFEREE	1178	-999	P	273
1277158957209	1	RECOG_FEEDBACK	1
1277158958009	0	RECOG_PRES	10	TRAY	1498	-999	P	1122
1277158959499	0	RECOG_CR_PRES	10	TRAY	1498	-999	P	279
1277158960100	1	RECOG_FEEDBACK	1
1277158960874	0	RECOG_PRES	10	COOK	372	-999	P	1072
1277158962308	0	RECOG_CR_PRES	10	COOK	372	-999	P	318
1277158962941	1	RECOG_FEEDBACK	1
1277158963682	0	RECOG_PRES	10	TURKEY	1520	-999	P	952
1277158965008	0	RECOG_CR_PRES	10	TURKEY	1520	-999	P	371
1277158965682	1	RECOG_FEEDBACK	1
1277158966391	0	RECOG_PRES	10	INDIAN	736	-999	P	812
1277158967574	0	RECOG_CR_PRES	10	INDIAN	736	-999	P	268
1277158968141	1	RECOG_FEEDBACK	1
1277158968923	0	RECOG_PRES	10	LINT	826	-999	P	887
1277158970174	0	RECOG_CR_PRES	10	LINT	826	-999	P	269
1277158970748	1	RECOG_FEEDBACK	1
1277158971557	0	RECOG_PRES	10	BEEF	113	-999	P	4654
1277158976581	0	RECOG_CR_PRES	10	BEEF	113	-999	P	941
1277158977973	1	RECOG_FEEDBACK	1
1277158978781	0	RECOG_PRES	10	SPINACH	1352	-999	P	2278
1277158981424	0	RECOG_CR_PRES	10	SPINACH	1352	-999	P	346
1277158982115	1	RECOG_FEEDBACK	1
1277158982906	0	RECOG_PRES	10	DAGGER	434	-999	P	848
1277158984123	0	RECOG_CR_PRES	10	DAGGER	434	-999	P	248
1277158984664	1	RECOG_FEEDBACK	1
1277158993463	0	REST
1277158994420	1	REC_START
1277158994463	0	RECOG_PRES	11	SHOWER	1296	-999	P	1628
1277158996463	0	RECOG_CR_PRES	11	SHOWER	1296	-999	P	363
1277158997156	1	RECOG_FEEDBACK	0
1277158997880	0	RECOG_PRES	11	SAPPHIRE	1234	-999	P	1251
1277158999504	0	RECOG_CR_PRES	11	SAPPHIRE	1234	-999	P	298
1277159000122	1	RECOG_FEEDBACK	1
1277159000896	0	RECOG_PRES	11	GRADUATE	653	-999	P	841
1277159002130	0	RECOG_CR_PRES	11	GRADUATE	653	-999	P	344
1277159002771	1	RECOG_FEEDBACK	1
1277159003562	0	RECOG_PRES	11	DINOSAUR	469	-999	P	785
1277159004721	0	RECOG_CR_PRES	11	DINOSAUR	469	-999	P	330
1277159005347	1	RECOG_FEEDBACK	1
1277159006138	0	RECOG_PRES	11	PUMP	1141	-999	P	792
1277159007297	0	RECOG_CR_PRES	11	PUMP	1141	-999	P	321
1277159007920	1	RECOG_FEEDBACK	1
1277159008645	0	RECOG_PRES	11	SPIDER	1351	-999	P	1029
1277159010038	0	RECOG_CR_PRES	11	SPIDER	1351	-999	P	261
1277159010620	1	RECOG_FEEDBACK	1
1277159011380	0	RECOG_PRES	11	ACID	2	-999	P	743
1277159012495	0	RECOG_CR_PRES	11	ACID	2	-999	P	275
1277159013063	1	RECOG_FEEDBACK	1
1277159013778	0	RECOG_PRES	11	ALMANAC	17	-999	P	784
1277159014937	0	RECOG_CR_PRES	11	ALMANAC	17	-999	P	226
1277159015454	1	RECOG_FEEDBACK	1
1277159016187	0	RECOG_PRES	11	CEREAL	272	-999	P	687
1277159017237	0	RECOG_CR_PRES	11	CEREAL	272	-999	P	198
1277159017720	1	RECOG_FEEDBACK	1
1277159018511	0	RECOG_PRES	11	SIGN	1305	-999	P	1003
1277159019886	0	RECOG_CR_PRES	11	SIGN	1305	-999	P	221
1277159020421	1	RECOG_FEEDBACK	1
1277159021145	0	RECOG_PRES	11	BIBLE	124	-999	P	785
1277159022295	0	RECOG_CR_PRES	11	BIBLE	124	-999	P	267
1277159022861	1	RECOG_FEEDBACK	1
1277159023578	0	RECOG_PRES	11	TOAD	1470	-999	P	801
1277159024753	0	RECOG_CR_PRES	11	TOAD	1470	-999	P	193
1277159025245	1	RECOG_FEEDBACK	1
1277159025977	0	RECOG_PRES	11	TUB	1514	-999	P	769
1277159027112	0	RECOG_CR_PRES	11	TUB	1514	-999	P	211
1277159027619	1	RECOG_FEEDBACK	1
1277159028420	0	RECOG_PRES	11	SCOUT	1252	-999	P	671
1277159029461	0	RECOG_CR_PRES	11	SCOUT	1252	-999	P	237
1277159029994	1	RECOG_FEEDBACK	1
1277159030744	0	RECOG_PRES	11	MOOSE	915	-999	P	938
1277159032045	0	RECOG_CR_PRES	11	MOOSE	915	-999	P	198
1277159032544	1	RECOG_FEEDBACK	1
1277159033253	0	RECOG_PRES	11	RECEIPT	1173	-999	P	822
1277159034445	0	RECOG_CR_PRES	11	RECEIPT	1173	-999	P	277
1277159035028	1	RECOG_FEEDBACK	1
1277159035768	0	RECOG_PRES	11	TRIANGLE	1504	-999	P	1323
1277159037460	0	RECOG_CR_PRES	11	TRIANGLE	1504	-999	P	270
1277159038044	1	RECOG_FEEDBACK	1
1277159038793	0	RECOG_PRES	11	OFFICE	972	-999	P	745
1277159039901	0	RECOG_CR_PRES	11	OFFICE	972	-999	P	286
1277159040476	1	RECOG_FEEDBACK	1
1277159041236	0	RECOG_PRES	11	CONDUCTOR	362	-999	P	775
1277159042386	0	RECOG_CR_PRES	11	CONDUCTOR	362	-999	P	304
1277159042985	1	RECOG_FEEDBACK	1
1277159043776	0	RECOG_PRES	11	LOCK	838	-999	P	1034
1277159045177	0	RECOG_CR_PRES	11	LOCK	838	-999	P	234
1277159045718	1	RECOG_FEEDBACK	1
1277159057093	0	REST
1277159058211	1	REC_START
1277159058251	0	RECOG_PRES	12	COMPANION	357	-999	P	856
1277159059475	0	RECOG_CR_PRES	12	COMPANION	357	-999	P	375
1277159060151	1	RECOG_FEEDBACK	1
1277159060917	0	RECOG_PRES	12	WEED	1599	-999	P	765
1277159062051	0	RECOG_CR_PRES	12	WEED	1599	-999	P	272
1277159062616	1	RECOG_FEEDBACK	1
1277159063334	0	RECOG_PRES	12	BADGE	68	-999	P	1220
1277159064925	0	RECOG_CR_PRES	12	BADGE	68	-999	P	286
1277159065533	1	RECOG_FEEDBACK	1
1277159066300	0	RECOG_PRES	12	TREAD	1499	-999	P	1055
1277159067724	0	RECOG_CR_PRES	12	TREAD	1499	-999	P	230
1277159068259	1	RECOG_FEEDBACK	1
1277159069059	0	RECOG_PRES	12	TULIP	1517	-999	P	839
1277159070267	0	RECOG_CR_PRES	12	TULIP	1517	-999	P	303
1277159070874	1	RECOG_FEEDBACK	1
1277159071591	0	RECOG_PRES	12	ARTERY	41	-999	P	891
1277159072882	0	RECOG_CR_PRES	12	ARTERY	41	-999	P	201
1277159073392	1	RECOG_FEEDBACK	1
1277159074125	0	RECOG_PRES	12	GALLON	618	-999	P	805
1277159075291	0	RECOG_CR_PRES	12	GALLON	618	-999	P	343
1277159075924	1	RECOG_FEEDBACK	1
1277159076715	0	RECOG_PRES	12	PIER	1063	-999	P	1312
1277159078400	0	RECOG_CR_PRES	12	PIER	1063	-999	P	378
1277159079099	1	RECOG_FEEDBACK	1
1277159079840	0	RECOG_PRES	12	CROOK	412	-999	P	1259
1277159081473	0	RECOG_CR_PRES	12	CROOK	412	-999	P	377
1277159082174	1	RECOG_FEEDBACK	1
1277159082923	0	RECOG_PRES	12	KEYBOARD	774	-999	P	807
1277159084099	0	RECOG_CR_PRES	12	KEYBOARD	774	-999	P	240
1277159084640	1	RECOG_FEEDBACK	1
1277159085407	0	RECOG_PRES	12	QUILL	1150	-999	P	1227
1277159087007	0	RECOG_CR_PRES	12	QUILL	1150	-999	P	308
1277159087648	1	RECOG_FEEDBACK	1
1277159088449	0	RECOG_PRES	12	TOASTER	1472	-999	P	786
1277159089606	0	RECOG_CR_PRES	12	TOASTER	1472	-999	P	276
1277159090182	1	RECOG_FEEDBACK	1
1277159090981	0	RECOG_PRES	12	CHEDDAR	286	-999	P	925
1277159092273	0	RECOG_CR_PRES	12	CHEDDAR	286	-999	P	249
1277159092822	1	RECOG_FEEDBACK	1
1277159093531	0	RECOG_PRES	12	GYM	674	-999	P	951
1277159094856	0	RECOG_CR_PRES	12	GYM	674	-999	P	227
1277159095382	1	RECOG_FEEDBACK	1
1277159096165	0	RECOG_PRES	12	PIPE	1073	-999	P	823
1277159097381	0	RECOG_CR_PRES	12	PIPE	1073	-999	P	261
1277159097947	1	RECOG_FEEDBACK	1
1277159098730	0	RECOG_PRES	12	TECHNICIAN	1443	-999	P	1032
1277159100131	0	RECOG_CR_PRES	12	TECHNICIAN	1443	-999	P	224
1277159100688	1	RECOG_FEEDBACK	1
1277159101472	0	RECOG_PRES	12	BOSS	152	-999	P	1282
1277159103123	0	RECOG_CR_PRES	12	BOSS	152	-999	P	823
1277159104289	1	RECOG_FEEDBACK	0
1277159105023	0	RECOG_PRES	12	CAR	241	-999	P	819
1277159106206	0	RECOG_CR_PRES	12	CAR	241	-999	P	292
1277159106796	1	RECOG_FEEDBACK	1
1277159107588	0	RECOG_PRES	12	HIGHWAY	707	-999	P	1030
1277159108988	0	RECOG_CR_PRES	12	HIGHWAY	707	-999	P	191
1277159109496	1	RECOG_FEEDBACK	1
1277159110280	0	RECOG_PRES	12	PASSENGER	1020	-999	P	1075
1277159111729	0	RECOG_CR_PRES	12	PASSENGER	1020	-999	P	209
1277159112247	1	RECOG_FEEDBACK	0
1277159122579	0	REST
1277159123631	1	REC_START
1277159123662	0	RECOG_PRES	13	GHOST	634	-999	P	956
1277159124978	0	RECOG_CR_PRES	13	GHOST	634	-999	P	313
1277159125587	1	RECOG_FEEDBACK	1
1277159126371	0	RECOG_PRES	13	LEMON	810	-999	P	752
1277159127495	0	RECOG_CR_PRES	13	LEMON	810	-999	P	299
1277159128104	1	RECOG_FEEDBACK	1
1277159128911	0	RECOG_PRES	13	CARDINAL	244	-999	P	835
1277159130112	0	RECOG_CR_PRES	13	CARDINAL	244	-999	P	354
1277159130761	1	RECOG_FEEDBACK	1
1277159131470	0	RECOG_PRES	13	FLAG	573	-999	P	845
1277159132686	0	RECOG_CR_PRES	13	FLAG	573	-999	P	341
1277159133329	1	RECOG_FEEDBACK	1
1277159134120	0	RECOG_PRES	13	BENCH	121	-999	P	738
1277159135220	0	RECOG_CR_PRES	13	BENCH	121	-999	P	246
1277159135761	1	RECOG_FEEDBACK	1
1277159136561	0	RECOG_PRES	13	PERISCOPE	1050	-999	P	738
1277159137669	0	RECOG_CR_PRES	13	PERISCOPE	1050	-999	P	293
1277159138278	1	RECOG_FEEDBACK	1
1277159139028	0	RECOG_PRES	13	CACTUS	215	-999	P	686
1277159140078	0	RECOG_CR_PRES	13	CACTUS	215	-999	P	285
1277159140660	1	RECOG_FEEDBACK	1
1277159141395	0	RECOG_PRES	13	MEDICINE	886	-999	P	904
1277159142669	0	RECOG_CR_PRES	13	MEDICINE	886	-999	P	261
1277159143236	1	RECOG_FEEDBACK	1
1277159144011	0	RECOG_PRES	13	TEA	1439	-999	P	831
1277159145211	0	RECOG_CR_PRES	13	TEA	1439	-999	P	327
1277159145843	1	RECOG_FEEDBACK	1
1277159146635	0	RECOG_PRES	13	ATTIRE	57	-999	P	768
1277159147777	0	RECOG_CR_PRES	13	ATTIRE	57	-999	P	330
1277159148411	1	RECOG_FEEDBACK	1
1277159149194	0	RECOG_PRES	13	STOVE	1388	-999	P	712
1277159150277	0	RECOG_CR_PRES	13	STOVE	1388	-999	P	325
1277159150901	1	RECOG_FEEDBACK	1
1277159151635	0	RECOG_PRES	13	WINGS	1614	-999	P	1816
1277159153826	0	RECOG_CR_PRES	13	WINGS	1614	-999	P	425
1277159154593	1	RECOG_FEEDBACK	1
1277159155335	0	RECOG_PRES	13	TANGERINE	1431	-999	P	780
1277159156484	0	RECOG_CR_PRES	13	TANGERINE	1431	-999	P	302
1277159157085	1	RECOG_FEEDBACK	1
1277159157851	0	RECOG_PRES	13	HAND	683	-999	P	919
1277159159135	0	RECOG_CR_PRES	13	HAND	683	-999	P	347
1277159159792	1	RECOG_FEEDBACK	1
1277159160592	0	RECOG_PRES	13	PLUMBER	1091	-999	P	1114
1277159162068	0	RECOG_CR_PRES	13	PLUMBER	1091	-999	P	359
1277159162759	1	RECOG_FEEDBACK	1
1277159163517	0	RECOG_PRES	13	RAIL	1161	-999	P	886
1277159164775	0	RECOG_CR_PRES	13	RAIL	1161	-999	P	228
1277159165301	1	RECOG_FEEDBACK	1
1277159166076	0	RECOG_PRES	13	TAIL	1430	-999	P	806
1277159167251	0	RECOG_CR_PRES	13	TAIL	1430	-999	P	207
1277159167767	1	RECOG_FEEDBACK	1
1277159168525	0	RECOG_PRES	13	SUNSET	1408	-999	P	926
1277159169825	0	RECOG_CR_PRES	13	SUNSET	1408	-999	P	282
1277159170401	1	RECOG_FEEDBACK	1
1277159171184	0	RECOG_PRES	13	LIZARD	834	-999	P	859
1277159172417	0	RECOG_CR_PRES	13	LIZARD	834	-999	P	257
1277159172975	1	RECOG_FEEDBACK	1
1277159173700	0	RECOG_PRES	13	DRIVER	499	-999	P	2278
1277159176342	0	RECOG_CR_PRES	13	DRIVER	499	-999	P	733
1277159177434	1	RECOG_FEEDBACK	0
1277159186674	0	REST
1277159187587	1	REC_START
1277159187624	0	RECOG_PRES	14	HEDGE	699	-999	P	842
1277159188840	0	RECOG_CR_PRES	14	HEDGE	699	-999	P	347
1277159189482	1	RECOG_FEEDBACK	1
1277159190233	0	RECOG_PRES	14	WAVE	1596	-999	P	729
1277159191324	0	RECOG_CR_PRES	14	WAVE	1596	-999	P	342
1277159191965	1	RECOG_FEEDBACK	1
1277159192757	0	RECOG_PRES	14	TOOTH	1481	-999	P	749
1277159193882	0	RECOG_CR_PRES	14	TOOTH	1481	-999	P	225
1277159194416	1	RECOG_FEEDBACK	1
1277159195199	0	RECOG_PRES	14	KITCHEN	778	-999	P	683
1277159196249	0	RECOG_CR_PRES	14	KITCHEN	778	-999	P	321
1277159196873	1	RECOG_FEEDBACK	1
1277159197590	0	RECOG_PRES	14	DAUGHTER	442	-999	P	717
1277159198681	0	RECOG_CR_PRES	14	DAUGHTER	442	-999	P	265
1277159199249	1	RECOG_FEEDBACK	1
1277159200024	0	RECOG_PRES	14	FIREPLACE	570	-999	P	914
1277159201307	0	RECOG_CR_PRES	14	FIREPLACE	570	-999	P	263
1277159201873	1	RECOG_FEEDBACK	1
1277159202623	0	RECOG_PRES	14	WHEAT	1602	-999	P	820
1277159203814	0	RECOG_CR_PRES	14	WHEAT	1602	-999	P	261
1277159204373	1	RECOG_FEEDBACK	1
1277159205115	0	RECOG_PRES	14	HOOK	715	-999	P	735
1277159206215	0	RECOG_CR_PRES	14	HOOK	715	-999	P	259
1277159206764	1	RECOG_FEEDBACK	1
1277159207555	0	RECOG_PRES	14	SUBWAY	1400	-999	P	720
1277159208647	0	RECOG_CR_PRES	14	SUBWAY	1400	-999	P	364
1277159209298	1	RECOG_FEEDBACK	1
1277159210098	0	RECOG_PRES	14	HAMMOCK	681	-999	P	872
1277159211340	0	RECOG_CR_PRES	14	HAMMOCK	681	-999	P	230
1277159211872	1	RECOG_FEEDBACK	1
1277159212647	0	RECOG_PRES	14	NEEDLE	941	-999	P	832
1277159213880	0	RECOG_CR_PRES	14	NEEDLE	941	-999	P	299
1277159214472	1	RECOG_FEEDBACK	1
1277159215223	0	RECOG_PRES	14	SHERIFF	1284	-999	P	1044
1277159216638	0	RECOG_CR_PRES	14	SHERIFF	1284	-999	P	252
1277159217197	1	RECOG_FEEDBACK	1
1277159217921	0	RECOG_PRES	14	SWORD	1423	-999	P	801
1277159219089	0	RECOG_CR_PRES	14	SWORD	1423	-999	P	258
1277159219638	1	RECOG_FEEDBACK	1
1277159220347	0	RECOG_PRES	14	POPCORN	1104	-999	P	840
1277159221563	0	RECOG_CR_PRES	14	POPCORN	1104	-999	P	231
1277159222080	1	RECOG_FEEDBACK	1
1277159222888	0	RECOG_PRES	14	COMEDIAN	352	-999	P	994
1277159224247	0	RECOG_CR_PRES	14	COMEDIAN	352	-999	P	243
1277159224796	1	RECOG_FEEDBACK	1
1277159225554	0	RECOG_PRES	14	PASSAGE	1019	-999	P	1104
1277159227022	0	RECOG_CR_PRES	14	PASSAGE	1019	-999	P	309
1277159227637	1	RECOG_FEEDBACK	1
1277159228355	0	RECOG_PRES	14	NOMAD	955	-999	P	848
1277159229579	0	RECOG_CR_PRES	14	NOMAD	955	-999	P	247
1277159230121	1	RECOG_FEEDBACK	1
1277159230912	0	RECOG_PRES	14	HOSE	720	-999	P	746
1277159232021	0	RECOG_CR_PRES	14	HOSE	720	-999	P	302
1277159232620	1	RECOG_FEEDBACK	1
1277159233396	0	RECOG_PRES	14	CHERRY	293	-999	P	1023
1277159234787	0	RECOG_CR_PRES	14	CHERRY	293	-999	P	256
1277159235346	1	RECOG_FEEDBACK	0
1277159236063	0	RECOG_PRES	14	TAPE	1433	-999	P	1388
1277159237820	0	RECOG_CR_PRES	14	TAPE	1433	-999	P	287
1277159238437	1	RECOG_FEEDBACK	1
1277159252170	0	REST
1277159253028	1	REC_START
1277159253061	0	RECOG_PRES	15	HARE	688	-999	P	1102
1277159254535	0	RECOG_CR_PRES	15	HARE	688	-999	P	291
1277159255128	1	RECOG_FEEDBACK	1
1277159255877	0	RECOG_PRES	15	PARIS	1014	-999	P	857
1277159257128	0	RECOG_CR_PRES	15	PARIS	1014	-999	P	275
1277159257702	1	RECOG_FEEDBACK	1
1277159258477	0	RECOG_PRES	15	PRUNE	1134	-999	P	886
1277159259735	0	RECOG_CR_PRES	15	PRUNE	1134	-999	P	251
1277159260294	1	RECOG_FEEDBACK	1
1277159261077	0	RECOG_PRES	15	CAB	209	-999	P	853
1277159262294	0	RECOG_CR_PRES	15	CAB	209	-999	P	252
1277159262843	1	RECOG_FEEDBACK	1
1277159263551	0	RECOG_PRES	15	EXPERT	543	-999	P	1339
1277159265252	0	RECOG_CR_PRES	15	EXPERT	543	-999	P	2919
1277159268484	1	RECOG_FEEDBACK	1
1277159269194	0	RECOG_PRES	15	CORK	380	-999	P	4890
1277159274484	0	RECOG_CR_PRES	15	CORK	380	-999	P	959
1277159275884	1	RECOG_FEEDBACK	1
1277159276650	0	RECOG_PRES	15	LILY	821	-999	P	801
1277159277825	0	RECOG_CR_PRES	15	LILY	821	-999	P	402
1277159278525	1	RECOG_FEEDBACK	1
1277159279326	0	RECOG_PRES	15	SKILLET	1317	-999	P	885
1277159280583	0	RECOG_CR_PRES	15	SKILLET	1317	-999	P	267
1277159281168	1	RECOG_FEEDBACK	1
1277159281925	0	RECOG_PRES	15	COOKIE	374	-999	P	805
1277159283092	0	RECOG_CR_PRES	15	COOKIE	374	-999	P	287
1277159283683	1	RECOG_FEEDBACK	1
1277159284417	0	RECOG_PRES	15	JUNGLE	764	-999	P	746
1277159285533	0	RECOG_CR_PRES	15	JUNGLE	764	-999	P	245
1277159286076	1	RECOG_FEEDBACK	1
1277159286858	0	RECOG_PRES	15	COLLEGE	346	-999	P	744
1277159287974	0	RECOG_CR_PRES	15	COLLEGE	346	-999	P	397
1277159288658	1	RECOG_FEEDBACK	1
1277159289367	0	RECOG_PRES	15	CLERK	321	-999	P	828
1277159290566	0	RECOG_CR_PRES	15	CLERK	321	-999	P	252
1277159291134	1	RECOG_FEEDBACK	1
1277159291849	0	RECOG_PRES	15	REFRIGERATOR	1179	-999	P	1017
1277159293233	0	RECOG_CR_PRES	15	REFRIGERATOR	1179	-999	P	281
1277159293816	1	RECOG_FEEDBACK	1
1277159294524	0	RECOG_PRES	15	CAPTAIN	239	-999	P	719
1277159295616	0	RECOG_CR_PRES	15	CAPTAIN	239	-999	P	362
1277159296275	1	RECOG_FEEDBACK	1
1277159297050	0	RECOG_PRES	15	SLOPE	1328	-999	P	936
1277159298350	0	RECOG_CR_PRES	15	SLOPE	1328	-999	P	276
1277159298940	1	RECOG_FEEDBACK	1
1277159299682	0	RECOG_PRES	15	DONOR	485	-999	P	1040
1277159301091	0	RECOG_CR_PRES	15	DONOR	485	-999	P	248
1277159301648	1	RECOG_FEEDBACK	1
1277159302358	0	RECOG_PRES	15	JURY	766	-999	P	869
1277159303598	0	RECOG_CR_PRES	15	JURY	766	-999	P	268
1277159304166	1	RECOG_FEEDBACK	1
1277159304906	0	RECOG_PRES	15	WOMAN	1620	-999	P	1329
1277159306606	0	RECOG_CR_PRES	15	WOMAN	1620	-999	P	228
1277159307157	1	RECOG_FEEDBACK	1
1277159307948	0	RECOG_PRES	15	FIG	563	-999	P	782
1277159309099	0	RECOG_CR_PRES	15	FIG	563	-999	P	248
1277159309665	1	RECOG_FEEDBACK	1
1277159310424	0	RECOG_PRES	15	BOMB	147	-999	P	883
1277159311681	0	RECOG_CR_PRES	15	BOMB	147	-999	P	466
1277159312464	1	RECOG_FEEDBACK	1
1277159313293	0	RECOG_END
1277159315090	0	SESS_END
1277159315132	0	E	Logging Ends
