1302628449140	0	B	Logging Begins
1302628449141	0	SESS_START	12
1302628514413	0	DISTRACTOR	0			8000	3
1302628521844	1	FR_PRES	0	SKI	1316	1	0	2689	(0.42259999999999998, 0.58709999999999996, 0)	../fonts/zerothre.ttf	lower
1302628525799	0	DISTRACTOR	0			8000	3
1302628534048	1	FR_PRES	0	CANOE	233	1	0	837	(0.42259999999999998, 0.58709999999999996, 0)	../fonts/zerothre.ttf	lower
1302628538123	0	DISTRACTOR	0			8000	3
1302628546094	1	FR_PRES	0	ANIMAL	23	1	1	767	(0.42259999999999998, 0.58709999999999996, 0)	../fonts/zerothre.ttf	lower
1302628550201	0	DISTRACTOR	0			8000	3
1302628558131	1	FR_PRES	0	BOSS	152	0	1	2106	(0.57740000000000002, 0.41289999999999999, 1.0)	../fonts/amplitud.ttf	upper
1302628562146	0	DISTRACTOR	0			8000	3
1302628570335	1	FR_PRES	0	STORE	1387	0	1	942	(0.57740000000000002, 0.41289999999999999, 1.0)	../fonts/amplitud.ttf	upper
1302628574167	0	DISTRACTOR	0			8000	3
1302628582273	1	FR_PRES	0	CENT	270	0	0	924	(0.57740000000000002, 0.41289999999999999, 1.0)	../fonts/amplitud.ttf	upper
1302628586254	0	DISTRACTOR	0			8000	3
1302628594394	1	FR_PRES	0	FUDGE	611	0	0	1227	(0.57740000000000002, 0.41289999999999999, 1.0)	../fonts/amplitud.ttf	upper
1302628598251	0	DISTRACTOR	0			8000	1
1302628606572	1	FR_PRES	0	CASHIER	254	0	1	905	(0.57740000000000002, 0.41289999999999999, 1.0)	../fonts/amplitud.ttf	upper
1302628610439	0	DISTRACTOR	0			8000	3
1302628618585	1	FR_PRES	0	UNICORN	1538	1	0	2764	(0.42259999999999998, 0.58709999999999996, 0)	../fonts/zerothre.ttf	lower
1302628622746	0	DISTRACTOR	0			8000	3
1302628630489	1	FR_PRES	0	POET	1095	1	1	1396	(0.42259999999999998, 0.58709999999999996, 0)	../fonts/zerothre.ttf	lower
1302628634473	0	DISTRACTOR	0			8000	1
1302628642435	1	FR_PRES	0	CHECK	284	0	0	2818	(0.57740000000000002, 0.41289999999999999, 1.0)	../fonts/amplitud.ttf	upper
1302628646386	0	DISTRACTOR	0			8000	2
1302628654505	1	FR_PRES	0	VAULT	1550	0	1	1020	(0.57740000000000002, 0.41289999999999999, 1.0)	../fonts/amplitud.ttf	upper
1302628658592	0	DISTRACTOR	0			8000	3
1302628666476	1	FR_PRES	0	TROMBONE	1508	0	0	1361	(0.57740000000000002, 0.41289999999999999, 1.0)	../fonts/amplitud.ttf	upper
1302628670601	0	DISTRACTOR	0			8000	3
1302628678572	1	FR_PRES	0	DISC	473	1	0	1457	(0.42259999999999998, 0.58709999999999996, 0)	../fonts/zerothre.ttf	lower
1302628682511	0	DISTRACTOR	0			8000	3
1302628690526	1	FR_PRES	0	PUBLISHER	1137	1	1	839	(0.42259999999999998, 0.58709999999999996, 0)	../fonts/zerothre.ttf	lower
1302628694707	0	DISTRACTOR	0			8000	2
1302628702688	1	FR_PRES	0	QUARTER	1148	1	0	1461	(0.42259999999999998, 0.58709999999999996, 0)	../fonts/zerothre.ttf	lower
1302628706833	0	DISTRACTOR	0			8000	2
1302628715618	1	REC_START
1302628797830	0	REST
1302628799337	1	FR_PRES	1	ELECTRICIAN	521	1	1	1396	(0.42259999999999998, 0.58709999999999996, 0)	../fonts/zerothre.ttf	lower
1302628803311	1	FR_PRES	1	WICK	1607	1	0	862	(0.42259999999999998, 0.58709999999999996, 0)	../fonts/zerothre.ttf	lower
1302628807443	1	FR_PRES	1	CABBAGE	210	1	1	1138	(0.42259999999999998, 0.58709999999999996, 0)	../fonts/zerothre.ttf	lower
1302628811325	1	FR_PRES	1	MILDEW	893	1	1	1144	(0.42259999999999998, 0.58709999999999996, 0)	../fonts/zerothre.ttf	lower
1302628815332	1	FR_PRES	1	ANTEATER	26	1	1	777	(0.42259999999999998, 0.58709999999999996, 0)	../fonts/zerothre.ttf	lower
1302628819464	1	FR_PRES	1	CREW	406	1	1	877	(0.42259999999999998, 0.58709999999999996, 0)	../fonts/zerothre.ttf	lower
1302628823645	1	FR_PRES	1	BUREAU	199	1	0	1480	(0.42259999999999998, 0.58709999999999996, 0)	../fonts/zerothre.ttf	lower
1302628827544	1	FR_PRES	1	CREATURE	403	1	1	1253	(0.42259999999999998, 0.58709999999999996, 0)	../fonts/zerothre.ttf	lower
1302628831384	1	FR_PRES	1	RAFT	1159	1	0	645	(0.42259999999999998, 0.58709999999999996, 0)	../fonts/zerothre.ttf	lower
1302628835316	1	FR_PRES	1	BANQUET	86	1	0	1505	(0.42259999999999998, 0.58709999999999996, 0)	../fonts/zerothre.ttf	lower
1302628839182	1	FR_PRES	1	RADIO	1157	1	0	935	(0.42259999999999998, 0.58709999999999996, 0)	../fonts/zerothre.ttf	lower
1302628843097	1	FR_PRES	1	PRODUCER	1129	1	1	1620	(0.42259999999999998, 0.58709999999999996, 0)	../fonts/zerothre.ttf	lower
1302628847012	1	FR_PRES	1	THUMB	1462	1	1	1497	(0.42259999999999998, 0.58709999999999996, 0)	../fonts/zerothre.ttf	lower
1302628851069	1	FR_PRES	1	HERO	706	1	1	648	(0.42259999999999998, 0.58709999999999996, 0)	../fonts/zerothre.ttf	lower
1302628854900	1	FR_PRES	1	TERMITE	1451	1	1	761	(0.42259999999999998, 0.58709999999999996, 0)	../fonts/zerothre.ttf	lower
1302628858783	1	FR_PRES	1	BUTTERFLY	206	1	1	1502	(0.42259999999999998, 0.58709999999999996, 0)	../fonts/zerothre.ttf	lower
1302628862935	0	DISTRACTOR	1			8000	2
1302628871604	1	REC_START
1302628948660	0	REST
1302628950167	1	FR_PRES	2	RATTLE	1170	1	0	1606	(0.42259999999999998, 0.58709999999999996, 0)	../fonts/zerothre.ttf	lower
1302628954149	1	FR_PRES	2	SERPENT	1270	1	1	1176	(0.42259999999999998, 0.58709999999999996, 0)	../fonts/zerothre.ttf	lower
1302628958056	1	FR_PRES	2	MOB	904	1	1	1357	(0.42259999999999998, 0.58709999999999996, 0)	../fonts/zerothre.ttf	lower
1302628962163	1	FR_PRES	2	MILK	895	1	0	1082	(0.42259999999999998, 0.58709999999999996, 0)	../fonts/zerothre.ttf	lower
1302628966278	1	FR_PRES	2	SUGAR	1401	1	0	1151	(0.42259999999999998, 0.58709999999999996, 0)	../fonts/zerothre.ttf	lower
1302628970243	1	FR_PRES	2	MICROWAVE	892	0	1	1458	(0.57740000000000002, 0.41289999999999999, 1.0)	../fonts/amplitud.ttf	upper
1302628974384	1	FR_PRES	2	RANCH	1166	0	1	645	(0.57740000000000002, 0.41289999999999999, 1.0)	../fonts/amplitud.ttf	upper
1302628978332	1	FR_PRES	2	MONARCH	906	0	1	761	(0.57740000000000002, 0.41289999999999999, 1.0)	../fonts/amplitud.ttf	upper
1302628982347	1	FR_PRES	2	TURTLE	1522	0	1	962	(0.57740000000000002, 0.41289999999999999, 1.0)	../fonts/amplitud.ttf	upper
1302628986329	1	FR_PRES	2	SPOUSE	1358	1	1	1732	(0.42259999999999998, 0.58709999999999996, 0)	../fonts/zerothre.ttf	lower
1302628990245	1	FR_PRES	2	QUEEN	1149	1	1	616	(0.42259999999999998, 0.58709999999999996, 0)	../fonts/zerothre.ttf	lower
1302628994252	1	FR_PRES	2	SLEEVE	1324	1	0	921	(0.42259999999999998, 0.58709999999999996, 0)	../fonts/zerothre.ttf	lower
1302628998442	1	FR_PRES	2	TIE	1466	0	0	1267	(0.57740000000000002, 0.41289999999999999, 1.0)	../fonts/amplitud.ttf	upper
1302629002482	1	FR_PRES	2	OREGANO	983	0	0	739	(0.57740000000000002, 0.41289999999999999, 1.0)	../fonts/amplitud.ttf	upper
1302629006339	1	FR_PRES	2	TRAY	1498	0	0	1498	(0.57740000000000002, 0.41289999999999999, 1.0)	../fonts/amplitud.ttf	upper
1302629010529	1	FR_PRES	2	DISH	474	0	0	676	(0.57740000000000002, 0.41289999999999999, 1.0)	../fonts/amplitud.ttf	upper
1302629014361	0	DISTRACTOR	2			8000	2
1302629023417	1	REC_START
1302629100272	0	REST
1302629101772	0	DISTRACTOR	3			8000	1
1302629109094	1	FR_PRES	3	ANTELOPE	27	0	1	1830	(0.57740000000000002, 0.41289999999999999, 1.0)	../fonts/amplitud.ttf	upper
1302629113101	0	DISTRACTOR	3			8000	2
1302629121132	1	FR_PRES	3	KIWI	781	0	0	969	(0.57740000000000002, 0.41289999999999999, 1.0)	../fonts/amplitud.ttf	upper
1302629125234	0	DISTRACTOR	3			8000	2
1302629132985	1	FR_PRES	3	VEGETABLE	1552	0	0	1500	(0.57740000000000002, 0.41289999999999999, 1.0)	../fonts/amplitud.ttf	upper
1302629136801	0	DISTRACTOR	3			8000	2
1302629145148	1	FR_PRES	3	CHICK	296	0	0	1105	(0.57740000000000002, 0.41289999999999999, 1.0)	../fonts/amplitud.ttf	upper
1302629149045	0	DISTRACTOR	3			8000	2
1302629157160	1	FR_PRES	3	SCOUT	1252	0	1	909	(0.57740000000000002, 0.41289999999999999, 1.0)	../fonts/amplitud.ttf	upper
1302629161297	0	DISTRACTOR	3			8000	2
1302629168989	1	FR_PRES	3	SPRINKLE	1359	0	0	880	(0.57740000000000002, 0.41289999999999999, 1.0)	../fonts/amplitud.ttf	upper
1302629173070	0	DISTRACTOR	3			8000	3
1302629180819	1	FR_PRES	3	ATMOSPHERE	54	0	1	1018	(0.57740000000000002, 0.41289999999999999, 1.0)	../fonts/amplitud.ttf	upper
1302629184672	0	DISTRACTOR	3			8000	2
1302629192839	1	FR_PRES	3	CHURCH	307	0	1	758	(0.57740000000000002, 0.41289999999999999, 1.0)	../fonts/amplitud.ttf	upper
1302629196727	0	DISTRACTOR	3			8000	2
1302629204702	1	FR_PRES	3	VET	1560	0	1	999	(0.57740000000000002, 0.41289999999999999, 1.0)	../fonts/amplitud.ttf	upper
1302629208777	0	DISTRACTOR	3			8000	2
1302629216556	1	FR_PRES	3	CASH	252	0	0	873	(0.57740000000000002, 0.41289999999999999, 1.0)	../fonts/amplitud.ttf	upper
1302629220404	0	DISTRACTOR	3			8000	2
1302629228402	1	FR_PRES	3	TUB	1514	0	1	907	(0.57740000000000002, 0.41289999999999999, 1.0)	../fonts/amplitud.ttf	upper
1302629232271	0	DISTRACTOR	3			8000	3
1302629240448	1	FR_PRES	3	DIVER	476	0	1	733	(0.57740000000000002, 0.41289999999999999, 1.0)	../fonts/amplitud.ttf	upper
1302629244388	0	DISTRACTOR	3			8000	2
1302629252402	1	FR_PRES	3	CRACKER	398	0	0	923	(0.57740000000000002, 0.41289999999999999, 1.0)	../fonts/amplitud.ttf	upper
1302629256280	0	DISTRACTOR	3			8000	3
1302629264239	1	FR_PRES	3	MOAT	903	0	1	757	(0.57740000000000002, 0.41289999999999999, 1.0)	../fonts/amplitud.ttf	upper
1302629268380	0	DISTRACTOR	3			8000	4
1302629276368	1	FR_PRES	3	OZONE	996	0	1	693	(0.57740000000000002, 0.41289999999999999, 1.0)	../fonts/amplitud.ttf	upper
1302629280324	0	DISTRACTOR	3			8000	3
1302629288314	1	FR_PRES	3	CHIPMUNK	304	0	0	939	(0.57740000000000002, 0.41289999999999999, 1.0)	../fonts/amplitud.ttf	upper
1302629292328	0	DISTRACTOR	3			8000	1
1302629301202	1	REC_START
1302629383962	0	REST
1302629385463	1	FR_PRES	4	VIOLIN	1571	1	0	1230	(0.42259999999999998, 0.58709999999999996, 0)	../fonts/zerothre.ttf	lower
1302629389395	1	FR_PRES	4	TAPE	1433	1	0	1122	(0.42259999999999998, 0.58709999999999996, 0)	../fonts/zerothre.ttf	lower
1302629393443	1	FR_PRES	4	KETTLE	772	1	0	1650	(0.42259999999999998, 0.58709999999999996, 0)	../fonts/zerothre.ttf	lower
1302629397558	1	FR_PRES	4	MUG	930	1	0	935	(0.42259999999999998, 0.58709999999999996, 0)	../fonts/zerothre.ttf	lower
1302629401415	1	FR_PRES	4	PICTURE	1061	0	0	1726	(0.57740000000000002, 0.41289999999999999, 1.0)	../fonts/amplitud.ttf	upper
1302629405397	1	FR_PRES	4	PAVEMENT	1028	0	1	800	(0.57740000000000002, 0.41289999999999999, 1.0)	../fonts/amplitud.ttf	upper
1302629409471	1	FR_PRES	4	FRUIT	610	0	0	734	(0.57740000000000002, 0.41289999999999999, 1.0)	../fonts/amplitud.ttf	upper
1302629413478	1	FR_PRES	4	TIGER	1467	0	1	815	(0.57740000000000002, 0.41289999999999999, 1.0)	../fonts/amplitud.ttf	upper
1302629417351	1	FR_PRES	4	WRIST	1626	1	0	2302	(0.42259999999999998, 0.58709999999999996, 0)	../fonts/zerothre.ttf	lower
1302629421200	1	FR_PRES	4	APPLE	33	1	0	756	(0.42259999999999998, 0.58709999999999996, 0)	../fonts/zerothre.ttf	lower
1302629425299	1	FR_PRES	4	FRIES	607	1	0	850	(0.42259999999999998, 0.58709999999999996, 0)	../fonts/zerothre.ttf	lower
1302629429139	1	FR_PRES	4	LEG	809	1	0	730	(0.42259999999999998, 0.58709999999999996, 0)	../fonts/zerothre.ttf	lower
1302629433312	1	FR_PRES	4	NIECE	952	0	1	1269	(0.57740000000000002, 0.41289999999999999, 1.0)	../fonts/amplitud.ttf	upper
1302629437444	1	FR_PRES	4	GIRL	637	0	1	913	(0.57740000000000002, 0.41289999999999999, 1.0)	../fonts/amplitud.ttf	upper
1302629441593	1	FR_PRES	4	ACTRESS	6	0	1	828	(0.57740000000000002, 0.41289999999999999, 1.0)	../fonts/amplitud.ttf	upper
1302629445500	1	FR_PRES	4	RADISH	1158	0	0	1456	(0.57740000000000002, 0.41289999999999999, 1.0)	../fonts/amplitud.ttf	upper
1302629451190	1	REC_START
1302629528029	0	REST
1302629529529	0	DISTRACTOR	5			16000	3
1302629544856	1	FR_PRES	5	BLUEBERRY	140	0	0	2309	(0.57740000000000002, 0.41289999999999999, 1.0)	../fonts/amplitud.ttf	upper
1302629548680	0	DISTRACTOR	5			16000	7
1302629564716	1	FR_PRES	5	PIZZA	1079	0	1	1216	(0.57740000000000002, 0.41289999999999999, 1.0)	../fonts/amplitud.ttf	upper
1302629568899	0	DISTRACTOR	5			16000	4
1302629584867	1	FR_PRES	5	BUNNY	198	0	0	1194	(0.57740000000000002, 0.41289999999999999, 1.0)	../fonts/amplitud.ttf	upper
1302629589069	0	DISTRACTOR	5			16000	6
1302629604852	1	FR_PRES	5	SKILLET	1317	0	1	777	(0.57740000000000002, 0.41289999999999999, 1.0)	../fonts/amplitud.ttf	upper
1302629609049	0	DISTRACTOR	5			16000	6
1302629624678	1	FR_PRES	5	STEP	1377	0	1	1294	(0.57740000000000002, 0.41289999999999999, 1.0)	../fonts/amplitud.ttf	upper
1302629628811	0	DISTRACTOR	5			16000	7
1302629644796	1	FR_PRES	5	PUDDLE	1140	0	1	913	(0.57740000000000002, 0.41289999999999999, 1.0)	../fonts/amplitud.ttf	upper
1302629648663	0	DISTRACTOR	5			16000	5
1302629664672	1	FR_PRES	5	POTATO	1115	0	0	1037	(0.57740000000000002, 0.41289999999999999, 1.0)	../fonts/amplitud.ttf	upper
1302629668504	0	DISTRACTOR	5			16000	4
1302629684698	1	FR_PRES	5	CUP	424	0	0	2226	(0.57740000000000002, 0.41289999999999999, 1.0)	../fonts/amplitud.ttf	upper
1302629688739	0	DISTRACTOR	5			16000	5
1302629704733	1	FR_PRES	5	FINGER	567	0	0	1024	(0.57740000000000002, 0.41289999999999999, 1.0)	../fonts/amplitud.ttf	upper
1302629708911	0	DISTRACTOR	5			16000	8
1302629724692	1	FR_PRES	5	HAND	683	0	0	1529	(0.57740000000000002, 0.41289999999999999, 1.0)	../fonts/amplitud.ttf	upper
1302629728564	0	DISTRACTOR	5			16000	7
1302629744669	1	FR_PRES	5	CLOVE	329	0	0	1064	(0.57740000000000002, 0.41289999999999999, 1.0)	../fonts/amplitud.ttf	upper
1302629748862	0	DISTRACTOR	5			16000	6
1302629764495	1	FR_PRES	5	CROW	414	0	0	1366	(0.57740000000000002, 0.41289999999999999, 1.0)	../fonts/amplitud.ttf	upper
1302629768625	0	DISTRACTOR	5			16000	6
1302629784496	1	FR_PRES	5	STAIRS	1367	0	1	1197	(0.57740000000000002, 0.41289999999999999, 1.0)	../fonts/amplitud.ttf	upper
1302629788666	0	DISTRACTOR	5			16000	4
1302629804564	1	FR_PRES	5	TURKEY	1520	0	1	985	(0.57740000000000002, 0.41289999999999999, 1.0)	../fonts/amplitud.ttf	upper
1302629808376	0	DISTRACTOR	5			16000	7
1302629824757	1	FR_PRES	5	SUPPER	1411	0	1	744	(0.57740000000000002, 0.41289999999999999, 1.0)	../fonts/amplitud.ttf	upper
1302629828614	0	DISTRACTOR	5			16000	7
1302629844691	1	FR_PRES	5	HOSE	720	0	1	1994	(0.57740000000000002, 0.41289999999999999, 1.0)	../fonts/amplitud.ttf	upper
1302629848557	0	DISTRACTOR	5			16000	5
1302629865543	1	REC_START
1302629942532	0	REST
1302629944039	1	FR_PRES	6	NICKEL	950	1	0	1390	(0.42259999999999998, 0.58709999999999996, 0)	../fonts/zerothre.ttf	lower
1302629948005	1	FR_PRES	6	GRILL	661	1	0	1080	(0.42259999999999998, 0.58709999999999996, 0)	../fonts/zerothre.ttf	lower
1302629951936	1	FR_PRES	6	HAMBURGER	679	1	0	1325	(0.42259999999999998, 0.58709999999999996, 0)	../fonts/zerothre.ttf	lower
1302629956135	1	FR_PRES	6	ZOO	1637	1	0	1054	(0.42259999999999998, 0.58709999999999996, 0)	../fonts/zerothre.ttf	lower
1302629960259	1	FR_PRES	6	COD	340	1	1	1370	(0.42259999999999998, 0.58709999999999996, 0)	../fonts/zerothre.ttf	lower
1302629964116	1	FR_PRES	6	TUNA	1518	1	1	1393	(0.42259999999999998, 0.58709999999999996, 0)	../fonts/zerothre.ttf	lower
1302629968006	1	FR_PRES	6	RAM	1165	1	1	623	(0.42259999999999998, 0.58709999999999996, 0)	../fonts/zerothre.ttf	lower
1302629971912	1	FR_PRES	6	COACH	331	1	0	1653	(0.42259999999999998, 0.58709999999999996, 0)	../fonts/zerothre.ttf	lower
1302629976061	1	FR_PRES	6	ZEBRA	1635	1	1	952	(0.42259999999999998, 0.58709999999999996, 0)	../fonts/zerothre.ttf	lower
1302629980152	1	FR_PRES	6	FENCE	560	1	0	1445	(0.42259999999999998, 0.58709999999999996, 0)	../fonts/zerothre.ttf	lower
1302629984034	1	FR_PRES	6	ACTOR	5	1	1	938	(0.42259999999999998, 0.58709999999999996, 0)	../fonts/zerothre.ttf	lower
1302629987989	1	FR_PRES	6	BEER	114	1	1	1816	(0.42259999999999998, 0.58709999999999996, 0)	../fonts/zerothre.ttf	lower
1302629991955	1	FR_PRES	6	NECKLACE	940	1	0	1090	(0.42259999999999998, 0.58709999999999996, 0)	../fonts/zerothre.ttf	lower
1302629995953	1	FR_PRES	6	PERFUME	1049	1	0	1444	(0.42259999999999998, 0.58709999999999996, 0)	../fonts/zerothre.ttf	lower
1302629999927	1	FR_PRES	6	CAPTAIN	239	1	1	814	(0.42259999999999998, 0.58709999999999996, 0)	../fonts/zerothre.ttf	lower
1302630003925	1	FR_PRES	6	BARTENDER	92	1	1	1616	(0.42259999999999998, 0.58709999999999996, 0)	../fonts/zerothre.ttf	lower
1302630007948	0	DISTRACTOR	6			16000	6
1302630024661	1	REC_START
1302630103358	0	REST
1302630104866	1	FR_PRES	7	ROSE	1212	0	0	1683	(0.57740000000000002, 0.41289999999999999, 1.0)	../fonts/amplitud.ttf	upper
1302630108864	1	FR_PRES	7	PLATE	1086	0	0	1501	(0.57740000000000002, 0.41289999999999999, 1.0)	../fonts/amplitud.ttf	upper
1302630112755	1	FR_PRES	7	CUPBOARD	425	0	1	1474	(0.57740000000000002, 0.41289999999999999, 1.0)	../fonts/amplitud.ttf	upper
1302630116695	1	FR_PRES	7	CHAMPAGNE	278	0	0	1142	(0.57740000000000002, 0.41289999999999999, 1.0)	../fonts/amplitud.ttf	upper
1302630120835	1	FR_PRES	7	VINE	1568	0	1	1073	(0.57740000000000002, 0.41289999999999999, 1.0)	../fonts/amplitud.ttf	upper
1302630124941	1	FR_PRES	7	FLOWER	584	1	0	2112	(0.42259999999999998, 0.58709999999999996, 0)	../fonts/zerothre.ttf	lower
1302630128757	1	FR_PRES	7	GIFT	635	1	0	872	(0.42259999999999998, 0.58709999999999996, 0)	../fonts/zerothre.ttf	lower
1302630132806	1	FR_PRES	7	SWIMMER	1420	1	1	815	(0.42259999999999998, 0.58709999999999996, 0)	../fonts/zerothre.ttf	lower
1302630136746	1	FR_PRES	7	PISTON	1076	1	0	1099	(0.42259999999999998, 0.58709999999999996, 0)	../fonts/zerothre.ttf	lower
1302630140595	1	FR_PRES	7	PARCEL	1012	1	0	1401	(0.42259999999999998, 0.58709999999999996, 0)	../fonts/zerothre.ttf	lower
1302630144660	1	FR_PRES	7	SWAMP	1416	1	0	1240	(0.42259999999999998, 0.58709999999999996, 0)	../fonts/zerothre.ttf	lower
1302630148842	1	FR_PRES	7	GENTLEMAN	631	0	1	1851	(0.57740000000000002, 0.41289999999999999, 1.0)	../fonts/amplitud.ttf	upper
1302630152989	1	FR_PRES	7	PLUMBER	1091	0	1	784	(0.57740000000000002, 0.41289999999999999, 1.0)	../fonts/amplitud.ttf	upper
1302630156847	1	FR_PRES	7	ALLIGATOR	16	0	1	854	(0.57740000000000002, 0.41289999999999999, 1.0)	../fonts/amplitud.ttf	upper
1302630160662	1	FR_PRES	7	LAGOON	795	1	0	2655	(0.42259999999999998, 0.58709999999999996, 0)	../fonts/zerothre.ttf	lower
1302630164811	1	FR_PRES	7	CAR	241	1	0	1210	(0.42259999999999998, 0.58709999999999996, 0)	../fonts/zerothre.ttf	lower
1302630168918	0	DISTRACTOR	7			8000	2
1302630177632	1	REC_START
1302630254379	0	REST
1302630255887	1	FR_PRES	8	ZUCCHINI	1638	1	0	1662	(0.42259999999999998, 0.58709999999999996, 0)	../fonts/zerothre.ttf	lower
1302630259968	1	FR_PRES	8	TRUMPET	1513	1	0	789	(0.42259999999999998, 0.58709999999999996, 0)	../fonts/zerothre.ttf	lower
1302630263809	1	FR_PRES	8	SHEPHERD	1283	1	1	1012	(0.42259999999999998, 0.58709999999999996, 0)	../fonts/zerothre.ttf	lower
1302630267833	1	FR_PRES	8	LAMB	797	1	1	1083	(0.42259999999999998, 0.58709999999999996, 0)	../fonts/zerothre.ttf	lower
1302630271648	1	FR_PRES	8	TIMBER	1469	1	0	1565	(0.42259999999999998, 0.58709999999999996, 0)	../fonts/zerothre.ttf	lower
1302630275513	1	FR_PRES	8	PALM	1007	1	1	1372	(0.42259999999999998, 0.58709999999999996, 0)	../fonts/zerothre.ttf	lower
1302630279479	1	FR_PRES	8	LAKE	796	1	0	1326	(0.42259999999999998, 0.58709999999999996, 0)	../fonts/zerothre.ttf	lower
1302630283477	1	FR_PRES	8	RIDER	1191	1	1	1152	(0.42259999999999998, 0.58709999999999996, 0)	../fonts/zerothre.ttf	lower
1302630287401	1	FR_PRES	8	SERVER	1272	1	1	860	(0.42259999999999998, 0.58709999999999996, 0)	../fonts/zerothre.ttf	lower
1302630291433	1	FR_PRES	8	BOAT	144	1	0	2204	(0.42259999999999998, 0.58709999999999996, 0)	../fonts/zerothre.ttf	lower
1302630295340	1	FR_PRES	8	TOOL	1480	1	0	1521	(0.42259999999999998, 0.58709999999999996, 0)	../fonts/zerothre.ttf	lower
1302630299422	1	FR_PRES	8	TWEEZERS	1526	1	0	1679	(0.42259999999999998, 0.58709999999999996, 0)	../fonts/zerothre.ttf	lower
1302630303362	1	FR_PRES	8	RECIPE	1175	1	0	931	(0.42259999999999998, 0.58709999999999996, 0)	../fonts/zerothre.ttf	lower
1302630307360	1	FR_PRES	8	HARP	689	1	0	837	(0.42259999999999998, 0.58709999999999996, 0)	../fonts/zerothre.ttf	lower
1302630311501	1	FR_PRES	8	PENCIL	1042	1	0	864	(0.42259999999999998, 0.58709999999999996, 0)	../fonts/zerothre.ttf	lower
1302630315483	1	FR_PRES	8	SARDINE	1235	1	1	1090	(0.42259999999999998, 0.58709999999999996, 0)	../fonts/zerothre.ttf	lower
1302630319347	0	DISTRACTOR	8			16000	5
1302630336292	1	REC_START
1302630413090	0	REST
1302630414590	0	DISTRACTOR	9			8000	2
1302630422145	1	FR_PRES	9	SKIN	1318	0	1	1780	(0.57740000000000002, 0.41289999999999999, 1.0)	../fonts/amplitud.ttf	upper
1302630426000	0	DISTRACTOR	9			8000	2
1302630434215	1	FR_PRES	9	ORCHID	982	0	1	2142	(0.57740000000000002, 0.41289999999999999, 1.0)	../fonts/amplitud.ttf	upper
1302630438372	0	DISTRACTOR	9			8000	4
1302630446044	1	FR_PRES	9	PARIS	1014	1	0	1777	(0.42259999999999998, 0.58709999999999996, 0)	../fonts/zerothre.ttf	lower
1302630449898	0	DISTRACTOR	9			8000	1
1302630458024	1	FR_PRES	9	LENS	811	1	0	2397	(0.42259999999999998, 0.58709999999999996, 0)	../fonts/zerothre.ttf	lower
1302630461852	0	DISTRACTOR	9			8000	3
1302630470053	1	FR_PRES	9	PEOPLE	1046	0	1	1608	(0.57740000000000002, 0.41289999999999999, 1.0)	../fonts/amplitud.ttf	upper
1302630473992	0	DISTRACTOR	9			8000	4
1302630482148	1	FR_PRES	9	FARMER	553	0	1	752	(0.57740000000000002, 0.41289999999999999, 1.0)	../fonts/amplitud.ttf	upper
1302630485990	0	DISTRACTOR	9			8000	3
1302630494252	1	FR_PRES	9	CAULIFLOWER	262	1	1	1505	(0.42259999999999998, 0.58709999999999996, 0)	../fonts/zerothre.ttf	lower
1302630498275	0	DISTRACTOR	9			8000	1
1302630506331	1	FR_PRES	9	LASH	802	1	0	1314	(0.42259999999999998, 0.58709999999999996, 0)	../fonts/zerothre.ttf	lower
1302630510533	0	DISTRACTOR	9			8000	1
1302630518169	1	FR_PRES	9	VISITOR	1573	1	1	2868	(0.42259999999999998, 0.58709999999999996, 0)	../fonts/zerothre.ttf	lower
1302630522098	0	DISTRACTOR	9			8000	2
1302630530315	1	FR_PRES	9	ATOM	55	1	1	1194	(0.42259999999999998, 0.58709999999999996, 0)	../fonts/zerothre.ttf	lower
1302630534220	0	DISTRACTOR	9			8000	3
1302630542377	1	FR_PRES	9	STY	1397	1	0	1324	(0.42259999999999998, 0.58709999999999996, 0)	../fonts/zerothre.ttf	lower
1302630546501	0	DISTRACTOR	9			8000	4
1302630554323	1	FR_PRES	9	COOLER	375	1	0	1786	(0.42259999999999998, 0.58709999999999996, 0)	../fonts/zerothre.ttf	lower
1302630558198	0	DISTRACTOR	9			8000	2
1302630566210	1	FR_PRES	9	HEATER	698	0	1	1587	(0.57740000000000002, 0.41289999999999999, 1.0)	../fonts/amplitud.ttf	upper
1302630570284	0	DISTRACTOR	9			8000	3
1302630578381	1	FR_PRES	9	BOMB	147	0	0	2272	(0.57740000000000002, 0.41289999999999999, 1.0)	../fonts/amplitud.ttf	upper
1302630582262	0	DISTRACTOR	9			8000	3
1302630590593	1	FR_PRES	9	BLUEJAY	141	0	0	1268	(0.57740000000000002, 0.41289999999999999, 1.0)	../fonts/amplitud.ttf	upper
1302630594694	0	DISTRACTOR	9			8000	1
1302630602439	1	FR_PRES	9	CARDINAL	244	0	0	958	(0.57740000000000002, 0.41289999999999999, 1.0)	../fonts/amplitud.ttf	upper
1302630606355	0	DISTRACTOR	9			8000	2
1302630615310	1	REC_START
1302630690898	1	REST_REWET
1302631048098	0	REST
1302631049605	1	FR_PRES	10	GHETTO	633	0	1	1240	(0.57740000000000002, 0.41289999999999999, 1.0)	../fonts/amplitud.ttf	upper
1302631053479	1	FR_PRES	10	BEGGAR	117	0	1	798	(0.57740000000000002, 0.41289999999999999, 1.0)	../fonts/amplitud.ttf	upper
1302631057436	1	FR_PRES	10	WALRUS	1585	1	1	1697	(0.42259999999999998, 0.58709999999999996, 0)	../fonts/zerothre.ttf	lower
1302631061568	1	FR_PRES	10	TORTOISE	1486	1	1	637	(0.42259999999999998, 0.58709999999999996, 0)	../fonts/zerothre.ttf	lower
1302631065774	1	FR_PRES	10	TWIG	1527	1	0	967	(0.42259999999999998, 0.58709999999999996, 0)	../fonts/zerothre.ttf	lower
1302631069831	1	FR_PRES	10	PUZZLE	1146	1	0	1926	(0.42259999999999998, 0.58709999999999996, 0)	../fonts/zerothre.ttf	lower
1302631074022	1	FR_PRES	10	SLUG	1329	1	0	1351	(0.42259999999999998, 0.58709999999999996, 0)	../fonts/zerothre.ttf	lower
1302631077902	1	FR_PRES	10	TOASTER	1472	0	1	1167	(0.57740000000000002, 0.41289999999999999, 1.0)	../fonts/amplitud.ttf	upper
1302631081951	1	FR_PRES	10	MEAL	882	0	1	965	(0.57740000000000002, 0.41289999999999999, 1.0)	../fonts/amplitud.ttf	upper
1302631086109	1	FR_PRES	10	PARTY	1018	0	1	1240	(0.57740000000000002, 0.41289999999999999, 1.0)	../fonts/amplitud.ttf	upper
1302631090249	1	FR_PRES	10	HOSPITAL	721	0	1	1356	(0.57740000000000002, 0.41289999999999999, 1.0)	../fonts/amplitud.ttf	upper
1302631094431	1	FR_PRES	10	STETHOSCOPE	1379	0	0	1477	(0.57740000000000002, 0.41289999999999999, 1.0)	../fonts/amplitud.ttf	upper
1302631098446	1	FR_PRES	10	GREASE	660	0	0	1071	(0.57740000000000002, 0.41289999999999999, 1.0)	../fonts/amplitud.ttf	upper
1302631102645	1	FR_PRES	10	REBEL	1172	1	1	1584	(0.42259999999999998, 0.58709999999999996, 0)	../fonts/zerothre.ttf	lower
1302631106635	1	FR_PRES	10	SAP	1233	1	0	1514	(0.42259999999999998, 0.58709999999999996, 0)	../fonts/zerothre.ttf	lower
1302631110575	1	FR_PRES	10	BARREL	91	1	0	1054	(0.42259999999999998, 0.58709999999999996, 0)	../fonts/zerothre.ttf	lower
1302631116282	1	REC_START
1302631192920	0	REST
1302631194420	0	DISTRACTOR	11			16000	4
1302631209823	1	FR_PRES	11	TOWEL	1489	0	1	1502	(0.57740000000000002, 0.41289999999999999, 1.0)	../fonts/amplitud.ttf	upper
1302631214011	0	DISTRACTOR	11			16000	3
1302631229940	1	FR_PRES	11	BAY	102	0	1	1537	(0.57740000000000002, 0.41289999999999999, 1.0)	../fonts/amplitud.ttf	upper
1302631233767	0	DISTRACTOR	11			16000	5
1302631249958	1	FR_PRES	11	EXPLOSION	544	0	1	1287	(0.57740000000000002, 0.41289999999999999, 1.0)	../fonts/amplitud.ttf	upper
1302631254022	0	DISTRACTOR	11			16000	5
1302631270127	1	FR_PRES	11	OCTOPUS	971	0	1	1198	(0.57740000000000002, 0.41289999999999999, 1.0)	../fonts/amplitud.ttf	upper
1302631274166	0	DISTRACTOR	11			16000	4
1302631290078	1	FR_PRES	11	CORAL	378	0	1	999	(0.57740000000000002, 0.41289999999999999, 1.0)	../fonts/amplitud.ttf	upper
1302631294103	0	DISTRACTOR	11			16000	6
1302631309962	1	FR_PRES	11	SEA	1259	0	1	1211	(0.57740000000000002, 0.41289999999999999, 1.0)	../fonts/amplitud.ttf	upper
1302631313868	0	DISTRACTOR	11			16000	5
1302631330064	1	FR_PRES	11	TRENCH	1503	0	1	1892	(0.57740000000000002, 0.41289999999999999, 1.0)	../fonts/amplitud.ttf	upper
1302631334240	0	DISTRACTOR	11			16000	7
1302631350107	1	FR_PRES	11	DOUGHNUT	490	0	0	1386	(0.57740000000000002, 0.41289999999999999, 1.0)	../fonts/amplitud.ttf	upper
1302631353971	0	DISTRACTOR	11			16000	6
1302631369957	1	FR_PRES	11	LOBSTER	837	0	0	2296	(0.57740000000000002, 0.41289999999999999, 1.0)	../fonts/amplitud.ttf	upper
1302631374138	0	DISTRACTOR	11			16000	6
1302631390076	1	FR_PRES	11	BELLY	119	0	0	2409	(0.57740000000000002, 0.41289999999999999, 1.0)	../fonts/amplitud.ttf	upper
1302631394257	0	DISTRACTOR	11			16000	5
1302631410286	1	FR_PRES	11	COB	334	0	0	2287	(0.57740000000000002, 0.41289999999999999, 1.0)	../fonts/amplitud.ttf	upper
1302631414461	0	DISTRACTOR	11			16000	4
1302631430487	1	FR_PRES	11	STRANGER	1389	0	1	958	(0.57740000000000002, 0.41289999999999999, 1.0)	../fonts/amplitud.ttf	upper
1302631434421	0	DISTRACTOR	11			16000	6
1302631450588	1	FR_PRES	11	PASTRY	1022	0	0	903	(0.57740000000000002, 0.41289999999999999, 1.0)	../fonts/amplitud.ttf	upper
1302631454445	0	DISTRACTOR	11			16000	5
1302631470764	1	FR_PRES	11	RODENT	1204	0	0	1289	(0.57740000000000002, 0.41289999999999999, 1.0)	../fonts/amplitud.ttf	upper
1302631474875	0	DISTRACTOR	11			16000	6
1302631490715	1	FR_PRES	11	WIDOW	1608	0	1	914	(0.57740000000000002, 0.41289999999999999, 1.0)	../fonts/amplitud.ttf	upper
1302631494590	0	DISTRACTOR	11			16000	6
1302631510866	1	FR_PRES	11	FRIEND	606	0	1	931	(0.57740000000000002, 0.41289999999999999, 1.0)	../fonts/amplitud.ttf	upper
1302631515018	0	DISTRACTOR	11			16000	5
1302631531693	1	REC_START
1302631609415	0	MATH_TOTAL_SCORE	325
1302631613238	0	FFR_START
1302631618787	1	REC_START
1302631936699	0	RECOG_START
1302631936700	1	REC_START
1302631936732	0	RECOG_PRES	0	CARDINAL	244	-999	P	1473
1302631938581	0	RECOG_CR_PRES	0	CARDINAL	244	-999	P	280
1302631939223	1	RECOG_FEEDBACK	1
1302631939946	0	RECOG_PRES	0	GIRL	637	-999	P	923
1302631941239	0	RECOG_CR_PRES	0	GIRL	637	-999	P	286
1302631941838	1	RECOG_FEEDBACK	1
1302631942546	0	RECOG_PRES	0	HERO	706	-999	P	923
1302631943846	0	RECOG_CR_PRES	0	HERO	706	-999	P	247
1302631944404	1	RECOG_FEEDBACK	1
1302631945212	0	RECOG_PRES	0	BARREL	91	-999	P	937
1302631946520	0	RECOG_CR_PRES	0	BARREL	91	-999	P	245
1302631947095	1	RECOG_FEEDBACK	1
1302631947811	0	RECOG_PRES	0	TRAY	1498	-999	P	946
1302631949136	0	RECOG_CR_PRES	0	TRAY	1498	-999	P	261
1302631949719	1	RECOG_FEEDBACK	1
1302631950444	0	RECOG_PRES	0	RECIPE	1175	-999	P	921
1302631951735	0	RECOG_CR_PRES	0	RECIPE	1175	-999	P	270
1302631952318	1	RECOG_FEEDBACK	1
1302631953084	0	RECOG_PRES	0	ACTRESS	6	-999	P	2081
1302631955542	0	RECOG_CR_PRES	0	ACTRESS	6	-999	P	3183
1302631959099	1	RECOG_FEEDBACK	0
1302631959849	0	RECOG_PRES	0	PARCEL	1012	-999	P	3164
1302631963389	0	RECOG_CR_PRES	0	PARCEL	1012	-999	P	296
1302631964080	1	RECOG_FEEDBACK	1
1302631964855	0	RECOG_PRES	0	PROFESSOR	1131	-999	P	1518
1302631966746	0	RECOG_CR_PRES	0	PROFESSOR	1131	-999	P	1178
1302631968271	1	RECOG_FEEDBACK	1
1302631968986	0	RECOG_PRES	0	FRIES	607	-999	P	946
1302631970295	0	RECOG_CR_PRES	0	FRIES	607	-999	P	374
1302631970952	1	RECOG_FEEDBACK	1
1302631971753	0	RECOG_PRES	0	BEGGAR	117	-999	P	1068
1302631973194	0	RECOG_CR_PRES	0	BEGGAR	117	-999	P	259
1302631973785	1	RECOG_FEEDBACK	1
1302631974543	0	RECOG_PRES	0	ITEM	746	-999	P	2710
1302631977626	0	RECOG_CR_PRES	0	ITEM	746	-999	P	266
1302631978292	1	RECOG_FEEDBACK	1
1302631979008	0	RECOG_PRES	0	PICTURE	1061	-999	P	2005
1302631981374	0	RECOG_CR_PRES	0	PICTURE	1061	-999	P	551
1302631982299	1	RECOG_FEEDBACK	1
1302631983099	0	RECOG_PRES	0	WALRUS	1585	-999	P	1034
1302631984507	0	RECOG_CR_PRES	0	WALRUS	1585	-999	P	465
1302631985306	1	RECOG_FEEDBACK	1
1302631986114	0	RECOG_PRES	0	PLUMBER	1091	-999	P	1131
1302631987622	0	RECOG_CR_PRES	0	PLUMBER	1091	-999	P	247
1302631988197	1	RECOG_FEEDBACK	1
1302631988987	0	RECOG_PRES	0	ROSE	1212	-999	P	913
1302631990263	0	RECOG_CR_PRES	0	ROSE	1212	-999	P	230
1302631990804	1	RECOG_FEEDBACK	1
1302631991562	0	RECOG_PRES	0	EUROPE	541	-999	P	1083
1302631993020	0	RECOG_CR_PRES	0	EUROPE	541	-999	P	217
1302631993562	1	RECOG_FEEDBACK	1
1302631994345	0	RECOG_PRES	0	CHURCH	307	-999	P	1324
1302631996044	0	RECOG_CR_PRES	0	CHURCH	307	-999	P	177
1302631996552	1	RECOG_FEEDBACK	0
1302631997302	0	RECOG_PRES	0	PHYSICIAN	1056	-999	P	1255
1302631998925	0	RECOG_CR_PRES	0	PHYSICIAN	1056	-999	P	232
1302631999485	1	RECOG_FEEDBACK	1
1302632000226	0	RECOG_PRES	0	GLOVE	642	-999	P	1451
1302632002050	0	RECOG_CR_PRES	0	GLOVE	642	-999	P	267
1302632002667	1	RECOG_FEEDBACK	1
1302632004225	0	REST
1302632005325	1	REC_START
1302632005358	0	RECOG_PRES	1	LEG	809	-999	P	1519
1302632007248	0	RECOG_CR_PRES	1	LEG	809	-999	P	189
1302632007773	1	RECOG_FEEDBACK	1
1302632008506	0	RECOG_PRES	1	TRENCH	1503	-999	P	995
1302632009873	0	RECOG_CR_PRES	1	TRENCH	1503	-999	P	228
1302632010422	1	RECOG_FEEDBACK	1
1302632011197	0	RECOG_PRES	1	BLADE	134	-999	P	1144
1302632012713	0	RECOG_CR_PRES	1	BLADE	134	-999	P	203
1302632013238	1	RECOG_FEEDBACK	1
1302632013954	0	RECOG_PRES	1	FARMER	553	-999	P	3883
1302632018211	0	RECOG_CR_PRES	1	FARMER	553	-999	P	850
1302632019461	1	RECOG_FEEDBACK	1
1302632020227	0	RECOG_PRES	1	THUMB	1462	-999	P	1914
1302632022518	0	RECOG_CR_PRES	1	THUMB	1462	-999	P	255
1302632023135	1	RECOG_FEEDBACK	0
1302632023868	0	RECOG_PRES	1	PARTY	1018	-999	P	865
1302632025109	0	RECOG_CR_PRES	1	PARTY	1018	-999	P	224
1302632025642	1	RECOG_FEEDBACK	1
1302632026383	0	RECOG_PRES	1	LAKE	796	-999	P	866
1302632027650	0	RECOG_CR_PRES	1	LAKE	796	-999	P	179
1302632028124	1	RECOG_FEEDBACK	1
1302632028915	0	RECOG_PRES	1	SEA	1259	-999	P	866
1302632030157	0	RECOG_CR_PRES	1	SEA	1259	-999	P	200
1302632030674	1	RECOG_FEEDBACK	1
1302632031423	0	RECOG_PRES	1	GIFT	635	-999	P	1622
1302632033414	0	RECOG_CR_PRES	1	GIFT	635	-999	P	223
1302632033971	1	RECOG_FEEDBACK	0
1302632034680	0	RECOG_PRES	1	TYPIST	1532	-999	P	1173
1302632036230	0	RECOG_CR_PRES	1	TYPIST	1532	-999	P	415
1302632036979	1	RECOG_FEEDBACK	1
1302632037721	0	RECOG_PRES	1	RODENT	1204	-999	P	812
1302632038903	0	RECOG_CR_PRES	1	RODENT	1204	-999	P	182
1302632039404	1	RECOG_FEEDBACK	1
1302632040145	0	RECOG_PRES	1	PALM	1007	-999	P	916
1302632041436	0	RECOG_CR_PRES	1	PALM	1007	-999	P	233
1302632041993	1	RECOG_FEEDBACK	1
1302632042744	0	RECOG_PRES	1	YARD	1630	-999	P	1156
1302632044269	0	RECOG_CR_PRES	1	YARD	1630	-999	P	216
1302632044827	1	RECOG_FEEDBACK	1
1302632045627	0	RECOG_PRES	1	COACH	331	-999	P	866
1302632046868	0	RECOG_CR_PRES	1	COACH	331	-999	P	217
1302632047384	1	RECOG_FEEDBACK	1
1302632048167	0	RECOG_PRES	1	CANDLE	229	-999	P	1350
1302632049891	0	RECOG_CR_PRES	1	CANDLE	229	-999	P	730
1302632050965	1	RECOG_FEEDBACK	1
1302632051716	0	RECOG_PRES	1	CHAIN	273	-999	P	5897
1302632057988	0	RECOG_CR_PRES	1	CHAIN	273	-999	P	497
1302632058946	1	RECOG_FEEDBACK	0
1302632059672	0	RECOG_PRES	1	SUBWAY	1400	-999	P	1413
1302632061454	0	RECOG_CR_PRES	1	SUBWAY	1400	-999	P	231
1302632062021	1	RECOG_FEEDBACK	1
1302632062804	0	RECOG_PRES	1	PERISCOPE	1050	-999	P	1144
1302632064312	0	RECOG_CR_PRES	1	PERISCOPE	1050	-999	P	365
1302632065011	1	RECOG_FEEDBACK	1
1302632065769	0	RECOG_PRES	1	FOLDER	588	-999	P	1163
1302632067294	0	RECOG_CR_PRES	1	FOLDER	588	-999	P	247
1302632067869	1	RECOG_FEEDBACK	1
1302632068627	0	RECOG_PRES	1	SKILLET	1317	-999	P	1050
1302632070051	0	RECOG_CR_PRES	1	SKILLET	1317	-999	P	290
1302632070676	1	RECOG_FEEDBACK	1
1302632072184	0	REST
1302632073192	1	REC_START
1302632073233	0	RECOG_PRES	2	STETHOSCOPE	1379	-999	P	956
1302632074558	0	RECOG_CR_PRES	2	STETHOSCOPE	1379	-999	P	199
1302632075074	1	RECOG_FEEDBACK	1
1302632075866	0	RECOG_PRES	2	NICKEL	950	-999	P	891
1302632077132	0	RECOG_CR_PRES	2	NICKEL	950	-999	P	209
1302632077615	1	RECOG_FEEDBACK	1
1302632078398	0	RECOG_PRES	2	TOOTHBRUSH	1482	-999	P	1526
1302632080289	0	RECOG_CR_PRES	2	TOOTHBRUSH	1482	-999	P	172
1302632080789	1	RECOG_FEEDBACK	1
1302632081589	0	RECOG_PRES	2	CREW	406	-999	P	888
1302632082847	0	RECOG_CR_PRES	2	CREW	406	-999	P	182
1302632083355	1	RECOG_FEEDBACK	1
1302632084146	0	RECOG_PRES	2	SCOUT	1252	-999	P	883
1302632085404	0	RECOG_CR_PRES	2	SCOUT	1252	-999	P	169
1302632085895	1	RECOG_FEEDBACK	1
1302632086679	0	RECOG_PRES	2	CLOWN	330	-999	P	1317
1302632088370	0	RECOG_CR_PRES	2	CLOWN	330	-999	P	235
1302632088944	1	RECOG_FEEDBACK	1
1302632089661	0	RECOG_PRES	2	TOASTER	1472	-999	P	880
1302632090909	0	RECOG_CR_PRES	2	TOASTER	1472	-999	P	208
1302632091435	1	RECOG_FEEDBACK	1
1302632092235	0	RECOG_PRES	2	CRAYON	401	-999	P	1082
1302632093693	0	RECOG_CR_PRES	2	CRAYON	401	-999	P	223
1302632094234	1	RECOG_FEEDBACK	1
1302632095026	0	RECOG_PRES	2	SPARROW	1347	-999	P	1435
1302632096833	0	RECOG_CR_PRES	2	SPARROW	1347	-999	P	316
1302632097500	1	RECOG_FEEDBACK	1
1302632098291	0	RECOG_PRES	2	CROW	414	-999	P	1816
1302632100507	0	RECOG_CR_PRES	2	CROW	414	-999	P	258
1302632101140	1	RECOG_FEEDBACK	1
1302632101906	0	RECOG_PRES	2	BANJO	82	-999	P	1083
1302632103364	0	RECOG_CR_PRES	2	BANJO	82	-999	P	185
1302632103881	1	RECOG_FEEDBACK	1
1302632104606	0	RECOG_PRES	2	TICK	1463	-999	P	1655
1302632106638	0	RECOG_CR_PRES	2	TICK	1463	-999	P	167
1302632107163	1	RECOG_FEEDBACK	0
1302632107903	0	RECOG_PRES	2	VAULT	1550	-999	P	989
1302632109254	0	RECOG_CR_PRES	2	VAULT	1550	-999	P	239
1302632109804	1	RECOG_FEEDBACK	1
1302632110520	0	RECOG_PRES	2	SLIDE	1326	-999	P	1181
1302632112078	0	RECOG_CR_PRES	2	SLIDE	1326	-999	P	199
1302632112594	1	RECOG_FEEDBACK	1
1302632113386	0	RECOG_PRES	2	OCTOPUS	971	-999	P	923
1302632114685	0	RECOG_CR_PRES	2	OCTOPUS	971	-999	P	200
1302632115202	1	RECOG_FEEDBACK	1
1302632115984	0	RECOG_PRES	2	BLUEJAY	141	-999	P	1053
1302632117409	0	RECOG_CR_PRES	2	BLUEJAY	141	-999	P	212
1302632117942	1	RECOG_FEEDBACK	1
1302632118709	0	RECOG_PRES	2	MUG	930	-999	P	2215
1302632121291	0	RECOG_CR_PRES	2	MUG	930	-999	P	218
1302632121866	1	RECOG_FEEDBACK	1
1302632122641	0	RECOG_PRES	2	OREGANO	983	-999	P	973
1302632123989	0	RECOG_CR_PRES	2	OREGANO	983	-999	P	184
1302632124499	1	RECOG_FEEDBACK	1
1302632125290	0	RECOG_PRES	2	NURSE	963	-999	P	1379
1302632127039	0	RECOG_CR_PRES	2	NURSE	963	-999	P	182
1302632127556	1	RECOG_FEEDBACK	1
1302632128314	0	RECOG_PRES	2	BUNNY	198	-999	P	1003
1302632129688	0	RECOG_CR_PRES	2	BUNNY	198	-999	P	189
1302632130197	1	RECOG_FEEDBACK	1
1302632131671	0	REST
1302632132617	1	REC_START
1302632132654	0	RECOG_PRES	3	PRAIRIE	1118	-999	P	1095
1302632134120	0	RECOG_CR_PRES	3	PRAIRIE	1118	-999	P	213
1302632134645	1	RECOG_FEEDBACK	1
1302632135420	0	RECOG_PRES	3	HAND	683	-999	P	1097
1302632136886	0	RECOG_CR_PRES	3	HAND	683	-999	P	199
1302632137411	1	RECOG_FEEDBACK	1
1302632138219	0	RECOG_PRES	3	PRIMATE	1123	-999	P	986
1302632139585	0	RECOG_CR_PRES	3	PRIMATE	1123	-999	P	204
1302632140101	1	RECOG_FEEDBACK	1
1302632140868	0	RECOG_PRES	3	ZEBRA	1635	-999	P	1009
1302632142242	0	RECOG_CR_PRES	3	ZEBRA	1635	-999	P	171
1302632142725	1	RECOG_FEEDBACK	1
1302632143500	0	RECOG_PRES	3	ANTEATER	26	-999	P	994
1302632144866	0	RECOG_CR_PRES	3	ANTEATER	26	-999	P	195
1302632145383	1	RECOG_FEEDBACK	1
1302632146124	0	RECOG_PRES	3	PLANE	1081	-999	P	1089
1302632147582	0	RECOG_CR_PRES	3	PLANE	1081	-999	P	207
1302632148107	1	RECOG_FEEDBACK	1
1302632148873	0	RECOG_PRES	3	CORAL	378	-999	P	1043
1302632150281	0	RECOG_CR_PRES	3	CORAL	378	-999	P	204
1302632150806	1	RECOG_FEEDBACK	1
1302632151522	0	RECOG_PRES	3	ELECTRICIAN	521	-999	P	5747
1302632157645	0	RECOG_CR_PRES	3	ELECTRICIAN	521	-999	P	1040
1302632159120	1	RECOG_FEEDBACK	1
1302632159878	0	RECOG_PRES	3	HEATER	698	-999	P	1079
1302632161319	0	RECOG_CR_PRES	3	HEATER	698	-999	P	230
1302632161869	1	RECOG_FEEDBACK	1
1302632162685	0	RECOG_PRES	3	METEOR	889	-999	P	1400
1302632164459	0	RECOG_CR_PRES	3	METEOR	889	-999	P	250
1302632165051	1	RECOG_FEEDBACK	1
1302632165792	0	RECOG_PRES	3	PENCIL	1042	-999	P	1140
1302632167300	0	RECOG_CR_PRES	3	PENCIL	1042	-999	P	201
1302632167833	1	RECOG_FEEDBACK	1
1302632168583	0	RECOG_PRES	3	BUREAU	199	-999	P	982
1302632169940	0	RECOG_CR_PRES	3	BUREAU	199	-999	P	257
1302632170524	1	RECOG_FEEDBACK	1
1302632171265	0	RECOG_PRES	3	PASTRY	1022	-999	P	964
1302632172598	0	RECOG_CR_PRES	3	PASTRY	1022	-999	P	247
1302632173165	1	RECOG_FEEDBACK	1
1302632173897	0	RECOG_PRES	3	ZOO	1637	-999	P	964
1302632175231	0	RECOG_CR_PRES	3	ZOO	1637	-999	P	270
1302632175822	1	RECOG_FEEDBACK	1
1302632176613	0	RECOG_PRES	3	COWBOY	395	-999	P	1504
1302632178488	0	RECOG_CR_PRES	3	COWBOY	395	-999	P	213
1302632179029	1	RECOG_FEEDBACK	1
1302632179812	0	RECOG_PRES	3	LANDSCAPE	799	-999	P	1521
1302632181703	0	RECOG_CR_PRES	3	LANDSCAPE	799	-999	P	229
1302632182270	1	RECOG_FEEDBACK	1
1302632182985	0	RECOG_PRES	3	BARTENDER	92	-999	P	987
1302632184336	0	RECOG_CR_PRES	3	BARTENDER	92	-999	P	213
1302632184869	1	RECOG_FEEDBACK	1
1302632185602	0	RECOG_PRES	3	CAR	241	-999	P	915
1302632186892	0	RECOG_CR_PRES	3	CAR	241	-999	P	185
1302632187409	1	RECOG_FEEDBACK	1
1302632188176	0	RECOG_PRES	3	TERMITE	1451	-999	P	885
1302632189434	0	RECOG_CR_PRES	3	TERMITE	1451	-999	P	195
1302632189941	1	RECOG_FEEDBACK	1
1302632190692	0	RECOG_PRES	3	MICROWAVE	892	-999	P	1002
1302632192066	0	RECOG_CR_PRES	3	MICROWAVE	892	-999	P	163
1302632192549	1	RECOG_FEEDBACK	1
1302632193965	0	REST
1302632194980	1	REC_START
1302632195015	0	RECOG_PRES	4	HOSE	720	-999	P	964
1302632196381	0	RECOG_CR_PRES	4	HOSE	720	-999	P	168
1302632196873	1	RECOG_FEEDBACK	1
1302632197606	0	RECOG_PRES	4	CANOE	233	-999	P	952
1302632198929	0	RECOG_CR_PRES	4	CANOE	233	-999	P	180
1302632199430	1	RECOG_FEEDBACK	1
1302632200188	0	RECOG_PRES	4	FLOWER	584	-999	P	1712
1302632202263	0	RECOG_CR_PRES	4	FLOWER	584	-999	P	158
1302632202779	1	RECOG_FEEDBACK	1
1302632203504	0	RECOG_PRES	4	CUPBOARD	425	-999	P	965
1302632204845	0	RECOG_CR_PRES	4	CUPBOARD	425	-999	P	176
1302632205337	1	RECOG_FEEDBACK	1
1302632206145	0	RECOG_PRES	4	WRIST	1626	-999	P	932
1302632207452	0	RECOG_CR_PRES	4	WRIST	1626	-999	P	169
1302632207943	1	RECOG_FEEDBACK	1
1302632208735	0	RECOG_PRES	4	BAY	102	-999	P	846
1302632209950	0	RECOG_CR_PRES	4	BAY	102	-999	P	152
1302632210418	1	RECOG_FEEDBACK	1
1302632211209	0	RECOG_PRES	4	PERCH	1048	-999	P	2020
1302632213600	0	RECOG_CR_PRES	4	PERCH	1048	-999	P	285
1302632214267	1	RECOG_FEEDBACK	0
1302632215050	0	RECOG_PRES	4	VINE	1568	-999	P	858
1302632216274	0	RECOG_CR_PRES	4	VINE	1568	-999	P	163
1302632216749	1	RECOG_FEEDBACK	1
1302632217499	0	RECOG_PRES	4	MEAL	882	-999	P	912
1302632218790	0	RECOG_CR_PRES	4	MEAL	882	-999	P	198
1302632219315	1	RECOG_FEEDBACK	1
1302632220073	0	RECOG_PRES	4	AIRPLANE	12	-999	P	1212
1302632221647	0	RECOG_CR_PRES	4	AIRPLANE	12	-999	P	238
1302632222222	1	RECOG_FEEDBACK	1
1302632223014	0	RECOG_PRES	4	SERPENT	1270	-999	P	902
1302632224280	0	RECOG_CR_PRES	4	SERPENT	1270	-999	P	229
1302632224830	1	RECOG_FEEDBACK	1
1302632225563	0	RECOG_PRES	4	ATOM	55	-999	P	954
1302632226887	0	RECOG_CR_PRES	4	ATOM	55	-999	P	198
1302632227395	1	RECOG_FEEDBACK	1
1302632228187	0	RECOG_PRES	4	ARTIST	43	-999	P	1042
1302632229603	0	RECOG_CR_PRES	4	ARTIST	43	-999	P	138
1302632230069	1	RECOG_FEEDBACK	1
1302632230827	0	RECOG_PRES	4	HOSTAGE	722	-999	P	1169
1302632232369	0	RECOG_CR_PRES	4	HOSTAGE	722	-999	P	244
1302632232942	1	RECOG_FEEDBACK	1
1302632233668	0	RECOG_PRES	4	PUBLISHER	1137	-999	P	1721
1302632235759	0	RECOG_CR_PRES	4	PUBLISHER	1137	-999	P	229
1302632236342	1	RECOG_FEEDBACK	0
1302632237100	0	RECOG_PRES	4	SAP	1233	-999	P	954
1302632238416	0	RECOG_CR_PRES	4	SAP	1233	-999	P	237
1302632238974	1	RECOG_FEEDBACK	1
1302632239749	0	RECOG_PRES	4	EXPLOSION	544	-999	P	961
1302632241082	0	RECOG_CR_PRES	4	EXPLOSION	544	-999	P	243
1302632241624	1	RECOG_FEEDBACK	1
1302632242373	0	RECOG_PRES	4	BUTTERFLY	206	-999	P	1017
1302632243765	0	RECOG_CR_PRES	4	BUTTERFLY	206	-999	P	215
1302632244298	1	RECOG_FEEDBACK	1
1302632245047	0	RECOG_PRES	4	DOUGHNUT	490	-999	P	1006
1302632246430	0	RECOG_CR_PRES	4	DOUGHNUT	490	-999	P	271
1302632247022	1	RECOG_FEEDBACK	1
1302632247780	0	RECOG_PRES	4	BUN	197	-999	P	1274
1302632249429	0	RECOG_CR_PRES	4	BUN	197	-999	P	240
1302632250012	1	RECOG_FEEDBACK	1
1302632251595	0	REST
1302632252758	1	REC_START
1302632252795	0	RECOG_PRES	5	HEDGE	699	-999	P	1426
1302632254594	0	RECOG_CR_PRES	5	HEDGE	699	-999	P	235
1302632255169	1	RECOG_FEEDBACK	1
1302632255943	0	RECOG_PRES	5	HAMBURGER	679	-999	P	1013
1302632257318	0	RECOG_CR_PRES	5	HAMBURGER	679	-999	P	183
1302632257801	1	RECOG_FEEDBACK	1
1302632258593	0	RECOG_PRES	5	FRIEND	606	-999	P	948
1302632259916	0	RECOG_CR_PRES	5	FRIEND	606	-999	P	225
1302632260475	1	RECOG_FEEDBACK	1
1302632261208	0	RECOG_PRES	5	SCHOOL	1248	-999	P	1021
1302632262600	0	RECOG_CR_PRES	5	SCHOOL	1248	-999	P	261
1302632263183	1	RECOG_FEEDBACK	1
1302632263931	0	RECOG_PRES	5	CHAMPAGNE	278	-999	P	1346
1302632265648	0	RECOG_CR_PRES	5	CHAMPAGNE	278	-999	P	189
1302632266165	1	RECOG_FEEDBACK	1
1302632266955	0	RECOG_PRES	5	CHICK	296	-999	P	1017
1302632268339	0	RECOG_CR_PRES	5	CHICK	296	-999	P	250
1302632268913	1	RECOG_FEEDBACK	1
1302632269705	0	RECOG_PRES	5	RAM	1165	-999	P	808
1302632270912	0	RECOG_CR_PRES	5	RAM	1165	-999	P	269
1302632271463	1	RECOG_FEEDBACK	1
1302632272271	0	RECOG_PRES	5	SWAMP	1416	-999	P	1126
1302632273771	0	RECOG_CR_PRES	5	SWAMP	1416	-999	P	193
1302632274295	1	RECOG_FEEDBACK	1
1302632275087	0	RECOG_PRES	5	SHEPHERD	1283	-999	P	877
1302632276328	0	RECOG_CR_PRES	5	SHEPHERD	1283	-999	P	205
1302632276869	1	RECOG_FEEDBACK	1
1302632277603	0	RECOG_PRES	5	KNUCKLE	789	-999	P	1066
1302632279044	0	RECOG_CR_PRES	5	KNUCKLE	789	-999	P	225
1302632279602	1	RECOG_FEEDBACK	1
1302632280377	0	RECOG_PRES	5	TIE	1466	-999	P	1036
1302632281784	0	RECOG_CR_PRES	5	TIE	1466	-999	P	245
1302632282351	1	RECOG_FEEDBACK	1
1302632283084	0	RECOG_PRES	5	CHECK	284	-999	P	1265
1302632284725	0	RECOG_CR_PRES	5	CHECK	284	-999	P	528
1302632285583	1	RECOG_FEEDBACK	0
1302632286366	0	RECOG_PRES	5	WASP	1593	-999	P	1151
1302632287890	0	RECOG_CR_PRES	5	WASP	1593	-999	P	867
1302632289090	1	RECOG_FEEDBACK	1
1302632289857	0	RECOG_PRES	5	CACTUS	215	-999	P	1140
1302632291373	0	RECOG_CR_PRES	5	CACTUS	215	-999	P	200
1302632291896	1	RECOG_FEEDBACK	1
1302632292614	0	RECOG_PRES	5	POTATO	1115	-999	P	1015
1302632294005	0	RECOG_CR_PRES	5	POTATO	1115	-999	P	232
1302632294538	1	RECOG_FEEDBACK	1
1302632295288	0	RECOG_PRES	5	BOULEVARD	156	-999	P	1093
1302632296754	0	RECOG_CR_PRES	5	BOULEVARD	156	-999	P	242
1302632297321	1	RECOG_FEEDBACK	1
1302632298129	0	RECOG_PRES	5	SLUG	1329	-999	P	932
1302632299436	0	RECOG_CR_PRES	5	SLUG	1329	-999	P	185
1302632299944	1	RECOG_FEEDBACK	1
1302632300653	0	RECOG_PRES	5	CHAMBER	277	-999	P	2424
1302632303452	0	RECOG_CR_PRES	5	CHAMBER	277	-999	P	257
1302632304093	1	RECOG_FEEDBACK	0
1302632304818	0	RECOG_PRES	5	BUG	187	-999	P	1444
1302632306634	0	RECOG_CR_PRES	5	BUG	187	-999	P	188
1302632307167	1	RECOG_FEEDBACK	1
1302632307924	0	RECOG_PRES	5	GRILL	661	-999	P	906
1302632309200	0	RECOG_CR_PRES	5	GRILL	661	-999	P	205
1302632309724	1	RECOG_FEEDBACK	1
1302632316747	0	REST
1302632317923	1	REC_START
1302632317954	0	RECOG_PRES	6	FENCE	560	-999	P	1099
1302632319429	0	RECOG_CR_PRES	6	FENCE	560	-999	P	224
1302632319978	1	RECOG_FEEDBACK	1
1302632320729	0	RECOG_PRES	6	BLACKBERRY	132	-999	P	2652
1302632323753	0	RECOG_CR_PRES	6	BLACKBERRY	132	-999	P	308
1302632324436	1	RECOG_FEEDBACK	1
1302632325194	0	RECOG_PRES	6	RADIO	1157	-999	P	1068
1302632326635	0	RECOG_CR_PRES	6	RADIO	1157	-999	P	186
1302632327152	1	RECOG_FEEDBACK	1
1302632327934	0	RECOG_PRES	6	VET	1560	-999	P	903
1302632329209	0	RECOG_CR_PRES	6	VET	1560	-999	P	212
1302632329734	1	RECOG_FEEDBACK	1
1302632330517	0	RECOG_PRES	6	BELLY	119	-999	P	1816
1302632332708	0	RECOG_CR_PRES	6	BELLY	119	-999	P	177
1302632333224	1	RECOG_FEEDBACK	1
1302632333956	0	RECOG_PRES	6	FIDDLE	561	-999	P	1058
1302632335382	0	RECOG_CR_PRES	6	FIDDLE	561	-999	P	191
1302632335890	1	RECOG_FEEDBACK	1
1302632336698	0	RECOG_PRES	6	LOBBY	836	-999	P	1076
1302632338148	0	RECOG_CR_PRES	6	LOBBY	836	-999	P	177
1302632338648	1	RECOG_FEEDBACK	1
1302632339422	0	RECOG_PRES	6	PERFUME	1049	-999	P	903
1302632340697	0	RECOG_CR_PRES	6	PERFUME	1049	-999	P	203
1302632341222	1	RECOG_FEEDBACK	1
1302632341979	0	RECOG_PRES	6	CASHIER	254	-999	P	1179
1302632343529	0	RECOG_CR_PRES	6	CASHIER	254	-999	P	189
1302632344037	1	RECOG_FEEDBACK	1
1302632344795	0	RECOG_PRES	6	NECKLACE	940	-999	P	939
1302632346103	0	RECOG_CR_PRES	6	NECKLACE	940	-999	P	214
1302632346645	1	RECOG_FEEDBACK	1
1302632347411	0	RECOG_PRES	6	HAT	690	-999	P	1147
1302632348926	0	RECOG_CR_PRES	6	HAT	690	-999	P	384
1302632349652	1	RECOG_FEEDBACK	0
1302632350418	0	RECOG_PRES	6	VEGETABLE	1552	-999	P	900
1302632351693	0	RECOG_CR_PRES	6	VEGETABLE	1552	-999	P	231
1302632352243	1	RECOG_FEEDBACK	1
1302632352975	0	RECOG_PRES	6	PUZZLE	1146	-999	P	941
1302632354284	0	RECOG_CR_PRES	6	PUZZLE	1146	-999	P	225
1302632354833	1	RECOG_FEEDBACK	1
1302632355616	0	RECOG_PRES	6	SOFTBALL	1343	-999	P	1006
1302632356990	0	RECOG_CR_PRES	6	SOFTBALL	1343	-999	P	263
1302632357574	1	RECOG_FEEDBACK	1
1302632358365	0	RECOG_PRES	6	DIVER	476	-999	P	889
1302632359623	0	RECOG_CR_PRES	6	DIVER	476	-999	P	246
1302632360182	1	RECOG_FEEDBACK	1
1302632360997	0	RECOG_PRES	6	GHETTO	633	-999	P	935
1302632362297	0	RECOG_CR_PRES	6	GHETTO	633	-999	P	258
1302632362881	1	RECOG_FEEDBACK	1
1302632363605	0	RECOG_PRES	6	KETTLE	772	-999	P	1008
1302632364987	0	RECOG_CR_PRES	6	KETTLE	772	-999	P	250
1302632365563	1	RECOG_FEEDBACK	1
1302632366288	0	RECOG_PRES	6	DIPLOMA	470	-999	P	2493
1302632369153	0	RECOG_CR_PRES	6	DIPLOMA	470	-999	P	308
1302632369902	1	RECOG_FEEDBACK	0
1302632370644	0	RECOG_PRES	6	MATTRESS	879	-999	P	2073
1302632373094	0	RECOG_CR_PRES	6	MATTRESS	879	-999	P	455
1302632373901	1	RECOG_FEEDBACK	0
1302632374701	0	RECOG_PRES	6	FIG	563	-999	P	1424
1302632376501	0	RECOG_CR_PRES	6	FIG	563	-999	P	568
1302632377409	1	RECOG_FEEDBACK	1
1302632378949	0	REST
1302632379994	1	REC_START
1302632380033	0	RECOG_PRES	7	PIGMENT	1066	-999	P	1213
1302632381616	0	RECOG_CR_PRES	7	PIGMENT	1066	-999	P	261
1302632382199	1	RECOG_FEEDBACK	1
1302632382914	0	RECOG_PRES	7	PLANET	1082	-999	P	1035
1302632384315	0	RECOG_CR_PRES	7	PLANET	1082	-999	P	219
1302632384856	1	RECOG_FEEDBACK	1
1302632385639	0	RECOG_PRES	7	HARP	689	-999	P	1111
1302632387122	0	RECOG_CR_PRES	7	HARP	689	-999	P	219
1302632387680	1	RECOG_FEEDBACK	0
1302632388430	0	RECOG_PRES	7	BOAT	144	-999	P	1168
1302632389970	0	RECOG_CR_PRES	7	BOAT	144	-999	P	308
1302632390604	1	RECOG_FEEDBACK	1
1302632391320	0	RECOG_PRES	7	MONASTERY	907	-999	P	1158
1302632392853	0	RECOG_CR_PRES	7	MONASTERY	907	-999	P	208
1302632393395	1	RECOG_FEEDBACK	1
1302632394178	0	RECOG_PRES	7	TUBE	1516	-999	P	1124
1302632395677	0	RECOG_CR_PRES	7	TUBE	1516	-999	P	223
1302632396235	1	RECOG_FEEDBACK	1
1302632397002	0	RECOG_PRES	7	PITCHFORK	1078	-999	P	986
1302632398360	0	RECOG_CR_PRES	7	PITCHFORK	1078	-999	P	221
1302632398900	1	RECOG_FEEDBACK	0
1302632399692	0	RECOG_PRES	7	XEROX	1628	-999	P	1641
1302632401708	0	RECOG_CR_PRES	7	XEROX	1628	-999	P	280
1302632402342	1	RECOG_FEEDBACK	1
1302632403108	0	RECOG_PRES	7	HAMMOCK	681	-999	P	1498
1302632404981	0	RECOG_CR_PRES	7	HAMMOCK	681	-999	P	256
1302632405590	1	RECOG_FEEDBACK	1
1302632406382	0	RECOG_PRES	7	VIOLIN	1571	-999	P	991
1302632407748	0	RECOG_CR_PRES	7	VIOLIN	1571	-999	P	248
1302632408306	1	RECOG_FEEDBACK	1
1302632409064	0	RECOG_PRES	7	GENERAL	630	-999	P	1166
1302632410605	0	RECOG_CR_PRES	7	GENERAL	630	-999	P	248
1302632411180	1	RECOG_FEEDBACK	1
1302632411921	0	RECOG_PRES	7	CROCODILE	411	-999	P	1093
1302632413388	0	RECOG_CR_PRES	7	CROCODILE	411	-999	P	257
1302632413970	1	RECOG_FEEDBACK	1
1302632414754	0	RECOG_PRES	7	SLEIGH	1325	-999	P	1475
1302632416603	0	RECOG_CR_PRES	7	SLEIGH	1325	-999	P	282
1302632417236	1	RECOG_FEEDBACK	1
1302632417977	0	RECOG_PRES	7	CREEK	404	-999	P	1181
1302632419527	0	RECOG_CR_PRES	7	CREEK	404	-999	P	279
1302632420144	1	RECOG_FEEDBACK	1
1302632420926	0	RECOG_PRES	7	CASH	252	-999	P	1088
1302632422384	0	RECOG_CR_PRES	7	CASH	252	-999	P	277
1302632422992	1	RECOG_FEEDBACK	1
1302632423717	0	RECOG_PRES	7	VISITOR	1573	-999	P	1224
1302632425317	0	RECOG_CR_PRES	7	VISITOR	1573	-999	P	272
1302632425924	1	RECOG_FEEDBACK	1
1302632426633	0	RECOG_PRES	7	APPLE	33	-999	P	996
1302632427998	0	RECOG_CR_PRES	7	APPLE	33	-999	P	335
1302632428657	1	RECOG_FEEDBACK	1
1302632429457	0	RECOG_PRES	7	TURTLE	1522	-999	P	1140
1302632430972	0	RECOG_CR_PRES	7	TURTLE	1522	-999	P	201
1302632431506	1	RECOG_FEEDBACK	1
1302632432273	0	RECOG_PRES	7	ESCALATOR	539	-999	P	1093
1302632433739	0	RECOG_CR_PRES	7	ESCALATOR	539	-999	P	282
1302632434355	1	RECOG_FEEDBACK	1
1302632435105	0	RECOG_PRES	7	PUBLICATION	1136	-999	P	1916
1302632437387	0	RECOG_CR_PRES	7	PUBLICATION	1136	-999	P	298
1302632438046	1	RECOG_FEEDBACK	1
1302632439520	0	REST
1302632440359	1	REC_START
1302632440395	0	RECOG_PRES	8	TROMBONE	1508	-999	P	1650
1302632442419	0	RECOG_CR_PRES	8	TROMBONE	1508	-999	P	242
1302632443019	1	RECOG_FEEDBACK	1
1302632443810	0	RECOG_PRES	8	CHIPMUNK	304	-999	P	1195
1302632445376	0	RECOG_CR_PRES	8	CHIPMUNK	304	-999	P	229
1302632445942	1	RECOG_FEEDBACK	1
1302632446659	0	RECOG_PRES	8	LOCK	838	-999	P	1186
1302632448217	0	RECOG_CR_PRES	8	LOCK	838	-999	P	268
1302632448825	1	RECOG_FEEDBACK	1
1302632449616	0	RECOG_PRES	8	LEAF	808	-999	P	1118
1302632451108	0	RECOG_CR_PRES	8	LEAF	808	-999	P	289
1302632451724	1	RECOG_FEEDBACK	1
1302632452474	0	RECOG_PRES	8	TROUSERS	1510	-999	P	1579
1302632454423	0	RECOG_CR_PRES	8	TROUSERS	1510	-999	P	431
1302632455214	1	RECOG_FEEDBACK	1
1302632455963	0	RECOG_PRES	8	TWIG	1527	-999	P	993
1302632457322	0	RECOG_CR_PRES	8	TWIG	1527	-999	P	291
1302632457946	1	RECOG_FEEDBACK	1
1302632458688	0	RECOG_PRES	8	PEOPLE	1046	-999	P	1013
1302632460071	0	RECOG_CR_PRES	8	PEOPLE	1046	-999	P	334
1302632460737	1	RECOG_FEEDBACK	1
1302632461479	0	RECOG_PRES	8	TORTOISE	1486	-999	P	1687
1302632463537	0	RECOG_CR_PRES	8	TORTOISE	1486	-999	P	427
1302632464344	1	RECOG_FEEDBACK	1
1302632465144	0	RECOG_PRES	8	DUNE	506	-999	P	1550
1302632467069	0	RECOG_CR_PRES	8	DUNE	506	-999	P	256
1302632467702	1	RECOG_FEEDBACK	1
1302632468451	0	RECOG_PRES	8	PRODUCER	1129	-999	P	1314
1302632470134	0	RECOG_CR_PRES	8	PRODUCER	1129	-999	P	207
1302632470692	1	RECOG_FEEDBACK	1
1302632471459	0	RECOG_PRES	8	CEILING	265	-999	P	1395
1302632473225	0	RECOG_CR_PRES	8	CEILING	265	-999	P	324
1302632473915	1	RECOG_FEEDBACK	0
1302632474674	0	RECOG_PRES	8	BANQUET	86	-999	P	1004
1302632476049	0	RECOG_CR_PRES	8	BANQUET	86	-999	P	212
1302632476582	1	RECOG_FEEDBACK	1
1302632477357	0	RECOG_PRES	8	BOXER	160	-999	P	3033
1302632480764	0	RECOG_CR_PRES	8	BOXER	160	-999	P	594
1302632481763	1	RECOG_FEEDBACK	0
1302632482496	0	RECOG_PRES	8	TUNA	1518	-999	P	1077
1302632483945	0	RECOG_CR_PRES	8	TUNA	1518	-999	P	180
1302632484454	1	RECOG_FEEDBACK	1
1302632485254	0	RECOG_PRES	8	BLUEBERRY	140	-999	P	2063
1302632487686	0	RECOG_CR_PRES	8	BLUEBERRY	140	-999	P	310
1302632488369	1	RECOG_FEEDBACK	1
1302632489102	0	RECOG_PRES	8	POLE	1097	-999	P	1048
1302632490519	0	RECOG_CR_PRES	8	POLE	1097	-999	P	246
1302632491085	1	RECOG_FEEDBACK	1
1302632491835	0	RECOG_PRES	8	ATMOSPHERE	54	-999	P	963
1302632493168	0	RECOG_CR_PRES	8	ATMOSPHERE	54	-999	P	237
1302632493701	1	RECOG_FEEDBACK	1
1302632494492	0	RECOG_PRES	8	QUARTER	1148	-999	P	1057
1302632495924	0	RECOG_CR_PRES	8	QUARTER	1148	-999	P	201
1302632496458	1	RECOG_FEEDBACK	1
1302632497191	0	RECOG_PRES	8	SERVER	1272	-999	P	998
1302632498557	0	RECOG_CR_PRES	8	SERVER	1272	-999	P	248
1302632499132	1	RECOG_FEEDBACK	1
1302632499898	0	RECOG_PRES	8	SLEEVE	1324	-999	P	1235
1302632501506	0	RECOG_CR_PRES	8	SLEEVE	1324	-999	P	211
1302632502048	1	RECOG_FEEDBACK	1
1302632503631	0	REST
1302632504608	1	REC_START
1302632504639	0	RECOG_PRES	9	MOB	904	-999	P	942
1302632505954	0	RECOG_CR_PRES	9	MOB	904	-999	P	219
1302632506446	1	RECOG_FEEDBACK	1
1302632507196	0	RECOG_PRES	9	STRANGER	1389	-999	P	994
1302632508562	0	RECOG_CR_PRES	9	STRANGER	1389	-999	P	299
1302632509187	1	RECOG_FEEDBACK	1
1302632509994	0	RECOG_PRES	9	OINTMENT	974	-999	P	1300
1302632511669	0	RECOG_CR_PRES	9	OINTMENT	974	-999	P	231
1302632512236	1	RECOG_FEEDBACK	1
1302632512993	0	RECOG_PRES	9	COB	334	-999	P	884
1302632514243	0	RECOG_CR_PRES	9	COB	334	-999	P	258
1302632514827	1	RECOG_FEEDBACK	1
1302632515568	0	RECOG_PRES	9	BAG	69	-999	P	1245
1302632517184	0	RECOG_CR_PRES	9	BAG	69	-999	P	237
1302632517751	1	RECOG_FEEDBACK	1
1302632518509	0	RECOG_PRES	9	SUGAR	1401	-999	P	928
1302632519808	0	RECOG_CR_PRES	9	SUGAR	1401	-999	P	259
1302632520375	1	RECOG_FEEDBACK	1
1302632521091	0	RECOG_PRES	9	SWIMMER	1420	-999	P	947
1302632522407	0	RECOG_CR_PRES	9	SWIMMER	1420	-999	P	278
1302632523007	1	RECOG_FEEDBACK	1
1302632523790	0	RECOG_PRES	9	CABBAGE	210	-999	P	968
1302632525131	0	RECOG_CR_PRES	9	CABBAGE	210	-999	P	242
1302632525698	1	RECOG_FEEDBACK	1
1302632526431	0	RECOG_PRES	9	CAULIFLOWER	262	-999	P	1134
1302632527938	0	RECOG_CR_PRES	9	CAULIFLOWER	262	-999	P	227
1302632528488	1	RECOG_FEEDBACK	1
1302632529238	0	RECOG_PRES	9	GALLON	618	-999	P	1056
1302632530663	0	RECOG_CR_PRES	9	GALLON	618	-999	P	254
1302632531237	1	RECOG_FEEDBACK	1
1302632531995	0	RECOG_PRES	9	TOOL	1480	-999	P	946
1302632533303	0	RECOG_CR_PRES	9	TOOL	1480	-999	P	255
1302632533878	1	RECOG_FEEDBACK	1
1302632534653	0	RECOG_PRES	9	BOARD	143	-999	P	1585
1302632536611	0	RECOG_CR_PRES	9	BOARD	143	-999	P	226
1302632537185	1	RECOG_FEEDBACK	1
1302632537892	0	RECOG_PRES	9	JELLO	754	-999	P	1025
1302632539285	0	RECOG_CR_PRES	9	JELLO	754	-999	P	264
1302632539868	1	RECOG_FEEDBACK	1
1302632540617	0	RECOG_PRES	9	RANCH	1166	-999	P	1189
1302632542175	0	RECOG_CR_PRES	9	RANCH	1166	-999	P	183
1302632542692	1	RECOG_FEEDBACK	1
1302632543475	0	RECOG_PRES	9	BOSS	152	-999	P	1923
1302632545774	0	RECOG_CR_PRES	9	BOSS	152	-999	P	182
1302632546307	1	RECOG_FEEDBACK	1
1302632547032	0	RECOG_PRES	9	PIZZA	1079	-999	P	3126
1302632550531	0	RECOG_CR_PRES	9	PIZZA	1079	-999	P	851
1302632551847	1	RECOG_FEEDBACK	0
1302632552588	0	RECOG_PRES	9	TIGER	1467	-999	P	1114
1302632554071	0	RECOG_CR_PRES	9	TIGER	1467	-999	P	1103
1302632555495	1	RECOG_FEEDBACK	0
1302632556262	0	RECOG_PRES	9	DOORBELL	487	-999	P	1096
1302632557736	0	RECOG_CR_PRES	9	DOORBELL	487	-999	P	244
1302632558319	1	RECOG_FEEDBACK	1
1302632559061	0	RECOG_PRES	9	CAPTAIN	239	-999	P	945
1302632560377	0	RECOG_CR_PRES	9	CAPTAIN	239	-999	P	261
1302632560918	1	RECOG_FEEDBACK	1
1302632561643	0	RECOG_PRES	9	CHOCOLATE	306	-999	P	1003
1302632563018	0	RECOG_CR_PRES	9	CHOCOLATE	306	-999	P	251
1302632563601	1	RECOG_FEEDBACK	1
1302632565142	0	REST
1302632566110	1	REC_START
1302632566142	0	RECOG_PRES	10	SUPPER	1411	-999	P	1032
1302632567549	0	RECOG_CR_PRES	10	SUPPER	1411	-999	P	296
1302632568166	1	RECOG_FEEDBACK	1
1302632568956	0	RECOG_PRES	10	TEAPOT	1442	-999	P	1114
1302632570440	0	RECOG_CR_PRES	10	TEAPOT	1442	-999	P	238
1302632570997	1	RECOG_FEEDBACK	1
1302632571756	0	RECOG_PRES	10	ANTELOPE	27	-999	P	1034
1302632573164	0	RECOG_CR_PRES	10	ANTELOPE	27	-999	P	193
1302632573689	1	RECOG_FEEDBACK	1
1302632574480	0	RECOG_PRES	10	NIECE	952	-999	P	958
1302632575813	0	RECOG_CR_PRES	10	NIECE	952	-999	P	217
1302632576346	1	RECOG_FEEDBACK	1
1302632577138	0	RECOG_PRES	10	OZONE	996	-999	P	1044
1302632578554	0	RECOG_CR_PRES	10	OZONE	996	-999	P	227
1302632579079	1	RECOG_FEEDBACK	1
1302632579845	0	RECOG_PRES	10	PLATE	1086	-999	P	1320
1302632581536	0	RECOG_CR_PRES	10	PLATE	1086	-999	P	213
1302632582078	1	RECOG_FEEDBACK	0
1302632582794	0	RECOG_PRES	10	SKIN	1318	-999	P	1059
1302632584227	0	RECOG_CR_PRES	10	SKIN	1318	-999	P	218
1302632584777	1	RECOG_FEEDBACK	1
1302632585518	0	RECOG_PRES	10	CLOVE	329	-999	P	1023
1302632586917	0	RECOG_CR_PRES	10	CLOVE	329	-999	P	240
1302632587476	1	RECOG_FEEDBACK	1
1302632588276	0	RECOG_PRES	10	KIWI	781	-999	P	2417
1302632591066	0	RECOG_CR_PRES	10	KIWI	781	-999	P	203
1302632591633	1	RECOG_FEEDBACK	1
1302632592382	0	RECOG_PRES	10	WOUND	1624	-999	P	1952
1302632594707	0	RECOG_CR_PRES	10	WOUND	1624	-999	P	875
1302632595938	1	RECOG_FEEDBACK	1
1302632596689	0	RECOG_PRES	10	NIGHTGOWN	953	-999	P	1283
1302632598339	0	RECOG_CR_PRES	10	NIGHTGOWN	953	-999	P	274
1302632598962	1	RECOG_FEEDBACK	1
1302632599688	0	RECOG_PRES	10	RAIL	1161	-999	P	3166
1302632603229	0	RECOG_CR_PRES	10	RAIL	1161	-999	P	473
1302632604095	1	RECOG_FEEDBACK	0
1302632604870	0	RECOG_PRES	10	ZUCCHINI	1638	-999	P	960
1302632606203	0	RECOG_CR_PRES	10	ZUCCHINI	1638	-999	P	291
1302632606827	1	RECOG_FEEDBACK	1
1302632607560	0	RECOG_PRES	10	PIE	1062	-999	P	1110
1302632609043	0	RECOG_CR_PRES	10	PIE	1062	-999	P	226
1302632609601	1	RECOG_FEEDBACK	1
1302632610343	0	RECOG_PRES	10	STEP	1377	-999	P	1031
1302632611742	0	RECOG_CR_PRES	10	STEP	1377	-999	P	238
1302632612259	1	RECOG_FEEDBACK	1
1302632612999	0	RECOG_PRES	10	CRYSTAL	418	-999	P	1062
1302632614433	0	RECOG_CR_PRES	10	CRYSTAL	418	-999	P	196
1302632614948	1	RECOG_FEEDBACK	1
1302632615724	0	RECOG_PRES	10	NECK	939	-999	P	1225
1302632617315	0	RECOG_CR_PRES	10	NECK	939	-999	P	234
1302632617882	1	RECOG_FEEDBACK	1
1302632618623	0	RECOG_PRES	10	BONE	148	-999	P	1063
1302632620056	0	RECOG_CR_PRES	10	BONE	148	-999	P	221
1302632620589	1	RECOG_FEEDBACK	1
1302632621305	0	RECOG_PRES	10	RIB	1188	-999	P	1301
1302632622987	0	RECOG_CR_PRES	10	RIB	1188	-999	P	195
1302632623505	1	RECOG_FEEDBACK	1
1302632624263	0	RECOG_PRES	10	TWEEZERS	1526	-999	P	919
1302632625554	0	RECOG_CR_PRES	10	TWEEZERS	1526	-999	P	243
1302632626129	1	RECOG_FEEDBACK	1
1302632628345	0	REST
1302632629457	1	REC_START
1302632629494	0	RECOG_PRES	11	PUDDLE	1140	-999	P	952
1302632630819	0	RECOG_CR_PRES	11	PUDDLE	1140	-999	P	234
1302632631369	1	RECOG_FEEDBACK	1
1302632632102	0	RECOG_PRES	11	SEAL	1262	-999	P	1488
1302632633958	0	RECOG_CR_PRES	11	SEAL	1262	-999	P	271
1302632634559	1	RECOG_FEEDBACK	1
1302632635300	0	RECOG_PRES	11	TIMBER	1469	-999	P	986
1302632636658	0	RECOG_CR_PRES	11	TIMBER	1469	-999	P	250
1302632637241	1	RECOG_FEEDBACK	1
1302632637990	0	RECOG_PRES	11	GREASE	660	-999	P	1088
1302632639449	0	RECOG_CR_PRES	11	GREASE	660	-999	P	229
1302632640007	1	RECOG_FEEDBACK	1
1302632640798	0	RECOG_PRES	11	CENT	270	-999	P	967
1302632642140	0	RECOG_CR_PRES	11	CENT	270	-999	P	218
1302632642681	1	RECOG_FEEDBACK	1
1302632643456	0	RECOG_PRES	11	MILDEW	893	-999	P	1110
1302632644938	0	RECOG_CR_PRES	11	MILDEW	893	-999	P	259
1302632645538	1	RECOG_FEEDBACK	1
1302632646255	0	RECOG_PRES	11	TUB	1514	-999	P	1407
1302632648038	0	RECOG_CR_PRES	11	TUB	1514	-999	P	207
1302632648587	1	RECOG_FEEDBACK	1
1302632649337	0	RECOG_PRES	11	PISTOL	1075	-999	P	901
1302632650612	0	RECOG_CR_PRES	11	PISTOL	1075	-999	P	210
1302632651145	1	RECOG_FEEDBACK	0
1302632651919	0	RECOG_PRES	11	OATS	968	-999	P	1998
1302632654285	0	RECOG_CR_PRES	11	OATS	968	-999	P	224
1302632654868	1	RECOG_FEEDBACK	1
1302632655593	0	RECOG_PRES	11	ORCHID	982	-999	P	1085
1302632657051	0	RECOG_CR_PRES	11	ORCHID	982	-999	P	226
1302632657601	1	RECOG_FEEDBACK	1
1302632658359	0	RECOG_PRES	11	ACTOR	5	-999	P	1070
1302632659800	0	RECOG_CR_PRES	11	ACTOR	5	-999	P	245
1302632660375	1	RECOG_FEEDBACK	1
1302632661175	0	RECOG_PRES	11	SARDINE	1235	-999	P	1119
1302632662666	0	RECOG_CR_PRES	11	SARDINE	1235	-999	P	258
1302632663257	1	RECOG_FEEDBACK	1
1302632664015	0	RECOG_PRES	11	TRUMPET	1513	-999	P	1247
1302632665631	0	RECOG_CR_PRES	11	TRUMPET	1513	-999	P	198
1302632666156	1	RECOG_FEEDBACK	0
1302632666947	0	RECOG_PRES	11	BIKE	125	-999	P	1475
1302632668797	0	RECOG_CR_PRES	11	BIKE	125	-999	P	199
1302632669338	1	RECOG_FEEDBACK	1
1302632670113	0	RECOG_PRES	11	ANIMAL	23	-999	P	1581
1302632672062	0	RECOG_CR_PRES	11	ANIMAL	23	-999	P	239
1302632672645	1	RECOG_FEEDBACK	0
1302632673354	0	RECOG_PRES	11	PIN	1072	-999	P	1188
1302632674910	0	RECOG_CR_PRES	11	PIN	1072	-999	P	239
1302632675478	1	RECOG_FEEDBACK	1
1302632676203	0	RECOG_PRES	11	COD	340	-999	P	2131
1302632678710	0	RECOG_CR_PRES	11	COD	340	-999	P	351
1302632679476	1	RECOG_FEEDBACK	1
1302632680260	0	RECOG_PRES	11	STORE	1387	-999	P	1042
1302632681676	0	RECOG_CR_PRES	11	STORE	1387	-999	P	216
1302632682217	1	RECOG_FEEDBACK	0
1302632683017	0	RECOG_PRES	11	LASH	802	-999	P	1045
1302632684433	0	RECOG_CR_PRES	11	LASH	802	-999	P	204
1302632684957	1	RECOG_FEEDBACK	1
1302632685749	0	RECOG_PRES	11	WALL	1582	-999	P	1585
1302632687707	0	RECOG_CR_PRES	11	WALL	1582	-999	P	386
1302632688440	1	RECOG_FEEDBACK	1
1302632689256	0	RECOG_END
1302632691289	0	SESS_END
1302632691328	0	E	Logging Ends
