1268683742799	0	B	Logging Begins
1268683742799	0	SESS_START	7
1268683830461	1	FR_PRES	0	CREAM	402	1	0	1085	(0.57740000000000002, 0.41289999999999999, 1.0)	../fonts/amplitud.ttf	upper
1268683834390	1	FR_PRES	0	SPACE	1345	1	0	676	(0.57740000000000002, 0.41289999999999999, 1.0)	../fonts/amplitud.ttf	upper
1268683838319	1	FR_PRES	0	LEADER	807	1	1	747	(0.57740000000000002, 0.41289999999999999, 1.0)	../fonts/amplitud.ttf	upper
1268683842481	1	FR_PRES	0	COLESLAW	344	1	0	817	(0.57740000000000002, 0.41289999999999999, 1.0)	../fonts/amplitud.ttf	upper
1268683846451	1	FR_PRES	0	STOMACH	1384	1	0	967	(0.57740000000000002, 0.41289999999999999, 1.0)	../fonts/amplitud.ttf	upper
1268683850421	1	FR_PRES	0	GOLD	647	0	1	1524	(0.42259999999999998, 0.58709999999999996, 0)	../fonts/zerothre.ttf	lower
1268683854608	1	FR_PRES	0	MEDAL	885	0	0	1345	(0.42259999999999998, 0.58709999999999996, 0)	../fonts/zerothre.ttf	lower
1268683858437	1	FR_PRES	0	CHIMPANZEE	302	0	1	949	(0.42259999999999998, 0.58709999999999996, 0)	../fonts/zerothre.ttf	lower
1268683862349	1	FR_PRES	0	RELISH	1183	0	0	1253	(0.42259999999999998, 0.58709999999999996, 0)	../fonts/zerothre.ttf	lower
1268683866544	1	FR_PRES	0	BANQUET	86	0	1	898	(0.42259999999999998, 0.58709999999999996, 0)	../fonts/zerothre.ttf	lower
1268683870663	1	FR_PRES	0	GROCERY	664	0	1	1002	(0.42259999999999998, 0.58709999999999996, 0)	../fonts/zerothre.ttf	lower
1268683874792	1	FR_PRES	0	CHILD	299	1	1	1041	(0.57740000000000002, 0.41289999999999999, 1.0)	../fonts/amplitud.ttf	upper
1268683878646	1	FR_PRES	0	MONKEY	911	1	1	1307	(0.57740000000000002, 0.41289999999999999, 1.0)	../fonts/amplitud.ttf	upper
1268683882749	1	FR_PRES	0	BEVERAGE	123	1	0	1164	(0.57740000000000002, 0.41289999999999999, 1.0)	../fonts/amplitud.ttf	upper
1268683886778	1	FR_PRES	0	WHALE	1601	0	1	1103	(0.42259999999999998, 0.58709999999999996, 0)	../fonts/zerothre.ttf	lower
1268683890956	1	FR_PRES	0	DILL	465	0	0	1294	(0.42259999999999998, 0.58709999999999996, 0)	../fonts/zerothre.ttf	lower
1268683896908	1	REC_START
1268683974035	0	REST
1268683975542	1	FR_PRES	1	MISTER	901	0	1	900	(0.42259999999999998, 0.58709999999999996, 0)	../fonts/zerothre.ttf	lower
1268683979379	1	FR_PRES	1	BANK	83	0	1	967	(0.42259999999999998, 0.58709999999999996, 0)	../fonts/zerothre.ttf	lower
1268683983324	1	FR_PRES	1	SAW	1239	1	0	1158	(0.57740000000000002, 0.41289999999999999, 1.0)	../fonts/amplitud.ttf	upper
1268683987295	1	FR_PRES	1	VEIN	1554	1	0	1867	(0.57740000000000002, 0.41289999999999999, 1.0)	../fonts/amplitud.ttf	upper
1268683991407	1	FR_PRES	1	BUTTON	207	1	0	963	(0.57740000000000002, 0.41289999999999999, 1.0)	../fonts/amplitud.ttf	upper
1268683995377	1	FR_PRES	1	BROCCOLI	176	1	1	1336	(0.57740000000000002, 0.41289999999999999, 1.0)	../fonts/amplitud.ttf	upper
1268683999264	1	FR_PRES	1	SCOUT	1252	0	1	1050	(0.42259999999999998, 0.58709999999999996, 0)	../fonts/zerothre.ttf	lower
1268684003276	1	FR_PRES	1	LAPEL	800	0	0	1429	(0.42259999999999998, 0.58709999999999996, 0)	../fonts/zerothre.ttf	lower
1268684007105	1	FR_PRES	1	DRAWING	494	0	1	1425	(0.42259999999999998, 0.58709999999999996, 0)	../fonts/zerothre.ttf	lower
1268684011042	1	FR_PRES	1	RADISH	1158	0	0	1320	(0.42259999999999998, 0.58709999999999996, 0)	../fonts/zerothre.ttf	lower
1268684015095	1	FR_PRES	1	GRASS	655	0	1	1139	(0.42259999999999998, 0.58709999999999996, 0)	../fonts/zerothre.ttf	lower
1268684019124	1	FR_PRES	1	FIELD	562	0	1	821	(0.42259999999999998, 0.58709999999999996, 0)	../fonts/zerothre.ttf	lower
1268684022969	1	FR_PRES	1	BALL	73	1	0	1680	(0.57740000000000002, 0.41289999999999999, 1.0)	../fonts/amplitud.ttf	upper
1268684026997	1	FR_PRES	1	CHECKERS	285	1	0	1269	(0.57740000000000002, 0.41289999999999999, 1.0)	../fonts/amplitud.ttf	upper
1268684030926	1	FR_PRES	1	PARROT	1015	1	1	1180	(0.57740000000000002, 0.41289999999999999, 1.0)	../fonts/amplitud.ttf	upper
1268684035114	1	FR_PRES	1	CARDINAL	244	1	1	1336	(0.57740000000000002, 0.41289999999999999, 1.0)	../fonts/amplitud.ttf	upper
1268684040882	1	REC_START
1268684117933	0	REST
1268684119440	1	FR_PRES	2	EAR	513	-1	-1	-1268684119440	white	../fonts/Verdana.ttf	upper
1268684123494	1	FR_PRES	2	SNACK	1331	-1	-1	-1268684123494	white	../fonts/Verdana.ttf	upper
1268684127688	1	FR_PRES	2	GLOVE	642	-1	-1	-1268684127688	white	../fonts/Verdana.ttf	upper
1268684131593	1	FR_PRES	2	THUMB	1462	-1	-1	-1268684131593	white	../fonts/Verdana.ttf	upper
1268684135563	1	FR_PRES	2	ANTLER	29	-1	-1	-1268684135563	white	../fonts/Verdana.ttf	upper
1268684139434	1	FR_PRES	2	CABIN	211	-1	-1	-1268684139434	white	../fonts/Verdana.ttf	upper
1268684143446	1	FR_PRES	2	GAZELLE	628	-1	-1	-1268684143446	white	../fonts/Verdana.ttf	upper
1268684147408	1	FR_PRES	2	CANDY	230	-1	-1	-1268684147408	white	../fonts/Verdana.ttf	upper
1268684151245	1	FR_PRES	2	SKI	1316	-1	-1	-1268684151245	white	../fonts/Verdana.ttf	upper
1268684155373	1	FR_PRES	2	MAMMAL	861	-1	-1	-1268684155373	white	../fonts/Verdana.ttf	upper
1268684159543	1	FR_PRES	2	PUDDLE	1140	-1	-1	-1268684159543	white	../fonts/Verdana.ttf	upper
1268684163489	1	FR_PRES	2	ISLAND	745	-1	-1	-1268684163489	white	../fonts/Verdana.ttf	upper
1268684167334	1	FR_PRES	2	DEER	444	-1	-1	-1268684167334	white	../fonts/Verdana.ttf	upper
1268684171404	1	FR_PRES	2	RIB	1188	-1	-1	-1268684171404	white	../fonts/Verdana.ttf	upper
1268684175400	1	FR_PRES	2	VITAMIN	1574	-1	-1	-1268684175400	white	../fonts/Verdana.ttf	upper
1268684179495	1	FR_PRES	2	LUMBER	848	-1	-1	-1268684179495	white	../fonts/Verdana.ttf	upper
1268684185206	1	REC_START
1268684262132	0	REST
1268684263637	1	FR_PRES	3	DAM	436	-1	-1	-1268684263637	white	../fonts/Verdana.ttf	upper
1268684267708	1	FR_PRES	3	NURSERY	964	-1	-1	-1268684267708	white	../fonts/Verdana.ttf	upper
1268684271512	1	FR_PRES	3	DART	440	-1	-1	-1268684271512	white	../fonts/Verdana.ttf	upper
1268684275524	1	FR_PRES	3	COMMANDER	354	-1	-1	-1268684275524	white	../fonts/Verdana.ttf	upper
1268684279578	1	FR_PRES	3	VEHICLE	1553	-1	-1	-1268684279578	white	../fonts/Verdana.ttf	upper
1268684283573	1	FR_PRES	3	CARD	243	-1	-1	-1268684283573	white	../fonts/Verdana.ttf	upper
1268684287577	1	FR_PRES	3	FENCE	560	-1	-1	-1268684287577	white	../fonts/Verdana.ttf	upper
1268684291398	1	FR_PRES	3	SKIN	1318	-1	-1	-1268684291398	white	../fonts/Verdana.ttf	upper
1268684295401	1	FR_PRES	3	CRAYON	401	-1	-1	-1268684295401	white	../fonts/Verdana.ttf	upper
1268684299396	1	FR_PRES	3	TAXI	1438	-1	-1	-1268684299396	white	../fonts/Verdana.ttf	upper
1268684303209	1	FR_PRES	3	WALL	1582	-1	-1	-1268684303209	white	../fonts/Verdana.ttf	upper
1268684307121	1	FR_PRES	3	CASH	252	-1	-1	-1268684307121	white	../fonts/Verdana.ttf	upper
1268684311083	1	FR_PRES	3	QUARTER	1148	-1	-1	-1268684311083	white	../fonts/Verdana.ttf	upper
1268684315211	1	FR_PRES	3	CARPET	247	-1	-1	-1268684315211	white	../fonts/Verdana.ttf	upper
1268684319115	1	FR_PRES	3	TAPIOCA	1434	-1	-1	-1268684319115	white	../fonts/Verdana.ttf	upper
1268684322935	1	FR_PRES	3	FUDGE	611	-1	-1	-1268684322935	white	../fonts/Verdana.ttf	upper
1268684328753	1	REC_START
1268684406055	0	REST
1268684407562	1	FR_PRES	4	PAIL	1002	1	0	1024	(0.57740000000000002, 0.41289999999999999, 1.0)	../fonts/amplitud.ttf	upper
1268684411424	1	FR_PRES	4	BROOK	177	1	0	1409	(0.57740000000000002, 0.41289999999999999, 1.0)	../fonts/amplitud.ttf	upper
1268684415577	1	FR_PRES	4	HAMPER	682	0	1	993	(0.42259999999999998, 0.58709999999999996, 0)	../fonts/zerothre.ttf	lower
1268684419548	1	FR_PRES	4	SUSPECT	1415	0	0	1062	(0.42259999999999998, 0.58709999999999996, 0)	../fonts/zerothre.ttf	lower
1268684423510	1	FR_PRES	4	COLONEL	348	0	1	1020	(0.42259999999999998, 0.58709999999999996, 0)	../fonts/zerothre.ttf	lower
1268684427422	1	FR_PRES	4	COSTUME	383	0	1	996	(0.42259999999999998, 0.58709999999999996, 0)	../fonts/zerothre.ttf	lower
1268684431592	1	FR_PRES	4	MONK	910	0	1	1105	(0.42259999999999998, 0.58709999999999996, 0)	../fonts/zerothre.ttf	lower
1268684435546	1	FR_PRES	4	SAGE	1222	1	0	1456	(0.57740000000000002, 0.41289999999999999, 1.0)	../fonts/amplitud.ttf	upper
1268684439474	1	FR_PRES	4	ONION	977	1	0	1311	(0.57740000000000002, 0.41289999999999999, 1.0)	../fonts/amplitud.ttf	upper
1268684443586	1	FR_PRES	4	JUDGE	761	0	1	1167	(0.42259999999999998, 0.58709999999999996, 0)	../fonts/zerothre.ttf	lower
1268684447598	1	FR_PRES	4	PIN	1072	0	0	1268	(0.42259999999999998, 0.58709999999999996, 0)	../fonts/zerothre.ttf	lower
1268684451734	1	FR_PRES	4	CARRIAGE	248	0	1	1348	(0.42259999999999998, 0.58709999999999996, 0)	../fonts/zerothre.ttf	lower
1268684455663	1	FR_PRES	4	BASSINET	97	1	0	1306	(0.57740000000000002, 0.41289999999999999, 1.0)	../fonts/amplitud.ttf	upper
1268684459593	1	FR_PRES	4	PAW	1029	1	0	1657	(0.57740000000000002, 0.41289999999999999, 1.0)	../fonts/amplitud.ttf	upper
1268684463770	1	FR_PRES	4	GRATE	657	1	0	841	(0.57740000000000002, 0.41289999999999999, 1.0)	../fonts/amplitud.ttf	upper
1268684467774	1	FR_PRES	4	LIEUTENANT	818	1	1	1219	(0.57740000000000002, 0.41289999999999999, 1.0)	../fonts/amplitud.ttf	upper
1268684473759	1	REC_START
1268684550635	0	REST
1268684552143	1	FR_PRES	5	SEASHORE	1263	1	0	1027	(0.57740000000000002, 0.41289999999999999, 1.0)	../fonts/amplitud.ttf	upper
1268684556196	1	FR_PRES	5	CLAM	315	1	1	886	(0.57740000000000002, 0.41289999999999999, 1.0)	../fonts/amplitud.ttf	upper
1268684560183	1	FR_PRES	5	PRIEST	1122	1	1	730	(0.57740000000000002, 0.41289999999999999, 1.0)	../fonts/amplitud.ttf	upper
1268684564195	1	FR_PRES	5	FRECKLE	602	1	0	951	(0.57740000000000002, 0.41289999999999999, 1.0)	../fonts/amplitud.ttf	upper
1268684568207	1	FR_PRES	5	ROACH	1195	1	1	900	(0.57740000000000002, 0.41289999999999999, 1.0)	../fonts/amplitud.ttf	upper
1268684572194	1	FR_PRES	5	MALL	860	1	0	848	(0.57740000000000002, 0.41289999999999999, 1.0)	../fonts/amplitud.ttf	upper
1268684576314	1	FR_PRES	5	STORE	1387	1	0	1216	(0.57740000000000002, 0.41289999999999999, 1.0)	../fonts/amplitud.ttf	upper
1268684580293	1	FR_PRES	5	BARN	89	1	0	1277	(0.57740000000000002, 0.41289999999999999, 1.0)	../fonts/amplitud.ttf	upper
1268684584447	1	FR_PRES	5	ATTIC	56	1	0	1019	(0.57740000000000002, 0.41289999999999999, 1.0)	../fonts/amplitud.ttf	upper
1268684588292	1	FR_PRES	5	SCIENTIST	1249	1	1	1022	(0.57740000000000002, 0.41289999999999999, 1.0)	../fonts/amplitud.ttf	upper
1268684592271	1	FR_PRES	5	TECHNICIAN	1443	1	1	1060	(0.57740000000000002, 0.41289999999999999, 1.0)	../fonts/amplitud.ttf	upper
1268684596341	1	FR_PRES	5	MULE	931	1	0	2005	(0.57740000000000002, 0.41289999999999999, 1.0)	../fonts/amplitud.ttf	upper
1268684600544	1	FR_PRES	5	GATE	625	1	0	891	(0.57740000000000002, 0.41289999999999999, 1.0)	../fonts/amplitud.ttf	upper
1268684604573	1	FR_PRES	5	MOTH	920	1	1	813	(0.57740000000000002, 0.41289999999999999, 1.0)	../fonts/amplitud.ttf	upper
1268684608717	1	FR_PRES	5	GUEST	669	1	1	996	(0.57740000000000002, 0.41289999999999999, 1.0)	../fonts/amplitud.ttf	upper
1268684612605	1	FR_PRES	5	COAL	332	1	0	781	(0.57740000000000002, 0.41289999999999999, 1.0)	../fonts/amplitud.ttf	upper
1268684618224	1	REC_START
1268684695309	0	REST
1268684696814	1	FR_PRES	6	GALAXY	617	0	1	796	(0.42259999999999998, 0.58709999999999996, 0)	../fonts/zerothre.ttf	lower
1268684701002	1	FR_PRES	6	ARMY	39	0	1	663	(0.42259999999999998, 0.58709999999999996, 0)	../fonts/zerothre.ttf	lower
1268684704822	1	FR_PRES	6	VETERAN	1561	0	1	987	(0.42259999999999998, 0.58709999999999996, 0)	../fonts/zerothre.ttf	lower
1268684709009	1	FR_PRES	6	LEVER	815	0	0	961	(0.42259999999999998, 0.58709999999999996, 0)	../fonts/zerothre.ttf	lower
1268684713013	1	FR_PRES	6	ICING	732	0	0	1245	(0.42259999999999998, 0.58709999999999996, 0)	../fonts/zerothre.ttf	lower
1268684717050	1	FR_PRES	6	ZUCCHINI	1638	0	0	1104	(0.42259999999999998, 0.58709999999999996, 0)	../fonts/zerothre.ttf	lower
1268684721112	1	FR_PRES	6	COOK	372	0	1	1083	(0.42259999999999998, 0.58709999999999996, 0)	../fonts/zerothre.ttf	lower
1268684724981	1	FR_PRES	6	UNIVERSE	1540	0	1	749	(0.42259999999999998, 0.58709999999999996, 0)	../fonts/zerothre.ttf	lower
1268684729161	1	FR_PRES	6	CASHEW	253	0	0	946	(0.42259999999999998, 0.58709999999999996, 0)	../fonts/zerothre.ttf	lower
1268684733298	1	FR_PRES	6	PUMPKIN	1142	0	1	873	(0.42259999999999998, 0.58709999999999996, 0)	../fonts/zerothre.ttf	lower
1268684737310	1	FR_PRES	6	TWEEZERS	1526	0	0	1061	(0.42259999999999998, 0.58709999999999996, 0)	../fonts/zerothre.ttf	lower
1268684741405	1	FR_PRES	6	CEMETERY	269	0	1	982	(0.42259999999999998, 0.58709999999999996, 0)	../fonts/zerothre.ttf	lower
1268684745400	1	FR_PRES	6	LEOPARD	812	0	1	1163	(0.42259999999999998, 0.58709999999999996, 0)	../fonts/zerothre.ttf	lower
1268684749229	1	FR_PRES	6	PANTHER	1009	0	1	830	(0.42259999999999998, 0.58709999999999996, 0)	../fonts/zerothre.ttf	lower
1268684753133	1	FR_PRES	6	ACORN	3	0	0	773	(0.42259999999999998, 0.58709999999999996, 0)	../fonts/zerothre.ttf	lower
1268684756952	1	FR_PRES	6	FIN	566	0	1	1857	(0.42259999999999998, 0.58709999999999996, 0)	../fonts/zerothre.ttf	lower
1268684762746	1	REC_START
1268684840065	0	REST
1268684841571	1	FR_PRES	7	OWL	992	0	1	1024	(0.42259999999999998, 0.58709999999999996, 0)	../fonts/zerothre.ttf	lower
1268684845500	1	FR_PRES	7	CORPORATION	382	0	1	1326	(0.42259999999999998, 0.58709999999999996, 0)	../fonts/zerothre.ttf	lower
1268684849487	1	FR_PRES	7	VEST	1559	0	1	980	(0.42259999999999998, 0.58709999999999996, 0)	../fonts/zerothre.ttf	lower
1268684853382	1	FR_PRES	7	CUFF	423	0	0	1452	(0.42259999999999998, 0.58709999999999996, 0)	../fonts/zerothre.ttf	lower
1268684857261	1	FR_PRES	7	GUM	672	0	0	798	(0.42259999999999998, 0.58709999999999996, 0)	../fonts/zerothre.ttf	lower
1268684861365	1	FR_PRES	7	TROUSERS	1510	0	1	1493	(0.42259999999999998, 0.58709999999999996, 0)	../fonts/zerothre.ttf	lower
1268684865252	1	FR_PRES	7	DRAWER	493	0	1	2070	(0.42259999999999998, 0.58709999999999996, 0)	../fonts/zerothre.ttf	lower
1268684869405	1	FR_PRES	7	TOOTH	1481	0	0	1142	(0.42259999999999998, 0.58709999999999996, 0)	../fonts/zerothre.ttf	lower
1268684873492	1	FR_PRES	7	PASSENGER	1020	0	1	1270	(0.42259999999999998, 0.58709999999999996, 0)	../fonts/zerothre.ttf	lower
1268684877678	1	FR_PRES	7	PANTS	1010	0	1	1381	(0.42259999999999998, 0.58709999999999996, 0)	../fonts/zerothre.ttf	lower
1268684881840	1	FR_PRES	7	RECEIPT	1173	0	0	826	(0.42259999999999998, 0.58709999999999996, 0)	../fonts/zerothre.ttf	lower
1268684885735	1	FR_PRES	7	VEAL	1551	0	1	1083	(0.42259999999999998, 0.58709999999999996, 0)	../fonts/zerothre.ttf	lower
1268684889830	1	FR_PRES	7	LIVER	833	0	0	1213	(0.42259999999999998, 0.58709999999999996, 0)	../fonts/zerothre.ttf	lower
1268684893776	1	FR_PRES	7	CUPBOARD	425	0	1	675	(0.42259999999999998, 0.58709999999999996, 0)	../fonts/zerothre.ttf	lower
1268684897597	1	FR_PRES	7	CONSUMER	365	0	1	1141	(0.42259999999999998, 0.58709999999999996, 0)	../fonts/zerothre.ttf	lower
1268684901666	1	FR_PRES	7	MARKET	871	0	1	1921	(0.42259999999999998, 0.58709999999999996, 0)	../fonts/zerothre.ttf	lower
1268684907643	1	REC_START
1268684985037	0	REST
1268684986543	1	FR_PRES	8	HEATER	698	1	0	964	(0.57740000000000002, 0.41289999999999999, 1.0)	../fonts/amplitud.ttf	upper
1268684990380	1	FR_PRES	8	DINER	467	1	0	831	(0.57740000000000002, 0.41289999999999999, 1.0)	../fonts/amplitud.ttf	upper
1268684994201	1	FR_PRES	8	COMMUNITY	356	1	0	513	(0.57740000000000002, 0.41289999999999999, 1.0)	../fonts/amplitud.ttf	upper
1268684998363	1	FR_PRES	8	CAMEL	223	1	1	744	(0.57740000000000002, 0.41289999999999999, 1.0)	../fonts/amplitud.ttf	upper
1268685002175	1	FR_PRES	8	REFRIGERATOR	1179	1	0	1268	(0.57740000000000002, 0.41289999999999999, 1.0)	../fonts/amplitud.ttf	upper
1268685006062	1	FR_PRES	8	TOWN	1491	1	0	965	(0.57740000000000002, 0.41289999999999999, 1.0)	../fonts/amplitud.ttf	upper
1268685010041	1	FR_PRES	8	COMMITTEE	355	1	1	1082	(0.57740000000000002, 0.41289999999999999, 1.0)	../fonts/amplitud.ttf	upper
1268685014244	1	FR_PRES	8	AUDIENCE	59	1	1	718	(0.57740000000000002, 0.41289999999999999, 1.0)	../fonts/amplitud.ttf	upper
1268685018389	1	FR_PRES	8	WHEAT	1602	1	0	1237	(0.57740000000000002, 0.41289999999999999, 1.0)	../fonts/amplitud.ttf	upper
1268685022235	1	FR_PRES	8	CONTAINER	366	1	0	743	(0.57740000000000002, 0.41289999999999999, 1.0)	../fonts/amplitud.ttf	upper
1268685026230	1	FR_PRES	8	INDIAN	736	1	1	781	(0.57740000000000002, 0.41289999999999999, 1.0)	../fonts/amplitud.ttf	upper
1268685030067	1	FR_PRES	8	ALLIGATOR	16	1	1	1528	(0.57740000000000002, 0.41289999999999999, 1.0)	../fonts/amplitud.ttf	upper
1268685034004	1	FR_PRES	8	TAVERN	1437	1	0	999	(0.57740000000000002, 0.41289999999999999, 1.0)	../fonts/amplitud.ttf	upper
1268685037899	1	FR_PRES	8	BOTTLE	153	1	0	1264	(0.57740000000000002, 0.41289999999999999, 1.0)	../fonts/amplitud.ttf	upper
1268685042045	1	FR_PRES	8	KIWI	781	1	1	669	(0.57740000000000002, 0.41289999999999999, 1.0)	../fonts/amplitud.ttf	upper
1268685045914	1	FR_PRES	8	CELERY	266	1	1	840	(0.57740000000000002, 0.41289999999999999, 1.0)	../fonts/amplitud.ttf	upper
1268685051841	1	REC_START
1268685129077	0	REST
1268685130583	1	FR_PRES	9	DISHWASHER	475	1	0	796	(0.57740000000000002, 0.41289999999999999, 1.0)	../fonts/amplitud.ttf	upper
1268685134752	1	FR_PRES	9	SOAP	1337	1	0	1042	(0.57740000000000002, 0.41289999999999999, 1.0)	../fonts/amplitud.ttf	upper
1268685138814	1	FR_PRES	9	SCARF	1246	0	0	1156	(0.42259999999999998, 0.58709999999999996, 0)	../fonts/zerothre.ttf	lower
1268685142959	1	FR_PRES	9	ARTIST	43	0	1	667	(0.42259999999999998, 0.58709999999999996, 0)	../fonts/zerothre.ttf	lower
1268685146905	1	FR_PRES	9	FOLLOWER	589	0	1	1041	(0.42259999999999998, 0.58709999999999996, 0)	../fonts/zerothre.ttf	lower
1268685150925	1	FR_PRES	9	MOON	914	1	0	1494	(0.57740000000000002, 0.41289999999999999, 1.0)	../fonts/amplitud.ttf	upper
1268685154929	1	FR_PRES	9	FUNERAL	613	1	0	1129	(0.57740000000000002, 0.41289999999999999, 1.0)	../fonts/amplitud.ttf	upper
1268685159100	1	FR_PRES	9	NOOSE	956	1	0	782	(0.57740000000000002, 0.41289999999999999, 1.0)	../fonts/amplitud.ttf	upper
1268685163053	1	FR_PRES	9	CUP	424	1	0	869	(0.57740000000000002, 0.41289999999999999, 1.0)	../fonts/amplitud.ttf	upper
1268685167082	1	FR_PRES	9	MARINE	869	1	3	904	(0.57740000000000002, 0.41289999999999999, 1.0)	../fonts/amplitud.ttf	upper
1268685168006	1	KEY_MSG
1268685170952	1	FR_PRES	9	COD	340	1	1	1451	(0.57740000000000002, 0.41289999999999999, 1.0)	../fonts/amplitud.ttf	upper
1268685175089	1	FR_PRES	9	CASHIER	254	0	1	1138	(0.42259999999999998, 0.58709999999999996, 0)	../fonts/zerothre.ttf	lower
1268685179151	1	FR_PRES	9	HOME	712	0	1	1020	(0.42259999999999998, 0.58709999999999996, 0)	../fonts/zerothre.ttf	lower
1268685183230	1	FR_PRES	9	IDOL	733	0	1	692	(0.42259999999999998, 0.58709999999999996, 0)	../fonts/zerothre.ttf	lower
1268685187358	1	FR_PRES	9	CENT	270	0	0	1029	(0.42259999999999998, 0.58709999999999996, 0)	../fonts/zerothre.ttf	lower
1268685191387	1	FR_PRES	9	PORCH	1106	0	1	696	(0.42259999999999998, 0.58709999999999996, 0)	../fonts/zerothre.ttf	lower
1268685197347	1	REC_START
1268685274739	0	REST
1268685276246	1	FR_PRES	10	PHILOSOPHER	1054	0	1	789	(0.42259999999999998, 0.58709999999999996, 0)	../fonts/zerothre.ttf	lower
1268685280208	1	FR_PRES	10	BIOLOGIST	128	0	1	674	(0.42259999999999998, 0.58709999999999996, 0)	../fonts/zerothre.ttf	lower
1268685284187	1	FR_PRES	10	PAGE	1001	0	0	888	(0.42259999999999998, 0.58709999999999996, 0)	../fonts/zerothre.ttf	lower
1268685288066	1	FR_PRES	10	TULIP	1517	1	1	1361	(0.57740000000000002, 0.41289999999999999, 1.0)	../fonts/amplitud.ttf	upper
1268685292153	1	FR_PRES	10	LOOP	844	1	0	1154	(0.57740000000000002, 0.41289999999999999, 1.0)	../fonts/amplitud.ttf	upper
1268685296298	1	FR_PRES	10	PUBLISHER	1137	1	1	889	(0.57740000000000002, 0.41289999999999999, 1.0)	../fonts/amplitud.ttf	upper
1268685300443	1	FR_PRES	10	RAM	1165	0	1	1175	(0.42259999999999998, 0.58709999999999996, 0)	../fonts/zerothre.ttf	lower
1268685304471	1	FR_PRES	10	PREACHER	1119	0	1	956	(0.42259999999999998, 0.58709999999999996, 0)	../fonts/zerothre.ttf	lower
1268685308575	1	FR_PRES	10	TOE	1473	0	0	1147	(0.42259999999999998, 0.58709999999999996, 0)	../fonts/zerothre.ttf	lower
1268685312595	1	FR_PRES	10	OVAL	990	0	0	1544	(0.42259999999999998, 0.58709999999999996, 0)	../fonts/zerothre.ttf	lower
1268685316582	1	FR_PRES	10	ALBUM	14	0	1	1156	(0.42259999999999998, 0.58709999999999996, 0)	../fonts/zerothre.ttf	lower
1268685320785	1	FR_PRES	10	FRAME	600	1	0	1121	(0.57740000000000002, 0.41289999999999999, 1.0)	../fonts/amplitud.ttf	upper
1268685324606	1	FR_PRES	10	SCREEN	1253	1	0	1469	(0.57740000000000002, 0.41289999999999999, 1.0)	../fonts/amplitud.ttf	upper
1268685328725	1	FR_PRES	10	TICKET	1464	1	0	878	(0.57740000000000002, 0.41289999999999999, 1.0)	../fonts/amplitud.ttf	upper
1268685332787	1	FR_PRES	10	GRIZZLY	662	1	0	1384	(0.57740000000000002, 0.41289999999999999, 1.0)	../fonts/amplitud.ttf	upper
1268685336716	1	FR_PRES	10	PEDAL	1037	1	2	2262	(0.57740000000000002, 0.41289999999999999, 1.0)	../fonts/amplitud.ttf	upper
1268685338997	1	KEY_MSG
1268685343318	1	REC_START
1268685421476	0	REST
1268685422982	1	FR_PRES	11	JUG	762	0	1	900	(0.42259999999999998, 0.58709999999999996, 0)	../fonts/zerothre.ttf	lower
1268685427120	1	FR_PRES	11	BUTTER	205	0	0	818	(0.42259999999999998, 0.58709999999999996, 0)	../fonts/zerothre.ttf	lower
1268685431098	1	FR_PRES	11	SHORTCAKE	1292	0	0	1161	(0.42259999999999998, 0.58709999999999996, 0)	../fonts/zerothre.ttf	lower
1268685435194	1	FR_PRES	11	PUB	1135	1	0	1137	(0.57740000000000002, 0.41289999999999999, 1.0)	../fonts/amplitud.ttf	upper
1268685439239	1	FR_PRES	11	CYLINDER	432	1	0	924	(0.57740000000000002, 0.41289999999999999, 1.0)	../fonts/amplitud.ttf	upper
1268685443359	1	FR_PRES	11	CHIP	303	1	0	1315	(0.57740000000000002, 0.41289999999999999, 1.0)	../fonts/amplitud.ttf	upper
1268685447413	1	FR_PRES	11	VILLAGE	1566	1	0	1118	(0.57740000000000002, 0.41289999999999999, 1.0)	../fonts/amplitud.ttf	upper
1268685451499	1	FR_PRES	11	COTTAGE	384	1	0	1151	(0.57740000000000002, 0.41289999999999999, 1.0)	../fonts/amplitud.ttf	upper
1268685455328	1	FR_PRES	11	RIFLE	1192	1	0	987	(0.57740000000000002, 0.41289999999999999, 1.0)	../fonts/amplitud.ttf	upper
1268685459340	1	FR_PRES	11	CRITIC	410	0	1	975	(0.42259999999999998, 0.58709999999999996, 0)	../fonts/zerothre.ttf	lower
1268685463352	1	FR_PRES	11	PRODUCER	1129	0	1	715	(0.42259999999999998, 0.58709999999999996, 0)	../fonts/zerothre.ttf	lower
1268685467239	1	FR_PRES	11	PISTON	1076	1	0	1100	(0.57740000000000002, 0.41289999999999999, 1.0)	../fonts/amplitud.ttf	upper
1268685471060	1	FR_PRES	11	TRIGGER	1507	1	0	902	(0.57740000000000002, 0.41289999999999999, 1.0)	../fonts/amplitud.ttf	upper
1268685474888	1	FR_PRES	11	ORCHID	982	0	2	491	(0.42259999999999998, 0.58709999999999996, 0)	../fonts/zerothre.ttf	lower
1268685475405	1	KEY_MSG
1268685479000	1	FR_PRES	11	WRITER	1627	0	1	994	(0.42259999999999998, 0.58709999999999996, 0)	../fonts/zerothre.ttf	lower
1268685483104	1	FR_PRES	11	FLEA	577	0	0	1251	(0.42259999999999998, 0.58709999999999996, 0)	../fonts/zerothre.ttf	lower
1268685488798	1	REC_START
1268685564393	1	REST
1268685952704	1	FR_PRES	12	POPCORN	1104	1	0	970	(0.57740000000000002, 0.41289999999999999, 1.0)	../fonts/amplitud.ttf	upper
1268685956534	1	FR_PRES	12	BRAKE	166	1	0	893	(0.57740000000000002, 0.41289999999999999, 1.0)	../fonts/amplitud.ttf	upper
1268685960670	1	FR_PRES	12	ROOST	1208	1	0	765	(0.57740000000000002, 0.41289999999999999, 1.0)	../fonts/amplitud.ttf	upper
1268685964740	1	FR_PRES	12	INSTRUCTOR	741	1	1	831	(0.57740000000000002, 0.41289999999999999, 1.0)	../fonts/amplitud.ttf	upper
1268685968827	1	FR_PRES	12	LIZARD	834	1	1	823	(0.57740000000000002, 0.41289999999999999, 1.0)	../fonts/amplitud.ttf	upper
1268685972847	1	FR_PRES	12	MOAT	903	1	0	1011	(0.57740000000000002, 0.41289999999999999, 1.0)	../fonts/amplitud.ttf	upper
1268685976826	1	FR_PRES	12	WATERFALL	1595	1	0	1249	(0.57740000000000002, 0.41289999999999999, 1.0)	../fonts/amplitud.ttf	upper
1268685980846	1	FR_PRES	12	HELICOPTER	701	1	0	996	(0.57740000000000002, 0.41289999999999999, 1.0)	../fonts/amplitud.ttf	upper
1268685985042	1	FR_PRES	12	PUMP	1141	1	0	768	(0.57740000000000002, 0.41289999999999999, 1.0)	../fonts/amplitud.ttf	upper
1268685989154	1	FR_PRES	12	VIDEO	1564	1	0	608	(0.57740000000000002, 0.41289999999999999, 1.0)	../fonts/amplitud.ttf	upper
1268685992965	1	FR_PRES	12	PATROL	1027	1	0	861	(0.57740000000000002, 0.41289999999999999, 1.0)	../fonts/amplitud.ttf	upper
1268685996811	1	FR_PRES	12	QUAIL	1147	1	1	800	(0.57740000000000002, 0.41289999999999999, 1.0)	../fonts/amplitud.ttf	upper
1268686000765	1	FR_PRES	12	PENGUIN	1044	1	1	734	(0.57740000000000002, 0.41289999999999999, 1.0)	../fonts/amplitud.ttf	upper
1268686004951	1	FR_PRES	12	AIRPLANE	12	1	0	811	(0.57740000000000002, 0.41289999999999999, 1.0)	../fonts/amplitud.ttf	upper
1268686008980	1	FR_PRES	12	MAGICIAN	854	1	1	798	(0.57740000000000002, 0.41289999999999999, 1.0)	../fonts/amplitud.ttf	upper
1268686013143	1	FR_PRES	12	HAT	690	1	0	787	(0.57740000000000002, 0.41289999999999999, 1.0)	../fonts/amplitud.ttf	upper
1268686019086	1	REC_START
1268686096827	0	REST
1268686098335	1	FR_PRES	13	SHOELACE	1289	-1	-1	-1268686098335	white	../fonts/Verdana.ttf	upper
1268686102289	1	FR_PRES	13	BALLOT	76	-1	-1	-1268686102289	white	../fonts/Verdana.ttf	upper
1268686106284	1	FR_PRES	13	TOWER	1490	-1	-1	-1268686106284	white	../fonts/Verdana.ttf	upper
1268686110113	1	FR_PRES	13	CONDUCTOR	362	-1	-1	-1268686110113	white	../fonts/Verdana.ttf	upper
1268686114125	1	FR_PRES	13	PRINCESS	1125	-1	-1	-1268686114125	white	../fonts/Verdana.ttf	upper
1268686118145	1	FR_PRES	13	COBBLER	335	-1	-1	-1268686118145	white	../fonts/Verdana.ttf	upper
1268686122240	1	FR_PRES	13	PROFESSIONAL	1130	-1	-1	-1268686122240	white	../fonts/Verdana.ttf	upper
1268686126444	1	FR_PRES	13	APARTMENT	30	-1	-1	-1268686126444	white	../fonts/Verdana.ttf	upper
1268686130497	1	FR_PRES	13	CANDIDATE	228	-1	-1	-1268686130497	white	../fonts/Verdana.ttf	upper
1268686134326	1	FR_PRES	13	LION	827	-1	-1	-1268686134326	white	../fonts/Verdana.ttf	upper
1268686138271	1	FR_PRES	13	PREDATOR	1120	-1	-1	-1268686138271	white	../fonts/Verdana.ttf	upper
1268686142100	1	FR_PRES	13	TUNA	1518	-1	-1	-1268686142100	white	../fonts/Verdana.ttf	upper
1268686145978	1	FR_PRES	13	GRAVEL	659	-1	-1	-1268686145978	white	../fonts/Verdana.ttf	upper
1268686149790	1	FR_PRES	13	ALLEY	15	-1	-1	-1268686149790	white	../fonts/Verdana.ttf	upper
1268686153719	1	FR_PRES	13	CLERK	321	-1	-1	-1268686153719	white	../fonts/Verdana.ttf	upper
1268686157756	1	FR_PRES	13	FACTORY	548	-1	-1	-1268686157756	white	../fonts/Verdana.ttf	upper
1268686163451	1	REC_START
1268686240319	0	REST
1268686241824	1	FR_PRES	14	PENCIL	1042	0	0	1122	(0.42259999999999998, 0.58709999999999996, 0)	../fonts/zerothre.ttf	lower
1268686245695	1	FR_PRES	14	CHIPMUNK	304	0	1	1091	(0.42259999999999998, 0.58709999999999996, 0)	../fonts/zerothre.ttf	lower
1268686249583	1	FR_PRES	14	GIRAFFE	636	0	1	1147	(0.42259999999999998, 0.58709999999999996, 0)	../fonts/zerothre.ttf	lower
1268686253578	1	FR_PRES	14	APRON	35	0	0	953	(0.42259999999999998, 0.58709999999999996, 0)	../fonts/zerothre.ttf	lower
1268686257607	1	FR_PRES	14	GARAGE	621	0	1	1163	(0.42259999999999998, 0.58709999999999996, 0)	../fonts/zerothre.ttf	lower
1268686261552	1	FR_PRES	14	DAUGHTER	442	0	1	1146	(0.42259999999999998, 0.58709999999999996, 0)	../fonts/zerothre.ttf	lower
1268686265440	1	FR_PRES	14	ELBOW	520	0	1	1330	(0.42259999999999998, 0.58709999999999996, 0)	../fonts/zerothre.ttf	lower
1268686269526	1	FR_PRES	14	WRIST	1626	0	0	821	(0.42259999999999998, 0.58709999999999996, 0)	../fonts/zerothre.ttf	lower
1268686273347	1	FR_PRES	14	LUNCH	849	0	0	928	(0.42259999999999998, 0.58709999999999996, 0)	../fonts/zerothre.ttf	lower
1268686277542	1	FR_PRES	14	PARCEL	1012	0	1	1412	(0.42259999999999998, 0.58709999999999996, 0)	../fonts/zerothre.ttf	lower
1268686281404	1	FR_PRES	14	SHOWER	1296	0	1	991	(0.42259999999999998, 0.58709999999999996, 0)	../fonts/zerothre.ttf	lower
1268686285316	1	FR_PRES	14	HOSE	720	0	1	1438	(0.42259999999999998, 0.58709999999999996, 0)	../fonts/zerothre.ttf	lower
1268686289303	1	FR_PRES	14	KEYBOARD	774	0	1	1459	(0.42259999999999998, 0.58709999999999996, 0)	../fonts/zerothre.ttf	lower
1268686293332	1	FR_PRES	14	PEN	1041	0	0	703	(0.42259999999999998, 0.58709999999999996, 0)	../fonts/zerothre.ttf	lower
1268686297361	1	FR_PRES	14	COMET	353	0	0	162	(0.42259999999999998, 0.58709999999999996, 0)	../fonts/zerothre.ttf	lower
1268686301422	1	FR_PRES	14	SALESMAN	1225	0	1	661	(0.42259999999999998, 0.58709999999999996, 0)	../fonts/zerothre.ttf	lower
1268686307316	1	REC_START
1268686383585	0	REST
1268686385091	1	FR_PRES	15	PAPER	1011	-1	-1	-1268686385091	white	../fonts/Verdana.ttf	upper
1268686389095	1	FR_PRES	15	PAVEMENT	1028	-1	-1	-1268686389095	white	../fonts/Verdana.ttf	upper
1268686393124	1	FR_PRES	15	SIDEWALK	1303	-1	-1	-1268686393124	white	../fonts/Verdana.ttf	upper
1268686397302	1	FR_PRES	15	VALVE	1546	-1	-1	-1268686397302	white	../fonts/Verdana.ttf	upper
1268686401148	1	FR_PRES	15	DOCUMENT	479	-1	-1	-1268686401148	white	../fonts/Verdana.ttf	upper
1268686405276	1	FR_PRES	15	GENERAL	630	-1	-1	-1268686405276	white	../fonts/Verdana.ttf	upper
1268686409430	1	FR_PRES	15	DINNER	468	-1	-1	-1268686409430	white	../fonts/Verdana.ttf	upper
1268686413358	1	FR_PRES	15	UTENSIL	1542	-1	-1	-1268686413358	white	../fonts/Verdana.ttf	upper
1268686417387	1	FR_PRES	15	BIRD	129	-1	-1	-1268686417387	white	../fonts/Verdana.ttf	upper
1268686421440	1	FR_PRES	15	COLLEGE	346	-1	-1	-1268686421440	white	../fonts/Verdana.ttf	upper
1268686425586	1	FR_PRES	15	BAKER	71	-1	-1	-1268686425586	white	../fonts/Verdana.ttf	upper
1268686429780	1	FR_PRES	15	FLUTE	585	-1	-1	-1268686429780	white	../fonts/Verdana.ttf	upper
1268686433708	1	FR_PRES	15	ORGAN	984	-1	-1	-1268686433708	white	../fonts/Verdana.ttf	upper
1268686437745	1	FR_PRES	15	HOOD	714	-1	-1	-1268686437745	white	../fonts/Verdana.ttf	upper
1268686441691	1	FR_PRES	15	CHALK	276	-1	-1	-1268686441691	white	../fonts/Verdana.ttf	upper
1268686445504	1	FR_PRES	15	CATERPILLAR	259	-1	-1	-1268686445504	white	../fonts/Verdana.ttf	upper
1268686451406	1	REC_START
1268686540634	0	FFR_START
1268686546195	1	REC_START
1268686865363	0	RECOG_START
1268686865364	1	REC_START
1268686865396	0	RECOG_PRES	0	PREACHER	1119	-999	P	3278
1268686869050	0	RECOG_CR_PRES	0	PREACHER	1119	-999	P	944
1268686870540	1	RECOG_FEEDBACK	1
1268686871348	0	RECOG_PRES	0	MONKEY	911	-999	P	1015
1268686872737	0	RECOG_CR_PRES	0	MONKEY	911	-999	P	522
1268686873652	1	RECOG_FEEDBACK	1
1268686874436	0	RECOG_PRES	0	CLERK	321	-999	P	1238
1268686876051	0	RECOG_CR_PRES	0	CLERK	321	-999	P	448
1268686876915	1	RECOG_FEEDBACK	0
1268686877623	0	RECOG_PRES	0	COSTUME	383	-999	P	1323
1268686879313	0	RECOG_CR_PRES	0	COSTUME	383	-999	P	561
1268686880279	1	RECOG_FEEDBACK	0
1268686881020	0	RECOG_PRES	0	PARSLEY	1016	-999	P	1463
1268686882850	0	RECOG_CR_PRES	0	PARSLEY	1016	-999	P	473
1268686883741	1	RECOG_FEEDBACK	1
1268686884474	0	RECOG_PRES	0	GRATE	657	-999	P	1304
1268686886139	0	RECOG_CR_PRES	0	GRATE	657	-999	P	440
1268686886954	1	RECOG_FEEDBACK	0
1268686887686	0	RECOG_PRES	0	THUMB	1462	-999	P	1749
1268686889809	0	RECOG_CR_PRES	0	THUMB	1462	-999	P	466
1268686890682	1	RECOG_FEEDBACK	0
1268686891449	0	RECOG_PRES	0	VEST	1559	-999	P	1201
1268686893014	0	RECOG_CR_PRES	0	VEST	1559	-999	P	493
1268686893912	1	RECOG_FEEDBACK	1
1268686894711	0	RECOG_PRES	0	GUEST	669	-999	P	1115
1268686896194	0	RECOG_CR_PRES	0	GUEST	669	-999	P	289
1268686896859	1	RECOG_FEEDBACK	1
1268686897609	0	RECOG_PRES	0	PEN	1041	-999	P	898
1268686898881	0	RECOG_CR_PRES	0	PEN	1041	-999	P	354
1268686899581	1	RECOG_FEEDBACK	1
1268686900331	0	RECOG_PRES	0	WASP	1593	-999	P	1224
1268686901928	0	RECOG_CR_PRES	0	WASP	1593	-999	P	363
1268686902627	1	RECOG_FEEDBACK	1
1268686903360	0	RECOG_PRES	0	SCIENTIST	1249	-999	P	1163
1268686904891	0	RECOG_CR_PRES	0	SCIENTIST	1249	-999	P	440
1268686905707	1	RECOG_FEEDBACK	0
1268686906448	0	RECOG_PRES	0	REFRIGERATOR	1179	-999	P	931
1268686907746	0	RECOG_CR_PRES	0	REFRIGERATOR	1179	-999	P	505
1268686908588	1	RECOG_FEEDBACK	1
1268686909328	0	RECOG_PRES	0	DOOR	486	-999	P	1179
1268686910875	0	RECOG_CR_PRES	0	DOOR	486	-999	P	536
1268686911799	1	RECOG_FEEDBACK	1
1268686912558	0	RECOG_PRES	0	GOLD	647	-999	P	841
1268686913797	0	RECOG_CR_PRES	0	GOLD	647	-999	P	598
1268686914754	1	RECOG_FEEDBACK	1
1268686915488	0	RECOG_PRES	0	MARINE	869	-999	P	1091
1268686916952	0	RECOG_CR_PRES	0	MARINE	869	-999	P	475
1268686917809	1	RECOG_FEEDBACK	0
1268686918609	0	RECOG_PRES	0	WRIST	1626	-999	P	1073
1268686920057	0	RECOG_CR_PRES	0	WRIST	1626	-999	P	569
1268686921015	1	RECOG_FEEDBACK	1
1268686921746	0	RECOG_PRES	0	BACON	67	-999	P	1168
1268686923279	0	RECOG_CR_PRES	0	BACON	67	-999	P	443
1268686924103	1	RECOG_FEEDBACK	1
1268686924859	0	RECOG_PRES	0	KNAPSACK	783	-999	P	1023
1268686926259	0	RECOG_CR_PRES	0	KNAPSACK	783	-999	P	447
1268686927083	1	RECOG_FEEDBACK	1
1268686927856	0	RECOG_PRES	0	PRODUCER	1129	-999	P	2619
1268686930844	0	RECOG_CR_PRES	0	PRODUCER	1129	-999	P	471
1268686931735	1	RECOG_FEEDBACK	0
1268686934283	0	REST
1268686935349	1	REC_START
1268686935381	0	RECOG_PRES	1	BASSINET	97	-999	P	1174
1268686936928	0	RECOG_CR_PRES	1	BASSINET	97	-999	P	467
1268686937761	1	RECOG_FEEDBACK	1
1268686938544	0	RECOG_PRES	1	CLAM	315	-999	P	819
1268686939733	0	RECOG_CR_PRES	1	CLAM	315	-999	P	181
1268686940259	1	RECOG_FEEDBACK	1
1268686941016	0	RECOG_PRES	1	SCREEN	1253	-999	P	1195
1268686942581	0	RECOG_CR_PRES	1	SCREEN	1253	-999	P	397
1268686943380	1	RECOG_FEEDBACK	1
1268686944104	0	RECOG_PRES	1	ROOST	1208	-999	P	866
1268686945345	0	RECOG_CR_PRES	1	ROOST	1208	-999	P	481
1268686946185	1	RECOG_FEEDBACK	1
1268686946933	0	RECOG_PRES	1	TWEEZERS	1526	-999	P	1598
1268686948898	0	RECOG_CR_PRES	1	TWEEZERS	1526	-999	P	497
1268686949772	1	RECOG_FEEDBACK	1
1268686950514	0	RECOG_PRES	1	NOOSE	956	-999	P	1288
1268686952170	0	RECOG_CR_PRES	1	NOOSE	956	-999	P	624
1268686953185	1	RECOG_FEEDBACK	0
1268686953958	0	RECOG_PRES	1	POPCORN	1104	-999	P	820
1268686955141	0	RECOG_CR_PRES	1	POPCORN	1104	-999	P	501
1268686955948	1	RECOG_FEEDBACK	-1
1268686956730	0	RECOG_PRES	1	TOOTH	1481	-999	P	1313
1268686958413	0	RECOG_CR_PRES	1	TOOTH	1481	-999	P	445
1268686959228	1	RECOG_FEEDBACK	1
1268686959968	0	RECOG_PRES	1	CYLINDER	432	-999	P	1075
1268686961417	0	RECOG_CR_PRES	1	CYLINDER	432	-999	P	353
1268686962158	1	RECOG_FEEDBACK	1
1268686962948	0	RECOG_PRES	1	GRASS	655	-999	P	678
1268686963997	0	RECOG_CR_PRES	1	GRASS	655	-999	P	374
1268686964663	1	RECOG_FEEDBACK	-1
1268686965413	0	RECOG_PRES	1	STADIUM	1364	-999	P	1062
1268686966843	0	RECOG_CR_PRES	1	STADIUM	1364	-999	P	544
1268686967742	1	RECOG_FEEDBACK	1
1268686968468	0	RECOG_PRES	1	PIN	1072	-999	P	991
1268686969832	0	RECOG_CR_PRES	1	PIN	1072	-999	P	443
1268686970656	1	RECOG_FEEDBACK	1
1268686971472	0	RECOG_PRES	1	VISITOR	1573	-999	P	3947
1268686975791	0	RECOG_CR_PRES	1	VISITOR	1573	-999	P	492
1268686976757	1	RECOG_FEEDBACK	1
1268686977532	0	RECOG_PRES	1	DEER	444	-999	P	943
1268686978846	0	RECOG_CR_PRES	1	DEER	444	-999	P	501
1268686979720	1	RECOG_FEEDBACK	1
1268686980470	0	RECOG_PRES	1	LOBBY	836	-999	P	1148
1268686981992	0	RECOG_CR_PRES	1	LOBBY	836	-999	P	347
1268686982725	1	RECOG_FEEDBACK	1
1268686983458	0	RECOG_PRES	1	TUNA	1518	-999	P	785
1268686984615	0	RECOG_CR_PRES	1	TUNA	1518	-999	P	508
1268686985464	1	RECOG_FEEDBACK	1
1268686986230	0	RECOG_PRES	1	TOWER	1490	-999	P	869
1268686987470	0	RECOG_CR_PRES	1	TOWER	1490	-999	P	444
1268686988269	1	RECOG_FEEDBACK	1
1268686989035	0	RECOG_PRES	1	CEMETERY	269	-999	P	919
1268686990317	0	RECOG_CR_PRES	1	CEMETERY	269	-999	P	453
1268686991141	1	RECOG_FEEDBACK	1
1268686991881	0	RECOG_PRES	1	MALL	860	-999	P	1049
1268686993297	0	RECOG_CR_PRES	1	MALL	860	-999	P	353
1268686994046	1	RECOG_FEEDBACK	1
1268686994761	0	RECOG_PRES	1	CHAMBER	277	-999	P	2442
1268686997575	0	RECOG_CR_PRES	1	CHAMBER	277	-999	P	315
1268686998324	1	RECOG_FEEDBACK	0
1268687000704	0	REST
1268687001657	1	REC_START
1268687001686	0	RECOG_PRES	2	UTENSIL	1542	-999	P	1004
1268687003052	0	RECOG_CR_PRES	2	UTENSIL	1542	-999	P	375
1268687003784	1	RECOG_FEEDBACK	1
1268687004550	0	RECOG_PRES	2	STORE	1387	-999	P	1637
1268687006556	0	RECOG_CR_PRES	2	STORE	1387	-999	P	463
1268687007422	1	RECOG_FEEDBACK	0
1268687008221	0	RECOG_PRES	2	LASER	801	-999	P	1206
1268687009802	0	RECOG_CR_PRES	2	LASER	801	-999	P	345
1268687010543	1	RECOG_FEEDBACK	1
1268687011259	0	RECOG_PRES	2	RIB	1188	-999	P	864
1268687012491	0	RECOG_CR_PRES	2	RIB	1188	-999	P	463
1268687013307	1	RECOG_FEEDBACK	1
1268687014089	0	RECOG_PRES	2	SIDEWALK	1303	-999	P	785
1268687015238	0	RECOG_CR_PRES	2	SIDEWALK	1303	-999	P	309
1268687015911	1	RECOG_FEEDBACK	1
1268687016652	0	RECOG_PRES	2	CHILD	299	-999	P	1727
1268687018749	0	RECOG_CR_PRES	2	CHILD	299	-999	P	454
1268687019616	1	RECOG_FEEDBACK	0
1268687020398	0	RECOG_PRES	2	MUG	930	-999	P	1045
1268687021812	0	RECOG_CR_PRES	2	MUG	930	-999	P	423
1268687022620	1	RECOG_FEEDBACK	1
1268687023370	0	RECOG_PRES	2	DILL	465	-999	P	849
1268687024594	0	RECOG_CR_PRES	2	DILL	465	-999	P	425
1268687025376	1	RECOG_FEEDBACK	1
1268687026158	0	RECOG_PRES	2	EMPIRE	530	-999	P	3085
1268687029613	0	RECOG_CR_PRES	2	EMPIRE	530	-999	P	341
1268687030387	1	RECOG_FEEDBACK	1
1268687031161	0	RECOG_PRES	2	COUCH	386	-999	P	2098
1268687033632	0	RECOG_CR_PRES	2	COUCH	386	-999	P	411
1268687034440	1	RECOG_FEEDBACK	1
1268687035198	0	RECOG_PRES	2	SHOWER	1296	-999	P	1053
1268687036620	0	RECOG_CR_PRES	2	SHOWER	1296	-999	P	326
1268687037304	1	RECOG_FEEDBACK	1
1268687038036	0	RECOG_PRES	2	ARM	38	-999	P	1119
1268687039526	0	RECOG_CR_PRES	2	ARM	38	-999	P	324
1268687040225	1	RECOG_FEEDBACK	1
1268687040948	0	RECOG_PRES	2	DUMP	505	-999	P	918
1268687042231	0	RECOG_CR_PRES	2	DUMP	505	-999	P	356
1268687042929	1	RECOG_FEEDBACK	1
1268687043729	0	RECOG_PRES	2	FLAG	573	-999	P	993
1268687045095	0	RECOG_CR_PRES	2	FLAG	573	-999	P	340
1268687045818	1	RECOG_FEEDBACK	1
1268687046584	0	RECOG_PRES	2	HOME	712	-999	P	963
1268687047915	0	RECOG_CR_PRES	2	HOME	712	-999	P	368
1268687048648	1	RECOG_FEEDBACK	1
1268687049398	0	RECOG_PRES	2	DECK	443	-999	P	1236
1268687051004	0	RECOG_CR_PRES	2	DECK	443	-999	P	359
1268687051752	1	RECOG_FEEDBACK	1
1268687052469	0	RECOG_PRES	2	PAGE	1001	-999	P	1453
1268687054284	0	RECOG_CR_PRES	2	PAGE	1001	-999	P	414
1268687055100	1	RECOG_FEEDBACK	1
1268687055864	0	RECOG_PRES	2	PROFESSIONAL	1130	-999	P	1179
1268687057414	0	RECOG_CR_PRES	2	PROFESSIONAL	1130	-999	P	388
1268687058188	1	RECOG_FEEDBACK	0
1268687058936	0	RECOG_PRES	2	GAZELLE	628	-999	P	786
1268687060085	0	RECOG_CR_PRES	2	GAZELLE	628	-999	P	350
1268687060734	1	RECOG_FEEDBACK	-1
1268687061450	0	RECOG_PRES	2	CONSUMER	365	-999	P	2049
1268687063872	0	RECOG_CR_PRES	2	CONSUMER	365	-999	P	459
1268687064737	1	RECOG_FEEDBACK	0
1268687068301	0	REST
1268687069189	1	REC_START
1268687069216	0	RECOG_PRES	3	ARTIST	43	-999	P	1267
1268687070855	0	RECOG_CR_PRES	3	ARTIST	43	-999	P	244
1268687071505	1	RECOG_FEEDBACK	1
1268687072229	0	RECOG_PRES	3	DINNER	468	-999	P	926
1268687073528	0	RECOG_CR_PRES	3	DINNER	468	-999	P	434
1268687074344	1	RECOG_FEEDBACK	1
1268687075110	0	RECOG_PRES	3	CELERY	266	-999	P	876
1268687076350	0	RECOG_CR_PRES	3	CELERY	266	-999	P	316
1268687077041	1	RECOG_FEEDBACK	1
1268687077764	0	RECOG_PRES	3	CUP	424	-999	P	1126
1268687079255	0	RECOG_CR_PRES	3	CUP	424	-999	P	363
1268687080004	1	RECOG_FEEDBACK	0
1268687080735	0	RECOG_PRES	3	ANTLER	29	-999	P	939
1268687082035	0	RECOG_CR_PRES	3	ANTLER	29	-999	P	440
1268687082841	1	RECOG_FEEDBACK	1
1268687083591	0	RECOG_PRES	3	ORGAN	984	-999	P	828
1268687084789	0	RECOG_CR_PRES	3	ORGAN	984	-999	P	374
1268687085514	1	RECOG_FEEDBACK	1
1268687086296	0	RECOG_PRES	3	PREDATOR	1120	-999	P	939
1268687087603	0	RECOG_CR_PRES	3	PREDATOR	1120	-999	P	391
1268687088377	1	RECOG_FEEDBACK	1
1268687089176	0	RECOG_PRES	3	TAXI	1438	-999	P	807
1268687090383	0	RECOG_CR_PRES	3	TAXI	1438	-999	P	435
1268687091207	1	RECOG_FEEDBACK	1
1268687091964	0	RECOG_PRES	3	WRITER	1627	-999	P	838
1268687093163	0	RECOG_CR_PRES	3	WRITER	1627	-999	P	312
1268687093870	1	RECOG_FEEDBACK	1
1268687094627	0	RECOG_PRES	3	PAVEMENT	1028	-999	P	792
1268687095793	0	RECOG_CR_PRES	3	PAVEMENT	1028	-999	P	274
1268687096443	1	RECOG_FEEDBACK	1
1268687097234	0	RECOG_PRES	3	DRAWING	494	-999	P	1560
1268687099156	0	RECOG_CR_PRES	3	DRAWING	494	-999	P	335
1268687099888	1	RECOG_FEEDBACK	0
1268687100637	0	RECOG_PRES	3	PAW	1029	-999	P	886
1268687101894	0	RECOG_CR_PRES	3	PAW	1029	-999	P	357
1268687102626	1	RECOG_FEEDBACK	1
1268687103385	0	RECOG_PRES	3	ONION	977	-999	P	818
1268687104575	0	RECOG_CR_PRES	3	ONION	977	-999	P	452
1268687105399	1	RECOG_FEEDBACK	1
1268687106181	0	RECOG_PRES	3	BIOLOGIST	128	-999	P	918
1268687107472	0	RECOG_CR_PRES	3	BIOLOGIST	128	-999	P	434
1268687108304	1	RECOG_FEEDBACK	1
1268687109020	0	RECOG_PRES	3	LEVER	815	-999	P	890
1268687110302	0	RECOG_CR_PRES	3	LEVER	815	-999	P	436
1268687111142	1	RECOG_FEEDBACK	1
1268687111949	0	RECOG_PRES	3	MOSQUITO	917	-999	P	1741
1268687114056	0	RECOG_CR_PRES	3	MOSQUITO	917	-999	P	331
1268687114812	1	RECOG_FEEDBACK	0
1268687115579	0	RECOG_PRES	3	PANTHER	1009	-999	P	976
1268687116926	0	RECOG_CR_PRES	3	PANTHER	1009	-999	P	381
1268687117700	1	RECOG_FEEDBACK	1
1268687118450	0	RECOG_PRES	3	FRAME	600	-999	P	833
1268687119656	0	RECOG_CR_PRES	3	FRAME	600	-999	P	427
1268687120465	1	RECOG_FEEDBACK	1
1268687121206	0	RECOG_PRES	3	RADISH	1158	-999	P	1045
1268687122620	0	RECOG_CR_PRES	3	RADISH	1158	-999	P	318
1268687123328	1	RECOG_FEEDBACK	1
1268687124111	0	RECOG_PRES	3	CREAM	402	-999	P	1452
1268687125932	0	RECOG_CR_PRES	3	CREAM	402	-999	P	383
1268687126732	1	RECOG_FEEDBACK	0
1268687129097	0	REST
1268687129901	1	REC_START
1268687129928	0	RECOG_PRES	4	VETERAN	1561	-999	P	1475
1268687131776	0	RECOG_CR_PRES	4	VETERAN	1561	-999	P	595
1268687132783	1	RECOG_FEEDBACK	0
1268687133508	0	RECOG_PRES	4	CABIN	211	-999	P	855
1268687134731	0	RECOG_CR_PRES	4	CABIN	211	-999	P	456
1268687135556	1	RECOG_FEEDBACK	1
1268687136355	0	RECOG_PRES	4	ZUCCHINI	1638	-999	P	928
1268687137652	0	RECOG_CR_PRES	4	ZUCCHINI	1638	-999	P	375
1268687138411	1	RECOG_FEEDBACK	1
1268687139151	0	RECOG_PRES	4	LION	827	-999	P	964
1268687140483	0	RECOG_CR_PRES	4	LION	827	-999	P	439
1268687141315	1	RECOG_FEEDBACK	1
1268687142098	0	RECOG_PRES	4	BIRD	129	-999	P	921
1268687143388	0	RECOG_CR_PRES	4	BIRD	129	-999	P	446
1268687144204	1	RECOG_FEEDBACK	1
1268687144993	0	RECOG_PRES	4	CASHEW	253	-999	P	745
1268687146102	0	RECOG_CR_PRES	4	CASHEW	253	-999	P	524
1268687146983	1	RECOG_FEEDBACK	1
1268687147757	0	RECOG_PRES	4	WOMAN	1620	-999	P	1165
1268687149289	0	RECOG_CR_PRES	4	WOMAN	1620	-999	P	465
1268687150138	1	RECOG_FEEDBACK	1
1268687150878	0	RECOG_PRES	4	VALVE	1546	-999	P	900
1268687152144	0	RECOG_CR_PRES	4	VALVE	1546	-999	P	387
1268687152901	1	RECOG_FEEDBACK	1
1268687153617	0	RECOG_PRES	4	BATHROOM	99	-999	P	1193
1268687155183	0	RECOG_CR_PRES	4	BATHROOM	99	-999	P	324
1268687155914	1	RECOG_FEEDBACK	1
1268687156630	0	RECOG_PRES	4	PURSE	1145	-999	P	1148
1268687158146	0	RECOG_CR_PRES	4	PURSE	1145	-999	P	345
1268687158877	1	RECOG_FEEDBACK	1
1268687159643	0	RECOG_PRES	4	CARDINAL	244	-999	P	920
1268687160933	0	RECOG_CR_PRES	4	CARDINAL	244	-999	P	350
1268687161666	1	RECOG_FEEDBACK	1
1268687162399	0	RECOG_PRES	4	BUTTON	207	-999	P	1748
1268687164522	0	RECOG_CR_PRES	4	BUTTON	207	-999	P	392
1268687165354	1	RECOG_FEEDBACK	1
1268687166086	0	RECOG_PRES	4	COMMITTEE	355	-999	P	933
1268687167393	0	RECOG_CR_PRES	4	COMMITTEE	355	-999	P	345
1268687168117	1	RECOG_FEEDBACK	1
1268687168907	0	RECOG_PRES	4	TICK	1463	-999	P	1911
1268687171181	0	RECOG_CR_PRES	4	TICK	1463	-999	P	334
1268687171954	1	RECOG_FEEDBACK	1
1268687172703	0	RECOG_PRES	4	PASSENGER	1020	-999	P	859
1268687173960	0	RECOG_CR_PRES	4	PASSENGER	1020	-999	P	443
1268687174759	1	RECOG_FEEDBACK	1
1268687175525	0	RECOG_PRES	4	EXPLOSION	544	-999	P	1149
1268687177040	0	RECOG_CR_PRES	4	EXPLOSION	544	-999	P	483
1268687177905	1	RECOG_FEEDBACK	1
1268687178662	0	RECOG_PRES	4	COLESLAW	344	-999	P	805
1268687179836	0	RECOG_CR_PRES	4	COLESLAW	344	-999	P	567
1268687180777	1	RECOG_FEEDBACK	1
1268687181510	0	RECOG_PRES	4	LIVER	833	-999	P	853
1268687182733	0	RECOG_CR_PRES	4	LIVER	833	-999	P	526
1268687183632	1	RECOG_FEEDBACK	1
1268687184348	0	RECOG_PRES	4	PUMP	1141	-999	P	847
1268687185564	0	RECOG_CR_PRES	4	PUMP	1141	-999	P	479
1268687186413	1	RECOG_FEEDBACK	1
1268687187212	0	RECOG_PRES	4	COFFIN	342	-999	P	839
1268687188419	0	RECOG_CR_PRES	4	COFFIN	342	-999	P	359
1268687189176	1	RECOG_FEEDBACK	0
1268687193861	0	REST
1268687194784	1	REC_START
1268687194810	0	RECOG_PRES	5	JUDGE	761	-999	P	1321
1268687196501	0	RECOG_CR_PRES	5	JUDGE	761	-999	P	221
1268687197100	1	RECOG_FEEDBACK	1
1268687197865	0	RECOG_PRES	5	CUFF	423	-999	P	846
1268687199098	0	RECOG_CR_PRES	5	CUFF	423	-999	P	305
1268687199771	1	RECOG_FEEDBACK	1
1268687200488	0	RECOG_PRES	5	MAGICIAN	854	-999	P	859
1268687201719	0	RECOG_CR_PRES	5	MAGICIAN	854	-999	P	316
1268687202411	1	RECOG_FEEDBACK	1
1268687203151	0	RECOG_PRES	5	CORPORATION	382	-999	P	860
1268687204383	0	RECOG_CR_PRES	5	CORPORATION	382	-999	P	323
1268687205074	1	RECOG_FEEDBACK	1
1268687205797	0	RECOG_PRES	5	PLUTO	1092	-999	P	1206
1268687207372	0	RECOG_CR_PRES	5	PLUTO	1092	-999	P	566
1268687208337	1	RECOG_FEEDBACK	1
1268687209128	0	RECOG_PRES	5	DAD	433	-999	P	923
1268687210426	0	RECOG_CR_PRES	5	DAD	433	-999	P	352
1268687211150	1	RECOG_FEEDBACK	1
1268687211899	0	RECOG_PRES	5	ALLEY	15	-999	P	831
1268687213107	0	RECOG_CR_PRES	5	ALLEY	15	-999	P	344
1268687213805	1	RECOG_FEEDBACK	1
1268687214580	0	RECOG_PRES	5	ALBUM	14	-999	P	783
1268687215736	0	RECOG_CR_PRES	5	ALBUM	14	-999	P	291
1268687216386	1	RECOG_FEEDBACK	1
1268687217160	0	RECOG_PRES	5	ROACH	1195	-999	P	832
1268687218392	0	RECOG_CR_PRES	5	ROACH	1195	-999	P	123
1268687218882	1	RECOG_FEEDBACK	1
1268687219640	0	RECOG_PRES	5	TAPIOCA	1434	-999	P	891
1268687220905	0	RECOG_CR_PRES	5	TAPIOCA	1434	-999	P	57
1268687221330	1	RECOG_FEEDBACK	1
1268687222138	0	RECOG_PRES	5	MONK	910	-999	P	832
1268687223345	0	RECOG_CR_PRES	5	MONK	910	-999	P	154
1268687223835	1	RECOG_FEEDBACK	1
1268687224593	0	RECOG_PRES	5	ZOO	1637	-999	P	938
1268687225899	0	RECOG_CR_PRES	5	ZOO	1637	-999	P	224
1268687226466	1	RECOG_FEEDBACK	1
1268687227240	0	RECOG_PRES	5	CARRIAGE	248	-999	P	1163
1268687228770	0	RECOG_CR_PRES	5	CARRIAGE	248	-999	P	289
1268687229421	1	RECOG_FEEDBACK	0
1268687230212	0	RECOG_PRES	5	CHIMPANZEE	302	-999	P	847
1268687231427	0	RECOG_CR_PRES	5	CHIMPANZEE	302	-999	P	383
1268687232168	1	RECOG_FEEDBACK	1
1268687232924	0	RECOG_PRES	5	PARROT	1015	-999	P	918
1268687234207	0	RECOG_CR_PRES	5	PARROT	1015	-999	P	308
1268687234897	1	RECOG_FEEDBACK	1
1268687235679	0	RECOG_PRES	5	CHECKERS	285	-999	P	804
1268687236853	0	RECOG_CR_PRES	5	CHECKERS	285	-999	P	222
1268687237428	1	RECOG_FEEDBACK	1
1268687238169	0	RECOG_PRES	5	LIPSTICK	829	-999	P	1298
1268687239841	0	RECOG_CR_PRES	5	LIPSTICK	829	-999	P	306
1268687240541	1	RECOG_FEEDBACK	1
1268687241290	0	RECOG_PRES	5	CARPET	247	-999	P	857
1268687242522	0	RECOG_CR_PRES	5	CARPET	247	-999	P	320
1268687243196	1	RECOG_FEEDBACK	1
1268687243953	0	RECOG_PRES	5	BALLOT	76	-999	P	825
1268687245144	0	RECOG_CR_PRES	5	BALLOT	76	-999	P	283
1268687245801	1	RECOG_FEEDBACK	1
1268687246592	0	RECOG_PRES	5	COMMUNITY	356	-999	P	923
1268687247890	0	RECOG_CR_PRES	5	COMMUNITY	356	-999	P	225
1268687248507	1	RECOG_FEEDBACK	1
1268687254782	0	REST
1268687255979	1	REC_START
1268687256006	0	RECOG_PRES	6	BROOK	177	-999	P	1173
1268687257555	0	RECOG_CR_PRES	6	BROOK	177	-999	P	279
1268687258204	1	RECOG_FEEDBACK	1
1268687258960	0	RECOG_PRES	6	FIN	566	-999	P	738
1268687260060	0	RECOG_CR_PRES	6	FIN	566	-999	P	375
1268687260791	1	RECOG_FEEDBACK	1
1268687261583	0	RECOG_PRES	6	APRON	35	-999	P	808
1268687262789	0	RECOG_CR_PRES	6	APRON	35	-999	P	286
1268687263439	1	RECOG_FEEDBACK	1
1268687264230	0	RECOG_PRES	6	FUDGE	611	-999	P	732
1268687265329	0	RECOG_CR_PRES	6	FUDGE	611	-999	P	345
1268687266028	1	RECOG_FEEDBACK	1
1268687266759	0	RECOG_PRES	6	PEDAL	1037	-999	P	412
1268687267543	0	RECOG_CR_PRES	6	PEDAL	1037	-999	P	900
1268687268732	1	RECOG_FEEDBACK	-1
1268687269499	0	RECOG_PRES	6	RIFLE	1192	-999	P	896
1268687270763	0	RECOG_CR_PRES	6	RIFLE	1192	-999	P	496
1268687271629	1	RECOG_FEEDBACK	1
1268687272437	0	RECOG_PRES	6	COOK	372	-999	P	800
1268687273635	0	RECOG_CR_PRES	6	COOK	372	-999	P	343
1268687274360	1	RECOG_FEEDBACK	1
1268687275167	0	RECOG_PRES	6	TEACHER	1440	-999	P	1004
1268687276541	0	RECOG_CR_PRES	6	TEACHER	1440	-999	P	341
1268687277256	1	RECOG_FEEDBACK	1
1268687277971	0	RECOG_PRES	6	FUNERAL	613	-999	P	959
1268687279296	0	RECOG_CR_PRES	6	FUNERAL	613	-999	P	330
1268687280003	1	RECOG_FEEDBACK	1
1268687280810	0	RECOG_PRES	6	PANTS	1010	-999	P	777
1268687281958	0	RECOG_CR_PRES	6	PANTS	1010	-999	P	309
1268687282649	1	RECOG_FEEDBACK	1
1268687283449	0	RECOG_PRES	6	SANDPAPER	1231	-999	P	1513
1268687285330	0	RECOG_CR_PRES	6	SANDPAPER	1231	-999	P	320
1268687286063	1	RECOG_FEEDBACK	1
1268687286786	0	RECOG_PRES	6	GRAVEL	659	-999	P	745
1268687287901	0	RECOG_CR_PRES	6	GRAVEL	659	-999	P	382
1268687288625	1	RECOG_FEEDBACK	1
1268687289367	0	RECOG_PRES	6	TENT	1449	-999	P	1036
1268687290773	0	RECOG_CR_PRES	6	TENT	1449	-999	P	318
1268687291473	1	RECOG_FEEDBACK	1
1268687292289	0	RECOG_PRES	6	STRAWBERRY	1391	-999	P	994
1268687293653	0	RECOG_CR_PRES	6	STRAWBERRY	1391	-999	P	382
1268687294411	1	RECOG_FEEDBACK	1
1268687295177	0	RECOG_PRES	6	NUCLEUS	961	-999	P	930
1268687296476	0	RECOG_CR_PRES	6	NUCLEUS	961	-999	P	246
1268687297083	1	RECOG_FEEDBACK	1
1268687297823	0	RECOG_PRES	6	MEDAL	885	-999	P	907
1268687299098	0	RECOG_CR_PRES	6	MEDAL	885	-999	P	321
1268687299787	1	RECOG_FEEDBACK	1
1268687300538	0	RECOG_PRES	6	SKI	1316	-999	P	1073
1268687301985	0	RECOG_CR_PRES	6	SKI	1316	-999	P	474
1268687302876	1	RECOG_FEEDBACK	1
1268687303617	0	RECOG_PRES	6	CRAYON	401	-999	P	938
1268687304923	0	RECOG_CR_PRES	6	CRAYON	401	-999	P	304
1268687305615	1	RECOG_FEEDBACK	1
1268687306339	0	RECOG_PRES	6	HAT	690	-999	P	1016
1268687307728	0	RECOG_CR_PRES	6	HAT	690	-999	P	363
1268687308495	1	RECOG_FEEDBACK	1
1268687309277	0	RECOG_PRES	6	JAR	750	-999	P	2822
1268687312474	0	RECOG_CR_PRES	6	JAR	750	-999	P	408
1268687313331	1	RECOG_FEEDBACK	0
1268687315786	0	REST
1268687316632	1	REC_START
1268687316659	0	RECOG_PRES	7	WHEAT	1602	-999	P	1840
1268687318873	0	RECOG_CR_PRES	7	WHEAT	1602	-999	P	322
1268687319590	1	RECOG_FEEDBACK	1
1268687320314	0	RECOG_PRES	7	CENT	270	-999	P	865
1268687321555	0	RECOG_CR_PRES	7	CENT	270	-999	P	287
1268687322221	1	RECOG_FEEDBACK	1
1268687322985	0	RECOG_PRES	7	VILLAGE	1566	-999	P	873
1268687324227	0	RECOG_CR_PRES	7	VILLAGE	1566	-999	P	320
1268687324916	1	RECOG_FEEDBACK	1
1268687325691	0	RECOG_PRES	7	VIDEO	1564	-999	P	1095
1268687327157	0	RECOG_CR_PRES	7	VIDEO	1564	-999	P	254
1268687327805	1	RECOG_FEEDBACK	0
1268687328613	0	RECOG_PRES	7	PHILOSOPHER	1054	-999	P	886
1268687329869	0	RECOG_CR_PRES	7	PHILOSOPHER	1054	-999	P	318
1268687330552	1	RECOG_FEEDBACK	1
1268687331302	0	RECOG_PRES	7	WHALE	1601	-999	P	813
1268687332484	0	RECOG_CR_PRES	7	WHALE	1601	-999	P	214
1268687333066	1	RECOG_FEEDBACK	1
1268687333864	0	RECOG_PRES	7	HAMPER	682	-999	P	770
1268687335006	0	RECOG_CR_PRES	7	HAMPER	682	-999	P	213
1268687335572	1	RECOG_FEEDBACK	1
1268687336362	0	RECOG_PRES	7	OINTMENT	974	-999	P	1129
1268687337860	0	RECOG_CR_PRES	7	OINTMENT	974	-999	P	287
1268687338526	1	RECOG_FEEDBACK	1
1268687339317	0	RECOG_PRES	7	LIP	828	-999	P	1110
1268687340806	0	RECOG_CR_PRES	7	LIP	828	-999	P	277
1268687341465	1	RECOG_FEEDBACK	1
1268687342247	0	RECOG_PRES	7	ICING	732	-999	P	916
1268687343537	0	RECOG_CR_PRES	7	ICING	732	-999	P	353
1268687344270	1	RECOG_FEEDBACK	1
1268687344985	0	RECOG_PRES	7	OWL	992	-999	P	1122
1268687346476	0	RECOG_CR_PRES	7	OWL	992	-999	P	575
1268687347458	1	RECOG_FEEDBACK	1
1268687348265	0	RECOG_PRES	7	DART	440	-999	P	786
1268687349422	0	RECOG_CR_PRES	7	DART	440	-999	P	404
1268687350205	1	RECOG_FEEDBACK	1
1268687350994	0	RECOG_PRES	7	CONTAINER	366	-999	P	1097
1268687352460	0	RECOG_CR_PRES	7	CONTAINER	366	-999	P	318
1268687353159	1	RECOG_FEEDBACK	0
1268687353874	0	RECOG_PRES	7	IDOL	733	-999	P	892
1268687355157	0	RECOG_CR_PRES	7	IDOL	733	-999	P	398
1268687355930	1	RECOG_FEEDBACK	1
1268687356713	0	RECOG_PRES	7	FIELD	562	-999	P	874
1268687357961	0	RECOG_CR_PRES	7	FIELD	562	-999	P	210
1268687358545	1	RECOG_FEEDBACK	1
1268687359261	0	RECOG_PRES	7	PISTON	1076	-999	P	822
1268687360451	0	RECOG_CR_PRES	7	PISTON	1076	-999	P	415
1268687361233	1	RECOG_FEEDBACK	1
1268687361981	0	RECOG_PRES	7	CASH	252	-999	P	470
1268687362830	0	RECOG_CR_PRES	7	CASH	252	-999	P	653
1268687363796	1	RECOG_FEEDBACK	-1
1268687364521	0	RECOG_PRES	7	MAMMAL	861	-999	P	906
1268687365802	0	RECOG_CR_PRES	7	MAMMAL	861	-999	P	529
1268687366701	1	RECOG_FEEDBACK	1
1268687367426	0	RECOG_PRES	7	PAPER	1011	-999	P	2081
1268687369880	0	RECOG_CR_PRES	7	PAPER	1011	-999	P	738
1268687371030	1	RECOG_FEEDBACK	1
1268687371795	0	RECOG_PRES	7	BRAKE	166	-999	P	776
1268687372944	0	RECOG_CR_PRES	7	BRAKE	166	-999	P	387
1268687373701	1	RECOG_FEEDBACK	1
1268687376574	0	REST
1268687377622	1	REC_START
1268687377655	0	RECOG_PRES	8	DUNGEON	507	-999	P	1195
1268687379221	0	RECOG_CR_PRES	8	DUNGEON	507	-999	P	374
1268687379985	1	RECOG_FEEDBACK	1
1268687380735	0	RECOG_PRES	8	TECHNICIAN	1443	-999	P	1115
1268687382225	0	RECOG_CR_PRES	8	TECHNICIAN	1443	-999	P	314
1268687382924	1	RECOG_FEEDBACK	0
1268687383698	0	RECOG_PRES	8	BELLY	119	-999	P	1224
1268687385289	0	RECOG_CR_PRES	8	BELLY	119	-999	P	322
1268687386004	1	RECOG_FEEDBACK	1
1268687386727	0	RECOG_PRES	8	LIZARD	834	-999	P	923
1268687388019	0	RECOG_CR_PRES	8	LIZARD	834	-999	P	376
1268687388775	1	RECOG_FEEDBACK	1
1268687389559	0	RECOG_PRES	8	UNDERWEAR	1537	-999	P	1107
1268687391032	0	RECOG_CR_PRES	8	UNDERWEAR	1537	-999	P	395
1268687391805	1	RECOG_FEEDBACK	1
1268687392522	0	RECOG_PRES	8	LEOPARD	812	-999	P	929
1268687393819	0	RECOG_CR_PRES	8	LEOPARD	812	-999	P	328
1268687394528	1	RECOG_FEEDBACK	1
1268687395293	0	RECOG_PRES	8	FLEA	577	-999	P	870
1268687396534	0	RECOG_CR_PRES	8	FLEA	577	-999	P	404
1268687397316	1	RECOG_FEEDBACK	1
1268687398090	0	RECOG_PRES	8	TROUT	1511	-999	P	1097
1268687399555	0	RECOG_CR_PRES	8	TROUT	1511	-999	P	423
1268687400363	1	RECOG_FEEDBACK	1
1268687401095	0	RECOG_PRES	8	VENUS	1557	-999	P	1084
1268687402552	0	RECOG_CR_PRES	8	VENUS	1557	-999	P	434
1268687403367	1	RECOG_FEEDBACK	1
1268687404141	0	RECOG_PRES	8	SIGNATURE	1306	-999	P	990
1268687405507	0	RECOG_CR_PRES	8	SIGNATURE	1306	-999	P	447
1268687406331	1	RECOG_FEEDBACK	1
1268687407063	0	RECOG_PRES	8	PUB	1135	-999	P	867
1268687408295	0	RECOG_CR_PRES	8	PUB	1135	-999	P	363
1268687409027	1	RECOG_FEEDBACK	1
1268687409751	0	RECOG_PRES	8	SISTER	1312	-999	P	1227
1268687411341	0	RECOG_CR_PRES	8	SISTER	1312	-999	P	541
1268687412282	1	RECOG_FEEDBACK	1
1268687413073	0	RECOG_PRES	8	CHIPMUNK	304	-999	P	1258
1268687414703	0	RECOG_CR_PRES	8	CHIPMUNK	304	-999	P	444
1268687415561	1	RECOG_FEEDBACK	0
1268687416344	0	RECOG_PRES	8	KEYBOARD	774	-999	P	875
1268687417592	0	RECOG_CR_PRES	8	KEYBOARD	774	-999	P	443
1268687418408	1	RECOG_FEEDBACK	1
1268687419149	0	RECOG_PRES	8	FENCE	560	-999	P	1054
1268687420572	0	RECOG_CR_PRES	8	FENCE	560	-999	P	422
1268687421388	1	RECOG_FEEDBACK	1
1268687422170	0	RECOG_PRES	8	GRIZZLY	662	-999	P	1281
1268687423826	0	RECOG_CR_PRES	8	GRIZZLY	662	-999	P	425
1268687424642	1	RECOG_FEEDBACK	1
1268687425358	0	RECOG_PRES	8	PARCEL	1012	-999	P	877
1268687426607	0	RECOG_CR_PRES	8	PARCEL	1012	-999	P	307
1268687427289	1	RECOG_FEEDBACK	1
1268687428088	0	RECOG_PRES	8	CANDY	230	-999	P	906
1268687429370	0	RECOG_CR_PRES	8	CANDY	230	-999	P	312
1268687430061	1	RECOG_FEEDBACK	1
1268687430801	0	RECOG_PRES	8	SEED	1266	-999	P	985
1268687432150	0	RECOG_CR_PRES	8	SEED	1266	-999	P	333
1268687432857	1	RECOG_FEEDBACK	1
1268687433656	0	RECOG_PRES	8	BUTTER	205	-999	P	779
1268687434805	0	RECOG_CR_PRES	8	BUTTER	205	-999	P	334
1268687435496	1	RECOG_FEEDBACK	1
1268687437461	0	REST
1268687438402	1	REC_START
1268687438435	0	RECOG_PRES	9	BANQUET	86	-999	P	1271
1268687440074	0	RECOG_CR_PRES	9	BANQUET	86	-999	P	329
1268687440781	1	RECOG_FEEDBACK	0
1268687441581	0	RECOG_PRES	9	LUNCH	849	-999	P	1022
1268687442970	0	RECOG_CR_PRES	9	LUNCH	849	-999	P	385
1268687443753	1	RECOG_FEEDBACK	0
1268687444494	0	RECOG_PRES	9	LAPEL	800	-999	P	837
1268687445700	0	RECOG_CR_PRES	9	LAPEL	800	-999	P	335
1268687446400	1	RECOG_FEEDBACK	1
1268687447150	0	RECOG_PRES	9	CUE	422	-999	P	1157
1268687448680	0	RECOG_CR_PRES	9	CUE	422	-999	P	347
1268687449422	1	RECOG_FEEDBACK	1
1268687450221	0	RECOG_PRES	9	SOAP	1337	-999	P	854
1268687451445	0	RECOG_CR_PRES	9	SOAP	1337	-999	P	341
1268687452185	1	RECOG_FEEDBACK	1
1268687452983	0	RECOG_PRES	9	PEBBLE	1035	-999	P	835
1268687454183	0	RECOG_CR_PRES	9	PEBBLE	1035	-999	P	404
1268687455007	1	RECOG_FEEDBACK	0
1268687455772	0	RECOG_PRES	9	MICROPHONE	890	-999	P	1118
1268687457254	0	RECOG_CR_PRES	9	MICROPHONE	890	-999	P	436
1268687458070	1	RECOG_FEEDBACK	1
1268687458793	0	RECOG_PRES	9	SEASHORE	1263	-999	P	884
1268687460068	0	RECOG_CR_PRES	9	SEASHORE	1263	-999	P	327
1268687460774	1	RECOG_FEEDBACK	1
1268687461483	0	RECOG_PRES	9	CAMEL	223	-999	P	800
1268687462655	0	RECOG_CR_PRES	9	CAMEL	223	-999	P	339
1268687463356	1	RECOG_FEEDBACK	1
1268687464163	0	RECOG_PRES	9	SAGE	1222	-999	P	1072
1268687465603	0	RECOG_CR_PRES	9	SAGE	1222	-999	P	295
1268687466285	1	RECOG_FEEDBACK	0
1268687467035	0	RECOG_PRES	9	ROPE	1211	-999	P	976
1268687468383	0	RECOG_CR_PRES	9	ROPE	1211	-999	P	347
1268687469116	1	RECOG_FEEDBACK	1
1268687469864	0	RECOG_PRES	9	BOTTLE	153	-999	P	1834
1268687472070	0	RECOG_CR_PRES	9	BOTTLE	153	-999	P	373
1268687472860	1	RECOG_FEEDBACK	0
1268687473610	0	RECOG_PRES	9	PRINCESS	1125	-999	P	761
1268687474741	0	RECOG_CR_PRES	9	PRINCESS	1125	-999	P	358
1268687475475	1	RECOG_FEEDBACK	1
1268687476199	0	RECOG_PRES	9	ATTIC	56	-999	P	828
1268687477397	0	RECOG_CR_PRES	9	ATTIC	56	-999	P	341
1268687478113	1	RECOG_FEEDBACK	1
1268687478853	0	RECOG_PRES	9	GROCERIES	663	-999	P	861
1268687480078	0	RECOG_CR_PRES	9	GROCERIES	663	-999	P	357
1268687480817	1	RECOG_FEEDBACK	0
1268687481576	0	RECOG_PRES	9	HOSE	720	-999	P	1555
1268687483507	0	RECOG_CR_PRES	9	HOSE	720	-999	P	423
1268687484356	1	RECOG_FEEDBACK	1
1268687485080	0	RECOG_PRES	9	PRIEST	1122	-999	P	1051
1268687486504	0	RECOG_CR_PRES	9	PRIEST	1122	-999	P	314
1268687487219	1	RECOG_FEEDBACK	1
1268687487942	0	RECOG_PRES	9	VEIN	1554	-999	P	996
1268687489309	0	RECOG_CR_PRES	9	VEIN	1554	-999	P	317
1268687490033	1	RECOG_FEEDBACK	1
1268687490806	0	RECOG_PRES	9	DOCUMENT	479	-999	P	1140
1268687492313	0	RECOG_CR_PRES	9	DOCUMENT	479	-999	P	1026
1268687493769	1	RECOG_FEEDBACK	1
1268687494544	0	RECOG_PRES	9	PERCH	1048	-999	P	2771
1268687497689	0	RECOG_CR_PRES	9	PERCH	1048	-999	P	450
1268687498573	1	RECOG_FEEDBACK	1
1268687500387	0	REST
1268687501203	1	REC_START
1268687501228	0	RECOG_PRES	10	VACUUM	1543	-999	P	1271
1268687502867	0	RECOG_CR_PRES	10	VACUUM	1543	-999	P	400
1268687503649	1	RECOG_FEEDBACK	1
1268687504449	0	RECOG_PRES	10	CREATURE	403	-999	P	930
1268687505747	0	RECOG_CR_PRES	10	CREATURE	403	-999	P	376
1268687506513	1	RECOG_FEEDBACK	0
1268687507279	0	RECOG_PRES	10	PENGUIN	1044	-999	P	916
1268687508569	0	RECOG_CR_PRES	10	PENGUIN	1044	-999	P	618
1268687509568	1	RECOG_FEEDBACK	1
1268687510342	0	RECOG_PRES	10	GUM	672	-999	P	1221
1268687511931	0	RECOG_CR_PRES	10	GUM	672	-999	P	392
1268687512739	1	RECOG_FEEDBACK	1
1268687513539	0	RECOG_PRES	10	CAVITY	264	-999	P	1143
1268687515053	0	RECOG_CR_PRES	10	CAVITY	264	-999	P	534
1268687515985	1	RECOG_FEEDBACK	1
1268687516750	0	RECOG_PRES	10	TAVERN	1437	-999	P	1148
1268687518266	0	RECOG_CR_PRES	10	TAVERN	1437	-999	P	408
1268687519057	1	RECOG_FEEDBACK	0
1268687519864	0	RECOG_PRES	10	COMET	353	-999	P	3267
1268687523502	0	RECOG_CR_PRES	10	COMET	353	-999	P	468
1268687524459	1	RECOG_FEEDBACK	1
1268687525233	0	RECOG_PRES	10	JUG	762	-999	P	978
1268687526582	0	RECOG_CR_PRES	10	JUG	762	-999	P	717
1268687527671	1	RECOG_FEEDBACK	1
1268687528471	0	RECOG_PRES	10	SINK	1309	-999	P	1140
1268687529985	0	RECOG_CR_PRES	10	SINK	1309	-999	P	418
1268687530784	1	RECOG_FEEDBACK	1
1268687531551	0	RECOG_PRES	10	UNIVERSE	1540	-999	P	980
1268687532898	0	RECOG_CR_PRES	10	UNIVERSE	1540	-999	P	1024
1268687534298	1	RECOG_FEEDBACK	1
1268687535038	0	RECOG_PRES	10	PAIL	1002	-999	P	866
1268687536304	0	RECOG_CR_PRES	10	PAIL	1002	-999	P	418
1268687537094	1	RECOG_FEEDBACK	1
1268687537851	0	RECOG_PRES	10	STRAW	1390	-999	P	1039
1268687539258	0	RECOG_CR_PRES	10	STRAW	1390	-999	P	424
1268687540083	1	RECOG_FEEDBACK	1
1268687540847	0	RECOG_PRES	10	HUT	729	-999	P	1091
1268687542305	0	RECOG_CR_PRES	10	HUT	729	-999	P	345
1268687543029	1	RECOG_FEEDBACK	1
1268687543794	0	RECOG_PRES	10	MOON	914	-999	P	1000
1268687545160	0	RECOG_CR_PRES	10	MOON	914	-999	P	403
1268687545941	1	RECOG_FEEDBACK	1
1268687546665	0	RECOG_PRES	10	BADGE	68	-999	P	1033
1268687548065	0	RECOG_CR_PRES	10	BADGE	68	-999	P	418
1268687548888	1	RECOG_FEEDBACK	0
1268687549654	0	RECOG_PRES	10	VEAL	1551	-999	P	901
1268687550927	0	RECOG_CR_PRES	10	VEAL	1551	-999	P	348
1268687551643	1	RECOG_FEEDBACK	1
1268687552426	0	RECOG_PRES	10	FRECKLE	602	-999	P	785
1268687553583	0	RECOG_CR_PRES	10	FRECKLE	602	-999	P	347
1268687554299	1	RECOG_FEEDBACK	1
1268687555015	0	RECOG_PRES	10	ISLAND	745	-999	P	779
1268687556155	0	RECOG_CR_PRES	10	ISLAND	745	-999	P	392
1268687556912	1	RECOG_FEEDBACK	1
1268687557694	0	RECOG_PRES	10	COD	340	-999	P	1252
1268687559310	0	RECOG_CR_PRES	10	COD	340	-999	P	348
1268687560067	1	RECOG_FEEDBACK	1
1268687560849	0	RECOG_PRES	10	BROCCOLI	176	-999	P	785
1268687562007	0	RECOG_CR_PRES	10	BROCCOLI	176	-999	P	364
1268687562738	1	RECOG_FEEDBACK	1
1268687566102	0	REST
1268687566995	1	REC_START
1268687567026	0	RECOG_PRES	11	DRAWER	493	-999	P	1113
1268687568508	0	RECOG_CR_PRES	11	DRAWER	493	-999	P	422
1268687569307	1	RECOG_FEEDBACK	1
1268687570056	0	RECOG_PRES	11	LILY	821	-999	P	987
1268687571413	0	RECOG_CR_PRES	11	LILY	821	-999	P	365
1268687572162	1	RECOG_FEEDBACK	1
1268687572918	0	RECOG_PRES	11	LOOP	844	-999	P	850
1268687574159	0	RECOG_CR_PRES	11	LOOP	844	-999	P	364
1268687574899	1	RECOG_FEEDBACK	1
1268687575640	0	RECOG_PRES	11	SNACK	1331	-999	P	1547
1268687577555	0	RECOG_CR_PRES	11	SNACK	1331	-999	P	335
1268687578304	1	RECOG_FEEDBACK	0
1268687579054	0	RECOG_PRES	11	CANDIDATE	228	-999	P	1261
1268687580684	0	RECOG_CR_PRES	11	CANDIDATE	228	-999	P	439
1268687581526	1	RECOG_FEEDBACK	1
1268687582316	0	RECOG_PRES	11	OVAL	990	-999	P	1071
1268687583755	0	RECOG_CR_PRES	11	OVAL	990	-999	P	528
1268687584671	1	RECOG_FEEDBACK	1
1268687585471	0	RECOG_PRES	11	HERD	705	-999	P	1020
1268687586860	0	RECOG_CR_PRES	11	HERD	705	-999	P	399
1268687587626	1	RECOG_FEEDBACK	1
1268687588376	0	RECOG_PRES	11	SKILLET	1317	-999	P	1155
1268687589898	0	RECOG_CR_PRES	11	SKILLET	1317	-999	P	337
1268687590622	1	RECOG_FEEDBACK	1
1268687591381	0	RECOG_PRES	11	SAW	1239	-999	P	841
1268687592620	0	RECOG_CR_PRES	11	SAW	1239	-999	P	431
1268687593420	1	RECOG_FEEDBACK	1
1268687594219	0	RECOG_PRES	11	LIEUTENANT	818	-999	P	992
1268687595584	0	RECOG_CR_PRES	11	LIEUTENANT	818	-999	P	322
1268687596300	1	RECOG_FEEDBACK	1
1268687597041	0	RECOG_PRES	11	GROCERY	664	-999	P	905
1268687598314	0	RECOG_CR_PRES	11	GROCERY	664	-999	P	336
1268687599022	1	RECOG_FEEDBACK	1
1268687599737	0	RECOG_PRES	11	MINER	896	-999	P	969
1268687601070	0	RECOG_CR_PRES	11	MINER	896	-999	P	429
1268687601868	1	RECOG_FEEDBACK	1
1268687602658	0	RECOG_PRES	11	NITROGEN	954	-999	P	1657
1268687604689	0	RECOG_CR_PRES	11	NITROGEN	954	-999	P	434
1268687605539	1	RECOG_FEEDBACK	1
1268687606263	0	RECOG_PRES	11	PORCH	1106	-999	P	836
1268687607470	0	RECOG_CR_PRES	11	PORCH	1106	-999	P	316
1268687608186	1	RECOG_FEEDBACK	1
1268687608909	0	RECOG_PRES	11	CRITIC	410	-999	P	1069
1268687610342	0	RECOG_CR_PRES	11	CRITIC	410	-999	P	452
1268687611208	1	RECOG_FEEDBACK	1
1268687611923	0	RECOG_PRES	11	ELBOW	520	-999	P	815
1268687613105	0	RECOG_CR_PRES	11	ELBOW	520	-999	P	402
1268687613862	1	RECOG_FEEDBACK	1
1268687614570	0	RECOG_PRES	11	DAM	436	-999	P	697
1268687615635	0	RECOG_CR_PRES	11	DAM	436	-999	P	343
1268687616343	1	RECOG_FEEDBACK	1
1268687617134	0	RECOG_PRES	11	ACORN	3	-999	P	764
1268687618266	0	RECOG_CR_PRES	11	ACORN	3	-999	P	289
1268687618931	1	RECOG_FEEDBACK	1
1268687619672	0	RECOG_PRES	11	RAKE	1164	-999	P	739
1268687620779	0	RECOG_CR_PRES	11	RAKE	1164	-999	P	360
1268687621512	1	RECOG_FEEDBACK	0
1268687622311	0	RECOG_PRES	11	STOMACH	1384	-999	P	808
1268687623518	0	RECOG_CR_PRES	11	STOMACH	1384	-999	P	332
1268687624226	1	RECOG_FEEDBACK	1
1268687625981	0	REST
1268687627042	1	REC_START
1268687627072	0	RECOG_PRES	12	MULE	931	-999	P	969
1268687628438	0	RECOG_CR_PRES	12	MULE	931	-999	P	396
1268687629195	1	RECOG_FEEDBACK	1
1268687629968	0	RECOG_PRES	12	TOE	1473	-999	P	834
1268687631193	0	RECOG_CR_PRES	12	TOE	1473	-999	P	410
1268687631991	1	RECOG_FEEDBACK	1
1268687632790	0	RECOG_PRES	12	GATE	625	-999	P	765
1268687633922	0	RECOG_CR_PRES	12	GATE	625	-999	P	409
1268687634729	1	RECOG_FEEDBACK	1
1268687635496	0	RECOG_PRES	12	WATERFALL	1595	-999	P	771
1268687636635	0	RECOG_CR_PRES	12	WATERFALL	1595	-999	P	359
1268687637360	1	RECOG_FEEDBACK	1
1268687638151	0	RECOG_PRES	12	GIRAFFE	636	-999	P	715
1268687639242	0	RECOG_CR_PRES	12	GIRAFFE	636	-999	P	313
1268687639915	1	RECOG_FEEDBACK	1
1268687640631	0	RECOG_PRES	12	COW	393	-999	P	1187
1268687642180	0	RECOG_CR_PRES	12	COW	393	-999	P	375
1268687642945	1	RECOG_FEEDBACK	1
1268687643744	0	RECOG_PRES	12	COBBLER	335	-999	P	843
1268687644967	0	RECOG_CR_PRES	12	COBBLER	335	-999	P	468
1268687645808	1	RECOG_FEEDBACK	1
1268687646558	0	RECOG_PRES	12	QUARTER	1148	-999	P	837
1268687647764	0	RECOG_CR_PRES	12	QUARTER	1148	-999	P	439
1268687648564	1	RECOG_FEEDBACK	1
1268687649297	0	RECOG_PRES	12	QUAIL	1147	-999	P	714
1268687650387	0	RECOG_CR_PRES	12	QUAIL	1147	-999	P	375
1268687651136	1	RECOG_FEEDBACK	1
1268687651917	0	RECOG_PRES	12	TICKET	1464	-999	P	1005
1268687653284	0	RECOG_CR_PRES	12	TICKET	1464	-999	P	271
1268687653948	1	RECOG_FEEDBACK	0
1268687654681	0	RECOG_PRES	12	FOLLOWER	589	-999	P	930
1268687655979	0	RECOG_CR_PRES	12	FOLLOWER	589	-999	P	352
1268687656703	1	RECOG_FEEDBACK	0
1268687657495	0	RECOG_PRES	12	WAREHOUSE	1588	-999	P	1163
1268687659018	0	RECOG_CR_PRES	12	WAREHOUSE	1588	-999	P	297
1268687659733	1	RECOG_FEEDBACK	1
1268687660500	0	RECOG_PRES	12	SHORTCAKE	1292	-999	P	887
1268687661756	0	RECOG_CR_PRES	12	SHORTCAKE	1292	-999	P	335
1268687662464	1	RECOG_FEEDBACK	1
1268687663247	0	RECOG_PRES	12	SCREW	1254	-999	P	2068
1268687665685	0	RECOG_CR_PRES	12	SCREW	1254	-999	P	438
1268687666535	1	RECOG_FEEDBACK	1
1268687667334	0	RECOG_PRES	12	BARN	89	-999	P	1005
1268687668706	0	RECOG_CR_PRES	12	BARN	89	-999	P	393
1268687669498	1	RECOG_FEEDBACK	0
1268687670280	0	RECOG_PRES	12	LUMBER	848	-999	P	825
1268687671504	0	RECOG_CR_PRES	12	LUMBER	848	-999	P	362
1268687672236	1	RECOG_FEEDBACK	1
1268687672984	0	RECOG_PRES	12	CHIP	303	-999	P	762
1268687674117	0	RECOG_CR_PRES	12	CHIP	303	-999	P	334
1268687674816	1	RECOG_FEEDBACK	1
1268687675599	0	RECOG_PRES	12	CARD	243	-999	P	924
1268687676897	0	RECOG_CR_PRES	12	CARD	243	-999	P	274
1268687677572	1	RECOG_FEEDBACK	1
1268687678279	0	RECOG_PRES	12	MATTRESS	879	-999	P	1475
1268687680119	0	RECOG_CR_PRES	12	MATTRESS	879	-999	P	396
1268687680900	1	RECOG_FEEDBACK	1
1268687681633	0	RECOG_PRES	12	CONDUCTOR	362	-999	P	1001
1268687683007	0	RECOG_CR_PRES	12	CONDUCTOR	362	-999	P	380
1268687683772	1	RECOG_FEEDBACK	1
1268687685795	0	REST
1268687686895	1	REC_START
1268687686926	0	RECOG_PRES	13	SALESMAN	1225	-999	P	1133
1268687688434	0	RECOG_CR_PRES	13	SALESMAN	1225	-999	P	288
1268687689092	1	RECOG_FEEDBACK	1
1268687689873	0	RECOG_PRES	13	GIFT	635	-999	P	1514
1268687691754	0	RECOG_CR_PRES	13	GIFT	635	-999	P	345
1268687692496	1	RECOG_FEEDBACK	1
1268687693295	0	RECOG_PRES	13	AUDIENCE	59	-999	P	659
1268687694319	0	RECOG_CR_PRES	13	AUDIENCE	59	-999	P	331
1268687695018	1	RECOG_FEEDBACK	1
1268687695824	0	RECOG_PRES	13	PUDDLE	1140	-999	P	842
1268687697032	0	RECOG_CR_PRES	13	PUDDLE	1140	-999	P	323
1268687697722	1	RECOG_FEEDBACK	1
1268687698497	0	RECOG_PRES	13	FLUTE	585	-999	P	825
1268687699720	0	RECOG_CR_PRES	13	FLUTE	585	-999	P	283
1268687700387	1	RECOG_FEEDBACK	1
1268687701111	0	RECOG_PRES	13	PENCIL	1042	-999	P	835
1268687702310	0	RECOG_CR_PRES	13	PENCIL	1042	-999	P	316
1268687703009	1	RECOG_FEEDBACK	1
1268687703798	0	RECOG_PRES	13	VEHICLE	1553	-999	P	892
1268687705065	0	RECOG_CR_PRES	13	VEHICLE	1553	-999	P	410
1268687705879	1	RECOG_FEEDBACK	1
1268687706645	0	RECOG_PRES	13	SKIN	1318	-999	P	1173
1268687708186	0	RECOG_CR_PRES	13	SKIN	1318	-999	P	401
1268687709010	1	RECOG_FEEDBACK	1
1268687709783	0	RECOG_PRES	13	SPACE	1345	-999	P	2492
1268687712646	0	RECOG_CR_PRES	13	SPACE	1345	-999	P	340
1268687713455	1	RECOG_FEEDBACK	1
1268687714171	0	RECOG_PRES	13	KIWI	781	-999	P	1160
1268687715701	0	RECOG_CR_PRES	13	KIWI	781	-999	P	422
1268687716501	1	RECOG_FEEDBACK	0
1268687717234	0	RECOG_PRES	13	DINER	467	-999	P	1113
1268687718714	0	RECOG_CR_PRES	13	DINER	467	-999	P	401
1268687719498	1	RECOG_FEEDBACK	1
1268687720214	0	RECOG_PRES	13	DISHWASHER	475	-999	P	981
1268687721570	0	RECOG_CR_PRES	13	DISHWASHER	475	-999	P	408
1268687722353	1	RECOG_FEEDBACK	1
1268687723069	0	RECOG_PRES	13	WALL	1582	-999	P	890
1268687724359	0	RECOG_CR_PRES	13	WALL	1582	-999	P	403
1268687725149	1	RECOG_FEEDBACK	1
1268687725939	0	RECOG_PRES	13	RECEIPT	1173	-999	P	1039
1268687727339	0	RECOG_CR_PRES	13	RECEIPT	1173	-999	P	295
1268687728029	1	RECOG_FEEDBACK	1
1268687728769	0	RECOG_PRES	13	PIZZA	1079	-999	P	1033
1268687730169	0	RECOG_CR_PRES	13	PIZZA	1079	-999	P	434
1268687730992	1	RECOG_FEEDBACK	1
1268687731766	0	RECOG_PRES	13	GENERAL	630	-999	P	833
1268687732998	0	RECOG_CR_PRES	13	GENERAL	630	-999	P	381
1268687733755	1	RECOG_FEEDBACK	1
1268687734538	0	RECOG_PRES	13	TULIP	1517	-999	P	785
1268687735694	0	RECOG_CR_PRES	13	TULIP	1517	-999	P	300
1268687736370	1	RECOG_FEEDBACK	1
1268687737177	0	RECOG_PRES	13	COLLEGE	346	-999	P	2378
1268687739923	0	RECOG_CR_PRES	13	COLLEGE	346	-999	P	528
1268687740905	1	RECOG_FEEDBACK	0
1268687741696	0	RECOG_PRES	13	SUSPECT	1415	-999	P	1242
1268687743312	0	RECOG_CR_PRES	13	SUSPECT	1415	-999	P	602
1268687744369	1	RECOG_FEEDBACK	1
1268687745126	0	RECOG_PRES	13	HEADBAND	696	-999	P	1213
1268687746707	0	RECOG_CR_PRES	13	HEADBAND	696	-999	P	448
1268687747557	1	RECOG_FEEDBACK	1
1268687749596	0	REST
1268687750710	1	REC_START
1268687750735	0	RECOG_PRES	14	ORCHID	982	-999	P	1259
1268687752368	0	RECOG_CR_PRES	14	ORCHID	982	-999	P	434
1268687753200	1	RECOG_FEEDBACK	1
1268687753981	0	RECOG_PRES	14	ARMY	39	-999	P	3310
1268687757660	0	RECOG_CR_PRES	14	ARMY	39	-999	P	471
1268687758577	1	RECOG_FEEDBACK	1
1268687759368	0	RECOG_PRES	14	NEPHEW	942	-999	P	979
1268687760715	0	RECOG_CR_PRES	14	NEPHEW	942	-999	P	408
1268687761515	1	RECOG_FEEDBACK	1
1268687762298	0	RECOG_PRES	14	GARAGE	621	-999	P	913
1268687763580	0	RECOG_CR_PRES	14	GARAGE	621	-999	P	294
1268687764262	1	RECOG_FEEDBACK	1
1268687765028	0	RECOG_PRES	14	TRIGGER	1507	-999	P	1047
1268687766443	0	RECOG_CR_PRES	14	TRIGGER	1507	-999	P	375
1268687767217	1	RECOG_FEEDBACK	0
1268687767957	0	RECOG_PRES	14	CHALK	276	-999	P	867
1268687769215	0	RECOG_CR_PRES	14	CHALK	276	-999	P	340
1268687769929	1	RECOG_FEEDBACK	1
1268687770712	0	RECOG_PRES	14	DYNAMITE	511	-999	P	1018
1268687772095	0	RECOG_CR_PRES	14	DYNAMITE	511	-999	P	348
1268687772826	1	RECOG_FEEDBACK	1
1268687773601	0	RECOG_PRES	14	MARKET	871	-999	P	1706
1268687775681	0	RECOG_CR_PRES	14	MARKET	871	-999	P	434
1268687776539	1	RECOG_FEEDBACK	1
1268687777263	0	RECOG_PRES	14	NURSERY	964	-999	P	1100
1268687778736	0	RECOG_CR_PRES	14	NURSERY	964	-999	P	355
1268687779494	1	RECOG_FEEDBACK	1
1268687780235	0	RECOG_PRES	14	GALAXY	617	-999	P	808
1268687781417	0	RECOG_CR_PRES	14	GALAXY	617	-999	P	225
1268687782025	1	RECOG_FEEDBACK	1
1268687782739	0	RECOG_PRES	14	FLORIDA	582	-999	P	959
1268687784064	0	RECOG_CR_PRES	14	FLORIDA	582	-999	P	371
1268687784804	1	RECOG_FEEDBACK	1
1268687785554	0	RECOG_PRES	14	CUPBOARD	425	-999	P	849
1268687786776	0	RECOG_CR_PRES	14	CUPBOARD	425	-999	P	355
1268687787501	1	RECOG_FEEDBACK	1
1268687788242	0	RECOG_PRES	14	PATROL	1027	-999	P	905
1268687789516	0	RECOG_CR_PRES	14	PATROL	1027	-999	P	422
1268687790340	1	RECOG_FEEDBACK	1
1268687791139	0	RECOG_PRES	14	SCRIBBLE	1256	-999	P	1184
1268687792694	0	RECOG_CR_PRES	14	SCRIBBLE	1256	-999	P	485
1268687793586	1	RECOG_FEEDBACK	1
1268687794344	0	RECOG_PRES	14	OVEN	991	-999	P	1843
1268687796558	0	RECOG_CR_PRES	14	OVEN	991	-999	P	533
1268687797507	1	RECOG_FEEDBACK	1
1268687798222	0	RECOG_PRES	14	BEVERAGE	123	-999	P	3309
1268687801900	0	RECOG_CR_PRES	14	BEVERAGE	123	-999	P	431
1268687802799	1	RECOG_FEEDBACK	0
1268687803524	0	RECOG_PRES	14	MISTER	901	-999	P	1679
1268687805572	0	RECOG_CR_PRES	14	MISTER	901	-999	P	326
1268687806321	1	RECOG_FEEDBACK	1
1268687807104	0	RECOG_PRES	14	PUMPKIN	1142	-999	P	850
1268687808319	0	RECOG_CR_PRES	14	PUMPKIN	1142	-999	P	331
1268687809026	1	RECOG_FEEDBACK	1
1268687809791	0	RECOG_PRES	14	PUBLISHER	1137	-999	P	883
1268687811041	0	RECOG_CR_PRES	14	PUBLISHER	1137	-999	P	322
1268687811739	1	RECOG_FEEDBACK	1
1268687812522	0	RECOG_PRES	14	TRIANGLE	1504	-999	P	1112
1268687814004	0	RECOG_CR_PRES	14	TRIANGLE	1504	-999	P	335
1268687814735	1	RECOG_FEEDBACK	1
1268687816593	0	REST
1268687817487	1	REC_START
1268687817516	0	RECOG_PRES	15	EAR	513	-999	P	1055
1268687818939	0	RECOG_CR_PRES	15	EAR	513	-999	P	520
1268687819838	1	RECOG_FEEDBACK	1
1268687820596	0	RECOG_PRES	15	INDIAN	736	-999	P	1150
1268687822119	0	RECOG_CR_PRES	15	INDIAN	736	-999	P	364
1268687822884	1	RECOG_FEEDBACK	0
1268687823642	0	RECOG_PRES	15	APARTMENT	30	-999	P	1064
1268687825083	0	RECOG_CR_PRES	15	APARTMENT	30	-999	P	376
1268687825847	1	RECOG_FEEDBACK	0
1268687826646	0	RECOG_PRES	15	HELICOPTER	701	-999	P	901
1268687827920	0	RECOG_CR_PRES	15	HELICOPTER	701	-999	P	403
1268687828694	1	RECOG_FEEDBACK	1
1268687829436	0	RECOG_PRES	15	CATERPILLAR	259	-999	P	858
1268687830692	0	RECOG_CR_PRES	15	CATERPILLAR	259	-999	P	447
1268687831508	1	RECOG_FEEDBACK	1
1268687832241	0	RECOG_PRES	15	LEADER	807	-999	P	858
1268687833473	0	RECOG_CR_PRES	15	LEADER	807	-999	P	393
1268687834247	1	RECOG_FEEDBACK	1
1268687835021	0	RECOG_PRES	15	ALLIGATOR	16	-999	P	832
1268687836245	0	RECOG_CR_PRES	15	ALLIGATOR	16	-999	P	413
1268687837035	1	RECOG_FEEDBACK	1
1268687837775	0	RECOG_PRES	15	CASHIER	254	-999	P	1179
1268687839316	0	RECOG_CR_PRES	15	CASHIER	254	-999	P	390
1268687840115	1	RECOG_FEEDBACK	1
1268687840888	0	RECOG_PRES	15	INSTRUCTOR	741	-999	P	818
1268687842071	0	RECOG_CR_PRES	15	INSTRUCTOR	741	-999	P	340
1268687842794	1	RECOG_FEEDBACK	1
1268687843528	0	RECOG_PRES	15	VIOLIN	1571	-999	P	827
1268687844725	0	RECOG_CR_PRES	15	VIOLIN	1571	-999	P	358
1268687845467	1	RECOG_FEEDBACK	0
1268687846249	0	RECOG_PRES	15	SCARECROW	1245	-999	P	1274
1268687847897	0	RECOG_CR_PRES	15	SCARECROW	1245	-999	P	586
1268687848895	1	RECOG_FEEDBACK	1
1268687849628	0	RECOG_PRES	15	TOWN	1491	-999	P	1366
1268687851369	0	RECOG_CR_PRES	15	TOWN	1491	-999	P	441
1268687852259	1	RECOG_FEEDBACK	1
1268687853033	0	RECOG_PRES	15	BAKER	71	-999	P	1633
1268687855031	0	RECOG_CR_PRES	15	BAKER	71	-999	P	556
1268687856030	1	RECOG_FEEDBACK	0
1268687856745	0	RECOG_PRES	15	HOOD	714	-999	P	929
1268687858036	0	RECOG_CR_PRES	15	HOOD	714	-999	P	423
1268687858825	1	RECOG_FEEDBACK	1
1268687859625	0	RECOG_PRES	15	FACTORY	548	-999	P	834
1268687860831	0	RECOG_CR_PRES	15	FACTORY	548	-999	P	364
1268687861573	1	RECOG_FEEDBACK	1
1268687862339	0	RECOG_PRES	15	RAM	1165	-999	P	976
1268687863686	0	RECOG_CR_PRES	15	RAM	1165	-999	P	349
1268687864445	1	RECOG_FEEDBACK	1
1268687865219	0	RECOG_PRES	15	TROUSERS	1510	-999	P	775
1268687866368	0	RECOG_CR_PRES	15	TROUSERS	1510	-999	P	466
1268687867225	1	RECOG_FEEDBACK	1
1268687867981	0	RECOG_PRES	15	COTTAGE	384	-999	P	933
1268687869298	0	RECOG_CR_PRES	15	COTTAGE	384	-999	P	472
1268687870172	1	RECOG_FEEDBACK	1
1268687870903	0	RECOG_PRES	15	MILK	895	-999	P	1700
1268687872976	0	RECOG_CR_PRES	15	MILK	895	-999	P	395
1268687873808	1	RECOG_FEEDBACK	0
1268687874583	0	RECOG_PRES	15	WAVE	1596	-999	P	1251
1268687876198	0	RECOG_CR_PRES	15	WAVE	1596	-999	P	389
1268687876996	1	RECOG_FEEDBACK	1
1268687877830	0	RECOG_END
1268687897157	0	SESS_END
1268687897194	0	E	Logging Ends
