1298403628092	0	B	Logging Begins
1298403628092	0	SESS_START	2
1298403767140	1	FR_PRES	0	INFANT	737	1	1	2918	(0.42259999999999998, 0.58709999999999996, 0)	../fonts/zerothre.ttf	lower
1298403771019	1	FR_PRES	0	BUTCHER	203	1	1	902	(0.42259999999999998, 0.58709999999999996, 0)	../fonts/zerothre.ttf	lower
1298403775039	1	FR_PRES	0	MONUMENT	913	0	1	1051	(0.57740000000000002, 0.41289999999999999, 1.0)	../fonts/amplitud.ttf	upper
1298403779051	1	FR_PRES	0	CORPORATION	382	0	1	1047	(0.57740000000000002, 0.41289999999999999, 1.0)	../fonts/amplitud.ttf	upper
1298403782962	1	FR_PRES	0	APE	31	0	1	975	(0.57740000000000002, 0.41289999999999999, 1.0)	../fonts/amplitud.ttf	upper
1298403786958	1	FR_PRES	0	IDOL	733	0	1	1396	(0.57740000000000002, 0.41289999999999999, 1.0)	../fonts/amplitud.ttf	upper
1298403791095	1	FR_PRES	0	WITNESS	1618	0	1	1323	(0.57740000000000002, 0.41289999999999999, 1.0)	../fonts/amplitud.ttf	upper
1298403795041	1	FR_PRES	0	COURT	391	0	1	864	(0.57740000000000002, 0.41289999999999999, 1.0)	../fonts/amplitud.ttf	upper
1298403799036	1	FR_PRES	0	RAZOR	1171	1	0	1661	(0.42259999999999998, 0.58709999999999996, 0)	../fonts/zerothre.ttf	lower
1298403803231	1	FR_PRES	0	SCULPTURE	1258	1	0	931	(0.42259999999999998, 0.58709999999999996, 0)	../fonts/zerothre.ttf	lower
1298403807227	1	FR_PRES	0	MULE	931	1	1	799	(0.42259999999999998, 0.58709999999999996, 0)	../fonts/zerothre.ttf	lower
1298403811297	1	FR_PRES	0	SADDLE	1221	1	0	913	(0.42259999999999998, 0.58709999999999996, 0)	../fonts/zerothre.ttf	lower
1298403815351	1	FR_PRES	0	STAPLER	1372	1	0	1083	(0.42259999999999998, 0.58709999999999996, 0)	../fonts/zerothre.ttf	lower
1298403819279	1	FR_PRES	0	CHEMICAL	291	1	0	907	(0.42259999999999998, 0.58709999999999996, 0)	../fonts/zerothre.ttf	lower
1298403823416	1	FR_PRES	0	VAULT	1550	0	1	1161	(0.57740000000000002, 0.41289999999999999, 1.0)	../fonts/amplitud.ttf	upper
1298403827445	1	FR_PRES	0	SHEET	1279	0	1	1789	(0.57740000000000002, 0.41289999999999999, 1.0)	../fonts/amplitud.ttf	upper
1298403833414	1	REC_START
1298403933047	0	REST
1298403934553	1	FR_PRES	1	ENGINEER	536	0	1	992	(0.57740000000000002, 0.41289999999999999, 1.0)	../fonts/amplitud.ttf	upper
1298403938383	1	FR_PRES	1	CASKET	255	0	1	1003	(0.57740000000000002, 0.41289999999999999, 1.0)	../fonts/amplitud.ttf	upper
1298403942478	1	FR_PRES	1	FROST	609	0	0	2059	(0.57740000000000002, 0.41289999999999999, 1.0)	../fonts/amplitud.ttf	upper
1298403946631	1	FR_PRES	1	FLEA	577	0	0	970	(0.57740000000000002, 0.41289999999999999, 1.0)	../fonts/amplitud.ttf	upper
1298403950534	1	FR_PRES	1	POSSUM	1112	0	1	1219	(0.57740000000000002, 0.41289999999999999, 1.0)	../fonts/amplitud.ttf	upper
1298403954655	1	FR_PRES	1	GERM	632	0	0	1242	(0.57740000000000002, 0.41289999999999999, 1.0)	../fonts/amplitud.ttf	upper
1298403958658	1	FR_PRES	1	LINEN	825	1	0	2263	(0.42259999999999998, 0.58709999999999996, 0)	../fonts/zerothre.ttf	lower
1298403962679	1	FR_PRES	1	KLEENEX	782	1	0	914	(0.42259999999999998, 0.58709999999999996, 0)	../fonts/zerothre.ttf	lower
1298403966849	1	FR_PRES	1	WATERFALL	1595	1	0	1449	(0.42259999999999998, 0.58709999999999996, 0)	../fonts/zerothre.ttf	lower
1298403971053	1	FR_PRES	1	REEF	1177	1	1	1237	(0.42259999999999998, 0.58709999999999996, 0)	../fonts/zerothre.ttf	lower
1298403974931	1	FR_PRES	1	VELVET	1555	0	1	2774	(0.57740000000000002, 0.41289999999999999, 1.0)	../fonts/amplitud.ttf	upper
1298403979027	1	FR_PRES	1	COYOTE	396	0	1	1830	(0.57740000000000002, 0.41289999999999999, 1.0)	../fonts/amplitud.ttf	upper
1298403983098	1	FR_PRES	1	TERMINAL	1450	1	0	1615	(0.42259999999999998, 0.58709999999999996, 0)	../fonts/zerothre.ttf	lower
1298403987126	1	FR_PRES	1	WIDOW	1608	1	1	2172	(0.42259999999999998, 0.58709999999999996, 0)	../fonts/zerothre.ttf	lower
1298403990962	1	FR_PRES	1	CEILING	265	1	0	1112	(0.42259999999999998, 0.58709999999999996, 0)	../fonts/zerothre.ttf	lower
1298403994883	1	FR_PRES	1	RUG	1215	1	0	1102	(0.42259999999999998, 0.58709999999999996, 0)	../fonts/zerothre.ttf	lower
1298404000727	1	REC_START
1298404078861	0	REST
1298404080368	1	FR_PRES	2	SALESMAN	1225	1	1	1177	(0.42259999999999998, 0.58709999999999996, 0)	../fonts/zerothre.ttf	lower
1298404084214	1	FR_PRES	2	TECHNICIAN	1443	1	1	1451	(0.42259999999999998, 0.58709999999999996, 0)	../fonts/zerothre.ttf	lower
1298404088176	1	FR_PRES	2	CHISEL	305	1	0	1290	(0.42259999999999998, 0.58709999999999996, 0)	../fonts/zerothre.ttf	lower
1298404092304	1	FR_PRES	2	SNEAKER	1334	1	0	1050	(0.42259999999999998, 0.58709999999999996, 0)	../fonts/zerothre.ttf	lower
1298404096366	1	FR_PRES	2	MOLECULE	905	1	1	1036	(0.42259999999999998, 0.58709999999999996, 0)	../fonts/zerothre.ttf	lower
1298404100220	1	FR_PRES	2	BLUEPRINT	142	0	1	1278	(0.57740000000000002, 0.41289999999999999, 1.0)	../fonts/amplitud.ttf	upper
1298404104307	1	FR_PRES	2	CABIN	211	0	1	879	(0.57740000000000002, 0.41289999999999999, 1.0)	../fonts/amplitud.ttf	upper
1298404108502	1	FR_PRES	2	ZEBRA	1635	0	1	1347	(0.57740000000000002, 0.41289999999999999, 1.0)	../fonts/amplitud.ttf	upper
1298404112546	1	FR_PRES	2	SHOVEL	1295	0	1	1031	(0.57740000000000002, 0.41289999999999999, 1.0)	../fonts/amplitud.ttf	upper
1298404116600	1	FR_PRES	2	STREAM	1392	0	1	1402	(0.57740000000000002, 0.41289999999999999, 1.0)	../fonts/amplitud.ttf	upper
1298404120753	1	FR_PRES	2	RANCH	1166	0	1	1240	(0.57740000000000002, 0.41289999999999999, 1.0)	../fonts/amplitud.ttf	upper
1298404124757	1	FR_PRES	2	CHEERLEADER	288	1	1	1212	(0.42259999999999998, 0.58709999999999996, 0)	../fonts/zerothre.ttf	lower
1298404128927	1	FR_PRES	2	PUZZLE	1146	1	0	2515	(0.42259999999999998, 0.58709999999999996, 0)	../fonts/zerothre.ttf	lower
1298404132781	1	FR_PRES	2	PIER	1063	1	0	1156	(0.42259999999999998, 0.58709999999999996, 0)	../fonts/zerothre.ttf	lower
1298404136876	1	FR_PRES	2	BEER	114	0	1	1350	(0.57740000000000002, 0.41289999999999999, 1.0)	../fonts/amplitud.ttf	upper
1298404140947	1	FR_PRES	2	BARTENDER	92	0	1	990	(0.57740000000000002, 0.41289999999999999, 1.0)	../fonts/amplitud.ttf	upper
1298404146815	1	REC_START
1298404224933	0	REST
1298404226440	1	FR_PRES	3	GAUZE	626	1	0	1273	(0.42259999999999998, 0.58709999999999996, 0)	../fonts/zerothre.ttf	lower
1298404230461	1	FR_PRES	3	SCALPEL	1243	1	0	909	(0.42259999999999998, 0.58709999999999996, 0)	../fonts/zerothre.ttf	lower
1298404234348	1	FR_PRES	3	CEMETERY	269	1	0	2261	(0.42259999999999998, 0.58709999999999996, 0)	../fonts/zerothre.ttf	lower
1298404238243	1	FR_PRES	3	CIRCUS	311	1	1	1662	(0.42259999999999998, 0.58709999999999996, 0)	../fonts/zerothre.ttf	lower
1298404242205	1	FR_PRES	3	CLERK	321	1	1	1189	(0.42259999999999998, 0.58709999999999996, 0)	../fonts/zerothre.ttf	lower
1298404246234	1	FR_PRES	3	CRADLE	399	1	0	1192	(0.42259999999999998, 0.58709999999999996, 0)	../fonts/zerothre.ttf	lower
1298404250262	1	FR_PRES	3	WHISKERS	1605	1	0	2260	(0.42259999999999998, 0.58709999999999996, 0)	../fonts/zerothre.ttf	lower
1298404254433	1	FR_PRES	3	GENTLEMAN	631	1	1	993	(0.42259999999999998, 0.58709999999999996, 0)	../fonts/zerothre.ttf	lower
1298404258511	1	FR_PRES	3	POOL	1103	1	0	1651	(0.42259999999999998, 0.58709999999999996, 0)	../fonts/zerothre.ttf	lower
1298404262448	1	FR_PRES	3	TIDE	1465	1	0	1762	(0.42259999999999998, 0.58709999999999996, 0)	../fonts/zerothre.ttf	lower
1298404266659	1	FR_PRES	3	KING	777	1	1	1142	(0.42259999999999998, 0.58709999999999996, 0)	../fonts/zerothre.ttf	lower
1298404270829	1	FR_PRES	3	CELLAR	267	1	0	1012	(0.42259999999999998, 0.58709999999999996, 0)	../fonts/zerothre.ttf	lower
1298404274875	1	FR_PRES	3	ASSISTANT	48	1	1	926	(0.42259999999999998, 0.58709999999999996, 0)	../fonts/zerothre.ttf	lower
1298404278770	1	FR_PRES	3	THRONE	1461	1	0	1151	(0.42259999999999998, 0.58709999999999996, 0)	../fonts/zerothre.ttf	lower
1298404282632	1	FR_PRES	3	MISTER	901	1	1	2321	(0.42259999999999998, 0.58709999999999996, 0)	../fonts/zerothre.ttf	lower
1298404286636	1	FR_PRES	3	BALCONY	72	1	0	1093	(0.42259999999999998, 0.58709999999999996, 0)	../fonts/zerothre.ttf	lower
1298404292389	1	REC_START
1298404369690	0	REST
1298404371197	1	FR_PRES	4	BOOT	150	0	1	1957	(0.57740000000000002, 0.41289999999999999, 1.0)	../fonts/amplitud.ttf	upper
1298404375068	1	FR_PRES	4	KEEPER	769	0	1	1094	(0.57740000000000002, 0.41289999999999999, 1.0)	../fonts/amplitud.ttf	upper
1298404378920	1	FR_PRES	4	HALL	677	0	1	1001	(0.57740000000000002, 0.41289999999999999, 1.0)	../fonts/amplitud.ttf	upper
1298404382849	1	FR_PRES	4	AIRPLANE	12	0	1	760	(0.57740000000000002, 0.41289999999999999, 1.0)	../fonts/amplitud.ttf	upper
1298404386936	1	FR_PRES	4	BEAN	105	0	0	969	(0.57740000000000002, 0.41289999999999999, 1.0)	../fonts/amplitud.ttf	upper
1298404390981	1	FR_PRES	4	BANANA	77	0	0	1509	(0.57740000000000002, 0.41289999999999999, 1.0)	../fonts/amplitud.ttf	upper
1298404395011	1	FR_PRES	4	FRUIT	610	0	0	870	(0.57740000000000002, 0.41289999999999999, 1.0)	../fonts/amplitud.ttf	upper
1298404398839	1	FR_PRES	4	SCARF	1246	0	0	1243	(0.57740000000000002, 0.41289999999999999, 1.0)	../fonts/amplitud.ttf	upper
1298404402943	1	FR_PRES	4	PEOPLE	1046	0	1	682	(0.57740000000000002, 0.41289999999999999, 1.0)	../fonts/amplitud.ttf	upper
1298404406805	1	FR_PRES	4	SKIN	1318	0	1	1172	(0.57740000000000002, 0.41289999999999999, 1.0)	../fonts/amplitud.ttf	upper
1298404410850	1	FR_PRES	4	CANVAS	234	0	1	1007	(0.57740000000000002, 0.41289999999999999, 1.0)	../fonts/amplitud.ttf	upper
1298404414729	1	FR_PRES	4	STEWARDESS	1381	0	1	952	(0.57740000000000002, 0.41289999999999999, 1.0)	../fonts/amplitud.ttf	upper
1298404418566	1	FR_PRES	4	LIME	823	0	0	1219	(0.57740000000000002, 0.41289999999999999, 1.0)	../fonts/amplitud.ttf	upper
1298404422653	1	FR_PRES	4	GAVEL	627	0	1	773	(0.57740000000000002, 0.41289999999999999, 1.0)	../fonts/amplitud.ttf	upper
1298404426848	1	FR_PRES	4	GRILL	661	0	1	737	(0.57740000000000002, 0.41289999999999999, 1.0)	../fonts/amplitud.ttf	upper
1298404430744	1	FR_PRES	4	MEAL	882	0	1	1522	(0.57740000000000002, 0.41289999999999999, 1.0)	../fonts/amplitud.ttf	upper
1298404436662	1	REC_START
1298404513872	0	REST
1298404515380	1	FR_PRES	5	CLOTHES	327	0	1	1541	(0.57740000000000002, 0.41289999999999999, 1.0)	../fonts/amplitud.ttf	upper
1298404519582	1	FR_PRES	5	CART	250	0	1	764	(0.57740000000000002, 0.41289999999999999, 1.0)	../fonts/amplitud.ttf	upper
1298404523719	1	FR_PRES	5	DONKEY	484	0	1	747	(0.57740000000000002, 0.41289999999999999, 1.0)	../fonts/amplitud.ttf	upper
1298404527581	1	FR_PRES	5	NECKLACE	940	0	0	988	(0.57740000000000002, 0.41289999999999999, 1.0)	../fonts/amplitud.ttf	upper
1298404531626	1	FR_PRES	5	GEM	629	0	0	983	(0.57740000000000002, 0.41289999999999999, 1.0)	../fonts/amplitud.ttf	upper
1298404535697	1	FR_PRES	5	CANDIDATE	228	0	1	729	(0.57740000000000002, 0.41289999999999999, 1.0)	../fonts/amplitud.ttf	upper
1298404539650	1	FR_PRES	5	UNIFORM	1539	0	1	1087	(0.57740000000000002, 0.41289999999999999, 1.0)	../fonts/amplitud.ttf	upper
1298404543796	1	FR_PRES	5	CERAMICS	271	0	1	1165	(0.57740000000000002, 0.41289999999999999, 1.0)	../fonts/amplitud.ttf	upper
1298404547841	1	FR_PRES	5	SIRLOIN	1311	0	1	1088	(0.57740000000000002, 0.41289999999999999, 1.0)	../fonts/amplitud.ttf	upper
1298404551953	1	FR_PRES	5	PARTY	1018	0	1	1161	(0.57740000000000002, 0.41289999999999999, 1.0)	../fonts/amplitud.ttf	upper
1298404555815	1	FR_PRES	5	YARN	1631	0	0	1882	(0.57740000000000002, 0.41289999999999999, 1.0)	../fonts/amplitud.ttf	upper
1298404559719	1	FR_PRES	5	STRANGER	1389	0	1	1106	(0.57740000000000002, 0.41289999999999999, 1.0)	../fonts/amplitud.ttf	upper
1298404563614	1	FR_PRES	5	FELLOW	558	0	1	788	(0.57740000000000002, 0.41289999999999999, 1.0)	../fonts/amplitud.ttf	upper
1298404567693	1	FR_PRES	5	CLAY	320	0	0	1557	(0.57740000000000002, 0.41289999999999999, 1.0)	../fonts/amplitud.ttf	upper
1298404571838	1	FR_PRES	5	TUBE	1516	0	1	883	(0.57740000000000002, 0.41289999999999999, 1.0)	../fonts/amplitud.ttf	upper
1298404575992	1	FR_PRES	5	TRAY	1498	0	1	2514	(0.57740000000000002, 0.41289999999999999, 1.0)	../fonts/amplitud.ttf	upper
1298404581702	1	REC_START
1298404667794	0	REST
1298404669301	1	FR_PRES	6	LIMB	822	0	1	1524	(0.57740000000000002, 0.41289999999999999, 1.0)	../fonts/amplitud.ttf	upper
1298404673196	1	FR_PRES	6	CONDUCTOR	362	0	1	982	(0.57740000000000002, 0.41289999999999999, 1.0)	../fonts/amplitud.ttf	upper
1298404677050	1	FR_PRES	6	ROOF	1205	1	0	1895	(0.42259999999999998, 0.58709999999999996, 0)	../fonts/zerothre.ttf	lower
1298404681096	1	FR_PRES	6	TENT	1449	1	0	2218	(0.42259999999999998, 0.58709999999999996, 0)	../fonts/zerothre.ttf	lower
1298404685158	1	FR_PRES	6	CLOWN	330	0	1	1731	(0.57740000000000002, 0.41289999999999999, 1.0)	../fonts/amplitud.ttf	upper
1298404689036	1	FR_PRES	6	PROFESSOR	1131	0	1	677	(0.57740000000000002, 0.41289999999999999, 1.0)	../fonts/amplitud.ttf	upper
1298404692931	1	FR_PRES	6	RELATIVE	1182	0	1	934	(0.57740000000000002, 0.41289999999999999, 1.0)	../fonts/amplitud.ttf	upper
1298404697060	1	FR_PRES	6	FARM	552	0	1	789	(0.57740000000000002, 0.41289999999999999, 1.0)	../fonts/amplitud.ttf	upper
1298404700947	1	FR_PRES	6	FARMER	553	0	1	1183	(0.57740000000000002, 0.41289999999999999, 1.0)	../fonts/amplitud.ttf	upper
1298404704792	1	FR_PRES	6	KNEE	784	0	1	2258	(0.57740000000000002, 0.41289999999999999, 1.0)	../fonts/amplitud.ttf	upper
1298404708679	1	FR_PRES	6	ROOMMATE	1207	1	1	1363	(0.42259999999999998, 0.58709999999999996, 0)	../fonts/zerothre.ttf	lower
1298404712716	1	FR_PRES	6	SURVEY	1414	1	0	1933	(0.42259999999999998, 0.58709999999999996, 0)	../fonts/zerothre.ttf	lower
1298404716595	1	FR_PRES	6	TREAT	1501	1	0	1663	(0.42259999999999998, 0.58709999999999996, 0)	../fonts/zerothre.ttf	lower
1298404720790	1	FR_PRES	6	LOLLIPOP	842	1	0	995	(0.42259999999999998, 0.58709999999999996, 0)	../fonts/zerothre.ttf	lower
1298404724902	1	FR_PRES	6	NOSE	957	1	1	1164	(0.42259999999999998, 0.58709999999999996, 0)	../fonts/zerothre.ttf	lower
1298404728881	1	FR_PRES	6	STEREO	1378	1	0	832	(0.42259999999999998, 0.58709999999999996, 0)	../fonts/zerothre.ttf	lower
1298404734783	1	REC_START
1298404811785	0	REST
1298404813292	1	FR_PRES	7	POPCORN	1104	-1	-1	-1298404813292	white	../fonts/Verdana.ttf	upper
1298404817371	1	FR_PRES	7	PEANUT	1032	-1	-1	-1298404817371	white	../fonts/Verdana.ttf	upper
1298404821300	1	FR_PRES	7	GLUE	643	-1	-1	-1298404821300	white	../fonts/Verdana.ttf	upper
1298404825170	1	FR_PRES	7	GUM	672	-1	-1	-1298404825170	white	../fonts/Verdana.ttf	upper
1298404829224	1	FR_PRES	7	PEBBLE	1035	-1	-1	-1298404829224	white	../fonts/Verdana.ttf	upper
1298404833152	1	FR_PRES	7	HEDGE	699	-1	-1	-1298404833152	white	../fonts/Verdana.ttf	upper
1298404837239	1	FR_PRES	7	GRAVE	658	-1	-1	-1298404837239	white	../fonts/Verdana.ttf	upper
1298404841093	1	FR_PRES	7	MUSHROOM	934	-1	-1	-1298404841093	white	../fonts/Verdana.ttf	upper
1298404844954	1	FR_PRES	7	GRASSHOPPER	656	-1	-1	-1298404844954	white	../fonts/Verdana.ttf	upper
1298404849109	1	FR_PRES	7	GODDESS	646	-1	-1	-1298404849109	white	../fonts/Verdana.ttf	upper
1298404852929	1	FR_PRES	7	SIREN	1310	-1	-1	-1298404852929	white	../fonts/Verdana.ttf	upper
1298404857050	1	FR_PRES	7	BAND	78	-1	-1	-1298404857050	white	../fonts/Verdana.ttf	upper
1298404860928	1	FR_PRES	7	VIOLIN	1571	-1	-1	-1298404860928	white	../fonts/Verdana.ttf	upper
1298404865132	1	FR_PRES	7	STAIRS	1367	-1	-1	-1298404865132	white	../fonts/Verdana.ttf	upper
1298404868960	1	FR_PRES	7	KIDNEY	776	-1	-1	-1298404868960	white	../fonts/Verdana.ttf	upper
1298404872839	1	FR_PRES	7	FUNGUS	614	-1	-1	-1298404872839	white	../fonts/Verdana.ttf	upper
1298404878608	1	REC_START
1298404955676	0	REST
1298404957183	1	FR_PRES	8	ANCHOR	21	1	0	2498	(0.42259999999999998, 0.58709999999999996, 0)	../fonts/zerothre.ttf	lower
1298404961354	1	FR_PRES	8	POLITICIAN	1099	1	1	912	(0.42259999999999998, 0.58709999999999996, 0)	../fonts/zerothre.ttf	lower
1298404965241	1	FR_PRES	8	HATCHET	691	1	0	841	(0.42259999999999998, 0.58709999999999996, 0)	../fonts/zerothre.ttf	lower
1298404969311	1	FR_PRES	8	BROTHER	179	1	1	899	(0.42259999999999998, 0.58709999999999996, 0)	../fonts/zerothre.ttf	lower
1298404973514	1	FR_PRES	8	SALIVA	1226	1	1	1287	(0.42259999999999998, 0.58709999999999996, 0)	../fonts/zerothre.ttf	lower
1298404977675	1	FR_PRES	8	SQUIRREL	1362	1	1	902	(0.42259999999999998, 0.58709999999999996, 0)	../fonts/zerothre.ttf	lower
1298404981737	1	FR_PRES	8	ANCESTOR	20	1	1	1248	(0.42259999999999998, 0.58709999999999996, 0)	../fonts/zerothre.ttf	lower
1298404985733	1	FR_PRES	8	JAW	751	1	1	1148	(0.42259999999999998, 0.58709999999999996, 0)	../fonts/zerothre.ttf	lower
1298404989770	1	FR_PRES	8	CARD	243	1	0	807	(0.42259999999999998, 0.58709999999999996, 0)	../fonts/zerothre.ttf	lower
1298404993890	1	FR_PRES	8	CASHEW	253	1	1	2007	(0.42259999999999998, 0.58709999999999996, 0)	../fonts/zerothre.ttf	lower
1298404997727	1	FR_PRES	8	DICTIONARY	463	1	0	898	(0.42259999999999998, 0.58709999999999996, 0)	../fonts/zerothre.ttf	lower
1298405001747	1	FR_PRES	8	ALMANAC	17	1	0	1415	(0.42259999999999998, 0.58709999999999996, 0)	../fonts/zerothre.ttf	lower
1298405005734	1	FR_PRES	8	MECHANIC	884	1	1	1372	(0.42259999999999998, 0.58709999999999996, 0)	../fonts/zerothre.ttf	lower
1298405009613	1	FR_PRES	8	BUS	201	1	0	1260	(0.42259999999999998, 0.58709999999999996, 0)	../fonts/zerothre.ttf	lower
1298405013476	1	FR_PRES	8	PANTS	1010	1	0	926	(0.42259999999999998, 0.58709999999999996, 0)	../fonts/zerothre.ttf	lower
1298405017389	1	FR_PRES	8	LOOP	844	1	0	997	(0.42259999999999998, 0.58709999999999996, 0)	../fonts/zerothre.ttf	lower
1298405023041	1	REC_START
1298405099925	0	REST
1298405101433	1	FR_PRES	9	GRASS	655	-1	-1	-1298405101433	white	../fonts/Verdana.ttf	upper
1298405105470	1	FR_PRES	9	BASKET	95	-1	-1	-1298405105470	white	../fonts/Verdana.ttf	upper
1298405109639	1	FR_PRES	9	EAR	513	-1	-1	-1298405109639	white	../fonts/Verdana.ttf	upper
1298405113684	1	FR_PRES	9	SHRIMP	1297	-1	-1	-1298405113684	white	../fonts/Verdana.ttf	upper
1298405117763	1	FR_PRES	9	DRESSER	496	-1	-1	-1298405117763	white	../fonts/Verdana.ttf	upper
1298405121850	1	FR_PRES	9	HOSE	720	-1	-1	-1298405121850	white	../fonts/Verdana.ttf	upper
1298405125820	1	FR_PRES	9	ISLAND	745	-1	-1	-1298405125820	white	../fonts/Verdana.ttf	upper
1298405129765	1	FR_PRES	9	SCREEN	1253	-1	-1	-1298405129765	white	../fonts/Verdana.ttf	upper
1298405133852	1	FR_PRES	9	DIRECTOR	471	-1	-1	-1298405133852	white	../fonts/Verdana.ttf	upper
1298405137956	1	FR_PRES	9	EARRING	514	-1	-1	-1298405137956	white	../fonts/Verdana.ttf	upper
1298405141810	1	FR_PRES	9	GOBLIN	645	-1	-1	-1298405141810	white	../fonts/Verdana.ttf	upper
1298405145913	1	FR_PRES	9	COMET	353	-1	-1	-1298405145913	white	../fonts/Verdana.ttf	upper
1298405149842	1	FR_PRES	9	PIPE	1073	-1	-1	-1298405149842	white	../fonts/Verdana.ttf	upper
1298405154005	1	FR_PRES	9	SEA	1259	-1	-1	-1298405154005	white	../fonts/Verdana.ttf	upper
1298405158017	1	FR_PRES	9	OATMEAL	967	-1	-1	-1298405158017	white	../fonts/Verdana.ttf	upper
1298405161978	1	FR_PRES	9	SAUSAGE	1238	-1	-1	-1298405161978	white	../fonts/Verdana.ttf	upper
1298405167905	1	REC_START
1298405244998	0	REST
1298405246506	1	FR_PRES	10	WHALE	1601	-1	-1	-1298405246506	white	../fonts/Verdana.ttf	upper
1298405250418	1	FR_PRES	10	BEGGAR	117	-1	-1	-1298405250418	white	../fonts/Verdana.ttf	upper
1298405254571	1	FR_PRES	10	DOCK	477	-1	-1	-1298405254571	white	../fonts/Verdana.ttf	upper
1298405258484	1	FR_PRES	10	CAPTAIN	239	-1	-1	-1298405258484	white	../fonts/Verdana.ttf	upper
1298405262471	1	FR_PRES	10	POLYESTER	1100	-1	-1	-1298405262471	white	../fonts/Verdana.ttf	upper
1298405266449	1	FR_PRES	10	DIAL	457	-1	-1	-1298405266449	white	../fonts/Verdana.ttf	upper
1298405270378	1	FR_PRES	10	CHALK	276	-1	-1	-1298405270378	white	../fonts/Verdana.ttf	upper
1298405274482	1	FR_PRES	10	HOOK	715	-1	-1	-1298405274482	white	../fonts/Verdana.ttf	upper
1298405278584	1	FR_PRES	10	OFFICE	972	-1	-1	-1298405278584	white	../fonts/Verdana.ttf	upper
1298405282638	1	FR_PRES	10	ARTIST	43	-1	-1	-1298405282638	white	../fonts/Verdana.ttf	upper
1298405286476	1	FR_PRES	10	NEWSPAPER	948	-1	-1	-1298405286476	white	../fonts/Verdana.ttf	upper
1298405290413	1	FR_PRES	10	SLACKS	1323	-1	-1	-1298405290413	white	../fonts/Verdana.ttf	upper
1298405294334	1	FR_PRES	10	VIOLA	1570	-1	-1	-1298405294334	white	../fonts/Verdana.ttf	upper
1298405298329	1	FR_PRES	10	BUGLE	189	-1	-1	-1298405298329	white	../fonts/Verdana.ttf	upper
1298405302416	1	FR_PRES	10	FOLDER	588	-1	-1	-1298405302416	white	../fonts/Verdana.ttf	upper
1298405306610	1	FR_PRES	10	WALL	1582	-1	-1	-1298405306610	white	../fonts/Verdana.ttf	upper
1298405312472	1	REC_START
1298405391745	0	REST
1298405393252	1	FR_PRES	11	SHRINE	1298	0	1	1830	(0.57740000000000002, 0.41289999999999999, 1.0)	../fonts/amplitud.ttf	upper
1298405397364	1	FR_PRES	11	BODY	145	0	1	838	(0.57740000000000002, 0.41289999999999999, 1.0)	../fonts/amplitud.ttf	upper
1298405401293	1	FR_PRES	11	PICTURE	1061	0	1	2117	(0.57740000000000002, 0.41289999999999999, 1.0)	../fonts/amplitud.ttf	upper
1298405405288	1	FR_PRES	11	ATLAS	53	0	1	2090	(0.57740000000000002, 0.41289999999999999, 1.0)	../fonts/amplitud.ttf	upper
1298405409317	1	FR_PRES	11	PISTON	1076	0	0	1829	(0.57740000000000002, 0.41289999999999999, 1.0)	../fonts/amplitud.ttf	upper
1298405413346	1	FR_PRES	11	SKELETON	1314	0	1	1760	(0.57740000000000002, 0.41289999999999999, 1.0)	../fonts/amplitud.ttf	upper
1298405417316	1	FR_PRES	11	MAN	862	0	1	1126	(0.57740000000000002, 0.41289999999999999, 1.0)	../fonts/amplitud.ttf	upper
1298405421386	1	FR_PRES	11	MONEY	908	0	0	1896	(0.57740000000000002, 0.41289999999999999, 1.0)	../fonts/amplitud.ttf	upper
1298405425407	1	FR_PRES	11	NOOSE	956	0	0	1707	(0.57740000000000002, 0.41289999999999999, 1.0)	../fonts/amplitud.ttf	upper
1298405429269	1	FR_PRES	11	WOMAN	1620	0	1	781	(0.57740000000000002, 0.41289999999999999, 1.0)	../fonts/amplitud.ttf	upper
1298405433339	1	FR_PRES	11	STRAWBERRY	1391	0	0	1278	(0.57740000000000002, 0.41289999999999999, 1.0)	../fonts/amplitud.ttf	upper
1298405437209	1	FR_PRES	11	ICING	732	0	0	1113	(0.57740000000000002, 0.41289999999999999, 1.0)	../fonts/amplitud.ttf	upper
1298405441172	1	FR_PRES	11	COMMANDER	354	0	1	2405	(0.57740000000000002, 0.41289999999999999, 1.0)	../fonts/amplitud.ttf	upper
1298405445375	1	FR_PRES	11	COLONEL	348	0	1	1083	(0.57740000000000002, 0.41289999999999999, 1.0)	../fonts/amplitud.ttf	upper
1298405449420	1	FR_PRES	11	COUNTY	389	0	1	918	(0.57740000000000002, 0.41289999999999999, 1.0)	../fonts/amplitud.ttf	upper
1298405453374	1	FR_PRES	11	CAPITAL	238	0	1	2084	(0.57740000000000002, 0.41289999999999999, 1.0)	../fonts/amplitud.ttf	upper
1298405459126	1	REC_START
1298405534729	1	REST_REWET
1298406170591	0	REST
1298406172098	1	FR_PRES	12	OTTER	986	0	1	2088	(0.57740000000000002, 0.41289999999999999, 1.0)	../fonts/amplitud.ttf	upper
1298406176143	1	FR_PRES	12	MOOSE	915	0	1	658	(0.57740000000000002, 0.41289999999999999, 1.0)	../fonts/amplitud.ttf	upper
1298406180313	1	FR_PRES	12	SCARECROW	1245	1	1	1296	(0.42259999999999998, 0.58709999999999996, 0)	../fonts/zerothre.ttf	lower
1298406184284	1	FR_PRES	12	TROMBONE	1508	1	0	1349	(0.42259999999999998, 0.58709999999999996, 0)	../fonts/zerothre.ttf	lower
1298406188362	1	FR_PRES	12	PICKLE	1059	1	0	1327	(0.42259999999999998, 0.58709999999999996, 0)	../fonts/zerothre.ttf	lower
1298406192208	1	FR_PRES	12	DILL	465	0	3	1994	(0.57740000000000002, 0.41289999999999999, 1.0)	../fonts/amplitud.ttf	upper
1298406194222	1	KEY_MSG
1298406196843	1	FR_PRES	12	RUNNER	1218	0	1	1926	(0.57740000000000002, 0.41289999999999999, 1.0)	../fonts/amplitud.ttf	upper
1298406200705	1	FR_PRES	12	HEADBAND	696	0	0	1729	(0.57740000000000002, 0.41289999999999999, 1.0)	../fonts/amplitud.ttf	upper
1298406204742	1	FR_PRES	12	CHAUFFEUR	283	0	1	931	(0.57740000000000002, 0.41289999999999999, 1.0)	../fonts/amplitud.ttf	upper
1298406208871	1	FR_PRES	12	PIRATE	1074	1	1	1555	(0.42259999999999998, 0.58709999999999996, 0)	../fonts/zerothre.ttf	lower
1298406213075	1	FR_PRES	12	TUB	1514	1	0	822	(0.42259999999999998, 0.58709999999999996, 0)	../fonts/zerothre.ttf	lower
1298406216903	1	FR_PRES	12	CUE	422	1	0	2467	(0.42259999999999998, 0.58709999999999996, 0)	../fonts/zerothre.ttf	lower
1298406220782	1	FR_PRES	12	ELBOW	520	1	1	1011	(0.42259999999999998, 0.58709999999999996, 0)	../fonts/zerothre.ttf	lower
1298406224686	1	FR_PRES	12	WALRUS	1585	1	1	883	(0.42259999999999998, 0.58709999999999996, 0)	../fonts/zerothre.ttf	lower
1298406228690	1	FR_PRES	12	NOTE	958	0	0	1520	(0.57740000000000002, 0.41289999999999999, 1.0)	../fonts/amplitud.ttf	upper
1298406232710	1	FR_PRES	12	PADDLE	1000	0	0	1035	(0.57740000000000002, 0.41289999999999999, 1.0)	../fonts/amplitud.ttf	upper
1298406238388	1	REC_START
1298406317213	0	REST
1298406318718	1	FR_PRES	13	COUGAR	387	1	1	1107	(0.42259999999999998, 0.58709999999999996, 0)	../fonts/zerothre.ttf	lower
1298406322614	1	FR_PRES	13	PERISCOPE	1050	1	0	971	(0.42259999999999998, 0.58709999999999996, 0)	../fonts/zerothre.ttf	lower
1298406326593	1	FR_PRES	13	NUCLEUS	961	1	1	1513	(0.42259999999999998, 0.58709999999999996, 0)	../fonts/zerothre.ttf	lower
1298406330788	1	FR_PRES	13	SHAMPOO	1274	0	0	1614	(0.57740000000000002, 0.41289999999999999, 1.0)	../fonts/amplitud.ttf	upper
1298406334692	1	FR_PRES	13	ACTOR	5	0	1	830	(0.57740000000000002, 0.41289999999999999, 1.0)	../fonts/amplitud.ttf	upper
1298406338505	1	FR_PRES	13	ACTRESS	6	0	1	1072	(0.57740000000000002, 0.41289999999999999, 1.0)	../fonts/amplitud.ttf	upper
1298406342624	1	FR_PRES	13	PAW	1029	0	1	1113	(0.57740000000000002, 0.41289999999999999, 1.0)	../fonts/amplitud.ttf	upper
1298406346561	1	FR_PRES	13	TEAM	1441	1	1	1633	(0.42259999999999998, 0.58709999999999996, 0)	../fonts/zerothre.ttf	lower
1298406350524	1	FR_PRES	13	KITTEN	780	1	1	886	(0.42259999999999998, 0.58709999999999996, 0)	../fonts/zerothre.ttf	lower
1298406354528	1	FR_PRES	13	PREDATOR	1120	1	1	1522	(0.42259999999999998, 0.58709999999999996, 0)	../fonts/zerothre.ttf	lower
1298406358580	1	FR_PRES	13	SPATULA	1348	0	0	1814	(0.57740000000000002, 0.41289999999999999, 1.0)	../fonts/amplitud.ttf	upper
1298406362444	1	FR_PRES	13	ACORN	3	0	0	2149	(0.57740000000000002, 0.41289999999999999, 1.0)	../fonts/amplitud.ttf	upper
1298406366481	1	FR_PRES	13	LITERATURE	831	0	1	1849	(0.57740000000000002, 0.41289999999999999, 1.0)	../fonts/amplitud.ttf	upper
1298406370592	1	FR_PRES	13	VEST	1559	0	0	1281	(0.57740000000000002, 0.41289999999999999, 1.0)	../fonts/amplitud.ttf	upper
1298406374737	1	FR_PRES	13	SHORTS	1293	1	0	1289	(0.42259999999999998, 0.58709999999999996, 0)	../fonts/zerothre.ttf	lower
1298406378865	1	FR_PRES	13	SILVERWARE	1308	1	0	1672	(0.42259999999999998, 0.58709999999999996, 0)	../fonts/zerothre.ttf	lower
1298406384851	1	REC_START
1298406462868	0	REST
1298406464375	1	FR_PRES	14	CAN	225	-1	-1	-1298406464375	white	../fonts/Verdana.ttf	upper
1298406468421	1	FR_PRES	14	WALNUT	1584	-1	-1	-1298406468421	white	../fonts/Verdana.ttf	upper
1298406472233	1	FR_PRES	14	STOVE	1388	-1	-1	-1298406472233	white	../fonts/Verdana.ttf	upper
1298406476403	1	FR_PRES	14	SINK	1309	-1	-1	-1298406476403	white	../fonts/Verdana.ttf	upper
1298406480299	1	FR_PRES	14	MARSH	874	-1	-1	-1298406480299	white	../fonts/Verdana.ttf	upper
1298406484385	1	FR_PRES	14	SATURN	1236	-1	-1	-1298406484385	white	../fonts/Verdana.ttf	upper
1298406488306	1	FR_PRES	14	FUR	615	-1	-1	-1298406488306	white	../fonts/Verdana.ttf	upper
1298406492451	1	FR_PRES	14	NUT	965	-1	-1	-1298406492451	white	../fonts/Verdana.ttf	upper
1298406496380	1	FR_PRES	14	FRIES	607	-1	-1	-1298406496380	white	../fonts/Verdana.ttf	upper
1298406500317	1	FR_PRES	14	CLIMBER	323	-1	-1	-1298406500317	white	../fonts/Verdana.ttf	upper
1298406504237	1	FR_PRES	14	CRUMB	416	-1	-1	-1298406504237	white	../fonts/Verdana.ttf	upper
1298406508199	1	FR_PRES	14	PAPER	1011	-1	-1	-1298406508199	white	../fonts/Verdana.ttf	upper
1298406512153	1	FR_PRES	14	PENCIL	1042	-1	-1	-1298406512153	white	../fonts/Verdana.ttf	upper
1298406516240	1	FR_PRES	14	UNIVERSE	1540	-1	-1	-1298406516240	white	../fonts/Verdana.ttf	upper
1298406520394	1	FR_PRES	14	ROBBER	1197	-1	-1	-1298406520394	white	../fonts/Verdana.ttf	upper
1298406524381	1	FR_PRES	14	BURGLAR	200	-1	-1	-1298406524381	white	../fonts/Verdana.ttf	upper
1298406530100	1	REC_START
1298406606576	0	REST
1298406608083	1	FR_PRES	15	STUDENT	1395	1	1	1287	(0.42259999999999998, 0.58709999999999996, 0)	../fonts/zerothre.ttf	lower
1298406612046	1	FR_PRES	15	CHAPEL	280	1	0	1515	(0.42259999999999998, 0.58709999999999996, 0)	../fonts/zerothre.ttf	lower
1298406616207	1	FR_PRES	15	VINEGAR	1569	1	0	1171	(0.42259999999999998, 0.58709999999999996, 0)	../fonts/zerothre.ttf	lower
1298406620269	1	FR_PRES	15	CHARCOAL	281	1	0	1596	(0.42259999999999998, 0.58709999999999996, 0)	../fonts/zerothre.ttf	lower
1298406624123	1	FR_PRES	15	GAZELLE	628	1	1	1087	(0.42259999999999998, 0.58709999999999996, 0)	../fonts/zerothre.ttf	lower
1298406628302	1	FR_PRES	15	REINDEER	1181	1	1	1299	(0.42259999999999998, 0.58709999999999996, 0)	../fonts/zerothre.ttf	lower
1298406632289	1	FR_PRES	15	SKUNK	1321	1	1	1193	(0.42259999999999998, 0.58709999999999996, 0)	../fonts/zerothre.ttf	lower
1298406636109	1	FR_PRES	15	SLEIGH	1325	1	0	1229	(0.42259999999999998, 0.58709999999999996, 0)	../fonts/zerothre.ttf	lower
1298406639954	1	FR_PRES	15	TRANSPLANT	1496	1	1	2344	(0.42259999999999998, 0.58709999999999996, 0)	../fonts/zerothre.ttf	lower
1298406643774	1	FR_PRES	15	FLESH	579	1	1	1171	(0.42259999999999998, 0.58709999999999996, 0)	../fonts/zerothre.ttf	lower
1298406647845	1	FR_PRES	15	TREAD	1499	1	0	1076	(0.42259999999999998, 0.58709999999999996, 0)	../fonts/zerothre.ttf	lower
1298406652008	1	FR_PRES	15	PAIL	1002	1	0	937	(0.42259999999999998, 0.58709999999999996, 0)	../fonts/zerothre.ttf	lower
1298406656211	1	FR_PRES	15	CARTON	251	1	0	967	(0.42259999999999998, 0.58709999999999996, 0)	../fonts/zerothre.ttf	lower
1298406660198	1	FR_PRES	15	KANGAROO	768	1	1	828	(0.42259999999999998, 0.58709999999999996, 0)	../fonts/zerothre.ttf	lower
1298406664160	1	FR_PRES	15	APRON	35	1	0	930	(0.42259999999999998, 0.58709999999999996, 0)	../fonts/zerothre.ttf	lower
1298406668172	1	FR_PRES	15	CONVENT	370	1	0	1846	(0.42259999999999998, 0.58709999999999996, 0)	../fonts/zerothre.ttf	lower
1298406674099	1	REC_START
1298406763802	0	FFR_START
1298406769505	1	REC_START
1298407105473	0	RECOG_START
1298407105474	1	REC_START
1298407105498	0	RECOG_PRES	0	WALL	1582	-999	P	3504
1298407109377	0	RECOG_CR_PRES	0	WALL	1582	-999	P	817
1298407110749	1	RECOG_FEEDBACK	1
1298407111474	0	RECOG_PRES	0	TENT	1449	-999	P	1399
1298407113239	0	RECOG_CR_PRES	0	TENT	1449	-999	P	634
1298407114304	1	RECOG_FEEDBACK	1
1298407115053	0	RECOG_PRES	0	TRANSPLANT	1496	-999	P	1261
1298407116684	0	RECOG_CR_PRES	0	TRANSPLANT	1496	-999	P	893
1298407118008	1	RECOG_FEEDBACK	1
1298407118798	0	RECOG_PRES	0	SHAMPOO	1274	-999	P	1099
1298407120264	0	RECOG_CR_PRES	0	SHAMPOO	1274	-999	P	762
1298407121438	1	RECOG_FEEDBACK	1
1298407122195	0	RECOG_PRES	0	DAGGER	434	-999	P	2119
1298407124683	0	RECOG_CR_PRES	0	DAGGER	434	-999	P	591
1298407125723	1	RECOG_FEEDBACK	0
1298407126448	0	RECOG_PRES	0	COLONEL	348	-999	P	1018
1298407127837	0	RECOG_CR_PRES	0	COLONEL	348	-999	P	643
1298407128895	1	RECOG_FEEDBACK	1
1298407129677	0	RECOG_PRES	0	BEER	114	-999	P	1188
1298407131243	0	RECOG_CR_PRES	0	BEER	114	-999	P	628
1298407132308	1	RECOG_FEEDBACK	1
1298407133091	0	RECOG_PRES	0	OTTER	986	-999	P	1239
1298407134704	0	RECOG_CR_PRES	0	OTTER	986	-999	P	818
1298407135903	1	RECOG_FEEDBACK	1
1298407136611	0	RECOG_PRES	0	STRANGER	1389	-999	P	1222
1298407138201	0	RECOG_CR_PRES	0	STRANGER	1389	-999	P	649
1298407139317	1	RECOG_FEEDBACK	1
1298407140108	0	RECOG_PRES	0	BACKBONE	66	-999	P	1366
1298407141846	0	RECOG_CR_PRES	0	BACKBONE	66	-999	P	707
1298407142995	1	RECOG_FEEDBACK	1
1298407143802	0	RECOG_PRES	0	PADDLE	1000	-999	P	1039
1298407145202	0	RECOG_CR_PRES	0	PADDLE	1000	-999	P	631
1298407146250	1	RECOG_FEEDBACK	1
1298407147016	0	RECOG_PRES	0	SCARF	1246	-999	P	1138
1298407148531	0	RECOG_CR_PRES	0	SCARF	1246	-999	P	711
1298407149670	1	RECOG_FEEDBACK	1
1298407150396	0	RECOG_PRES	0	DIAL	457	-999	P	998
1298407151768	0	RECOG_CR_PRES	0	DIAL	457	-999	P	690
1298407152867	1	RECOG_FEEDBACK	1
1298407153649	0	RECOG_PRES	0	LIME	823	-999	P	1008
1298407155032	0	RECOG_CR_PRES	0	LIME	823	-999	P	617
1298407156056	1	RECOG_FEEDBACK	1
1298407156804	0	RECOG_PRES	0	MONASTERY	907	-999	P	1670
1298407158843	0	RECOG_CR_PRES	0	MONASTERY	907	-999	P	583
1298407159884	1	RECOG_FEEDBACK	1
1298407160649	0	RECOG_PRES	0	BUS	201	-999	P	1008
1298407162024	0	RECOG_CR_PRES	0	BUS	201	-999	P	609
1298407163039	1	RECOG_FEEDBACK	1
1298407163812	0	RECOG_PRES	0	CEMETERY	269	-999	P	893
1298407165079	0	RECOG_CR_PRES	0	CEMETERY	269	-999	P	618
1298407166094	1	RECOG_FEEDBACK	1
1298407166850	0	RECOG_PRES	0	ONION	977	-999	P	1336
1298407168557	0	RECOG_CR_PRES	0	ONION	977	-999	P	412
1298407169390	1	RECOG_FEEDBACK	1
1298407170189	0	RECOG_PRES	0	SIRLOIN	1311	-999	P	1053
1298407171612	0	RECOG_CR_PRES	0	SIRLOIN	1311	-999	P	582
1298407172602	1	RECOG_FEEDBACK	1
1298407173402	0	RECOG_PRES	0	SCARECROW	1245	-999	P	1112
1298407174883	0	RECOG_CR_PRES	0	SCARECROW	1245	-999	P	642
1298407175957	1	RECOG_FEEDBACK	1
1298407180369	0	REST
1298407181325	1	REC_START
1298407181351	0	RECOG_PRES	1	MISTER	901	-999	P	1186
1298407182907	0	RECOG_CR_PRES	1	MISTER	901	-999	P	607
1298407183922	1	RECOG_FEEDBACK	1
1298407184696	0	RECOG_PRES	1	WARDROBE	1587	-999	P	1209
1298407186271	0	RECOG_CR_PRES	1	WARDROBE	1587	-999	P	514
1298407187195	1	RECOG_FEEDBACK	1
1298407188002	0	RECOG_PRES	1	MAN	862	-999	P	1024
1298407189400	0	RECOG_CR_PRES	1	MAN	862	-999	P	626
1298407190424	1	RECOG_FEEDBACK	1
1298407191198	0	RECOG_PRES	1	VIOLIN	1571	-999	P	1124
1298407192695	0	RECOG_CR_PRES	1	VIOLIN	1571	-999	P	539
1298407193644	1	RECOG_FEEDBACK	1
1298407194403	0	RECOG_PRES	1	BOOT	150	-999	P	1318
1298407196093	0	RECOG_CR_PRES	1	BOOT	150	-999	P	588
1298407197100	1	RECOG_FEEDBACK	1
1298407197831	0	RECOG_PRES	1	KLEENEX	782	-999	P	1082
1298407199281	0	RECOG_CR_PRES	1	KLEENEX	782	-999	P	560
1298407200254	1	RECOG_FEEDBACK	1
1298407200969	0	RECOG_PRES	1	SQUIRREL	1362	-999	P	944
1298407202277	0	RECOG_CR_PRES	1	SQUIRREL	1362	-999	P	700
1298407203342	1	RECOG_FEEDBACK	1
1298407204117	0	RECOG_PRES	1	STREAM	1392	-999	P	1149
1298407205639	0	RECOG_CR_PRES	1	STREAM	1392	-999	P	571
1298407206629	1	RECOG_FEEDBACK	1
1298407207346	0	RECOG_PRES	1	FLESH	579	-999	P	1048
1298407208768	0	RECOG_CR_PRES	1	FLESH	579	-999	P	690
1298407209859	1	RECOG_FEEDBACK	1
1298407210566	0	RECOG_PRES	1	OATMEAL	967	-999	P	1027
1298407211965	0	RECOG_CR_PRES	1	OATMEAL	967	-999	P	756
1298407213148	1	RECOG_FEEDBACK	1
1298407213904	0	RECOG_PRES	1	GRASSHOPPER	656	-999	P	1122
1298407215395	0	RECOG_CR_PRES	1	GRASSHOPPER	656	-999	P	607
1298407216402	1	RECOG_FEEDBACK	1
1298407217168	0	RECOG_PRES	1	WITNESS	1618	-999	P	2473
1298407220007	0	RECOG_CR_PRES	1	WITNESS	1618	-999	P	634
1298407221105	1	RECOG_FEEDBACK	1
1298407221845	0	RECOG_PRES	1	CHAUFFEUR	283	-999	P	1836
1298407224043	0	RECOG_CR_PRES	1	CHAUFFEUR	283	-999	P	479
1298407224941	1	RECOG_FEEDBACK	0
1298407225724	0	RECOG_PRES	1	CLIMBER	323	-999	P	981
1298407227073	0	RECOG_CR_PRES	1	CLIMBER	323	-999	P	417
1298407227888	1	RECOG_FEEDBACK	1
1298407228654	0	RECOG_PRES	1	BARREL	91	-999	P	1315
1298407230344	0	RECOG_CR_PRES	1	BARREL	91	-999	P	722
1298407231493	1	RECOG_FEEDBACK	1
1298407232242	0	RECOG_PRES	1	VESSEL	1558	-999	P	1479
1298407234082	0	RECOG_CR_PRES	1	VESSEL	1558	-999	P	687
1298407235197	1	RECOG_FEEDBACK	1
1298407235954	0	RECOG_PRES	1	DRESSER	496	-999	P	991
1298407237311	0	RECOG_CR_PRES	1	DRESSER	496	-999	P	747
1298407238443	1	RECOG_FEEDBACK	1
1298407239184	0	RECOG_PRES	1	TRASH	1497	-999	P	1306
1298407240865	0	RECOG_CR_PRES	1	TRASH	1497	-999	P	625
1298407241922	1	RECOG_FEEDBACK	1
1298407242704	0	RECOG_PRES	1	RUG	1215	-999	P	1265
1298407244337	0	RECOG_CR_PRES	1	RUG	1215	-999	P	592
1298407245360	1	RECOG_FEEDBACK	1
1298407246068	0	RECOG_PRES	1	DOVE	491	-999	P	1262
1298407247698	0	RECOG_CR_PRES	1	DOVE	491	-999	P	696
1298407248814	1	RECOG_FEEDBACK	1
1298407250886	0	REST
1298407251899	1	REC_START
1298407251927	0	RECOG_PRES	2	COMMANDER	354	-999	P	1091
1298407253401	0	RECOG_CR_PRES	2	COMMANDER	354	-999	P	488
1298407254292	1	RECOG_FEEDBACK	1
1298407255033	0	RECOG_PRES	2	ANCHOR	21	-999	P	1177
1298407256580	0	RECOG_CR_PRES	2	ANCHOR	21	-999	P	598
1298407257578	1	RECOG_FEEDBACK	1
1298407258329	0	RECOG_PRES	2	CHISEL	305	-999	P	1113
1298407259809	0	RECOG_CR_PRES	2	CHISEL	305	-999	P	601
1298407260808	1	RECOG_FEEDBACK	1
1298407261582	0	RECOG_PRES	2	HEADBAND	696	-999	P	1347
1298407263290	0	RECOG_CR_PRES	2	HEADBAND	696	-999	P	647
1298407264363	1	RECOG_FEEDBACK	0
1298407265104	0	RECOG_PRES	2	PICTURE	1061	-999	P	930
1298407266403	0	RECOG_CR_PRES	2	PICTURE	1061	-999	P	430
1298407267218	1	RECOG_FEEDBACK	1
1298407267950	0	RECOG_PRES	2	DILL	465	-999	P	947
1298407269274	0	RECOG_CR_PRES	2	DILL	465	-999	P	559
1298407270223	1	RECOG_FEEDBACK	1
1298407270963	0	RECOG_PRES	2	DICTIONARY	463	-999	P	918
1298407272246	0	RECOG_CR_PRES	2	DICTIONARY	463	-999	P	499
1298407273136	1	RECOG_FEEDBACK	1
1298407273851	0	RECOG_PRES	2	PIER	1063	-999	P	1030
1298407275242	0	RECOG_CR_PRES	2	PIER	1063	-999	P	952
1298407276623	1	RECOG_FEEDBACK	1
1298407277431	0	RECOG_PRES	2	APE	31	-999	P	883
1298407278687	0	RECOG_CR_PRES	2	APE	31	-999	P	587
1298407279661	1	RECOG_FEEDBACK	1
1298407280403	0	RECOG_PRES	2	FAMILY	550	-999	P	1695
1298407282467	0	RECOG_CR_PRES	2	FAMILY	550	-999	P	911
1298407283815	1	RECOG_FEEDBACK	1
1298407284581	0	RECOG_PRES	2	AIRPLANE	12	-999	P	1036
1298407285987	0	RECOG_CR_PRES	2	AIRPLANE	12	-999	P	582
1298407286961	1	RECOG_FEEDBACK	1
1298407287677	0	RECOG_PRES	2	ATLAS	53	-999	P	1397
1298407289443	0	RECOG_CR_PRES	2	ATLAS	53	-999	P	783
1298407290673	1	RECOG_FEEDBACK	1
1298407291457	0	RECOG_PRES	2	SPINE	1353	-999	P	1232
1298407293055	0	RECOG_CR_PRES	2	SPINE	1353	-999	P	522
1298407293986	1	RECOG_FEEDBACK	1
1298407294735	0	RECOG_PRES	2	VEST	1559	-999	P	818
1298407295926	0	RECOG_CR_PRES	2	VEST	1559	-999	P	548
1298407296841	1	RECOG_FEEDBACK	1
1298407297574	0	RECOG_PRES	2	VEGETABLE	1552	-999	P	1556
1298407299506	0	RECOG_CR_PRES	2	VEGETABLE	1552	-999	P	1055
1298407300995	1	RECOG_FEEDBACK	1
1298407301736	0	RECOG_PRES	2	FOLDER	588	-999	P	1009
1298407303110	0	RECOG_CR_PRES	2	FOLDER	588	-999	P	619
1298407304117	1	RECOG_FEEDBACK	1
1298407304849	0	RECOG_PRES	2	MONEY	908	-999	P	1040
1298407306256	0	RECOG_CR_PRES	2	MONEY	908	-999	P	577
1298407307230	1	RECOG_FEEDBACK	1
1298407307987	0	RECOG_PRES	2	YARN	1631	-999	P	1119
1298407309478	0	RECOG_CR_PRES	2	YARN	1631	-999	P	708
1298407310592	1	RECOG_FEEDBACK	1
1298407311300	0	RECOG_PRES	2	UNIFORM	1539	-999	P	1062
1298407312731	0	RECOG_CR_PRES	2	UNIFORM	1539	-999	P	671
1298407313772	1	RECOG_FEEDBACK	1
1298407314546	0	RECOG_PRES	2	BLUEPRINT	142	-999	P	1087
1298407316003	0	RECOG_CR_PRES	2	BLUEPRINT	142	-999	P	641
1298407317077	1	RECOG_FEEDBACK	1
1298407318999	0	REST
1298407319909	1	REC_START
1298407319939	0	RECOG_PRES	3	HATCHET	691	-999	P	1399
1298407321712	0	RECOG_CR_PRES	3	HATCHET	691	-999	P	618
1298407322728	1	RECOG_FEEDBACK	1
1298407323461	0	RECOG_PRES	3	BOX	159	-999	P	1637
1298407325467	0	RECOG_CR_PRES	3	BOX	159	-999	P	815
1298407326732	1	RECOG_FEEDBACK	1
1298407327482	0	RECOG_PRES	3	PIPE	1073	-999	P	1087
1298407328937	0	RECOG_CR_PRES	3	PIPE	1073	-999	P	553
1298407329886	1	RECOG_FEEDBACK	1
1298407330594	0	RECOG_PRES	3	VITAMIN	1574	-999	P	1279
1298407332235	0	RECOG_CR_PRES	3	VITAMIN	1574	-999	P	398
1298407333050	1	RECOG_FEEDBACK	1
1298407333823	0	RECOG_PRES	3	DUCK	504	-999	P	1363
1298407335555	0	RECOG_CR_PRES	3	DUCK	504	-999	P	455
1298407336430	1	RECOG_FEEDBACK	1
1298407337195	0	RECOG_PRES	3	FUNGUS	614	-999	P	1071
1298407338634	0	RECOG_CR_PRES	3	FUNGUS	614	-999	P	480
1298407339501	1	RECOG_FEEDBACK	1
1298407340317	0	RECOG_PRES	3	PLAQUE	1084	-999	P	1709
1298407342398	0	RECOG_CR_PRES	3	PLAQUE	1084	-999	P	641
1298407343505	1	RECOG_FEEDBACK	1
1298407344304	0	RECOG_PRES	3	RELATIVE	1182	-999	P	1545
1298407346210	0	RECOG_CR_PRES	3	RELATIVE	1182	-999	P	735
1298407347375	1	RECOG_FEEDBACK	1
1298407348183	0	RECOG_PRES	3	TUB	1514	-999	P	1227
1298407349780	0	RECOG_CR_PRES	3	TUB	1514	-999	P	462
1298407350654	1	RECOG_FEEDBACK	1
1298407351387	0	RECOG_PRES	3	POSSUM	1112	-999	P	919
1298407352676	0	RECOG_CR_PRES	3	POSSUM	1112	-999	P	638
1298407353692	1	RECOG_FEEDBACK	1
1298407354442	0	RECOG_PRES	3	CERAMICS	271	-999	P	984
1298407355798	0	RECOG_CR_PRES	3	CERAMICS	271	-999	P	604
1298407356780	1	RECOG_FEEDBACK	1
1298407357587	0	RECOG_PRES	3	HEDGE	699	-999	P	847
1298407358803	0	RECOG_CR_PRES	3	HEDGE	699	-999	P	719
1298407359885	1	RECOG_FEEDBACK	1
1298407360684	0	RECOG_PRES	3	CHAPEL	280	-999	P	838
1298407361891	0	RECOG_CR_PRES	3	CHAPEL	280	-999	P	726
1298407363007	1	RECOG_FEEDBACK	1
1298407363764	0	RECOG_PRES	3	FIREPLACE	570	-999	P	1278
1298407365413	0	RECOG_CR_PRES	3	FIREPLACE	570	-999	P	548
1298407366387	1	RECOG_FEEDBACK	1
1298407367111	0	RECOG_PRES	3	BUGLE	189	-999	P	979
1298407368459	0	RECOG_CR_PRES	3	BUGLE	189	-999	P	559
1298407369408	1	RECOG_FEEDBACK	1
1298407370174	0	RECOG_PRES	3	CANDIDATE	228	-999	P	1076
1298407371621	0	RECOG_CR_PRES	3	CANDIDATE	228	-999	P	573
1298407372595	1	RECOG_FEEDBACK	1
1298407373353	0	RECOG_PRES	3	CLERK	321	-999	P	2184
1298407375908	0	RECOG_CR_PRES	3	CLERK	321	-999	P	598
1298407376973	1	RECOG_FEEDBACK	1
1298407377714	0	RECOG_PRES	3	LASH	802	-999	P	1111
1298407379188	0	RECOG_CR_PRES	3	LASH	802	-999	P	749
1298407380345	1	RECOG_FEEDBACK	1
1298407381070	0	RECOG_PRES	3	APRON	35	-999	P	932
1298407382376	0	RECOG_CR_PRES	3	APRON	35	-999	P	441
1298407383209	1	RECOG_FEEDBACK	1
1298407383973	0	RECOG_PRES	3	MOLECULE	905	-999	P	1101
1298407385448	0	RECOG_CR_PRES	3	MOLECULE	905	-999	P	602
1298407386455	1	RECOG_FEEDBACK	1
1298407388203	0	REST
1298407389094	1	REC_START
1298407389118	0	RECOG_PRES	4	KING	777	-999	P	1060
1298407390549	0	RECOG_CR_PRES	4	KING	777	-999	P	789
1298407391723	1	RECOG_FEEDBACK	1
1298407392523	0	RECOG_PRES	4	ORCHID	982	-999	P	1118
1298407394005	0	RECOG_CR_PRES	4	ORCHID	982	-999	P	525
1298407394936	1	RECOG_FEEDBACK	1
1298407395660	0	RECOG_PRES	4	INFANT	737	-999	P	2109
1298407398133	0	RECOG_CR_PRES	4	INFANT	737	-999	P	373
1298407399007	1	RECOG_FEEDBACK	1
1298407399747	0	RECOG_PRES	4	PENCIL	1042	-999	P	1046
1298407401155	0	RECOG_CR_PRES	4	PENCIL	1042	-999	P	454
1298407402029	1	RECOG_FEEDBACK	1
1298407402810	0	RECOG_PRES	4	SKUNK	1321	-999	P	959
1298407404134	0	RECOG_CR_PRES	4	SKUNK	1321	-999	P	649
1298407405200	1	RECOG_FEEDBACK	1
1298407405965	0	RECOG_PRES	4	SLEIGH	1325	-999	P	1020
1298407407347	0	RECOG_CR_PRES	4	SLEIGH	1325	-999	P	687
1298407408404	1	RECOG_FEEDBACK	1
1298407409154	0	RECOG_PRES	4	RAIL	1161	-999	P	1176
1298407410701	0	RECOG_CR_PRES	4	RAIL	1161	-999	P	621
1298407411716	1	RECOG_FEEDBACK	1
1298407412425	0	RECOG_PRES	4	BALCONY	72	-999	P	1472
1298407414264	0	RECOG_CR_PRES	4	BALCONY	72	-999	P	449
1298407415130	1	RECOG_FEEDBACK	1
1298407415911	0	RECOG_PRES	4	ZEBRA	1635	-999	P	1379
1298407417659	0	RECOG_CR_PRES	4	ZEBRA	1635	-999	P	399
1298407418468	1	RECOG_FEEDBACK	1
1298407419209	0	RECOG_PRES	4	CHEMICAL	291	-999	P	1169
1298407420747	0	RECOG_CR_PRES	4	CHEMICAL	291	-999	P	447
1298407421588	1	RECOG_FEEDBACK	1
1298407422305	0	RECOG_PRES	4	FROST	609	-999	P	1057
1298407423736	0	RECOG_CR_PRES	4	FROST	609	-999	P	602
1298407424743	1	RECOG_FEEDBACK	1
1298407425451	0	RECOG_PRES	4	GOBLIN	645	-999	P	951
1298407426774	0	RECOG_CR_PRES	4	GOBLIN	645	-999	P	532
1298407427698	1	RECOG_FEEDBACK	1
1298407428431	0	RECOG_PRES	4	VIOLA	1570	-999	P	947
1298407429745	0	RECOG_CR_PRES	4	VIOLA	1570	-999	P	577
1298407430719	1	RECOG_FEEDBACK	1
1298407431444	0	RECOG_PRES	4	ROOMMATE	1207	-999	P	902
1298407432717	0	RECOG_CR_PRES	4	ROOMMATE	1207	-999	P	533
1298407433632	1	RECOG_FEEDBACK	1
1298407434349	0	RECOG_PRES	4	FRIES	607	-999	P	877
1298407435597	0	RECOG_CR_PRES	4	FRIES	607	-999	P	501
1298407436480	1	RECOG_FEEDBACK	1
1298407437254	0	RECOG_PRES	4	KANGAROO	768	-999	P	804
1298407438428	0	RECOG_CR_PRES	4	KANGAROO	768	-999	P	718
1298407439527	1	RECOG_FEEDBACK	1
1298407440284	0	RECOG_PRES	4	SCREEN	1253	-999	P	1046
1298407441698	0	RECOG_CR_PRES	4	SCREEN	1253	-999	P	488
1298407442580	1	RECOG_FEEDBACK	0
1298407443364	0	RECOG_PRES	4	KIDNEY	776	-999	P	894
1298407444628	0	RECOG_CR_PRES	4	KIDNEY	776	-999	P	454
1298407445478	1	RECOG_FEEDBACK	1
1298407446236	0	RECOG_PRES	4	PEOPLE	1046	-999	P	1309
1298407447916	0	RECOG_CR_PRES	4	PEOPLE	1046	-999	P	398
1298407448707	1	RECOG_FEEDBACK	1
1298407449498	0	RECOG_PRES	4	MAP	865	-999	P	1159
1298407451022	0	RECOG_CR_PRES	4	MAP	865	-999	P	571
1298407451978	1	RECOG_FEEDBACK	0
1298407453734	0	REST
1298407454782	1	REC_START
1298407454808	0	RECOG_PRES	5	RANCH	1166	-999	P	929
1298407456107	0	RECOG_CR_PRES	5	RANCH	1166	-999	P	641
1298407457164	1	RECOG_FEEDBACK	1
1298407457913	0	RECOG_PRES	5	SCULPTURE	1258	-999	P	984
1298407459262	0	RECOG_CR_PRES	5	SCULPTURE	1258	-999	P	467
1298407460111	1	RECOG_FEEDBACK	1
1298407460843	0	RECOG_PRES	5	FUNERAL	613	-999	P	1391
1298407462607	0	RECOG_CR_PRES	5	FUNERAL	613	-999	P	386
1298407463416	1	RECOG_FEEDBACK	1
1298407464165	0	RECOG_PRES	5	GODDESS	646	-999	P	885
1298407465422	0	RECOG_CR_PRES	5	GODDESS	646	-999	P	347
1298407466162	1	RECOG_FEEDBACK	1
1298407466910	0	RECOG_PRES	5	BEE	112	-999	P	1484
1298407468767	0	RECOG_CR_PRES	5	BEE	112	-999	P	627
1298407469816	1	RECOG_FEEDBACK	1
1298407470565	0	RECOG_PRES	5	TECHNICIAN	1443	-999	P	965
1298407471905	0	RECOG_CR_PRES	5	TECHNICIAN	1443	-999	P	409
1298407472704	1	RECOG_FEEDBACK	1
1298407473462	0	RECOG_PRES	5	STEW	1380	-999	P	1227
1298407475052	0	RECOG_CR_PRES	5	STEW	1380	-999	P	470
1298407475925	1	RECOG_FEEDBACK	1
1298407476682	0	RECOG_PRES	5	NOSE	957	-999	P	903
1298407477956	0	RECOG_CR_PRES	5	NOSE	957	-999	P	446
1298407478780	1	RECOG_FEEDBACK	1
1298407479514	0	RECOG_PRES	5	GAVEL	627	-999	P	944
1298407480828	0	RECOG_CR_PRES	5	GAVEL	627	-999	P	494
1298407481727	1	RECOG_FEEDBACK	1
1298407482452	0	RECOG_PRES	5	CORPORATION	382	-999	P	1638
1298407484466	0	RECOG_CR_PRES	5	CORPORATION	382	-999	P	383
1298407485273	1	RECOG_FEEDBACK	1
1298407486056	0	RECOG_PRES	5	GUM	672	-999	P	1074
1298407487504	0	RECOG_CR_PRES	5	GUM	672	-999	P	361
1298407488262	1	RECOG_FEEDBACK	0
1298407489061	0	RECOG_PRES	5	BADGE	68	-999	P	2029
1298407491458	0	RECOG_CR_PRES	5	BADGE	68	-999	P	343
1298407492240	1	RECOG_FEEDBACK	1
1298407492989	0	RECOG_PRES	5	FARMER	553	-999	P	988
1298407494338	0	RECOG_CR_PRES	5	FARMER	553	-999	P	407
1298407495137	1	RECOG_FEEDBACK	1
1298407495935	0	RECOG_PRES	5	WOMAN	1620	-999	P	1018
1298407497318	0	RECOG_CR_PRES	5	WOMAN	1620	-999	P	427
1298407498134	1	RECOG_FEEDBACK	1
1298407498940	0	RECOG_PRES	5	NUCLEUS	961	-999	P	1214
1298407500522	0	RECOG_CR_PRES	5	NUCLEUS	961	-999	P	407
1298407501322	1	RECOG_FEEDBACK	1
1298407502037	0	RECOG_PRES	5	NOTE	958	-999	P	1101
1298407503511	0	RECOG_CR_PRES	5	NOTE	958	-999	P	386
1298407504301	1	RECOG_FEEDBACK	1
1298407505092	0	RECOG_PRES	5	CART	250	-999	P	1134
1298407506598	0	RECOG_CR_PRES	5	CART	250	-999	P	444
1298407507448	1	RECOG_FEEDBACK	1
1298407508230	0	RECOG_PRES	5	DUMP	505	-999	P	1156
1298407509761	0	RECOG_CR_PRES	5	DUMP	505	-999	P	577
1298407510743	1	RECOG_FEEDBACK	1
1298407511526	0	RECOG_PRES	5	WHISKERS	1605	-999	P	876
1298407512774	0	RECOG_CR_PRES	5	WHISKERS	1605	-999	P	532
1298407513673	1	RECOG_FEEDBACK	1
1298407514465	0	RECOG_PRES	5	BILL	126	-999	P	993
1298407515829	0	RECOG_CR_PRES	5	BILL	126	-999	P	533
1298407516753	1	RECOG_FEEDBACK	0
1298407529081	0	REST
1298407530275	1	REC_START
1298407530305	0	RECOG_PRES	6	CLOWN	330	-999	P	1288
1298407531968	0	RECOG_CR_PRES	6	CLOWN	330	-999	P	554
1298407532926	1	RECOG_FEEDBACK	1
1298407533641	0	RECOG_PRES	6	MARS	873	-999	P	1072
1298407535082	0	RECOG_CR_PRES	6	MARS	873	-999	P	976
1298407536456	1	RECOG_FEEDBACK	1
1298407537197	0	RECOG_PRES	6	GRAVEL	659	-999	P	1716
1298407539278	0	RECOG_CR_PRES	6	GRAVEL	659	-999	P	619
1298407540318	1	RECOG_FEEDBACK	1
1298407541109	0	RECOG_PRES	6	PUPIL	1143	-999	P	1756
1298407543240	0	RECOG_CR_PRES	6	PUPIL	1143	-999	P	569
1298407544255	1	RECOG_FEEDBACK	1
1298407545029	0	RECOG_PRES	6	BUREAU	199	-999	P	1205
1298407546601	0	RECOG_CR_PRES	6	BUREAU	199	-999	P	1256
1298407548259	1	RECOG_FEEDBACK	1
1298407549041	0	RECOG_PRES	6	HALL	677	-999	P	1249
1298407550672	0	RECOG_CR_PRES	6	HALL	677	-999	P	666
1298407551745	1	RECOG_FEEDBACK	1
1298407552454	0	RECOG_PRES	6	WHISTLE	1606	-999	P	1636
1298407554460	0	RECOG_CR_PRES	6	WHISTLE	1606	-999	P	445
1298407555326	1	RECOG_FEEDBACK	1
1298407556100	0	RECOG_PRES	6	BANANA	77	-999	P	918
1298407557390	0	RECOG_CR_PRES	6	BANANA	77	-999	P	427
1298407558189	1	RECOG_FEEDBACK	1
1298407558912	0	RECOG_PRES	6	ALMANAC	17	-999	P	961
1298407560253	0	RECOG_CR_PRES	6	ALMANAC	17	-999	P	484
1298407561127	1	RECOG_FEEDBACK	1
1298407561850	0	RECOG_PRES	6	BANDANNA	80	-999	P	1456
1298407563673	0	RECOG_CR_PRES	6	BANDANNA	80	-999	P	888
1298407564972	1	RECOG_FEEDBACK	1
1298407565713	0	RECOG_PRES	6	POOL	1103	-999	P	1088
1298407567162	0	RECOG_CR_PRES	6	POOL	1103	-999	P	511
1298407568069	1	RECOG_FEEDBACK	1
1298407568859	0	RECOG_PRES	6	ARTIST	43	-999	P	918
1298407570142	0	RECOG_CR_PRES	6	ARTIST	43	-999	P	515
1298407571041	1	RECOG_FEEDBACK	1
1298407571805	0	RECOG_PRES	6	JUVENILE	767	-999	P	1197
1298407573371	0	RECOG_CR_PRES	6	JUVENILE	767	-999	P	462
1298407574237	1	RECOG_FEEDBACK	1
1298407574985	0	RECOG_PRES	6	CIRCUS	311	-999	P	920
1298407576268	0	RECOG_CR_PRES	6	CIRCUS	311	-999	P	597
1298407577258	1	RECOG_FEEDBACK	1
1298407577990	0	RECOG_PRES	6	RAZOR	1171	-999	P	1819
1298407580172	0	RECOG_CR_PRES	6	RAZOR	1171	-999	P	350
1298407580945	1	RECOG_FEEDBACK	1
1298407581702	0	RECOG_PRES	6	MARSH	874	-999	P	1083
1298407583152	0	RECOG_CR_PRES	6	MARSH	874	-999	P	370
1298407583900	1	RECOG_FEEDBACK	1
1298407584707	0	RECOG_PRES	6	TEAM	1441	-999	P	878
1298407585956	0	RECOG_CR_PRES	6	TEAM	1441	-999	P	502
1298407586846	1	RECOG_FEEDBACK	1
1298407587620	0	RECOG_PRES	6	LIMB	822	-999	P	981
1298407588977	0	RECOG_CR_PRES	6	LIMB	822	-999	P	568
1298407589943	1	RECOG_FEEDBACK	1
1298407590733	0	RECOG_PRES	6	NOOSE	956	-999	P	1068
1298407592166	0	RECOG_CR_PRES	6	NOOSE	956	-999	P	595
1298407593157	1	RECOG_FEEDBACK	1
1298407593938	0	RECOG_PRES	6	STEREO	1378	-999	P	1015
1298407595321	0	RECOG_CR_PRES	6	STEREO	1378	-999	P	512
1298407596228	1	RECOG_FEEDBACK	1
1298407597975	0	REST
1298407598954	1	REC_START
1298407598982	0	RECOG_PRES	7	CASHEW	253	-999	P	1020
1298407600373	0	RECOG_CR_PRES	7	CASHEW	253	-999	P	444
1298407601222	1	RECOG_FEEDBACK	1
1298407601954	0	RECOG_PRES	7	VELVET	1555	-999	P	991
1298407603312	0	RECOG_CR_PRES	7	VELVET	1555	-999	P	730
1298407604427	1	RECOG_FEEDBACK	1
1298407605234	0	RECOG_PRES	7	NUT	965	-999	P	952
1298407606557	0	RECOG_CR_PRES	7	NUT	965	-999	P	677
1298407607631	1	RECOG_FEEDBACK	1
1298407608422	0	RECOG_PRES	7	STADIUM	1364	-999	P	1139
1298407609936	0	RECOG_CR_PRES	7	STADIUM	1364	-999	P	562
1298407610902	1	RECOG_FEEDBACK	1
1298407611684	0	RECOG_PRES	7	DOCK	477	-999	P	1141
1298407613192	0	RECOG_CR_PRES	7	DOCK	477	-999	P	481
1298407614074	1	RECOG_FEEDBACK	1
1298407614872	0	RECOG_PRES	7	ISLAND	745	-999	P	969
1298407616205	0	RECOG_CR_PRES	7	ISLAND	745	-999	P	564
1298407617154	1	RECOG_FEEDBACK	1
1298407617885	0	RECOG_PRES	7	SEA	1259	-999	P	1020
1298407619268	0	RECOG_CR_PRES	7	SEA	1259	-999	P	405
1298407620092	1	RECOG_FEEDBACK	1
1298407620840	0	RECOG_PRES	7	COURT	391	-999	P	2073
1298407623280	0	RECOG_CR_PRES	7	COURT	391	-999	P	577
1298407624287	1	RECOG_FEEDBACK	1
1298407625086	0	RECOG_PRES	7	PAIL	1002	-999	P	1020
1298407626476	0	RECOG_CR_PRES	7	PAIL	1002	-999	P	526
1298407627384	1	RECOG_FEEDBACK	1
1298407628099	0	RECOG_PRES	7	WINDOW	1611	-999	P	1622
1298407630089	0	RECOG_CR_PRES	7	WINDOW	1611	-999	P	1496
1298407632028	1	RECOG_FEEDBACK	1
1298407632776	0	RECOG_PRES	7	REINDEER	1181	-999	P	1073
1298407634217	0	RECOG_CR_PRES	7	REINDEER	1181	-999	P	480
1298407635083	1	RECOG_FEEDBACK	1
1298407635881	0	RECOG_PRES	7	ROOT	1210	-999	P	1209
1298407637464	0	RECOG_CR_PRES	7	ROOT	1210	-999	P	570
1298407638437	1	RECOG_FEEDBACK	0
1298407639178	0	RECOG_PRES	7	DIRECTOR	471	-999	P	1112
1298407640659	0	RECOG_CR_PRES	7	DIRECTOR	471	-999	P	551
1298407641633	1	RECOG_FEEDBACK	1
1298407642391	0	RECOG_PRES	7	CARTON	251	-999	P	1083
1298407643847	0	RECOG_CR_PRES	7	CARTON	251	-999	P	603
1298407644854	1	RECOG_FEEDBACK	1
1298407645611	0	RECOG_PRES	7	FELLOW	558	-999	P	1046
1298407647019	0	RECOG_CR_PRES	7	FELLOW	558	-999	P	614
1298407648043	1	RECOG_FEEDBACK	1
1298407648758	0	RECOG_PRES	7	NECKLACE	940	-999	P	923
1298407650049	0	RECOG_CR_PRES	7	NECKLACE	940	-999	P	560
1298407651006	1	RECOG_FEEDBACK	1
1298407651779	0	RECOG_PRES	7	TREAD	1499	-999	P	1134
1298407653279	0	RECOG_CR_PRES	7	TREAD	1499	-999	P	706
1298407654402	1	RECOG_FEEDBACK	1
1298407655193	0	RECOG_PRES	7	LOLLIPOP	842	-999	P	897
1298407656458	0	RECOG_CR_PRES	7	LOLLIPOP	842	-999	P	511
1298407657340	1	RECOG_FEEDBACK	1
1298407658098	0	RECOG_PRES	7	BARTENDER	92	-999	P	904
1298407659371	0	RECOG_CR_PRES	7	BARTENDER	92	-999	P	470
1298407660229	1	RECOG_FEEDBACK	1
1298407661003	0	RECOG_PRES	7	COYOTE	396	-999	P	999
1298407662376	0	RECOG_CR_PRES	7	COYOTE	396	-999	P	465
1298407663242	1	RECOG_FEEDBACK	1
1298407675178	0	REST
1298407676011	1	REC_START
1298407676035	0	RECOG_PRES	8	BASKET	95	-999	P	1247
1298407677649	0	RECOG_CR_PRES	8	BASKET	95	-999	P	393
1298407678458	1	RECOG_FEEDBACK	1
1298407679223	0	RECOG_PRES	8	KEG	770	-999	P	1219
1298407680812	0	RECOG_CR_PRES	8	KEG	770	-999	P	486
1298407681703	1	RECOG_FEEDBACK	1
1298407682503	0	RECOG_PRES	8	CASHIER	254	-999	P	1250
1298407684118	0	RECOG_CR_PRES	8	CASHIER	254	-999	P	884
1298407685416	1	RECOG_FEEDBACK	1
1298407686207	0	RECOG_PRES	8	FUR	615	-999	P	955
1298407687530	0	RECOG_CR_PRES	8	FUR	615	-999	P	351
1298407688271	1	RECOG_FEEDBACK	1
1298407689045	0	RECOG_PRES	8	MAGICIAN	854	-999	P	1085
1298407690502	0	RECOG_CR_PRES	8	MAGICIAN	854	-999	P	451
1298407691343	1	RECOG_FEEDBACK	1
1298407692133	0	RECOG_PRES	8	UNIVERSE	1540	-999	P	941
1298407693449	0	RECOG_CR_PRES	8	UNIVERSE	1540	-999	P	312
1298407694164	1	RECOG_FEEDBACK	1
1298407694904	0	RECOG_PRES	8	MACARONI	851	-999	P	1218
1298407696495	0	RECOG_CR_PRES	8	MACARONI	851	-999	P	450
1298407697352	1	RECOG_FEEDBACK	1
1298407698143	0	RECOG_PRES	8	PROFESSOR	1131	-999	P	1251
1298407699765	0	RECOG_CR_PRES	8	PROFESSOR	1131	-999	P	325
1298407700515	1	RECOG_FEEDBACK	0
1298407701306	0	RECOG_PRES	8	PAW	1029	-999	P	856
1298407702537	0	RECOG_CR_PRES	8	PAW	1029	-999	P	256
1298407703171	1	RECOG_FEEDBACK	1
1298407703910	0	RECOG_PRES	8	WIDOW	1608	-999	P	995
1298407705276	0	RECOG_CR_PRES	8	WIDOW	1608	-999	P	285
1298407705950	1	RECOG_FEEDBACK	1
1298407706674	0	RECOG_PRES	8	PICKLE	1059	-999	P	1247
1298407708290	0	RECOG_CR_PRES	8	PICKLE	1059	-999	P	1008
1298407709712	1	RECOG_FEEDBACK	0
1298407710495	0	RECOG_PRES	8	PAPER	1011	-999	P	1282
1298407712144	0	RECOG_CR_PRES	8	PAPER	1011	-999	P	346
1298407712892	1	RECOG_FEEDBACK	1
1298407713632	0	RECOG_PRES	8	SNEAKER	1334	-999	P	1241
1298407715240	0	RECOG_CR_PRES	8	SNEAKER	1334	-999	P	633
1298407716280	1	RECOG_FEEDBACK	0
1298407717071	0	RECOG_PRES	8	JOURNAL	760	-999	P	2131
1298407719575	0	RECOG_CR_PRES	8	JOURNAL	760	-999	P	475
1298407720509	1	RECOG_FEEDBACK	1
1298407721258	0	RECOG_PRES	8	STEWARDESS	1381	-999	P	1072
1298407722697	0	RECOG_CR_PRES	8	STEWARDESS	1381	-999	P	393
1298407723497	1	RECOG_FEEDBACK	1
1298407724304	0	RECOG_PRES	8	BODY	145	-999	P	970
1298407725643	0	RECOG_CR_PRES	8	BODY	145	-999	P	367
1298407726402	1	RECOG_FEEDBACK	1
1298407727168	0	RECOG_PRES	8	SHIP	1286	-999	P	2106
1298407729647	0	RECOG_CR_PRES	8	SHIP	1286	-999	P	739
1298407730829	1	RECOG_FEEDBACK	0
1298407731578	0	RECOG_PRES	8	HOOK	715	-999	P	904
1298407732852	0	RECOG_CR_PRES	8	HOOK	715	-999	P	342
1298407733576	1	RECOG_FEEDBACK	1
1298407734326	0	RECOG_PRES	8	EARRING	514	-999	P	940
1298407735640	0	RECOG_CR_PRES	8	EARRING	514	-999	P	321
1298407736349	1	RECOG_FEEDBACK	1
1298407737114	0	RECOG_PRES	8	POLYESTER	1100	-999	P	960
1298407738446	0	RECOG_CR_PRES	8	POLYESTER	1100	-999	P	323
1298407739145	1	RECOG_FEEDBACK	1
1298407743141	0	REST
1298407744057	1	REC_START
1298407744090	0	RECOG_PRES	9	WALNUT	1584	-999	P	1064
1298407745530	0	RECOG_CR_PRES	9	WALNUT	1584	-999	P	271
1298407746179	1	RECOG_FEEDBACK	1
1298407746944	0	RECOG_PRES	9	SHORTS	1293	-999	P	1881
1298407749200	0	RECOG_CR_PRES	9	SHORTS	1293	-999	P	337
1298407749957	1	RECOG_FEEDBACK	0
1298407750714	0	RECOG_PRES	9	SPARROW	1347	-999	P	1167
1298407752247	0	RECOG_CR_PRES	9	SPARROW	1347	-999	P	442
1298407753096	1	RECOG_FEEDBACK	1
1298407753827	0	RECOG_PRES	9	PISTON	1076	-999	P	942
1298407755144	0	RECOG_CR_PRES	9	PISTON	1076	-999	P	330
1298407755867	1	RECOG_FEEDBACK	1
1298407756616	0	RECOG_PRES	9	MEAL	882	-999	P	1033
1298407758024	0	RECOG_CR_PRES	9	MEAL	882	-999	P	482
1298407758913	1	RECOG_FEEDBACK	1
1298407759721	0	RECOG_PRES	9	GEM	629	-999	P	1056
1298407761145	0	RECOG_CR_PRES	9	GEM	629	-999	P	289
1298407761835	1	RECOG_FEEDBACK	1
1298407762567	0	RECOG_PRES	9	PEANUT	1032	-999	P	1986
1298407764923	0	RECOG_CR_PRES	9	PEANUT	1032	-999	P	390
1298407765747	1	RECOG_FEEDBACK	0
1298407766480	0	RECOG_PRES	9	BRIDE	173	-999	P	1738
1298407768585	0	RECOG_CR_PRES	9	BRIDE	173	-999	P	497
1298407769527	1	RECOG_FEEDBACK	1
1298407770284	0	RECOG_PRES	9	ROBBER	1197	-999	P	934
1298407771590	0	RECOG_CR_PRES	9	ROBBER	1197	-999	P	468
1298407772440	1	RECOG_FEEDBACK	1
1298407773223	0	RECOG_PRES	9	SALESMAN	1225	-999	P	955
1298407774545	0	RECOG_CR_PRES	9	SALESMAN	1225	-999	P	296
1298407775220	1	RECOG_FEEDBACK	1
1298407775993	0	RECOG_PRES	9	VINEGAR	1569	-999	P	936
1298407777293	0	RECOG_CR_PRES	9	VINEGAR	1569	-999	P	268
1298407777941	1	RECOG_FEEDBACK	1
1298407778757	0	RECOG_PRES	9	KEEPER	769	-999	P	940
1298407780065	0	RECOG_CR_PRES	9	KEEPER	769	-999	P	337
1298407780779	1	RECOG_FEEDBACK	1
1298407781513	0	RECOG_PRES	9	PUZZLE	1146	-999	P	2048
1298407783934	0	RECOG_CR_PRES	9	PUZZLE	1146	-999	P	500
1298407784950	1	RECOG_FEEDBACK	1
1298407785757	0	RECOG_PRES	9	SHOVEL	1295	-999	P	956
1298407787082	0	RECOG_CR_PRES	9	SHOVEL	1295	-999	P	408
1298407787880	1	RECOG_FEEDBACK	1
1298407788687	0	RECOG_PRES	9	EAR	513	-999	P	890
1298407789952	0	RECOG_CR_PRES	9	EAR	513	-999	P	609
1298407790959	1	RECOG_FEEDBACK	1
1298407791700	0	RECOG_PRES	9	MAJOR	859	-999	P	1630
1298407793698	0	RECOG_CR_PRES	9	MAJOR	859	-999	P	472
1298407794580	1	RECOG_FEEDBACK	1
1298407795322	0	RECOG_PRES	9	IDOL	733	-999	P	1032
1298407796728	0	RECOG_CR_PRES	9	IDOL	733	-999	P	314
1298407797428	1	RECOG_FEEDBACK	1
1298407798152	0	RECOG_PRES	9	PIRATE	1074	-999	P	962
1298407799484	0	RECOG_CR_PRES	9	PIRATE	1074	-999	P	534
1298407800399	1	RECOG_FEEDBACK	1
1298407801173	0	RECOG_PRES	9	TUBE	1516	-999	P	1309
1298407802854	0	RECOG_CR_PRES	9	TUBE	1516	-999	P	388
1298407803711	1	RECOG_FEEDBACK	1
1298407804470	0	RECOG_PRES	9	BEAN	105	-999	P	820
1298407805659	0	RECOG_CR_PRES	9	BEAN	105	-999	P	559
1298407806600	1	RECOG_FEEDBACK	1
1298407808349	0	REST
1298407809522	1	REC_START
1298407809546	0	RECOG_PRES	10	COUNTY	389	-999	P	904
1298407810820	0	RECOG_CR_PRES	10	COUNTY	389	-999	P	350
1298407811528	1	RECOG_FEEDBACK	1
1298407812319	0	RECOG_PRES	10	THREAD	1460	-999	P	995
1298407813683	0	RECOG_CR_PRES	10	THREAD	1460	-999	P	687
1298407814773	1	RECOG_FEEDBACK	0
1298407815499	0	RECOG_PRES	10	GAUZE	626	-999	P	875
1298407816771	0	RECOG_CR_PRES	10	GAUZE	626	-999	P	311
1298407817463	1	RECOG_FEEDBACK	1
1298407818270	0	RECOG_PRES	10	SKIN	1318	-999	P	1252
1298407819892	0	RECOG_CR_PRES	10	SKIN	1318	-999	P	358
1298407820650	1	RECOG_FEEDBACK	1
1298407821367	0	RECOG_PRES	10	STAPLER	1372	-999	P	955
1298407822689	0	RECOG_CR_PRES	10	STAPLER	1372	-999	P	433
1298407823506	1	RECOG_FEEDBACK	1
1298407824230	0	RECOG_PRES	10	FEMALE	559	-999	P	884
1298407825512	0	RECOG_CR_PRES	10	FEMALE	559	-999	P	634
1298407826527	1	RECOG_FEEDBACK	0
1298407827276	0	RECOG_PRES	10	ACTRESS	6	-999	P	902
1298407828549	0	RECOG_CR_PRES	10	ACTRESS	6	-999	P	308
1298407829249	1	RECOG_FEEDBACK	1
1298407830040	0	RECOG_PRES	10	CEILING	265	-999	P	994
1298407831405	0	RECOG_CR_PRES	10	CEILING	265	-999	P	1540
1298407833245	1	RECOG_FEEDBACK	-1
1298407834019	0	RECOG_PRES	10	BAND	78	-999	P	1814
1298407836200	0	RECOG_CR_PRES	10	BAND	78	-999	P	601
1298407837215	1	RECOG_FEEDBACK	1
1298407838022	0	RECOG_PRES	10	SPATULA	1348	-999	P	1076
1298407839471	0	RECOG_CR_PRES	10	SPATULA	1348	-999	P	386
1298407840253	1	RECOG_FEEDBACK	1
1298407841019	0	RECOG_PRES	10	MECHANIC	884	-999	P	950
1298407842334	0	RECOG_CR_PRES	10	MECHANIC	884	-999	P	499
1298407843225	1	RECOG_FEEDBACK	1
1298407844015	0	RECOG_PRES	10	AUTHOR	61	-999	P	1155
1298407845538	0	RECOG_CR_PRES	10	AUTHOR	61	-999	P	944
1298407846853	1	RECOG_FEEDBACK	1
1298407847619	0	RECOG_PRES	10	COUCH	386	-999	P	1062
1298407849043	0	RECOG_CR_PRES	10	COUCH	386	-999	P	542
1298407849974	1	RECOG_FEEDBACK	1
1298407850732	0	RECOG_PRES	10	CHEERLEADER	288	-999	P	1061
1298407852156	0	RECOG_CR_PRES	10	CHEERLEADER	288	-999	P	589
1298407853155	1	RECOG_FEEDBACK	1
1298407853911	0	RECOG_PRES	10	CASKET	255	-999	P	1171
1298407855452	0	RECOG_CR_PRES	10	CASKET	255	-999	P	525
1298407856384	1	RECOG_FEEDBACK	1
1298407857109	0	RECOG_PRES	10	CELLAR	267	-999	P	1413
1298407858897	0	RECOG_CR_PRES	10	CELLAR	267	-999	P	640
1298407859963	1	RECOG_FEEDBACK	0
1298407860753	0	RECOG_PRES	10	CAN	225	-999	P	896
1298407862020	0	RECOG_CR_PRES	10	CAN	225	-999	P	525
1298407862934	1	RECOG_FEEDBACK	1
1298407863708	0	RECOG_PRES	10	CANVAS	234	-999	P	1013
1298407865083	0	RECOG_CR_PRES	10	CANVAS	234	-999	P	478
1298407865964	1	RECOG_FEEDBACK	1
1298407866705	0	RECOG_PRES	10	INCENSE	735	-999	P	1264
1298407868346	0	RECOG_CR_PRES	10	INCENSE	735	-999	P	631
1298407869378	1	RECOG_FEEDBACK	1
1298407870135	0	RECOG_PRES	10	SLACKS	1323	-999	P	1211
1298407871716	0	RECOG_CR_PRES	10	SLACKS	1323	-999	P	382
1298407872516	1	RECOG_FEEDBACK	1
1298407874787	0	REST
1298407875621	1	REC_START
1298407875653	0	RECOG_PRES	11	SURVEY	1414	-999	P	1012
1298407877027	0	RECOG_CR_PRES	11	SURVEY	1414	-999	P	590
1298407878018	1	RECOG_FEEDBACK	1
1298407878741	0	RECOG_PRES	11	CONVENT	370	-999	P	1261
1298407880373	0	RECOG_CR_PRES	11	CONVENT	370	-999	P	476
1298407881255	1	RECOG_FEEDBACK	1
1298407881979	0	RECOG_PRES	11	WOUND	1624	-999	P	1399
1298407883752	0	RECOG_CR_PRES	11	WOUND	1624	-999	P	586
1298407884750	1	RECOG_FEEDBACK	1
1298407885484	0	RECOG_PRES	11	CUE	422	-999	P	982
1298407886840	0	RECOG_CR_PRES	11	CUE	422	-999	P	338
1298407887572	1	RECOG_FEEDBACK	1
1298407888314	0	RECOG_PRES	11	REEF	1177	-999	P	1008
1298407889695	0	RECOG_CR_PRES	11	REEF	1177	-999	P	387
1298407890486	1	RECOG_FEEDBACK	1
1298407891211	0	RECOG_PRES	11	SHRIMP	1297	-999	P	919
1298407892501	0	RECOG_CR_PRES	11	SHRIMP	1297	-999	P	380
1298407893258	1	RECOG_FEEDBACK	1
1298407894007	0	RECOG_PRES	11	PREDATOR	1120	-999	P	1067
1298407895447	0	RECOG_CR_PRES	11	PREDATOR	1120	-999	P	378
1298407896222	1	RECOG_FEEDBACK	1
1298407896961	0	RECOG_PRES	11	SKELETON	1314	-999	P	1032
1298407898369	0	RECOG_CR_PRES	11	SKELETON	1314	-999	P	448
1298407899226	1	RECOG_FEEDBACK	1
1298407900034	0	RECOG_PRES	11	ANCESTOR	20	-999	P	1088
1298407901490	0	RECOG_CR_PRES	11	ANCESTOR	20	-999	P	495
1298407902389	1	RECOG_FEEDBACK	1
1298407903105	0	RECOG_PRES	11	SCHOOL	1248	-999	P	1129
1298407904602	0	RECOG_CR_PRES	11	SCHOOL	1248	-999	P	335
1298407905344	1	RECOG_FEEDBACK	1
1298407906135	0	RECOG_PRES	11	CANE	231	-999	P	1107
1298407907616	0	RECOG_CR_PRES	11	CANE	231	-999	P	361
1298407908374	1	RECOG_FEEDBACK	1
1298407909131	0	RECOG_PRES	11	ORGAN	984	-999	P	1263
1298407910762	0	RECOG_CR_PRES	11	ORGAN	984	-999	P	344
1298407911520	1	RECOG_FEEDBACK	1
1298407912269	0	RECOG_PRES	11	PLUMBER	1091	-999	P	1221
1298407913858	0	RECOG_CR_PRES	11	PLUMBER	1091	-999	P	863
1298407915141	1	RECOG_FEEDBACK	1
1298407915939	0	RECOG_PRES	11	SIREN	1310	-999	P	942
1298407917255	0	RECOG_CR_PRES	11	SIREN	1310	-999	P	306
1298407917954	1	RECOG_FEEDBACK	1
1298407918719	0	RECOG_PRES	11	TOWEL	1489	-999	P	1130
1298407920210	0	RECOG_CR_PRES	11	TOWEL	1489	-999	P	391
1298407920983	1	RECOG_FEEDBACK	1
1298407921741	0	RECOG_PRES	11	GRASS	655	-999	P	836
1298407922948	0	RECOG_CR_PRES	11	GRASS	655	-999	P	334
1298407923655	1	RECOG_FEEDBACK	1
1298407924414	0	RECOG_PRES	11	CABOOSE	214	-999	P	1972
1298407926760	0	RECOG_CR_PRES	11	CABOOSE	214	-999	P	594
1298407927759	1	RECOG_FEEDBACK	1
1298407928509	0	RECOG_PRES	11	CHALK	276	-999	P	917
1298407929798	0	RECOG_CR_PRES	11	CHALK	276	-999	P	508
1298407930680	1	RECOG_FEEDBACK	1
1298407931422	0	RECOG_PRES	11	ROOF	1205	-999	P	796
1298407932587	0	RECOG_CR_PRES	11	ROOF	1205	-999	P	495
1298407933445	1	RECOG_FEEDBACK	1
1298407934194	0	RECOG_PRES	11	PEBBLE	1035	-999	P	840
1298407935409	0	RECOG_CR_PRES	11	PEBBLE	1035	-999	P	336
1298407936117	1	RECOG_FEEDBACK	1
1298407951640	0	REST
1298407952536	1	REC_START
1298407952563	0	RECOG_PRES	12	KITCHEN	778	-999	P	2222
1298407955153	0	RECOG_CR_PRES	12	KITCHEN	778	-999	P	400
1298407955976	1	RECOG_FEEDBACK	1
1298407956717	0	RECOG_PRES	12	MULE	931	-999	P	972
1298407958050	0	RECOG_CR_PRES	12	MULE	931	-999	P	272
1298407958698	1	RECOG_FEEDBACK	1
1298407959456	0	RECOG_PRES	12	SATURN	1236	-999	P	1002
1298407960829	0	RECOG_CR_PRES	12	SATURN	1236	-999	P	365
1298407961603	1	RECOG_FEEDBACK	1
1298407962361	0	RECOG_PRES	12	TORNADO	1485	-999	P	1001
1298407963734	0	RECOG_CR_PRES	12	TORNADO	1485	-999	P	476
1298407964591	1	RECOG_FEEDBACK	1
1298407965383	0	RECOG_PRES	12	LINEN	825	-999	P	1131
1298407966888	0	RECOG_CR_PRES	12	LINEN	825	-999	P	298
1298407967571	1	RECOG_FEEDBACK	1
1298407968288	0	RECOG_PRES	12	BUNNY	198	-999	P	1066
1298407969727	0	RECOG_CR_PRES	12	BUNNY	198	-999	P	922
1298407971026	1	RECOG_FEEDBACK	1
1298407971808	0	RECOG_PRES	12	FLEA	577	-999	P	873
1298407973049	0	RECOG_CR_PRES	12	FLEA	577	-999	P	273
1298407973689	1	RECOG_FEEDBACK	1
1298407974489	0	RECOG_PRES	12	ENGINEER	536	-999	P	1472
1298407976329	0	RECOG_CR_PRES	12	ENGINEER	536	-999	P	761
1298407977519	1	RECOG_FEEDBACK	0
1298407978301	0	RECOG_PRES	12	BROTHER	179	-999	P	1372
1298407980041	0	RECOG_CR_PRES	12	BROTHER	179	-999	P	297
1298407980731	1	RECOG_FEEDBACK	0
1298407981514	0	RECOG_PRES	12	GAZELLE	628	-999	P	960
1298407982845	0	RECOG_CR_PRES	12	GAZELLE	628	-999	P	309
1298407983536	1	RECOG_FEEDBACK	1
1298407984344	0	RECOG_PRES	12	HOSE	720	-999	P	1010
1298407985725	0	RECOG_CR_PRES	12	HOSE	720	-999	P	309
1298407986425	1	RECOG_FEEDBACK	1
1298407987232	0	RECOG_PRES	12	TRAY	1498	-999	P	1050
1298407988655	0	RECOG_CR_PRES	12	TRAY	1498	-999	P	363
1298407989405	1	RECOG_FEEDBACK	1
1298407990212	0	RECOG_PRES	12	TWEEZERS	1526	-999	P	1174
1298407991760	0	RECOG_CR_PRES	12	TWEEZERS	1526	-999	P	746
1298407992900	1	RECOG_FEEDBACK	1
1298407993616	0	RECOG_PRES	12	KNEE	784	-999	P	945
1298407994931	0	RECOG_CR_PRES	12	KNEE	784	-999	P	247
1298407995547	1	RECOG_FEEDBACK	1
1298407996314	0	RECOG_PRES	12	FARM	552	-999	P	880
1298407997561	0	RECOG_CR_PRES	12	FARM	552	-999	P	416
1298407998370	1	RECOG_FEEDBACK	1
1298407999094	0	RECOG_PRES	12	TUNNEL	1519	-999	P	1244
1298408000707	0	RECOG_CR_PRES	12	TUNNEL	1519	-999	P	535
1298408001623	1	RECOG_FEEDBACK	1
1298408002398	0	RECOG_PRES	12	SERPENT	1270	-999	P	1259
1298408004021	0	RECOG_CR_PRES	12	SERPENT	1270	-999	P	365
1298408004794	1	RECOG_FEEDBACK	1
1298408005594	0	RECOG_PRES	12	PERISCOPE	1050	-999	P	1031
1298408007000	0	RECOG_CR_PRES	12	PERISCOPE	1050	-999	P	274
1298408007658	1	RECOG_FEEDBACK	1
1298408008400	0	RECOG_PRES	12	WHALE	1601	-999	P	1241
1298408010006	0	RECOG_CR_PRES	12	WHALE	1601	-999	P	316
1298408010713	1	RECOG_FEEDBACK	1
1298408011454	0	RECOG_PRES	12	SHEET	1279	-999	P	796
1298408012619	0	RECOG_CR_PRES	12	SHEET	1279	-999	P	262
1298408013252	1	RECOG_FEEDBACK	1
1298408014924	0	REST
1298408015890	1	REC_START
1298408015915	0	RECOG_PRES	13	CARD	243	-999	P	950
1298408017231	0	RECOG_CR_PRES	13	CARD	243	-999	P	482
1298408018105	1	RECOG_FEEDBACK	1
1298408018836	0	RECOG_PRES	13	INN	739	-999	P	1029
1298408020228	0	RECOG_CR_PRES	13	INN	739	-999	P	645
1298408021251	1	RECOG_FEEDBACK	1
1298408021991	0	RECOG_PRES	13	GENTLEMAN	631	-999	P	930
1298408023282	0	RECOG_CR_PRES	13	GENTLEMAN	631	-999	P	792
1298408024464	1	RECOG_FEEDBACK	1
1298408025205	0	RECOG_PRES	13	CABIN	211	-999	P	1101
1298408026677	0	RECOG_CR_PRES	13	CABIN	211	-999	P	429
1298408027502	1	RECOG_FEEDBACK	1
1298408028293	0	RECOG_PRES	13	POPCORN	1104	-999	P	1324
1298408029990	0	RECOG_CR_PRES	13	POPCORN	1104	-999	P	428
1298408030823	1	RECOG_FEEDBACK	0
1298408031622	0	RECOG_PRES	13	SAUSAGE	1238	-999	P	1043
1298408033029	0	RECOG_CR_PRES	13	SAUSAGE	1238	-999	P	501
1298408033927	1	RECOG_FEEDBACK	1
1298408034668	0	RECOG_PRES	13	SHRINE	1298	-999	P	1221
1298408036251	0	RECOG_CR_PRES	13	SHRINE	1298	-999	P	366
1298408037016	1	RECOG_FEEDBACK	1
1298408037789	0	RECOG_PRES	13	WALRUS	1585	-999	P	2076
1298408040229	0	RECOG_CR_PRES	13	WALRUS	1585	-999	P	1197
1298408041835	1	RECOG_FEEDBACK	1
1298408042626	0	RECOG_PRES	13	SINK	1309	-999	P	967
1298408043966	0	RECOG_CR_PRES	13	SINK	1309	-999	P	364
1298408044715	1	RECOG_FEEDBACK	1
1298408045482	0	RECOG_PRES	13	STRAWBERRY	1391	-999	P	841
1298408046721	0	RECOG_CR_PRES	13	STRAWBERRY	1391	-999	P	385
1298408047488	1	RECOG_FEEDBACK	1
1298408048278	0	RECOG_PRES	13	LITERATURE	831	-999	P	868
1298408049519	0	RECOG_CR_PRES	13	LITERATURE	831	-999	P	434
1298408050326	1	RECOG_FEEDBACK	1
1298408051083	0	RECOG_PRES	13	GRILL	661	-999	P	884
1298408052332	0	RECOG_CR_PRES	13	GRILL	661	-999	P	581
1298408053314	1	RECOG_FEEDBACK	1
1298408054055	0	RECOG_PRES	13	STAIRS	1367	-999	P	1059
1298408055487	0	RECOG_CR_PRES	13	STAIRS	1367	-999	P	547
1298408056427	1	RECOG_FEEDBACK	1
1298408057201	0	RECOG_PRES	13	STOVE	1388	-999	P	817
1298408058392	0	RECOG_CR_PRES	13	STOVE	1388	-999	P	545
1298408059307	1	RECOG_FEEDBACK	1
1298408060023	0	RECOG_PRES	13	ICING	732	-999	P	866
1298408061255	0	RECOG_CR_PRES	13	ICING	732	-999	P	546
1298408062187	1	RECOG_FEEDBACK	1
1298408062919	0	RECOG_PRES	13	CRUMB	416	-999	P	874
1298408064185	0	RECOG_CR_PRES	13	CRUMB	416	-999	P	608
1298408065175	1	RECOG_FEEDBACK	1
1298408065899	0	RECOG_PRES	13	DONKEY	484	-999	P	1726
1298408067996	0	RECOG_CR_PRES	13	DONKEY	484	-999	P	641
1298408069071	1	RECOG_FEEDBACK	0
1298408069852	0	RECOG_PRES	13	WILDERNESS	1610	-999	P	1318
1298408071542	0	RECOG_CR_PRES	13	WILDERNESS	1610	-999	P	740
1298408072666	1	RECOG_FEEDBACK	1
1298408073474	0	RECOG_PRES	13	MOSQUITO	917	-999	P	1423
1298408075264	0	RECOG_CR_PRES	13	MOSQUITO	917	-999	P	425
1298408076104	1	RECOG_FEEDBACK	1
1298408076836	0	RECOG_PRES	13	WATERFALL	1595	-999	P	1037
1298408078244	0	RECOG_CR_PRES	13	WATERFALL	1595	-999	P	293
1298408078925	1	RECOG_FEEDBACK	1
1298408080840	0	REST
1298408081651	1	REC_START
1298408081680	0	RECOG_PRES	14	BUTCHER	203	-999	P	1217
1298408083263	0	RECOG_CR_PRES	14	BUTCHER	203	-999	P	450
1298408084112	1	RECOG_FEEDBACK	1
1298408084893	0	RECOG_PRES	14	SILVERWARE	1308	-999	P	956
1298408086218	0	RECOG_CR_PRES	14	SILVERWARE	1308	-999	P	399
1298408087008	1	RECOG_FEEDBACK	1
1298408087815	0	RECOG_PRES	14	KETCHUP	771	-999	P	1122
1298408089306	0	RECOG_CR_PRES	14	KETCHUP	771	-999	P	784
1298408090488	1	RECOG_FEEDBACK	1
1298408091270	0	RECOG_PRES	14	LOOP	844	-999	P	948
1298408092592	0	RECOG_CR_PRES	14	LOOP	844	-999	P	426
1298408093401	1	RECOG_FEEDBACK	1
1298408094158	0	RECOG_PRES	14	BOAT	144	-999	P	1900
1298408096431	0	RECOG_CR_PRES	14	BOAT	144	-999	P	971
1298408097820	1	RECOG_FEEDBACK	1
1298408098577	0	RECOG_PRES	14	CLAMP	316	-999	P	1336
1298408100285	0	RECOG_CR_PRES	14	CLAMP	316	-999	P	829
1298408101517	1	RECOG_FEEDBACK	1
1298408102266	0	RECOG_PRES	14	EXPLOSION	544	-999	P	1232
1298408103871	0	RECOG_CR_PRES	14	EXPLOSION	544	-999	P	730
1298408105021	1	RECOG_FEEDBACK	1
1298408105802	0	RECOG_PRES	14	VAULT	1550	-999	P	1328
1298408107501	0	RECOG_CR_PRES	14	VAULT	1550	-999	P	501
1298408108483	1	RECOG_FEEDBACK	1
1298408109224	0	RECOG_PRES	14	GRAVE	658	-999	P	962
1298408110555	0	RECOG_CR_PRES	14	GRAVE	658	-999	P	567
1298408111505	1	RECOG_FEEDBACK	1
1298408112304	0	RECOG_PRES	14	BURGLAR	200	-999	P	1233
1298408113909	0	RECOG_CR_PRES	14	BURGLAR	200	-999	P	389
1298408114708	1	RECOG_FEEDBACK	1
1298408115500	0	RECOG_PRES	14	POLITICIAN	1099	-999	P	966
1298408116839	0	RECOG_CR_PRES	14	POLITICIAN	1099	-999	P	467
1298408117705	1	RECOG_FEEDBACK	1
1298408118464	0	RECOG_PRES	14	BLACKBOARD	133	-999	P	1050
1298408119886	0	RECOG_CR_PRES	14	BLACKBOARD	133	-999	P	476
1298408120743	1	RECOG_FEEDBACK	1
1298408121502	0	RECOG_PRES	14	CLOTHES	327	-999	P	924
1298408122799	0	RECOG_CR_PRES	14	CLOTHES	327	-999	P	291
1298408123483	1	RECOG_FEEDBACK	1
1298408124248	0	RECOG_PRES	14	TWIG	1527	-999	P	1122
1298408125737	0	RECOG_CR_PRES	14	TWIG	1527	-999	P	1144
1298408127262	1	RECOG_FEEDBACK	1
1298408128002	0	RECOG_PRES	14	JAW	751	-999	P	1024
1298408129401	0	RECOG_CR_PRES	14	JAW	751	-999	P	384
1298408130175	1	RECOG_FEEDBACK	1
1298408130898	0	RECOG_PRES	14	SQUID	1361	-999	P	1047
1298408132306	0	RECOG_CR_PRES	14	SQUID	1361	-999	P	519
1298408133205	1	RECOG_FEEDBACK	0
1298408134012	0	RECOG_PRES	14	TROMBONE	1508	-999	P	1470
1298408135851	0	RECOG_CR_PRES	14	TROMBONE	1508	-999	P	894
1298408137158	1	RECOG_FEEDBACK	0
1298408137873	0	RECOG_PRES	14	MOOSE	915	-999	P	936
1298408139173	0	RECOG_CR_PRES	14	MOOSE	915	-999	P	372
1298408139929	1	RECOG_FEEDBACK	1
1298408140653	0	RECOG_PRES	14	CAPTAIN	239	-999	P	972
1298408141994	0	RECOG_CR_PRES	14	CAPTAIN	239	-999	P	408
1298408142793	1	RECOG_FEEDBACK	1
1298408143542	0	RECOG_PRES	14	SCENERY	1247	-999	P	1508
1298408145424	0	RECOG_CR_PRES	14	SCENERY	1247	-999	P	641
1298408146514	1	RECOG_FEEDBACK	1
1298408148711	0	REST
1298408149605	1	REC_START
1298408149635	0	RECOG_PRES	15	DIPLOMA	470	-999	P	1182
1298408151184	0	RECOG_CR_PRES	15	DIPLOMA	470	-999	P	497
1298408152091	1	RECOG_FEEDBACK	0
1298408152848	0	RECOG_PRES	15	KITTEN	780	-999	P	1105
1298408154314	0	RECOG_CR_PRES	15	KITTEN	780	-999	P	255
1298408154970	1	RECOG_FEEDBACK	1
1298408155769	0	RECOG_PRES	15	SALIVA	1226	-999	P	960
1298408157094	0	RECOG_CR_PRES	15	SALIVA	1226	-999	P	252
1298408157742	1	RECOG_FEEDBACK	1
1298408158484	0	RECOG_PRES	15	ACORN	3	-999	P	857
1298408159740	0	RECOG_CR_PRES	15	ACORN	3	-999	P	374
1298408160498	1	RECOG_FEEDBACK	1
1298408161231	0	RECOG_PRES	15	FRUIT	610	-999	P	915
1298408162521	0	RECOG_CR_PRES	15	FRUIT	610	-999	P	416
1298408163320	1	RECOG_FEEDBACK	1
1298408164094	0	RECOG_PRES	15	VALVE	1546	-999	P	988
1298408165451	0	RECOG_CR_PRES	15	VALVE	1546	-999	P	294
1298408166083	1	RECOG_FEEDBACK	0
1298408166881	0	RECOG_PRES	15	OFFICE	972	-999	P	641
1298408167897	0	RECOG_CR_PRES	15	OFFICE	972	-999	P	313
1298408168497	1	RECOG_FEEDBACK	-1
1298408169288	0	RECOG_PRES	15	ELBOW	520	-999	P	858
1298408170520	0	RECOG_CR_PRES	15	ELBOW	520	-999	P	457
1298408171277	1	RECOG_FEEDBACK	-1
1298408172068	0	RECOG_PRES	15	PANTS	1010	-999	P	950
1298408173391	0	RECOG_CR_PRES	15	PANTS	1010	-999	P	1506
1298408175198	1	RECOG_FEEDBACK	-1
1298408176005	0	RECOG_PRES	15	CRADLE	399	-999	P	2764
1298408179135	0	RECOG_CR_PRES	15	CRADLE	399	-999	P	642
1298408180242	1	RECOG_FEEDBACK	0
1298408181024	0	RECOG_PRES	15	COUGAR	387	-999	P	1098
1298408182498	0	RECOG_CR_PRES	15	COUGAR	387	-999	P	880
1298408183803	1	RECOG_FEEDBACK	1
1298408184569	0	RECOG_PRES	15	TREAT	1501	-999	P	1096
1298408186027	0	RECOG_CR_PRES	15	TREAT	1501	-999	P	534
1298408186975	1	RECOG_FEEDBACK	1
1298408187732	0	RECOG_PRES	15	GERM	632	-999	P	1021
1298408189115	0	RECOG_CR_PRES	15	GERM	632	-999	P	603
1298408190064	1	RECOG_FEEDBACK	1
1298408190853	0	RECOG_PRES	15	GLUE	643	-999	P	1149
1298408192378	0	RECOG_CR_PRES	15	GLUE	643	-999	P	784
1298408193575	1	RECOG_FEEDBACK	1
1298408194350	0	RECOG_PRES	15	ACTOR	5	-999	P	1052
1298408195773	0	RECOG_CR_PRES	15	ACTOR	5	-999	P	565
1298408196747	1	RECOG_FEEDBACK	1
1298408197530	0	RECOG_PRES	15	ASSISTANT	48	-999	P	976
1298408198877	0	RECOG_CR_PRES	15	ASSISTANT	48	-999	P	708
1298408199984	1	RECOG_FEEDBACK	1
1298408200767	0	RECOG_PRES	15	CARRIAGE	248	-999	P	1938
1298408203074	0	RECOG_CR_PRES	15	CARRIAGE	248	-999	P	648
1298408204172	1	RECOG_FEEDBACK	0
1298408204929	0	RECOG_PRES	15	STUDENT	1395	-999	P	968
1298408206262	0	RECOG_CR_PRES	15	STUDENT	1395	-999	P	307
1298408206960	1	RECOG_FEEDBACK	1
1298408207692	0	RECOG_PRES	15	VASE	1549	-999	P	941
1298408209008	0	RECOG_CR_PRES	15	VASE	1549	-999	P	378
1298408209773	1	RECOG_FEEDBACK	0
1298408210490	0	RECOG_PRES	15	BLOSSOM	138	-999	P	1207
1298408212071	0	RECOG_CR_PRES	15	BLOSSOM	138	-999	P	586
1298408213079	1	RECOG_FEEDBACK	1
1298408213833	0	RECOG_END
1298408216549	0	SESS_END
1298408216583	0	E	Logging Ends
