1269383360410	0	B	Logging Begins
1269383360411	0	SESS_START	9
1269383501640	0	DISTRACTOR	0			8000	3
1269383509322	1	FR_PRES	0	FLY	586	0	0	1100	(0.42259999999999998, 0.58709999999999996, 0)	../fonts/zerothre.ttf	upper
1269383513275	0	DISTRACTOR	0			8000	4
1269383521513	1	FR_PRES	0	OWNER	993	0	0	1421	(0.42259999999999998, 0.58709999999999996, 0)	../fonts/zerothre.ttf	upper
1269383525516	0	DISTRACTOR	0			8000	5
1269383533728	1	FR_PRES	0	PLUM	1090	0	0	1502	(0.42259999999999998, 0.58709999999999996, 0)	../fonts/zerothre.ttf	upper
1269383537862	0	DISTRACTOR	0			8000	4
1269383545569	1	FR_PRES	0	BOWL	158	0	0	2349	(0.42259999999999998, 0.58709999999999996, 0)	../fonts/zerothre.ttf	upper
1269383549693	0	DISTRACTOR	0			8000	4
1269383557693	1	FR_PRES	0	SAUCER	1237	1	0	2322	(0.57740000000000002, 0.41289999999999999, 1.0)	../fonts/amplitud.ttf	lower
1269383561752	0	DISTRACTOR	0			8000	3
1269383569884	1	FR_PRES	0	WAGON	1578	1	0	986	(0.57740000000000002, 0.41289999999999999, 1.0)	../fonts/amplitud.ttf	lower
1269383574078	0	DISTRACTOR	0			8000	4
1269383581908	1	FR_PRES	0	HORSE	719	1	1	1730	(0.57740000000000002, 0.41289999999999999, 1.0)	../fonts/amplitud.ttf	lower
1269383586079	0	DISTRACTOR	0			8000	5
1269383593932	1	FR_PRES	0	HOSPITAL	721	1	0	1986	(0.57740000000000002, 0.41289999999999999, 1.0)	../fonts/amplitud.ttf	lower
1269383597934	0	DISTRACTOR	0			8000	4
1269383605881	1	FR_PRES	0	BLUEBERRY	140	0	0	1973	(0.42259999999999998, 0.58709999999999996, 0)	../fonts/zerothre.ttf	upper
1269383609708	0	DISTRACTOR	0			8000	5
1269383618057	1	FR_PRES	0	CHIPMUNK	304	0	0	958	(0.42259999999999998, 0.58709999999999996, 0)	../fonts/zerothre.ttf	upper
1269383621980	0	DISTRACTOR	0			8000	3
1269383630197	1	FR_PRES	0	RODENT	1204	1	1	1793	(0.57740000000000002, 0.41289999999999999, 1.0)	../fonts/amplitud.ttf	lower
1269383634352	0	DISTRACTOR	0			8000	2
1269383642130	1	FR_PRES	0	OAR	966	1	0	1260	(0.57740000000000002, 0.41289999999999999, 1.0)	../fonts/amplitud.ttf	lower
1269383646315	0	DISTRACTOR	0			8000	4
1269383654012	1	FR_PRES	0	KING	777	1	1	1338	(0.57740000000000002, 0.41289999999999999, 1.0)	../fonts/amplitud.ttf	lower
1269383657912	0	DISTRACTOR	0			8000	3
1269383665969	1	FR_PRES	0	DOLLAR	482	1	0	1405	(0.57740000000000002, 0.41289999999999999, 1.0)	../fonts/amplitud.ttf	lower
1269383669928	0	DISTRACTOR	0			8000	4
1269383677910	1	FR_PRES	0	TOILET	1475	0	-999	3000	(0.42259999999999998, 0.58709999999999996, 0)	../fonts/zerothre.ttf	upper
1269383680934	1	SLOW_MSG
1269383683386	0	DISTRACTOR	0			8000	4
1269383691258	1	FR_PRES	0	CATERPILLAR	259	0	0	1412	(0.42259999999999998, 0.58709999999999996, 0)	../fonts/zerothre.ttf	upper
1269383695174	0	DISTRACTOR	0			8000	1
1269383704009	1	REC_START
1269383791485	0	REST
1269383792984	1	FR_PRES	1	CLOTHES	327	1	0	1215	(0.57740000000000002, 0.41289999999999999, 1.0)	../fonts/amplitud.ttf	lower
1269383796942	1	FR_PRES	1	COMMITTEE	355	1	1	984	(0.57740000000000002, 0.41289999999999999, 1.0)	../fonts/amplitud.ttf	lower
1269383800892	1	FR_PRES	1	TUBE	1516	1	0	922	(0.57740000000000002, 0.41289999999999999, 1.0)	../fonts/amplitud.ttf	lower
1269383804892	1	FR_PRES	1	GAZELLE	628	1	1	1346	(0.57740000000000002, 0.41289999999999999, 1.0)	../fonts/amplitud.ttf	lower
1269383808983	1	FR_PRES	1	ARTICLE	42	1	0	959	(0.57740000000000002, 0.41289999999999999, 1.0)	../fonts/amplitud.ttf	lower
1269383812858	1	FR_PRES	1	MOB	904	1	1	1004	(0.57740000000000002, 0.41289999999999999, 1.0)	../fonts/amplitud.ttf	lower
1269383816799	1	FR_PRES	1	CERAMICS	271	1	1	1304	(0.57740000000000002, 0.41289999999999999, 1.0)	../fonts/amplitud.ttf	lower
1269383820724	1	FR_PRES	1	PARIS	1014	1	0	1291	(0.57740000000000002, 0.41289999999999999, 1.0)	../fonts/amplitud.ttf	lower
1269383824590	1	FR_PRES	1	SANDPAPER	1231	1	0	776	(0.57740000000000002, 0.41289999999999999, 1.0)	../fonts/amplitud.ttf	lower
1269383828690	1	FR_PRES	1	TERMITE	1451	1	1	1060	(0.57740000000000002, 0.41289999999999999, 1.0)	../fonts/amplitud.ttf	lower
1269383832748	1	FR_PRES	1	PLASTER	1085	1	0	1210	(0.57740000000000002, 0.41289999999999999, 1.0)	../fonts/amplitud.ttf	lower
1269383836881	1	FR_PRES	1	WALL	1582	1	0	1581	(0.57740000000000002, 0.41289999999999999, 1.0)	../fonts/amplitud.ttf	lower
1269383840714	1	FR_PRES	1	ALLIGATOR	16	1	1	812	(0.57740000000000002, 0.41289999999999999, 1.0)	../fonts/amplitud.ttf	lower
1269383844531	1	FR_PRES	1	CROCODILE	411	1	1	604	(0.57740000000000002, 0.41289999999999999, 1.0)	../fonts/amplitud.ttf	lower
1269383848672	1	FR_PRES	1	ASIA	46	1	0	1054	(0.57740000000000002, 0.41289999999999999, 1.0)	../fonts/amplitud.ttf	lower
1269383852738	1	FR_PRES	1	PAIL	1002	1	0	900	(0.57740000000000002, 0.41289999999999999, 1.0)	../fonts/amplitud.ttf	lower
1269383856700	0	DISTRACTOR	1			8000	3
1269383865563	1	REC_START
1269383961522	0	REST
1269383963023	1	FR_PRES	2	SENATOR	1268	0	1	1271	(0.42259999999999998, 0.58709999999999996, 0)	../fonts/zerothre.ttf	upper
1269383967081	1	FR_PRES	2	DINNER	468	0	1	1661	(0.42259999999999998, 0.58709999999999996, 0)	../fonts/zerothre.ttf	upper
1269383971014	1	FR_PRES	2	POTTERY	1116	0	0	1153	(0.42259999999999998, 0.58709999999999996, 0)	../fonts/zerothre.ttf	upper
1269383974838	1	FR_PRES	2	PAN	1008	0	0	960	(0.42259999999999998, 0.58709999999999996, 0)	../fonts/zerothre.ttf	upper
1269383978671	1	FR_PRES	2	RAZOR	1171	1	0	1055	(0.57740000000000002, 0.41289999999999999, 1.0)	../fonts/amplitud.ttf	lower
1269383982520	1	FR_PRES	2	MOOSE	915	1	1	1134	(0.57740000000000002, 0.41289999999999999, 1.0)	../fonts/amplitud.ttf	lower
1269383986587	1	FR_PRES	2	ANTLER	29	0	0	1452	(0.42259999999999998, 0.58709999999999996, 0)	../fonts/zerothre.ttf	upper
1269383990512	1	FR_PRES	2	COUNTY	389	0	1	1790	(0.42259999999999998, 0.58709999999999996, 0)	../fonts/zerothre.ttf	upper
1269383994561	1	FR_PRES	2	FOOTBALL	591	0	0	1197	(0.42259999999999998, 0.58709999999999996, 0)	../fonts/zerothre.ttf	upper
1269383998561	1	FR_PRES	2	CEILING	265	0	1	1653	(0.42259999999999998, 0.58709999999999996, 0)	../fonts/zerothre.ttf	upper
1269384002377	1	FR_PRES	2	MAT	877	1	0	1093	(0.57740000000000002, 0.41289999999999999, 1.0)	../fonts/amplitud.ttf	lower
1269384006244	1	FR_PRES	2	ATHLETE	52	1	1	1026	(0.57740000000000002, 0.41289999999999999, 1.0)	../fonts/amplitud.ttf	lower
1269384010061	1	FR_PRES	2	CHIP	303	1	0	962	(0.57740000000000002, 0.41289999999999999, 1.0)	../fonts/amplitud.ttf	lower
1269384013885	1	FR_PRES	2	CUSTARD	429	1	0	913	(0.57740000000000002, 0.41289999999999999, 1.0)	../fonts/amplitud.ttf	lower
1269384017918	1	FR_PRES	2	ROOT	1210	1	0	1024	(0.57740000000000002, 0.41289999999999999, 1.0)	../fonts/amplitud.ttf	lower
1269384022077	1	FR_PRES	2	PRESIDENT	1121	1	1	1185	(0.57740000000000002, 0.41289999999999999, 1.0)	../fonts/amplitud.ttf	lower
1269384025949	0	DISTRACTOR	2			16000	7
1269384042983	1	REC_START
1269384129610	0	REST
1269384131110	1	FR_PRES	3	SLOPE	1328	1	0	969	(0.57740000000000002, 0.41289999999999999, 1.0)	../fonts/amplitud.ttf	lower
1269384135119	1	FR_PRES	3	GIRAFFE	636	1	1	1000	(0.57740000000000002, 0.41289999999999999, 1.0)	../fonts/amplitud.ttf	lower
1269384139226	1	FR_PRES	3	PREDATOR	1120	1	1	1268	(0.57740000000000002, 0.41289999999999999, 1.0)	../fonts/amplitud.ttf	lower
1269384143051	1	FR_PRES	3	SUBURB	1399	1	0	1379	(0.57740000000000002, 0.41289999999999999, 1.0)	../fonts/amplitud.ttf	lower
1269384147233	1	FR_PRES	3	CASKET	255	1	0	934	(0.57740000000000002, 0.41289999999999999, 1.0)	../fonts/amplitud.ttf	lower
1269384151084	1	FR_PRES	3	MOTOR	922	1	0	738	(0.57740000000000002, 0.41289999999999999, 1.0)	../fonts/amplitud.ttf	lower
1269384155050	1	FR_PRES	3	PATROL	1027	1	0	1172	(0.57740000000000002, 0.41289999999999999, 1.0)	../fonts/amplitud.ttf	lower
1269384158858	1	FR_PRES	3	MECHANIC	884	1	0	1253	(0.57740000000000002, 0.41289999999999999, 1.0)	../fonts/amplitud.ttf	lower
1269384162891	1	FR_PRES	3	RACK	1154	1	0	931	(0.57740000000000002, 0.41289999999999999, 1.0)	../fonts/amplitud.ttf	lower
1269384166974	1	FR_PRES	3	GAVEL	627	1	0	776	(0.57740000000000002, 0.41289999999999999, 1.0)	../fonts/amplitud.ttf	lower
1269384170948	1	FR_PRES	3	FRAME	600	1	0	842	(0.57740000000000002, 0.41289999999999999, 1.0)	../fonts/amplitud.ttf	lower
1269384175141	1	FR_PRES	3	NAPKIN	937	1	0	1097	(0.57740000000000002, 0.41289999999999999, 1.0)	../fonts/amplitud.ttf	lower
1269384179165	1	FR_PRES	3	CROSS	413	1	0	954	(0.57740000000000002, 0.41289999999999999, 1.0)	../fonts/amplitud.ttf	lower
1269384183115	1	FR_PRES	3	POPE	1105	1	1	1403	(0.57740000000000002, 0.41289999999999999, 1.0)	../fonts/amplitud.ttf	lower
1269384187031	1	FR_PRES	3	FUNERAL	613	1	0	1607	(0.57740000000000002, 0.41289999999999999, 1.0)	../fonts/amplitud.ttf	lower
1269384191148	1	FR_PRES	3	PAPER	1011	1	0	1019	(0.57740000000000002, 0.41289999999999999, 1.0)	../fonts/amplitud.ttf	lower
1269384195066	0	DISTRACTOR	3			8000	5
1269384204056	1	REC_START
1269384294273	0	REST
1269384295773	0	DISTRACTOR	4			8000	3
1269384303380	1	FR_PRES	4	CONSOLE	364	1	0	1034	(0.57740000000000002, 0.41289999999999999, 1.0)	../fonts/amplitud.ttf	lower
1269384307458	0	DISTRACTOR	4			8000	5
1269384315538	1	FR_PRES	4	ACORN	3	1	1	1172	(0.57740000000000002, 0.41289999999999999, 1.0)	../fonts/amplitud.ttf	lower
1269384319617	0	DISTRACTOR	4			8000	5
1269384327662	1	FR_PRES	4	SIREN	1310	0	0	2000	(0.42259999999999998, 0.58709999999999996, 0)	../fonts/zerothre.ttf	upper
1269384331680	0	DISTRACTOR	4			8000	3
1269384339802	1	FR_PRES	4	RABBIT	1152	0	0	2221	(0.42259999999999998, 0.58709999999999996, 0)	../fonts/zerothre.ttf	upper
1269384343990	0	DISTRACTOR	4			8000	4
1269384352003	1	FR_PRES	4	GUARD	667	0	2	2020	(0.42259999999999998, 0.58709999999999996, 0)	../fonts/zerothre.ttf	upper
1269384354052	1	KEY_MSG
1269384356524	0	DISTRACTOR	4			8000	4
1269384364526	1	FR_PRES	4	COP	376	0	0	1601	(0.42259999999999998, 0.58709999999999996, 0)	../fonts/zerothre.ttf	upper
1269384368465	0	DISTRACTOR	4			8000	5
1269384376700	1	FR_PRES	4	MONUMENT	913	1	0	1395	(0.57740000000000002, 0.41289999999999999, 1.0)	../fonts/amplitud.ttf	lower
1269384380746	0	DISTRACTOR	4			8000	5
1269384388574	1	FR_PRES	4	DISH	474	1	0	1816	(0.57740000000000002, 0.41289999999999999, 1.0)	../fonts/amplitud.ttf	lower
1269384392519	0	DISTRACTOR	4			8000	4
1269384400640	1	FR_PRES	4	DOVE	491	1	1	1102	(0.57740000000000002, 0.41289999999999999, 1.0)	../fonts/amplitud.ttf	lower
1269384404762	0	DISTRACTOR	4			8000	5
1269384412505	1	FR_PRES	4	CARROT	249	1	1	1917	(0.57740000000000002, 0.41289999999999999, 1.0)	../fonts/amplitud.ttf	lower
1269384416343	0	DISTRACTOR	4			8000	1
1269384424680	1	FR_PRES	4	SKUNK	1321	1	1	1838	(0.57740000000000002, 0.41289999999999999, 1.0)	../fonts/amplitud.ttf	lower
1269384428547	0	DISTRACTOR	4			8000	4
1269384436604	1	FR_PRES	4	DEODORANT	448	1	0	1986	(0.57740000000000002, 0.41289999999999999, 1.0)	../fonts/amplitud.ttf	lower
1269384440776	0	DISTRACTOR	4			8000	4
1269384448620	1	FR_PRES	4	GARBAGE	622	0	0	1330	(0.42259999999999998, 0.58709999999999996, 0)	../fonts/zerothre.ttf	upper
1269384452475	0	DISTRACTOR	4			8000	4
1269384460560	1	FR_PRES	4	NEWSPAPER	948	0	0	2022	(0.42259999999999998, 0.58709999999999996, 0)	../fonts/zerothre.ttf	upper
1269384464492	0	DISTRACTOR	4			8000	5
1269384472551	1	FR_PRES	4	BEAVER	109	0	1	1111	(0.42259999999999998, 0.58709999999999996, 0)	../fonts/zerothre.ttf	upper
1269384476486	0	DISTRACTOR	4			8000	6
1269384484683	1	FR_PRES	4	UNIFORM	1539	0	1	2219	(0.42259999999999998, 0.58709999999999996, 0)	../fonts/zerothre.ttf	upper
1269384488576	0	DISTRACTOR	4			8000	4
1269384497550	1	REC_START
1269384588551	0	REST
1269384590052	1	FR_PRES	5	MEAL	882	0	0	842	(0.42259999999999998, 0.58709999999999996, 0)	../fonts/zerothre.ttf	upper
1269384594076	1	FR_PRES	5	SIBLING	1301	0	1	1115	(0.42259999999999998, 0.58709999999999996, 0)	../fonts/zerothre.ttf	upper
1269384598076	1	FR_PRES	5	FLASHLIGHT	575	0	0	1682	(0.42259999999999998, 0.58709999999999996, 0)	../fonts/zerothre.ttf	upper
1269384602176	1	FR_PRES	5	ICE	730	0	0	1590	(0.42259999999999998, 0.58709999999999996, 0)	../fonts/zerothre.ttf	upper
1269384606092	1	FR_PRES	5	FREEZER	604	0	0	2099	(0.42259999999999998, 0.58709999999999996, 0)	../fonts/zerothre.ttf	upper
1269384610092	1	FR_PRES	5	STEWARDESS	1381	0	1	1890	(0.42259999999999998, 0.58709999999999996, 0)	../fonts/zerothre.ttf	upper
1269384613907	1	FR_PRES	5	MARINE	869	0	0	1435	(0.42259999999999998, 0.58709999999999996, 0)	../fonts/zerothre.ttf	upper
1269384617940	1	FR_PRES	5	KNOB	787	0	0	898	(0.42259999999999998, 0.58709999999999996, 0)	../fonts/zerothre.ttf	upper
1269384621840	1	FR_PRES	5	GATE	625	0	1	1510	(0.42259999999999998, 0.58709999999999996, 0)	../fonts/zerothre.ttf	upper
1269384625740	1	FR_PRES	5	TOWER	1490	0	1	1106	(0.42259999999999998, 0.58709999999999996, 0)	../fonts/zerothre.ttf	upper
1269384629606	1	FR_PRES	5	RECIPE	1175	0	0	1280	(0.42259999999999998, 0.58709999999999996, 0)	../fonts/zerothre.ttf	upper
1269384633756	1	FR_PRES	5	AUTHOR	61	0	1	1658	(0.42259999999999998, 0.58709999999999996, 0)	../fonts/zerothre.ttf	upper
1269384637664	1	FR_PRES	5	PUDDLE	1140	0	0	1126	(0.42259999999999998, 0.58709999999999996, 0)	../fonts/zerothre.ttf	upper
1269384641614	1	FR_PRES	5	SISTER	1312	0	1	1072	(0.42259999999999998, 0.58709999999999996, 0)	../fonts/zerothre.ttf	upper
1269384645447	1	FR_PRES	5	STAIRS	1367	0	1	911	(0.42259999999999998, 0.58709999999999996, 0)	../fonts/zerothre.ttf	upper
1269384649521	1	FR_PRES	5	CABIN	211	0	1	1285	(0.42259999999999998, 0.58709999999999996, 0)	../fonts/zerothre.ttf	upper
1269384655597	1	REC_START
1269384739007	0	REST
1269384740507	0	DISTRACTOR	6			16000	7
1269384756115	1	FR_PRES	6	CART	250	0	0	1579	(0.42259999999999998, 0.58709999999999996, 0)	../fonts/zerothre.ttf	upper
1269384760104	0	DISTRACTOR	6			16000	10
1269384776212	1	FR_PRES	6	BOX	159	0	0	1090	(0.42259999999999998, 0.58709999999999996, 0)	../fonts/zerothre.ttf	upper
1269384780389	0	DISTRACTOR	6			16000	10
1269384796128	1	FR_PRES	6	CARTON	251	0	0	1390	(0.42259999999999998, 0.58709999999999996, 0)	../fonts/zerothre.ttf	upper
1269384800011	0	DISTRACTOR	6			16000	7
1269384816276	1	FR_PRES	6	WAITER	1580	0	1	1402	(0.42259999999999998, 0.58709999999999996, 0)	../fonts/zerothre.ttf	upper
1269384820197	0	DISTRACTOR	6			16000	7
1269384836241	1	FR_PRES	6	SERVER	1272	0	1	2029	(0.42259999999999998, 0.58709999999999996, 0)	../fonts/zerothre.ttf	upper
1269384840406	0	DISTRACTOR	6			16000	10
1269384856273	1	FR_PRES	6	SPONGE	1355	0	0	1005	(0.42259999999999998, 0.58709999999999996, 0)	../fonts/zerothre.ttf	upper
1269384860161	0	DISTRACTOR	6			16000	10
1269384876396	1	FR_PRES	6	HAYSTACK	694	0	1	1298	(0.42259999999999998, 0.58709999999999996, 0)	../fonts/zerothre.ttf	upper
1269384880372	0	DISTRACTOR	6			16000	9
1269384896495	1	FR_PRES	6	SWITCH	1422	0	0	1871	(0.42259999999999998, 0.58709999999999996, 0)	../fonts/zerothre.ttf	upper
1269384900633	0	DISTRACTOR	6			16000	8
1269384916335	1	FR_PRES	6	SKILLET	1317	0	0	1407	(0.42259999999999998, 0.58709999999999996, 0)	../fonts/zerothre.ttf	upper
1269384920311	0	DISTRACTOR	6			16000	9
1269384936392	1	FR_PRES	6	GALLON	618	0	1	1390	(0.42259999999999998, 0.58709999999999996, 0)	../fonts/zerothre.ttf	upper
1269384940551	0	DISTRACTOR	6			16000	8
1269384956524	1	FR_PRES	6	COMEDIAN	352	0	1	2250	(0.42259999999999998, 0.58709999999999996, 0)	../fonts/zerothre.ttf	upper
1269384960392	0	DISTRACTOR	6			16000	7
1269384976547	1	FR_PRES	6	SOLDIER	1344	0	0	1083	(0.42259999999999998, 0.58709999999999996, 0)	../fonts/zerothre.ttf	upper
1269384980412	0	DISTRACTOR	6			16000	10
1269384996404	1	FR_PRES	6	CHAPEL	280	0	1	1771	(0.42259999999999998, 0.58709999999999996, 0)	../fonts/zerothre.ttf	upper
1269385000607	0	DISTRACTOR	6			16000	6
1269385016594	1	FR_PRES	6	GODDESS	646	0	1	1300	(0.42259999999999998, 0.58709999999999996, 0)	../fonts/zerothre.ttf	upper
1269385020596	0	DISTRACTOR	6			16000	10
1269385036710	1	FR_PRES	6	VETERAN	1561	0	0	1216	(0.42259999999999998, 0.58709999999999996, 0)	../fonts/zerothre.ttf	upper
1269385040709	0	DISTRACTOR	6			16000	9
1269385056558	1	FR_PRES	6	PONY	1102	0	0	912	(0.42259999999999998, 0.58709999999999996, 0)	../fonts/zerothre.ttf	upper
1269385060476	0	DISTRACTOR	6			16000	10
1269385077465	1	REC_START
1269385160751	0	REST
1269385162250	0	DISTRACTOR	7			8000	3
1269385169725	1	FR_PRES	7	DUST	508	0	0	857	(0.42259999999999998, 0.58709999999999996, 0)	../fonts/zerothre.ttf	upper
1269385173791	0	DISTRACTOR	7			8000	4
1269385181566	1	FR_PRES	7	CHIMNEY	301	0	1	1104	(0.42259999999999998, 0.58709999999999996, 0)	../fonts/zerothre.ttf	upper
1269385185499	0	DISTRACTOR	7			8000	5
1269385193631	1	FR_PRES	7	SWIMMER	1420	1	1	1255	(0.57740000000000002, 0.41289999999999999, 1.0)	../fonts/amplitud.ttf	lower
1269385197540	0	DISTRACTOR	7			8000	4
1269385205555	1	FR_PRES	7	STEAM	1375	1	0	1516	(0.57740000000000002, 0.41289999999999999, 1.0)	../fonts/amplitud.ttf	lower
1269385209597	0	DISTRACTOR	7			8000	5
1269385217680	1	FR_PRES	7	TICKET	1464	1	0	854	(0.57740000000000002, 0.41289999999999999, 1.0)	../fonts/amplitud.ttf	lower
1269385221658	0	DISTRACTOR	7			8000	5
1269385229554	1	FR_PRES	7	SIDING	1304	1	0	1180	(0.57740000000000002, 0.41289999999999999, 1.0)	../fonts/amplitud.ttf	lower
1269385233647	0	DISTRACTOR	7			8000	4
1269385241628	1	FR_PRES	7	ACTRESS	6	0	1	1218	(0.42259999999999998, 0.58709999999999996, 0)	../fonts/zerothre.ttf	upper
1269385245562	0	DISTRACTOR	7			8000	4
1269385253677	1	FR_PRES	7	SKATE	1313	0	0	1929	(0.42259999999999998, 0.58709999999999996, 0)	../fonts/zerothre.ttf	upper
1269385257654	0	DISTRACTOR	7			8000	3
1269385265734	1	FR_PRES	7	PAD	998	1	0	1152	(0.57740000000000002, 0.41289999999999999, 1.0)	../fonts/amplitud.ttf	lower
1269385269922	0	DISTRACTOR	7			8000	5
1269385277684	1	FR_PRES	7	SCROLL	1257	1	0	1706	(0.57740000000000002, 0.41289999999999999, 1.0)	../fonts/amplitud.ttf	lower
1269385281594	0	DISTRACTOR	7			8000	4
1269385289874	1	FR_PRES	7	JUGGLER	763	1	1	988	(0.57740000000000002, 0.41289999999999999, 1.0)	../fonts/amplitud.ttf	lower
1269385293689	0	DISTRACTOR	7			8000	4
1269385301715	1	FR_PRES	7	VILLAGE	1566	1	0	1195	(0.57740000000000002, 0.41289999999999999, 1.0)	../fonts/amplitud.ttf	lower
1269385305617	0	DISTRACTOR	7			8000	1
1269385313572	1	FR_PRES	7	TURTLE	1522	0	1	1346	(0.42259999999999998, 0.58709999999999996, 0)	../fonts/zerothre.ttf	upper
1269385317525	0	DISTRACTOR	7			8000	4
1269385325538	1	FR_PRES	7	EMPLOYER	532	0	0	1004	(0.42259999999999998, 0.58709999999999996, 0)	../fonts/zerothre.ttf	upper
1269385329615	0	DISTRACTOR	7			8000	5
1269385337596	1	FR_PRES	7	SPACE	1345	0	1	1411	(0.42259999999999998, 0.58709999999999996, 0)	../fonts/zerothre.ttf	upper
1269385341621	0	DISTRACTOR	7			8000	3
1269385349653	1	FR_PRES	7	BLACKBOARD	133	0	0	1498	(0.42259999999999998, 0.58709999999999996, 0)	../fonts/zerothre.ttf	upper
1269385353465	0	DISTRACTOR	7			8000	4
1269385362478	1	REC_START
1269385459138	0	REST
1269385460645	1	FR_PRES	8	ROCKET	1202	0	1	1145	(0.42259999999999998, 0.58709999999999996, 0)	../fonts/zerothre.ttf	upper
1269385464811	1	FR_PRES	8	BOMB	147	0	1	1123	(0.42259999999999998, 0.58709999999999996, 0)	../fonts/zerothre.ttf	upper
1269385469012	1	FR_PRES	8	DOUGHNUT	490	0	0	818	(0.42259999999999998, 0.58709999999999996, 0)	../fonts/zerothre.ttf	upper
1269385473120	1	FR_PRES	8	PIT	1077	0	0	862	(0.42259999999999998, 0.58709999999999996, 0)	../fonts/zerothre.ttf	upper
1269385476977	1	FR_PRES	8	BAIT	70	0	0	1158	(0.42259999999999998, 0.58709999999999996, 0)	../fonts/zerothre.ttf	upper
1269385481095	1	FR_PRES	8	HOOK	715	0	0	1391	(0.42259999999999998, 0.58709999999999996, 0)	../fonts/zerothre.ttf	upper
1269385485194	1	FR_PRES	8	ATTIRE	57	0	1	1596	(0.42259999999999998, 0.58709999999999996, 0)	../fonts/zerothre.ttf	upper
1269385489260	1	FR_PRES	8	BRANDY	169	0	0	1835	(0.42259999999999998, 0.58709999999999996, 0)	../fonts/zerothre.ttf	upper
1269385493476	1	FR_PRES	8	COOLER	375	0	0	1194	(0.42259999999999998, 0.58709999999999996, 0)	../fonts/zerothre.ttf	upper
1269385497409	1	FR_PRES	8	MOON	914	0	1	1077	(0.42259999999999998, 0.58709999999999996, 0)	../fonts/zerothre.ttf	upper
1269385501225	1	FR_PRES	8	LUMBER	848	0	1	1165	(0.42259999999999998, 0.58709999999999996, 0)	../fonts/zerothre.ttf	upper
1269385505159	1	FR_PRES	8	WHIP	1604	0	1	1495	(0.42259999999999998, 0.58709999999999996, 0)	../fonts/zerothre.ttf	upper
1269385509192	1	FR_PRES	8	STAR	1373	0	1	1054	(0.42259999999999998, 0.58709999999999996, 0)	../fonts/zerothre.ttf	upper
1269385513059	1	FR_PRES	8	GUARDIAN	668	0	1	1195	(0.42259999999999998, 0.58709999999999996, 0)	../fonts/zerothre.ttf	upper
1269385517092	1	FR_PRES	8	MOTH	920	0	0	866	(0.42259999999999998, 0.58709999999999996, 0)	../fonts/zerothre.ttf	upper
1269385521008	1	FR_PRES	8	DRINK	498	0	0	1414	(0.42259999999999998, 0.58709999999999996, 0)	../fonts/zerothre.ttf	upper
1269385526582	1	REC_START
1269385613068	0	REST
1269385614568	0	DISTRACTOR	9			16000	9
1269385630084	1	FR_PRES	9	SNOB	1335	1	1	1258	(0.57740000000000002, 0.41289999999999999, 1.0)	../fonts/amplitud.ttf	lower
1269385633914	0	DISTRACTOR	9			16000	9
1269385650065	1	FR_PRES	9	WRIST	1626	1	0	1621	(0.57740000000000002, 0.41289999999999999, 1.0)	../fonts/amplitud.ttf	lower
1269385654089	0	DISTRACTOR	9			16000	9
1269385669955	1	FR_PRES	9	YOUTH	1634	1	1	1723	(0.57740000000000002, 0.41289999999999999, 1.0)	../fonts/amplitud.ttf	lower
1269385673818	0	DISTRACTOR	9			16000	8
1269385690029	1	FR_PRES	9	BLUEJAY	141	1	1	1625	(0.57740000000000002, 0.41289999999999999, 1.0)	../fonts/amplitud.ttf	lower
1269385694203	0	DISTRACTOR	9			16000	7
1269385709952	1	FR_PRES	9	PATH	1023	1	0	1103	(0.57740000000000002, 0.41289999999999999, 1.0)	../fonts/amplitud.ttf	lower
1269385714079	0	DISTRACTOR	9			16000	6
1269385729992	1	FR_PRES	9	BEAKER	104	0	0	1822	(0.42259999999999998, 0.58709999999999996, 0)	../fonts/zerothre.ttf	upper
1269385734137	0	DISTRACTOR	9			16000	7
1269385750066	1	FR_PRES	9	SEAFOOD	1260	0	1	1892	(0.42259999999999998, 0.58709999999999996, 0)	../fonts/zerothre.ttf	upper
1269385754152	0	DISTRACTOR	9			16000	10
1269385770098	1	FR_PRES	9	MERMAID	887	0	1	2172	(0.42259999999999998, 0.58709999999999996, 0)	../fonts/zerothre.ttf	upper
1269385774150	0	DISTRACTOR	9			16000	7
1269385790229	1	FR_PRES	9	ROOSTER	1209	0	1	1361	(0.42259999999999998, 0.58709999999999996, 0)	../fonts/zerothre.ttf	upper
1269385794372	0	DISTRACTOR	9			16000	8
1269385810120	1	FR_PRES	9	PAVEMENT	1028	1	0	1822	(0.57740000000000002, 0.41289999999999999, 1.0)	../fonts/amplitud.ttf	lower
1269385814089	0	DISTRACTOR	9			16000	10
1269385830027	1	FR_PRES	9	ANKLE	24	1	1	971	(0.57740000000000002, 0.41289999999999999, 1.0)	../fonts/amplitud.ttf	lower
1269385834032	0	DISTRACTOR	9			16000	7
1269385849891	1	FR_PRES	9	PENGUIN	1044	1	1	1236	(0.57740000000000002, 0.41289999999999999, 1.0)	../fonts/amplitud.ttf	lower
1269385854073	0	DISTRACTOR	9			16000	9
1269385869732	1	FR_PRES	9	FARM	552	0	1	1642	(0.42259999999999998, 0.58709999999999996, 0)	../fonts/zerothre.ttf	upper
1269385873569	0	DISTRACTOR	9			16000	9
1269385889930	1	FR_PRES	9	RACCOON	1153	0	1	1101	(0.42259999999999998, 0.58709999999999996, 0)	../fonts/zerothre.ttf	upper
1269385894132	0	DISTRACTOR	9			16000	8
1269385909795	1	FR_PRES	9	SALAD	1224	0	0	1811	(0.42259999999999998, 0.58709999999999996, 0)	../fonts/zerothre.ttf	upper
1269385913636	0	DISTRACTOR	9			16000	7
1269385929752	1	FR_PRES	9	LIVER	833	0	1	1407	(0.42259999999999998, 0.58709999999999996, 0)	../fonts/zerothre.ttf	upper
1269385933851	0	DISTRACTOR	9			16000	10
1269385950584	1	REC_START
1269386036569	0	REST
1269386038070	1	FR_PRES	10	BUSH	202	1	1	1216	(0.57740000000000002, 0.41289999999999999, 1.0)	../fonts/amplitud.ttf	lower
1269386041944	1	FR_PRES	10	SPOON	1357	1	0	815	(0.57740000000000002, 0.41289999999999999, 1.0)	../fonts/amplitud.ttf	lower
1269386046003	1	FR_PRES	10	PISTON	1076	1	0	1499	(0.57740000000000002, 0.41289999999999999, 1.0)	../fonts/amplitud.ttf	lower
1269386049852	1	FR_PRES	10	BALLOON	75	1	0	1211	(0.57740000000000002, 0.41289999999999999, 1.0)	../fonts/amplitud.ttf	lower
1269386053710	1	FR_PRES	10	DAD	433	1	1	953	(0.57740000000000002, 0.41289999999999999, 1.0)	../fonts/amplitud.ttf	lower
1269386057651	1	FR_PRES	10	BEAR	106	1	1	1060	(0.57740000000000002, 0.41289999999999999, 1.0)	../fonts/amplitud.ttf	lower
1269386061759	1	FR_PRES	10	PRIEST	1122	1	1	991	(0.57740000000000002, 0.41289999999999999, 1.0)	../fonts/amplitud.ttf	lower
1269386065925	1	FR_PRES	10	CITY	314	1	0	1234	(0.57740000000000002, 0.41289999999999999, 1.0)	../fonts/amplitud.ttf	lower
1269386069900	1	FR_PRES	10	CELERY	266	1	1	1244	(0.57740000000000002, 0.41289999999999999, 1.0)	../fonts/amplitud.ttf	lower
1269386073775	1	FR_PRES	10	CABBAGE	210	1	1	751	(0.57740000000000002, 0.41289999999999999, 1.0)	../fonts/amplitud.ttf	lower
1269386077700	1	FR_PRES	10	NAVIGATOR	938	1	0	787	(0.57740000000000002, 0.41289999999999999, 1.0)	../fonts/amplitud.ttf	lower
1269386081641	1	FR_PRES	10	VESSEL	1558	1	0	1733	(0.57740000000000002, 0.41289999999999999, 1.0)	../fonts/amplitud.ttf	lower
1269386085557	1	FR_PRES	10	POSSUM	1112	1	1	1057	(0.57740000000000002, 0.41289999999999999, 1.0)	../fonts/amplitud.ttf	lower
1269386089490	1	FR_PRES	10	SOCIETY	1338	1	0	1196	(0.57740000000000002, 0.41289999999999999, 1.0)	../fonts/amplitud.ttf	lower
1269386093365	1	FR_PRES	10	DRIVER	499	1	1	946	(0.57740000000000002, 0.41289999999999999, 1.0)	../fonts/amplitud.ttf	lower
1269386097406	1	FR_PRES	10	TEMPLE	1448	1	0	1097	(0.57740000000000002, 0.41289999999999999, 1.0)	../fonts/amplitud.ttf	lower
1269386101537	0	DISTRACTOR	10			8000	4
1269386110149	1	REC_START
1269386193924	0	REST
1269386195433	1	FR_PRES	11	CEREAL	272	1	0	813	(0.57740000000000002, 0.41289999999999999, 1.0)	../fonts/amplitud.ttf	lower
1269386199374	1	FR_PRES	11	TEAM	1441	1	0	1208	(0.57740000000000002, 0.41289999999999999, 1.0)	../fonts/amplitud.ttf	lower
1269386203299	1	FR_PRES	11	BASEBALL	93	1	0	1331	(0.57740000000000002, 0.41289999999999999, 1.0)	../fonts/amplitud.ttf	lower
1269386207373	1	FR_PRES	11	GUM	672	0	0	1625	(0.42259999999999998, 0.58709999999999996, 0)	../fonts/zerothre.ttf	upper
1269386211556	1	FR_PRES	11	POSTAGE	1113	0	0	1698	(0.42259999999999998, 0.58709999999999996, 0)	../fonts/zerothre.ttf	upper
1269386215389	1	FR_PRES	11	SLUG	1329	0	0	1561	(0.42259999999999998, 0.58709999999999996, 0)	../fonts/zerothre.ttf	upper
1269386219589	1	FR_PRES	11	PELT	1040	0	0	1809	(0.42259999999999998, 0.58709999999999996, 0)	../fonts/zerothre.ttf	upper
1269386223730	1	FR_PRES	11	SUPPER	1411	1	0	1301	(0.57740000000000002, 0.41289999999999999, 1.0)	../fonts/amplitud.ttf	lower
1269386227847	1	FR_PRES	11	TWIN	1528	1	1	1185	(0.57740000000000002, 0.41289999999999999, 1.0)	../fonts/amplitud.ttf	lower
1269386231888	1	FR_PRES	11	TUXEDO	1525	1	0	1175	(0.57740000000000002, 0.41289999999999999, 1.0)	../fonts/amplitud.ttf	lower
1269386235821	1	FR_PRES	11	CREW	406	0	0	1657	(0.42259999999999998, 0.58709999999999996, 0)	../fonts/zerothre.ttf	upper
1269386239696	1	FR_PRES	11	MILK	895	0	0	1327	(0.42259999999999998, 0.58709999999999996, 0)	../fonts/zerothre.ttf	upper
1269386243854	1	FR_PRES	11	COOKBOOK	373	0	0	1601	(0.42259999999999998, 0.58709999999999996, 0)	../fonts/zerothre.ttf	upper
1269386247704	1	FR_PRES	11	TOOTHBRUSH	1482	0	0	2336	(0.42259999999999998, 0.58709999999999996, 0)	../fonts/zerothre.ttf	upper
1269386251753	1	FR_PRES	11	FRIEND	606	1	1	910	(0.57740000000000002, 0.41289999999999999, 1.0)	../fonts/amplitud.ttf	lower
1269386255820	1	FR_PRES	11	BOYFRIEND	162	1	1	955	(0.57740000000000002, 0.41289999999999999, 1.0)	../fonts/amplitud.ttf	lower
1269386259938	0	DISTRACTOR	11			16000	7
1269386276694	1	REC_START
1269386352279	1	REST_REWET
1269386711895	0	MATH_TOTAL_SCORE	513
1269386724335	0	FFR_START
1269386729969	1	REC_START
1269387062012	0	RECOG_START
1269387062012	1	REC_START
1269387062045	0	RECOG_PRES	0	BAIT	70	-999	P	1322
1269387063735	0	RECOG_CR_PRES	0	BAIT	70	-999	P	1088
1269387065153	1	RECOG_FEEDBACK	1
1269387065893	0	RECOG_PRES	0	GUARDIAN	668	-999	P	866
1269387067153	0	RECOG_CR_PRES	0	GUARDIAN	668	-999	P	782
1269387068260	1	RECOG_FEEDBACK	1
1269387068976	0	RECOG_PRES	0	FRIEND	606	-999	P	767
1269387070111	0	RECOG_CR_PRES	0	FRIEND	606	-999	P	480
1269387070901	1	RECOG_FEEDBACK	1
1269387071635	0	RECOG_PRES	0	DOVE	491	-999	P	772
1269387072776	0	RECOG_CR_PRES	0	DOVE	491	-999	P	519
1269387073601	1	RECOG_FEEDBACK	1
1269387074351	0	RECOG_PRES	0	SKILLET	1317	-999	P	1184
1269387075909	0	RECOG_CR_PRES	0	SKILLET	1317	-999	P	602
1269387076876	1	RECOG_FEEDBACK	1
1269387077684	0	RECOG_PRES	0	SKATE	1313	-999	P	763
1269387078818	0	RECOG_CR_PRES	0	SKATE	1313	-999	P	613
1269387079734	1	RECOG_FEEDBACK	1
1269387080476	0	RECOG_PRES	0	COFFEE	341	-999	P	2915
1269387083767	0	RECOG_CR_PRES	0	COFFEE	341	-999	P	1088
1269387085334	1	RECOG_FEEDBACK	1
1269387086110	0	RECOG_PRES	0	CONSOLE	364	-999	P	978
1269387087459	0	RECOG_CR_PRES	0	CONSOLE	364	-999	P	629
1269387088392	1	RECOG_FEEDBACK	1
1269387089176	0	RECOG_PRES	0	SUPPER	1411	-999	P	823
1269387090408	0	RECOG_CR_PRES	0	SUPPER	1411	-999	P	895
1269387091617	1	RECOG_FEEDBACK	1
1269387092425	0	RECOG_PRES	0	PAIL	1002	-999	P	1358
1269387094151	0	RECOG_CR_PRES	0	PAIL	1002	-999	P	472
1269387094950	1	RECOG_FEEDBACK	1
1269387095733	0	RECOG_PRES	0	PLUM	1090	-999	P	738
1269387096841	0	RECOG_CR_PRES	0	PLUM	1090	-999	P	446
1269387097599	1	RECOG_FEEDBACK	1
1269387098341	0	RECOG_PRES	0	GUM	672	-999	P	707
1269387099416	0	RECOG_CR_PRES	0	GUM	672	-999	P	559
1269387100308	1	RECOG_FEEDBACK	1
1269387101059	0	RECOG_PRES	0	SIREN	1310	-999	P	1476
1269387102907	0	RECOG_CR_PRES	0	SIREN	1310	-999	P	476
1269387103741	1	RECOG_FEEDBACK	1
1269387104541	0	RECOG_PRES	0	GATE	625	-999	P	762
1269387105674	0	RECOG_CR_PRES	0	GATE	625	-999	P	565
1269387106540	1	RECOG_FEEDBACK	1
1269387107249	0	RECOG_PRES	0	PALACE	1006	-999	P	974
1269387108599	0	RECOG_CR_PRES	0	PALACE	1006	-999	P	1024
1269387109932	1	RECOG_FEEDBACK	1
1269387110682	0	RECOG_PRES	0	EMPLOYER	532	-999	P	837
1269387111890	0	RECOG_CR_PRES	0	EMPLOYER	532	-999	P	573
1269387112773	1	RECOG_FEEDBACK	1
1269387113523	0	RECOG_PRES	0	ROCKET	1202	-999	P	740
1269387114631	0	RECOG_CR_PRES	0	ROCKET	1202	-999	P	545
1269387115498	1	RECOG_FEEDBACK	1
1269387116281	0	RECOG_PRES	0	SWEATER	1419	-999	P	847
1269387117498	0	RECOG_CR_PRES	0	SWEATER	1419	-999	P	453
1269387118248	1	RECOG_FEEDBACK	1
1269387119057	0	RECOG_PRES	0	POSSUM	1112	-999	P	670
1269387120090	0	RECOG_CR_PRES	0	POSSUM	1112	-999	P	461
1269387120889	1	RECOG_FEEDBACK	1
1269387121606	0	RECOG_PRES	0	PREDATOR	1120	-999	P	873
1269387122848	0	RECOG_CR_PRES	0	PREDATOR	1120	-999	P	527
1269387123714	1	RECOG_FEEDBACK	1
1269387125531	0	REST
1269387126591	1	REC_START
1269387126622	0	RECOG_PRES	1	TWIN	1528	-999	P	769
1269387127764	0	RECOG_CR_PRES	1	TWIN	1528	-999	P	467
1269387128547	1	RECOG_FEEDBACK	1
1269387129297	0	RECOG_PRES	1	GUARD	667	-999	P	686
1269387130355	0	RECOG_CR_PRES	1	GUARD	667	-999	P	484
1269387131165	1	RECOG_FEEDBACK	1
1269387131930	0	RECOG_PRES	1	CELERY	266	-999	P	549
1269387132847	0	RECOG_CR_PRES	1	CELERY	266	-999	P	560
1269387133730	1	RECOG_FEEDBACK	1
1269387134505	0	RECOG_PRES	1	BALLOON	75	-999	P	622
1269387135505	0	RECOG_CR_PRES	1	BALLOON	75	-999	P	462
1269387136280	1	RECOG_FEEDBACK	1
1269387137073	0	RECOG_PRES	1	RAM	1165	-999	P	2486
1269387139930	0	RECOG_CR_PRES	1	RAM	1165	-999	P	597
1269387140896	1	RECOG_FEEDBACK	1
1269387141688	0	RECOG_PRES	1	KITCHEN	778	-999	P	2496
1269387144554	0	RECOG_CR_PRES	1	KITCHEN	778	-999	P	429
1269387145321	1	RECOG_FEEDBACK	1
1269387146088	0	RECOG_PRES	1	CARROT	249	-999	P	775
1269387147237	0	RECOG_CR_PRES	1	CARROT	249	-999	P	442
1269387147979	1	RECOG_FEEDBACK	1
1269387148762	0	RECOG_PRES	1	SOLDIER	1344	-999	P	645
1269387149779	0	RECOG_CR_PRES	1	SOLDIER	1344	-999	P	421
1269387150495	1	RECOG_FEEDBACK	1
1269387151229	0	RECOG_PRES	1	SATURN	1236	-999	P	1330
1269387152929	0	RECOG_CR_PRES	1	SATURN	1236	-999	P	637
1269387153912	1	RECOG_FEEDBACK	1
1269387154645	0	RECOG_PRES	1	FLY	586	-999	P	1018
1269387156029	0	RECOG_CR_PRES	1	FLY	586	-999	P	778
1269387157088	1	RECOG_FEEDBACK	1
1269387157912	0	RECOG_PRES	1	SIDING	1304	-999	P	927
1269387159204	0	RECOG_CR_PRES	1	SIDING	1304	-999	P	411
1269387159928	1	RECOG_FEEDBACK	1
1269387160728	0	RECOG_PRES	1	CERAMICS	271	-999	P	783
1269387161886	0	RECOG_CR_PRES	1	CERAMICS	271	-999	P	521
1269387162720	1	RECOG_FEEDBACK	1
1269387163528	0	RECOG_PRES	1	PONY	1102	-999	P	1247
1269387165137	0	RECOG_CR_PRES	1	PONY	1102	-999	P	651
1269387166162	1	RECOG_FEEDBACK	0
1269387166944	0	RECOG_PRES	1	WAGON	1578	-999	P	1375
1269387168694	0	RECOG_CR_PRES	1	WAGON	1578	-999	P	641
1269387169702	1	RECOG_FEEDBACK	1
1269387170419	0	RECOG_PRES	1	MEAL	882	-999	P	940
1269387171727	0	RECOG_CR_PRES	1	MEAL	882	-999	P	441
1269387172511	1	RECOG_FEEDBACK	1
1269387173277	0	RECOG_PRES	1	TROPHY	1509	-999	P	1186
1269387174835	0	RECOG_CR_PRES	1	TROPHY	1509	-999	P	588
1269387175752	1	RECOG_FEEDBACK	1
1269387176485	0	RECOG_PRES	1	TEAM	1441	-999	P	1282
1269387178128	0	RECOG_CR_PRES	1	TEAM	1441	-999	P	503
1269387178960	1	RECOG_FEEDBACK	0
1269387179727	0	RECOG_PRES	1	SKUNK	1321	-999	P	976
1269387181069	0	RECOG_CR_PRES	1	SKUNK	1321	-999	P	554
1269387181935	1	RECOG_FEEDBACK	1
1269387182726	0	RECOG_PRES	1	PUDDLE	1140	-999	P	889
1269387183976	0	RECOG_CR_PRES	1	PUDDLE	1140	-999	P	487
1269387184793	1	RECOG_FEEDBACK	1
1269387185593	0	RECOG_PRES	1	SCROLL	1257	-999	P	790
1269387186751	0	RECOG_CR_PRES	1	SCROLL	1257	-999	P	377
1269387187443	1	RECOG_FEEDBACK	1
1269387188851	0	REST
1269387189976	1	REC_START
1269387190010	0	RECOG_PRES	2	ICE	730	-999	P	1014
1269387191393	0	RECOG_CR_PRES	2	ICE	730	-999	P	486
1269387192217	1	RECOG_FEEDBACK	1
1269387192967	0	RECOG_PRES	2	CROSS	413	-999	P	744
1269387194077	0	RECOG_CR_PRES	2	CROSS	413	-999	P	570
1269387194984	1	RECOG_FEEDBACK	1
1269387195792	0	RECOG_PRES	2	GIRAFFE	636	-999	P	1095
1269387197259	0	RECOG_CR_PRES	2	GIRAFFE	636	-999	P	548
1269387198168	1	RECOG_FEEDBACK	1
1269387198892	0	RECOG_PRES	2	SWIMMER	1420	-999	P	859
1269387200118	0	RECOG_CR_PRES	2	SWIMMER	1420	-999	P	553
1269387201009	1	RECOG_FEEDBACK	1
1269387201725	0	RECOG_PRES	2	NAVIGATOR	938	-999	P	1122
1269387203209	0	RECOG_CR_PRES	2	NAVIGATOR	938	-999	P	686
1269387204275	1	RECOG_FEEDBACK	1
1269387205000	0	RECOG_PRES	2	MAT	877	-999	P	1391
1269387206766	0	RECOG_CR_PRES	2	MAT	877	-999	P	394
1269387207541	1	RECOG_FEEDBACK	1
1269387208341	0	RECOG_PRES	2	MARINE	869	-999	P	787
1269387209499	0	RECOG_CR_PRES	2	MARINE	869	-999	P	396
1269387210224	1	RECOG_FEEDBACK	1
1269387211025	0	RECOG_PRES	2	MOB	904	-999	P	798
1269387212192	0	RECOG_CR_PRES	2	MOB	904	-999	P	735
1269387213258	1	RECOG_FEEDBACK	1
1269387213991	0	RECOG_PRES	2	CEILING	265	-999	P	1057
1269387215416	0	RECOG_CR_PRES	2	CEILING	265	-999	P	592
1269387216391	1	RECOG_FEEDBACK	1
1269387217192	0	RECOG_PRES	2	POSTAGE	1113	-999	P	968
1269387218532	0	RECOG_CR_PRES	2	POSTAGE	1113	-999	P	612
1269387219507	1	RECOG_FEEDBACK	1
1269387220307	0	RECOG_PRES	2	ALLIGATOR	16	-999	P	1741
1269387222415	0	RECOG_CR_PRES	2	ALLIGATOR	16	-999	P	560
1269387223532	1	RECOG_FEEDBACK	1
1269387224340	0	RECOG_PRES	2	BRAIN	165	-999	P	1011
1269387225723	0	RECOG_CR_PRES	2	BRAIN	165	-999	P	636
1269387226715	1	RECOG_FEEDBACK	1
1269387227507	0	RECOG_PRES	2	LOOP	844	-999	P	892
1269387228773	0	RECOG_CR_PRES	2	LOOP	844	-999	P	602
1269387229756	1	RECOG_FEEDBACK	1
1269387230523	0	RECOG_PRES	2	HURRICANE	727	-999	P	833
1269387231756	0	RECOG_CR_PRES	2	HURRICANE	727	-999	P	579
1269387232698	1	RECOG_FEEDBACK	1
1269387233473	0	RECOG_PRES	2	BASEBALL	93	-999	P	1262
1269387235099	0	RECOG_CR_PRES	2	BASEBALL	93	-999	P	860
1269387236398	1	RECOG_FEEDBACK	1
1269387237165	0	RECOG_PRES	2	STAR	1373	-999	P	1218
1269387238756	0	RECOG_CR_PRES	2	STAR	1373	-999	P	755
1269387239931	1	RECOG_FEEDBACK	1
1269387240656	0	RECOG_PRES	2	CHIPMUNK	304	-999	P	1007
1269387242031	0	RECOG_CR_PRES	2	CHIPMUNK	304	-999	P	650
1269387243081	1	RECOG_FEEDBACK	1
1269387243914	0	RECOG_PRES	2	SISTER	1312	-999	P	893
1269387245173	0	RECOG_CR_PRES	2	SISTER	1312	-999	P	434
1269387245988	1	RECOG_FEEDBACK	1
1269387246755	0	RECOG_PRES	2	CHAPEL	280	-999	P	1325
1269387248455	0	RECOG_CR_PRES	2	CHAPEL	280	-999	P	488
1269387249388	1	RECOG_FEEDBACK	1
1269387250122	0	RECOG_PRES	2	UNIFORM	1539	-999	P	1038
1269387251530	0	RECOG_CR_PRES	2	UNIFORM	1539	-999	P	445
1269387252363	1	RECOG_FEEDBACK	1
1269387253938	0	REST
1269387255099	1	REC_START
1269387255139	0	RECOG_PRES	3	MOUTH	926	-999	P	1444
1269387256954	0	RECOG_CR_PRES	3	MOUTH	926	-999	P	453
1269387257904	1	RECOG_FEEDBACK	0
1269387258688	0	RECOG_PRES	3	VETERAN	1561	-999	P	1464
1269387260521	0	RECOG_CR_PRES	3	VETERAN	1561	-999	P	487
1269387261404	1	RECOG_FEEDBACK	0
1269387262147	0	RECOG_PRES	3	YOUTH	1634	-999	P	2941
1269387265462	0	RECOG_CR_PRES	3	YOUTH	1634	-999	P	513
1269387266379	1	RECOG_FEEDBACK	1
1269387267096	0	RECOG_PRES	3	SLUG	1329	-999	P	928
1269387268395	0	RECOG_CR_PRES	3	SLUG	1329	-999	P	828
1269387269562	1	RECOG_FEEDBACK	1
1269387270337	0	RECOG_PRES	3	PLASTER	1085	-999	P	1366
1269387272071	0	RECOG_CR_PRES	3	PLASTER	1085	-999	P	576
1269387273146	1	RECOG_FEEDBACK	1
1269387273953	0	RECOG_PRES	3	MOTH	920	-999	P	1030
1269387275353	0	RECOG_CR_PRES	3	MOTH	920	-999	P	550
1269387276303	1	RECOG_FEEDBACK	1
1269387277020	0	RECOG_PRES	3	GUEST	669	-999	P	2188
1269387279578	0	RECOG_CR_PRES	3	GUEST	669	-999	P	641
1269387280628	1	RECOG_FEEDBACK	1
1269387281452	0	RECOG_PRES	3	RABBIT	1152	-999	P	3139
1269387284961	0	RECOG_CR_PRES	3	RABBIT	1152	-999	P	550
1269387286020	1	RECOG_FEEDBACK	1
1269387286794	0	RECOG_PRES	3	SWITCH	1422	-999	P	1653
1269387288819	0	RECOG_CR_PRES	3	SWITCH	1422	-999	P	452
1269387289619	1	RECOG_FEEDBACK	0
1269387290402	0	RECOG_PRES	3	COOKBOOK	373	-999	P	1005
1269387291777	0	RECOG_CR_PRES	3	COOKBOOK	373	-999	P	614
1269387292735	1	RECOG_FEEDBACK	1
1269387293543	0	RECOG_PRES	3	PAVEMENT	1028	-999	P	1328
1269387295243	0	RECOG_CR_PRES	3	PAVEMENT	1028	-999	P	500
1269387296194	1	RECOG_FEEDBACK	1
1269387296968	0	RECOG_PRES	3	PATH	1023	-999	P	1775
1269387299111	0	RECOG_CR_PRES	3	PATH	1023	-999	P	560
1269387300152	1	RECOG_FEEDBACK	1
1269387300868	0	RECOG_PRES	3	CUSTARD	429	-999	P	1931
1269387303160	0	RECOG_CR_PRES	3	CUSTARD	429	-999	P	495
1269387304209	1	RECOG_FEEDBACK	1
1269387304984	0	RECOG_PRES	3	CARTON	251	-999	P	1224
1269387306567	0	RECOG_CR_PRES	3	CARTON	251	-999	P	505
1269387307459	1	RECOG_FEEDBACK	1
1269387308202	0	RECOG_PRES	3	DRESS	495	-999	P	1629
1269387310193	0	RECOG_CR_PRES	3	DRESS	495	-999	P	742
1269387311425	1	RECOG_FEEDBACK	1
1269387312176	0	RECOG_PRES	3	SUBURB	1399	-999	P	1719
1269387314267	0	RECOG_CR_PRES	3	SUBURB	1399	-999	P	988
1269387315758	1	RECOG_FEEDBACK	1
1269387316567	0	RECOG_PRES	3	MOOSE	915	-999	P	936
1269387317875	0	RECOG_CR_PRES	3	MOOSE	915	-999	P	980
1269387319176	1	RECOG_FEEDBACK	1
1269387319941	0	RECOG_PRES	3	HOOK	715	-999	P	1730
1269387322034	0	RECOG_CR_PRES	3	HOOK	715	-999	P	797
1269387323383	1	RECOG_FEEDBACK	1
1269387324184	0	RECOG_PRES	3	FREEZER	604	-999	P	1039
1269387325599	0	RECOG_CR_PRES	3	FREEZER	604	-999	P	449
1269387326391	1	RECOG_FEEDBACK	1
1269387327175	0	RECOG_PRES	3	DISH	474	-999	P	823
1269387328399	0	RECOG_CR_PRES	3	DISH	474	-999	P	464
1269387329208	1	RECOG_FEEDBACK	1
1269387330949	0	REST
1269387331880	1	REC_START
1269387331915	0	RECOG_PRES	4	COUNTY	389	-999	P	916
1269387333200	0	RECOG_CR_PRES	4	COUNTY	389	-999	P	423
1269387334025	1	RECOG_FEEDBACK	1
1269387334815	0	RECOG_PRES	4	BEAVER	109	-999	P	912
1269387336091	0	RECOG_CR_PRES	4	BEAVER	109	-999	P	380
1269387336832	1	RECOG_FEEDBACK	1
1269387337607	0	RECOG_PRES	4	BEAKER	104	-999	P	1312
1269387339290	0	RECOG_CR_PRES	4	BEAKER	104	-999	P	589
1269387340357	1	RECOG_FEEDBACK	1
1269387341099	0	RECOG_PRES	4	SIBLING	1301	-999	P	852
1269387342323	0	RECOG_CR_PRES	4	SIBLING	1301	-999	P	396
1269387343074	1	RECOG_FEEDBACK	1
1269387343798	0	RECOG_PRES	4	CABIN	211	-999	P	1065
1269387345240	0	RECOG_CR_PRES	4	CABIN	211	-999	P	583
1269387346223	1	RECOG_FEEDBACK	1
1269387347015	0	RECOG_PRES	4	ACORN	3	-999	P	1049
1269387348439	0	RECOG_CR_PRES	4	ACORN	3	-999	P	552
1269387349423	1	RECOG_FEEDBACK	1
1269387350222	0	RECOG_PRES	4	CASKET	255	-999	P	1089
1269387351681	0	RECOG_CR_PRES	4	CASKET	255	-999	P	439
1269387352556	1	RECOG_FEEDBACK	1
1269387353347	0	RECOG_PRES	4	JUGGLER	763	-999	P	1084
1269387354806	0	RECOG_CR_PRES	4	JUGGLER	763	-999	P	513
1269387355747	1	RECOG_FEEDBACK	1
1269387356497	0	RECOG_PRES	4	FRAME	600	-999	P	1158
1269387358023	0	RECOG_CR_PRES	4	FRAME	600	-999	P	600
1269387359064	1	RECOG_FEEDBACK	1
1269387359830	0	RECOG_PRES	4	COMMITTEE	355	-999	P	1105
1269387361305	0	RECOG_CR_PRES	4	COMMITTEE	355	-999	P	879
1269387362580	1	RECOG_FEEDBACK	1
1269387363388	0	RECOG_PRES	4	ATTIRE	57	-999	P	1115
1269387364871	0	RECOG_CR_PRES	4	ATTIRE	57	-999	P	552
1269387365838	1	RECOG_FEEDBACK	1
1269387366580	0	RECOG_PRES	4	PARIS	1014	-999	P	979
1269387367929	0	RECOG_CR_PRES	4	PARIS	1014	-999	P	534
1269387368846	1	RECOG_FEEDBACK	1
1269387369604	0	RECOG_PRES	4	FLASHLIGHT	575	-999	P	1091
1269387371064	0	RECOG_CR_PRES	4	FLASHLIGHT	575	-999	P	791
1269387372288	1	RECOG_FEEDBACK	1
1269387373072	0	RECOG_PRES	4	PLUMBER	1091	-999	P	1599
1269387375038	0	RECOG_CR_PRES	4	PLUMBER	1091	-999	P	953
1269387376495	1	RECOG_FEEDBACK	0
1269387377220	0	RECOG_PRES	4	BLACKBOARD	133	-999	P	1187
1269387378770	0	RECOG_CR_PRES	4	BLACKBOARD	133	-999	P	414
1269387379537	1	RECOG_FEEDBACK	1
1269387380304	0	RECOG_PRES	4	PAN	1008	-999	P	1087
1269387381762	0	RECOG_CR_PRES	4	PAN	1008	-999	P	573
1269387382745	1	RECOG_FEEDBACK	1
1269387383512	0	RECOG_PRES	4	DRINK	498	-999	P	1055
1269387384937	0	RECOG_CR_PRES	4	DRINK	498	-999	P	606
1269387385961	1	RECOG_FEEDBACK	1
1269387386736	0	RECOG_PRES	4	MOON	914	-999	P	1007
1269387388104	0	RECOG_CR_PRES	4	MOON	914	-999	P	559
1269387389071	1	RECOG_FEEDBACK	1
1269387389870	0	RECOG_PRES	4	TEMPLE	1448	-999	P	1017
1269387391261	0	RECOG_CR_PRES	4	TEMPLE	1448	-999	P	498
1269387392154	1	RECOG_FEEDBACK	1
1269387392911	0	RECOG_PRES	4	CART	250	-999	P	1056
1269387394336	0	RECOG_CR_PRES	4	CART	250	-999	P	720
1269387395461	1	RECOG_FEEDBACK	1
1269387397394	0	REST
1269387398281	1	REC_START
1269387398319	0	RECOG_PRES	5	CROCODILE	411	-999	P	1160
1269387399852	0	RECOG_CR_PRES	5	CROCODILE	411	-999	P	459
1269387400744	1	RECOG_FEEDBACK	1
1269387401519	0	RECOG_PRES	5	COOLER	375	-999	P	928
1269387402819	0	RECOG_CR_PRES	5	COOLER	375	-999	P	540
1269387403719	1	RECOG_FEEDBACK	1
1269387404493	0	RECOG_PRES	5	BEAR	106	-999	P	874
1269387405743	0	RECOG_CR_PRES	5	BEAR	106	-999	P	528
1269387406652	1	RECOG_FEEDBACK	1
1269387407427	0	RECOG_PRES	5	BRIDE	173	-999	P	1452
1269387409252	0	RECOG_CR_PRES	5	BRIDE	173	-999	P	756
1269387410485	1	RECOG_FEEDBACK	0
1269387411235	0	RECOG_PRES	5	SENATE	1267	-999	P	1292
1269387412901	0	RECOG_CR_PRES	5	SENATE	1267	-999	P	1538
1269387414868	1	RECOG_FEEDBACK	0
1269387415609	0	RECOG_PRES	5	BRANDY	169	-999	P	1070
1269387417044	0	RECOG_CR_PRES	5	BRANDY	169	-999	P	563
1269387417984	1	RECOG_FEEDBACK	1
1269387418709	0	RECOG_PRES	5	RAILROAD	1162	-999	P	1586
1269387420667	0	RECOG_CR_PRES	5	RAILROAD	1162	-999	P	381
1269387421542	1	RECOG_FEEDBACK	0
1269387422309	0	RECOG_PRES	5	PIT	1077	-999	P	1266
1269387423950	0	RECOG_CR_PRES	5	PIT	1077	-999	P	761
1269387425110	1	RECOG_FEEDBACK	0
1269387425834	0	RECOG_PRES	5	POOL	1103	-999	P	1294
1269387427500	0	RECOG_CR_PRES	5	POOL	1103	-999	P	435
1269387428308	1	RECOG_FEEDBACK	1
1269387429076	0	RECOG_PRES	5	MOTOR	922	-999	P	1028
1269387430475	0	RECOG_CR_PRES	5	MOTOR	922	-999	P	605
1269387431467	1	RECOG_FEEDBACK	1
1269387432176	0	RECOG_PRES	5	TORTOISE	1486	-999	P	1135
1269387433683	0	RECOG_CR_PRES	5	TORTOISE	1486	-999	P	641
1269387434783	1	RECOG_FEEDBACK	1
1269387435549	0	RECOG_PRES	5	MILK	895	-999	P	1114
1269387437025	0	RECOG_CR_PRES	5	MILK	895	-999	P	518
1269387437974	1	RECOG_FEEDBACK	1
1269387438766	0	RECOG_PRES	5	PRESIDENT	1121	-999	P	1057
1269387440192	0	RECOG_CR_PRES	5	PRESIDENT	1121	-999	P	639
1269387441249	1	RECOG_FEEDBACK	0
1269387442033	0	RECOG_PRES	5	ANTLER	29	-999	P	991
1269387443399	0	RECOG_CR_PRES	5	ANTLER	29	-999	P	584
1269387444366	1	RECOG_FEEDBACK	1
1269387445167	0	RECOG_PRES	5	ATHLETE	52	-999	P	889
1269387446424	0	RECOG_CR_PRES	5	ATHLETE	52	-999	P	680
1269387447490	1	RECOG_FEEDBACK	1
1269387448249	0	RECOG_PRES	5	WAITER	1580	-999	P	807
1269387449423	0	RECOG_CR_PRES	5	WAITER	1580	-999	P	625
1269387450423	1	RECOG_FEEDBACK	1
1269387451174	0	RECOG_PRES	5	STEWARDESS	1381	-999	P	986
1269387452532	0	RECOG_CR_PRES	5	STEWARDESS	1381	-999	P	644
1269387453623	1	RECOG_FEEDBACK	1
1269387454406	0	RECOG_PRES	5	BLUEJAY	141	-999	P	1089
1269387455865	0	RECOG_CR_PRES	5	BLUEJAY	141	-999	P	614
1269387456915	1	RECOG_FEEDBACK	1
1269387457640	0	RECOG_PRES	5	FARM	552	-999	P	882
1269387458923	0	RECOG_CR_PRES	5	FARM	552	-999	P	532
1269387459864	1	RECOG_FEEDBACK	1
1269387460589	0	RECOG_PRES	5	SOCIETY	1338	-999	P	1090
1269387462040	0	RECOG_CR_PRES	5	SOCIETY	1338	-999	P	679
1269387463132	1	RECOG_FEEDBACK	1
1269387466372	0	REST
1269387467199	1	REC_START
1269387467230	0	RECOG_PRES	6	CHIMNEY	301	-999	P	1025
1269387468630	0	RECOG_CR_PRES	6	CHIMNEY	301	-999	P	353
1269387469364	1	RECOG_FEEDBACK	1
1269387470098	0	RECOG_PRES	6	TOILET	1475	-999	P	1110
1269387471580	0	RECOG_CR_PRES	6	TOILET	1475	-999	P	460
1269387472447	1	RECOG_FEEDBACK	1
1269387473156	0	RECOG_PRES	6	SALAD	1224	-999	P	876
1269387474405	0	RECOG_CR_PRES	6	SALAD	1224	-999	P	642
1269387475405	1	RECOG_FEEDBACK	1
1269387476148	0	RECOG_PRES	6	POTTERY	1116	-999	P	857
1269387477405	0	RECOG_CR_PRES	6	POTTERY	1116	-999	P	418
1269387478197	1	RECOG_FEEDBACK	1
1269387478980	0	RECOG_PRES	6	BUSH	202	-999	P	811
1269387480156	0	RECOG_CR_PRES	6	BUSH	202	-999	P	443
1269387480979	1	RECOG_FEEDBACK	1
1269387481713	0	RECOG_PRES	6	CHIP	303	-999	P	1262
1269387483346	0	RECOG_CR_PRES	6	CHIP	303	-999	P	533
1269387484338	1	RECOG_FEEDBACK	1
1269387485080	0	RECOG_PRES	6	NURSE	963	-999	P	1064
1269387486512	0	RECOG_CR_PRES	6	NURSE	963	-999	P	504
1269387487446	1	RECOG_FEEDBACK	1
1269387488237	0	RECOG_PRES	6	PATROL	1027	-999	P	986
1269387489596	0	RECOG_CR_PRES	6	PATROL	1027	-999	P	500
1269387490504	1	RECOG_FEEDBACK	1
1269387491270	0	RECOG_PRES	6	BLUEBERRY	140	-999	P	786
1269387492429	0	RECOG_CR_PRES	6	BLUEBERRY	140	-999	P	850
1269387493662	1	RECOG_FEEDBACK	1
1269387494395	0	RECOG_PRES	6	WINNER	1615	-999	P	1196
1269387495962	0	RECOG_CR_PRES	6	WINNER	1615	-999	P	461
1269387496870	1	RECOG_FEEDBACK	1
1269387497637	0	RECOG_PRES	6	TURTLE	1522	-999	P	1026
1269387499029	0	RECOG_CR_PRES	6	TURTLE	1522	-999	P	378
1269387499803	1	RECOG_FEEDBACK	1
1269387500595	0	RECOG_PRES	6	ROOT	1210	-999	P	772
1269387501736	0	RECOG_CR_PRES	6	ROOT	1210	-999	P	607
1269387502736	1	RECOG_FEEDBACK	1
1269387503461	0	RECOG_PRES	6	DAD	433	-999	P	794
1269387504619	0	RECOG_CR_PRES	6	DAD	433	-999	P	485
1269387505494	1	RECOG_FEEDBACK	1
1269387506228	0	RECOG_PRES	6	PAD	998	-999	P	1395
1269387507994	0	RECOG_CR_PRES	6	PAD	998	-999	P	557
1269387509020	1	RECOG_FEEDBACK	1
1269387509752	0	RECOG_PRES	6	COP	376	-999	P	911
1269387511028	0	RECOG_CR_PRES	6	COP	376	-999	P	451
1269387511877	1	RECOG_FEEDBACK	1
1269387512611	0	RECOG_PRES	6	HANDBAG	684	-999	P	1124
1269387514103	0	RECOG_CR_PRES	6	HANDBAG	684	-999	P	600
1269387515120	1	RECOG_FEEDBACK	1
1269387515877	0	RECOG_PRES	6	SIGN	1305	-999	P	1251
1269387517502	0	RECOG_CR_PRES	6	SIGN	1305	-999	P	642
1269387518635	1	RECOG_FEEDBACK	1
1269387519352	0	RECOG_PRES	6	BELL	118	-999	P	1223
1269387520943	0	RECOG_CR_PRES	6	BELL	118	-999	P	480
1269387521860	1	RECOG_FEEDBACK	0
1269387522651	0	RECOG_PRES	6	LASER	801	-999	P	1028
1269387524044	0	RECOG_CR_PRES	6	LASER	801	-999	P	579
1269387525019	1	RECOG_FEEDBACK	1
1269387525810	0	RECOG_PRES	6	NAPKIN	937	-999	P	1238
1269387527418	0	RECOG_CR_PRES	6	NAPKIN	937	-999	P	758
1269387528634	1	RECOG_FEEDBACK	1
1269387531659	0	REST
1269387532773	1	REC_START
1269387532809	0	RECOG_PRES	7	HAYSTACK	694	-999	P	1174
1269387534359	0	RECOG_CR_PRES	7	HAYSTACK	694	-999	P	849
1269387535634	1	RECOG_FEEDBACK	1
1269387536392	0	RECOG_PRES	7	MERMAID	887	-999	P	959
1269387537725	0	RECOG_CR_PRES	7	MERMAID	887	-999	P	538
1269387538650	1	RECOG_FEEDBACK	1
1269387539367	0	RECOG_PRES	7	TUBE	1516	-999	P	976
1269387540708	0	RECOG_CR_PRES	7	TUBE	1516	-999	P	619
1269387541733	1	RECOG_FEEDBACK	1
1269387542500	0	RECOG_PRES	7	ROAD	1196	-999	P	1475
1269387544350	0	RECOG_CR_PRES	7	ROAD	1196	-999	P	449
1269387545258	1	RECOG_FEEDBACK	0
1269387546051	0	RECOG_PRES	7	RECIPE	1175	-999	P	1117
1269387547541	0	RECOG_CR_PRES	7	RECIPE	1175	-999	P	642
1269387548625	1	RECOG_FEEDBACK	1
1269387549399	0	RECOG_PRES	7	CEREAL	272	-999	P	904
1269387550674	0	RECOG_CR_PRES	7	CEREAL	272	-999	P	642
1269387551741	1	RECOG_FEEDBACK	1
1269387552533	0	RECOG_PRES	7	LOG	841	-999	P	2515
1269387555416	0	RECOG_CR_PRES	7	LOG	841	-999	P	688
1269387556599	1	RECOG_FEEDBACK	0
1269387557341	0	RECOG_PRES	7	VILLAGE	1566	-999	P	1346
1269387559050	0	RECOG_CR_PRES	7	VILLAGE	1566	-999	P	597
1269387560050	1	RECOG_FEEDBACK	1
1269387560782	0	RECOG_PRES	7	DUST	508	-999	P	1250
1269387562407	0	RECOG_CR_PRES	7	DUST	508	-999	P	713
1269387563548	1	RECOG_FEEDBACK	1
1269387564273	0	RECOG_PRES	7	RODENT	1204	-999	P	1310
1269387565957	0	RECOG_CR_PRES	7	RODENT	1204	-999	P	546
1269387566973	1	RECOG_FEEDBACK	1
1269387567756	0	RECOG_PRES	7	TUXEDO	1525	-999	P	1955
1269387570074	0	RECOG_CR_PRES	7	TUXEDO	1525	-999	P	613
1269387571231	1	RECOG_FEEDBACK	1
1269387571956	0	RECOG_PRES	7	COURT	391	-999	P	1180
1269387573506	0	RECOG_CR_PRES	7	COURT	391	-999	P	502
1269387574448	1	RECOG_FEEDBACK	1
1269387575231	0	RECOG_PRES	7	POPE	1105	-999	P	1208
1269387576814	0	RECOG_CR_PRES	7	POPE	1105	-999	P	617
1269387577889	1	RECOG_FEEDBACK	1
1269387578672	0	RECOG_PRES	7	ARTICLE	42	-999	P	1247
1269387580289	0	RECOG_CR_PRES	7	ARTICLE	42	-999	P	518
1269387581280	1	RECOG_FEEDBACK	1
1269387582031	0	RECOG_PRES	7	PAPER	1011	-999	P	1360
1269387583764	0	RECOG_CR_PRES	7	PAPER	1011	-999	P	467
1269387584730	1	RECOG_FEEDBACK	0
1269387585447	0	RECOG_PRES	7	HORSE	719	-999	P	1681
1269387587497	0	RECOG_CR_PRES	7	HORSE	719	-999	P	494
1269387588463	1	RECOG_FEEDBACK	0
1269387589222	0	RECOG_PRES	7	BOX	159	-999	P	1201
1269387590796	0	RECOG_CR_PRES	7	BOX	159	-999	P	579
1269387591796	1	RECOG_FEEDBACK	1
1269387592513	0	RECOG_PRES	7	PISTON	1076	-999	P	1262
1269387594139	0	RECOG_CR_PRES	7	PISTON	1076	-999	P	692
1269387595296	1	RECOG_FEEDBACK	1
1269387596097	0	RECOG_PRES	7	PENGUIN	1044	-999	P	1158
1269387597629	0	RECOG_CR_PRES	7	PENGUIN	1044	-999	P	594
1269387598679	1	RECOG_FEEDBACK	1
1269387599387	0	RECOG_PRES	7	STAIRS	1367	-999	P	1116
1269387600879	0	RECOG_CR_PRES	7	STAIRS	1367	-999	P	768
1269387602088	1	RECOG_FEEDBACK	1
1269387606063	0	REST
1269387607128	1	REC_START
1269387607163	0	RECOG_PRES	8	BOY	161	-999	P	2748
1269387610287	0	RECOG_CR_PRES	8	BOY	161	-999	P	504
1269387611595	1	RECOG_FEEDBACK	1
1269387612362	0	RECOG_PRES	8	ASIA	46	-999	P	1509
1269387614245	0	RECOG_CR_PRES	8	ASIA	46	-999	P	482
1269387615146	1	RECOG_FEEDBACK	1
1269387615945	0	RECOG_PRES	8	DANDELION	438	-999	P	1191
1269387617511	0	RECOG_CR_PRES	8	DANDELION	438	-999	P	424
1269387618403	1	RECOG_FEEDBACK	1
1269387619170	0	RECOG_PRES	8	SPOON	1357	-999	P	2525
1269387622062	0	RECOG_CR_PRES	8	SPOON	1357	-999	P	689
1269387623436	1	RECOG_FEEDBACK	1
1269387624236	0	RECOG_PRES	8	MECHANIC	884	-999	P	1211
1269387625819	0	RECOG_CR_PRES	8	MECHANIC	884	-999	P	532
1269387626777	1	RECOG_FEEDBACK	1
1269387627535	0	RECOG_PRES	8	STEAM	1375	-999	P	1152
1269387629053	0	RECOG_CR_PRES	8	STEAM	1375	-999	P	648
1269387630161	1	RECOG_FEEDBACK	0
1269387630927	0	RECOG_PRES	8	KING	777	-999	P	1808
1269387633103	0	RECOG_CR_PRES	8	KING	777	-999	P	720
1269387634368	1	RECOG_FEEDBACK	1
1269387635078	0	RECOG_PRES	8	FUNERAL	613	-999	P	1153
1269387636601	0	RECOG_CR_PRES	8	FUNERAL	613	-999	P	495
1269387637526	1	RECOG_FEEDBACK	1
1269387638301	0	RECOG_PRES	8	PELT	1040	-999	P	1250
1269387639926	0	RECOG_CR_PRES	8	PELT	1040	-999	P	633
1269387641027	1	RECOG_FEEDBACK	1
1269387641751	0	RECOG_PRES	8	OWNER	993	-999	P	1449
1269387643568	0	RECOG_CR_PRES	8	OWNER	993	-999	P	528
1269387644592	1	RECOG_FEEDBACK	1
1269387645392	0	RECOG_PRES	8	BODY	145	-999	P	1919
1269387647684	0	RECOG_CR_PRES	8	BODY	145	-999	P	404
1269387648651	1	RECOG_FEEDBACK	0
1269387649367	0	RECOG_PRES	8	WALL	1582	-999	P	1240
1269387650975	0	RECOG_CR_PRES	8	WALL	1582	-999	P	672
1269387652076	1	RECOG_FEEDBACK	0
1269387652867	0	RECOG_PRES	8	AUTHOR	61	-999	P	1245
1269387654483	0	RECOG_CR_PRES	8	AUTHOR	61	-999	P	525
1269387655467	1	RECOG_FEEDBACK	1
1269387656258	0	RECOG_PRES	8	CLAMP	316	-999	P	1477
1269387658101	0	RECOG_CR_PRES	8	CLAMP	316	-999	P	648
1269387659258	1	RECOG_FEEDBACK	1
1269387660067	0	RECOG_PRES	8	RACCOON	1153	-999	P	1516
1269387661958	0	RECOG_CR_PRES	8	RACCOON	1153	-999	P	433
1269387662891	1	RECOG_FEEDBACK	1
1269387663641	0	RECOG_PRES	8	ONION	977	-999	P	1166
1269387665175	0	RECOG_CR_PRES	8	ONION	977	-999	P	913
1269387666533	1	RECOG_FEEDBACK	1
1269387667249	0	RECOG_PRES	8	SNOB	1335	-999	P	1278
1269387668899	0	RECOG_CR_PRES	8	SNOB	1335	-999	P	642
1269387670008	1	RECOG_FEEDBACK	1
1269387670724	0	RECOG_PRES	8	CITY	314	-999	P	1051
1269387672141	0	RECOG_CR_PRES	8	CITY	314	-999	P	586
1269387673150	1	RECOG_FEEDBACK	1
1269387673882	0	RECOG_PRES	8	OYSTER	995	-999	P	1085
1269387675340	0	RECOG_CR_PRES	8	OYSTER	995	-999	P	531
1269387676307	1	RECOG_FEEDBACK	1
1269387677099	0	RECOG_PRES	8	SANDPAPER	1231	-999	P	1276
1269387678748	0	RECOG_CR_PRES	8	SANDPAPER	1231	-999	P	771
1269387679998	1	RECOG_FEEDBACK	1
1269387683831	0	REST
1269387685016	1	REC_START
1269387685049	0	RECOG_PRES	9	SIDEWALK	1303	-999	P	1358
1269387686781	0	RECOG_CR_PRES	9	SIDEWALK	1303	-999	P	411
1269387687681	1	RECOG_FEEDBACK	0
1269387688431	0	RECOG_PRES	9	TELEVISION	1447	-999	P	1280
1269387690073	0	RECOG_CR_PRES	9	TELEVISION	1447	-999	P	649
1269387691247	1	RECOG_FEEDBACK	1
1269387692032	0	RECOG_PRES	9	SENATOR	1268	-999	P	1024
1269387693431	0	RECOG_CR_PRES	9	SENATOR	1268	-999	P	480
1269387694331	1	RECOG_FEEDBACK	1
1269387695115	0	RECOG_PRES	9	FOOTBALL	591	-999	P	2212
1269387697697	0	RECOG_CR_PRES	9	FOOTBALL	591	-999	P	614
1269387698655	1	RECOG_FEEDBACK	1
1269387699447	0	RECOG_PRES	9	GALLON	618	-999	P	992
1269387700813	0	RECOG_CR_PRES	9	GALLON	618	-999	P	562
1269387701738	1	RECOG_FEEDBACK	1
1269387702480	0	RECOG_PRES	9	DOLLAR	482	-999	P	2079
1269387704930	0	RECOG_CR_PRES	9	DOLLAR	482	-999	P	397
1269387705913	1	RECOG_FEEDBACK	0
1269387706655	0	RECOG_PRES	9	SHOE	1288	-999	P	1272
1269387708296	0	RECOG_CR_PRES	9	SHOE	1288	-999	P	447
1269387709172	1	RECOG_FEEDBACK	1
1269387709921	0	RECOG_PRES	9	PARENT	1013	-999	P	1318
1269387711613	0	RECOG_CR_PRES	9	PARENT	1013	-999	P	555
1269387712629	1	RECOG_FEEDBACK	1
1269387713387	0	RECOG_PRES	9	LIVER	833	-999	P	1260
1269387715013	0	RECOG_CR_PRES	9	LIVER	833	-999	P	618
1269387716080	1	RECOG_FEEDBACK	1
1269387716854	0	RECOG_PRES	9	HOSTESS	723	-999	P	1322
1269387718545	0	RECOG_CR_PRES	9	HOSTESS	723	-999	P	583
1269387719612	1	RECOG_FEEDBACK	0
1269387720387	0	RECOG_PRES	9	GAZELLE	628	-999	P	1572
1269387722328	0	RECOG_CR_PRES	9	GAZELLE	628	-999	P	503
1269387723337	1	RECOG_FEEDBACK	1
1269387724138	0	RECOG_PRES	9	SEAFOOD	1260	-999	P	1149
1269387725662	0	RECOG_CR_PRES	9	SEAFOOD	1260	-999	P	593
1269387726661	1	RECOG_FEEDBACK	1
1269387727403	0	RECOG_PRES	9	SLOPE	1328	-999	P	1036
1269387728811	0	RECOG_CR_PRES	9	SLOPE	1328	-999	P	588
1269387729819	1	RECOG_FEEDBACK	1
1269387730544	0	RECOG_PRES	9	ROOSTER	1209	-999	P	1287
1269387732195	0	RECOG_CR_PRES	9	ROOSTER	1209	-999	P	596
1269387733253	1	RECOG_FEEDBACK	1
1269387734004	0	RECOG_PRES	9	ANKLE	24	-999	P	1483
1269387735852	0	RECOG_CR_PRES	9	ANKLE	24	-999	P	523
1269387736869	1	RECOG_FEEDBACK	1
1269387737586	0	RECOG_PRES	9	COMEDIAN	352	-999	P	1277
1269387739236	0	RECOG_CR_PRES	9	COMEDIAN	352	-999	P	571
1269387740294	1	RECOG_FEEDBACK	1
1269387741095	0	RECOG_PRES	9	TICKET	1464	-999	P	1113
1269387742577	0	RECOG_CR_PRES	9	TICKET	1464	-999	P	623
1269387743644	1	RECOG_FEEDBACK	1
1269387744418	0	RECOG_PRES	9	CATERPILLAR	259	-999	P	2221
1269387747003	0	RECOG_CR_PRES	9	CATERPILLAR	259	-999	P	420
1269387748086	1	RECOG_FEEDBACK	1
1269387748810	0	RECOG_PRES	9	OAR	966	-999	P	1101
1269387750285	0	RECOG_CR_PRES	9	OAR	966	-999	P	418
1269387751119	1	RECOG_FEEDBACK	1
1269387751926	0	RECOG_PRES	9	TOOTHBRUSH	1482	-999	P	1146
1269387753443	0	RECOG_CR_PRES	9	TOOTHBRUSH	1482	-999	P	492
1269387754384	1	RECOG_FEEDBACK	1
1269387757901	0	REST
1269387758862	1	REC_START
1269387758901	0	RECOG_PRES	10	RADISH	1158	-999	P	1187
1269387760459	0	RECOG_CR_PRES	10	RADISH	1158	-999	P	468
1269387761359	1	RECOG_FEEDBACK	1
1269387762135	0	RECOG_PRES	10	KNOB	787	-999	P	1248
1269387763759	0	RECOG_CR_PRES	10	KNOB	787	-999	P	560
1269387764767	1	RECOG_FEEDBACK	1
1269387765484	0	RECOG_PRES	10	ARCHITECT	36	-999	P	1259
1269387767109	0	RECOG_CR_PRES	10	ARCHITECT	36	-999	P	450
1269387768026	1	RECOG_FEEDBACK	1
1269387768833	0	RECOG_PRES	10	DEODORANT	448	-999	P	1271
1269387770475	0	RECOG_CR_PRES	10	DEODORANT	448	-999	P	484
1269387771425	1	RECOG_FEEDBACK	1
1269387772216	0	RECOG_PRES	10	RAZOR	1171	-999	P	912
1269387773500	0	RECOG_CR_PRES	10	RAZOR	1171	-999	P	572
1269387774491	1	RECOG_FEEDBACK	1
1269387775209	0	RECOG_PRES	10	SERVER	1272	-999	P	1270
1269387776849	0	RECOG_CR_PRES	10	SERVER	1272	-999	P	494
1269387777808	1	RECOG_FEEDBACK	1
1269387778524	0	RECOG_PRES	10	TOWER	1490	-999	P	1243
1269387780133	0	RECOG_CR_PRES	10	TOWER	1490	-999	P	698
1269387781282	1	RECOG_FEEDBACK	1
1269387782017	0	RECOG_PRES	10	VESSEL	1558	-999	P	1246
1269387783632	0	RECOG_CR_PRES	10	VESSEL	1558	-999	P	528
1269387784632	1	RECOG_FEEDBACK	1
1269387785349	0	RECOG_PRES	10	TERMITE	1451	-999	P	1162
1269387786882	0	RECOG_CR_PRES	10	TERMITE	1451	-999	P	629
1269387787965	1	RECOG_FEEDBACK	1
1269387788774	0	RECOG_PRES	10	GARBAGE	622	-999	P	769
1269387789915	0	RECOG_CR_PRES	10	GARBAGE	622	-999	P	820
1269387791124	1	RECOG_FEEDBACK	1
1269387791873	0	RECOG_PRES	10	BOYFRIEND	162	-999	P	1135
1269387793382	0	RECOG_CR_PRES	10	BOYFRIEND	162	-999	P	545
1269387794365	1	RECOG_FEEDBACK	1
1269387795141	0	RECOG_PRES	10	GODDESS	646	-999	P	947
1269387796456	0	RECOG_CR_PRES	10	GODDESS	646	-999	P	759
1269387797648	1	RECOG_FEEDBACK	1
1269387798381	0	RECOG_PRES	10	CAPTAIN	239	-999	P	1642
1269387800406	0	RECOG_CR_PRES	10	CAPTAIN	239	-999	P	537
1269387801423	1	RECOG_FEEDBACK	0
1269387802174	0	RECOG_PRES	10	NEWSPAPER	948	-999	P	1113
1269387803647	0	RECOG_CR_PRES	10	NEWSPAPER	948	-999	P	650
1269387804756	1	RECOG_FEEDBACK	1
1269387805522	0	RECOG_PRES	10	DOUGHNUT	490	-999	P	1101
1269387806997	0	RECOG_CR_PRES	10	DOUGHNUT	490	-999	P	554
1269387807997	1	RECOG_FEEDBACK	1
1269387808722	0	RECOG_PRES	10	RACK	1154	-999	P	1077
1269387810165	0	RECOG_CR_PRES	10	RACK	1154	-999	P	642
1269387811239	1	RECOG_FEEDBACK	1
1269387811972	0	RECOG_PRES	10	ACTRESS	6	-999	P	1331
1269387813672	0	RECOG_CR_PRES	10	ACTRESS	6	-999	P	448
1269387814588	1	RECOG_FEEDBACK	1
1269387815380	0	RECOG_PRES	10	SPACE	1345	-999	P	1187
1269387816938	0	RECOG_CR_PRES	10	SPACE	1345	-999	P	525
1269387817921	1	RECOG_FEEDBACK	1
1269387818680	0	RECOG_PRES	10	CABBAGE	210	-999	P	1071
1269387820114	0	RECOG_CR_PRES	10	CABBAGE	210	-999	P	525
1269387821080	1	RECOG_FEEDBACK	1
1269387821838	0	RECOG_PRES	10	BOMB	147	-999	P	1234
1269387823446	0	RECOG_CR_PRES	10	BOMB	147	-999	P	570
1269387824471	1	RECOG_FEEDBACK	1
1269387828113	0	REST
1269387829289	1	REC_START
1269387829321	0	RECOG_PRES	11	SAUCER	1237	-999	P	1382
1269387831071	0	RECOG_CR_PRES	11	SAUCER	1237	-999	P	832
1269387832395	1	RECOG_FEEDBACK	1
1269387833188	0	RECOG_PRES	11	SPONGE	1355	-999	P	1195
1269387834753	0	RECOG_CR_PRES	11	SPONGE	1355	-999	P	910
1269387836138	1	RECOG_FEEDBACK	1
1269387836862	0	RECOG_PRES	11	CREW	406	-999	P	1202
1269387838437	0	RECOG_CR_PRES	11	CREW	406	-999	P	707
1269387839603	1	RECOG_FEEDBACK	1
1269387840345	0	RECOG_PRES	11	COAT	333	-999	P	1831
1269387842545	0	RECOG_CR_PRES	11	COAT	333	-999	P	463
1269387843553	1	RECOG_FEEDBACK	0
1269387844353	0	RECOG_PRES	11	EWE	542	-999	P	1206
1269387845928	0	RECOG_CR_PRES	11	EWE	542	-999	P	623
1269387846936	1	RECOG_FEEDBACK	1
1269387847669	0	RECOG_PRES	11	WHIP	1604	-999	P	1419
1269387849461	0	RECOG_CR_PRES	11	WHIP	1604	-999	P	522
1269387850461	1	RECOG_FEEDBACK	1
1269387851244	0	RECOG_PRES	11	CLOTHES	327	-999	P	1515
1269387853120	0	RECOG_CR_PRES	11	CLOTHES	327	-999	P	767
1269387854402	1	RECOG_FEEDBACK	1
1269387855128	0	RECOG_PRES	11	WRIST	1626	-999	P	1447
1269387856944	0	RECOG_CR_PRES	11	WRIST	1626	-999	P	591
1269387858003	1	RECOG_FEEDBACK	1
1269387858777	0	RECOG_PRES	11	DINNER	468	-999	P	1182
1269387860335	0	RECOG_CR_PRES	11	DINNER	468	-999	P	896
1269387861668	1	RECOG_FEEDBACK	1
1269387862418	0	RECOG_PRES	11	BALLOT	76	-999	P	1461
1269387864251	0	RECOG_CR_PRES	11	BALLOT	76	-999	P	641
1269387865460	1	RECOG_FEEDBACK	1
1269387866234	0	RECOG_PRES	11	LADDER	793	-999	P	1309
1269387867918	0	RECOG_CR_PRES	11	LADDER	793	-999	P	601
1269387868993	1	RECOG_FEEDBACK	0
1269387869759	0	RECOG_PRES	11	TONGUE	1479	-999	P	1369
1269387871501	0	RECOG_CR_PRES	11	TONGUE	1479	-999	P	507
1269387872492	1	RECOG_FEEDBACK	1
1269387873234	0	RECOG_PRES	11	WIDOW	1608	-999	P	1645
1269387875251	0	RECOG_CR_PRES	11	WIDOW	1608	-999	P	636
1269387876409	1	RECOG_FEEDBACK	1
1269387877176	0	RECOG_PRES	11	BOWL	158	-999	P	1615
1269387879160	0	RECOG_CR_PRES	11	BOWL	158	-999	P	631
1269387880342	1	RECOG_FEEDBACK	0
1269387881101	0	RECOG_PRES	11	LUMBER	848	-999	P	1482
1269387882958	0	RECOG_CR_PRES	11	LUMBER	848	-999	P	769
1269387884201	1	RECOG_FEEDBACK	1
1269387884916	0	RECOG_PRES	11	MONUMENT	913	-999	P	1075
1269387886366	0	RECOG_CR_PRES	11	MONUMENT	913	-999	P	913
1269387887683	1	RECOG_FEEDBACK	1
1269387888416	0	RECOG_PRES	11	HOSPITAL	721	-999	P	1616
1269387890399	0	RECOG_CR_PRES	11	HOSPITAL	721	-999	P	1128
1269387892050	1	RECOG_FEEDBACK	1
1269387892782	0	RECOG_PRES	11	GAVEL	627	-999	P	1681
1269387894832	0	RECOG_CR_PRES	11	GAVEL	627	-999	P	911
1269387896291	1	RECOG_FEEDBACK	1
1269387897058	0	RECOG_PRES	11	PRIEST	1122	-999	P	1157
1269387898590	0	RECOG_CR_PRES	11	PRIEST	1122	-999	P	761
1269387899790	1	RECOG_FEEDBACK	1
1269387900565	0	RECOG_PRES	11	DRIVER	499	-999	P	1354
1269387902290	0	RECOG_CR_PRES	11	DRIVER	499	-999	P	782
1269387903557	1	RECOG_FEEDBACK	1
1269387904318	0	RECOG_END
1269387910665	0	SESS_END
1269387910709	0	E	Logging Ends
