1301405875002	0	B	Logging Begins
1301405899175	0	START
1301405899199	1	PROB	'3 + 8 + 9 = '	'20'	1	3674	1
1301405902906	1	PROB	'5 + 2 + 9 = '	'16'	1	2935	1
1301405905872	1	PROB	'3 + 7 + 7 = '	'17'	1	1849	1
1301405907754	1	PROB	'8 + 9 + 8 = '	'15'	0	4895	1
1301405912686	1	PROB	'3 + 6 + 9 = '	'18'	1	2403	1
1301405915127	1	PROB	'3 + 7 + 8 = '	'18'	1	1594	1
1301405919175	0	STOP
1301406003712	0	START
1301406004628	1	PROB	'4 + 8 + 7 = '	'19'	1	2316	1
1301406011711	0	STOP
1301406090249	0	START
1301406091756	1	PROB	'7 + 3 + 2 = '	'2'	0	2365	1
1301406094155	1	PROB	'2 + 5 + 4 = '	'11'	1	3230	1
1301406097385	0	STOP
1301406102161	0	START
1301406103327	1	PROB	'5 + 1 + 1 = '	'7'	1	1730	1
1301406105093	1	PROB	'6 + 6 + 9 = '	'21'	1	2164	1
1301406107292	1	PROB	'5 + 9 + 5 = '	'19'	1	1573	1
1301406108865	0	STOP
1301406114215	0	START
1301406115323	1	PROB	'4 + 4 + 4 = '	'12'	1	2094	1
1301406117455	1	PROB	'5 + 5 + 5 = '	'15'	1	1521	1
1301406122215	0	STOP
1301406126244	0	START
1301406127260	1	PROB	'4 + 8 + 5 = '	'17'	1	1909	1
1301406129201	1	PROB	'8 + 1 + 3 = '	'12'	1	1696	1
1301406130933	1	PROB	'3 + 2 + 4 = '	'9'	1	2740	1
1301406133673	0	STOP
1301406138174	0	START
1301406139364	1	PROB	'2 + 4 + 8 = '	'14'	1	3389	1
1301406142788	1	PROB	'9 + 8 + 4 = '	'21'	1	2741	1
1301406145529	0	STOP
1301406150311	0	START
1301406151193	1	PROB	'6 + 7 + 1 = '	'14'	1	1767	1
1301406152992	1	PROB	'1 + 9 + 2 = '	'12'	1	1529	1
1301406154559	1	PROB	'4 + 5 + 8 = '	'17'	1	2130	1
1301406158311	0	STOP
1301406162248	0	START
1301406163122	1	PROB	'3 + 9 + 8 = '	'20'	1	3431	1
1301406166588	1	PROB	'6 + 1 + 2 = '	'9'	1	3245	1
1301406169833	0	STOP
1301406174344	0	START
1301406175318	1	PROB	'1 + 1 + 5 = '	'7'	1	1363	1
1301406176718	1	PROB	'1 + 2 + 3 = '	'6'	1	1875	1
1301406178625	1	PROB	'1 + 3 + 5 = '	'9'	1	1384	1
1301406180042	1	PROB	'2 + 8 + 3 = '	'13'	1	1631	1
1301406181673	0	STOP
1301406186540	0	START
1301406187447	1	PROB	'7 + 2 + 3 = '	'12'	1	1682	1
1301406189163	1	PROB	'7 + 8 + 5 = '	'20'	1	4174	1
1301406193337	0	STOP
1301406198652	0	START
1301406199476	1	PROB	'6 + 5 + 4 = '	'15'	1	2581	1
1301406202092	1	PROB	'8 + 3 + 3 = '	'14'	1	3213	1
1301406205305	0	STOP
1301406210606	0	START
1301406211639	1	PROB	'8 + 1 + 9 = '	'18'	1	1506	1
1301406213180	1	PROB	'5 + 7 + 9 = '	'21'	1	2933	1
1301406216145	1	PROB	'7 + 7 + 6 = '	'20'	1	1968	1
1301406218113	0	STOP
1301406222785	0	START
1301406223942	1	PROB	'9 + 8 + 9 = '	'24'	0	2875	1
1301406226850	1	PROB	'1 + 7 + 8 = '	'16'	1	2231	1
1301406229116	1	PROB	'3 + 7 + 9 = '	'19'	1	1357	1
1301406230473	0	STOP
1301406234773	0	START
1301406235705	1	PROB	'8 + 9 + 2 = '	'19'	1	2296	1
1301406238038	1	PROB	'7 + 9 + 5 = '	'21'	1	2747	1
1301406242773	0	STOP
1301406246967	0	START
1301406247893	1	PROB	'4 + 8 + 4 = '	'16'	1	2300	1
1301406250225	1	PROB	'6 + 2 + 1 = '	'9'	1	1735	1
1301406251998	1	PROB	'3 + 9 + 1 = '	'13'	1	1571	1
1301406253569	0	STOP
1301406259056	0	START
1301406260188	1	PROB	'5 + 4 + 3 = '	'12'	1	3317	1
1301406263537	1	PROB	'9 + 3 + 8 = '	'20'	1	3248	1
1301406266785	0	STOP
1301406270984	0	START
1301406271876	1	PROB	'4 + 6 + 8 = '	'18'	1	1341	1
1301406273250	1	PROB	'3 + 1 + 2 = '	'6'	1	1815	1
1301406275100	1	PROB	'2 + 6 + 2 = '	'10'	1	2053	1
1301406277191	1	PROB	'1 + 8 + 2 = '	'11'	1	1394	1
1301406278585	0	STOP
1301406283189	0	START
1301406284321	1	PROB	'4 + 2 + 9 = '	'15'	1	3048	1
1301406287404	1	PROB	'1 + 4 + 7 = '	'12'	1	3101	1
1301406290505	0	STOP
1301406370233	0	START
1301406371740	1	PROB	'7 + 5 + 2 = '	'14'	1	1957	1
1301406373731	1	PROB	'7 + 7 + 3 = '	'17'	1	1486	1
1301406375256	1	PROB	'8 + 5 + 2 = '	'15'	1	1449	1
1301406376705	0	STOP
1301406382087	0	START
1301406383170	1	PROB	'5 + 5 + 7 = '	'17'	1	1599	1
1301406384802	1	PROB	'4 + 3 + 5 = '	'12'	1	3743	1
1301406390087	0	STOP
1301406393932	0	START
1301406395091	1	PROB	'2 + 5 + 5 = '	'12'	1	1462	1
1301406396590	1	PROB	'7 + 3 + 6 = '	'16'	1	1483	1
1301406398106	1	PROB	'5 + 2 + 4 = '	'11'	1	1903	1
1301406400047	1	PROB	'7 + 7 + 7 = '	'21'	1	1458	1
1301406401505	0	STOP
1301406405928	0	START
1301406406853	1	PROB	'1 + 8 + 3 = '	'12'	1	2556	2
1301406409452	1	PROB	'3 + 9 + 2 = '	'14'	1	4341	1
1301406413793	0	STOP
1301406418066	0	START
1301406419074	1	PROB	'6 + 1 + 2 = '	'9'	1	1727	1
1301406420840	1	PROB	'8 + 8 + 6 = '	'22'	1	2833	1
1301406426065	0	STOP
1301406430187	0	START
1301406431153	1	PROB	'3 + 9 + 9 = '	'21'	1	2992	1
1301406434177	1	PROB	'5 + 5 + 5 = '	'15'	1	1160	1
1301406438186	0	STOP
1301406442249	0	START
1301406443199	1	PROB	'7 + 2 + 6 = '	'15'	1	2674	1
1301406445906	1	PROB	'4 + 7 + 5 = '	'15'	0	2367	1
1301406450249	0	STOP
1301406454412	0	START
1301406455336	1	PROB	'3 + 8 + 4 = '	'15'	1	4529	1
1301406462411	0	STOP
1301406466616	0	START
1301406467507	1	PROB	'3 + 7 + 6 = '	'16'	1	1485	1
1301406469031	1	PROB	'4 + 1 + 7 = '	'12'	1	3050	1
1301406472113	1	PROB	'4 + 1 + 9 = '	'14'	1	1776	1
1301406473889	0	STOP
1301406478770	0	START
1301406479636	1	PROB	'7 + 5 + 7 = '	'19'	1	2316	1
1301406481992	1	PROB	'4 + 3 + 1 = '	'8'	1	2713	1
1301406486770	0	STOP
1301406490948	0	START
1301406491922	1	PROB	'8 + 7 + 6 = '	'21'	1	2711	1
1301406494672	1	PROB	'8 + 5 + 6 = '	'19'	1	2425	1
1301406497129	1	PROB	'1 + 3 + 3 = '	'7'	1	1768	1
1301406498897	0	STOP
1301406502935	0	START
1301406503860	1	PROB	'2 + 3 + 9 = '	'14'	1	2132	1
1301406506026	1	PROB	'4 + 7 + 3 = '	'14'	1	1343	1
1301406510935	0	STOP
1301406515082	0	START
1301406516281	1	PROB	'6 + 7 + 9 = '	'12'	0	5800	1
1301406522081	0	STOP
1301406527236	0	START
1301406528410	1	PROB	'3 + 5 + 2 = '	'10'	1	2687	1
1301406531134	1	PROB	'8 + 3 + 4 = '	'15'	1	3923	1
1301406535057	0	STOP
1301406539265	0	START
1301406540389	1	PROB	'7 + 4 + 4 = '	'15'	1	2724	1
1301406543147	1	PROB	'9 + 4 + 9 = '	'22'	1	2797	1
1301406545944	0	STOP
1301406551103	0	START
1301406552293	1	PROB	'4 + 9 + 6 = '	'19'	1	1908	1
1301406554234	1	PROB	'2 + 6 + 1 = '	'9'	1	1871	1
1301406556142	1	PROB	'3 + 6 + 4 = '	'13'	1	1363	1
1301406557541	1	PROB	'2 + 6 + 4 = '	'12'	1	1387	1
1301406558928	0	STOP
1301406563198	0	START
1301406564322	1	PROB	'2 + 9 + 1 = '	'12'	1	2063	1
1301406566422	1	PROB	'7 + 6 + 5 = '	'18'	1	3131	1
1301406571198	0	STOP
1301406652700	0	START
1301406654207	1	PROB	'7 + 7 + 3 = '	'17'	1	1570	1
1301406655815	1	PROB	'1 + 2 + 3 = '	'6'	1	1890	1
1301406657739	1	PROB	'2 + 8 + 9 = '	'19'	1	1686	1
1301406659464	1	PROB	'8 + 8 + 5 = '	'21'	1	4753	1
1301406664254	1	PROB	'1 + 8 + 9 = '	'18'	1	1459	1
1301406665745	1	PROB	'1 + 1 + 3 = '	'5'	1	1272	1
1301406668700	0	STOP
1301406672818	0	START
1301406673916	1	PROB	'9 + 5 + 9 = '	'23'	1	2645	1
1301406676599	1	PROB	'1 + 2 + 5 = '	'8'	1	2690	1
1301406679323	1	PROB	'3 + 6 + 3 = '	'12'	1	3054	1
1301406682414	1	PROB	'9 + 1 + 6 = '	'16'	1	1275	1
1301406683722	1	PROB	'3 + 1 + 7 = '	'11'	1	1599	1
1301406685355	1	PROB	'6 + 5 + 7 = '	'18'	1	2078	1
1301406687433	0	STOP
1301406692910	0	START
1301406693785	1	PROB	'5 + 3 + 7 = '	'15'	1	1232	1
1301406695051	1	PROB	'7 + 3 + 3 = '	'13'	1	1462	1
1301406696551	1	PROB	'8 + 1 + 4 = '	'15'	0	2338	1
1301406698924	1	PROB	'9 + 1 + 2 = '	'12'	1	2485	1
1301406701449	1	PROB	'2 + 9 + 9 = '	'20'	1	1832	1
1301406703315	1	PROB	'4 + 3 + 7 = '	'14'	1	1470	1
1301406704823	1	PROB	'9 + 5 + 9 = '	'23'	1	2153	1
1301406708910	0	STOP
1301406712762	0	START
1301406713645	1	PROB	'7 + 3 + 5 = '	'15'	1	1236	1
1301406714918	1	PROB	'1 + 1 + 9 = '	'11'	1	1339	1
1301406716294	1	PROB	'7 + 2 + 1 = '	'10'	1	2123	2
1301406718451	1	PROB	'5 + 9 + 5 = '	'19'	1	2718	1
1301406721217	1	PROB	'3 + 5 + 5 = '	'13'	1	1256	1
1301406722517	1	PROB	'3 + 2 + 5 = '	'10'	1	1812	1
1301406724374	1	PROB	'9 + 1 + 8 = '	'18'	1	1379	1
1301406728762	0	STOP
1301406732805	0	START
1301406734004	1	PROB	'2 + 6 + 5 = '	'13'	1	2349	1
1301406736403	1	PROB	'8 + 9 + 2 = '	'19'	1	3238	1
1301406739677	1	PROB	'7 + 3 + 7 = '	'17'	1	1588	1
1301406741302	1	PROB	'5 + 5 + 8 = '	'18'	1	1315	1
1301406742651	1	PROB	'6 + 4 + 7 = '	'17'	1	1341	1
1301406744034	1	PROB	'9 + 5 + 6 = '	'20'	1	2167	1
1301406746241	1	PROB	'6 + 8 + 8 = '	'24'	0	2352	1
1301406748593	0	STOP
1301406752947	0	START
1301406754039	1	PROB	'8 + 1 + 1 = '	'10'	1	2042	1
1301406756121	1	PROB	'8 + 6 + 4 = '	'18'	1	1480	1
1301406757637	1	PROB	'7 + 9 + 6 = '	'18'	0	5996	1
1301406763677	1	PROB	'8 + 7 + 4 = '	'19'	1	2756	1
1301406768947	0	STOP
1301406772791	0	START
1301406773857	1	PROB	'6 + 6 + 2 = '	'14'	1	2464	1
1301406776364	1	PROB	'4 + 8 + 4 = '	'16'	1	2109	1
1301406778522	1	PROB	'9 + 4 + 1 = '	'14'	1	1438	1
1301406780005	1	PROB	'5 + 8 + 7 = '	'20'	1	2468	1
1301406782520	1	PROB	'7 + 3 + 2 = '	'12'	1	1201	1
1301406783770	1	PROB	'9 + 1 + 7 = '	'17'	1	1455	1
1301406785269	1	PROB	'5 + 8 + 3 = '	'15'	0	2396	1
1301406787665	0	STOP
1301406792751	0	START
1301406793691	1	PROB	'8 + 6 + 6 = '	'20'	1	1878	1
1301406795616	1	PROB	'5 + 3 + 6 = '	'14'	1	3465	1
1301406799131	1	PROB	'6 + 7 + 8 = '	'21'	1	2958	1
1301406802138	1	PROB	'5 + 9 + 1 = '	'15'	1	1591	1
1301406808751	0	STOP
1301406812827	0	START
1301406813942	1	PROB	'5 + 7 + 8 = '	'20'	1	1931	1
1301406815916	1	PROB	'3 + 6 + 6 = '	'15'	1	2653	1
1301406818616	1	PROB	'6 + 8 + 3 = '	'17'	1	2993	1
1301406821656	1	PROB	'3 + 9 + 9 = '	'21'	1	2017	1
1301406823722	1	PROB	'6 + 8 + 2 = '	'16'	1	1599	1
1301406825364	1	PROB	'8 + 5 + 5 = '	'18'	1	1333	1
1301406826746	1	PROB	'1 + 5 + 2 = '	'8'	1	1799	1
1301406828545	0	STOP
1301406832853	0	START
1301406833886	1	PROB	'5 + 2 + 1 = '	'8'	1	2603	1
1301406836526	1	PROB	'5 + 5 + 9 = '	'19'	1	1235	1
1301406837801	1	PROB	'8 + 8 + 6 = '	'24'	0	8680	1
1301406848853	0	STOP
1301406853071	0	START
1301406853887	1	PROB	'7 + 6 + 5 = '	'18'	1	2746	1
1301406856669	1	PROB	'7 + 2 + 2 = '	'12'	0	2164	1
1301406858868	1	PROB	'1 + 1 + 3 = '	'5'	1	1517	1
1301406860426	1	PROB	'2 + 9 + 7 = '	'18'	1	2863	1
1301406863325	1	PROB	'4 + 2 + 9 = '	'17'	0	2716	1
1301406866091	1	PROB	'1 + 7 + 5 = '	'13'	1	1950	1
1301406868041	0	STOP
1301406872996	0	START
1301406873945	1	PROB	'7 + 8 + 6 = '	'21'	1	2736	1
1301406876720	1	PROB	'4 + 1 + 7 = '	'12'	1	2529	1
1301406879294	1	PROB	'5 + 8 + 6 = '	'18'	0	6603	1
1301406885933	1	PROB	'4 + 3 + 1 = '	'8'	1	1796	1
1301406887729	0	STOP
1301406892989	0	START
1301406894181	1	PROB	'8 + 6 + 6 = '	'20'	1	1844	1
1301406896072	1	PROB	'8 + 3 + 9 = '	'19'	0	3329	1
1301406899437	1	PROB	'3 + 1 + 5 = '	'9'	1	2100	1
1301406901578	1	PROB	'2 + 6 + 2 = '	'10'	1	6311	1
1301406907889	0	STOP
1301406913033	0	START
1301406913998	1	PROB	'4 + 6 + 3 = '	'13'	1	1891	1
1301406915922	1	PROB	'6 + 9 + 9 = '	'24'	1	3743	1
1301406919713	1	PROB	'1 + 4 + 9 = '	'14'	1	2184	1
1301406921937	1	PROB	'1 + 7 + 2 = '	'10'	1	1416	1
1301406923387	1	PROB	'5 + 4 + 6 = '	'15'	1	1846	1
1301406925270	1	PROB	'8 + 8 + 1 = '	'17'	1	2283	1
1301406927553	0	STOP
1301406933193	0	START
1301406934275	1	PROB	'9 + 2 + 8 = '	'19'	1	1750	1
1301406936066	1	PROB	'4 + 3 + 9 = '	'16'	1	2543	1
1301406938649	1	PROB	'8 + 3 + 8 = '	'21'	0	2032	1
1301406940731	1	PROB	'2 + 5 + 9 = '	'16'	1	4430	1
1301406945196	1	PROB	'9 + 6 + 5 = '	'20'	1	2157	1
1301406949193	0	STOP
1301406953260	0	START
1301406954443	1	PROB	'6 + 5 + 1 = '	'12'	1	2030	1
1301406956509	1	PROB	'4 + 1 + 4 = '	'9'	1	4324	1
1301406960874	1	PROB	'2 + 1 + 1 = '	'4'	1	1591	1
1301406962507	1	PROB	'3 + 9 + 6 = '	'15'	0	2286	1
1301406964839	1	PROB	'2 + 3 + 8 = '	'12'	0	4186	1
1301406969025	0	STOP
1301406973453	0	START
1301406974511	1	PROB	'2 + 8 + 1 = '	'11'	1	1802	1
1301406976352	1	PROB	'7 + 4 + 9 = '	'20'	1	3442	1
1301406979842	1	PROB	'3 + 3 + 1 = '	'7'	1	1799	1
1301406981692	1	PROB	'3 + 6 + 8 = '	'17'	1	4252	1
1301406989453	0	STOP
1301407159421	0	START
1301407160570	1	PROB	'5 + 7 + 8 = '	'20'	1	2191	1
1301407162803	1	PROB	'1 + 2 + 3 = '	'6'	1	1863	1
1301407167420	0	STOP
1301407310584	0	START
1301407311708	1	PROB	'1 + 2 + 1 = '	'4'	1	1893	1
1301407313641	1	PROB	'3 + 3 + 3 = '	'9'	1	1377	1
1301407315066	1	PROB	'1 + 1 + 8 = '	'10'	1	1375	1
1301407316490	1	PROB	'4 + 5 + 3 = '	'12'	1	3112	1
1301407319639	1	PROB	'4 + 8 + 2 = '	'14'	1	1554	1
1301407321230	1	PROB	'6 + 7 + 2 = '	'15'	1	1659	2
1301407322937	1	PROB	'5 + 4 + 9 = '	'18'	1	1697	1
1301407324670	1	PROB	'3 + 2 + 8 = '	'13'	1	1451	2
1301407326121	1	STOP
1301407614368	0	START
1301407615218	1	PROB	'2 + 1 + 6 = '	'9'	1	2527	2
1301407617792	1	PROB	'7 + 2 + 8 = '	'17'	1	1930	1
1301407619766	1	PROB	'4 + 8 + 9 = '	'21'	1	2236	1
1301407622049	1	PROB	'1 + 5 + 7 = '	'13'	1	1537	1
1301407623632	1	PROB	'6 + 9 + 7 = '	'18'	0	5305	1
1301407628937	0	STOP
1301407854991	0	START
1301407856491	1	PROB	'9 + 1 + 1 = '	'11'	1	2087	1
1301407858623	1	PROB	'7 + 3 + 7 = '	'17'	1	1483	1
1301407860140	1	PROB	'5 + 7 + 5 = '	'17'	1	1630	1
1301407861770	0	STOP
1301407866829	0	START
1301407867887	1	PROB	'8 + 8 + 6 = '	'22'	1	2891	1
1301407870819	1	PROB	'3 + 4 + 6 = '	'13'	1	1407	1
1301407872260	1	PROB	'6 + 8 + 4 = '	'18'	1	1590	1
1301407873850	0	STOP
1301407878700	0	START
1301407879699	1	PROB	'4 + 9 + 8 = '	'21'	1	3055	1
1301407882790	1	PROB	'8 + 3 + 2 = '	'13'	1	1868	1
1301407886700	0	STOP
1301407890554	0	START
1301407891379	1	PROB	'9 + 1 + 1 = '	'11'	1	1623	1
1301407893036	1	PROB	'6 + 1 + 9 = '	'16'	1	1885	1
1301407894960	1	PROB	'2 + 6 + 9 = '	'17'	1	2050	1
1301407898553	0	STOP
1301407902383	0	START
1301407903233	1	PROB	'8 + 7 + 3 = '	'18'	1	1537	1
1301407904816	1	PROB	'6 + 7 + 4 = '	'17'	1	1466	1
1301407906332	1	PROB	'2 + 7 + 1 = '	'10'	1	1406	1
1301407907781	1	PROB	'6 + 3 + 7 = '	'16'	1	2132	1
1301407909913	0	STOP
1301407914321	0	START
1301407915153	1	PROB	'5 + 6 + 1 = '	'12'	1	2041	1
1301407917228	1	PROB	'4 + 7 + 5 = '	'16'	1	2174	1
1301407919435	1	PROB	'1 + 9 + 8 = '	'18'	1	1583	1
1301407921018	0	STOP
1301407926183	0	START
1301407927124	1	PROB	'6 + 1 + 6 = '	'13'	1	2134	1
1301407929298	1	PROB	'9 + 1 + 8 = '	'18'	1	1288	1
1301407930623	1	PROB	'2 + 9 + 2 = '	'13'	1	2779	1
1301407933402	0	STOP
1301407938121	0	START
1301407939178	1	PROB	'8 + 4 + 5 = '	'17'	1	1872	1
1301407941086	1	PROB	'5 + 6 + 8 = '	'19'	1	3564	1
1301407944650	0	STOP
1301407950008	0	START
1301407950990	1	PROB	'9 + 3 + 6 = '	'18'	1	2003	1
1301407953032	1	PROB	'7 + 8 + 7 = '	'22'	1	3858	1
1301407956890	0	STOP
1301407962179	0	START
1301407963295	1	PROB	'9 + 6 + 6 = '	'21'	1	2634	1
1301407965976	1	PROB	'2 + 7 + 3 = '	'12'	1	1370	1
1301407970179	0	STOP
1301407974366	0	START
1301407975415	1	PROB	'5 + 3 + 7 = '	'15'	1	1331	1
1301407976790	1	PROB	'6 + 5 + 3 = '	'14'	1	3012	1
1301407982366	0	STOP
1301407986570	0	START
1301407987570	1	PROB	'9 + 4 + 5 = '	'18'	1	1616	1
1301407989219	1	PROB	'9 + 5 + 6 = '	'20'	1	3151	1
1301407994570	0	STOP
1301407998441	0	START
1301407999532	1	PROB	'1 + 9 + 3 = '	'13'	1	1342	1
1301408000914	1	PROB	'8 + 6 + 1 = '	'15'	1	4264	1
1301408005178	0	STOP
1301408010579	0	START
1301408011778	1	PROB	'1 + 7 + 9 = '	'17'	1	1480	1
1301408013302	1	PROB	'7 + 5 + 9 = '	'21'	1	4764	1
1301408018066	0	STOP
1301408022583	0	START
1301408023690	1	PROB	'9 + 4 + 3 = '	'16'	1	3088	1
1301408026822	1	PROB	'5 + 7 + 9 = '	'21'	1	2388	1
1301408029210	0	STOP
1301408034695	0	START
1301408042695	0	STOP
1301408046874	0	START
1301408047682	1	PROB	'8 + 8 + 6 = '	'26'	0	3080	1
1301408054874	0	STOP
1301408564316	0	START
1301408565824	1	PROB	'1 + 5 + 5 = '	'11'	1	1858	1
1301408567723	1	PROB	'2 + 3 + 4 = '	'9'	1	1927	1
1301408569697	1	PROB	'5 + 4 + 4 = '	'13'	1	2313	1
1301408572055	1	PROB	'7 + 1 + 7 = '	'15'	1	1763	1
1301408573862	1	PROB	'7 + 6 + 9 = '	'20'	0	2308	1
1301408576203	1	PROB	'4 + 1 + 1 = '	'6'	1	1607	1
1301408580316	0	STOP
1301408584134	0	START
1301408585034	1	PROB	'9 + 5 + 3 = '	'17'	1	1992	1
1301408587066	1	PROB	'3 + 9 + 3 = '	'15'	1	2112	1
1301408589224	1	PROB	'9 + 1 + 1 = '	'11'	1	1858	1
1301408591123	1	PROB	'8 + 8 + 1 = '	'17'	1	2967	1
1301408594130	1	PROB	'5 + 4 + 8 = '	'17'	1	1888	1
1301408596055	1	PROB	'9 + 6 + 1 = '	'16'	1	1571	1
1301408597662	1	PROB	'7 + 3 + 4 = '	'14'	1	1644	1
1301408599306	0	STOP
1301408604086	0	START
1301408605110	1	PROB	'2 + 6 + 4 = '	'12'	1	1572	1
1301408606718	1	PROB	'5 + 6 + 8 = '	'19'	1	2348	1
1301408609108	1	PROB	'1 + 4 + 4 = '	'9'	1	1726	1
1301408610874	1	PROB	'9 + 2 + 8 = '	'19'	1	1728	1
1301408612640	1	PROB	'3 + 1 + 6 = '	'10'	1	2594	1
1301408615281	1	PROB	'1 + 1 + 8 = '	'10'	1	1385	1
1301408616706	1	PROB	'5 + 8 + 6 = '	'19'	1	2776	1
1301408619482	0	STOP
1301408624237	0	START
1301408625253	1	PROB	'8 + 7 + 4 = '	'20'	0	2309	1
1301408627602	1	PROB	'9 + 7 + 2 = '	'18'	1	4184	1
1301408631825	1	PROB	'3 + 3 + 6 = '	'12'	1	2865	1
1301408634724	1	PROB	'4 + 6 + 3 = '	'13'	1	2213	1
1301408636972	1	PROB	'7 + 9 + 3 = '	'19'	1	1782	1
1301408638754	0	STOP
1301408644380	0	START
1301408645445	1	PROB	'3 + 2 + 2 = '	'7'	1	1917	1
1301408647403	1	PROB	'7 + 1 + 3 = '	'11'	1	1447	1
1301408648886	1	PROB	'1 + 8 + 3 = '	'12'	1	2316	1
1301408651243	1	PROB	'3 + 5 + 9 = '	'17'	1	2951	1
1301408654234	1	PROB	'9 + 2 + 9 = '	'20'	1	2008	1
1301408656283	1	PROB	'7 + 2 + 4 = '	'14'	0	3967	1
1301408660250	0	STOP
1301408664356	0	START
1301408665247	1	PROB	'9 + 4 + 2 = '	'15'	1	3603	1
1301408668887	1	PROB	'9 + 2 + 1 = '	'12'	1	1771	1
1301408670703	1	PROB	'5 + 3 + 2 = '	'10'	1	3099	1
1301408673844	1	PROB	'2 + 1 + 9 = '	'12'	1	1718	1
1301408675610	1	PROB	'4 + 4 + 8 = '	'16'	1	1840	1
1301408677484	1	PROB	'4 + 1 + 4 = '	'9'	1	1742	1
1301408679226	0	STOP
1301408684432	0	START
1301408685306	1	PROB	'5 + 4 + 9 = '	'18'	1	3687	1
1301408689030	1	PROB	'6 + 7 + 3 = '	'16'	1	1332	1
1301408690396	1	PROB	'6 + 1 + 9 = '	'16'	1	1438	1
1301408691871	1	PROB	'1 + 4 + 2 = '	'7'	1	2066	1
1301408693986	1	PROB	'6 + 9 + 1 = '	'16'	1	1440	1
1301408695469	1	PROB	'5 + 2 + 2 = '	'9'	1	2325	1
1301408697835	1	PROB	'6 + 8 + 2 = '	'16'	1	1631	1
1301408699466	0	STOP
1301408704325	0	START
1301408705174	1	PROB	'7 + 2 + 3 = '	'12'	1	1332	1
1301408706549	1	PROB	'1 + 7 + 9 = '	'17'	1	1325	1
1301408707914	1	PROB	'2 + 4 + 7 = '	'13'	1	3055	1
1301408711006	1	PROB	'8 + 4 + 7 = '	'19'	1	1844	1
1301408712897	1	PROB	'3 + 9 + 8 = '	'20'	1	4105	1
1301408717045	1	PROB	'8 + 3 + 4 = '	'16'	0	2213	1
1301408719258	0	STOP
1301408724535	0	START
1301408725534	1	PROB	'4 + 7 + 8 = '	'19'	1	2956	1
1301408728533	1	PROB	'3 + 3 + 2 = '	'8'	1	2269	1
1301408730840	1	PROB	'6 + 3 + 3 = '	'12'	1	2746	1
1301408733623	1	PROB	'3 + 5 + 9 = '	'17'	1	2267	1
1301408735937	1	PROB	'5 + 4 + 7 = '	'16'	1	4345	1
1301408740282	0	STOP
1301408744694	0	START
1301408745568	1	PROB	'7 + 4 + 8 = '	'19'	1	3754	1
1301408749359	1	PROB	'2 + 2 + 1 = '	'5'	1	3347	1
1301408752741	1	PROB	'4 + 8 + 8 = '	'20'	1	1853	1
1301408754640	1	PROB	'5 + 6 + 1 = '	'12'	1	1762	1
1301408756440	1	PROB	'1 + 3 + 3 = '	'7'	1	1722	1
1301408758197	1	PROB	'1 + 1 + 2 = '	'4'	1	1429	1
1301408759626	0	STOP
1301408764512	0	START
1301408765661	1	PROB	'4 + 9 + 1 = '	'14'	1	1405	1
1301408767102	1	PROB	'8 + 8 + 5 = '	'21'	1	2236	1
1301408769385	1	PROB	'7 + 8 + 4 = '	'19'	1	3225	1
1301408772650	1	PROB	'5 + 8 + 2 = '	'15'	1	1456	1
1301408774150	1	PROB	'6 + 8 + 7 = '	'21'	1	2396	1
1301408776591	1	PROB	'1 + 2 + 7 = '	'10'	1	1651	1
1301408780512	0	STOP
1301408784563	0	START
1301408785454	1	PROB	'3 + 9 + 1 = '	'13'	1	1204	1
1301408786696	1	PROB	'4 + 4 + 3 = '	'11'	1	4378	1
1301408791119	1	PROB	'8 + 2 + 2 = '	'12'	1	1587	1
1301408792743	1	PROB	'5 + 2 + 6 = '	'13'	1	3131	1
1301408795908	1	PROB	'7 + 3 + 6 = '	'16'	1	1494	1
1301408800563	0	STOP
1301408804631	0	START
1301408805689	1	PROB	'2 + 8 + 3 = '	'13'	1	1529	1
1301408807263	1	PROB	'5 + 6 + 7 = '	'18'	1	2635	1
1301408809936	1	PROB	'2 + 9 + 9 = '	'20'	1	1930	1
1301408811911	1	PROB	'2 + 8 + 4 = '	'14'	1	1923	1
1301408813878	1	PROB	'7 + 6 + 6 = '	'19'	1	3364	1
1301408820631	0	STOP
1301408824616	0	START
1301408825623	1	PROB	'5 + 8 + 8 = '	'21'	1	1987	1
1301408827656	1	PROB	'2 + 9 + 9 = '	'20'	1	2242	1
1301408829946	1	PROB	'7 + 9 + 9 = '	'25'	1	5448	1
1301408835437	1	PROB	'9 + 5 + 7 = '	'21'	1	2516	1
1301408838002	1	PROB	'5 + 1 + 1 = '	'7'	1	2216	1
1301408840218	0	STOP
1301408844567	0	START
1301408845591	1	PROB	'7 + 5 + 5 = '	'17'	1	1843	1
1301408847482	1	PROB	'5 + 2 + 1 = '	'8'	1	1680	1
1301408849207	1	PROB	'2 + 5 + 4 = '	'11'	1	4907	1
1301408854163	1	PROB	'9 + 7 + 2 = '	'18'	1	5231	1
1301408859394	0	STOP
1301408864652	0	START
1301408865801	1	PROB	'2 + 3 + 6 = '	'11'	1	2273	1
1301408868117	1	PROB	'7 + 6 + 2 = '	'15'	1	3597	1
1301408871757	1	PROB	'2 + 5 + 4 = '	'11'	1	1877	1
1301408873673	1	PROB	'1 + 6 + 4 = '	'11'	1	1353	1
1301408875064	1	PROB	'8 + 2 + 4 = '	'14'	1	1786	1
1301408876897	1	PROB	'6 + 7 + 1 = '	'14'	1	1761	1
1301408880651	0	STOP
1301408884711	0	START
1301408885769	1	PROB	'4 + 6 + 8 = '	'18'	1	1649	1
1301408887452	1	PROB	'9 + 5 + 9 = '	'23'	1	3430	1
1301408890916	1	PROB	'9 + 7 + 5 = '	'22'	0	4086	1
1301408895049	1	PROB	'9 + 5 + 2 = '	'16'	1	4657	1
1301408899706	0	STOP
1301409047004	0	START
1301409048011	1	PROB	'3 + 3 + 1 = '	'7'	1	2615	1
1301409050669	1	PROB	'5 + 6 + 3 = '	'14'	1	2421	1
1301409055004	0	STOP
1301409914405	0	E	Logging Ends
