1272643460840	0	B	Logging Begins
1272643460840	0	SESS_START	19
1272643529656	1	FR_PRES	0	CRICKET	408	0	0	1131	(0.42259999999999998, 0.58709999999999996, 0)	../fonts/zerothre.ttf	upper
1272643533639	1	FR_PRES	0	CHEEK	287	0	0	1204	(0.42259999999999998, 0.58709999999999996, 0)	../fonts/zerothre.ttf	upper
1272643537831	1	FR_PRES	0	ATHLETE	52	0	1	884	(0.42259999999999998, 0.58709999999999996, 0)	../fonts/zerothre.ttf	upper
1272643541889	1	FR_PRES	0	BASEBALL	93	1	0	1243	(0.57740000000000002, 0.41289999999999999, 1.0)	../fonts/amplitud.ttf	lower
1272643545989	1	FR_PRES	0	DIME	466	1	0	1295	(0.57740000000000002, 0.41289999999999999, 1.0)	../fonts/amplitud.ttf	lower
1272643549938	1	FR_PRES	0	SALESMAN	1225	0	1	1346	(0.42259999999999998, 0.58709999999999996, 0)	../fonts/zerothre.ttf	upper
1272643554131	1	FR_PRES	0	SCREWDRIVER	1255	0	0	1121	(0.42259999999999998, 0.58709999999999996, 0)	../fonts/zerothre.ttf	upper
1272643558155	1	FR_PRES	0	BARLEY	88	1	0	1161	(0.57740000000000002, 0.41289999999999999, 1.0)	../fonts/amplitud.ttf	lower
1272643562047	1	FR_PRES	0	CASKET	255	1	0	1125	(0.57740000000000002, 0.41289999999999999, 1.0)	../fonts/amplitud.ttf	lower
1272643566255	1	FR_PRES	0	BARTENDER	92	1	1	1293	(0.57740000000000002, 0.41289999999999999, 1.0)	../fonts/amplitud.ttf	lower
1272643570421	1	FR_PRES	0	FIG	563	1	0	895	(0.57740000000000002, 0.41289999999999999, 1.0)	../fonts/amplitud.ttf	lower
1272643574421	1	FR_PRES	0	BLACKBOARD	133	1	0	1927	(0.57740000000000002, 0.41289999999999999, 1.0)	../fonts/amplitud.ttf	lower
1272643578279	1	FR_PRES	0	BULLETIN	195	1	0	885	(0.57740000000000002, 0.41289999999999999, 1.0)	../fonts/amplitud.ttf	lower
1272643582162	1	FR_PRES	0	SKYSCRAPER	1322	0	1	1617	(0.42259999999999998, 0.58709999999999996, 0)	../fonts/zerothre.ttf	upper
1272643586311	1	FR_PRES	0	CUPBOARD	425	0	1	1053	(0.42259999999999998, 0.58709999999999996, 0)	../fonts/zerothre.ttf	upper
1272643590261	1	FR_PRES	0	MOTH	920	0	0	1263	(0.42259999999999998, 0.58709999999999996, 0)	../fonts/zerothre.ttf	upper
1272643596170	1	REC_START
1272643609236	0	REJECT
1272643610084	0	REJECT
1272643616795	0	REJECT
1272643618643	0	REJECT
1272643629292	0	REJECT
1272643652236	0	REJECT
1272643672505	0	REST
1272643674013	1	FR_PRES	1	OBOE	969	1	0	1471	(0.57740000000000002, 0.41289999999999999, 1.0)	../fonts/amplitud.ttf	lower
1272643678105	1	FR_PRES	1	CAP	236	1	0	818	(0.57740000000000002, 0.41289999999999999, 1.0)	../fonts/amplitud.ttf	lower
1272643681979	1	FR_PRES	1	PLATE	1086	1	0	2896	(0.57740000000000002, 0.41289999999999999, 1.0)	../fonts/amplitud.ttf	lower
1272643686154	1	FR_PRES	1	CARPENTER	246	1	1	2250	(0.57740000000000002, 0.41289999999999999, 1.0)	../fonts/amplitud.ttf	lower
1272643690087	1	FR_PRES	1	JUG	762	0	1	1604	(0.42259999999999998, 0.58709999999999996, 0)	../fonts/zerothre.ttf	upper
1272643694087	1	FR_PRES	1	LID	817	0	0	1700	(0.42259999999999998, 0.58709999999999996, 0)	../fonts/zerothre.ttf	upper
1272643698220	1	FR_PRES	1	BULB	192	0	0	984	(0.42259999999999998, 0.58709999999999996, 0)	../fonts/zerothre.ttf	upper
1272643702061	1	FR_PRES	1	VIKING	1565	0	1	1782	(0.42259999999999998, 0.58709999999999996, 0)	../fonts/zerothre.ttf	upper
1272643706178	1	FR_PRES	1	PLIERS	1089	1	0	1290	(0.57740000000000002, 0.41289999999999999, 1.0)	../fonts/amplitud.ttf	lower
1272643710011	1	FR_PRES	1	TURKEY	1520	1	1	1057	(0.57740000000000002, 0.41289999999999999, 1.0)	../fonts/amplitud.ttf	lower
1272643713951	1	FR_PRES	1	BLADE	134	1	0	1645	(0.57740000000000002, 0.41289999999999999, 1.0)	../fonts/amplitud.ttf	lower
1272643717934	1	FR_PRES	1	KNIFE	785	1	0	1566	(0.57740000000000002, 0.41289999999999999, 1.0)	../fonts/amplitud.ttf	lower
1272643721934	1	FR_PRES	1	TYPIST	1532	0	1	1206	(0.42259999999999998, 0.58709999999999996, 0)	../fonts/zerothre.ttf	upper
1272643725817	1	FR_PRES	1	TYPEWRITER	1531	0	1	1435	(0.42259999999999998, 0.58709999999999996, 0)	../fonts/zerothre.ttf	upper
1272643729900	1	FR_PRES	1	MULE	931	0	1	999	(0.42259999999999998, 0.58709999999999996, 0)	../fonts/zerothre.ttf	upper
1272643734076	1	FR_PRES	1	LAWN	805	0	1	960	(0.42259999999999998, 0.58709999999999996, 0)	../fonts/zerothre.ttf	upper
1272643739933	1	REC_START
1272643752180	0	REJECT
1272643775508	0	REJECT
1272643776588	0	REJECT
1272643777388	0	REJECT
1272643816345	0	REST
1272643817852	1	FR_PRES	2	COLT	349	-1	-1	-1272643817852	white	../fonts/Verdana.ttf	upper
1272643821735	1	FR_PRES	2	CARRIAGE	248	-1	-1	-1272643821735	white	../fonts/Verdana.ttf	upper
1272643825586	1	FR_PRES	2	TENT	1449	-1	-1	-1272643825586	white	../fonts/Verdana.ttf	upper
1272643829485	1	FR_PRES	2	DRAWING	494	-1	-1	-1272643829485	white	../fonts/Verdana.ttf	upper
1272643833293	1	FR_PRES	2	UNDERWEAR	1537	-1	-1	-1272643833293	white	../fonts/Verdana.ttf	upper
1272643837177	1	FR_PRES	2	SWAMP	1416	-1	-1	-1272643837177	white	../fonts/Verdana.ttf	upper
1272643841110	1	FR_PRES	2	SWITCH	1422	-1	-1	-1272643841110	white	../fonts/Verdana.ttf	upper
1272643845126	1	FR_PRES	2	FINGERNAIL	568	-1	-1	-1272643845126	white	../fonts/Verdana.ttf	upper
1272643849059	1	FR_PRES	2	SPINACH	1352	-1	-1	-1272643849059	white	../fonts/Verdana.ttf	upper
1272643853150	1	FR_PRES	2	PARSLEY	1016	-1	-1	-1272643853150	white	../fonts/Verdana.ttf	upper
1272643857258	1	FR_PRES	2	BEAD	103	-1	-1	-1272643857258	white	../fonts/Verdana.ttf	upper
1272643861291	1	FR_PRES	2	REPTILE	1185	-1	-1	-1272643861291	white	../fonts/Verdana.ttf	upper
1272643865266	1	FR_PRES	2	SPHINX	1349	-1	-1	-1272643865266	white	../fonts/Verdana.ttf	upper
1272643869182	1	FR_PRES	2	GUARDIAN	668	-1	-1	-1272643869182	white	../fonts/Verdana.ttf	upper
1272643873324	1	FR_PRES	2	LACE	792	-1	-1	-1272643873324	white	../fonts/Verdana.ttf	upper
1272643877190	1	FR_PRES	2	THUMB	1462	-1	-1	-1272643877190	white	../fonts/Verdana.ttf	upper
1272643883249	1	REC_START
1272643901715	0	REJECT
1272643910332	0	REJECT
1272643936116	0	REJECT
1272643937156	0	REJECT
1272643940292	0	REJECT
1272643961825	0	REST
1272643963326	1	FR_PRES	3	WASHER	1592	-1	-1	-1272643963326	white	../fonts/Verdana.ttf	upper
1272643967367	1	FR_PRES	3	BOLT	146	-1	-1	-1272643967367	white	../fonts/Verdana.ttf	upper
1272643971475	1	FR_PRES	3	CYLINDER	432	-1	-1	-1272643971475	white	../fonts/Verdana.ttf	upper
1272643975425	1	FR_PRES	3	CLOTHES	327	-1	-1	-1272643975425	white	../fonts/Verdana.ttf	upper
1272643979541	1	FR_PRES	3	SHIRT	1287	-1	-1	-1272643979541	white	../fonts/Verdana.ttf	upper
1272643983441	1	FR_PRES	3	PASSENGER	1020	-1	-1	-1272643983441	white	../fonts/Verdana.ttf	upper
1272643987324	1	FR_PRES	3	MISSILE	900	-1	-1	-1272643987324	white	../fonts/Verdana.ttf	upper
1272643991349	1	FR_PRES	3	FRECKLE	602	-1	-1	-1272643991349	white	../fonts/Verdana.ttf	upper
1272643995448	1	FR_PRES	3	RAG	1160	-1	-1	-1272643995448	white	../fonts/Verdana.ttf	upper
1272643999415	1	FR_PRES	3	PIANO	1057	-1	-1	-1272643999415	white	../fonts/Verdana.ttf	upper
1272644003464	1	FR_PRES	3	BURGLAR	200	-1	-1	-1272644003464	white	../fonts/Verdana.ttf	upper
1272644007347	1	FR_PRES	3	OTTER	986	-1	-1	-1272644007347	white	../fonts/Verdana.ttf	upper
1272644011305	1	FR_PRES	3	TREAD	1499	-1	-1	-1272644011305	white	../fonts/Verdana.ttf	upper
1272644015330	1	FR_PRES	3	VETERAN	1561	-1	-1	-1272644015330	white	../fonts/Verdana.ttf	upper
1272644019522	1	FR_PRES	3	TIMBER	1469	-1	-1	-1272644019522	white	../fonts/Verdana.ttf	upper
1272644023546	1	FR_PRES	3	SAP	1233	-1	-1	-1272644023546	white	../fonts/Verdana.ttf	upper
1272644029338	1	REC_START
1272644037516	0	REJECT
1272644039771	0	REJECT
1272644054252	0	REJECT
1272644068939	0	REJECT
1272644091388	0	REJECT
1272644093699	0	REJECT
1272644105274	0	REST
1272644106781	1	FR_PRES	4	PAW	1029	1	0	1054	(0.57740000000000002, 0.41289999999999999, 1.0)	../fonts/amplitud.ttf	lower
1272644110814	1	FR_PRES	4	PIT	1077	1	0	1853	(0.57740000000000002, 0.41289999999999999, 1.0)	../fonts/amplitud.ttf	lower
1272644114922	1	FR_PRES	4	RESTAURANT	1187	1	0	1049	(0.57740000000000002, 0.41289999999999999, 1.0)	../fonts/amplitud.ttf	lower
1272644118780	1	FR_PRES	4	SENATE	1267	1	0	911	(0.57740000000000002, 0.41289999999999999, 1.0)	../fonts/amplitud.ttf	lower
1272644122821	1	FR_PRES	4	BAIT	70	1	0	1878	(0.57740000000000002, 0.41289999999999999, 1.0)	../fonts/amplitud.ttf	lower
1272644126946	1	FR_PRES	4	BARRACUDA	90	1	1	1074	(0.57740000000000002, 0.41289999999999999, 1.0)	../fonts/amplitud.ttf	lower
1272644131088	1	FR_PRES	4	LAKE	796	1	0	771	(0.57740000000000002, 0.41289999999999999, 1.0)	../fonts/amplitud.ttf	lower
1272644134995	1	FR_PRES	4	TUNA	1518	1	1	1289	(0.57740000000000002, 0.41289999999999999, 1.0)	../fonts/amplitud.ttf	lower
1272644139096	1	FR_PRES	4	FRIES	607	1	0	1068	(0.57740000000000002, 0.41289999999999999, 1.0)	../fonts/amplitud.ttf	lower
1272644142936	1	FR_PRES	4	TOMATO	1476	1	0	915	(0.57740000000000002, 0.41289999999999999, 1.0)	../fonts/amplitud.ttf	lower
1272644146778	1	FR_PRES	4	SENATOR	1268	1	1	1522	(0.57740000000000002, 0.41289999999999999, 1.0)	../fonts/amplitud.ttf	lower
1272644150728	1	FR_PRES	4	LUNCH	849	1	0	1332	(0.57740000000000002, 0.41289999999999999, 1.0)	../fonts/amplitud.ttf	lower
1272644154894	1	FR_PRES	4	MOON	914	1	0	1622	(0.57740000000000002, 0.41289999999999999, 1.0)	../fonts/amplitud.ttf	lower
1272644158910	1	FR_PRES	4	PLANT	1083	1	0	646	(0.57740000000000002, 0.41289999999999999, 1.0)	../fonts/amplitud.ttf	lower
1272644162843	1	FR_PRES	4	GARBAGE	622	1	0	729	(0.57740000000000002, 0.41289999999999999, 1.0)	../fonts/amplitud.ttf	lower
1272644167036	1	FR_PRES	4	STRAWBERRY	1391	1	0	943	(0.57740000000000002, 0.41289999999999999, 1.0)	../fonts/amplitud.ttf	lower
1272644172752	1	REC_START
1272644179156	0	REJECT
1272644218923	0	REJECT
1272644234388	0	REJECT
1272644250779	0	REST
1272644252279	1	FR_PRES	5	CLOWN	330	1	0	933	(0.57740000000000002, 0.41289999999999999, 1.0)	../fonts/amplitud.ttf	lower
1272644256321	1	FR_PRES	5	LEMON	810	1	0	1035	(0.57740000000000002, 0.41289999999999999, 1.0)	../fonts/amplitud.ttf	lower
1272644260304	1	FR_PRES	5	FLIPPER	580	1	0	1603	(0.57740000000000002, 0.41289999999999999, 1.0)	../fonts/amplitud.ttf	lower
1272644264403	1	FR_PRES	5	FAMILY	550	0	1	1145	(0.42259999999999998, 0.58709999999999996, 0)	../fonts/zerothre.ttf	upper
1272644268212	1	FR_PRES	5	NIECE	952	0	1	2792	(0.42259999999999998, 0.58709999999999996, 0)	../fonts/zerothre.ttf	upper
1272644272220	1	FR_PRES	5	EMPLOYER	532	0	1	1743	(0.42259999999999998, 0.58709999999999996, 0)	../fonts/zerothre.ttf	upper
1272644276261	1	FR_PRES	5	FRIEND	606	0	1	1927	(0.42259999999999998, 0.58709999999999996, 0)	../fonts/zerothre.ttf	upper
1272644280094	1	FR_PRES	5	CAFE	216	1	0	1054	(0.57740000000000002, 0.41289999999999999, 1.0)	../fonts/amplitud.ttf	lower
1272644284169	1	FR_PRES	5	THIMBLE	1458	1	0	714	(0.57740000000000002, 0.41289999999999999, 1.0)	../fonts/amplitud.ttf	lower
1272644288043	1	FR_PRES	5	SPOOL	1356	1	0	728	(0.57740000000000002, 0.41289999999999999, 1.0)	../fonts/amplitud.ttf	lower
1272644292135	1	FR_PRES	5	DINNER	468	1	0	1189	(0.57740000000000002, 0.41289999999999999, 1.0)	../fonts/amplitud.ttf	lower
1272644296226	1	FR_PRES	5	COMMANDER	354	1	1	1529	(0.57740000000000002, 0.41289999999999999, 1.0)	../fonts/amplitud.ttf	lower
1272644300276	1	FR_PRES	5	MONEY	908	0	0	1848	(0.42259999999999998, 0.58709999999999996, 0)	../fonts/zerothre.ttf	upper
1272644304351	1	FR_PRES	5	ASSOCIATE	49	0	1	877	(0.42259999999999998, 0.58709999999999996, 0)	../fonts/zerothre.ttf	upper
1272644308259	1	FR_PRES	5	SUBURB	1399	0	1	2001	(0.42259999999999998, 0.58709999999999996, 0)	../fonts/zerothre.ttf	upper
1272644312100	1	FR_PRES	5	GOVERNOR	651	0	1	719	(0.42259999999999998, 0.58709999999999996, 0)	../fonts/zerothre.ttf	upper
1272644318017	1	REC_START
1272644332556	0	REJECT
1272644343316	0	REJECT
1272644343987	0	REJECT
1272644353604	0	REJECT
1272644396951	0	REST
1272644398452	1	FR_PRES	6	VESSEL	1558	-1	-1	-1272644398452	white	../fonts/Verdana.ttf	upper
1272644402485	1	FR_PRES	6	LOOP	844	-1	-1	-1272644402485	white	../fonts/Verdana.ttf	upper
1272644406410	1	FR_PRES	6	BACON	67	-1	-1	-1272644406410	white	../fonts/Verdana.ttf	upper
1272644410426	1	FR_PRES	6	SPATULA	1348	-1	-1	-1272644410426	white	../fonts/Verdana.ttf	upper
1272644414576	1	FR_PRES	6	SAW	1239	-1	-1	-1272644414576	white	../fonts/Verdana.ttf	upper
1272644418509	1	FR_PRES	6	LUMBER	848	-1	-1	-1272644418509	white	../fonts/Verdana.ttf	upper
1272644422624	1	FR_PRES	6	ATTORNEY	58	-1	-1	-1272644422624	white	../fonts/Verdana.ttf	upper
1272644426799	1	FR_PRES	6	DOCTOR	478	-1	-1	-1272644426799	white	../fonts/Verdana.ttf	upper
1272644430940	1	FR_PRES	6	PIRATE	1074	-1	-1	-1272644430940	white	../fonts/Verdana.ttf	upper
1272644435141	1	FR_PRES	6	GRADUATE	653	-1	-1	-1272644435141	white	../fonts/Verdana.ttf	upper
1272644439174	1	FR_PRES	6	SCHOOL	1248	-1	-1	-1272644439174	white	../fonts/Verdana.ttf	upper
1272644443024	1	FR_PRES	6	CHIME	300	-1	-1	-1272644443024	white	../fonts/Verdana.ttf	upper
1272644446981	1	FR_PRES	6	YARN	1631	-1	-1	-1272644446981	white	../fonts/Verdana.ttf	upper
1272644451057	1	FR_PRES	6	DIARY	460	-1	-1	-1272644451057	white	../fonts/Verdana.ttf	upper
1272644455065	1	FR_PRES	6	NECKLACE	940	-1	-1	-1272644455065	white	../fonts/Verdana.ttf	upper
1272644459131	1	FR_PRES	6	TREE	1502	-1	-1	-1272644459131	white	../fonts/Verdana.ttf	upper
1272644465190	1	REC_START
1272644478228	0	REJECT
1272644478995	0	REJECT
1272644536612	0	REJECT
1272644541300	0	REST
1272644542807	1	FR_PRES	7	WIFE	1609	0	1	1044	(0.42259999999999998, 0.58709999999999996, 0)	../fonts/zerothre.ttf	upper
1272644546648	1	FR_PRES	7	SPOUSE	1358	0	1	1644	(0.42259999999999998, 0.58709999999999996, 0)	../fonts/zerothre.ttf	upper
1272644550707	1	FR_PRES	7	GANG	619	0	1	913	(0.42259999999999998, 0.58709999999999996, 0)	../fonts/zerothre.ttf	upper
1272644554740	1	FR_PRES	7	VALVE	1546	0	0	1504	(0.42259999999999998, 0.58709999999999996, 0)	../fonts/zerothre.ttf	upper
1272644558781	1	FR_PRES	7	MEDAL	885	0	-999	3000	(0.42259999999999998, 0.58709999999999996, 0)	../fonts/zerothre.ttf	upper
1272644561806	1	SLOW_MSG
1272644564323	1	FR_PRES	7	SHORTCAKE	1292	0	1	2001	(0.42259999999999998, 0.58709999999999996, 0)	../fonts/zerothre.ttf	upper
1272644568456	1	FR_PRES	7	BOWL	158	1	0	2044	(0.57740000000000002, 0.41289999999999999, 1.0)	../fonts/amplitud.ttf	lower
1272644572406	1	FR_PRES	7	BOSS	152	1	1	966	(0.57740000000000002, 0.41289999999999999, 1.0)	../fonts/amplitud.ttf	lower
1272644576506	1	FR_PRES	7	APPLE	33	1	0	1137	(0.57740000000000002, 0.41289999999999999, 1.0)	../fonts/amplitud.ttf	lower
1272644580564	1	FR_PRES	7	JUDGE	761	0	1	1343	(0.42259999999999998, 0.58709999999999996, 0)	../fonts/zerothre.ttf	upper
1272644584597	1	FR_PRES	7	RECEIPT	1173	0	0	2334	(0.42259999999999998, 0.58709999999999996, 0)	../fonts/zerothre.ttf	upper
1272644588804	1	FR_PRES	7	TREASURE	1500	1	0	1111	(0.57740000000000002, 0.41289999999999999, 1.0)	../fonts/amplitud.ttf	lower
1272644592945	1	FR_PRES	7	NUCLEUS	961	1	0	866	(0.57740000000000002, 0.41289999999999999, 1.0)	../fonts/amplitud.ttf	lower
1272644597062	1	FR_PRES	7	MINER	896	1	1	1669	(0.57740000000000002, 0.41289999999999999, 1.0)	../fonts/amplitud.ttf	lower
1272644600944	1	FR_PRES	7	LAWYER	806	1	1	939	(0.57740000000000002, 0.41289999999999999, 1.0)	../fonts/amplitud.ttf	lower
1272644605137	1	FR_PRES	7	BAY	102	1	0	1083	(0.57740000000000002, 0.41289999999999999, 1.0)	../fonts/amplitud.ttf	lower
1272644610728	1	REC_START
1272644625260	0	REJECT
1272644629132	0	REJECT
1272644657156	0	REJECT
1272644678683	0	REJECT
1272644686614	0	REST
1272644688122	1	FR_PRES	8	WOLF	1619	-1	-1	-1272644688122	white	../fonts/Verdana.ttf	upper
1272644692180	1	FR_PRES	8	BEE	112	-1	-1	-1272644692180	white	../fonts/Verdana.ttf	upper
1272644696363	1	FR_PRES	8	GALAXY	617	-1	-1	-1272644696363	white	../fonts/Verdana.ttf	upper
1272644700271	1	FR_PRES	8	CHIPMUNK	304	-1	-1	-1272644700271	white	../fonts/Verdana.ttf	upper
1272644704405	1	FR_PRES	8	BLOUSE	139	-1	-1	-1272644704405	white	../fonts/Verdana.ttf	upper
1272644708371	1	FR_PRES	8	LOAF	835	-1	-1	-1272644708371	white	../fonts/Verdana.ttf	upper
1272644712212	1	FR_PRES	8	DOUGH	489	-1	-1	-1272644712212	white	../fonts/Verdana.ttf	upper
1272644716054	1	FR_PRES	8	MONKEY	911	-1	-1	-1272644716054	white	../fonts/Verdana.ttf	upper
1272644720003	1	FR_PRES	8	SUPERVISOR	1410	-1	-1	-1272644720003	white	../fonts/Verdana.ttf	upper
1272644723935	1	FR_PRES	8	BUNNY	198	-1	-1	-1272644723935	white	../fonts/Verdana.ttf	upper
1272644727935	1	FR_PRES	8	ANKLE	24	-1	-1	-1272644727935	white	../fonts/Verdana.ttf	upper
1272644732119	1	FR_PRES	8	JOINT	758	-1	-1	-1272644732119	white	../fonts/Verdana.ttf	upper
1272644736002	1	FR_PRES	8	PASSAGE	1019	-1	-1	-1272644736002	white	../fonts/Verdana.ttf	upper
1272644739984	1	FR_PRES	8	TUNNEL	1519	-1	-1	-1272644739984	white	../fonts/Verdana.ttf	upper
1272644743959	1	FR_PRES	8	ASSISTANT	48	-1	-1	-1272644743959	white	../fonts/Verdana.ttf	upper
1272644748026	1	FR_PRES	8	VEST	1559	-1	-1	-1272644748026	white	../fonts/Verdana.ttf	upper
1272644753842	1	REC_START
1272644762651	0	REJECT
1272644787995	0	REJECT
1272644806779	0	REJECT
1272644829928	0	REST
1272644831429	1	FR_PRES	9	CHAIRPERSON	275	1	1	791	(0.57740000000000002, 0.41289999999999999, 1.0)	../fonts/amplitud.ttf	lower
1272644835295	1	FR_PRES	9	ASIA	46	1	0	885	(0.57740000000000002, 0.41289999999999999, 1.0)	../fonts/amplitud.ttf	lower
1272644839361	1	FR_PRES	9	FRANCE	601	1	0	1259	(0.57740000000000002, 0.41289999999999999, 1.0)	../fonts/amplitud.ttf	lower
1272644843253	1	FR_PRES	9	FOLLOWER	589	1	1	2095	(0.57740000000000002, 0.41289999999999999, 1.0)	../fonts/amplitud.ttf	lower
1272644847386	1	FR_PRES	9	DUNE	506	1	0	842	(0.57740000000000002, 0.41289999999999999, 1.0)	../fonts/amplitud.ttf	lower
1272644851269	1	FR_PRES	9	ALMANAC	17	1	0	1255	(0.57740000000000002, 0.41289999999999999, 1.0)	../fonts/amplitud.ttf	lower
1272644855185	1	FR_PRES	9	ATLAS	53	1	0	1227	(0.57740000000000002, 0.41289999999999999, 1.0)	../fonts/amplitud.ttf	lower
1272644859118	1	FR_PRES	9	CACTUS	215	1	1	1781	(0.57740000000000002, 0.41289999999999999, 1.0)	../fonts/amplitud.ttf	lower
1272644863301	1	FR_PRES	9	LOFT	840	1	0	1247	(0.57740000000000002, 0.41289999999999999, 1.0)	../fonts/amplitud.ttf	lower
1272644867376	1	FR_PRES	9	SHUTTER	1300	1	0	1076	(0.57740000000000002, 0.41289999999999999, 1.0)	../fonts/amplitud.ttf	lower
1272644871234	1	FR_PRES	9	STEM	1376	1	0	1138	(0.57740000000000002, 0.41289999999999999, 1.0)	../fonts/amplitud.ttf	lower
1272644875159	1	FR_PRES	9	SHELTER	1282	1	0	1357	(0.57740000000000002, 0.41289999999999999, 1.0)	../fonts/amplitud.ttf	lower
1272644879108	1	FR_PRES	9	SUBWAY	1400	1	0	2456	(0.57740000000000002, 0.41289999999999999, 1.0)	../fonts/amplitud.ttf	lower
1272644883025	1	FR_PRES	9	TRAIN	1494	1	0	682	(0.57740000000000002, 0.41289999999999999, 1.0)	../fonts/amplitud.ttf	lower
1272644887049	1	FR_PRES	9	VACUUM	1543	1	0	1099	(0.57740000000000002, 0.41289999999999999, 1.0)	../fonts/amplitud.ttf	lower
1272644890973	1	FR_PRES	9	CHIMPANZEE	302	1	1	950	(0.57740000000000002, 0.41289999999999999, 1.0)	../fonts/amplitud.ttf	lower
1272644896823	1	REC_START
1272644908987	0	REJECT
1272644932580	0	REJECT
1272644933236	0	REJECT
1272644935755	0	REJECT
1272644962588	0	REJECT
1272644973227	0	REST
1272644974734	1	FR_PRES	10	TROUT	1511	0	1	1334	(0.42259999999999998, 0.58709999999999996, 0)	../fonts/zerothre.ttf	upper
1272644978633	1	FR_PRES	10	WORLD	1622	0	1	883	(0.42259999999999998, 0.58709999999999996, 0)	../fonts/zerothre.ttf	upper
1272644982601	1	FR_PRES	10	TOASTER	1472	0	1	2114	(0.42259999999999998, 0.58709999999999996, 0)	../fonts/zerothre.ttf	upper
1272644986658	1	FR_PRES	10	STONE	1385	0	-999	3000	(0.42259999999999998, 0.58709999999999996, 0)	../fonts/zerothre.ttf	upper
1272644989683	1	SLOW_MSG
1272644992017	1	FR_PRES	10	LEG	809	0	1	1083	(0.42259999999999998, 0.58709999999999996, 0)	../fonts/zerothre.ttf	upper
1272644996066	1	FR_PRES	10	APPENDAGE	32	0	1	1178	(0.42259999999999998, 0.58709999999999996, 0)	../fonts/zerothre.ttf	upper
1272644999882	1	FR_PRES	10	SALMON	1227	0	1	546	(0.42259999999999998, 0.58709999999999996, 0)	../fonts/zerothre.ttf	upper
1272645004049	1	FR_PRES	10	YARD	1630	0	1	1339	(0.42259999999999998, 0.58709999999999996, 0)	../fonts/zerothre.ttf	upper
1272645008191	1	FR_PRES	10	RAKE	1164	0	1	2245	(0.42259999999999998, 0.58709999999999996, 0)	../fonts/zerothre.ttf	upper
1272645012049	1	FR_PRES	10	DOLL	481	0	0	2387	(0.42259999999999998, 0.58709999999999996, 0)	../fonts/zerothre.ttf	upper
1272645016015	1	FR_PRES	10	SAPPHIRE	1234	0	0	1980	(0.42259999999999998, 0.58709999999999996, 0)	../fonts/zerothre.ttf	upper
1272645019972	1	FR_PRES	10	PEAR	1033	0	0	2205	(0.42259999999999998, 0.58709999999999996, 0)	../fonts/zerothre.ttf	upper
1272645023797	1	FR_PRES	10	CABBAGE	210	0	1	1495	(0.42259999999999998, 0.58709999999999996, 0)	../fonts/zerothre.ttf	upper
1272645027746	1	FR_PRES	10	POT	1114	0	1	746	(0.42259999999999998, 0.58709999999999996, 0)	../fonts/zerothre.ttf	upper
1272645031821	1	FR_PRES	10	BLACKBERRY	132	0	0	1166	(0.42259999999999998, 0.58709999999999996, 0)	../fonts/zerothre.ttf	upper
1272645035888	1	FR_PRES	10	HIGHWAY	707	0	1	684	(0.42259999999999998, 0.58709999999999996, 0)	../fonts/zerothre.ttf	upper
1272645041721	1	REC_START
1272645055811	0	REJECT
1272645108236	0	REJECT
1272645119007	0	REST
1272645120516	1	FR_PRES	11	OFFICER	973	0	1	1135	(0.42259999999999998, 0.58709999999999996, 0)	../fonts/zerothre.ttf	upper
1272645124723	1	FR_PRES	11	SHERIFF	1284	0	1	1873	(0.42259999999999998, 0.58709999999999996, 0)	../fonts/zerothre.ttf	upper
1272645128889	1	FR_PRES	11	BEAN	105	0	0	2675	(0.42259999999999998, 0.58709999999999996, 0)	../fonts/zerothre.ttf	upper
1272645132930	1	FR_PRES	11	LABEL	790	0	0	865	(0.42259999999999998, 0.58709999999999996, 0)	../fonts/zerothre.ttf	upper
1272645136855	1	FR_PRES	11	BOOK	149	0	1	2036	(0.42259999999999998, 0.58709999999999996, 0)	../fonts/zerothre.ttf	upper
1272645140846	1	FR_PRES	11	MARKET	871	0	1	710	(0.42259999999999998, 0.58709999999999996, 0)	../fonts/zerothre.ttf	upper
1272645144946	1	FR_PRES	11	EMERALD	528	0	0	1857	(0.42259999999999998, 0.58709999999999996, 0)	../fonts/zerothre.ttf	upper
1272645148771	1	FR_PRES	11	DINOSAUR	469	0	1	1257	(0.42259999999999998, 0.58709999999999996, 0)	../fonts/zerothre.ttf	upper
1272645152829	1	FR_PRES	11	MANSION	864	0	1	1094	(0.42259999999999998, 0.58709999999999996, 0)	../fonts/zerothre.ttf	upper
1272645156870	1	FR_PRES	11	BILL	126	0	0	1101	(0.42259999999999998, 0.58709999999999996, 0)	../fonts/zerothre.ttf	upper
1272645160803	1	FR_PRES	11	REGISTER	1180	0	1	1473	(0.42259999999999998, 0.58709999999999996, 0)	../fonts/zerothre.ttf	upper
1272645164961	1	FR_PRES	11	DEPARTMENT	449	0	1	1850	(0.42259999999999998, 0.58709999999999996, 0)	../fonts/zerothre.ttf	upper
1272645169045	1	FR_PRES	11	SIRLOIN	1311	0	0	1559	(0.42259999999999998, 0.58709999999999996, 0)	../fonts/zerothre.ttf	upper
1272645172977	1	FR_PRES	11	GUEST	669	0	1	2635	(0.42259999999999998, 0.58709999999999996, 0)	../fonts/zerothre.ttf	upper
1272645176969	1	FR_PRES	11	CONTINENT	367	0	1	1018	(0.42259999999999998, 0.58709999999999996, 0)	../fonts/zerothre.ttf	upper
1272645180860	1	FR_PRES	11	SMOG	1330	0	0	1111	(0.42259999999999998, 0.58709999999999996, 0)	../fonts/zerothre.ttf	upper
1272645186652	1	REC_START
1272645206108	0	REJECT
1272645206891	0	REJECT
1272645207468	0	REJECT
1272645232324	0	REJECT
1272645262263	1	REST_REWET
1272645687374	0	REST
1272645688881	1	FR_PRES	12	HONEY	713	0	0	2114	(0.42259999999999998, 0.58709999999999996, 0)	../fonts/zerothre.ttf	upper
1272645693065	1	FR_PRES	12	CHESS	294	0	0	1459	(0.42259999999999998, 0.58709999999999996, 0)	../fonts/zerothre.ttf	upper
1272645697032	1	FR_PRES	12	PUBLISHER	1137	0	1	1132	(0.42259999999999998, 0.58709999999999996, 0)	../fonts/zerothre.ttf	upper
1272645701056	1	FR_PRES	12	VIOLA	1570	0	1	1396	(0.42259999999999998, 0.58709999999999996, 0)	../fonts/zerothre.ttf	upper
1272645705231	1	FR_PRES	12	HARP	689	0	1	1301	(0.42259999999999998, 0.58709999999999996, 0)	../fonts/zerothre.ttf	upper
1272645709422	1	FR_PRES	12	LIMB	822	0	0	2317	(0.42259999999999998, 0.58709999999999996, 0)	../fonts/zerothre.ttf	upper
1272645713372	1	FR_PRES	12	RADIATOR	1156	0	1	1064	(0.42259999999999998, 0.58709999999999996, 0)	../fonts/zerothre.ttf	upper
1272645717272	1	FR_PRES	12	FOX	598	0	1	1924	(0.42259999999999998, 0.58709999999999996, 0)	../fonts/zerothre.ttf	upper
1272645721380	1	FR_PRES	12	SOFTBALL	1343	0	0	1976	(0.42259999999999998, 0.58709999999999996, 0)	../fonts/zerothre.ttf	upper
1272645725521	1	FR_PRES	12	GROCERIES	663	0	1	1027	(0.42259999999999998, 0.58709999999999996, 0)	../fonts/zerothre.ttf	upper
1272645729421	1	FR_PRES	12	INMATE	738	0	1	703	(0.42259999999999998, 0.58709999999999996, 0)	../fonts/zerothre.ttf	upper
1272645733279	1	FR_PRES	12	CHAMBER	277	0	1	668	(0.42259999999999998, 0.58709999999999996, 0)	../fonts/zerothre.ttf	upper
1272645737470	1	FR_PRES	12	BLOCKADE	137	0	1	1517	(0.42259999999999998, 0.58709999999999996, 0)	../fonts/zerothre.ttf	upper
1272645741578	1	FR_PRES	12	POLICE	1098	0	1	1738	(0.42259999999999998, 0.58709999999999996, 0)	../fonts/zerothre.ttf	upper
1272645745644	1	FR_PRES	12	DOUGHNUT	490	0	0	1848	(0.42259999999999998, 0.58709999999999996, 0)	../fonts/zerothre.ttf	upper
1272645749594	1	FR_PRES	12	MAGAZINE	853	0	0	1930	(0.42259999999999998, 0.58709999999999996, 0)	../fonts/zerothre.ttf	upper
1272645755353	1	REC_START
1272645792420	0	REJECT
1272645804572	0	REJECT
1272645806556	0	REJECT
1272645810612	0	REJECT
1272645831555	0	REST
1272645833063	1	FR_PRES	13	TOENAIL	1474	0	0	1189	(0.42259999999999998, 0.58709999999999996, 0)	../fonts/zerothre.ttf	upper
1272645837004	1	FR_PRES	13	TOILET	1475	0	1	1008	(0.42259999999999998, 0.58709999999999996, 0)	../fonts/zerothre.ttf	upper
1272645840828	1	FR_PRES	13	SEAGULL	1261	1	1	1135	(0.57740000000000002, 0.41289999999999999, 1.0)	../fonts/amplitud.ttf	lower
1272645844970	1	FR_PRES	13	EAGLE	512	1	1	1857	(0.57740000000000002, 0.41289999999999999, 1.0)	../fonts/amplitud.ttf	lower
1272645849029	1	FR_PRES	13	DESSERT	453	1	0	1678	(0.57740000000000002, 0.41289999999999999, 1.0)	../fonts/amplitud.ttf	lower
1272645853037	1	FR_PRES	13	SWAN	1417	0	1	1854	(0.42259999999999998, 0.58709999999999996, 0)	../fonts/zerothre.ttf	upper
1272645857070	1	FR_PRES	13	CROW	414	0	1	757	(0.42259999999999998, 0.58709999999999996, 0)	../fonts/zerothre.ttf	upper
1272645861044	1	FR_PRES	13	SPONGE	1355	1	0	1512	(0.57740000000000002, 0.41289999999999999, 1.0)	../fonts/amplitud.ttf	lower
1272645864985	1	FR_PRES	13	ANTENNA	28	1	0	714	(0.57740000000000002, 0.41289999999999999, 1.0)	../fonts/amplitud.ttf	lower
1272645868884	1	FR_PRES	13	COLLAR	345	1	0	2192	(0.57740000000000002, 0.41289999999999999, 1.0)	../fonts/amplitud.ttf	lower
1272645872976	1	FR_PRES	13	HAT	690	1	0	1875	(0.57740000000000002, 0.41289999999999999, 1.0)	../fonts/amplitud.ttf	lower
1272645877110	1	FR_PRES	13	ROBE	1198	1	0	813	(0.57740000000000002, 0.41289999999999999, 1.0)	../fonts/amplitud.ttf	lower
1272645880984	1	FR_PRES	13	PRINTER	1126	0	1	2787	(0.42259999999999998, 0.58709999999999996, 0)	../fonts/zerothre.ttf	upper
1272645885109	1	FR_PRES	13	CRACKER	398	0	-999	3000	(0.42259999999999998, 0.58709999999999996, 0)	../fonts/zerothre.ttf	upper
1272645888134	1	SLOW_MSG
1272645890658	1	FR_PRES	13	FUDGE	611	0	0	1570	(0.42259999999999998, 0.58709999999999996, 0)	../fonts/zerothre.ttf	upper
1272645894816	1	FR_PRES	13	REEF	1177	0	1	1915	(0.42259999999999998, 0.58709999999999996, 0)	../fonts/zerothre.ttf	upper
1272645900741	1	REC_START
1272645922741	30	REJECT
1272645934803	0	REJECT
1272645935444	0	REJECT
1272645970036	0	REJECT
1272645977927	0	REST
1272645979427	1	FR_PRES	14	WALRUS	1585	1	1	1312	(0.57740000000000002, 0.41289999999999999, 1.0)	../fonts/amplitud.ttf	lower
1272645983394	1	FR_PRES	14	CHAIR	274	1	0	2353	(0.57740000000000002, 0.41289999999999999, 1.0)	../fonts/amplitud.ttf	lower
1272645987410	1	FR_PRES	14	JET	756	1	0	1906	(0.57740000000000002, 0.41289999999999999, 1.0)	../fonts/amplitud.ttf	lower
1272645991401	1	FR_PRES	14	LIST	830	0	0	1410	(0.42259999999999998, 0.58709999999999996, 0)	../fonts/zerothre.ttf	upper
1272645995376	1	FR_PRES	14	EUROPE	541	0	1	956	(0.42259999999999998, 0.58709999999999996, 0)	../fonts/zerothre.ttf	upper
1272645999193	1	FR_PRES	14	SERPENT	1270	1	1	1323	(0.57740000000000002, 0.41289999999999999, 1.0)	../fonts/amplitud.ttf	lower
1272646003092	1	FR_PRES	14	BEETLE	116	1	1	1743	(0.57740000000000002, 0.41289999999999999, 1.0)	../fonts/amplitud.ttf	lower
1272646007100	1	FR_PRES	14	SIGNATURE	1306	0	-999	3001	(0.42259999999999998, 0.58709999999999996, 0)	../fonts/zerothre.ttf	upper
1272646010125	1	SLOW_MSG
1272646012666	1	FR_PRES	14	FLY	586	0	1	1498	(0.42259999999999998, 0.58709999999999996, 0)	../fonts/zerothre.ttf	upper
1272646016849	1	FR_PRES	14	ZOO	1637	0	1	1651	(0.42259999999999998, 0.58709999999999996, 0)	../fonts/zerothre.ttf	upper
1272646020973	1	FR_PRES	14	NICKEL	950	0	0	1431	(0.42259999999999998, 0.58709999999999996, 0)	../fonts/zerothre.ttf	upper
1272646025116	1	FR_PRES	14	POCKETBOOK	1094	0	1	1344	(0.42259999999999998, 0.58709999999999996, 0)	../fonts/zerothre.ttf	upper
1272646028939	1	FR_PRES	14	OCEAN	970	0	1	1864	(0.42259999999999998, 0.58709999999999996, 0)	../fonts/zerothre.ttf	upper
1272646032989	1	FR_PRES	14	RIVER	1194	1	0	1215	(0.57740000000000002, 0.41289999999999999, 1.0)	../fonts/amplitud.ttf	lower
1272646037006	1	FR_PRES	14	HERB	704	1	0	1606	(0.57740000000000002, 0.41289999999999999, 1.0)	../fonts/amplitud.ttf	lower
1272646041098	1	FR_PRES	14	CINNAMON	310	1	0	833	(0.57740000000000002, 0.41289999999999999, 1.0)	../fonts/amplitud.ttf	lower
1272646047156	1	REC_START
1272646068468	0	REJECT
1272646069324	0	REJECT
1272646070508	0	REJECT
1272646072739	0	REJECT
1272646102987	0	REJECT
1272646123267	0	REST
1272646124774	1	FR_PRES	15	MOP	916	1	0	893	(0.57740000000000002, 0.41289999999999999, 1.0)	../fonts/amplitud.ttf	lower
1272646128865	1	FR_PRES	15	TOTE	1487	1	0	747	(0.57740000000000002, 0.41289999999999999, 1.0)	../fonts/amplitud.ttf	lower
1272646132923	1	FR_PRES	15	SPICE	1350	1	0	641	(0.57740000000000002, 0.41289999999999999, 1.0)	../fonts/amplitud.ttf	lower
1272646136731	1	FR_PRES	15	BREAST	171	1	0	1817	(0.57740000000000002, 0.41289999999999999, 1.0)	../fonts/amplitud.ttf	lower
1272646140831	1	FR_PRES	15	DIVER	476	1	1	2181	(0.57740000000000002, 0.41289999999999999, 1.0)	../fonts/amplitud.ttf	lower
1272646144956	1	FR_PRES	15	GLOVE	642	1	0	1520	(0.57740000000000002, 0.41289999999999999, 1.0)	../fonts/amplitud.ttf	lower
1272646148889	1	FR_PRES	15	KNUCKLE	789	1	0	858	(0.57740000000000002, 0.41289999999999999, 1.0)	../fonts/amplitud.ttf	lower
1272646152814	1	FR_PRES	15	PEDESTRIAN	1038	1	1	901	(0.57740000000000002, 0.41289999999999999, 1.0)	../fonts/amplitud.ttf	lower
1272646156897	1	FR_PRES	15	RAILROAD	1162	1	0	1227	(0.57740000000000002, 0.41289999999999999, 1.0)	../fonts/amplitud.ttf	lower
1272646161014	1	FR_PRES	15	SUPERMARKET	1409	1	0	1334	(0.57740000000000002, 0.41289999999999999, 1.0)	../fonts/amplitud.ttf	lower
1272646165147	1	FR_PRES	15	PURSE	1145	1	-999	3000	(0.57740000000000002, 0.41289999999999999, 1.0)	../fonts/amplitud.ttf	lower
1272646168172	1	SLOW_MSG
1272646170771	1	FR_PRES	15	KITTEN	780	1	1	1080	(0.57740000000000002, 0.41289999999999999, 1.0)	../fonts/amplitud.ttf	lower
1272646174962	1	FR_PRES	15	HEN	703	1	1	969	(0.57740000000000002, 0.41289999999999999, 1.0)	../fonts/amplitud.ttf	lower
1272646179029	1	FR_PRES	15	KANGAROO	768	1	1	646	(0.57740000000000002, 0.41289999999999999, 1.0)	../fonts/amplitud.ttf	lower
1272646182953	1	FR_PRES	15	RAIL	1161	1	0	874	(0.57740000000000002, 0.41289999999999999, 1.0)	../fonts/amplitud.ttf	lower
1272646186869	1	FR_PRES	15	TAR	1435	1	0	1950	(0.57740000000000002, 0.41289999999999999, 1.0)	../fonts/amplitud.ttf	lower
1272646192670	1	REC_START
1272646231755	0	REJECT
1272646257739	0	REJECT
1272646272264	0	FFR_START
1272646277955	1	REC_START
1272646594923	0	RECOG_START
1272646594924	1	REC_START
1272646594956	0	RECOG_PRES	0	TIGER	1467	-999	P	1568
1272646596898	0	RECOG_CR_PRES	0	TIGER	1467	-999	P	578
1272646597864	1	RECOG_FEEDBACK	1
1272646598590	0	RECOG_PRES	0	PLIERS	1089	-999	P	1022
1272646599981	0	RECOG_CR_PRES	0	PLIERS	1089	-999	P	295
1272646600607	1	RECOG_FEEDBACK	1
1272646601340	0	RECOG_PRES	0	LIMB	822	-999	P	872
1272646602581	0	RECOG_CR_PRES	0	LIMB	822	-999	P	246
1272646603140	1	RECOG_FEEDBACK	1
1272646603872	0	RECOG_PRES	0	CASKET	255	-999	P	1019
1272646605256	0	RECOG_CR_PRES	0	CASKET	255	-999	P	228
1272646605822	1	RECOG_FEEDBACK	1
1272646606614	0	RECOG_PRES	0	LAWN	805	-999	P	742
1272646607730	0	RECOG_CR_PRES	0	LAWN	805	-999	P	209
1272646608248	1	RECOG_FEEDBACK	1
1272646608997	0	RECOG_PRES	0	NAVIGATOR	938	-999	P	1087
1272646610456	0	RECOG_CR_PRES	0	NAVIGATOR	938	-999	P	187
1272646610955	1	RECOG_FEEDBACK	1
1272646611721	0	RECOG_PRES	0	REPORT	1184	-999	P	1419
1272646613514	0	RECOG_CR_PRES	0	REPORT	1184	-999	P	201
1272646614047	1	RECOG_FEEDBACK	1
1272646614830	0	RECOG_PRES	0	TYPIST	1532	-999	P	1021
1272646616214	0	RECOG_CR_PRES	0	TYPIST	1532	-999	P	326
1272646616863	1	RECOG_FEEDBACK	1
1272646617614	0	RECOG_PRES	0	CACTUS	215	-999	P	790
1272646618779	0	RECOG_CR_PRES	0	CACTUS	215	-999	P	136
1272646619222	1	RECOG_FEEDBACK	1
1272646620005	0	RECOG_PRES	0	FRIES	607	-999	P	878
1272646621247	0	RECOG_CR_PRES	0	FRIES	607	-999	P	45
1272646621588	1	RECOG_FEEDBACK	0
1272646622363	0	RECOG_PRES	0	ASSISTANT	48	-999	P	826
1272646623588	0	RECOG_CR_PRES	0	ASSISTANT	48	-999	P	87
1272646623971	1	RECOG_FEEDBACK	1
1272646624695	0	RECOG_PRES	0	RAILROAD	1162	-999	P	1028
1272646626088	0	RECOG_CR_PRES	0	RAILROAD	1162	-999	P	124
1272646626530	1	RECOG_FEEDBACK	1
1272646627321	0	RECOG_PRES	0	ROPE	1211	-999	P	987
1272646628678	0	RECOG_CR_PRES	0	ROPE	1211	-999	P	221
1272646629204	1	RECOG_FEEDBACK	1
1272646629937	0	RECOG_PRES	0	HERB	704	-999	P	818
1272646631129	0	RECOG_CR_PRES	0	HERB	704	-999	P	139
1272646631554	1	RECOG_FEEDBACK	1
1272646632313	0	RECOG_PRES	0	PARIS	1014	-999	P	891
1272646633579	0	RECOG_CR_PRES	0	PARIS	1014	-999	P	128
1272646634021	1	RECOG_FEEDBACK	1
1272646634753	0	RECOG_PRES	0	MULE	931	-999	P	874
1272646636021	0	RECOG_CR_PRES	0	MULE	931	-999	P	87
1272646636421	1	RECOG_FEEDBACK	1
1272646637137	0	RECOG_PRES	0	CRICKET	408	-999	P	892
1272646638420	0	RECOG_CR_PRES	0	CRICKET	408	-999	P	56
1272646638786	1	RECOG_FEEDBACK	1
1272646639495	0	RECOG_PRES	0	JOINT	758	-999	P	869
1272646640736	0	RECOG_CR_PRES	0	JOINT	758	-999	P	75
1272646641120	1	RECOG_FEEDBACK	1
1272646641869	0	RECOG_PRES	0	TURKEY	1520	-999	P	679
1272646642919	0	RECOG_CR_PRES	0	TURKEY	1520	-999	P	68
1272646643295	1	RECOG_FEEDBACK	1
1272646644053	0	RECOG_PRES	0	CAP	236	-999	P	774
1272646645195	0	RECOG_CR_PRES	0	CAP	236	-999	P	113
1272646645612	1	RECOG_FEEDBACK	1
1272646646894	0	REST
1272646647761	1	REC_START
1272646647794	0	RECOG_PRES	1	LEMON	810	-999	P	714
1272646648877	0	RECOG_CR_PRES	1	LEMON	810	-999	P	110
1272646649286	1	RECOG_FEEDBACK	1
1272646650070	0	RECOG_PRES	1	JACKET	747	-999	P	669
1272646651103	0	RECOG_CR_PRES	1	JACKET	747	-999	P	509
1272646651910	1	RECOG_FEEDBACK	1
1272646652635	0	RECOG_PRES	1	TREASURE	1500	-999	P	753
1272646653760	0	RECOG_CR_PRES	1	TREASURE	1500	-999	P	115
1272646654161	1	RECOG_FEEDBACK	1
1272646654935	0	RECOG_PRES	1	CLOWN	330	-999	P	740
1272646656044	0	RECOG_CR_PRES	1	CLOWN	330	-999	P	80
1272646656427	1	RECOG_FEEDBACK	1
1272646657211	0	RECOG_PRES	1	DINOSAUR	469	-999	P	1193
1272646658776	0	RECOG_CR_PRES	1	DINOSAUR	469	-999	P	123
1272646659286	1	RECOG_FEEDBACK	1
1272646660019	0	RECOG_PRES	1	NECKLACE	940	-999	P	856
1272646661244	0	RECOG_CR_PRES	1	NECKLACE	940	-999	P	96
1272646661651	1	RECOG_FEEDBACK	1
1272646662419	0	RECOG_PRES	1	CAFE	216	-999	P	1392
1272646664177	0	RECOG_CR_PRES	1	CAFE	216	-999	P	211
1272646664809	1	RECOG_FEEDBACK	1
1272646665518	0	RECOG_PRES	1	ATHLETE	52	-999	P	854
1272646666742	0	RECOG_CR_PRES	1	ATHLETE	52	-999	P	69
1272646667110	1	RECOG_FEEDBACK	1
1272646667867	0	RECOG_PRES	1	CUPBOARD	425	-999	P	888
1272646669118	0	RECOG_CR_PRES	1	CUPBOARD	425	-999	P	174
1272646669593	1	RECOG_FEEDBACK	1
1272646670385	0	RECOG_PRES	1	TENT	1449	-999	P	715
1272646671476	0	RECOG_CR_PRES	1	TENT	1449	-999	P	80
1272646671859	1	RECOG_FEEDBACK	1
1272646672576	0	RECOG_PRES	1	CINNAMON	310	-999	P	812
1272646673758	0	RECOG_CR_PRES	1	CINNAMON	310	-999	P	109
1272646674176	1	RECOG_FEEDBACK	1
1272646674908	0	RECOG_PRES	1	STONE	1385	-999	P	1376
1272646676658	0	RECOG_CR_PRES	1	STONE	1385	-999	P	153
1272646677134	1	RECOG_FEEDBACK	1
1272646677933	0	RECOG_PRES	1	ANKLE	24	-999	P	782
1272646679084	0	RECOG_CR_PRES	1	ANKLE	24	-999	P	96
1272646679476	1	RECOG_FEEDBACK	1
1272646680234	0	RECOG_PRES	1	BARTENDER	92	-999	P	1058
1272646681666	0	RECOG_CR_PRES	1	BARTENDER	92	-999	P	113
1272646682084	1	RECOG_FEEDBACK	1
1272646682874	0	RECOG_PRES	1	CONVICT	371	-999	P	1426
1272646684674	0	RECOG_CR_PRES	1	CONVICT	371	-999	P	193
1272646685175	1	RECOG_FEEDBACK	0
1272646685941	0	RECOG_PRES	1	REGISTER	1180	-999	P	1367
1272646687682	0	RECOG_CR_PRES	1	REGISTER	1180	-999	P	121
1272646688125	1	RECOG_FEEDBACK	1
1272646688916	0	RECOG_PRES	1	SOFTBALL	1343	-999	P	767
1272646690050	0	RECOG_CR_PRES	1	SOFTBALL	1343	-999	P	178
1272646690533	1	RECOG_FEEDBACK	1
1272646691325	0	RECOG_PRES	1	REPTILE	1185	-999	P	735
1272646692433	0	RECOG_CR_PRES	1	REPTILE	1185	-999	P	171
1272646692907	1	RECOG_FEEDBACK	1
1272646693699	0	RECOG_PRES	1	THIMBLE	1458	-999	P	865
1272646694932	0	RECOG_CR_PRES	1	THIMBLE	1458	-999	P	200
1272646695441	1	RECOG_FEEDBACK	1
1272646696233	0	RECOG_PRES	1	GOVERNOR	651	-999	P	803
1272646697399	0	RECOG_CR_PRES	1	GOVERNOR	651	-999	P	101
1272646697807	1	RECOG_FEEDBACK	1
1272646699058	0	REST
1272646700097	1	REC_START
1272646700133	0	RECOG_PRES	2	GLOVE	642	-999	P	829
1272646701332	0	RECOG_CR_PRES	2	GLOVE	642	-999	P	120
1272646701748	1	RECOG_FEEDBACK	1
1272646702457	0	RECOG_PRES	2	BEAD	103	-999	P	891
1272646703748	0	RECOG_CR_PRES	2	BEAD	103	-999	P	167
1272646704207	1	RECOG_FEEDBACK	1
1272646704931	0	RECOG_PRES	2	ANCESTOR	20	-999	P	776
1272646706074	0	RECOG_CR_PRES	2	ANCESTOR	20	-999	P	210
1272646706590	1	RECOG_FEEDBACK	0
1272646707340	0	RECOG_PRES	2	SAP	1233	-999	P	696
1272646708407	0	RECOG_CR_PRES	2	SAP	1233	-999	P	93
1272646708806	1	RECOG_FEEDBACK	1
1272646709549	0	RECOG_PRES	2	LACE	792	-999	P	895
1272646710814	0	RECOG_CR_PRES	2	LACE	792	-999	P	222
1272646711323	1	RECOG_FEEDBACK	1
1272646712040	0	RECOG_PRES	2	ALLEY	15	-999	P	890
1272646713332	0	RECOG_CR_PRES	2	ALLEY	15	-999	P	112
1272646713747	1	RECOG_FEEDBACK	1
1272646714465	0	RECOG_PRES	2	PUBLISHER	1137	-999	P	923
1272646715764	0	RECOG_CR_PRES	2	PUBLISHER	1137	-999	P	191
1272646716273	1	RECOG_FEEDBACK	1
1272646717006	0	RECOG_PRES	2	APPLE	33	-999	P	861
1272646718231	0	RECOG_CR_PRES	2	APPLE	33	-999	P	109
1272646718655	1	RECOG_FEEDBACK	1
1272646719406	0	RECOG_PRES	2	OCEAN	970	-999	P	710
1272646720489	0	RECOG_CR_PRES	2	OCEAN	970	-999	P	107
1272646720905	1	RECOG_FEEDBACK	1
1272646721647	0	RECOG_PRES	2	PRINTER	1126	-999	P	805
1272646722822	0	RECOG_CR_PRES	2	PRINTER	1126	-999	P	1334
1272646724489	1	RECOG_FEEDBACK	1
1272646725222	0	RECOG_PRES	2	PLATE	1086	-999	P	1070
1272646726663	0	RECOG_CR_PRES	2	PLATE	1086	-999	P	164
1272646727147	1	RECOG_FEEDBACK	0
1272646727921	0	RECOG_PRES	2	VIKING	1565	-999	P	786
1272646729072	0	RECOG_CR_PRES	2	VIKING	1565	-999	P	148
1272646729505	1	RECOG_FEEDBACK	1
1272646730264	0	RECOG_PRES	2	RAIL	1161	-999	P	788
1272646731422	0	RECOG_CR_PRES	2	RAIL	1161	-999	P	118
1272646731846	1	RECOG_FEEDBACK	1
1272646732588	0	RECOG_PRES	2	PLAQUE	1084	-999	P	912
1272646733871	0	RECOG_CR_PRES	2	PLAQUE	1084	-999	P	124
1272646734305	1	RECOG_FEEDBACK	1
1272646735088	0	RECOG_PRES	2	BULLETIN	195	-999	P	747
1272646736197	0	RECOG_CR_PRES	2	BULLETIN	195	-999	P	95
1272646736597	1	RECOG_FEEDBACK	1
1272646737371	0	RECOG_PRES	2	NICKEL	950	-999	P	737
1272646738471	0	RECOG_CR_PRES	2	NICKEL	950	-999	P	141
1272646738920	1	RECOG_FEEDBACK	1
1272646739670	0	RECOG_PRES	2	KNUCKLE	789	-999	P	1229
1272646741263	0	RECOG_CR_PRES	2	KNUCKLE	789	-999	P	149
1272646741728	1	RECOG_FEEDBACK	0
1272646742471	0	RECOG_PRES	2	DIME	466	-999	P	989
1272646743828	0	RECOG_CR_PRES	2	DIME	466	-999	P	151
1272646744304	1	RECOG_FEEDBACK	0
1272646745096	0	RECOG_PRES	2	MAGAZINE	853	-999	P	730
1272646746204	0	RECOG_CR_PRES	2	MAGAZINE	853	-999	P	144
1272646746653	1	RECOG_FEEDBACK	1
1272646747437	0	RECOG_PRES	2	CHAMBER	277	-999	P	815
1272646748628	0	RECOG_CR_PRES	2	CHAMBER	277	-999	P	95
1272646749037	1	RECOG_FEEDBACK	1
1272646750362	0	REST
1272646751171	1	REC_START
1272646751212	0	RECOG_PRES	3	FINGERNAIL	568	-999	P	958
1272646752570	0	RECOG_CR_PRES	3	FINGERNAIL	568	-999	P	153
1272646753037	1	RECOG_FEEDBACK	1
1272646753803	0	RECOG_PRES	3	SKYSCRAPER	1322	-999	P	801
1272646754978	0	RECOG_CR_PRES	3	SKYSCRAPER	1322	-999	P	98
1272646755379	1	RECOG_FEEDBACK	1
1272646756187	0	RECOG_PRES	3	CHAIRPERSON	275	-999	P	568
1272646757120	0	RECOG_CR_PRES	3	CHAIRPERSON	275	-999	P	92
1272646757528	1	RECOG_FEEDBACK	1
1272646758328	0	RECOG_PRES	3	GROCERIES	663	-999	P	700
1272646759403	0	RECOG_CR_PRES	3	GROCERIES	663	-999	P	65
1272646759761	1	RECOG_FEEDBACK	1
1272646760461	0	RECOG_PRES	3	HARP	689	-999	P	687
1272646761520	0	RECOG_CR_PRES	3	HARP	689	-999	P	123
1272646761952	1	RECOG_FEEDBACK	1
1272646762685	0	RECOG_PRES	3	SHIRT	1287	-999	P	815
1272646763868	0	RECOG_CR_PRES	3	SHIRT	1287	-999	P	111
1272646764294	1	RECOG_FEEDBACK	1
1272646765019	0	RECOG_PRES	3	CELLAR	267	-999	P	1089
1272646766478	0	RECOG_CR_PRES	3	CELLAR	267	-999	P	126
1272646766960	1	RECOG_FEEDBACK	0
1272646767693	0	RECOG_PRES	3	EDITORIAL	517	-999	P	1206
1272646769261	0	RECOG_CR_PRES	3	EDITORIAL	517	-999	P	119
1272646769685	1	RECOG_FEEDBACK	1
1272646770452	0	RECOG_PRES	3	TREE	1502	-999	P	1000
1272646771826	0	RECOG_CR_PRES	3	TREE	1502	-999	P	346
1272646772486	1	RECOG_FEEDBACK	1
1272646773244	0	RECOG_PRES	3	TREAD	1499	-999	P	1056
1272646774668	0	RECOG_CR_PRES	3	TREAD	1499	-999	P	151
1272646775135	1	RECOG_FEEDBACK	1
1272646775859	0	RECOG_PRES	3	LOAF	835	-999	P	665
1272646776893	0	RECOG_CR_PRES	3	LOAF	835	-999	P	135
1272646777335	1	RECOG_FEEDBACK	1
1272646778060	0	RECOG_PRES	3	EAGLE	512	-999	P	575
1272646779010	0	RECOG_CR_PRES	3	EAGLE	512	-999	P	186
1272646779493	1	RECOG_FEEDBACK	1
1272646780202	0	RECOG_PRES	3	LAKE	796	-999	P	585
1272646781152	0	RECOG_CR_PRES	3	LAKE	796	-999	P	164
1272646781634	1	RECOG_FEEDBACK	1
1272646782427	0	RECOG_PRES	3	POCKETBOOK	1094	-999	P	785
1272646783576	0	RECOG_CR_PRES	3	POCKETBOOK	1094	-999	P	75
1272646783950	1	RECOG_FEEDBACK	1
1272646784750	0	RECOG_PRES	3	SMOG	1330	-999	P	838
1272646785959	0	RECOG_CR_PRES	3	SMOG	1330	-999	P	157
1272646786451	1	RECOG_FEEDBACK	1
1272646787193	0	RECOG_PRES	3	CONTRACTOR	369	-999	P	955
1272646788509	0	RECOG_CR_PRES	3	CONTRACTOR	369	-999	P	142
1272646788950	1	RECOG_FEEDBACK	1
1272646789708	0	RECOG_PRES	3	GARBAGE	622	-999	P	800
1272646790883	0	RECOG_CR_PRES	3	GARBAGE	622	-999	P	48
1272646791234	1	RECOG_FEEDBACK	1
1272646792009	0	RECOG_PRES	3	DOUGH	489	-999	P	770
1272646793142	0	RECOG_CR_PRES	3	DOUGH	489	-999	P	38
1272646793501	1	RECOG_FEEDBACK	1
1272646794234	0	RECOG_PRES	3	CHIPMUNK	304	-999	P	689
1272646795292	0	RECOG_CR_PRES	3	CHIPMUNK	304	-999	P	48
1272646795625	1	RECOG_FEEDBACK	1
1272646796375	0	RECOG_PRES	3	DOCTOR	478	-999	P	653
1272646797400	0	RECOG_CR_PRES	3	DOCTOR	478	-999	P	84
1272646797783	1	RECOG_FEEDBACK	1
1272646799050	0	REST
1272646800192	1	REC_START
1272646800225	0	RECOG_PRES	4	HEN	703	-999	P	730
1272646801317	0	RECOG_CR_PRES	4	HEN	703	-999	P	127
1272646801732	1	RECOG_FEEDBACK	1
1272646802458	0	RECOG_PRES	4	SENATOR	1268	-999	P	738
1272646803567	0	RECOG_CR_PRES	4	SENATOR	1268	-999	P	53
1272646803916	1	RECOG_FEEDBACK	1
1272646804649	0	RECOG_PRES	4	RESTAURANT	1187	-999	P	651
1272646805674	0	RECOG_CR_PRES	4	RESTAURANT	1187	-999	P	89
1272646806066	1	RECOG_FEEDBACK	1
1272646806807	0	RECOG_PRES	4	CENT	270	-999	P	1060
1272646808233	0	RECOG_CR_PRES	4	CENT	270	-999	P	179
1272646808707	1	RECOG_FEEDBACK	1
1272646809416	0	RECOG_PRES	4	PARTNER	1017	-999	P	1259
1272646811041	0	RECOG_CR_PRES	4	PARTNER	1017	-999	P	107
1272646811574	1	RECOG_FEEDBACK	0
1272646812308	0	RECOG_PRES	4	BEE	112	-999	P	776
1272646813458	0	RECOG_CR_PRES	4	BEE	112	-999	P	58
1272646813798	1	RECOG_FEEDBACK	1
1272646814507	0	RECOG_PRES	4	EMERALD	528	-999	P	761
1272646815640	0	RECOG_CR_PRES	4	EMERALD	528	-999	P	99
1272646816041	1	RECOG_FEEDBACK	1
1272646816781	0	RECOG_PRES	4	CART	250	-999	P	615
1272646817765	0	RECOG_CR_PRES	4	CART	250	-999	P	134
1272646818215	1	RECOG_FEEDBACK	0
1272646818956	0	RECOG_PRES	4	CABBAGE	210	-999	P	679
1272646820007	0	RECOG_CR_PRES	4	CABBAGE	210	-999	P	93
1272646820399	1	RECOG_FEEDBACK	1
1272646821132	0	RECOG_PRES	4	TRAIN	1494	-999	P	679
1272646822174	0	RECOG_CR_PRES	4	TRAIN	1494	-999	P	174
1272646822656	1	RECOG_FEEDBACK	1
1272646823415	0	RECOG_PRES	4	CARRIAGE	248	-999	P	917
1272646824706	0	RECOG_CR_PRES	4	CARRIAGE	248	-999	P	105
1272646825115	1	RECOG_FEEDBACK	1
1272646825922	0	RECOG_PRES	4	BEAR	106	-999	P	1154
1272646827448	0	RECOG_CR_PRES	4	BEAR	106	-999	P	92
1272646827930	1	RECOG_FEEDBACK	0
1272646828655	0	RECOG_PRES	4	SENATE	1267	-999	P	637
1272646829664	0	RECOG_CR_PRES	4	SENATE	1267	-999	P	171
1272646830073	1	RECOG_FEEDBACK	-1
1272646830805	0	RECOG_PRES	4	COURSE	390	-999	P	1591
1272646832772	0	RECOG_CR_PRES	4	COURSE	390	-999	P	95
1272646833206	1	RECOG_FEEDBACK	0
1272646833988	0	RECOG_PRES	4	BRUISE	180	-999	P	911
1272646835264	0	RECOG_CR_PRES	4	BRUISE	180	-999	P	180
1272646835747	1	RECOG_FEEDBACK	1
1272646836506	0	RECOG_PRES	4	CARPENTER	246	-999	P	802
1272646837680	0	RECOG_CR_PRES	4	CARPENTER	246	-999	P	155
1272646838131	1	RECOG_FEEDBACK	1
1272646838913	0	RECOG_PRES	4	PIRATE	1074	-999	P	824
1272646840131	0	RECOG_CR_PRES	4	PIRATE	1074	-999	P	97
1272646840556	1	RECOG_FEEDBACK	1
1272646841331	0	RECOG_PRES	4	LEG	809	-999	P	793
1272646842497	0	RECOG_CR_PRES	4	LEG	809	-999	P	123
1272646842946	1	RECOG_FEEDBACK	1
1272646843688	0	RECOG_PRES	4	CRACKER	398	-999	P	804
1272646844863	0	RECOG_CR_PRES	4	CRACKER	398	-999	P	277
1272646845455	1	RECOG_FEEDBACK	1
1272646846230	0	RECOG_PRES	4	SALMON	1227	-999	P	741
1272646847338	0	RECOG_CR_PRES	4	SALMON	1227	-999	P	146
1272646847804	1	RECOG_FEEDBACK	1
1272646849063	0	REST
1272646850121	1	REC_START
1272646850155	0	RECOG_PRES	5	OTTER	986	-999	P	760
1272646851280	0	RECOG_CR_PRES	5	OTTER	986	-999	P	156
1272646851745	1	RECOG_FEEDBACK	1
1272646852496	0	RECOG_PRES	5	BILL	126	-999	P	572
1272646853438	0	RECOG_CR_PRES	5	BILL	126	-999	P	70
1272646853820	1	RECOG_FEEDBACK	1
1272646854596	0	RECOG_PRES	5	UNDERWEAR	1537	-999	P	584
1272646855554	0	RECOG_CR_PRES	5	UNDERWEAR	1537	-999	P	129
1272646856004	1	RECOG_FEEDBACK	1
1272646856778	0	RECOG_PRES	5	FLY	586	-999	P	650
1272646857803	0	RECOG_CR_PRES	5	FLY	586	-999	P	128
1272646858238	1	RECOG_FEEDBACK	1
1272646858987	0	RECOG_PRES	5	SAPPHIRE	1234	-999	P	561
1272646859920	0	RECOG_CR_PRES	5	SAPPHIRE	1234	-999	P	867
1272646861079	1	RECOG_FEEDBACK	1
1272646861803	0	RECOG_PRES	5	SPINACH	1352	-999	P	1096
1272646863262	0	RECOG_CR_PRES	5	SPINACH	1352	-999	P	102
1272646863678	1	RECOG_FEEDBACK	1
1272646864454	0	RECOG_PRES	5	FLOOR	581	-999	P	1197
1272646866020	0	RECOG_CR_PRES	5	FLOOR	581	-999	P	120
1272646866470	1	RECOG_FEEDBACK	1
1272646867254	0	RECOG_PRES	5	SUPERMARKET	1409	-999	P	822
1272646868445	0	RECOG_CR_PRES	5	SUPERMARKET	1409	-999	P	95
1272646868836	1	RECOG_FEEDBACK	1
1272646869636	0	RECOG_PRES	5	CAMERA	224	-999	P	888
1272646870894	0	RECOG_CR_PRES	5	CAMERA	224	-999	P	53
1272646871328	1	RECOG_FEEDBACK	0
1272646872062	0	RECOG_PRES	5	BEETLE	116	-999	P	837
1272646873261	0	RECOG_CR_PRES	5	BEETLE	116	-999	P	151
1272646873719	1	RECOG_FEEDBACK	1
1272646874470	0	RECOG_PRES	5	PIT	1077	-999	P	766
1272646875611	0	RECOG_CR_PRES	5	PIT	1077	-999	P	56
1272646875985	1	RECOG_FEEDBACK	1
1272646876735	0	RECOG_PRES	5	JUDGE	761	-999	P	1068
1272646878169	0	RECOG_CR_PRES	5	JUDGE	761	-999	P	83
1272646878578	1	RECOG_FEEDBACK	0
1272646879303	0	RECOG_PRES	5	SUBMARINE	1398	-999	P	1013
1272646880685	0	RECOG_CR_PRES	5	SUBMARINE	1398	-999	P	126
1272646881136	1	RECOG_FEEDBACK	1
1272646881935	0	RECOG_PRES	5	TROUT	1511	-999	P	796
1272646883094	0	RECOG_CR_PRES	5	TROUT	1511	-999	P	54
1272646883461	1	RECOG_FEEDBACK	1
1272646884244	0	RECOG_PRES	5	TOILET	1475	-999	P	615
1272646885227	0	RECOG_CR_PRES	5	TOILET	1475	-999	P	25
1272646885569	1	RECOG_FEEDBACK	1
1272646886302	0	RECOG_PRES	5	NUCLEUS	961	-999	P	677
1272646887344	0	RECOG_CR_PRES	5	NUCLEUS	961	-999	P	68
1272646887726	1	RECOG_FEEDBACK	1
1272646888477	0	RECOG_PRES	5	ATTORNEY	58	-999	P	655
1272646889502	0	RECOG_CR_PRES	5	ATTORNEY	58	-999	P	78
1272646889901	1	RECOG_FEEDBACK	1
1272646890643	0	RECOG_PRES	5	SWITCH	1422	-999	P	913
1272646891926	0	RECOG_CR_PRES	5	SWITCH	1422	-999	P	86
1272646892385	1	RECOG_FEEDBACK	1
1272646893177	0	RECOG_PRES	5	BOAT	144	-999	P	939
1272646894485	0	RECOG_CR_PRES	5	BOAT	144	-999	P	119
1272646894917	1	RECOG_FEEDBACK	1
1272646895684	0	RECOG_PRES	5	DUNE	506	-999	P	800
1272646896859	0	RECOG_CR_PRES	5	DUNE	506	-999	P	120
1272646897285	1	RECOG_FEEDBACK	1
1272646898526	0	REST
1272646899377	1	REC_START
1272646899409	0	RECOG_PRES	6	FOX	598	-999	P	731
1272646900509	0	RECOG_CR_PRES	6	FOX	598	-999	P	142
1272646900958	1	RECOG_FEEDBACK	1
1272646901708	0	RECOG_PRES	6	SCHOOL	1248	-999	P	832
1272646902908	0	RECOG_CR_PRES	6	SCHOOL	1248	-999	P	79
1272646903293	1	RECOG_FEEDBACK	0
1272646904026	0	RECOG_PRES	6	CREVICE	405	-999	P	873
1272646905292	0	RECOG_CR_PRES	6	CREVICE	405	-999	P	112
1272646905708	1	RECOG_FEEDBACK	1
1272646906509	0	RECOG_PRES	6	SEAGULL	1261	-999	P	719
1272646907601	0	RECOG_CR_PRES	6	SEAGULL	1261	-999	P	443
1272646908367	1	RECOG_FEEDBACK	1
1272646909150	0	RECOG_PRES	6	BULLET	194	-999	P	661
1272646910175	0	RECOG_CR_PRES	6	BULLET	194	-999	P	133
1272646910617	1	RECOG_FEEDBACK	0
1272646911384	0	RECOG_PRES	6	HONEY	713	-999	P	764
1272646912517	0	RECOG_CR_PRES	6	HONEY	713	-999	P	31
1272646912858	1	RECOG_FEEDBACK	1
1272646913575	0	RECOG_PRES	6	FRANCE	601	-999	P	597
1272646914542	0	RECOG_CR_PRES	6	FRANCE	601	-999	P	85
1272646914941	1	RECOG_FEEDBACK	1
1272646915716	0	RECOG_PRES	6	COLLAR	345	-999	P	648
1272646916732	0	RECOG_CR_PRES	6	COLLAR	345	-999	P	47
1272646917092	1	RECOG_FEEDBACK	1
1272646917874	0	RECOG_PRES	6	LABEL	790	-999	P	1130
1272646919375	0	RECOG_CR_PRES	6	LABEL	790	-999	P	69
1272646919757	1	RECOG_FEEDBACK	1
1272646920491	0	RECOG_PRES	6	HAWK	692	-999	P	681
1272646921541	0	RECOG_CR_PRES	6	HAWK	692	-999	P	55
1272646921907	1	RECOG_FEEDBACK	0
1272646922673	0	RECOG_PRES	6	WASHER	1592	-999	P	1475
1272646924524	0	RECOG_CR_PRES	6	WASHER	1592	-999	P	199
1272646925058	1	RECOG_FEEDBACK	1
1272646925798	0	RECOG_PRES	6	PROFESSOR	1131	-999	P	901
1272646927066	0	RECOG_CR_PRES	6	PROFESSOR	1131	-999	P	82
1272646927457	1	RECOG_FEEDBACK	1
1272646928224	0	RECOG_PRES	6	BUNNY	198	-999	P	796
1272646929391	0	RECOG_CR_PRES	6	BUNNY	198	-999	P	69
1272646929765	1	RECOG_FEEDBACK	1
1272646930549	0	RECOG_PRES	6	BEDROOM	111	-999	P	1071
1272646931989	0	RECOG_CR_PRES	6	BEDROOM	111	-999	P	55
1272646932407	1	RECOG_FEEDBACK	0
1272646933115	0	RECOG_PRES	6	BOTTLE	153	-999	P	1009
1272646934499	0	RECOG_CR_PRES	6	BOTTLE	153	-999	P	113
1272646934923	1	RECOG_FEEDBACK	1
1272646935656	0	RECOG_PRES	6	TOMATO	1476	-999	P	788
1272646936814	0	RECOG_CR_PRES	6	TOMATO	1476	-999	P	206
1272646937307	1	RECOG_FEEDBACK	1
1272646938023	0	RECOG_PRES	6	FORK	594	-999	P	716
1272646939107	0	RECOG_CR_PRES	6	FORK	594	-999	P	129
1272646939557	1	RECOG_FEEDBACK	1
1272646940365	0	RECOG_PRES	6	GRADUATE	653	-999	P	871
1272646941606	0	RECOG_CR_PRES	6	GRADUATE	653	-999	P	181
1272646942115	1	RECOG_FEEDBACK	1
1272646942872	0	RECOG_PRES	6	PEAR	1033	-999	P	827
1272646944065	0	RECOG_CR_PRES	6	PEAR	1033	-999	P	123
1272646944548	1	RECOG_FEEDBACK	1
1272646945306	0	RECOG_PRES	6	MONARCH	906	-999	P	930
1272646946606	0	RECOG_CR_PRES	6	MONARCH	906	-999	P	109
1272646947031	1	RECOG_FEEDBACK	1
1272646948331	0	REST
1272646949189	1	REC_START
1272646949223	0	RECOG_PRES	7	PAW	1029	-999	P	764
1272646950364	0	RECOG_CR_PRES	7	PAW	1029	-999	P	104
1272646950780	1	RECOG_FEEDBACK	1
1272646951497	0	RECOG_PRES	7	BAY	102	-999	P	827
1272646952696	0	RECOG_CR_PRES	7	BAY	102	-999	P	83
1272646953097	1	RECOG_FEEDBACK	1
1272646953855	0	RECOG_PRES	7	BOSS	152	-999	P	613
1272646954838	0	RECOG_CR_PRES	7	BOSS	152	-999	P	350
1272646955489	1	RECOG_FEEDBACK	1
1272646956255	0	RECOG_PRES	7	FLIPPER	580	-999	P	837
1272646957464	0	RECOG_CR_PRES	7	FLIPPER	580	-999	P	163
1272646957938	1	RECOG_FEEDBACK	1
1272646958696	0	RECOG_PRES	7	BAIT	70	-999	P	780
1272646959846	0	RECOG_CR_PRES	7	BAIT	70	-999	P	222
1272646960380	1	RECOG_FEEDBACK	1
1272646961180	0	RECOG_PRES	7	ANTELOPE	27	-999	P	1056
1272646962605	0	RECOG_CR_PRES	7	ANTELOPE	27	-999	P	150
1272646963080	1	RECOG_FEEDBACK	1
1272646963887	0	RECOG_PRES	7	MOP	916	-999	P	1028
1272646965280	0	RECOG_CR_PRES	7	MOP	916	-999	P	116
1272646965745	1	RECOG_FEEDBACK	1
1272646966463	0	RECOG_PRES	7	SUBWAY	1400	-999	P	733
1272646967571	0	RECOG_CR_PRES	7	SUBWAY	1400	-999	P	49
1272646967937	1	RECOG_FEEDBACK	1
1272646968662	0	RECOG_PRES	7	FOLLOWER	589	-999	P	950
1272646969987	0	RECOG_CR_PRES	7	FOLLOWER	589	-999	P	89
1272646970429	1	RECOG_FEEDBACK	1
1272646971213	0	RECOG_PRES	7	SPOOL	1356	-999	P	799
1272646972387	0	RECOG_CR_PRES	7	SPOOL	1356	-999	P	177
1272646972886	1	RECOG_FEEDBACK	1
1272646973661	0	RECOG_PRES	7	SPONGE	1355	-999	P	759
1272646974795	0	RECOG_CR_PRES	7	SPONGE	1355	-999	P	128
1272646975221	1	RECOG_FEEDBACK	1
1272646975961	0	RECOG_PRES	7	ATLAS	53	-999	P	866
1272646977220	0	RECOG_CR_PRES	7	ATLAS	53	-999	P	104
1272646977636	1	RECOG_FEEDBACK	0
1272646978420	0	RECOG_PRES	7	PEBBLE	1035	-999	P	1056
1272646979844	0	RECOG_CR_PRES	7	PEBBLE	1035	-999	P	111
1272646980270	1	RECOG_FEEDBACK	1
1272646981003	0	RECOG_PRES	7	BLADE	134	-999	P	840
1272646982212	0	RECOG_CR_PRES	7	BLADE	134	-999	P	112
1272646982627	1	RECOG_FEEDBACK	1
1272646983337	0	RECOG_PRES	7	DRAWING	494	-999	P	795
1272646984503	0	RECOG_CR_PRES	7	DRAWING	494	-999	P	37
1272646984836	1	RECOG_FEEDBACK	1
1272646985636	0	RECOG_PRES	7	SCREWDRIVER	1255	-999	P	600
1272646986611	0	RECOG_CR_PRES	7	SCREWDRIVER	1255	-999	P	64
1272646986969	1	RECOG_FEEDBACK	1
1272646987685	0	RECOG_PRES	7	SHELTER	1282	-999	P	871
1272646988927	0	RECOG_CR_PRES	7	SHELTER	1282	-999	P	117
1272646989403	1	RECOG_FEEDBACK	1
1272646990153	0	RECOG_PRES	7	KANGAROO	768	-999	P	778
1272646991294	0	RECOG_CR_PRES	7	KANGAROO	768	-999	P	150
1272646991743	1	RECOG_FEEDBACK	1
1272646992519	0	RECOG_PRES	7	BREAST	171	-999	P	813
1272646993702	0	RECOG_CR_PRES	7	BREAST	171	-999	P	21
1272646994028	1	RECOG_FEEDBACK	1
1272646994835	0	RECOG_PRES	7	DEPARTMENT	449	-999	P	1112
1272646996311	0	RECOG_CR_PRES	7	DEPARTMENT	449	-999	P	77
1272646996710	1	RECOG_FEEDBACK	1
1272646998019	0	REST
1272646998933	1	REC_START
1272646998968	0	RECOG_PRES	8	SHERIFF	1284	-999	P	763
1272647000094	0	RECOG_CR_PRES	8	SHERIFF	1284	-999	P	174
1272647000560	1	RECOG_FEEDBACK	1
1272647001294	0	RECOG_PRES	8	ALMANAC	17	-999	P	701
1272647002369	0	RECOG_CR_PRES	8	ALMANAC	17	-999	P	123
1272647002793	1	RECOG_FEEDBACK	1
1272647003560	0	RECOG_PRES	8	WAIST	1579	-999	P	924
1272647004859	0	RECOG_CR_PRES	8	WAIST	1579	-999	P	169
1272647005352	1	RECOG_FEEDBACK	1
1272647006093	0	RECOG_PRES	8	POPE	1105	-999	P	959
1272647007427	0	RECOG_CR_PRES	8	POPE	1105	-999	P	57
1272647007792	1	RECOG_FEEDBACK	1
1272647008560	0	RECOG_PRES	8	TIMBER	1469	-999	P	764
1272647009692	0	RECOG_CR_PRES	8	TIMBER	1469	-999	P	760
1272647010767	1	RECOG_FEEDBACK	0
1272647011535	0	RECOG_PRES	8	WORLD	1622	-999	P	933
1272647012842	0	RECOG_CR_PRES	8	WORLD	1622	-999	P	65
1272647013226	1	RECOG_FEEDBACK	1
1272647014000	0	RECOG_PRES	8	FUDGE	611	-999	P	707
1272647015076	0	RECOG_CR_PRES	8	FUDGE	611	-999	P	184
1272647015568	1	RECOG_FEEDBACK	1
1272647016318	0	RECOG_PRES	8	GANG	619	-999	P	694
1272647017384	0	RECOG_CR_PRES	8	GANG	619	-999	P	100
1272647017783	1	RECOG_FEEDBACK	1
1272647018576	0	RECOG_PRES	8	ZOO	1637	-999	P	1083
1272647020026	0	RECOG_CR_PRES	8	ZOO	1637	-999	P	114
1272647020509	1	RECOG_FEEDBACK	1
1272647021226	0	RECOG_PRES	8	DOLL	481	-999	P	769
1272647022367	0	RECOG_CR_PRES	8	DOLL	481	-999	P	117
1272647022799	1	RECOG_FEEDBACK	1
1272647023550	0	RECOG_PRES	8	YARN	1631	-999	P	614
1272647024534	0	RECOG_CR_PRES	8	YARN	1631	-999	P	125
1272647024966	1	RECOG_FEEDBACK	1
1272647025724	0	RECOG_PRES	8	CYLINDER	432	-999	P	1007
1272647027100	0	RECOG_CR_PRES	8	CYLINDER	432	-999	P	248
1272647027707	1	RECOG_FEEDBACK	1
1272647028417	0	RECOG_PRES	8	VETERAN	1561	-999	P	827
1272647029617	0	RECOG_CR_PRES	8	VETERAN	1561	-999	P	66
1272647029991	1	RECOG_FEEDBACK	1
1272647030699	0	RECOG_PRES	8	VESSEL	1558	-999	P	721
1272647031790	0	RECOG_CR_PRES	8	VESSEL	1558	-999	P	222
1272647032316	1	RECOG_FEEDBACK	1
1272647033083	0	RECOG_PRES	8	BURGLAR	200	-999	P	704
1272647034150	0	RECOG_CR_PRES	8	BURGLAR	200	-999	P	110
1272647034566	1	RECOG_FEEDBACK	1
1272647035358	0	RECOG_PRES	8	DANCER	437	-999	P	814
1272647036541	0	RECOG_CR_PRES	8	DANCER	437	-999	P	150
1272647036998	1	RECOG_FEEDBACK	1
1272647037707	0	RECOG_PRES	8	BLOUSE	139	-999	P	892
1272647038998	0	RECOG_CR_PRES	8	BLOUSE	139	-999	P	118
1272647039433	1	RECOG_FEEDBACK	1
1272647040199	0	RECOG_PRES	8	BLOCKADE	137	-999	P	965
1272647041532	0	RECOG_CR_PRES	8	BLOCKADE	137	-999	P	72
1272647041931	1	RECOG_FEEDBACK	1
1272647042640	0	RECOG_PRES	8	MOON	914	-999	P	884
1272647043898	0	RECOG_CR_PRES	8	MOON	914	-999	P	73
1272647044299	1	RECOG_FEEDBACK	1
1272647045057	0	RECOG_PRES	8	BLACKBOARD	133	-999	P	730
1272647046149	0	RECOG_CR_PRES	8	BLACKBOARD	133	-999	P	79
1272647046507	1	RECOG_FEEDBACK	1
1272647047906	0	REST
1272647049063	1	REC_START
1272647049098	0	RECOG_PRES	9	FRIEND	606	-999	P	785
1272647050248	0	RECOG_CR_PRES	9	FRIEND	606	-999	P	148
1272647050714	1	RECOG_FEEDBACK	1
1272647051448	0	RECOG_PRES	9	POLICE	1098	-999	P	860
1272647052681	0	RECOG_CR_PRES	9	POLICE	1098	-999	P	58
1272647053056	1	RECOG_FEEDBACK	1
1272647053772	0	RECOG_PRES	9	SYRUP	1425	-999	P	891
1272647055056	0	RECOG_CR_PRES	9	SYRUP	1425	-999	P	108
1272647055473	1	RECOG_FEEDBACK	0
1272647056206	0	RECOG_PRES	9	CROSS	413	-999	P	1565
1272647058140	0	RECOG_CR_PRES	9	CROSS	413	-999	P	112
1272647058655	1	RECOG_FEEDBACK	0
1272647059423	0	RECOG_PRES	9	PASSENGER	1020	-999	P	893
1272647060688	0	RECOG_CR_PRES	9	PASSENGER	1020	-999	P	107
1272647061106	1	RECOG_FEEDBACK	1
1272647061905	0	RECOG_PRES	9	DIVER	476	-999	P	754
1272647063022	0	RECOG_CR_PRES	9	DIVER	476	-999	P	46
1272647063372	1	RECOG_FEEDBACK	1
1272647064172	0	RECOG_PRES	9	BACON	67	-999	P	743
1272647065281	0	RECOG_CR_PRES	9	BACON	67	-999	P	107
1272647065680	1	RECOG_FEEDBACK	1
1272647066414	0	RECOG_PRES	9	TICK	1463	-999	P	918
1272647067704	0	RECOG_CR_PRES	9	TICK	1463	-999	P	123
1272647068139	1	RECOG_FEEDBACK	1
1272647068888	0	RECOG_PRES	9	HIGHWAY	707	-999	P	724
1272647069988	0	RECOG_CR_PRES	9	HIGHWAY	707	-999	P	64
1272647070364	1	RECOG_FEEDBACK	1
1272647071097	0	RECOG_PRES	9	DESSERT	453	-999	P	562
1272647072038	0	RECOG_CR_PRES	9	DESSERT	453	-999	P	62
1272647072388	1	RECOG_FEEDBACK	1
1272647073180	0	RECOG_PRES	9	RADIATOR	1156	-999	P	759
1272647074305	0	RECOG_CR_PRES	9	RADIATOR	1156	-999	P	11
1272647074629	1	RECOG_FEEDBACK	1
1272647075397	0	RECOG_PRES	9	TOASTER	1472	-999	P	903
1272647076670	0	RECOG_CR_PRES	9	TOASTER	1472	-999	P	61
1272647077046	1	RECOG_FEEDBACK	1
1272647077837	0	RECOG_PRES	9	CROW	414	-999	P	695
1272647078904	0	RECOG_CR_PRES	9	CROW	414	-999	P	75
1272647079288	1	RECOG_FEEDBACK	1
1272647080005	0	RECOG_PRES	9	APPENDAGE	32	-999	P	678
1272647081046	0	RECOG_CR_PRES	9	APPENDAGE	32	-999	P	46
1272647081396	1	RECOG_FEEDBACK	1
1272647082163	0	RECOG_PRES	9	BARLEY	88	-999	P	768
1272647083296	0	RECOG_CR_PRES	9	BARLEY	88	-999	P	44
1272647083637	1	RECOG_FEEDBACK	1
1272647084388	0	RECOG_PRES	9	ROBE	1198	-999	P	455
1272647085204	0	RECOG_CR_PRES	9	ROBE	1198	-999	P	184
1272647085678	1	RECOG_FEEDBACK	1
1272647086454	0	RECOG_PRES	9	CHIME	300	-999	P	678
1272647087504	0	RECOG_CR_PRES	9	CHIME	300	-999	P	28
1272647087828	1	RECOG_FEEDBACK	1
1272647088562	0	RECOG_PRES	9	CHESS	294	-999	P	754
1272647089686	0	RECOG_CR_PRES	9	CHESS	294	-999	P	53
1272647090037	1	RECOG_FEEDBACK	1
1272647090794	0	RECOG_PRES	9	RIFLE	1192	-999	P	905
1272647092062	0	RECOG_CR_PRES	9	RIFLE	1192	-999	P	102
1272647092470	1	RECOG_FEEDBACK	1
1272647093212	0	RECOG_PRES	9	OBOE	969	-999	P	952
1272647094528	0	RECOG_CR_PRES	9	OBOE	969	-999	P	139
1272647094977	1	RECOG_FEEDBACK	0
1272647096237	0	REST
1272647097363	1	REC_START
1272647097403	0	RECOG_PRES	10	PARSLEY	1016	-999	P	801
1272647098578	0	RECOG_CR_PRES	10	PARSLEY	1016	-999	P	257
1272647099170	1	RECOG_FEEDBACK	1
1272647099960	0	RECOG_PRES	10	TURNIP	1521	-999	P	891
1272647101220	0	RECOG_CR_PRES	10	TURNIP	1521	-999	P	112
1272647101635	1	RECOG_FEEDBACK	1
1272647102361	0	RECOG_PRES	10	MUSHROOM	934	-999	P	1059
1272647103793	0	RECOG_CR_PRES	10	MUSHROOM	934	-999	P	58
1272647104178	1	RECOG_FEEDBACK	1
1272647104952	0	RECOG_PRES	10	TOTE	1487	-999	P	875
1272647106194	0	RECOG_CR_PRES	10	TOTE	1487	-999	P	66
1272647106569	1	RECOG_FEEDBACK	1
1272647107344	0	RECOG_PRES	10	ANTENNA	28	-999	P	804
1272647108519	0	RECOG_CR_PRES	10	ANTENNA	28	-999	P	69
1272647108868	1	RECOG_FEEDBACK	1
1272647109635	0	RECOG_PRES	10	CHEEK	287	-999	P	657
1272647110660	0	RECOG_CR_PRES	10	CHEEK	287	-999	P	79
1272647111036	1	RECOG_FEEDBACK	1
1272647111835	0	RECOG_PRES	10	SPOUSE	1358	-999	P	807
1272647113044	0	RECOG_CR_PRES	10	SPOUSE	1358	-999	P	120
1272647113477	1	RECOG_FEEDBACK	1
1272647114235	0	RECOG_PRES	10	GALAXY	617	-999	P	720
1272647115319	0	RECOG_CR_PRES	10	GALAXY	617	-999	P	13
1272647115634	1	RECOG_FEEDBACK	1
1272647116402	0	RECOG_PRES	10	SHORTCAKE	1292	-999	P	832
1272647117634	0	RECOG_CR_PRES	10	SHORTCAKE	1292	-999	P	41
1272647118002	1	RECOG_FEEDBACK	1
1272647118809	0	RECOG_PRES	10	CHIMPANZEE	302	-999	P	882
1272647120060	0	RECOG_CR_PRES	10	CHIMPANZEE	302	-999	P	40
1272647120418	1	RECOG_FEEDBACK	1
1272647121135	0	RECOG_PRES	10	INMATE	738	-999	P	1381
1272647122892	0	RECOG_CR_PRES	10	INMATE	738	-999	P	128
1272647123435	1	RECOG_FEEDBACK	1
1272647124210	0	RECOG_PRES	10	FAMILY	550	-999	P	673
1272647125251	0	RECOG_CR_PRES	10	FAMILY	550	-999	P	121
1272647125667	1	RECOG_FEEDBACK	1
1272647126409	0	RECOG_PRES	10	LIST	830	-999	P	795
1272647127576	0	RECOG_CR_PRES	10	LIST	830	-999	P	179
1272647128059	1	RECOG_FEEDBACK	1
1272647128850	0	RECOG_PRES	10	ASIA	46	-999	P	594
1272647129816	0	RECOG_CR_PRES	10	ASIA	46	-999	P	51
1272647130184	1	RECOG_FEEDBACK	1
1272647130983	0	RECOG_PRES	10	WINDSHIELD	1612	-999	P	1037
1272647132392	0	RECOG_CR_PRES	10	WINDSHIELD	1612	-999	P	132
1272647132841	1	RECOG_FEEDBACK	1
1272647133641	0	RECOG_PRES	10	MONKEY	911	-999	P	691
1272647134708	0	RECOG_CR_PRES	10	MONKEY	911	-999	P	39
1272647135050	1	RECOG_FEEDBACK	1
1272647135833	0	RECOG_PRES	10	SPHINX	1349	-999	P	755
1272647136958	0	RECOG_CR_PRES	10	SPHINX	1349	-999	P	62
1272647137325	1	RECOG_FEEDBACK	1
1272647138092	0	RECOG_PRES	10	VEST	1559	-999	P	1551
1272647140008	0	RECOG_CR_PRES	10	VEST	1559	-999	P	84
1272647140433	1	RECOG_FEEDBACK	1
1272647141142	0	RECOG_PRES	10	FRAGRANCE	599	-999	P	1366
1272647142882	0	RECOG_CR_PRES	10	FRAGRANCE	599	-999	P	57
1272647143292	1	RECOG_FEEDBACK	1
1272647144042	0	RECOG_PRES	10	LUMBER	848	-999	P	856
1272647145291	0	RECOG_CR_PRES	10	LUMBER	848	-999	P	57
1272647145665	1	RECOG_FEEDBACK	1
1272647146865	0	REST
1272647147750	1	REC_START
1272647147782	0	RECOG_PRES	11	HERO	706	-999	P	1758
1272647149915	0	RECOG_CR_PRES	11	HERO	706	-999	P	48
1272647150291	1	RECOG_FEEDBACK	1
1272647151083	0	RECOG_PRES	11	SUPERVISOR	1410	-999	P	880
1272647152332	0	RECOG_CR_PRES	11	SUPERVISOR	1410	-999	P	96
1272647152731	1	RECOG_FEEDBACK	1
1272647153507	0	RECOG_PRES	11	VALVE	1546	-999	P	769
1272647154648	0	RECOG_CR_PRES	11	VALVE	1546	-999	P	51
1272647155007	1	RECOG_FEEDBACK	1
1272647155781	0	RECOG_PRES	11	MINER	896	-999	P	679
1272647156840	0	RECOG_CR_PRES	11	MINER	896	-999	P	35
1272647157182	1	RECOG_FEEDBACK	1
1272647157989	0	RECOG_PRES	11	BEAN	105	-999	P	678
1272647159032	0	RECOG_CR_PRES	11	BEAN	105	-999	P	44
1272647159382	1	RECOG_FEEDBACK	1
1272647160174	0	RECOG_PRES	11	SERPENT	1270	-999	P	1326
1272647161872	0	RECOG_CR_PRES	11	SERPENT	1270	-999	P	3
1272647162298	1	RECOG_FEEDBACK	1
1272647163107	0	RECOG_PRES	11	TYPEWRITER	1531	-999	P	856
1272647164332	0	RECOG_CR_PRES	11	TYPEWRITER	1531	-999	P	8
1272647164639	1	RECOG_FEEDBACK	1
1272647165423	0	RECOG_PRES	11	CHICK	296	-999	P	669
1272647166473	0	RECOG_CR_PRES	11	CHICK	296	-999	P	83
1272647166864	1	RECOG_FEEDBACK	0
1272647167630	0	RECOG_PRES	11	WALRUS	1585	-999	P	590
1272647168590	0	RECOG_CR_PRES	11	WALRUS	1585	-999	P	141
1272647168972	1	RECOG_FEEDBACK	-1
1272647169714	0	RECOG_PRES	11	COCOON	339	-999	P	1298
1272647171381	0	RECOG_CR_PRES	11	COCOON	339	-999	P	119
1272647171830	1	RECOG_FEEDBACK	1
1272647172630	0	RECOG_PRES	11	JEANS	752	-999	P	1285
1272647174281	0	RECOG_CR_PRES	11	JEANS	752	-999	P	91
1272647174805	1	RECOG_FEEDBACK	0
1272647175597	0	RECOG_PRES	11	MOTH	920	-999	P	743
1272647176713	0	RECOG_CR_PRES	11	MOTH	920	-999	P	106
1272647177114	1	RECOG_FEEDBACK	1
1272647177871	0	RECOG_PRES	11	VACUUM	1543	-999	P	613
1272647178855	0	RECOG_CR_PRES	11	VACUUM	1543	-999	P	44
1272647179172	1	RECOG_FEEDBACK	1
1272647179938	0	RECOG_PRES	11	ASSOCIATE	49	-999	P	674
1272647180988	0	RECOG_CR_PRES	11	ASSOCIATE	49	-999	P	80
1272647181364	1	RECOG_FEEDBACK	1
1272647182130	0	RECOG_PRES	11	POT	1114	-999	P	729
1272647183222	0	RECOG_CR_PRES	11	POT	1114	-999	P	78
1272647183605	1	RECOG_FEEDBACK	1
1272647184347	0	RECOG_PRES	11	BOLT	146	-999	P	793
1272647185513	0	RECOG_CR_PRES	11	BOLT	146	-999	P	59
1272647185904	1	RECOG_FEEDBACK	1
1272647186671	0	RECOG_PRES	11	VIOLA	1570	-999	P	781
1272647187821	0	RECOG_CR_PRES	11	VIOLA	1570	-999	P	62
1272647188205	1	RECOG_FEEDBACK	1
1272647188937	0	RECOG_PRES	11	SPICE	1350	-999	P	810
1272647190113	0	RECOG_CR_PRES	11	SPICE	1350	-999	P	27
1272647190463	1	RECOG_FEEDBACK	1
1272647191263	0	RECOG_PRES	11	PANTHER	1009	-999	P	869
1272647192505	0	RECOG_CR_PRES	11	PANTHER	1009	-999	P	107
1272647192929	1	RECOG_FEEDBACK	1
1272647193687	0	RECOG_PRES	11	MEDAL	885	-999	P	1036
1272647195088	0	RECOG_CR_PRES	11	MEDAL	885	-999	P	68
1272647195529	1	RECOG_FEEDBACK	1
1272647196753	0	REST
1272647197566	1	REC_START
1272647197604	0	RECOG_PRES	12	STRAWBERRY	1391	-999	P	752
1272647198728	0	RECOG_CR_PRES	12	STRAWBERRY	1391	-999	P	75
1272647199104	1	RECOG_FEEDBACK	1
1272647199878	0	RECOG_PRES	12	PEDESTRIAN	1038	-999	P	718
1272647200970	0	RECOG_CR_PRES	12	PEDESTRIAN	1038	-999	P	66
1272647201346	1	RECOG_FEEDBACK	1
1272647202096	0	RECOG_PRES	12	HAM	678	-999	P	1244
1272647203711	0	RECOG_CR_PRES	12	HAM	678	-999	P	52
1272647204079	1	RECOG_FEEDBACK	1
1272647204794	0	RECOG_PRES	12	MARKET	871	-999	P	762
1272647205928	0	RECOG_CR_PRES	12	MARKET	871	-999	P	43
1272647206279	1	RECOG_FEEDBACK	1
1272647207012	0	RECOG_PRES	12	SHIP	1286	-999	P	1136
1272647208520	0	RECOG_CR_PRES	12	SHIP	1286	-999	P	92
1272647209012	1	RECOG_FEEDBACK	0
1272647209811	0	RECOG_PRES	12	SNAKE	1333	-999	P	936
1272647211112	0	RECOG_CR_PRES	12	SNAKE	1333	-999	P	44
1272647211486	1	RECOG_FEEDBACK	0
1272647212220	0	RECOG_PRES	12	LOOP	844	-999	P	759
1272647213345	0	RECOG_CR_PRES	12	LOOP	844	-999	P	3
1272647213644	1	RECOG_FEEDBACK	1
1272647214445	0	RECOG_PRES	12	MANSION	864	-999	P	855
1272647215669	0	RECOG_CR_PRES	12	MANSION	864	-999	P	38
1272647216011	1	RECOG_FEEDBACK	1
1272647216785	0	RECOG_PRES	12	SIRLOIN	1311	-999	P	547
1272647217702	0	RECOG_CR_PRES	12	SIRLOIN	1311	-999	P	53
1272647218053	1	RECOG_FEEDBACK	1
1272647218785	0	RECOG_PRES	12	SALESMAN	1225	-999	P	1283
1272647220444	0	RECOG_CR_PRES	12	SALESMAN	1225	-999	P	16
1272647220793	1	RECOG_FEEDBACK	0
1272647221502	0	RECOG_PRES	12	BOOK	149	-999	P	550
1272647222427	0	RECOG_CR_PRES	12	BOOK	149	-999	P	81
1272647222793	1	RECOG_FEEDBACK	1
1272647223561	0	RECOG_PRES	12	LOFT	840	-999	P	1154
1272647225077	0	RECOG_CR_PRES	12	LOFT	840	-999	P	39
1272647225469	1	RECOG_FEEDBACK	1
1272647226194	0	RECOG_PRES	12	DOUGHNUT	490	-999	P	673
1272647227235	0	RECOG_CR_PRES	12	DOUGHNUT	490	-999	P	41
1272647227585	1	RECOG_FEEDBACK	1
1272647228319	0	RECOG_PRES	12	PASSAGE	1019	-999	P	685
1272647229377	0	RECOG_CR_PRES	12	PASSAGE	1019	-999	P	139
1272647229817	1	RECOG_FEEDBACK	1
1272647230552	0	RECOG_PRES	12	VALLEY	1545	-999	P	1235
1272647232152	0	RECOG_CR_PRES	12	VALLEY	1545	-999	P	84
1272647232560	1	RECOG_FEEDBACK	1
1272647233327	0	RECOG_PRES	12	BULB	192	-999	P	685
1272647234376	0	RECOG_CR_PRES	12	BULB	192	-999	P	52
1272647234725	1	RECOG_FEEDBACK	1
1272647235435	0	RECOG_PRES	12	GUARDIAN	668	-999	P	544
1272647236343	0	RECOG_CR_PRES	12	GUARDIAN	668	-999	P	149
1272647236734	1	RECOG_FEEDBACK	-1
1272647237443	0	RECOG_PRES	12	EUROPE	541	-999	P	665
1272647238485	0	RECOG_CR_PRES	12	EUROPE	541	-999	P	111
1272647238892	1	RECOG_FEEDBACK	1
1272647239601	0	RECOG_PRES	12	TUNA	1518	-999	P	635
1272647240609	0	RECOG_CR_PRES	12	TUNA	1518	-999	P	130
1272647241051	1	RECOG_FEEDBACK	1
1272647241817	0	RECOG_PRES	12	ENEMY	534	-999	P	1154
1272647243334	0	RECOG_CR_PRES	12	ENEMY	534	-999	P	54
1272647243708	1	RECOG_FEEDBACK	1
1272647244900	0	REST
1272647245805	1	REC_START
1272647245841	0	RECOG_PRES	13	HAY	693	-999	P	1683
1272647247900	0	RECOG_CR_PRES	13	HAY	693	-999	P	15
1272647248259	1	RECOG_FEEDBACK	1
1272647249034	0	RECOG_PRES	13	SIGNATURE	1306	-999	P	865
1272647250267	0	RECOG_CR_PRES	13	SIGNATURE	1306	-999	P	41
1272647250649	1	RECOG_FEEDBACK	1
1272647251459	0	RECOG_PRES	13	DUSTPAN	509	-999	P	937
1272647252766	0	RECOG_CR_PRES	13	DUSTPAN	509	-999	P	69
1272647253150	1	RECOG_FEEDBACK	1
1272647253874	0	RECOG_PRES	13	COPIER	377	-999	P	1306
1272647255550	0	RECOG_CR_PRES	13	COPIER	377	-999	P	38
1272647255916	1	RECOG_FEEDBACK	1
1272647256624	0	RECOG_PRES	13	BARRACUDA	90	-999	P	972
1272647257965	0	RECOG_CR_PRES	13	BARRACUDA	90	-999	P	95
1272647258400	1	RECOG_FEEDBACK	1
1272647259141	0	RECOG_PRES	13	MOSS	918	-999	P	1367
1272647260882	0	RECOG_CR_PRES	13	MOSS	918	-999	P	57
1272647261266	1	RECOG_FEEDBACK	1
1272647262033	0	RECOG_PRES	13	STEM	1376	-999	P	1267
1272647263673	0	RECOG_CR_PRES	13	STEM	1376	-999	P	34
1272647264058	1	RECOG_FEEDBACK	0
1272647264840	0	RECOG_PRES	13	WIFE	1609	-999	P	787
1272647265998	0	RECOG_CR_PRES	13	WIFE	1609	-999	P	46
1272647266341	1	RECOG_FEEDBACK	1
1272647267132	0	RECOG_PRES	13	DOORBELL	487	-999	P	976
1272647268482	0	RECOG_CR_PRES	13	DOORBELL	487	-999	P	50
1272647268856	1	RECOG_FEEDBACK	1
1272647269623	0	RECOG_PRES	13	COFFEE	341	-999	P	925
1272647270923	0	RECOG_CR_PRES	13	COFFEE	341	-999	P	40
1272647271290	1	RECOG_FEEDBACK	1
1272647272049	0	RECOG_PRES	13	JUG	762	-999	P	890
1272647273307	0	RECOG_CR_PRES	13	JUG	762	-999	P	49
1272647273698	1	RECOG_FEEDBACK	1
1272647274482	0	RECOG_PRES	13	SPATULA	1348	-999	P	1042
1272647275897	0	RECOG_CR_PRES	13	SPATULA	1348	-999	P	371
1272647276590	1	RECOG_FEEDBACK	1
1272647277323	0	RECOG_PRES	13	SWAN	1417	-999	P	817
1272647278515	0	RECOG_CR_PRES	13	SWAN	1417	-999	P	33
1272647278872	1	RECOG_FEEDBACK	1
1272647279639	0	RECOG_PRES	13	MISSILE	900	-999	P	757
1272647280772	0	RECOG_CR_PRES	13	MISSILE	900	-999	P	31
1272647281123	1	RECOG_FEEDBACK	1
1272647281880	0	RECOG_PRES	13	RAKE	1164	-999	P	827
1272647283073	0	RECOG_CR_PRES	13	RAKE	1164	-999	P	27
1272647283406	1	RECOG_FEEDBACK	1
1272647284173	0	RECOG_PRES	13	OFFICER	973	-999	P	766
1272647285306	0	RECOG_CR_PRES	13	OFFICER	973	-999	P	42
1272647285638	1	RECOG_FEEDBACK	1
1272647286406	0	RECOG_PRES	13	TOENAIL	1474	-999	P	790
1272647287573	0	RECOG_CR_PRES	13	TOENAIL	1474	-999	P	31
1272647287922	1	RECOG_FEEDBACK	1
1272647288638	0	RECOG_PRES	13	MONEY	908	-999	P	766
1272647289780	0	RECOG_CR_PRES	13	MONEY	908	-999	P	23
1272647290131	1	RECOG_FEEDBACK	1
1272647290921	0	RECOG_PRES	13	NIECE	952	-999	P	922
1272647292206	0	RECOG_CR_PRES	13	NIECE	952	-999	P	102
1272647292630	1	RECOG_FEEDBACK	1
1272647293347	0	RECOG_PRES	13	JET	756	-999	P	1057
1272647294779	0	RECOG_CR_PRES	13	JET	756	-999	P	40
1272647295180	1	RECOG_FEEDBACK	1
1272647296414	0	REST
1272647297340	1	REC_START
1272647297380	0	RECOG_PRES	14	BROTHER	179	-999	P	1287
1272647299030	0	RECOG_CR_PRES	14	BROTHER	179	-999	P	62
1272647299405	1	RECOG_FEEDBACK	0
1272647300122	0	RECOG_PRES	14	TUNNEL	1519	-999	P	873
1272647301372	0	RECOG_CR_PRES	14	TUNNEL	1519	-999	P	8
1272647301679	1	RECOG_FEEDBACK	1
1272647302488	0	RECOG_PRES	14	SUBURB	1399	-999	P	772
1272647303621	0	RECOG_CR_PRES	14	SUBURB	1399	-999	P	54
1272647303962	1	RECOG_FEEDBACK	1
1272647304754	0	RECOG_PRES	14	BASEBALL	93	-999	P	650
1272647305779	0	RECOG_CR_PRES	14	BASEBALL	93	-999	P	64
1272647306146	1	RECOG_FEEDBACK	1
1272647306862	0	RECOG_PRES	14	CUCUMBER	421	-999	P	1133
1272647308371	0	RECOG_CR_PRES	14	CUCUMBER	421	-999	P	81
1272647308762	1	RECOG_FEEDBACK	1
1272647309563	0	RECOG_PRES	14	RAG	1160	-999	P	1041
1272647310978	0	RECOG_CR_PRES	14	RAG	1160	-999	P	146
1272647311462	1	RECOG_FEEDBACK	1
1272647312246	0	RECOG_PRES	14	SHUTTER	1300	-999	P	1126
1272647313745	0	RECOG_CR_PRES	14	SHUTTER	1300	-999	P	114
1272647314146	1	RECOG_FEEDBACK	1
1272647314936	0	RECOG_PRES	14	CONTINENT	367	-999	P	1236
1272647316545	0	RECOG_CR_PRES	14	CONTINENT	367	-999	P	75
1272647316936	1	RECOG_FEEDBACK	0
1272647317694	0	RECOG_PRES	14	COMMANDER	354	-999	P	997
1272647319054	0	RECOG_CR_PRES	14	COMMANDER	354	-999	P	22
1272647319387	1	RECOG_FEEDBACK	0
1272647320120	0	RECOG_PRES	14	HAT	690	-999	P	940
1272647321428	0	RECOG_CR_PRES	14	HAT	690	-999	P	112
1272647321852	1	RECOG_FEEDBACK	0
1272647322620	0	RECOG_PRES	14	LUNCH	849	-999	P	1223
1272647324220	0	RECOG_CR_PRES	14	LUNCH	849	-999	P	56
1272647324595	1	RECOG_FEEDBACK	1
1272647325320	0	RECOG_PRES	14	DIARY	460	-999	P	868
1272647326561	0	RECOG_CR_PRES	14	DIARY	460	-999	P	51
1272647326902	1	RECOG_FEEDBACK	1
1272647327620	0	RECOG_PRES	14	WOLF	1619	-999	P	928
1272647328919	0	RECOG_CR_PRES	14	WOLF	1619	-999	P	109
1272647329344	1	RECOG_FEEDBACK	1
1272647330078	0	RECOG_PRES	14	BUBBLE	183	-999	P	693
1272647331136	0	RECOG_CR_PRES	14	BUBBLE	183	-999	P	52
1272647331494	1	RECOG_FEEDBACK	0
1272647332294	0	RECOG_PRES	14	FIG	563	-999	P	661
1272647333319	0	RECOG_CR_PRES	14	FIG	563	-999	P	29
1272647333643	1	RECOG_FEEDBACK	1
1272647334444	0	RECOG_PRES	14	CLOTHES	327	-999	P	656
1272647335469	0	RECOG_CR_PRES	14	CLOTHES	327	-999	P	23
1272647335768	1	RECOG_FEEDBACK	1
1272647336569	0	RECOG_PRES	14	LAWYER	806	-999	P	651
1272647337594	0	RECOG_CR_PRES	14	LAWYER	806	-999	P	49
1272647337943	1	RECOG_FEEDBACK	1
1272647338693	0	RECOG_PRES	14	GUEST	669	-999	P	799
1272647339868	0	RECOG_CR_PRES	14	GUEST	669	-999	P	47
1272647340235	1	RECOG_FEEDBACK	1
1272647341010	0	RECOG_PRES	14	KNIFE	785	-999	P	817
1272647342194	0	RECOG_CR_PRES	14	KNIFE	785	-999	P	98
1272647342585	1	RECOG_FEEDBACK	1
1272647343327	0	RECOG_PRES	14	RIVER	1194	-999	P	837
1272647344535	0	RECOG_CR_PRES	14	RIVER	1194	-999	P	533
1272647345368	1	RECOG_FEEDBACK	1
1272647346684	0	REST
1272647347679	1	REC_START
1272647347717	0	RECOG_PRES	15	KITTEN	780	-999	P	1206
1272647349285	0	RECOG_CR_PRES	15	KITTEN	780	-999	P	7
1272647349650	1	RECOG_FEEDBACK	1
1272647350426	0	RECOG_PRES	15	BOWL	158	-999	P	1385
1272647352176	0	RECOG_CR_PRES	15	BOWL	158	-999	P	84
1272647352650	1	RECOG_FEEDBACK	0
1272647353376	0	RECOG_PRES	15	SWAMP	1416	-999	P	724
1272647354476	0	RECOG_CR_PRES	15	SWAMP	1416	-999	P	136
1272647354908	1	RECOG_FEEDBACK	1
1272647355667	0	RECOG_PRES	15	FRECKLE	602	-999	P	785
1272647356825	0	RECOG_CR_PRES	15	FRECKLE	602	-999	P	211
1272647357351	1	RECOG_FEEDBACK	1
1272647358109	0	RECOG_PRES	15	COLT	349	-999	P	848
1272647359351	0	RECOG_CR_PRES	15	COLT	349	-999	P	245
1272647359925	1	RECOG_FEEDBACK	1
1272647360675	0	RECOG_PRES	15	TAR	1435	-999	P	641
1272647361691	0	RECOG_CR_PRES	15	TAR	1435	-999	P	240
1272647362309	1	RECOG_FEEDBACK	-1
1272647363025	0	RECOG_PRES	15	REEF	1177	-999	P	666
1272647364059	0	RECOG_CR_PRES	15	REEF	1177	-999	P	105
1272647364475	1	RECOG_FEEDBACK	1
1272647365200	0	RECOG_PRES	15	WICK	1607	-999	P	988
1272647366558	0	RECOG_CR_PRES	15	WICK	1607	-999	P	141
1272647367075	1	RECOG_FEEDBACK	0
1272647367832	0	RECOG_PRES	15	LID	817	-999	P	756
1272647368957	0	RECOG_CR_PRES	15	LID	817	-999	P	47
1272647369325	1	RECOG_FEEDBACK	1
1272647370091	0	RECOG_PRES	15	EMPLOYER	532	-999	P	816
1272647371275	0	RECOG_CR_PRES	15	EMPLOYER	532	-999	P	49
1272647371657	1	RECOG_FEEDBACK	1
1272647372425	0	RECOG_PRES	15	DINNER	468	-999	P	1011
1272647373807	0	RECOG_CR_PRES	15	DINNER	468	-999	P	36
1272647374208	1	RECOG_FEEDBACK	1
1272647374923	0	RECOG_PRES	15	THUMB	1462	-999	P	1064
1272647376349	0	RECOG_CR_PRES	15	THUMB	1462	-999	P	326
1272647376982	1	RECOG_FEEDBACK	1
1272647377757	0	RECOG_PRES	15	RECEIPT	1173	-999	P	1030
1272647379149	0	RECOG_CR_PRES	15	RECEIPT	1173	-999	P	143
1272647379640	1	RECOG_FEEDBACK	0
1272647380407	0	RECOG_PRES	15	SAW	1239	-999	P	821
1272647381599	0	RECOG_CR_PRES	15	SAW	1239	-999	P	28
1272647381931	1	RECOG_FEEDBACK	1
1272647382648	0	RECOG_PRES	15	PURSE	1145	-999	P	780
1272647383798	0	RECOG_CR_PRES	15	PURSE	1145	-999	P	101
1272647384207	1	RECOG_FEEDBACK	1
1272647384956	0	RECOG_PRES	15	CHAIR	274	-999	P	1152
1272647386482	0	RECOG_CR_PRES	15	CHAIR	274	-999	P	130
1272647386923	1	RECOG_FEEDBACK	1
1272647387664	0	RECOG_PRES	15	YARD	1630	-999	P	916
1272647388956	0	RECOG_CR_PRES	15	YARD	1630	-999	P	56
1272647389332	1	RECOG_FEEDBACK	1
1272647390057	0	RECOG_PRES	15	BLACKBERRY	132	-999	P	754
1272647391173	0	RECOG_CR_PRES	15	BLACKBERRY	132	-999	P	87
1272647391582	1	RECOG_FEEDBACK	1
1272647392298	0	RECOG_PRES	15	PIANO	1057	-999	P	882
1272647393556	0	RECOG_CR_PRES	15	PIANO	1057	-999	P	48
1272647393930	1	RECOG_FEEDBACK	1
1272647394689	0	RECOG_PRES	15	PLANT	1083	-999	P	891
1272647395955	0	RECOG_CR_PRES	15	PLANT	1083	-999	P	145
1272647396423	1	RECOG_FEEDBACK	1
1272647397183	0	RECOG_END
1272647404522	0	SESS_END
1272647404563	0	E	Logging Ends
