1269892902262	0	B	Logging Begins
1269892902262	0	SESS_START	11
1269892996833	1	FR_PRES	0	WALRUS	1585	0	1	1325	(0.42259999999999998, 0.58709999999999996, 0)	../fonts/zerothre.ttf	lower
1269893000641	1	FR_PRES	0	FOLDER	588	0	0	1101	(0.42259999999999998, 0.58709999999999996, 0)	../fonts/zerothre.ttf	lower
1269893004691	1	FR_PRES	0	SUITCASE	1403	0	1	1011	(0.42259999999999998, 0.58709999999999996, 0)	../fonts/zerothre.ttf	lower
1269893008874	1	FR_PRES	0	DENTIST	447	0	1	932	(0.42259999999999998, 0.58709999999999996, 0)	../fonts/zerothre.ttf	lower
1269893013074	1	FR_PRES	0	BINDER	127	1	0	1060	(0.57740000000000002, 0.41289999999999999, 1.0)	../fonts/amplitud.ttf	upper
1269893016974	1	FR_PRES	0	CANAL	226	1	0	1216	(0.57740000000000002, 0.41289999999999999, 1.0)	../fonts/amplitud.ttf	upper
1269893021132	1	FR_PRES	0	TIE	1466	1	0	1162	(0.57740000000000002, 0.41289999999999999, 1.0)	../fonts/amplitud.ttf	upper
1269893025215	1	FR_PRES	0	NECK	939	1	1	1375	(0.57740000000000002, 0.41289999999999999, 1.0)	../fonts/amplitud.ttf	upper
1269893029089	1	FR_PRES	0	IRON	744	1	0	942	(0.57740000000000002, 0.41289999999999999, 1.0)	../fonts/amplitud.ttf	upper
1269893033156	1	FR_PRES	0	MOUSE	925	1	1	1026	(0.57740000000000002, 0.41289999999999999, 1.0)	../fonts/amplitud.ttf	upper
1269893037097	1	FR_PRES	0	MEDAL	885	0	1	1069	(0.42259999999999998, 0.58709999999999996, 0)	../fonts/zerothre.ttf	lower
1269893041172	1	FR_PRES	0	TROPHY	1509	0	1	954	(0.42259999999999998, 0.58709999999999996, 0)	../fonts/zerothre.ttf	lower
1269893045288	1	FR_PRES	0	CLIMBER	323	1	1	1022	(0.57740000000000002, 0.41289999999999999, 1.0)	../fonts/amplitud.ttf	upper
1269893049296	1	FR_PRES	0	ESCALATOR	539	1	0	966	(0.57740000000000002, 0.41289999999999999, 1.0)	../fonts/amplitud.ttf	upper
1269893053154	1	FR_PRES	0	LIST	830	0	0	972	(0.42259999999999998, 0.58709999999999996, 0)	../fonts/zerothre.ttf	lower
1269893057321	1	FR_PRES	0	VOLCANO	1575	0	1	909	(0.42259999999999998, 0.58709999999999996, 0)	../fonts/zerothre.ttf	lower
1269893061305	0	DISTRACTOR	0			8000	5
1269893070220	1	REC_START
1269893147156	0	REST
1269893148656	0	DISTRACTOR	1			8000	4
1269893156280	1	FR_PRES	1	COUNTRY	388	0	1	614	(0.42259999999999998, 0.58709999999999996, 0)	../fonts/zerothre.ttf	lower
1269893160301	0	DISTRACTOR	1			8000	4
1269893168396	1	FR_PRES	1	RADIO	1157	0	1	802	(0.42259999999999998, 0.58709999999999996, 0)	../fonts/zerothre.ttf	lower
1269893172232	0	DISTRACTOR	1			8000	4
1269893180395	1	FR_PRES	1	DIPLOMA	470	0	0	1003	(0.42259999999999998, 0.58709999999999996, 0)	../fonts/zerothre.ttf	lower
1269893184480	0	DISTRACTOR	1			8000	4
1269893192486	1	FR_PRES	1	KEY	773	1	0	1032	(0.57740000000000002, 0.41289999999999999, 1.0)	../fonts/amplitud.ttf	upper
1269893196325	0	DISTRACTOR	1			8000	2
1269893204643	1	FR_PRES	1	VISITOR	1573	1	1	1043	(0.57740000000000002, 0.41289999999999999, 1.0)	../fonts/amplitud.ttf	upper
1269893208684	0	DISTRACTOR	1			8000	3
1269893216609	1	FR_PRES	1	TEA	1439	1	0	1197	(0.57740000000000002, 0.41289999999999999, 1.0)	../fonts/amplitud.ttf	upper
1269893220766	0	DISTRACTOR	1			8000	4
1269893228700	1	FR_PRES	1	GRADUATE	653	1	1	1362	(0.57740000000000002, 0.41289999999999999, 1.0)	../fonts/amplitud.ttf	upper
1269893232714	0	DISTRACTOR	1			8000	4
1269893240890	1	FR_PRES	1	BISCUIT	130	1	0	828	(0.57740000000000002, 0.41289999999999999, 1.0)	../fonts/amplitud.ttf	upper
1269893244844	0	DISTRACTOR	1			8000	3
1269893253032	1	FR_PRES	1	CARAVAN	242	1	0	958	(0.57740000000000002, 0.41289999999999999, 1.0)	../fonts/amplitud.ttf	upper
1269893257198	0	DISTRACTOR	1			8000	4
1269893264905	1	FR_PRES	1	FAMILY	550	0	1	893	(0.42259999999999998, 0.58709999999999996, 0)	../fonts/zerothre.ttf	lower
1269893268992	0	DISTRACTOR	1			8000	3
1269893276754	1	FR_PRES	1	SHARK	1275	0	1	1076	(0.42259999999999998, 0.58709999999999996, 0)	../fonts/zerothre.ttf	lower
1269893280773	0	DISTRACTOR	1			8000	4
1269893288962	1	FR_PRES	1	JAW	751	0	1	1100	(0.42259999999999998, 0.58709999999999996, 0)	../fonts/zerothre.ttf	lower
1269893293072	0	DISTRACTOR	1			8000	4
1269893300969	1	FR_PRES	1	FIDDLE	561	0	0	1437	(0.42259999999999998, 0.58709999999999996, 0)	../fonts/zerothre.ttf	lower
1269893305135	0	DISTRACTOR	1			8000	3
1269893313118	1	FR_PRES	1	BRAN	167	0	1	1224	(0.42259999999999998, 0.58709999999999996, 0)	../fonts/zerothre.ttf	lower
1269893317119	0	DISTRACTOR	1			8000	2
1269893325243	1	FR_PRES	1	HAWK	692	1	1	1315	(0.57740000000000002, 0.41289999999999999, 1.0)	../fonts/amplitud.ttf	upper
1269893329155	0	DISTRACTOR	1			8000	4
1269893337400	1	FR_PRES	1	CANARY	227	1	1	1366	(0.57740000000000002, 0.41289999999999999, 1.0)	../fonts/amplitud.ttf	upper
1269893341464	0	DISTRACTOR	1			8000	3
1269893350308	1	REC_START
1269893428718	0	REST
1269893430218	0	DISTRACTOR	2			16000	10
1269893445592	1	FR_PRES	2	CANOE	233	0	1	766	(0.42259999999999998, 0.58709999999999996, 0)	../fonts/zerothre.ttf	lower
1269893449533	0	DISTRACTOR	2			16000	9
1269893465682	1	FR_PRES	2	THERMOMETER	1453	0	0	1268	(0.42259999999999998, 0.58709999999999996, 0)	../fonts/zerothre.ttf	lower
1269893469587	0	DISTRACTOR	2			16000	10
1269893485856	1	FR_PRES	2	ASH	44	0	0	774	(0.42259999999999998, 0.58709999999999996, 0)	../fonts/zerothre.ttf	lower
1269893489757	0	DISTRACTOR	2			16000	7
1269893505713	1	FR_PRES	2	RICE	1190	0	0	949	(0.42259999999999998, 0.58709999999999996, 0)	../fonts/zerothre.ttf	lower
1269893509600	0	DISTRACTOR	2			16000	8
1269893525911	1	FR_PRES	2	SAILOR	1223	0	1	823	(0.42259999999999998, 0.58709999999999996, 0)	../fonts/zerothre.ttf	lower
1269893529960	0	DISTRACTOR	2			16000	7
1269893545960	1	FR_PRES	2	SPOOL	1356	0	0	1047	(0.42259999999999998, 0.58709999999999996, 0)	../fonts/zerothre.ttf	lower
1269893549776	0	DISTRACTOR	2			16000	8
1269893566066	1	FR_PRES	2	FIREMAN	569	0	1	788	(0.42259999999999998, 0.58709999999999996, 0)	../fonts/zerothre.ttf	lower
1269893570117	0	DISTRACTOR	2			16000	8
1269893585915	1	FR_PRES	2	STRAW	1390	0	0	795	(0.42259999999999998, 0.58709999999999996, 0)	../fonts/zerothre.ttf	lower
1269893589787	0	DISTRACTOR	2			16000	8
1269893606089	1	FR_PRES	2	FUNGUS	614	0	0	1045	(0.42259999999999998, 0.58709999999999996, 0)	../fonts/zerothre.ttf	lower
1269893609968	0	DISTRACTOR	2			16000	9
1269893626062	1	FR_PRES	2	YACHT	1629	0	1	920	(0.42259999999999998, 0.58709999999999996, 0)	../fonts/zerothre.ttf	lower
1269893630110	0	DISTRACTOR	2			16000	10
1269893646136	1	FR_PRES	2	STRAWBERRY	1391	0	0	895	(0.42259999999999998, 0.58709999999999996, 0)	../fonts/zerothre.ttf	lower
1269893650039	0	DISTRACTOR	2			16000	10
1269893666076	1	FR_PRES	2	DOUGHNUT	490	0	0	754	(0.42259999999999998, 0.58709999999999996, 0)	../fonts/zerothre.ttf	lower
1269893669925	0	DISTRACTOR	2			16000	7
1269893686283	1	FR_PRES	2	BED	110	0	1	1387	(0.42259999999999998, 0.58709999999999996, 0)	../fonts/zerothre.ttf	lower
1269893690430	0	DISTRACTOR	2			16000	6
1269893706140	1	FR_PRES	2	LINEN	825	0	1	1210	(0.42259999999999998, 0.58709999999999996, 0)	../fonts/zerothre.ttf	lower
1269893710043	0	DISTRACTOR	2			16000	9
1269893726105	1	FR_PRES	2	CARPET	247	0	1	1413	(0.42259999999999998, 0.58709999999999996, 0)	../fonts/zerothre.ttf	lower
1269893730092	0	DISTRACTOR	2			16000	10
1269893745978	1	FR_PRES	2	FLOOR	581	0	1	1356	(0.42259999999999998, 0.58709999999999996, 0)	../fonts/zerothre.ttf	lower
1269893749844	0	DISTRACTOR	2			16000	8
1269893766819	1	REC_START
1269893844296	0	REST
1269893845804	1	FR_PRES	3	RACCOON	1153	1	1	994	(0.57740000000000002, 0.41289999999999999, 1.0)	../fonts/amplitud.ttf	upper
1269893849779	1	FR_PRES	3	GROCERY	664	1	0	891	(0.57740000000000002, 0.41289999999999999, 1.0)	../fonts/amplitud.ttf	upper
1269893853795	1	FR_PRES	3	RESORT	1186	1	0	995	(0.57740000000000002, 0.41289999999999999, 1.0)	../fonts/amplitud.ttf	upper
1269893857795	1	FR_PRES	3	SKI	1316	1	0	779	(0.57740000000000002, 0.41289999999999999, 1.0)	../fonts/amplitud.ttf	upper
1269893861636	1	FR_PRES	3	GORILLA	650	1	1	1290	(0.57740000000000002, 0.41289999999999999, 1.0)	../fonts/amplitud.ttf	upper
1269893865528	1	FR_PRES	3	CHIMPANZEE	302	1	1	1022	(0.57740000000000002, 0.41289999999999999, 1.0)	../fonts/amplitud.ttf	upper
1269893869394	1	FR_PRES	3	COFFIN	342	1	0	932	(0.57740000000000002, 0.41289999999999999, 1.0)	../fonts/amplitud.ttf	upper
1269893873427	1	FR_PRES	3	COW	393	1	1	915	(0.57740000000000002, 0.41289999999999999, 1.0)	../fonts/amplitud.ttf	upper
1269893877319	1	FR_PRES	3	CYCLONE	431	1	0	1111	(0.57740000000000002, 0.41289999999999999, 1.0)	../fonts/amplitud.ttf	upper
1269893881268	1	FR_PRES	3	OX	994	1	1	1210	(0.57740000000000002, 0.41289999999999999, 1.0)	../fonts/amplitud.ttf	upper
1269893885093	1	FR_PRES	3	OTTER	986	1	1	1105	(0.57740000000000002, 0.41289999999999999, 1.0)	../fonts/amplitud.ttf	upper
1269893888934	1	FR_PRES	3	DUNGEON	507	1	0	1073	(0.57740000000000002, 0.41289999999999999, 1.0)	../fonts/amplitud.ttf	upper
1269893893093	1	FR_PRES	3	CART	250	1	0	985	(0.57740000000000002, 0.41289999999999999, 1.0)	../fonts/amplitud.ttf	upper
1269893897267	1	FR_PRES	3	STABLE	1363	1	0	748	(0.57740000000000002, 0.41289999999999999, 1.0)	../fonts/amplitud.ttf	upper
1269893901292	1	FR_PRES	3	FEAST	556	1	0	731	(0.57740000000000002, 0.41289999999999999, 1.0)	../fonts/amplitud.ttf	upper
1269893905358	1	FR_PRES	3	DINOSAUR	469	1	1	1184	(0.57740000000000002, 0.41289999999999999, 1.0)	../fonts/amplitud.ttf	upper
1269893911192	1	REC_START
1269893990160	0	REST
1269893991669	1	FR_PRES	4	PRISON	1127	1	0	945	(0.57740000000000002, 0.41289999999999999, 1.0)	../fonts/amplitud.ttf	upper
1269893995777	1	FR_PRES	4	BLACKBOARD	133	1	0	829	(0.57740000000000002, 0.41289999999999999, 1.0)	../fonts/amplitud.ttf	upper
1269893999885	1	FR_PRES	4	HEAD	695	0	1	1273	(0.42259999999999998, 0.58709999999999996, 0)	../fonts/zerothre.ttf	lower
1269894003809	1	FR_PRES	4	QUAIL	1147	0	1	1077	(0.42259999999999998, 0.58709999999999996, 0)	../fonts/zerothre.ttf	lower
1269894007826	1	FR_PRES	4	VITAMIN	1574	0	0	1092	(0.42259999999999998, 0.58709999999999996, 0)	../fonts/zerothre.ttf	lower
1269894011959	1	FR_PRES	4	MONK	910	0	1	887	(0.42259999999999998, 0.58709999999999996, 0)	../fonts/zerothre.ttf	lower
1269894016018	1	FR_PRES	4	CHAPEL	280	0	1	908	(0.42259999999999998, 0.58709999999999996, 0)	../fonts/zerothre.ttf	lower
1269894020183	1	FR_PRES	4	TURKEY	1520	1	1	1199	(0.57740000000000002, 0.41289999999999999, 1.0)	../fonts/amplitud.ttf	upper
1269894024149	1	FR_PRES	4	SHOVEL	1295	1	0	913	(0.57740000000000002, 0.41289999999999999, 1.0)	../fonts/amplitud.ttf	upper
1269894028034	1	FR_PRES	4	HERD	705	0	1	1292	(0.42259999999999998, 0.58709999999999996, 0)	../fonts/zerothre.ttf	lower
1269894032107	1	FR_PRES	4	STEW	1380	0	1	1283	(0.42259999999999998, 0.58709999999999996, 0)	../fonts/zerothre.ttf	lower
1269894036157	1	FR_PRES	4	DUST	508	0	0	897	(0.42259999999999998, 0.58709999999999996, 0)	../fonts/zerothre.ttf	lower
1269894039982	1	FR_PRES	4	SEAGULL	1261	1	1	1392	(0.57740000000000002, 0.41289999999999999, 1.0)	../fonts/amplitud.ttf	upper
1269894043831	1	FR_PRES	4	MAILBOX	857	1	0	1327	(0.57740000000000002, 0.41289999999999999, 1.0)	../fonts/amplitud.ttf	upper
1269894047914	1	FR_PRES	4	APPLICATION	34	1	0	1101	(0.57740000000000002, 0.41289999999999999, 1.0)	../fonts/amplitud.ttf	upper
1269894051831	1	FR_PRES	4	EMPLOYEE	531	1	0	1007	(0.57740000000000002, 0.41289999999999999, 1.0)	../fonts/amplitud.ttf	upper
1269894055730	0	DISTRACTOR	4			8000	4
1269894064764	1	REC_START
1269894142191	0	REST
1269894143691	0	DISTRACTOR	5			8000	3
1269894151215	1	FR_PRES	5	RECEPTIONIST	1174	1	1	879	(0.57740000000000002, 0.41289999999999999, 1.0)	../fonts/amplitud.ttf	upper
1269894155198	0	DISTRACTOR	5			8000	3
1269894163148	1	FR_PRES	5	PUPPY	1144	1	1	1018	(0.57740000000000002, 0.41289999999999999, 1.0)	../fonts/amplitud.ttf	upper
1269894167113	0	DISTRACTOR	5			8000	4
1269894175347	1	FR_PRES	5	GLASSES	640	1	0	955	(0.57740000000000002, 0.41289999999999999, 1.0)	../fonts/amplitud.ttf	upper
1269894179294	0	DISTRACTOR	5			8000	2
1269894187437	1	FR_PRES	5	BRAIN	165	1	1	1377	(0.57740000000000002, 0.41289999999999999, 1.0)	../fonts/amplitud.ttf	upper
1269894191274	0	DISTRACTOR	5			8000	4
1269894199253	1	FR_PRES	5	HAYSTACK	694	1	0	1617	(0.57740000000000002, 0.41289999999999999, 1.0)	../fonts/amplitud.ttf	upper
1269894203189	0	DISTRACTOR	5			8000	3
1269894211311	1	FR_PRES	5	THREAD	1460	1	0	983	(0.57740000000000002, 0.41289999999999999, 1.0)	../fonts/amplitud.ttf	upper
1269894215205	0	DISTRACTOR	5			8000	4
1269894223160	1	FR_PRES	5	BAKER	71	1	1	1110	(0.57740000000000002, 0.41289999999999999, 1.0)	../fonts/amplitud.ttf	upper
1269894226993	0	DISTRACTOR	5			8000	2
1269894235051	1	FR_PRES	5	PIE	1062	1	0	1131	(0.57740000000000002, 0.41289999999999999, 1.0)	../fonts/amplitud.ttf	upper
1269894239064	0	DISTRACTOR	5			8000	4
1269894246958	1	FR_PRES	5	BARK	87	1	0	1296	(0.57740000000000002, 0.41289999999999999, 1.0)	../fonts/amplitud.ttf	upper
1269894250770	0	DISTRACTOR	5			8000	2
1269894258890	1	FR_PRES	5	VAULT	1550	1	0	668	(0.57740000000000002, 0.41289999999999999, 1.0)	../fonts/amplitud.ttf	upper
1269894262795	0	DISTRACTOR	5			8000	4
1269894270981	1	FR_PRES	5	ROD	1203	1	2	1017	(0.57740000000000002, 0.41289999999999999, 1.0)	../fonts/amplitud.ttf	upper
1269894272032	1	KEY_MSG
1269894274917	0	DISTRACTOR	5			8000	4
1269894283155	1	FR_PRES	5	ATHLETE	52	1	1	907	(0.57740000000000002, 0.41289999999999999, 1.0)	../fonts/amplitud.ttf	upper
1269894287280	0	DISTRACTOR	5			8000	3
1269894295346	1	FR_PRES	5	ASSOCIATE	49	1	1	724	(0.57740000000000002, 0.41289999999999999, 1.0)	../fonts/amplitud.ttf	upper
1269894299320	0	DISTRACTOR	5			8000	3
1269894307529	1	FR_PRES	5	MISTER	901	1	1	709	(0.57740000000000002, 0.41289999999999999, 1.0)	../fonts/amplitud.ttf	upper
1269894311352	0	DISTRACTOR	5			8000	5
1269894319361	1	FR_PRES	5	POWDER	1117	1	0	725	(0.57740000000000002, 0.41289999999999999, 1.0)	../fonts/amplitud.ttf	upper
1269894323384	0	DISTRACTOR	5			8000	3
1269894331543	1	FR_PRES	5	MANAGER	863	1	1	719	(0.57740000000000002, 0.41289999999999999, 1.0)	../fonts/amplitud.ttf	upper
1269894335438	0	DISTRACTOR	5			8000	5
1269894344418	1	REC_START
1269894424245	0	REST
1269894425753	1	FR_PRES	6	NIGHTGOWN	953	1	0	845	(0.57740000000000002, 0.41289999999999999, 1.0)	../fonts/amplitud.ttf	upper
1269894429820	1	FR_PRES	6	BEE	112	1	1	946	(0.57740000000000002, 0.41289999999999999, 1.0)	../fonts/amplitud.ttf	upper
1269894433703	1	FR_PRES	6	REFRIGERATOR	1179	1	0	847	(0.57740000000000002, 0.41289999999999999, 1.0)	../fonts/amplitud.ttf	upper
1269894437852	1	FR_PRES	6	POND	1101	1	0	970	(0.57740000000000002, 0.41289999999999999, 1.0)	../fonts/amplitud.ttf	upper
1269894442052	1	FR_PRES	6	SWIMMER	1420	1	1	890	(0.57740000000000002, 0.41289999999999999, 1.0)	../fonts/amplitud.ttf	upper
1269894445918	1	FR_PRES	6	RESTAURANT	1187	1	0	728	(0.57740000000000002, 0.41289999999999999, 1.0)	../fonts/amplitud.ttf	upper
1269894449768	1	FR_PRES	6	GIRL	637	1	1	886	(0.57740000000000002, 0.41289999999999999, 1.0)	../fonts/amplitud.ttf	upper
1269894453751	1	FR_PRES	6	DOG	480	1	1	879	(0.57740000000000002, 0.41289999999999999, 1.0)	../fonts/amplitud.ttf	upper
1269894457593	1	FR_PRES	6	GRIZZLY	662	1	0	965	(0.57740000000000002, 0.41289999999999999, 1.0)	../fonts/amplitud.ttf	upper
1269894461759	1	FR_PRES	6	BOAT	144	1	0	879	(0.57740000000000002, 0.41289999999999999, 1.0)	../fonts/amplitud.ttf	upper
1269894465625	1	FR_PRES	6	SHEPHERD	1283	1	1	1333	(0.57740000000000002, 0.41289999999999999, 1.0)	../fonts/amplitud.ttf	upper
1269894469442	1	FR_PRES	6	HORNET	718	1	1	1116	(0.57740000000000002, 0.41289999999999999, 1.0)	../fonts/amplitud.ttf	upper
1269894473350	1	FR_PRES	6	DIME	466	1	0	848	(0.57740000000000002, 0.41289999999999999, 1.0)	../fonts/amplitud.ttf	upper
1269894477383	1	FR_PRES	6	PAWN	1030	1	1	1423	(0.57740000000000002, 0.41289999999999999, 1.0)	../fonts/amplitud.ttf	upper
1269894481524	1	FR_PRES	6	MANSION	864	1	0	906	(0.57740000000000002, 0.41289999999999999, 1.0)	../fonts/amplitud.ttf	upper
1269894485549	1	FR_PRES	6	CABIN	211	1	0	1041	(0.57740000000000002, 0.41289999999999999, 1.0)	../fonts/amplitud.ttf	upper
1269894489653	0	DISTRACTOR	6			16000	10
1269894506356	1	REC_START
1269894584200	0	REST
1269894585708	1	FR_PRES	7	SWAN	1417	0	1	538	(0.42259999999999998, 0.58709999999999996, 0)	../fonts/zerothre.ttf	lower
1269894589541	1	FR_PRES	7	GARLIC	624	0	0	889	(0.42259999999999998, 0.58709999999999996, 0)	../fonts/zerothre.ttf	lower
1269894593566	1	FR_PRES	7	JACKET	747	0	0	1688	(0.42259999999999998, 0.58709999999999996, 0)	../fonts/zerothre.ttf	lower
1269894597424	1	FR_PRES	7	ELECTRON	522	0	0	910	(0.42259999999999998, 0.58709999999999996, 0)	../fonts/zerothre.ttf	lower
1269894601599	1	FR_PRES	7	SHRUB	1299	0	0	1071	(0.42259999999999998, 0.58709999999999996, 0)	../fonts/zerothre.ttf	lower
1269894605607	1	FR_PRES	7	CELERY	266	0	0	1231	(0.42259999999999998, 0.58709999999999996, 0)	../fonts/zerothre.ttf	lower
1269894609706	1	FR_PRES	7	CARRIAGE	248	0	1	1140	(0.42259999999999998, 0.58709999999999996, 0)	../fonts/zerothre.ttf	lower
1269894613889	1	FR_PRES	7	OATS	968	0	0	885	(0.42259999999999998, 0.58709999999999996, 0)	../fonts/zerothre.ttf	lower
1269894617922	1	FR_PRES	7	TABLE	1426	0	1	1036	(0.42259999999999998, 0.58709999999999996, 0)	../fonts/zerothre.ttf	lower
1269894621755	1	FR_PRES	7	STOOL	1386	0	1	1219	(0.42259999999999998, 0.58709999999999996, 0)	../fonts/zerothre.ttf	lower
1269894625922	1	FR_PRES	7	TUXEDO	1525	0	1	868	(0.42259999999999998, 0.58709999999999996, 0)	../fonts/zerothre.ttf	lower
1269894630006	1	FR_PRES	7	NUCLEUS	961	0	0	672	(0.42259999999999998, 0.58709999999999996, 0)	../fonts/zerothre.ttf	lower
1269894634213	1	FR_PRES	7	HAT	690	0	1	921	(0.42259999999999998, 0.58709999999999996, 0)	../fonts/zerothre.ttf	lower
1269894638113	1	FR_PRES	7	DRIVEWAY	500	0	1	1093	(0.42259999999999998, 0.58709999999999996, 0)	../fonts/zerothre.ttf	lower
1269894642062	1	FR_PRES	7	TRENCH	1503	0	1	1264	(0.42259999999999998, 0.58709999999999996, 0)	../fonts/zerothre.ttf	lower
1269894646062	1	FR_PRES	7	MAGICIAN	854	0	1	1208	(0.42259999999999998, 0.58709999999999996, 0)	../fonts/zerothre.ttf	lower
1269894649986	0	DISTRACTOR	7			16000	10
1269894666978	1	REC_START
1269894743938	0	REST
1269894745446	1	FR_PRES	8	DIARY	460	1	0	872	(0.57740000000000002, 0.41289999999999999, 1.0)	../fonts/amplitud.ttf	upper
1269894749271	1	FR_PRES	8	TRAITOR	1495	1	1	1007	(0.57740000000000002, 0.41289999999999999, 1.0)	../fonts/amplitud.ttf	upper
1269894753196	1	FR_PRES	8	PALACE	1006	1	0	986	(0.57740000000000002, 0.41289999999999999, 1.0)	../fonts/amplitud.ttf	upper
1269894757262	1	FR_PRES	8	LUMBER	848	1	0	920	(0.57740000000000002, 0.41289999999999999, 1.0)	../fonts/amplitud.ttf	upper
1269894761112	1	FR_PRES	8	BUFFALO	186	1	1	1062	(0.57740000000000002, 0.41289999999999999, 1.0)	../fonts/amplitud.ttf	upper
1269894765162	1	FR_PRES	8	NOMAD	955	0	1	1244	(0.42259999999999998, 0.58709999999999996, 0)	../fonts/zerothre.ttf	lower
1269894769211	1	FR_PRES	8	PERSONNEL	1053	0	1	1115	(0.42259999999999998, 0.58709999999999996, 0)	../fonts/zerothre.ttf	lower
1269894773094	1	FR_PRES	8	CLERK	321	0	1	1104	(0.42259999999999998, 0.58709999999999996, 0)	../fonts/zerothre.ttf	lower
1269894777052	1	FR_PRES	8	BABY	64	0	0	706	(0.42259999999999998, 0.58709999999999996, 0)	../fonts/zerothre.ttf	lower
1269894781020	1	FR_PRES	8	DOLL	481	0	0	698	(0.42259999999999998, 0.58709999999999996, 0)	../fonts/zerothre.ttf	lower
1269894785028	1	FR_PRES	8	ATTIRE	57	1	0	1394	(0.57740000000000002, 0.41289999999999999, 1.0)	../fonts/amplitud.ttf	upper
1269894788876	1	FR_PRES	8	TRASH	1497	1	0	1562	(0.57740000000000002, 0.41289999999999999, 1.0)	../fonts/amplitud.ttf	upper
1269894792993	1	FR_PRES	8	LEAF	808	1	1	1757	(0.57740000000000002, 0.41289999999999999, 1.0)	../fonts/amplitud.ttf	upper
1269894796893	1	FR_PRES	8	TAPE	1433	0	0	1409	(0.42259999999999998, 0.58709999999999996, 0)	../fonts/zerothre.ttf	lower
1269894800909	1	FR_PRES	8	RECORD	1176	0	1	1353	(0.42259999999999998, 0.58709999999999996, 0)	../fonts/zerothre.ttf	lower
1269894804825	1	FR_PRES	8	DESIGNER	451	0	1	1206	(0.42259999999999998, 0.58709999999999996, 0)	../fonts/zerothre.ttf	lower
1269894810484	1	REC_START
1269894887561	0	REST
1269894889061	0	DISTRACTOR	9			8000	3
1269894896393	1	FR_PRES	9	KNOT	788	1	0	725	(0.57740000000000002, 0.41289999999999999, 1.0)	../fonts/amplitud.ttf	upper
1269894900537	0	DISTRACTOR	9			8000	4
1269894908418	1	FR_PRES	9	CORAL	378	1	0	972	(0.57740000000000002, 0.41289999999999999, 1.0)	../fonts/amplitud.ttf	upper
1269894912520	0	DISTRACTOR	9			8000	5
1269894920567	1	FR_PRES	9	MARINE	869	1	1	1343	(0.57740000000000002, 0.41289999999999999, 1.0)	../fonts/amplitud.ttf	upper
1269894924765	0	DISTRACTOR	9			8000	4
1269894932474	1	FR_PRES	9	ELM	527	1	1	900	(0.57740000000000002, 0.41289999999999999, 1.0)	../fonts/amplitud.ttf	upper
1269894936311	0	DISTRACTOR	9			8000	3
1269894944298	1	FR_PRES	9	CIRCUS	311	0	1	1100	(0.42259999999999998, 0.58709999999999996, 0)	../fonts/zerothre.ttf	lower
1269894948397	0	DISTRACTOR	9			8000	2
1269894956481	1	FR_PRES	9	JELLY	755	0	0	1189	(0.42259999999999998, 0.58709999999999996, 0)	../fonts/zerothre.ttf	lower
1269894960674	0	DISTRACTOR	9			8000	4
1269894968605	1	FR_PRES	9	PRUNE	1134	1	1	1601	(0.57740000000000002, 0.41289999999999999, 1.0)	../fonts/amplitud.ttf	upper
1269894972681	0	DISTRACTOR	9			8000	4
1269894980637	1	FR_PRES	9	RABBIT	1152	1	1	1025	(0.57740000000000002, 0.41289999999999999, 1.0)	../fonts/amplitud.ttf	upper
1269894984685	0	DISTRACTOR	9			8000	3
1269894992645	1	FR_PRES	9	DOOR	486	0	1	857	(0.42259999999999998, 0.58709999999999996, 0)	../fonts/zerothre.ttf	lower
1269894996800	0	DISTRACTOR	9			8000	4
1269895004485	1	FR_PRES	9	APRON	35	0	1	1121	(0.42259999999999998, 0.58709999999999996, 0)	../fonts/zerothre.ttf	lower
1269895008336	0	DISTRACTOR	9			8000	4
1269895016376	1	FR_PRES	9	STOVE	1388	0	1	670	(0.42259999999999998, 0.58709999999999996, 0)	../fonts/zerothre.ttf	lower
1269895020263	0	DISTRACTOR	9			8000	4
1269895028275	1	FR_PRES	9	TIMBER	1469	0	1	1347	(0.42259999999999998, 0.58709999999999996, 0)	../fonts/zerothre.ttf	lower
1269895032206	0	DISTRACTOR	9			8000	3
1269895040166	1	FR_PRES	9	GATE	625	0	1	640	(0.42259999999999998, 0.58709999999999996, 0)	../fonts/zerothre.ttf	lower
1269895044164	0	DISTRACTOR	9			8000	5
1269895052082	1	FR_PRES	9	GIRAFFE	636	0	1	884	(0.42259999999999998, 0.58709999999999996, 0)	../fonts/zerothre.ttf	lower
1269895056193	0	DISTRACTOR	9			8000	4
1269895064189	1	FR_PRES	9	GROOM	665	1	1	1129	(0.57740000000000002, 0.41289999999999999, 1.0)	../fonts/amplitud.ttf	upper
1269895068015	0	DISTRACTOR	9			8000	4
1269895076339	1	FR_PRES	9	CRAB	397	1	1	1139	(0.57740000000000002, 0.41289999999999999, 1.0)	../fonts/amplitud.ttf	upper
1269895080347	0	DISTRACTOR	9			8000	3
1269895089205	1	REC_START
1269895166440	0	REST
1269895167940	0	DISTRACTOR	10			16000	10
1269895183556	1	FR_PRES	10	REEF	1177	0	1	882	(0.42259999999999998, 0.58709999999999996, 0)	../fonts/zerothre.ttf	lower
1269895187725	0	DISTRACTOR	10			16000	8
1269895203671	1	FR_PRES	10	STRANGER	1389	0	1	647	(0.42259999999999998, 0.58709999999999996, 0)	../fonts/zerothre.ttf	lower
1269895207685	0	DISTRACTOR	10			16000	9
1269895223886	1	FR_PRES	10	LAUNDRY	803	0	1	808	(0.42259999999999998, 0.58709999999999996, 0)	../fonts/zerothre.ttf	lower
1269895227805	0	DISTRACTOR	10			16000	8
1269895243759	1	FR_PRES	10	BEAST	108	1	1	1183	(0.57740000000000002, 0.41289999999999999, 1.0)	../fonts/amplitud.ttf	upper
1269895247788	0	DISTRACTOR	10			16000	8
1269895263708	1	FR_PRES	10	RELISH	1183	1	0	1242	(0.57740000000000002, 0.41289999999999999, 1.0)	../fonts/amplitud.ttf	upper
1269895267735	0	DISTRACTOR	10			16000	9
1269895283548	1	FR_PRES	10	COLESLAW	344	1	0	914	(0.57740000000000002, 0.41289999999999999, 1.0)	../fonts/amplitud.ttf	upper
1269895287566	0	DISTRACTOR	10			16000	8
1269895303697	1	FR_PRES	10	BANKER	84	1	1	1229	(0.57740000000000002, 0.41289999999999999, 1.0)	../fonts/amplitud.ttf	upper
1269895307819	0	DISTRACTOR	10			16000	9
1269895323704	1	FR_PRES	10	LOBBY	836	1	0	1110	(0.57740000000000002, 0.41289999999999999, 1.0)	../fonts/amplitud.ttf	upper
1269895327831	0	DISTRACTOR	10			16000	10
1269895343594	1	FR_PRES	10	COMMANDER	354	1	1	1020	(0.57740000000000002, 0.41289999999999999, 1.0)	../fonts/amplitud.ttf	upper
1269895347624	0	DISTRACTOR	10			16000	8
1269895363617	1	FR_PRES	10	CHAIRPERSON	275	0	1	1293	(0.42259999999999998, 0.58709999999999996, 0)	../fonts/zerothre.ttf	lower
1269895367465	0	DISTRACTOR	10			16000	8
1269895383616	1	FR_PRES	10	MILDEW	893	0	0	1174	(0.42259999999999998, 0.58709999999999996, 0)	../fonts/zerothre.ttf	lower
1269895387717	0	DISTRACTOR	10			16000	9
1269895403514	1	FR_PRES	10	HERO	706	0	1	860	(0.42259999999999998, 0.58709999999999996, 0)	../fonts/zerothre.ttf	lower
1269895407680	0	DISTRACTOR	10			16000	10
1269895423405	1	FR_PRES	10	ACID	2	0	1	1233	(0.42259999999999998, 0.58709999999999996, 0)	../fonts/zerothre.ttf	lower
1269895427446	0	DISTRACTOR	10			16000	10
1269895443228	1	FR_PRES	10	ORNAMENT	985	0	1	1066	(0.42259999999999998, 0.58709999999999996, 0)	../fonts/zerothre.ttf	lower
1269895447240	0	DISTRACTOR	10			16000	9
1269895463402	1	FR_PRES	10	FARM	552	1	0	1508	(0.57740000000000002, 0.41289999999999999, 1.0)	../fonts/amplitud.ttf	upper
1269895467520	0	DISTRACTOR	10			16000	9
1269895483308	1	FR_PRES	10	SEASHORE	1263	1	0	1234	(0.57740000000000002, 0.41289999999999999, 1.0)	../fonts/amplitud.ttf	upper
1269895487419	0	DISTRACTOR	10			16000	8
1269895504042	1	REC_START
1269895584351	0	REST
1269895585859	1	FR_PRES	11	DISC	473	0	1	1131	(0.42259999999999998, 0.58709999999999996, 0)	../fonts/zerothre.ttf	lower
1269895589742	1	FR_PRES	11	SWAMP	1416	0	1	864	(0.42259999999999998, 0.58709999999999996, 0)	../fonts/zerothre.ttf	lower
1269895593842	1	FR_PRES	11	TRACTOR	1493	0	1	1492	(0.42259999999999998, 0.58709999999999996, 0)	../fonts/zerothre.ttf	lower
1269895597950	1	FR_PRES	11	PIANO	1057	0	1	1384	(0.42259999999999998, 0.58709999999999996, 0)	../fonts/zerothre.ttf	lower
1269895602050	1	FR_PRES	11	WHALE	1601	0	1	1172	(0.42259999999999998, 0.58709999999999996, 0)	../fonts/zerothre.ttf	lower
1269895606141	1	FR_PRES	11	SAGE	1222	0	0	898	(0.42259999999999998, 0.58709999999999996, 0)	../fonts/zerothre.ttf	lower
1269895610241	1	FR_PRES	11	SEED	1266	0	0	709	(0.42259999999999998, 0.58709999999999996, 0)	../fonts/zerothre.ttf	lower
1269895614157	1	FR_PRES	11	ZUCCHINI	1638	0	0	889	(0.42259999999999998, 0.58709999999999996, 0)	../fonts/zerothre.ttf	lower
1269895618048	1	FR_PRES	11	MINT	898	0	0	1054	(0.42259999999999998, 0.58709999999999996, 0)	../fonts/zerothre.ttf	lower
1269895622041	1	FR_PRES	11	COOKIE	374	0	1	1477	(0.42259999999999998, 0.58709999999999996, 0)	../fonts/zerothre.ttf	lower
1269895626007	1	FR_PRES	11	BATH	98	0	1	943	(0.42259999999999998, 0.58709999999999996, 0)	../fonts/zerothre.ttf	lower
1269895630081	1	FR_PRES	11	MAMMAL	861	0	1	845	(0.42259999999999998, 0.58709999999999996, 0)	../fonts/zerothre.ttf	lower
1269895633931	1	FR_PRES	11	PAINTER	1004	0	1	1059	(0.42259999999999998, 0.58709999999999996, 0)	../fonts/zerothre.ttf	lower
1269895637889	1	FR_PRES	11	PECAN	1036	0	1	1645	(0.42259999999999998, 0.58709999999999996, 0)	../fonts/zerothre.ttf	lower
1269895641972	1	FR_PRES	11	MUSTARD	935	0	0	1114	(0.42259999999999998, 0.58709999999999996, 0)	../fonts/zerothre.ttf	lower
1269895645838	1	FR_PRES	11	KETCHUP	771	0	0	1592	(0.42259999999999998, 0.58709999999999996, 0)	../fonts/zerothre.ttf	lower
1269895649739	0	DISTRACTOR	11			8000	3
1269895658571	1	REC_START
1269895734156	1	REST_REWET
1269896209180	0	MATH_TOTAL_SCORE	506
1269896223421	0	RECOG_START
1269896223421	1	REC_START
1269896223454	0	RECOG_PRES	0	MONK	910	-999	P	1585
1269896225412	0	RECOG_CR_PRES	0	MONK	910	-999	P	595
1269896226370	1	RECOG_FEEDBACK	1
1269896227087	0	RECOG_PRES	0	HAT	690	-999	P	891
1269896228378	0	RECOG_CR_PRES	0	HAT	690	-999	P	364
1269896229046	1	RECOG_FEEDBACK	1
1269896229828	0	RECOG_PRES	0	SAILOR	1223	-999	P	730
1269896230928	0	RECOG_CR_PRES	0	SAILOR	1223	-999	P	262
1269896231486	1	RECOG_FEEDBACK	1
1269896232220	0	RECOG_PRES	0	SOAP	1337	-999	P	938
1269896233528	0	RECOG_CR_PRES	0	SOAP	1337	-999	P	214
1269896234037	1	RECOG_FEEDBACK	1
1269896234803	0	RECOG_PRES	0	FRECKLE	602	-999	P	907
1269896236086	0	RECOG_CR_PRES	0	FRECKLE	602	-999	P	248
1269896236628	1	RECOG_FEEDBACK	1
1269896237394	0	RECOG_PRES	0	OTTER	986	-999	P	841
1269896238636	0	RECOG_CR_PRES	0	OTTER	986	-999	P	202
1269896239136	1	RECOG_FEEDBACK	1
1269896239861	0	RECOG_PRES	0	SHELTER	1282	-999	P	1953
1269896242186	0	RECOG_CR_PRES	0	SHELTER	1282	-999	P	268
1269896242794	1	RECOG_FEEDBACK	1
1269896243577	0	RECOG_PRES	0	MOUSE	925	-999	P	789
1269896244735	0	RECOG_CR_PRES	0	MOUSE	925	-999	P	255
1269896245277	1	RECOG_FEEDBACK	1
1269896246020	0	RECOG_PRES	0	POOL	1103	-999	P	1178
1269896247569	0	RECOG_CR_PRES	0	POOL	1103	-999	P	213
1269896248093	1	RECOG_FEEDBACK	1
1269896248893	0	RECOG_PRES	0	DOLL	481	-999	P	705
1269896249968	0	RECOG_CR_PRES	0	DOLL	481	-999	P	150
1269896250410	1	RECOG_FEEDBACK	1
1269896251127	0	RECOG_PRES	0	DISC	473	-999	P	807
1269896252310	0	RECOG_CR_PRES	0	DISC	473	-999	P	120
1269896252735	1	RECOG_FEEDBACK	1
1269896253501	0	RECOG_PRES	0	CHIMPANZEE	302	-999	P	761
1269896254635	0	RECOG_CR_PRES	0	CHIMPANZEE	302	-999	P	155
1269896255085	1	RECOG_FEEDBACK	1
1269896255868	0	RECOG_PRES	0	LABYRINTH	791	-999	P	914
1269896257151	0	RECOG_CR_PRES	0	LABYRINTH	791	-999	P	167
1269896257618	1	RECOG_FEEDBACK	1
1269896258351	0	RECOG_PRES	0	CLERK	321	-999	P	639
1269896259359	0	RECOG_CR_PRES	0	CLERK	321	-999	P	127
1269896259776	1	RECOG_FEEDBACK	1
1269896260526	0	RECOG_PRES	0	VESSEL	1558	-999	P	936
1269896261834	0	RECOG_CR_PRES	0	VESSEL	1558	-999	P	108
1269896262242	1	RECOG_FEEDBACK	1
1269896262951	0	RECOG_PRES	0	CANVAS	234	-999	P	1359
1269896264684	0	RECOG_CR_PRES	0	CANVAS	234	-999	P	210
1269896265217	1	RECOG_FEEDBACK	1
1269896266010	0	RECOG_PRES	0	GRIZZLY	662	-999	P	806
1269896267217	0	RECOG_CR_PRES	0	GRIZZLY	662	-999	P	173
1269896267717	1	RECOG_FEEDBACK	1
1269896268467	0	RECOG_PRES	0	DOOR	486	-999	P	707
1269896269550	0	RECOG_CR_PRES	0	DOOR	486	-999	P	128
1269896269967	1	RECOG_FEEDBACK	1
1269896270750	0	RECOG_PRES	0	VISITOR	1573	-999	P	856
1269896271975	0	RECOG_CR_PRES	0	VISITOR	1573	-999	P	127
1269896272408	1	RECOG_FEEDBACK	1
1269896273133	0	RECOG_PRES	0	TIMBER	1469	-999	P	601
1269896274108	0	RECOG_CR_PRES	0	TIMBER	1469	-999	P	122
1269896274517	1	RECOG_FEEDBACK	1
1269896277375	0	REST
1269896278485	1	REC_START
1269896278516	0	RECOG_PRES	1	SEAGULL	1261	-999	P	858
1269896279749	0	RECOG_CR_PRES	1	SEAGULL	1261	-999	P	129
1269896280166	1	RECOG_FEEDBACK	1
1269896280949	0	RECOG_PRES	1	GULL	671	-999	P	1017
1269896282341	0	RECOG_CR_PRES	1	GULL	671	-999	P	137
1269896282774	1	RECOG_FEEDBACK	1
1269896283558	0	RECOG_PRES	1	HEAD	695	-999	P	1088
1269896285008	0	RECOG_CR_PRES	1	HEAD	695	-999	P	70
1269896285391	1	RECOG_FEEDBACK	1
1269896286199	0	RECOG_PRES	1	ATTIRE	57	-999	P	1007
1269896287582	0	RECOG_CR_PRES	1	ATTIRE	57	-999	P	80
1269896287974	1	RECOG_FEEDBACK	1
1269896288691	0	RECOG_PRES	1	TRASH	1497	-999	P	1051
1269896290115	0	RECOG_CR_PRES	1	TRASH	1497	-999	P	107
1269896290532	1	RECOG_FEEDBACK	0
1269896291265	0	RECOG_PRES	1	DUST	508	-999	P	813
1269896292449	0	RECOG_CR_PRES	1	DUST	508	-999	P	117
1269896292865	1	RECOG_FEEDBACK	1
1269896293607	0	RECOG_PRES	1	CAGE	218	-999	P	1111
1269896295090	0	RECOG_CR_PRES	1	CAGE	218	-999	P	52
1269896295448	1	RECOG_FEEDBACK	0
1269896296207	0	RECOG_PRES	1	BANKER	84	-999	P	767
1269896297348	0	RECOG_CR_PRES	1	BANKER	84	-999	P	82
1269896297723	1	RECOG_FEEDBACK	1
1269896298456	0	RECOG_PRES	1	RESTAURANT	1187	-999	P	766
1269896299598	0	RECOG_CR_PRES	1	RESTAURANT	1187	-999	P	104
1269896299998	1	RECOG_FEEDBACK	1
1269896300765	0	RECOG_PRES	1	RELISH	1183	-999	P	1529
1269896302664	0	RECOG_CR_PRES	1	RELISH	1183	-999	P	934
1269896303939	1	RECOG_FEEDBACK	0
1269896304706	0	RECOG_PRES	1	RECEPTIONIST	1174	-999	P	833
1269896305939	0	RECOG_CR_PRES	1	RECEPTIONIST	1174	-999	P	107
1269896306356	1	RECOG_FEEDBACK	1
1269896307139	0	RECOG_PRES	1	LOBBY	836	-999	P	747
1269896308256	0	RECOG_CR_PRES	1	LOBBY	836	-999	P	54
1269896308614	1	RECOG_FEEDBACK	1
1269896309414	0	RECOG_PRES	1	WAITRESS	1581	-999	P	3312
1269896313097	0	RECOG_CR_PRES	1	WAITRESS	1581	-999	P	493
1269896313972	1	RECOG_FEEDBACK	1
1269896314764	0	RECOG_PRES	1	GYM	674	-999	P	1730
1269896316863	0	RECOG_CR_PRES	1	GYM	674	-999	P	176
1269896317363	1	RECOG_FEEDBACK	1
1269896318163	0	RECOG_PRES	1	FUNGUS	614	-999	P	891
1269896319430	0	RECOG_CR_PRES	1	FUNGUS	614	-999	P	96
1269896319830	1	RECOG_FEEDBACK	1
1269896320563	0	RECOG_PRES	1	DRIVEWAY	500	-999	P	779
1269896321713	0	RECOG_CR_PRES	1	DRIVEWAY	500	-999	P	29
1269896322039	1	RECOG_FEEDBACK	1
1269896322788	0	RECOG_PRES	1	COLT	349	-999	P	1394
1269896324554	0	RECOG_CR_PRES	1	COLT	349	-999	P	84
1269896324954	1	RECOG_FEEDBACK	1
1269896325721	0	RECOG_PRES	1	ASSOCIATE	49	-999	P	749
1269896326846	0	RECOG_CR_PRES	1	ASSOCIATE	49	-999	P	72
1269896327213	1	RECOG_FEEDBACK	1
1269896327929	0	RECOG_PRES	1	NECK	939	-999	P	621
1269896328921	0	RECOG_CR_PRES	1	NECK	939	-999	P	37
1269896329246	1	RECOG_FEEDBACK	1
1269896330038	0	RECOG_PRES	1	FARM	552	-999	P	728
1269896331137	0	RECOG_CR_PRES	1	FARM	552	-999	P	13
1269896331454	1	RECOG_FEEDBACK	1
1269896333671	0	REST
1269896334615	1	REC_START
1269896334654	0	RECOG_PRES	2	BANDANNA	80	-999	P	1136
1269896336162	0	RECOG_CR_PRES	2	BANDANNA	80	-999	P	60
1269896336520	1	RECOG_FEEDBACK	1
1269896337303	0	RECOG_PRES	2	DICTATOR	462	-999	P	1063
1269896338728	0	RECOG_CR_PRES	2	DICTATOR	462	-999	P	62
1269896339087	1	RECOG_FEEDBACK	1
1269896339870	0	RECOG_PRES	2	RABBIT	1152	-999	P	640
1269896340887	0	RECOG_CR_PRES	2	RABBIT	1152	-999	P	7
1269896341187	1	RECOG_FEEDBACK	1
1269896341962	0	RECOG_PRES	2	KEY	773	-999	P	748
1269896343086	0	RECOG_CR_PRES	2	KEY	773	-999	P	16
1269896343403	1	RECOG_FEEDBACK	1
1269896344136	0	RECOG_PRES	2	CYLINDER	432	-999	P	1102
1269896345611	0	RECOG_CR_PRES	2	CYLINDER	432	-999	P	107
1269896346029	1	RECOG_FEEDBACK	1
1269896346761	0	RECOG_PRES	2	CORAL	378	-999	P	757
1269896347894	0	RECOG_CR_PRES	2	CORAL	378	-999	P	56
1269896348253	1	RECOG_FEEDBACK	1
1269896349012	0	RECOG_PRES	2	STABLE	1363	-999	P	802
1269896350186	0	RECOG_CR_PRES	2	STABLE	1363	-999	P	28
1269896350511	1	RECOG_FEEDBACK	1
1269896351236	0	RECOG_PRES	2	CHECK	284	-999	P	1474
1269896353086	0	RECOG_CR_PRES	2	CHECK	284	-999	P	128
1269896353544	1	RECOG_FEEDBACK	1
1269896354319	0	RECOG_PRES	2	SWAN	1417	-999	P	631
1269896355319	0	RECOG_CR_PRES	2	SWAN	1417	-999	P	71
1269896355677	1	RECOG_FEEDBACK	1
1269896356469	0	RECOG_PRES	2	NUCLEUS	961	-999	P	609
1269896357452	0	RECOG_CR_PRES	2	NUCLEUS	961	-999	P	114
1269896357852	1	RECOG_FEEDBACK	1
1269896358660	0	RECOG_PRES	2	DIME	466	-999	P	522
1269896359552	0	RECOG_CR_PRES	2	DIME	466	-999	P	110
1269896359943	1	RECOG_FEEDBACK	1
1269896360735	0	RECOG_PRES	2	MUSTARD	935	-999	P	607
1269896361718	0	RECOG_CR_PRES	2	MUSTARD	935	-999	P	40
1269896362052	1	RECOG_FEEDBACK	1
1269896362860	0	RECOG_PRES	2	MARINE	869	-999	P	602
1269896363835	0	RECOG_CR_PRES	2	MARINE	869	-999	P	43
1269896364160	1	RECOG_FEEDBACK	1
1269896364901	0	RECOG_PRES	2	PIE	1062	-999	P	929
1269896366201	0	RECOG_CR_PRES	2	PIE	1062	-999	P	45
1269896366551	1	RECOG_FEEDBACK	1
1269896367268	0	RECOG_PRES	2	RACCOON	1153	-999	P	771
1269896368410	0	RECOG_CR_PRES	2	RACCOON	1153	-999	P	44
1269896368751	1	RECOG_FEEDBACK	1
1269896369476	0	RECOG_PRES	2	DIARY	460	-999	P	818
1269896370659	0	RECOG_CR_PRES	2	DIARY	460	-999	P	83
1269896371044	1	RECOG_FEEDBACK	1
1269896371843	0	RECOG_PRES	2	GRILL	661	-999	P	243
1269896372459	0	RECOG_CR_PRES	2	GRILL	661	-999	P	315
1269896373019	1	RECOG_FEEDBACK	-1
1269896373818	0	RECOG_PRES	2	DOG	480	-999	P	916
1269896375109	0	RECOG_CR_PRES	2	DOG	480	-999	P	113
1269896375517	1	RECOG_FEEDBACK	1
1269896376317	0	RECOG_PRES	2	HERO	706	-999	P	969
1269896377659	0	RECOG_CR_PRES	2	HERO	706	-999	P	115
1269896378084	1	RECOG_FEEDBACK	0
1269896378800	0	RECOG_PRES	2	CANAL	226	-999	P	766
1269896379942	0	RECOG_CR_PRES	2	CANAL	226	-999	P	208
1269896380450	1	RECOG_FEEDBACK	1
1269896382517	0	REST
1269896383470	1	REC_START
1269896383500	0	RECOG_PRES	3	YACHT	1629	-999	P	1058
1269896384933	0	RECOG_CR_PRES	3	YACHT	1629	-999	P	98
1269896385333	1	RECOG_FEEDBACK	1
1269896386117	0	RECOG_PRES	3	LUMBER	848	-999	P	1121
1269896387608	0	RECOG_CR_PRES	3	LUMBER	848	-999	P	46
1269896387975	1	RECOG_FEEDBACK	1
1269896388716	0	RECOG_PRES	3	SEED	1266	-999	P	826
1269896389916	0	RECOG_CR_PRES	3	SEED	1266	-999	P	58
1269896390283	1	RECOG_FEEDBACK	1
1269896391000	0	RECOG_PRES	3	IRON	744	-999	P	830
1269896392200	0	RECOG_CR_PRES	3	IRON	744	-999	P	390
1269896392908	1	RECOG_FEEDBACK	1
1269896393649	0	RECOG_PRES	3	JUGGLER	763	-999	P	1125
1269896395149	0	RECOG_CR_PRES	3	JUGGLER	763	-999	P	49
1269896395524	1	RECOG_FEEDBACK	1
1269896396324	0	RECOG_PRES	3	COFFIN	342	-999	P	674
1269896397374	0	RECOG_CR_PRES	3	COFFIN	342	-999	P	40
1269896397716	1	RECOG_FEEDBACK	1
1269896398491	0	RECOG_PRES	3	MAILBOX	857	-999	P	771
1269896399632	0	RECOG_CR_PRES	3	MAILBOX	857	-999	P	6
1269896399949	1	RECOG_FEEDBACK	1
1269896400724	0	RECOG_PRES	3	BINDER	127	-999	P	1106
1269896402207	0	RECOG_CR_PRES	3	BINDER	127	-999	P	79
1269896402599	1	RECOG_FEEDBACK	0
1269896403357	0	RECOG_PRES	3	PIANO	1057	-999	P	841
1269896404574	0	RECOG_CR_PRES	3	PIANO	1057	-999	P	32
1269896404907	1	RECOG_FEEDBACK	1
1269896405649	0	RECOG_PRES	3	GARLIC	624	-999	P	693
1269896406715	0	RECOG_CR_PRES	3	GARLIC	624	-999	P	11
1269896407016	1	RECOG_FEEDBACK	1
1269896407782	0	RECOG_PRES	3	CHOCOLATE	306	-999	P	968
1269896409123	0	RECOG_CR_PRES	3	CHOCOLATE	306	-999	P	83
1269896409523	1	RECOG_FEEDBACK	1
1269896410323	0	RECOG_PRES	3	FACTORY	548	-999	P	1459
1269896412156	0	RECOG_CR_PRES	3	FACTORY	548	-999	P	186
1269896412690	1	RECOG_FEEDBACK	1
1269896413431	0	RECOG_PRES	3	GROCERY	664	-999	P	735
1269896414539	0	RECOG_CR_PRES	3	GROCERY	664	-999	P	27
1269896414864	1	RECOG_FEEDBACK	1
1269896415639	0	RECOG_PRES	3	BABY	64	-999	P	807
1269896416823	0	RECOG_CR_PRES	3	BABY	64	-999	P	63
1269896417198	1	RECOG_FEEDBACK	1
1269896417981	0	RECOG_PRES	3	FOLDER	588	-999	P	673
1269896419024	0	RECOG_CR_PRES	3	FOLDER	588	-999	P	38
1269896419364	1	RECOG_FEEDBACK	1
1269896420072	0	RECOG_PRES	3	GATE	625	-999	P	774
1269896421222	0	RECOG_CR_PRES	3	GATE	625	-999	P	32
1269896421556	1	RECOG_FEEDBACK	1
1269896422289	0	RECOG_PRES	3	CART	250	-999	P	652
1269896423322	0	RECOG_CR_PRES	3	CART	250	-999	P	52
1269896423672	1	RECOG_FEEDBACK	1
1269896424455	0	RECOG_PRES	3	BUCKET	184	-999	P	687
1269896425514	0	RECOG_CR_PRES	3	BUCKET	184	-999	P	44
1269896425872	1	RECOG_FEEDBACK	0
1269896426680	0	RECOG_PRES	3	FOLLOWER	589	-999	P	1126
1269896428180	0	RECOG_CR_PRES	3	FOLLOWER	589	-999	P	50
1269896428538	1	RECOG_FEEDBACK	1
1269896429255	0	RECOG_PRES	3	HAYSTACK	694	-999	P	743
1269896430372	0	RECOG_CR_PRES	3	HAYSTACK	694	-999	P	50
1269896430722	1	RECOG_FEEDBACK	1
1269896433280	0	REST
1269896434316	1	REC_START
1269896434346	0	RECOG_PRES	4	POND	1101	-999	P	804
1269896435521	0	RECOG_CR_PRES	4	POND	1101	-999	P	141
1269896435938	1	RECOG_FEEDBACK	1
1269896436746	0	RECOG_PRES	4	TUXEDO	1525	-999	P	620
1269896437729	0	RECOG_CR_PRES	4	TUXEDO	1525	-999	P	157
1269896438179	1	RECOG_FEEDBACK	1
1269896438913	0	RECOG_PRES	4	GIRL	637	-999	P	693
1269896439979	0	RECOG_CR_PRES	4	GIRL	637	-999	P	115
1269896440379	1	RECOG_FEEDBACK	1
1269896441162	0	RECOG_PRES	4	MILDEW	893	-999	P	924
1269896442462	0	RECOG_CR_PRES	4	MILDEW	893	-999	P	64
1269896442821	1	RECOG_FEEDBACK	1
1269896443612	0	RECOG_PRES	4	KETCHUP	771	-999	P	578
1269896444562	0	RECOG_CR_PRES	4	KETCHUP	771	-999	P	92
1269896444954	1	RECOG_FEEDBACK	1
1269896445745	0	RECOG_PRES	4	STAKE	1368	-999	P	1317
1269896447437	0	RECOG_CR_PRES	4	STAKE	1368	-999	P	961
1269896448720	1	RECOG_FEEDBACK	1
1269896449479	0	RECOG_PRES	4	TURKEY	1520	-999	P	767
1269896450620	0	RECOG_CR_PRES	4	TURKEY	1520	-999	P	106
1269896451021	1	RECOG_FEEDBACK	1
1269896451770	0	RECOG_PRES	4	BOAT	144	-999	P	620
1269896452762	0	RECOG_CR_PRES	4	BOAT	144	-999	P	36
1269896453095	1	RECOG_FEEDBACK	1
1269896453837	0	RECOG_PRES	4	ELECTRON	522	-999	P	745
1269896454953	0	RECOG_CR_PRES	4	ELECTRON	522	-999	P	45
1269896455303	1	RECOG_FEEDBACK	1
1269896456037	0	RECOG_PRES	4	BEAST	108	-999	P	697
1269896457103	0	RECOG_CR_PRES	4	BEAST	108	-999	P	55
1269896457461	1	RECOG_FEEDBACK	1
1269896458261	0	RECOG_PRES	4	CARAVAN	242	-999	P	800
1269896459461	0	RECOG_CR_PRES	4	CARAVAN	242	-999	P	9
1269896459778	1	RECOG_FEEDBACK	1
1269896460553	0	RECOG_PRES	4	MISTER	901	-999	P	797
1269896461719	0	RECOG_CR_PRES	4	MISTER	901	-999	P	39
1269896462061	1	RECOG_FEEDBACK	1
1269896462861	0	RECOG_PRES	4	MAID	856	-999	P	1273
1269896464511	0	RECOG_CR_PRES	4	MAID	856	-999	P	119
1269896464944	1	RECOG_FEEDBACK	1
1269896465694	0	RECOG_PRES	4	EMPLOYEE	531	-999	P	728
1269896466794	0	RECOG_CR_PRES	4	EMPLOYEE	531	-999	P	44
1269896467144	1	RECOG_FEEDBACK	1
1269896467919	0	RECOG_PRES	4	PECAN	1036	-999	P	943
1269896469235	0	RECOG_CR_PRES	4	PECAN	1036	-999	P	27
1269896469560	1	RECOG_FEEDBACK	1
1269896470285	0	RECOG_PRES	4	FIREPLACE	570	-999	P	1049
1269896471710	0	RECOG_CR_PRES	4	FIREPLACE	570	-999	P	80
1269896472119	1	RECOG_FEEDBACK	0
1269896472919	0	RECOG_PRES	4	SPOON	1357	-999	P	1199
1269896474493	0	RECOG_CR_PRES	4	SPOON	1357	-999	P	41
1269896474843	1	RECOG_FEEDBACK	1
1269896475552	0	RECOG_PRES	4	MANSION	864	-999	P	1006
1269896476935	0	RECOG_CR_PRES	4	MANSION	864	-999	P	55
1269896477277	1	RECOG_FEEDBACK	1
1269896478085	0	RECOG_PRES	4	ASPIRIN	47	-999	P	969
1269896479426	0	RECOG_CR_PRES	4	ASPIRIN	47	-999	P	84
1269896479810	1	RECOG_FEEDBACK	1
1269896480618	0	RECOG_PRES	4	TRAITOR	1495	-999	P	692
1269896481685	0	RECOG_CR_PRES	4	TRAITOR	1495	-999	P	49
1269896482035	1	RECOG_FEEDBACK	1
1269896484518	0	REST
1269896485580	1	REC_START
1269896485618	0	RECOG_PRES	5	BISCUIT	130	-999	P	900
1269896486893	0	RECOG_CR_PRES	5	BISCUIT	130	-999	P	25
1269896487217	1	RECOG_FEEDBACK	1
1269896488010	0	RECOG_PRES	5	CHAPEL	280	-999	P	700
1269896489084	0	RECOG_CR_PRES	5	CHAPEL	280	-999	P	42
1269896489434	1	RECOG_FEEDBACK	1
1269896490159	0	RECOG_PRES	5	FEAST	556	-999	P	655
1269896491184	0	RECOG_CR_PRES	5	FEAST	556	-999	P	22
1269896491492	1	RECOG_FEEDBACK	1
1269896492242	0	RECOG_PRES	5	CLIMBER	323	-999	P	716
1269896493334	0	RECOG_CR_PRES	5	CLIMBER	323	-999	P	80
1269896493709	1	RECOG_FEEDBACK	1
1269896494467	0	RECOG_PRES	5	SUITCASE	1403	-999	P	683
1269896495525	0	RECOG_CR_PRES	5	SUITCASE	1403	-999	P	545
1269896496375	1	RECOG_FEEDBACK	1
1269896497117	0	RECOG_PRES	5	WALRUS	1585	-999	P	649
1269896498142	0	RECOG_CR_PRES	5	WALRUS	1585	-999	P	56
1269896498492	1	RECOG_FEEDBACK	1
1269896499258	0	RECOG_PRES	5	CASKET	255	-999	P	1412
1269896501034	0	RECOG_CR_PRES	5	CASKET	255	-999	P	52
1269896501416	1	RECOG_FEEDBACK	1
1269896502141	0	RECOG_PRES	5	GIRAFFE	636	-999	P	866
1269896503375	0	RECOG_CR_PRES	5	GIRAFFE	636	-999	P	39
1269896503708	1	RECOG_FEEDBACK	1
1269896504425	0	RECOG_PRES	5	STEW	1380	-999	P	693
1269896505491	0	RECOG_CR_PRES	5	STEW	1380	-999	P	19
1269896505808	1	RECOG_FEEDBACK	1
1269896506608	0	RECOG_PRES	5	BED	110	-999	P	614
1269896507591	0	RECOG_CR_PRES	5	BED	110	-999	P	39
1269896507924	1	RECOG_FEEDBACK	1
1269896508708	0	RECOG_PRES	5	RECORD	1176	-999	P	690
1269896509774	0	RECOG_CR_PRES	5	RECORD	1176	-999	P	64
1269896510141	1	RECOG_FEEDBACK	1
1269896510924	0	RECOG_PRES	5	SHEPHERD	1283	-999	P	658
1269896511957	0	RECOG_CR_PRES	5	SHEPHERD	1283	-999	P	66
1269896512324	1	RECOG_FEEDBACK	1
1269896513049	0	RECOG_PRES	5	LIST	830	-999	P	949
1269896514374	0	RECOG_CR_PRES	5	LIST	830	-999	P	152
1269896514865	1	RECOG_FEEDBACK	1
1269896515607	0	RECOG_PRES	5	CIRCUS	311	-999	P	703
1269896516682	0	RECOG_CR_PRES	5	CIRCUS	311	-999	P	28
1269896516999	1	RECOG_FEEDBACK	1
1269896517740	0	RECOG_PRES	5	FIDDLE	561	-999	P	762
1269896518873	0	RECOG_CR_PRES	5	FIDDLE	561	-999	P	53
1269896519215	1	RECOG_FEEDBACK	1
1269896519965	0	RECOG_PRES	5	TRACTOR	1493	-999	P	737
1269896521073	0	RECOG_CR_PRES	5	TRACTOR	1493	-999	P	149
1269896521523	1	RECOG_FEEDBACK	1
1269896522248	0	RECOG_PRES	5	HORNET	718	-999	P	767
1269896523390	0	RECOG_CR_PRES	5	HORNET	718	-999	P	24
1269896523715	1	RECOG_FEEDBACK	1
1269896524473	0	RECOG_PRES	5	DINOSAUR	469	-999	P	661
1269896525506	0	RECOG_CR_PRES	5	DINOSAUR	469	-999	P	20
1269896525815	1	RECOG_FEEDBACK	1
1269896526623	0	RECOG_PRES	5	MAGICIAN	854	-999	P	615
1269896527614	0	RECOG_CR_PRES	5	MAGICIAN	854	-999	P	24
1269896527931	1	RECOG_FEEDBACK	1
1269896528664	0	RECOG_PRES	5	OATS	968	-999	P	766
1269896529806	0	RECOG_CR_PRES	5	OATS	968	-999	P	225
1269896530339	1	RECOG_FEEDBACK	1
1269896534764	0	REST
1269896535665	1	REC_START
1269896535697	0	RECOG_PRES	6	SHARK	1275	-999	P	917
1269896536980	0	RECOG_CR_PRES	6	SHARK	1275	-999	P	106
1269896537380	1	RECOG_FEEDBACK	1
1269896538105	0	RECOG_PRES	6	SCREEN	1253	-999	P	1309
1269896539789	0	RECOG_CR_PRES	6	SCREEN	1253	-999	P	65
1269896540172	1	RECOG_FEEDBACK	1
1269896540955	0	RECOG_PRES	6	GORILLA	650	-999	P	651
1269896541980	0	RECOG_CR_PRES	6	GORILLA	650	-999	P	98
1269896542372	1	RECOG_FEEDBACK	1
1269896543097	0	RECOG_PRES	6	BRAN	167	-999	P	637
1269896544105	0	RECOG_CR_PRES	6	BRAN	167	-999	P	93
1269896544505	1	RECOG_FEEDBACK	1
1269896545221	0	RECOG_PRES	6	ROD	1203	-999	P	617
1269896546213	0	RECOG_CR_PRES	6	ROD	1203	-999	P	81
1269896546580	1	RECOG_FEEDBACK	1
1269896547355	0	RECOG_PRES	6	CAMEL	223	-999	P	995
1269896548721	0	RECOG_CR_PRES	6	CAMEL	223	-999	P	53
1269896549080	1	RECOG_FEEDBACK	1
1269896549888	0	RECOG_PRES	6	CHAIRPERSON	275	-999	P	926
1269896551179	0	RECOG_CR_PRES	6	CHAIRPERSON	275	-999	P	43
1269896551521	1	RECOG_FEEDBACK	0
1269896552304	0	RECOG_PRES	6	BLACKBOARD	133	-999	P	950
1269896553629	0	RECOG_CR_PRES	6	BLACKBOARD	133	-999	P	41
1269896553971	1	RECOG_FEEDBACK	1
1269896554712	0	RECOG_PRES	6	HERD	705	-999	P	742
1269896555829	0	RECOG_CR_PRES	6	HERD	705	-999	P	25
1269896556154	1	RECOG_FEEDBACK	1
1269896556954	0	RECOG_PRES	6	TANGERINE	1431	-999	P	1276
1269896558596	0	RECOG_CR_PRES	6	TANGERINE	1431	-999	P	66
1269896558979	1	RECOG_FEEDBACK	1
1269896559787	0	RECOG_PRES	6	REEF	1177	-999	P	699
1269896560862	0	RECOG_CR_PRES	6	REEF	1177	-999	P	56
1269896561212	1	RECOG_FEEDBACK	1
1269896561937	0	RECOG_PRES	6	CELERY	266	-999	P	677
1269896562987	0	RECOG_CR_PRES	6	CELERY	266	-999	P	28
1269896563304	1	RECOG_FEEDBACK	1
1269896564046	0	RECOG_PRES	6	TUNNEL	1519	-999	P	1296
1269896565712	0	RECOG_CR_PRES	6	TUNNEL	1519	-999	P	78
1269896566112	1	RECOG_FEEDBACK	1
1269896566903	0	RECOG_PRES	6	LINEN	825	-999	P	711
1269896567986	0	RECOG_CR_PRES	6	LINEN	825	-999	P	53
1269896568328	1	RECOG_FEEDBACK	1
1269896569120	0	RECOG_PRES	6	TEA	1439	-999	P	686
1269896570178	0	RECOG_CR_PRES	6	TEA	1439	-999	P	44
1269896570520	1	RECOG_FEEDBACK	1
1269896571270	0	RECOG_PRES	6	LAUNDRY	803	-999	P	688
1269896572319	0	RECOG_CR_PRES	6	LAUNDRY	803	-999	P	79
1269896572711	1	RECOG_FEEDBACK	1
1269896573428	0	RECOG_PRES	6	CRUTCH	417	-999	P	1434
1269896575236	0	RECOG_CR_PRES	6	CRUTCH	417	-999	P	410
1269896575953	1	RECOG_FEEDBACK	1
1269896576761	0	RECOG_PRES	6	APPLICATION	34	-999	P	799
1269896577952	0	RECOG_CR_PRES	6	APPLICATION	34	-999	P	87
1269896578336	1	RECOG_FEEDBACK	1
1269896579086	0	RECOG_PRES	6	SAND	1230	-999	P	904
1269896580361	0	RECOG_CR_PRES	6	SAND	1230	-999	P	45
1269896580702	1	RECOG_FEEDBACK	1
1269896581469	0	RECOG_PRES	6	COW	393	-999	P	793
1269896582635	0	RECOG_CR_PRES	6	COW	393	-999	P	51
1269896582994	1	RECOG_FEEDBACK	1
1269896584794	0	REST
1269896585961	1	REC_START
1269896585993	0	RECOG_PRES	7	GRATE	657	-999	P	1581
1269896587943	0	RECOG_CR_PRES	7	GRATE	657	-999	P	80
1269896588343	1	RECOG_FEEDBACK	1
1269896589060	0	RECOG_PRES	7	FAMILY	550	-999	P	1322
1269896590751	0	RECOG_CR_PRES	7	FAMILY	550	-999	P	87
1269896591151	1	RECOG_FEEDBACK	0
1269896591860	0	RECOG_PRES	7	ASH	44	-999	P	826
1269896593060	0	RECOG_CR_PRES	7	ASH	44	-999	P	18
1269896593376	1	RECOG_FEEDBACK	1
1269896594093	0	RECOG_PRES	7	TREAD	1499	-999	P	721
1269896595184	0	RECOG_CR_PRES	7	TREAD	1499	-999	P	14
1269896595509	1	RECOG_FEEDBACK	0
1269896596226	0	RECOG_PRES	7	RADIO	1157	-999	P	876
1269896597476	0	RECOG_CR_PRES	7	RADIO	1157	-999	P	42
1269896597834	1	RECOG_FEEDBACK	1
1269896598626	0	RECOG_PRES	7	BAKER	71	-999	P	684
1269896599684	0	RECOG_CR_PRES	7	BAKER	71	-999	P	106
1269896600076	1	RECOG_FEEDBACK	1
1269896600792	0	RECOG_PRES	7	PAWN	1030	-999	P	630
1269896601792	0	RECOG_CR_PRES	7	PAWN	1030	-999	P	30
1269896602109	1	RECOG_FEEDBACK	1
1269896602826	0	RECOG_PRES	7	FIREMAN	569	-999	P	628
1269896603826	0	RECOG_CR_PRES	7	FIREMAN	569	-999	P	52
1269896604175	1	RECOG_FEEDBACK	1
1269896604909	0	RECOG_PRES	7	CARRIAGE	248	-999	P	793
1269896606075	0	RECOG_CR_PRES	7	CARRIAGE	248	-999	P	59
1269896606442	1	RECOG_FEEDBACK	1
1269896607242	0	RECOG_PRES	7	ELM	527	-999	P	756
1269896608367	0	RECOG_CR_PRES	7	ELM	527	-999	P	431
1269896609083	1	RECOG_FEEDBACK	1
1269896609875	0	RECOG_PRES	7	DUNGEON	507	-999	P	1643
1269896611892	0	RECOG_CR_PRES	7	DUNGEON	507	-999	P	58
1269896612275	1	RECOG_FEEDBACK	1
1269896613050	0	RECOG_PRES	7	CANARY	227	-999	P	700
1269896614116	0	RECOG_CR_PRES	7	CANARY	227	-999	P	26
1269896614433	1	RECOG_FEEDBACK	1
1269896615225	0	RECOG_PRES	7	OX	994	-999	P	637
1269896616233	0	RECOG_CR_PRES	7	OX	994	-999	P	29
1269896616550	1	RECOG_FEEDBACK	1
1269896617291	0	RECOG_PRES	7	STOVE	1388	-999	P	763
1269896618424	0	RECOG_CR_PRES	7	STOVE	1388	-999	P	86
1269896618816	1	RECOG_FEEDBACK	1
1269896619549	0	RECOG_PRES	7	POWDER	1117	-999	P	1009
1269896620933	0	RECOG_CR_PRES	7	POWDER	1117	-999	P	49
1269896621291	1	RECOG_FEEDBACK	1
1269896622033	0	RECOG_PRES	7	DOUGHNUT	490	-999	P	789
1269896623191	0	RECOG_CR_PRES	7	DOUGHNUT	490	-999	P	103
1269896623591	1	RECOG_FEEDBACK	1
1269896624382	0	RECOG_PRES	7	CARNIVAL	245	-999	P	1256
1269896626008	0	RECOG_CR_PRES	7	CARNIVAL	245	-999	P	62
1269896626390	1	RECOG_FEEDBACK	1
1269896627157	0	RECOG_PRES	7	PRISON	1127	-999	P	753
1269896628282	0	RECOG_CR_PRES	7	PRISON	1127	-999	P	12
1269896628590	1	RECOG_FEEDBACK	1
1269896629315	0	RECOG_PRES	7	ROOMMATE	1207	-999	P	875
1269896630590	0	RECOG_CR_PRES	7	ROOMMATE	1207	-999	P	48
1269896630932	1	RECOG_FEEDBACK	1
1269896631723	0	RECOG_PRES	7	MANAGER	863	-999	P	667
1269896632765	0	RECOG_CR_PRES	7	MANAGER	863	-999	P	33
1269896633098	1	RECOG_FEEDBACK	1
1269896634682	0	REST
1269896635762	1	REC_START
1269896635798	0	RECOG_PRES	8	PALACE	1006	-999	P	960
1269896637131	0	RECOG_CR_PRES	8	PALACE	1006	-999	P	67
1269896637506	1	RECOG_FEEDBACK	1
1269896638256	0	RECOG_PRES	8	DART	440	-999	P	510
1269896639140	0	RECOG_CR_PRES	8	DART	440	-999	P	90
1269896639514	1	RECOG_FEEDBACK	0
1269896640248	0	RECOG_PRES	8	GERM	632	-999	P	950
1269896641573	0	RECOG_CR_PRES	8	GERM	632	-999	P	57
1269896641931	1	RECOG_FEEDBACK	1
1269896642698	0	RECOG_PRES	8	SEASHORE	1263	-999	P	788
1269896643856	0	RECOG_CR_PRES	8	SEASHORE	1263	-999	P	6
1269896644164	1	RECOG_FEEDBACK	1
1269896644964	0	RECOG_PRES	8	PROFESSOR	1131	-999	P	986
1269896646322	0	RECOG_CR_PRES	8	PROFESSOR	1131	-999	P	28
1269896646656	1	RECOG_FEEDBACK	1
1269896647431	0	RECOG_PRES	8	SWAMP	1416	-999	P	759
1269896648564	0	RECOG_CR_PRES	8	SWAMP	1416	-999	P	50
1269896648922	1	RECOG_FEEDBACK	1
1269896649639	0	RECOG_PRES	8	GLASSES	640	-999	P	839
1269896650847	0	RECOG_CR_PRES	8	GLASSES	640	-999	P	23
1269896651155	1	RECOG_FEEDBACK	1
1269896651897	0	RECOG_PRES	8	ESCALATOR	539	-999	P	1381
1269896653647	0	RECOG_CR_PRES	8	ESCALATOR	539	-999	P	23
1269896653988	1	RECOG_FEEDBACK	0
1269896654747	0	RECOG_PRES	8	COMMANDER	354	-999	P	841
1269896655988	0	RECOG_CR_PRES	8	COMMANDER	354	-999	P	19
1269896656313	1	RECOG_FEEDBACK	1
1269896657039	0	RECOG_PRES	8	GRADUATE	653	-999	P	1655
1269896659063	0	RECOG_CR_PRES	8	GRADUATE	653	-999	P	183
1269896659563	1	RECOG_FEEDBACK	1
1269896660380	0	RECOG_PRES	8	CABIN	211	-999	P	762
1269896661513	0	RECOG_CR_PRES	8	CABIN	211	-999	P	149
1269896661938	1	RECOG_FEEDBACK	1
1269896662729	0	RECOG_PRES	8	BAND	78	-999	P	1421
1269896664521	0	RECOG_CR_PRES	8	BAND	78	-999	P	109
1269896664963	1	RECOG_FEEDBACK	1
1269896665763	0	RECOG_PRES	8	BUGGY	188	-999	P	1099
1269896667238	0	RECOG_CR_PRES	8	BUGGY	188	-999	P	136
1269896667679	1	RECOG_FEEDBACK	1
1269896668396	0	RECOG_PRES	8	SPOOL	1356	-999	P	892
1269896669687	0	RECOG_CR_PRES	8	SPOOL	1356	-999	P	7
1269896670005	1	RECOG_FEEDBACK	1
1269896670812	0	RECOG_PRES	8	MINT	898	-999	P	690
1269896671870	0	RECOG_CR_PRES	8	MINT	898	-999	P	88
1269896672245	1	RECOG_FEEDBACK	1
1269896672979	0	RECOG_PRES	8	VIOLIN	1571	-999	P	915
1269896674270	0	RECOG_CR_PRES	8	VIOLIN	1571	-999	P	72
1269896674654	1	RECOG_FEEDBACK	1
1269896675445	0	RECOG_PRES	8	JACKET	747	-999	P	1169
1269896676978	0	RECOG_CR_PRES	8	JACKET	747	-999	P	53
1269896677353	1	RECOG_FEEDBACK	1
1269896678103	0	RECOG_PRES	8	THERMOMETER	1453	-999	P	850
1269896679353	0	RECOG_CR_PRES	8	THERMOMETER	1453	-999	P	21
1269896679695	1	RECOG_FEEDBACK	1
1269896680428	0	RECOG_PRES	8	BULLY	196	-999	P	922
1269896681711	0	RECOG_CR_PRES	8	BULLY	196	-999	P	111
1269896682136	1	RECOG_FEEDBACK	1
1269896682920	0	RECOG_PRES	8	CYCLONE	431	-999	P	718
1269896684004	0	RECOG_CR_PRES	8	CYCLONE	431	-999	P	42
1269896684361	1	RECOG_FEEDBACK	1
1269896687886	0	REST
1269896688753	1	REC_START
1269896688786	0	RECOG_PRES	9	DIAL	457	-999	P	966
1269896690152	0	RECOG_CR_PRES	9	DIAL	457	-999	P	54
1269896690494	1	RECOG_FEEDBACK	1
1269896691219	0	RECOG_PRES	9	TRENCH	1503	-999	P	995
1269896692586	0	RECOG_CR_PRES	9	TRENCH	1503	-999	P	44
1269896692927	1	RECOG_FEEDBACK	0
1269896693661	0	RECOG_PRES	9	HAWK	692	-999	P	865
1269896694927	0	RECOG_CR_PRES	9	HAWK	692	-999	P	415
1269896695635	1	RECOG_FEEDBACK	1
1269896696427	0	RECOG_PRES	9	COLESLAW	344	-999	P	667
1269896697469	0	RECOG_CR_PRES	9	COLESLAW	344	-999	P	57
1269896697819	1	RECOG_FEEDBACK	1
1269896698560	0	RECOG_PRES	9	SILK	1307	-999	P	1246
1269896700177	0	RECOG_CR_PRES	9	SILK	1307	-999	P	77
1269896700560	1	RECOG_FEEDBACK	1
1269896701277	0	RECOG_PRES	9	LEAF	808	-999	P	657
1269896702310	0	RECOG_CR_PRES	9	LEAF	808	-999	P	88
1269896702668	1	RECOG_FEEDBACK	1
1269896703468	0	RECOG_PRES	9	NOMAD	955	-999	P	762
1269896704601	0	RECOG_CR_PRES	9	NOMAD	955	-999	P	45
1269896704951	1	RECOG_FEEDBACK	1
1269896705718	0	RECOG_PRES	9	SAGE	1222	-999	P	624
1269896706718	0	RECOG_CR_PRES	9	SAGE	1222	-999	P	32
1269896707051	1	RECOG_FEEDBACK	1
1269896707768	0	RECOG_PRES	9	SWIMMER	1420	-999	P	1094
1269896709234	0	RECOG_CR_PRES	9	SWIMMER	1420	-999	P	100
1269896709668	1	RECOG_FEEDBACK	1
1269896710418	0	RECOG_PRES	9	MAMMAL	861	-999	P	1589
1269896712376	0	RECOG_CR_PRES	9	MAMMAL	861	-999	P	46
1269896712742	1	RECOG_FEEDBACK	1
1269896713492	0	RECOG_PRES	9	BATH	98	-999	P	802
1269896714667	0	RECOG_CR_PRES	9	BATH	98	-999	P	3
1269896714967	1	RECOG_FEEDBACK	1
1269896715684	0	RECOG_PRES	9	RICE	1190	-999	P	2106
1269896718167	0	RECOG_CR_PRES	9	RICE	1190	-999	P	111
1269896718625	1	RECOG_FEEDBACK	0
1269896719350	0	RECOG_PRES	9	NIGHTGOWN	953	-999	P	760
1269896720484	0	RECOG_CR_PRES	9	NIGHTGOWN	953	-999	P	26
1269896720809	1	RECOG_FEEDBACK	1
1269896721558	0	RECOG_PRES	9	SHOVEL	1295	-999	P	728
1269896722658	0	RECOG_CR_PRES	9	SHOVEL	1295	-999	P	108
1269896723067	1	RECOG_FEEDBACK	1
1269896723867	0	RECOG_PRES	9	BRAIN	165	-999	P	643
1269896724883	0	RECOG_CR_PRES	9	BRAIN	165	-999	P	59
1269896725242	1	RECOG_FEEDBACK	1
1269896725983	0	RECOG_PRES	9	SHRUB	1299	-999	P	823
1269896727183	0	RECOG_CR_PRES	9	SHRUB	1299	-999	P	119
1269896727625	1	RECOG_FEEDBACK	1
1269896728425	0	RECOG_PRES	9	CONCRETE	361	-999	P	901
1269896729700	0	RECOG_CR_PRES	9	CONCRETE	361	-999	P	74
1269896730083	1	RECOG_FEEDBACK	1
1269896730841	0	RECOG_PRES	9	DESIGNER	451	-999	P	1182
1269896732391	0	RECOG_CR_PRES	9	DESIGNER	451	-999	P	31
1269896732741	1	RECOG_FEEDBACK	1
1269896733516	0	RECOG_PRES	9	MEDAL	885	-999	P	833
1269896734749	0	RECOG_CR_PRES	9	MEDAL	885	-999	P	57
1269896735107	1	RECOG_FEEDBACK	1
1269896735832	0	RECOG_PRES	9	PRIEST	1122	-999	P	926
1269896737132	0	RECOG_CR_PRES	9	PRIEST	1122	-999	P	266
1269896737741	1	RECOG_FEEDBACK	0
1269896739457	0	REST
1269896740560	1	REC_START
1269896740590	0	RECOG_PRES	10	JELLY	755	-999	P	1264
1269896742224	0	RECOG_CR_PRES	10	JELLY	755	-999	P	174
1269896742715	1	RECOG_FEEDBACK	1
1269896743465	0	RECOG_PRES	10	VOLCANO	1575	-999	P	1197
1269896745024	0	RECOG_CR_PRES	10	VOLCANO	1575	-999	P	294
1269896745640	1	RECOG_FEEDBACK	0
1269896746357	0	RECOG_PRES	10	FLY	586	-999	P	1057
1269896747790	0	RECOG_CR_PRES	10	FLY	586	-999	P	64
1269896748173	1	RECOG_FEEDBACK	1
1269896748881	0	RECOG_PRES	10	DOUGH	489	-999	P	1646
1269896750898	0	RECOG_CR_PRES	10	DOUGH	489	-999	P	100
1269896751323	1	RECOG_FEEDBACK	1
1269896752115	0	RECOG_PRES	10	PUB	1135	-999	P	947
1269896753431	0	RECOG_CR_PRES	10	PUB	1135	-999	P	79
1269896753806	1	RECOG_FEEDBACK	1
1269896754598	0	RECOG_PRES	10	VAULT	1550	-999	P	808
1269896755781	0	RECOG_CR_PRES	10	VAULT	1550	-999	P	457
1269896756531	1	RECOG_FEEDBACK	1
1269896757331	0	RECOG_PRES	10	CLIFF	322	-999	P	1700
1269896759406	0	RECOG_CR_PRES	10	CLIFF	322	-999	P	80
1269896759814	1	RECOG_FEEDBACK	1
1269896760614	0	RECOG_PRES	10	DENTIST	447	-999	P	992
1269896761980	0	RECOG_CR_PRES	10	DENTIST	447	-999	P	346
1269896762630	1	RECOG_FEEDBACK	0
1269896763339	0	RECOG_PRES	10	GROOM	665	-999	P	971
1269896764680	0	RECOG_CR_PRES	10	GROOM	665	-999	P	54
1269896765023	1	RECOG_FEEDBACK	1
1269896765739	0	RECOG_PRES	10	CARPET	247	-999	P	667
1269896766780	0	RECOG_CR_PRES	10	CARPET	247	-999	P	2
1269896767072	1	RECOG_FEEDBACK	1
1269896767830	0	RECOG_PRES	10	BEE	112	-999	P	680
1269896768880	0	RECOG_CR_PRES	10	BEE	112	-999	P	14
1269896769188	1	RECOG_FEEDBACK	1
1269896769922	0	RECOG_PRES	10	REFRIGERATOR	1179	-999	P	820
1269896771113	0	RECOG_CR_PRES	10	REFRIGERATOR	1179	-999	P	61
1269896771471	1	RECOG_FEEDBACK	1
1269896772180	0	RECOG_PRES	10	TABLE	1426	-999	P	642
1269896773196	0	RECOG_CR_PRES	10	TABLE	1426	-999	P	34
1269896773521	1	RECOG_FEEDBACK	1
1269896774288	0	RECOG_PRES	10	PIG	1064	-999	P	1238
1269896775896	0	RECOG_CR_PRES	10	PIG	1064	-999	P	70
1269896776288	1	RECOG_FEEDBACK	1
1269896777039	0	RECOG_PRES	10	VITAMIN	1574	-999	P	823
1269896778238	0	RECOG_CR_PRES	10	VITAMIN	1574	-999	P	32
1269896778571	1	RECOG_FEEDBACK	1
1269896779354	0	RECOG_PRES	10	APRON	35	-999	P	628
1269896780354	0	RECOG_CR_PRES	10	APRON	35	-999	P	76
1269896780729	1	RECOG_FEEDBACK	1
1269896781471	0	RECOG_PRES	10	COOKIE	374	-999	P	687
1269896782529	0	RECOG_CR_PRES	10	COOKIE	374	-999	P	213
1269896783046	1	RECOG_FEEDBACK	1
1269896783837	0	RECOG_PRES	10	STRAWBERRY	1391	-999	P	1601
1269896785812	0	RECOG_CR_PRES	10	STRAWBERRY	1391	-999	P	66
1269896786204	1	RECOG_FEEDBACK	0
1269896786995	0	RECOG_PRES	10	STRAW	1390	-999	P	851
1269896788220	0	RECOG_CR_PRES	10	STRAW	1390	-999	P	34
1269896788554	1	RECOG_FEEDBACK	1
1269896789337	0	RECOG_PRES	10	ACID	2	-999	P	1453
1269896791162	0	RECOG_CR_PRES	10	ACID	2	-999	P	4
1269896791478	1	RECOG_FEEDBACK	1
1269896792962	0	REST
1269896794068	1	REC_START
1269896794103	0	RECOG_PRES	11	GLUE	643	-999	P	1063
1269896795536	0	RECOG_CR_PRES	11	GLUE	643	-999	P	38
1269896795870	1	RECOG_FEEDBACK	1
1269896796661	0	RECOG_PRES	11	PRUNE	1134	-999	P	801
1269896797836	0	RECOG_CR_PRES	11	PRUNE	1134	-999	P	26
1269896798169	1	RECOG_FEEDBACK	1
1269896798936	0	RECOG_PRES	11	THREAD	1460	-999	P	806
1269896800111	0	RECOG_CR_PRES	11	THREAD	1460	-999	P	63
1269896800461	1	RECOG_FEEDBACK	1
1269896801219	0	RECOG_PRES	11	ATHLETE	52	-999	P	1779
1269896803369	0	RECOG_CR_PRES	11	ATHLETE	52	-999	P	957
1269896804719	1	RECOG_FEEDBACK	1
1269896805436	0	RECOG_PRES	11	KNIFE	785	-999	P	922
1269896806727	0	RECOG_CR_PRES	11	KNIFE	785	-999	P	119
1269896807144	1	RECOG_FEEDBACK	1
1269896807935	0	RECOG_PRES	11	PACKAGE	997	-999	P	871
1269896809177	0	RECOG_CR_PRES	11	PACKAGE	997	-999	P	101
1269896809577	1	RECOG_FEEDBACK	1
1269896810319	0	RECOG_PRES	11	ZUCCHINI	1638	-999	P	815
1269896811510	0	RECOG_CR_PRES	11	ZUCCHINI	1638	-999	P	104
1269896811902	1	RECOG_FEEDBACK	1
1269896812635	0	RECOG_PRES	11	STOOL	1386	-999	P	691
1269896813702	0	RECOG_CR_PRES	11	STOOL	1386	-999	P	56
1269896814044	1	RECOG_FEEDBACK	1
1269896814852	0	RECOG_PRES	11	RESORT	1186	-999	P	770
1269896815993	0	RECOG_CR_PRES	11	RESORT	1186	-999	P	53
1269896816343	1	RECOG_FEEDBACK	1
1269896817093	0	RECOG_PRES	11	GOOSE	649	-999	P	858
1269896818351	0	RECOG_CR_PRES	11	GOOSE	649	-999	P	79
1269896818735	1	RECOG_FEEDBACK	1
1269896819476	0	RECOG_PRES	11	ORNAMENT	985	-999	P	962
1269896820809	0	RECOG_CR_PRES	11	ORNAMENT	985	-999	P	101
1269896821218	1	RECOG_FEEDBACK	0
1269896821934	0	RECOG_PRES	11	TROPHY	1509	-999	P	1840
1269896824151	0	RECOG_CR_PRES	11	TROPHY	1509	-999	P	79
1269896824559	1	RECOG_FEEDBACK	1
1269896825292	0	RECOG_PRES	11	PUPPY	1144	-999	P	866
1269896826559	0	RECOG_CR_PRES	11	PUPPY	1144	-999	P	7
1269896826859	1	RECOG_FEEDBACK	1
1269896827634	0	RECOG_PRES	11	COUNTRY	388	-999	P	1044
1269896829043	0	RECOG_CR_PRES	11	COUNTRY	388	-999	P	35
1269896829384	1	RECOG_FEEDBACK	1
1269896830134	0	RECOG_PRES	11	BARLEY	88	-999	P	1024
1269896831534	0	RECOG_CR_PRES	11	BARLEY	88	-999	P	80
1269896831917	1	RECOG_FEEDBACK	1
1269896832675	0	RECOG_PRES	11	RANCH	1166	-999	P	899
1269896833950	0	RECOG_CR_PRES	11	RANCH	1166	-999	P	81
1269896834333	1	RECOG_FEEDBACK	1
1269896835125	0	RECOG_PRES	11	SKI	1316	-999	P	737
1269896836233	0	RECOG_CR_PRES	11	SKI	1316	-999	P	53
1269896836583	1	RECOG_FEEDBACK	1
1269896837317	0	RECOG_PRES	11	TIE	1466	-999	P	817
1269896838508	0	RECOG_CR_PRES	11	TIE	1466	-999	P	66
1269896838875	1	RECOG_FEEDBACK	1
1269896839641	0	RECOG_PRES	11	PAINTER	1004	-999	P	2229
1269896842241	0	RECOG_CR_PRES	11	PAINTER	1004	-999	P	373
1269896842999	1	RECOG_FEEDBACK	0
1269896843749	0	RECOG_PRES	11	STRANGER	1389	-999	P	913
1269896845025	0	RECOG_CR_PRES	11	STRANGER	1389	-999	P	109
1269896845416	1	RECOG_FEEDBACK	1
1269896846164	0	RECOG_END
1269896855274	0	SESS_END
1269896855313	0	E	Logging Ends
