1269884585176	0	B	Logging Begins
1269884607653	0	START
1269884607677	1	PROB	'8 + 3 + 6 = '	'17'	1	2351	1
1269884610060	1	PROB	'6 + 6 + 2 = '	'14'	1	1488	1
1269884611585	1	PROB	'5 + 5 + 4 = '	'14'	1	1227	1
1269884612843	1	PROB	'4 + 1 + 8 = '	'13'	1	1657	1
1269884614535	1	PROB	'7 + 4 + 4 = '	'15'	1	2293	1
1269884616860	1	PROB	'1 + 3 + 4 = '	'8'	1	1320	1
1269884618210	1	PROB	'6 + 3 + 4 = '	'11'	0	2026	1
1269884620268	1	PROB	'2 + 8 + 1 = '	'11'	1	1472	1
1269884621776	1	PROB	'3 + 3 + 4 = '	'13'	0	2388	1
1269884627653	0	STOP
1269884718694	0	START
1269884719586	1	PROB	'4 + 7 + 9 = '	'20'	1	2106	1
1269884721727	1	PROB	'3 + 2 + 3 = '	'8'	1	1685	1
1269884723444	1	PROB	'3 + 3 + 1 = '	'7'	1	1240	1
1269884724719	1	PROB	'4 + 9 + 1 = '	'14'	1	1653	1
1269884726372	0	STOP
1269884804763	0	START
1269884806271	1	PROB	'8 + 3 + 2 = '	'1'	0	1653	1
1269884807953	1	PROB	'6 + 2 + 5 = '	'13'	1	3259	1
1269884811246	1	PROB	'9 + 2 + 1 = '	'12'	1	1462	1
1269884812708	0	STOP
1269884816854	0	START
1269884817879	1	PROB	'4 + 4 + 7 = '	'15'	1	2005	1
1269884819920	1	PROB	'2 + 7 + 3 = '	'12'	1	2011	1
1269884821961	1	PROB	'7 + 4 + 2 = '	'13'	1	1779	1
1269884823740	0	STOP
1269884828686	0	START
1269884829711	1	PROB	'1 + 2 + 7 = '	'10'	1	2061	1
1269884831811	1	PROB	'7 + 4 + 1 = '	'12'	1	1585	1
1269884833427	1	PROB	'3 + 6 + 3 = '	'12'	1	1929	1
1269884835356	0	STOP
1269884840827	0	START
1269884841976	1	PROB	'3 + 8 + 4 = '	'15'	1	1444	1
1269884843460	1	PROB	'3 + 9 + 2 = '	'14'	1	5192	1
1269884848652	0	STOP
1269884852676	0	START
1269884853501	1	PROB	'7 + 7 + 2 = '	'16'	1	2919	1
1269884856459	1	PROB	'6 + 1 + 6 = '	'13'	1	1985	1
1269884858476	1	PROB	'7 + 7 + 1 = '	'15'	1	2088	1
1269884860564	0	STOP
1269884864667	0	START
1269884865650	1	PROB	'3 + 7 + 3 = '	'13'	1	1378	1
1269884867067	1	PROB	'8 + 5 + 2 = '	'15'	1	1569	1
1269884868675	1	PROB	'4 + 1 + 7 = '	'12'	1	2288	1
1269884871000	1	PROB	'5 + 4 + 5 = '	'14'	1	1348	1
1269884872348	0	STOP
1269884876633	0	START
1269884877599	1	PROB	'7 + 4 + 1 = '	'12'	1	1485	1
1269884879116	1	PROB	'5 + 9 + 4 = '	'18'	1	3544	1
1269884884633	0	STOP
1269884888707	0	START
1269884889798	1	PROB	'1 + 8 + 8 = '	'17'	1	1998	1
1269884891832	1	PROB	'2 + 1 + 4 = '	'7'	1	2092	1
1269884893955	1	PROB	'7 + 5 + 2 = '	'14'	1	2457	1
1269884896412	0	STOP
1269884900706	0	START
1269884901856	1	PROB	'2 + 3 + 4 = '	'9'	1	1604	1
1269884903497	1	PROB	'5 + 4 + 1 = '	'10'	1	2315	1
1269884905847	1	PROB	'8 + 5 + 6 = '	'18'	0	2437	1
1269884908284	0	STOP
1269884912880	0	START
1269884913805	1	PROB	'7 + 1 + 6 = '	'14'	1	3199	1
1269884917038	1	PROB	'2 + 6 + 4 = '	'12'	1	3654	1
1269884920692	0	STOP
1269884925080	0	START
1269884925896	1	PROB	'4 + 3 + 8 = '	'15'	1	1604	1
1269884927537	1	PROB	'5 + 8 + 6 = '	'19'	1	4939	1
1269884932476	0	STOP
1269884937054	0	START
1269884938195	1	PROB	'2 + 7 + 6 = '	'15'	1	1633	1
1269884939861	1	PROB	'4 + 4 + 9 = '	'17'	1	2375	1
1269884945054	0	STOP
1269884948878	0	START
1269884949976	1	PROB	'3 + 3 + 8 = '	'14'	1	1908	1
1269884951919	1	PROB	'7 + 1 + 4 = '	'12'	1	2085	1
1269884954035	1	PROB	'4 + 5 + 7 = '	'16'	1	1825	1
1269884955860	0	STOP
1269884960727	0	START
1269884961902	1	PROB	'3 + 3 + 5 = '	'11'	1	2366	1
1269884964301	1	PROB	'6 + 6 + 5 = '	'17'	1	1775	1
1269884968727	0	STOP
1269884972651	0	START
1269884973851	1	PROB	'6 + 5 + 6 = '	'17'	1	1521	1
1269884975409	1	PROB	'7 + 7 + 1 = '	'15'	1	1787	1
1269884977234	1	PROB	'9 + 5 + 1 = '	'15'	1	2330	1
1269884979564	0	STOP
1269884984592	0	START
1269884985550	1	PROB	'3 + 2 + 6 = '	'11'	1	1598	1
1269884987183	1	PROB	'5 + 1 + 8 = '	'14'	1	1501	1
1269884988716	1	PROB	'1 + 2 + 4 = '	'7'	1	1432	1
1269884990183	1	PROB	'3 + 1 + 5 = '	'9'	1	1741	1
1269884991924	0	STOP
1269884996516	0	START
1269884997474	1	PROB	'8 + 4 + 9 = '	'21'	1	2666	1
1269885000174	1	PROB	'7 + 8 + 2 = '	'17'	1	1821	1
1269885002032	1	PROB	'1 + 2 + 6 = '	'9'	1	1340	1
1269885003372	0	STOP
1269885147238	0	START
1269885148055	1	PROB	'3 + 8 + 1 = '	'12'	1	3501	1
1269885151588	1	PROB	'2 + 5 + 9 = '	'16'	1	1639	1
1269885153263	1	PROB	'9 + 4 + 6 = '	'19'	1	2541	1
1269885155837	1	PROB	'3 + 9 + 1 = '	'13'	1	1367	1
1269885157237	1	PROB	'1 + 8 + 8 = '	'17'	1	1839	1
1269885159112	1	PROB	'6 + 2 + 8 = '	'16'	1	1819	1
1269885160969	1	PROB	'1 + 7 + 5 = '	'12'	0	1819	1
1269885162788	0	STOP
1269885241107	0	START
1269885242615	1	PROB	'2 + 8 + 2 = '	'12'	1	1525	1
1269885244173	1	PROB	'4 + 2 + 1 = '	'7'	1	3375	1
1269885247581	1	PROB	'3 + 6 + 5 = '	'14'	1	1983	1
1269885249597	1	PROB	'7 + 2 + 6 = '	'15'	1	1599	1
1269885251231	1	PROB	'4 + 9 + 4 = '	'17'	1	2197	1
1269885253464	1	PROB	'5 + 4 + 7 = '	'16'	1	1956	1
1269885257107	0	STOP
1269885261164	0	START
1269885261995	1	PROB	'4 + 9 + 2 = '	'15'	1	1737	1
1269885263771	1	PROB	'1 + 5 + 9 = '	'15'	1	2249	1
1269885266054	1	PROB	'3 + 4 + 9 = '	'16'	1	1734	1
1269885267821	1	PROB	'1 + 1 + 5 = '	'7'	1	1223	1
1269885269079	1	PROB	'4 + 2 + 3 = '	'9'	1	2021	1
1269885271137	1	PROB	'7 + 5 + 3 = '	'15'	1	2707	1
1269885273879	1	PROB	'2 + 4 + 7 = '	'13'	1	2213	1
1269885276092	0	STOP
1269885281112	0	START
1269885281927	1	PROB	'8 + 2 + 2 = '	'12'	1	1261	1
1269885283228	1	PROB	'7 + 5 + 8 = '	'20'	1	3880	1
1269885287145	1	PROB	'7 + 1 + 2 = '	'10'	1	2963	1
1269885290144	1	PROB	'8 + 3 + 8 = '	'19'	1	1444	1
1269885291628	1	PROB	'6 + 4 + 6 = '	'16'	1	1376	1
1269885293036	1	PROB	'5 + 5 + 5 = '	'15'	1	1264	1
1269885294336	1	PROB	'2 + 9 + 4 = '	'15'	1	2036	1
1269885296372	0	STOP
1269885300976	0	START
1269885301959	1	PROB	'3 + 8 + 5 = '	'16'	1	1397	1
1269885303393	1	PROB	'5 + 5 + 3 = '	'13'	1	1307	1
1269885304735	1	PROB	'9 + 6 + 4 = '	'19'	1	1549	1
1269885306318	1	PROB	'9 + 2 + 2 = '	'13'	1	2470	1
1269885308826	1	PROB	'2 + 1 + 1 = '	'4'	1	1562	1
1269885310426	1	PROB	'8 + 4 + 3 = '	'15'	1	2386	1
1269885312851	1	PROB	'9 + 4 + 4 = '	'17'	1	2065	1
1269885316976	0	STOP
1269885321118	0	START
1269885322300	1	PROB	'9 + 9 + 7 = '	'25'	1	2864	1
1269885325200	1	PROB	'2 + 8 + 2 = '	'12'	1	1396	1
1269885326633	1	PROB	'5 + 3 + 8 = '	'16'	1	2067	1
1269885328733	1	PROB	'4 + 9 + 1 = '	'14'	1	1447	1
1269885330217	1	PROB	'2 + 1 + 9 = '	'12'	1	1995	1
1269885332250	1	PROB	'1 + 2 + 5 = '	'8'	1	1570	1
1269885333858	1	PROB	'7 + 4 + 3 = '	'14'	1	2362	1
1269885336220	0	STOP
1269885340957	0	START
1269885342107	1	PROB	'4 + 9 + 1 = '	'14'	1	1369	1
1269885343516	1	PROB	'1 + 2 + 8 = '	'11'	1	1568	1
1269885345115	1	PROB	'4 + 4 + 3 = '	'11'	1	2337	1
1269885347490	1	PROB	'4 + 3 + 3 = '	'10'	1	2122	1
1269885349648	1	PROB	'5 + 8 + 9 = '	'22'	1	2940	1
1269885352623	1	PROB	'6 + 3 + 1 = '	'10'	1	1669	1
1269885356956	0	STOP
1269885361107	0	START
1269885362048	1	PROB	'7 + 6 + 5 = '	'18'	1	2268	1
1269885364356	1	PROB	'3 + 1 + 8 = '	'12'	1	1664	1
1269885366056	1	PROB	'9 + 7 + 4 = '	'20'	1	2132	1
1269885368222	1	PROB	'4 + 6 + 6 = '	'16'	1	1334	1
1269885369589	1	PROB	'4 + 3 + 9 = '	'16'	1	1727	1
1269885371355	1	PROB	'5 + 7 + 5 = '	'17'	1	2465	1
1269885373863	1	PROB	'1 + 7 + 3 = '	'11'	1	1685	1
1269885377107	0	STOP
1269885381030	0	START
1269885381913	1	PROB	'7 + 4 + 3 = '	'14'	1	2315	1
1269885384271	1	PROB	'3 + 6 + 7 = '	'16'	1	1981	1
1269885386296	1	PROB	'6 + 5 + 8 = '	'19'	1	2196	1
1269885388537	1	PROB	'5 + 3 + 7 = '	'15'	1	1611	1
1269885390195	1	PROB	'3 + 7 + 8 = '	'18'	1	1305	1
1269885391537	1	PROB	'2 + 3 + 4 = '	'9'	1	1779	1
1269885393354	1	PROB	'8 + 1 + 7 = '	'16'	1	1625	1
1269885397030	0	STOP
1269885400904	0	START
1269885401770	1	PROB	'9 + 5 + 3 = '	'17'	1	2930	1
1269885404744	1	PROB	'1 + 5 + 2 = '	'8'	1	2068	1
1269885406861	1	PROB	'5 + 8 + 1 = '	'14'	1	4031	1
1269885410935	1	PROB	'3 + 8 + 5 = '	'16'	1	3285	1
1269885414269	1	PROB	'7 + 8 + 2 = '	'17'	1	1735	1
1269885416004	0	STOP
1269885421069	0	START
1269885421885	1	PROB	'3 + 1 + 9 = '	'13'	1	2223	1
1269885424151	1	PROB	'1 + 3 + 3 = '	'7'	1	2037	1
1269885426235	1	PROB	'5 + 2 + 7 = '	'14'	1	1809	1
1269885428093	1	PROB	'7 + 9 + 5 = '	'21'	1	3287	1
1269885431426	1	PROB	'7 + 4 + 1 = '	'12'	1	3513	1
1269885434983	1	PROB	'7 + 3 + 5 = '	'15'	1	1661	1
1269885436644	0	STOP
1269885440974	0	START
1269885441900	1	PROB	'2 + 8 + 7 = '	'17'	1	1648	1
1269885443592	1	PROB	'2 + 5 + 7 = '	'14'	1	2052	1
1269885445691	1	PROB	'6 + 2 + 6 = '	'14'	1	2193	1
1269885447932	1	PROB	'5 + 3 + 3 = '	'11'	1	2039	1
1269885450016	1	PROB	'9 + 4 + 2 = '	'15'	1	2460	1
1269885452524	1	PROB	'8 + 7 + 7 = '	'22'	1	4112	1
1269885456636	0	STOP
1269885460948	0	START
1269885461799	1	PROB	'6 + 6 + 8 = '	'20'	1	2509	1
1269885464357	1	PROB	'6 + 5 + 7 = '	'18'	1	2103	1
1269885466507	1	PROB	'2 + 6 + 5 = '	'13'	1	1753	1
1269885468307	1	PROB	'2 + 7 + 4 = '	'13'	1	4369	1
1269885472715	1	PROB	'7 + 2 + 7 = '	'16'	1	1961	1
1269885476948	0	STOP
1269885480798	0	START
1269885481806	1	PROB	'2 + 3 + 2 = '	'7'	1	1590	1
1269885483430	1	PROB	'8 + 5 + 6 = '	'19'	1	4622	1
1269885488088	1	PROB	'9 + 9 + 6 = '	'24'	1	2508	1
1269885490630	1	PROB	'8 + 6 + 5 = '	'19'	1	1750	1
1269885492430	1	PROB	'9 + 3 + 3 = '	'15'	1	2990	1
1269885495420	0	STOP
1269885500746	0	START
1269885501928	1	PROB	'5 + 1 + 4 = '	'10'	1	2148	1
1269885504121	1	PROB	'7 + 7 + 8 = '	'22'	1	1883	1
1269885506054	1	PROB	'2 + 4 + 4 = '	'8'	0	2590	1
1269885508679	1	PROB	'2 + 2 + 8 = '	'12'	1	2461	1
1269885511178	1	PROB	'4 + 7 + 7 = '	'18'	1	1826	1
1269885513045	1	PROB	'7 + 6 + 5 = '	'18'	1	2119	1
1269885516746	0	STOP
1269885520952	0	START
1269885521778	1	PROB	'5 + 4 + 9 = '	'18'	1	2018	1
1269885523844	1	PROB	'4 + 7 + 5 = '	'16'	1	1792	1
1269885525677	1	PROB	'7 + 2 + 6 = '	'15'	1	2167	1
1269885527886	1	PROB	'8 + 9 + 5 = '	'23'	0	5670	1
1269885533602	1	PROB	'8 + 1 + 1 = '	'10'	1	1922	1
1269885535524	0	STOP
1269885540918	0	START
1269885541751	1	PROB	'7 + 8 + 9 = '	'24'	1	6981	1
1269885548767	1	PROB	'5 + 7 + 6 = '	'18'	1	2837	1
1269885551642	1	PROB	'1 + 7 + 6 = '	'14'	1	1954	1
1269885553634	1	PROB	'9 + 2 + 8 = '	'19'	1	1946	1
1269885555580	0	STOP
1269885560858	0	START
1269885561775	1	PROB	'8 + 6 + 5 = '	'19'	1	1885	1
1269885563700	1	PROB	'1 + 8 + 8 = '	'17'	1	2080	1
1269885565816	1	PROB	'3 + 8 + 8 = '	'19'	1	2636	1
1269885568491	1	PROB	'4 + 1 + 2 = '	'7'	1	1769	1
1269885570299	1	PROB	'9 + 3 + 2 = '	'14'	1	1865	1
1269885572207	1	PROB	'4 + 6 + 9 = '	'19'	1	1325	1
1269885573574	1	PROB	'5 + 6 + 6 = '	'17'	1	1662	1
1269885576858	0	STOP
1269885655135	0	START
1269885656643	1	PROB	'8 + 3 + 2 = '	'13'	1	1505	1
1269885658193	1	PROB	'2 + 5 + 3 = '	'10'	1	1794	1
1269885660034	1	PROB	'9 + 1 + 6 = '	'16'	1	1306	1
1269885663135	0	STOP
1269885666967	0	START
1269885667966	1	PROB	'8 + 2 + 4 = '	'14'	1	1326	1
1269885669334	1	PROB	'3 + 1 + 6 = '	'10'	1	1870	1
1269885671242	1	PROB	'3 + 6 + 4 = '	'13'	1	1354	1
1269885672633	1	PROB	'8 + 1 + 8 = '	'17'	1	1923	1
1269885674556	0	STOP
1269885679033	0	START
1269885680108	1	PROB	'5 + 4 + 2 = '	'11'	1	1968	1
1269885682116	1	PROB	'3 + 3 + 7 = '	'13'	1	3024	1
1269885687033	0	STOP
1269885691157	0	START
1269885692115	1	PROB	'5 + 9 + 9 = '	'23'	1	2433	1
1269885694590	1	PROB	'7 + 1 + 6 = '	'14'	1	2694	1
1269885697323	1	PROB	'5 + 4 + 8 = '	'17'	1	1521	1
1269885698844	0	STOP
1269885703132	0	START
1269885704264	1	PROB	'7 + 5 + 2 = '	'14'	1	1796	1
1269885706098	1	PROB	'9 + 6 + 8 = '	'23'	1	3946	1
1269885710044	0	STOP
1269885715131	0	START
1269885716247	1	PROB	'9 + 1 + 8 = '	'18'	1	1413	1
1269885717705	1	PROB	'3 + 2 + 2 = '	'7'	1	2099	1
1269885719838	1	PROB	'4 + 5 + 9 = '	'18'	1	2022	1
1269885721860	0	STOP
1269885727238	0	START
1269885728188	1	PROB	'3 + 1 + 3 = '	'7'	1	1448	1
1269885729679	1	PROB	'5 + 1 + 7 = '	'13'	1	2069	1
1269885731796	1	PROB	'2 + 4 + 5 = '	'11'	1	1792	1
1269885735238	0	STOP
1269885739079	0	START
1269885740253	1	PROB	'4 + 5 + 7 = '	'16'	1	1599	1
1269885741887	1	PROB	'3 + 6 + 7 = '	'16'	1	1781	1
1269885743703	1	PROB	'3 + 8 + 8 = '	'19'	1	2276	1
1269885745979	0	STOP
1269885751278	0	START
1269885752128	1	PROB	'2 + 7 + 3 = '	'12'	1	1204	1
1269885753377	1	PROB	'7 + 3 + 3 = '	'13'	1	1371	1
1269885754794	1	PROB	'8 + 5 + 4 = '	'17'	1	1674	1
1269885756502	1	PROB	'9 + 1 + 2 = '	'12'	1	1254	1
1269885757756	0	STOP
1269885763436	0	START
1269885764535	1	PROB	'3 + 9 + 1 = '	'13'	1	1213	1
1269885765785	1	PROB	'2 + 2 + 4 = '	'8'	1	1323	1
1269885767143	1	PROB	'8 + 4 + 1 = '	'13'	1	1941	1
1269885769118	1	PROB	'6 + 4 + 7 = '	'17'	1	1766	1
1269885770884	0	STOP
1269885775435	0	START
1269885776567	1	PROB	'2 + 7 + 8 = '	'17'	1	1509	1
1269885778117	1	PROB	'7 + 4 + 4 = '	'15'	1	2191	1
1269885780342	1	PROB	'9 + 3 + 9 = '	'21'	1	2422	1
1269885782764	0	STOP
1269885787517	0	START
1269885788617	1	PROB	'9 + 7 + 7 = '	'23'	1	2307	1
1269885790957	1	PROB	'7 + 3 + 2 = '	'12'	1	1535	1
1269885792541	1	PROB	'4 + 7 + 5 = '	'16'	1	1615	1
1269885794156	0	STOP
1269885799341	0	START
1269885800241	1	PROB	'7 + 1 + 3 = '	'11'	1	1435	1
1269885801716	1	PROB	'1 + 9 + 8 = '	'18'	1	1376	1
1269885803132	1	PROB	'8 + 8 + 7 = '	'23'	1	1896	1
1269885807341	0	STOP
1269885811449	0	START
1269885812648	1	PROB	'6 + 6 + 9 = '	'21'	1	2876	1
1269885815565	1	PROB	'9 + 7 + 9 = '	'25'	1	3039	1
1269885818604	0	STOP
1269885823289	0	START
1269885824314	1	PROB	'7 + 8 + 6 = '	'21'	1	3530	1
1269885827880	1	PROB	'4 + 9 + 1 = '	'14'	1	2075	1
1269885829955	0	STOP
1269885835314	0	START
1269885836247	1	PROB	'6 + 3 + 5 = '	'14'	1	3053	1
1269885839346	1	PROB	'8 + 8 + 1 = '	'17'	1	1946	1
1269885841329	1	PROB	'3 + 7 + 6 = '	'16'	1	1291	1
1269885842620	0	STOP
1269885847363	0	START
1269885848171	1	PROB	'5 + 3 + 8 = '	'16'	1	1945	1
1269885850154	1	PROB	'6 + 3 + 1 = '	'10'	1	1594	1
1269885851787	1	PROB	'6 + 5 + 5 = '	'16'	1	1297	1
1269885853129	1	PROB	'4 + 6 + 8 = '	'18'	1	1259	1
1269885854388	0	STOP
1269886007559	0	START
1269886008476	1	PROB	'3 + 8 + 9 = '	'20'	1	2360	1
1269886010884	1	PROB	'3 + 4 + 2 = '	'9'	1	1680	1
1269886012600	1	PROB	'4 + 3 + 4 = '	'10'	0	2668	1
1269886015268	0	STOP
1269886400481	0	START
1269886401988	1	PROB	'9 + 7 + 3 = '	'19'	1	1680	1
1269886403714	1	PROB	'9 + 9 + 1 = '	'19'	1	1490	1
1269886405247	1	PROB	'8 + 1 + 5 = '	'14'	1	1684	1
1269886406979	1	PROB	'1 + 7 + 6 = '	'14'	1	1865	1
1269886408888	1	PROB	'6 + 5 + 4 = '	'15'	1	1556	1
1269886410480	1	PROB	'2 + 2 + 8 = '	'12'	1	1380	1
1269886411896	1	PROB	'4 + 9 + 1 = '	'14'	1	1356	1
1269886413288	1	PROB	'1 + 8 + 6 = '	'15'	1	1564	1
1269886414888	1	PROB	'6 + 1 + 8 = '	'15'	1	1388	1
1269886416276	0	STOP
1269886420629	0	START
1269886421637	1	PROB	'7 + 3 + 8 = '	'18'	1	1551	1
1269886423237	1	PROB	'4 + 4 + 5 = '	'13'	1	2199	1
1269886425470	1	PROB	'1 + 9 + 5 = '	'15'	1	1542	1
1269886427054	1	PROB	'4 + 4 + 2 = '	'10'	1	1998	1
1269886429087	1	PROB	'1 + 7 + 1 = '	'9'	1	1629	1
1269886430753	1	PROB	'4 + 5 + 3 = '	'12'	1	1739	1
1269886432528	1	PROB	'3 + 4 + 9 = '	'16'	1	1860	1
1269886436629	0	STOP
1269886440636	0	START
1269886441594	1	PROB	'9 + 2 + 7 = '	'18'	1	2082	1
1269886443711	1	PROB	'2 + 2 + 2 = '	'6'	1	1509	1
1269886445261	1	PROB	'2 + 1 + 6 = '	'9'	1	1975	1
1269886447277	1	PROB	'8 + 1 + 2 = '	'11'	1	2063	1
1269886449377	1	PROB	'4 + 1 + 5 = '	'11'	0	3171	1
1269886452585	1	PROB	'2 + 4 + 3 = '	'9'	1	2811	1
1269886455396	0	STOP
1269886460802	0	START
1269886461876	1	PROB	'7 + 9 + 9 = '	'25'	1	3095	1
1269886465009	1	PROB	'5 + 8 + 6 = '	'19'	1	2187	1
1269886467242	1	PROB	'6 + 9 + 3 = '	'18'	1	3058	1
1269886470334	1	PROB	'3 + 8 + 4 = '	'15'	1	1653	1
1269886472034	1	PROB	'3 + 5 + 4 = '	'12'	1	3506	1
1269886475540	0	STOP
1269886481000	0	START
1269886482125	1	PROB	'5 + 9 + 9 = '	'23'	1	4463	1
1269886486624	1	PROB	'5 + 5 + 3 = '	'13'	1	1420	1
1269886488082	1	PROB	'4 + 2 + 9 = '	'15'	1	2034	1
1269886490166	1	PROB	'9 + 7 + 5 = '	'23'	0	3534	1
1269886493749	1	PROB	'8 + 1 + 8 = '	'17'	1	2575	1
1269886496324	0	STOP
1269886500840	0	START
1269886501981	1	PROB	'3 + 4 + 1 = '	'8'	1	1599	1
1269886503615	1	PROB	'5 + 9 + 4 = '	'18'	1	2989	1
1269886506639	1	PROB	'5 + 5 + 7 = '	'17'	1	1669	1
1269886508356	1	PROB	'7 + 7 + 1 = '	'15'	1	2096	1
1269886510489	1	PROB	'1 + 9 + 8 = '	'18'	1	1979	1
1269886512514	1	PROB	'8 + 4 + 6 = '	'18'	1	2481	1
1269886515031	1	PROB	'9 + 1 + 8 = '	'18'	1	1421	1
1269886516452	0	STOP
1269886520906	0	START
1269886521713	1	PROB	'2 + 4 + 5 = '	'11'	1	2067	1
1269886523822	1	PROB	'5 + 9 + 5 = '	'19'	1	1422	1
1269886525280	1	PROB	'9 + 4 + 6 = '	'19'	1	1884	1
1269886527205	1	PROB	'1 + 8 + 3 = '	'12'	1	3311	1
1269886530554	1	PROB	'6 + 6 + 8 = '	'20'	1	2258	1
1269886532863	1	PROB	'1 + 9 + 8 = '	'18'	1	1613	1
1269886534512	1	PROB	'6 + 3 + 7 = '	'16'	1	1828	1
1269886536340	0	STOP
1269886540746	0	START
1269886541887	1	PROB	'2 + 4 + 3 = '	'9'	1	2637	1
1269886544570	1	PROB	'1 + 4 + 4 = '	'9'	1	2058	1
1269886546670	1	PROB	'2 + 9 + 6 = '	'17'	1	1822	1
1269886548536	1	PROB	'4 + 3 + 7 = '	'14'	1	1588	1
1269886550161	1	PROB	'2 + 7 + 4 = '	'13'	1	1763	1
1269886551960	1	PROB	'9 + 9 + 8 = '	'26'	1	2268	1
1269886556746	0	STOP
1269886560628	0	START
1269886561660	1	PROB	'2 + 2 + 3 = '	'7'	1	1936	1
1269886563635	1	PROB	'9 + 3 + 5 = '	'17'	1	2073	1
1269886565743	1	PROB	'8 + 5 + 5 = '	'18'	1	5941	1
1269886571718	1	PROB	'5 + 5 + 2 = '	'12'	1	1454	1
1269886573210	1	PROB	'7 + 1 + 8 = '	'17'	0	2010	1
1269886575220	0	STOP
1269886580709	0	START
1269886581601	1	PROB	'1 + 2 + 6 = '	'9'	1	1947	1
1269886583584	1	PROB	'1 + 3 + 2 = '	'6'	1	3308	1
1269886586933	1	PROB	'2 + 1 + 7 = '	'10'	1	1703	1
1269886588675	1	PROB	'6 + 9 + 6 = '	'21'	1	2857	1
1269886591567	1	PROB	'5 + 5 + 3 = '	'13'	1	1285	1
1269886592892	1	PROB	'8 + 2 + 8 = '	'18'	1	1288	1
1269886594216	1	PROB	'7 + 9 + 2 = '	'18'	1	1956	1
1269886596172	0	STOP
1269886600691	0	START
1269886601591	1	PROB	'9 + 3 + 3 = '	'15'	1	3661	1
1269886605299	1	PROB	'6 + 2 + 5 = '	'13'	1	1921	1
1269886607257	1	PROB	'3 + 1 + 1 = '	'5'	1	1259	1
1269886608557	1	PROB	'2 + 9 + 1 = '	'12'	1	1495	1
1269886610090	1	PROB	'2 + 9 + 4 = '	'15'	1	2186	1
1269886612315	1	PROB	'2 + 7 + 8 = '	'17'	1	1961	1
1269886614315	1	PROB	'1 + 7 + 7 = '	'15'	1	1721	1
1269886616036	0	STOP
1269886620557	0	START
1269886621656	1	PROB	'1 + 7 + 1 = '	'9'	1	1388	1
1269886623081	1	PROB	'7 + 8 + 8 = '	'23'	1	3163	1
1269886626281	1	PROB	'2 + 2 + 4 = '	'9'	0	2315	1
1269886628631	1	PROB	'5 + 2 + 3 = '	'10'	1	2933	1
1269886631605	1	PROB	'8 + 6 + 1 = '	'15'	1	2175	1
1269886636557	0	STOP
1269886640639	0	START
1269886641521	1	PROB	'8 + 2 + 9 = '	'19'	1	1371	1
1269886642929	1	PROB	'6 + 2 + 4 = '	'12'	1	1603	1
1269886644571	1	PROB	'3 + 2 + 9 = '	'14'	1	2817	1
1269886647429	1	PROB	'3 + 1 + 2 = '	'6'	1	3127	1
1269886650596	1	PROB	'9 + 8 + 7 = '	'24'	1	2335	1
1269886652969	1	PROB	'9 + 6 + 1 = '	'16'	1	2115	1
1269886656639	0	STOP
1269886660570	0	START
1269886661511	1	PROB	'1 + 8 + 1 = '	'10'	1	1413	1
1269886662960	1	PROB	'7 + 1 + 5 = '	'13'	1	2052	1
1269886665061	1	PROB	'6 + 6 + 3 = '	'15'	1	2455	1
1269886667553	1	PROB	'2 + 3 + 2 = '	'7'	1	2059	1
1269886669653	1	PROB	'2 + 6 + 1 = '	'9'	1	2431	1
1269886672128	1	PROB	'7 + 1 + 2 = '	'9'	0	2004	1
1269886676569	0	STOP
1269886680536	0	START
1269886681702	1	PROB	'9 + 6 + 6 = '	'21'	1	2046	1
1269886683785	1	PROB	'1 + 3 + 6 = '	'10'	1	1795	1
1269886685618	1	PROB	'3 + 4 + 4 = '	'11'	1	1978	1
1269886687635	1	PROB	'8 + 4 + 9 = '	'21'	1	5617	1
1269886693301	1	PROB	'9 + 1 + 8 = '	'18'	1	1319	1
1269886694659	1	PROB	'1 + 1 + 1 = '	'3'	1	1017	1
1269886695676	0	STOP
1269886700518	0	START
1269886701592	1	PROB	'2 + 8 + 6 = '	'16'	1	1268	1
1269886702900	1	PROB	'1 + 8 + 5 = '	'14'	1	1632	1
1269886704567	1	PROB	'5 + 8 + 3 = '	'16'	1	2412	1
1269886707017	1	PROB	'2 + 4 + 1 = '	'7'	1	1755	1
1269886708816	1	PROB	'7 + 6 + 5 = '	'18'	1	1980	1
1269886710833	1	PROB	'1 + 8 + 4 = '	'13'	1	2027	1
1269886712899	1	PROB	'2 + 9 + 2 = '	'13'	1	2121	1
1269886715020	0	STOP
1269886720674	0	START
1269886721557	1	PROB	'4 + 3 + 8 = '	'15'	1	1799	2
1269886723390	1	PROB	'9 + 5 + 5 = '	'19'	1	1270	1
1269886724707	1	PROB	'8 + 7 + 6 = '	'21'	1	2217	1
1269886726964	1	PROB	'5 + 3 + 8 = '	'16'	1	1624	1
1269886728623	1	PROB	'2 + 9 + 8 = '	'19'	1	2477	1
1269886731140	1	PROB	'2 + 5 + 9 = '	'16'	1	1784	1
1269886732972	1	PROB	'9 + 8 + 3 = '	'20'	1	3248	1
1269886736220	0	STOP
1269886886279	0	START
1269886887478	1	PROB	'3 + 7 + 2 = '	'12'	1	1766	1
1269886889287	1	PROB	'8 + 5 + 8 = '	'21'	1	2445	1
1269886891778	1	PROB	'5 + 8 + 7 = '	'20'	1	2442	1
1269886894270	1	PROB	'4 + 4 + 8 = '	'16'	1	2094	1
1269886896411	1	PROB	'3 + 4 + 3 = '	'10'	1	2897	1
1269886899353	1	PROB	'7 + 8 + 9 = '	'24'	1	1939	1
1269886901292	0	STOP
1269887054225	0	START
1269887055341	1	PROB	'6 + 6 + 1 = '	'13'	1	1975	1
1269887057358	1	PROB	'5 + 6 + 1 = '	'12'	1	1878	1
1269887059274	1	PROB	'9 + 1 + 1 = '	'11'	1	1818	1
1269887061092	0	STOP
1269887147143	0	START
1269887148651	1	PROB	'9 + 1 + 5 = '	'15'	1	1417	1
1269887150118	1	PROB	'4 + 7 + 1 = '	'12'	1	2877	1
1269887153043	1	PROB	'3 + 6 + 4 = '	'13'	1	1417	1
1269887154460	0	STOP
1269887159301	0	START
1269887160267	1	PROB	'9 + 6 + 4 = '	'19'	1	2569	1
1269887162883	1	PROB	'3 + 4 + 6 = '	'13'	1	2017	1
1269887167301	0	STOP
1269887171492	0	START
1269887172574	1	PROB	'7 + 3 + 8 = '	'18'	1	1478	1
1269887174091	1	PROB	'1 + 2 + 7 = '	'10'	1	1561	1
1269887175699	1	PROB	'6 + 2 + 6 = '	'14'	1	2193	1
1269887179417	74	STOP
1269887183582	0	START
1269887184765	1	PROB	'8 + 9 + 8 = '	'23'	0	6383	1
1269887191148	0	STOP
1269887195781	0	START
1269887196856	1	PROB	'8 + 2 + 7 = '	'17'	1	1988	1
1269887198881	1	PROB	'3 + 5 + 8 = '	'16'	1	2027	1
1269887200955	1	PROB	'8 + 3 + 4 = '	'15'	1	1937	1
1269887202892	0	STOP
1269887208006	0	START
1269887208962	1	PROB	'2 + 3 + 2 = '	'7'	1	1667	1
1269887210663	1	PROB	'4 + 8 + 6 = '	'17'	0	2981	1
1269887216006	0	STOP
1269887219970	0	START
1269887220921	1	PROB	'3 + 1 + 7 = '	'11'	1	1563	1
1269887222529	1	PROB	'8 + 7 + 9 = '	'24'	1	1971	1
1269887224537	1	PROB	'3 + 5 + 6 = '	'14'	1	1563	1
1269887227970	0	STOP
1269887231970	0	START
1269887232778	1	PROB	'7 + 4 + 9 = '	'20'	1	1810	1
1269887234628	1	PROB	'5 + 2 + 1 = '	'10'	0	2792	1
1269887239969	0	STOP
1269887244136	0	START
1269887245086	1	PROB	'3 + 6 + 4 = '	'13'	1	1406	1
1269887246536	1	PROB	'3 + 8 + 2 = '	'13'	1	1316	1
1269887252136	0	STOP
1269887256144	0	START
1269887257118	1	PROB	'5 + 8 + 1 = '	'14'	1	2062	1
1269887259218	1	PROB	'6 + 7 + 5 = '	'18'	1	2978	1
1269887264143	0	STOP
1269887268260	0	START
1269887269259	1	PROB	'4 + 1 + 1 = '	'6'	1	2170	1
1269887271467	1	PROB	'2 + 6 + 3 = '	'11'	1	2617	1
1269887276260	0	STOP
1269887281792	0	START
1269887282866	1	PROB	'4 + 3 + 4 = '	'11'	1	1770	1
1269887284683	1	PROB	'3 + 5 + 2 = '	'10'	1	1801	1
1269887286533	1	PROB	'7 + 7 + 9 = '	'23'	1	2183	1
1269887288716	0	STOP
1269887293957	0	START
1269887295057	1	PROB	'9 + 7 + 2 = '	'18'	1	2443	1
1269887297549	1	PROB	'6 + 9 + 7 = '	'23'	0	3935	1
1269887301484	0	STOP
1269887305848	0	START
1269887306690	1	PROB	'1 + 4 + 6 = '	'11'	1	1850	1
1269887308589	1	PROB	'8 + 3 + 3 = '	'14'	1	3143	1
1269887313848	0	STOP
1269887319331	0	START
1269887320314	1	PROB	'5 + 7 + 4 = '	'16'	1	3018	2
1269887323380	1	PROB	'1 + 5 + 7 = '	'13'	1	1888	1
1269887325313	1	PROB	'2 + 8 + 1 = '	'11'	1	1427	1
1269887326740	0	STOP
1269887331297	0	START
1269887332163	1	PROB	'1 + 7 + 8 = '	'16'	1	1578	1
1269887333779	1	PROB	'8 + 9 + 5 = '	'22'	1	3954	1
1269887339297	0	STOP
1269887343454	0	START
1269887344279	1	PROB	'8 + 4 + 7 = '	'19'	1	2565	1
1269887346887	1	PROB	'4 + 9 + 4 = '	'17'	1	2445	1
1269887351454	0	STOP
1269888531979	0	E	Logging Ends
