1268265105774	0	B	Logging Begins
1268265105774	0	SESS_START	1
1268265190964	1	FR_PRES	0	COBBLER	335	-1	-1	-1268265190964	white	../fonts/Verdana.ttf	upper
1268265195139	1	FR_PRES	0	PRUNE	1134	-1	-1	-1268265195139	white	../fonts/Verdana.ttf	upper
1268265199347	1	FR_PRES	0	ATHLETE	52	-1	-1	-1268265199347	white	../fonts/Verdana.ttf	upper
1268265203455	1	FR_PRES	0	WAREHOUSE	1588	-1	-1	-1268265203455	white	../fonts/Verdana.ttf	upper
1268265207563	1	FR_PRES	0	THIMBLE	1458	-1	-1	-1268265207563	white	../fonts/Verdana.ttf	upper
1268265211771	1	FR_PRES	0	SPRINKLE	1359	-1	-1	-1268265211771	white	../fonts/Verdana.ttf	upper
1268265215679	1	FR_PRES	0	ALLIGATOR	16	-1	-1	-1268265215679	white	../fonts/Verdana.ttf	upper
1268265219879	1	FR_PRES	0	SUBMARINE	1398	-1	-1	-1268265219879	white	../fonts/Verdana.ttf	upper
1268265223878	1	FR_PRES	0	PUDDLE	1140	-1	-1	-1268265223878	white	../fonts/Verdana.ttf	upper
1268265227961	1	FR_PRES	0	THREAD	1460	-1	-1	-1268265227961	white	../fonts/Verdana.ttf	upper
1268265231811	1	FR_PRES	0	ANKLE	24	-1	-1	-1268265231811	white	../fonts/Verdana.ttf	upper
1268265235877	1	FR_PRES	0	HAY	693	-1	-1	-1268265235877	white	../fonts/Verdana.ttf	upper
1268265239986	1	FR_PRES	0	DORM	488	-1	-1	-1268265239986	white	../fonts/Verdana.ttf	upper
1268265244152	1	FR_PRES	0	PUZZLE	1146	-1	-1	-1268265244152	white	../fonts/Verdana.ttf	upper
1268265248177	1	FR_PRES	0	FARMER	553	-1	-1	-1268265248177	white	../fonts/Verdana.ttf	upper
1268265252301	1	FR_PRES	0	WALL	1582	-1	-1	-1268265252301	white	../fonts/Verdana.ttf	upper
1268265258143	1	REC_START
1268265366343	0	REST
1268265367851	1	FR_PRES	1	PISTOL	1075	-1	-1	-1268265367851	white	../fonts/Verdana.ttf	upper
1268265371826	1	FR_PRES	1	TRIGGER	1507	-1	-1	-1268265371826	white	../fonts/Verdana.ttf	upper
1268265375951	1	FR_PRES	1	MOON	914	-1	-1	-1268265375951	white	../fonts/Verdana.ttf	upper
1268265380043	1	FR_PRES	1	ATMOSPHERE	54	-1	-1	-1268265380043	white	../fonts/Verdana.ttf	upper
1268265384217	1	FR_PRES	1	SCENERY	1247	-1	-1	-1268265384217	white	../fonts/Verdana.ttf	upper
1268265388150	1	FR_PRES	1	DANCER	437	-1	-1	-1268265388150	white	../fonts/Verdana.ttf	upper
1268265392084	1	FR_PRES	1	MINK	897	-1	-1	-1268265392084	white	../fonts/Verdana.ttf	upper
1268265396099	1	FR_PRES	1	STY	1397	-1	-1	-1268265396099	white	../fonts/Verdana.ttf	upper
1268265400199	1	FR_PRES	1	MOOSE	915	-1	-1	-1268265400199	white	../fonts/Verdana.ttf	upper
1268265404315	1	FR_PRES	1	TUB	1514	-1	-1	-1268265404315	white	../fonts/Verdana.ttf	upper
1268265408248	1	FR_PRES	1	SUIT	1402	-1	-1	-1268265408248	white	../fonts/Verdana.ttf	upper
1268265412390	1	FR_PRES	1	DEER	444	-1	-1	-1268265412390	white	../fonts/Verdana.ttf	upper
1268265416215	1	FR_PRES	1	SURF	1412	-1	-1	-1268265416215	white	../fonts/Verdana.ttf	upper
1268265420423	1	FR_PRES	1	LANDSCAPE	799	-1	-1	-1268265420423	white	../fonts/Verdana.ttf	upper
1268265424497	1	FR_PRES	1	AUTHOR	61	-1	-1	-1268265424497	white	../fonts/Verdana.ttf	upper
1268265428455	1	FR_PRES	1	DIARY	460	-1	-1	-1268265428455	white	../fonts/Verdana.ttf	upper
1268265434122	1	REC_START
1268265520857	0	REST
1268265522365	1	FR_PRES	2	JACKET	747	-1	-1	-1268265522365	white	../fonts/Verdana.ttf	upper
1268265526282	1	FR_PRES	2	CUFF	423	-1	-1	-1268265526282	white	../fonts/Verdana.ttf	upper
1268265530398	1	FR_PRES	2	THORN	1459	-1	-1	-1268265530398	white	../fonts/Verdana.ttf	upper
1268265534423	1	FR_PRES	2	RICE	1190	-1	-1	-1268265534423	white	../fonts/Verdana.ttf	upper
1268265538314	1	FR_PRES	2	LAPEL	800	-1	-1	-1268265538314	white	../fonts/Verdana.ttf	upper
1268265542130	1	FR_PRES	2	BOUQUET	157	-1	-1	-1268265542130	white	../fonts/Verdana.ttf	upper
1268265545997	1	FR_PRES	2	STEWARDESS	1381	-1	-1	-1268265545997	white	../fonts/Verdana.ttf	upper
1268265550138	1	FR_PRES	2	BLOUSE	139	-1	-1	-1268265550138	white	../fonts/Verdana.ttf	upper
1268265554022	1	FR_PRES	2	SARDINE	1235	-1	-1	-1268265554022	white	../fonts/Verdana.ttf	upper
1268265558080	1	FR_PRES	2	SPOOL	1356	-1	-1	-1268265558080	white	../fonts/Verdana.ttf	upper
1268265562171	1	FR_PRES	2	DENIM	446	-1	-1	-1268265562171	white	../fonts/Verdana.ttf	upper
1268265566170	1	FR_PRES	2	LINT	826	-1	-1	-1268265566170	white	../fonts/Verdana.ttf	upper
1268265570137	1	FR_PRES	2	SHIRT	1287	-1	-1	-1268265570137	white	../fonts/Verdana.ttf	upper
1268265574236	1	FR_PRES	2	COLLAR	345	-1	-1	-1268265574236	white	../fonts/Verdana.ttf	upper
1268265578178	1	FR_PRES	2	BANQUET	86	-1	-1	-1268265578178	white	../fonts/Verdana.ttf	upper
1268265582119	1	FR_PRES	2	MOWER	928	-1	-1	-1268265582119	white	../fonts/Verdana.ttf	upper
1268265587686	1	REC_START
1268265678687	0	REST
1268265680195	1	FR_PRES	3	CAGE	218	-1	-1	-1268265680195	white	../fonts/Verdana.ttf	upper
1268265684328	1	FR_PRES	3	CHAMBER	277	-1	-1	-1268265684328	white	../fonts/Verdana.ttf	upper
1268265688361	1	FR_PRES	3	LIEUTENANT	818	-1	-1	-1268265688361	white	../fonts/Verdana.ttf	upper
1268265692536	1	FR_PRES	3	GORILLA	650	-1	-1	-1268265692536	white	../fonts/Verdana.ttf	upper
1268265696369	1	FR_PRES	3	MECHANIC	884	-1	-1	-1268265696369	white	../fonts/Verdana.ttf	upper
1268265700469	1	FR_PRES	3	BRAKE	166	-1	-1	-1268265700469	white	../fonts/Verdana.ttf	upper
1268265704344	1	FR_PRES	3	BUS	201	-1	-1	-1268265704344	white	../fonts/Verdana.ttf	upper
1268265708535	1	FR_PRES	3	TRUCK	1512	-1	-1	-1268265708535	white	../fonts/Verdana.ttf	upper
1268265712526	1	FR_PRES	3	ANIMAL	23	-1	-1	-1268265712526	white	../fonts/Verdana.ttf	upper
1268265716343	1	FR_PRES	3	MAGAZINE	853	-1	-1	-1268265716343	white	../fonts/Verdana.ttf	upper
1268265720234	1	FR_PRES	3	OATS	968	-1	-1	-1268265720234	white	../fonts/Verdana.ttf	upper
1268265724317	1	FR_PRES	3	GENERAL	630	-1	-1	-1268265724317	white	../fonts/Verdana.ttf	upper
1268265728459	1	FR_PRES	3	WITCH	1617	-1	-1	-1268265728459	white	../fonts/Verdana.ttf	upper
1268265732525	1	FR_PRES	3	OATMEAL	967	-1	-1	-1268265732525	white	../fonts/Verdana.ttf	upper
1268265736566	1	FR_PRES	3	PADDLE	1000	-1	-1	-1268265736566	white	../fonts/Verdana.ttf	upper
1268265740458	1	FR_PRES	3	STOOL	1386	-1	-1	-1268265740458	white	../fonts/Verdana.ttf	upper
1268265746391	1	REC_START
1268265987390	0	REST
1268265988898	1	FR_PRES	4	DOORBELL	487	1	0	1836	(0.57740000000000002, 0.41289999999999999, 1.0)	../fonts/amplitud.ttf	upper
1268265992865	1	FR_PRES	4	ROOSTER	1209	1	1	1957	(0.57740000000000002, 0.41289999999999999, 1.0)	../fonts/amplitud.ttf	upper
1268265997007	1	FR_PRES	4	SWITCH	1422	1	0	1151	(0.57740000000000002, 0.41289999999999999, 1.0)	../fonts/amplitud.ttf	upper
1268266001122	1	FR_PRES	4	LASER	801	1	0	2068	(0.57740000000000002, 0.41289999999999999, 1.0)	../fonts/amplitud.ttf	upper
1268266005205	1	FR_PRES	4	DOCUMENT	479	1	0	1129	(0.57740000000000002, 0.41289999999999999, 1.0)	../fonts/amplitud.ttf	upper
1268266009113	1	FR_PRES	4	MACHINE	852	1	0	1405	(0.57740000000000002, 0.41289999999999999, 1.0)	../fonts/amplitud.ttf	upper
1268266012963	1	FR_PRES	4	MEADOW	881	1	0	995	(0.57740000000000002, 0.41289999999999999, 1.0)	../fonts/amplitud.ttf	upper
1268266016846	1	FR_PRES	4	BURGLAR	200	1	1	1264	(0.57740000000000002, 0.41289999999999999, 1.0)	../fonts/amplitud.ttf	upper
1268266021047	1	FR_PRES	4	OUTLAW	989	1	1	1024	(0.57740000000000002, 0.41289999999999999, 1.0)	../fonts/amplitud.ttf	upper
1268266025055	1	FR_PRES	4	PIANO	1057	1	0	1223	(0.57740000000000002, 0.41289999999999999, 1.0)	../fonts/amplitud.ttf	upper
1268266028945	1	FR_PRES	4	CUSTARD	429	1	0	1229	(0.57740000000000002, 0.41289999999999999, 1.0)	../fonts/amplitud.ttf	upper
1268266032837	1	FR_PRES	4	PATROL	1027	1	0	1289	(0.57740000000000002, 0.41289999999999999, 1.0)	../fonts/amplitud.ttf	upper
1268266036903	1	FR_PRES	4	CUE	422	1	0	759	(0.57740000000000002, 0.41289999999999999, 1.0)	../fonts/amplitud.ttf	upper
1268266040994	1	FR_PRES	4	LILY	821	1	1	1188	(0.57740000000000002, 0.41289999999999999, 1.0)	../fonts/amplitud.ttf	upper
1268266045186	1	FR_PRES	4	COP	376	1	1	861	(0.57740000000000002, 0.41289999999999999, 1.0)	../fonts/amplitud.ttf	upper
1268266049377	1	FR_PRES	4	BOOT	150	1	0	941	(0.57740000000000002, 0.41289999999999999, 1.0)	../fonts/amplitud.ttf	upper
1268266055444	1	REC_START
1268266144645	0	REST
1268266146153	1	FR_PRES	5	MAILMAN	858	1	1	1493	(0.57740000000000002, 0.41289999999999999, 1.0)	../fonts/amplitud.ttf	upper
1268266150054	1	FR_PRES	5	BLACKBERRY	132	1	0	912	(0.57740000000000002, 0.41289999999999999, 1.0)	../fonts/amplitud.ttf	upper
1268266153895	1	FR_PRES	5	INSTRUCTOR	741	1	1	1383	(0.57740000000000002, 0.41289999999999999, 1.0)	../fonts/amplitud.ttf	upper
1268266157844	1	FR_PRES	5	STUDENT	1395	1	1	578	(0.57740000000000002, 0.41289999999999999, 1.0)	../fonts/amplitud.ttf	upper
1268266161661	1	FR_PRES	5	FEMALE	559	1	1	897	(0.57740000000000002, 0.41289999999999999, 1.0)	../fonts/amplitud.ttf	upper
1268266165735	1	FR_PRES	5	LOVER	846	1	1	671	(0.57740000000000002, 0.41289999999999999, 1.0)	../fonts/amplitud.ttf	upper
1268266169818	1	FR_PRES	5	DANDELION	438	1	1	724	(0.57740000000000002, 0.41289999999999999, 1.0)	../fonts/amplitud.ttf	upper
1268266173901	1	FR_PRES	5	PLIERS	1089	1	0	1081	(0.57740000000000002, 0.41289999999999999, 1.0)	../fonts/amplitud.ttf	upper
1268266177918	1	FR_PRES	5	DENTIST	447	1	0	616	(0.57740000000000002, 0.41289999999999999, 1.0)	../fonts/amplitud.ttf	upper
1268266182085	1	FR_PRES	5	LIZARD	834	1	1	962	(0.57740000000000002, 0.41289999999999999, 1.0)	../fonts/amplitud.ttf	upper
1268266186002	1	FR_PRES	5	SHIP	1286	1	0	996	(0.57740000000000002, 0.41289999999999999, 1.0)	../fonts/amplitud.ttf	upper
1268266189992	1	FR_PRES	5	SEA	1259	1	0	1670	(0.57740000000000002, 0.41289999999999999, 1.0)	../fonts/amplitud.ttf	upper
1268266194026	1	FR_PRES	5	TWEEZERS	1526	1	0	876	(0.57740000000000002, 0.41289999999999999, 1.0)	../fonts/amplitud.ttf	upper
1268266198059	1	FR_PRES	5	STEM	1376	1	1	1627	(0.57740000000000002, 0.41289999999999999, 1.0)	../fonts/amplitud.ttf	upper
1268266202133	1	FR_PRES	5	HEEL	700	1	0	721	(0.57740000000000002, 0.41289999999999999, 1.0)	../fonts/amplitud.ttf	upper
1268266206009	1	FR_PRES	5	WALRUS	1585	1	1	797	(0.57740000000000002, 0.41289999999999999, 1.0)	../fonts/amplitud.ttf	upper
1268266211708	1	REC_START
1268266302834	0	REST
1268266304342	1	FR_PRES	6	HOSTAGE	722	1	1	1464	(0.57740000000000002, 0.41289999999999999, 1.0)	../fonts/amplitud.ttf	upper
1268266308459	1	FR_PRES	6	VICTIM	1562	1	1	1315	(0.57740000000000002, 0.41289999999999999, 1.0)	../fonts/amplitud.ttf	upper
1268266312308	1	FR_PRES	6	DRESS	495	1	0	834	(0.57740000000000002, 0.41289999999999999, 1.0)	../fonts/amplitud.ttf	upper
1268266316291	1	FR_PRES	6	FORK	594	1	0	691	(0.57740000000000002, 0.41289999999999999, 1.0)	../fonts/amplitud.ttf	upper
1268266320308	1	FR_PRES	6	LUMBER	848	1	0	1226	(0.57740000000000002, 0.41289999999999999, 1.0)	../fonts/amplitud.ttf	upper
1268266324424	1	FR_PRES	6	FIGHTER	564	1	1	1286	(0.57740000000000002, 0.41289999999999999, 1.0)	../fonts/amplitud.ttf	upper
1268266328390	1	FR_PRES	6	TERMINAL	1450	1	0	1016	(0.57740000000000002, 0.41289999999999999, 1.0)	../fonts/amplitud.ttf	upper
1268266332299	1	FR_PRES	6	SWORD	1423	1	0	772	(0.57740000000000002, 0.41289999999999999, 1.0)	../fonts/amplitud.ttf	upper
1268266336432	1	FR_PRES	6	CONTRACTOR	369	1	1	1046	(0.57740000000000002, 0.41289999999999999, 1.0)	../fonts/amplitud.ttf	upper
1268266340323	1	FR_PRES	6	POLYESTER	1100	1	0	835	(0.57740000000000002, 0.41289999999999999, 1.0)	../fonts/amplitud.ttf	upper
1268266344189	1	FR_PRES	6	OBOE	969	1	0	1057	(0.57740000000000002, 0.41289999999999999, 1.0)	../fonts/amplitud.ttf	upper
1268266348172	1	FR_PRES	6	MULE	931	1	1	1146	(0.57740000000000002, 0.41289999999999999, 1.0)	../fonts/amplitud.ttf	upper
1268266352015	1	FR_PRES	6	SKYSCRAPER	1322	1	0	1016	(0.57740000000000002, 0.41289999999999999, 1.0)	../fonts/amplitud.ttf	upper
1268266355997	1	FR_PRES	6	KNIFE	785	1	0	1185	(0.57740000000000002, 0.41289999999999999, 1.0)	../fonts/amplitud.ttf	upper
1268266359838	1	FR_PRES	6	BIRD	129	1	1	768	(0.57740000000000002, 0.41289999999999999, 1.0)	../fonts/amplitud.ttf	upper
1268266363779	1	FR_PRES	6	FEATHER	557	1	0	891	(0.57740000000000002, 0.41289999999999999, 1.0)	../fonts/amplitud.ttf	upper
1268266369338	1	REC_START
1268266452265	0	REST
1268266453773	1	FR_PRES	7	ORGAN	984	1	1	1401	(0.57740000000000002, 0.41289999999999999, 1.0)	../fonts/amplitud.ttf	upper
1268266457981	1	FR_PRES	7	OTTER	986	1	1	833	(0.57740000000000002, 0.41289999999999999, 1.0)	../fonts/amplitud.ttf	upper
1268266461889	1	FR_PRES	7	COUNTRY	388	1	0	981	(0.57740000000000002, 0.41289999999999999, 1.0)	../fonts/amplitud.ttf	upper
1268266465797	1	FR_PRES	7	CONE	363	1	0	1298	(0.57740000000000002, 0.41289999999999999, 1.0)	../fonts/amplitud.ttf	upper
1268266469647	1	FR_PRES	7	BAND	78	1	1	895	(0.57740000000000002, 0.41289999999999999, 1.0)	../fonts/amplitud.ttf	upper
1268266473638	1	FR_PRES	7	IGLOO	734	1	0	696	(0.57740000000000002, 0.41289999999999999, 1.0)	../fonts/amplitud.ttf	upper
1268266477588	1	FR_PRES	7	SNACK	1331	1	0	890	(0.57740000000000002, 0.41289999999999999, 1.0)	../fonts/amplitud.ttf	upper
1268266481638	1	FR_PRES	7	UNICORN	1538	1	1	808	(0.57740000000000002, 0.41289999999999999, 1.0)	../fonts/amplitud.ttf	upper
1268266485454	1	FR_PRES	7	CARRIAGE	248	1	0	800	(0.57740000000000002, 0.41289999999999999, 1.0)	../fonts/amplitud.ttf	upper
1268266489570	1	FR_PRES	7	ROUGE	1213	1	0	1172	(0.57740000000000002, 0.41289999999999999, 1.0)	../fonts/amplitud.ttf	upper
1268266493420	1	FR_PRES	7	COSTUME	383	1	0	1370	(0.57740000000000002, 0.41289999999999999, 1.0)	../fonts/amplitud.ttf	upper
1268266497570	1	FR_PRES	7	MINER	896	1	1	1572	(0.57740000000000002, 0.41289999999999999, 1.0)	../fonts/amplitud.ttf	upper
1268266501386	1	FR_PRES	7	BALL	73	1	0	1452	(0.57740000000000002, 0.41289999999999999, 1.0)	../fonts/amplitud.ttf	upper
1268266505503	1	FR_PRES	7	CINNAMON	310	1	0	1039	(0.57740000000000002, 0.41289999999999999, 1.0)	../fonts/amplitud.ttf	upper
1268266509361	1	FR_PRES	7	PARSLEY	1016	1	0	1269	(0.57740000000000002, 0.41289999999999999, 1.0)	../fonts/amplitud.ttf	upper
1268266513385	1	FR_PRES	7	BEAVER	109	1	1	1654	(0.57740000000000002, 0.41289999999999999, 1.0)	../fonts/amplitud.ttf	upper
1268266519202	1	REC_START
1268266606862	0	REST
1268266608370	1	FR_PRES	8	QUAIL	1147	0	-999	3000	(0.42259999999999998, 0.58709999999999996, 0)	../fonts/zerothre.ttf	lower
1268266611395	1	SLOW_MSG
1268266614029	1	FR_PRES	8	RIB	1188	0	0	1521	(0.42259999999999998, 0.58709999999999996, 0)	../fonts/zerothre.ttf	lower
1268266618087	1	FR_PRES	8	SCARF	1246	0	1	1567	(0.42259999999999998, 0.58709999999999996, 0)	../fonts/zerothre.ttf	lower
1268266622079	1	FR_PRES	8	EDITORIAL	517	0	0	1423	(0.42259999999999998, 0.58709999999999996, 0)	../fonts/zerothre.ttf	lower
1268266625911	1	FR_PRES	8	RAG	1160	0	0	815	(0.42259999999999998, 0.58709999999999996, 0)	../fonts/zerothre.ttf	lower
1268266630028	1	FR_PRES	8	SHEPHERD	1283	0	1	1186	(0.42259999999999998, 0.58709999999999996, 0)	../fonts/zerothre.ttf	lower
1268266634185	1	FR_PRES	8	MAN	862	0	1	653	(0.42259999999999998, 0.58709999999999996, 0)	../fonts/zerothre.ttf	lower
1268266638118	1	FR_PRES	8	SKATE	1313	0	0	744	(0.42259999999999998, 0.58709999999999996, 0)	../fonts/zerothre.ttf	lower
1268266642168	1	FR_PRES	8	BUTCHER	203	0	0	822	(0.42259999999999998, 0.58709999999999996, 0)	../fonts/zerothre.ttf	lower
1268266646318	1	FR_PRES	8	EDITOR	516	0	1	1160	(0.42259999999999998, 0.58709999999999996, 0)	../fonts/zerothre.ttf	lower
1268266650426	1	FR_PRES	8	BAG	69	0	0	1228	(0.42259999999999998, 0.58709999999999996, 0)	../fonts/zerothre.ttf	lower
1268266654392	1	FR_PRES	8	SACK	1220	0	1	1510	(0.42259999999999998, 0.58709999999999996, 0)	../fonts/zerothre.ttf	lower
1268266658300	1	FR_PRES	8	GUARD	667	0	1	866	(0.42259999999999998, 0.58709999999999996, 0)	../fonts/zerothre.ttf	lower
1268266662450	1	FR_PRES	8	KNIGHT	786	0	1	629	(0.42259999999999998, 0.58709999999999996, 0)	../fonts/zerothre.ttf	lower
1268266666416	1	FR_PRES	8	FREEWAY	603	0	1	750	(0.42259999999999998, 0.58709999999999996, 0)	../fonts/zerothre.ttf	lower
1268266670241	1	FR_PRES	8	PAVEMENT	1028	0	1	1173	(0.42259999999999998, 0.58709999999999996, 0)	../fonts/zerothre.ttf	lower
1268266675816	1	REC_START
1268266764767	0	REST
1268266766276	1	FR_PRES	9	RADISH	1158	0	0	1146	(0.42259999999999998, 0.58709999999999996, 0)	../fonts/zerothre.ttf	lower
1268266770400	1	FR_PRES	9	PICTURE	1061	0	0	862	(0.42259999999999998, 0.58709999999999996, 0)	../fonts/zerothre.ttf	lower
1268266774375	1	FR_PRES	9	POWDER	1117	0	0	1087	(0.42259999999999998, 0.58709999999999996, 0)	../fonts/zerothre.ttf	lower
1268266778216	1	FR_PRES	9	THICKET	1455	0	0	1022	(0.42259999999999998, 0.58709999999999996, 0)	../fonts/zerothre.ttf	lower
1268266782416	1	FR_PRES	9	ROOT	1210	0	0	1102	(0.42259999999999998, 0.58709999999999996, 0)	../fonts/zerothre.ttf	lower
1268266786241	1	FR_PRES	9	BOWL	158	0	1	1822	(0.42259999999999998, 0.58709999999999996, 0)	../fonts/zerothre.ttf	lower
1268266790307	1	FR_PRES	9	COOKIE	374	0	0	931	(0.42259999999999998, 0.58709999999999996, 0)	../fonts/zerothre.ttf	lower
1268266794465	1	FR_PRES	9	LACE	792	0	0	845	(0.42259999999999998, 0.58709999999999996, 0)	../fonts/zerothre.ttf	lower
1268266798673	1	FR_PRES	9	HORSE	719	0	1	861	(0.42259999999999998, 0.58709999999999996, 0)	../fonts/zerothre.ttf	lower
1268266802581	1	FR_PRES	9	RANCH	1166	0	1	833	(0.42259999999999998, 0.58709999999999996, 0)	../fonts/zerothre.ttf	lower
1268266806614	1	FR_PRES	9	WASHCLOTH	1591	0	0	1080	(0.42259999999999998, 0.58709999999999996, 0)	../fonts/zerothre.ttf	lower
1268266810731	1	FR_PRES	9	FOOT	590	0	0	1539	(0.42259999999999998, 0.58709999999999996, 0)	../fonts/zerothre.ttf	lower
1268266814605	1	FR_PRES	9	SNEAKER	1334	0	0	2089	(0.42259999999999998, 0.58709999999999996, 0)	../fonts/zerothre.ttf	lower
1268266818522	1	FR_PRES	9	PHOTO	1055	0	0	612	(0.42259999999999998, 0.58709999999999996, 0)	../fonts/zerothre.ttf	lower
1268266822388	1	FR_PRES	9	NURSERY	964	0	1	1138	(0.42259999999999998, 0.58709999999999996, 0)	../fonts/zerothre.ttf	lower
1268266826263	1	FR_PRES	9	FELLOW	558	0	1	1911	(0.42259999999999998, 0.58709999999999996, 0)	../fonts/zerothre.ttf	lower
1268266832113	1	REC_START
1268266910849	0	REST
1268266912357	1	FR_PRES	10	BAIT	70	0	0	1161	(0.42259999999999998, 0.58709999999999996, 0)	../fonts/zerothre.ttf	lower
1268266916365	1	FR_PRES	10	PICKLE	1059	0	0	825	(0.42259999999999998, 0.58709999999999996, 0)	../fonts/zerothre.ttf	lower
1268266920323	1	FR_PRES	10	RAISIN	1163	0	0	748	(0.42259999999999998, 0.58709999999999996, 0)	../fonts/zerothre.ttf	lower
1268266924306	1	FR_PRES	10	LEMON	810	0	0	1044	(0.42259999999999998, 0.58709999999999996, 0)	../fonts/zerothre.ttf	lower
1268266928505	1	FR_PRES	10	TECHNICIAN	1443	0	1	1325	(0.42259999999999998, 0.58709999999999996, 0)	../fonts/zerothre.ttf	lower
1268266932372	1	FR_PRES	10	ANTEATER	26	0	1	1699	(0.42259999999999998, 0.58709999999999996, 0)	../fonts/zerothre.ttf	lower
1268266936430	1	FR_PRES	10	PAW	1029	0	0	1136	(0.42259999999999998, 0.58709999999999996, 0)	../fonts/zerothre.ttf	lower
1268266940313	1	FR_PRES	10	KITTEN	780	0	0	965	(0.42259999999999998, 0.58709999999999996, 0)	../fonts/zerothre.ttf	lower
1268266944146	1	FR_PRES	10	CREATURE	403	0	0	1036	(0.42259999999999998, 0.58709999999999996, 0)	../fonts/zerothre.ttf	lower
1268266948129	1	FR_PRES	10	DISH	474	0	0	958	(0.42259999999999998, 0.58709999999999996, 0)	../fonts/zerothre.ttf	lower
1268266952063	1	FR_PRES	10	SEAL	1262	0	0	783	(0.42259999999999998, 0.58709999999999996, 0)	../fonts/zerothre.ttf	lower
1268266955945	1	FR_PRES	10	OCTOPUS	971	0	1	1565	(0.42259999999999998, 0.58709999999999996, 0)	../fonts/zerothre.ttf	lower
1268266960096	1	FR_PRES	10	HEAD	695	0	1	1454	(0.42259999999999998, 0.58709999999999996, 0)	../fonts/zerothre.ttf	lower
1268266964004	1	FR_PRES	10	BANDANNA	80	0	0	914	(0.42259999999999998, 0.58709999999999996, 0)	../fonts/zerothre.ttf	lower
1268266967861	1	FR_PRES	10	VOLCANO	1575	0	1	969	(0.42259999999999998, 0.58709999999999996, 0)	../fonts/zerothre.ttf	lower
1268266971969	1	FR_PRES	10	KETCHUP	771	0	0	1245	(0.42259999999999998, 0.58709999999999996, 0)	../fonts/zerothre.ttf	lower
1268266977661	1	REC_START
1268267056246	0	REST
1268267057754	1	FR_PRES	11	MALL	860	0	1	948	(0.42259999999999998, 0.58709999999999996, 0)	../fonts/zerothre.ttf	lower
1268267061862	1	FR_PRES	11	HANGER	687	0	1	1296	(0.42259999999999998, 0.58709999999999996, 0)	../fonts/zerothre.ttf	lower
1268267065887	1	FR_PRES	11	ATTIRE	57	0	0	1447	(0.42259999999999998, 0.58709999999999996, 0)	../fonts/zerothre.ttf	lower
1268267069987	1	FR_PRES	11	VACUUM	1543	0	1	955	(0.42259999999999998, 0.58709999999999996, 0)	../fonts/zerothre.ttf	lower
1268267074046	1	FR_PRES	11	PLATE	1086	0	0	2120	(0.42259999999999998, 0.58709999999999996, 0)	../fonts/zerothre.ttf	lower
1268267078046	1	FR_PRES	11	LOBSTER	837	0	0	728	(0.42259999999999998, 0.58709999999999996, 0)	../fonts/zerothre.ttf	lower
1268267082186	1	FR_PRES	11	SHINGLE	1285	0	0	1308	(0.42259999999999998, 0.58709999999999996, 0)	../fonts/zerothre.ttf	lower
1268267086236	1	FR_PRES	11	CABIN	211	0	1	1018	(0.42259999999999998, 0.58709999999999996, 0)	../fonts/zerothre.ttf	lower
1268267090369	1	FR_PRES	11	NAIL	936	0	0	877	(0.42259999999999998, 0.58709999999999996, 0)	../fonts/zerothre.ttf	lower
1268267094385	1	FR_PRES	11	CHAIN	273	0	0	1173	(0.42259999999999998, 0.58709999999999996, 0)	../fonts/zerothre.ttf	lower
1268267098201	1	FR_PRES	11	UNDERWEAR	1537	0	0	789	(0.42259999999999998, 0.58709999999999996, 0)	../fonts/zerothre.ttf	lower
1268267102201	1	FR_PRES	11	STADIUM	1364	0	1	709	(0.42259999999999998, 0.58709999999999996, 0)	../fonts/zerothre.ttf	lower
1268267106109	1	FR_PRES	11	CHECK	284	0	0	753	(0.42259999999999998, 0.58709999999999996, 0)	../fonts/zerothre.ttf	lower
1268267110192	1	FR_PRES	11	WOMAN	1620	0	1	918	(0.42259999999999998, 0.58709999999999996, 0)	../fonts/zerothre.ttf	lower
1268267114000	1	FR_PRES	11	BASKETBALL	96	0	0	814	(0.42259999999999998, 0.58709999999999996, 0)	../fonts/zerothre.ttf	lower
1268267117858	1	FR_PRES	11	COIN	343	0	0	660	(0.42259999999999998, 0.58709999999999996, 0)	../fonts/zerothre.ttf	lower
1268267123800	1	REC_START
1268267199402	1	REST
1268267662761	1	FR_PRES	12	ROACH	1195	0	0	2254	(0.42259999999999998, 0.58709999999999996, 0)	../fonts/zerothre.ttf	lower
1268267666877	1	FR_PRES	12	RAFT	1159	0	1	1481	(0.42259999999999998, 0.58709999999999996, 0)	../fonts/zerothre.ttf	lower
1268267670860	1	FR_PRES	12	ALLEY	15	0	1	986	(0.42259999999999998, 0.58709999999999996, 0)	../fonts/zerothre.ttf	lower
1268267674701	1	FR_PRES	12	ANT	25	0	0	993	(0.42259999999999998, 0.58709999999999996, 0)	../fonts/zerothre.ttf	lower
1268267678551	1	FR_PRES	12	MOTH	920	1	1	2079	(0.57740000000000002, 0.41289999999999999, 1.0)	../fonts/amplitud.ttf	upper
1268267682692	1	FR_PRES	12	TICK	1463	1	1	1418	(0.57740000000000002, 0.41289999999999999, 1.0)	../fonts/amplitud.ttf	upper
1268267686667	1	FR_PRES	12	BRIDGE	174	1	0	2515	(0.57740000000000002, 0.41289999999999999, 1.0)	../fonts/amplitud.ttf	upper
1268267690700	1	FR_PRES	12	MOUSE	925	1	1	930	(0.57740000000000002, 0.41289999999999999, 1.0)	../fonts/amplitud.ttf	upper
1268267694708	1	FR_PRES	12	HANDCUFFS	685	1	0	1002	(0.57740000000000002, 0.41289999999999999, 1.0)	../fonts/amplitud.ttf	upper
1268267698625	1	FR_PRES	12	DAISY	435	1	1	957	(0.57740000000000002, 0.41289999999999999, 1.0)	../fonts/amplitud.ttf	upper
1268267702466	1	FR_PRES	12	TERMITE	1451	0	0	1605	(0.42259999999999998, 0.58709999999999996, 0)	../fonts/zerothre.ttf	lower
1268267706557	1	FR_PRES	12	POET	1095	0	1	2514	(0.42259999999999998, 0.58709999999999996, 0)	../fonts/zerothre.ttf	lower
1268267710657	1	FR_PRES	12	GAUZE	626	0	0	1501	(0.42259999999999998, 0.58709999999999996, 0)	../fonts/zerothre.ttf	lower
1268267714648	1	FR_PRES	12	STAKE	1368	0	1	2230	(0.42259999999999998, 0.58709999999999996, 0)	../fonts/zerothre.ttf	lower
1268267718748	1	FR_PRES	12	VAN	1548	1	0	1658	(0.57740000000000002, 0.41289999999999999, 1.0)	../fonts/amplitud.ttf	upper
1268267722831	1	FR_PRES	12	DASHBOARD	441	1	0	1639	(0.57740000000000002, 0.41289999999999999, 1.0)	../fonts/amplitud.ttf	upper
1268267728565	1	REC_START
1268267817733	0	REST
1268267819241	1	FR_PRES	13	BLOSSOM	138	1	-999	3000	(0.57740000000000002, 0.41289999999999999, 1.0)	../fonts/amplitud.ttf	upper
1268267822266	1	SLOW_MSG
1268267824882	1	FR_PRES	13	BEAD	103	1	0	1644	(0.57740000000000002, 0.41289999999999999, 1.0)	../fonts/amplitud.ttf	upper
1268267829008	1	FR_PRES	13	BEAN	105	1	0	1614	(0.57740000000000002, 0.41289999999999999, 1.0)	../fonts/amplitud.ttf	upper
1268267833066	1	FR_PRES	13	STRAW	1390	0	0	1332	(0.42259999999999998, 0.58709999999999996, 0)	../fonts/zerothre.ttf	lower
1268267836948	1	FR_PRES	13	MANAGER	863	0	1	1386	(0.42259999999999998, 0.58709999999999996, 0)	../fonts/zerothre.ttf	lower
1268267840964	1	FR_PRES	13	FOLLOWER	589	1	3	1594	(0.57740000000000002, 0.41289999999999999, 1.0)	../fonts/amplitud.ttf	upper
1268267842589	1	KEY_MSG
1268267845114	1	FR_PRES	13	EMERALD	528	1	0	1660	(0.57740000000000002, 0.41289999999999999, 1.0)	../fonts/amplitud.ttf	upper
1268267849172	1	FR_PRES	13	BOULEVARD	156	1	0	1154	(0.57740000000000002, 0.41289999999999999, 1.0)	../fonts/amplitud.ttf	upper
1268267853039	1	FR_PRES	13	CAR	241	1	0	1495	(0.57740000000000002, 0.41289999999999999, 1.0)	../fonts/amplitud.ttf	upper
1268267857121	1	FR_PRES	13	CLOWN	330	1	1	1037	(0.57740000000000002, 0.41289999999999999, 1.0)	../fonts/amplitud.ttf	upper
1268267861213	1	FR_PRES	13	TULIP	1517	0	0	1561	(0.42259999999999998, 0.58709999999999996, 0)	../fonts/zerothre.ttf	lower
1268267865262	1	FR_PRES	13	PONY	1102	0	1	1240	(0.42259999999999998, 0.58709999999999996, 0)	../fonts/zerothre.ttf	lower
1268267869121	1	FR_PRES	13	LEOPARD	812	0	1	1149	(0.42259999999999998, 0.58709999999999996, 0)	../fonts/zerothre.ttf	lower
1268267873154	1	FR_PRES	13	POSSUM	1112	0	1	996	(0.42259999999999998, 0.58709999999999996, 0)	../fonts/zerothre.ttf	lower
1268267877046	1	FR_PRES	13	RACCOON	1153	0	0	2160	(0.42259999999999998, 0.58709999999999996, 0)	../fonts/zerothre.ttf	lower
1268267880878	1	FR_PRES	13	BROCCOLI	176	0	0	1904	(0.42259999999999998, 0.58709999999999996, 0)	../fonts/zerothre.ttf	lower
1268267886903	1	REC_START
1268267980213	0	REST
1268267981712	1	FR_PRES	14	PATH	1023	0	1	1822	(0.42259999999999998, 0.58709999999999996, 0)	../fonts/zerothre.ttf	lower
1268267985845	1	FR_PRES	14	PRESIDENT	1121	0	1	1105	(0.42259999999999998, 0.58709999999999996, 0)	../fonts/zerothre.ttf	lower
1268267989837	1	FR_PRES	14	TYPEWRITER	1531	1	0	1713	(0.57740000000000002, 0.41289999999999999, 1.0)	../fonts/amplitud.ttf	upper
1268267993936	1	FR_PRES	14	SHOULDER	1294	1	0	1151	(0.57740000000000002, 0.41289999999999999, 1.0)	../fonts/amplitud.ttf	upper
1268267997811	1	FR_PRES	14	ARM	38	1	0	2260	(0.57740000000000002, 0.41289999999999999, 1.0)	../fonts/amplitud.ttf	upper
1268268001794	1	FR_PRES	14	FORT	595	1	-999	3000	(0.57740000000000002, 0.41289999999999999, 1.0)	../fonts/amplitud.ttf	upper
1268268004819	1	SLOW_MSG
1268268007360	1	FR_PRES	14	MONGOOSE	909	0	1	1598	(0.42259999999999998, 0.58709999999999996, 0)	../fonts/zerothre.ttf	lower
1268268011177	1	FR_PRES	14	BLUEJAY	141	0	0	1878	(0.42259999999999998, 0.58709999999999996, 0)	../fonts/zerothre.ttf	lower
1268268015343	1	FR_PRES	14	CHICKEN	297	0	0	1343	(0.42259999999999998, 0.58709999999999996, 0)	../fonts/zerothre.ttf	lower
1268268019168	1	FR_PRES	14	COLESLAW	344	0	0	1702	(0.42259999999999998, 0.58709999999999996, 0)	../fonts/zerothre.ttf	lower
1268268023159	1	FR_PRES	14	PURSE	1145	1	0	1823	(0.57740000000000002, 0.41289999999999999, 1.0)	../fonts/amplitud.ttf	upper
1268268027151	1	FR_PRES	14	COMMANDER	354	1	1	1103	(0.57740000000000002, 0.41289999999999999, 1.0)	../fonts/amplitud.ttf	upper
1268268030992	1	FR_PRES	14	PUBLICATION	1136	1	0	1262	(0.57740000000000002, 0.41289999999999999, 1.0)	../fonts/amplitud.ttf	upper
1268268034892	1	FR_PRES	14	CURB	426	1	0	1066	(0.57740000000000002, 0.41289999999999999, 1.0)	../fonts/amplitud.ttf	upper
1268268038833	1	FR_PRES	14	FAUCET	555	0	0	1293	(0.42259999999999998, 0.58709999999999996, 0)	../fonts/zerothre.ttf	lower
1268268042841	1	FR_PRES	14	DIAMOND	458	0	0	1285	(0.42259999999999998, 0.58709999999999996, 0)	../fonts/zerothre.ttf	lower
1268268048658	1	REC_START
1268268130977	0	REST
1268268132485	1	FR_PRES	15	GLOBE	641	1	0	1570	(0.57740000000000002, 0.41289999999999999, 1.0)	../fonts/amplitud.ttf	upper
1268268136518	1	FR_PRES	15	BOOK	149	1	0	1104	(0.57740000000000002, 0.41289999999999999, 1.0)	../fonts/amplitud.ttf	upper
1268268140717	1	FR_PRES	15	ESSAY	540	1	0	953	(0.57740000000000002, 0.41289999999999999, 1.0)	../fonts/amplitud.ttf	upper
1268268144901	1	FR_PRES	15	CROOK	412	0	0	1841	(0.42259999999999998, 0.58709999999999996, 0)	../fonts/zerothre.ttf	lower
1268268149076	1	FR_PRES	15	PALM	1007	0	0	794	(0.42259999999999998, 0.58709999999999996, 0)	../fonts/zerothre.ttf	lower
1268268153009	1	FR_PRES	15	STICKER	1382	0	0	1181	(0.42259999999999998, 0.58709999999999996, 0)	../fonts/zerothre.ttf	lower
1268268157026	1	FR_PRES	15	BANDIT	81	1	1	1476	(0.57740000000000002, 0.41289999999999999, 1.0)	../fonts/amplitud.ttf	upper
1268268160941	1	FR_PRES	15	ORNAMENT	985	1	0	1465	(0.57740000000000002, 0.41289999999999999, 1.0)	../fonts/amplitud.ttf	upper
1268268164816	1	FR_PRES	15	DUNGEON	507	1	0	1590	(0.57740000000000002, 0.41289999999999999, 1.0)	../fonts/amplitud.ttf	upper
1268268168974	1	FR_PRES	15	INMATE	738	0	1	1536	(0.42259999999999998, 0.58709999999999996, 0)	../fonts/zerothre.ttf	lower
1268268172957	1	FR_PRES	15	UNIVERSITY	1541	0	1	1161	(0.42259999999999998, 0.58709999999999996, 0)	../fonts/zerothre.ttf	lower
1268268176856	1	FR_PRES	15	JUNGLE	764	0	1	926	(0.42259999999999998, 0.58709999999999996, 0)	../fonts/zerothre.ttf	lower
1268268180715	1	FR_PRES	15	LUNCH	849	0	0	1387	(0.42259999999999998, 0.58709999999999996, 0)	../fonts/zerothre.ttf	lower
1268268184673	1	FR_PRES	15	CHIP	303	0	0	885	(0.42259999999999998, 0.58709999999999996, 0)	../fonts/zerothre.ttf	lower
1268268188631	1	FR_PRES	15	PASSENGER	1020	1	1	1791	(0.57740000000000002, 0.41289999999999999, 1.0)	../fonts/amplitud.ttf	upper
1268268192805	1	FR_PRES	15	CATERPILLAR	259	1	1	1185	(0.57740000000000002, 0.41289999999999999, 1.0)	../fonts/amplitud.ttf	upper
1268268198422	1	REC_START
1268268285490	0	FFR_START
1268268291050	1	REC_START
1268268685753	0	RECOG_START
1268268685754	1	REC_START
1268268685786	0	RECOG_PRES	0	DOVE	491	-999	P	3036
1268268689194	0	RECOG_CR_PRES	0	DOVE	491	-999	P	1821
1268268691419	1	RECOG_FEEDBACK	0
1268268692136	0	RECOG_PRES	0	DOUGHNUT	490	-999	P	1935
1268268694444	0	RECOG_CR_PRES	0	DOUGHNUT	490	-999	P	1258
1268268696086	1	RECOG_FEEDBACK	1
1268268696802	0	RECOG_PRES	0	BUILDER	190	-999	P	1891
1268268699086	0	RECOG_CR_PRES	0	BUILDER	190	-999	P	1376
1268268700827	1	RECOG_FEEDBACK	1
1268268701635	0	RECOG_PRES	0	BOMB	147	-999	P	1891
1268268703901	0	RECOG_CR_PRES	0	BOMB	147	-999	P	1186
1268268705460	1	RECOG_FEEDBACK	1
1268268706168	0	RECOG_PRES	0	TIDE	1465	-999	P	1950
1268268708484	0	RECOG_CR_PRES	0	TIDE	1465	-999	P	1162
1268268710027	1	RECOG_FEEDBACK	1
1268268710784	0	RECOG_PRES	0	EMPIRE	530	-999	P	1422
1268268712576	0	RECOG_CR_PRES	0	EMPIRE	530	-999	P	1511
1268268714434	1	RECOG_FEEDBACK	1
1268268715151	0	RECOG_PRES	0	CHERRY	293	-999	P	1439
1268268716950	0	RECOG_CR_PRES	0	CHERRY	293	-999	P	1113
1268268718417	1	RECOG_FEEDBACK	1
1268268719184	0	RECOG_PRES	0	FINGER	567	-999	P	1598
1268268721158	0	RECOG_CR_PRES	0	FINGER	567	-999	P	1232
1268268722742	1	RECOG_FEEDBACK	1
1268268723500	0	RECOG_PRES	0	EDITOR	516	-999	P	2050
1268268725925	0	RECOG_CR_PRES	0	EDITOR	516	-999	P	1401
1268268727683	1	RECOG_FEEDBACK	1
1268268728408	0	RECOG_PRES	0	AUTHOR	61	-999	P	1534
1268268730316	0	RECOG_CR_PRES	0	AUTHOR	61	-999	P	1338
1268268731991	1	RECOG_FEEDBACK	1
1268268732783	0	RECOG_PRES	0	ROOT	1210	-999	P	1815
1268268734974	0	RECOG_CR_PRES	0	ROOT	1210	-999	P	1000
1268268736316	1	RECOG_FEEDBACK	1
1268268737058	0	RECOG_PRES	0	POWDER	1117	-999	P	1516
1268268738949	0	RECOG_CR_PRES	0	POWDER	1117	-999	P	1098
1268268740390	1	RECOG_FEEDBACK	1
1268268741149	0	RECOG_PRES	0	MOTH	920	-999	P	1841
1268268743390	0	RECOG_CR_PRES	0	MOTH	920	-999	P	896
1268268744615	1	RECOG_FEEDBACK	1
1268268745382	0	RECOG_PRES	0	STAPLER	1372	-999	P	1625
1268268747382	0	RECOG_CR_PRES	0	STAPLER	1372	-999	P	840
1268268748565	1	RECOG_FEEDBACK	1
1268268749281	0	RECOG_PRES	0	BOULEVARD	156	-999	P	1693
1268268751348	0	RECOG_CR_PRES	0	BOULEVARD	156	-999	P	794
1268268752456	1	RECOG_FEEDBACK	1
1268268753231	0	RECOG_PRES	0	TECHNICIAN	1443	-999	P	1103
1268268754706	0	RECOG_CR_PRES	0	TECHNICIAN	1443	-999	P	964
1268268755981	1	RECOG_FEEDBACK	1
1268268756781	0	RECOG_PRES	0	CRAB	397	-999	P	1625
1268268758772	0	RECOG_CR_PRES	0	CRAB	397	-999	P	682
1268268759789	1	RECOG_FEEDBACK	1
1268268760556	0	RECOG_PRES	0	KETCHUP	771	-999	P	1459
1268268762389	0	RECOG_CR_PRES	0	KETCHUP	771	-999	P	801
1268268763530	1	RECOG_FEEDBACK	1
1268268764247	0	RECOG_PRES	0	SNACK	1331	-999	P	1455
1268268766065	0	RECOG_CR_PRES	0	SNACK	1331	-999	P	701
1268268767097	1	RECOG_FEEDBACK	1
1268268767847	0	RECOG_PRES	0	SPRINKLE	1359	-999	P	1375
1268268769597	0	RECOG_CR_PRES	0	SPRINKLE	1359	-999	P	713
1268268770630	1	RECOG_FEEDBACK	0
1268268799320	0	REST
1268268800136	1	REC_START
1268268800169	0	RECOG_PRES	1	PIGEON	1065	-999	P	1445
1268268801986	0	RECOG_CR_PRES	1	PIGEON	1065	-999	P	1284
1268268803611	1	RECOG_FEEDBACK	0
1268268804327	0	RECOG_PRES	1	KNOT	788	-999	P	1591
1268268806294	0	RECOG_CR_PRES	1	KNOT	788	-999	P	761
1268268807386	1	RECOG_FEEDBACK	1
1268268808160	0	RECOG_PRES	1	BOUQUET	157	-999	P	1806
1268268810335	0	RECOG_CR_PRES	1	BOUQUET	157	-999	P	927
1268268811585	1	RECOG_FEEDBACK	1
1268268812352	0	RECOG_PRES	1	RACCOON	1153	-999	P	1270
1268268813993	0	RECOG_CR_PRES	1	RACCOON	1153	-999	P	877
1268268815210	1	RECOG_FEEDBACK	1
1268268815993	0	RECOG_PRES	1	CHAIN	273	-999	P	1533
1268268817901	0	RECOG_CR_PRES	1	CHAIN	273	-999	P	849
1268268819086	1	RECOG_FEEDBACK	1
1268268819801	0	RECOG_PRES	1	CLOWN	330	-999	P	1325
1268268821501	0	RECOG_CR_PRES	1	CLOWN	330	-999	P	689
1268268822501	1	RECOG_FEEDBACK	0
1268268823234	0	RECOG_PRES	1	NAPKIN	937	-999	P	1773
1268268825376	0	RECOG_CR_PRES	1	NAPKIN	937	-999	P	642
1268268826368	1	RECOG_FEEDBACK	1
1268268827101	0	RECOG_PRES	1	TAIL	1430	-999	P	1409
1268268828884	0	RECOG_CR_PRES	1	TAIL	1430	-999	P	1234
1268268830434	1	RECOG_FEEDBACK	1
1268268831150	0	RECOG_PRES	1	KEYBOARD	774	-999	P	1328
1268268832850	0	RECOG_CR_PRES	1	KEYBOARD	774	-999	P	940
1268268834100	1	RECOG_FEEDBACK	1
1268268834842	0	RECOG_PRES	1	PISTOL	1075	-999	P	1068
1268268836283	0	RECOG_CR_PRES	1	PISTOL	1075	-999	P	859
1268268837467	1	RECOG_FEEDBACK	1
1268268838250	0	RECOG_PRES	1	HAY	693	-999	P	1068
1268268839692	0	RECOG_CR_PRES	1	HAY	693	-999	P	1266
1268268841266	1	RECOG_FEEDBACK	1
1268268842000	0	RECOG_PRES	1	MUSHROOM	934	-999	P	1110
1268268843483	0	RECOG_CR_PRES	1	MUSHROOM	934	-999	P	588
1268268844375	1	RECOG_FEEDBACK	1
1268268845149	0	RECOG_PRES	1	BANDIT	81	-999	P	833
1268268846383	0	RECOG_CR_PRES	1	BANDIT	81	-999	P	775
1268268847433	1	RECOG_FEEDBACK	1
1268268848249	0	RECOG_PRES	1	MINER	896	-999	P	1021
1268268849632	0	RECOG_CR_PRES	1	MINER	896	-999	P	638
1268268850574	1	RECOG_FEEDBACK	1
1268268851357	0	RECOG_PRES	1	COIN	343	-999	P	1313
1268268853033	0	RECOG_CR_PRES	1	COIN	343	-999	P	565
1268268853907	1	RECOG_FEEDBACK	0
1268268854682	0	RECOG_PRES	1	PICTURE	1061	-999	P	1060
1268268856115	0	RECOG_CR_PRES	1	PICTURE	1061	-999	P	491
1268268856899	1	RECOG_FEEDBACK	1
1268268857690	0	RECOG_PRES	1	BOOT	150	-999	P	724
1268268858790	0	RECOG_CR_PRES	1	BOOT	150	-999	P	608
1268268859640	1	RECOG_FEEDBACK	-1
1268268860390	0	RECOG_PRES	1	CLIFF	322	-999	P	2384
1268268863148	0	RECOG_CR_PRES	1	CLIFF	322	-999	P	947
1268268864440	1	RECOG_FEEDBACK	1
1268268865215	0	RECOG_PRES	1	BASKET	95	-999	P	2463
1268268868040	0	RECOG_CR_PRES	1	BASKET	95	-999	P	1358
1268268869798	1	RECOG_FEEDBACK	0
1268268870539	0	RECOG_PRES	1	FIN	566	-999	P	2107
1268268873015	0	RECOG_CR_PRES	1	FIN	566	-999	P	511
1268268873881	1	RECOG_FEEDBACK	0
1268268881522	0	REST
1268268882525	1	REC_START
1268268882555	0	RECOG_PRES	2	MOUSE	925	-999	P	1403
1268268884330	0	RECOG_CR_PRES	2	MOUSE	925	-999	P	701
1268268885380	1	RECOG_FEEDBACK	1
1268268886138	0	RECOG_PRES	2	CONTAINER	366	-999	P	1428
1268268887938	0	RECOG_CR_PRES	2	CONTAINER	366	-999	P	620
1268268888888	1	RECOG_FEEDBACK	1
1268268889663	0	RECOG_PRES	2	COMMANDER	354	-999	P	1695
1268268891729	0	RECOG_CR_PRES	2	COMMANDER	354	-999	P	693
1268268892779	1	RECOG_FEEDBACK	1
1268268893538	0	RECOG_PRES	2	HEAD	695	-999	P	1020
1268268894929	0	RECOG_CR_PRES	2	HEAD	695	-999	P	701
1268268895937	1	RECOG_FEEDBACK	1
1268268896729	0	RECOG_PRES	2	WALNUT	1584	-999	P	1261
1268268898362	0	RECOG_CR_PRES	2	WALNUT	1584	-999	P	580
1268268899262	1	RECOG_FEEDBACK	1
1268268899970	0	RECOG_PRES	2	DRIVEWAY	500	-999	P	1316
1268268901662	0	RECOG_CR_PRES	2	DRIVEWAY	500	-999	P	624
1268268902620	1	RECOG_FEEDBACK	0
1268268903337	0	RECOG_PRES	2	LIEUTENANT	818	-999	P	1061
1268268904770	0	RECOG_CR_PRES	2	LIEUTENANT	818	-999	P	828
1268268905903	1	RECOG_FEEDBACK	1
1268268906670	0	RECOG_PRES	2	ROSE	1212	-999	P	1480
1268268908520	0	RECOG_CR_PRES	2	ROSE	1212	-999	P	598
1268268909445	1	RECOG_FEEDBACK	0
1268268910170	0	RECOG_PRES	2	DIAL	457	-999	P	1428
1268268911970	0	RECOG_CR_PRES	2	DIAL	457	-999	P	640
1268268912928	1	RECOG_FEEDBACK	1
1268268913694	0	RECOG_PRES	2	TROPHY	1509	-999	P	1232
1268268915303	0	RECOG_CR_PRES	2	TROPHY	1509	-999	P	591
1268268916203	1	RECOG_FEEDBACK	1
1268268916936	0	RECOG_PRES	2	ROUGE	1213	-999	P	1430
1268268918744	0	RECOG_CR_PRES	2	ROUGE	1213	-999	P	614
1268268919677	1	RECOG_FEEDBACK	1
1268268920419	0	RECOG_PRES	2	NURSERY	964	-999	P	1355
1268268922144	0	RECOG_CR_PRES	2	NURSERY	964	-999	P	630
1268268923095	1	RECOG_FEEDBACK	1
1268268923852	0	RECOG_PRES	2	COLESLAW	344	-999	P	1026
1268268925252	0	RECOG_CR_PRES	2	COLESLAW	344	-999	P	722
1268268926269	1	RECOG_FEEDBACK	1
1268268926993	0	RECOG_PRES	2	STY	1397	-999	P	1333
1268268928693	0	RECOG_CR_PRES	2	STY	1397	-999	P	689
1268268929693	1	RECOG_FEEDBACK	1
1268268930452	0	RECOG_PRES	2	CUFF	423	-999	P	1146
1268268931968	0	RECOG_CR_PRES	2	CUFF	423	-999	P	702
1268268932993	1	RECOG_FEEDBACK	1
1268268933776	0	RECOG_PRES	2	GARAGE	621	-999	P	1774
1268268935926	0	RECOG_CR_PRES	2	GARAGE	621	-999	P	736
1268268936984	1	RECOG_FEEDBACK	1
1268268937768	0	RECOG_PRES	2	MONGOOSE	909	-999	P	1462
1268268939601	0	RECOG_CR_PRES	2	MONGOOSE	909	-999	P	541
1268268940451	1	RECOG_FEEDBACK	0
1268268941192	0	RECOG_PRES	2	EMPEROR	529	-999	P	1078
1268268942642	0	RECOG_CR_PRES	2	EMPEROR	529	-999	P	612
1268268943567	1	RECOG_FEEDBACK	0
1268268944359	0	RECOG_PRES	2	MONUMENT	913	-999	P	1199
1268268945925	0	RECOG_CR_PRES	2	MONUMENT	913	-999	P	817
1268268947060	1	RECOG_FEEDBACK	0
1268268947875	0	RECOG_PRES	2	BRIDGE	174	-999	P	1067
1268268949317	0	RECOG_CR_PRES	2	BRIDGE	174	-999	P	642
1268268950300	1	RECOG_FEEDBACK	1
1268268957009	0	REST
1268268957945	1	REC_START
1268268957983	0	RECOG_PRES	3	ASTRONAUT	51	-999	P	1703
1268268960050	0	RECOG_CR_PRES	3	ASTRONAUT	51	-999	P	572
1268268960933	1	RECOG_FEEDBACK	1
1268268961666	0	RECOG_PRES	3	EDITORIAL	517	-999	P	1397
1268268963432	0	RECOG_CR_PRES	3	EDITORIAL	517	-999	P	599
1268268964332	1	RECOG_FEEDBACK	1
1268268965132	0	RECOG_PRES	3	LINT	826	-999	P	1770
1268268967274	0	RECOG_CR_PRES	3	LINT	826	-999	P	556
1268268968149	1	RECOG_FEEDBACK	1
1268268968940	0	RECOG_PRES	3	WORM	1623	-999	P	1034
1268268970349	0	RECOG_CR_PRES	3	WORM	1623	-999	P	521
1268268971149	1	RECOG_FEEDBACK	1
1268268971882	0	RECOG_PRES	3	MAN	862	-999	P	1092
1268268973348	0	RECOG_CR_PRES	3	MAN	862	-999	P	546
1268268974198	1	RECOG_FEEDBACK	1
1268268974940	0	RECOG_PRES	3	SUNSET	1408	-999	P	1290
1268268976607	0	RECOG_CR_PRES	3	SUNSET	1408	-999	P	999
1268268977865	1	RECOG_FEEDBACK	-1
1268268978598	0	RECOG_PRES	3	WAREHOUSE	1588	-999	P	1168
1268268980140	0	RECOG_CR_PRES	3	WAREHOUSE	1588	-999	P	1114
1268268981498	1	RECOG_FEEDBACK	-1
1268268982215	0	RECOG_PRES	3	BACK	65	-999	P	2783
1268268985373	0	RECOG_CR_PRES	3	BACK	65	-999	P	1265
1268268987106	1	RECOG_FEEDBACK	0
1268268987872	0	RECOG_PRES	3	BULLETIN	195	-999	P	2262
1268268990506	0	RECOG_CR_PRES	3	BULLETIN	195	-999	P	636
1268268991514	1	RECOG_FEEDBACK	1
1268268992230	0	RECOG_PRES	3	FARM	552	-999	P	1408
1268268994006	0	RECOG_CR_PRES	3	FARM	552	-999	P	720
1268268995048	1	RECOG_FEEDBACK	0
1268268995822	0	RECOG_PRES	3	TROUSERS	1510	-999	P	1304
1268268997488	0	RECOG_CR_PRES	3	TROUSERS	1510	-999	P	543
1268268998338	1	RECOG_FEEDBACK	1
1268268999056	0	RECOG_PRES	3	VACUUM	1543	-999	P	1590
1268269001014	0	RECOG_CR_PRES	3	VACUUM	1543	-999	P	888
1268269002221	1	RECOG_FEEDBACK	1
1268269002955	0	RECOG_PRES	3	ARTIST	43	-999	P	1227
1268269004555	0	RECOG_CR_PRES	3	ARTIST	43	-999	P	947
1268269005796	1	RECOG_FEEDBACK	1
1268269006554	0	RECOG_PRES	3	HELICOPTER	701	-999	P	2356
1268269009279	0	RECOG_CR_PRES	3	HELICOPTER	701	-999	P	641
1268269010337	1	RECOG_FEEDBACK	0
1268269011137	0	RECOG_PRES	3	HAMMOCK	681	-999	P	1757
1268269013271	0	RECOG_CR_PRES	3	HAMMOCK	681	-999	P	623
1268269014246	1	RECOG_FEEDBACK	1
1268269015046	0	RECOG_PRES	3	PLIERS	1089	-999	P	1584
1268269017005	0	RECOG_CR_PRES	3	PLIERS	1089	-999	P	545
1268269017870	1	RECOG_FEEDBACK	1
1268269018637	0	RECOG_PRES	3	WALL	1582	-999	P	2209
1268269021220	0	RECOG_CR_PRES	3	WALL	1582	-999	P	578
1268269022128	1	RECOG_FEEDBACK	1
1268269022887	0	RECOG_PRES	3	HORSE	719	-999	P	1367
1268269024628	0	RECOG_CR_PRES	3	HORSE	719	-999	P	730
1268269025670	1	RECOG_FEEDBACK	0
1268269026453	0	RECOG_PRES	3	TERMINAL	1450	-999	P	1393
1268269028219	0	RECOG_CR_PRES	3	TERMINAL	1450	-999	P	771
1268269029286	1	RECOG_FEEDBACK	1
1268269030004	0	RECOG_PRES	3	BARK	87	-999	P	1450
1268269031828	0	RECOG_CR_PRES	3	BARK	87	-999	P	762
1268269032844	1	RECOG_FEEDBACK	-1
1268269070816	0	REST
1268269071744	1	REC_START
1268269071783	0	RECOG_PRES	4	ROOSTER	1209	-999	P	1511
1268269073666	0	RECOG_CR_PRES	4	ROOSTER	1209	-999	P	1020
1268269075017	1	RECOG_FEEDBACK	1
1268269075733	0	RECOG_PRES	4	RAG	1160	-999	P	1249
1268269077358	0	RECOG_CR_PRES	4	RAG	1160	-999	P	1328
1268269078999	1	RECOG_FEEDBACK	0
1268269079732	0	RECOG_PRES	4	PURSE	1145	-999	P	1930
1268269082025	0	RECOG_CR_PRES	4	PURSE	1145	-999	P	829
1268269083174	1	RECOG_FEEDBACK	0
1268269083890	0	RECOG_PRES	4	UNDERWEAR	1537	-999	P	828
1268269085083	0	RECOG_CR_PRES	4	UNDERWEAR	1537	-999	P	1075
1268269086399	1	RECOG_FEEDBACK	-1
1268269087173	0	RECOG_PRES	4	TIMBER	1469	-999	P	1737
1268269089282	0	RECOG_CR_PRES	4	TIMBER	1469	-999	P	640
1268269090323	1	RECOG_FEEDBACK	0
1268269091107	0	RECOG_PRES	4	DAD	433	-999	P	1371
1268269092848	0	RECOG_CR_PRES	4	DAD	433	-999	P	758
1268269093923	1	RECOG_FEEDBACK	1
1268269094681	0	RECOG_PRES	4	GRAVE	658	-999	P	1477
1268269096531	0	RECOG_CR_PRES	4	GRAVE	658	-999	P	811
1268269097664	1	RECOG_FEEDBACK	1
1268269098398	0	RECOG_PRES	4	NECK	939	-999	P	1704
1268269100473	0	RECOG_CR_PRES	4	NECK	939	-999	P	1005
1268269101806	1	RECOG_FEEDBACK	0
1268269102531	0	RECOG_PRES	4	SHAMPOO	1274	-999	P	1427
1268269104331	0	RECOG_CR_PRES	4	SHAMPOO	1274	-999	P	835
1268269105481	1	RECOG_FEEDBACK	0
1268269106197	0	RECOG_PRES	4	MALL	860	-999	P	1753
1268269108322	0	RECOG_CR_PRES	4	MALL	860	-999	P	642
1268269109314	1	RECOG_FEEDBACK	1
1268269110048	0	RECOG_PRES	4	YACHT	1629	-999	P	2031
1268269112455	0	RECOG_CR_PRES	4	YACHT	1629	-999	P	1119
1268269113930	1	RECOG_FEEDBACK	1
1268269114696	0	RECOG_PRES	4	PATIENT	1024	-999	P	1262
1268269116330	0	RECOG_CR_PRES	4	PATIENT	1024	-999	P	765
1268269117413	1	RECOG_FEEDBACK	0
1268269118188	0	RECOG_PRES	4	CONCERT	360	-999	P	1282
1268269119846	0	RECOG_CR_PRES	4	CONCERT	360	-999	P	1144
1268269121304	1	RECOG_FEEDBACK	1
1268269122097	0	RECOG_PRES	4	OBOE	969	-999	P	1381
1268269123854	0	RECOG_CR_PRES	4	OBOE	969	-999	P	1096
1268269125271	1	RECOG_FEEDBACK	1
1268269126063	0	RECOG_PRES	4	CUP	424	-999	P	2199
1268269128637	0	RECOG_CR_PRES	4	CUP	424	-999	P	1129
1268269130129	1	RECOG_FEEDBACK	0
1268269130895	0	RECOG_PRES	4	LAKE	796	-999	P	1343
1268269132612	0	RECOG_CR_PRES	4	LAKE	796	-999	P	746
1268269133662	1	RECOG_FEEDBACK	1
1268269134445	0	RECOG_PRES	4	NICKEL	950	-999	P	1505
1268269136320	0	RECOG_CR_PRES	4	NICKEL	950	-999	P	641
1268269137312	1	RECOG_FEEDBACK	1
1268269138029	0	RECOG_PRES	4	DOORBELL	487	-999	P	1761
1268269140161	0	RECOG_CR_PRES	4	DOORBELL	487	-999	P	1005
1268269141428	1	RECOG_FEEDBACK	-1
1268269142194	0	RECOG_PRES	4	VET	1560	-999	P	1834
1268269144428	0	RECOG_CR_PRES	4	VET	1560	-999	P	914
1268269145661	1	RECOG_FEEDBACK	0
1268269146378	0	RECOG_PRES	4	UNCLE	1536	-999	P	1308
1268269148053	0	RECOG_CR_PRES	4	UNCLE	1536	-999	P	641
1268269149012	1	RECOG_FEEDBACK	1
1268269175259	0	REST
1268269176288	1	REC_START
1268269176317	0	RECOG_PRES	5	PAW	1029	-999	P	1337
1268269178018	0	RECOG_CR_PRES	5	PAW	1029	-999	P	1444
1268269179792	1	RECOG_FEEDBACK	1
1268269180567	0	RECOG_PRES	5	BASKETBALL	96	-999	P	1535
1268269182475	0	RECOG_CR_PRES	5	BASKETBALL	96	-999	P	1027
1268269183833	1	RECOG_FEEDBACK	1
1268269184591	0	RECOG_PRES	5	CHICKEN	297	-999	P	1135
1268269186092	0	RECOG_CR_PRES	5	CHICKEN	297	-999	P	1226
1268269187575	1	RECOG_FEEDBACK	-1
1268269188308	0	RECOG_PRES	5	MANAGER	863	-999	P	1282
1268269189966	0	RECOG_CR_PRES	5	MANAGER	863	-999	P	992
1268269191291	1	RECOG_FEEDBACK	1
1268269192092	0	RECOG_PRES	5	GOO	648	-999	P	1386
1268269193849	0	RECOG_CR_PRES	5	GOO	648	-999	P	1749
1268269195916	1	RECOG_FEEDBACK	1
1268269196632	0	RECOG_PRES	5	TEA	1439	-999	P	1742
1268269198749	0	RECOG_CR_PRES	5	TEA	1439	-999	P	801
1268269199899	1	RECOG_FEEDBACK	0
1268269200682	0	RECOG_PRES	5	FIGHTER	564	-999	P	1716
1268269202773	0	RECOG_CR_PRES	5	FIGHTER	564	-999	P	681
1268269203815	1	RECOG_FEEDBACK	1
1268269204623	0	RECOG_PRES	5	RING	1193	-999	P	1247
1268269206240	0	RECOG_CR_PRES	5	RING	1193	-999	P	878
1268269207431	1	RECOG_FEEDBACK	1
1268269208190	0	RECOG_PRES	5	ALLEY	15	-999	P	1240
1268269209806	0	RECOG_CR_PRES	5	ALLEY	15	-999	P	1024
1268269211148	1	RECOG_FEEDBACK	1
1268269211898	0	RECOG_PRES	5	FUDGE	611	-999	P	1125
1268269213398	0	RECOG_CR_PRES	5	FUDGE	611	-999	P	752
1268269214456	1	RECOG_FEEDBACK	1
1268269215272	0	RECOG_PRES	5	STOOL	1386	-999	P	1334
1268269216981	0	RECOG_CR_PRES	5	STOOL	1386	-999	P	841
1268269218122	1	RECOG_FEEDBACK	1
1268269218897	0	RECOG_PRES	5	CAPE	237	-999	P	1293
1268269220555	0	RECOG_CR_PRES	5	CAPE	237	-999	P	787
1268269221647	1	RECOG_FEEDBACK	1
1268269222397	0	RECOG_PRES	5	LAVA	804	-999	P	1081
1268269223847	0	RECOG_CR_PRES	5	LAVA	804	-999	P	831
1268269224980	1	RECOG_FEEDBACK	1
1268269225763	0	RECOG_PRES	5	MOOSE	915	-999	P	1260
1268269227397	0	RECOG_CR_PRES	5	MOOSE	915	-999	P	698
1268269228405	1	RECOG_FEEDBACK	1
1268269229130	0	RECOG_PRES	5	FUGITIVE	612	-999	P	2380
1268269231880	0	RECOG_CR_PRES	5	FUGITIVE	612	-999	P	630
1268269232829	1	RECOG_FEEDBACK	0
1268269233563	0	RECOG_PRES	5	TWISTER	1530	-999	P	1147
1268269235072	0	RECOG_CR_PRES	5	TWISTER	1530	-999	P	574
1268269235954	1	RECOG_FEEDBACK	1
1268269236746	0	RECOG_PRES	5	WITCH	1617	-999	P	1644
1268269238762	0	RECOG_CR_PRES	5	WITCH	1617	-999	P	708
1268269239804	1	RECOG_FEEDBACK	0
1268269240637	0	RECOG_PRES	5	DRESS	495	-999	P	1161
1268269242171	0	RECOG_CR_PRES	5	DRESS	495	-999	P	1059
1268269243545	1	RECOG_FEEDBACK	1
1268269244320	0	RECOG_PRES	5	PERSONNEL	1053	-999	P	1270
1268269245962	0	RECOG_CR_PRES	5	PERSONNEL	1053	-999	P	708
1268269246978	1	RECOG_FEEDBACK	1
1268269247720	0	RECOG_PRES	5	CLASS	318	-999	P	1390
1268269249487	0	RECOG_CR_PRES	5	CLASS	318	-999	P	1279
1268269251088	1	RECOG_FEEDBACK	0
1268269285626	0	REST
1268269286771	1	REC_START
1268269286801	0	RECOG_PRES	6	WAX	1597	-999	P	1125
1268269288300	0	RECOG_CR_PRES	6	WAX	1597	-999	P	641
1268269289284	1	RECOG_FEEDBACK	1
1268269290060	0	RECOG_PRES	6	RIDER	1191	-999	P	1594
1268269292018	0	RECOG_CR_PRES	6	RIDER	1191	-999	P	644
1268269292975	1	RECOG_FEEDBACK	1
1268269293683	0	RECOG_PRES	6	TERMITE	1451	-999	P	1404
1268269295458	0	RECOG_CR_PRES	6	TERMITE	1451	-999	P	1052
1268269296825	1	RECOG_FEEDBACK	0
1268269297633	0	RECOG_PRES	6	ATMOSPHERE	54	-999	P	1101
1268269299108	0	RECOG_CR_PRES	6	ATMOSPHERE	54	-999	P	746
1268269300166	1	RECOG_FEEDBACK	1
1268269300983	0	RECOG_PRES	6	TRIBE	1505	-999	P	1943
1268269303299	0	RECOG_CR_PRES	6	TRIBE	1505	-999	P	699
1268269304349	1	RECOG_FEEDBACK	0
1268269305124	0	RECOG_PRES	6	POCKETBOOK	1094	-999	P	1018
1268269306516	0	RECOG_CR_PRES	6	POCKETBOOK	1094	-999	P	682
1268269307499	1	RECOG_FEEDBACK	1
1268269308207	0	RECOG_PRES	6	HARE	688	-999	P	1031
1268269309607	0	RECOG_CR_PRES	6	HARE	688	-999	P	799
1268269310691	1	RECOG_FEEDBACK	1
1268269311432	0	RECOG_PRES	6	LEOPARD	812	-999	P	1270
1268269313066	0	RECOG_CR_PRES	6	LEOPARD	812	-999	P	748
1268269314149	1	RECOG_FEEDBACK	1
1268269314882	0	RECOG_PRES	6	NEPHEW	942	-999	P	1157
1268269316407	0	RECOG_CR_PRES	6	NEPHEW	942	-999	P	711
1268269317415	1	RECOG_FEEDBACK	1
1268269318132	0	RECOG_PRES	6	WALRUS	1585	-999	P	1098
1268269319607	0	RECOG_CR_PRES	6	WALRUS	1585	-999	P	640
1268269320573	1	RECOG_FEEDBACK	1
1268269321323	0	RECOG_PRES	6	COOKIE	374	-999	P	995
1268269322690	0	RECOG_CR_PRES	6	COOKIE	374	-999	P	876
1268269323873	1	RECOG_FEEDBACK	0
1268269324656	0	RECOG_PRES	6	BIRD	129	-999	P	1270
1268269326298	0	RECOG_CR_PRES	6	BIRD	129	-999	P	1220
1268269327839	1	RECOG_FEEDBACK	1
1268269328564	0	RECOG_PRES	6	TICK	1463	-999	P	2467
1268269331406	0	RECOG_CR_PRES	6	TICK	1463	-999	P	681
1268269332431	1	RECOG_FEEDBACK	1
1268269333156	0	RECOG_PRES	6	MAT	877	-999	P	1818
1268269335347	0	RECOG_CR_PRES	6	MAT	877	-999	P	627
1268269336297	1	RECOG_FEEDBACK	1
1268269337065	0	RECOG_PRES	6	KANGAROO	768	-999	P	1117
1268269338555	0	RECOG_CR_PRES	6	KANGAROO	768	-999	P	779
1268269339638	1	RECOG_FEEDBACK	0
1268269340438	0	RECOG_PRES	6	MOWER	928	-999	P	1392
1268269342205	0	RECOG_CR_PRES	6	MOWER	928	-999	P	818
1268269343363	1	RECOG_FEEDBACK	1
1268269344146	0	RECOG_PRES	6	LEMON	810	-999	P	1148
1268269345663	0	RECOG_CR_PRES	6	LEMON	810	-999	P	671
1268269346638	1	RECOG_FEEDBACK	1
1268269347388	0	RECOG_PRES	6	JUVENILE	767	-999	P	1338
1268269349089	0	RECOG_CR_PRES	6	JUVENILE	767	-999	P	982
1268269350404	1	RECOG_FEEDBACK	0
1268269351146	0	RECOG_PRES	6	TORTOISE	1486	-999	P	1676
1268269353187	0	RECOG_CR_PRES	6	TORTOISE	1486	-999	P	650
1268269354187	1	RECOG_FEEDBACK	1
1268269354971	0	RECOG_PRES	6	SILVERWARE	1308	-999	P	1603
1268269356945	0	RECOG_CR_PRES	6	SILVERWARE	1308	-999	P	641
1268269357945	1	RECOG_FEEDBACK	1
1268269363803	0	REST
1268269364748	1	REC_START
1268269364778	0	RECOG_PRES	7	RAM	1165	-999	P	948
1268269366087	0	RECOG_CR_PRES	7	RAM	1165	-999	P	647
1268269367021	1	RECOG_FEEDBACK	1
1268269367786	0	RECOG_PRES	7	CORD	379	-999	P	812
1268269368970	0	RECOG_CR_PRES	7	CORD	379	-999	P	588
1268269369845	1	RECOG_FEEDBACK	1
1268269370578	0	RECOG_PRES	7	GORILLA	650	-999	P	1461
1268269372411	0	RECOG_CR_PRES	7	GORILLA	650	-999	P	636
1268269373361	1	RECOG_FEEDBACK	1
1268269374153	0	RECOG_PRES	7	PIRATE	1074	-999	P	1189
1268269375711	0	RECOG_CR_PRES	7	PIRATE	1074	-999	P	641
1268269376702	1	RECOG_FEEDBACK	0
1268269377461	0	RECOG_PRES	7	STAKE	1368	-999	P	1145
1268269378977	0	RECOG_CR_PRES	7	STAKE	1368	-999	P	641
1268269379952	1	RECOG_FEEDBACK	1
1268269380752	0	RECOG_PRES	7	PORCUPINE	1107	-999	P	1335
1268269382460	0	RECOG_CR_PRES	7	PORCUPINE	1107	-999	P	579
1268269383360	1	RECOG_FEEDBACK	1
1268269384160	0	RECOG_PRES	7	PISTON	1076	-999	P	1286
1268269385818	0	RECOG_CR_PRES	7	PISTON	1076	-999	P	1308
1268269387443	1	RECOG_FEEDBACK	1
1268269388193	0	RECOG_PRES	7	CARDINAL	244	-999	P	1277
1268269389843	0	RECOG_CR_PRES	7	CARDINAL	244	-999	P	891
1268269391044	1	RECOG_FEEDBACK	1
1268269391785	0	RECOG_PRES	7	SURGEON	1413	-999	P	1246
1268269393401	0	RECOG_CR_PRES	7	SURGEON	1413	-999	P	749
1268269394459	1	RECOG_FEEDBACK	1
1268269395201	0	RECOG_PRES	7	SOFA	1342	-999	P	875
1268269396476	0	RECOG_CR_PRES	7	SOFA	1342	-999	P	762
1268269397526	1	RECOG_FEEDBACK	1
1268269398284	0	RECOG_PRES	7	ANTEATER	26	-999	P	1282
1268269399942	0	RECOG_CR_PRES	7	ANTEATER	26	-999	P	584
1268269400834	1	RECOG_FEEDBACK	1
1268269401567	0	RECOG_PRES	7	PRUNE	1134	-999	P	1295
1268269403225	0	RECOG_CR_PRES	7	PRUNE	1134	-999	P	461
1268269403992	1	RECOG_FEEDBACK	1
1268269404717	0	RECOG_PRES	7	CLOVE	329	-999	P	1737
1268269406825	0	RECOG_CR_PRES	7	CLOVE	329	-999	P	797
1268269407975	1	RECOG_FEEDBACK	1
1268269408742	0	RECOG_PRES	7	WHEEL	1603	-999	P	928
1268269410034	0	RECOG_CR_PRES	7	WHEEL	1603	-999	P	692
1268269411009	1	RECOG_FEEDBACK	1
1268269411817	0	RECOG_PRES	7	GOVERNOR	651	-999	P	1437
1268269413625	0	RECOG_CR_PRES	7	GOVERNOR	651	-999	P	717
1268269414691	1	RECOG_FEEDBACK	1
1268269415425	0	RECOG_PRES	7	SHIP	1286	-999	P	1590
1268269417383	0	RECOG_CR_PRES	7	SHIP	1286	-999	P	535
1268269418274	1	RECOG_FEEDBACK	1
1268269419050	0	RECOG_PRES	7	PAIL	1002	-999	P	1268
1268269420691	0	RECOG_CR_PRES	7	PAIL	1002	-999	P	603
1268269421599	1	RECOG_FEEDBACK	1
1268269422324	0	RECOG_PRES	7	ANTELOPE	27	-999	P	1210
1268269423907	0	RECOG_CR_PRES	7	ANTELOPE	27	-999	P	571
1268269424782	1	RECOG_FEEDBACK	1
1268269425549	0	RECOG_PRES	7	THIMBLE	1458	-999	P	1337
1268269427257	0	RECOG_CR_PRES	7	THIMBLE	1458	-999	P	565
1268269428140	1	RECOG_FEEDBACK	1
1268269428915	0	RECOG_PRES	7	DANDELION	438	-999	P	971
1268269430257	0	RECOG_CR_PRES	7	DANDELION	438	-999	P	709
1268269431273	1	RECOG_FEEDBACK	1
1268269435207	0	REST
1268269436318	1	REC_START
1268269436356	0	RECOG_PRES	8	SHOULDER	1294	-999	P	1106
1268269437831	0	RECOG_CR_PRES	8	SHOULDER	1294	-999	P	591
1268269438731	1	RECOG_FEEDBACK	1
1268269439523	0	RECOG_PRES	8	PORTRAIT	1111	-999	P	1235
1268269441131	0	RECOG_CR_PRES	8	PORTRAIT	1111	-999	P	1091
1268269442539	1	RECOG_FEEDBACK	1
1268269443306	0	RECOG_PRES	8	SCARF	1246	-999	P	1733
1268269445414	0	RECOG_CR_PRES	8	SCARF	1246	-999	P	642
1268269446422	1	RECOG_FEEDBACK	0
1268269447206	0	RECOG_PRES	8	GROUND	666	-999	P	1504
1268269449073	0	RECOG_CR_PRES	8	GROUND	666	-999	P	893
1268269450280	1	RECOG_FEEDBACK	1
1268269451081	0	RECOG_PRES	8	TRIGGER	1507	-999	P	1069
1268269452522	0	RECOG_CR_PRES	8	TRIGGER	1507	-999	P	748
1268269453588	1	RECOG_FEEDBACK	1
1268269454338	0	RECOG_PRES	8	DEER	444	-999	P	1492
1268269456205	0	RECOG_CR_PRES	8	DEER	444	-999	P	1329
1268269457855	1	RECOG_FEEDBACK	1
1268269458638	0	RECOG_PRES	8	CELERY	266	-999	P	1544
1268269460555	0	RECOG_CR_PRES	8	CELERY	266	-999	P	723
1268269461605	1	RECOG_FEEDBACK	0
1268269462429	0	RECOG_PRES	8	TUBA	1515	-999	P	1433
1268269464238	0	RECOG_CR_PRES	8	TUBA	1515	-999	P	888
1268269465446	1	RECOG_FEEDBACK	1
1268269466213	0	RECOG_PRES	8	KNIGHT	786	-999	P	937
1268269467512	0	RECOG_CR_PRES	8	KNIGHT	786	-999	P	650
1268269468487	1	RECOG_FEEDBACK	1
1268269469229	0	RECOG_PRES	8	SHIRT	1287	-999	P	810
1268269470412	0	RECOG_CR_PRES	8	SHIRT	1287	-999	P	562
1268269471254	1	RECOG_FEEDBACK	1
1268269472063	0	RECOG_PRES	8	LID	817	-999	P	887
1268269473320	0	RECOG_CR_PRES	8	LID	817	-999	P	630
1268269474237	1	RECOG_FEEDBACK	1
1268269475030	0	RECOG_PRES	8	CHILD	299	-999	P	936
1268269476328	0	RECOG_CR_PRES	8	CHILD	299	-999	P	590
1268269477203	1	RECOG_FEEDBACK	1
1268269477970	0	RECOG_PRES	8	COLONEL	348	-999	P	833
1268269479203	0	RECOG_CR_PRES	8	COLONEL	348	-999	P	747
1268269480237	1	RECOG_FEEDBACK	0
1268269480961	0	RECOG_PRES	8	STADIUM	1364	-999	P	1293
1268269482628	0	RECOG_CR_PRES	8	STADIUM	1364	-999	P	451
1268269483395	1	RECOG_FEEDBACK	0
1268269484170	0	RECOG_PRES	8	APARTMENT	30	-999	P	909
1268269485453	0	RECOG_CR_PRES	8	APARTMENT	30	-999	P	705
1268269486453	1	RECOG_FEEDBACK	0
1268269487194	0	RECOG_PRES	8	SCARECROW	1245	-999	P	972
1268269488536	0	RECOG_CR_PRES	8	SCARECROW	1245	-999	P	535
1268269489378	1	RECOG_FEEDBACK	0
1268269490111	0	RECOG_PRES	8	PUZZLE	1146	-999	P	1079
1268269491561	0	RECOG_CR_PRES	8	PUZZLE	1146	-999	P	701
1268269492552	1	RECOG_FEEDBACK	0
1268269493344	0	RECOG_PRES	8	OZONE	996	-999	P	1254
1268269494969	0	RECOG_CR_PRES	8	OZONE	996	-999	P	709
1268269496020	1	RECOG_FEEDBACK	0
1268269496827	0	RECOG_PRES	8	BOOK	149	-999	P	947
1268269498144	0	RECOG_CR_PRES	8	BOOK	149	-999	P	558
1268269499011	1	RECOG_FEEDBACK	1
1268269499802	0	RECOG_PRES	8	VAN	1548	-999	P	1253
1268269501427	0	RECOG_CR_PRES	8	VAN	1548	-999	P	580
1268269502327	1	RECOG_FEEDBACK	0
1268269504760	0	REST
1268269505770	1	REC_START
1268269505801	0	RECOG_PRES	9	NIECE	952	-999	P	1525
1268269507701	0	RECOG_CR_PRES	9	NIECE	952	-999	P	585
1268269508601	1	RECOG_FEEDBACK	1
1268269509393	0	RECOG_PRES	9	STRAW	1390	-999	P	1045
1268269510809	0	RECOG_CR_PRES	9	STRAW	1390	-999	P	757
1268269511884	1	RECOG_FEEDBACK	1
1268269512676	0	RECOG_PRES	9	BRAKE	166	-999	P	1339
1268269514384	0	RECOG_CR_PRES	9	BRAKE	166	-999	P	590
1268269515284	1	RECOG_FEEDBACK	1
1268269516035	0	RECOG_PRES	9	BANK	83	-999	P	1243
1268269517650	0	RECOG_CR_PRES	9	BANK	83	-999	P	1100
1268269519043	1	RECOG_FEEDBACK	1
1268269519775	0	RECOG_PRES	9	RIB	1188	-999	P	911
1268269521051	0	RECOG_CR_PRES	9	RIB	1188	-999	P	611
1268269521950	1	RECOG_FEEDBACK	1
1268269522708	0	RECOG_PRES	9	LAPEL	800	-999	P	682
1268269523767	0	RECOG_CR_PRES	9	LAPEL	800	-999	P	879
1268269524883	1	RECOG_FEEDBACK	-1
1268269525692	0	RECOG_PRES	9	CARRIAGE	248	-999	P	1978
1268269528034	0	RECOG_CR_PRES	9	CARRIAGE	248	-999	P	588
1268269528958	1	RECOG_FEEDBACK	1
1268269529683	0	RECOG_PRES	9	TOAST	1471	-999	P	971
1268269531017	0	RECOG_CR_PRES	9	TOAST	1471	-999	P	613
1268269531933	1	RECOG_FEEDBACK	1
1268269532691	0	RECOG_PRES	9	BRACELET	163	-999	P	2163
1268269535224	0	RECOG_CR_PRES	9	BRACELET	163	-999	P	641
1268269536324	1	RECOG_FEEDBACK	1
1268269537058	0	RECOG_PRES	9	CARAVAN	242	-999	P	1187
1268269538616	0	RECOG_CR_PRES	9	CARAVAN	242	-999	P	630
1268269539565	1	RECOG_FEEDBACK	0
1268269540332	0	RECOG_PRES	9	PUBLICATION	1136	-999	P	1354
1268269542050	0	RECOG_CR_PRES	9	PUBLICATION	1136	-999	P	604
1268269542965	1	RECOG_FEEDBACK	0
1268269543749	0	RECOG_PRES	9	COUNTRY	388	-999	P	1185
1268269545298	0	RECOG_CR_PRES	9	COUNTRY	388	-999	P	580
1268269546182	1	RECOG_FEEDBACK	0
1268269546940	0	RECOG_PRES	9	ACTRESS	6	-999	P	1258
1268269548573	0	RECOG_CR_PRES	9	ACTRESS	6	-999	P	593
1268269549481	1	RECOG_FEEDBACK	1
1268269550265	0	RECOG_PRES	9	NAIL	936	-999	P	1029
1268269551665	0	RECOG_CR_PRES	9	NAIL	936	-999	P	789
1268269552756	1	RECOG_FEEDBACK	1
1268269553464	0	RECOG_PRES	9	BLOSSOM	138	-999	P	1006
1268269554839	0	RECOG_CR_PRES	9	BLOSSOM	138	-999	P	767
1268269555914	1	RECOG_FEEDBACK	1
1268269556698	0	RECOG_PRES	9	LINEN	825	-999	P	832
1268269557931	0	RECOG_CR_PRES	9	LINEN	825	-999	P	835
1268269559057	1	RECOG_FEEDBACK	0
1268269559814	0	RECOG_PRES	9	PARTNER	1017	-999	P	1312
1268269561497	0	RECOG_CR_PRES	9	PARTNER	1017	-999	P	693
1268269562506	1	RECOG_FEEDBACK	1
1268269563280	0	RECOG_PRES	9	ENVELOPE	537	-999	P	1735
1268269565389	0	RECOG_CR_PRES	9	ENVELOPE	537	-999	P	585
1268269566339	1	RECOG_FEEDBACK	0
1268269567105	0	RECOG_PRES	9	FRECKLE	602	-999	P	918
1268269568397	0	RECOG_CR_PRES	9	FRECKLE	602	-999	P	674
1268269569363	1	RECOG_FEEDBACK	1
1268269570138	0	RECOG_PRES	9	ALLIGATOR	16	-999	P	1052
1268269571563	0	RECOG_CR_PRES	9	ALLIGATOR	16	-999	P	675
1268269572555	1	RECOG_FEEDBACK	1
1268269574630	0	REST
1268269575529	1	REC_START
1268269575563	0	RECOG_PRES	10	GENERAL	630	-999	P	1723
1268269577654	0	RECOG_CR_PRES	10	GENERAL	630	-999	P	840
1268269578829	1	RECOG_FEEDBACK	1
1268269579604	0	RECOG_PRES	10	PHOTO	1055	-999	P	1242
1268269581221	0	RECOG_CR_PRES	10	PHOTO	1055	-999	P	641
1268269582196	1	RECOG_FEEDBACK	1
1268269582921	0	RECOG_PRES	10	HALL	677	-999	P	1181
1268269584471	0	RECOG_CR_PRES	10	HALL	677	-999	P	711
1268269585487	1	RECOG_FEEDBACK	1
1268269586262	0	RECOG_PRES	10	SNEAKER	1334	-999	P	952
1268269587587	0	RECOG_CR_PRES	10	SNEAKER	1334	-999	P	571
1268269588462	1	RECOG_FEEDBACK	1
1268269589262	0	RECOG_PRES	10	AWARD	63	-999	P	1032
1268269590670	0	RECOG_CR_PRES	10	AWARD	63	-999	P	784
1268269591745	1	RECOG_FEEDBACK	1
1268269592512	0	RECOG_PRES	10	BUTLER	204	-999	P	1206
1268269594088	0	RECOG_CR_PRES	10	BUTLER	204	-999	P	822
1268269595220	1	RECOG_FEEDBACK	1
1268269595970	0	RECOG_PRES	10	NIGHTGOWN	953	-999	P	1260
1268269597603	0	RECOG_CR_PRES	10	NIGHTGOWN	953	-999	P	867
1268269598769	1	RECOG_FEEDBACK	1
1268269599519	0	RECOG_PRES	10	BUS	201	-999	P	1239
1268269601128	0	RECOG_CR_PRES	10	BUS	201	-999	P	702
1268269602144	1	RECOG_FEEDBACK	1
1268269602944	0	RECOG_PRES	10	PIANO	1057	-999	P	2046
1268269605361	0	RECOG_CR_PRES	10	PIANO	1057	-999	P	629
1268269606336	1	RECOG_FEEDBACK	1
1268269607095	0	RECOG_PRES	10	POET	1095	-999	P	1647
1268269609110	0	RECOG_CR_PRES	10	POET	1095	-999	P	720
1268269610152	1	RECOG_FEEDBACK	1
1268269610910	0	RECOG_PRES	10	BACON	67	-999	P	1169
1268269612452	0	RECOG_CR_PRES	10	BACON	67	-999	P	682
1268269613452	1	RECOG_FEEDBACK	1
1268269614202	0	RECOG_PRES	10	RUBY	1214	-999	P	821
1268269615402	0	RECOG_CR_PRES	10	RUBY	1214	-999	P	642
1268269616310	1	RECOG_FEEDBACK	-1
1268269617061	0	RECOG_PRES	10	CHIP	303	-999	P	1161
1268269618593	0	RECOG_CR_PRES	10	CHIP	303	-999	P	725
1268269619626	1	RECOG_FEEDBACK	1
1268269620385	0	RECOG_PRES	10	BONE	148	-999	P	1285
1268269622036	0	RECOG_CR_PRES	10	BONE	148	-999	P	649
1268269623035	1	RECOG_FEEDBACK	1
1268269623809	0	RECOG_PRES	10	DAISY	435	-999	P	981
1268269625159	0	RECOG_CR_PRES	10	DAISY	435	-999	P	551
1268269626010	1	RECOG_FEEDBACK	1
1268269626776	0	RECOG_PRES	10	DASHBOARD	441	-999	P	1078
1268269628226	0	RECOG_CR_PRES	10	DASHBOARD	441	-999	P	612
1268269629142	1	RECOG_FEEDBACK	1
1268269629934	0	RECOG_PRES	10	NOTEBOOK	959	-999	P	1240
1268269631550	0	RECOG_CR_PRES	10	NOTEBOOK	959	-999	P	368
1268269632225	1	RECOG_FEEDBACK	0
1268269632992	0	RECOG_PRES	10	MINK	897	-999	P	1558
1268269634925	0	RECOG_CR_PRES	10	MINK	897	-999	P	977
1268269636250	1	RECOG_FEEDBACK	0
1268269637018	0	RECOG_PRES	10	LACE	792	-999	P	2364
1268269639758	0	RECOG_CR_PRES	10	LACE	792	-999	P	744
1268269640866	1	RECOG_FEEDBACK	1
1268269641633	0	RECOG_PRES	10	BLUEJAY	141	-999	P	1029
1268269643026	0	RECOG_CR_PRES	10	BLUEJAY	141	-999	P	516
1268269643850	1	RECOG_FEEDBACK	1
1268269647508	0	REST
1268269648414	1	REC_START
1268269648449	0	RECOG_PRES	11	FEATHER	557	-999	P	1757
1268269650582	0	RECOG_CR_PRES	11	FEATHER	557	-999	P	1040
1268269651974	1	RECOG_FEEDBACK	0
1268269652691	0	RECOG_PRES	11	PALM	1007	-999	P	1435
1268269654490	0	RECOG_CR_PRES	11	PALM	1007	-999	P	732
1268269655574	1	RECOG_FEEDBACK	0
1268269656299	0	RECOG_PRES	11	BROCCOLI	176	-999	P	1459
1268269658132	0	RECOG_CR_PRES	11	BROCCOLI	176	-999	P	931
1268269659440	1	RECOG_FEEDBACK	1
1268269660157	0	RECOG_PRES	11	DANCER	437	-999	P	1105
1268269661632	0	RECOG_CR_PRES	11	DANCER	437	-999	P	966
1268269662923	1	RECOG_FEEDBACK	1
1268269663640	0	RECOG_PRES	11	MISSILE	900	-999	P	1134
1268269665148	0	RECOG_CR_PRES	11	MISSILE	900	-999	P	722
1268269666190	1	RECOG_FEEDBACK	1
1268269666931	0	RECOG_PRES	11	CONE	363	-999	P	1819
1268269669114	0	RECOG_CR_PRES	11	CONE	363	-999	P	572
1268269670040	1	RECOG_FEEDBACK	0
1268269670839	0	RECOG_PRES	11	CACTUS	215	-999	P	2039
1268269673247	0	RECOG_CR_PRES	11	CACTUS	215	-999	P	607
1268269674239	1	RECOG_FEEDBACK	1
1268269674997	0	RECOG_PRES	11	TWEEZERS	1526	-999	P	1098
1268269676464	0	RECOG_CR_PRES	11	TWEEZERS	1526	-999	P	750
1268269677539	1	RECOG_FEEDBACK	1
1268269678339	0	RECOG_PRES	11	HAMPER	682	-999	P	1411
1268269680122	0	RECOG_CR_PRES	11	HAMPER	682	-999	P	1012
1268269681472	1	RECOG_FEEDBACK	1
1268269682197	0	RECOG_PRES	11	FOLLOWER	589	-999	P	1705
1268269684272	0	RECOG_CR_PRES	11	FOLLOWER	589	-999	P	807
1268269685422	1	RECOG_FEEDBACK	0
1268269686180	0	RECOG_PRES	11	BLACKBERRY	132	-999	P	907
1268269687455	0	RECOG_CR_PRES	11	BLACKBERRY	132	-999	P	751
1268269688513	1	RECOG_FEEDBACK	1
1268269689255	0	RECOG_PRES	11	CHECKERS	285	-999	P	1343
1268269690971	0	RECOG_CR_PRES	11	CHECKERS	285	-999	P	803
1268269692097	1	RECOG_FEEDBACK	1
1268269692838	0	RECOG_PRES	11	POPCORN	1104	-999	P	1193
1268269694404	0	RECOG_CR_PRES	11	POPCORN	1104	-999	P	611
1268269695337	1	RECOG_FEEDBACK	0
1268269696121	0	RECOG_PRES	11	MOON	914	-999	P	1453
1268269697946	0	RECOG_CR_PRES	11	MOON	914	-999	P	716
1268269699022	1	RECOG_FEEDBACK	0
1268269699812	0	RECOG_PRES	11	FELLOW	558	-999	P	1482
1268269701670	0	RECOG_CR_PRES	11	FELLOW	558	-999	P	600
1268269702612	1	RECOG_FEEDBACK	1
1268269703354	0	RECOG_PRES	11	SUIT	1402	-999	P	1701
1268269705428	0	RECOG_CR_PRES	11	SUIT	1402	-999	P	730
1268269706495	1	RECOG_FEEDBACK	1
1268269707262	0	RECOG_PRES	11	RICE	1190	-999	P	1256
1268269708887	0	RECOG_CR_PRES	11	RICE	1190	-999	P	863
1268269710062	1	RECOG_FEEDBACK	0
1268269710853	0	RECOG_PRES	11	FEMALE	559	-999	P	977
1268269712203	0	RECOG_CR_PRES	11	FEMALE	559	-999	P	641
1268269713178	1	RECOG_FEEDBACK	1
1268269713944	0	RECOG_PRES	11	YARN	1631	-999	P	1046
1268269715361	0	RECOG_CR_PRES	11	YARN	1631	-999	P	773
1268269716453	1	RECOG_FEEDBACK	0
1268269717219	0	RECOG_PRES	11	ROACH	1195	-999	P	1483
1268269719070	0	RECOG_CR_PRES	11	ROACH	1195	-999	P	688
1268269720095	1	RECOG_FEEDBACK	0
1268269722102	0	REST
1268269723246	1	REC_START
1268269723277	0	RECOG_PRES	12	KNIFE	785	-999	P	1161
1268269724810	0	RECOG_CR_PRES	12	KNIFE	785	-999	P	700
1268269725835	1	RECOG_FEEDBACK	1
1268269726569	0	RECOG_PRES	12	BATHTUB	100	-999	P	1245
1268269728185	0	RECOG_CR_PRES	12	BATHTUB	100	-999	P	789
1268269729293	1	RECOG_FEEDBACK	1
1268269730003	0	RECOG_PRES	12	ORCHESTRA	981	-999	P	1395
1268269731768	0	RECOG_CR_PRES	12	ORCHESTRA	981	-999	P	641
1268269732776	1	RECOG_FEEDBACK	1
1268269733493	0	RECOG_PRES	12	PASSENGER	1020	-999	P	1393
1268269735260	0	RECOG_CR_PRES	12	PASSENGER	1020	-999	P	755
1268269736334	1	RECOG_FEEDBACK	0
1268269737101	0	RECOG_PRES	12	MAILMAN	858	-999	P	1097
1268269738568	0	RECOG_CR_PRES	12	MAILMAN	858	-999	P	758
1268269739651	1	RECOG_FEEDBACK	1
1268269740409	0	RECOG_PRES	12	SOCK	1339	-999	P	1381
1268269742159	0	RECOG_CR_PRES	12	SOCK	1339	-999	P	727
1268269743234	1	RECOG_FEEDBACK	1
1268269744043	0	RECOG_PRES	12	NEWSPAPER	948	-999	P	2219
1268269746625	0	RECOG_CR_PRES	12	NEWSPAPER	948	-999	P	650
1268269747642	1	RECOG_FEEDBACK	1
1268269748417	0	RECOG_PRES	12	UNIVERSITY	1541	-999	P	1253
1268269750035	0	RECOG_CR_PRES	12	UNIVERSITY	1541	-999	P	648
1268269751043	1	RECOG_FEEDBACK	0
1268269751767	0	RECOG_PRES	12	TEENAGER	1444	-999	P	879
1268269753009	0	RECOG_CR_PRES	12	TEENAGER	1444	-999	P	701
1268269754026	1	RECOG_FEEDBACK	0
1268269754792	0	RECOG_PRES	12	CREATURE	403	-999	P	1678
1268269756841	0	RECOG_CR_PRES	12	CREATURE	403	-999	P	701
1268269757875	1	RECOG_FEEDBACK	1
1268269758675	0	RECOG_PRES	12	LIBRARY	816	-999	P	1123
1268269760174	0	RECOG_CR_PRES	12	LIBRARY	816	-999	P	1512
1268269761991	1	RECOG_FEEDBACK	1
1268269762808	0	RECOG_PRES	12	MUG	930	-999	P	1486
1268269764666	0	RECOG_CR_PRES	12	MUG	930	-999	P	641
1268269765666	1	RECOG_FEEDBACK	1
1268269766407	0	RECOG_PRES	12	COLLAR	345	-999	P	1167
1268269767949	0	RECOG_CR_PRES	12	COLLAR	345	-999	P	641
1268269768940	1	RECOG_FEEDBACK	1
1268269769640	0	RECOG_PRES	12	CUE	422	-999	P	1206
1268269771215	0	RECOG_CR_PRES	12	CUE	422	-999	P	775
1268269772315	1	RECOG_FEEDBACK	1
1268269773066	0	RECOG_PRES	12	SALIVA	1226	-999	P	949
1268269774390	0	RECOG_CR_PRES	12	SALIVA	1226	-999	P	642
1268269775365	1	RECOG_FEEDBACK	1
1268269776157	0	RECOG_PRES	12	WASP	1593	-999	P	1681
1268269778215	0	RECOG_CR_PRES	12	WASP	1593	-999	P	591
1268269779148	1	RECOG_FEEDBACK	1
1268269779948	0	RECOG_PRES	12	MAJOR	859	-999	P	1482
1268269781806	0	RECOG_CR_PRES	12	MAJOR	859	-999	P	720
1268269782864	1	RECOG_FEEDBACK	1
1268269783631	0	RECOG_PRES	12	LASER	801	-999	P	1215
1268269785223	0	RECOG_CR_PRES	12	LASER	801	-999	P	800
1268269786373	1	RECOG_FEEDBACK	0
1268269787114	0	RECOG_PRES	12	CROOK	412	-999	P	996
1268269788481	0	RECOG_CR_PRES	12	CROOK	412	-999	P	701
1268269789506	1	RECOG_FEEDBACK	1
1268269790231	0	RECOG_PRES	12	VOLCANO	1575	-999	P	1023
1268269791630	0	RECOG_CR_PRES	12	VOLCANO	1575	-999	P	641
1268269792614	1	RECOG_FEEDBACK	1
1268269794539	0	REST
1268269795513	1	REC_START
1268269795547	0	RECOG_PRES	13	SAUSAGE	1238	-999	P	995
1268269796913	0	RECOG_CR_PRES	13	SAUSAGE	1238	-999	P	701
1268269797930	1	RECOG_FEEDBACK	1
1268269798697	0	RECOG_PRES	13	BASSINET	97	-999	P	1237
1268269800296	0	RECOG_CR_PRES	13	BASSINET	97	-999	P	614
1268269801230	1	RECOG_FEEDBACK	1
1268269801946	0	RECOG_PRES	13	DENIM	446	-999	P	1141
1268269803463	0	RECOG_CR_PRES	13	DENIM	446	-999	P	735
1268269804513	1	RECOG_FEEDBACK	1
1268269805288	0	RECOG_PRES	13	SACK	1220	-999	P	910
1268269806571	0	RECOG_CR_PRES	13	SACK	1220	-999	P	579
1268269807446	1	RECOG_FEEDBACK	1
1268269808163	0	RECOG_PRES	13	CASHIER	254	-999	P	1011
1268269809537	0	RECOG_CR_PRES	13	CASHIER	254	-999	P	621
1268269810454	1	RECOG_FEEDBACK	1
1268269811212	0	RECOG_PRES	13	DORM	488	-999	P	1690
1268269813279	0	RECOG_CR_PRES	13	DORM	488	-999	P	511
1268269814129	1	RECOG_FEEDBACK	1
1268269814845	0	RECOG_PRES	13	PATH	1023	-999	P	1097
1268269816312	0	RECOG_CR_PRES	13	PATH	1023	-999	P	641
1268269817287	1	RECOG_FEEDBACK	0
1268269818055	0	RECOG_PRES	13	TRIANGLE	1504	-999	P	1255
1268269819678	0	RECOG_CR_PRES	13	TRIANGLE	1504	-999	P	520
1268269820512	1	RECOG_FEEDBACK	0
1268269821312	0	RECOG_PRES	13	COB	334	-999	P	1134
1268269822820	0	RECOG_CR_PRES	13	COB	334	-999	P	602
1268269823745	1	RECOG_FEEDBACK	1
1268269824503	0	RECOG_PRES	13	MAID	856	-999	P	1319
1268269826195	0	RECOG_CR_PRES	13	MAID	856	-999	P	640
1268269827203	1	RECOG_FEEDBACK	1
1268269827936	0	RECOG_PRES	13	LIZARD	834	-999	P	1079
1268269829386	0	RECOG_CR_PRES	13	LIZARD	834	-999	P	693
1268269830394	1	RECOG_FEEDBACK	1
1268269831111	0	RECOG_PRES	13	MULE	931	-999	P	1135
1268269832619	0	RECOG_CR_PRES	13	MULE	931	-999	P	731
1268269833669	1	RECOG_FEEDBACK	0
1268269834469	0	RECOG_PRES	13	POSTAGE	1113	-999	P	824
1268269835694	0	RECOG_CR_PRES	13	POSTAGE	1113	-999	P	552
1268269836544	1	RECOG_FEEDBACK	0
1268269837294	0	RECOG_PRES	13	LIVER	833	-999	P	1176
1268269838835	0	RECOG_CR_PRES	13	LIVER	833	-999	P	1475
1268269840644	1	RECOG_FEEDBACK	0
1268269841410	0	RECOG_PRES	13	PIE	1062	-999	P	1300
1268269843078	0	RECOG_CR_PRES	13	PIE	1062	-999	P	640
1268269844061	1	RECOG_FEEDBACK	0
1268269844877	0	RECOG_PRES	13	MESSAGE	888	-999	P	1121
1268269846368	0	RECOG_CR_PRES	13	MESSAGE	888	-999	P	550
1268269847243	1	RECOG_FEEDBACK	0
1268269848052	0	RECOG_PRES	13	LOVER	846	-999	P	1186
1268269849610	0	RECOG_CR_PRES	13	LOVER	846	-999	P	640
1268269850626	1	RECOG_FEEDBACK	1
1268269851334	0	RECOG_PRES	13	IGLOO	734	-999	P	1216
1268269852926	0	RECOG_CR_PRES	13	IGLOO	734	-999	P	808
1268269854060	1	RECOG_FEEDBACK	1
1268269854851	0	RECOG_PRES	13	COMPANION	357	-999	P	1403
1268269856626	0	RECOG_CR_PRES	13	COMPANION	357	-999	P	641
1268269857634	1	RECOG_FEEDBACK	1
1268269858351	0	RECOG_PRES	13	PLATE	1086	-999	P	1119
1268269859842	0	RECOG_CR_PRES	13	PLATE	1086	-999	P	788
1268269860950	1	RECOG_FEEDBACK	1
1268269863159	0	REST
1268269864077	1	REC_START
1268269864109	0	RECOG_PRES	14	HANGER	687	-999	P	1265
1268269865750	0	RECOG_CR_PRES	14	HANGER	687	-999	P	641
1268269866750	1	RECOG_FEEDBACK	1
1268269867467	0	RECOG_PRES	14	COBWEB	337	-999	P	1171
1268269869009	0	RECOG_CR_PRES	14	COBWEB	337	-999	P	765
1268269870092	1	RECOG_FEEDBACK	1
1268269870833	0	RECOG_PRES	14	DIARY	460	-999	P	1565
1268269872775	0	RECOG_CR_PRES	14	DIARY	460	-999	P	679
1268269873775	1	RECOG_FEEDBACK	0
1268269874574	0	RECOG_PRES	14	PUDDLE	1140	-999	P	1152
1268269876092	0	RECOG_CR_PRES	14	PUDDLE	1140	-999	P	746
1268269877149	1	RECOG_FEEDBACK	0
1268269877899	0	RECOG_PRES	14	SYRINGE	1424	-999	P	1251
1268269879524	0	RECOG_CR_PRES	14	SYRINGE	1424	-999	P	810
1268269880666	1	RECOG_FEEDBACK	1
1268269881416	0	RECOG_PRES	14	SCIENTIST	1249	-999	P	1262
1268269883041	0	RECOG_CR_PRES	14	SCIENTIST	1249	-999	P	1061
1268269884507	1	RECOG_FEEDBACK	-1
1268269885249	0	RECOG_PRES	14	CHOCOLATE	306	-999	P	1485
1268269887107	0	RECOG_CR_PRES	14	CHOCOLATE	306	-999	P	683
1268269888123	1	RECOG_FEEDBACK	1
1268269888873	0	RECOG_PRES	14	COLT	349	-999	P	1445
1268269890690	0	RECOG_CR_PRES	14	COLT	349	-999	P	692
1268269891740	1	RECOG_FEEDBACK	0
1268269892523	0	RECOG_PRES	14	CUSTARD	429	-999	P	1163
1268269894049	0	RECOG_CR_PRES	14	CUSTARD	429	-999	P	709
1268269895066	1	RECOG_FEEDBACK	0
1268269895831	0	RECOG_PRES	14	DUMP	505	-999	P	895
1268269897090	0	RECOG_CR_PRES	14	DUMP	505	-999	P	925
1268269898314	1	RECOG_FEEDBACK	1
1268269899098	0	RECOG_PRES	14	COSTUME	383	-999	P	1412
1268269900881	0	RECOG_CR_PRES	14	COSTUME	383	-999	P	717
1268269901931	1	RECOG_FEEDBACK	1
1268269902706	0	RECOG_PRES	14	BANDANNA	80	-999	P	956
1268269904032	0	RECOG_CR_PRES	14	BANDANNA	80	-999	P	798
1268269905131	1	RECOG_FEEDBACK	1
1268269905914	0	RECOG_PRES	14	BURGLAR	200	-999	P	860
1268269907147	0	RECOG_CR_PRES	14	BURGLAR	200	-999	P	771
1268269908222	1	RECOG_FEEDBACK	1
1268269909023	0	RECOG_PRES	14	ZEBRA	1635	-999	P	1247
1268269910638	0	RECOG_CR_PRES	14	ZEBRA	1635	-999	P	744
1268269911713	1	RECOG_FEEDBACK	0
1268269912447	0	RECOG_PRES	14	MONASTERY	907	-999	P	1119
1268269913938	0	RECOG_CR_PRES	14	MONASTERY	907	-999	P	628
1268269914871	1	RECOG_FEEDBACK	1
1268269915605	0	RECOG_PRES	14	DIPLOMA	470	-999	P	1249
1268269917230	0	RECOG_CR_PRES	14	DIPLOMA	470	-999	P	688
1268269918238	1	RECOG_FEEDBACK	1
1268269919031	0	RECOG_PRES	14	ANIMAL	23	-999	P	1239
1268269920646	0	RECOG_CR_PRES	14	ANIMAL	23	-999	P	1024
1268269922022	1	RECOG_FEEDBACK	1
1268269922738	0	RECOG_PRES	14	OLIVE	975	-999	P	1020
1268269924129	0	RECOG_CR_PRES	14	OLIVE	975	-999	P	637
1268269925080	1	RECOG_FEEDBACK	1
1268269925837	0	RECOG_PRES	14	SKYSCRAPER	1322	-999	P	1377
1268269927587	0	RECOG_CR_PRES	14	SKYSCRAPER	1322	-999	P	787
1268269928687	1	RECOG_FEEDBACK	1
1268269929404	0	RECOG_PRES	14	VICTIM	1562	-999	P	1386
1268269931162	0	RECOG_CR_PRES	14	VICTIM	1562	-999	P	796
1268269932270	1	RECOG_FEEDBACK	1
1268269938071	0	REST
1268269939186	1	REC_START
1268269939220	0	RECOG_PRES	15	BALL	73	-999	P	1554
1268269941145	0	RECOG_CR_PRES	15	BALL	73	-999	P	669
1268269942169	1	RECOG_FEEDBACK	1
1268269942911	0	RECOG_PRES	15	PARROT	1015	-999	P	1535
1268269944819	0	RECOG_CR_PRES	15	PARROT	1015	-999	P	683
1268269945844	1	RECOG_FEEDBACK	1
1268269946611	0	RECOG_PRES	15	GAUZE	626	-999	P	1627
1268269948611	0	RECOG_CR_PRES	15	GAUZE	626	-999	P	779
1268269949736	1	RECOG_FEEDBACK	1
1268269950527	0	RECOG_PRES	15	HOOK	715	-999	P	1319
1268269952210	0	RECOG_CR_PRES	15	HOOK	715	-999	P	788
1268269953327	1	RECOG_FEEDBACK	1
1268269954053	0	RECOG_PRES	15	MIRROR	899	-999	P	1257
1268269955685	0	RECOG_CR_PRES	15	MIRROR	899	-999	P	625
1268269956635	1	RECOG_FEEDBACK	1
1268269957443	0	RECOG_PRES	15	MICROWAVE	892	-999	P	1067
1268269958885	0	RECOG_CR_PRES	15	MICROWAVE	892	-999	P	689
1268269959885	1	RECOG_FEEDBACK	1
1268269960618	0	RECOG_PRES	15	POLYESTER	1100	-999	P	1300
1268269962293	0	RECOG_CR_PRES	15	POLYESTER	1100	-999	P	833
1268269963385	1	RECOG_FEEDBACK	-1
1268269964160	0	RECOG_PRES	15	COOK	372	-999	P	1206
1268269965734	0	RECOG_CR_PRES	15	COOK	372	-999	P	600
1268269966643	1	RECOG_FEEDBACK	0
1268269967451	0	RECOG_PRES	15	PIKE	1067	-999	P	1507
1268269969334	0	RECOG_CR_PRES	15	PIKE	1067	-999	P	472
1268269970142	1	RECOG_FEEDBACK	0
1268269970867	0	RECOG_PRES	15	EARTH	515	-999	P	1307
1268269972551	0	RECOG_CR_PRES	15	EARTH	515	-999	P	719
1268269973592	1	RECOG_FEEDBACK	1
1268269974392	0	RECOG_PRES	15	THORN	1459	-999	P	1110
1268269975875	0	RECOG_CR_PRES	15	THORN	1459	-999	P	595
1268269976784	1	RECOG_FEEDBACK	0
1268269977517	0	RECOG_PRES	15	BLOUSE	139	-999	P	937
1268269978825	0	RECOG_CR_PRES	15	BLOUSE	139	-999	P	641
1268269979808	1	RECOG_FEEDBACK	1
1268269980517	0	RECOG_PRES	15	BANQUET	86	-999	P	849
1268269981742	0	RECOG_CR_PRES	15	BANQUET	86	-999	P	720
1268269982775	1	RECOG_FEEDBACK	1
1268269983500	0	RECOG_PRES	15	WINNER	1615	-999	P	1090
1268269984966	0	RECOG_CR_PRES	15	WINNER	1615	-999	P	641
1268269985941	1	RECOG_FEEDBACK	1
1268269986733	0	RECOG_PRES	15	FAUCET	555	-999	P	1417
1268269988524	0	RECOG_CR_PRES	15	FAUCET	555	-999	P	890
1268269989766	1	RECOG_FEEDBACK	1
1268269990491	0	RECOG_PRES	15	SPOOL	1356	-999	P	1027
1268269991891	0	RECOG_CR_PRES	15	SPOOL	1356	-999	P	707
1268269992907	1	RECOG_FEEDBACK	1
1268269993649	0	RECOG_PRES	15	FOOT	590	-999	P	989
1268269995008	0	RECOG_CR_PRES	15	FOOT	590	-999	P	678
1268269996017	1	RECOG_FEEDBACK	1
1268269996732	0	RECOG_PRES	15	BAG	69	-999	P	978
1268269998075	0	RECOG_CR_PRES	15	BAG	69	-999	P	779
1268269999157	1	RECOG_FEEDBACK	1
1268269999949	0	RECOG_PRES	15	ARM	38	-999	P	816
1268270001165	0	RECOG_CR_PRES	15	ARM	38	-999	P	641
1268270002148	1	RECOG_FEEDBACK	1
1268270002865	0	RECOG_PRES	15	PEDESTRIAN	1038	-999	P	1150
1268270004390	0	RECOG_CR_PRES	15	PEDESTRIAN	1038	-999	P	784
1268270005490	1	RECOG_FEEDBACK	0
1268270006257	0	RECOG_END
1268270019172	0	SESS_END
1268270019215	0	E	Logging Ends
