1278511936580	0	B	Logging Begins
1278511969422	0	START
1278511969445	1	PROB	'9 + 2 + 2 = '	'13'	1	1364	1
1278511970845	1	PROB	'4 + 5 + 1 = '	'10'	1	852	1
1278511971728	1	PROB	'2 + 6 + 1 = '	'9'	1	1153	1
1278511972912	1	PROB	'3 + 1 + 9 = '	'13'	1	1442	1
1278511974387	1	PROB	'3 + 7 + 7 = '	'17'	1	1150	1
1278511975570	1	PROB	'9 + 1 + 2 = '	'12'	1	951	1
1278511976553	1	PROB	'9 + 3 + 9 = '	'21'	1	1272	1
1278511977861	1	PROB	'8 + 1 + 6 = '	'15'	1	1173	1
1278511979071	1	PROB	'4 + 5 + 9 = '	'18'	1	1698	1
1278511980803	1	PROB	'7 + 4 + 3 = '	'14'	1	1463	1
1278511982304	1	PROB	'1 + 7 + 5 = '	'13'	1	1313	1
1278511983653	1	PROB	'8 + 3 + 7 = '	'18'	1	1260	1
1278511984952	1	PROB	'6 + 3 + 1 = '	'10'	1	793	1
1278511985777	1	PROB	'5 + 2 + 8 = '	'15'	1	1104	1
1278511986919	1	PROB	'4 + 7 + 1 = '	'12'	1	1187	1
1278511988106	0	STOP
1278512083063	0	START
1278512084229	1	PROB	'4 + 6 + 5 = '	'15'	1	1125	1
1278512085388	1	PROB	'5 + 9 + 9 = '	'23'	1	1229	1
1278512086653	1	PROB	'8 + 1 + 2 = '	'11'	1	1252	1
1278512087936	1	PROB	'1 + 3 + 5 = '	'9'	1	1033	1
1278512089004	1	PROB	'4 + 9 + 5 = '	'18'	1	1917	1
1278512090921	0	STOP
1278512169847	0	START
1278512171348	1	PROB	'4 + 8 + 2 = '	'14'	1	1205	1
1278512172588	1	PROB	'3 + 3 + 4 = '	'10'	1	1093	1
1278512173713	1	PROB	'8 + 6 + 5 = '	'19'	1	1289	1
1278512175039	1	PROB	'4 + 1 + 1 = '	'6'	1	866	1
1278512175938	1	PROB	'2 + 5 + 9 = '	'16'	1	1440	1
1278512177378	0	STOP
1278512181738	0	START
1278512182638	1	PROB	'5 + 6 + 6 = '	'17'	1	1083	1
1278512183754	1	PROB	'7 + 8 + 9 = '	'24'	1	1632	1
1278512185422	1	PROB	'1 + 2 + 1 = '	'4'	1	748	1
1278512186205	1	PROB	'4 + 4 + 6 = '	'14'	1	1165	1
1278512187405	1	PROB	'2 + 7 + 1 = '	'10'	1	877	1
1278512188282	0	STOP
1278512193571	0	START
1278512194553	1	PROB	'7 + 8 + 3 = '	'18'	1	1216	1
1278512195803	1	PROB	'5 + 2 + 8 = '	'15'	1	1118	1
1278512196953	1	PROB	'3 + 9 + 7 = '	'19'	1	992	1
1278512197978	1	PROB	'2 + 8 + 9 = '	'19'	1	879	1
1278512198895	1	PROB	'7 + 5 + 3 = '	'15'	1	1187	1
1278512200082	0	STOP
1278512205486	0	START
1278512206653	1	PROB	'2 + 1 + 4 = '	'7'	1	1076	1
1278512207769	1	PROB	'1 + 9 + 8 = '	'18'	1	944	1
1278512208744	1	PROB	'2 + 1 + 2 = '	'5'	1	841	1
1278512209619	1	PROB	'3 + 5 + 8 = '	'16'	1	1134	1
1278512210786	1	PROB	'8 + 6 + 3 = '	'17'	1	1512	1
1278512212298	0	STOP
1278512217552	0	START
1278512218394	1	PROB	'9 + 4 + 8 = '	'21'	1	1431	1
1278512219860	1	PROB	'3 + 5 + 9 = '	'17'	1	1174	1
1278512221069	1	PROB	'9 + 6 + 3 = '	'18'	1	1596	1
1278512222701	1	PROB	'3 + 1 + 8 = '	'12'	1	1445	1
1278512224146	0	STOP
1278512229510	0	START
1278512230344	1	PROB	'9 + 1 + 5 = '	'15'	1	1121	1
1278512231501	1	PROB	'5 + 5 + 1 = '	'11'	1	1004	1
1278512232542	1	PROB	'7 + 5 + 2 = '	'14'	1	2019	1
1278512234592	1	PROB	'4 + 5 + 6 = '	'15'	1	1105	1
1278512235734	1	PROB	'3 + 6 + 1 = '	'10'	1	947	1
1278512236681	0	STOP
1278512241550	0	START
1278512242442	1	PROB	'7 + 3 + 4 = '	'14'	1	904	1
1278512243384	1	PROB	'3 + 7 + 2 = '	'12'	1	1081	1
1278512244500	1	PROB	'3 + 1 + 9 = '	'13'	1	1029	1
1278512245566	1	PROB	'1 + 1 + 5 = '	'7'	1	1644	1
1278512247242	1	PROB	'8 + 4 + 7 = '	'19'	1	1112	1
1278512248354	0	STOP
1278512253766	0	START
1278512254899	1	PROB	'4 + 8 + 8 = '	'20'	1	1143	1
1278512256075	1	PROB	'5 + 8 + 9 = '	'22'	1	1430	1
1278512257541	1	PROB	'4 + 8 + 7 = '	'19'	1	1549	1
1278512259125	1	PROB	'8 + 8 + 1 = '	'17'	1	965	1
1278512260125	1	PROB	'8 + 2 + 7 = '	'17'	1	973	1
1278512261098	0	STOP
1278512265632	0	START
1278512266507	1	PROB	'8 + 4 + 6 = '	'18'	1	1366	1
1278512267906	1	PROB	'3 + 5 + 4 = '	'12'	1	1144	1
1278512269082	1	PROB	'5 + 5 + 6 = '	'16'	1	839	1
1278512269956	1	PROB	'2 + 5 + 4 = '	'11'	1	1454	1
1278512271448	1	PROB	'1 + 5 + 5 = '	'11'	1	834	1
1278512272282	0	STOP
1278512277806	0	START
1278512278631	1	PROB	'6 + 6 + 6 = '	'18'	1	954	1
1278512279622	1	PROB	'7 + 4 + 3 = '	'14'	1	1075	1
1278512280730	1	PROB	'1 + 4 + 9 = '	'14'	1	903	1
1278512281672	1	PROB	'1 + 4 + 6 = '	'14'	0	1105	1
1278512282814	1	PROB	'4 + 6 + 3 = '	'13'	1	1027	1
1278512283889	1	PROB	'1 + 7 + 5 = '	'13'	1	1608	1
1278512285497	0	STOP
1278512289864	0	START
1278512290880	1	PROB	'6 + 9 + 5 = '	'20'	1	2113	1
1278512293031	1	PROB	'1 + 5 + 2 = '	'8'	1	890	1
1278512293954	1	PROB	'5 + 4 + 8 = '	'17'	1	1384	1
1278512295372	1	PROB	'2 + 8 + 2 = '	'12'	1	870	1
1278512296280	1	PROB	'2 + 3 + 2 = '	'7'	1	1082	1
1278512297362	0	STOP
1278512302030	0	START
1278512303013	1	PROB	'2 + 4 + 6 = '	'12'	1	1125	1
1278512304171	1	PROB	'8 + 3 + 7 = '	'18'	1	1039	1
1278512305246	1	PROB	'9 + 5 + 9 = '	'23'	1	1387	1
1278512306670	1	PROB	'4 + 6 + 3 = '	'13'	1	835	1
1278512307537	1	PROB	'8 + 3 + 4 = '	'15'	1	1200	1
1278512308737	0	STOP
1278512313887	0	START
1278512315087	1	PROB	'6 + 3 + 4 = '	'13'	1	939	1
1278512316062	1	PROB	'8 + 2 + 5 = '	'15'	1	1028	1
1278512317129	1	PROB	'1 + 1 + 8 = '	'10'	1	937	1
1278512318104	1	PROB	'1 + 3 + 2 = '	'6'	1	865	1
1278512319004	1	PROB	'1 + 9 + 7 = '	'17'	1	1078	1
1278512320120	1	PROB	'1 + 1 + 5 = '	'7'	1	978	1
1278512321098	0	STOP
1278512325877	0	START
1278512326944	1	PROB	'6 + 9 + 1 = '	'16'	1	993	1
1278512327969	1	PROB	'4 + 8 + 7 = '	'19'	1	1337	1
1278512329344	1	PROB	'9 + 4 + 9 = '	'23'	0	1994	1
1278512331369	1	PROB	'2 + 1 + 2 = '	'5'	1	713	1
1278512332119	1	PROB	'6 + 3 + 3 = '	'12'	1	1378	1
1278512333497	0	STOP
1278512337877	0	START
1278512338893	1	PROB	'1 + 6 + 2 = '	'9'	1	1141	1
1278512340069	1	PROB	'7 + 1 + 8 = '	'16'	1	1205	1
1278512341310	1	PROB	'1 + 9 + 9 = '	'19'	1	1475	1
1278512342818	1	PROB	'4 + 1 + 5 = '	'10'	1	1111	1
1278512343967	1	PROB	'4 + 1 + 8 = '	'13'	1	1323	1
1278512345290	0	STOP
1278512349734	0	START
1278512350725	1	PROB	'9 + 1 + 8 = '	'18'	1	924	1
1278512351683	1	PROB	'1 + 8 + 3 = '	'12'	1	1102	1
1278512352817	1	PROB	'2 + 1 + 9 = '	'11'	0	1032	1
1278512353883	1	PROB	'6 + 2 + 3 = '	'11'	1	2094	1
1278512356017	1	PROB	'8 + 4 + 6 = '	'18'	1	1017	1
1278512357034	0	STOP
1278512361733	0	START
1278512362733	1	PROB	'8 + 7 + 4 = '	'19'	1	1493	1
1278512364259	1	PROB	'7 + 4 + 1 = '	'12'	1	1159	1
1278512365449	1	PROB	'1 + 7 + 3 = '	'11'	1	1040	1
1278512366524	1	PROB	'8 + 5 + 7 = '	'22'	0	1654	1
1278512369733	0	STOP
1278512448618	0	START
1278512450119	1	PROB	'8 + 6 + 3 = '	'17'	1	1330	1
1278512451484	1	PROB	'7 + 5 + 4 = '	'13'	0	1077	1
1278512452593	1	PROB	'5 + 2 + 5 = '	'12'	1	1056	1
1278512453684	1	PROB	'4 + 8 + 7 = '	'19'	1	1061	1
1278512454784	1	PROB	'5 + 1 + 3 = '	'9'	1	945	1
1278512455729	0	STOP
1278512460818	0	START
1278512461725	1	PROB	'3 + 3 + 8 = '	'14'	1	1052	1
1278512462809	1	PROB	'9 + 2 + 8 = '	'19'	1	1008	1
1278512463858	1	PROB	'2 + 4 + 8 = '	'14'	1	1480	1
1278512465376	1	PROB	'1 + 2 + 1 = '	'4'	1	858	1
1278512466268	1	PROB	'6 + 8 + 6 = '	'20'	1	1469	1
1278512467737	0	STOP
1278512472783	0	START
1278512473841	1	PROB	'8 + 4 + 3 = '	'15'	1	1104	1
1278512474983	1	PROB	'6 + 4 + 1 = '	'11'	1	858	1
1278512475874	1	PROB	'9 + 4 + 3 = '	'16'	1	1168	1
1278512477075	1	PROB	'8 + 3 + 1 = '	'12'	1	1239	1
1278512478350	1	PROB	'8 + 5 + 5 = '	'18'	1	852	1
1278512479242	1	PROB	'3 + 7 + 6 = '	'16'	1	904	1
1278512480146	0	STOP
1278512484849	0	START
1278512485882	1	PROB	'6 + 8 + 2 = '	'16'	1	1631	1
1278512487548	1	PROB	'6 + 2 + 3 = '	'11'	1	1077	1
1278512488665	1	PROB	'7 + 8 + 6 = '	'21'	1	1112	1
1278512489815	1	PROB	'3 + 5 + 6 = '	'14'	1	1754	1
1278512491569	0	STOP
1278512496773	0	START
1278512497906	1	PROB	'9 + 3 + 4 = '	'16'	1	1184	1
1278512499132	1	PROB	'2 + 1 + 5 = '	'8'	1	1022	1
1278512500190	1	PROB	'4 + 8 + 7 = '	'19'	1	1020	1
1278512501248	1	PROB	'4 + 2 + 2 = '	'8'	1	994	1
1278512502290	1	PROB	'2 + 3 + 5 = '	'10'	1	1519	1
1278512503809	0	STOP
1278512508781	0	START
1278512509772	1	PROB	'9 + 5 + 4 = '	'18'	1	2101	1
1278512511913	1	PROB	'3 + 6 + 2 = '	'11'	1	1193	1
1278512513147	1	PROB	'7 + 7 + 2 = '	'16'	1	1342	1
1278512514530	1	PROB	'2 + 1 + 8 = '	'11'	1	959	1
1278512515489	0	STOP
1278512520830	0	START
1278512521962	1	PROB	'8 + 6 + 1 = '	'15'	1	1184	1
1278512523188	1	PROB	'6 + 5 + 1 = '	'12'	1	934	1
1278512524172	1	PROB	'6 + 4 + 5 = '	'15'	1	998	1
1278512525205	1	PROB	'5 + 4 + 7 = '	'16'	1	1436	1
1278512526687	1	PROB	'7 + 1 + 5 = '	'13'	1	1122	1
1278512527809	0	STOP
1278512532996	0	START
1278512534104	1	PROB	'3 + 7 + 8 = '	'18'	1	1457	1
1278512535595	1	PROB	'7 + 1 + 8 = '	'16'	1	1791	1
1278512537421	1	PROB	'8 + 6 + 9 = '	'23'	1	1228	1
1278512538686	1	PROB	'5 + 8 + 9 = '	'22'	1	1556	1
1278512540242	0	STOP
1278512545187	0	START
1278512546028	1	PROB	'9 + 7 + 8 = '	'24'	1	1477	1
1278512547552	1	PROB	'2 + 5 + 4 = '	'11'	1	1097	1
1278512548694	1	PROB	'9 + 6 + 1 = '	'16'	1	1827	1
1278512550560	1	PROB	'8 + 8 + 9 = '	'27'	0	1522	1
1278512552082	0	STOP
1278512557395	0	START
1278512558593	1	PROB	'7 + 6 + 4 = '	'17'	1	1096	1
1278512559726	1	PROB	'8 + 6 + 5 = '	'198'	0	1572	1
1278512561344	1	PROB	'1 + 9 + 1 = '	'11'	1	866	1
1278512562252	1	PROB	'2 + 2 + 5 = '	'9'	1	1637	1
1278512563889	0	STOP
1278512569227	0	START
1278512570310	1	PROB	'6 + 9 + 6 = '	'21'	1	1419	1
1278512571767	1	PROB	'1 + 5 + 7 = '	'13'	1	930	1
1278512572734	1	PROB	'8 + 4 + 8 = '	'20'	1	1580	1
1278512574360	1	PROB	'3 + 9 + 1 = '	'13'	1	1010	1
1278512575409	1	PROB	'2 + 9 + 8 = '	'19'	1	1168	1
1278512576577	0	STOP
1278512581385	0	START
1278512582575	1	PROB	'8 + 8 + 7 = '	'23'	1	2418	1
1278512585042	1	PROB	'6 + 2 + 5 = '	'13'	1	1927	1
1278512587009	1	PROB	'3 + 2 + 1 = '	'6'	1	776	1
1278512587824	1	PROB	'9 + 9 + 3 = '	'21'	1	1426	1
1278512589250	0	STOP
1278512593434	0	START
1278512594366	1	PROB	'5 + 2 + 8 = '	'15'	1	1044	1
1278512595457	1	PROB	'6 + 8 + 7 = '	'21'	1	1360	1
1278512596865	1	PROB	'5 + 4 + 9 = '	'18'	1	1145	1
1278512598058	1	PROB	'2 + 9 + 2 = '	'13'	1	1240	1
1278512599341	1	PROB	'5 + 3 + 2 = '	'10'	1	1572	1
1278512600913	0	STOP
1278512605250	0	START
1278512606066	1	PROB	'6 + 4 + 5 = '	'15'	1	1312	1
1278512607416	1	PROB	'8 + 9 + 5 = '	'22'	1	1529	1
1278512608981	1	PROB	'9 + 2 + 4 = '	'15'	1	1980	1
1278512610998	1	PROB	'7 + 9 + 9 = '	'25'	1	1515	1
1278512612513	0	STOP
1278512617340	0	START
1278512618505	1	PROB	'5 + 8 + 8 = '	'21'	1	1024	1
1278512619572	1	PROB	'6 + 1 + 5 = '	'12'	1	1141	1
1278512620747	1	PROB	'7 + 1 + 5 = '	'13'	1	1030	1
1278512621813	1	PROB	'4 + 7 + 3 = '	'14'	1	988	1
1278512622847	1	PROB	'8 + 2 + 6 = '	'16'	1	978	1
1278512623825	0	STOP
1278512629339	0	START
1278512630297	1	PROB	'8 + 2 + 2 = '	'12'	1	1073	1
1278512631414	1	PROB	'6 + 6 + 4 = '	'16'	1	1012	1
1278512632471	1	PROB	'2 + 8 + 3 = '	'13'	1	963	1
1278512633479	1	PROB	'3 + 2 + 6 = '	'11'	1	2579	1
1278512636058	0	STOP
1278512641205	0	START
1278512642046	1	PROB	'1 + 1 + 9 = '	'11'	1	875	1
1278512642970	1	PROB	'1 + 3 + 5 = '	'9'	1	967	1
1278512643978	1	PROB	'2 + 3 + 6 = '	'11'	1	1032	1
1278512645046	1	PROB	'4 + 8 + 8 = '	'20'	1	1228	1
1278512646321	1	PROB	'5 + 9 + 6 = '	'20'	1	1097	1
1278512647453	1	PROB	'5 + 2 + 2 = '	'9'	1	1060	1
1278512648513	0	STOP
1278512804201	0	START
1278512805209	1	PROB	'7 + 8 + 8 = '	'23'	1	2632	1
1278512807875	1	PROB	'3 + 2 + 2 = '	'7'	1	1439	1
1278512809350	1	PROB	'1 + 8 + 1 = '	'10'	1	764	1
1278512810150	1	PROB	'6 + 6 + 7 = '	'19'	1	1299	1
1278512811449	0	STOP
1278512956148	0	START
1278512957214	1	PROB	'2 + 7 + 5 = '	'14'	1	2180	1
1278512959438	1	PROB	'1 + 2 + 9 = '	'12'	1	892	1
1278512960372	1	PROB	'6 + 5 + 3 = '	'14'	1	1565	1
1278512961980	1	PROB	'5 + 4 + 6 = '	'15'	1	1094	1
1278512963122	1	PROB	'7 + 8 + 7 = '	'23'	0	1439	1
1278512964605	1	PROB	'1 + 7 + 8 = '	'16'	1	1180	1
1278512965821	1	PROB	'3 + 9 + 8 = '	'20'	1	1405	1
1278512967272	1	PROB	'5 + 5 + 9 = '	'198'	0	1026	1
1278512968347	1	PROB	'1 + 1 + 2 = '	'4'	1	823	1
1278512969213	1	PROB	'3 + 6 + 7 = '	'16'	1	1348	1
1278512970604	1	PROB	'9 + 2 + 5 = '	'16'	1	1165	1
1278512971769	0	STOP
1278513227086	0	START
1278513228593	1	PROB	'4 + 4 + 9 = '	'17'	1	2008	1
1278513230643	1	PROB	'8 + 3 + 7 = '	'18'	1	1070	1
1278513231760	1	PROB	'6 + 8 + 9 = '	'23'	1	1225	1
1278513233027	1	PROB	'7 + 4 + 2 = '	'13'	1	1399	1
1278513234459	1	PROB	'1 + 9 + 6 = '	'16'	1	903	1
1278513235402	1	PROB	'3 + 9 + 5 = '	'17'	1	1720	1
1278513237169	1	PROB	'8 + 5 + 2 = '	'15'	1	865	1
1278513238077	1	PROB	'9 + 1 + 5 = '	'15'	1	780	1
1278513238892	1	PROB	'9 + 8 + 5 = '	'22'	1	1358	1
1278513240285	1	PROB	'2 + 3 + 2 = '	'7'	1	1180	1
1278513241509	1	PROB	'4 + 7 + 8 = '	'19'	1	1300	1
1278513242809	0	STOP
1278513247218	0	START
1278513248401	1	PROB	'5 + 1 + 6 = '	'12'	1	1104	1
1278513249542	1	PROB	'6 + 5 + 2 = '	'15'	0	1468	1
1278513251051	1	PROB	'9 + 8 + 8 = '	'23'	0	1662	1
1278513252758	1	PROB	'3 + 1 + 3 = '	'7'	1	787	1
1278513253583	1	PROB	'2 + 4 + 6 = '	'12'	1	1410	1
1278513255034	1	PROB	'2 + 8 + 5 = '	'15'	1	1120	1
1278513256192	1	PROB	'1 + 8 + 4 = '	'13'	1	1122	1
1278513257350	1	PROB	'8 + 7 + 4 = '	'19'	1	1716	1
1278513259109	1	PROB	'7 + 7 + 8 = '	'22'	1	1125	1
1278513260275	1	PROB	'2 + 8 + 8 = '	'18'	1	999	1
1278513261308	1	PROB	'4 + 3 + 6 = '	'13'	1	1445	1
1278513262753	0	STOP
1278513267117	0	START
1278513267949	1	PROB	'9 + 2 + 1 = '	'12'	1	1069	1
1278513269058	1	PROB	'6 + 3 + 7 = '	'16'	1	1471	1
1278513270573	1	PROB	'7 + 6 + 8 = '	'24'	0	1412	1
1278513272033	1	PROB	'8 + 4 + 9 = '	'21'	1	1552	1
1278513273632	1	PROB	'3 + 3 + 9 = '	'15'	1	1410	1
1278513275091	1	PROB	'7 + 4 + 2 = '	'13'	1	975	1
1278513276116	1	PROB	'6 + 1 + 1 = '	'8'	1	1517	1
1278513277681	1	PROB	'4 + 7 + 3 = '	'14'	1	1184	1
1278513278906	1	PROB	'7 + 9 + 3 = '	'19'	1	3248	1
1278513282154	0	STOP
1278513287232	0	START
1278513288331	1	PROB	'1 + 5 + 7 = '	'13'	1	1406	1
1278513289772	1	PROB	'4 + 5 + 8 = '	'17'	1	2374	1
1278513292181	1	PROB	'5 + 6 + 4 = '	'15'	1	909	1
1278513293131	1	PROB	'7 + 7 + 6 = '	'21'	0	1159	1
1278513294331	1	PROB	'4 + 5 + 8 = '	'17'	1	1430	1
1278513295796	1	PROB	'2 + 9 + 7 = '	'18'	1	1222	1
1278513297056	1	PROB	'7 + 1 + 1 = '	'9'	1	962	1
1278513298056	1	PROB	'5 + 2 + 9 = '	'16'	1	1338	1
1278513299431	1	PROB	'3 + 8 + 7 = '	'18'	1	1106	1
1278513300579	1	PROB	'1 + 8 + 3 = '	'12'	1	1479	1
1278513302058	0	STOP
1278513307080	0	START
1278513308155	1	PROB	'1 + 4 + 4 = '	'9'	1	991	1
1278513309180	1	PROB	'6 + 8 + 5 = '	'18'	0	1886	1
1278513311105	1	PROB	'8 + 3 + 8 = '	'19'	1	1233	1
1278513312380	1	PROB	'8 + 6 + 7 = '	'21'	1	2197	1
1278513314620	1	PROB	'8 + 7 + 1 = '	'16'	1	1277	1
1278513315937	1	PROB	'4 + 7 + 2 = '	'13'	1	1065	1
1278513317038	1	PROB	'2 + 5 + 6 = '	'13'	1	1843	1
1278513318928	1	PROB	'9 + 4 + 4 = '	'17'	1	1889	1
1278513320853	1	PROB	'8 + 2 + 7 = '	'17'	1	1173	1
1278513322026	0	STOP
1278513327021	0	START
1278513328070	1	PROB	'4 + 4 + 8 = '	'16'	1	1683	1
1278513329794	1	PROB	'6 + 1 + 4 = '	'11'	1	1087	1
1278513330919	1	PROB	'9 + 1 + 7 = '	'17'	1	1026	1
1278513331986	1	PROB	'6 + 2 + 5 = '	'13'	1	1751	1
1278513333777	1	PROB	'9 + 8 + 1 = '	'18'	1	992	1
1278513334810	1	PROB	'2 + 2 + 1 = '	'5'	1	839	1
1278513335685	1	PROB	'2 + 6 + 8 = '	'16'	1	1044	1
1278513336768	1	PROB	'7 + 3 + 8 = '	'18'	1	993	1
1278513337802	1	PROB	'7 + 4 + 2 = '	'13'	1	1576	1
1278513339428	1	PROB	'3 + 4 + 2 = '	'9'	1	990	1
1278513340460	1	PROB	'6 + 8 + 1 = '	'15'	1	1237	1
1278513341697	0	STOP
1278513347086	0	START
1278513348169	1	PROB	'4 + 3 + 2 = '	'9'	1	760	1
1278513348976	1	PROB	'8 + 4 + 3 = '	'15'	1	1250	1
1278513350260	1	PROB	'8 + 2 + 9 = '	'19'	1	1046	1
1278513351343	1	PROB	'7 + 7 + 1 = '	'15'	1	1091	1
1278513352467	1	PROB	'2 + 8 + 6 = '	'16'	1	911	1
1278513353418	1	PROB	'9 + 5 + 7 = '	'21'	1	1431	1
1278513354884	1	PROB	'2 + 8 + 7 = '	'17'	1	981	1
1278513355900	1	PROB	'3 + 9 + 6 = '	'18'	1	1438	1
1278513357376	1	PROB	'4 + 7 + 6 = '	'174'	0	1513	1
1278513358934	1	PROB	'8 + 5 + 8 = '	'21'	1	1396	1
1278513360368	1	PROB	'2 + 9 + 5 = '	'16'	1	1241	1
1278513361609	0	STOP
1278513367101	0	START
1278513368125	1	PROB	'8 + 1 + 2 = '	'11'	1	1157	1
1278513369317	1	PROB	'3 + 3 + 9 = '	'15'	1	1212	1
1278513370566	1	PROB	'3 + 6 + 7 = '	'16'	1	2051	1
1278513372666	1	PROB	'6 + 1 + 8 = '	'15'	1	1352	1
1278513374067	1	PROB	'4 + 5 + 5 = '	'14'	1	926	1
1278513375033	1	PROB	'1 + 9 + 8 = '	'18'	1	880	1
1278513375949	1	PROB	'5 + 7 + 2 = '	'14'	1	1932	1
1278513377924	1	PROB	'3 + 1 + 5 = '	'9'	1	1541	1
1278513379499	1	PROB	'5 + 9 + 7 = '	'21'	1	1735	1
1278513381275	1	PROB	'3 + 9 + 6 = '	'18'	1	1518	1
1278513382793	0	STOP
1278513387016	0	START
1278513388166	1	PROB	'1 + 7 + 2 = '	'10'	1	1012	1
1278513389216	1	PROB	'6 + 4 + 7 = '	'17'	1	1673	1
1278513390923	1	PROB	'8 + 9 + 5 = '	'22'	1	1103	1
1278513392074	1	PROB	'5 + 3 + 2 = '	'10'	1	791	1
1278513392906	1	PROB	'7 + 9 + 4 = '	'20'	1	1384	1
1278513394340	1	PROB	'7 + 6 + 9 = '	'23'	0	1734	1
1278513396115	1	PROB	'7 + 9 + 9 = '	'25'	1	1279	1
1278513397432	1	PROB	'8 + 1 + 3 = '	'12'	1	1017	1
1278513398489	1	PROB	'2 + 7 + 6 = '	'15'	1	1072	1
1278513399597	1	PROB	'9 + 7 + 3 = '	'19'	1	1725	1
1278513401356	1	PROB	'8 + 7 + 3 = '	'18'	1	1070	1
1278513402426	0	STOP
1278513406939	0	START
1278513407763	1	PROB	'8 + 7 + 5 = '	'20'	1	1006	1
1278513408805	1	PROB	'2 + 2 + 5 = '	'9'	1	1341	1
1278513410181	1	PROB	'4 + 1 + 1 = '	'6'	1	748	1
1278513410963	1	PROB	'9 + 3 + 1 = '	'13'	1	1974	1
1278513412971	1	PROB	'8 + 4 + 8 = '	'20'	1	1327	1
1278513414339	1	PROB	'3 + 9 + 1 = '	'13'	1	1079	1
1278513415454	1	PROB	'4 + 1 + 7 = '	'12'	1	1972	1
1278513417471	1	PROB	'5 + 4 + 2 = '	'11'	1	2699	1
1278513420213	1	PROB	'5 + 1 + 9 = '	'15'	1	1053	1
1278513422938	0	STOP
1278513427055	0	START
1278513428054	1	PROB	'8 + 3 + 2 = '	'13'	1	1316	1
1278513429404	1	PROB	'5 + 4 + 8 = '	'17'	1	1654	1
1278513431104	1	PROB	'7 + 5 + 3 = '	'15'	1	1154	1
1278513432296	1	PROB	'5 + 3 + 5 = '	'13'	1	1153	1
1278513433495	1	PROB	'2 + 1 + 2 = '	'5'	1	731	1
1278513434262	1	PROB	'9 + 5 + 8 = '	'22'	1	1331	1
1278513435628	1	PROB	'6 + 8 + 9 = '	'23'	1	1293	1
1278513436961	1	PROB	'3 + 3 + 9 = '	'15'	1	1776	1
1278513438778	1	PROB	'1 + 7 + 8 = '	'16'	1	1103	1
1278513439919	1	PROB	'8 + 4 + 7 = '	'19'	1	1522	1
1278513441486	1	PROB	'3 + 4 + 2 = '	'9'	1	828	1
1278513442314	0	STOP
1278513446911	0	START
1278513447718	1	PROB	'8 + 3 + 8 = '	'198'	0	1380	1
1278513449144	1	PROB	'2 + 8 + 6 = '	'16'	1	978	1
1278513450161	1	PROB	'2 + 5 + 7 = '	'14'	1	1528	1
1278513451735	1	PROB	'9 + 7 + 5 = '	'21'	1	1210	1
1278513452985	1	PROB	'4 + 3 + 9 = '	'16'	1	1752	1
1278513454785	1	PROB	'1 + 6 + 1 = '	'8'	1	744	1
1278513455568	1	PROB	'8 + 8 + 9 = '	'23'	0	1089	1
1278513456701	1	PROB	'8 + 6 + 1 = '	'15'	1	1988	1
1278513458726	1	PROB	'6 + 8 + 7 = '	'21'	1	1227	1
1278513459993	1	PROB	'2 + 3 + 1 = '	'6'	1	752	1
1278513460793	1	PROB	'2 + 5 + 9 = '	'16'	1	1233	1
1278513462026	0	STOP
1278513466909	0	START
1278513467775	1	PROB	'3 + 4 + 6 = '	'13'	1	1154	1
1278513468984	1	PROB	'5 + 4 + 5 = '	'14'	1	1050	1
1278513470076	1	PROB	'9 + 9 + 7 = '	'25'	1	2094	1
1278513472218	1	PROB	'4 + 3 + 2 = '	'9'	1	808	1
1278513473076	1	PROB	'1 + 7 + 9 = '	'17'	1	1198	1
1278513474318	1	PROB	'7 + 3 + 4 = '	'14'	1	1587	1
1278513475950	1	PROB	'6 + 9 + 3 = '	'18'	1	1340	1
1278513477334	1	PROB	'7 + 1 + 6 = '	'14'	1	988	1
1278513478367	1	PROB	'3 + 9 + 9 = '	'21'	1	1274	1
1278513479683	1	PROB	'2 + 9 + 4 = '	'15'	1	1054	1
1278513480783	1	PROB	'5 + 9 + 9 = '	'23'	1	1635	1
1278513482418	0	STOP
1278513486758	0	START
1278513487699	1	PROB	'9 + 6 + 7 = '	'23'	0	1094	1
1278513488832	1	PROB	'1 + 3 + 2 = '	'6'	1	737	1
1278513489607	1	PROB	'7 + 1 + 9 = '	'17'	1	1050	1
1278513490699	1	PROB	'3 + 2 + 3 = '	'8'	1	1078	1
1278513491815	1	PROB	'1 + 6 + 7 = '	'14'	1	1066	1
1278513492915	1	PROB	'2 + 9 + 4 = '	'15'	1	1159	1
1278513494108	1	PROB	'8 + 2 + 3 = '	'13'	1	1902	1
1278513496049	1	PROB	'7 + 6 + 1 = '	'14'	1	1041	1
1278513497124	1	PROB	'9 + 8 + 8 = '	'23'	0	1118	1
1278513498282	1	PROB	'4 + 1 + 9 = '	'14'	1	1487	1
1278513499806	1	PROB	'6 + 1 + 6 = '	'13'	1	1763	1
1278513501569	0	STOP
1278513506723	0	START
1278513507897	1	PROB	'8 + 5 + 8 = '	'23'	0	1113	1
1278513509057	1	PROB	'5 + 4 + 9 = '	'18'	1	1384	1
1278513510489	1	PROB	'8 + 6 + 3 = '	'17'	1	1769	1
1278513512298	1	PROB	'5 + 2 + 9 = '	'16'	1	1151	1
1278513513489	1	PROB	'5 + 5 + 1 = '	'11'	1	841	1
1278513514365	1	PROB	'6 + 4 + 6 = '	'16'	1	949	1
1278513515356	1	PROB	'3 + 5 + 4 = '	'15'	0	1405	1
1278513516805	1	PROB	'7 + 8 + 1 = '	'16'	1	1652	1
1278513518505	1	PROB	'9 + 3 + 5 = '	'17'	1	1529	1
1278513520073	1	PROB	'1 + 4 + 6 = '	'11'	1	864	1
1278513520971	1	PROB	'2 + 2 + 6 = '	'10'	1	1302	3
1278513522273	2	STOP
1278513526813	0	START
1278513527788	1	PROB	'8 + 8 + 2 = '	'12'	0	765	1
1278513528587	1	PROB	'7 + 3 + 9 = '	'19'	1	2783	1
1278513531405	1	PROB	'9 + 3 + 7 = '	'19'	1	1148	1
1278513532596	1	PROB	'3 + 9 + 6 = '	'18'	1	1414	1
1278513534046	1	PROB	'1 + 6 + 6 = '	'13'	1	1260	1
1278513535346	1	PROB	'2 + 2 + 3 = '	'7'	1	1072	1
1278513536454	1	PROB	'5 + 4 + 6 = '	'15'	1	1019	1
1278513537512	1	PROB	'6 + 5 + 6 = '	'17'	1	1490	1
1278513539038	1	PROB	'7 + 6 + 4 = '	'17'	1	931	1
1278513540004	1	PROB	'5 + 1 + 1 = '	'7'	1	853	1
1278513540895	1	PROB	'6 + 7 + 3 = '	'16'	1	1267	1
1278513542162	0	STOP
1278513546836	0	START
1278513547694	1	PROB	'3 + 8 + 3 = '	'14'	1	1187	1
1278513548928	1	PROB	'2 + 1 + 8 = '	'11'	1	1354	1
1278513550329	1	PROB	'8 + 3 + 1 = '	'12'	1	2136	1
1278513552502	1	PROB	'7 + 5 + 9 = '	'21'	1	1267	1
1278513553811	1	PROB	'7 + 9 + 3 = '	'19'	1	1399	1
1278513555253	1	PROB	'6 + 1 + 9 = '	'16'	1	1268	1
1278513556560	1	PROB	'7 + 3 + 6 = '	'16'	1	1057	1
1278513557660	1	PROB	'7 + 7 + 5 = '	'19'	1	1173	1
1278513558877	1	PROB	'9 + 1 + 7 = '	'17'	1	1181	1
1278513560103	1	PROB	'3 + 5 + 4 = '	'12'	1	1227	1
1278513561330	0	STOP
1278513643264	0	START
1278513644771	1	PROB	'5 + 9 + 3 = '	'17'	1	1166	1
1278513645987	1	PROB	'5 + 7 + 3 = '	'15'	1	1023	1
1278513647046	1	PROB	'4 + 9 + 7 = '	'20'	1	1459	1
1278513648545	1	PROB	'9 + 1 + 7 = '	'17'	1	960	1
1278513649553	1	PROB	'3 + 8 + 1 = '	'12'	1	1513	1
1278513651066	0	STOP
1278513655129	0	START
1278513656246	1	PROB	'2 + 2 + 3 = '	'7'	1	868	1
1278513657154	1	PROB	'2 + 2 + 3 = '	'7'	1	599	1
1278513657803	1	PROB	'6 + 5 + 6 = '	'17'	1	1303	1
1278513659154	1	PROB	'5 + 3 + 1 = '	'9'	1	799	1
1278513659994	1	PROB	'2 + 2 + 7 = '	'11'	1	1376	1
1278513661412	1	PROB	'6 + 4 + 2 = '	'125'	0	934	1
1278513662346	0	STOP
1278513667045	0	START
1278513668070	1	PROB	'8 + 6 + 8 = '	'22'	1	1204	1
1278513669311	1	PROB	'3 + 8 + 1 = '	'12'	1	891	1
1278513670236	1	PROB	'8 + 2 + 6 = '	'16'	1	1453	1
1278513671727	1	PROB	'8 + 3 + 5 = '	'16'	1	1691	1
1278513673452	1	PROB	'8 + 1 + 4 = '	'13'	1	910	1
1278513674362	0	STOP
1278513678977	0	START
1278513679785	1	PROB	'8 + 5 + 3 = '	'16'	1	1521	1
1278513681352	1	PROB	'9 + 6 + 6 = '	'21'	1	1129	1
1278513682526	1	PROB	'2 + 6 + 1 = '	'9'	1	987	1
1278513683551	1	PROB	'8 + 2 + 4 = '	'14'	1	883	1
1278513684467	1	PROB	'4 + 3 + 2 = '	'9'	1	743	1
1278513685260	1	PROB	'3 + 8 + 3 = '	'14'	1	1189	1
1278513686449	0	STOP
1278513691185	0	START
1278513692043	1	PROB	'9 + 2 + 8 = '	'19'	1	967	1
1278513693051	1	PROB	'3 + 6 + 5 = '	'14'	1	1143	1
1278513694235	1	PROB	'1 + 5 + 1 = '	'7'	1	823	1
1278513695101	1	PROB	'1 + 3 + 5 = '	'9'	1	820	1
1278513695967	1	PROB	'8 + 7 + 1 = '	'16'	1	930	1
1278513696942	1	PROB	'2 + 5 + 7 = '	'14'	1	2051	1
1278513698993	0	STOP
1278513703243	0	START
1278513704441	1	PROB	'5 + 4 + 2 = '	'11'	1	1480	1
1278513705966	1	PROB	'8 + 5 + 7 = '	'22'	0	2076	1
1278513708092	1	PROB	'8 + 8 + 8 = '	'27'	0	1541	1
1278513709674	1	PROB	'7 + 2 + 4 = '	'13'	1	1464	1
1278513711138	0	STOP
1278513715300	0	START
1278513716141	1	PROB	'3 + 4 + 9 = '	'16'	1	1285	1
1278513717465	1	PROB	'8 + 5 + 8 = '	'21'	1	1176	1
1278513718682	1	PROB	'1 + 3 + 2 = '	'6'	1	744	1
1278513719465	1	PROB	'3 + 8 + 4 = '	'15'	1	1464	1
1278513720965	1	PROB	'1 + 9 + 8 = '	'18'	1	1004	1
1278513721969	0	STOP
1278513727324	0	START
1278513728514	1	PROB	'9 + 9 + 9 = '	'27'	1	1031	1
1278513729581	1	PROB	'8 + 8 + 2 = '	'18'	1	1485	1
1278513731115	1	PROB	'9 + 9 + 2 = '	'20'	1	1079	1
1278513732232	1	PROB	'1 + 4 + 1 = '	'6'	1	826	1
1278513733098	1	PROB	'5 + 6 + 5 = '	'16'	1	1256	1
1278513734354	0	STOP
1278513739382	0	START
1278513740239	1	PROB	'2 + 7 + 9 = '	'18'	1	1787	1
1278513742073	1	PROB	'9 + 4 + 3 = '	'16'	1	1281	1
1278513743389	1	PROB	'8 + 5 + 2 = '	'15'	1	1068	1
1278513744505	1	PROB	'4 + 5 + 4 = '	'13'	1	2601	1
1278513747106	0	STOP
1278513751513	0	START
1278513752496	1	PROB	'7 + 7 + 5 = '	'19'	1	1249	1
1278513753779	1	PROB	'4 + 5 + 5 = '	'14'	1	1070	1
1278513754887	1	PROB	'4 + 6 + 6 = '	'16'	1	922	1
1278513755846	1	PROB	'5 + 7 + 9 = '	'21'	1	1731	1
1278513757612	1	PROB	'3 + 5 + 9 = '	'17'	1	1237	1
1278513758849	0	STOP
1278513763363	0	START
1278513764562	1	PROB	'2 + 9 + 6 = '	'17'	1	1359	1
1278513765961	1	PROB	'7 + 9 + 4 = '	'20'	1	1600	1
1278513767595	1	PROB	'1 + 3 + 1 = '	'5'	1	862	1
1278513768495	1	PROB	'9 + 1 + 2 = '	'12'	1	1194	1
1278513769728	1	PROB	'3 + 6 + 3 = '	'12'	1	1225	1
1278513770953	0	STOP
1278513775220	0	START
1278513776237	1	PROB	'1 + 4 + 5 = '	'10'	1	1069	1
1278513777345	1	PROB	'5 + 7 + 7 = '	'19'	1	1424	1
1278513778811	1	PROB	'1 + 3 + 6 = '	'10'	1	1126	1
1278513779977	1	PROB	'7 + 7 + 4 = '	'18'	1	1185	1
1278513781203	1	PROB	'8 + 3 + 2 = '	'13'	1	1071	1
1278513782274	0	STOP
1278513787203	0	START
1278513788103	1	PROB	'5 + 8 + 1 = '	'14'	1	2346	1
1278513790485	1	PROB	'1 + 2 + 2 = '	'5'	1	669	1
1278513791194	1	PROB	'4 + 4 + 2 = '	'10'	1	1383	1
1278513792618	1	PROB	'2 + 1 + 4 = '	'7'	1	1007	1
1278513793668	1	PROB	'6 + 4 + 8 = '	'18'	1	1029	1
1278513794697	0	STOP
1278513799052	0	START
1278513800002	1	PROB	'6 + 8 + 3 = '	'17'	1	1503	1
1278513801542	1	PROB	'8 + 9 + 4 = '	'21'	1	1219	1
1278513802800	1	PROB	'7 + 2 + 5 = '	'14'	1	1713	1
1278513804559	1	PROB	'5 + 9 + 8 = '	'22'	1	1242	1
1278513805801	0	STOP
1278513810884	0	START
1278513811916	1	PROB	'4 + 4 + 1 = '	'9'	1	917	1
1278513812883	1	PROB	'1 + 2 + 6 = '	'9'	1	1199	1
1278513814117	1	PROB	'7 + 2 + 7 = '	'16'	1	1820	1
1278513815974	1	PROB	'2 + 6 + 1 = '	'9'	1	923	1
1278513816933	1	PROB	'1 + 7 + 4 = '	'13'	0	1093	1
1278513818026	0	STOP
1278513822849	0	START
1278513823965	1	PROB	'4 + 9 + 7 = '	'20'	1	1181	1
1278513825183	1	PROB	'3 + 7 + 9 = '	'19'	1	1203	1
1278513826433	1	PROB	'2 + 2 + 4 = '	'8'	1	1769	1
1278513828241	1	PROB	'7 + 6 + 9 = '	'22'	1	1528	1
1278513829769	0	STOP
1278513835057	0	START
1278513836066	1	PROB	'7 + 5 + 4 = '	'16'	1	1304	1
1278513837407	1	PROB	'3 + 6 + 4 = '	'13'	1	979	1
1278513838432	1	PROB	'1 + 9 + 6 = '	'16'	1	1161	1
1278513839631	1	PROB	'3 + 2 + 6 = '	'11'	1	1210	1
1278513840881	1	PROB	'4 + 2 + 9 = '	'15'	1	1361	1
1278513842242	0	STOP
1278514067648	0	START
1278514069148	1	PROB	'2 + 3 + 5 = '	'10'	1	837	1
1278514070023	1	PROB	'7 + 4 + 7 = '	'18'	1	1403	1
1278514071464	1	PROB	'1 + 1 + 5 = '	'7'	1	826	1
1278514072340	1	PROB	'7 + 2 + 6 = '	'15'	1	2822	1
1278514075198	1	PROB	'4 + 9 + 3 = '	'16'	1	1228	1
1278514076463	1	PROB	'3 + 9 + 9 = '	'21'	1	1458	1
1278514077955	1	PROB	'5 + 3 + 9 = '	'17'	1	1303	1
1278514079297	1	PROB	'7 + 8 + 4 = '	'19'	1	1400	1
1278514080738	1	PROB	'3 + 9 + 7 = '	'19'	1	1079	1
1278514081855	1	PROB	'5 + 6 + 6 = '	'17'	1	1211	1
1278514083066	0	STOP
1278514087646	0	START
1278514088637	1	PROB	'6 + 8 + 1 = '	'15'	1	1445	1
1278514090122	1	PROB	'8 + 6 + 6 = '	'20'	1	1240	1
1278514091405	1	PROB	'1 + 9 + 8 = '	'18'	1	997	1
1278514092437	1	PROB	'8 + 2 + 1 = '	'11'	1	1180	1
1278514093654	1	PROB	'2 + 5 + 2 = '	'9'	1	1051	1
1278514094754	1	PROB	'9 + 3 + 3 = '	'15'	1	1384	1
1278514096188	1	PROB	'5 + 7 + 9 = '	'21'	1	2062	1
1278514098288	1	PROB	'4 + 3 + 2 = '	'9'	1	762	1
1278514099088	1	PROB	'6 + 2 + 2 = '	'10'	1	1346	1
1278514100478	1	PROB	'5 + 1 + 2 = '	'8'	1	820	1
1278514101337	1	PROB	'2 + 7 + 2 = '	'11'	1	1288	1
1278514102625	0	STOP
1278514107795	0	START
1278514108903	1	PROB	'5 + 7 + 7 = '	'19'	1	1074	1
1278514110012	1	PROB	'9 + 7 + 3 = '	'19'	1	2725	1
1278514112777	1	PROB	'5 + 5 + 7 = '	'17'	1	1144	1
1278514113961	1	PROB	'4 + 8 + 2 = '	'14'	1	1000	1
1278514115003	1	PROB	'4 + 9 + 4 = '	'17'	1	1454	1
1278514116494	1	PROB	'9 + 2 + 8 = '	'19'	1	1155	1
1278514117694	1	PROB	'2 + 9 + 8 = '	'19'	1	987	1
1278514118727	1	PROB	'6 + 9 + 8 = '	'23'	1	2098	1
1278514120868	1	PROB	'3 + 4 + 2 = '	'9'	1	885	1
1278514121793	1	PROB	'2 + 4 + 4 = '	'10'	1	968	1
1278514122761	0	STOP
1278514127827	0	START
1278514128934	1	PROB	'9 + 4 + 2 = '	'15'	1	1603	1
1278514130584	1	PROB	'8 + 6 + 3 = '	'17'	1	1297	1
1278514131917	1	PROB	'7 + 4 + 2 = '	'13'	1	2700	1
1278514134651	1	PROB	'9 + 2 + 4 = '	'15'	1	1431	1
1278514136118	1	PROB	'8 + 4 + 5 = '	'17'	1	1411	1
1278514137567	1	PROB	'9 + 4 + 8 = '	'21'	1	2491	1
1278514140101	1	PROB	'1 + 7 + 3 = '	'11'	1	1037	1
1278514141185	1	PROB	'9 + 9 + 8 = '	'28'	0	2296	1
1278514143481	0	STOP
1278514147992	0	START
1278514149092	1	PROB	'7 + 2 + 9 = '	'18'	1	1445	1
1278514150574	1	PROB	'4 + 4 + 6 = '	'14'	1	947	1
1278514151566	1	PROB	'8 + 7 + 7 = '	'22'	1	1235	1
1278514152849	1	PROB	'3 + 1 + 3 = '	'7'	1	824	1
1278514153708	1	PROB	'8 + 9 + 9 = '	'26'	1	1901	1
1278514155657	1	PROB	'6 + 2 + 5 = '	'13'	1	1976	1
1278514157682	1	PROB	'1 + 8 + 6 = '	'15'	1	2079	1
1278514159807	1	PROB	'1 + 1 + 3 = '	'5'	1	1178	1
1278514161025	1	PROB	'2 + 3 + 2 = '	'7'	1	960	1
1278514162025	1	PROB	'2 + 8 + 7 = '	'17'	1	1321	1
1278514163346	0	STOP
1278514167999	0	START
1278514168940	1	PROB	'2 + 5 + 9 = '	'16'	1	1254	1
1278514170241	1	PROB	'3 + 5 + 1 = '	'9'	1	881	1
1278514171157	1	PROB	'9 + 6 + 8 = '	'23'	1	1796	1
1278514172998	1	PROB	'1 + 3 + 9 = '	'13'	1	1332	1
1278514174365	1	PROB	'3 + 5 + 8 = '	'16'	1	1316	1
1278514175731	1	PROB	'8 + 6 + 1 = '	'15'	1	2238	1
1278514178015	1	PROB	'6 + 7 + 4 = '	'17'	1	962	1
1278514179023	1	PROB	'1 + 6 + 8 = '	'15'	1	1155	1
1278514180223	1	PROB	'9 + 1 + 1 = '	'11'	1	1011	1
1278514181281	1	PROB	'1 + 6 + 9 = '	'16'	1	1041	1
1278514182365	1	PROB	'2 + 2 + 2 = '	'6'	1	853	1
1278514183218	0	STOP
1278514188165	0	START
1278514189223	1	PROB	'5 + 4 + 7 = '	'16'	1	1594	1
1278514190855	1	PROB	'3 + 1 + 7 = '	'11'	1	1155	1
1278514192047	1	PROB	'9 + 4 + 7 = '	'20'	1	1922	1
1278514194014	1	PROB	'6 + 9 + 9 = '	'24'	1	2404	1
1278514196463	1	PROB	'2 + 2 + 5 = '	'9'	1	1010	1
1278514197521	1	PROB	'2 + 4 + 4 = '	'10'	1	1064	1
1278514198621	1	PROB	'6 + 9 + 7 = '	'2'	0	2268	1
1278514200929	1	PROB	'8 + 8 + 3 = '	'19'	1	2265	1
1278514203194	0	STOP
1278514208146	0	START
1278514208970	1	PROB	'8 + 9 + 5 = '	'22'	1	1456	1
1278514210470	1	PROB	'7 + 2 + 8 = '	'17'	1	1011	1
1278514211528	1	PROB	'6 + 5 + 9 = '	'20'	1	1377	1
1278514212953	1	PROB	'9 + 3 + 5 = '	'17'	1	1345	1
1278514214337	1	PROB	'8 + 7 + 1 = '	'16'	1	1017	1
1278514215396	1	PROB	'3 + 6 + 3 = '	'12'	1	1421	1
1278514216853	1	PROB	'5 + 3 + 6 = '	'11'	0	1764	1
1278514218653	1	PROB	'1 + 7 + 7 = '	'15'	1	1084	1
1278514219778	1	PROB	'9 + 1 + 2 = '	'12'	1	991	1
1278514220819	1	PROB	'5 + 4 + 2 = '	'11'	1	1543	1
1278514222412	1	PROB	'5 + 1 + 2 = '	'8'	1	846	1
1278514223258	0	STOP
1278514228345	0	START
1278514229320	1	PROB	'5 + 1 + 8 = '	'14'	1	1114	1
1278514230468	1	PROB	'8 + 8 + 4 = '	'20'	1	1053	1
1278514231568	1	PROB	'9 + 2 + 6 = '	'15'	0	1674	1
1278514233286	1	PROB	'4 + 2 + 1 = '	'7'	1	1155	1
1278514234485	1	PROB	'6 + 5 + 7 = '	'18'	1	1484	1
1278514236019	1	PROB	'2 + 4 + 2 = '	'8'	1	1702	1
1278514237760	1	PROB	'6 + 9 + 2 = '	'17'	1	2522	1
1278514240327	1	PROB	'3 + 9 + 7 = '	'19'	1	2011	1
1278514242385	1	PROB	'1 + 6 + 3 = '	'10'	1	1777	1
1278514244162	0	STOP
1278514248459	0	START
1278514249310	1	PROB	'2 + 6 + 9 = '	'17'	1	1259	1
1278514250617	1	PROB	'5 + 1 + 3 = '	'9'	1	920	1
1278514251584	1	PROB	'4 + 8 + 9 = '	'21'	1	1289	1
1278514252917	1	PROB	'7 + 8 + 5 = '	'20'	1	2125	1
1278514255093	1	PROB	'5 + 9 + 8 = '	'22'	1	1452	1
1278514256592	1	PROB	'2 + 2 + 5 = '	'9'	1	1265	1
1278514257900	1	PROB	'2 + 9 + 8 = '	'19'	1	1797	1
1278514259741	1	PROB	'2 + 8 + 7 = '	'17'	1	1357	1
1278514261134	1	PROB	'7 + 2 + 7 = '	'16'	1	1459	1
1278514262641	1	PROB	'1 + 3 + 3 = '	'7'	1	721	1
1278514263362	0	STOP
1278514268516	0	START
1278514269591	1	PROB	'8 + 8 + 6 = '	'22'	1	1467	1
1278514271108	1	PROB	'5 + 6 + 5 = '	'16'	1	1134	1
1278514272291	1	PROB	'8 + 4 + 1 = '	'13'	1	1294	1
1278514273624	1	PROB	'5 + 6 + 5 = '	'16'	1	889	1
1278514274548	1	PROB	'6 + 1 + 9 = '	'16'	1	949	1
1278514275540	1	PROB	'3 + 8 + 7 = '	'18'	1	933	1
1278514276515	1	PROB	'9 + 1 + 5 = '	'15'	1	990	1
1278514277540	1	PROB	'2 + 8 + 1 = '	'11'	1	909	1
1278514278490	1	PROB	'9 + 4 + 7 = '	'20'	1	2495	1
1278514281032	1	PROB	'7 + 3 + 4 = '	'14'	1	1306	1
1278514282382	1	PROB	'5 + 1 + 9 = '	'15'	1	900	1
1278514283282	0	STOP
1278514288565	0	START
1278514289456	1	PROB	'7 + 8 + 8 = '	'23'	1	1257	1
1278514290756	1	PROB	'8 + 3 + 8 = '	'19'	1	1550	1
1278514292348	1	PROB	'9 + 9 + 6 = '	'27'	0	1213	1
1278514293605	1	PROB	'7 + 6 + 4 = '	'17'	1	1980	1
1278514295622	1	PROB	'4 + 4 + 6 = '	'14'	1	1796	1
1278514297463	1	PROB	'9 + 4 + 7 = '	'20'	1	2050	1
1278514299555	1	PROB	'4 + 7 + 8 = '	'19'	1	1166	1
1278514300772	1	PROB	'2 + 6 + 7 = '	'15'	1	1510	1
1278514302323	1	PROB	'3 + 1 + 3 = '	'7'	1	815	1
1278514303138	0	STOP
1278514308397	0	START
1278514309255	1	PROB	'7 + 2 + 6 = '	'20'	0	1730	1
1278514311022	1	PROB	'1 + 6 + 4 = '	'11'	1	1307	3
1278514312372	1	PROB	'7 + 6 + 2 = '	'15'	1	2046	1
1278514314454	1	PROB	'2 + 8 + 9 = '	'19'	1	972	1
1278514315471	1	PROB	'7 + 2 + 4 = '	'13'	1	1226	1
1278514316745	1	PROB	'4 + 8 + 6 = '	'18'	1	1473	1
1278514318255	1	PROB	'6 + 7 + 5 = '	'18'	1	1755	1
1278514320055	1	PROB	'9 + 6 + 5 = '	'20'	1	1275	1
1278514321379	1	PROB	'6 + 6 + 1 = '	'13'	1	847	1
1278514322263	1	PROB	'5 + 9 + 7 = '	'21'	1	1658	1
1278514323921	0	STOP
1278514328462	0	START
1278514329304	1	PROB	'3 + 6 + 6 = '	'15'	1	1050	1
1278514330395	1	PROB	'7 + 9 + 2 = '	'18'	1	2198	1
1278514332628	1	PROB	'7 + 5 + 4 = '	'16'	1	1229	1
1278514333894	1	PROB	'4 + 8 + 1 = '	'13'	1	891	1
1278514334819	1	PROB	'7 + 1 + 4 = '	'12'	1	982	1
1278514335836	1	PROB	'2 + 2 + 1 = '	'5'	1	765	1
1278514336636	1	PROB	'6 + 4 + 3 = '	'13'	1	1045	1
1278514337719	1	PROB	'2 + 8 + 6 = '	'16'	1	1355	1
1278514339111	1	PROB	'9 + 1 + 9 = '	'19'	1	1939	1
1278514341086	1	PROB	'8 + 7 + 9 = '	'24'	1	1435	1
1278514342560	1	PROB	'5 + 1 + 2 = '	'8'	1	866	1
1278514343426	0	STOP
1278514348411	0	START
1278514349411	1	PROB	'6 + 9 + 9 = '	'24'	1	1478	1
1278514350926	1	PROB	'3 + 1 + 3 = '	'7'	1	835	1
1278514351801	1	PROB	'1 + 6 + 8 = '	'15'	1	1192	1
1278514353035	1	PROB	'3 + 6 + 2 = '	'11'	1	1422	1
1278514354493	1	PROB	'8 + 9 + 7 = '	'24'	1	1773	1
1278514356310	1	PROB	'1 + 9 + 6 = '	'17'	0	1155	1
1278514357509	1	PROB	'4 + 2 + 1 = '	'7'	1	1068	1
1278514358617	1	PROB	'1 + 5 + 4 = '	'10'	1	920	1
1278514359576	1	PROB	'7 + 3 + 1 = '	'11'	1	865	1
1278514360475	1	PROB	'7 + 7 + 8 = '	'22'	1	1118	1
1278514361634	1	PROB	'4 + 6 + 2 = '	'12'	1	1368	1
1278514363002	0	STOP
1278514368442	0	START
1278514369376	1	PROB	'2 + 7 + 4 = '	'13'	1	2377	1
1278514371800	1	PROB	'5 + 8 + 3 = '	'16'	1	2618	1
1278514374458	1	PROB	'2 + 1 + 3 = '	'6'	1	752	1
1278514375250	1	PROB	'4 + 8 + 9 = '	'21'	1	1359	1
1278514376658	1	PROB	'2 + 3 + 6 = '	'11'	1	1319	1
1278514378025	1	PROB	'4 + 1 + 8 = '	'13'	1	1145	1
1278514379217	1	PROB	'3 + 6 + 6 = '	'19'	0	1456	1
1278514380716	1	PROB	'9 + 3 + 3 = '	'15'	1	1917	1
1278514382682	1	PROB	'2 + 9 + 9 = '	'21'	0	1143	1
1278514383825	0	STOP
1278514388366	0	START
1278514389408	1	PROB	'1 + 9 + 1 = '	'11'	1	1097	1
1278514390540	1	PROB	'2 + 1 + 1 = '	'4'	1	798	1
1278514391382	1	PROB	'6 + 7 + 3 = '	'16'	1	1323	1
1278514392748	1	PROB	'4 + 6 + 2 = '	'12'	1	997	1
1278514393790	1	PROB	'5 + 2 + 1 = '	'8'	1	1123	1
1278514394956	1	PROB	'2 + 6 + 9 = '	'17'	1	1398	1
1278514396390	1	PROB	'6 + 2 + 8 = '	'16'	1	1179	1
1278514397606	1	PROB	'5 + 3 + 6 = '	'14'	1	1580	1
1278514399224	1	PROB	'9 + 2 + 3 = '	'14'	1	1289	1
1278514400548	1	PROB	'4 + 6 + 6 = '	'16'	1	1373	1
1278514401956	1	PROB	'2 + 8 + 8 = '	'18'	1	1174	1
1278514403130	0	STOP
1278514600275	0	START
1278514601233	1	PROB	'7 + 6 + 1 = '	'14'	1	2320	1
1278514603599	1	PROB	'9 + 9 + 2 = '	'20'	1	1050	1
1278514604691	1	PROB	'7 + 2 + 2 = '	'11'	1	2086	1
1278514606777	0	STOP
1278514754289	0	START
1278514755305	1	PROB	'5 + 6 + 8 = '	'19'	1	1608	1
1278514756962	1	PROB	'1 + 8 + 1 = '	'10'	1	927	1
1278514757937	1	PROB	'8 + 2 + 9 = '	'19'	1	1073	1
1278514759047	1	PROB	'7 + 1 + 7 = '	'15'	1	1019	1
1278514760113	1	PROB	'4 + 8 + 4 = '	'16'	1	1696	1
1278514761854	1	PROB	'3 + 4 + 3 = '	'10'	1	1228	1
1278514763121	1	PROB	'6 + 4 + 4 = '	'14'	1	993	1
1278514764155	1	PROB	'8 + 6 + 1 = '	'15'	1	1175	1
1278514765371	1	PROB	'4 + 9 + 5 = '	'18'	1	1342	1
1278514766753	1	PROB	'1 + 1 + 4 = '	'6'	1	816	1
1278514767612	1	PROB	'9 + 1 + 2 = '	'12'	1	1566	1
1278514769178	0	STOP
1278515910901	0	E	Logging Ends
