1278511936580	0	B	Logging Begins
1278511936580	0	SESS_START	10
1278512019666	1	FR_PRES	0	TRAY	1498	1	0	1183	(0.42259999999999998, 0.58709999999999996, 0)	../fonts/zerothre.ttf	upper
1278512023650	1	FR_PRES	0	HORSE	719	1	1	951	(0.42259999999999998, 0.58709999999999996, 0)	../fonts/zerothre.ttf	upper
1278512027549	1	FR_PRES	0	WASHER	1592	1	0	1412	(0.42259999999999998, 0.58709999999999996, 0)	../fonts/zerothre.ttf	upper
1278512031408	1	FR_PRES	0	ATTIRE	57	1	0	1497	(0.42259999999999998, 0.58709999999999996, 0)	../fonts/zerothre.ttf	upper
1278512035565	1	FR_PRES	0	DRAWING	494	0	0	1549	(0.57740000000000002, 0.41289999999999999, 1.0)	../fonts/amplitud.ttf	lower
1278512039498	1	FR_PRES	0	AGENT	10	0	1	1391	(0.57740000000000002, 0.41289999999999999, 1.0)	../fonts/amplitud.ttf	lower
1278512043690	1	FR_PRES	0	SENATE	1267	1	0	1464	(0.42259999999999998, 0.58709999999999996, 0)	../fonts/zerothre.ttf	upper
1278512047856	1	FR_PRES	0	CONE	363	1	0	1849	(0.42259999999999998, 0.58709999999999996, 0)	../fonts/zerothre.ttf	upper
1278512052048	1	FR_PRES	0	SHORTCAKE	1292	1	0	1681	(0.42259999999999998, 0.58709999999999996, 0)	../fonts/zerothre.ttf	upper
1278512055997	1	FR_PRES	0	SLEEVE	1324	1	0	1796	(0.42259999999999998, 0.58709999999999996, 0)	../fonts/zerothre.ttf	upper
1278512060173	1	FR_PRES	0	CEREAL	272	0	0	1748	(0.57740000000000002, 0.41289999999999999, 1.0)	../fonts/amplitud.ttf	lower
1278512064373	1	FR_PRES	0	DIAGRAM	456	0	0	1220	(0.57740000000000002, 0.41289999999999999, 1.0)	../fonts/amplitud.ttf	lower
1278512068256	1	FR_PRES	0	SUIT	1402	0	0	2193	(0.57740000000000002, 0.41289999999999999, 1.0)	../fonts/amplitud.ttf	lower
1278512072264	1	FR_PRES	0	SQUID	1361	0	0	1754	(0.57740000000000002, 0.41289999999999999, 1.0)	../fonts/amplitud.ttf	lower
1278512076088	1	FR_PRES	0	RACCOON	1153	0	0	1505	(0.57740000000000002, 0.41289999999999999, 1.0)	../fonts/amplitud.ttf	lower
1278512080055	1	FR_PRES	0	BUYER	208	0	1	1634	(0.57740000000000002, 0.41289999999999999, 1.0)	../fonts/amplitud.ttf	lower
1278512084227	0	DISTRACTOR	0			8000	5
1278512092878	1	REC_START
1278512169847	0	REST
1278512171347	0	DISTRACTOR	1			8000	5
1278512178730	1	FR_PRES	1	MAILBOX	857	1	0	1207	(0.42259999999999998, 0.58709999999999996, 0)	../fonts/zerothre.ttf	upper
1278512182637	0	DISTRACTOR	1			8000	5
1278512190562	1	FR_PRES	1	CAPTAIN	239	1	1	1111	(0.42259999999999998, 0.58709999999999996, 0)	../fonts/zerothre.ttf	upper
1278512194552	0	DISTRACTOR	1			8000	5
1278512202478	1	FR_PRES	1	MOTHER	921	1	1	1267	(0.42259999999999998, 0.58709999999999996, 0)	../fonts/zerothre.ttf	upper
1278512206647	0	DISTRACTOR	1			8000	5
1278512214544	1	FR_PRES	1	NEST	945	1	0	1897	(0.42259999999999998, 0.58709999999999996, 0)	../fonts/zerothre.ttf	upper
1278512218388	0	DISTRACTOR	1			8000	4
1278512226501	1	FR_PRES	1	MARKER	870	1	0	1781	(0.42259999999999998, 0.58709999999999996, 0)	../fonts/zerothre.ttf	upper
1278512230341	0	DISTRACTOR	1			8000	5
1278512238542	1	FR_PRES	1	WHIP	1604	1	0	1443	(0.42259999999999998, 0.58709999999999996, 0)	../fonts/zerothre.ttf	upper
1278512242434	0	DISTRACTOR	1			8000	5
1278512250758	1	FR_PRES	1	VIOLIN	1571	1	0	987	(0.42259999999999998, 0.58709999999999996, 0)	../fonts/zerothre.ttf	upper
1278512254892	0	DISTRACTOR	1			8000	5
1278512262623	1	FR_PRES	1	ORGAN	984	1	0	1531	(0.42259999999999998, 0.58709999999999996, 0)	../fonts/zerothre.ttf	upper
1278512266498	0	DISTRACTOR	1			8000	5
1278512274798	1	FR_PRES	1	PISTON	1076	1	0	1099	(0.42259999999999998, 0.58709999999999996, 0)	../fonts/zerothre.ttf	upper
1278512278626	0	DISTRACTOR	1			8000	5
1278512286863	1	FR_PRES	1	OLIVE	975	1	0	1547	(0.42259999999999998, 0.58709999999999996, 0)	../fonts/zerothre.ttf	upper
1278512290877	0	DISTRACTOR	1			8000	5
1278512299022	1	FR_PRES	1	MONK	910	1	1	1627	(0.42259999999999998, 0.58709999999999996, 0)	../fonts/zerothre.ttf	upper
1278512303012	0	DISTRACTOR	1			8000	5
1278512310878	1	FR_PRES	1	PREACHER	1119	1	1	1124	(0.42259999999999998, 0.58709999999999996, 0)	../fonts/zerothre.ttf	upper
1278512315084	0	DISTRACTOR	1			8000	6
1278512322869	1	FR_PRES	1	LETTER	813	1	0	1509	(0.42259999999999998, 0.58709999999999996, 0)	../fonts/zerothre.ttf	upper
1278512326942	0	DISTRACTOR	1			8000	4
1278512334868	1	FR_PRES	1	LEADER	807	1	1	1190	(0.42259999999999998, 0.58709999999999996, 0)	../fonts/zerothre.ttf	upper
1278512338891	0	DISTRACTOR	1			8000	5
1278512346726	1	FR_PRES	1	NECKLACE	940	1	0	739	(0.42259999999999998, 0.58709999999999996, 0)	../fonts/zerothre.ttf	upper
1278512350723	0	DISTRACTOR	1			8000	4
1278512358725	1	FR_PRES	1	THREAD	1460	1	0	1301	(0.42259999999999998, 0.58709999999999996, 0)	../fonts/zerothre.ttf	upper
1278512362728	0	DISTRACTOR	1			8000	3
1278512371624	1	REC_START
1278512448618	0	REST
1278512450118	0	DISTRACTOR	2			8000	4
1278512457817	1	FR_PRES	2	TRASH	1497	0	0	1297	(0.57740000000000002, 0.41289999999999999, 1.0)	../fonts/amplitud.ttf	lower
1278512461721	0	DISTRACTOR	2			8000	5
1278512469775	1	FR_PRES	2	SUBURB	1399	0	1	930	(0.57740000000000002, 0.41289999999999999, 1.0)	../fonts/amplitud.ttf	lower
1278512473833	0	DISTRACTOR	2			8000	6
1278512481840	1	FR_PRES	2	DIGGER	464	0	0	1665	(0.57740000000000002, 0.41289999999999999, 1.0)	../fonts/amplitud.ttf	lower
1278512485875	0	DISTRACTOR	2			8000	4
1278512493765	1	FR_PRES	2	SAND	1230	1	0	1004	(0.42259999999999998, 0.58709999999999996, 0)	../fonts/zerothre.ttf	upper
1278512497904	0	DISTRACTOR	2			8000	5
1278512505772	1	FR_PRES	2	BELL	118	1	0	837	(0.42259999999999998, 0.58709999999999996, 0)	../fonts/zerothre.ttf	upper
1278512509766	0	DISTRACTOR	2			8000	4
1278512517829	1	FR_PRES	2	ZUCCHINI	1638	1	0	1453	(0.42259999999999998, 0.58709999999999996, 0)	../fonts/zerothre.ttf	upper
1278512521960	0	DISTRACTOR	2			8000	5
1278512529987	1	FR_PRES	2	GUITAR	670	0	1	1439	(0.57740000000000002, 0.41289999999999999, 1.0)	../fonts/amplitud.ttf	lower
1278512534098	0	DISTRACTOR	2			8000	4
1278512542179	1	FR_PRES	2	SARDINE	1235	0	0	1286	(0.57740000000000002, 0.41289999999999999, 1.0)	../fonts/amplitud.ttf	lower
1278512546022	0	DISTRACTOR	2			8000	3
1278512554386	1	FR_PRES	2	TROUT	1511	1	1	1944	(0.42259999999999998, 0.58709999999999996, 0)	../fonts/zerothre.ttf	upper
1278512558589	0	DISTRACTOR	2			8000	3
1278512566219	1	FR_PRES	2	ELECTRON	522	1	0	1831	(0.42259999999999998, 0.58709999999999996, 0)	../fonts/zerothre.ttf	upper
1278512570306	0	DISTRACTOR	2			8000	5
1278512578376	1	FR_PRES	2	BUCKET	184	1	0	1050	(0.42259999999999998, 0.58709999999999996, 0)	../fonts/zerothre.ttf	upper
1278512582569	0	DISTRACTOR	2			8000	4
1278512590433	1	FR_PRES	2	DUMP	505	1	0	1536	(0.42259999999999998, 0.58709999999999996, 0)	../fonts/zerothre.ttf	upper
1278512594362	0	DISTRACTOR	2			8000	5
1278512602241	1	FR_PRES	2	GRASSHOPPER	656	1	1	977	(0.42259999999999998, 0.58709999999999996, 0)	../fonts/zerothre.ttf	upper
1278512606058	0	DISTRACTOR	2			8000	4
1278512614332	1	FR_PRES	2	VIDEO	1564	0	0	1189	(0.57740000000000002, 0.41289999999999999, 1.0)	../fonts/amplitud.ttf	lower
1278512618502	0	DISTRACTOR	2			8000	5
1278512626331	1	FR_PRES	2	ACTRESS	6	0	1	967	(0.57740000000000002, 0.41289999999999999, 1.0)	../fonts/amplitud.ttf	lower
1278512630295	0	DISTRACTOR	2			8000	4
1278512638197	1	FR_PRES	2	LOOP	844	0	0	1340	(0.57740000000000002, 0.41289999999999999, 1.0)	../fonts/amplitud.ttf	lower
1278512642041	0	DISTRACTOR	2			8000	6
1278512650937	1	REC_START
1278512739181	0	REST
1278512740688	1	FR_PRES	3	BANDIT	81	0	1	913	(0.57740000000000002, 0.41289999999999999, 1.0)	../fonts/amplitud.ttf	lower
1278512744838	1	FR_PRES	3	LUMBER	848	0	0	1404	(0.57740000000000002, 0.41289999999999999, 1.0)	../fonts/amplitud.ttf	lower
1278512749030	1	FR_PRES	3	MAPLE	866	0	1	2132	(0.57740000000000002, 0.41289999999999999, 1.0)	../fonts/amplitud.ttf	lower
1278512753038	1	FR_PRES	3	ANCESTOR	20	0	1	1180	(0.57740000000000002, 0.41289999999999999, 1.0)	../fonts/amplitud.ttf	lower
1278512757238	1	FR_PRES	3	ROOF	1205	0	1	2180	(0.57740000000000002, 0.41289999999999999, 1.0)	../fonts/amplitud.ttf	lower
1278512761121	1	FR_PRES	3	APARTMENT	30	0	1	1448	(0.57740000000000002, 0.41289999999999999, 1.0)	../fonts/amplitud.ttf	lower
1278512765129	1	FR_PRES	3	BAY	102	0	0	1977	(0.57740000000000002, 0.41289999999999999, 1.0)	../fonts/amplitud.ttf	lower
1278512769045	1	FR_PRES	3	TUB	1514	0	0	2628	(0.57740000000000002, 0.41289999999999999, 1.0)	../fonts/amplitud.ttf	lower
1278512773062	1	FR_PRES	3	LOBSTER	837	0	0	1972	(0.57740000000000002, 0.41289999999999999, 1.0)	../fonts/amplitud.ttf	lower
1278512777203	1	FR_PRES	3	ALMOND	18	0	0	1782	(0.57740000000000002, 0.41289999999999999, 1.0)	../fonts/amplitud.ttf	lower
1278512781294	1	FR_PRES	3	SIRLOIN	1311	0	0	1868	(0.57740000000000002, 0.41289999999999999, 1.0)	../fonts/amplitud.ttf	lower
1278512785194	1	FR_PRES	3	CLAW	319	0	0	1992	(0.57740000000000002, 0.41289999999999999, 1.0)	../fonts/amplitud.ttf	lower
1278512789277	1	FR_PRES	3	CASHEW	253	0	0	1332	(0.57740000000000002, 0.41289999999999999, 1.0)	../fonts/amplitud.ttf	lower
1278512793152	1	FR_PRES	3	SUSPECT	1415	0	1	1329	(0.57740000000000002, 0.41289999999999999, 1.0)	../fonts/amplitud.ttf	lower
1278512797118	1	FR_PRES	3	SHORTS	1293	0	0	1980	(0.57740000000000002, 0.41289999999999999, 1.0)	../fonts/amplitud.ttf	lower
1278512801193	1	FR_PRES	3	SALIVA	1226	0	0	2376	(0.57740000000000002, 0.41289999999999999, 1.0)	../fonts/amplitud.ttf	lower
1278512805207	0	DISTRACTOR	3			8000	4
1278512814092	1	REC_START
1278512891477	0	REST
1278512892985	1	FR_PRES	4	RAKE	1164	0	1	984	(0.57740000000000002, 0.41289999999999999, 1.0)	../fonts/amplitud.ttf	lower
1278512896926	1	FR_PRES	4	STAKE	1368	0	0	1763	(0.57740000000000002, 0.41289999999999999, 1.0)	../fonts/amplitud.ttf	lower
1278512901077	1	FR_PRES	4	FAMILY	550	0	1	1277	(0.57740000000000002, 0.41289999999999999, 1.0)	../fonts/amplitud.ttf	lower
1278512905085	1	FR_PRES	4	BROTHER	179	0	1	1540	(0.57740000000000002, 0.41289999999999999, 1.0)	../fonts/amplitud.ttf	lower
1278512908917	1	FR_PRES	4	CAULIFLOWER	262	0	0	1429	(0.57740000000000002, 0.41289999999999999, 1.0)	../fonts/amplitud.ttf	lower
1278512912742	1	FR_PRES	4	PLAYGROUND	1087	0	1	1251	(0.57740000000000002, 0.41289999999999999, 1.0)	../fonts/amplitud.ttf	lower
1278512916866	1	FR_PRES	4	LIMB	822	0	0	1512	(0.57740000000000002, 0.41289999999999999, 1.0)	../fonts/amplitud.ttf	lower
1278512921050	1	FR_PRES	4	SIREN	1310	0	0	1799	(0.57740000000000002, 0.41289999999999999, 1.0)	../fonts/amplitud.ttf	lower
1278512925008	1	FR_PRES	4	PLANT	1083	0	0	1849	(0.57740000000000002, 0.41289999999999999, 1.0)	../fonts/amplitud.ttf	lower
1278512928832	1	FR_PRES	4	DEER	444	0	0	1458	(0.57740000000000002, 0.41289999999999999, 1.0)	../fonts/amplitud.ttf	lower
1278512932732	1	FR_PRES	4	ANTEATER	26	0	0	1446	(0.57740000000000002, 0.41289999999999999, 1.0)	../fonts/amplitud.ttf	lower
1278512936873	1	FR_PRES	4	ASH	44	0	0	1040	(0.57740000000000002, 0.41289999999999999, 1.0)	../fonts/amplitud.ttf	lower
1278512940865	1	FR_PRES	4	NICOTINE	951	0	0	1808	(0.57740000000000002, 0.41289999999999999, 1.0)	../fonts/amplitud.ttf	lower
1278512944998	1	FR_PRES	4	CARPENTER	246	0	1	835	(0.57740000000000002, 0.41289999999999999, 1.0)	../fonts/amplitud.ttf	lower
1278512949090	1	FR_PRES	4	RADISH	1158	0	0	871	(0.57740000000000002, 0.41289999999999999, 1.0)	../fonts/amplitud.ttf	lower
1278512953140	1	FR_PRES	4	MAMMAL	861	0	1	1333	(0.57740000000000002, 0.41289999999999999, 1.0)	../fonts/amplitud.ttf	lower
1278512957211	0	DISTRACTOR	4			16000	9
1278512973988	1	REC_START
1278513050932	0	REST
1278513052432	1	FR_PRES	5	BISON	131	0	1	906	(0.57740000000000002, 0.41289999999999999, 1.0)	../fonts/amplitud.ttf	lower
1278513056548	1	FR_PRES	5	DWARF	510	0	1	1630	(0.57740000000000002, 0.41289999999999999, 1.0)	../fonts/amplitud.ttf	lower
1278513060706	1	FR_PRES	5	SUBMARINE	1398	0	0	1895	(0.57740000000000002, 0.41289999999999999, 1.0)	../fonts/amplitud.ttf	lower
1278513064789	1	FR_PRES	5	FLESH	579	1	0	1261	(0.42259999999999998, 0.58709999999999996, 0)	../fonts/zerothre.ttf	upper
1278513068738	1	FR_PRES	5	LINEN	825	1	0	1775	(0.42259999999999998, 0.58709999999999996, 0)	../fonts/zerothre.ttf	upper
1278513072946	1	FR_PRES	5	PECAN	1036	1	0	1839	(0.42259999999999998, 0.58709999999999996, 0)	../fonts/zerothre.ttf	upper
1278513077006	1	FR_PRES	5	CHEF	290	1	1	875	(0.42259999999999998, 0.58709999999999996, 0)	../fonts/zerothre.ttf	upper
1278513080929	1	FR_PRES	5	SYRINGE	1424	0	0	1600	(0.57740000000000002, 0.41289999999999999, 1.0)	../fonts/amplitud.ttf	lower
1278513084771	1	FR_PRES	5	STRAWBERRY	1391	0	0	1375	(0.57740000000000002, 0.41289999999999999, 1.0)	../fonts/amplitud.ttf	lower
1278513088745	1	FR_PRES	5	PASTRY	1022	0	0	1120	(0.57740000000000002, 0.41289999999999999, 1.0)	../fonts/amplitud.ttf	lower
1278513092678	1	FR_PRES	5	COLESLAW	344	0	0	1291	(0.57740000000000002, 0.41289999999999999, 1.0)	../fonts/amplitud.ttf	lower
1278513096520	1	FR_PRES	5	RECIPE	1175	0	0	1217	(0.57740000000000002, 0.41289999999999999, 1.0)	../fonts/amplitud.ttf	lower
1278513100370	1	FR_PRES	5	ROACH	1195	1	1	1543	(0.42259999999999998, 0.58709999999999996, 0)	../fonts/zerothre.ttf	upper
1278513104469	1	FR_PRES	5	MOTH	920	1	1	1677	(0.42259999999999998, 0.58709999999999996, 0)	../fonts/zerothre.ttf	upper
1278513108485	1	FR_PRES	5	FAUCET	555	1	0	1581	(0.42259999999999998, 0.58709999999999996, 0)	../fonts/zerothre.ttf	upper
1278513112577	1	FR_PRES	5	BIOLOGIST	128	1	1	1072	(0.42259999999999998, 0.58709999999999996, 0)	../fonts/zerothre.ttf	upper
1278513118535	1	REC_START
1278513227086	0	REST
1278513228586	0	DISTRACTOR	6			16000	11
1278513244210	1	FR_PRES	6	BREAST	171	0	0	1120	(0.57740000000000002, 0.41289999999999999, 1.0)	../fonts/amplitud.ttf	lower
1278513248398	0	DISTRACTOR	6			16000	9
1278513264108	1	FR_PRES	6	CRUMB	416	0	0	1118	(0.57740000000000002, 0.41289999999999999, 1.0)	../fonts/amplitud.ttf	lower
1278513267943	0	DISTRACTOR	6			16000	8
1278513284215	1	FR_PRES	6	VAMPIRE	1547	1	1	939	(0.42259999999999998, 0.58709999999999996, 0)	../fonts/zerothre.ttf	upper
1278513288327	0	DISTRACTOR	6			16000	9
1278513304072	1	FR_PRES	6	FIGHTER	564	1	1	817	(0.42259999999999998, 0.58709999999999996, 0)	../fonts/zerothre.ttf	upper
1278513308151	0	DISTRACTOR	6			16000	8
1278513324020	1	FR_PRES	6	FIREMAN	569	0	1	957	(0.57740000000000002, 0.41289999999999999, 1.0)	../fonts/amplitud.ttf	lower
1278513328062	0	DISTRACTOR	6			16000	11
1278513344077	1	FR_PRES	6	MUFFIN	929	0	0	1764	(0.57740000000000002, 0.41289999999999999, 1.0)	../fonts/amplitud.ttf	lower
1278513348161	0	DISTRACTOR	6			16000	10
1278513364092	1	FR_PRES	6	MOB	904	0	1	1326	(0.57740000000000002, 0.41289999999999999, 1.0)	../fonts/amplitud.ttf	lower
1278513368120	0	DISTRACTOR	6			16000	10
1278513384008	1	FR_PRES	6	GUM	672	0	0	1170	(0.57740000000000002, 0.41289999999999999, 1.0)	../fonts/amplitud.ttf	lower
1278513388162	0	DISTRACTOR	6			16000	10
1278513403930	1	FR_PRES	6	DINER	467	1	0	1031	(0.42259999999999998, 0.58709999999999996, 0)	../fonts/zerothre.ttf	upper
1278513407755	0	DISTRACTOR	6			16000	10
1278513424046	1	FR_PRES	6	INN	739	1	0	1483	(0.42259999999999998, 0.58709999999999996, 0)	../fonts/zerothre.ttf	upper
1278513428053	0	DISTRACTOR	6			16000	11
1278513443910	1	FR_PRES	6	POSSUM	1112	1	0	1100	(0.42259999999999998, 0.58709999999999996, 0)	../fonts/zerothre.ttf	upper
1278513447712	0	DISTRACTOR	6			16000	9
1278513463901	1	FR_PRES	6	BINDER	127	1	0	1012	(0.42259999999999998, 0.58709999999999996, 0)	../fonts/zerothre.ttf	upper
1278513467769	0	DISTRACTOR	6			16000	11
1278513483749	1	FR_PRES	6	HANDBAG	684	1	0	1756	(0.42259999999999998, 0.58709999999999996, 0)	../fonts/zerothre.ttf	upper
1278513487698	0	DISTRACTOR	6			16000	9
1278513503714	1	FR_PRES	6	SNORKEL	1336	1	0	2207	(0.42259999999999998, 0.58709999999999996, 0)	../fonts/zerothre.ttf	upper
1278513507890	0	DISTRACTOR	6			16000	9
1278513523805	1	FR_PRES	6	LAKE	796	0	1	1692	(0.57740000000000002, 0.41289999999999999, 1.0)	../fonts/amplitud.ttf	lower
1278513527784	0	DISTRACTOR	6			16000	10
1278513543828	1	FR_PRES	6	PORCUPINE	1107	0	0	1661	(0.57740000000000002, 0.41289999999999999, 1.0)	../fonts/amplitud.ttf	lower
1278513547691	0	DISTRACTOR	6			16000	10
1278513564677	1	REC_START
1278513643263	0	REST
1278513644763	0	DISTRACTOR	7			8000	5
1278513652129	1	FR_PRES	7	DRYER	503	1	0	1185	(0.42259999999999998, 0.58709999999999996, 0)	../fonts/zerothre.ttf	upper
1278513656238	0	DISTRACTOR	7			8000	5
1278513664037	1	FR_PRES	7	KITCHEN	778	1	0	1644	(0.42259999999999998, 0.58709999999999996, 0)	../fonts/zerothre.ttf	upper
1278513668062	0	DISTRACTOR	7			8000	5
1278513675968	1	FR_PRES	7	FEAST	556	1	0	1434	(0.42259999999999998, 0.58709999999999996, 0)	../fonts/zerothre.ttf	upper
1278513679780	0	DISTRACTOR	7			8000	6
1278513688177	1	FR_PRES	7	GOWN	652	1	0	1672	(0.42259999999999998, 0.58709999999999996, 0)	../fonts/zerothre.ttf	upper
1278513692037	0	DISTRACTOR	7			8000	6
1278513700234	1	FR_PRES	7	POET	1095	1	1	936	(0.42259999999999998, 0.58709999999999996, 0)	../fonts/zerothre.ttf	upper
1278513704437	0	DISTRACTOR	7			8000	2
1278513712292	1	FR_PRES	7	GUEST	669	1	1	878	(0.42259999999999998, 0.58709999999999996, 0)	../fonts/zerothre.ttf	upper
1278513716134	0	DISTRACTOR	7			8000	5
1278513724316	1	FR_PRES	7	DIVER	476	1	1	1054	(0.42259999999999998, 0.58709999999999996, 0)	../fonts/zerothre.ttf	upper
1278513728510	0	DISTRACTOR	7			8000	5
1278513736381	1	FR_PRES	7	WALRUS	1585	1	1	1853	(0.42259999999999998, 0.58709999999999996, 0)	../fonts/zerothre.ttf	upper
1278513740234	0	DISTRACTOR	7			8000	4
1278513748504	1	FR_PRES	7	TONGUE	1479	1	0	2417	(0.42259999999999998, 0.58709999999999996, 0)	../fonts/zerothre.ttf	upper
1278513752487	0	DISTRACTOR	7			8000	5
1278513760355	1	FR_PRES	7	QUARTER	1148	1	0	2086	(0.42259999999999998, 0.58709999999999996, 0)	../fonts/zerothre.ttf	upper
1278513764554	0	DISTRACTOR	7			8000	5
1278513772220	1	FR_PRES	7	SKIRT	1319	1	0	2182	(0.42259999999999998, 0.58709999999999996, 0)	../fonts/zerothre.ttf	upper
1278513776231	0	DISTRACTOR	7			8000	5
1278513784194	1	FR_PRES	7	DRESS	495	1	0	1527	(0.42259999999999998, 0.58709999999999996, 0)	../fonts/zerothre.ttf	upper
1278513788099	0	DISTRACTOR	7			8000	5
1278513796044	1	FR_PRES	7	DICTATOR	462	1	1	941	(0.42259999999999998, 0.58709999999999996, 0)	../fonts/zerothre.ttf	upper
1278513799992	0	DISTRACTOR	7			8000	4
1278513807875	1	FR_PRES	7	WRITER	1627	1	1	1255	(0.42259999999999998, 0.58709999999999996, 0)	../fonts/zerothre.ttf	upper
1278513811912	0	DISTRACTOR	7			8000	4
1278513819841	1	FR_PRES	7	SEA	1259	1	0	1313	(0.42259999999999998, 0.58709999999999996, 0)	../fonts/zerothre.ttf	upper
1278513823963	0	DISTRACTOR	7			8000	4
1278513832049	1	FR_PRES	7	EMPEROR	529	1	1	1121	(0.42259999999999998, 0.58709999999999996, 0)	../fonts/zerothre.ttf	upper
1278513836063	0	DISTRACTOR	7			8000	5
1278513844981	1	REC_START
1278513922151	0	REST
1278513923658	1	FR_PRES	8	TULIP	1517	1	0	1448	(0.42259999999999998, 0.58709999999999996, 0)	../fonts/zerothre.ttf	upper
1278513927591	1	FR_PRES	8	GARDEN	623	1	0	1042	(0.42259999999999998, 0.58709999999999996, 0)	../fonts/zerothre.ttf	upper
1278513931657	1	FR_PRES	8	ALLIGATOR	16	1	1	1168	(0.42259999999999998, 0.58709999999999996, 0)	../fonts/zerothre.ttf	upper
1278513935774	1	FR_PRES	8	SLUG	1329	1	1	1891	(0.42259999999999998, 0.58709999999999996, 0)	../fonts/zerothre.ttf	upper
1278513939640	1	FR_PRES	8	PILLOW	1069	0	1	1273	(0.57740000000000002, 0.41289999999999999, 1.0)	../fonts/amplitud.ttf	lower
1278513943732	1	FR_PRES	8	FLANNEL	574	0	0	1917	(0.57740000000000002, 0.41289999999999999, 1.0)	../fonts/amplitud.ttf	lower
1278513947673	1	FR_PRES	8	DAM	436	0	0	1409	(0.57740000000000002, 0.41289999999999999, 1.0)	../fonts/amplitud.ttf	lower
1278513951773	1	FR_PRES	8	TIGER	1467	0	1	1932	(0.57740000000000002, 0.41289999999999999, 1.0)	../fonts/amplitud.ttf	lower
1278513955622	1	FR_PRES	8	TERMITE	1451	0	0	2187	(0.57740000000000002, 0.41289999999999999, 1.0)	../fonts/amplitud.ttf	lower
1278513959772	1	FR_PRES	8	TEAPOT	1442	0	0	1358	(0.57740000000000002, 0.41289999999999999, 1.0)	../fonts/amplitud.ttf	lower
1278513963838	1	FR_PRES	8	BALLOON	75	1	0	1779	(0.42259999999999998, 0.58709999999999996, 0)	../fonts/zerothre.ttf	upper
1278513967963	1	FR_PRES	8	COUGAR	387	1	1	2191	(0.42259999999999998, 0.58709999999999996, 0)	../fonts/zerothre.ttf	upper
1278513972047	1	FR_PRES	8	BUTTERFLY	206	0	0	1299	(0.57740000000000002, 0.41289999999999999, 1.0)	../fonts/amplitud.ttf	lower
1278513976147	1	FR_PRES	8	PEBBLE	1035	0	0	2414	(0.57740000000000002, 0.41289999999999999, 1.0)	../fonts/amplitud.ttf	lower
1278513980338	1	FR_PRES	8	SWAMP	1416	1	0	1471	(0.42259999999999998, 0.58709999999999996, 0)	../fonts/zerothre.ttf	upper
1278513984188	1	FR_PRES	8	MILDEW	893	1	0	1749	(0.42259999999999998, 0.58709999999999996, 0)	../fonts/zerothre.ttf	upper
1278513990030	1	REC_START
1278514067647	0	REST
1278514069147	0	DISTRACTOR	9			16000	10
1278514084638	1	FR_PRES	9	TOAST	1471	1	0	979	(0.42259999999999998, 0.58709999999999996, 0)	../fonts/zerothre.ttf	upper
1278514088629	0	DISTRACTOR	9			16000	11
1278514104786	1	FR_PRES	9	VACUUM	1543	1	1	1328	(0.42259999999999998, 0.58709999999999996, 0)	../fonts/zerothre.ttf	upper
1278514108897	0	DISTRACTOR	9			16000	10
1278514124818	1	FR_PRES	9	SALAD	1224	0	0	999	(0.57740000000000002, 0.41289999999999999, 1.0)	../fonts/amplitud.ttf	lower
1278514128932	0	DISTRACTOR	9			16000	7
1278514144991	1	FR_PRES	9	MOSS	918	0	0	1746	(0.57740000000000002, 0.41289999999999999, 1.0)	../fonts/amplitud.ttf	lower
1278514149090	0	DISTRACTOR	9			16000	10
1278514164998	1	FR_PRES	9	SERGEANT	1269	1	1	1539	(0.42259999999999998, 0.58709999999999996, 0)	../fonts/zerothre.ttf	upper
1278514168937	0	DISTRACTOR	9			16000	11
1278514185156	1	FR_PRES	9	SCRIBBLE	1256	1	0	1469	(0.42259999999999998, 0.58709999999999996, 0)	../fonts/zerothre.ttf	upper
1278514189215	0	DISTRACTOR	9			16000	7
1278514205146	1	FR_PRES	9	ESSAY	540	1	0	2248	(0.42259999999999998, 0.58709999999999996, 0)	../fonts/zerothre.ttf	upper
1278514208968	0	DISTRACTOR	9			16000	10
1278514225337	1	FR_PRES	9	OFFICER	973	1	1	1384	(0.42259999999999998, 0.58709999999999996, 0)	../fonts/zerothre.ttf	upper
1278514229316	0	DISTRACTOR	9			16000	8
1278514245451	1	FR_PRES	9	LOAF	835	0	0	1518	(0.57740000000000002, 0.41289999999999999, 1.0)	../fonts/amplitud.ttf	lower
1278514249305	0	DISTRACTOR	9			16000	10
1278514265508	1	FR_PRES	9	UNICORN	1538	0	1	1381	(0.57740000000000002, 0.41289999999999999, 1.0)	../fonts/amplitud.ttf	lower
1278514269584	0	DISTRACTOR	9			16000	11
1278514285556	1	FR_PRES	9	RUBY	1214	0	0	2157	(0.57740000000000002, 0.41289999999999999, 1.0)	../fonts/amplitud.ttf	lower
1278514289451	0	DISTRACTOR	9			16000	8
1278514305389	1	FR_PRES	9	MARINE	869	0	1	1308	(0.57740000000000002, 0.41289999999999999, 1.0)	../fonts/amplitud.ttf	lower
1278514309249	0	DISTRACTOR	9			16000	9
1278514325453	1	FR_PRES	9	APE	31	0	1	1476	(0.57740000000000002, 0.41289999999999999, 1.0)	../fonts/amplitud.ttf	lower
1278514329302	0	DISTRACTOR	9			16000	11
1278514345403	1	FR_PRES	9	DETERGENT	455	0	0	2582	(0.57740000000000002, 0.41289999999999999, 1.0)	../fonts/amplitud.ttf	lower
1278514349407	0	DISTRACTOR	9			16000	10
1278514365426	1	FR_PRES	9	TOURIST	1488	1	1	1527	(0.42259999999999998, 0.58709999999999996, 0)	../fonts/zerothre.ttf	upper
1278514369367	0	DISTRACTOR	9			16000	7
1278514385358	1	FR_PRES	9	RESORT	1186	1	0	1539	(0.42259999999999998, 0.58709999999999996, 0)	../fonts/zerothre.ttf	upper
1278514389400	0	DISTRACTOR	9			16000	11
1278514406182	1	REC_START
1278514535488	0	REST
1278514536996	1	FR_PRES	10	LEG	809	0	1	1629	(0.57740000000000002, 0.41289999999999999, 1.0)	../fonts/amplitud.ttf	lower
1278514540879	1	FR_PRES	10	THRONE	1461	0	1	1690	(0.57740000000000002, 0.41289999999999999, 1.0)	../fonts/amplitud.ttf	lower
1278514544853	1	FR_PRES	10	CASTLE	256	0	1	1357	(0.57740000000000002, 0.41289999999999999, 1.0)	../fonts/amplitud.ttf	lower
1278514548870	1	FR_PRES	10	KITE	779	0	1	1851	(0.57740000000000002, 0.41289999999999999, 1.0)	../fonts/amplitud.ttf	lower
1278514552828	1	FR_PRES	10	EYE	545	0	0	2037	(0.57740000000000002, 0.41289999999999999, 1.0)	../fonts/amplitud.ttf	lower
1278514557003	1	FR_PRES	10	EARRING	514	0	0	2135	(0.57740000000000002, 0.41289999999999999, 1.0)	../fonts/amplitud.ttf	lower
1278514561020	1	FR_PRES	10	RECEIPT	1173	0	0	2046	(0.57740000000000002, 0.41289999999999999, 1.0)	../fonts/amplitud.ttf	lower
1278514564993	1	FR_PRES	10	BAND	78	0	1	2025	(0.57740000000000002, 0.41289999999999999, 1.0)	../fonts/amplitud.ttf	lower
1278514569186	1	FR_PRES	10	CONCERT	360	0	1	2631	(0.57740000000000002, 0.41289999999999999, 1.0)	../fonts/amplitud.ttf	lower
1278514573152	1	FR_PRES	10	HAWK	692	0	0	1793	(0.57740000000000002, 0.41289999999999999, 1.0)	../fonts/amplitud.ttf	lower
1278514577052	1	FR_PRES	10	BEAVER	109	0	0	2158	(0.57740000000000002, 0.41289999999999999, 1.0)	../fonts/amplitud.ttf	lower
1278514580959	1	FR_PRES	10	TWINE	1529	0	0	2387	(0.57740000000000002, 0.41289999999999999, 1.0)	../fonts/amplitud.ttf	lower
1278514585135	1	FR_PRES	10	STEWARDESS	1381	0	1	1179	(0.57740000000000002, 0.41289999999999999, 1.0)	../fonts/amplitud.ttf	lower
1278514589168	1	FR_PRES	10	PLANE	1081	0	1	1537	(0.57740000000000002, 0.41289999999999999, 1.0)	../fonts/amplitud.ttf	lower
1278514593067	1	FR_PRES	10	NICKEL	950	0	0	1582	(0.57740000000000002, 0.41289999999999999, 1.0)	../fonts/amplitud.ttf	lower
1278514597267	1	FR_PRES	10	VET	1560	0	1	1063	(0.57740000000000002, 0.41289999999999999, 1.0)	../fonts/amplitud.ttf	lower
1278514601231	0	DISTRACTOR	10			8000	3
1278514610092	1	REC_START
1278514688851	0	REST
1278514690352	1	FR_PRES	11	EMPIRE	530	1	0	1625	(0.42259999999999998, 0.58709999999999996, 0)	../fonts/zerothre.ttf	upper
1278514694517	1	FR_PRES	11	BED	110	1	0	1621	(0.42259999999999998, 0.58709999999999996, 0)	../fonts/zerothre.ttf	upper
1278514698376	1	FR_PRES	11	CORPORATION	382	1	0	1553	(0.42259999999999998, 0.58709999999999996, 0)	../fonts/zerothre.ttf	upper
1278514702401	1	FR_PRES	11	DRIVER	499	1	1	1617	(0.42259999999999998, 0.58709999999999996, 0)	../fonts/zerothre.ttf	upper
1278514706591	1	FR_PRES	11	TAXI	1438	1	1	2122	(0.42259999999999998, 0.58709999999999996, 0)	../fonts/zerothre.ttf	upper
1278514710716	1	FR_PRES	11	PLUMBER	1091	1	1	981	(0.42259999999999998, 0.58709999999999996, 0)	../fonts/zerothre.ttf	upper
1278514714849	1	FR_PRES	11	SHOWER	1296	1	0	2824	(0.42259999999999998, 0.58709999999999996, 0)	../fonts/zerothre.ttf	upper
1278514718974	1	FR_PRES	11	CANARY	227	1	1	2172	(0.42259999999999998, 0.58709999999999996, 0)	../fonts/zerothre.ttf	upper
1278514723166	1	FR_PRES	11	SWIMMER	1420	1	1	1803	(0.42259999999999998, 0.58709999999999996, 0)	../fonts/zerothre.ttf	upper
1278514727266	1	FR_PRES	11	DRINK	498	1	0	2000	(0.42259999999999998, 0.58709999999999996, 0)	../fonts/zerothre.ttf	upper
1278514731274	1	FR_PRES	11	SCALLOP	1242	1	1	2319	(0.42259999999999998, 0.58709999999999996, 0)	../fonts/zerothre.ttf	upper
1278514735365	1	FR_PRES	11	GANG	619	1	1	1572	(0.42259999999999998, 0.58709999999999996, 0)	../fonts/zerothre.ttf	upper
1278514739348	1	FR_PRES	11	QUILT	1151	1	0	2365	(0.42259999999999998, 0.58709999999999996, 0)	../fonts/zerothre.ttf	upper
1278514743281	1	FR_PRES	11	AIRPLANE	12	1	0	2256	(0.42259999999999998, 0.58709999999999996, 0)	../fonts/zerothre.ttf	upper
1278514747123	1	FR_PRES	11	PRINCESS	1125	1	1	2247	(0.42259999999999998, 0.58709999999999996, 0)	../fonts/zerothre.ttf	upper
1278514751281	1	FR_PRES	11	OYSTER	995	1	1	2192	(0.42259999999999998, 0.58709999999999996, 0)	../fonts/zerothre.ttf	upper
1278514755304	0	DISTRACTOR	11			16000	11
1278514772113	1	REC_START
1278514847714	1	REST_REWET
1278515211363	0	MATH_TOTAL_SCORE	595
1278515231345	0	RECOG_START
1278515231346	1	REC_START
1278515231378	0	RECOG_PRES	0	MUMMY	932	-999	P	1888
1278515233635	0	RECOG_CR_PRES	0	MUMMY	932	-999	P	1302
1278515235378	1	RECOG_FEEDBACK	1
1278515236144	0	RECOG_PRES	0	CLAW	319	-999	P	1162
1278515237677	0	RECOG_CR_PRES	0	CLAW	319	-999	P	357
1278515238344	1	RECOG_FEEDBACK	1
1278515239086	0	RECOG_PRES	0	CANARY	227	-999	P	924
1278515240377	0	RECOG_CR_PRES	0	CANARY	227	-999	P	160
1278515240843	1	RECOG_FEEDBACK	1
1278515241651	0	RECOG_PRES	0	GIRL	637	-999	P	942
1278515242968	0	RECOG_CR_PRES	0	GIRL	637	-999	P	106
1278515243377	1	RECOG_FEEDBACK	1
1278515244119	0	RECOG_PRES	0	SNAIL	1332	-999	P	987
1278515245476	0	RECOG_CR_PRES	0	SNAIL	1332	-999	P	141
1278515245926	1	RECOG_FEEDBACK	1
1278515246718	0	RECOG_PRES	0	CUSTOMER	430	-999	P	995
1278515248077	0	RECOG_CR_PRES	0	CUSTOMER	430	-999	P	109
1278515248492	1	RECOG_FEEDBACK	1
1278515249202	0	RECOG_PRES	0	RAIL	1161	-999	P	1112
1278515250684	0	RECOG_CR_PRES	0	RAIL	1161	-999	P	85
1278515251077	1	RECOG_FEEDBACK	1
1278515251817	0	RECOG_PRES	0	LIMB	822	-999	P	1185
1278515253376	0	RECOG_CR_PRES	0	LIMB	822	-999	P	65
1278515253767	1	RECOG_FEEDBACK	1
1278515254475	0	RECOG_PRES	0	PUBLISHER	1137	-999	P	1198
1278515256043	0	RECOG_CR_PRES	0	PUBLISHER	1137	-999	P	111
1278515256467	1	RECOG_FEEDBACK	1
1278515257193	0	RECOG_PRES	0	CARNIVAL	245	-999	P	1041
1278515258608	0	RECOG_CR_PRES	0	CARNIVAL	245	-999	P	153
1278515259059	1	RECOG_FEEDBACK	1
1278515259867	0	RECOG_PRES	0	SYRINGE	1424	-999	P	1038
1278515261268	0	RECOG_CR_PRES	0	SYRINGE	1424	-999	P	118
1278515261700	1	RECOG_FEEDBACK	1
1278515262441	0	RECOG_PRES	0	ELECTRON	522	-999	P	985
1278515263800	0	RECOG_CR_PRES	0	ELECTRON	522	-999	P	137
1278515264242	1	RECOG_FEEDBACK	1
1278515265001	0	RECOG_PRES	0	DRINK	498	-999	P	944
1278515266309	0	RECOG_CR_PRES	0	DRINK	498	-999	P	125
1278515266741	1	RECOG_FEEDBACK	1
1278515267499	0	RECOG_PRES	0	KITE	779	-999	P	950
1278515268824	0	RECOG_CR_PRES	0	KITE	779	-999	P	105
1278515269242	1	RECOG_FEEDBACK	1
1278515269983	0	RECOG_PRES	0	TERMITE	1451	-999	P	986
1278515271333	0	RECOG_CR_PRES	0	TERMITE	1451	-999	P	124
1278515271774	1	RECOG_FEEDBACK	1
1278515272574	0	RECOG_PRES	0	FLESH	579	-999	P	915
1278515273866	0	RECOG_CR_PRES	0	FLESH	579	-999	P	103
1278515274283	1	RECOG_FEEDBACK	1
1278515275050	0	RECOG_PRES	0	EARRING	514	-999	P	919
1278515276333	0	RECOG_CR_PRES	0	EARRING	514	-999	P	93
1278515276732	1	RECOG_FEEDBACK	1
1278515277474	0	RECOG_PRES	0	GARLIC	624	-999	P	1055
1278515278899	0	RECOG_CR_PRES	0	GARLIC	624	-999	P	78
1278515279283	1	RECOG_FEEDBACK	1
1278515280041	0	RECOG_PRES	0	SALAD	1224	-999	P	969
1278515281383	0	RECOG_CR_PRES	0	SALAD	1224	-999	P	90
1278515281782	1	RECOG_FEEDBACK	1
1278515282557	0	RECOG_PRES	0	CALCULATOR	220	-999	P	980
1278515283907	0	RECOG_CR_PRES	0	CALCULATOR	220	-999	P	119
1278515284332	1	RECOG_FEEDBACK	1
1278515286232	0	REST
1278515287360	1	REC_START
1278515287391	0	RECOG_PRES	1	ESSAY	540	-999	P	969
1278515288756	0	RECOG_CR_PRES	1	ESSAY	540	-999	P	173
1278515289232	1	RECOG_FEEDBACK	1
1278515289964	0	RECOG_PRES	1	CASTLE	256	-999	P	875
1278515291232	0	RECOG_CR_PRES	1	CASTLE	256	-999	P	90
1278515291631	1	RECOG_FEEDBACK	1
1278515292415	0	RECOG_PRES	1	CASHEW	253	-999	P	875
1278515293664	0	RECOG_CR_PRES	1	CASHEW	253	-999	P	81
1278515294048	1	RECOG_FEEDBACK	1
1278515294856	0	RECOG_PRES	1	MARINE	869	-999	P	905
1278515296123	0	RECOG_CR_PRES	1	MARINE	869	-999	P	111
1278515296539	1	RECOG_FEEDBACK	1
1278515297340	0	RECOG_PRES	1	MONK	910	-999	P	886
1278515298597	0	RECOG_CR_PRES	1	MONK	910	-999	P	92
1278515298997	1	RECOG_FEEDBACK	1
1278515299747	0	RECOG_PRES	1	PLUM	1090	-999	P	950
1278515301065	0	RECOG_CR_PRES	1	PLUM	1090	-999	P	121
1278515301488	1	RECOG_FEEDBACK	1
1278515302198	0	RECOG_PRES	1	PAIL	1002	-999	P	1092
1278515303663	0	RECOG_CR_PRES	1	PAIL	1002	-999	P	106
1278515304064	1	RECOG_FEEDBACK	1
1278515304830	0	RECOG_PRES	1	AIRPLANE	12	-999	P	947
1278515306139	0	RECOG_CR_PRES	1	AIRPLANE	12	-999	P	95
1278515306530	1	RECOG_FEEDBACK	1
1278515307272	0	RECOG_PRES	1	ORGAN	984	-999	P	978
1278515308621	0	RECOG_CR_PRES	1	ORGAN	984	-999	P	92
1278515309022	1	RECOG_FEEDBACK	1
1278515309771	0	RECOG_PRES	1	GOVERNOR	651	-999	P	1070
1278515311205	0	RECOG_CR_PRES	1	GOVERNOR	651	-999	P	93
1278515311604	1	RECOG_FEEDBACK	1
1278515312397	0	RECOG_PRES	1	FLANNEL	574	-999	P	1037
1278515313804	0	RECOG_CR_PRES	1	FLANNEL	574	-999	P	85
1278515314197	1	RECOG_FEEDBACK	1
1278515314987	0	RECOG_PRES	1	DRAWING	494	-999	P	998
1278515316347	0	RECOG_CR_PRES	1	DRAWING	494	-999	P	79
1278515316721	1	RECOG_FEEDBACK	1
1278515317437	0	RECOG_PRES	1	SQUID	1361	-999	P	957
1278515318762	0	RECOG_CR_PRES	1	SQUID	1361	-999	P	87
1278515319138	1	RECOG_FEEDBACK	1
1278515319937	0	RECOG_PRES	1	LINEN	825	-999	P	904
1278515321205	0	RECOG_CR_PRES	1	LINEN	825	-999	P	93
1278515321595	1	RECOG_FEEDBACK	1
1278515322355	0	RECOG_PRES	1	CEREAL	272	-999	P	935
1278515323662	0	RECOG_CR_PRES	1	CEREAL	272	-999	P	67
1278515324029	1	RECOG_FEEDBACK	1
1278515324803	0	RECOG_PRES	1	SHORTS	1293	-999	P	950
1278515326121	0	RECOG_CR_PRES	1	SHORTS	1293	-999	P	105
1278515326520	1	RECOG_FEEDBACK	1
1278515327229	0	RECOG_PRES	1	MACHINE	852	-999	P	2484
1278515330079	0	RECOG_CR_PRES	1	MACHINE	852	-999	P	107
1278515330520	1	RECOG_FEEDBACK	1
1278515331246	0	RECOG_PRES	1	BUCKET	184	-999	P	1571
1278515333179	0	RECOG_CR_PRES	1	BUCKET	184	-999	P	87
1278515333578	1	RECOG_FEEDBACK	1
1278515334320	0	RECOG_PRES	1	CLIFF	322	-999	P	1050
1278515335744	0	RECOG_CR_PRES	1	CLIFF	322	-999	P	97
1278515336137	1	RECOG_FEEDBACK	1
1278515336903	0	RECOG_PRES	1	LIST	830	-999	P	1002
1278515338270	0	RECOG_CR_PRES	1	LIST	830	-999	P	116
1278515338686	1	RECOG_FEEDBACK	1
1278515340769	0	REST
1278515341676	1	REC_START
1278515341711	0	RECOG_PRES	2	THRONE	1461	-999	P	1010
1278515343086	0	RECOG_CR_PRES	2	THRONE	1461	-999	P	124
1278515343502	1	RECOG_FEEDBACK	1
1278515344270	0	RECOG_PRES	2	TRASH	1497	-999	P	820
1278515345460	0	RECOG_CR_PRES	2	TRASH	1497	-999	P	85
1278515345844	1	RECOG_FEEDBACK	1
1278515346560	0	RECOG_PRES	2	JELLO	754	-999	P	874
1278515347793	0	RECOG_CR_PRES	2	JELLO	754	-999	P	120
1278515348203	1	RECOG_FEEDBACK	1
1278515348960	0	RECOG_PRES	2	SENATE	1267	-999	P	913
1278515350236	0	RECOG_CR_PRES	2	SENATE	1267	-999	P	86
1278515350618	1	RECOG_FEEDBACK	1
1278515351377	0	RECOG_PRES	2	VEIN	1554	-999	P	985
1278515352735	0	RECOG_CR_PRES	2	VEIN	1554	-999	P	74
1278515353111	1	RECOG_FEEDBACK	1
1278515353901	0	RECOG_PRES	2	BED	110	-999	P	988
1278515355252	0	RECOG_CR_PRES	2	BED	110	-999	P	86
1278515355634	1	RECOG_FEEDBACK	1
1278515356435	0	RECOG_PRES	2	CORK	380	-999	P	935
1278515357743	0	RECOG_CR_PRES	2	CORK	380	-999	P	74
1278515358119	1	RECOG_FEEDBACK	1
1278515358834	0	RECOG_PRES	2	CRAB	397	-999	P	1320
1278515360526	0	RECOG_CR_PRES	2	CRAB	397	-999	P	75
1278515360909	1	RECOG_FEEDBACK	1
1278515361709	0	RECOG_PRES	2	LOOP	844	-999	P	900
1278515362984	0	RECOG_CR_PRES	2	LOOP	844	-999	P	50
1278515363327	1	RECOG_FEEDBACK	1
1278515364126	0	RECOG_PRES	2	GANG	619	-999	P	964
1278515365459	0	RECOG_CR_PRES	2	GANG	619	-999	P	110
1278515365867	1	RECOG_FEEDBACK	1
1278515366675	0	RECOG_PRES	2	NICKEL	950	-999	P	838
1278515367884	0	RECOG_CR_PRES	2	NICKEL	950	-999	P	109
1278515368293	1	RECOG_FEEDBACK	1
1278515369043	0	RECOG_PRES	2	BROTHER	179	-999	P	934
1278515370343	0	RECOG_CR_PRES	2	BROTHER	179	-999	P	91
1278515370742	1	RECOG_FEEDBACK	1
1278515371508	0	RECOG_PRES	2	SCALLOP	1242	-999	P	957
1278515372842	0	RECOG_CR_PRES	2	SCALLOP	1242	-999	P	95
1278515373243	1	RECOG_FEEDBACK	1
1278515374017	0	RECOG_PRES	2	TROUT	1511	-999	P	936
1278515375317	0	RECOG_CR_PRES	2	TROUT	1511	-999	P	124
1278515375750	1	RECOG_FEEDBACK	1
1278515376525	0	RECOG_PRES	2	SIRLOIN	1311	-999	P	916
1278515377816	0	RECOG_CR_PRES	2	SIRLOIN	1311	-999	P	89
1278515378200	1	RECOG_FEEDBACK	1
1278515378991	0	RECOG_PRES	2	LUMBER	848	-999	P	930
1278515380284	0	RECOG_CR_PRES	2	LUMBER	848	-999	P	118
1278515380708	1	RECOG_FEEDBACK	1
1278515381417	0	RECOG_PRES	2	DAGGER	434	-999	P	1248
1278515383033	0	RECOG_CR_PRES	2	DAGGER	434	-999	P	137
1278515383482	1	RECOG_FEEDBACK	1
1278515384283	0	RECOG_PRES	2	FAMILY	550	-999	P	895
1278515385549	0	RECOG_CR_PRES	2	FAMILY	550	-999	P	132
1278515385982	1	RECOG_FEEDBACK	1
1278515386691	0	RECOG_PRES	2	BAND	78	-999	P	998
1278515388058	0	RECOG_CR_PRES	2	BAND	78	-999	P	128
1278515388474	1	RECOG_FEEDBACK	1
1278515389250	0	RECOG_PRES	2	BUGLE	189	-999	P	1016
1278515390640	0	RECOG_CR_PRES	2	BUGLE	189	-999	P	113
1278515391058	1	RECOG_FEEDBACK	1
1278515393224	0	REST
1278515394222	1	REC_START
1278515394258	0	RECOG_PRES	3	TIGER	1467	-999	P	1176
1278515395806	0	RECOG_CR_PRES	3	TIGER	1467	-999	P	115
1278515396224	1	RECOG_FEEDBACK	1
1278515396990	0	RECOG_PRES	3	PLANE	1081	-999	P	875
1278515398232	0	RECOG_CR_PRES	3	PLANE	1081	-999	P	106
1278515398656	1	RECOG_FEEDBACK	1
1278515399432	0	RECOG_PRES	3	FIREMAN	569	-999	P	890
1278515400698	0	RECOG_CR_PRES	3	FIREMAN	569	-999	P	87
1278515401082	1	RECOG_FEEDBACK	1
1278515401856	0	RECOG_PRES	3	BAG	69	-999	P	905
1278515403124	0	RECOG_CR_PRES	3	BAG	69	-999	P	126
1278515403539	1	RECOG_FEEDBACK	1
1278515404249	0	RECOG_PRES	3	RAKE	1164	-999	P	929
1278515405547	0	RECOG_CR_PRES	3	RAKE	1164	-999	P	102
1278515405947	1	RECOG_FEEDBACK	1
1278515406681	0	RECOG_PRES	3	APARTMENT	30	-999	P	936
1278515407989	0	RECOG_CR_PRES	3	APARTMENT	30	-999	P	77
1278515408365	1	RECOG_FEEDBACK	1
1278515409173	0	RECOG_PRES	3	NEPTUNE	943	-999	P	1013
1278515410555	0	RECOG_CR_PRES	3	NEPTUNE	943	-999	P	78
1278515410939	1	RECOG_FEEDBACK	1
1278515411714	0	RECOG_PRES	3	TOOTHBRUSH	1482	-999	P	2536
1278515414630	0	RECOG_CR_PRES	3	TOOTHBRUSH	1482	-999	P	99
1278515415073	1	RECOG_FEEDBACK	1
1278515415855	0	RECOG_PRES	3	PRUNE	1134	-999	P	938
1278515417156	0	RECOG_CR_PRES	3	PRUNE	1134	-999	P	94
1278515417555	1	RECOG_FEEDBACK	1
1278515418264	0	RECOG_PRES	3	VOLLEYBALL	1576	-999	P	1066
1278515419705	0	RECOG_CR_PRES	3	VOLLEYBALL	1576	-999	P	88
1278515420097	1	RECOG_FEEDBACK	1
1278515420813	0	RECOG_PRES	3	BRACES	164	-999	P	996
1278515422172	0	RECOG_CR_PRES	3	BRACES	164	-999	P	118
1278515422588	1	RECOG_FEEDBACK	1
1278515423322	0	RECOG_PRES	3	ROBE	1198	-999	P	1159
1278515424854	0	RECOG_CR_PRES	3	ROBE	1198	-999	P	107
1278515425280	1	RECOG_FEEDBACK	1
1278515426080	0	RECOG_PRES	3	BUN	197	-999	P	1042
1278515427496	0	RECOG_CR_PRES	3	BUN	197	-999	P	105
1278515427904	1	RECOG_FEEDBACK	1
1278515428662	0	RECOG_PRES	3	OLIVE	975	-999	P	979
1278515430005	0	RECOG_CR_PRES	3	OLIVE	975	-999	P	117
1278515430430	1	RECOG_FEEDBACK	1
1278515431147	0	RECOG_PRES	3	MUFFIN	929	-999	P	863
1278515432380	0	RECOG_CR_PRES	3	MUFFIN	929	-999	P	77
1278515432754	1	RECOG_FEEDBACK	1
1278515433562	0	RECOG_PRES	3	DINER	467	-999	P	792
1278515434754	0	RECOG_CR_PRES	3	DINER	467	-999	P	119
1278515435171	1	RECOG_FEEDBACK	1
1278515435953	0	RECOG_PRES	3	STEWARDESS	1381	-999	P	896
1278515437213	0	RECOG_CR_PRES	3	STEWARDESS	1381	-999	P	125
1278515437637	1	RECOG_FEEDBACK	1
1278515438363	0	RECOG_PRES	3	VALVE	1546	-999	P	999
1278515439736	0	RECOG_CR_PRES	3	VALVE	1546	-999	P	97
1278515440129	1	RECOG_FEEDBACK	1
1278515440936	0	RECOG_PRES	3	DEER	444	-999	P	929
1278515442229	0	RECOG_CR_PRES	3	DEER	444	-999	P	149
1278515442678	1	RECOG_FEEDBACK	1
1278515443412	0	RECOG_PRES	3	COUSIN	392	-999	P	982
1278515444770	0	RECOG_CR_PRES	3	COUSIN	392	-999	P	111
1278515445179	1	RECOG_FEEDBACK	1
1278515455502	0	REST
1278515456356	1	REC_START
1278515456395	0	RECOG_PRES	4	COLESLAW	344	-999	P	1374
1278515458136	0	RECOG_CR_PRES	4	COLESLAW	344	-999	P	170
1278515458618	1	RECOG_FEEDBACK	1
1278515459403	0	RECOG_PRES	4	CORPORATION	382	-999	P	951
1278515460727	0	RECOG_CR_PRES	4	CORPORATION	382	-999	P	122
1278515461153	1	RECOG_FEEDBACK	1
1278515461868	0	RECOG_PRES	4	CARROT	249	-999	P	861
1278515463094	0	RECOG_CR_PRES	4	CARROT	249	-999	P	140
1278515463526	1	RECOG_FEEDBACK	1
1278515464261	0	RECOG_PRES	4	CUSTARD	429	-999	P	909
1278515465543	0	RECOG_CR_PRES	4	CUSTARD	429	-999	P	90
1278515465935	1	RECOG_FEEDBACK	1
1278515466718	0	RECOG_PRES	4	QUARTER	1148	-999	P	987
1278515468069	0	RECOG_CR_PRES	4	QUARTER	1148	-999	P	109
1278515468476	1	RECOG_FEEDBACK	1
1278515469235	0	RECOG_PRES	4	ZUCCHINI	1638	-999	P	935
1278515470543	0	RECOG_CR_PRES	4	ZUCCHINI	1638	-999	P	82
1278515470934	1	RECOG_FEEDBACK	1
1278515471718	0	RECOG_PRES	4	GRAPE	654	-999	P	1099
1278515473185	0	RECOG_CR_PRES	4	GRAPE	654	-999	P	89
1278515473584	1	RECOG_FEEDBACK	1
1278515474360	0	RECOG_PRES	4	SLUG	1329	-999	P	922
1278515475650	0	RECOG_CR_PRES	4	SLUG	1329	-999	P	79
1278515476035	1	RECOG_FEEDBACK	1
1278515476834	0	RECOG_PRES	4	ANTELOPE	27	-999	P	2615
1278515479825	0	RECOG_CR_PRES	4	ANTELOPE	27	-999	P	193
1278515480376	1	RECOG_FEEDBACK	1
1278515481168	0	RECOG_PRES	4	SALIVA	1226	-999	P	1050
1278515482592	0	RECOG_CR_PRES	4	SALIVA	1226	-999	P	97
1278515482983	1	RECOG_FEEDBACK	1
1278515483725	0	RECOG_PRES	4	PRINCESS	1125	-999	P	908
1278515485009	0	RECOG_CR_PRES	4	PRINCESS	1125	-999	P	121
1278515485426	1	RECOG_FEEDBACK	1
1278515486201	0	RECOG_PRES	4	UNDERWEAR	1537	-999	P	1025
1278515487600	0	RECOG_CR_PRES	4	UNDERWEAR	1537	-999	P	137
1278515488042	1	RECOG_FEEDBACK	1
1278515488849	0	RECOG_PRES	4	MARKER	870	-999	P	1016
1278515490234	0	RECOG_CR_PRES	4	MARKER	870	-999	P	120
1278515490658	1	RECOG_FEEDBACK	1
1278515491425	0	RECOG_PRES	4	GUITAR	670	-999	P	945
1278515492741	0	RECOG_CR_PRES	4	GUITAR	670	-999	P	76
1278515493125	1	RECOG_FEEDBACK	1
1278515493874	0	RECOG_PRES	4	CROW	414	-999	P	1591
1278515495841	0	RECOG_CR_PRES	4	CROW	414	-999	P	88
1278515496242	1	RECOG_FEEDBACK	1
1278515497050	0	RECOG_PRES	4	LOG	841	-999	P	1000
1278515498416	0	RECOG_CR_PRES	4	LOG	841	-999	P	113
1278515498832	1	RECOG_FEEDBACK	1
1278515499632	0	RECOG_PRES	4	FAUCET	555	-999	P	1057
1278515501058	0	RECOG_CR_PRES	4	FAUCET	555	-999	P	112
1278515501482	1	RECOG_FEEDBACK	1
1278515502266	0	RECOG_PRES	4	ENVELOPE	537	-999	P	952
1278515503590	0	RECOG_CR_PRES	4	ENVELOPE	537	-999	P	75
1278515503965	1	RECOG_FEEDBACK	1
1278515504682	0	RECOG_PRES	4	PELICAN	1039	-999	P	975
1278515506024	0	RECOG_CR_PRES	4	PELICAN	1039	-999	P	98
1278515506424	1	RECOG_FEEDBACK	1
1278515507199	0	RECOG_PRES	4	TAXI	1438	-999	P	939
1278515508506	0	RECOG_CR_PRES	4	TAXI	1438	-999	P	143
1278515508956	1	RECOG_FEEDBACK	1
1278515512049	0	REST
1278515512958	1	REC_START
1278515512989	0	RECOG_PRES	5	OYSTER	995	-999	P	1004
1278515514365	0	RECOG_CR_PRES	5	OYSTER	995	-999	P	124
1278515514789	1	RECOG_FEEDBACK	1
1278515515556	0	RECOG_PRES	5	VIKING	1565	-999	P	901
1278515516822	0	RECOG_CR_PRES	5	VIKING	1565	-999	P	115
1278515517232	1	RECOG_FEEDBACK	1
1278515518023	0	RECOG_PRES	5	SKIRT	1319	-999	P	922
1278515519307	0	RECOG_CR_PRES	5	SKIRT	1319	-999	P	79
1278515519681	1	RECOG_FEEDBACK	1
1278515520406	0	RECOG_PRES	5	GRASSHOPPER	656	-999	P	932
1278515521714	0	RECOG_CR_PRES	5	GRASSHOPPER	656	-999	P	95
1278515522115	1	RECOG_FEEDBACK	1
1278515522847	0	RECOG_PRES	5	GUEST	669	-999	P	914
1278515524123	0	RECOG_CR_PRES	5	GUEST	669	-999	P	71
1278515524489	1	RECOG_FEEDBACK	1
1278515525273	0	RECOG_PRES	5	SIREN	1310	-999	P	897
1278515526538	0	RECOG_CR_PRES	5	SIREN	1310	-999	P	103
1278515526938	1	RECOG_FEEDBACK	1
1278515527647	0	RECOG_PRES	5	PERSON	1052	-999	P	1010
1278515529023	0	RECOG_CR_PRES	5	PERSON	1052	-999	P	131
1278515529455	1	RECOG_FEEDBACK	1
1278515530172	0	RECOG_PRES	5	POSSUM	1112	-999	P	1038
1278515531580	0	RECOG_CR_PRES	5	POSSUM	1112	-999	P	109
1278515531996	1	RECOG_FEEDBACK	1
1278515532721	0	RECOG_PRES	5	ROBIN	1199	-999	P	1040
1278515534130	0	RECOG_CR_PRES	5	ROBIN	1199	-999	P	88
1278515534529	1	RECOG_FEEDBACK	1
1278515535247	0	RECOG_PRES	5	LOBSTER	837	-999	P	947
1278515536563	0	RECOG_CR_PRES	5	LOBSTER	837	-999	P	78
1278515536946	1	RECOG_FEEDBACK	1
1278515537721	0	RECOG_PRES	5	NEST	945	-999	P	896
1278515538987	0	RECOG_CR_PRES	5	NEST	945	-999	P	119
1278515539405	1	RECOG_FEEDBACK	1
1278515540122	0	RECOG_PRES	5	CONE	363	-999	P	1200
1278515541696	0	RECOG_CR_PRES	5	CONE	363	-999	P	121
1278515542122	1	RECOG_FEEDBACK	1
1278515542920	0	RECOG_PRES	5	ASPIRIN	47	-999	P	1729
1278515545013	0	RECOG_CR_PRES	5	ASPIRIN	47	-999	P	101
1278515545437	1	RECOG_FEEDBACK	1
1278515546188	0	RECOG_PRES	5	DIGGER	464	-999	P	1070
1278515547628	0	RECOG_CR_PRES	5	DIGGER	464	-999	P	77
1278515548013	1	RECOG_FEEDBACK	1
1278515548812	0	RECOG_PRES	5	LEG	809	-999	P	877
1278515550054	0	RECOG_CR_PRES	5	LEG	809	-999	P	124
1278515550487	1	RECOG_FEEDBACK	1
1278515551279	0	RECOG_PRES	5	SERGEANT	1269	-999	P	891
1278515552545	0	RECOG_CR_PRES	5	SERGEANT	1269	-999	P	152
1278515553004	1	RECOG_FEEDBACK	1
1278515553786	0	RECOG_PRES	5	CHESS	294	-999	P	1007
1278515555162	0	RECOG_CR_PRES	5	CHESS	294	-999	P	96
1278515555570	1	RECOG_FEEDBACK	1
1278515556295	0	RECOG_PRES	5	EMERALD	528	-999	P	1666
1278515558329	0	RECOG_CR_PRES	5	EMERALD	528	-999	P	97
1278515558753	1	RECOG_FEEDBACK	1
1278515559486	0	RECOG_PRES	5	TOURIST	1488	-999	P	924
1278515560786	0	RECOG_CR_PRES	5	TOURIST	1488	-999	P	87
1278515561178	1	RECOG_FEEDBACK	1
1278515561944	0	RECOG_PRES	5	BALLOON	75	-999	P	921
1278515563228	0	RECOG_CR_PRES	5	BALLOON	75	-999	P	86
1278515563619	1	RECOG_FEEDBACK	1
1278515572593	0	REST
1278515573512	1	REC_START
1278515573543	0	RECOG_PRES	6	PECAN	1036	-999	P	1667
1278515575585	0	RECOG_CR_PRES	6	PECAN	1036	-999	P	72
1278515575985	1	RECOG_FEEDBACK	1
1278515576793	0	RECOG_PRES	6	BOWL	158	-999	P	928
1278515578085	0	RECOG_CR_PRES	6	BOWL	158	-999	P	101
1278515578484	1	RECOG_FEEDBACK	1
1278515579235	0	RECOG_PRES	6	NECKLACE	940	-999	P	887
1278515580493	0	RECOG_CR_PRES	6	NECKLACE	940	-999	P	76
1278515580876	1	RECOG_FEEDBACK	1
1278515581668	0	RECOG_PRES	6	CHIP	303	-999	P	941
1278515582984	0	RECOG_CR_PRES	6	CHIP	303	-999	P	58
1278515583343	1	RECOG_FEEDBACK	1
1278515584102	0	RECOG_PRES	6	STRAWBERRY	1391	-999	P	908
1278515585385	0	RECOG_CR_PRES	6	STRAWBERRY	1391	-999	P	88
1278515585759	1	RECOG_FEEDBACK	1
1278515586534	0	RECOG_PRES	6	PIG	1064	-999	P	979
1278515587884	0	RECOG_CR_PRES	6	PIG	1064	-999	P	77
1278515588260	1	RECOG_FEEDBACK	1
1278515588975	0	RECOG_PRES	6	DETERGENT	455	-999	P	1067
1278515590418	0	RECOG_CR_PRES	6	DETERGENT	455	-999	P	71
1278515590792	1	RECOG_FEEDBACK	1
1278515591534	0	RECOG_PRES	6	VET	1560	-999	P	900
1278515592808	0	RECOG_CR_PRES	6	VET	1560	-999	P	65
1278515593168	1	RECOG_FEEDBACK	1
1278515593975	0	RECOG_PRES	6	RESTAURANT	1187	-999	P	1171
1278515595517	0	RECOG_CR_PRES	6	RESTAURANT	1187	-999	P	44
1278515595875	1	RECOG_FEEDBACK	1
1278515596633	0	RECOG_PRES	6	CAPTAIN	239	-999	P	848
1278515597858	0	RECOG_CR_PRES	6	CAPTAIN	239	-999	P	79
1278515598234	1	RECOG_FEEDBACK	1
1278515599001	0	RECOG_PRES	6	CONCERT	360	-999	P	839
1278515600234	0	RECOG_CR_PRES	6	CONCERT	360	-999	P	80
1278515600608	1	RECOG_FEEDBACK	1
1278515601334	0	RECOG_PRES	6	PREACHER	1119	-999	P	1635
1278515603334	0	RECOG_CR_PRES	6	PREACHER	1119	-999	P	92
1278515603758	1	RECOG_FEEDBACK	1
1278515604533	0	RECOG_PRES	6	COUGAR	387	-999	P	980
1278515605882	0	RECOG_CR_PRES	6	COUGAR	387	-999	P	103
1278515606300	1	RECOG_FEEDBACK	1
1278515607033	0	RECOG_PRES	6	EYE	545	-999	P	816
1278515608217	0	RECOG_CR_PRES	6	EYE	545	-999	P	113
1278515608624	1	RECOG_FEEDBACK	1
1278515609350	0	RECOG_PRES	6	PORCUPINE	1107	-999	P	874
1278515610624	0	RECOG_CR_PRES	6	PORCUPINE	1107	-999	P	57
1278515610990	1	RECOG_FEEDBACK	1
1278515611740	0	RECOG_PRES	6	PENNY	1045	-999	P	909
1278515613016	0	RECOG_CR_PRES	6	PENNY	1045	-999	P	98
1278515613408	1	RECOG_FEEDBACK	1
1278515614216	0	RECOG_PRES	6	TONGUE	1479	-999	P	834
1278515615424	0	RECOG_CR_PRES	6	TONGUE	1479	-999	P	81
1278515615815	1	RECOG_FEEDBACK	1
1278515616523	0	RECOG_PRES	6	SEED	1266	-999	P	2446
1278515619332	0	RECOG_CR_PRES	6	SEED	1266	-999	P	70
1278515619740	1	RECOG_FEEDBACK	1
1278515620481	0	RECOG_PRES	6	SHACK	1273	-999	P	945
1278515621798	0	RECOG_CR_PRES	6	SHACK	1273	-999	P	91
1278515622191	1	RECOG_FEEDBACK	1
1278515622956	0	RECOG_PRES	6	BELL	118	-999	P	973
1278515624299	0	RECOG_CR_PRES	6	BELL	118	-999	P	119
1278515624723	1	RECOG_FEEDBACK	1
1278515630115	0	REST
1278515631200	1	REC_START
1278515631232	0	RECOG_PRES	7	CREW	406	-999	P	2665
1278515634265	0	RECOG_CR_PRES	7	CREW	406	-999	P	97
1278515634697	1	RECOG_FEEDBACK	1
1278515635464	0	RECOG_PRES	7	DWARF	510	-999	P	970
1278515636805	0	RECOG_CR_PRES	7	DWARF	510	-999	P	76
1278515637181	1	RECOG_FEEDBACK	1
1278515637930	0	RECOG_PRES	7	QUILT	1151	-999	P	815
1278515639114	0	RECOG_CR_PRES	7	QUILT	1151	-999	P	72
1278515639480	1	RECOG_FEEDBACK	1
1278515640189	0	RECOG_PRES	7	VIOLIN	1571	-999	P	756
1278515641314	0	RECOG_CR_PRES	7	VIOLIN	1571	-999	P	56
1278515641655	1	RECOG_FEEDBACK	1
1278515642406	0	RECOG_PRES	7	FOOTBALL	591	-999	P	964
1278515643738	0	RECOG_CR_PRES	7	FOOTBALL	591	-999	P	63
1278515644097	1	RECOG_FEEDBACK	1
1278515644813	0	RECOG_PRES	7	VACUUM	1543	-999	P	852
1278515646030	0	RECOG_CR_PRES	7	VACUUM	1543	-999	P	164
1278515646488	1	RECOG_FEEDBACK	1
1278515647222	0	RECOG_PRES	7	NICOTINE	951	-999	P	867
1278515648488	0	RECOG_CR_PRES	7	NICOTINE	951	-999	P	73
1278515648871	1	RECOG_FEEDBACK	1
1278515649654	0	RECOG_PRES	7	PILLOW	1069	-999	P	891
1278515650912	0	RECOG_CR_PRES	7	PILLOW	1069	-999	P	98
1278515651305	1	RECOG_FEEDBACK	1
1278515652038	0	RECOG_PRES	7	PLAYGROUND	1087	-999	P	859
1278515653263	0	RECOG_CR_PRES	7	PLAYGROUND	1087	-999	P	139
1278515653696	1	RECOG_FEEDBACK	1
1278515654504	0	RECOG_PRES	7	BISON	131	-999	P	794
1278515655670	0	RECOG_CR_PRES	7	BISON	131	-999	P	75
1278515656046	1	RECOG_FEEDBACK	1
1278515656812	0	RECOG_PRES	7	MUSTARD	935	-999	P	1117
1278515658296	0	RECOG_CR_PRES	7	MUSTARD	935	-999	P	74
1278515658687	1	RECOG_FEEDBACK	1
1278515659487	0	RECOG_PRES	7	GAVEL	627	-999	P	907
1278515660770	0	RECOG_CR_PRES	7	GAVEL	627	-999	P	79
1278515661146	1	RECOG_FEEDBACK	1
1278515661937	0	RECOG_PRES	7	DORM	488	-999	P	976
1278515663279	0	RECOG_CR_PRES	7	DORM	488	-999	P	83
1278515663661	1	RECOG_FEEDBACK	1
1278515664445	0	RECOG_PRES	7	CUPBOARD	425	-999	P	1028
1278515665845	0	RECOG_CR_PRES	7	CUPBOARD	425	-999	P	76
1278515666229	1	RECOG_FEEDBACK	1
1278515666995	0	RECOG_PRES	7	WRENCH	1625	-999	P	886
1278515668246	0	RECOG_CR_PRES	7	WRENCH	1625	-999	P	92
1278515668628	1	RECOG_FEEDBACK	1
1278515669429	0	RECOG_PRES	7	DYNAMITE	511	-999	P	837
1278515670636	0	RECOG_CR_PRES	7	DYNAMITE	511	-999	P	141
1278515671079	1	RECOG_FEEDBACK	1
1278515671811	0	RECOG_PRES	7	SHORTCAKE	1292	-999	P	1062
1278515673237	0	RECOG_CR_PRES	7	SHORTCAKE	1292	-999	P	93
1278515673636	1	RECOG_FEEDBACK	1
1278515674403	0	RECOG_PRES	7	GLACIER	638	-999	P	943
1278515675719	0	RECOG_CR_PRES	7	GLACIER	638	-999	P	98
1278515676112	1	RECOG_FEEDBACK	1
1278515676836	0	RECOG_PRES	7	PEDESTRIAN	1038	-999	P	925
1278515678128	0	RECOG_CR_PRES	7	PEDESTRIAN	1038	-999	P	90
1278515678510	1	RECOG_FEEDBACK	1
1278515679220	0	RECOG_PRES	7	SWIMMER	1420	-999	P	958
1278515680552	0	RECOG_CR_PRES	7	SWIMMER	1420	-999	P	113
1278515680960	1	RECOG_FEEDBACK	1
1278515690610	0	REST
1278515691492	1	REC_START
1278515691526	0	RECOG_PRES	8	PISTON	1076	-999	P	1147
1278515693035	0	RECOG_CR_PRES	8	PISTON	1076	-999	P	143
1278515693476	1	RECOG_FEEDBACK	1
1278515694193	0	RECOG_PRES	8	TOAST	1471	-999	P	792
1278515695360	0	RECOG_CR_PRES	8	TOAST	1471	-999	P	97
1278515695751	1	RECOG_FEEDBACK	1
1278515696542	0	RECOG_PRES	8	DILL	465	-999	P	852
1278515697767	0	RECOG_CR_PRES	8	DILL	465	-999	P	74
1278515698143	1	RECOG_FEEDBACK	1
1278515698925	0	RECOG_PRES	8	HORSE	719	-999	P	900
1278515700193	0	RECOG_CR_PRES	8	HORSE	719	-999	P	57
1278515700550	1	RECOG_FEEDBACK	1
1278515701310	0	RECOG_PRES	8	MOTHER	921	-999	P	1179
1278515702859	0	RECOG_CR_PRES	8	MOTHER	921	-999	P	70
1278515703235	1	RECOG_FEEDBACK	1
1278515703992	0	RECOG_PRES	8	SEA	1259	-999	P	841
1278515705201	0	RECOG_CR_PRES	8	SEA	1259	-999	P	81
1278515705567	1	RECOG_FEEDBACK	1
1278515706334	0	RECOG_PRES	8	SNORKEL	1336	-999	P	833
1278515707567	0	RECOG_CR_PRES	8	SNORKEL	1336	-999	P	74
1278515707942	1	RECOG_FEEDBACK	1
1278515708658	0	RECOG_PRES	8	UNICORN	1538	-999	P	807
1278515709841	0	RECOG_CR_PRES	8	UNICORN	1538	-999	P	56
1278515710192	1	RECOG_FEEDBACK	1
1278515710958	0	RECOG_PRES	8	GARDEN	623	-999	P	827
1278515712150	0	RECOG_CR_PRES	8	GARDEN	623	-999	P	100
1278515712541	1	RECOG_FEEDBACK	1
1278515713250	0	RECOG_PRES	8	MINK	897	-999	P	944
1278515714566	0	RECOG_CR_PRES	8	MINK	897	-999	P	115
1278515714983	1	RECOG_FEEDBACK	1
1278515715774	0	RECOG_PRES	8	KID	775	-999	P	859
1278515717008	0	RECOG_CR_PRES	8	KID	775	-999	P	66
1278515717383	1	RECOG_FEEDBACK	1
1278515718192	0	RECOG_PRES	8	LODGE	839	-999	P	946
1278515719507	0	RECOG_CR_PRES	8	LODGE	839	-999	P	118
1278515719924	1	RECOG_FEEDBACK	1
1278515720724	0	RECOG_PRES	8	MICROPHONE	890	-999	P	877
1278515721965	0	RECOG_CR_PRES	8	MICROPHONE	890	-999	P	109
1278515722375	1	RECOG_FEEDBACK	1
1278515723150	0	RECOG_PRES	8	CAULIFLOWER	262	-999	P	988
1278515724507	0	RECOG_CR_PRES	8	CAULIFLOWER	262	-999	P	118
1278515724932	1	RECOG_FEEDBACK	1
1278515725682	0	RECOG_PRES	8	MOTH	920	-999	P	1007
1278515727058	0	RECOG_CR_PRES	8	MOTH	920	-999	P	96
1278515727457	1	RECOG_FEEDBACK	1
1278515728224	0	RECOG_PRES	8	OFFICER	973	-999	P	874
1278515729473	0	RECOG_CR_PRES	8	OFFICER	973	-999	P	120
1278515729890	1	RECOG_FEEDBACK	1
1278515730606	0	RECOG_PRES	8	GOWN	652	-999	P	891
1278515731898	0	RECOG_CR_PRES	8	GOWN	652	-999	P	112
1278515732316	1	RECOG_FEEDBACK	1
1278515733099	0	RECOG_PRES	8	DICTATOR	462	-999	P	822
1278515734291	0	RECOG_CR_PRES	8	DICTATOR	462	-999	P	150
1278515734739	1	RECOG_FEEDBACK	1
1278515735523	0	RECOG_PRES	8	CHEF	290	-999	P	879
1278515736773	0	RECOG_CR_PRES	8	CHEF	290	-999	P	116
1278515737190	1	RECOG_FEEDBACK	1
1278515737981	0	RECOG_PRES	8	DOLL	481	-999	P	1021
1278515739373	0	RECOG_CR_PRES	8	DOLL	481	-999	P	84
1278515739764	1	RECOG_FEEDBACK	1
1278515742697	0	REST
1278515743815	1	REC_START
1278515743847	0	RECOG_PRES	9	PEANUT	1032	-999	P	1114
1278515745323	0	RECOG_CR_PRES	9	PEANUT	1032	-999	P	118
1278515745739	1	RECOG_FEEDBACK	1
1278515746505	0	RECOG_PRES	9	ANTEATER	26	-999	P	1096
1278515747964	0	RECOG_CR_PRES	9	ANTEATER	26	-999	P	94
1278515748373	1	RECOG_FEEDBACK	1
1278515749089	0	RECOG_PRES	9	PIPE	1073	-999	P	856
1278515750314	0	RECOG_CR_PRES	9	PIPE	1073	-999	P	88
1278515750688	1	RECOG_FEEDBACK	1
1278515751488	0	RECOG_PRES	9	VAULT	1550	-999	P	1257
1278515753114	0	RECOG_CR_PRES	9	VAULT	1550	-999	P	80
1278515753505	1	RECOG_FEEDBACK	1
1278515754247	0	RECOG_PRES	9	BEAVER	109	-999	P	924
1278515755538	0	RECOG_CR_PRES	9	BEAVER	109	-999	P	87
1278515755921	1	RECOG_FEEDBACK	1
1278515756713	0	RECOG_PRES	9	TULIP	1517	-999	P	856
1278515757946	0	RECOG_CR_PRES	9	TULIP	1517	-999	P	88
1278515758339	1	RECOG_FEEDBACK	1
1278515759114	0	RECOG_PRES	9	CONSOLE	364	-999	P	863
1278515760339	0	RECOG_CR_PRES	9	CONSOLE	364	-999	P	87
1278515760721	1	RECOG_FEEDBACK	1
1278515761454	0	RECOG_PRES	9	SHOWER	1296	-999	P	924
1278515762754	0	RECOG_CR_PRES	9	SHOWER	1296	-999	P	79
1278515763138	1	RECOG_FEEDBACK	1
1278515763871	0	RECOG_PRES	9	SCRIBBLE	1256	-999	P	874
1278515765138	0	RECOG_CR_PRES	9	SCRIBBLE	1256	-999	P	64
1278515765504	1	RECOG_FEEDBACK	1
1278515766221	0	RECOG_PRES	9	WASHER	1592	-999	P	1684
1278515768271	0	RECOG_CR_PRES	9	WASHER	1592	-999	P	83
1278515768704	1	RECOG_FEEDBACK	0
1278515769437	0	RECOG_PRES	9	OWNER	993	-999	P	2220
1278515772021	0	RECOG_CR_PRES	9	OWNER	993	-999	P	85
1278515772429	1	RECOG_FEEDBACK	1
1278515773138	0	RECOG_PRES	9	RUBY	1214	-999	P	5000
1278515778511	0	RECOG_CR_PRES	9	RUBY	1214	-999	P	90
1278515778995	1	RECOG_FEEDBACK	1
1278515779761	0	RECOG_PRES	9	SUBURB	1399	-999	P	1112
1278515781237	0	RECOG_CR_PRES	9	SUBURB	1399	-999	P	69
1278515781619	1	RECOG_FEEDBACK	1
1278515782395	0	RECOG_PRES	9	TOY	1492	-999	P	991
1278515783761	0	RECOG_CR_PRES	9	TOY	1492	-999	P	56
1278515784112	1	RECOG_FEEDBACK	1
1278515784919	0	RECOG_PRES	9	CHERRY	293	-999	P	994
1278515786278	0	RECOG_CR_PRES	9	CHERRY	293	-999	P	76
1278515786652	1	RECOG_FEEDBACK	1
1278515787412	0	RECOG_PRES	9	ROACH	1195	-999	P	894
1278515788677	0	RECOG_CR_PRES	9	ROACH	1195	-999	P	76
1278515789053	1	RECOG_FEEDBACK	1
1278515789860	0	RECOG_PRES	9	GARAGE	621	-999	P	1109
1278515791336	0	RECOG_CR_PRES	9	GARAGE	621	-999	P	74
1278515791727	1	RECOG_FEEDBACK	1
1278515792435	0	RECOG_PRES	9	BIOLOGIST	128	-999	P	892
1278515793727	0	RECOG_CR_PRES	9	BIOLOGIST	128	-999	P	82
1278515794111	1	RECOG_FEEDBACK	1
1278515794885	0	RECOG_PRES	9	SWAMP	1416	-999	P	956
1278515796203	0	RECOG_CR_PRES	9	SWAMP	1416	-999	P	103
1278515796610	1	RECOG_FEEDBACK	1
1278515797402	0	RECOG_PRES	9	HANDBAG	684	-999	P	920
1278515798693	0	RECOG_CR_PRES	9	HANDBAG	684	-999	P	84
1278515799077	1	RECOG_FEEDBACK	1
1278515801077	0	REST
1278515802255	1	REC_START
1278515802294	0	RECOG_PRES	10	KEYBOARD	774	-999	P	940
1278515803609	0	RECOG_CR_PRES	10	KEYBOARD	774	-999	P	80
1278515803993	1	RECOG_FEEDBACK	1
1278515804759	0	RECOG_PRES	10	WHIP	1604	-999	P	970
1278515806093	0	RECOG_CR_PRES	10	WHIP	1604	-999	P	85
1278515806484	1	RECOG_FEEDBACK	1
1278515807235	0	RECOG_PRES	10	SLEEVE	1324	-999	P	849
1278515808484	0	RECOG_CR_PRES	10	SLEEVE	1324	-999	P	61
1278515808851	1	RECOG_FEEDBACK	1
1278515809617	0	RECOG_PRES	10	LETTER	813	-999	P	1072
1278515811051	0	RECOG_CR_PRES	10	LETTER	813	-999	P	87
1278515811442	1	RECOG_FEEDBACK	1
1278515812235	0	RECOG_PRES	10	RUNNER	1218	-999	P	879
1278515813484	0	RECOG_CR_PRES	10	RUNNER	1218	-999	P	93
1278515813875	1	RECOG_FEEDBACK	1
1278515814675	0	RECOG_PRES	10	DRYER	503	-999	P	950
1278515816001	0	RECOG_CR_PRES	10	DRYER	503	-999	P	73
1278515816384	1	RECOG_FEEDBACK	1
1278515817109	0	RECOG_PRES	10	MOSS	918	-999	P	780
1278515818251	0	RECOG_CR_PRES	10	MOSS	918	-999	P	63
1278515818600	1	RECOG_FEEDBACK	1
1278515819376	0	RECOG_PRES	10	HAWK	692	-999	P	874
1278515820625	0	RECOG_CR_PRES	10	HAWK	692	-999	P	112
1278515821034	1	RECOG_FEEDBACK	1
1278515821766	0	RECOG_PRES	10	VAMPIRE	1547	-999	P	835
1278515822975	0	RECOG_CR_PRES	10	VAMPIRE	1547	-999	P	171
1278515823434	1	RECOG_FEEDBACK	1
1278515824225	0	RECOG_PRES	10	STRAW	1390	-999	P	1177
1278515825774	0	RECOG_CR_PRES	10	STRAW	1390	-999	P	107
1278515826200	1	RECOG_FEEDBACK	1
1278515826916	0	RECOG_PRES	10	SUSPECT	1415	-999	P	1150
1278515828441	0	RECOG_CR_PRES	10	SUSPECT	1415	-999	P	72
1278515828832	1	RECOG_FEEDBACK	1
1278515829541	0	RECOG_PRES	10	MAPLE	866	-999	P	853
1278515830766	0	RECOG_CR_PRES	10	MAPLE	866	-999	P	107
1278515831175	1	RECOG_FEEDBACK	1
1278515831982	0	RECOG_PRES	10	COMPASS	358	-999	P	875
1278515833225	0	RECOG_CR_PRES	10	COMPASS	358	-999	P	89
1278515833607	1	RECOG_FEEDBACK	1
1278515834375	0	RECOG_PRES	10	TUB	1514	-999	P	915
1278515835665	0	RECOG_CR_PRES	10	TUB	1514	-999	P	88
1278515836058	1	RECOG_FEEDBACK	1
1278515836799	0	RECOG_PRES	10	DUMP	505	-999	P	1690
1278515838865	0	RECOG_CR_PRES	10	DUMP	505	-999	P	72
1278515839266	1	RECOG_FEEDBACK	1
1278515840041	0	RECOG_PRES	10	SLIME	1327	-999	P	936
1278515841341	0	RECOG_CR_PRES	10	SLIME	1327	-999	P	85
1278515841723	1	RECOG_FEEDBACK	1
1278515842498	0	RECOG_PRES	10	WRITER	1627	-999	P	856
1278515843723	0	RECOG_CR_PRES	10	WRITER	1627	-999	P	126
1278515844141	1	RECOG_FEEDBACK	1
1278515844940	0	RECOG_PRES	10	EMPEROR	529	-999	P	807
1278515846140	0	RECOG_CR_PRES	10	EMPEROR	529	-999	P	102
1278515846540	1	RECOG_FEEDBACK	1
1278515847257	0	RECOG_PRES	10	DIAGRAM	456	-999	P	1961
1278515849589	0	RECOG_CR_PRES	10	DIAGRAM	456	-999	P	116
1278515850032	1	RECOG_FEEDBACK	1
1278515850839	0	RECOG_PRES	10	SKUNK	1321	-999	P	834
1278515852040	0	RECOG_CR_PRES	10	SKUNK	1321	-999	P	98
1278515852432	1	RECOG_FEEDBACK	1
1278515855814	0	REST
1278515856838	1	REC_START
1278515856872	0	RECOG_PRES	11	LEADER	807	-999	P	2665
1278515859913	0	RECOG_CR_PRES	11	LEADER	807	-999	P	105
1278515860356	1	RECOG_FEEDBACK	1
1278515861164	0	RECOG_PRES	11	CARPET	247	-999	P	1501
1278515863031	0	RECOG_CR_PRES	11	CARPET	247	-999	P	99
1278515863447	1	RECOG_FEEDBACK	1
1278515864164	0	RECOG_PRES	11	PASTRY	1022	-999	P	1030
1278515865563	0	RECOG_CR_PRES	11	PASTRY	1022	-999	P	70
1278515865930	1	RECOG_FEEDBACK	1
1278515866663	0	RECOG_PRES	11	BANNER	85	-999	P	1082
1278515868114	0	RECOG_CR_PRES	11	BANNER	85	-999	P	72
1278515868488	1	RECOG_FEEDBACK	1
1278515869214	0	RECOG_PRES	11	MIRROR	899	-999	P	988
1278515870571	0	RECOG_CR_PRES	11	MIRROR	899	-999	P	78
1278515870946	1	RECOG_FEEDBACK	1
1278515871738	0	RECOG_PRES	11	RADISH	1158	-999	P	879
1278515872988	0	RECOG_CR_PRES	11	RADISH	1158	-999	P	78
1278515873372	1	RECOG_FEEDBACK	1
1278515874163	0	RECOG_PRES	11	BAY	102	-999	P	815
1278515875380	0	RECOG_CR_PRES	11	BAY	102	-999	P	61
1278515875746	1	RECOG_FEEDBACK	1
1278515876521	0	RECOG_PRES	11	ATTIRE	57	-999	P	1080
1278515877970	0	RECOG_CR_PRES	11	ATTIRE	57	-999	P	112
1278515878388	1	RECOG_FEEDBACK	1
1278515879130	0	RECOG_PRES	11	GUM	672	-999	P	823
1278515880321	0	RECOG_CR_PRES	11	GUM	672	-999	P	73
1278515880687	1	RECOG_FEEDBACK	1
1278515881430	0	RECOG_PRES	11	TRAY	1498	-999	P	812
1278515882612	0	RECOG_CR_PRES	11	TRAY	1498	-999	P	141
1278515883054	1	RECOG_FEEDBACK	1
1278515883853	0	RECOG_PRES	11	VIDEO	1564	-999	P	868
1278515885088	0	RECOG_CR_PRES	11	VIDEO	1564	-999	P	122
1278515885512	1	RECOG_FEEDBACK	1
1278515886221	0	RECOG_PRES	11	TEAPOT	1442	-999	P	1141
1278515887736	0	RECOG_CR_PRES	11	TEAPOT	1442	-999	P	97
1278515888146	1	RECOG_FEEDBACK	1
1278515888953	0	RECOG_PRES	11	PUDDLE	1140	-999	P	1113
1278515890436	0	RECOG_CR_PRES	11	PUDDLE	1140	-999	P	117
1278515890861	1	RECOG_FEEDBACK	1
1278515891644	0	RECOG_PRES	11	TORTOISE	1486	-999	P	1662
1278515893678	0	RECOG_CR_PRES	11	TORTOISE	1486	-999	P	131
1278515894145	1	RECOG_FEEDBACK	1
1278515894869	0	RECOG_PRES	11	SODA	1341	-999	P	964
1278515896195	0	RECOG_CR_PRES	11	SODA	1341	-999	P	151
1278515896652	1	RECOG_FEEDBACK	1
1278515897428	0	RECOG_PRES	11	SCENERY	1247	-999	P	1037
1278515898836	0	RECOG_CR_PRES	11	SCENERY	1247	-999	P	125
1278515899270	1	RECOG_FEEDBACK	1
1278515900003	0	RECOG_PRES	11	DRESS	495	-999	P	873
1278515901270	0	RECOG_CR_PRES	11	DRESS	495	-999	P	140
1278515901719	1	RECOG_FEEDBACK	1
1278515902494	0	RECOG_PRES	11	LAKE	796	-999	P	812
1278515903677	0	RECOG_CR_PRES	11	LAKE	796	-999	P	108
1278515904095	1	RECOG_FEEDBACK	1
1278515904860	0	RECOG_PRES	11	PLANT	1083	-999	P	829
1278515906053	0	RECOG_CR_PRES	11	PLANT	1083	-999	P	125
1278515906477	1	RECOG_FEEDBACK	1
1278515907211	0	RECOG_PRES	11	MAMMAL	861	-999	P	839
1278515908419	0	RECOG_CR_PRES	11	MAMMAL	861	-999	P	126
1278515908851	1	RECOG_FEEDBACK	1
1278515909667	0	RECOG_END
1278515910860	0	SESS_END
1278515910901	0	E	Logging Ends
