1270822910263	0	B	Logging Begins
1270822953300	0	START
1270822953325	1	PROB	'3 + 3 + 4 = '	'10'	1	1850	1
1270822955206	1	PROB	'1 + 1 + 1 = '	'3'	1	929	1
1270822956172	1	PROB	'9 + 6 + 8 = '	'23'	1	2139	1
1270822958344	1	PROB	'5 + 8 + 5 = '	'18'	1	1255	1
1270822959634	1	PROB	'8 + 4 + 1 = '	'13'	1	1157	1
1270822960825	1	PROB	'8 + 7 + 5 = '	'20'	1	1534	1
1270822962389	1	PROB	'1 + 2 + 7 = '	'10'	1	1226	1
1270822963646	1	PROB	'4 + 2 + 5 = '	'9'	0	1665	1
1270822965344	1	PROB	'8 + 5 + 4 = '	'17'	1	1911	1
1270822967292	1	PROB	'2 + 3 + 3 = '	'8'	1	1147	1
1270822968474	1	PROB	'6 + 8 + 5 = '	'17'	0	2221	1
1270822970730	1	PROB	'1 + 5 + 5 = '	'11'	1	973	1
1270822973300	0	STOP
1270823099687	0	START
1270823100653	1	PROB	'9 + 4 + 8 = '	'21'	1	2506	1
1270823103191	1	PROB	'8 + 7 + 8 = '	'23'	1	3384	1
1270823106575	0	STOP
1270823186711	0	START
1270823188217	1	PROB	'7 + 3 + 4 = '	'14'	1	1142	1
1270823189391	1	PROB	'2 + 9 + 6 = '	'17'	1	1688	1
1270823191114	1	PROB	'2 + 5 + 7 = '	'14'	1	1253	1
1270823192404	1	PROB	'6 + 5 + 6 = '	'17'	1	1523	1
1270823193927	0	STOP
1270823198780	0	START
1270823199679	1	PROB	'2 + 1 + 6 = '	'9'	1	2024	1
1270823201734	1	PROB	'7 + 9 + 3 = '	'19'	1	1289	1
1270823203058	1	PROB	'2 + 3 + 7 = '	'12'	1	1517	1
1270823204606	1	PROB	'4 + 1 + 6 = '	'11'	1	1049	1
1270823205655	0	STOP
1270823210924	0	START
1270823211889	1	PROB	'2 + 1 + 8 = '	'11'	1	1374	1
1270823213296	1	PROB	'9 + 6 + 9 = '	'24'	1	1847	1
1270823215177	1	PROB	'3 + 3 + 8 = '	'14'	1	1206	1
1270823216417	1	PROB	'9 + 9 + 2 = '	'20'	1	1614	1
1270823218031	0	STOP
1270823222810	0	START
1270823223967	1	PROB	'8 + 3 + 3 = '	'14'	1	1296	1
1270823225299	1	PROB	'6 + 9 + 2 = '	'16'	0	1788	1
1270823227121	1	PROB	'3 + 6 + 1 = '	'10'	1	1030	1
1270823228187	1	PROB	'2 + 1 + 6 = '	'9'	1	1060	1
1270823229286	1	PROB	'5 + 9 + 3 = '	'17'	1	1393	1
1270823230679	0	STOP
1270823234730	0	START
1270823235886	1	PROB	'1 + 3 + 5 = '	'9'	1	1577	1
1270823237501	1	PROB	'2 + 8 + 9 = '	'19'	1	1546	1
1270823239082	1	PROB	'6 + 3 + 7 = '	'16'	1	1109	1
1270823240223	1	PROB	'9 + 4 + 3 = '	'16'	1	1384	1
1270823241607	0	STOP
1270823246741	0	START
1270823247714	1	PROB	'9 + 9 + 7 = '	'23'	0	2509	1
1270823250261	1	PROB	'8 + 9 + 3 = '	'20'	1	1962	1
1270823252259	1	PROB	'3 + 4 + 6 = '	'13'	1	1844	1
1270823254103	0	STOP
1270823258743	0	START
1270823259559	1	PROB	'5 + 8 + 6 = '	'19'	1	1888	1
1270823261481	1	PROB	'2 + 6 + 7 = '	'15'	1	1509	1
1270823263029	1	PROB	'5 + 8 + 7 = '	'20'	1	1610	1
1270823266743	0	STOP
1270823270646	0	START
1270823271836	1	PROB	'2 + 1 + 5 = '	'8'	1	1123	1
1270823272992	1	PROB	'8 + 7 + 4 = '	'19'	1	1303	1
1270823274333	1	PROB	'3 + 5 + 3 = '	'11'	1	1674	1
1270823276039	1	PROB	'2 + 7 + 8 = '	'17'	1	1976	1
1270823278015	0	STOP
1270823282657	0	START
1270823283722	1	PROB	'2 + 4 + 7 = '	'13'	1	2149	1
1270823285903	1	PROB	'4 + 8 + 2 = '	'14'	1	1272	1
1270823287210	1	PROB	'8 + 7 + 8 = '	'24'	0	1925	1
1270823289135	0	STOP
1270823294701	0	START
1270823295616	1	PROB	'2 + 7 + 9 = '	'18'	1	1879	1
1270823297531	1	PROB	'4 + 7 + 9 = '	'20'	1	2532	1
1270823300094	1	PROB	'7 + 4 + 6 = '	'17'	1	1401	1
1270823301495	0	STOP
1270823306845	0	START
1270823307944	1	PROB	'4 + 6 + 7 = '	'17'	1	1623	1
1270823309600	1	PROB	'2 + 9 + 7 = '	'18'	1	1935	1
1270823311573	1	PROB	'8 + 3 + 6 = '	'17'	1	1666	1
1270823314845	0	STOP
1270823318890	0	START
1270823319963	1	PROB	'8 + 4 + 1 = '	'13'	1	1404	1
1270823321403	1	PROB	'5 + 9 + 2 = '	'16'	1	1956	1
1270823323392	1	PROB	'5 + 5 + 6 = '	'16'	1	983	1
1270823324408	1	PROB	'9 + 9 + 2 = '	'20'	1	1079	1
1270823325487	0	STOP
1270823330776	0	START
1270823331882	1	PROB	'8 + 5 + 4 = '	'17'	1	1621	1
1270823333539	1	PROB	'1 + 7 + 3 = '	'11'	1	1084	1
1270823334654	1	PROB	'1 + 3 + 8 = '	'12'	1	1793	1
1270823336485	1	PROB	'1 + 1 + 9 = '	'11'	1	930	1
1270823337415	0	STOP
1270823342712	0	START
1270823343835	1	PROB	'1 + 5 + 6 = '	'12'	1	1492	1
1270823345358	1	PROB	'5 + 5 + 2 = '	'12'	1	873	1
1270823346266	1	PROB	'5 + 2 + 8 = '	'15'	1	1493	1
1270823347797	1	PROB	'7 + 7 + 4 = '	'18'	1	2394	1
1270823350191	0	STOP
1270823354573	0	START
1270823355555	1	PROB	'4 + 6 + 2 = '	'12'	1	1076	1
1270823356662	1	PROB	'8 + 4 + 7 = '	'19'	1	2385	1
1270823359084	1	PROB	'4 + 3 + 6 = '	'13'	1	1299	1
1270823360416	1	PROB	'7 + 4 + 3 = '	'14'	1	1215	1
1270823361631	0	STOP
1270823366517	0	START
1270823367482	1	PROB	'9 + 7 + 7 = '	'23'	1	1709	1
1270823369222	1	PROB	'1 + 3 + 1 = '	'5'	1	1161	1
1270823370421	1	PROB	'1 + 8 + 5 = '	'14'	1	2322	1
1270823372776	1	PROB	'4 + 4 + 2 = '	'10'	1	1143	1
1270823373919	0	STOP
1270823378678	0	START
1270823379793	1	PROB	'1 + 6 + 4 = '	'11'	1	998	1
1270823380825	1	PROB	'1 + 7 + 9 = '	'17'	1	1590	1
1270823382448	1	PROB	'9 + 4 + 2 = '	'15'	1	1903	1
1270823384388	1	PROB	'3 + 9 + 2 = '	'14'	1	1483	1
1270823385871	0	STOP
1270823530958	0	START
1270823531824	1	PROB	'4 + 7 + 2 = '	'13'	1	1983	1
1270823533838	1	PROB	'9 + 1 + 3 = '	'13'	1	1169	1
1270823535045	1	PROB	'6 + 8 + 9 = '	'23'	1	3066	1
1270823538111	0	STOP
1270823682423	0	START
1270823683496	1	PROB	'1 + 3 + 4 = '	'8'	1	1159	1
1270823684686	1	PROB	'7 + 5 + 8 = '	'20'	1	1265	1
1270823685985	1	PROB	'4 + 9 + 5 = '	'18'	1	1694	1
1270823687716	1	PROB	'1 + 1 + 8 = '	'10'	1	1739	1
1270823689489	1	PROB	'9 + 8 + 7 = '	'24'	1	2414	1
1270823691936	1	PROB	'2 + 6 + 7 = '	'15'	1	1767	1
1270823693734	1	PROB	'1 + 9 + 1 = '	'11'	1	1145	1
1270823694916	1	PROB	'5 + 6 + 1 = '	'12'	1	915	1
1270823695865	1	PROB	'6 + 7 + 5 = '	'18'	1	1486	1
1270823697351	0	STOP
1270823781615	0	START
1270823783121	1	PROB	'6 + 2 + 5 = '	'13'	1	1518	1
1270823784678	1	PROB	'2 + 4 + 9 = '	'15'	1	1809	1
1270823786526	1	PROB	'4 + 4 + 1 = '	'9'	1	1033	1
1270823787591	1	PROB	'5 + 5 + 9 = '	'19'	1	1080	1
1270823788706	1	PROB	'6 + 1 + 2 = '	'9'	1	1037	1
1270823789780	1	PROB	'6 + 7 + 1 = '	'14'	1	1491	1
1270823791303	1	PROB	'7 + 5 + 6 = '	'18'	1	1440	1
1270823792777	1	PROB	'2 + 4 + 8 = '	'14'	1	1630	1
1270823794441	1	PROB	'8 + 6 + 8 = '	'22'	1	1606	1
1270823797615	0	STOP
1270823801517	0	START
1270823802524	1	PROB	'4 + 2 + 5 = '	'11'	1	3419	1
1270823805978	1	PROB	'5 + 6 + 5 = '	'16'	1	1020	1
1270823807035	1	PROB	'4 + 6 + 6 = '	'16'	1	1092	1
1270823808159	1	PROB	'2 + 5 + 6 = '	'13'	1	1400	1
1270823809590	1	PROB	'5 + 9 + 7 = '	'21'	1	2745	1
1270823812370	1	PROB	'3 + 7 + 5 = '	'15'	1	989	1
1270823813394	1	PROB	'9 + 3 + 9 = '	'21'	1	1285	1
1270823814718	1	PROB	'7 + 4 + 8 = '	'19'	1	1280	1
1270823815998	0	STOP
1270823821668	0	START
1270823822683	1	PROB	'8 + 7 + 8 = '	'24'	0	3468	1
1270823826188	1	PROB	'6 + 2 + 1 = '	'9'	1	3011	1
1270823829234	1	PROB	'5 + 2 + 5 = '	'12'	1	893	1
1270823830158	1	PROB	'5 + 8 + 8 = '	'21'	1	1201	1
1270823831390	1	PROB	'4 + 4 + 5 = '	'13'	1	2065	1
1270823833487	1	PROB	'4 + 7 + 6 = '	'17'	1	1648	1
1270823835169	1	PROB	'7 + 2 + 9 = '	'18'	1	1214	1
1270823836383	0	STOP
1270823841878	0	START
1270823842868	1	PROB	'7 + 8 + 4 = '	'19'	1	1747	1
1270823844649	1	PROB	'1 + 3 + 8 = '	'12'	1	1158	1
1270823845840	1	PROB	'7 + 5 + 3 = '	'15'	1	1271	1
1270823847146	1	PROB	'3 + 9 + 3 = '	'15'	1	1509	1
1270823848695	1	PROB	'2 + 7 + 6 = '	'15'	1	1760	1
1270823850493	1	PROB	'6 + 5 + 9 = '	'20'	1	1746	1
1270823852274	1	PROB	'9 + 5 + 8 = '	'24'	0	2941	1
1270823855254	1	PROB	'3 + 8 + 4 = '	'17'	0	2409	1
1270823857663	0	STOP
1270823862054	0	START
1270823862994	1	PROB	'7 + 6 + 2 = '	'15'	1	1861	1
1270823864892	1	PROB	'8 + 8 + 8 = '	'24'	1	1035	1
1270823865966	1	PROB	'6 + 5 + 5 = '	'16'	1	1032	1
1270823867031	1	PROB	'4 + 4 + 2 = '	'14'	0	1352	1
1270823868421	1	PROB	'7 + 1 + 7 = '	'15'	1	1330	1
1270823869787	1	PROB	'9 + 8 + 2 = '	'19'	1	1652	1
1270823871476	1	PROB	'4 + 7 + 7 = '	'18'	1	1435	1
1270823872950	1	PROB	'2 + 6 + 6 = '	'14'	1	1553	1
1270823874539	1	PROB	'8 + 9 + 6 = '	'23'	1	2020	1
1270823876559	0	STOP
1270823882039	0	START
1270823883004	1	PROB	'5 + 6 + 2 = '	'13'	1	1467	1
1270823884511	1	PROB	'4 + 2 + 3 = '	'9'	1	1608	1
1270823886159	1	PROB	'1 + 7 + 5 = '	'13'	1	1776	1
1270823887974	1	PROB	'3 + 9 + 7 = '	'16'	0	1433	1
1270823889447	1	PROB	'9 + 7 + 8 = '	'24'	1	2160	1
1270823891644	1	PROB	'4 + 9 + 4 = '	'17'	1	1843	1
1270823893526	1	PROB	'9 + 5 + 1 = '	'15'	1	1577	1
1270823895140	1	PROB	'4 + 6 + 3 = '	'13'	1	1083	1
1270823896256	1	PROB	'1 + 6 + 3 = '	'10'	1	1135	1
1270823897391	0	STOP
1270823902241	0	START
1270823903431	1	PROB	'6 + 1 + 9 = '	'16'	1	1464	1
1270823904929	1	PROB	'9 + 5 + 8 = '	'22'	1	3069	1
1270823908034	1	PROB	'8 + 8 + 2 = '	'18'	1	1413	1
1270823909482	1	PROB	'3 + 2 + 7 = '	'12'	1	1557	1
1270823911072	1	PROB	'4 + 1 + 9 = '	'14'	1	1423	1
1270823912528	1	PROB	'8 + 2 + 6 = '	'16'	1	1255	1
1270823913818	1	PROB	'9 + 9 + 5 = '	'23'	1	1837	1
1270823915691	1	PROB	'2 + 5 + 4 = '	'11'	1	1660	1
1270823917351	0	STOP
1270823922392	0	START
1270823923224	1	PROB	'6 + 1 + 2 = '	'9'	1	1647	1
1270823924906	1	PROB	'1 + 2 + 3 = '	'6'	1	1677	1
1270823926628	1	PROB	'6 + 8 + 3 = '	'17'	1	1571	1
1270823928235	1	PROB	'6 + 1 + 6 = '	'13'	1	996	1
1270823929267	1	PROB	'1 + 4 + 5 = '	'10'	1	1108	1
1270823930416	1	PROB	'2 + 7 + 7 = '	'16'	1	1327	1
1270823931781	1	PROB	'1 + 6 + 9 = '	'16'	1	1410	1
1270823933229	1	PROB	'1 + 1 + 6 = '	'8'	1	1458	1
1270823934727	1	PROB	'8 + 4 + 9 = '	'21'	1	1368	1
1270823936134	1	PROB	'9 + 8 + 5 = '	'22'	1	1745	1
1270823937879	0	STOP
1270823942269	0	START
1270823943326	1	PROB	'7 + 5 + 5 = '	'17'	1	1209	1
1270823944574	1	PROB	'7 + 9 + 2 = '	'18'	1	1929	1
1270823946539	1	PROB	'1 + 8 + 3 = '	'12'	1	1459	1
1270823948037	1	PROB	'5 + 7 + 5 = '	'17'	1	1874	1
1270823949951	1	PROB	'8 + 3 + 7 = '	'18'	1	1600	1
1270823951591	1	PROB	'7 + 1 + 5 = '	'13'	1	1760	1
1270823953389	1	PROB	'4 + 9 + 1 = '	'14'	1	2378	1
1270823955803	1	PROB	'8 + 4 + 9 = '	'21'	1	2108	1
1270823957911	0	STOP
1270823962229	0	START
1270823963219	1	PROB	'4 + 2 + 8 = '	'14'	1	1700	1
1270823964959	1	PROB	'8 + 8 + 6 = '	'22'	1	1856	1
1270823966848	1	PROB	'9 + 4 + 9 = '	'22'	1	1495	1
1270823968380	1	PROB	'4 + 7 + 4 = '	'15'	1	1755	1
1270823970169	1	PROB	'4 + 5 + 7 = '	'16'	1	1902	1
1270823972109	1	PROB	'4 + 7 + 3 = '	'14'	1	1282	1
1270823973424	1	PROB	'6 + 9 + 8 = '	'23'	1	1759	1
1270823975222	1	PROB	'5 + 3 + 9 = '	'17'	1	1241	1
1270823976503	1	PROB	'1 + 9 + 7 = '	'17'	1	984	1
1270823977487	0	STOP
1270823982164	0	START
1270823983304	1	PROB	'9 + 3 + 7 = '	'19'	1	1615	1
1270823984952	1	PROB	'9 + 6 + 5 = '	'20'	1	1487	1
1270823986475	1	PROB	'4 + 6 + 4 = '	'14'	1	1356	1
1270823987865	1	PROB	'3 + 2 + 6 = '	'11'	1	1358	1
1270823989264	1	PROB	'8 + 2 + 2 = '	'12'	1	1375	1
1270823990679	1	PROB	'4 + 3 + 7 = '	'14'	1	1200	1
1270823991919	1	PROB	'7 + 9 + 2 = '	'18'	1	1344	1
1270823993300	1	PROB	'3 + 6 + 4 = '	'13'	1	1427	1
1270823994765	1	PROB	'6 + 4 + 3 = '	'13'	1	1010	1
1270823995814	1	PROB	'3 + 8 + 5 = '	'16'	1	1785	1
1270823997599	0	STOP
1270824002049	0	START
1270824003114	1	PROB	'9 + 3 + 4 = '	'16'	1	1485	1
1270824004637	1	PROB	'5 + 4 + 8 = '	'17'	1	1370	1
1270824006044	1	PROB	'7 + 2 + 2 = '	'11'	1	1259	1
1270824007342	1	PROB	'1 + 6 + 9 = '	'16'	1	1625	1
1270824009007	1	PROB	'7 + 6 + 2 = '	'15'	1	1640	1
1270824010680	1	PROB	'3 + 6 + 5 = '	'14'	1	1327	1
1270824012045	1	PROB	'5 + 4 + 9 = '	'17'	0	1938	1
1270824014018	1	PROB	'2 + 4 + 8 = '	'14'	1	1972	1
1270824016024	1	PROB	'2 + 3 + 7 = '	'12'	1	1559	1
1270824017583	0	STOP
1270824021917	0	START
1270824022883	1	PROB	'3 + 6 + 4 = '	'13'	1	3468	1
1270824026387	1	PROB	'6 + 4 + 6 = '	'16'	1	1140	1
1270824027560	1	PROB	'4 + 6 + 7 = '	'17'	1	1239	1
1270824028834	1	PROB	'6 + 5 + 1 = '	'12'	1	1429	1
1270824030299	1	PROB	'8 + 9 + 9 = '	'26'	1	3604	1
1270824033936	1	PROB	'4 + 5 + 5 = '	'14'	1	1103	1
1270824035077	1	PROB	'2 + 1 + 8 = '	'11'	1	1362	1
1270824036439	0	STOP
1270824041886	0	START
1270824042734	1	PROB	'9 + 4 + 8 = '	'21'	1	1409	1
1270824044183	1	PROB	'8 + 9 + 8 = '	'25'	1	2224	1
1270824046447	1	PROB	'8 + 8 + 7 = '	'23'	1	1672	1
1270824048153	1	PROB	'3 + 2 + 9 = '	'14'	1	1590	1
1270824049776	1	PROB	'9 + 5 + 8 = '	'22'	1	1871	1
1270824051682	1	PROB	'1 + 4 + 8 = '	'13'	1	1285	1
1270824053006	1	PROB	'8 + 1 + 5 = '	'14'	1	1145	1
1270824054188	1	PROB	'8 + 2 + 2 = '	'12'	1	1563	1
1270824055786	1	PROB	'6 + 2 + 3 = '	'11'	1	1157	1
1270824056943	0	STOP
1270824061879	0	START
1270824062786	1	PROB	'4 + 8 + 3 = '	'17'	0	1517	1
1270824064342	1	PROB	'9 + 5 + 7 = '	'21'	1	1969	1
1270824066348	1	PROB	'1 + 7 + 3 = '	'11'	1	1731	1
1270824068113	1	PROB	'1 + 4 + 3 = '	'8'	1	1222	1
1270824069370	1	PROB	'2 + 7 + 7 = '	'16'	1	1805	1
1270824071209	1	PROB	'7 + 8 + 6 = '	'21'	1	1694	1
1270824072941	1	PROB	'7 + 7 + 1 = '	'15'	1	1242	1
1270824074223	1	PROB	'9 + 1 + 9 = '	'19'	1	1240	1
1270824077878	0	STOP
1270824082080	0	START
1270824083212	1	PROB	'6 + 2 + 2 = '	'8'	0	1363	1
1270824084610	1	PROB	'5 + 4 + 3 = '	'12'	1	1453	1
1270824086100	1	PROB	'3 + 9 + 2 = '	'14'	1	1867	1
1270824088006	1	PROB	'6 + 8 + 9 = '	'23'	1	2353	1
1270824090395	1	PROB	'2 + 9 + 1 = '	'12'	1	1572	1
1270824092002	1	PROB	'8 + 1 + 2 = '	'11'	1	1237	1
1270824093275	1	PROB	'1 + 4 + 8 = '	'15'	0	1300	1
1270824094615	1	PROB	'4 + 1 + 7 = '	'12'	1	3032	1
1270824097647	0	STOP
1270824102232	0	START
1270824103055	1	PROB	'3 + 1 + 4 = '	'8'	1	928	1
1270824104021	1	PROB	'4 + 9 + 7 = '	'20'	1	2402	1
1270824106460	1	PROB	'7 + 5 + 5 = '	'17'	1	2355	1
1270824108849	1	PROB	'9 + 4 + 3 = '	'16'	1	2270	1
1270824111154	1	PROB	'9 + 4 + 2 = '	'15'	1	2421	1
1270824113610	1	PROB	'9 + 7 + 4 = '	'20'	1	1397	1
1270824115041	1	PROB	'3 + 7 + 8 = '	'18'	1	1158	1
1270824116232	1	PROB	'9 + 3 + 6 = '	'18'	1	1463	1
1270824117695	0	STOP
1270824199402	0	START
1270824200908	1	PROB	'7 + 4 + 4 = '	'15'	1	1771	1
1270824202714	1	PROB	'8 + 5 + 3 = '	'16'	1	1197	1
1270824203946	1	PROB	'3 + 6 + 2 = '	'11'	1	1493	1
1270824207401	0	STOP
1270824211662	0	START
1270824212569	1	PROB	'9 + 3 + 5 = '	'17'	1	1286	1
1270824213893	1	PROB	'2 + 9 + 5 = '	'16'	1	1450	1
1270824215382	1	PROB	'1 + 8 + 5 = '	'14'	1	2017	1
1270824217438	1	PROB	'9 + 8 + 2 = '	'19'	1	1273	1
1270824218711	0	STOP
1270824223773	0	START
1270824224838	1	PROB	'1 + 8 + 8 = '	'17'	1	2633	1
1270824227510	1	PROB	'7 + 6 + 6 = '	'19'	1	2617	1
1270824230165	1	PROB	'3 + 2 + 1 = '	'6'	1	1034	1
1270824231199	0	STOP
1270824235684	0	START
1270824236699	1	PROB	'1 + 1 + 8 = '	'10'	1	1140	1
1270824237873	1	PROB	'9 + 2 + 5 = '	'16'	1	2054	1
1270824239962	1	PROB	'2 + 4 + 2 = '	'8'	1	1213	1
1270824241211	1	PROB	'3 + 8 + 3 = '	'14'	1	1388	1
1270824242599	0	STOP
1270824247853	0	START
1270824248785	1	PROB	'6 + 5 + 7 = '	'18'	1	1734	1
1270824250558	1	PROB	'3 + 4 + 1 = '	'8'	1	1401	1
1270824251997	1	PROB	'2 + 6 + 2 = '	'10'	1	1138	1
1270824253172	1	PROB	'5 + 2 + 8 = '	'15'	1	1307	1
1270824254479	0	STOP
1270824260039	0	START
1270824260987	1	PROB	'4 + 2 + 6 = '	'12'	1	2148	1
1270824263168	1	PROB	'8 + 8 + 6 = '	'22'	1	3151	1
1270824266356	1	PROB	'1 + 7 + 5 = '	'13'	1	1171	1
1270824267527	0	STOP
1270824272050	0	START
1270824273123	1	PROB	'2 + 6 + 2 = '	'10'	1	1020	1
1270824274180	1	PROB	'6 + 5 + 7 = '	'18'	1	1347	1
1270824275562	1	PROB	'6 + 7 + 1 = '	'14'	1	1605	1
1270824277202	1	PROB	'9 + 1 + 5 = '	'15'	1	1485	1
1270824278687	0	STOP
1270824283986	0	START
1270824284926	1	PROB	'9 + 9 + 6 = '	'24'	1	1721	1
1270824286682	1	PROB	'1 + 9 + 5 = '	'15'	1	1181	1
1270824287898	1	PROB	'5 + 2 + 5 = '	'12'	1	1021	1
1270824288955	1	PROB	'8 + 9 + 9 = '	'26'	1	2260	1
1270824291215	0	STOP
1270824296147	0	START
1270824297337	1	PROB	'9 + 5 + 3 = '	'17'	1	1918	1
1270824299293	1	PROB	'4 + 3 + 8 = '	'15'	1	1274	1
1270824300608	1	PROB	'4 + 3 + 1 = '	'8'	1	903	1
1270824301557	1	PROB	'8 + 5 + 1 = '	'14'	1	2426	1
1270824303983	0	STOP
1270824307990	0	START
1270824308807	1	PROB	'3 + 9 + 1 = '	'13'	1	1088	1
1270824309930	1	PROB	'2 + 9 + 8 = '	'19'	1	1821	1
1270824311786	1	PROB	'6 + 2 + 7 = '	'15'	1	1357	1
1270824313176	1	PROB	'6 + 6 + 2 = '	'14'	1	1455	1
1270824314631	0	STOP
1270824320127	0	START
1270824321217	1	PROB	'1 + 8 + 4 = '	'13'	1	1918	1
1270824323173	1	PROB	'7 + 1 + 2 = '	'10'	1	1194	1
1270824324405	1	PROB	'9 + 6 + 4 = '	'19'	1	1194	1
1270824325637	1	PROB	'2 + 3 + 5 = '	'10'	1	1178	1
1270824326815	0	STOP
1270824332113	0	START
1270824332994	1	PROB	'5 + 4 + 2 = '	'11'	1	2197	1
1270824335226	1	PROB	'3 + 9 + 6 = '	'18'	1	1573	1
1270824336832	1	PROB	'9 + 9 + 3 = '	'21'	1	1127	1
1270824340113	0	STOP
1270824344282	0	START
1270824345364	1	PROB	'7 + 7 + 7 = '	'21'	1	1043	1
1270824346446	1	PROB	'9 + 1 + 6 = '	'16'	1	1145	1
1270824347628	1	PROB	'9 + 3 + 6 = '	'18'	1	1323	1
1270824348985	1	PROB	'5 + 1 + 5 = '	'11'	1	854	1
1270824349875	1	PROB	'8 + 9 + 2 = '	'19'	1	1428	1
1270824351303	0	STOP
1270824356376	0	START
1270824357192	1	PROB	'2 + 3 + 5 = '	'10'	1	1695	1
1270824358923	1	PROB	'8 + 2 + 2 = '	'12'	1	1332	1
1270824360288	1	PROB	'7 + 5 + 5 = '	'17'	1	1135	1
1270824361462	1	PROB	'4 + 6 + 3 = '	'13'	1	1065	1
1270824362560	1	PROB	'4 + 6 + 8 = '	'18'	1	1055	1
1270824363615	0	STOP
1270824368238	0	START
1270824369111	1	PROB	'4 + 2 + 8 = '	'14'	1	2912	1
1270824372058	1	PROB	'4 + 8 + 5 = '	'17'	1	1821	1
1270824373914	1	PROB	'5 + 8 + 2 = '	'15'	1	1437	1
1270824375351	0	STOP
1270824380257	0	START
1270824381189	1	PROB	'2 + 6 + 6 = '	'14'	1	1602	1
1270824382828	1	PROB	'5 + 8 + 6 = '	'19'	1	2123	1
1270824384984	1	PROB	'6 + 5 + 3 = '	'14'	1	1431	1
1270824388257	0	STOP
1270824392184	0	START
1270824393183	1	PROB	'6 + 9 + 1 = '	'16'	1	1528	1
1270824394748	1	PROB	'9 + 6 + 8 = '	'23'	1	1707	1
1270824396496	1	PROB	'1 + 8 + 2 = '	'11'	1	1535	1
1270824398069	1	PROB	'2 + 2 + 9 = '	'13'	1	1850	1
1270824399919	0	STOP
1270824833452	0	START
1270824834367	1	PROB	'3 + 9 + 1 = '	'13'	1	1623	1
1270824836032	1	PROB	'2 + 8 + 4 = '	'14'	1	1375	1
1270824837447	1	PROB	'6 + 9 + 5 = '	'20'	1	1936	1
1270824839419	1	PROB	'3 + 5 + 5 = '	'13'	1	996	1
1270824840451	1	PROB	'6 + 5 + 6 = '	'17'	1	1788	1
1270824842274	1	PROB	'7 + 2 + 6 = '	'15'	1	2061	1
1270824844372	1	PROB	'8 + 2 + 6 = '	'16'	1	979	1
1270824845387	1	PROB	'6 + 6 + 7 = '	'19'	1	1228	1
1270824849447	0	STOP
1270824928832	0	START
1270824930338	1	PROB	'8 + 3 + 5 = '	'16'	1	1925	1
1270824932302	1	PROB	'7 + 9 + 6 = '	'22'	1	2161	1
1270824934500	1	PROB	'2 + 8 + 8 = '	'18'	1	1147	1
1270824935647	0	STOP
1270824940901	0	START
1270824941883	1	PROB	'1 + 5 + 7 = '	'13'	1	1140	1
1270824943056	1	PROB	'4 + 6 + 7 = '	'17'	1	991	1
1270824944080	1	PROB	'3 + 5 + 3 = '	'11'	1	1215	1
1270824945329	1	PROB	'4 + 2 + 7 = '	'13'	1	2302	1
1270824947631	0	STOP
1270824952804	0	START
1270824953910	1	PROB	'2 + 9 + 4 = '	'15'	1	1449	1
1270824955392	1	PROB	'5 + 2 + 3 = '	'10'	1	1143	1
1270824956574	1	PROB	'6 + 8 + 5 = '	'19'	1	1401	1
1270824958014	1	PROB	'9 + 4 + 1 = '	'14'	1	1529	1
1270824959543	0	STOP
1270824964790	0	START
1270824965688	1	PROB	'6 + 6 + 6 = '	'18'	1	1103	1
1270824966829	1	PROB	'1 + 2 + 6 = '	'9'	1	994	1
1270824967861	1	PROB	'8 + 4 + 1 = '	'13'	1	1538	1
1270824969434	1	PROB	'1 + 7 + 2 = '	'10'	1	981	1
1270824972790	0	STOP
1270824976742	0	START
1270824977782	1	PROB	'1 + 3 + 1 = '	'5'	1	905	1
1270824978723	1	PROB	'3 + 8 + 1 = '	'12'	1	1364	1
1270824980121	1	PROB	'6 + 5 + 9 = '	'20'	1	2686	1
1270824982843	1	PROB	'6 + 1 + 9 = '	'16'	1	1764	1
1270824984607	0	STOP
1270824988787	0	START
1270824989652	1	PROB	'1 + 8 + 5 = '	'14'	1	1875	1
1270824991566	1	PROB	'3 + 5 + 5 = '	'13'	1	1057	1
1270824992657	1	PROB	'4 + 1 + 7 = '	'12'	1	1894	1
1270824994588	1	PROB	'2 + 7 + 5 = '	'14'	1	1963	1
1270824996551	0	STOP
1270825000714	0	START
1270825001788	1	PROB	'7 + 7 + 8 = '	'22'	1	1811	1
1270825003636	1	PROB	'7 + 1 + 9 = '	'17'	1	1691	1
1270825005367	1	PROB	'4 + 2 + 3 = '	'9'	1	1736	1
1270825008713	0	STOP
1270825012884	0	START
1270825013865	1	PROB	'4 + 1 + 1 = '	'6'	1	1110	1
1270825015014	1	PROB	'5 + 8 + 7 = '	'20'	1	1625	1
1270825016679	1	PROB	'8 + 4 + 7 = '	'19'	1	2000	1
1270825018718	1	PROB	'6 + 8 + 2 = '	'16'	1	1313	1
1270825020031	0	STOP
1270825024870	0	START
1270825025909	1	PROB	'5 + 7 + 6 = '	'18'	1	1586	1
1270825027533	1	PROB	'4 + 3 + 4 = '	'11'	1	1674	1
1270825029247	1	PROB	'3 + 7 + 2 = '	'12'	1	1120	1
1270825030404	1	PROB	'2 + 5 + 5 = '	'12'	1	1107	1
1270825031511	0	STOP
1270825036906	0	START
1270825037804	1	PROB	'4 + 9 + 7 = '	'20'	1	2147	1
1270825039985	1	PROB	'8 + 9 + 4 = '	'21'	1	1942	1
1270825041966	1	PROB	'5 + 4 + 1 = '	'10'	1	1089	1
1270825043089	1	PROB	'2 + 4 + 2 = '	'8'	1	1478	1
1270825044567	0	STOP
1270825048883	0	START
1270825049965	1	PROB	'3 + 8 + 6 = '	'17'	1	1562	1
1270825051563	1	PROB	'4 + 4 + 4 = '	'12'	1	1404	1
1270825053003	1	PROB	'3 + 7 + 6 = '	'16'	1	987	1
1270825054027	1	PROB	'9 + 7 + 1 = '	'17'	1	1348	1
1270825055375	0	STOP
1270825060878	0	START
1270825061834	1	PROB	'6 + 9 + 1 = '	'16'	1	1253	1
1270825063124	1	PROB	'1 + 7 + 8 = '	'16'	1	2147	1
1270825065305	1	PROB	'2 + 5 + 7 = '	'14'	1	1702	1
1270825067045	1	PROB	'8 + 2 + 7 = '	'17'	1	1122	1
1270825068167	0	STOP
1270825072947	0	START
1270825073945	1	PROB	'4 + 4 + 4 = '	'12'	1	910	1
1270825074894	1	PROB	'9 + 1 + 7 = '	'17'	1	1113	1
1270825076043	1	PROB	'5 + 9 + 3 = '	'17'	1	2020	1
1270825078099	1	PROB	'7 + 3 + 1 = '	'11'	1	1044	1
1270825079181	1	PROB	'4 + 6 + 2 = '	'12'	1	1066	1
1270825080247	0	STOP
1270825084766	0	START
1270825085648	1	PROB	'7 + 4 + 3 = '	'14'	1	1919	1
1270825087604	1	PROB	'4 + 7 + 2 = '	'13'	1	1235	1
1270825088878	1	PROB	'1 + 6 + 9 = '	'16'	1	1377	1
1270825090293	1	PROB	'1 + 2 + 6 = '	'9'	1	1226	1
1270825091519	0	STOP
1270825096877	0	START
1270825097767	1	PROB	'8 + 3 + 4 = '	'15'	1	1216	1
1270825099016	1	PROB	'1 + 9 + 3 = '	'13'	1	911	1
1270825099965	1	PROB	'4 + 4 + 5 = '	'13'	1	1706	1
1270825101704	1	PROB	'6 + 3 + 7 = '	'16'	1	2447	1
1270825104151	0	STOP
1270825108955	0	START
1270825109994	1	PROB	'7 + 3 + 6 = '	'16'	1	1077	1
1270825111110	1	PROB	'1 + 5 + 9 = '	'15'	1	977	1
1270825112125	1	PROB	'6 + 8 + 5 = '	'19'	1	2434	1
1270825114597	1	PROB	'4 + 2 + 2 = '	'8'	1	874	1
1270825115471	0	STOP
1270825120815	0	START
1270825121847	1	PROB	'1 + 2 + 3 = '	'6'	1	800	1
1270825122680	1	PROB	'2 + 7 + 5 = '	'14'	1	2767	1
1270825125485	1	PROB	'7 + 2 + 5 = '	'14'	1	2058	1
1270825127543	0	STOP
1270825299215	0	START
1270825300139	1	PROB	'5 + 4 + 1 = '	'10'	1	1460	1
1270825301637	1	PROB	'5 + 8 + 2 = '	'15'	1	1410	1
1270825303085	1	PROB	'3 + 8 + 2 = '	'13'	1	1642	1
1270825304767	1	PROB	'5 + 9 + 3 = '	'17'	1	1832	1
1270825306599	0	STOP
1270825389426	0	START
1270825390933	1	PROB	'7 + 9 + 9 = '	'25'	1	2226	1
1270825393197	1	PROB	'6 + 9 + 8 = '	'23'	1	2130	1
1270825395361	1	PROB	'2 + 8 + 2 = '	'12'	1	982	1
1270825396376	1	PROB	'3 + 5 + 3 = '	'11'	1	1295	1
1270825397708	1	PROB	'3 + 9 + 3 = '	'15'	1	1667	1
1270825399414	1	PROB	'3 + 5 + 5 = '	'13'	1	1009	1
1270825400463	1	PROB	'5 + 6 + 4 = '	'15'	1	1648	1
1270825402144	1	PROB	'6 + 4 + 2 = '	'12'	1	1055	1
1270825403235	1	PROB	'1 + 1 + 9 = '	'11'	1	788	1
1270825404023	0	STOP
1270825409378	0	START
1270825410485	1	PROB	'1 + 9 + 8 = '	'18'	1	1282	1
1270825411800	1	PROB	'1 + 1 + 9 = '	'11'	1	839	1
1270825412674	1	PROB	'7 + 8 + 5 = '	'20'	1	1597	1
1270825414305	1	PROB	'7 + 7 + 8 = '	'22'	1	1582	1
1270825415920	1	PROB	'6 + 2 + 9 = '	'17'	1	2591	1
1270825418550	1	PROB	'9 + 3 + 1 = '	'13'	1	1017	1
1270825419607	1	PROB	'9 + 2 + 4 = '	'15'	1	1528	1
1270825421172	1	PROB	'4 + 8 + 1 = '	'13'	1	907	1
1270825422113	1	PROB	'8 + 4 + 8 = '	'20'	1	1758	1
1270825423871	0	STOP
1270825429396	0	START
1270825430386	1	PROB	'8 + 4 + 5 = '	'17'	1	1413	1
1270825431835	1	PROB	'6 + 1 + 9 = '	'13'	0	1412	1
1270825433283	1	PROB	'5 + 7 + 6 = '	'18'	1	2020	1
1270825435339	1	PROB	'3 + 7 + 8 = '	'18'	1	1196	1
1270825436571	1	PROB	'7 + 7 + 9 = '	'23'	1	2228	1
1270825438835	1	PROB	'3 + 4 + 2 = '	'9'	1	2364	1
1270825441232	1	PROB	'2 + 5 + 1 = '	'8'	1	1351	1
1270825442622	1	PROB	'3 + 1 + 8 = '	'12'	1	2376	1
1270825444998	0	STOP
1270825449398	0	START
1270825450463	1	PROB	'6 + 6 + 6 = '	'18'	1	904	1
1270825451404	1	PROB	'3 + 1 + 5 = '	'8'	0	1011	1
1270825452452	1	PROB	'9 + 9 + 2 = '	'20'	1	1371	1
1270825453859	1	PROB	'9 + 1 + 5 = '	'15'	1	1364	1
1270825455257	1	PROB	'6 + 6 + 2 = '	'14'	1	1326	1
1270825456622	1	PROB	'8 + 9 + 7 = '	'24'	1	1601	1
1270825458262	1	PROB	'2 + 1 + 7 = '	'10'	1	2081	1
1270825460376	1	PROB	'7 + 1 + 9 = '	'17'	1	1607	1
1270825462016	1	PROB	'3 + 4 + 2 = '	'9'	1	2415	1
1270825464431	0	STOP
1270825469300	0	START
1270825470198	1	PROB	'2 + 4 + 6 = '	'12'	1	1305	1
1270825471538	1	PROB	'9 + 9 + 8 = '	'26'	1	3565	1
1270825475142	1	PROB	'3 + 5 + 3 = '	'11'	1	1217	1
1270825476399	1	PROB	'9 + 7 + 4 = '	'20'	1	2456	1
1270825478896	1	PROB	'8 + 9 + 8 = '	'25'	1	3607	1
1270825482542	1	PROB	'6 + 3 + 8 = '	'17'	1	1993	1
1270825484535	0	STOP
1270825489185	0	START
1270825490241	1	PROB	'3 + 8 + 9 = '	'20'	1	1246	1
1270825491523	1	PROB	'6 + 1 + 1 = '	'8'	1	940	1
1270825492497	1	PROB	'9 + 1 + 3 = '	'13'	1	1206	1
1270825493737	1	PROB	'2 + 9 + 3 = '	'14'	1	1414	1
1270825495186	1	PROB	'8 + 5 + 4 = '	'17'	1	1733	1
1270825496959	1	PROB	'7 + 5 + 9 = '	'21'	1	1552	1
1270825498548	1	PROB	'8 + 6 + 9 = '	'23'	1	1923	1
1270825500504	1	PROB	'8 + 4 + 2 = '	'14'	1	2583	1
1270825503126	1	PROB	'5 + 4 + 3 = '	'12'	1	1785	1
1270825504911	0	STOP
1270825509078	0	START
1270825510193	1	PROB	'4 + 6 + 1 = '	'11'	1	1254	1
1270825511483	1	PROB	'8 + 3 + 1 = '	'12'	1	1340	1
1270825512857	1	PROB	'9 + 1 + 7 = '	'17'	1	1310	1
1270825514205	1	PROB	'8 + 9 + 4 = '	'21'	1	1210	1
1270825515454	1	PROB	'9 + 8 + 1 = '	'18'	1	2249	1
1270825517743	1	PROB	'1 + 9 + 7 = '	'17'	1	1504	1
1270825519283	1	PROB	'3 + 9 + 2 = '	'14'	1	1492	1
1270825520814	1	PROB	'3 + 1 + 5 = '	'9'	1	1609	1
1270825522462	1	PROB	'4 + 6 + 5 = '	'15'	1	1057	1
1270825525078	0	STOP
1270825528905	0	START
1270825530020	1	PROB	'2 + 3 + 4 = '	'9'	1	2483	1
1270825532542	1	PROB	'9 + 1 + 3 = '	'13'	1	1065	1
1270825533641	1	PROB	'2 + 9 + 6 = '	'17'	1	1606	1
1270825535280	1	PROB	'7 + 8 + 7 = '	'22'	1	2871	1
1270825538185	1	PROB	'7 + 4 + 1 = '	'12'	1	1390	1
1270825539609	1	PROB	'3 + 4 + 1 = '	'8'	1	1014	1
1270825544905	0	STOP
1270825548907	0	START
1270825549714	1	PROB	'7 + 2 + 7 = '	'16'	1	1565	1
1270825551312	1	PROB	'6 + 3 + 6 = '	'15'	1	1735	1
1270825553085	1	PROB	'9 + 9 + 8 = '	'26'	1	2938	1
1270825556056	1	PROB	'6 + 3 + 1 = '	'10'	1	1303	1
1270825557396	1	PROB	'7 + 6 + 3 = '	'16'	1	1403	1
1270825558836	1	PROB	'1 + 2 + 1 = '	'4'	1	899	1
1270825559768	1	PROB	'1 + 9 + 2 = '	'12'	1	1295	1
1270825561100	1	PROB	'3 + 5 + 5 = '	'13'	1	1699	1
1270825562840	1	PROB	'9 + 8 + 9 = '	'26'	1	2007	1
1270825564847	0	STOP
1270825568867	0	START
1270825569989	1	PROB	'5 + 8 + 9 = '	'22'	1	2554	1
1270825572578	1	PROB	'7 + 4 + 3 = '	'14'	1	1157	1
1270825573769	1	PROB	'1 + 7 + 9 = '	'17'	1	1302	1
1270825575109	1	PROB	'5 + 5 + 3 = '	'13'	1	906	1
1270825576049	1	PROB	'5 + 4 + 5 = '	'14'	1	941	1
1270825577032	1	PROB	'4 + 1 + 9 = '	'14'	1	2247	1
1270825579312	1	PROB	'6 + 6 + 4 = '	'16'	1	1079	1
1270825580428	1	PROB	'3 + 2 + 1 = '	'6'	1	1027	1
1270825581493	1	PROB	'8 + 4 + 6 = '	'18'	1	1874	1
1270825583367	0	STOP
1270825588901	0	START
1270825589850	1	PROB	'6 + 6 + 9 = '	'21'	1	2005	1
1270825591889	1	PROB	'7 + 8 + 8 = '	'23'	1	2470	1
1270825594395	1	PROB	'5 + 6 + 7 = '	'18'	1	1652	1
1270825596084	1	PROB	'3 + 8 + 5 = '	'16'	1	2547	1
1270825598665	1	PROB	'1 + 9 + 9 = '	'19'	1	1325	1
1270825600030	1	PROB	'3 + 5 + 3 = '	'11'	1	1105	1
1270825601170	1	PROB	'7 + 4 + 3 = '	'14'	1	1477	1
1270825602685	1	PROB	'2 + 9 + 7 = '	'18'	1	1810	1
1270825604495	0	STOP
1270825608737	0	START
1270825609652	1	PROB	'1 + 5 + 6 = '	'12'	1	1171	1
1270825610859	1	PROB	'4 + 1 + 9 = '	'14'	1	1908	1
1270825612806	1	PROB	'3 + 8 + 5 = '	'16'	1	2497	1
1270825615337	1	PROB	'3 + 3 + 2 = '	'8'	1	1262	1
1270825616635	1	PROB	'4 + 5 + 3 = '	'12'	1	1700	1
1270825618375	1	PROB	'5 + 2 + 1 = '	'8'	1	1472	1
1270825619881	1	PROB	'2 + 5 + 4 = '	'11'	1	1166	2
1270825621088	1	PROB	'7 + 8 + 1 = '	'16'	1	1055	1
1270825622179	1	PROB	'2 + 9 + 8 = '	'19'	1	2492	1
1270825624671	0	STOP
1270825628713	0	START
1270825629620	1	PROB	'2 + 3 + 6 = '	'11'	1	1307	1
1270825630960	1	PROB	'1 + 7 + 8 = '	'16'	1	1079	1
1270825632076	1	PROB	'1 + 9 + 5 = '	'15'	1	1083	1
1270825633199	1	PROB	'6 + 4 + 5 = '	'15'	1	976	1
1270825634215	1	PROB	'9 + 7 + 5 = '	'21'	1	2816	1
1270825637078	1	PROB	'5 + 8 + 1 = '	'14'	1	2129	1
1270825639242	1	PROB	'3 + 2 + 6 = '	'11'	1	1101	1
1270825640383	1	PROB	'7 + 5 + 9 = '	'21'	1	1648	1
1270825642064	1	PROB	'9 + 3 + 2 = '	'14'	1	1391	1
1270825643455	0	STOP
1270825648898	0	START
1270825649905	1	PROB	'8 + 3 + 5 = '	'16'	1	1390	1
1270825651328	1	PROB	'6 + 3 + 7 = '	'16'	1	1583	1
1270825652951	1	PROB	'6 + 6 + 5 = '	'17'	1	1952	1
1270825654941	1	PROB	'1 + 6 + 6 = '	'13'	1	2802	1
1270825657779	1	PROB	'1 + 6 + 3 = '	'10'	1	1300	1
1270825659119	1	PROB	'3 + 7 + 4 = '	'14'	1	1424	1
1270825660584	1	PROB	'5 + 9 + 6 = '	'20'	1	2247	1
1270825662864	1	PROB	'8 + 5 + 5 = '	'18'	1	1119	1
1270825663983	0	STOP
1270825668983	0	START
1270825670181	1	PROB	'8 + 1 + 5 = '	'14'	1	1562	1
1270825671779	1	PROB	'6 + 8 + 2 = '	'16'	1	1484	1
1270825673302	1	PROB	'9 + 3 + 2 = '	'14'	1	1393	1
1270825674734	1	PROB	'3 + 8 + 6 = '	'17'	1	2081	1
1270825676848	1	PROB	'1 + 5 + 8 = '	'14'	1	1607	1
1270825678488	1	PROB	'2 + 5 + 7 = '	'14'	1	1335	1
1270825679861	1	PROB	'1 + 2 + 2 = '	'5'	1	1298	1
1270825681193	1	PROB	'8 + 7 + 5 = '	'20'	1	1310	1
1270825682542	1	PROB	'2 + 5 + 8 = '	'15'	1	1497	1
1270825684039	0	STOP
1270825688810	0	START
1270825689658	1	PROB	'5 + 6 + 7 = '	'18'	1	1421	1
1270825691115	1	PROB	'6 + 5 + 8 = '	'19'	1	1636	1
1270825692788	1	PROB	'2 + 4 + 6 = '	'12'	1	1715	1
1270825694536	1	PROB	'8 + 8 + 8 = '	'24'	1	1127	1
1270825695701	1	PROB	'1 + 3 + 7 = '	'11'	1	1018	1
1270825696758	1	PROB	'6 + 8 + 2 = '	'16'	1	1337	1
1270825698132	1	PROB	'4 + 4 + 9 = '	'17'	1	2587	1
1270825700754	1	PROB	'7 + 1 + 8 = '	'16'	1	1021	1
1270825701811	1	PROB	'6 + 3 + 4 = '	'13'	1	1492	1
1270825703303	0	STOP
1270825708953	0	START
1270825710076	1	PROB	'9 + 8 + 8 = '	'25'	1	1731	1
1270825711841	1	PROB	'9 + 7 + 2 = '	'18'	1	1702	1
1270825713580	1	PROB	'5 + 7 + 9 = '	'21'	1	2363	1
1270825715977	1	PROB	'9 + 8 + 5 = '	'22'	1	3390	1
1270825719407	1	PROB	'3 + 2 + 2 = '	'7'	1	1808	1
1270825721255	1	PROB	'5 + 2 + 6 = '	'13'	1	2304	1
1270825723559	0	STOP
1270826970504	0	E	Logging Ends
