1270822910263	0	B	Logging Begins
1270822910263	0	SESS_START	14
1270823036186	1	FR_PRES	0	CRUMB	416	0	0	1725	(0.57740000000000002, 0.41289999999999999, 1.0)	../fonts/amplitud.ttf	upper
1270823040015	1	FR_PRES	0	STOVE	1388	0	1	1152	(0.57740000000000002, 0.41289999999999999, 1.0)	../fonts/amplitud.ttf	upper
1270823044169	1	FR_PRES	0	NICOTINE	951	0	0	1310	(0.57740000000000002, 0.41289999999999999, 1.0)	../fonts/amplitud.ttf	upper
1270823048139	1	FR_PRES	0	POET	1095	0	1	996	(0.57740000000000002, 0.41289999999999999, 1.0)	../fonts/amplitud.ttf	upper
1270823052268	1	FR_PRES	0	TAPE	1433	0	0	1747	(0.57740000000000002, 0.41289999999999999, 1.0)	../fonts/amplitud.ttf	upper
1270823056379	1	FR_PRES	0	TRUMPET	1513	0	1	1932	(0.57740000000000002, 0.41289999999999999, 1.0)	../fonts/amplitud.ttf	upper
1270823060525	1	FR_PRES	0	BANDIT	81	1	1	1522	(0.42259999999999998, 0.58709999999999996, 0)	../fonts/zerothre.ttf	lower
1270823064370	1	FR_PRES	0	OREGANO	983	1	0	1853	(0.42259999999999998, 0.58709999999999996, 0)	../fonts/zerothre.ttf	lower
1270823068482	1	FR_PRES	0	WALRUS	1585	1	1	933	(0.42259999999999998, 0.58709999999999996, 0)	../fonts/zerothre.ttf	lower
1270823072411	1	FR_PRES	0	EAR	513	1	1	772	(0.42259999999999998, 0.58709999999999996, 0)	../fonts/zerothre.ttf	lower
1270823076281	1	FR_PRES	0	MARINE	869	0	1	1158	(0.57740000000000002, 0.41289999999999999, 1.0)	../fonts/amplitud.ttf	upper
1270823080385	1	FR_PRES	0	SAUCER	1237	0	0	1270	(0.57740000000000002, 0.41289999999999999, 1.0)	../fonts/amplitud.ttf	upper
1270823084430	1	FR_PRES	0	KETTLE	772	1	0	1321	(0.42259999999999998, 0.58709999999999996, 0)	../fonts/zerothre.ttf	lower
1270823088509	1	FR_PRES	0	CANOE	233	1	0	1554	(0.42259999999999998, 0.58709999999999996, 0)	../fonts/zerothre.ttf	lower
1270823092570	1	FR_PRES	0	MONGOOSE	909	1	1	805	(0.42259999999999998, 0.58709999999999996, 0)	../fonts/zerothre.ttf	lower
1270823096682	1	FR_PRES	0	CAMEL	223	1	1	869	(0.42259999999999998, 0.58709999999999996, 0)	../fonts/zerothre.ttf	lower
1270823100646	0	DISTRACTOR	0			8000	2
1270823109610	1	REC_START
1270823186710	0	REST
1270823188210	0	DISTRACTOR	1			8000	4
1270823195775	1	FR_PRES	1	BABY	64	0	0	1920	(0.57740000000000002, 0.41289999999999999, 1.0)	../fonts/amplitud.ttf	upper
1270823199677	0	DISTRACTOR	1			8000	4
1270823207919	1	FR_PRES	1	HAYSTACK	694	0	1	1616	(0.57740000000000002, 0.41289999999999999, 1.0)	../fonts/amplitud.ttf	upper
1270823211884	0	DISTRACTOR	1			8000	4
1270823219805	1	FR_PRES	1	DOOR	486	1	0	2042	(0.42259999999999998, 0.58709999999999996, 0)	../fonts/zerothre.ttf	lower
1270823223959	0	DISTRACTOR	1			8000	4
1270823231724	1	FR_PRES	1	PUMP	1141	1	0	1515	(0.42259999999999998, 0.58709999999999996, 0)	../fonts/zerothre.ttf	lower
1270823235880	0	DISTRACTOR	1			8000	4
1270823243735	1	FR_PRES	1	MOAT	903	1	0	2016	(0.42259999999999998, 0.58709999999999996, 0)	../fonts/zerothre.ttf	lower
1270823247711	0	DISTRACTOR	1			8000	2
1270823255738	1	FR_PRES	1	ASIA	46	1	0	2133	(0.42259999999999998, 0.58709999999999996, 0)	../fonts/zerothre.ttf	lower
1270823259557	0	DISTRACTOR	1			8000	3
1270823267641	1	FR_PRES	1	TERRITORY	1452	1	0	2134	(0.42259999999999998, 0.58709999999999996, 0)	../fonts/zerothre.ttf	lower
1270823271828	0	DISTRACTOR	1			8000	4
1270823279652	1	FR_PRES	1	BUG	187	1	1	1747	(0.42259999999999998, 0.58709999999999996, 0)	../fonts/zerothre.ttf	lower
1270823283715	0	DISTRACTOR	1			8000	2
1270823291696	1	FR_PRES	1	KNOB	787	0	0	2247	(0.57740000000000002, 0.41289999999999999, 1.0)	../fonts/amplitud.ttf	upper
1270823295615	0	DISTRACTOR	1			8000	3
1270823303840	1	FR_PRES	1	PLANT	1083	0	0	2511	(0.57740000000000002, 0.41289999999999999, 1.0)	../fonts/amplitud.ttf	upper
1270823307941	0	DISTRACTOR	1			8000	3
1270823315884	1	FR_PRES	1	HORSE	719	1	1	2203	(0.42259999999999998, 0.58709999999999996, 0)	../fonts/zerothre.ttf	lower
1270823319960	0	DISTRACTOR	1			8000	4
1270823327770	1	FR_PRES	1	STALLION	1369	1	1	1173	(0.42259999999999998, 0.58709999999999996, 0)	../fonts/zerothre.ttf	lower
1270823331874	0	DISTRACTOR	1			8000	4
1270823339706	1	FR_PRES	1	SHIRT	1287	0	0	1621	(0.57740000000000002, 0.41289999999999999, 1.0)	../fonts/amplitud.ttf	upper
1270823343827	0	DISTRACTOR	1			8000	4
1270823351568	1	FR_PRES	1	BALL	73	0	0	2367	(0.57740000000000002, 0.41289999999999999, 1.0)	../fonts/amplitud.ttf	upper
1270823355546	0	DISTRACTOR	1			8000	4
1270823363512	1	FR_PRES	1	LILY	821	0	0	1823	(0.57740000000000002, 0.41289999999999999, 1.0)	../fonts/amplitud.ttf	upper
1270823367476	0	DISTRACTOR	1			8000	4
1270823375673	1	FR_PRES	1	SADDLE	1221	0	1	1358	(0.57740000000000002, 0.41289999999999999, 1.0)	../fonts/amplitud.ttf	upper
1270823379785	0	DISTRACTOR	1			8000	4
1270823388550	1	REC_START
1270823466450	0	REST
1270823467957	1	FR_PRES	2	RAKE	1164	1	0	906	(0.42259999999999998, 0.58709999999999996, 0)	../fonts/zerothre.ttf	lower
1270823472060	1	FR_PRES	2	EGG	518	1	0	1483	(0.42259999999999998, 0.58709999999999996, 0)	../fonts/zerothre.ttf	lower
1270823476263	1	FR_PRES	2	BUFFALO	186	1	1	1264	(0.42259999999999998, 0.58709999999999996, 0)	../fonts/zerothre.ttf	lower
1270823480167	1	FR_PRES	2	RUM	1217	1	0	1144	(0.42259999999999998, 0.58709999999999996, 0)	../fonts/zerothre.ttf	lower
1270823484271	1	FR_PRES	2	MISTER	901	1	0	1288	(0.42259999999999998, 0.58709999999999996, 0)	../fonts/zerothre.ttf	lower
1270823488208	1	FR_PRES	2	BOXER	160	1	1	2183	(0.42259999999999998, 0.58709999999999996, 0)	../fonts/zerothre.ttf	lower
1270823492353	1	FR_PRES	2	DONOR	485	1	0	1542	(0.42259999999999998, 0.58709999999999996, 0)	../fonts/zerothre.ttf	lower
1270823496448	1	FR_PRES	2	FRECKLE	602	1	1	1903	(0.42259999999999998, 0.58709999999999996, 0)	../fonts/zerothre.ttf	lower
1270823500410	1	FR_PRES	2	DILL	465	1	0	1173	(0.42259999999999998, 0.58709999999999996, 0)	../fonts/zerothre.ttf	lower
1270823504422	1	FR_PRES	2	CUCUMBER	421	1	0	1193	(0.42259999999999998, 0.58709999999999996, 0)	../fonts/zerothre.ttf	lower
1270823508368	1	FR_PRES	2	EYELASH	546	1	0	1287	(0.42259999999999998, 0.58709999999999996, 0)	../fonts/zerothre.ttf	lower
1270823512330	1	FR_PRES	2	PURSE	1145	1	0	1453	(0.42259999999999998, 0.58709999999999996, 0)	../fonts/zerothre.ttf	lower
1270823516142	1	FR_PRES	2	MINK	897	1	0	1937	(0.42259999999999998, 0.58709999999999996, 0)	../fonts/zerothre.ttf	lower
1270823520279	1	FR_PRES	2	BARTENDER	92	1	1	1184	(0.42259999999999998, 0.58709999999999996, 0)	../fonts/zerothre.ttf	lower
1270823524091	1	FR_PRES	2	RIVER	1194	1	0	1084	(0.42259999999999998, 0.58709999999999996, 0)	../fonts/zerothre.ttf	lower
1270823527953	1	FR_PRES	2	BROOK	177	1	0	1326	(0.42259999999999998, 0.58709999999999996, 0)	../fonts/zerothre.ttf	lower
1270823531819	0	DISTRACTOR	2			8000	3
1270823540705	1	REC_START
1270823618014	0	REST
1270823619521	1	FR_PRES	3	TIDE	1465	1	0	854	(0.42259999999999998, 0.58709999999999996, 0)	../fonts/zerothre.ttf	lower
1270823623400	1	FR_PRES	3	CRITIC	410	1	1	1047	(0.42259999999999998, 0.58709999999999996, 0)	../fonts/zerothre.ttf	lower
1270823627420	1	FR_PRES	3	FOOTBALL	591	1	0	1219	(0.42259999999999998, 0.58709999999999996, 0)	../fonts/zerothre.ttf	lower
1270823631341	1	FR_PRES	3	TROUT	1511	0	0	1234	(0.57740000000000002, 0.41289999999999999, 1.0)	../fonts/amplitud.ttf	upper
1270823635469	1	FR_PRES	3	OVEN	991	0	1	1378	(0.57740000000000002, 0.41289999999999999, 1.0)	../fonts/amplitud.ttf	upper
1270823639523	1	FR_PRES	3	WEED	1599	0	1	1764	(0.57740000000000002, 0.41289999999999999, 1.0)	../fonts/amplitud.ttf	upper
1270823643393	1	FR_PRES	3	YARD	1630	1	0	1638	(0.42259999999999998, 0.58709999999999996, 0)	../fonts/zerothre.ttf	lower
1270823647488	1	FR_PRES	3	MARKER	870	1	0	1783	(0.42259999999999998, 0.58709999999999996, 0)	../fonts/zerothre.ttf	lower
1270823651583	1	FR_PRES	3	PUDDLE	1140	1	0	1112	(0.42259999999999998, 0.58709999999999996, 0)	../fonts/zerothre.ttf	lower
1270823655487	1	FR_PRES	3	BUTTERFLY	206	1	1	944	(0.42259999999999998, 0.58709999999999996, 0)	../fonts/zerothre.ttf	lower
1270823659657	1	FR_PRES	3	BACK	65	1	0	870	(0.42259999999999998, 0.58709999999999996, 0)	../fonts/zerothre.ttf	lower
1270823663861	1	FR_PRES	3	REFEREE	1178	0	1	1258	(0.57740000000000002, 0.41289999999999999, 1.0)	../fonts/amplitud.ttf	upper
1270823667864	1	FR_PRES	3	ATHLETE	52	0	1	655	(0.57740000000000002, 0.41289999999999999, 1.0)	../fonts/amplitud.ttf	upper
1270823671710	1	FR_PRES	3	STADIUM	1364	0	1	753	(0.57740000000000002, 0.41289999999999999, 1.0)	../fonts/amplitud.ttf	upper
1270823675605	1	FR_PRES	3	TULIP	1517	0	0	1466	(0.57740000000000002, 0.41289999999999999, 1.0)	../fonts/amplitud.ttf	upper
1270823679418	1	FR_PRES	3	VIOLA	1570	0	0	1293	(0.57740000000000002, 0.41289999999999999, 1.0)	../fonts/amplitud.ttf	upper
1270823683493	0	DISTRACTOR	3			16000	9
1270823700186	1	REC_START
1270823781615	0	REST
1270823783115	0	DISTRACTOR	4			16000	9
1270823798512	1	FR_PRES	4	TRENCH	1503	0	1	1727	(0.57740000000000002, 0.41289999999999999, 1.0)	../fonts/amplitud.ttf	upper
1270823802516	0	DISTRACTOR	4			16000	8
1270823818663	1	FR_PRES	4	CONVICT	371	0	1	1512	(0.57740000000000002, 0.41289999999999999, 1.0)	../fonts/amplitud.ttf	upper
1270823822679	0	DISTRACTOR	4			16000	6
1270823838873	1	FR_PRES	4	DRAGON	492	0	1	1062	(0.57740000000000002, 0.41289999999999999, 1.0)	../fonts/amplitud.ttf	upper
1270823842865	0	DISTRACTOR	4			16000	6
1270823859049	1	FR_PRES	4	WICK	1607	0	0	2222	(0.57740000000000002, 0.41289999999999999, 1.0)	../fonts/amplitud.ttf	upper
1270823862991	0	DISTRACTOR	4			16000	8
1270823879034	1	FR_PRES	4	DUNGEON	507	0	1	1717	(0.57740000000000002, 0.41289999999999999, 1.0)	../fonts/amplitud.ttf	upper
1270823882997	0	DISTRACTOR	4			16000	8
1270823899236	1	FR_PRES	4	MISSILE	900	0	1	1731	(0.57740000000000002, 0.41289999999999999, 1.0)	../fonts/amplitud.ttf	upper
1270823903424	0	DISTRACTOR	4			16000	8
1270823919387	1	FR_PRES	4	HANGER	687	0	0	1972	(0.57740000000000002, 0.41289999999999999, 1.0)	../fonts/amplitud.ttf	upper
1270823923220	0	DISTRACTOR	4			16000	10
1270823939264	1	FR_PRES	4	SPINACH	1352	0	0	1271	(0.57740000000000002, 0.41289999999999999, 1.0)	../fonts/amplitud.ttf	upper
1270823943318	0	DISTRACTOR	4			16000	8
1270823959224	1	FR_PRES	4	FUNGUS	614	0	0	1151	(0.57740000000000002, 0.41289999999999999, 1.0)	../fonts/amplitud.ttf	upper
1270823963218	0	DISTRACTOR	4			16000	9
1270823979159	1	FR_PRES	4	VEST	1559	0	0	1112	(0.57740000000000002, 0.41289999999999999, 1.0)	../fonts/amplitud.ttf	upper
1270823983299	0	DISTRACTOR	4			16000	10
1270823999044	1	FR_PRES	4	SAGE	1222	0	0	1723	(0.57740000000000002, 0.41289999999999999, 1.0)	../fonts/amplitud.ttf	upper
1270824003112	0	DISTRACTOR	4			16000	8
1270824018912	1	FR_PRES	4	TWINE	1529	0	0	1631	(0.57740000000000002, 0.41289999999999999, 1.0)	../fonts/amplitud.ttf	upper
1270824022876	0	DISTRACTOR	4			16000	7
1270824038881	1	FR_PRES	4	KEYBOARD	774	0	1	1646	(0.57740000000000002, 0.41289999999999999, 1.0)	../fonts/amplitud.ttf	upper
1270824042729	0	DISTRACTOR	4			16000	9
1270824058874	1	FR_PRES	4	RECEPTIONIST	1174	0	1	1277	(0.57740000000000002, 0.41289999999999999, 1.0)	../fonts/amplitud.ttf	upper
1270824062785	0	DISTRACTOR	4			16000	7
1270824079075	1	FR_PRES	4	MUSEUM	933	0	1	1140	(0.57740000000000002, 0.41289999999999999, 1.0)	../fonts/amplitud.ttf	upper
1270824083207	0	DISTRACTOR	4			16000	6
1270824099227	1	FR_PRES	4	MONUMENT	913	0	1	836	(0.57740000000000002, 0.41289999999999999, 1.0)	../fonts/amplitud.ttf	upper
1270824103055	0	DISTRACTOR	4			16000	8
1270824119993	1	REC_START
1270824199401	0	REST
1270824200901	0	DISTRACTOR	5			8000	3
1270824208257	1	FR_PRES	5	SLIME	1327	1	2	1870	(0.42259999999999998, 0.58709999999999996, 0)	../fonts/zerothre.ttf	lower
1270824210147	1	KEY_MSG
1270824212565	0	DISTRACTOR	5			8000	4
1270824220768	1	FR_PRES	5	SNOB	1335	1	0	1927	(0.42259999999999998, 0.58709999999999996, 0)	../fonts/zerothre.ttf	lower
1270824224833	0	DISTRACTOR	5			8000	3
1270824232679	1	FR_PRES	5	ROOMMATE	1207	0	1	1360	(0.57740000000000002, 0.41289999999999999, 1.0)	../fonts/amplitud.ttf	upper
1270824236697	0	DISTRACTOR	5			8000	4
1270824244848	1	FR_PRES	5	SWEATER	1419	0	0	1631	(0.57740000000000002, 0.41289999999999999, 1.0)	../fonts/amplitud.ttf	upper
1270824248777	0	DISTRACTOR	5			8000	4
1270824257034	1	FR_PRES	5	ICEBERG	731	1	0	1429	(0.42259999999999998, 0.58709999999999996, 0)	../fonts/zerothre.ttf	lower
1270824260982	0	DISTRACTOR	5			8000	3
1270824269045	1	FR_PRES	5	CHALK	276	1	0	1402	(0.42259999999999998, 0.58709999999999996, 0)	../fonts/zerothre.ttf	lower
1270824273118	0	DISTRACTOR	5			8000	4
1270824280981	1	FR_PRES	5	INDIAN	736	0	1	2210	(0.57740000000000002, 0.41289999999999999, 1.0)	../fonts/amplitud.ttf	upper
1270824284924	0	DISTRACTOR	5			8000	4
1270824293141	1	FR_PRES	5	WINE	1613	0	0	1849	(0.57740000000000002, 0.41289999999999999, 1.0)	../fonts/amplitud.ttf	upper
1270824297335	0	DISTRACTOR	5			8000	4
1270824304986	1	FR_PRES	5	RADISH	1158	0	0	2133	(0.57740000000000002, 0.41289999999999999, 1.0)	../fonts/amplitud.ttf	upper
1270824308803	0	DISTRACTOR	5			8000	4
1270824317122	1	FR_PRES	5	SCULPTURE	1258	0	1	2261	(0.57740000000000002, 0.41289999999999999, 1.0)	../fonts/amplitud.ttf	upper
1270824321215	0	DISTRACTOR	5			8000	4
1270824329108	1	FR_PRES	5	COUSIN	392	0	1	2555	(0.57740000000000002, 0.41289999999999999, 1.0)	../fonts/amplitud.ttf	upper
1270824332993	0	DISTRACTOR	5			8000	3
1270824341277	1	FR_PRES	5	BOTTLE	153	0	0	1098	(0.57740000000000002, 0.41289999999999999, 1.0)	../fonts/amplitud.ttf	upper
1270824345360	0	DISTRACTOR	5			8000	5
1270824353371	1	FR_PRES	5	SEAFOOD	1260	1	1	1788	(0.42259999999999998, 0.58709999999999996, 0)	../fonts/zerothre.ttf	lower
1270824357186	0	DISTRACTOR	5			8000	5
1270824365232	1	FR_PRES	5	FISH	571	1	0	2535	(0.42259999999999998, 0.58709999999999996, 0)	../fonts/zerothre.ttf	lower
1270824369110	0	DISTRACTOR	5			8000	3
1270824377251	1	FR_PRES	5	PANTS	1010	1	0	1908	(0.42259999999999998, 0.58709999999999996, 0)	../fonts/zerothre.ttf	lower
1270824381183	0	DISTRACTOR	5			8000	3
1270824389179	1	FR_PRES	5	WAIST	1579	1	0	2044	(0.42259999999999998, 0.58709999999999996, 0)	../fonts/zerothre.ttf	lower
1270824393175	0	DISTRACTOR	5			8000	4
1270824402056	1	REC_START
1270824479324	0	REST
1270824480830	1	FR_PRES	6	BELL	118	1	0	961	(0.42259999999999998, 0.58709999999999996, 0)	../fonts/zerothre.ttf	lower
1270824484934	1	FR_PRES	6	RING	1193	1	0	1049	(0.42259999999999998, 0.58709999999999996, 0)	../fonts/zerothre.ttf	lower
1270824488921	1	FR_PRES	6	MASCARA	875	1	0	1150	(0.42259999999999998, 0.58709999999999996, 0)	../fonts/zerothre.ttf	lower
1270824492966	1	FR_PRES	6	PENNY	1045	1	0	1457	(0.42259999999999998, 0.58709999999999996, 0)	../fonts/zerothre.ttf	lower
1270824497145	1	FR_PRES	6	RESTAURANT	1187	1	0	1286	(0.42259999999999998, 0.58709999999999996, 0)	../fonts/zerothre.ttf	lower
1270824501340	1	FR_PRES	6	TANGERINE	1431	1	0	1395	(0.42259999999999998, 0.58709999999999996, 0)	../fonts/zerothre.ttf	lower
1270824505152	1	FR_PRES	6	BROTHER	179	1	1	895	(0.42259999999999998, 0.58709999999999996, 0)	../fonts/zerothre.ttf	lower
1270824509164	1	FR_PRES	6	FARM	552	1	1	1859	(0.42259999999999998, 0.58709999999999996, 0)	../fonts/zerothre.ttf	lower
1270824513309	1	FR_PRES	6	CLAW	319	1	0	994	(0.42259999999999998, 0.58709999999999996, 0)	../fonts/zerothre.ttf	lower
1270824517488	1	FR_PRES	6	COW	393	1	1	895	(0.42259999999999998, 0.58709999999999996, 0)	../fonts/zerothre.ttf	lower
1270824521441	1	FR_PRES	6	SHORTCAKE	1292	1	0	918	(0.42259999999999998, 0.58709999999999996, 0)	../fonts/zerothre.ttf	lower
1270824525362	1	FR_PRES	6	ROOST	1208	1	0	2117	(0.42259999999999998, 0.58709999999999996, 0)	../fonts/zerothre.ttf	lower
1270824529274	1	FR_PRES	6	TURKEY	1520	1	1	1117	(0.42259999999999998, 0.58709999999999996, 0)	../fonts/zerothre.ttf	lower
1270824533436	1	FR_PRES	6	LAWYER	806	1	1	1547	(0.42259999999999998, 0.58709999999999996, 0)	../fonts/zerothre.ttf	lower
1270824537539	1	FR_PRES	6	CATTLE	261	1	1	972	(0.42259999999999998, 0.58709999999999996, 0)	../fonts/zerothre.ttf	lower
1270824541717	1	FR_PRES	6	VEAL	1551	1	1	1138	(0.42259999999999998, 0.58709999999999996, 0)	../fonts/zerothre.ttf	lower
1270824547478	1	REC_START
1270824624005	0	REST
1270824625511	1	FR_PRES	7	RAM	1165	0	1	1688	(0.57740000000000002, 0.41289999999999999, 1.0)	../fonts/amplitud.ttf	upper
1270824629465	1	FR_PRES	7	HAMPER	682	0	1	1622	(0.57740000000000002, 0.41289999999999999, 1.0)	../fonts/amplitud.ttf	upper
1270824633360	1	FR_PRES	7	LIMOUSINE	824	0	1	967	(0.57740000000000002, 0.41289999999999999, 1.0)	../fonts/amplitud.ttf	upper
1270824637172	1	FR_PRES	7	SATURN	1236	0	1	795	(0.57740000000000002, 0.41289999999999999, 1.0)	../fonts/amplitud.ttf	upper
1270824641110	1	FR_PRES	7	SQUID	1361	0	0	2209	(0.57740000000000002, 0.41289999999999999, 1.0)	../fonts/amplitud.ttf	upper
1270824645030	1	FR_PRES	7	FEMALE	559	0	1	929	(0.57740000000000002, 0.41289999999999999, 1.0)	../fonts/amplitud.ttf	upper
1270824649225	1	FR_PRES	7	WOMAN	1620	0	1	750	(0.57740000000000002, 0.41289999999999999, 1.0)	../fonts/amplitud.ttf	upper
1270824653212	1	FR_PRES	7	BEAR	106	0	1	891	(0.57740000000000002, 0.41289999999999999, 1.0)	../fonts/amplitud.ttf	upper
1270824657132	1	FR_PRES	7	SLEEVE	1324	0	0	1051	(0.57740000000000002, 0.41289999999999999, 1.0)	../fonts/amplitud.ttf	upper
1270824661178	1	FR_PRES	7	BLUEJAY	141	0	0	1501	(0.57740000000000002, 0.41289999999999999, 1.0)	../fonts/amplitud.ttf	upper
1270824665073	1	FR_PRES	7	BIRD	129	0	0	1550	(0.57740000000000002, 0.41289999999999999, 1.0)	../fonts/amplitud.ttf	upper
1270824669260	1	FR_PRES	7	ASTEROID	50	0	1	747	(0.57740000000000002, 0.41289999999999999, 1.0)	../fonts/amplitud.ttf	upper
1270824673330	1	FR_PRES	7	GAVEL	627	0	0	1629	(0.57740000000000002, 0.41289999999999999, 1.0)	../fonts/amplitud.ttf	upper
1270824677442	1	FR_PRES	7	TROUSERS	1510	0	0	1149	(0.57740000000000002, 0.41289999999999999, 1.0)	../fonts/amplitud.ttf	upper
1270824681454	1	FR_PRES	7	BOULDER	155	0	1	841	(0.57740000000000002, 0.41289999999999999, 1.0)	../fonts/amplitud.ttf	upper
1270824685483	1	FR_PRES	7	HOOK	715	0	0	996	(0.57740000000000002, 0.41289999999999999, 1.0)	../fonts/amplitud.ttf	upper
1270824691243	1	REC_START
1270824768536	0	REST
1270824770042	1	FR_PRES	8	VICTOR	1563	1	0	1941	(0.42259999999999998, 0.58709999999999996, 0)	../fonts/zerothre.ttf	lower
1270824774104	1	FR_PRES	8	ATMOSPHERE	54	1	0	2367	(0.42259999999999998, 0.58709999999999996, 0)	../fonts/zerothre.ttf	lower
1270824778124	1	FR_PRES	8	LUNG	850	1	1	1147	(0.42259999999999998, 0.58709999999999996, 0)	../fonts/zerothre.ttf	lower
1270824782303	1	FR_PRES	8	BUGLE	189	0	0	1992	(0.57740000000000002, 0.41289999999999999, 1.0)	../fonts/amplitud.ttf	upper
1270824786256	1	FR_PRES	8	TROPHY	1509	0	0	1215	(0.57740000000000002, 0.41289999999999999, 1.0)	../fonts/amplitud.ttf	upper
1270824790185	1	FR_PRES	8	SALMON	1227	0	0	1494	(0.57740000000000002, 0.41289999999999999, 1.0)	../fonts/amplitud.ttf	upper
1270824794206	1	FR_PRES	8	GIRL	637	0	1	1265	(0.57740000000000002, 0.41289999999999999, 1.0)	../fonts/amplitud.ttf	upper
1270824798068	1	FR_PRES	8	UMPIRE	1535	0	1	922	(0.57740000000000002, 0.41289999999999999, 1.0)	../fonts/amplitud.ttf	upper
1270824802121	1	FR_PRES	8	FORK	594	1	0	1877	(0.42259999999999998, 0.58709999999999996, 0)	../fonts/zerothre.ttf	lower
1270824806258	1	FR_PRES	8	PEDAL	1037	1	0	1725	(0.42259999999999998, 0.58709999999999996, 0)	../fonts/zerothre.ttf	lower
1270824810337	1	FR_PRES	8	WINDSHIELD	1612	1	0	1550	(0.42259999999999998, 0.58709999999999996, 0)	../fonts/zerothre.ttf	lower
1270824814440	1	FR_PRES	8	SECRETARY	1265	1	1	1263	(0.42259999999999998, 0.58709999999999996, 0)	../fonts/zerothre.ttf	lower
1270824818444	1	FR_PRES	8	ENGINE	535	1	0	1651	(0.42259999999999998, 0.58709999999999996, 0)	../fonts/zerothre.ttf	lower
1270824822398	1	FR_PRES	8	VALVE	1546	0	0	1873	(0.57740000000000002, 0.41289999999999999, 1.0)	../fonts/amplitud.ttf	upper
1270824826326	1	FR_PRES	8	VILLAGE	1566	0	1	1337	(0.57740000000000002, 0.41289999999999999, 1.0)	../fonts/amplitud.ttf	upper
1270824830446	1	FR_PRES	8	NOTEBOOK	959	0	0	1297	(0.57740000000000002, 0.41289999999999999, 1.0)	../fonts/amplitud.ttf	upper
1270824834365	0	DISTRACTOR	8			16000	8
1270824851239	1	REC_START
1270824928831	0	REST
1270824930331	0	DISTRACTOR	9			8000	3
1270824937896	1	FR_PRES	9	CORN	381	0	0	1847	(0.57740000000000002, 0.41289999999999999, 1.0)	../fonts/amplitud.ttf	upper
1270824941876	0	DISTRACTOR	9			8000	4
1270824949799	1	FR_PRES	9	OATS	968	0	0	1464	(0.57740000000000002, 0.41289999999999999, 1.0)	../fonts/amplitud.ttf	upper
1270824953909	0	DISTRACTOR	9			8000	4
1270824961785	1	FR_PRES	9	DAM	436	0	0	1590	(0.57740000000000002, 0.41289999999999999, 1.0)	../fonts/amplitud.ttf	upper
1270824965685	0	DISTRACTOR	9			8000	4
1270824973737	1	FR_PRES	9	DOUGHNUT	490	0	0	2638	(0.57740000000000002, 0.41289999999999999, 1.0)	../fonts/amplitud.ttf	upper
1270824977782	0	DISTRACTOR	9			8000	4
1270824985781	1	FR_PRES	9	CAKE	219	0	0	1882	(0.57740000000000002, 0.41289999999999999, 1.0)	../fonts/amplitud.ttf	upper
1270824989644	0	DISTRACTOR	9			8000	4
1270824997709	1	FR_PRES	9	AUTOMOBILE	62	0	1	2281	(0.57740000000000002, 0.41289999999999999, 1.0)	../fonts/amplitud.ttf	upper
1270825001782	0	DISTRACTOR	9			8000	4
1270825009878	1	FR_PRES	9	CONCERT	360	0	1	2057	(0.57740000000000002, 0.41289999999999999, 1.0)	../fonts/amplitud.ttf	upper
1270825013860	0	DISTRACTOR	9			8000	4
1270825021864	1	FR_PRES	9	BOOK	149	0	0	1479	(0.57740000000000002, 0.41289999999999999, 1.0)	../fonts/amplitud.ttf	upper
1270825025908	0	DISTRACTOR	9			8000	4
1270825033900	1	FR_PRES	9	BINDER	127	0	0	1251	(0.57740000000000002, 0.41289999999999999, 1.0)	../fonts/amplitud.ttf	upper
1270825037800	0	DISTRACTOR	9			8000	4
1270825045878	1	FR_PRES	9	NOTE	958	0	0	1049	(0.57740000000000002, 0.41289999999999999, 1.0)	../fonts/amplitud.ttf	upper
1270825049963	0	DISTRACTOR	9			8000	4
1270825057872	1	FR_PRES	9	MOTHER	921	0	1	2519	(0.57740000000000002, 0.41289999999999999, 1.0)	../fonts/amplitud.ttf	upper
1270825061827	0	DISTRACTOR	9			8000	4
1270825069941	1	FR_PRES	9	STICKER	1382	0	0	1546	(0.57740000000000002, 0.41289999999999999, 1.0)	../fonts/amplitud.ttf	upper
1270825073940	0	DISTRACTOR	9			8000	5
1270825081761	1	FR_PRES	9	TREAD	1499	0	0	1950	(0.57740000000000002, 0.41289999999999999, 1.0)	../fonts/amplitud.ttf	upper
1270825085646	0	DISTRACTOR	9			8000	4
1270825093872	1	FR_PRES	9	TIGER	1467	0	1	1407	(0.57740000000000002, 0.41289999999999999, 1.0)	../fonts/amplitud.ttf	upper
1270825097760	0	DISTRACTOR	9			8000	4
1270825105949	1	FR_PRES	9	VINEGAR	1569	0	0	1994	(0.57740000000000002, 0.41289999999999999, 1.0)	../fonts/amplitud.ttf	upper
1270825109988	0	DISTRACTOR	9			8000	4
1270825117810	1	FR_PRES	9	SUPERVISOR	1410	0	1	1693	(0.57740000000000002, 0.41289999999999999, 1.0)	../fonts/amplitud.ttf	upper
1270825121843	0	DISTRACTOR	9			8000	3
1270825130579	1	REC_START
1270825234316	0	REST
1270825235822	1	FR_PRES	10	PUPPY	1144	0	0	1441	(0.57740000000000002, 0.41289999999999999, 1.0)	../fonts/amplitud.ttf	upper
1270825239734	1	FR_PRES	10	DINNER	468	0	1	1593	(0.57740000000000002, 0.41289999999999999, 1.0)	../fonts/amplitud.ttf	upper
1270825243788	1	FR_PRES	10	PLATE	1086	0	0	1051	(0.57740000000000002, 0.41289999999999999, 1.0)	../fonts/amplitud.ttf	upper
1270825247758	1	FR_PRES	10	ANIMAL	23	1	1	1585	(0.42259999999999998, 0.58709999999999996, 0)	../fonts/zerothre.ttf	lower
1270825251945	1	FR_PRES	10	SALIVA	1226	1	1	1958	(0.42259999999999998, 0.58709999999999996, 0)	../fonts/zerothre.ttf	lower
1270825256057	1	FR_PRES	10	BALLOT	76	1	0	1470	(0.42259999999999998, 0.58709999999999996, 0)	../fonts/zerothre.ttf	lower
1270825259986	1	FR_PRES	10	CONVENT	370	1	0	1829	(0.42259999999999998, 0.58709999999999996, 0)	../fonts/zerothre.ttf	lower
1270825264189	1	FR_PRES	10	WEB	1598	1	0	1626	(0.42259999999999998, 0.58709999999999996, 0)	../fonts/zerothre.ttf	lower
1270825268359	1	FR_PRES	10	BULLY	196	1	1	848	(0.42259999999999998, 0.58709999999999996, 0)	../fonts/zerothre.ttf	lower
1270825272371	1	FR_PRES	10	TRAITOR	1495	0	1	1820	(0.57740000000000002, 0.41289999999999999, 1.0)	../fonts/amplitud.ttf	upper
1270825276292	1	FR_PRES	10	POLITICIAN	1099	0	1	939	(0.57740000000000002, 0.41289999999999999, 1.0)	../fonts/amplitud.ttf	upper
1270825280304	1	FR_PRES	10	YACHT	1629	0	1	1127	(0.57740000000000002, 0.41289999999999999, 1.0)	../fonts/amplitud.ttf	upper
1270825284507	1	FR_PRES	10	VIKING	1565	1	1	1172	(0.42259999999999998, 0.58709999999999996, 0)	../fonts/zerothre.ttf	lower
1270825288319	1	FR_PRES	10	MONK	910	1	1	1352	(0.42259999999999998, 0.58709999999999996, 0)	../fonts/zerothre.ttf	lower
1270825292265	1	FR_PRES	10	HONEY	713	0	0	1398	(0.57740000000000002, 0.41289999999999999, 1.0)	../fonts/amplitud.ttf	upper
1270825296210	1	FR_PRES	10	COMPASS	358	0	0	853	(0.57740000000000002, 0.41289999999999999, 1.0)	../fonts/amplitud.ttf	upper
1270825300134	0	DISTRACTOR	10			8000	4
1270825309104	1	REC_START
1270825389426	0	REST
1270825390926	0	DISTRACTOR	11			16000	9
1270825406373	1	FR_PRES	11	ALLIGATOR	16	1	1	1386	(0.42259999999999998, 0.58709999999999996, 0)	../fonts/zerothre.ttf	lower
1270825410477	0	DISTRACTOR	11			16000	9
1270825426391	1	FR_PRES	11	ANTELOPE	27	1	1	976	(0.42259999999999998, 0.58709999999999996, 0)	../fonts/zerothre.ttf	lower
1270825430382	0	DISTRACTOR	11			16000	7
1270825446393	1	FR_PRES	11	MUSTARD	935	1	0	2366	(0.42259999999999998, 0.58709999999999996, 0)	../fonts/zerothre.ttf	lower
1270825450456	0	DISTRACTOR	11			16000	8
1270825466294	1	FR_PRES	11	MASK	876	1	0	1001	(0.42259999999999998, 0.58709999999999996, 0)	../fonts/zerothre.ttf	lower
1270825470192	0	DISTRACTOR	11			16000	6
1270825486180	1	FR_PRES	11	NICKEL	950	1	0	923	(0.42259999999999998, 0.58709999999999996, 0)	../fonts/zerothre.ttf	lower
1270825490238	0	DISTRACTOR	11			16000	9
1270825506073	1	FR_PRES	11	PARSLEY	1016	1	0	925	(0.42259999999999998, 0.58709999999999996, 0)	../fonts/zerothre.ttf	lower
1270825510193	0	DISTRACTOR	11			16000	9
1270825525900	1	FR_PRES	11	PIER	1063	1	0	1123	(0.42259999999999998, 0.58709999999999996, 0)	../fonts/zerothre.ttf	lower
1270825530013	0	DISTRACTOR	11			16000	6
1270825545901	1	FR_PRES	11	BOAT	144	1	0	1906	(0.42259999999999998, 0.58709999999999996, 0)	../fonts/zerothre.ttf	lower
1270825549712	0	DISTRACTOR	11			16000	9
1270825565861	1	FR_PRES	11	COIN	343	1	0	1218	(0.42259999999999998, 0.58709999999999996, 0)	../fonts/zerothre.ttf	lower
1270825569987	0	DISTRACTOR	11			16000	9
1270825585896	1	FR_PRES	11	EMPLOYEE	531	1	1	1375	(0.42259999999999998, 0.58709999999999996, 0)	../fonts/zerothre.ttf	lower
1270825589842	0	DISTRACTOR	11			16000	8
1270825605731	1	FR_PRES	11	BUTCHER	203	1	1	1068	(0.42259999999999998, 0.58709999999999996, 0)	../fonts/zerothre.ttf	lower
1270825609645	0	DISTRACTOR	11			16000	9
1270825625708	1	FR_PRES	11	MUSHROOM	934	1	1	2331	(0.42259999999999998, 0.58709999999999996, 0)	../fonts/zerothre.ttf	lower
1270825629615	0	DISTRACTOR	11			16000	9
1270825645893	1	FR_PRES	11	BURGLAR	200	1	1	1546	(0.42259999999999998, 0.58709999999999996, 0)	../fonts/zerothre.ttf	lower
1270825649903	0	DISTRACTOR	11			16000	8
1270825665978	1	FR_PRES	11	SCALPEL	1243	1	0	1701	(0.42259999999999998, 0.58709999999999996, 0)	../fonts/zerothre.ttf	lower
1270825670173	0	DISTRACTOR	11			16000	9
1270825685804	1	FR_PRES	11	UTENSIL	1542	1	0	1499	(0.42259999999999998, 0.58709999999999996, 0)	../fonts/zerothre.ttf	lower
1270825689656	0	DISTRACTOR	11			16000	9
1270825705948	1	FR_PRES	11	CENT	270	1	0	1555	(0.42259999999999998, 0.58709999999999996, 0)	../fonts/zerothre.ttf	lower
1270825710074	0	DISTRACTOR	11			16000	6
1270825726807	1	REC_START
1270825802393	1	REST_REWET
1270826274807	0	MATH_TOTAL_SCORE	492
1270826290972	0	RECOG_START
1270826290972	1	REC_START
1270826291013	0	RECOG_PRES	0	TWINE	1529	-999	P	1650
1270826293036	0	RECOG_CR_PRES	0	TWINE	1529	-999	P	267
1270826293802	1	RECOG_FEEDBACK	1
1270826294526	0	RECOG_PRES	0	VEST	1559	-999	P	1113
1270826296007	0	RECOG_CR_PRES	0	VEST	1559	-999	P	232
1270826296632	1	RECOG_FEEDBACK	1
1270826297406	0	RECOG_PRES	0	WEED	1599	-999	P	937
1270826298713	0	RECOG_CR_PRES	0	WEED	1599	-999	P	174
1270826299270	1	RECOG_FEEDBACK	1
1270826300028	0	RECOG_PRES	0	BROTHER	179	-999	P	1459
1270826301859	0	RECOG_CR_PRES	0	BROTHER	179	-999	P	131
1270826302383	1	RECOG_FEEDBACK	1
1270826303174	0	RECOG_PRES	0	GAVEL	627	-999	P	953
1270826304497	0	RECOG_CR_PRES	0	GAVEL	627	-999	P	110
1270826304980	1	RECOG_FEEDBACK	1
1270826305779	0	RECOG_PRES	0	ROOM	1206	-999	P	1116
1270826307269	0	RECOG_CR_PRES	0	ROOM	1206	-999	P	90
1270826307744	1	RECOG_FEEDBACK	1
1270826308460	0	RECOG_PRES	0	TRAIN	1494	-999	P	1243
1270826310074	0	RECOG_CR_PRES	0	TRAIN	1494	-999	P	181
1270826310673	1	RECOG_FEEDBACK	1
1270826311389	0	RECOG_PRES	0	CABBAGE	210	-999	P	1002
1270826312763	0	RECOG_CR_PRES	0	CABBAGE	210	-999	P	180
1270826313304	1	RECOG_FEEDBACK	1
1270826314036	0	RECOG_PRES	0	BOTTLE	153	-999	P	1387
1270826315793	0	RECOG_CR_PRES	0	BOTTLE	153	-999	P	142
1270826316350	1	RECOG_FEEDBACK	1
1270826317141	0	RECOG_PRES	0	PLATE	1086	-999	P	857
1270826318373	0	RECOG_CR_PRES	0	PLATE	1086	-999	P	146
1270826318881	1	RECOG_FEEDBACK	1
1270826319621	0	RECOG_PRES	0	FLY	586	-999	P	1202
1270826321195	0	RECOG_CR_PRES	0	FLY	586	-999	P	108
1270826321686	1	RECOG_FEEDBACK	1
1270826322460	0	RECOG_PRES	0	CHEMICAL	291	-999	P	995
1270826323825	0	RECOG_CR_PRES	0	CHEMICAL	291	-999	P	126
1270826324324	1	RECOG_FEEDBACK	1
1270826325057	0	RECOG_PRES	0	ARTIST	43	-999	P	990
1270826326422	0	RECOG_CR_PRES	0	ARTIST	43	-999	P	145
1270826326946	1	RECOG_FEEDBACK	1
1270826327745	0	RECOG_PRES	0	GOO	648	-999	P	1294
1270826329410	0	RECOG_CR_PRES	0	GOO	648	-999	P	149
1270826329959	1	RECOG_FEEDBACK	1
1270826330742	0	RECOG_PRES	0	LILY	821	-999	P	913
1270826332024	0	RECOG_CR_PRES	0	LILY	821	-999	P	95
1270826332481	1	RECOG_FEEDBACK	1
1270826333264	0	RECOG_PRES	0	SNEAKER	1334	-999	P	975
1270826334612	0	RECOG_CR_PRES	0	SNEAKER	1334	-999	P	123
1270826335103	1	RECOG_FEEDBACK	1
1270826335827	0	RECOG_PRES	0	MINT	898	-999	P	956
1270826337159	0	RECOG_CR_PRES	0	MINT	898	-999	P	144
1270826337667	1	RECOG_FEEDBACK	1
1270826338441	0	RECOG_PRES	0	TUBE	1516	-999	P	1302
1270826340114	0	RECOG_CR_PRES	0	TUBE	1516	-999	P	141
1270826340655	1	RECOG_FEEDBACK	0
1270826341379	0	RECOG_PRES	0	AUTOMOBILE	62	-999	P	1372
1270826343127	0	RECOG_CR_PRES	0	AUTOMOBILE	62	-999	P	144
1270826343677	1	RECOG_FEEDBACK	1
1270826344426	0	RECOG_PRES	0	BRANDY	169	-999	P	1101
1270826345899	0	RECOG_CR_PRES	0	BRANDY	169	-999	P	140
1270826346415	1	RECOG_FEEDBACK	1
1270826347789	0	REST
1270826348662	1	REC_START
1270826348687	0	RECOG_PRES	1	EGG	518	-999	P	1104
1270826350161	0	RECOG_CR_PRES	1	EGG	518	-999	P	110
1270826350652	1	RECOG_FEEDBACK	1
1270826351409	0	RECOG_PRES	1	TROPHY	1509	-999	P	886
1270826352666	0	RECOG_CR_PRES	1	TROPHY	1509	-999	P	93
1270826353141	1	RECOG_FEEDBACK	1
1270826353931	0	RECOG_PRES	1	COB	334	-999	P	1260
1270826355563	0	RECOG_CR_PRES	1	COB	334	-999	P	108
1270826356070	1	RECOG_FEEDBACK	1
1270826356795	0	RECOG_PRES	1	CLAY	320	-999	P	988
1270826358151	0	RECOG_CR_PRES	1	CLAY	320	-999	P	104
1270826358617	1	RECOG_FEEDBACK	1
1270826359333	0	RECOG_PRES	1	LAWN	805	-999	P	1378
1270826361081	0	RECOG_CR_PRES	1	LAWN	805	-999	P	62
1270826361514	1	RECOG_FEEDBACK	0
1270826362296	0	RECOG_PRES	1	CAN	225	-999	P	1575
1270826364244	0	RECOG_CR_PRES	1	CAN	225	-999	P	107
1270826364727	1	RECOG_FEEDBACK	1
1270826365501	0	RECOG_PRES	1	NICKEL	950	-999	P	1082
1270826366958	0	RECOG_CR_PRES	1	NICKEL	950	-999	P	153
1270826367507	1	RECOG_FEEDBACK	1
1270826368240	0	RECOG_PRES	1	TRIBE	1505	-999	P	1071
1270826369680	0	RECOG_CR_PRES	1	TRIBE	1505	-999	P	143
1270826370187	1	RECOG_FEEDBACK	1
1270826370953	0	RECOG_PRES	1	PORT	1110	-999	P	1174
1270826372501	0	RECOG_CR_PRES	1	PORT	1110	-999	P	154
1270826373042	1	RECOG_FEEDBACK	1
1270826373841	0	RECOG_PRES	1	ATHLETE	52	-999	P	950
1270826375165	0	RECOG_CR_PRES	1	ATHLETE	52	-999	P	154
1270826375681	1	RECOG_FEEDBACK	1
1270826376405	0	RECOG_PRES	1	BACK	65	-999	P	994
1270826377770	0	RECOG_CR_PRES	1	BACK	65	-999	P	149
1270826378303	1	RECOG_FEEDBACK	1
1270826379077	0	RECOG_PRES	1	TEMPLE	1448	-999	P	1090
1270826380542	0	RECOG_CR_PRES	1	TEMPLE	1448	-999	P	177
1270826381066	1	RECOG_FEEDBACK	1
1270826381790	0	RECOG_PRES	1	DRAGON	492	-999	P	1065
1270826383230	0	RECOG_CR_PRES	1	DRAGON	492	-999	P	73
1270826383680	1	RECOG_FEEDBACK	1
1270826384412	0	RECOG_PRES	1	SAUSAGE	1238	-999	P	1019
1270826385802	0	RECOG_CR_PRES	1	SAUSAGE	1238	-999	P	109
1270826386277	1	RECOG_FEEDBACK	1
1270826387068	0	RECOG_PRES	1	MUSHROOM	934	-999	P	1011
1270826388449	0	RECOG_CR_PRES	1	MUSHROOM	934	-999	P	150
1270826388974	1	RECOG_FEEDBACK	1
1270826389764	0	RECOG_PRES	1	RECIPE	1175	-999	P	1083
1270826391221	0	RECOG_CR_PRES	1	RECIPE	1175	-999	P	138
1270826391737	1	RECOG_FEEDBACK	1
1270826392470	0	RECOG_PRES	1	SCALPEL	1243	-999	P	1001
1270826393843	0	RECOG_CR_PRES	1	SCALPEL	1243	-999	P	108
1270826394342	1	RECOG_FEEDBACK	1
1270826395116	0	RECOG_PRES	1	OVEN	991	-999	P	1083
1270826396573	0	RECOG_CR_PRES	1	OVEN	991	-999	P	122
1270826397073	1	RECOG_FEEDBACK	1
1270826397880	0	RECOG_PRES	1	PEN	1041	-999	P	1110
1270826399362	0	RECOG_CR_PRES	1	PEN	1041	-999	P	101
1270826399853	1	RECOG_FEEDBACK	1
1270826400602	0	RECOG_PRES	1	PRISON	1127	-999	P	1437
1270826402408	0	RECOG_CR_PRES	1	PRISON	1127	-999	P	111
1270826402916	1	RECOG_FEEDBACK	1
1270826404156	0	REST
1270826405047	1	REC_START
1270826405072	0	RECOG_PRES	2	SLIME	1327	-999	P	1071
1270826406511	0	RECOG_CR_PRES	2	SLIME	1327	-999	P	136
1270826407036	1	RECOG_FEEDBACK	1
1270826407835	0	RECOG_PRES	2	ACID	2	-999	P	996
1270826409200	0	RECOG_CR_PRES	2	ACID	2	-999	P	191
1270826409774	1	RECOG_FEEDBACK	1
1270826410540	0	RECOG_PRES	2	CENT	270	-999	P	1035
1270826411947	0	RECOG_CR_PRES	2	CENT	270	-999	P	108
1270826412455	1	RECOG_FEEDBACK	1
1270826413262	0	RECOG_PRES	2	RESTAURANT	1187	-999	P	945
1270826414577	0	RECOG_CR_PRES	2	RESTAURANT	1187	-999	P	126
1270826415093	1	RECOG_FEEDBACK	1
1270826415892	0	RECOG_PRES	2	LEG	809	-999	P	1003
1270826417266	0	RECOG_CR_PRES	2	LEG	809	-999	P	109
1270826417765	1	RECOG_FEEDBACK	1
1270826418481	0	RECOG_PRES	2	CARPET	247	-999	P	1070
1270826419921	0	RECOG_CR_PRES	2	CARPET	247	-999	P	118
1270826420412	1	RECOG_FEEDBACK	1
1270826421194	0	RECOG_PRES	2	AUTHOR	61	-999	P	989
1270826422559	0	RECOG_CR_PRES	2	AUTHOR	61	-999	P	128
1270826423059	1	RECOG_FEEDBACK	1
1270826423849	0	RECOG_PRES	2	TICK	1463	-999	P	1022
1270826425240	0	RECOG_CR_PRES	2	TICK	1463	-999	P	127
1270826425739	1	RECOG_FEEDBACK	1
1270826426488	0	RECOG_PRES	2	MONUMENT	913	-999	P	991
1270826427853	0	RECOG_CR_PRES	2	MONUMENT	913	-999	P	106
1270826428353	1	RECOG_FEEDBACK	1
1270826429068	0	RECOG_PRES	2	BURGLAR	200	-999	P	1027
1270826430467	0	RECOG_CR_PRES	2	BURGLAR	200	-999	P	124
1270826430974	1	RECOG_FEEDBACK	1
1270826431749	0	RECOG_PRES	2	FISH	571	-999	P	914
1270826433039	0	RECOG_CR_PRES	2	FISH	571	-999	P	128
1270826433530	1	RECOG_FEEDBACK	1
1270826434254	0	RECOG_PRES	2	BEAR	106	-999	P	881
1270826435511	0	RECOG_CR_PRES	2	BEAR	106	-999	P	104
1270826435993	1	RECOG_FEEDBACK	1
1270826436776	0	RECOG_PRES	2	SHORTCAKE	1292	-999	P	951
1270826438100	0	RECOG_CR_PRES	2	SHORTCAKE	1292	-999	P	131
1270826438616	1	RECOG_FEEDBACK	1
1270826439365	0	RECOG_PRES	2	HARP	689	-999	P	1050
1270826440788	0	RECOG_CR_PRES	2	HARP	689	-999	P	187
1270826441346	1	RECOG_FEEDBACK	1
1270826442153	0	RECOG_PRES	2	BIRD	129	-999	P	1110
1270826443635	0	RECOG_CR_PRES	2	BIRD	129	-999	P	172
1270826444184	1	RECOG_FEEDBACK	0
1270826444967	0	RECOG_PRES	2	HOOK	715	-999	P	1031
1270826446373	0	RECOG_CR_PRES	2	HOOK	715	-999	P	90
1270826446848	1	RECOG_FEEDBACK	1
1270826447638	0	RECOG_PRES	2	GRATE	657	-999	P	1385
1270826449395	0	RECOG_CR_PRES	2	GRATE	657	-999	P	180
1270826449969	1	RECOG_FEEDBACK	1
1270826450776	0	RECOG_PRES	2	EMPLOYEE	531	-999	P	1439
1270826452591	0	RECOG_CR_PRES	2	EMPLOYEE	531	-999	P	160
1270826453149	1	RECOG_FEEDBACK	0
1270826453898	0	RECOG_PRES	2	PORK	1108	-999	P	1857
1270826456153	0	RECOG_CR_PRES	2	PORK	1108	-999	P	94
1270826456669	1	RECOG_FEEDBACK	1
1270826457394	0	RECOG_PRES	2	PICK	1058	-999	P	1349
1270826459117	0	RECOG_CR_PRES	2	PICK	1058	-999	P	146
1270826459658	1	RECOG_FEEDBACK	1
1270826460923	0	REST
1270826461821	1	REC_START
1270826461847	0	RECOG_PRES	3	STOCKING	1383	-999	P	1184
1270826463403	0	RECOG_CR_PRES	3	STOCKING	1383	-999	P	124
1270826463919	1	RECOG_FEEDBACK	1
1270826464668	0	RECOG_PRES	3	SCULPTURE	1258	-999	P	1330
1270826466375	0	RECOG_CR_PRES	3	SCULPTURE	1258	-999	P	120
1270826466883	1	RECOG_FEEDBACK	0
1270826467632	0	RECOG_PRES	3	CATERPILLAR	259	-999	P	1007
1270826469013	0	RECOG_CR_PRES	3	CATERPILLAR	259	-999	P	130
1270826469504	1	RECOG_FEEDBACK	1
1270826470229	0	RECOG_PRES	3	SATURN	1236	-999	P	1098
1270826471702	0	RECOG_CR_PRES	3	SATURN	1236	-999	P	89
1270826472226	1	RECOG_FEEDBACK	1
1270826473000	0	RECOG_PRES	3	ASIA	46	-999	P	1063
1270826474432	0	RECOG_CR_PRES	3	ASIA	46	-999	P	103
1270826474940	1	RECOG_FEEDBACK	1
1270826475697	0	RECOG_PRES	3	BULLY	196	-999	P	1278
1270826477345	0	RECOG_CR_PRES	3	BULLY	196	-999	P	110
1270826477828	1	RECOG_FEEDBACK	0
1270826478544	0	RECOG_PRES	3	SAND	1230	-999	P	2519
1270826481432	0	RECOG_CR_PRES	3	SAND	1230	-999	P	175
1270826482048	1	RECOG_FEEDBACK	1
1270826482789	0	RECOG_PRES	3	ROPE	1211	-999	P	1122
1270826484287	0	RECOG_CR_PRES	3	ROPE	1211	-999	P	184
1270826484862	1	RECOG_FEEDBACK	1
1270826485636	0	RECOG_PRES	3	COOK	372	-999	P	2003
1270826488008	0	RECOG_CR_PRES	3	COOK	372	-999	P	183
1270826488624	1	RECOG_FEEDBACK	0
1270826489423	0	RECOG_PRES	3	BUGLE	189	-999	P	1096
1270826490888	0	RECOG_CR_PRES	3	BUGLE	189	-999	P	110
1270826491379	1	RECOG_FEEDBACK	1
1270826492136	0	RECOG_PRES	3	CRUMB	416	-999	P	960
1270826493468	0	RECOG_CR_PRES	3	CRUMB	416	-999	P	139
1270826493984	1	RECOG_FEEDBACK	1
1270826494750	0	RECOG_PRES	3	WICK	1607	-999	P	914
1270826496032	0	RECOG_CR_PRES	3	WICK	1607	-999	P	183
1270826496598	1	RECOG_FEEDBACK	1
1270826497389	0	RECOG_PRES	3	DINNER	468	-999	P	2242
1270826500002	0	RECOG_CR_PRES	3	DINNER	468	-999	P	149
1270826500593	1	RECOG_FEEDBACK	1
1270826501376	0	RECOG_PRES	3	POLE	1097	-999	P	1479
1270826503232	0	RECOG_CR_PRES	3	POLE	1097	-999	P	159
1270826503781	1	RECOG_FEEDBACK	1
1270826504513	0	RECOG_PRES	3	SALOON	1228	-999	P	1030
1270826505912	0	RECOG_CR_PRES	3	SALOON	1228	-999	P	143
1270826506436	1	RECOG_FEEDBACK	1
1270826507169	0	RECOG_PRES	3	ANTELOPE	27	-999	P	1006
1270826508550	0	RECOG_CR_PRES	3	ANTELOPE	27	-999	P	145
1270826509075	1	RECOG_FEEDBACK	1
1270826509832	0	RECOG_PRES	3	OBOE	969	-999	P	951
1270826511156	0	RECOG_CR_PRES	3	OBOE	969	-999	P	171
1270826511705	1	RECOG_FEEDBACK	1
1270826512438	0	RECOG_PRES	3	QUILL	1150	-999	P	1090
1270826513903	0	RECOG_CR_PRES	3	QUILL	1150	-999	P	120
1270826514402	1	RECOG_FEEDBACK	1
1270826515193	0	RECOG_PRES	3	BEAD	103	-999	P	1014
1270826516583	0	RECOG_CR_PRES	3	BEAD	103	-999	P	128
1270826517099	1	RECOG_FEEDBACK	1
1270826517848	0	RECOG_PRES	3	RADISH	1158	-999	P	991
1270826519213	0	RECOG_CR_PRES	3	RADISH	1158	-999	P	82
1270826519679	1	RECOG_FEEDBACK	1
1270826521136	0	REST
1270826522263	1	REC_START
1270826522293	0	RECOG_PRES	4	BOXER	160	-999	P	954
1270826523616	0	RECOG_CR_PRES	4	BOXER	160	-999	P	143
1270826524141	1	RECOG_FEEDBACK	1
1270826524931	0	RECOG_PRES	4	CUB	419	-999	P	980
1270826526280	0	RECOG_CR_PRES	4	CUB	419	-999	P	175
1270826526821	1	RECOG_FEEDBACK	1
1270826527570	0	RECOG_PRES	4	LABYRINTH	791	-999	P	858
1270826528852	0	RECOG_CR_PRES	4	LABYRINTH	791	-999	P	219
1270826529426	1	RECOG_FEEDBACK	1
1270826530200	0	RECOG_PRES	4	NOOSE	956	-999	P	1183
1270826531757	0	RECOG_CR_PRES	4	NOOSE	956	-999	P	74
1270826532223	1	RECOG_FEEDBACK	1
1270826533005	0	RECOG_PRES	4	STADIUM	1364	-999	P	1091
1270826534470	0	RECOG_CR_PRES	4	STADIUM	1364	-999	P	105
1270826534970	1	RECOG_FEEDBACK	1
1270826535735	0	RECOG_PRES	4	BODY	145	-999	P	1136
1270826537242	0	RECOG_CR_PRES	4	BODY	145	-999	P	141
1270826537775	1	RECOG_FEEDBACK	1
1270826538490	0	RECOG_PRES	4	LOCK	838	-999	P	925
1270826539789	0	RECOG_CR_PRES	4	LOCK	838	-999	P	162
1270826540330	1	RECOG_FEEDBACK	1
1270826541087	0	RECOG_PRES	4	MOTHER	921	-999	P	1472
1270826542935	0	RECOG_CR_PRES	4	MOTHER	921	-999	P	48
1270826543368	1	RECOG_FEEDBACK	0
1270826544150	0	RECOG_PRES	4	SCREW	1254	-999	P	1633
1270826546156	0	RECOG_CR_PRES	4	SCREW	1254	-999	P	155
1270826546706	1	RECOG_FEEDBACK	1
1270826547447	0	RECOG_PRES	4	FOOTBALL	591	-999	P	866
1270826548712	0	RECOG_CR_PRES	4	FOOTBALL	591	-999	P	103
1270826549195	1	RECOG_FEEDBACK	1
1270826549935	0	RECOG_PRES	4	COMMANDER	354	-999	P	1056
1270826551367	0	RECOG_CR_PRES	4	COMMANDER	354	-999	P	128
1270826551900	1	RECOG_FEEDBACK	1
1270826552682	0	RECOG_PRES	4	EYELASH	546	-999	P	901
1270826553956	0	RECOG_CR_PRES	4	EYELASH	546	-999	P	139
1270826554480	1	RECOG_FEEDBACK	1
1270826555213	0	RECOG_PRES	4	COIN	343	-999	P	874
1270826556486	0	RECOG_CR_PRES	4	COIN	343	-999	P	129
1270826557002	1	RECOG_FEEDBACK	1
1270826557776	0	RECOG_PRES	4	WELL	1600	-999	P	943
1270826559091	0	RECOG_CR_PRES	4	WELL	1600	-999	P	132
1270826559599	1	RECOG_FEEDBACK	1
1270826560382	0	RECOG_PRES	4	BUFFALO	186	-999	P	1017
1270826561772	0	RECOG_CR_PRES	4	BUFFALO	186	-999	P	99
1270826562263	1	RECOG_FEEDBACK	1
1270826563028	0	RECOG_PRES	4	TREASURE	1500	-999	P	1611
1270826565001	0	RECOG_CR_PRES	4	TREASURE	1500	-999	P	102
1270826565517	1	RECOG_FEEDBACK	0
1270826566308	0	RECOG_PRES	4	HEN	703	-999	P	1419
1270826568097	0	RECOG_CR_PRES	4	HEN	703	-999	P	126
1270826568622	1	RECOG_FEEDBACK	1
1270826569429	0	RECOG_PRES	4	BINDER	127	-999	P	875
1270826570678	0	RECOG_CR_PRES	4	BINDER	127	-999	P	81
1270826571119	1	RECOG_FEEDBACK	1
1270826571868	0	RECOG_PRES	4	ITEM	746	-999	P	923
1270826573167	0	RECOG_CR_PRES	4	ITEM	746	-999	P	136
1270826573674	1	RECOG_FEEDBACK	1
1270826574407	0	RECOG_PRES	4	TRUMPET	1513	-999	P	936
1270826575714	0	RECOG_CR_PRES	4	TRUMPET	1513	-999	P	149
1270826576230	1	RECOG_FEEDBACK	1
1270826577537	0	REST
1270826578450	1	REC_START
1270826578477	0	RECOG_PRES	5	PIGEON	1065	-999	P	973
1270826579850	0	RECOG_CR_PRES	5	PIGEON	1065	-999	P	125
1270826580350	1	RECOG_FEEDBACK	1
1270826581132	0	RECOG_PRES	5	TANGERINE	1431	-999	P	907
1270826582414	0	RECOG_CR_PRES	5	TANGERINE	1431	-999	P	145
1270826582938	1	RECOG_FEEDBACK	1
1270826583721	0	RECOG_PRES	5	CONCERT	360	-999	P	934
1270826585028	0	RECOG_CR_PRES	5	CONCERT	360	-999	P	131
1270826585544	1	RECOG_FEEDBACK	1
1270826586351	0	RECOG_PRES	5	RAM	1165	-999	P	849
1270826587575	0	RECOG_CR_PRES	5	RAM	1165	-999	P	168
1270826588099	1	RECOG_FEEDBACK	1
1270826588840	0	RECOG_PRES	5	MOAT	903	-999	P	866
1270826590105	0	RECOG_CR_PRES	5	MOAT	903	-999	P	110
1270826590588	1	RECOG_FEEDBACK	1
1270826591354	0	RECOG_PRES	5	PAGE	1001	-999	P	981
1270826592710	0	RECOG_CR_PRES	5	PAGE	1001	-999	P	145
1270826593235	1	RECOG_FEEDBACK	1
1270826593967	0	RECOG_PRES	5	PUPPY	1144	-999	P	952
1270826595291	0	RECOG_CR_PRES	5	PUPPY	1144	-999	P	92
1270826595765	1	RECOG_FEEDBACK	1
1270826596548	0	RECOG_PRES	5	CHAIN	273	-999	P	1339
1270826598262	0	RECOG_CR_PRES	5	CHAIN	273	-999	P	113
1270826598778	1	RECOG_FEEDBACK	1
1270826599552	0	RECOG_PRES	5	HARE	688	-999	P	1047
1270826600967	0	RECOG_CR_PRES	5	HARE	688	-999	P	176
1270826601525	1	RECOG_FEEDBACK	1
1270826602249	0	RECOG_PRES	5	MUG	930	-999	P	1046
1270826603664	0	RECOG_CR_PRES	5	MUG	930	-999	P	175
1270826604230	1	RECOG_FEEDBACK	1
1270826604987	0	RECOG_PRES	5	MICROWAVE	892	-999	P	1196
1270826606553	0	RECOG_CR_PRES	5	MICROWAVE	892	-999	P	110
1270826607052	1	RECOG_FEEDBACK	1
1270826607834	0	RECOG_PRES	5	TOY	1492	-999	P	894
1270826609099	0	RECOG_CR_PRES	5	TOY	1492	-999	P	196
1270826609665	1	RECOG_FEEDBACK	1
1270826610406	0	RECOG_PRES	5	EAR	513	-999	P	938
1270826611713	0	RECOG_CR_PRES	5	EAR	513	-999	P	134
1270826612221	1	RECOG_FEEDBACK	1
1270826612962	0	RECOG_PRES	5	COMPASS	358	-999	P	853
1270826614185	0	RECOG_CR_PRES	5	COMPASS	358	-999	P	150
1270826614710	1	RECOG_FEEDBACK	1
1270826615517	0	RECOG_PRES	5	SUSPECT	1415	-999	P	1098
1270826616989	0	RECOG_CR_PRES	5	SUSPECT	1415	-999	P	98
1270826617481	1	RECOG_FEEDBACK	0
1270826618222	0	RECOG_PRES	5	YARN	1631	-999	P	1002
1270826619596	0	RECOG_CR_PRES	5	YARN	1631	-999	P	115
1270826620087	1	RECOG_FEEDBACK	1
1270826620803	0	RECOG_PRES	5	BALL	73	-999	P	1572
1270826622750	0	RECOG_CR_PRES	5	BALL	73	-999	P	137
1270826623308	1	RECOG_FEEDBACK	1
1270826624074	0	RECOG_PRES	5	CHIEF	298	-999	P	1181
1270826625630	0	RECOG_CR_PRES	5	CHIEF	298	-999	P	121
1270826626163	1	RECOG_FEEDBACK	1
1270826626954	0	RECOG_PRES	5	DEER	444	-999	P	1094
1270826628419	0	RECOG_CR_PRES	5	DEER	444	-999	P	156
1270826628976	1	RECOG_FEEDBACK	1
1270826629775	0	RECOG_PRES	5	PADDLE	1000	-999	P	1336
1270826631482	0	RECOG_CR_PRES	5	PADDLE	1000	-999	P	133
1270826632031	1	RECOG_FEEDBACK	1
1270826633321	0	REST
1270826634480	1	REC_START
1270826634503	0	RECOG_PRES	6	RIVER	1194	-999	P	953
1270826635827	0	RECOG_CR_PRES	6	RIVER	1194	-999	P	76
1270826636276	1	RECOG_FEEDBACK	1
1270826637009	0	RECOG_PRES	6	YACHT	1629	-999	P	874
1270826638282	0	RECOG_CR_PRES	6	YACHT	1629	-999	P	69
1270826638732	1	RECOG_FEEDBACK	1
1270826639489	0	RECOG_PRES	6	PIER	1063	-999	P	807
1270826640671	0	RECOG_CR_PRES	6	PIER	1063	-999	P	136
1270826641179	1	RECOG_FEEDBACK	1
1270826641978	0	RECOG_PRES	6	HONEY	713	-999	P	765
1270826643118	0	RECOG_CR_PRES	6	HONEY	713	-999	P	153
1270826643642	1	RECOG_FEEDBACK	1
1270826644408	0	RECOG_PRES	6	CITIZEN	312	-999	P	1119
1270826645898	0	RECOG_CR_PRES	6	CITIZEN	312	-999	P	149
1270826646431	1	RECOG_FEEDBACK	1
1270826647188	0	RECOG_PRES	6	EUROPE	541	-999	P	996
1270826648553	0	RECOG_CR_PRES	6	EUROPE	541	-999	P	166
1270826649078	1	RECOG_FEEDBACK	1
1270826649794	0	RECOG_PRES	6	SAUCER	1237	-999	P	1237
1270826651400	0	RECOG_CR_PRES	6	SAUCER	1237	-999	P	175
1270826651998	1	RECOG_FEEDBACK	1
1270826652798	0	RECOG_PRES	6	BUILDER	190	-999	P	1081
1270826654255	0	RECOG_CR_PRES	6	BUILDER	190	-999	P	152
1270826654796	1	RECOG_FEEDBACK	1
1270826655545	0	RECOG_PRES	6	COUSIN	392	-999	P	1638
1270826657560	0	RECOG_CR_PRES	6	COUSIN	392	-999	P	119
1270826658092	1	RECOG_FEEDBACK	1
1270826658850	0	RECOG_PRES	6	LIGHTER	819	-999	P	1222
1270826660439	0	RECOG_CR_PRES	6	LIGHTER	819	-999	P	136
1270826660964	1	RECOG_FEEDBACK	1
1270826661671	0	RECOG_PRES	6	MARKER	870	-999	P	1393
1270826663436	0	RECOG_CR_PRES	6	MARKER	870	-999	P	107
1270826663952	1	RECOG_FEEDBACK	1
1270826664726	0	RECOG_PRES	6	CART	250	-999	P	1122
1270826666216	0	RECOG_CR_PRES	6	CART	250	-999	P	151
1270826666749	1	RECOG_FEEDBACK	1
1270826667481	0	RECOG_PRES	6	DART	440	-999	P	1318
1270826669179	0	RECOG_CR_PRES	6	DART	440	-999	P	164
1270826669729	1	RECOG_FEEDBACK	1
1270826670453	0	RECOG_PRES	6	PUDDLE	1140	-999	P	874
1270826671701	0	RECOG_CR_PRES	6	PUDDLE	1140	-999	P	114
1270826672184	1	RECOG_FEEDBACK	1
1270826672917	0	RECOG_PRES	6	TREAD	1499	-999	P	1074
1270826674365	0	RECOG_CR_PRES	6	TREAD	1499	-999	P	130
1270826674881	1	RECOG_FEEDBACK	1
1270826675613	0	RECOG_PRES	6	BOOK	149	-999	P	1067
1270826677053	0	RECOG_CR_PRES	6	BOOK	149	-999	P	98
1270826677536	1	RECOG_FEEDBACK	1
1270826678252	0	RECOG_PRES	6	CURB	426	-999	P	955
1270826679575	0	RECOG_CR_PRES	6	CURB	426	-999	P	192
1270826680150	1	RECOG_FEEDBACK	1
1270826680891	0	RECOG_PRES	6	CURTAIN	427	-999	P	1453
1270826682713	0	RECOG_CR_PRES	6	CURTAIN	427	-999	P	118
1270826683246	1	RECOG_FEEDBACK	1
1270826684037	0	RECOG_PRES	6	MISTER	901	-999	P	1083
1270826685494	0	RECOG_CR_PRES	6	MISTER	901	-999	P	169
1270826686068	1	RECOG_FEEDBACK	1
1270826686834	0	RECOG_PRES	6	JOURNAL	760	-999	P	1446
1270826688648	0	RECOG_CR_PRES	6	JOURNAL	760	-999	P	183
1270826689231	1	RECOG_FEEDBACK	1
1270826690546	0	REST
1270826691716	1	REC_START
1270826691745	0	RECOG_PRES	7	TOOTHPASTE	1483	-999	P	1102
1270826693218	0	RECOG_CR_PRES	7	TOOTHPASTE	1483	-999	P	141
1270826693734	1	RECOG_FEEDBACK	1
1270826694533	0	RECOG_PRES	7	FUDGE	611	-999	P	1882
1270826696789	0	RECOG_CR_PRES	7	FUDGE	611	-999	P	138
1270826697330	1	RECOG_FEEDBACK	1
1270826698129	0	RECOG_PRES	7	CONVENT	370	-999	P	1143
1270826699644	0	RECOG_CR_PRES	7	CONVENT	370	-999	P	99
1270826700143	1	RECOG_FEEDBACK	1
1270826700867	0	RECOG_PRES	7	WALRUS	1585	-999	P	883
1270826702149	0	RECOG_CR_PRES	7	WALRUS	1585	-999	P	82
1270826702615	1	RECOG_FEEDBACK	1
1270826703339	0	RECOG_PRES	7	MUSEUM	933	-999	P	877
1270826704588	0	RECOG_CR_PRES	7	MUSEUM	933	-999	P	115
1270826705079	1	RECOG_FEEDBACK	1
1270826705845	0	RECOG_PRES	7	WINDSHIELD	1612	-999	P	841
1270826707085	0	RECOG_CR_PRES	7	WINDSHIELD	1612	-999	P	162
1270826707618	1	RECOG_FEEDBACK	1
1270826708367	0	RECOG_PRES	7	SEAFOOD	1260	-999	P	905
1270826709640	0	RECOG_CR_PRES	7	SEAFOOD	1260	-999	P	159
1270826710173	1	RECOG_FEEDBACK	1
1270826710964	0	RECOG_PRES	7	RING	1193	-999	P	779
1270826712112	0	RECOG_CR_PRES	7	RING	1193	-999	P	111
1270826712587	1	RECOG_FEEDBACK	1
1270826713336	0	RECOG_PRES	7	CRITIC	410	-999	P	792
1270826714501	0	RECOG_CR_PRES	7	CRITIC	410	-999	P	138
1270826715001	1	RECOG_FEEDBACK	1
1270826715741	0	RECOG_PRES	7	CHIPMUNK	304	-999	P	923
1270826717032	0	RECOG_CR_PRES	7	CHIPMUNK	304	-999	P	159
1270826717564	1	RECOG_FEEDBACK	1
1270826718330	0	RECOG_PRES	7	MONK	910	-999	P	782
1270826719487	0	RECOG_CR_PRES	7	MONK	910	-999	P	120
1270826719970	1	RECOG_FEEDBACK	1
1270826720694	0	RECOG_PRES	7	VICTOR	1563	-999	P	754
1270826721818	0	RECOG_CR_PRES	7	VICTOR	1563	-999	P	172
1270826722342	1	RECOG_FEEDBACK	1
1270826723091	0	RECOG_PRES	7	COLLEGE	346	-999	P	858
1270826724340	0	RECOG_CR_PRES	7	COLLEGE	346	-999	P	163
1270826724872	1	RECOG_FEEDBACK	1
1270826725680	0	RECOG_PRES	7	ROOST	1208	-999	P	992
1270826727045	0	RECOG_CR_PRES	7	ROOST	1208	-999	P	66
1270826727494	1	RECOG_FEEDBACK	1
1270826728260	0	RECOG_PRES	7	DESSERT	453	-999	P	956
1270826729584	0	RECOG_CR_PRES	7	DESSERT	453	-999	P	159
1270826730108	1	RECOG_FEEDBACK	1
1270826730841	0	RECOG_PRES	7	SMOG	1330	-999	P	919
1270826732131	0	RECOG_CR_PRES	7	SMOG	1330	-999	P	148
1270826732638	1	RECOG_FEEDBACK	1
1270826733371	0	RECOG_PRES	7	TOOTH	1481	-999	P	1332
1270826735077	0	RECOG_CR_PRES	7	TOOTH	1481	-999	P	82
1270826735552	1	RECOG_FEEDBACK	1
1270826736276	0	RECOG_PRES	7	SKILLET	1317	-999	P	1204
1270826737849	0	RECOG_CR_PRES	7	SKILLET	1317	-999	P	149
1270826738398	1	RECOG_FEEDBACK	1
1270826739114	0	RECOG_PRES	7	TROUT	1511	-999	P	891
1270826740404	0	RECOG_CR_PRES	7	TROUT	1511	-999	P	155
1270826740937	1	RECOG_FEEDBACK	1
1270826741678	0	RECOG_PRES	7	COWARD	394	-999	P	866
1270826742943	0	RECOG_CR_PRES	7	COWARD	394	-999	P	120
1270826743434	1	RECOG_FEEDBACK	1
1270826744649	0	REST
1270826745548	1	REC_START
1270826745573	0	RECOG_PRES	8	SNAIL	1332	-999	P	1019
1270826746963	0	RECOG_CR_PRES	8	SNAIL	1332	-999	P	100
1270826747438	1	RECOG_FEEDBACK	1
1270826748220	0	RECOG_PRES	8	CANOE	233	-999	P	956
1270826749544	0	RECOG_CR_PRES	8	CANOE	233	-999	P	111
1270826750026	1	RECOG_FEEDBACK	1
1270826750784	0	RECOG_PRES	8	PENDULUM	1043	-999	P	952
1270826752107	0	RECOG_CR_PRES	8	PENDULUM	1043	-999	P	116
1270826752607	1	RECOG_FEEDBACK	1
1270826753381	0	RECOG_PRES	8	HERB	704	-999	P	955
1270826754704	0	RECOG_CR_PRES	8	HERB	704	-999	P	191
1270826755270	1	RECOG_FEEDBACK	1
1270826756036	0	RECOG_PRES	8	STUDENT	1395	-999	P	1044
1270826757451	0	RECOG_CR_PRES	8	STUDENT	1395	-999	P	116
1270826757950	1	RECOG_FEEDBACK	1
1270826758683	0	RECOG_PRES	8	VILLAGE	1566	-999	P	1117
1270826760173	0	RECOG_CR_PRES	8	VILLAGE	1566	-999	P	106
1270826760664	1	RECOG_FEEDBACK	1
1270826761438	0	RECOG_PRES	8	VALVE	1546	-999	P	826
1270826762637	0	RECOG_CR_PRES	8	VALVE	1546	-999	P	210
1270826763219	1	RECOG_FEEDBACK	1
1270826763977	0	RECOG_PRES	8	ALLIGATOR	16	-999	P	895
1270826765242	0	RECOG_CR_PRES	8	ALLIGATOR	16	-999	P	141
1270826765766	1	RECOG_FEEDBACK	1
1270826766549	0	RECOG_PRES	8	BASKETBALL	96	-999	P	875
1270826767797	0	RECOG_CR_PRES	8	BASKETBALL	96	-999	P	266
1270826768455	1	RECOG_FEEDBACK	0
1270826769254	0	RECOG_PRES	8	CUCUMBER	421	-999	P	1098
1270826770727	0	RECOG_CR_PRES	8	CUCUMBER	421	-999	P	32
1270826771135	1	RECOG_FEEDBACK	1
1270826771942	0	RECOG_PRES	8	SQUID	1361	-999	P	794
1270826773108	0	RECOG_CR_PRES	8	SQUID	1361	-999	P	187
1270826773657	1	RECOG_FEEDBACK	1
1270826774464	0	RECOG_PRES	8	BANDIT	81	-999	P	1048
1270826775879	0	RECOG_CR_PRES	8	BANDIT	81	-999	P	111
1270826776395	1	RECOG_FEEDBACK	1
1270826777153	0	RECOG_PRES	8	ENCYCLOPEDIA	533	-999	P	967
1270826778493	0	RECOG_CR_PRES	8	ENCYCLOPEDIA	533	-999	P	138
1270826779009	1	RECOG_FEEDBACK	1
1270826779783	0	RECOG_PRES	8	LIMOUSINE	824	-999	P	921
1270826781073	0	RECOG_CR_PRES	8	LIMOUSINE	824	-999	P	182
1270826781623	1	RECOG_FEEDBACK	1
1270826782347	0	RECOG_PRES	8	LIGHTNING	820	-999	P	957
1270826783679	0	RECOG_CR_PRES	8	LIGHTNING	820	-999	P	192
1270826784236	1	RECOG_FEEDBACK	1
1270826785027	0	RECOG_PRES	8	TIGER	1467	-999	P	1085
1270826786484	0	RECOG_CR_PRES	8	TIGER	1467	-999	P	99
1270826786975	1	RECOG_FEEDBACK	1
1270826787699	0	RECOG_PRES	8	WAIST	1579	-999	P	981
1270826789047	0	RECOG_CR_PRES	8	WAIST	1579	-999	P	128
1270826789555	1	RECOG_FEEDBACK	1
1270826790363	0	RECOG_PRES	8	RUM	1217	-999	P	861
1270826791594	0	RECOG_CR_PRES	8	RUM	1217	-999	P	149
1270826792119	1	RECOG_FEEDBACK	1
1270826792918	0	RECOG_PRES	8	POLITICIAN	1099	-999	P	1002
1270826794291	0	RECOG_CR_PRES	8	POLITICIAN	1099	-999	P	132
1270826794832	1	RECOG_FEEDBACK	1
1270826795565	0	RECOG_PRES	8	SENATOR	1268	-999	P	947
1270826796880	0	RECOG_CR_PRES	8	SENATOR	1268	-999	P	135
1270826797396	1	RECOG_FEEDBACK	1
1270826798645	0	REST
1270826799799	1	REC_START
1270826799826	0	RECOG_PRES	9	SISTER	1312	-999	P	1182
1270826801383	0	RECOG_CR_PRES	9	SISTER	1312	-999	P	72
1270826801832	1	RECOG_FEEDBACK	1
1270826802582	0	RECOG_PRES	9	JUDGE	761	-999	P	1146
1270826804096	0	RECOG_CR_PRES	9	JUDGE	761	-999	P	231
1270826804712	1	RECOG_FEEDBACK	1
1270826805487	0	RECOG_PRES	9	ORCHID	982	-999	P	1337
1270826807193	0	RECOG_CR_PRES	9	ORCHID	982	-999	P	166
1270826807800	1	RECOG_FEEDBACK	1
1270826808541	0	RECOG_PRES	9	TROUSERS	1510	-999	P	955
1270826809865	0	RECOG_CR_PRES	9	TROUSERS	1510	-999	P	86
1270826810322	1	RECOG_FEEDBACK	1
1270826811047	0	RECOG_PRES	9	HAMPER	682	-999	P	952
1270826812370	0	RECOG_CR_PRES	9	HAMPER	682	-999	P	133
1270826812870	1	RECOG_FEEDBACK	1
1270826813660	0	RECOG_PRES	9	MUSTARD	935	-999	P	796
1270826814826	0	RECOG_CR_PRES	9	MUSTARD	935	-999	P	93
1270826815300	1	RECOG_FEEDBACK	1
1270826816033	0	RECOG_PRES	9	LABEL	790	-999	P	874
1270826817306	0	RECOG_CR_PRES	9	LABEL	790	-999	P	117
1270826817805	1	RECOG_FEEDBACK	1
1270826818563	0	RECOG_PRES	9	SECRETARY	1265	-999	P	1412
1270826820344	0	RECOG_CR_PRES	9	SECRETARY	1265	-999	P	103
1270826820835	1	RECOG_FEEDBACK	1
1270826821568	0	RECOG_PRES	9	HOME	712	-999	P	1344
1270826823282	0	RECOG_CR_PRES	9	HOME	712	-999	P	85
1270826823765	1	RECOG_FEEDBACK	1
1270826824531	0	RECOG_PRES	9	CAMEL	223	-999	P	841
1270826825771	0	RECOG_CR_PRES	9	CAMEL	223	-999	P	68
1270826826212	1	RECOG_FEEDBACK	1
1270826826994	0	RECOG_PRES	9	COMMUNITY	356	-999	P	950
1270826828318	0	RECOG_CR_PRES	9	COMMUNITY	356	-999	P	105
1270826828793	1	RECOG_FEEDBACK	1
1270826829583	0	RECOG_PRES	9	DRUM	502	-999	P	897
1270826830849	0	RECOG_CR_PRES	9	DRUM	502	-999	P	174
1270826831398	1	RECOG_FEEDBACK	1
1270826832130	0	RECOG_PRES	9	INCENSE	735	-999	P	950
1270826833454	0	RECOG_CR_PRES	9	INCENSE	735	-999	P	193
1270826834028	1	RECOG_FEEDBACK	1
1270826834836	0	RECOG_PRES	9	BARTENDER	92	-999	P	948
1270826836159	0	RECOG_CR_PRES	9	BARTENDER	92	-999	P	144
1270826836675	1	RECOG_FEEDBACK	1
1270826837441	0	RECOG_PRES	9	SURF	1412	-999	P	1063
1270826838872	0	RECOG_CR_PRES	9	SURF	1412	-999	P	87
1270826839330	1	RECOG_FEEDBACK	1
1270826840088	0	RECOG_PRES	9	GROCERY	664	-999	P	992
1270826841453	0	RECOG_CR_PRES	9	GROCERY	664	-999	P	194
1270826842027	1	RECOG_FEEDBACK	1
1270826842826	0	RECOG_PRES	9	CATTLE	261	-999	P	910
1270826844108	0	RECOG_CR_PRES	9	CATTLE	261	-999	P	163
1270826844649	1	RECOG_FEEDBACK	1
1270826845406	0	RECOG_PRES	9	KIWI	781	-999	P	1282
1270826847063	0	RECOG_CR_PRES	9	KIWI	781	-999	P	120
1270826847587	1	RECOG_FEEDBACK	1
1270826848370	0	RECOG_PRES	9	VIOLA	1570	-999	P	958
1270826849701	0	RECOG_CR_PRES	9	VIOLA	1570	-999	P	106
1270826850184	1	RECOG_FEEDBACK	1
1270826850917	0	RECOG_PRES	9	REFRIGERATOR	1179	-999	P	931
1270826852224	0	RECOG_CR_PRES	9	REFRIGERATOR	1179	-999	P	143
1270826852731	1	RECOG_FEEDBACK	1
1270826853972	0	REST
1270826854957	1	REC_START
1270826854987	0	RECOG_PRES	10	WARDROBE	1587	-999	P	1077
1270826856435	0	RECOG_CR_PRES	10	WARDROBE	1587	-999	P	140
1270826856960	1	RECOG_FEEDBACK	1
1270826857742	0	RECOG_PRES	10	SADDLE	1221	-999	P	1162
1270826859274	0	RECOG_CR_PRES	10	SADDLE	1221	-999	P	101
1270826859765	1	RECOG_FEEDBACK	1
1270826860547	0	RECOG_PRES	10	MILDEW	893	-999	P	1021
1270826861937	0	RECOG_CR_PRES	10	MILDEW	893	-999	P	102
1270826862420	1	RECOG_FEEDBACK	1
1270826863227	0	RECOG_PRES	10	ICEBERG	731	-999	P	1045
1270826864642	0	RECOG_CR_PRES	10	ICEBERG	731	-999	P	109
1270826865125	1	RECOG_FEEDBACK	0
1270826865874	0	RECOG_PRES	10	COMET	353	-999	P	1478
1270826867722	0	RECOG_CR_PRES	10	COMET	353	-999	P	101
1270826868222	1	RECOG_FEEDBACK	1
1270826869004	0	RECOG_PRES	10	BOULDER	155	-999	P	1196
1270826870569	0	RECOG_CR_PRES	10	BOULDER	155	-999	P	94
1270826871051	1	RECOG_FEEDBACK	1
1270826871784	0	RECOG_PRES	10	BATH	98	-999	P	928
1270826873082	0	RECOG_CR_PRES	10	BATH	98	-999	P	125
1270826873582	1	RECOG_FEEDBACK	1
1270826874298	0	RECOG_PRES	10	KEYBOARD	774	-999	P	1037
1270826875704	0	RECOG_CR_PRES	10	KEYBOARD	774	-999	P	119
1270826876187	1	RECOG_FEEDBACK	1
1270826877003	0	RECOG_PRES	10	SAGE	1222	-999	P	988
1270826878360	0	RECOG_CR_PRES	10	SAGE	1222	-999	P	143
1270826878876	1	RECOG_FEEDBACK	1
1270826879641	0	RECOG_PRES	10	SUPERVISOR	1410	-999	P	1055
1270826881065	0	RECOG_CR_PRES	10	SUPERVISOR	1410	-999	P	94
1270826881539	1	RECOG_FEEDBACK	1
1270826882322	0	RECOG_PRES	10	EDITOR	516	-999	P	1038
1270826883728	0	RECOG_CR_PRES	10	EDITOR	516	-999	P	135
1270826884236	1	RECOG_FEEDBACK	1
1270826885019	0	RECOG_PRES	10	BELL	118	-999	P	2101
1270826887491	0	RECOG_CR_PRES	10	BELL	118	-999	P	132
1270826888040	1	RECOG_FEEDBACK	1
1270826888764	0	RECOG_PRES	10	VIKING	1565	-999	P	932
1270826890071	0	RECOG_CR_PRES	10	VIKING	1565	-999	P	64
1270826890504	1	RECOG_FEEDBACK	1
1270826891228	0	RECOG_PRES	10	BALLOT	76	-999	P	1108
1270826892709	0	RECOG_CR_PRES	10	BALLOT	76	-999	P	98
1270826893176	1	RECOG_FEEDBACK	1
1270826893975	0	RECOG_PRES	10	ENGINE	535	-999	P	913
1270826895257	0	RECOG_CR_PRES	10	ENGINE	535	-999	P	142
1270826895781	1	RECOG_FEEDBACK	1
1270826896555	0	RECOG_PRES	10	CASH	252	-999	P	1645
1270826898569	0	RECOG_CR_PRES	10	CASH	252	-999	P	110
1270826899077	1	RECOG_FEEDBACK	1
1270826899818	0	RECOG_PRES	10	REFEREE	1178	-999	P	2046
1270826902232	0	RECOG_CR_PRES	10	REFEREE	1178	-999	P	167
1270826902814	1	RECOG_FEEDBACK	1
1270826903563	0	RECOG_PRES	10	DOOR	486	-999	P	1005
1270826904937	0	RECOG_CR_PRES	10	DOOR	486	-999	P	86
1270826905411	1	RECOG_FEEDBACK	1
1270826906177	0	RECOG_PRES	10	GLACIER	638	-999	P	999
1270826907550	0	RECOG_CR_PRES	10	GLACIER	638	-999	P	81
1270826908008	1	RECOG_FEEDBACK	1
1270826908816	0	RECOG_PRES	10	ATTIRE	57	-999	P	1080
1270826910264	0	RECOG_CR_PRES	10	ATTIRE	57	-999	P	119
1270826910763	1	RECOG_FEEDBACK	0
1270826912087	0	REST
1270826913002	1	REC_START
1270826913027	0	RECOG_PRES	11	BUG	187	-999	P	974
1270826914401	0	RECOG_CR_PRES	11	BUG	187	-999	P	46
1270826914800	1	RECOG_FEEDBACK	1
1270826915591	0	RECOG_PRES	11	CHEEK	287	-999	P	1089
1270826917048	0	RECOG_CR_PRES	11	CHEEK	287	-999	P	95
1270826917522	1	RECOG_FEEDBACK	1
1270826918330	0	RECOG_PRES	11	TRAITOR	1495	-999	P	1854
1270826920552	0	RECOG_CR_PRES	11	TRAITOR	1495	-999	P	103
1270826921068	1	RECOG_FEEDBACK	1
1270826921792	0	RECOG_PRES	11	DOUGHNUT	490	-999	P	1016
1270826923182	0	RECOG_CR_PRES	11	DOUGHNUT	490	-999	P	97
1270826923640	1	RECOG_FEEDBACK	1
1270826924422	0	RECOG_PRES	11	STOVE	1388	-999	P	922
1270826925713	0	RECOG_CR_PRES	11	STOVE	1388	-999	P	118
1270826926212	1	RECOG_FEEDBACK	1
1270826926944	0	RECOG_PRES	11	ELECTRON	522	-999	P	1456
1270826928767	0	RECOG_CR_PRES	11	ELECTRON	522	-999	P	129
1270826929383	1	RECOG_FEEDBACK	1
1270826930149	0	RECOG_PRES	11	CONSUMER	365	-999	P	1531
1270826932055	0	RECOG_CR_PRES	11	CONSUMER	365	-999	P	88
1270826932538	1	RECOG_FEEDBACK	1
1270826933254	0	RECOG_PRES	11	KIDNEY	776	-999	P	1018
1270826934644	0	RECOG_CR_PRES	11	KIDNEY	776	-999	P	187
1270826935218	1	RECOG_FEEDBACK	1
1270826935984	0	RECOG_PRES	11	CLAW	319	-999	P	968
1270826937324	0	RECOG_CR_PRES	11	CLAW	319	-999	P	123
1270826937832	1	RECOG_FEEDBACK	1
1270826938639	0	RECOG_PRES	11	EWE	542	-999	P	1537
1270826940545	0	RECOG_CR_PRES	11	EWE	542	-999	P	102
1270826941045	1	RECOG_FEEDBACK	1
1270826941852	0	RECOG_PRES	11	TAPE	1433	-999	P	799
1270826943051	0	RECOG_CR_PRES	11	TAPE	1433	-999	P	60
1270826943483	1	RECOG_FEEDBACK	1
1270826944257	0	RECOG_PRES	11	SPY	1360	-999	P	967
1270826945598	0	RECOG_CR_PRES	11	SPY	1360	-999	P	137
1270826946114	1	RECOG_FEEDBACK	1
1270826946904	0	RECOG_PRES	11	UTENSIL	1542	-999	P	1056
1270826948328	0	RECOG_CR_PRES	11	UTENSIL	1542	-999	P	87
1270826948819	1	RECOG_FEEDBACK	1
1270826949568	0	RECOG_PRES	11	MONGOOSE	909	-999	P	968
1270826950908	0	RECOG_CR_PRES	11	MONGOOSE	909	-999	P	155
1270826951457	1	RECOG_FEEDBACK	1
1270826952265	0	RECOG_PRES	11	ULCER	1533	-999	P	911
1270826953547	0	RECOG_CR_PRES	11	ULCER	1533	-999	P	180
1270826954088	1	RECOG_FEEDBACK	1
1270826954828	0	RECOG_PRES	11	HAYSTACK	694	-999	P	980
1270826956177	0	RECOG_CR_PRES	11	HAYSTACK	694	-999	P	134
1270826956693	1	RECOG_FEEDBACK	1
1270826957484	0	RECOG_PRES	11	OATS	968	-999	P	876
1270826958732	0	RECOG_CR_PRES	11	OATS	968	-999	P	107
1270826959215	1	RECOG_FEEDBACK	1
1270826959964	0	RECOG_PRES	11	CHAIR	274	-999	P	1076
1270826961412	0	RECOG_CR_PRES	11	CHAIR	274	-999	P	99
1270826961912	1	RECOG_FEEDBACK	1
1270826962711	0	RECOG_PRES	11	COMPUTER	359	-999	P	1297
1270826964376	0	RECOG_CR_PRES	11	COMPUTER	359	-999	P	143
1270826964925	1	RECOG_FEEDBACK	1
1270826965691	0	RECOG_PRES	11	COCKTAIL	338	-999	P	1125
1270826967189	0	RECOG_CR_PRES	11	COCKTAIL	338	-999	P	130
1270826967705	1	RECOG_FEEDBACK	1
1270826968542	0	RECOG_END
1270826970469	0	SESS_END
1270826970504	0	E	Logging Ends
