1300886970302	0	B	Logging Begins
1300886970302	0	SESS_START	7
1300887008146	1	FR_PRES	0	COYOTE	396	1	1	1140	(0.42259999999999998, 0.58709999999999996, 0)	../fonts/zerothre.ttf	lower
1300887012053	1	FR_PRES	0	OFFICE	972	1	0	977	(0.42259999999999998, 0.58709999999999996, 0)	../fonts/zerothre.ttf	lower
1300887016227	1	FR_PRES	0	COWARD	394	0	1	1323	(0.57740000000000002, 0.41289999999999999, 1.0)	../fonts/amplitud.ttf	upper
1300887020100	1	FR_PRES	0	IDOL	733	0	1	1282	(0.57740000000000002, 0.41289999999999999, 1.0)	../fonts/amplitud.ttf	upper
1300887024141	1	FR_PRES	0	DICTATOR	462	0	1	1354	(0.57740000000000002, 0.41289999999999999, 1.0)	../fonts/amplitud.ttf	upper
1300887028007	1	FR_PRES	0	WASHER	1592	0	1	1328	(0.57740000000000002, 0.41289999999999999, 1.0)	../fonts/amplitud.ttf	upper
1300887031871	1	FR_PRES	0	CAGE	218	1	0	1145	(0.42259999999999998, 0.58709999999999996, 0)	../fonts/zerothre.ttf	lower
1300887035945	1	FR_PRES	0	BEAST	108	1	1	1342	(0.42259999999999998, 0.58709999999999996, 0)	../fonts/zerothre.ttf	lower
1300887040003	1	FR_PRES	0	NOVEL	960	1	0	1005	(0.42259999999999998, 0.58709999999999996, 0)	../fonts/zerothre.ttf	lower
1300887043917	1	FR_PRES	0	HAM	678	1	0	1346	(0.42259999999999998, 0.58709999999999996, 0)	../fonts/zerothre.ttf	lower
1300887048099	1	FR_PRES	0	KING	777	0	1	1180	(0.57740000000000002, 0.41289999999999999, 1.0)	../fonts/amplitud.ttf	upper
1300887052239	1	FR_PRES	0	AUTHOR	61	0	1	903	(0.57740000000000002, 0.41289999999999999, 1.0)	../fonts/amplitud.ttf	upper
1300887056154	1	FR_PRES	0	CAVITY	264	0	0	1580	(0.57740000000000002, 0.41289999999999999, 1.0)	../fonts/amplitud.ttf	upper
1300887060228	1	FR_PRES	0	RIB	1188	0	0	1362	(0.57740000000000002, 0.41289999999999999, 1.0)	../fonts/amplitud.ttf	upper
1300887064235	1	FR_PRES	0	DESSERT	453	1	0	1612	(0.42259999999999998, 0.58709999999999996, 0)	../fonts/zerothre.ttf	lower
1300887068075	1	FR_PRES	0	PUDDING	1139	1	0	1187	(0.42259999999999998, 0.58709999999999996, 0)	../fonts/zerothre.ttf	lower
1300887074140	1	REC_START
1300887152620	0	REST
1300887154128	1	FR_PRES	1	EWE	542	0	1	1343	(0.57740000000000002, 0.41289999999999999, 1.0)	../fonts/amplitud.ttf	upper
1300887158252	1	FR_PRES	1	BADGE	68	0	0	1282	(0.57740000000000002, 0.41289999999999999, 1.0)	../fonts/amplitud.ttf	upper
1300887162417	1	FR_PRES	1	SKUNK	1321	0	0	1285	(0.57740000000000002, 0.41289999999999999, 1.0)	../fonts/amplitud.ttf	upper
1300887166390	1	FR_PRES	1	FOLDER	588	1	0	992	(0.42259999999999998, 0.58709999999999996, 0)	../fonts/zerothre.ttf	lower
1300887170464	1	FR_PRES	1	STAPLE	1371	1	0	879	(0.42259999999999998, 0.58709999999999996, 0)	../fonts/zerothre.ttf	lower
1300887174279	1	FR_PRES	1	SPY	1360	1	1	919	(0.42259999999999998, 0.58709999999999996, 0)	../fonts/zerothre.ttf	lower
1300887178469	1	FR_PRES	1	OWNER	993	1	1	1362	(0.42259999999999998, 0.58709999999999996, 0)	../fonts/zerothre.ttf	lower
1300887182526	1	FR_PRES	1	FRAGRANCE	599	0	0	1528	(0.57740000000000002, 0.41289999999999999, 1.0)	../fonts/amplitud.ttf	upper
1300887186350	1	FR_PRES	1	RACCOON	1153	0	1	2000	(0.57740000000000002, 0.41289999999999999, 1.0)	../fonts/amplitud.ttf	upper
1300887190224	1	FR_PRES	1	DINOSAUR	469	0	1	1159	(0.57740000000000002, 0.41289999999999999, 1.0)	../fonts/amplitud.ttf	upper
1300887194289	1	FR_PRES	1	PARTNER	1017	1	1	1654	(0.42259999999999998, 0.58709999999999996, 0)	../fonts/zerothre.ttf	lower
1300887198379	1	FR_PRES	1	CITRUS	313	1	1	2259	(0.42259999999999998, 0.58709999999999996, 0)	../fonts/zerothre.ttf	lower
1300887202586	1	FR_PRES	1	MILDEW	893	1	1	1164	(0.42259999999999998, 0.58709999999999996, 0)	../fonts/zerothre.ttf	lower
1300887206593	1	FR_PRES	1	GROUND	666	1	0	1165	(0.42259999999999998, 0.58709999999999996, 0)	../fonts/zerothre.ttf	lower
1300887210517	1	FR_PRES	1	LINT	826	0	0	1186	(0.57740000000000002, 0.41289999999999999, 1.0)	../fonts/amplitud.ttf	upper
1300887214640	1	FR_PRES	1	DRESSER	496	0	1	1348	(0.57740000000000002, 0.41289999999999999, 1.0)	../fonts/amplitud.ttf	upper
1300887220297	1	REC_START
1300887297503	0	REST
1300887299011	1	FR_PRES	2	BOAT	144	1	0	956	(0.42259999999999998, 0.58709999999999996, 0)	../fonts/zerothre.ttf	lower
1300887303192	1	FR_PRES	2	BLENDER	136	1	0	1238	(0.42259999999999998, 0.58709999999999996, 0)	../fonts/zerothre.ttf	lower
1300887307366	1	FR_PRES	2	NEEDLE	941	1	0	1945	(0.42259999999999998, 0.58709999999999996, 0)	../fonts/zerothre.ttf	lower
1300887311189	1	FR_PRES	2	ANCHOR	21	1	0	1049	(0.42259999999999998, 0.58709999999999996, 0)	../fonts/zerothre.ttf	lower
1300887315363	1	FR_PRES	2	BUILDING	191	1	0	1068	(0.42259999999999998, 0.58709999999999996, 0)	../fonts/zerothre.ttf	lower
1300887319370	1	FR_PRES	2	HUMAN	726	1	1	638	(0.42259999999999998, 0.58709999999999996, 0)	../fonts/zerothre.ttf	lower
1300887323318	1	FR_PRES	2	ORCHESTRA	981	1	1	1801	(0.42259999999999998, 0.58709999999999996, 0)	../fonts/zerothre.ttf	lower
1300887327517	1	FR_PRES	2	CELLO	268	1	0	810	(0.42259999999999998, 0.58709999999999996, 0)	../fonts/zerothre.ttf	lower
1300887331399	1	FR_PRES	2	MICROWAVE	892	1	0	927	(0.42259999999999998, 0.58709999999999996, 0)	../fonts/zerothre.ttf	lower
1300887335564	1	FR_PRES	2	FACTORY	548	1	0	1235	(0.42259999999999998, 0.58709999999999996, 0)	../fonts/zerothre.ttf	lower
1300887339521	1	FR_PRES	2	RABBIT	1152	1	1	982	(0.42259999999999998, 0.58709999999999996, 0)	../fonts/zerothre.ttf	lower
1300887343453	1	FR_PRES	2	TORTOISE	1486	1	1	1066	(0.42259999999999998, 0.58709999999999996, 0)	../fonts/zerothre.ttf	lower
1300887347493	1	FR_PRES	2	SOAP	1337	1	0	714	(0.42259999999999998, 0.58709999999999996, 0)	../fonts/zerothre.ttf	lower
1300887351400	1	FR_PRES	2	TAPIOCA	1434	1	0	1198	(0.42259999999999998, 0.58709999999999996, 0)	../fonts/zerothre.ttf	lower
1300887355565	1	FR_PRES	2	MANAGER	863	1	1	658	(0.42259999999999998, 0.58709999999999996, 0)	../fonts/zerothre.ttf	lower
1300887359456	1	FR_PRES	2	CUSTOMER	430	1	1	911	(0.42259999999999998, 0.58709999999999996, 0)	../fonts/zerothre.ttf	lower
1300887365329	1	REC_START
1300887442718	0	REST
1300887444226	1	FR_PRES	3	LOG	841	1	0	1221	(0.42259999999999998, 0.58709999999999996, 0)	../fonts/zerothre.ttf	lower
1300887448249	1	FR_PRES	3	MINER	896	1	1	926	(0.42259999999999998, 0.58709999999999996, 0)	../fonts/zerothre.ttf	lower
1300887452123	1	FR_PRES	3	CYCLONE	431	1	0	885	(0.42259999999999998, 0.58709999999999996, 0)	../fonts/zerothre.ttf	lower
1300887456205	1	FR_PRES	3	LAWYER	806	1	1	698	(0.42259999999999998, 0.58709999999999996, 0)	../fonts/zerothre.ttf	lower
1300887460220	1	FR_PRES	3	SUBMARINE	1398	1	0	675	(0.42259999999999998, 0.58709999999999996, 0)	../fonts/zerothre.ttf	lower
1300887464377	1	FR_PRES	3	SHERIFF	1284	1	1	854	(0.42259999999999998, 0.58709999999999996, 0)	../fonts/zerothre.ttf	lower
1300887468334	1	FR_PRES	3	AGENT	10	1	1	856	(0.42259999999999998, 0.58709999999999996, 0)	../fonts/zerothre.ttf	lower
1300887472307	1	FR_PRES	3	FEAST	556	1	0	748	(0.42259999999999998, 0.58709999999999996, 0)	../fonts/zerothre.ttf	lower
1300887476364	1	FR_PRES	3	JUDGE	761	1	1	707	(0.42259999999999998, 0.58709999999999996, 0)	../fonts/zerothre.ttf	lower
1300887480255	1	FR_PRES	3	BATHTUB	100	1	0	840	(0.42259999999999998, 0.58709999999999996, 0)	../fonts/zerothre.ttf	lower
1300887484212	1	FR_PRES	3	BARLEY	88	1	0	891	(0.42259999999999998, 0.58709999999999996, 0)	../fonts/zerothre.ttf	lower
1300887488043	1	FR_PRES	3	POCKET	1093	1	0	996	(0.42259999999999998, 0.58709999999999996, 0)	../fonts/zerothre.ttf	lower
1300887492150	1	FR_PRES	3	SERPENT	1270	1	1	1161	(0.42259999999999998, 0.58709999999999996, 0)	../fonts/zerothre.ttf	lower
1300887496082	1	FR_PRES	3	MONARCH	906	1	1	813	(0.42259999999999998, 0.58709999999999996, 0)	../fonts/zerothre.ttf	lower
1300887499898	1	FR_PRES	3	PALACE	1006	1	0	917	(0.42259999999999998, 0.58709999999999996, 0)	../fonts/zerothre.ttf	lower
1300887503713	1	FR_PRES	3	BOSS	152	1	1	718	(0.42259999999999998, 0.58709999999999996, 0)	../fonts/zerothre.ttf	lower
1300887509620	1	REC_START
1300887586759	0	REST
1300887588266	1	FR_PRES	4	JEWEL	757	-1	-1	-1300887588266	white	../fonts/Verdana.ttf	upper
1300887592357	1	FR_PRES	4	BEAD	103	-1	-1	-1300887592357	white	../fonts/Verdana.ttf	upper
1300887596230	1	FR_PRES	4	MAP	865	-1	-1	-1300887596230	white	../fonts/Verdana.ttf	upper
1300887600246	1	FR_PRES	4	HOSTESS	723	-1	-1	-1300887600246	white	../fonts/Verdana.ttf	upper
1300887604227	1	FR_PRES	4	PAINTING	1005	-1	-1	-1300887604227	white	../fonts/Verdana.ttf	upper
1300887608234	1	FR_PRES	4	HIGHWAY	707	-1	-1	-1300887608234	white	../fonts/Verdana.ttf	upper
1300887612408	1	FR_PRES	4	OREGANO	983	-1	-1	-1300887612408	white	../fonts/Verdana.ttf	upper
1300887616473	1	FR_PRES	4	SAUSAGE	1238	-1	-1	-1300887616473	white	../fonts/Verdana.ttf	upper
1300887620622	1	FR_PRES	4	PARSLEY	1016	-1	-1	-1300887620622	white	../fonts/Verdana.ttf	upper
1300887624595	1	FR_PRES	4	PIN	1072	-1	-1	-1300887624595	white	../fonts/Verdana.ttf	upper
1300887628719	1	FR_PRES	4	DASHBOARD	441	-1	-1	-1300887628719	white	../fonts/Verdana.ttf	upper
1300887632701	1	FR_PRES	4	PHILOSOPHER	1054	-1	-1	-1300887632701	white	../fonts/Verdana.ttf	upper
1300887636708	1	FR_PRES	4	BANQUET	86	-1	-1	-1300887636708	white	../fonts/Verdana.ttf	upper
1300887640915	1	FR_PRES	4	PAINT	1003	-1	-1	-1300887640915	white	../fonts/Verdana.ttf	upper
1300887644955	1	FR_PRES	4	DOORBELL	487	-1	-1	-1300887644955	white	../fonts/Verdana.ttf	upper
1300887648803	1	FR_PRES	4	SAPPHIRE	1234	-1	-1	-1300887648803	white	../fonts/Verdana.ttf	upper
1300887654735	1	REC_START
1300887733016	0	REST
1300887734523	1	FR_PRES	5	SHIRT	1287	-1	-1	-1300887734523	white	../fonts/Verdana.ttf	upper
1300887738572	1	FR_PRES	5	HANGER	687	-1	-1	-1300887738572	white	../fonts/Verdana.ttf	upper
1300887742545	1	FR_PRES	5	TOAD	1470	-1	-1	-1300887742545	white	../fonts/Verdana.ttf	upper
1300887746711	1	FR_PRES	5	ROBE	1198	-1	-1	-1300887746711	white	../fonts/Verdana.ttf	upper
1300887750726	1	FR_PRES	5	KETTLE	772	-1	-1	-1300887750726	white	../fonts/Verdana.ttf	upper
1300887754799	1	FR_PRES	5	SKILLET	1317	-1	-1	-1300887754799	white	../fonts/Verdana.ttf	upper
1300887758648	1	FR_PRES	5	UMBRELLA	1534	-1	-1	-1300887758648	white	../fonts/Verdana.ttf	upper
1300887762847	1	FR_PRES	5	STUMP	1396	-1	-1	-1300887762847	white	../fonts/Verdana.ttf	upper
1300887766670	1	FR_PRES	5	LUMBER	848	-1	-1	-1300887766670	white	../fonts/Verdana.ttf	upper
1300887770519	1	FR_PRES	5	HAIL	676	-1	-1	-1300887770519	white	../fonts/Verdana.ttf	upper
1300887774617	1	FR_PRES	5	CANOE	233	-1	-1	-1300887774617	white	../fonts/Verdana.ttf	upper
1300887778574	1	FR_PRES	5	PIT	1077	-1	-1	-1300887778574	white	../fonts/Verdana.ttf	upper
1300887782423	1	FR_PRES	5	TREE	1502	-1	-1	-1300887782423	white	../fonts/Verdana.ttf	upper
1300887786322	1	FR_PRES	5	PATROL	1027	-1	-1	-1300887786322	white	../fonts/Verdana.ttf	upper
1300887790495	1	FR_PRES	5	COP	376	-1	-1	-1300887790495	white	../fonts/Verdana.ttf	upper
1300887794535	1	FR_PRES	5	CHIEF	298	-1	-1	-1300887794535	white	../fonts/Verdana.ttf	upper
1300887800226	1	REC_START
1300887877739	0	REST
1300887879247	1	FR_PRES	6	FOOTBALL	591	0	0	1208	(0.57740000000000002, 0.41289999999999999, 1.0)	../fonts/amplitud.ttf	upper
1300887883337	1	FR_PRES	6	TUNA	1518	0	1	1374	(0.57740000000000002, 0.41289999999999999, 1.0)	../fonts/amplitud.ttf	upper
1300887887452	1	FR_PRES	6	SPRINKLE	1359	0	0	1035	(0.57740000000000002, 0.41289999999999999, 1.0)	../fonts/amplitud.ttf	upper
1300887891459	1	FR_PRES	6	GIRAFFE	636	0	1	1012	(0.57740000000000002, 0.41289999999999999, 1.0)	../fonts/amplitud.ttf	upper
1300887895366	1	FR_PRES	6	SEAL	1262	0	1	1065	(0.57740000000000002, 0.41289999999999999, 1.0)	../fonts/amplitud.ttf	upper
1300887899248	1	FR_PRES	6	OTTER	986	0	1	1623	(0.57740000000000002, 0.41289999999999999, 1.0)	../fonts/amplitud.ttf	upper
1300887903355	1	FR_PRES	6	FIELD	562	0	1	1132	(0.57740000000000002, 0.41289999999999999, 1.0)	../fonts/amplitud.ttf	upper
1300887907279	1	FR_PRES	6	BATH	98	0	1	1408	(0.57740000000000002, 0.41289999999999999, 1.0)	../fonts/amplitud.ttf	upper
1300887911377	1	FR_PRES	6	BUTTON	207	0	0	790	(0.57740000000000002, 0.41289999999999999, 1.0)	../fonts/amplitud.ttf	upper
1300887915393	1	FR_PRES	6	BUFFALO	186	0	1	830	(0.57740000000000002, 0.41289999999999999, 1.0)	../fonts/amplitud.ttf	upper
1300887919333	1	FR_PRES	6	PIGEON	1065	0	1	1034	(0.57740000000000002, 0.41289999999999999, 1.0)	../fonts/amplitud.ttf	upper
1300887923481	1	FR_PRES	6	ROBIN	1199	0	0	1518	(0.57740000000000002, 0.41289999999999999, 1.0)	../fonts/amplitud.ttf	upper
1300887927688	1	FR_PRES	6	PLUTO	1092	0	1	1447	(0.57740000000000002, 0.41289999999999999, 1.0)	../fonts/amplitud.ttf	upper
1300887931504	1	FR_PRES	6	HARP	689	0	1	1103	(0.57740000000000002, 0.41289999999999999, 1.0)	../fonts/amplitud.ttf	upper
1300887935619	1	FR_PRES	6	PAW	1029	0	0	1604	(0.57740000000000002, 0.41289999999999999, 1.0)	../fonts/amplitud.ttf	upper
1300887939509	1	FR_PRES	6	PORCUPINE	1107	0	0	1378	(0.57740000000000002, 0.41289999999999999, 1.0)	../fonts/amplitud.ttf	upper
1300887945449	1	REC_START
1300888022963	0	REST
1300888024471	1	FR_PRES	7	WALRUS	1585	1	1	992	(0.42259999999999998, 0.58709999999999996, 0)	../fonts/zerothre.ttf	lower
1300888028644	1	FR_PRES	7	SEA	1259	1	0	963	(0.42259999999999998, 0.58709999999999996, 0)	../fonts/zerothre.ttf	lower
1300888032618	1	FR_PRES	7	LOBSTER	837	1	1	1398	(0.42259999999999998, 0.58709999999999996, 0)	../fonts/zerothre.ttf	lower
1300888036808	1	FR_PRES	7	DENIM	446	1	0	735	(0.42259999999999998, 0.58709999999999996, 0)	../fonts/zerothre.ttf	lower
1300888040657	1	FR_PRES	7	FOREHEAD	592	1	1	1166	(0.42259999999999998, 0.58709999999999996, 0)	../fonts/zerothre.ttf	lower
1300888044564	1	FR_PRES	7	CHAMPAGNE	278	0	0	1523	(0.57740000000000002, 0.41289999999999999, 1.0)	../fonts/amplitud.ttf	upper
1300888048379	1	FR_PRES	7	COCKTAIL	338	0	0	1637	(0.57740000000000002, 0.41289999999999999, 1.0)	../fonts/amplitud.ttf	upper
1300888052294	1	FR_PRES	7	COMB	351	0	0	1049	(0.57740000000000002, 0.41289999999999999, 1.0)	../fonts/amplitud.ttf	upper
1300888056193	1	FR_PRES	7	RUBY	1214	0	0	1182	(0.57740000000000002, 0.41289999999999999, 1.0)	../fonts/amplitud.ttf	upper
1300888060050	1	FR_PRES	7	TICKET	1464	1	0	1509	(0.42259999999999998, 0.58709999999999996, 0)	../fonts/zerothre.ttf	lower
1300888064123	1	FR_PRES	7	CARDINAL	244	1	1	893	(0.42259999999999998, 0.58709999999999996, 0)	../fonts/zerothre.ttf	lower
1300888068097	1	FR_PRES	7	CLOSET	326	1	0	1190	(0.42259999999999998, 0.58709999999999996, 0)	../fonts/zerothre.ttf	lower
1300888071946	1	FR_PRES	7	MOON	914	0	1	1605	(0.57740000000000002, 0.41289999999999999, 1.0)	../fonts/amplitud.ttf	upper
1300888076144	1	FR_PRES	7	SEAGULL	1261	0	0	1639	(0.57740000000000002, 0.41289999999999999, 1.0)	../fonts/amplitud.ttf	upper
1300888080026	1	FR_PRES	7	BOWL	158	0	0	1829	(0.57740000000000002, 0.41289999999999999, 1.0)	../fonts/amplitud.ttf	upper
1300888083991	1	FR_PRES	7	STRAW	1390	0	0	1072	(0.57740000000000002, 0.41289999999999999, 1.0)	../fonts/amplitud.ttf	upper
1300888089690	1	REC_START
1300888167137	0	REST
1300888168645	1	FR_PRES	8	PRAIRIE	1118	-1	-1	-1300888168645	white	../fonts/Verdana.ttf	upper
1300888172702	1	FR_PRES	8	RAKE	1164	-1	-1	-1300888172702	white	../fonts/Verdana.ttf	upper
1300888176642	1	FR_PRES	8	PORK	1108	-1	-1	-1300888176642	white	../fonts/Verdana.ttf	upper
1300888180482	1	FR_PRES	8	DOUGHNUT	490	-1	-1	-1300888180482	white	../fonts/Verdana.ttf	upper
1300888184689	1	FR_PRES	8	GARAGE	621	-1	-1	-1300888184689	white	../fonts/Verdana.ttf	upper
1300888188596	1	FR_PRES	8	FLAG	573	-1	-1	-1300888188596	white	../fonts/Verdana.ttf	upper
1300888192595	1	FR_PRES	8	SINK	1309	-1	-1	-1300888192595	white	../fonts/Verdana.ttf	upper
1300888196468	1	FR_PRES	8	SHOULDER	1294	-1	-1	-1300888196468	white	../fonts/Verdana.ttf	upper
1300888200609	1	FR_PRES	8	HATCHET	691	-1	-1	-1300888200609	white	../fonts/Verdana.ttf	upper
1300888204424	1	FR_PRES	8	SCISSORS	1250	-1	-1	-1300888204424	white	../fonts/Verdana.ttf	upper
1300888208331	1	FR_PRES	8	ORGAN	984	-1	-1	-1300888208331	white	../fonts/Verdana.ttf	upper
1300888212171	1	FR_PRES	8	TERRITORY	1452	-1	-1	-1300888212171	white	../fonts/Verdana.ttf	upper
1300888215995	1	FR_PRES	8	STY	1397	-1	-1	-1300888215995	white	../fonts/Verdana.ttf	upper
1300888219993	1	FR_PRES	8	HEART	697	-1	-1	-1300888219993	white	../fonts/Verdana.ttf	upper
1300888223842	1	FR_PRES	8	DINNER	468	-1	-1	-1300888223842	white	../fonts/Verdana.ttf	upper
1300888228017	1	FR_PRES	8	COOKBOOK	373	-1	-1	-1300888228017	white	../fonts/Verdana.ttf	upper
1300888234064	1	REC_START
1300888311953	0	REST
1300888313460	1	FR_PRES	9	RAT	1169	0	0	1603	(0.57740000000000002, 0.41289999999999999, 1.0)	../fonts/amplitud.ttf	upper
1300888317601	1	FR_PRES	9	RODENT	1204	0	0	1366	(0.57740000000000002, 0.41289999999999999, 1.0)	../fonts/amplitud.ttf	upper
1300888321633	1	FR_PRES	9	LAUNDRY	803	0	1	1102	(0.57740000000000002, 0.41289999999999999, 1.0)	../fonts/amplitud.ttf	upper
1300888325614	1	FR_PRES	9	SCULPTURE	1258	0	1	833	(0.57740000000000002, 0.41289999999999999, 1.0)	../fonts/amplitud.ttf	upper
1300888329580	1	FR_PRES	9	SALOON	1228	1	0	1187	(0.42259999999999998, 0.58709999999999996, 0)	../fonts/zerothre.ttf	lower
1300888333695	1	FR_PRES	9	BRUNETTE	181	1	1	888	(0.42259999999999998, 0.58709999999999996, 0)	../fonts/zerothre.ttf	lower
1300888337827	1	FR_PRES	9	UNDERWEAR	1537	0	0	1260	(0.57740000000000002, 0.41289999999999999, 1.0)	../fonts/amplitud.ttf	upper
1300888341834	1	FR_PRES	9	LIBRARY	816	0	1	1933	(0.57740000000000002, 0.41289999999999999, 1.0)	../fonts/amplitud.ttf	upper
1300888345849	1	FR_PRES	9	CROCODILE	411	0	1	838	(0.57740000000000002, 0.41289999999999999, 1.0)	../fonts/amplitud.ttf	upper
1300888350015	1	FR_PRES	9	BREAST	171	0	0	1944	(0.57740000000000002, 0.41289999999999999, 1.0)	../fonts/amplitud.ttf	upper
1300888354146	1	FR_PRES	9	KEYBOARD	774	1	0	1157	(0.42259999999999998, 0.58709999999999996, 0)	../fonts/zerothre.ttf	lower
1300888358303	1	FR_PRES	9	KNUCKLE	789	1	1	920	(0.42259999999999998, 0.58709999999999996, 0)	../fonts/zerothre.ttf	lower
1300888362152	1	FR_PRES	9	ANIMAL	23	1	1	751	(0.42259999999999998, 0.58709999999999996, 0)	../fonts/zerothre.ttf	lower
1300888366134	1	FR_PRES	9	DISC	473	1	0	697	(0.42259999999999998, 0.58709999999999996, 0)	../fonts/zerothre.ttf	lower
1300888370107	1	FR_PRES	9	SHRINE	1298	1	0	1076	(0.42259999999999998, 0.58709999999999996, 0)	../fonts/zerothre.ttf	lower
1300888373964	1	FR_PRES	9	CONVENT	370	1	0	1475	(0.42259999999999998, 0.58709999999999996, 0)	../fonts/zerothre.ttf	lower
1300888379888	1	REC_START
1300888457151	0	REST
1300888458659	1	FR_PRES	10	BLUEBERRY	140	-1	-1	-1300888458659	white	../fonts/Verdana.ttf	upper
1300888462666	1	FR_PRES	10	PELT	1040	-1	-1	-1300888462666	white	../fonts/Verdana.ttf	upper
1300888466698	1	FR_PRES	10	UMPIRE	1535	-1	-1	-1300888466698	white	../fonts/Verdana.ttf	upper
1300888470738	1	FR_PRES	10	SANDWICH	1232	-1	-1	-1300888470738	white	../fonts/Verdana.ttf	upper
1300888474820	1	FR_PRES	10	REFRIGERATOR	1179	-1	-1	-1300888474820	white	../fonts/Verdana.ttf	upper
1300888478694	1	FR_PRES	10	KEG	770	-1	-1	-1300888478694	white	../fonts/Verdana.ttf	upper
1300888482709	1	FR_PRES	10	GROCERY	664	-1	-1	-1300888482709	white	../fonts/Verdana.ttf	upper
1300888486683	1	FR_PRES	10	FOLLOWER	589	-1	-1	-1300888486683	white	../fonts/Verdana.ttf	upper
1300888490648	1	FR_PRES	10	LEADER	807	-1	-1	-1300888490648	white	../fonts/Verdana.ttf	upper
1300888494705	1	FR_PRES	10	PAD	998	-1	-1	-1300888494705	white	../fonts/Verdana.ttf	upper
1300888498778	1	FR_PRES	10	QUAIL	1147	-1	-1	-1300888498778	white	../fonts/Verdana.ttf	upper
1300888502952	1	FR_PRES	10	SUGAR	1401	-1	-1	-1300888502952	white	../fonts/Verdana.ttf	upper
1300888506900	1	FR_PRES	10	VIOLIN	1571	-1	-1	-1300888506900	white	../fonts/Verdana.ttf	upper
1300888511049	1	FR_PRES	10	BOTTLE	153	-1	-1	-1300888511049	white	../fonts/Verdana.ttf	upper
1300888514989	1	FR_PRES	10	DOVE	491	-1	-1	-1300888514989	white	../fonts/Verdana.ttf	upper
1300888519071	1	FR_PRES	10	PILLOW	1069	-1	-1	-1300888519071	white	../fonts/Verdana.ttf	upper
1300888524945	1	REC_START
1300888602234	0	REST
1300888603741	1	FR_PRES	11	GLOVE	642	1	0	938	(0.42259999999999998, 0.58709999999999996, 0)	../fonts/zerothre.ttf	lower
1300888607856	1	FR_PRES	11	QUARTER	1148	1	0	855	(0.42259999999999998, 0.58709999999999996, 0)	../fonts/zerothre.ttf	lower
1300888612022	1	FR_PRES	11	CREVICE	405	0	0	1425	(0.57740000000000002, 0.41289999999999999, 1.0)	../fonts/amplitud.ttf	upper
1300888615845	1	FR_PRES	11	TAR	1435	0	0	1322	(0.57740000000000002, 0.41289999999999999, 1.0)	../fonts/amplitud.ttf	upper
1300888619711	1	FR_PRES	11	TOENAIL	1474	0	0	760	(0.57740000000000002, 0.41289999999999999, 1.0)	../fonts/amplitud.ttf	upper
1300888623584	1	FR_PRES	11	SHOE	1288	0	0	1151	(0.57740000000000002, 0.41289999999999999, 1.0)	../fonts/amplitud.ttf	upper
1300888627558	1	FR_PRES	11	VACUUM	1543	0	1	721	(0.57740000000000002, 0.41289999999999999, 1.0)	../fonts/amplitud.ttf	upper
1300888631590	1	FR_PRES	11	STAFF	1365	1	1	1081	(0.42259999999999998, 0.58709999999999996, 0)	../fonts/zerothre.ttf	lower
1300888635738	1	FR_PRES	11	PEOPLE	1046	1	1	885	(0.42259999999999998, 0.58709999999999996, 0)	../fonts/zerothre.ttf	lower
1300888639687	1	FR_PRES	11	GOOSE	649	1	1	1040	(0.42259999999999998, 0.58709999999999996, 0)	../fonts/zerothre.ttf	lower
1300888643586	1	FR_PRES	11	ASSOCIATE	49	1	1	637	(0.42259999999999998, 0.58709999999999996, 0)	../fonts/zerothre.ttf	lower
1300888647476	1	FR_PRES	11	FLEA	577	0	0	1299	(0.57740000000000002, 0.41289999999999999, 1.0)	../fonts/amplitud.ttf	upper
1300888651624	1	FR_PRES	11	NICKEL	950	0	2	1079	(0.57740000000000002, 0.41289999999999999, 1.0)	../fonts/amplitud.ttf	upper
1300888652732	1	KEY_MSG
1300888655556	1	FR_PRES	11	LOOP	844	0	0	1667	(0.57740000000000002, 0.41289999999999999, 1.0)	../fonts/amplitud.ttf	upper
1300888659630	1	FR_PRES	11	ANT	25	1	1	1905	(0.42259999999999998, 0.58709999999999996, 0)	../fonts/zerothre.ttf	lower
1300888663487	1	FR_PRES	11	WASHCLOTH	1591	1	0	1392	(0.42259999999999998, 0.58709999999999996, 0)	../fonts/zerothre.ttf	lower
1300888669152	1	REC_START
1300888744750	1	REST_REWET
1300889356651	0	REST
1300889358158	1	FR_PRES	12	LACE	792	0	0	1225	(0.57740000000000002, 0.41289999999999999, 1.0)	../fonts/amplitud.ttf	upper
1300889362340	1	FR_PRES	12	SERVER	1272	0	1	843	(0.57740000000000002, 0.41289999999999999, 1.0)	../fonts/amplitud.ttf	upper
1300889366497	1	FR_PRES	12	CUB	419	0	1	1382	(0.57740000000000002, 0.41289999999999999, 1.0)	../fonts/amplitud.ttf	upper
1300889370562	1	FR_PRES	12	ONION	977	0	0	965	(0.57740000000000002, 0.41289999999999999, 1.0)	../fonts/amplitud.ttf	upper
1300889374494	1	FR_PRES	12	COB	334	0	1	1385	(0.57740000000000002, 0.41289999999999999, 1.0)	../fonts/amplitud.ttf	upper
1300889378318	1	FR_PRES	12	WAGON	1578	0	1	729	(0.57740000000000002, 0.41289999999999999, 1.0)	../fonts/amplitud.ttf	upper
1300889382483	1	FR_PRES	12	PICK	1058	0	0	1332	(0.57740000000000002, 0.41289999999999999, 1.0)	../fonts/amplitud.ttf	upper
1300889386415	1	FR_PRES	12	PADDING	999	0	1	1280	(0.57740000000000002, 0.41289999999999999, 1.0)	../fonts/amplitud.ttf	upper
1300889390305	1	FR_PRES	12	GRIZZLY	662	0	1	1134	(0.57740000000000002, 0.41289999999999999, 1.0)	../fonts/amplitud.ttf	upper
1300889394162	1	FR_PRES	12	DUNE	506	0	1	1357	(0.57740000000000002, 0.41289999999999999, 1.0)	../fonts/amplitud.ttf	upper
1300889397978	1	FR_PRES	12	CORAL	378	0	1	885	(0.57740000000000002, 0.41289999999999999, 1.0)	../fonts/amplitud.ttf	upper
1300889402185	1	FR_PRES	12	PHOTO	1055	0	0	950	(0.57740000000000002, 0.41289999999999999, 1.0)	../fonts/amplitud.ttf	upper
1300889406141	1	FR_PRES	12	SCRIBBLE	1256	0	0	1130	(0.57740000000000002, 0.41289999999999999, 1.0)	../fonts/amplitud.ttf	upper
1300889410198	1	FR_PRES	12	BLOUSE	139	0	0	1953	(0.57740000000000002, 0.41289999999999999, 1.0)	../fonts/amplitud.ttf	upper
1300889414305	1	FR_PRES	12	FLANNEL	574	0	0	1350	(0.57740000000000002, 0.41289999999999999, 1.0)	../fonts/amplitud.ttf	upper
1300889418212	1	FR_PRES	12	RADISH	1158	0	0	835	(0.57740000000000002, 0.41289999999999999, 1.0)	../fonts/amplitud.ttf	upper
1300889424327	1	REC_START
1300889501258	0	REST
1300889502766	1	FR_PRES	13	TURNIP	1521	0	0	1425	(0.57740000000000002, 0.41289999999999999, 1.0)	../fonts/amplitud.ttf	upper
1300889506814	1	FR_PRES	13	WARRIOR	1589	0	1	1001	(0.57740000000000002, 0.41289999999999999, 1.0)	../fonts/amplitud.ttf	upper
1300889510646	1	FR_PRES	13	VISITOR	1573	0	1	905	(0.57740000000000002, 0.41289999999999999, 1.0)	../fonts/amplitud.ttf	upper
1300889514528	1	FR_PRES	13	KNIFE	785	0	0	1247	(0.57740000000000002, 0.41289999999999999, 1.0)	../fonts/amplitud.ttf	upper
1300889518452	1	FR_PRES	13	SURGEON	1413	1	1	1443	(0.42259999999999998, 0.58709999999999996, 0)	../fonts/zerothre.ttf	lower
1300889522617	1	FR_PRES	13	SNOB	1335	1	1	878	(0.42259999999999998, 0.58709999999999996, 0)	../fonts/zerothre.ttf	lower
1300889526482	1	FR_PRES	13	ERASER	538	0	0	1613	(0.57740000000000002, 0.41289999999999999, 1.0)	../fonts/amplitud.ttf	upper
1300889530439	1	FR_PRES	13	NOMAD	955	0	1	1072	(0.57740000000000002, 0.41289999999999999, 1.0)	../fonts/amplitud.ttf	upper
1300889534446	1	FR_PRES	13	COMPANION	357	1	1	1361	(0.42259999999999998, 0.58709999999999996, 0)	../fonts/zerothre.ttf	lower
1300889538411	1	FR_PRES	13	FELLOW	558	1	1	684	(0.42259999999999998, 0.58709999999999996, 0)	../fonts/zerothre.ttf	lower
1300889542401	1	FR_PRES	13	PARCEL	1012	1	0	750	(0.42259999999999998, 0.58709999999999996, 0)	../fonts/zerothre.ttf	lower
1300889546558	1	FR_PRES	13	TULIP	1517	1	1	1689	(0.42259999999999998, 0.58709999999999996, 0)	../fonts/zerothre.ttf	lower
1300889550565	1	FR_PRES	13	WAX	1597	1	0	898	(0.42259999999999998, 0.58709999999999996, 0)	../fonts/zerothre.ttf	lower
1300889554664	1	FR_PRES	13	POLYESTER	1100	1	0	1223	(0.42259999999999998, 0.58709999999999996, 0)	../fonts/zerothre.ttf	lower
1300889558821	1	FR_PRES	13	DRESS	495	0	1	1322	(0.57740000000000002, 0.41289999999999999, 1.0)	../fonts/amplitud.ttf	upper
1300889562903	1	FR_PRES	13	LETTER	813	0	0	1040	(0.57740000000000002, 0.41289999999999999, 1.0)	../fonts/amplitud.ttf	upper
1300889568618	1	REC_START
1300889644865	0	REST
1300889646373	1	FR_PRES	14	PENGUIN	1044	1	1	954	(0.42259999999999998, 0.58709999999999996, 0)	../fonts/zerothre.ttf	lower
1300889650372	1	FR_PRES	14	DUCK	504	1	1	739	(0.42259999999999998, 0.58709999999999996, 0)	../fonts/zerothre.ttf	lower
1300889654554	1	FR_PRES	14	COOLER	375	1	0	781	(0.42259999999999998, 0.58709999999999996, 0)	../fonts/zerothre.ttf	lower
1300889658635	1	FR_PRES	14	DRINK	498	1	0	940	(0.42259999999999998, 0.58709999999999996, 0)	../fonts/zerothre.ttf	lower
1300889662767	1	FR_PRES	14	INFANT	737	1	1	688	(0.42259999999999998, 0.58709999999999996, 0)	../fonts/zerothre.ttf	lower
1300889666908	1	FR_PRES	14	WAVE	1596	1	0	931	(0.42259999999999998, 0.58709999999999996, 0)	../fonts/zerothre.ttf	lower
1300889670740	1	FR_PRES	14	BUTCHER	203	1	1	883	(0.42259999999999998, 0.58709999999999996, 0)	../fonts/zerothre.ttf	lower
1300889674663	1	FR_PRES	14	FISH	571	1	1	1248	(0.42259999999999998, 0.58709999999999996, 0)	../fonts/zerothre.ttf	lower
1300889678520	1	FR_PRES	14	SKIN	1318	1	1	959	(0.42259999999999998, 0.58709999999999996, 0)	../fonts/zerothre.ttf	lower
1300889682619	1	FR_PRES	14	BURGLAR	200	1	1	756	(0.42259999999999998, 0.58709999999999996, 0)	../fonts/zerothre.ttf	lower
1300889686734	1	FR_PRES	14	CROOK	412	1	1	721	(0.42259999999999998, 0.58709999999999996, 0)	../fonts/zerothre.ttf	lower
1300889690608	1	FR_PRES	14	HANDCUFFS	685	1	0	823	(0.42259999999999998, 0.58709999999999996, 0)	../fonts/zerothre.ttf	lower
1300889694489	1	FR_PRES	14	DIAPER	459	1	0	1942	(0.42259999999999998, 0.58709999999999996, 0)	../fonts/zerothre.ttf	lower
1300889698555	1	FR_PRES	14	VITAMIN	1574	1	0	1444	(0.42259999999999998, 0.58709999999999996, 0)	../fonts/zerothre.ttf	lower
1300889702553	1	FR_PRES	14	PRESIDENT	1121	1	1	702	(0.42259999999999998, 0.58709999999999996, 0)	../fonts/zerothre.ttf	lower
1300889706560	1	FR_PRES	14	WATER	1594	1	0	1695	(0.42259999999999998, 0.58709999999999996, 0)	../fonts/zerothre.ttf	lower
1300889712484	1	REC_START
1300889789731	0	REST
1300889791239	1	FR_PRES	15	SEASHORE	1263	0	1	2336	(0.57740000000000002, 0.41289999999999999, 1.0)	../fonts/amplitud.ttf	upper
1300889795196	1	FR_PRES	15	SAND	1230	0	0	1803	(0.57740000000000002, 0.41289999999999999, 1.0)	../fonts/amplitud.ttf	upper
1300889799119	1	FR_PRES	15	GARDEN	623	0	1	904	(0.57740000000000002, 0.41289999999999999, 1.0)	../fonts/amplitud.ttf	upper
1300889803176	1	FR_PRES	15	VELVET	1555	0	0	1535	(0.57740000000000002, 0.41289999999999999, 1.0)	../fonts/amplitud.ttf	upper
1300889807141	1	FR_PRES	15	COMMUNITY	356	0	1	634	(0.57740000000000002, 0.41289999999999999, 1.0)	../fonts/amplitud.ttf	upper
1300889811182	1	FR_PRES	15	CAMEL	223	0	1	1569	(0.57740000000000002, 0.41289999999999999, 1.0)	../fonts/amplitud.ttf	upper
1300889815355	1	FR_PRES	15	SILK	1307	0	0	924	(0.57740000000000002, 0.41289999999999999, 1.0)	../fonts/amplitud.ttf	upper
1300889819445	1	FR_PRES	15	CUFF	423	0	0	2122	(0.57740000000000002, 0.41289999999999999, 1.0)	../fonts/amplitud.ttf	upper
1300889823627	1	FR_PRES	15	SKIRT	1319	0	0	2396	(0.57740000000000002, 0.41289999999999999, 1.0)	../fonts/amplitud.ttf	upper
1300889827459	1	FR_PRES	15	DAM	436	0	1	1164	(0.57740000000000002, 0.41289999999999999, 1.0)	../fonts/amplitud.ttf	upper
1300889831433	1	FR_PRES	15	MEADOW	881	0	1	878	(0.57740000000000002, 0.41289999999999999, 1.0)	../fonts/amplitud.ttf	upper
1300889835590	1	FR_PRES	15	TOOTH	1481	0	0	801	(0.57740000000000002, 0.41289999999999999, 1.0)	../fonts/amplitud.ttf	upper
1300889839513	1	FR_PRES	15	DOG	480	0	1	1526	(0.57740000000000002, 0.41289999999999999, 1.0)	../fonts/amplitud.ttf	upper
1300889843487	1	FR_PRES	15	TROPHY	1509	0	1	1304	(0.57740000000000002, 0.41289999999999999, 1.0)	../fonts/amplitud.ttf	upper
1300889847344	1	FR_PRES	15	CLERK	321	0	1	807	(0.57740000000000002, 0.41289999999999999, 1.0)	../fonts/amplitud.ttf	upper
1300889851467	1	FR_PRES	15	BUREAU	199	0	1	820	(0.57740000000000002, 0.41289999999999999, 1.0)	../fonts/amplitud.ttf	upper
1300889857024	1	REC_START
1300889950178	0	RECOG_START
1300889950179	1	REC_START
1300889950216	0	RECOG_PRES	0	STAPLE	1371	-999	P	1711
1300889952298	0	RECOG_CR_PRES	0	STAPLE	1371	-999	P	397
1300889953123	1	RECOG_FEEDBACK	1
1300889953931	0	RECOG_PRES	0	MAILBOX	857	-999	P	1077
1300889955381	0	RECOG_CR_PRES	0	MAILBOX	857	-999	P	322
1300889956022	1	RECOG_FEEDBACK	1
1300889956739	0	RECOG_PRES	0	TOOTHPASTE	1483	-999	P	1468
1300889958580	0	RECOG_CR_PRES	0	TOOTHPASTE	1483	-999	P	251
1300889959179	1	RECOG_FEEDBACK	1
1300889959971	0	RECOG_PRES	0	BARLEY	88	-999	P	972
1300889961312	0	RECOG_CR_PRES	0	BARLEY	88	-999	P	287
1300889961928	1	RECOG_FEEDBACK	1
1300889962645	0	RECOG_PRES	0	CROCODILE	411	-999	P	1202
1300889964219	0	RECOG_CR_PRES	0	CROCODILE	411	-999	P	220
1300889964777	1	RECOG_FEEDBACK	1
1300889965585	0	RECOG_PRES	0	TAR	1435	-999	P	974
1300889966935	0	RECOG_CR_PRES	0	TAR	1435	-999	P	272
1300889967535	1	RECOG_FEEDBACK	1
1300889968276	0	RECOG_PRES	0	BRUNETTE	181	-999	P	1035
1300889969684	0	RECOG_CR_PRES	0	BRUNETTE	181	-999	P	291
1300889970309	1	RECOG_FEEDBACK	1
1300889971034	0	RECOG_PRES	0	NOMAD	955	-999	P	1053
1300889972458	0	RECOG_CR_PRES	0	NOMAD	955	-999	P	293
1300889973083	1	RECOG_FEEDBACK	1
1300889973824	0	RECOG_PRES	0	SANDWICH	1232	-999	P	1184
1300889975382	0	RECOG_CR_PRES	0	SANDWICH	1232	-999	P	249
1300889975973	1	RECOG_FEEDBACK	1
1300889976773	0	RECOG_PRES	0	CANVAS	234	-999	P	1322
1300889978464	0	RECOG_CR_PRES	0	CANVAS	234	-999	P	279
1300889979089	1	RECOG_FEEDBACK	1
1300889979889	0	RECOG_PRES	0	BURGLAR	200	-999	P	1006
1300889981263	0	RECOG_CR_PRES	0	BURGLAR	200	-999	P	296
1300889981888	1	RECOG_FEEDBACK	1
1300889982638	0	RECOG_PRES	0	FISH	571	-999	P	977
1300889983987	0	RECOG_CR_PRES	0	FISH	571	-999	P	268
1300889984587	1	RECOG_FEEDBACK	1
1300889985303	0	RECOG_PRES	0	DUSTPAN	509	-999	P	1328
1300889987004	0	RECOG_CR_PRES	0	DUSTPAN	509	-999	P	235
1300889987569	1	RECOG_FEEDBACK	1
1300889988319	0	RECOG_PRES	0	DISC	473	-999	P	1968
1300889990660	0	RECOG_CR_PRES	0	DISC	473	-999	P	267
1300889991293	1	RECOG_FEEDBACK	1
1300889992019	0	RECOG_PRES	0	SCALE	1241	-999	P	1492
1300889993884	0	RECOG_CR_PRES	0	SCALE	1241	-999	P	283
1300889994517	1	RECOG_FEEDBACK	1
1300889995258	0	RECOG_PRES	0	FEAST	556	-999	P	1173
1300889996799	0	RECOG_CR_PRES	0	FEAST	556	-999	P	296
1300889997383	1	RECOG_FEEDBACK	1
1300889998099	0	RECOG_PRES	0	SAUCER	1237	-999	P	1372
1300889999840	0	RECOG_CR_PRES	0	SAUCER	1237	-999	P	247
1300890000432	1	RECOG_FEEDBACK	1
1300890001148	0	RECOG_PRES	0	RECEIPT	1173	-999	P	1235
1300890002756	0	RECOG_CR_PRES	0	RECEIPT	1173	-999	P	267
1300890003355	1	RECOG_FEEDBACK	1
1300890004147	0	RECOG_PRES	0	CLOSET	326	-999	P	1028
1300890005546	0	RECOG_CR_PRES	0	CLOSET	326	-999	P	253
1300890006113	1	RECOG_FEEDBACK	1
1300890006904	0	RECOG_PRES	0	FOREHEAD	592	-999	P	999
1300890008279	0	RECOG_CR_PRES	0	FOREHEAD	592	-999	P	248
1300890008828	1	RECOG_FEEDBACK	1
1300890010520	0	REST
1300890011399	1	REC_START
1300890011436	0	RECOG_PRES	1	OVEN	991	-999	P	1123
1300890012935	0	RECOG_CR_PRES	1	OVEN	991	-999	P	208
1300890013477	1	RECOG_FEEDBACK	1
1300890014277	0	RECOG_PRES	1	DAM	436	-999	P	970
1300890015618	0	RECOG_CR_PRES	1	DAM	436	-999	P	237
1300890016134	1	RECOG_FEEDBACK	1
1300890016917	0	RECOG_PRES	1	SHIRT	1287	-999	P	2994
1300890020283	0	RECOG_CR_PRES	1	SHIRT	1287	-999	P	244
1300890020908	1	RECOG_FEEDBACK	0
1300890021682	0	RECOG_PRES	1	TOOTH	1481	-999	P	1373
1300890023423	0	RECOG_CR_PRES	1	TOOTH	1481	-999	P	240
1300890023998	1	RECOG_FEEDBACK	1
1300890024781	0	RECOG_PRES	1	CLIPPERS	324	-999	P	1210
1300890026364	0	RECOG_CR_PRES	1	CLIPPERS	324	-999	P	259
1300890026964	1	RECOG_FEEDBACK	1
1300890027714	0	RECOG_PRES	1	FOE	587	-999	P	2517
1300890030604	0	RECOG_CR_PRES	1	FOE	587	-999	P	211
1300890031187	1	RECOG_FEEDBACK	1
1300890031895	0	RECOG_PRES	1	AGENT	10	-999	P	1616
1300890033886	0	RECOG_CR_PRES	1	AGENT	10	-999	P	241
1300890034478	1	RECOG_FEEDBACK	1
1300890035269	0	RECOG_PRES	1	KETTLE	772	-999	P	1050
1300890036694	0	RECOG_CR_PRES	1	KETTLE	772	-999	P	265
1300890037293	1	RECOG_FEEDBACK	1
1300890038035	0	RECOG_PRES	1	COB	334	-999	P	2964
1300890041375	0	RECOG_CR_PRES	1	COB	334	-999	P	248
1300890042001	1	RECOG_FEEDBACK	1
1300890042725	0	RECOG_PRES	1	RAKE	1164	-999	P	954
1300890044049	0	RECOG_CR_PRES	1	RAKE	1164	-999	P	230
1300890044599	1	RECOG_FEEDBACK	1
1300890045332	0	RECOG_PRES	1	CAVITY	264	-999	P	1339
1300890047040	0	RECOG_CR_PRES	1	CAVITY	264	-999	P	2511
1300890049881	1	RECOG_FEEDBACK	0
1300890050614	0	RECOG_PRES	1	GOOSE	649	-999	P	1249
1300890052238	0	RECOG_CR_PRES	1	GOOSE	649	-999	P	209
1300890052788	1	RECOG_FEEDBACK	1
1300890053588	0	RECOG_PRES	1	MANAGER	863	-999	P	1428
1300890055395	0	RECOG_CR_PRES	1	MANAGER	863	-999	P	220
1300890055962	1	RECOG_FEEDBACK	1
1300890056737	0	RECOG_PRES	1	LAUNDRY	803	-999	P	1030
1300890058136	0	RECOG_CR_PRES	1	LAUNDRY	803	-999	P	311
1300890058769	1	RECOG_FEEDBACK	1
1300890059569	0	RECOG_PRES	1	TECHNICIAN	1443	-999	P	1454
1300890061393	0	RECOG_CR_PRES	1	TECHNICIAN	1443	-999	P	254
1300890061993	1	RECOG_FEEDBACK	1
1300890062793	0	RECOG_PRES	1	SAPPHIRE	1234	-999	P	1110
1300890064276	0	RECOG_CR_PRES	1	SAPPHIRE	1234	-999	P	259
1300890064867	1	RECOG_FEEDBACK	1
1300890065675	0	RECOG_PRES	1	SEAGULL	1261	-999	P	988
1300890067033	0	RECOG_CR_PRES	1	SEAGULL	1261	-999	P	286
1300890067649	1	RECOG_FEEDBACK	1
1300890068457	0	RECOG_PRES	1	SCRIBBLE	1256	-999	P	1062
1300890069890	0	RECOG_CR_PRES	1	SCRIBBLE	1256	-999	P	245
1300890070473	1	RECOG_FEEDBACK	1
1300890071248	0	RECOG_PRES	1	WARRIOR	1589	-999	P	1007
1300890072631	0	RECOG_CR_PRES	1	WARRIOR	1589	-999	P	248
1300890073206	1	RECOG_FEEDBACK	1
1300890073972	0	RECOG_PRES	1	LAMB	797	-999	P	2227
1300890076571	0	RECOG_CR_PRES	1	LAMB	797	-999	P	236
1300890077163	1	RECOG_FEEDBACK	1
1300890078646	0	REST
1300890079473	1	REC_START
1300890079504	0	RECOG_PRES	2	QUAIL	1147	-999	P	968
1300890080870	0	RECOG_CR_PRES	2	QUAIL	1147	-999	P	209
1300890081395	1	RECOG_FEEDBACK	1
1300890082178	0	RECOG_PRES	2	ASSOCIATE	49	-999	P	1141
1300890083694	0	RECOG_CR_PRES	2	ASSOCIATE	49	-999	P	225
1300890084252	1	RECOG_FEEDBACK	1
1300890085027	0	RECOG_PRES	2	NEEDLE	941	-999	P	1060
1300890086459	0	RECOG_CR_PRES	2	NEEDLE	941	-999	P	252
1300890087043	1	RECOG_FEEDBACK	1
1300890087792	0	RECOG_PRES	2	GLOVE	642	-999	P	927
1300890089092	0	RECOG_CR_PRES	2	GLOVE	642	-999	P	275
1300890089692	1	RECOG_FEEDBACK	1
1300890090458	0	RECOG_PRES	2	CELLO	268	-999	P	981
1300890091808	0	RECOG_CR_PRES	2	CELLO	268	-999	P	311
1300890092441	1	RECOG_FEEDBACK	1
1300890093215	0	RECOG_PRES	2	PAIL	1002	-999	P	1376
1300890094965	0	RECOG_CR_PRES	2	PAIL	1002	-999	P	250
1300890095556	1	RECOG_FEEDBACK	1
1300890096306	0	RECOG_PRES	2	PILLOW	1069	-999	P	997
1300890097672	0	RECOG_CR_PRES	2	PILLOW	1069	-999	P	287
1300890098280	1	RECOG_FEEDBACK	1
1300890099030	0	RECOG_PRES	2	SHERIFF	1284	-999	P	1065
1300890100471	0	RECOG_CR_PRES	2	SHERIFF	1284	-999	P	288
1300890101071	1	RECOG_FEEDBACK	1
1300890101862	0	RECOG_PRES	2	SHRINE	1298	-999	P	1049
1300890103287	0	RECOG_CR_PRES	2	SHRINE	1298	-999	P	248
1300890103862	1	RECOG_FEEDBACK	1
1300890104661	0	RECOG_PRES	2	MEADOW	881	-999	P	954
1300890105986	0	RECOG_CR_PRES	2	MEADOW	881	-999	P	285
1300890106594	1	RECOG_FEEDBACK	1
1300890107335	0	RECOG_PRES	2	CUB	419	-999	P	1024
1300890108735	0	RECOG_CR_PRES	2	CUB	419	-999	P	256
1300890109310	1	RECOG_FEEDBACK	1
1300890110026	0	RECOG_PRES	2	SNOB	1335	-999	P	941
1300890111342	0	RECOG_CR_PRES	2	SNOB	1335	-999	P	281
1300890111942	1	RECOG_FEEDBACK	1
1300890112708	0	RECOG_PRES	2	PELICAN	1039	-999	P	1635
1300890114716	0	RECOG_CR_PRES	2	PELICAN	1039	-999	P	243
1300890115308	1	RECOG_FEEDBACK	1
1300890116024	0	RECOG_PRES	2	RODENT	1204	-999	P	967
1300890117365	0	RECOG_CR_PRES	2	RODENT	1204	-999	P	282
1300890117973	1	RECOG_FEEDBACK	1
1300890118748	0	RECOG_PRES	2	DESSERT	453	-999	P	1323
1300890120439	0	RECOG_CR_PRES	2	DESSERT	453	-999	P	296
1300890121072	1	RECOG_FEEDBACK	1
1300890121830	0	RECOG_PRES	2	HEAD	695	-999	P	1345
1300890123546	0	RECOG_CR_PRES	2	HEAD	695	-999	P	253
1300890124138	1	RECOG_FEEDBACK	1
1300890124888	0	RECOG_PRES	2	BOWL	158	-999	P	975
1300890126237	0	RECOG_CR_PRES	2	BOWL	158	-999	P	242
1300890126804	1	RECOG_FEEDBACK	1
1300890127537	0	RECOG_PRES	2	SERVER	1272	-999	P	1246
1300890129153	0	RECOG_CR_PRES	2	SERVER	1272	-999	P	294
1300890129778	1	RECOG_FEEDBACK	1
1300890130569	0	RECOG_PRES	2	BREAST	171	-999	P	1006
1300890131943	0	RECOG_CR_PRES	2	BREAST	171	-999	P	280
1300890132543	1	RECOG_FEEDBACK	1
1300890133301	0	RECOG_PRES	2	SOAP	1337	-999	P	1098
1300890134767	0	RECOG_CR_PRES	2	SOAP	1337	-999	P	320
1300890135400	1	RECOG_FEEDBACK	1
1300890136917	0	REST
1300890138097	1	REC_START
1300890138133	0	RECOG_PRES	3	DAISY	435	-999	P	1242
1300890139749	0	RECOG_CR_PRES	3	DAISY	435	-999	P	226
1300890140307	1	RECOG_FEEDBACK	1
1300890141082	0	RECOG_PRES	3	BADGE	68	-999	P	1589
1300890143039	0	RECOG_CR_PRES	3	BADGE	68	-999	P	224
1300890143606	1	RECOG_FEEDBACK	1
1300890144356	0	RECOG_PRES	3	FLAG	573	-999	P	947
1300890145672	0	RECOG_CR_PRES	3	FLAG	573	-999	P	255
1300890146247	1	RECOG_FEEDBACK	1
1300890146971	0	RECOG_PRES	3	GIFT	635	-999	P	1076
1300890148421	0	RECOG_CR_PRES	3	GIFT	635	-999	P	242
1300890148996	1	RECOG_FEEDBACK	1
1300890149795	0	RECOG_PRES	3	PADDING	999	-999	P	1092
1300890151262	0	RECOG_CR_PRES	3	PADDING	999	-999	P	265
1300890151861	1	RECOG_FEEDBACK	1
1300890152569	0	RECOG_PRES	3	TRASH	1497	-999	P	1686
1300890154627	0	RECOG_CR_PRES	3	TRASH	1497	-999	P	172
1300890155144	1	RECOG_FEEDBACK	1
1300890155902	0	RECOG_PRES	3	TERRITORY	1452	-999	P	1033
1300890157309	0	RECOG_CR_PRES	3	TERRITORY	1452	-999	P	234
1300890157843	1	RECOG_FEEDBACK	1
1300890158576	0	RECOG_PRES	3	KING	777	-999	P	1015
1300890159967	0	RECOG_CR_PRES	3	KING	777	-999	P	288
1300890160583	1	RECOG_FEEDBACK	1
1300890161325	0	RECOG_PRES	3	WAVE	1596	-999	P	962
1300890162658	0	RECOG_CR_PRES	3	WAVE	1596	-999	P	309
1300890163299	1	RECOG_FEEDBACK	1
1300890164115	0	RECOG_PRES	3	HEART	697	-999	P	972
1300890165457	0	RECOG_CR_PRES	3	HEART	697	-999	P	294
1300890166090	1	RECOG_FEEDBACK	1
1300890166814	0	RECOG_PRES	3	WATER	1594	-999	P	961
1300890168147	0	RECOG_CR_PRES	3	WATER	1594	-999	P	268
1300890168739	1	RECOG_FEEDBACK	1
1300890169505	0	RECOG_PRES	3	SWITCH	1422	-999	P	1766
1300890171646	0	RECOG_CR_PRES	3	SWITCH	1422	-999	P	305
1300890172304	1	RECOG_FEEDBACK	1
1300890173062	0	RECOG_PRES	3	HOSTESS	723	-999	P	1193
1300890174628	0	RECOG_CR_PRES	3	HOSTESS	723	-999	P	267
1300890175236	1	RECOG_FEEDBACK	1
1300890175978	0	RECOG_PRES	3	PLUTO	1092	-999	P	1061
1300890177411	0	RECOG_CR_PRES	3	PLUTO	1092	-999	P	268
1300890178011	1	RECOG_FEEDBACK	1
1300890178802	0	RECOG_PRES	3	TREE	1502	-999	P	893
1300890180068	0	RECOG_CR_PRES	3	TREE	1502	-999	P	283
1300890180685	1	RECOG_FEEDBACK	1
1300890181459	0	RECOG_PRES	3	STUMP	1396	-999	P	980
1300890182809	0	RECOG_CR_PRES	3	STUMP	1396	-999	P	262
1300890183400	1	RECOG_FEEDBACK	1
1300890184167	0	RECOG_PRES	3	SKILLET	1317	-999	P	968
1300890185508	0	RECOG_CR_PRES	3	SKILLET	1317	-999	P	251
1300890186099	1	RECOG_FEEDBACK	1
1300890186891	0	RECOG_PRES	3	COOKBOOK	373	-999	P	956
1300890188224	0	RECOG_CR_PRES	3	COOKBOOK	373	-999	P	271
1300890188790	1	RECOG_FEEDBACK	1
1300890189565	0	RECOG_PRES	3	POLYESTER	1100	-999	P	1042
1300890190981	0	RECOG_CR_PRES	3	POLYESTER	1100	-999	P	250
1300890191581	1	RECOG_FEEDBACK	1
1300890192330	0	RECOG_PRES	3	RAZOR	1171	-999	P	1093
1300890193797	0	RECOG_CR_PRES	3	RAZOR	1171	-999	P	274
1300890194405	1	RECOG_FEEDBACK	1
1300890195904	0	REST
1300890196898	1	REC_START
1300890196929	0	RECOG_PRES	4	FOLDER	588	-999	P	968
1300890198303	0	RECOG_CR_PRES	4	FOLDER	588	-999	P	248
1300890198870	1	RECOG_FEEDBACK	1
1300890199653	0	RECOG_PRES	4	GRIZZLY	662	-999	P	906
1300890200936	0	RECOG_CR_PRES	4	GRIZZLY	662	-999	P	247
1300890201502	1	RECOG_FEEDBACK	1
1300890202269	0	RECOG_PRES	4	PAD	998	-999	P	1841
1300890204509	0	RECOG_CR_PRES	4	PAD	998	-999	P	226
1300890205084	1	RECOG_FEEDBACK	0
1300890205809	0	RECOG_PRES	4	PARCEL	1012	-999	P	1150
1300890207333	0	RECOG_CR_PRES	4	PARCEL	1012	-999	P	218
1300890207883	1	RECOG_FEEDBACK	1
1300890208650	0	RECOG_PRES	4	DANDELION	438	-999	P	1333
1300890210357	0	RECOG_CR_PRES	4	DANDELION	438	-999	P	234
1300890210932	1	RECOG_FEEDBACK	1
1300890211690	0	RECOG_PRES	4	SAUSAGE	1238	-999	P	973
1300890213031	0	RECOG_CR_PRES	4	SAUSAGE	1238	-999	P	344
1300890213698	1	RECOG_FEEDBACK	1
1300890214464	0	RECOG_PRES	4	BUTCHER	203	-999	P	975
1300890215814	0	RECOG_CR_PRES	4	BUTCHER	203	-999	P	265
1300890216414	1	RECOG_FEEDBACK	1
1300890217180	0	RECOG_PRES	4	PATROL	1027	-999	P	995
1300890218546	0	RECOG_CR_PRES	4	PATROL	1027	-999	P	269
1300890219138	1	RECOG_FEEDBACK	1
1300890219871	0	RECOG_PRES	4	BRUSH	182	-999	P	1145
1300890221387	0	RECOG_CR_PRES	4	BRUSH	182	-999	P	292
1300890222013	1	RECOG_FEEDBACK	0
1300890222811	0	RECOG_PRES	4	KNIFE	785	-999	P	948
1300890224128	0	RECOG_CR_PRES	4	KNIFE	785	-999	P	327
1300890224777	1	RECOG_FEEDBACK	1
1300890225577	0	RECOG_PRES	4	SKIRT	1319	-999	P	966
1300890226918	0	RECOG_CR_PRES	4	SKIRT	1319	-999	P	233
1300890227468	1	RECOG_FEEDBACK	1
1300890228184	0	RECOG_PRES	4	APPLICATION	34	-999	P	1519
1300890230075	0	RECOG_CR_PRES	4	APPLICATION	34	-999	P	228
1300890230642	1	RECOG_FEEDBACK	1
1300890231367	0	RECOG_PRES	4	DUNE	506	-999	P	1024
1300890232766	0	RECOG_CR_PRES	4	DUNE	506	-999	P	281
1300890233366	1	RECOG_FEEDBACK	1
1300890234116	0	RECOG_PRES	4	HANDCUFFS	685	-999	P	1051
1300890235540	0	RECOG_CR_PRES	4	HANDCUFFS	685	-999	P	243
1300890236107	1	RECOG_FEEDBACK	1
1300890236881	0	RECOG_PRES	4	RACCOON	1153	-999	P	950
1300890238206	0	RECOG_CR_PRES	4	RACCOON	1153	-999	P	249
1300890238781	1	RECOG_FEEDBACK	1
1300890239514	0	RECOG_PRES	4	PORCUPINE	1107	-999	P	874
1300890240805	0	RECOG_CR_PRES	4	PORCUPINE	1107	-999	P	258
1300890241388	1	RECOG_FEEDBACK	1
1300890242154	0	RECOG_PRES	4	TOENAIL	1474	-999	P	965
1300890243487	0	RECOG_CR_PRES	4	TOENAIL	1474	-999	P	336
1300890244137	1	RECOG_FEEDBACK	1
1300890244904	0	RECOG_PRES	4	JELLY	755	-999	P	1015
1300890246286	0	RECOG_CR_PRES	4	JELLY	755	-999	P	265
1300890246870	1	RECOG_FEEDBACK	1
1300890247594	0	RECOG_PRES	4	DICTATOR	462	-999	P	1021
1300890248985	0	RECOG_CR_PRES	4	DICTATOR	462	-999	P	238
1300890249535	1	RECOG_FEEDBACK	1
1300890250335	0	RECOG_PRES	4	POCKET	1093	-999	P	1112
1300890251818	0	RECOG_CR_PRES	4	POCKET	1093	-999	P	277
1300890252426	1	RECOG_FEEDBACK	1
1300890253950	0	REST
1300890255147	1	REC_START
1300890255183	0	RECOG_PRES	5	ANIMAL	23	-999	P	2088
1300890257641	0	RECOG_CR_PRES	5	ANIMAL	23	-999	P	190
1300890258199	1	RECOG_FEEDBACK	0
1300890258915	0	RECOG_PRES	5	PARSLEY	1016	-999	P	828
1300890260115	0	RECOG_CR_PRES	5	PARSLEY	1016	-999	P	212
1300890260648	1	RECOG_FEEDBACK	1
1300890261373	0	RECOG_PRES	5	VIOLIN	1571	-999	P	970
1300890262714	0	RECOG_CR_PRES	5	VIOLIN	1571	-999	P	269
1300890263314	1	RECOG_FEEDBACK	1
1300890264072	0	RECOG_PRES	5	BAND	78	-999	P	1849
1300890266321	0	RECOG_CR_PRES	5	BAND	78	-999	P	302
1300890266979	1	RECOG_FEEDBACK	1
1300890267762	0	RECOG_PRES	5	VISITOR	1573	-999	P	933
1300890269070	0	RECOG_CR_PRES	5	VISITOR	1573	-999	P	281
1300890269636	1	RECOG_FEEDBACK	1
1300890270361	0	RECOG_PRES	5	RUBY	1214	-999	P	1142
1300890271877	0	RECOG_CR_PRES	5	RUBY	1214	-999	P	242
1300890272444	1	RECOG_FEEDBACK	1
1300890273193	0	RECOG_PRES	5	GROCERY	664	-999	P	858
1300890274451	0	RECOG_CR_PRES	5	GROCERY	664	-999	P	236
1300890275011	1	RECOG_FEEDBACK	1
1300890275759	0	RECOG_PRES	5	JEWEL	757	-999	P	862
1300890277018	0	RECOG_CR_PRES	5	JEWEL	757	-999	P	269
1300890277609	1	RECOG_FEEDBACK	1
1300890278325	0	RECOG_PRES	5	OMELET	976	-999	P	1850
1300890280549	0	RECOG_CR_PRES	5	OMELET	976	-999	P	394
1300890281291	1	RECOG_FEEDBACK	1
1300890282082	0	RECOG_PRES	5	UMBRELLA	1534	-999	P	973
1300890283423	0	RECOG_CR_PRES	5	UMBRELLA	1534	-999	P	248
1300890283990	1	RECOG_FEEDBACK	1
1300890284731	0	RECOG_PRES	5	BANQUET	86	-999	P	1764
1300890286864	0	RECOG_CR_PRES	5	BANQUET	86	-999	P	263
1300890287472	1	RECOG_FEEDBACK	1
1300890288205	0	RECOG_PRES	5	BUTTERFLY	206	-999	P	1202
1300890289779	0	RECOG_CR_PRES	5	BUTTERFLY	206	-999	P	388
1300890290487	1	RECOG_FEEDBACK	1
1300890291262	0	RECOG_PRES	5	GROUND	666	-999	P	1193
1300890292828	0	RECOG_CR_PRES	5	GROUND	666	-999	P	219
1300890293370	1	RECOG_FEEDBACK	1
1300890294120	0	RECOG_PRES	5	MICROWAVE	892	-999	P	927
1300890295419	0	RECOG_CR_PRES	5	MICROWAVE	892	-999	P	196
1300890295911	1	RECOG_FEEDBACK	1
1300890296652	0	RECOG_PRES	5	SILK	1307	-999	P	979
1300890298002	0	RECOG_CR_PRES	5	SILK	1307	-999	P	245
1300890298543	1	RECOG_FEEDBACK	1
1300890299351	0	RECOG_PRES	5	PLUM	1090	-999	P	1160
1300890300884	0	RECOG_CR_PRES	5	PLUM	1090	-999	P	259
1300890301467	1	RECOG_FEEDBACK	1
1300890302225	0	RECOG_PRES	5	DOUGHNUT	490	-999	P	990
1300890303591	0	RECOG_CR_PRES	5	DOUGHNUT	490	-999	P	192
1300890304108	1	RECOG_FEEDBACK	1
1300890304857	0	RECOG_PRES	5	DINNER	468	-999	P	1782
1300890307008	0	RECOG_CR_PRES	5	DINNER	468	-999	P	263
1300890307615	1	RECOG_FEEDBACK	1
1300890308423	0	RECOG_PRES	5	COP	376	-999	P	920
1300890309714	0	RECOG_CR_PRES	5	COP	376	-999	P	269
1300890310314	1	RECOG_FEEDBACK	1
1300890311097	0	RECOG_PRES	5	VELVET	1555	-999	P	990
1300890312463	0	RECOG_CR_PRES	5	VELVET	1555	-999	P	216
1300890312980	1	RECOG_FEEDBACK	1
1300890314446	0	REST
1300890315362	1	REC_START
1300890315395	0	RECOG_PRES	6	LINT	826	-999	P	964
1300890316728	0	RECOG_CR_PRES	6	LINT	826	-999	P	280
1300890317320	1	RECOG_FEEDBACK	1
1300890318078	0	RECOG_PRES	6	SHARK	1275	-999	P	1473
1300890319927	0	RECOG_CR_PRES	6	SHARK	1275	-999	P	248
1300890320519	1	RECOG_FEEDBACK	1
1300890321285	0	RECOG_PRES	6	SCISSORS	1250	-999	P	1026
1300890322684	0	RECOG_CR_PRES	6	SCISSORS	1250	-999	P	235
1300890323251	1	RECOG_FEEDBACK	1
1300890324026	0	RECOG_PRES	6	TROPHY	1509	-999	P	990
1300890325383	0	RECOG_CR_PRES	6	TROPHY	1509	-999	P	280
1300890325958	1	RECOG_FEEDBACK	1
1300890326733	0	RECOG_PRES	6	INFANT	737	-999	P	1034
1300890328141	0	RECOG_CR_PRES	6	INFANT	737	-999	P	330
1300890328791	1	RECOG_FEEDBACK	1
1300890329557	0	RECOG_PRES	6	CREVICE	405	-999	P	978
1300890330907	0	RECOG_CR_PRES	6	CREVICE	405	-999	P	276
1300890331498	1	RECOG_FEEDBACK	1
1300890332289	0	RECOG_PRES	6	HARP	689	-999	P	998
1300890333656	0	RECOG_CR_PRES	6	HARP	689	-999	P	271
1300890334247	1	RECOG_FEEDBACK	1
1300890334963	0	RECOG_PRES	6	SKUNK	1321	-999	P	1412
1300890336746	0	RECOG_CR_PRES	6	SKUNK	1321	-999	P	293
1300890337379	1	RECOG_FEEDBACK	1
1300890338121	0	RECOG_PRES	6	PAW	1029	-999	P	934
1300890339428	0	RECOG_CR_PRES	6	PAW	1029	-999	P	275
1300890340021	1	RECOG_FEEDBACK	1
1300890340786	0	RECOG_PRES	6	BEAD	103	-999	P	949
1300890342111	0	RECOG_CR_PRES	6	BEAD	103	-999	P	256
1300890342694	1	RECOG_FEEDBACK	1
1300890343419	0	RECOG_PRES	6	COMPANION	357	-999	P	1132
1300890344927	0	RECOG_CR_PRES	6	COMPANION	357	-999	P	264
1300890345518	1	RECOG_FEEDBACK	1
1300890346293	0	RECOG_PRES	6	DENIM	446	-999	P	938
1300890347601	0	RECOG_CR_PRES	6	DENIM	446	-999	P	270
1300890348167	1	RECOG_FEEDBACK	1
1300890348967	0	RECOG_PRES	6	COTTON	385	-999	P	1352
1300890350691	0	RECOG_CR_PRES	6	COTTON	385	-999	P	228
1300890351249	1	RECOG_FEEDBACK	1
1300890352032	0	RECOG_PRES	6	TICKET	1464	-999	P	967
1300890353374	0	RECOG_CR_PRES	6	TICKET	1464	-999	P	249
1300890353948	1	RECOG_FEEDBACK	1
1300890354698	0	RECOG_PRES	6	FOOTBALL	591	-999	P	909
1300890355989	0	RECOG_CR_PRES	6	FOOTBALL	591	-999	P	290
1300890356589	1	RECOG_FEEDBACK	1
1300890357364	0	RECOG_PRES	6	TREASURE	1500	-999	P	1611
1300890359346	0	RECOG_CR_PRES	6	TREASURE	1500	-999	P	261
1300890359946	1	RECOG_FEEDBACK	1
1300890360671	0	RECOG_PRES	6	HIGHWAY	707	-999	P	992
1300890362037	0	RECOG_CR_PRES	6	HIGHWAY	707	-999	P	250
1300890362612	1	RECOG_FEEDBACK	1
1300890363420	0	RECOG_PRES	6	NEST	945	-999	P	1067
1300890364861	0	RECOG_CR_PRES	6	NEST	945	-999	P	250
1300890365436	1	RECOG_FEEDBACK	1
1300890366236	0	RECOG_PRES	6	ERASER	538	-999	P	1067
1300890367677	0	RECOG_CR_PRES	6	ERASER	538	-999	P	218
1300890368218	1	RECOG_FEEDBACK	1
1300890369002	0	RECOG_PRES	6	SKIN	1318	-999	P	933
1300890370309	0	RECOG_CR_PRES	6	SKIN	1318	-999	P	250
1300890370859	1	RECOG_FEEDBACK	1
1300890372442	0	REST
1300890373397	1	REC_START
1300890373433	0	RECOG_PRES	7	COMMUNITY	356	-999	P	934
1300890374741	0	RECOG_CR_PRES	7	COMMUNITY	356	-999	P	298
1300890375324	1	RECOG_FEEDBACK	1
1300890376099	0	RECOG_PRES	7	CHIEF	298	-999	P	1012
1300890377482	0	RECOG_CR_PRES	7	CHIEF	298	-999	P	261
1300890378057	1	RECOG_FEEDBACK	1
1300890378790	0	RECOG_PRES	7	GOWN	652	-999	P	1313
1300890380472	0	RECOG_CR_PRES	7	GOWN	652	-999	P	623
1300890381422	1	RECOG_FEEDBACK	1
1300890382147	0	RECOG_PRES	7	SURGEON	1413	-999	P	869
1300890383388	0	RECOG_CR_PRES	7	SURGEON	1413	-999	P	227
1300890383921	1	RECOG_FEEDBACK	1
1300890384696	0	RECOG_PRES	7	DINOSAUR	469	-999	P	1063
1300890386129	0	RECOG_CR_PRES	7	DINOSAUR	469	-999	P	222
1300890386662	1	RECOG_FEEDBACK	1
1300890387420	0	RECOG_PRES	7	PAINT	1003	-999	P	971
1300890388761	0	RECOG_CR_PRES	7	PAINT	1003	-999	P	230
1300890389286	1	RECOG_FEEDBACK	1
1300890390012	0	RECOG_PRES	7	ROBIN	1199	-999	P	963
1300890391343	0	RECOG_CR_PRES	7	ROBIN	1199	-999	P	264
1300890391935	1	RECOG_FEEDBACK	1
1300890392676	0	RECOG_PRES	7	KEYBOARD	774	-999	P	1099
1300890394151	0	RECOG_CR_PRES	7	KEYBOARD	774	-999	P	256
1300890394701	1	RECOG_FEEDBACK	1
1300890395434	0	RECOG_PRES	7	BLUEBERRY	140	-999	P	957
1300890396767	0	RECOG_CR_PRES	7	BLUEBERRY	140	-999	P	249
1300890397333	1	RECOG_FEEDBACK	1
1300890398075	0	RECOG_PRES	7	BUFFALO	186	-999	P	1436
1300890399882	0	RECOG_CR_PRES	7	BUFFALO	186	-999	P	213
1300890400424	1	RECOG_FEEDBACK	1
1300890401165	0	RECOG_PRES	7	MINER	896	-999	P	946
1300890402481	0	RECOG_CR_PRES	7	MINER	896	-999	P	270
1300890403064	1	RECOG_FEEDBACK	1
1300890403814	0	RECOG_PRES	7	LOOP	844	-999	P	1049
1300890405239	0	RECOG_CR_PRES	7	LOOP	844	-999	P	264
1300890405822	1	RECOG_FEEDBACK	1
1300890406596	0	RECOG_PRES	7	OWNER	993	-999	P	1915
1300890408887	0	RECOG_CR_PRES	7	OWNER	993	-999	P	192
1300890409429	1	RECOG_FEEDBACK	1
1300890410170	0	RECOG_PRES	7	PHOTO	1055	-999	P	1045
1300890411586	0	RECOG_CR_PRES	7	PHOTO	1055	-999	P	205
1300890412111	1	RECOG_FEEDBACK	1
1300890412861	0	RECOG_PRES	7	SPRINKLE	1359	-999	P	986
1300890414219	0	RECOG_CR_PRES	7	SPRINKLE	1359	-999	P	244
1300890414785	1	RECOG_FEEDBACK	1
1300890415577	0	RECOG_PRES	7	PUMP	1141	-999	P	1766
1300890417718	0	RECOG_CR_PRES	7	PUMP	1141	-999	P	209
1300890418276	1	RECOG_FEEDBACK	1
1300890419059	0	RECOG_PRES	7	PRESIDENT	1121	-999	P	884
1300890420317	0	RECOG_CR_PRES	7	PRESIDENT	1121	-999	P	210
1300890420850	1	RECOG_FEEDBACK	1
1300890421641	0	RECOG_PRES	7	PICK	1058	-999	P	926
1300890422941	0	RECOG_CR_PRES	7	PICK	1058	-999	P	234
1300890423499	1	RECOG_FEEDBACK	1
1300890424224	0	RECOG_PRES	7	WASHCLOTH	1591	-999	P	2319
1300890426914	0	RECOG_CR_PRES	7	WASHCLOTH	1591	-999	P	197
1300890427464	1	RECOG_FEEDBACK	1
1300890428231	0	RECOG_PRES	7	BOTTLE	153	-999	P	1384
1300890429988	0	RECOG_CR_PRES	7	BOTTLE	153	-999	P	523
1300890430846	1	RECOG_FEEDBACK	0
1300890432846	0	REST
1300890434006	1	REC_START
1300890434045	0	RECOG_PRES	8	PHILOSOPHER	1054	-999	P	906
1300890435320	0	RECOG_CR_PRES	8	PHILOSOPHER	1054	-999	P	239
1300890435878	1	RECOG_FEEDBACK	1
1300890436669	0	RECOG_PRES	8	CROOK	412	-999	P	1018
1300890438060	0	RECOG_CR_PRES	8	CROOK	412	-999	P	203
1300890438585	1	RECOG_FEEDBACK	1
1300890439318	0	RECOG_PRES	8	SHOE	1288	-999	P	1361
1300890441051	0	RECOG_CR_PRES	8	SHOE	1288	-999	P	276
1300890441667	1	RECOG_FEEDBACK	1
1300890442376	0	RECOG_PRES	8	OREGANO	983	-999	P	965
1300890443725	0	RECOG_CR_PRES	8	OREGANO	983	-999	P	210
1300890444258	1	RECOG_FEEDBACK	1
1300890445017	0	RECOG_PRES	8	PORK	1108	-999	P	999
1300890446391	0	RECOG_CR_PRES	8	PORK	1108	-999	P	200
1300890446916	1	RECOG_FEEDBACK	1
1300890447699	0	RECOG_PRES	8	ANCHOR	21	-999	P	940
1300890449007	0	RECOG_CR_PRES	8	ANCHOR	21	-999	P	216
1300890449531	1	RECOG_FEEDBACK	1
1300890450264	0	RECOG_PRES	8	REFRIGERATOR	1179	-999	P	1095
1300890451731	0	RECOG_CR_PRES	8	REFRIGERATOR	1179	-999	P	196
1300890452239	1	RECOG_FEEDBACK	1
1300890452988	0	RECOG_PRES	8	HAM	678	-999	P	2675
1300890456037	0	RECOG_CR_PRES	8	HAM	678	-999	P	258
1300890456654	1	RECOG_FEEDBACK	1
1300890457387	0	RECOG_PRES	8	ICEBERG	731	-999	P	1124
1300890458886	0	RECOG_CR_PRES	8	ICEBERG	731	-999	P	241
1300890459453	1	RECOG_FEEDBACK	1
1300890460219	0	RECOG_PRES	8	DRESS	495	-999	P	1700
1300890462294	0	RECOG_CR_PRES	8	DRESS	495	-999	P	297
1300890462952	1	RECOG_FEEDBACK	1
1300890463760	0	RECOG_PRES	8	AUTHOR	61	-999	P	839
1300890464968	0	RECOG_CR_PRES	8	AUTHOR	61	-999	P	223
1300890465517	1	RECOG_FEEDBACK	1
1300890466284	0	RECOG_PRES	8	BUILDING	191	-999	P	883
1300890467542	0	RECOG_CR_PRES	8	BUILDING	191	-999	P	241
1300890468116	1	RECOG_FEEDBACK	1
1300890468908	0	RECOG_PRES	8	BEAST	108	-999	P	1339
1300890470616	0	RECOG_CR_PRES	8	BEAST	108	-999	P	255
1300890471190	1	RECOG_FEEDBACK	1
1300890471932	0	RECOG_PRES	8	PAINTING	1005	-999	P	891
1300890473198	0	RECOG_CR_PRES	8	PAINTING	1005	-999	P	265
1300890473781	1	RECOG_FEEDBACK	1
1300890474506	0	RECOG_PRES	8	KEG	770	-999	P	1005
1300890475880	0	RECOG_CR_PRES	8	KEG	770	-999	P	247
1300890476422	1	RECOG_FEEDBACK	1
1300890477172	0	RECOG_PRES	8	STY	1397	-999	P	939
1300890478479	0	RECOG_CR_PRES	8	STY	1397	-999	P	288
1300890479096	1	RECOG_FEEDBACK	1
1300890479846	0	RECOG_PRES	8	IDOL	733	-999	P	2761
1300890482978	0	RECOG_CR_PRES	8	IDOL	733	-999	P	1301
1300890484669	1	RECOG_FEEDBACK	1
1300890485435	0	RECOG_PRES	8	QUARTER	1148	-999	P	932
1300890486743	0	RECOG_CR_PRES	8	QUARTER	1148	-999	P	224
1300890487301	1	RECOG_FEEDBACK	1
1300890488010	0	RECOG_PRES	8	HEATER	698	-999	P	1733
1300890490117	0	RECOG_CR_PRES	8	HEATER	698	-999	P	250
1300890490717	1	RECOG_FEEDBACK	1
1300890491508	0	RECOG_PRES	8	SALESMAN	1225	-999	P	1195
1300890493074	0	RECOG_CR_PRES	8	SALESMAN	1225	-999	P	349
1300890493766	1	RECOG_FEEDBACK	1
1300890495357	0	REST
1300890496463	1	REC_START
1300890496498	0	RECOG_PRES	9	ANT	25	-999	P	909
1300890497781	0	RECOG_CR_PRES	9	ANT	25	-999	P	202
1300890498297	1	RECOG_FEEDBACK	1
1300890499072	0	RECOG_PRES	9	SEA	1259	-999	P	1015
1300890500463	0	RECOG_CR_PRES	9	SEA	1259	-999	P	200
1300890500996	1	RECOG_FEEDBACK	1
1300890501730	0	RECOG_PRES	9	GLACIER	638	-999	P	1109
1300890503212	0	RECOG_CR_PRES	9	GLACIER	638	-999	P	235
1300890503779	1	RECOG_FEEDBACK	1
1300890504545	0	RECOG_PRES	9	GARAGE	621	-999	P	974
1300890505895	0	RECOG_CR_PRES	9	GARAGE	621	-999	P	240
1300890506461	1	RECOG_FEEDBACK	1
1300890507194	0	RECOG_PRES	9	LETTER	813	-999	P	981
1300890508544	0	RECOG_CR_PRES	9	LETTER	813	-999	P	207
1300890509077	1	RECOG_FEEDBACK	1
1300890509793	0	RECOG_PRES	9	NICKEL	950	-999	P	934
1300890511101	0	RECOG_CR_PRES	9	NICKEL	950	-999	P	194
1300890511618	1	RECOG_FEEDBACK	1
1300890512384	0	RECOG_PRES	9	FLEA	577	-999	P	935
1300890513692	0	RECOG_CR_PRES	9	FLEA	577	-999	P	235
1300890514250	1	RECOG_FEEDBACK	1
1300890515067	0	RECOG_PRES	9	CORAL	378	-999	P	941
1300890516383	0	RECOG_CR_PRES	9	CORAL	378	-999	P	200
1300890516891	1	RECOG_FEEDBACK	1
1300890517666	0	RECOG_PRES	9	DOORBELL	487	-999	P	2565
1300890520606	0	RECOG_CR_PRES	9	DOORBELL	487	-999	P	1225
1300890522197	1	RECOG_FEEDBACK	1
1300890522964	0	RECOG_PRES	9	COMB	351	-999	P	1052
1300890524388	0	RECOG_CR_PRES	9	COMB	351	-999	P	227
1300890524938	1	RECOG_FEEDBACK	1
1300890525654	0	RECOG_PRES	9	GIRAFFE	636	-999	P	969
1300890526996	0	RECOG_CR_PRES	9	GIRAFFE	636	-999	P	219
1300890527537	1	RECOG_FEEDBACK	1
1300890528345	0	RECOG_PRES	9	STAFF	1365	-999	P	2630
1300890531344	0	RECOG_CR_PRES	9	STAFF	1365	-999	P	1127
1300890532852	1	RECOG_FEEDBACK	0
1300890533627	0	RECOG_PRES	9	MOON	914	-999	P	1228
1300890535226	0	RECOG_CR_PRES	9	MOON	914	-999	P	221
1300890535751	1	RECOG_FEEDBACK	1
1300890536526	0	RECOG_PRES	9	RAT	1169	-999	P	1081
1300890537983	0	RECOG_CR_PRES	9	RAT	1169	-999	P	208
1300890538492	1	RECOG_FEEDBACK	1
1300890539258	0	RECOG_PRES	9	DOG	480	-999	P	901
1300890540533	0	RECOG_CR_PRES	9	DOG	480	-999	P	250
1300890541099	1	RECOG_FEEDBACK	1
1300890541840	0	RECOG_PRES	9	DOVE	491	-999	P	919
1300890543132	0	RECOG_CR_PRES	9	DOVE	491	-999	P	251
1300890543681	1	RECOG_FEEDBACK	1
1300890544448	0	RECOG_PRES	9	MONARCH	906	-999	P	1231
1300890546047	0	RECOG_CR_PRES	9	MONARCH	906	-999	P	272
1300890546630	1	RECOG_FEEDBACK	1
1300890547338	0	RECOG_PRES	9	BUREAU	199	-999	P	891
1300890548630	0	RECOG_CR_PRES	9	BUREAU	199	-999	P	201
1300890549121	1	RECOG_FEEDBACK	1
1300890549921	0	RECOG_PRES	9	CUFF	423	-999	P	990
1300890551287	0	RECOG_CR_PRES	9	CUFF	423	-999	P	224
1300890551845	1	RECOG_FEEDBACK	1
1300890552595	0	RECOG_PRES	9	NOOSE	956	-999	P	1348
1300890554319	0	RECOG_CR_PRES	9	NOOSE	956	-999	P	248
1300890554894	1	RECOG_FEEDBACK	1
1300890556585	0	REST
1300890557630	1	REC_START
1300890557660	0	RECOG_PRES	10	JUDGE	761	-999	P	1267
1300890559301	0	RECOG_CR_PRES	10	JUDGE	761	-999	P	218
1300890559826	1	RECOG_FEEDBACK	1
1300890560592	0	RECOG_PRES	10	HAIL	676	-999	P	1119
1300890562083	0	RECOG_CR_PRES	10	HAIL	676	-999	P	252
1300890562658	1	RECOG_FEEDBACK	1
1300890563466	0	RECOG_PRES	10	HANGER	687	-999	P	941
1300890564782	0	RECOG_CR_PRES	10	HANGER	687	-999	P	297
1300890565399	1	RECOG_FEEDBACK	1
1300890566190	0	RECOG_PRES	10	CHAMPAGNE	278	-999	P	1017
1300890567581	0	RECOG_CR_PRES	10	CHAMPAGNE	278	-999	P	266
1300890568156	1	RECOG_FEEDBACK	1
1300890568881	0	RECOG_PRES	10	TAPIOCA	1434	-999	P	990
1300890570247	0	RECOG_CR_PRES	10	TAPIOCA	1434	-999	P	256
1300890570822	1	RECOG_FEEDBACK	1
1300890571613	0	RECOG_PRES	10	DIAPER	459	-999	P	962
1300890572946	0	RECOG_CR_PRES	10	DIAPER	459	-999	P	189
1300890573463	1	RECOG_FEEDBACK	1
1300890574271	0	RECOG_PRES	10	HIP	710	-999	P	1144
1300890575787	0	RECOG_CR_PRES	10	HIP	710	-999	P	268
1300890576387	1	RECOG_FEEDBACK	1
1300890577178	0	RECOG_PRES	10	PIGEON	1065	-999	P	917
1300890578469	0	RECOG_CR_PRES	10	PIGEON	1065	-999	P	210
1300890579012	1	RECOG_FEEDBACK	1
1300890579760	0	RECOG_PRES	10	HUMAN	726	-999	P	919
1300890581052	0	RECOG_CR_PRES	10	HUMAN	726	-999	P	227
1300890581601	1	RECOG_FEEDBACK	1
1300890582393	0	RECOG_PRES	10	RIB	1188	-999	P	1102
1300890583867	0	RECOG_CR_PRES	10	RIB	1188	-999	P	236
1300890584425	1	RECOG_FEEDBACK	1
1300890585167	0	RECOG_PRES	10	BUBBLE	183	-999	P	1120
1300890586658	0	RECOG_CR_PRES	10	BUBBLE	183	-999	P	213
1300890587191	1	RECOG_FEEDBACK	1
1300890587949	0	RECOG_PRES	10	PELT	1040	-999	P	1882
1300890590207	0	RECOG_CR_PRES	10	PELT	1040	-999	P	192
1300890590740	1	RECOG_FEEDBACK	0
1300890591498	0	RECOG_PRES	10	WASHER	1592	-999	P	1109
1300890592981	0	RECOG_CR_PRES	10	WASHER	1592	-999	P	1442
1300890594755	1	RECOG_FEEDBACK	1
1300890595538	0	RECOG_PRES	10	ORCHESTRA	981	-999	P	941
1300890596854	0	RECOG_CR_PRES	10	ORCHESTRA	981	-999	P	201
1300890597354	1	RECOG_FEEDBACK	1
1300890598137	0	RECOG_PRES	10	ZEBRA	1635	-999	P	1254
1300890599762	0	RECOG_CR_PRES	10	ZEBRA	1635	-999	P	221
1300890600320	1	RECOG_FEEDBACK	1
1300890601078	0	RECOG_PRES	10	MARSH	874	-999	P	1161
1300890602611	0	RECOG_CR_PRES	10	MARSH	874	-999	P	220
1300890603160	1	RECOG_FEEDBACK	1
1300890603868	0	RECOG_PRES	10	CAMEL	223	-999	P	963
1300890605201	0	RECOG_CR_PRES	10	CAMEL	223	-999	P	278
1300890605801	1	RECOG_FEEDBACK	1
1300890606559	0	RECOG_PRES	10	TWEEZERS	1526	-999	P	2048
1300890608983	0	RECOG_CR_PRES	10	TWEEZERS	1526	-999	P	224
1300890609566	1	RECOG_FEEDBACK	1
1300890610291	0	RECOG_PRES	10	WAGON	1578	-999	P	956
1300890611616	0	RECOG_CR_PRES	10	WAGON	1578	-999	P	247
1300890612182	1	RECOG_FEEDBACK	1
1300890612915	0	RECOG_PRES	10	OX	994	-999	P	1332
1300890614623	0	RECOG_CR_PRES	10	OX	994	-999	P	264
1300890615223	1	RECOG_FEEDBACK	1
1300890616747	0	REST
1300890617702	1	REC_START
1300890617739	0	RECOG_PRES	11	SUGAR	1401	-999	P	1092
1300890619205	0	RECOG_CR_PRES	11	SUGAR	1401	-999	P	218
1300890619755	1	RECOG_FEEDBACK	1
1300890620488	0	RECOG_PRES	11	CEMETERY	269	-999	P	1063
1300890621920	0	RECOG_CR_PRES	11	CEMETERY	269	-999	P	231
1300890622470	1	RECOG_FEEDBACK	1
1300890623237	0	RECOG_PRES	11	CITRUS	313	-999	P	906
1300890624520	0	RECOG_CR_PRES	11	CITRUS	313	-999	P	215
1300890625061	1	RECOG_FEEDBACK	1
1300890625869	0	RECOG_PRES	11	TEENAGER	1444	-999	P	1618
1300890627860	0	RECOG_CR_PRES	11	TEENAGER	1444	-999	P	283
1300890628485	1	RECOG_FEEDBACK	1
1300890629210	0	RECOG_PRES	11	FLANNEL	574	-999	P	997
1300890630576	0	RECOG_CR_PRES	11	FLANNEL	574	-999	P	263
1300890631159	1	RECOG_FEEDBACK	1
1300890631950	0	RECOG_PRES	11	WHALE	1601	-999	P	1457
1300890633783	0	RECOG_CR_PRES	11	WHALE	1601	-999	P	280
1300890634399	1	RECOG_FEEDBACK	1
1300890635133	0	RECOG_PRES	11	FOLLOWER	589	-999	P	986
1300890636490	0	RECOG_CR_PRES	11	FOLLOWER	589	-999	P	237
1300890637048	1	RECOG_FEEDBACK	1
1300890637815	0	RECOG_PRES	11	TORTOISE	1486	-999	P	1160
1300890639348	0	RECOG_CR_PRES	11	TORTOISE	1486	-999	P	251
1300890639931	1	RECOG_FEEDBACK	1
1300890640656	0	RECOG_PRES	11	DIRECTOR	471	-999	P	1879
1300890642896	0	RECOG_CR_PRES	11	DIRECTOR	471	-999	P	871
1300890644113	1	RECOG_FEEDBACK	1
1300890644829	0	RECOG_PRES	11	ROBE	1198	-999	P	994
1300890646195	0	RECOG_CR_PRES	11	ROBE	1198	-999	P	260
1300890646778	1	RECOG_FEEDBACK	1
1300890647545	0	RECOG_PRES	11	SEAL	1262	-999	P	1134
1300890649053	0	RECOG_CR_PRES	11	SEAL	1262	-999	P	298
1300890649652	1	RECOG_FEEDBACK	1
1300890650427	0	RECOG_PRES	11	DRINK	498	-999	P	1260
1300890652060	0	RECOG_CR_PRES	11	DRINK	498	-999	P	267
1300890652668	1	RECOG_FEEDBACK	1
1300890653468	0	RECOG_PRES	11	SINK	1309	-999	P	2163
1300890656001	0	RECOG_CR_PRES	11	SINK	1309	-999	P	326
1300890656675	1	RECOG_FEEDBACK	0
1300890657425	0	RECOG_PRES	11	SUBMARINE	1398	-999	P	1110
1300890658907	0	RECOG_CR_PRES	11	SUBMARINE	1398	-999	P	252
1300890659482	1	RECOG_FEEDBACK	1
1300890660232	0	RECOG_PRES	11	PIT	1077	-999	P	919
1300890661523	0	RECOG_CR_PRES	11	PIT	1077	-999	P	300
1300890662140	1	RECOG_FEEDBACK	1
1300890662948	0	RECOG_PRES	11	NOVEL	960	-999	P	1379
1300890664697	0	RECOG_CR_PRES	11	NOVEL	960	-999	P	286
1300890665322	1	RECOG_FEEDBACK	0
1300890666046	0	RECOG_PRES	11	OFFICE	972	-999	P	1121
1300890667538	0	RECOG_CR_PRES	11	OFFICE	972	-999	P	253
1300890668121	1	RECOG_FEEDBACK	1
1300890668887	0	RECOG_PRES	11	CLASS	318	-999	P	1040
1300890670303	0	RECOG_CR_PRES	11	CLASS	318	-999	P	232
1300890670862	1	RECOG_FEEDBACK	1
1300890671595	0	RECOG_PRES	11	DUCK	504	-999	P	940
1300890672911	0	RECOG_CR_PRES	11	DUCK	504	-999	P	296
1300890673511	1	RECOG_FEEDBACK	1
1300890674277	0	RECOG_PRES	11	VITAMIN	1574	-999	P	1010
1300890675660	0	RECOG_CR_PRES	11	VITAMIN	1574	-999	P	339
1300890676310	1	RECOG_FEEDBACK	1
1300890677801	0	REST
1300890678783	1	REC_START
1300890678817	0	RECOG_PRES	12	COOLER	375	-999	P	1030
1300890680217	0	RECOG_CR_PRES	12	COOLER	375	-999	P	246
1300890680783	1	RECOG_FEEDBACK	1
1300890681533	0	RECOG_PRES	12	CANOE	233	-999	P	1034
1300890682941	0	RECOG_CR_PRES	12	CANOE	233	-999	P	288
1300890683557	1	RECOG_FEEDBACK	1
1300890684298	0	RECOG_PRES	12	SAND	1230	-999	P	1029
1300890685698	0	RECOG_CR_PRES	12	SAND	1230	-999	P	269
1300890686264	1	RECOG_FEEDBACK	1
1300890687022	0	RECOG_PRES	12	BOSS	152	-999	P	1097
1300890688489	0	RECOG_CR_PRES	12	BOSS	152	-999	P	294
1300890689113	1	RECOG_FEEDBACK	1
1300890689905	0	RECOG_PRES	12	TULIP	1517	-999	P	950
1300890691229	0	RECOG_CR_PRES	12	TULIP	1517	-999	P	218
1300890691771	1	RECOG_FEEDBACK	1
1300890692487	0	RECOG_PRES	12	LIGHTNING	820	-999	P	1560
1300890694420	0	RECOG_CR_PRES	12	LIGHTNING	820	-999	P	251
1300890695012	1	RECOG_FEEDBACK	1
1300890695819	0	RECOG_PRES	12	KNUCKLE	789	-999	P	1020
1300890697211	0	RECOG_CR_PRES	12	KNUCKLE	789	-999	P	260
1300890697802	1	RECOG_FEEDBACK	1
1300890698527	0	RECOG_PRES	12	OTTER	986	-999	P	1120
1300890700011	0	RECOG_CR_PRES	12	OTTER	986	-999	P	260
1300890700601	1	RECOG_FEEDBACK	1
1300890701367	0	RECOG_PRES	12	PEOPLE	1046	-999	P	1841
1300890703608	0	RECOG_CR_PRES	12	PEOPLE	1046	-999	P	207
1300890704158	1	RECOG_FEEDBACK	0
1300890704950	0	RECOG_PRES	12	ONION	977	-999	P	953
1300890706274	0	RECOG_CR_PRES	12	ONION	977	-999	P	245
1300890706824	1	RECOG_FEEDBACK	1
1300890707624	0	RECOG_PRES	12	BUTTON	207	-999	P	1103
1300890709098	0	RECOG_CR_PRES	12	BUTTON	207	-999	P	301
1300890709706	1	RECOG_FEEDBACK	1
1300890710439	0	RECOG_PRES	12	BLENDER	136	-999	P	1040
1300890711855	0	RECOG_CR_PRES	12	BLENDER	136	-999	P	264
1300890712439	1	RECOG_FEEDBACK	1
1300890713213	0	RECOG_PRES	12	RADISH	1158	-999	P	1154
1300890714729	0	RECOG_CR_PRES	12	RADISH	1158	-999	P	254
1300890715312	1	RECOG_FEEDBACK	1
1300890716037	0	RECOG_PRES	12	EWE	542	-999	P	986
1300890717395	0	RECOG_CR_PRES	12	EWE	542	-999	P	276
1300890717970	1	RECOG_FEEDBACK	1
1300890718778	0	RECOG_PRES	12	PRAIRIE	1118	-999	P	1045
1300890720194	0	RECOG_CR_PRES	12	PRAIRIE	1118	-999	P	245
1300890720736	1	RECOG_FEEDBACK	1
1300890721510	0	RECOG_PRES	12	BLOUSE	139	-999	P	1065
1300890722951	0	RECOG_CR_PRES	12	BLOUSE	139	-999	P	296
1300890723568	1	RECOG_FEEDBACK	1
1300890724284	0	RECOG_PRES	12	DRILL	497	-999	P	1163
1300890725817	0	RECOG_CR_PRES	12	DRILL	497	-999	P	286
1300890726425	1	RECOG_FEEDBACK	1
1300890727142	0	RECOG_PRES	12	COCKTAIL	338	-999	P	1081
1300890728599	0	RECOG_CR_PRES	12	COCKTAIL	338	-999	P	240
1300890729133	1	RECOG_FEEDBACK	1
1300890729891	0	RECOG_PRES	12	PARTNER	1017	-999	P	1620
1300890731882	0	RECOG_CR_PRES	12	PARTNER	1017	-999	P	245
1300890732473	1	RECOG_FEEDBACK	0
1300890733248	0	RECOG_PRES	12	LACE	792	-999	P	991
1300890734614	0	RECOG_CR_PRES	12	LACE	792	-999	P	265
1300890735205	1	RECOG_FEEDBACK	1
1300890736638	0	REST
1300890737632	1	REC_START
1300890737663	0	RECOG_PRES	13	PEAR	1033	-999	P	1112
1300890739146	0	RECOG_CR_PRES	13	PEAR	1033	-999	P	285
1300890739754	1	RECOG_FEEDBACK	1
1300890740562	0	RECOG_PRES	13	COWARD	394	-999	P	1157
1300890742095	0	RECOG_CR_PRES	13	COWARD	394	-999	P	248
1300890742670	1	RECOG_FEEDBACK	1
1300890743436	0	RECOG_PRES	13	LIBRARY	816	-999	P	1011
1300890744819	0	RECOG_CR_PRES	13	LIBRARY	816	-999	P	292
1300890745435	1	RECOG_FEEDBACK	1
1300890746168	0	RECOG_PRES	13	BATHTUB	100	-999	P	1183
1300890747726	0	RECOG_CR_PRES	13	BATHTUB	100	-999	P	233
1300890748309	1	RECOG_FEEDBACK	1
1300890749026	0	RECOG_PRES	13	SHOULDER	1294	-999	P	957
1300890750358	0	RECOG_CR_PRES	13	SHOULDER	1294	-999	P	305
1300890750992	1	RECOG_FEEDBACK	1
1300890751766	0	RECOG_PRES	13	PENGUIN	1044	-999	P	1025
1300890753166	0	RECOG_CR_PRES	13	PENGUIN	1044	-999	P	265
1300890753766	1	RECOG_FEEDBACK	1
1300890754549	0	RECOG_PRES	13	ALLIGATOR	16	-999	P	1058
1300890755982	0	RECOG_CR_PRES	13	ALLIGATOR	16	-999	P	257
1300890756556	1	RECOG_FEEDBACK	1
1300890757281	0	RECOG_PRES	13	RABBIT	1152	-999	P	926
1300890758581	0	RECOG_CR_PRES	13	RABBIT	1152	-999	P	266
1300890759172	1	RECOG_FEEDBACK	1
1300890759980	0	RECOG_PRES	13	LOBSTER	837	-999	P	907
1300890761263	0	RECOG_CR_PRES	13	LOBSTER	837	-999	P	248
1300890761838	1	RECOG_FEEDBACK	1
1300890762562	0	RECOG_PRES	13	BUSH	202	-999	P	1317
1300890764254	0	RECOG_CR_PRES	13	BUSH	202	-999	P	241
1300890764828	1	RECOG_FEEDBACK	1
1300890765570	0	RECOG_PRES	13	CAGE	218	-999	P	949
1300890766894	0	RECOG_CR_PRES	13	CAGE	218	-999	P	289
1300890767511	1	RECOG_FEEDBACK	1
1300890768302	0	RECOG_PRES	13	PATH	1023	-999	P	1257
1300890769935	0	RECOG_CR_PRES	13	PATH	1023	-999	P	240
1300890770518	1	RECOG_FEEDBACK	1
1300890771318	0	RECOG_PRES	13	TUNA	1518	-999	P	937
1300890772626	0	RECOG_CR_PRES	13	TUNA	1518	-999	P	293
1300890773250	1	RECOG_FEEDBACK	1
1300890774018	0	RECOG_PRES	13	LAWYER	806	-999	P	1061
1300890775450	0	RECOG_CR_PRES	13	LAWYER	806	-999	P	213
1300890775991	1	RECOG_FEEDBACK	1
1300890776782	0	RECOG_PRES	13	FIELD	562	-999	P	1737
1300890778890	0	RECOG_CR_PRES	13	FIELD	562	-999	P	293
1300890779532	1	RECOG_FEEDBACK	1
1300890780265	0	RECOG_PRES	13	CANNON	232	-999	P	1454
1300890782089	0	RECOG_CR_PRES	13	CANNON	232	-999	P	254
1300890782680	1	RECOG_FEEDBACK	1
1300890783472	0	RECOG_PRES	13	BANANA	77	-999	P	1247
1300890785088	0	RECOG_CR_PRES	13	BANANA	77	-999	P	215
1300890785638	1	RECOG_FEEDBACK	1
1300890786446	0	RECOG_PRES	13	BASKET	95	-999	P	1201
1300890788013	0	RECOG_CR_PRES	13	BASKET	95	-999	P	274
1300890788628	1	RECOG_FEEDBACK	1
1300890789370	0	RECOG_PRES	13	PIN	1072	-999	P	1605
1300890791344	0	RECOG_CR_PRES	13	PIN	1072	-999	P	263
1300890791960	1	RECOG_FEEDBACK	1
1300890792694	0	RECOG_PRES	13	UMPIRE	1535	-999	P	897
1300890793960	0	RECOG_CR_PRES	13	UMPIRE	1535	-999	P	263
1300890794518	1	RECOG_FEEDBACK	1
1300890796126	0	REST
1300890797010	1	REC_START
1300890797042	0	RECOG_PRES	14	PALACE	1006	-999	P	1093
1300890798508	0	RECOG_CR_PRES	14	PALACE	1006	-999	P	235
1300890799075	1	RECOG_FEEDBACK	1
1300890799816	0	RECOG_PRES	14	SEASHORE	1263	-999	P	1045
1300890801241	0	RECOG_CR_PRES	14	SEASHORE	1263	-999	P	206
1300890801774	1	RECOG_FEEDBACK	1
1300890802515	0	RECOG_PRES	14	DRESSER	496	-999	P	1372
1300890804256	0	RECOG_CR_PRES	14	DRESSER	496	-999	P	263
1300890804848	1	RECOG_FEEDBACK	1
1300890805597	0	RECOG_PRES	14	MILDEW	893	-999	P	994
1300890806964	0	RECOG_CR_PRES	14	MILDEW	893	-999	P	283
1300890807580	1	RECOG_FEEDBACK	1
1300890808321	0	RECOG_PRES	14	TOAD	1470	-999	P	2446
1300890811137	0	RECOG_CR_PRES	14	TOAD	1470	-999	P	326
1300890811820	1	RECOG_FEEDBACK	1
1300890812545	0	RECOG_PRES	14	ORGAN	984	-999	P	1734
1300890814652	0	RECOG_CR_PRES	14	ORGAN	984	-999	P	235
1300890815227	1	RECOG_FEEDBACK	0
1300890815944	0	RECOG_PRES	14	CYCLONE	431	-999	P	891
1300890817235	0	RECOG_CR_PRES	14	CYCLONE	431	-999	P	260
1300890817801	1	RECOG_FEEDBACK	1
1300890818526	0	RECOG_PRES	14	LUMBER	848	-999	P	874
1300890819801	0	RECOG_CR_PRES	14	LUMBER	848	-999	P	142
1300890820267	1	RECOG_FEEDBACK	1
1300890821010	0	RECOG_PRES	14	WAX	1597	-999	P	1021
1300890822400	0	RECOG_CR_PRES	14	WAX	1597	-999	P	223
1300890822941	1	RECOG_FEEDBACK	1
1300890823724	0	RECOG_PRES	14	BOAT	144	-999	P	939
1300890825032	0	RECOG_CR_PRES	14	BOAT	144	-999	P	199
1300890825557	1	RECOG_FEEDBACK	1
1300890826323	0	RECOG_PRES	14	SWING	1421	-999	P	980
1300890827673	0	RECOG_CR_PRES	14	SWING	1421	-999	P	198
1300890828198	1	RECOG_FEEDBACK	1
1300890828989	0	RECOG_PRES	14	FELLOW	558	-999	P	866
1300890830230	0	RECOG_CR_PRES	14	FELLOW	558	-999	P	225
1300890830788	1	RECOG_FEEDBACK	1
1300890831505	0	RECOG_PRES	14	LOG	841	-999	P	1526
1300890833404	0	RECOG_CR_PRES	14	LOG	841	-999	P	531
1300890834279	1	RECOG_FEEDBACK	0
1300890835054	0	RECOG_PRES	14	HATCHET	691	-999	P	905
1300890836328	0	RECOG_CR_PRES	14	HATCHET	691	-999	P	271
1300890836911	1	RECOG_FEEDBACK	1
1300890837703	0	RECOG_PRES	14	COYOTE	396	-999	P	1024
1300890839102	0	RECOG_CR_PRES	14	COYOTE	396	-999	P	209
1300890839635	1	RECOG_FEEDBACK	1
1300890840385	0	RECOG_PRES	14	PUDDING	1139	-999	P	926
1300890841685	0	RECOG_CR_PRES	14	PUDDING	1139	-999	P	250
1300890842234	1	RECOG_FEEDBACK	1
1300890842959	0	RECOG_PRES	14	LEADER	807	-999	P	1392
1300890844725	0	RECOG_CR_PRES	14	LEADER	807	-999	P	258
1300890845333	1	RECOG_FEEDBACK	0
1300890846091	0	RECOG_PRES	14	DASHBOARD	441	-999	P	908
1300890847374	0	RECOG_CR_PRES	14	DASHBOARD	441	-999	P	257
1300890847949	1	RECOG_FEEDBACK	1
1300890848740	0	RECOG_PRES	14	MAP	865	-999	P	859
1300890849973	0	RECOG_CR_PRES	14	MAP	865	-999	P	226
1300890850523	1	RECOG_FEEDBACK	1
1300890851248	0	RECOG_PRES	14	FRAGRANCE	599	-999	P	1119
1300890852739	0	RECOG_CR_PRES	14	FRAGRANCE	599	-999	P	260
1300890853322	1	RECOG_FEEDBACK	1
1300890854805	0	REST
1300890855883	1	REC_START
1300890855921	0	RECOG_PRES	15	CRACKER	398	-999	P	1598
1300890857895	0	RECOG_CR_PRES	15	CRACKER	398	-999	P	288
1300890858529	1	RECOG_FEEDBACK	0
1300890859312	0	RECOG_PRES	15	CONVENT	370	-999	P	1007
1300890860694	0	RECOG_CR_PRES	15	CONVENT	370	-999	P	257
1300890861278	1	RECOG_FEEDBACK	1
1300890862027	0	RECOG_PRES	15	GARDEN	623	-999	P	964
1300890863360	0	RECOG_CR_PRES	15	GARDEN	623	-999	P	263
1300890863943	1	RECOG_FEEDBACK	1
1300890864735	0	RECOG_PRES	15	CENT	270	-999	P	1296
1300890866401	0	RECOG_CR_PRES	15	CENT	270	-999	P	246
1300890866976	1	RECOG_FEEDBACK	1
1300890867775	0	RECOG_PRES	15	CUSTOMER	430	-999	P	1016
1300890869167	0	RECOG_CR_PRES	15	CUSTOMER	430	-999	P	176
1300890869666	1	RECOG_FEEDBACK	1
1300890870458	0	RECOG_PRES	15	COOKIE	374	-999	P	1341
1300890872174	0	RECOG_CR_PRES	15	COOKIE	374	-999	P	217
1300890872740	1	RECOG_FEEDBACK	1
1300890873507	0	RECOG_PRES	15	BATH	98	-999	P	900
1300890874781	0	RECOG_CR_PRES	15	BATH	98	-999	P	258
1300890875373	1	RECOG_FEEDBACK	1
1300890876131	0	RECOG_PRES	15	SERPENT	1270	-999	P	996
1300890877497	0	RECOG_CR_PRES	15	SERPENT	1270	-999	P	262
1300890878038	1	RECOG_FEEDBACK	1
1300890878780	0	RECOG_PRES	15	SPY	1360	-999	P	1051
1300890880204	0	RECOG_CR_PRES	15	SPY	1360	-999	P	259
1300890880787	1	RECOG_FEEDBACK	1
1300890881521	0	RECOG_PRES	15	CARDINAL	244	-999	P	950
1300890882845	0	RECOG_CR_PRES	15	CARDINAL	244	-999	P	234
1300890883395	1	RECOG_FEEDBACK	1
1300890884161	0	RECOG_PRES	15	FACTORY	548	-999	P	950
1300890885486	0	RECOG_CR_PRES	15	FACTORY	548	-999	P	289
1300890886044	1	RECOG_FEEDBACK	1
1300890886802	0	RECOG_PRES	15	VACUUM	1543	-999	P	973
1300890888152	0	RECOG_CR_PRES	15	VACUUM	1543	-999	P	247
1300890888685	1	RECOG_FEEDBACK	1
1300890889434	0	RECOG_PRES	15	STRAW	1390	-999	P	1133
1300890890942	0	RECOG_CR_PRES	15	STRAW	1390	-999	P	225
1300890891492	1	RECOG_FEEDBACK	1
1300890892267	0	RECOG_PRES	15	WALRUS	1585	-999	P	972
1300890893608	0	RECOG_CR_PRES	15	WALRUS	1585	-999	P	263
1300890894191	1	RECOG_FEEDBACK	1
1300890894932	0	RECOG_PRES	15	SHORE	1291	-999	P	1339
1300890896640	0	RECOG_CR_PRES	15	SHORE	1291	-999	P	215
1300890897198	1	RECOG_FEEDBACK	0
1300890897998	0	RECOG_PRES	15	SALOON	1228	-999	P	897
1300890899264	0	RECOG_CR_PRES	15	SALOON	1228	-999	P	287
1300890899864	1	RECOG_FEEDBACK	1
1300890900589	0	RECOG_PRES	15	UNDERWEAR	1537	-999	P	1002
1300890901963	0	RECOG_CR_PRES	15	UNDERWEAR	1537	-999	P	332
1300890902630	1	RECOG_FEEDBACK	1
1300890903438	0	RECOG_PRES	15	TURNIP	1521	-999	P	937
1300890904746	0	RECOG_CR_PRES	15	TURNIP	1521	-999	P	237
1300890905295	1	RECOG_FEEDBACK	1
1300890906062	0	RECOG_PRES	15	CLERK	321	-999	P	954
1300890907386	0	RECOG_CR_PRES	15	CLERK	321	-999	P	301
1300890907969	1	RECOG_FEEDBACK	1
1300890908761	0	RECOG_PRES	15	SCULPTURE	1258	-999	P	966
1300890910102	0	RECOG_CR_PRES	15	SCULPTURE	1258	-999	P	305
1300890910727	1	RECOG_FEEDBACK	1
1300890911529	0	RECOG_END
1300890913626	0	SESS_END
1300890913669	0	E	Logging Ends
