1266444750833	0	B	Logging Begins
1266444750833	0	SESS_START	2
1266444846184	1	FR_PRES	0	DIVER	476	0	1	1413	(0.42259999999999998, 0.58709999999999996, 0)	../fonts/zerothre.ttf	upper
1266444850125	1	FR_PRES	0	SWIMMER	1420	0	1	1056	(0.42259999999999998, 0.58709999999999996, 0)	../fonts/zerothre.ttf	upper
1266444854175	1	FR_PRES	0	SEAFOOD	1260	0	1	1757	(0.42259999999999998, 0.58709999999999996, 0)	../fonts/zerothre.ttf	upper
1266444858249	1	FR_PRES	0	APPENDAGE	32	1	0	1459	(0.57740000000000002, 0.41289999999999999, 1.0)	../fonts/amplitud.ttf	lower
1266444862257	1	FR_PRES	0	VINEGAR	1569	1	0	1188	(0.57740000000000002, 0.41289999999999999, 1.0)	../fonts/amplitud.ttf	lower
1266444866449	1	FR_PRES	0	HOOK	715	0	0	2212	(0.42259999999999998, 0.58709999999999996, 0)	../fonts/zerothre.ttf	upper
1266444870524	1	FR_PRES	0	LIPSTICK	829	0	0	1472	(0.42259999999999998, 0.58709999999999996, 0)	../fonts/zerothre.ttf	upper
1266444874348	1	FR_PRES	0	CHILD	299	0	1	1897	(0.42259999999999998, 0.58709999999999996, 0)	../fonts/zerothre.ttf	upper
1266444878273	1	FR_PRES	0	SHEPHERD	1283	0	1	1411	(0.42259999999999998, 0.58709999999999996, 0)	../fonts/zerothre.ttf	upper
1266444882356	1	FR_PRES	0	JUG	762	0	0	1600	(0.42259999999999998, 0.58709999999999996, 0)	../fonts/zerothre.ttf	upper
1266444886197	1	FR_PRES	0	THUMB	1462	1	0	1503	(0.57740000000000002, 0.41289999999999999, 1.0)	../fonts/amplitud.ttf	lower
1266444890130	1	FR_PRES	0	SKELETON	1314	1	0	1834	(0.57740000000000002, 0.41289999999999999, 1.0)	../fonts/amplitud.ttf	lower
1266444894022	1	FR_PRES	0	WRIST	1626	1	0	1766	(0.57740000000000002, 0.41289999999999999, 1.0)	../fonts/amplitud.ttf	lower
1266444898080	1	FR_PRES	0	BLACKBOARD	133	1	0	1844	(0.57740000000000002, 0.41289999999999999, 1.0)	../fonts/amplitud.ttf	lower
1266444902021	1	FR_PRES	0	MAJOR	859	1	0	1536	(0.57740000000000002, 0.41289999999999999, 1.0)	../fonts/amplitud.ttf	lower
1266444905995	1	FR_PRES	0	SERGEANT	1269	1	1	1266	(0.57740000000000002, 0.41289999999999999, 1.0)	../fonts/amplitud.ttf	lower
1266444912021	1	REC_START
1266444996423	0	REST
1266444997930	1	FR_PRES	1	CHAPEL	280	1	0	1762	(0.57740000000000002, 0.41289999999999999, 1.0)	../fonts/amplitud.ttf	lower
1266445001888	1	FR_PRES	1	CROSS	413	1	0	1141	(0.57740000000000002, 0.41289999999999999, 1.0)	../fonts/amplitud.ttf	lower
1266445006030	1	FR_PRES	1	LEOPARD	812	1	1	1263	(0.57740000000000002, 0.41289999999999999, 1.0)	../fonts/amplitud.ttf	lower
1266445009912	1	FR_PRES	1	TEENAGER	1444	1	1	1293	(0.57740000000000002, 0.41289999999999999, 1.0)	../fonts/amplitud.ttf	lower
1266445013862	1	FR_PRES	1	LIME	823	1	1	1303	(0.57740000000000002, 0.41289999999999999, 1.0)	../fonts/amplitud.ttf	lower
1266445017853	1	FR_PRES	1	GUM	672	1	0	1224	(0.57740000000000002, 0.41289999999999999, 1.0)	../fonts/amplitud.ttf	lower
1266445021995	1	FR_PRES	1	ROOT	1210	0	0	1522	(0.42259999999999998, 0.58709999999999996, 0)	../fonts/zerothre.ttf	upper
1266445026146	1	FR_PRES	1	SUGAR	1401	0	0	2019	(0.42259999999999998, 0.58709999999999996, 0)	../fonts/zerothre.ttf	upper
1266445030045	1	FR_PRES	1	FEMALE	559	0	1	1608	(0.42259999999999998, 0.58709999999999996, 0)	../fonts/zerothre.ttf	upper
1266445034045	1	FR_PRES	1	DELINQUENT	445	0	1	1815	(0.42259999999999998, 0.58709999999999996, 0)	../fonts/zerothre.ttf	upper
1266445038070	1	FR_PRES	1	LOBSTER	837	0	1	1654	(0.42259999999999998, 0.58709999999999996, 0)	../fonts/zerothre.ttf	upper
1266445042119	1	FR_PRES	1	LAMP	798	0	1	1773	(0.42259999999999998, 0.58709999999999996, 0)	../fonts/zerothre.ttf	upper
1266445046194	1	FR_PRES	1	MATCH	878	1	0	1435	(0.57740000000000002, 0.41289999999999999, 1.0)	../fonts/amplitud.ttf	lower
1266445050177	1	FR_PRES	1	BUYER	208	1	1	1404	(0.57740000000000002, 0.41289999999999999, 1.0)	../fonts/amplitud.ttf	lower
1266445054185	1	FR_PRES	1	GARDEN	623	0	1	1547	(0.42259999999999998, 0.58709999999999996, 0)	../fonts/zerothre.ttf	upper
1266445058077	1	FR_PRES	1	POSSUM	1112	0	1	1488	(0.42259999999999998, 0.58709999999999996, 0)	../fonts/zerothre.ttf	upper
1266445063984	1	REC_START
1266445147512	0	REST
1266445149020	1	FR_PRES	2	CONE	363	0	0	1433	(0.42259999999999998, 0.58709999999999996, 0)	../fonts/zerothre.ttf	upper
1266445153045	1	FR_PRES	2	RAG	1160	0	0	1512	(0.42259999999999998, 0.58709999999999996, 0)	../fonts/zerothre.ttf	upper
1266445156968	1	FR_PRES	2	COYOTE	396	0	1	1820	(0.42259999999999998, 0.58709999999999996, 0)	../fonts/zerothre.ttf	upper
1266445161152	1	FR_PRES	2	ZEBRA	1635	0	1	1309	(0.42259999999999998, 0.58709999999999996, 0)	../fonts/zerothre.ttf	upper
1266445165269	1	FR_PRES	2	CREATURE	403	0	1	1384	(0.42259999999999998, 0.58709999999999996, 0)	../fonts/zerothre.ttf	upper
1266445169160	1	FR_PRES	2	CUPBOARD	425	0	1	1141	(0.42259999999999998, 0.58709999999999996, 0)	../fonts/zerothre.ttf	upper
1266445173076	1	FR_PRES	2	CHIPMUNK	304	0	0	1672	(0.42259999999999998, 0.58709999999999996, 0)	../fonts/zerothre.ttf	upper
1266445177259	1	FR_PRES	2	JEANS	752	0	0	2194	(0.42259999999999998, 0.58709999999999996, 0)	../fonts/zerothre.ttf	upper
1266445181176	1	FR_PRES	2	STEAM	1375	0	0	2165	(0.42259999999999998, 0.58709999999999996, 0)	../fonts/zerothre.ttf	upper
1266445185184	1	FR_PRES	2	SWAMP	1416	0	1	1829	(0.42259999999999998, 0.58709999999999996, 0)	../fonts/zerothre.ttf	upper
1266445189225	1	FR_PRES	2	SHIRT	1287	0	1	1731	(0.42259999999999998, 0.58709999999999996, 0)	../fonts/zerothre.ttf	upper
1266445193392	1	FR_PRES	2	LIVER	833	0	0	2645	(0.42259999999999998, 0.58709999999999996, 0)	../fonts/zerothre.ttf	upper
1266445197350	1	FR_PRES	2	PAINT	1003	0	1	2959	(0.42259999999999998, 0.58709999999999996, 0)	../fonts/zerothre.ttf	upper
1266445201508	1	FR_PRES	2	PAINTER	1004	0	1	1432	(0.42259999999999998, 0.58709999999999996, 0)	../fonts/zerothre.ttf	upper
1266445205416	1	FR_PRES	2	SKIRT	1319	0	1	1717	(0.42259999999999998, 0.58709999999999996, 0)	../fonts/zerothre.ttf	upper
1266445209399	1	FR_PRES	2	MAMMAL	861	0	1	1589	(0.42259999999999998, 0.58709999999999996, 0)	../fonts/zerothre.ttf	upper
1266445215316	1	REC_START
1266445295484	0	REST
1266445296991	1	FR_PRES	3	LOG	841	1	0	1222	(0.57740000000000002, 0.41289999999999999, 1.0)	../fonts/amplitud.ttf	lower
1266445300808	1	FR_PRES	3	SPARROW	1347	1	1	1261	(0.57740000000000002, 0.41289999999999999, 1.0)	../fonts/amplitud.ttf	lower
1266445304857	1	FR_PRES	3	VICTIM	1562	1	1	1516	(0.57740000000000002, 0.41289999999999999, 1.0)	../fonts/amplitud.ttf	lower
1266445308924	1	FR_PRES	3	CAPTIVE	240	1	1	1896	(0.57740000000000002, 0.41289999999999999, 1.0)	../fonts/amplitud.ttf	lower
1266445312807	1	FR_PRES	3	COWBOY	395	1	1	1518	(0.57740000000000002, 0.41289999999999999, 1.0)	../fonts/amplitud.ttf	lower
1266445316641	1	FR_PRES	3	SADDLE	1221	1	0	1131	(0.57740000000000002, 0.41289999999999999, 1.0)	../fonts/amplitud.ttf	lower
1266445320599	1	FR_PRES	3	CACTUS	215	1	1	1333	(0.57740000000000002, 0.41289999999999999, 1.0)	../fonts/amplitud.ttf	lower
1266445324806	1	FR_PRES	3	DIPLOMA	470	1	0	1487	(0.57740000000000002, 0.41289999999999999, 1.0)	../fonts/amplitud.ttf	lower
1266445328697	1	FR_PRES	3	BINDER	127	1	0	1460	(0.57740000000000002, 0.41289999999999999, 1.0)	../fonts/amplitud.ttf	lower
1266445332515	1	FR_PRES	3	INSTRUCTOR	741	1	1	1473	(0.57740000000000002, 0.41289999999999999, 1.0)	../fonts/amplitud.ttf	lower
1266445336640	1	FR_PRES	3	COLLAR	345	1	1	2284	(0.57740000000000002, 0.41289999999999999, 1.0)	../fonts/amplitud.ttf	lower
1266445340489	1	FR_PRES	3	QUAIL	1147	1	1	932	(0.57740000000000002, 0.41289999999999999, 1.0)	../fonts/amplitud.ttf	lower
1266445344339	1	FR_PRES	3	GRADUATE	653	1	1	1130	(0.57740000000000002, 0.41289999999999999, 1.0)	../fonts/amplitud.ttf	lower
1266445348355	1	FR_PRES	3	PLAID	1080	1	0	1401	(0.57740000000000002, 0.41289999999999999, 1.0)	../fonts/amplitud.ttf	lower
1266445352297	1	FR_PRES	3	WHEEL	1603	1	0	1300	(0.57740000000000002, 0.41289999999999999, 1.0)	../fonts/amplitud.ttf	lower
1266445356205	1	FR_PRES	3	DRIVER	499	1	1	1296	(0.57740000000000002, 0.41289999999999999, 1.0)	../fonts/amplitud.ttf	lower
1266445361812	1	REC_START
1266445447705	0	REST
1266445449206	1	FR_PRES	4	BUSH	202	1	1	1175	(0.57740000000000002, 0.41289999999999999, 1.0)	../fonts/amplitud.ttf	lower
1266445453131	1	FR_PRES	4	PLUTO	1092	1	0	1458	(0.57740000000000002, 0.41289999999999999, 1.0)	../fonts/amplitud.ttf	lower
1266445457289	1	FR_PRES	4	PEDAL	1037	1	0	1332	(0.57740000000000002, 0.41289999999999999, 1.0)	../fonts/amplitud.ttf	lower
1266445461355	1	FR_PRES	4	WHALE	1601	1	1	2274	(0.57740000000000002, 0.41289999999999999, 1.0)	../fonts/amplitud.ttf	lower
1266445465497	1	FR_PRES	4	DOLPHIN	483	1	1	1347	(0.57740000000000002, 0.41289999999999999, 1.0)	../fonts/amplitud.ttf	lower
1266445469405	1	FR_PRES	4	NEPTUNE	943	1	0	1431	(0.57740000000000002, 0.41289999999999999, 1.0)	../fonts/amplitud.ttf	lower
1266445473588	1	FR_PRES	4	LITTER	832	0	0	1689	(0.42259999999999998, 0.58709999999999996, 0)	../fonts/zerothre.ttf	upper
1266445477529	1	FR_PRES	4	WILDERNESS	1610	0	1	1804	(0.42259999999999998, 0.58709999999999996, 0)	../fonts/zerothre.ttf	upper
1266445481387	1	FR_PRES	4	MECHANIC	884	0	1	1714	(0.42259999999999998, 0.58709999999999996, 0)	../fonts/zerothre.ttf	upper
1266445485304	1	FR_PRES	4	PENDULUM	1043	0	0	2021	(0.42259999999999998, 0.58709999999999996, 0)	../fonts/zerothre.ttf	upper
1266445489462	1	FR_PRES	4	HAWK	692	1	1	1326	(0.57740000000000002, 0.41289999999999999, 1.0)	../fonts/amplitud.ttf	lower
1266445493628	1	FR_PRES	4	BIRD	129	1	1	1264	(0.57740000000000002, 0.41289999999999999, 1.0)	../fonts/amplitud.ttf	lower
1266445497802	1	FR_PRES	4	SILVERWARE	1308	0	0	1315	(0.42259999999999998, 0.58709999999999996, 0)	../fonts/zerothre.ttf	upper
1266445501661	1	FR_PRES	4	RICE	1190	0	0	976	(0.42259999999999998, 0.58709999999999996, 0)	../fonts/zerothre.ttf	upper
1266445505785	1	FR_PRES	4	SEED	1266	0	0	907	(0.42259999999999998, 0.58709999999999996, 0)	../fonts/zerothre.ttf	upper
1266445509826	1	FR_PRES	4	PELICAN	1039	0	0	1475	(0.42259999999999998, 0.58709999999999996, 0)	../fonts/zerothre.ttf	upper
1266445515677	1	REC_START
1266445602428	0	REST
1266445603936	1	FR_PRES	5	RASPBERRY	1168	0	0	1221	(0.42259999999999998, 0.58709999999999996, 0)	../fonts/zerothre.ttf	upper
1266445607810	1	FR_PRES	5	STALLION	1369	0	1	1186	(0.42259999999999998, 0.58709999999999996, 0)	../fonts/zerothre.ttf	upper
1266445611644	1	FR_PRES	5	CUFF	423	1	0	1320	(0.57740000000000002, 0.41289999999999999, 1.0)	../fonts/amplitud.ttf	lower
1266445615477	1	FR_PRES	5	CARROT	249	1	1	1335	(0.57740000000000002, 0.41289999999999999, 1.0)	../fonts/amplitud.ttf	lower
1266445619319	1	FR_PRES	5	HAY	693	1	1	1718	(0.57740000000000002, 0.41289999999999999, 1.0)	../fonts/amplitud.ttf	lower
1266445623277	1	FR_PRES	5	TROUSERS	1510	1	0	1344	(0.57740000000000002, 0.41289999999999999, 1.0)	../fonts/amplitud.ttf	lower
1266445627202	1	FR_PRES	5	ARTERY	41	1	1	1722	(0.57740000000000002, 0.41289999999999999, 1.0)	../fonts/amplitud.ttf	lower
1266445631018	1	FR_PRES	5	JOKER	759	0	1	1722	(0.42259999999999998, 0.58709999999999996, 0)	../fonts/zerothre.ttf	upper
1266445635118	1	FR_PRES	5	SHOVEL	1295	0	1	1814	(0.42259999999999998, 0.58709999999999996, 0)	../fonts/zerothre.ttf	upper
1266445639309	1	FR_PRES	5	BOY	161	1	1	1336	(0.57740000000000002, 0.41289999999999999, 1.0)	../fonts/amplitud.ttf	lower
1266445643267	1	FR_PRES	5	BRUISE	180	1	0	1457	(0.57740000000000002, 0.41289999999999999, 1.0)	../fonts/amplitud.ttf	lower
1266445647267	1	FR_PRES	5	BANDAGE	79	1	0	1746	(0.57740000000000002, 0.41289999999999999, 1.0)	../fonts/amplitud.ttf	lower
1266445651375	1	FR_PRES	5	GOVERNOR	651	0	1	1381	(0.42259999999999998, 0.58709999999999996, 0)	../fonts/zerothre.ttf	upper
1266445655358	1	FR_PRES	5	SENATOR	1268	0	1	1446	(0.42259999999999998, 0.58709999999999996, 0)	../fonts/zerothre.ttf	upper
1266445659324	1	FR_PRES	5	MICROSCOPE	891	0	0	1600	(0.42259999999999998, 0.58709999999999996, 0)	../fonts/zerothre.ttf	upper
1266445663524	1	FR_PRES	5	TELEPHONE	1445	0	1	1921	(0.42259999999999998, 0.58709999999999996, 0)	../fonts/zerothre.ttf	upper
1266445669174	1	REC_START
1266445755367	0	REST
1266445756875	1	FR_PRES	6	DESSERT	453	0	0	2234	(0.42259999999999998, 0.58709999999999996, 0)	../fonts/zerothre.ttf	upper
1266445760724	1	FR_PRES	6	ROBOT	1200	0	1	1433	(0.42259999999999998, 0.58709999999999996, 0)	../fonts/zerothre.ttf	upper
1266445764724	1	FR_PRES	6	CORPORATION	382	0	1	1713	(0.42259999999999998, 0.58709999999999996, 0)	../fonts/zerothre.ttf	upper
1266445768591	1	FR_PRES	6	AUDIENCE	59	0	1	1381	(0.42259999999999998, 0.58709999999999996, 0)	../fonts/zerothre.ttf	upper
1266445772674	1	FR_PRES	6	COLT	349	0	1	1699	(0.42259999999999998, 0.58709999999999996, 0)	../fonts/zerothre.ttf	upper
1266445776574	1	FR_PRES	6	WEED	1599	0	1	2118	(0.42259999999999998, 0.58709999999999996, 0)	../fonts/zerothre.ttf	upper
1266445780557	1	FR_PRES	6	POISON	1096	0	1	2096	(0.42259999999999998, 0.58709999999999996, 0)	../fonts/zerothre.ttf	upper
1266445784440	1	FR_PRES	6	CASH	252	0	1	1508	(0.42259999999999998, 0.58709999999999996, 0)	../fonts/zerothre.ttf	upper
1266445788540	1	FR_PRES	6	SHINGLE	1285	0	0	1448	(0.42259999999999998, 0.58709999999999996, 0)	../fonts/zerothre.ttf	upper
1266445792514	1	FR_PRES	6	SIDING	1304	0	0	2027	(0.42259999999999998, 0.58709999999999996, 0)	../fonts/zerothre.ttf	upper
1266445796373	1	FR_PRES	6	BARN	89	0	1	1152	(0.42259999999999998, 0.58709999999999996, 0)	../fonts/zerothre.ttf	upper
1266445800464	1	FR_PRES	6	TAPE	1433	0	0	1629	(0.42259999999999998, 0.58709999999999996, 0)	../fonts/zerothre.ttf	upper
1266445804547	1	FR_PRES	6	PENNY	1045	0	0	1409	(0.42259999999999998, 0.58709999999999996, 0)	../fonts/zerothre.ttf	upper
1266445808638	1	FR_PRES	6	SLEIGH	1325	0	1	1519	(0.42259999999999998, 0.58709999999999996, 0)	../fonts/zerothre.ttf	upper
1266445812646	1	FR_PRES	6	MILITARY	894	0	1	2015	(0.42259999999999998, 0.58709999999999996, 0)	../fonts/zerothre.ttf	upper
1266445816803	1	FR_PRES	6	LIEUTENANT	818	0	1	1881	(0.42259999999999998, 0.58709999999999996, 0)	../fonts/zerothre.ttf	upper
1266445822903	1	REC_START
1266445911314	0	REST
1266445912821	1	FR_PRES	7	MILK	895	-1	-1	-1266445912821	white	../fonts/Verdana.ttf	upper
1266445916672	1	FR_PRES	7	BRAN	167	-1	-1	-1266445916672	white	../fonts/Verdana.ttf	upper
1266445920580	1	FR_PRES	7	TREASURE	1500	-1	-1	-1266445920580	white	../fonts/Verdana.ttf	upper
1266445924397	1	FR_PRES	7	SPINACH	1352	-1	-1	-1266445924397	white	../fonts/Verdana.ttf	upper
1266445928555	1	FR_PRES	7	MINK	897	-1	-1	-1266445928555	white	../fonts/Verdana.ttf	upper
1266445932496	1	FR_PRES	7	JACKET	747	-1	-1	-1266445932496	white	../fonts/Verdana.ttf	upper
1266445936679	1	FR_PRES	7	HOSPITAL	721	-1	-1	-1266445936679	white	../fonts/Verdana.ttf	upper
1266445940545	1	FR_PRES	7	OLIVE	975	-1	-1	-1266445940545	white	../fonts/Verdana.ttf	upper
1266445944453	1	FR_PRES	7	UMPIRE	1535	-1	-1	-1266445944453	white	../fonts/Verdana.ttf	upper
1266445948661	1	FR_PRES	7	LIGHTER	819	-1	-1	-1266445948661	white	../fonts/Verdana.ttf	upper
1266445952569	1	FR_PRES	7	VIRUS	1572	-1	-1	-1266445952569	white	../fonts/Verdana.ttf	upper
1266445956544	1	FR_PRES	7	DICE	461	-1	-1	-1266445956544	white	../fonts/Verdana.ttf	upper
1266445960661	1	FR_PRES	7	HALL	677	-1	-1	-1266445960661	white	../fonts/Verdana.ttf	upper
1266445964826	1	FR_PRES	7	CRIMINAL	409	-1	-1	-1266445964826	white	../fonts/Verdana.ttf	upper
1266445968652	1	FR_PRES	7	SLIDE	1326	-1	-1	-1266445968652	white	../fonts/Verdana.ttf	upper
1266445972742	1	FR_PRES	7	BUCKET	184	-1	-1	-1266445972742	white	../fonts/Verdana.ttf	upper
1266445978593	1	REC_START
1266446064694	0	REST
1266446066194	1	FR_PRES	8	LEVER	815	1	0	1027	(0.57740000000000002, 0.41289999999999999, 1.0)	../fonts/amplitud.ttf	lower
1266446070094	1	FR_PRES	8	HOSTAGE	722	1	1	1590	(0.57740000000000002, 0.41289999999999999, 1.0)	../fonts/amplitud.ttf	lower
1266446074269	1	FR_PRES	8	CHECKERS	285	1	0	1559	(0.57740000000000002, 0.41289999999999999, 1.0)	../fonts/amplitud.ttf	lower
1266446078277	1	FR_PRES	8	CHESS	294	1	0	1208	(0.57740000000000002, 0.41289999999999999, 1.0)	../fonts/amplitud.ttf	lower
1266446082343	1	FR_PRES	8	SLEEVE	1324	1	0	1310	(0.57740000000000002, 0.41289999999999999, 1.0)	../fonts/amplitud.ttf	lower
1266446086376	1	FR_PRES	8	PANTS	1010	1	0	1340	(0.57740000000000002, 0.41289999999999999, 1.0)	../fonts/amplitud.ttf	lower
1266446090243	1	FR_PRES	8	DUCK	504	1	1	1170	(0.57740000000000002, 0.41289999999999999, 1.0)	../fonts/amplitud.ttf	lower
1266446094401	1	FR_PRES	8	BEAVER	109	1	1	1756	(0.57740000000000002, 0.41289999999999999, 1.0)	../fonts/amplitud.ttf	lower
1266446098275	1	FR_PRES	8	DRUM	502	1	0	1218	(0.57740000000000002, 0.41289999999999999, 1.0)	../fonts/amplitud.ttf	lower
1266446102100	1	FR_PRES	8	MAGNET	855	1	0	1872	(0.57740000000000002, 0.41289999999999999, 1.0)	../fonts/amplitud.ttf	lower
1266446106167	1	FR_PRES	8	DEER	444	1	1	1302	(0.57740000000000002, 0.41289999999999999, 1.0)	../fonts/amplitud.ttf	lower
1266446110366	1	FR_PRES	8	RAM	1165	1	1	1247	(0.57740000000000002, 0.41289999999999999, 1.0)	../fonts/amplitud.ttf	lower
1266446114516	1	FR_PRES	8	CHICK	296	1	1	1264	(0.57740000000000002, 0.41289999999999999, 1.0)	../fonts/amplitud.ttf	lower
1266446118482	1	FR_PRES	8	PORCUPINE	1107	1	1	1075	(0.57740000000000002, 0.41289999999999999, 1.0)	../fonts/amplitud.ttf	lower
1266446122365	1	FR_PRES	8	BEAKER	104	1	0	1168	(0.57740000000000002, 0.41289999999999999, 1.0)	../fonts/amplitud.ttf	lower
1266446126398	1	FR_PRES	8	CONCERT	360	1	0	1574	(0.57740000000000002, 0.41289999999999999, 1.0)	../fonts/amplitud.ttf	lower
1266446132415	1	REC_START
1266446216025	0	REST
1266446217533	1	FR_PRES	9	TRENCH	1503	-1	-1	-1266446217533	white	../fonts/Verdana.ttf	upper
1266446221408	1	FR_PRES	9	TAVERN	1437	-1	-1	-1266446221408	white	../fonts/Verdana.ttf	upper
1266446225524	1	FR_PRES	9	FLESH	579	-1	-1	-1266446225524	white	../fonts/Verdana.ttf	upper
1266446229458	1	FR_PRES	9	MOUTH	926	-1	-1	-1266446229458	white	../fonts/Verdana.ttf	upper
1266446233474	1	FR_PRES	9	ANIMAL	23	-1	-1	-1266446233474	white	../fonts/Verdana.ttf	upper
1266446237565	1	FR_PRES	9	PEANUT	1032	-1	-1	-1266446237565	white	../fonts/Verdana.ttf	upper
1266446241432	1	FR_PRES	9	ALMOND	18	-1	-1	-1266446241432	white	../fonts/Verdana.ttf	upper
1266446245306	1	FR_PRES	9	VINE	1568	-1	-1	-1266446245306	white	../fonts/Verdana.ttf	upper
1266446249298	1	FR_PRES	9	CHAMPAGNE	278	-1	-1	-1266446249298	white	../fonts/Verdana.ttf	upper
1266446253422	1	FR_PRES	9	RACKET	1155	-1	-1	-1266446253422	white	../fonts/Verdana.ttf	upper
1266446257572	1	FR_PRES	9	CHAIN	273	-1	-1	-1266446257572	white	../fonts/Verdana.ttf	upper
1266446261447	1	FR_PRES	9	COAL	332	-1	-1	-1266446261447	white	../fonts/Verdana.ttf	upper
1266446265372	1	FR_PRES	9	DENIM	446	-1	-1	-1266446265372	white	../fonts/Verdana.ttf	upper
1266446269221	1	FR_PRES	9	SKIN	1318	-1	-1	-1266446269221	white	../fonts/Verdana.ttf	upper
1266446273088	1	FR_PRES	9	BEAR	106	-1	-1	-1266446273088	white	../fonts/Verdana.ttf	upper
1266446276987	1	FR_PRES	9	JUGGLER	763	-1	-1	-1266446276987	white	../fonts/Verdana.ttf	upper
1266446282887	1	REC_START
1266446370339	0	REST
1266446371846	1	FR_PRES	10	FLEA	577	0	0	878	(0.42259999999999998, 0.58709999999999996, 0)	../fonts/zerothre.ttf	upper
1266446375929	1	FR_PRES	10	TICK	1463	0	0	1292	(0.42259999999999998, 0.58709999999999996, 0)	../fonts/zerothre.ttf	upper
1266446379987	1	FR_PRES	10	CIGARETTE	309	0	0	1450	(0.42259999999999998, 0.58709999999999996, 0)	../fonts/zerothre.ttf	upper
1266446384005	1	FR_PRES	10	KNOB	787	1	0	1480	(0.57740000000000002, 0.41289999999999999, 1.0)	../fonts/amplitud.ttf	lower
1266446388113	1	FR_PRES	10	TROMBONE	1508	1	0	1364	(0.57740000000000002, 0.41289999999999999, 1.0)	../fonts/amplitud.ttf	lower
1266446392096	1	FR_PRES	10	BUGLE	189	1	0	1533	(0.57740000000000002, 0.41289999999999999, 1.0)	../fonts/amplitud.ttf	lower
1266446396012	1	FR_PRES	10	BODY	145	1	1	1121	(0.57740000000000002, 0.41289999999999999, 1.0)	../fonts/amplitud.ttf	lower
1266446399927	1	FR_PRES	10	GUITAR	670	0	1	2118	(0.42259999999999998, 0.58709999999999996, 0)	../fonts/zerothre.ttf	upper
1266446403827	1	FR_PRES	10	BABY	64	0	0	2322	(0.42259999999999998, 0.58709999999999996, 0)	../fonts/zerothre.ttf	upper
1266446408028	1	FR_PRES	10	KID	775	0	0	1529	(0.42259999999999998, 0.58709999999999996, 0)	../fonts/zerothre.ttf	upper
1266446412119	1	FR_PRES	10	ATMOSPHERE	54	0	1	1398	(0.42259999999999998, 0.58709999999999996, 0)	../fonts/zerothre.ttf	upper
1266446416161	1	FR_PRES	10	GALAXY	617	0	1	1795	(0.42259999999999998, 0.58709999999999996, 0)	../fonts/zerothre.ttf	upper
1266446420327	1	FR_PRES	10	GANGSTER	620	1	1	1086	(0.57740000000000002, 0.41289999999999999, 1.0)	../fonts/amplitud.ttf	lower
1266446424510	1	FR_PRES	10	FLORIDA	582	1	0	1270	(0.57740000000000002, 0.41289999999999999, 1.0)	../fonts/amplitud.ttf	lower
1266446428485	1	FR_PRES	10	CARAVAN	242	1	0	1479	(0.57740000000000002, 0.41289999999999999, 1.0)	../fonts/amplitud.ttf	lower
1266446432692	1	FR_PRES	10	BULLET	194	1	0	1497	(0.57740000000000002, 0.41289999999999999, 1.0)	../fonts/amplitud.ttf	lower
1266446438318	1	REC_START
1266446520161	0	REST
1266446521670	1	FR_PRES	11	ROOST	1208	1	0	1014	(0.57740000000000002, 0.41289999999999999, 1.0)	../fonts/amplitud.ttf	lower
1266446525735	1	FR_PRES	11	ICING	732	1	0	1237	(0.57740000000000002, 0.41289999999999999, 1.0)	../fonts/amplitud.ttf	lower
1266446529876	1	FR_PRES	11	WOMAN	1620	1	1	1553	(0.57740000000000002, 0.41289999999999999, 1.0)	../fonts/amplitud.ttf	lower
1266446533984	1	FR_PRES	11	HEN	703	0	0	1485	(0.42259999999999998, 0.58709999999999996, 0)	../fonts/zerothre.ttf	upper
1266446538168	1	FR_PRES	11	LADDER	793	0	1	1764	(0.42259999999999998, 0.58709999999999996, 0)	../fonts/zerothre.ttf	upper
1266446542226	1	FR_PRES	11	THIEF	1456	1	1	1379	(0.57740000000000002, 0.41289999999999999, 1.0)	../fonts/amplitud.ttf	lower
1266446546293	1	FR_PRES	11	OUTLAW	989	1	1	1439	(0.57740000000000002, 0.41289999999999999, 1.0)	../fonts/amplitud.ttf	lower
1266446550293	1	FR_PRES	11	TWINE	1529	1	0	1848	(0.57740000000000002, 0.41289999999999999, 1.0)	../fonts/amplitud.ttf	lower
1266446554167	1	FR_PRES	11	SHOELACE	1289	0	0	1422	(0.42259999999999998, 0.58709999999999996, 0)	../fonts/zerothre.ttf	upper
1266446558192	1	FR_PRES	11	BREAST	171	0	1	1461	(0.42259999999999998, 0.58709999999999996, 0)	../fonts/zerothre.ttf	upper
1266446562267	1	FR_PRES	11	BARLEY	88	0	0	1561	(0.42259999999999998, 0.58709999999999996, 0)	../fonts/zerothre.ttf	upper
1266446566441	1	FR_PRES	11	CHOCOLATE	306	0	0	2140	(0.42259999999999998, 0.58709999999999996, 0)	../fonts/zerothre.ttf	upper
1266446570441	1	FR_PRES	11	SAUCER	1237	0	0	1475	(0.42259999999999998, 0.58709999999999996, 0)	../fonts/zerothre.ttf	upper
1266446574641	1	FR_PRES	11	CAN	225	0	0	1155	(0.42259999999999998, 0.58709999999999996, 0)	../fonts/zerothre.ttf	upper
1266446578640	1	FR_PRES	11	BRUNETTE	181	1	1	1284	(0.57740000000000002, 0.41289999999999999, 1.0)	../fonts/amplitud.ttf	lower
1266446582697	1	FR_PRES	11	VETERAN	1561	1	1	1011	(0.57740000000000002, 0.41289999999999999, 1.0)	../fonts/amplitud.ttf	lower
1266446588615	1	REC_START
1266446960803	0	REST
1266446962304	1	FR_PRES	12	COOK	372	1	1	1141	(0.57740000000000002, 0.41289999999999999, 1.0)	../fonts/amplitud.ttf	lower
1266446966462	1	FR_PRES	12	FEAST	556	1	0	1294	(0.57740000000000002, 0.41289999999999999, 1.0)	../fonts/amplitud.ttf	lower
1266446970378	1	FR_PRES	12	FRAME	600	1	0	1251	(0.57740000000000002, 0.41289999999999999, 1.0)	../fonts/amplitud.ttf	lower
1266446974486	1	FR_PRES	12	ELM	527	1	1	1911	(0.57740000000000002, 0.41289999999999999, 1.0)	../fonts/amplitud.ttf	lower
1266446978611	1	FR_PRES	12	CORN	381	1	1	1121	(0.57740000000000002, 0.41289999999999999, 1.0)	../fonts/amplitud.ttf	lower
1266446982594	1	FR_PRES	12	EDITOR	516	1	0	1170	(0.57740000000000002, 0.41289999999999999, 1.0)	../fonts/amplitud.ttf	lower
1266446986535	1	FR_PRES	12	PISTOL	1075	1	0	1285	(0.57740000000000002, 0.41289999999999999, 1.0)	../fonts/amplitud.ttf	lower
1266446990544	1	FR_PRES	12	MAILMAN	858	1	1	1133	(0.57740000000000002, 0.41289999999999999, 1.0)	../fonts/amplitud.ttf	lower
1266446994518	1	FR_PRES	12	SALIVA	1226	1	0	1671	(0.57740000000000002, 0.41289999999999999, 1.0)	../fonts/amplitud.ttf	lower
1266446998501	1	FR_PRES	12	NEWSSTAND	949	1	0	1616	(0.57740000000000002, 0.41289999999999999, 1.0)	../fonts/amplitud.ttf	lower
1266447002334	1	FR_PRES	12	HOUSE	725	1	0	1343	(0.57740000000000002, 0.41289999999999999, 1.0)	../fonts/amplitud.ttf	lower
1266447006409	1	FR_PRES	12	VISITOR	1573	1	1	1371	(0.57740000000000002, 0.41289999999999999, 1.0)	../fonts/amplitud.ttf	lower
1266447010267	1	FR_PRES	12	LUMBER	848	1	0	1298	(0.57740000000000002, 0.41289999999999999, 1.0)	../fonts/amplitud.ttf	lower
1266447014375	1	FR_PRES	12	HAM	678	1	1	1469	(0.57740000000000002, 0.41289999999999999, 1.0)	../fonts/amplitud.ttf	lower
1266447018242	1	FR_PRES	12	BACON	67	1	0	1746	(0.57740000000000002, 0.41289999999999999, 1.0)	../fonts/amplitud.ttf	lower
1266447022266	1	FR_PRES	12	VEAL	1551	1	0	1203	(0.57740000000000002, 0.41289999999999999, 1.0)	../fonts/amplitud.ttf	lower
1266447027915	1	REC_START
1266447118858	0	REST
1266447120359	1	FR_PRES	13	FIST	572	0	1	1158	(0.42259999999999998, 0.58709999999999996, 0)	../fonts/zerothre.ttf	upper
1266447124559	1	FR_PRES	13	CANDY	230	0	0	1558	(0.42259999999999998, 0.58709999999999996, 0)	../fonts/zerothre.ttf	upper
1266447128617	1	FR_PRES	13	BOOK	149	0	0	2067	(0.42259999999999998, 0.58709999999999996, 0)	../fonts/zerothre.ttf	upper
1266447132583	1	FR_PRES	13	GLOVE	642	0	1	2341	(0.42259999999999998, 0.58709999999999996, 0)	../fonts/zerothre.ttf	upper
1266447136575	1	FR_PRES	13	MINT	898	0	0	1420	(0.42259999999999998, 0.58709999999999996, 0)	../fonts/zerothre.ttf	upper
1266447140558	1	FR_PRES	13	METEOR	889	0	1	2111	(0.42259999999999998, 0.58709999999999996, 0)	../fonts/zerothre.ttf	upper
1266447144674	1	FR_PRES	13	PRIEST	1122	0	1	1539	(0.42259999999999998, 0.58709999999999996, 0)	../fonts/zerothre.ttf	upper
1266447148781	1	FR_PRES	13	FRIAR	605	0	1	1496	(0.42259999999999998, 0.58709999999999996, 0)	../fonts/zerothre.ttf	upper
1266447152797	1	FR_PRES	13	TURKEY	1520	0	1	1736	(0.42259999999999998, 0.58709999999999996, 0)	../fonts/zerothre.ttf	upper
1266447156822	1	FR_PRES	13	GROCERY	664	0	1	1607	(0.42259999999999998, 0.58709999999999996, 0)	../fonts/zerothre.ttf	upper
1266447160664	1	FR_PRES	13	LIZARD	834	0	1	1661	(0.42259999999999998, 0.58709999999999996, 0)	../fonts/zerothre.ttf	upper
1266447164639	1	FR_PRES	13	GRASSHOPPER	656	0	1	1333	(0.42259999999999998, 0.58709999999999996, 0)	../fonts/zerothre.ttf	upper
1266447168506	1	FR_PRES	13	RATTLE	1170	0	0	1515	(0.42259999999999998, 0.58709999999999996, 0)	../fonts/zerothre.ttf	upper
1266447172372	1	FR_PRES	13	UNIVERSE	1540	0	1	1937	(0.42259999999999998, 0.58709999999999996, 0)	../fonts/zerothre.ttf	upper
1266447176480	1	FR_PRES	13	PADDLE	1000	0	0	2300	(0.42259999999999998, 0.58709999999999996, 0)	../fonts/zerothre.ttf	upper
1266447180571	1	FR_PRES	13	SHEET	1279	0	0	1810	(0.42259999999999998, 0.58709999999999996, 0)	../fonts/zerothre.ttf	upper
1266447186413	1	REC_START
1266447272889	0	REST
1266447274389	1	FR_PRES	14	SCALLOP	1242	-1	-1	-1266447274389	white	../fonts/Verdana.ttf	upper
1266447278389	1	FR_PRES	14	CABOOSE	214	-1	-1	-1266447278389	white	../fonts/Verdana.ttf	upper
1266447282589	1	FR_PRES	14	COURSE	390	-1	-1	-1266447282589	white	../fonts/Verdana.ttf	upper
1266447286422	1	FR_PRES	14	SHARK	1275	-1	-1	-1266447286422	white	../fonts/Verdana.ttf	upper
1266447290247	1	FR_PRES	14	INTESTINE	742	-1	-1	-1266447290247	white	../fonts/Verdana.ttf	upper
1266447294180	1	FR_PRES	14	CORD	379	-1	-1	-1266447294180	white	../fonts/Verdana.ttf	upper
1266447298221	1	FR_PRES	14	WASHER	1592	-1	-1	-1266447298221	white	../fonts/Verdana.ttf	upper
1266447302287	1	FR_PRES	14	ATHLETE	52	-1	-1	-1266447302287	white	../fonts/Verdana.ttf	upper
1266447306154	1	FR_PRES	14	GYMNAST	675	-1	-1	-1266447306154	white	../fonts/Verdana.ttf	upper
1266447310262	1	FR_PRES	14	COP	376	-1	-1	-1266447310262	white	../fonts/Verdana.ttf	upper
1266447314145	1	FR_PRES	14	PLASTER	1085	-1	-1	-1266447314145	white	../fonts/Verdana.ttf	upper
1266447317969	1	FR_PRES	14	SCREW	1254	-1	-1	-1266447317969	white	../fonts/Verdana.ttf	upper
1266447321885	1	FR_PRES	14	TAXI	1438	-1	-1	-1266447321885	white	../fonts/Verdana.ttf	upper
1266447325751	1	FR_PRES	14	RAZOR	1171	-1	-1	-1266447325751	white	../fonts/Verdana.ttf	upper
1266447329809	1	FR_PRES	14	WOUND	1624	-1	-1	-1266447329809	white	../fonts/Verdana.ttf	upper
1266447333868	1	FR_PRES	14	RAILROAD	1162	-1	-1	-1266447333868	white	../fonts/Verdana.ttf	upper
1266447339843	1	REC_START
1266447429070	0	REST
1266447430578	1	FR_PRES	15	MONUMENT	913	-1	-1	-1266447430578	white	../fonts/Verdana.ttf	upper
1266447434718	1	FR_PRES	15	AUTOMOBILE	62	-1	-1	-1266447434718	white	../fonts/Verdana.ttf	upper
1266447438602	1	FR_PRES	15	VEST	1559	-1	-1	-1266447438602	white	../fonts/Verdana.ttf	upper
1266447442652	1	FR_PRES	15	BEETLE	116	-1	-1	-1266447442652	white	../fonts/Verdana.ttf	upper
1266447446610	1	FR_PRES	15	SAP	1233	-1	-1	-1266447446610	white	../fonts/Verdana.ttf	upper
1266447450593	1	FR_PRES	15	MUG	930	-1	-1	-1266447450593	white	../fonts/Verdana.ttf	upper
1266447454451	1	FR_PRES	15	PREDATOR	1120	-1	-1	-1266447454451	white	../fonts/Verdana.ttf	upper
1266447458459	1	FR_PRES	15	MONGOOSE	909	-1	-1	-1266447458459	white	../fonts/Verdana.ttf	upper
1266447462334	1	FR_PRES	15	CITRUS	313	-1	-1	-1266447462334	white	../fonts/Verdana.ttf	upper
1266447466184	1	FR_PRES	15	BANANA	77	-1	-1	-1266447466184	white	../fonts/Verdana.ttf	upper
1266447470350	1	FR_PRES	15	DRINK	498	-1	-1	-1266447470350	white	../fonts/Verdana.ttf	upper
1266447474367	1	FR_PRES	15	WINE	1613	-1	-1	-1266447474367	white	../fonts/Verdana.ttf	upper
1266447478433	1	FR_PRES	15	CHAUFFEUR	283	-1	-1	-1266447478433	white	../fonts/Verdana.ttf	upper
1266447482616	1	FR_PRES	15	KNOT	788	-1	-1	-1266447482616	white	../fonts/Verdana.ttf	upper
1266447486524	1	FR_PRES	15	DISH	474	-1	-1	-1266447486524	white	../fonts/Verdana.ttf	upper
1266447490565	1	FR_PRES	15	PIER	1063	-1	-1	-1266447490565	white	../fonts/Verdana.ttf	upper
1266447496107	1	REC_START
1266447581550	0	FFR_START
1266447587234	1	REC_START
1266447915493	0	RECOG_START
1266447915494	1	REC_START
1266447915526	0	RECOG_PRES	0	PAD	998	-999	P	1863
1266447917758	0	RECOG_CR_PRES	0	PAD	998	-999	P	719
1266447918833	1	RECOG_FEEDBACK	1
1266447919542	0	RECOG_PRES	0	VILLAIN	1567	-999	P	1591
1266447921500	0	RECOG_CR_PRES	0	VILLAIN	1567	-999	P	609
1266447922475	1	RECOG_FEEDBACK	1
1266447923192	0	RECOG_PRES	0	CRIMINAL	409	-999	P	1477
1266447925042	0	RECOG_CR_PRES	0	CRIMINAL	409	-999	P	738
1266447926117	1	RECOG_FEEDBACK	1
1266447926882	0	RECOG_PRES	0	VINE	1568	-999	P	1082
1266447928333	0	RECOG_CR_PRES	0	VINE	1568	-999	P	591
1266447929250	1	RECOG_FEEDBACK	1
1266447929982	0	RECOG_PRES	0	SILVERWARE	1308	-999	P	998
1266447931341	0	RECOG_CR_PRES	0	SILVERWARE	1308	-999	P	649
1266447932341	1	RECOG_FEEDBACK	1
1266447933100	0	RECOG_PRES	0	TROMBONE	1508	-999	P	1105
1266447934575	0	RECOG_CR_PRES	0	TROMBONE	1508	-999	P	630
1266447935524	1	RECOG_FEEDBACK	1
1266447936324	0	RECOG_PRES	0	LIME	823	-999	P	1201
1266447937898	0	RECOG_CR_PRES	0	LIME	823	-999	P	523
1266447938790	1	RECOG_FEEDBACK	1
1266447939541	0	RECOG_PRES	0	RATTLE	1170	-999	P	1056
1266447940965	0	RECOG_CR_PRES	0	RATTLE	1170	-999	P	568
1266447941881	1	RECOG_FEEDBACK	1
1266447942657	0	RECOG_PRES	0	ARTERY	41	-999	P	1043
1266447944065	0	RECOG_CR_PRES	0	ARTERY	41	-999	P	572
1266447944981	1	RECOG_FEEDBACK	1
1266447945714	0	RECOG_PRES	0	HAY	693	-999	P	1058
1266447947140	0	RECOG_CR_PRES	0	HAY	693	-999	P	720
1266447948207	1	RECOG_FEEDBACK	1
1266447948997	0	RECOG_PRES	0	DICE	461	-999	P	895
1266447950257	0	RECOG_CR_PRES	0	DICE	461	-999	P	611
1266447951182	1	RECOG_FEEDBACK	1
1266447951981	0	RECOG_PRES	0	SHOVEL	1295	-999	P	975
1266447953323	0	RECOG_CR_PRES	0	SHOVEL	1295	-999	P	617
1266447954273	1	RECOG_FEEDBACK	1
1266447955015	0	RECOG_PRES	0	SARDINE	1235	-999	P	1062
1266447956448	0	RECOG_CR_PRES	0	SARDINE	1235	-999	P	637
1266447957398	1	RECOG_FEEDBACK	1
1266447958140	0	RECOG_PRES	0	MAMMAL	861	-999	P	1001
1266447959514	0	RECOG_CR_PRES	0	MAMMAL	861	-999	P	595
1266447960431	1	RECOG_FEEDBACK	1
1266447961148	0	RECOG_PRES	0	BANANA	77	-999	P	945
1266447962464	0	RECOG_CR_PRES	0	BANANA	77	-999	P	492
1266447963289	1	RECOG_FEEDBACK	1
1266447964081	0	RECOG_PRES	0	YOLK	1633	-999	P	1100
1266447965556	0	RECOG_CR_PRES	0	YOLK	1633	-999	P	625
1266447966505	1	RECOG_FEEDBACK	1
1266447967289	0	RECOG_PRES	0	SIDING	1304	-999	P	1012
1266447968672	0	RECOG_CR_PRES	0	SIDING	1304	-999	P	621
1266447969605	1	RECOG_FEEDBACK	1
1266447970397	0	RECOG_PRES	0	BALLERINA	74	-999	P	1088
1266447971854	0	RECOG_CR_PRES	0	BALLERINA	74	-999	P	775
1266447972937	1	RECOG_FEEDBACK	1
1266447973737	0	RECOG_PRES	0	ROOT	1210	-999	P	916
1266447975030	0	RECOG_CR_PRES	0	ROOT	1210	-999	P	641
1266447976013	1	RECOG_FEEDBACK	1
1266447976720	0	RECOG_PRES	0	SPARROW	1347	-999	P	941
1266447978038	0	RECOG_CR_PRES	0	SPARROW	1347	-999	P	615
1266447978987	1	RECOG_FEEDBACK	1
1266447981205	0	REST
1266447982191	1	REC_START
1266447982229	0	RECOG_PRES	1	PUBLISHER	1137	-999	P	1711
1266447984304	0	RECOG_CR_PRES	1	PUBLISHER	1137	-999	P	596
1266447985238	1	RECOG_FEEDBACK	1
1266447986046	0	RECOG_PRES	1	MINT	898	-999	P	798
1266447987237	0	RECOG_CR_PRES	1	MINT	898	-999	P	607
1266447988154	1	RECOG_FEEDBACK	1
1266447988895	0	RECOG_PRES	1	TROUSERS	1510	-999	P	973
1266447990254	0	RECOG_CR_PRES	1	TROUSERS	1510	-999	P	518
1266447991104	1	RECOG_FEEDBACK	1
1266447991903	0	RECOG_PRES	1	RICE	1190	-999	P	877
1266447993145	0	RECOG_CR_PRES	1	RICE	1190	-999	P	516
1266447993994	1	RECOG_FEEDBACK	1
1266447994727	0	RECOG_PRES	1	JEWEL	757	-999	P	1069
1266447996162	0	RECOG_CR_PRES	1	JEWEL	757	-999	P	626
1266447997103	1	RECOG_FEEDBACK	1
1266447997869	0	RECOG_PRES	1	MAILBOX	857	-999	P	1136
1266447999378	0	RECOG_CR_PRES	1	MAILBOX	857	-999	P	635
1266448000370	1	RECOG_FEEDBACK	0
1266448001111	0	RECOG_PRES	1	BEAR	106	-999	P	1110
1266448002595	0	RECOG_CR_PRES	1	BEAR	106	-999	P	594
1266448003511	1	RECOG_FEEDBACK	1
1266448004219	0	RECOG_PRES	1	DESSERT	453	-999	P	1042
1266448005636	0	RECOG_CR_PRES	1	DESSERT	453	-999	P	545
1266448006494	1	RECOG_FEEDBACK	1
1266448007236	0	RECOG_PRES	1	WHALE	1601	-999	P	945
1266448008552	0	RECOG_CR_PRES	1	WHALE	1601	-999	P	641
1266448009552	1	RECOG_FEEDBACK	1
1266448010352	0	RECOG_PRES	1	CHAUFFEUR	283	-999	P	941
1266448011669	0	RECOG_CR_PRES	1	CHAUFFEUR	283	-999	P	632
1266448012627	1	RECOG_FEEDBACK	1
1266448013402	0	RECOG_PRES	1	COUSIN	392	-999	P	1019
1266448014793	0	RECOG_CR_PRES	1	COUSIN	392	-999	P	684
1266448015809	1	RECOG_FEEDBACK	1
1266448016527	0	RECOG_PRES	1	BODY	145	-999	P	958
1266448017859	0	RECOG_CR_PRES	1	BODY	145	-999	P	618
1266448018792	1	RECOG_FEEDBACK	1
1266448019510	0	RECOG_PRES	1	VALLEY	1545	-999	P	959
1266448020842	0	RECOG_CR_PRES	1	VALLEY	1545	-999	P	611
1266448021767	1	RECOG_FEEDBACK	1
1266448022568	0	RECOG_PRES	1	TURKEY	1520	-999	P	893
1266448023834	0	RECOG_CR_PRES	1	TURKEY	1520	-999	P	603
1266448024759	1	RECOG_FEEDBACK	1
1266448025535	0	RECOG_PRES	1	MEAT	883	-999	P	1157
1266448027059	0	RECOG_CR_PRES	1	MEAT	883	-999	P	713
1266448028084	1	RECOG_FEEDBACK	1
1266448028883	0	RECOG_PRES	1	VEAL	1551	-999	P	1017
1266448030267	0	RECOG_CR_PRES	1	VEAL	1551	-999	P	866
1266448031459	1	RECOG_FEEDBACK	1
1266448032209	0	RECOG_PRES	1	MONSTER	912	-999	P	1388
1266448033966	0	RECOG_CR_PRES	1	MONSTER	912	-999	P	543
1266448034858	1	RECOG_FEEDBACK	0
1266448035584	0	RECOG_PRES	1	JACKET	747	-999	P	1156
1266448037109	0	RECOG_CR_PRES	1	JACKET	747	-999	P	735
1266448038184	1	RECOG_FEEDBACK	1
1266448038966	0	RECOG_PRES	1	BILL	126	-999	P	1039
1266448040375	0	RECOG_CR_PRES	1	BILL	126	-999	P	641
1266448041367	1	RECOG_FEEDBACK	1
1266448042150	0	RECOG_PRES	1	SUGAR	1401	-999	P	3071
1266448045591	0	RECOG_CR_PRES	1	SUGAR	1401	-999	P	614
1266448046924	1	RECOG_FEEDBACK	1
1266448050366	0	REST
1266448051290	1	REC_START
1266448051324	0	RECOG_PRES	2	PISTOL	1075	-999	P	1057
1266448052757	0	RECOG_CR_PRES	2	PISTOL	1075	-999	P	520
1266448053599	1	RECOG_FEEDBACK	1
1266448054349	0	RECOG_PRES	2	CHEESE	289	-999	P	1032
1266448055756	0	RECOG_CR_PRES	2	CHEESE	289	-999	P	569
1266448056649	1	RECOG_FEEDBACK	1
1266448057390	0	RECOG_PRES	2	BUCKET	184	-999	P	959
1266448058723	0	RECOG_CR_PRES	2	BUCKET	184	-999	P	546
1266448059590	1	RECOG_FEEDBACK	1
1266448060357	0	RECOG_PRES	2	CORD	379	-999	P	1056
1266448061781	0	RECOG_CR_PRES	2	CORD	379	-999	P	544
1266448062665	1	RECOG_FEEDBACK	1
1266448063398	0	RECOG_PRES	2	COAL	332	-999	P	935
1266448064706	0	RECOG_CR_PRES	2	COAL	332	-999	P	627
1266448065665	1	RECOG_FEEDBACK	1
1266448066398	0	RECOG_PRES	2	ELK	526	-999	P	1807
1266448068581	0	RECOG_CR_PRES	2	ELK	526	-999	P	472
1266448069423	1	RECOG_FEEDBACK	1
1266448070231	0	RECOG_PRES	2	BARK	87	-999	P	1126
1266448071730	0	RECOG_CR_PRES	2	BARK	87	-999	P	595
1266448072656	1	RECOG_FEEDBACK	1
1266448073414	0	RECOG_PRES	2	CHECKERS	285	-999	P	903
1266448074688	0	RECOG_CR_PRES	2	CHECKERS	285	-999	P	605
1266448075614	1	RECOG_FEEDBACK	1
1266448076348	0	RECOG_PRES	2	SLEIGH	1325	-999	P	1025
1266448077746	0	RECOG_CR_PRES	2	SLEIGH	1325	-999	P	587
1266448078681	1	RECOG_FEEDBACK	1
1266448079397	0	RECOG_PRES	2	DIVER	476	-999	P	3872
1266448083639	0	RECOG_CR_PRES	2	DIVER	476	-999	P	518
1266448084597	1	RECOG_FEEDBACK	1
1266448085347	0	RECOG_PRES	2	PLAID	1080	-999	P	1082
1266448086804	0	RECOG_CR_PRES	2	PLAID	1080	-999	P	561
1266448087687	1	RECOG_FEEDBACK	0
1266448088413	0	RECOG_PRES	2	BOY	161	-999	P	1768
1266448090546	0	RECOG_CR_PRES	2	BOY	161	-999	P	650
1266448091546	1	RECOG_FEEDBACK	1
1266448092280	0	RECOG_PRES	2	BOARD	143	-999	P	2997
1266448095646	0	RECOG_CR_PRES	2	BOARD	143	-999	P	727
1266448096762	1	RECOG_FEEDBACK	1
1266448097546	0	RECOG_PRES	2	UMPIRE	1535	-999	P	1146
1266448099054	0	RECOG_CR_PRES	2	UMPIRE	1535	-999	P	591
1266448099970	1	RECOG_FEEDBACK	1
1266448100686	0	RECOG_PRES	2	GOVERNOR	651	-999	P	1022
1266448102071	0	RECOG_CR_PRES	2	GOVERNOR	651	-999	P	510
1266448102911	1	RECOG_FEEDBACK	1
1266448103645	0	RECOG_PRES	2	GUM	672	-999	P	1103
1266448105112	0	RECOG_CR_PRES	2	GUM	672	-999	P	620
1266448106037	1	RECOG_FEEDBACK	1
1266448106828	0	RECOG_PRES	2	GRADUATE	653	-999	P	1056
1266448108253	0	RECOG_CR_PRES	2	GRADUATE	653	-999	P	543
1266448109120	1	RECOG_FEEDBACK	1
1266448109927	0	RECOG_PRES	2	BANDAGE	79	-999	P	1013
1266448111320	0	RECOG_CR_PRES	2	BANDAGE	79	-999	P	604
1266448112262	1	RECOG_FEEDBACK	1
1266448113070	0	RECOG_PRES	2	CHOCOLATE	306	-999	P	926
1266448114370	0	RECOG_CR_PRES	2	CHOCOLATE	306	-999	P	699
1266448115386	1	RECOG_FEEDBACK	1
1266448116136	0	RECOG_PRES	2	CASH	252	-999	P	981
1266448117486	0	RECOG_CR_PRES	2	CASH	252	-999	P	679
1266448118486	1	RECOG_FEEDBACK	1
1266448120494	0	REST
1266448121607	1	REC_START
1266448121636	0	RECOG_PRES	3	PLUTO	1092	-999	P	1136
1266448123136	0	RECOG_CR_PRES	3	PLUTO	1092	-999	P	541
1266448124019	1	RECOG_FEEDBACK	1
1266448124768	0	RECOG_PRES	3	BUTCHER	203	-999	P	1036
1266448126169	0	RECOG_CR_PRES	3	BUTCHER	203	-999	P	539
1266448127027	1	RECOG_FEEDBACK	0
1266448127768	0	RECOG_PRES	3	YACHT	1629	-999	P	1164
1266448129302	0	RECOG_CR_PRES	3	YACHT	1629	-999	P	614
1266448130243	1	RECOG_FEEDBACK	1
1266448131052	0	RECOG_PRES	3	RELATIVE	1182	-999	P	1225
1266448132652	0	RECOG_CR_PRES	3	RELATIVE	1182	-999	P	609
1266448133618	1	RECOG_FEEDBACK	1
1266448134343	0	RECOG_PRES	3	NEWSSTAND	949	-999	P	1182
1266448135900	0	RECOG_CR_PRES	3	NEWSSTAND	949	-999	P	593
1266448136825	1	RECOG_FEEDBACK	1
1266448137618	0	RECOG_PRES	3	LAPEL	800	-999	P	1003
1266448138992	0	RECOG_CR_PRES	3	LAPEL	800	-999	P	613
1266448139917	1	RECOG_FEEDBACK	1
1266448140717	0	RECOG_PRES	3	HAWK	692	-999	P	960
1266448142043	0	RECOG_CR_PRES	3	HAWK	692	-999	P	618
1266448142992	1	RECOG_FEEDBACK	1
1266448143758	0	RECOG_PRES	3	MATTRESS	879	-999	P	1022
1266448145142	0	RECOG_CR_PRES	3	MATTRESS	879	-999	P	590
1266448146067	1	RECOG_FEEDBACK	0
1266448146833	0	RECOG_PRES	3	BULLET	194	-999	P	979
1266448148176	0	RECOG_CR_PRES	3	BULLET	194	-999	P	885
1266448149375	1	RECOG_FEEDBACK	1
1266448150125	0	RECOG_PRES	3	COLT	349	-999	P	896
1266448151392	0	RECOG_CR_PRES	3	COLT	349	-999	P	629
1266448152334	1	RECOG_FEEDBACK	1
1266448153050	0	RECOG_PRES	3	ROOSTER	1209	-999	P	1011
1266448154433	0	RECOG_CR_PRES	3	ROOSTER	1209	-999	P	1236
1266448156008	1	RECOG_FEEDBACK	0
1266448156782	0	RECOG_PRES	3	TRENCH	1503	-999	P	1158
1266448158308	0	RECOG_CR_PRES	3	TRENCH	1503	-999	P	552
1266448159200	1	RECOG_FEEDBACK	1
1266448159949	0	RECOG_PRES	3	SHARK	1275	-999	P	887
1266448161200	0	RECOG_CR_PRES	3	SHARK	1275	-999	P	716
1266448162241	1	RECOG_FEEDBACK	1
1266448163041	0	RECOG_PRES	3	HUT	729	-999	P	1028
1266448164441	0	RECOG_CR_PRES	3	HUT	729	-999	P	684
1266448165433	1	RECOG_FEEDBACK	1
1266448166174	0	RECOG_PRES	3	RAILROAD	1162	-999	P	903
1266448167449	0	RECOG_CR_PRES	3	RAILROAD	1162	-999	P	628
1266448168399	1	RECOG_FEEDBACK	1
1266448169166	0	RECOG_PRES	3	FIN	566	-999	P	4622
1266448174157	0	RECOG_CR_PRES	3	FIN	566	-999	P	527
1266448175149	1	RECOG_FEEDBACK	0
1266448175881	0	RECOG_PRES	3	CATTLE	261	-999	P	1332
1266448177590	0	RECOG_CR_PRES	3	CATTLE	261	-999	P	559
1266448178490	1	RECOG_FEEDBACK	1
1266448179273	0	RECOG_PRES	3	WHEEL	1603	-999	P	1740
1266448181390	0	RECOG_CR_PRES	3	WHEEL	1603	-999	P	478
1266448182248	1	RECOG_FEEDBACK	1
1266448183023	0	RECOG_PRES	3	TICK	1463	-999	P	1078
1266448184473	0	RECOG_CR_PRES	3	TICK	1463	-999	P	580
1266448185381	1	RECOG_FEEDBACK	1
1266448186181	0	RECOG_PRES	3	BANNER	85	-999	P	1048
1266448187606	0	RECOG_CR_PRES	3	BANNER	85	-999	P	591
1266448188523	1	RECOG_FEEDBACK	1
1266448190539	0	REST
1266448191717	1	REC_START
1266448191746	0	RECOG_PRES	4	LIP	828	-999	P	2122
1266448194231	0	RECOG_CR_PRES	4	LIP	828	-999	P	382
1266448195022	1	RECOG_FEEDBACK	1
1266448195829	0	RECOG_PRES	4	TAVERN	1437	-999	P	959
1266448197155	0	RECOG_CR_PRES	4	TAVERN	1437	-999	P	625
1266448198097	1	RECOG_FEEDBACK	1
1266448198863	0	RECOG_PRES	4	MUG	930	-999	P	941
1266448200172	0	RECOG_CR_PRES	4	MUG	930	-999	P	600
1266448201097	1	RECOG_FEEDBACK	1
1266448201912	0	RECOG_PRES	4	EXPERT	543	-999	P	1157
1266448203438	0	RECOG_CR_PRES	4	EXPERT	543	-999	P	643
1266448204438	1	RECOG_FEEDBACK	1
1266448205180	0	RECOG_PRES	4	VETERAN	1561	-999	P	1137
1266448206687	0	RECOG_CR_PRES	4	VETERAN	1561	-999	P	550
1266448207588	1	RECOG_FEEDBACK	1
1266448208321	0	RECOG_PRES	4	POOL	1103	-999	P	1100
1266448209795	0	RECOG_CR_PRES	4	POOL	1103	-999	P	674
1266448210795	1	RECOG_FEEDBACK	1
1266448211538	0	RECOG_PRES	4	TAPE	1433	-999	P	1011
1266448212920	0	RECOG_CR_PRES	4	TAPE	1433	-999	P	637
1266448213886	1	RECOG_FEEDBACK	1
1266448214612	0	RECOG_PRES	4	VICTIM	1562	-999	P	875
1266448215886	0	RECOG_CR_PRES	4	VICTIM	1562	-999	P	830
1266448217021	1	RECOG_FEEDBACK	1
1266448217769	0	RECOG_PRES	4	SKIRT	1319	-999	P	1748
1266448219886	0	RECOG_CR_PRES	4	SKIRT	1319	-999	P	535
1266448220828	1	RECOG_FEEDBACK	1
1266448221537	0	RECOG_PRES	4	ALLEY	15	-999	P	1275
1266448223178	0	RECOG_CR_PRES	4	ALLEY	15	-999	P	746
1266448224262	1	RECOG_FEEDBACK	1
1266448224994	0	RECOG_PRES	4	LIEUTENANT	818	-999	P	874
1266448226261	0	RECOG_CR_PRES	4	LIEUTENANT	818	-999	P	615
1266448227211	1	RECOG_FEEDBACK	1
1266448227994	0	RECOG_PRES	4	JUGGLER	763	-999	P	954
1266448229311	0	RECOG_CR_PRES	4	JUGGLER	763	-999	P	597
1266448230228	1	RECOG_FEEDBACK	1
1266448230994	0	RECOG_PRES	4	BACON	67	-999	P	1099
1266448232469	0	RECOG_CR_PRES	4	BACON	67	-999	P	752
1266448233561	1	RECOG_FEEDBACK	1
1266448234303	0	RECOG_PRES	4	SCREW	1254	-999	P	950
1266448235628	0	RECOG_CR_PRES	4	SCREW	1254	-999	P	705
1266448236652	1	RECOG_FEEDBACK	1
1266448237419	0	RECOG_PRES	4	FLESH	579	-999	P	978
1266448238768	0	RECOG_CR_PRES	4	FLESH	579	-999	P	677
1266448239776	1	RECOG_FEEDBACK	1
1266448240502	0	RECOG_PRES	4	FRIAR	605	-999	P	1087
1266448241959	0	RECOG_CR_PRES	4	FRIAR	605	-999	P	702
1266448242993	1	RECOG_FEEDBACK	1
1266448243751	0	RECOG_PRES	4	DISH	474	-999	P	1133
1266448245252	0	RECOG_CR_PRES	4	DISH	474	-999	P	600
1266448246193	1	RECOG_FEEDBACK	1
1266448246926	0	RECOG_PRES	4	CAB	209	-999	P	1279
1266448248577	0	RECOG_CR_PRES	4	CAB	209	-999	P	640
1266448249585	1	RECOG_FEEDBACK	0
1266448250318	0	RECOG_PRES	4	KNOB	787	-999	P	1759
1266448252451	0	RECOG_CR_PRES	4	KNOB	787	-999	P	570
1266448253384	1	RECOG_FEEDBACK	1
1266448254143	0	RECOG_PRES	4	ROOST	1208	-999	P	998
1266448255509	0	RECOG_CR_PRES	4	ROOST	1208	-999	P	568
1266448256409	1	RECOG_FEEDBACK	1
1266448258409	0	REST
1266448259212	1	REC_START
1266448259242	0	RECOG_PRES	5	PAINT	1003	-999	P	1363
1266448260975	0	RECOG_CR_PRES	5	PAINT	1003	-999	P	542
1266448261858	1	RECOG_FEEDBACK	1
1266448262567	0	RECOG_PRES	5	INCENSE	735	-999	P	1181
1266448264117	0	RECOG_CR_PRES	5	INCENSE	735	-999	P	567
1266448265009	1	RECOG_FEEDBACK	1
1266448265758	0	RECOG_PRES	5	CHAPEL	280	-999	P	1858
1266448268017	0	RECOG_CR_PRES	5	CHAPEL	280	-999	P	795
1266448269175	1	RECOG_FEEDBACK	0
1266448269932	0	RECOG_PRES	5	VIRUS	1572	-999	P	1249
1266448271550	0	RECOG_CR_PRES	5	VIRUS	1572	-999	P	687
1266448272567	1	RECOG_FEEDBACK	1
1266448273358	0	RECOG_PRES	5	TELEPHONE	1445	-999	P	1366
1266448275091	0	RECOG_CR_PRES	5	TELEPHONE	1445	-999	P	538
1266448275974	1	RECOG_FEEDBACK	1
1266448276707	0	RECOG_PRES	5	PORCUPINE	1107	-999	P	1097
1266448278166	0	RECOG_CR_PRES	5	PORCUPINE	1107	-999	P	550
1266448279049	1	RECOG_FEEDBACK	1
1266448279757	0	RECOG_PRES	5	HEN	703	-999	P	975
1266448281099	0	RECOG_CR_PRES	5	HEN	703	-999	P	585
1266448281990	1	RECOG_FEEDBACK	1
1266448282748	0	RECOG_PRES	5	RAM	1165	-999	P	913
1266448284032	0	RECOG_CR_PRES	5	RAM	1165	-999	P	581
1266448284940	1	RECOG_FEEDBACK	1
1266448285706	0	RECOG_PRES	5	LIVER	833	-999	P	978
1266448287049	0	RECOG_CR_PRES	5	LIVER	833	-999	P	699
1266448288074	1	RECOG_FEEDBACK	1
1266448288881	0	RECOG_PRES	5	POSSUM	1112	-999	P	3564
1266448292814	0	RECOG_CR_PRES	5	POSSUM	1112	-999	P	719
1266448293947	1	RECOG_FEEDBACK	1
1266448294747	0	RECOG_PRES	5	LEOPARD	812	-999	P	1225
1266448296340	0	RECOG_CR_PRES	5	LEOPARD	812	-999	P	576
1266448297256	1	RECOG_FEEDBACK	1
1266448298065	0	RECOG_PRES	5	MAGAZINE	853	-999	P	1140
1266448299581	0	RECOG_CR_PRES	5	MAGAZINE	853	-999	P	544
1266448300464	1	RECOG_FEEDBACK	0
1266448301231	0	RECOG_PRES	5	SERGEANT	1269	-999	P	1126
1266448302730	0	RECOG_CR_PRES	5	SERGEANT	1269	-999	P	642
1266448303747	1	RECOG_FEEDBACK	1
1266448304531	0	RECOG_PRES	5	GROCERY	664	-999	P	930
1266448305830	0	RECOG_CR_PRES	5	GROCERY	664	-999	P	631
1266448306788	1	RECOG_FEEDBACK	1
1266448307564	0	RECOG_PRES	5	MILITARY	894	-999	P	937
1266448308871	0	RECOG_CR_PRES	5	MILITARY	894	-999	P	574
1266448309771	1	RECOG_FEEDBACK	1
1266448310505	0	RECOG_PRES	5	CUSTARD	429	-999	P	980
1266448311854	0	RECOG_CR_PRES	5	CUSTARD	429	-999	P	623
1266448312788	1	RECOG_FEEDBACK	1
1266448313547	0	RECOG_PRES	5	COWBOY	395	-999	P	1042
1266448314962	0	RECOG_CR_PRES	5	COWBOY	395	-999	P	642
1266448315962	1	RECOG_FEEDBACK	1
1266448316721	0	RECOG_PRES	5	PANTS	1010	-999	P	1075
1266448318163	0	RECOG_CR_PRES	5	PANTS	1010	-999	P	561
1266448319088	1	RECOG_FEEDBACK	1
1266448319870	0	RECOG_PRES	5	EXPLOSION	544	-999	P	1126
1266448321371	0	RECOG_CR_PRES	5	EXPLOSION	544	-999	P	682
1266448322388	1	RECOG_FEEDBACK	1
1266448323113	0	RECOG_PRES	5	BRAN	167	-999	P	1028
1266448324513	0	RECOG_CR_PRES	5	BRAN	167	-999	P	612
1266448325454	1	RECOG_FEEDBACK	1
1266448327488	0	REST
1266448328530	1	REC_START
1266448328562	0	RECOG_PRES	6	METEOR	889	-999	P	1178
1266448330104	0	RECOG_CR_PRES	6	METEOR	889	-999	P	517
1266448330978	1	RECOG_FEEDBACK	1
1266448331686	0	RECOG_PRES	6	PEARL	1034	-999	P	1062
1266448333112	0	RECOG_CR_PRES	6	PEARL	1034	-999	P	648
1266448334120	1	RECOG_FEEDBACK	1
1266448334861	0	RECOG_PRES	6	APPLICATION	34	-999	P	1047
1266448336270	0	RECOG_CR_PRES	6	APPLICATION	34	-999	P	606
1266448337195	1	RECOG_FEEDBACK	1
1266448337936	0	RECOG_PRES	6	HINGE	709	-999	P	1389
1266448339694	0	RECOG_CR_PRES	6	HINGE	709	-999	P	487
1266448340528	1	RECOG_FEEDBACK	1
1266448341320	0	RECOG_PRES	6	FLEA	577	-999	P	949
1266448342645	0	RECOG_CR_PRES	6	FLEA	577	-999	P	616
1266448343586	1	RECOG_FEEDBACK	1
1266448344320	0	RECOG_PRES	6	SKELETON	1314	-999	P	866
1266448345586	0	RECOG_CR_PRES	6	SKELETON	1314	-999	P	627
1266448346528	1	RECOG_FEEDBACK	1
1266448347286	0	RECOG_PRES	6	BOOT	150	-999	P	959
1266448348619	0	RECOG_CR_PRES	6	BOOT	150	-999	P	618
1266448349552	1	RECOG_FEEDBACK	1
1266448350277	0	RECOG_PRES	6	JOKER	759	-999	P	824
1266448351477	0	RECOG_CR_PRES	6	JOKER	759	-999	P	624
1266448352419	1	RECOG_FEEDBACK	1
1266448353144	0	RECOG_PRES	6	SHOELACE	1289	-999	P	852
1266448354369	0	RECOG_CR_PRES	6	SHOELACE	1289	-999	P	627
1266448355310	1	RECOG_FEEDBACK	1
1266448356085	0	RECOG_PRES	6	HOSTAGE	722	-999	P	1000
1266448357460	0	RECOG_CR_PRES	6	HOSTAGE	722	-999	P	520
1266448358319	1	RECOG_FEEDBACK	1
1266448359043	0	RECOG_PRES	6	CREW	406	-999	P	1034
1266448360452	0	RECOG_CR_PRES	6	CREW	406	-999	P	633
1266448361410	1	RECOG_FEEDBACK	1
1266448362185	0	RECOG_PRES	6	BLACKBOARD	133	-999	P	1068
1266448363626	0	RECOG_CR_PRES	6	BLACKBOARD	133	-999	P	579
1266448364543	1	RECOG_FEEDBACK	0
1266448365326	0	RECOG_PRES	6	GALAXY	617	-999	P	1103
1266448366800	0	RECOG_CR_PRES	6	GALAXY	617	-999	P	517
1266448367660	1	RECOG_FEEDBACK	1
1266448368459	0	RECOG_PRES	6	BEAKER	104	-999	P	1034
1266448369867	0	RECOG_CR_PRES	6	BEAKER	104	-999	P	642
1266448370867	1	RECOG_FEEDBACK	1
1266448371584	0	RECOG_PRES	6	GLOVE	642	-999	P	933
1266448372891	0	RECOG_CR_PRES	6	GLOVE	642	-999	P	530
1266448373741	1	RECOG_FEEDBACK	1
1266448374476	0	RECOG_PRES	6	UNIVERSE	1540	-999	P	849
1266448375700	0	RECOG_CR_PRES	6	UNIVERSE	1540	-999	P	617
1266448376642	1	RECOG_FEEDBACK	1
1266448377425	0	RECOG_PRES	6	KNOT	788	-999	P	868
1266448378667	0	RECOG_CR_PRES	6	KNOT	788	-999	P	602
1266448379592	1	RECOG_FEEDBACK	1
1266448380392	0	RECOG_PRES	6	INSTRUCTOR	741	-999	P	1340
1266448382100	0	RECOG_CR_PRES	6	INSTRUCTOR	741	-999	P	616
1266448383067	1	RECOG_FEEDBACK	1
1266448383857	0	RECOG_PRES	6	ROBOT	1200	-999	P	1540
1266448385766	0	RECOG_CR_PRES	6	ROBOT	1200	-999	P	551
1266448386675	1	RECOG_FEEDBACK	0
1266448387408	0	RECOG_PRES	6	MAJOR	859	-999	P	1037
1266448388815	0	RECOG_CR_PRES	6	MAJOR	859	-999	P	702
1266448389840	1	RECOG_FEEDBACK	1
1266448391940	0	REST
1266448393128	1	REC_START
1266448393166	0	RECOG_PRES	7	SCIENTIST	1249	-999	P	1183
1266448394723	0	RECOG_CR_PRES	7	SCIENTIST	1249	-999	P	474
1266448395532	1	RECOG_FEEDBACK	0
1266448396332	0	RECOG_PRES	7	CARTON	251	-999	P	1305
1266448398007	0	RECOG_CR_PRES	7	CARTON	251	-999	P	550
1266448398906	1	RECOG_FEEDBACK	1
1266448399615	0	RECOG_PRES	7	CONE	363	-999	P	926
1266448400914	0	RECOG_CR_PRES	7	CONE	363	-999	P	571
1266448401806	1	RECOG_FEEDBACK	1
1266448402540	0	RECOG_PRES	7	SAP	1233	-999	P	921
1266448403831	0	RECOG_CR_PRES	7	SAP	1233	-999	P	642
1266448404831	1	RECOG_FEEDBACK	1
1266448405582	0	RECOG_PRES	7	WOUND	1624	-999	P	823
1266448406781	0	RECOG_CR_PRES	7	WOUND	1624	-999	P	776
1266448407881	1	RECOG_FEEDBACK	1
1266448408607	0	RECOG_PRES	7	JUPITER	765	-999	P	1229
1266448410198	0	RECOG_CR_PRES	7	JUPITER	765	-999	P	648
1266448411223	1	RECOG_FEEDBACK	1
1266448412015	0	RECOG_PRES	7	KANGAROO	768	-999	P	1086
1266448413464	0	RECOG_CR_PRES	7	KANGAROO	768	-999	P	651
1266448414464	1	RECOG_FEEDBACK	1
1266448415198	0	RECOG_PRES	7	MOVIE	927	-999	P	1215
1266448416788	0	RECOG_CR_PRES	7	MOVIE	927	-999	P	705
1266448417830	1	RECOG_FEEDBACK	1
1266448418589	0	RECOG_PRES	7	MATCH	878	-999	P	976
1266448419938	0	RECOG_CR_PRES	7	MATCH	878	-999	P	595
1266448420863	1	RECOG_FEEDBACK	1
1266448421656	0	RECOG_PRES	7	GANG	619	-999	P	1637
1266448423664	0	RECOG_CR_PRES	7	GANG	619	-999	P	621
1266448424704	1	RECOG_FEEDBACK	1
1266448425497	0	RECOG_PRES	7	THUMB	1462	-999	P	1804
1266448427663	0	RECOG_CR_PRES	7	THUMB	1462	-999	P	734
1266448428762	1	RECOG_FEEDBACK	0
1266448429488	0	RECOG_PRES	7	HOUSE	725	-999	P	1061
1266448430921	0	RECOG_CR_PRES	7	HOUSE	725	-999	P	588
1266448431829	1	RECOG_FEEDBACK	1
1266448432630	0	RECOG_PRES	7	MONGOOSE	909	-999	P	935
1266448433937	0	RECOG_CR_PRES	7	MONGOOSE	909	-999	P	580
1266448434837	1	RECOG_FEEDBACK	1
1266448435563	0	RECOG_PRES	7	BIKE	125	-999	P	1393
1266448437321	0	RECOG_CR_PRES	7	BIKE	125	-999	P	603
1266448438279	1	RECOG_FEEDBACK	0
1266448439088	0	RECOG_PRES	7	BEEF	113	-999	P	1141
1266448440604	0	RECOG_CR_PRES	7	BEEF	113	-999	P	593
1266448441529	1	RECOG_FEEDBACK	0
1266448442312	0	RECOG_PRES	7	HOME	712	-999	P	2444
1266448445120	0	RECOG_CR_PRES	7	HOME	712	-999	P	580
1266448446079	1	RECOG_FEEDBACK	1
1266448446819	0	RECOG_PRES	7	SILK	1307	-999	P	1177
1266448448370	0	RECOG_CR_PRES	7	SILK	1307	-999	P	771
1266448449462	1	RECOG_FEEDBACK	1
1266448450237	0	RECOG_PRES	7	DIME	466	-999	P	1376
1266448451986	0	RECOG_CR_PRES	7	DIME	466	-999	P	914
1266448453237	1	RECOG_FEEDBACK	1
1266448453969	0	RECOG_PRES	7	MALL	860	-999	P	2644
1266448456985	0	RECOG_CR_PRES	7	MALL	860	-999	P	642
1266448458045	1	RECOG_FEEDBACK	1
1266448458769	0	RECOG_PRES	7	RADIATOR	1156	-999	P	1324
1266448460469	0	RECOG_CR_PRES	7	RADIATOR	1156	-999	P	544
1266448461361	1	RECOG_FEEDBACK	1
1266448463478	0	REST
1266448464483	1	REC_START
1266448464519	0	RECOG_PRES	8	SENATOR	1268	-999	P	1062
1266448465951	0	RECOG_CR_PRES	8	SENATOR	1268	-999	P	582
1266448466851	1	RECOG_FEEDBACK	1
1266448467644	0	RECOG_PRES	8	ROBBER	1197	-999	P	1224
1266448469235	0	RECOG_CR_PRES	8	ROBBER	1197	-999	P	585
1266448470152	1	RECOG_FEEDBACK	1
1266448470876	0	RECOG_PRES	8	VINEGAR	1569	-999	P	1169
1266448472418	0	RECOG_CR_PRES	8	VINEGAR	1569	-999	P	619
1266448473360	1	RECOG_FEEDBACK	0
1266448474168	0	RECOG_PRES	8	PELICAN	1039	-999	P	1540
1266448476077	0	RECOG_CR_PRES	8	PELICAN	1039	-999	P	639
1266448477068	1	RECOG_FEEDBACK	0
1266448477800	0	RECOG_PRES	8	SCALLOP	1242	-999	P	1108
1266448479276	0	RECOG_CR_PRES	8	SCALLOP	1242	-999	P	632
1266448480243	1	RECOG_FEEDBACK	1
1266448481051	0	RECOG_PRES	8	HORNET	718	-999	P	978
1266448482401	0	RECOG_CR_PRES	8	HORNET	718	-999	P	539
1266448483259	1	RECOG_FEEDBACK	1
1266448483992	0	RECOG_PRES	8	CITRUS	313	-999	P	1013
1266448485376	0	RECOG_CR_PRES	8	CITRUS	313	-999	P	556
1266448486259	1	RECOG_FEEDBACK	1
1266448487042	0	RECOG_PRES	8	GARDEN	623	-999	P	1802
1266448489209	0	RECOG_CR_PRES	8	GARDEN	623	-999	P	587
1266448490151	1	RECOG_FEEDBACK	0
1266448490866	0	RECOG_PRES	8	SMOG	1330	-999	P	1299
1266448492542	0	RECOG_CR_PRES	8	SMOG	1330	-999	P	543
1266448493425	1	RECOG_FEEDBACK	1
1266448494192	0	RECOG_PRES	8	CARROT	249	-999	P	821
1266448495383	0	RECOG_CR_PRES	8	CARROT	249	-999	P	630
1266448496317	1	RECOG_FEEDBACK	1
1266448497083	0	RECOG_PRES	8	STEAM	1375	-999	P	962
1266448498417	0	RECOG_CR_PRES	8	STEAM	1375	-999	P	796
1266448499525	1	RECOG_FEEDBACK	1
1266448500266	0	RECOG_PRES	8	SHIRT	1287	-999	P	915
1266448501558	0	RECOG_CR_PRES	8	SHIRT	1287	-999	P	767
1266448502650	1	RECOG_FEEDBACK	1
1266448503366	0	RECOG_PRES	8	DIARY	460	-999	P	891
1266448504658	0	RECOG_CR_PRES	8	DIARY	460	-999	P	571
1266448505533	1	RECOG_FEEDBACK	1
1266448506274	0	RECOG_PRES	8	NAIL	936	-999	P	1203
1266448507848	0	RECOG_CR_PRES	8	NAIL	936	-999	P	613
1266448508790	1	RECOG_FEEDBACK	1
1266448509532	0	RECOG_PRES	8	FROG	608	-999	P	1049
1266448510956	0	RECOG_CR_PRES	8	FROG	608	-999	P	585
1266448511873	1	RECOG_FEEDBACK	1
1266448512649	0	RECOG_PRES	8	DRINK	498	-999	P	1323
1266448514340	0	RECOG_CR_PRES	8	DRINK	498	-999	P	592
1266448515282	1	RECOG_FEEDBACK	1
1266448516049	0	RECOG_PRES	8	TEENAGER	1444	-999	P	915
1266448517332	0	RECOG_CR_PRES	8	TEENAGER	1444	-999	P	608
1266448518257	1	RECOG_FEEDBACK	1
1266448519048	0	RECOG_PRES	8	MONUMENT	913	-999	P	860
1266448520273	0	RECOG_CR_PRES	8	MONUMENT	913	-999	P	715
1266448521307	1	RECOG_FEEDBACK	1
1266448522115	0	RECOG_PRES	8	TREASURE	1500	-999	P	705
1266448523181	0	RECOG_CR_PRES	8	TREASURE	1500	-999	P	719
1266448524206	1	RECOG_FEEDBACK	1
1266448525006	0	RECOG_PRES	8	DOCK	477	-999	P	878
1266448526248	0	RECOG_CR_PRES	8	DOCK	477	-999	P	648
1266448527240	1	RECOG_FEEDBACK	0
1266448529481	0	REST
1266448530332	1	REC_START
1266448530364	0	RECOG_PRES	9	MECHANIC	884	-999	P	1416
1266448532156	0	RECOG_CR_PRES	9	MECHANIC	884	-999	P	497
1266448532988	1	RECOG_FEEDBACK	1
1266448533696	0	RECOG_PRES	9	ELBOW	520	-999	P	1068
1266448535131	0	RECOG_CR_PRES	9	ELBOW	520	-999	P	648
1266448536139	1	RECOG_FEEDBACK	0
1266448536938	0	RECOG_PRES	9	SKIN	1318	-999	P	1203
1266448538514	0	RECOG_CR_PRES	9	SKIN	1318	-999	P	779
1266448539622	1	RECOG_FEEDBACK	1
1266448540430	0	RECOG_PRES	9	BEETLE	116	-999	P	1015
1266448541821	0	RECOG_CR_PRES	9	BEETLE	116	-999	P	704
1266448542846	1	RECOG_FEEDBACK	1
1266448543638	0	RECOG_PRES	9	ELM	527	-999	P	911
1266448544929	0	RECOG_CR_PRES	9	ELM	527	-999	P	891
1266448546138	1	RECOG_FEEDBACK	1
1266448546904	0	RECOG_PRES	9	EAR	513	-999	P	1068
1266448548338	0	RECOG_CR_PRES	9	EAR	513	-999	P	683
1266448549330	1	RECOG_FEEDBACK	1
1266448550055	0	RECOG_PRES	9	LUGGAGE	847	-999	P	881
1266448551329	0	RECOG_CR_PRES	9	LUGGAGE	847	-999	P	772
1266448552413	1	RECOG_FEEDBACK	1
1266448553163	0	RECOG_PRES	9	JELLO	754	-999	P	906
1266448554446	0	RECOG_CR_PRES	9	JELLO	754	-999	P	727
1266448555496	1	RECOG_FEEDBACK	1
1266448556254	0	RECOG_PRES	9	SPOON	1357	-999	P	1335
1266448557961	0	RECOG_CR_PRES	9	SPOON	1357	-999	P	612
1266448558895	1	RECOG_FEEDBACK	0
1266448559645	0	RECOG_PRES	9	SLIDE	1326	-999	P	1103
1266448561120	0	RECOG_CR_PRES	9	SLIDE	1326	-999	P	572
1266448562029	1	RECOG_FEEDBACK	1
1266448562836	0	RECOG_PRES	9	DUNGEON	507	-999	P	1169
1266448564378	0	RECOG_CR_PRES	9	DUNGEON	507	-999	P	2602
1266448567328	1	RECOG_FEEDBACK	1
1266448568086	0	RECOG_PRES	9	LOG	841	-999	P	1031
1266448569486	0	RECOG_CR_PRES	9	LOG	841	-999	P	438
1266448570236	1	RECOG_FEEDBACK	1
1266448570985	0	RECOG_PRES	9	TOWN	1491	-999	P	1236
1266448572595	0	RECOG_CR_PRES	9	TOWN	1491	-999	P	578
1266448573528	1	RECOG_FEEDBACK	1
1266448574253	0	RECOG_PRES	9	DRUM	502	-999	P	968
1266448575594	0	RECOG_CR_PRES	9	DRUM	502	-999	P	619
1266448576528	1	RECOG_FEEDBACK	1
1266448577269	0	RECOG_PRES	9	CARAVAN	242	-999	P	866
1266448578527	0	RECOG_CR_PRES	9	CARAVAN	242	-999	P	542
1266448579411	1	RECOG_FEEDBACK	1
1266448580127	0	RECOG_PRES	9	CUFF	423	-999	P	891
1266448581419	0	RECOG_CR_PRES	9	CUFF	423	-999	P	641
1266448582402	1	RECOG_FEEDBACK	1
1266448583177	0	RECOG_PRES	9	LUMBER	848	-999	P	988
1266448584535	0	RECOG_CR_PRES	9	LUMBER	848	-999	P	566
1266448585435	1	RECOG_FEEDBACK	1
1266448586202	0	RECOG_PRES	9	COP	376	-999	P	867
1266448587443	0	RECOG_CR_PRES	9	COP	376	-999	P	610
1266448588385	1	RECOG_FEEDBACK	1
1266448589177	0	RECOG_PRES	9	YOUTH	1634	-999	P	972
1266448590518	0	RECOG_CR_PRES	9	YOUTH	1634	-999	P	641
1266448591518	1	RECOG_FEEDBACK	1
1266448592235	0	RECOG_PRES	9	APPENDAGE	32	-999	P	1274
1266448593884	0	RECOG_CR_PRES	9	APPENDAGE	32	-999	P	681
1266448594900	1	RECOG_FEEDBACK	0
1266448596967	0	REST
1266448597890	1	REC_START
1266448597925	0	RECOG_PRES	10	LASH	802	-999	P	1224
1266448599526	0	RECOG_CR_PRES	10	LASH	802	-999	P	575
1266448600426	1	RECOG_FEEDBACK	1
1266448601176	0	RECOG_PRES	10	MARKER	870	-999	P	1181
1266448602733	0	RECOG_CR_PRES	10	MARKER	870	-999	P	616
1266448603676	1	RECOG_FEEDBACK	1
1266448604484	0	RECOG_PRES	10	SPINACH	1352	-999	P	905
1266448605758	0	RECOG_CR_PRES	10	SPINACH	1352	-999	P	1687
1266448607758	1	RECOG_FEEDBACK	0
1266448608534	0	RECOG_PRES	10	CHICK	296	-999	P	1150
1266448610050	0	RECOG_CR_PRES	10	CHICK	296	-999	P	722
1266448611108	1	RECOG_FEEDBACK	1
1266448611957	0	RECOG_PRES	10	LADDER	793	-999	P	1552
1266448613882	0	RECOG_CR_PRES	10	LADDER	793	-999	P	507
1266448614774	1	RECOG_FEEDBACK	1
1266448615491	0	RECOG_PRES	10	BREAST	171	-999	P	1002
1266448616865	0	RECOG_CR_PRES	10	BREAST	171	-999	P	604
1266448617790	1	RECOG_FEEDBACK	1
1266448618508	0	RECOG_PRES	10	NOVEL	960	-999	P	1569
1266448620449	0	RECOG_CR_PRES	10	NOVEL	960	-999	P	588
1266448621391	1	RECOG_FEEDBACK	1
1266448622166	0	RECOG_PRES	10	CLIFF	322	-999	P	2007
1266448624549	0	RECOG_CR_PRES	10	CLIFF	322	-999	P	496
1266448625407	1	RECOG_FEEDBACK	1
1266448626141	0	RECOG_PRES	10	QUAIL	1147	-999	P	1248
1266448627764	0	RECOG_CR_PRES	10	QUAIL	1147	-999	P	593
1266448628698	1	RECOG_FEEDBACK	1
1266448629449	0	RECOG_PRES	10	CABBAGE	210	-999	P	849
1266448630698	0	RECOG_CR_PRES	10	CABBAGE	210	-999	P	699
1266448631714	1	RECOG_FEEDBACK	0
1266448632482	0	RECOG_PRES	10	MASCARA	875	-999	P	1051
1266448633906	0	RECOG_CR_PRES	10	MASCARA	875	-999	P	675
1266448634881	1	RECOG_FEEDBACK	1
1266448635607	0	RECOG_PRES	10	BRAKE	166	-999	P	1173
1266448637148	0	RECOG_CR_PRES	10	BRAKE	166	-999	P	616
1266448638090	1	RECOG_FEEDBACK	1
1266448638839	0	RECOG_PRES	10	BABY	64	-999	P	1190
1266448640406	0	RECOG_CR_PRES	10	BABY	64	-999	P	582
1266448641323	1	RECOG_FEEDBACK	1
1266448642064	0	RECOG_PRES	10	CIRCUS	311	-999	P	3301
1266448645738	0	RECOG_CR_PRES	10	CIRCUS	311	-999	P	475
1266448646647	1	RECOG_FEEDBACK	1
1266448647397	0	RECOG_PRES	10	FEATHER	557	-999	P	3527
1266448651289	0	RECOG_CR_PRES	10	FEATHER	557	-999	P	491
1266448652205	1	RECOG_FEEDBACK	1
1266448652996	0	RECOG_PRES	10	ICING	732	-999	P	1121
1266448654489	0	RECOG_CR_PRES	10	ICING	732	-999	P	860
1266448655663	1	RECOG_FEEDBACK	1
1266448656455	0	RECOG_PRES	10	SAUCER	1237	-999	P	1022
1266448657846	0	RECOG_CR_PRES	10	SAUCER	1237	-999	P	623
1266448658796	1	RECOG_FEEDBACK	1
1266448659538	0	RECOG_PRES	10	NITROGEN	954	-999	P	851
1266448660762	0	RECOG_CR_PRES	10	NITROGEN	954	-999	P	755
1266448661820	1	RECOG_FEEDBACK	1
1266448662555	0	RECOG_PRES	10	MICROWAVE	892	-999	P	1010
1266448663937	0	RECOG_CR_PRES	10	MICROWAVE	892	-999	P	620
1266448664870	1	RECOG_FEEDBACK	1
1266448665654	0	RECOG_PRES	10	LITTER	832	-999	P	1062
1266448667079	0	RECOG_CR_PRES	10	LITTER	832	-999	P	693
1266448668104	1	RECOG_FEEDBACK	1
1266448670237	0	REST
1266448671285	1	REC_START
1266448671321	0	RECOG_PRES	11	CANDY	230	-999	P	1188
1266448672878	0	RECOG_CR_PRES	11	CANDY	230	-999	P	567
1266448673794	1	RECOG_FEEDBACK	1
1266448674579	0	RECOG_PRES	11	LAMP	798	-999	P	1161
1266448676104	0	RECOG_CR_PRES	11	LAMP	798	-999	P	549
1266448677004	1	RECOG_FEEDBACK	1
1266448677753	0	RECOG_PRES	11	LEVER	815	-999	P	1051
1266448679170	0	RECOG_CR_PRES	11	LEVER	815	-999	P	586
1266448680078	1	RECOG_FEEDBACK	1
1266448680811	0	RECOG_PRES	11	JEANS	752	-999	P	834
1266448682020	0	RECOG_CR_PRES	11	JEANS	752	-999	P	513
1266448682852	1	RECOG_FEEDBACK	1
1266448683561	0	RECOG_PRES	11	PICTURE	1061	-999	P	1227
1266448685153	0	RECOG_CR_PRES	11	PICTURE	1061	-999	P	492
1266448685985	1	RECOG_FEEDBACK	1
1266448686785	0	RECOG_PRES	11	SWAMP	1416	-999	P	963
1266448688111	0	RECOG_CR_PRES	11	SWAMP	1416	-999	P	573
1266448689011	1	RECOG_FEEDBACK	1
1266448689777	0	RECOG_PRES	11	GYMNAST	675	-999	P	828
1266448690976	0	RECOG_CR_PRES	11	GYMNAST	675	-999	P	621
1266448691910	1	RECOG_FEEDBACK	1
1266448692710	0	RECOG_PRES	11	PIER	1063	-999	P	1439
1266448694519	0	RECOG_CR_PRES	11	PIER	1063	-999	P	510
1266448695377	1	RECOG_FEEDBACK	1
1266448696102	0	RECOG_PRES	11	JUNGLE	764	-999	P	1247
1266448697718	0	RECOG_CR_PRES	11	JUNGLE	764	-999	P	727
1266448698776	1	RECOG_FEEDBACK	1
1266448699560	0	RECOG_PRES	11	AUDIENCE	59	-999	P	1172
1266448701093	0	RECOG_CR_PRES	11	AUDIENCE	59	-999	P	512
1266448701934	1	RECOG_FEEDBACK	1
1266448702652	0	RECOG_PRES	11	PEANUT	1032	-999	P	953
1266448703976	0	RECOG_CR_PRES	11	PEANUT	1032	-999	P	641
1266448704967	1	RECOG_FEEDBACK	1
1266448705767	0	RECOG_PRES	11	CLARINET	317	-999	P	1278
1266448707418	0	RECOG_CR_PRES	11	CLARINET	317	-999	P	755
1266448708526	1	RECOG_FEEDBACK	1
1266448709276	0	RECOG_PRES	11	ATHLETE	52	-999	P	841
1266448710484	0	RECOG_CR_PRES	11	ATHLETE	52	-999	P	593
1266448711393	1	RECOG_FEEDBACK	1
1266448712126	0	RECOG_PRES	11	MAILMAN	858	-999	P	874
1266448713401	0	RECOG_CR_PRES	11	MAILMAN	858	-999	P	628
1266448714359	1	RECOG_FEEDBACK	1
1266448715117	0	RECOG_PRES	11	CHEMICAL	291	-999	P	1080
1266448716567	0	RECOG_CR_PRES	11	CHEMICAL	291	-999	P	582
1266448717476	1	RECOG_FEEDBACK	1
1266448718192	0	RECOG_PRES	11	CHIMPANZEE	302	-999	P	1117
1266448719675	0	RECOG_CR_PRES	11	CHIMPANZEE	302	-999	P	626
1266448720617	1	RECOG_FEEDBACK	1
1266448721409	0	RECOG_PRES	11	NEPTUNE	943	-999	P	1012
1266448722791	0	RECOG_CR_PRES	11	NEPTUNE	943	-999	P	638
1266448723741	1	RECOG_FEEDBACK	1
1266448724525	0	RECOG_PRES	11	FLORIDA	582	-999	P	920
1266448725816	0	RECOG_CR_PRES	11	FLORIDA	582	-999	P	637
1266448726774	1	RECOG_FEEDBACK	1
1266448727550	0	RECOG_PRES	11	PRUNE	1134	-999	P	975
1266448728899	0	RECOG_CR_PRES	11	PRUNE	1134	-999	P	738
1266448729949	1	RECOG_FEEDBACK	1
1266448730724	0	RECOG_PRES	11	DICTATOR	462	-999	P	1208
1266448732300	0	RECOG_CR_PRES	11	DICTATOR	462	-999	P	528
1266448733166	1	RECOG_FEEDBACK	1
1266448735183	0	REST
1266448736098	1	REC_START
1266448736133	0	RECOG_PRES	12	MAGNET	855	-999	P	3224
1266448739731	0	RECOG_CR_PRES	12	MAGNET	855	-999	P	562
1266448740690	1	RECOG_FEEDBACK	1
1266448741465	0	RECOG_PRES	12	FRUIT	610	-999	P	876
1266448742714	0	RECOG_CR_PRES	12	FRUIT	610	-999	P	707
1266448743714	1	RECOG_FEEDBACK	0
1266448744424	0	RECOG_PRES	12	WEED	1599	-999	P	877
1266448745674	0	RECOG_CR_PRES	12	WEED	1599	-999	P	547
1266448746523	1	RECOG_FEEDBACK	1
1266448747323	0	RECOG_PRES	12	CAPTIVE	240	-999	P	800
1266448748532	0	RECOG_CR_PRES	12	CAPTIVE	240	-999	P	505
1266448749348	1	RECOG_FEEDBACK	1
1266448750065	0	RECOG_PRES	12	HOUND	724	-999	P	1388
1266448751822	0	RECOG_CR_PRES	12	HOUND	724	-999	P	607
1266448752830	1	RECOG_FEEDBACK	1
1266448753631	0	RECOG_PRES	12	CUPBOARD	425	-999	P	1006
1266448755006	0	RECOG_CR_PRES	12	CUPBOARD	425	-999	P	487
1266448755813	1	RECOG_FEEDBACK	1
1266448756564	0	RECOG_PRES	12	PEDAL	1037	-999	P	1545
1266448758481	0	RECOG_CR_PRES	12	PEDAL	1037	-999	P	548
1266448759373	1	RECOG_FEEDBACK	1
1266448760097	0	RECOG_PRES	12	FEAST	556	-999	P	964
1266448761431	0	RECOG_CR_PRES	12	FEAST	556	-999	P	525
1266448762281	1	RECOG_FEEDBACK	1
1266448762996	0	RECOG_PRES	12	PREDATOR	1120	-999	P	952
1266448764314	0	RECOG_CR_PRES	12	PREDATOR	1120	-999	P	618
1266448765255	1	RECOG_FEEDBACK	1
1266448766055	0	RECOG_PRES	12	FREEZER	604	-999	P	1582
1266448768014	0	RECOG_CR_PRES	12	FREEZER	604	-999	P	639
1266448768979	1	RECOG_FEEDBACK	1
1266448769746	0	RECOG_PRES	12	VET	1560	-999	P	1331
1266448771447	0	RECOG_CR_PRES	12	VET	1560	-999	P	485
1266448772288	1	RECOG_FEEDBACK	1
1266448773013	0	RECOG_PRES	12	AUTOMOBILE	62	-999	P	983
1266448774371	0	RECOG_CR_PRES	12	AUTOMOBILE	62	-999	P	593
1266448775288	1	RECOG_FEEDBACK	1
1266448776021	0	RECOG_PRES	12	ESSAY	540	-999	P	1600
1266448777995	0	RECOG_CR_PRES	12	ESSAY	540	-999	P	458
1266448778812	1	RECOG_FEEDBACK	1
1266448779538	0	RECOG_PRES	12	CHAMPAGNE	278	-999	P	947
1266448780853	0	RECOG_CR_PRES	12	CHAMPAGNE	278	-999	P	512
1266448781687	1	RECOG_FEEDBACK	1
1266448782404	0	RECOG_PRES	12	SALIVA	1226	-999	P	977
1266448783753	0	RECOG_CR_PRES	12	SALIVA	1226	-999	P	604
1266448784671	1	RECOG_FEEDBACK	1
1266448785421	0	RECOG_PRES	12	ESCALATOR	539	-999	P	1048
1266448786845	0	RECOG_CR_PRES	12	ESCALATOR	539	-999	P	672
1266448787844	1	RECOG_FEEDBACK	1
1266448788637	0	RECOG_PRES	12	SIDEWALK	1303	-999	P	1239
1266448790245	0	RECOG_CR_PRES	12	SIDEWALK	1303	-999	P	535
1266448791129	1	RECOG_FEEDBACK	1
1266448791919	0	RECOG_PRES	12	PIKE	1067	-999	P	1102
1266448793395	0	RECOG_CR_PRES	12	PIKE	1067	-999	P	593
1266448794312	1	RECOG_FEEDBACK	1
1266448795120	0	RECOG_PRES	12	LIPSTICK	829	-999	P	1764
1266448797253	0	RECOG_CR_PRES	12	LIPSTICK	829	-999	P	487
1266448798103	1	RECOG_FEEDBACK	0
1266448798910	0	RECOG_PRES	12	RAZOR	1171	-999	P	1046
1266448800320	0	RECOG_CR_PRES	12	RAZOR	1171	-999	P	524
1266448801169	1	RECOG_FEEDBACK	1
1266448803336	0	REST
1266448804465	1	REC_START
1266448804494	0	RECOG_PRES	13	CAGE	218	-999	P	1919
1266448806785	0	RECOG_CR_PRES	13	CAGE	218	-999	P	420
1266448807569	1	RECOG_FEEDBACK	1
1266448808369	0	RECOG_PRES	13	THESAURUS	1454	-999	P	1012
1266448809760	0	RECOG_CR_PRES	13	THESAURUS	1454	-999	P	461
1266448810544	1	RECOG_FEEDBACK	1
1266448811269	0	RECOG_PRES	13	SEAFOOD	1260	-999	P	1048
1266448812693	0	RECOG_CR_PRES	13	SEAFOOD	1260	-999	P	560
1266448813569	1	RECOG_FEEDBACK	1
1266448814327	0	RECOG_PRES	13	SHEPHERD	1283	-999	P	918
1266448815618	0	RECOG_CR_PRES	13	SHEPHERD	1283	-999	P	641
1266448816602	1	RECOG_FEEDBACK	1
1266448817318	0	RECOG_PRES	13	BARN	89	-999	P	893
1266448818610	0	RECOG_CR_PRES	13	BARN	89	-999	P	587
1266448819510	1	RECOG_FEEDBACK	1
1266448820318	0	RECOG_PRES	13	HEART	697	-999	P	967
1266448821660	0	RECOG_CR_PRES	13	HEART	697	-999	P	1216
1266448823193	1	RECOG_FEEDBACK	0
1266448823925	0	RECOG_PRES	13	BUSH	202	-999	P	1296
1266448825593	0	RECOG_CR_PRES	13	BUSH	202	-999	P	556
1266448826484	1	RECOG_FEEDBACK	1
1266448827243	0	RECOG_PRES	13	VISITOR	1573	-999	P	1074
1266448828691	0	RECOG_CR_PRES	13	VISITOR	1573	-999	P	546
1266448829559	1	RECOG_FEEDBACK	1
1266448830276	0	RECOG_PRES	13	CONCERT	360	-999	P	833
1266448831484	0	RECOG_CR_PRES	13	CONCERT	360	-999	P	673
1266448832467	1	RECOG_FEEDBACK	1
1266448833175	0	RECOG_PRES	13	CLAMP	316	-999	P	1773
1266448835317	0	RECOG_CR_PRES	13	CLAMP	316	-999	P	583
1266448836267	1	RECOG_FEEDBACK	1
1266448837009	0	RECOG_PRES	13	DENIM	446	-999	P	1004
1266448838383	0	RECOG_CR_PRES	13	DENIM	446	-999	P	453
1266448839158	1	RECOG_FEEDBACK	1
1266448839916	0	RECOG_PRES	13	BLOUSE	139	-999	P	1105
1266448841392	0	RECOG_CR_PRES	13	BLOUSE	139	-999	P	556
1266448842291	1	RECOG_FEEDBACK	1
1266448843066	0	RECOG_PRES	13	OFFICER	973	-999	P	1411
1266448844849	0	RECOG_CR_PRES	13	OFFICER	973	-999	P	476
1266448845740	1	RECOG_FEEDBACK	0
1266448846524	0	RECOG_PRES	13	HOOK	715	-999	P	1017
1266448847915	0	RECOG_CR_PRES	13	HOOK	715	-999	P	546
1266448848773	1	RECOG_FEEDBACK	1
1266448849558	0	RECOG_PRES	13	PASTRY	1022	-999	P	1695
1266448851624	0	RECOG_CR_PRES	13	PASTRY	1022	-999	P	517
1266448852491	1	RECOG_FEEDBACK	1
1266448853207	0	RECOG_PRES	13	RELISH	1183	-999	P	1078
1266448854657	0	RECOG_CR_PRES	13	RELISH	1183	-999	P	620
1266448855591	1	RECOG_FEEDBACK	1
1266448856340	0	RECOG_PRES	13	BUYER	208	-999	P	1376
1266448858082	0	RECOG_CR_PRES	13	BUYER	208	-999	P	499
1266448858939	1	RECOG_FEEDBACK	0
1266448859739	0	RECOG_PRES	13	TIDE	1465	-999	P	5450
1266448865565	0	RECOG_CR_PRES	13	TIDE	1465	-999	P	415
1266448866381	1	RECOG_FEEDBACK	1
1266448867131	0	RECOG_PRES	13	PIGMENT	1066	-999	P	1130
1266448868631	0	RECOG_CR_PRES	13	PIGMENT	1066	-999	P	478
1266448869423	1	RECOG_FEEDBACK	1
1266448870214	0	RECOG_PRES	13	EGG	518	-999	P	1055
1266448871639	0	RECOG_CR_PRES	13	EGG	518	-999	P	494
1266448872456	1	RECOG_FEEDBACK	1
1266448875031	0	REST
1266448875981	1	REC_START
1266448876022	0	RECOG_PRES	14	ATMOSPHERE	54	-999	P	1055
1266448877447	0	RECOG_CR_PRES	14	ATMOSPHERE	54	-999	P	582
1266448878355	1	RECOG_FEEDBACK	1
1266448879122	0	RECOG_PRES	14	PRIEST	1122	-999	P	931
1266448880422	0	RECOG_CR_PRES	14	PRIEST	1122	-999	P	454
1266448881197	1	RECOG_FEEDBACK	1
1266448881996	0	RECOG_PRES	14	LIGHTER	819	-999	P	872
1266448883230	0	RECOG_CR_PRES	14	LIGHTER	819	-999	P	582
1266448884147	1	RECOG_FEEDBACK	1
1266448884921	0	RECOG_PRES	14	DELINQUENT	445	-999	P	1156
1266448886447	0	RECOG_CR_PRES	14	DELINQUENT	445	-999	P	429
1266448887222	1	RECOG_FEEDBACK	1
1266448887987	0	RECOG_PRES	14	PATROL	1027	-999	P	1418
1266448889779	0	RECOG_CR_PRES	14	PATROL	1027	-999	P	514
1266448890630	1	RECOG_FEEDBACK	1
1266448891355	0	RECOG_PRES	14	WINE	1613	-999	P	778
1266448892504	0	RECOG_CR_PRES	14	WINE	1613	-999	P	525
1266448893338	1	RECOG_FEEDBACK	1
1266448894063	0	RECOG_PRES	14	GHETTO	633	-999	P	982
1266448895421	0	RECOG_CR_PRES	14	GHETTO	633	-999	P	535
1266448896271	1	RECOG_FEEDBACK	1
1266448896995	0	RECOG_PRES	14	RAG	1160	-999	P	809
1266448898171	0	RECOG_CR_PRES	14	RAG	1160	-999	P	521
1266448899004	1	RECOG_FEEDBACK	1
1266448899728	0	RECOG_PRES	14	KIWI	781	-999	P	964
1266448901054	0	RECOG_CR_PRES	14	KIWI	781	-999	P	559
1266448901928	1	RECOG_FEEDBACK	1
1266448902679	0	RECOG_PRES	14	TWINE	1529	-999	P	846
1266448903894	0	RECOG_CR_PRES	14	TWINE	1529	-999	P	591
1266448904811	1	RECOG_FEEDBACK	1
1266448905528	0	RECOG_PRES	14	CORN	381	-999	P	709
1266448906603	0	RECOG_CR_PRES	14	CORN	381	-999	P	578
1266448907487	1	RECOG_FEEDBACK	1
1266448908295	0	RECOG_PRES	14	GUITAR	670	-999	P	942
1266448909612	0	RECOG_CR_PRES	14	GUITAR	670	-999	P	481
1266448910437	1	RECOG_FEEDBACK	1
1266448911211	0	RECOG_PRES	14	BEAVER	109	-999	P	826
1266448912411	0	RECOG_CR_PRES	14	BEAVER	109	-999	P	537
1266448913270	1	RECOG_FEEDBACK	1
1266448914078	0	RECOG_PRES	14	PENDULUM	1043	-999	P	2359
1266448916810	0	RECOG_CR_PRES	14	PENDULUM	1043	-999	P	483
1266448917710	1	RECOG_FEEDBACK	1
1266448918436	0	RECOG_PRES	14	CAN	225	-999	P	1105
1266448919910	0	RECOG_CR_PRES	14	CAN	225	-999	P	415
1266448920669	1	RECOG_FEEDBACK	1
1266448921461	0	RECOG_PRES	14	MILK	895	-999	P	760
1266448922594	0	RECOG_CR_PRES	14	MILK	895	-999	P	507
1266448923410	1	RECOG_FEEDBACK	1
1266448924211	0	RECOG_PRES	14	APPLE	33	-999	P	898
1266448925485	0	RECOG_CR_PRES	14	APPLE	33	-999	P	487
1266448926285	1	RECOG_FEEDBACK	1
1266448927027	0	RECOG_PRES	14	MICROSCOPE	891	-999	P	913
1266448928302	0	RECOG_CR_PRES	14	MICROSCOPE	891	-999	P	478
1266448929093	1	RECOG_FEEDBACK	1
1266448929842	0	RECOG_PRES	14	MOUSE	925	-999	P	1179
1266448931393	0	RECOG_CR_PRES	14	MOUSE	925	-999	P	483
1266448932202	1	RECOG_FEEDBACK	1
1266448932934	0	RECOG_PRES	14	JUG	762	-999	P	766
1266448934068	0	RECOG_CR_PRES	14	JUG	762	-999	P	505
1266448934875	1	RECOG_FEEDBACK	1
1266448936967	0	REST
1266448937979	1	REC_START
1266448938009	0	RECOG_PRES	15	ZEBRA	1635	-999	P	1100
1266448939484	0	RECOG_CR_PRES	15	ZEBRA	1635	-999	P	416
1266448940234	1	RECOG_FEEDBACK	1
1266448941034	0	RECOG_PRES	15	GANGSTER	620	-999	P	802
1266448942201	0	RECOG_CR_PRES	15	GANGSTER	620	-999	P	539
1266448943059	1	RECOG_FEEDBACK	1
1266448943775	0	RECOG_PRES	15	ANT	25	-999	P	886
1266448945034	0	RECOG_CR_PRES	15	ANT	25	-999	P	523
1266448945866	1	RECOG_FEEDBACK	0
1266448946600	0	RECOG_PRES	15	BELL	118	-999	P	1188
1266448948150	0	RECOG_CR_PRES	15	BELL	118	-999	P	487
1266448948958	1	RECOG_FEEDBACK	1
1266448949724	0	RECOG_PRES	15	CHILD	299	-999	P	1272
1266448951367	0	RECOG_CR_PRES	15	CHILD	299	-999	P	581
1266448952300	1	RECOG_FEEDBACK	0
1266448953108	0	RECOG_PRES	15	STALLION	1369	-999	P	2377
1266448955857	0	RECOG_CR_PRES	15	STALLION	1369	-999	P	532
1266448956732	1	RECOG_FEEDBACK	1
1266448957466	0	RECOG_PRES	15	SLOPE	1328	-999	P	1866
1266448959732	0	RECOG_CR_PRES	15	SLOPE	1328	-999	P	569
1266448960658	1	RECOG_FEEDBACK	1
1266448961391	0	RECOG_PRES	15	WILDERNESS	1610	-999	P	998
1266448962765	0	RECOG_CR_PRES	15	WILDERNESS	1610	-999	P	512
1266448963591	1	RECOG_FEEDBACK	1
1266448964341	0	RECOG_PRES	15	COOKIE	374	-999	P	1064
1266448965773	0	RECOG_CR_PRES	15	COOKIE	374	-999	P	496
1266448966582	1	RECOG_FEEDBACK	1
1266448967316	0	RECOG_PRES	15	ALMOND	18	-999	P	969
1266448968657	0	RECOG_CR_PRES	15	ALMOND	18	-999	P	524
1266448969490	1	RECOG_FEEDBACK	1
1266448970249	0	RECOG_PRES	15	CHAIN	273	-999	P	747
1266448971365	0	RECOG_CR_PRES	15	CHAIN	273	-999	P	599
1266448972265	1	RECOG_FEEDBACK	1
1266448973049	0	RECOG_PRES	15	CHIPMUNK	304	-999	P	771
1266448974182	0	RECOG_CR_PRES	15	CHIPMUNK	304	-999	P	582
1266448975082	1	RECOG_FEEDBACK	1
1266448975847	0	RECOG_PRES	15	SWIMMER	1420	-999	P	1997
1266448978206	0	RECOG_CR_PRES	15	SWIMMER	1420	-999	P	622
1266448979215	1	RECOG_FEEDBACK	0
1266448980006	0	RECOG_PRES	15	LIMOUSINE	824	-999	P	1119
1266448981498	0	RECOG_CR_PRES	15	LIMOUSINE	824	-999	P	611
1266448982431	1	RECOG_FEEDBACK	1
1266448983189	0	RECOG_PRES	15	PLANE	1081	-999	P	1008
1266448984564	0	RECOG_CR_PRES	15	PLANE	1081	-999	P	521
1266448985398	1	RECOG_FEEDBACK	1
1266448986181	0	RECOG_PRES	15	WIRE	1616	-999	P	2088
1266448988639	0	RECOG_CR_PRES	15	WIRE	1616	-999	P	582
1266448989572	1	RECOG_FEEDBACK	1
1266448990314	0	RECOG_PRES	15	WASHER	1592	-999	P	1315
1266448992005	0	RECOG_CR_PRES	15	WASHER	1592	-999	P	552
1266448992913	1	RECOG_FEEDBACK	1
1266448993622	0	RECOG_PRES	15	NUT	965	-999	P	855
1266448994846	0	RECOG_CR_PRES	15	NUT	965	-999	P	783
1266448995938	1	RECOG_FEEDBACK	0
1266448996680	0	RECOG_PRES	15	WART	1590	-999	P	957
1266448998013	0	RECOG_CR_PRES	15	WART	1590	-999	P	512
1266448998829	1	RECOG_FEEDBACK	1
1266448999622	0	RECOG_PRES	15	CACTUS	215	-999	P	903
1266449000896	0	RECOG_CR_PRES	15	CACTUS	215	-999	P	493
1266449001720	1	RECOG_FEEDBACK	1
1266449002477	0	RECOG_END
1266449012646	0	SESS_END
1266449012686	0	E	Logging Ends
