1270069509767	0	B	Logging Begins
1270069509767	0	SESS_START	12
1270069616595	0	DISTRACTOR	0			8000	4
1270069624244	1	FR_PRES	0	DUST	508	0	0	698	(0.42259999999999998, 0.58709999999999996, 0)	../fonts/zerothre.ttf	upper
1270069628146	0	DISTRACTOR	0			8000	5
1270069636177	1	FR_PRES	0	DART	440	0	0	693	(0.42259999999999998, 0.58709999999999996, 0)	../fonts/zerothre.ttf	upper
1270069640357	0	DISTRACTOR	0			8000	3
1270069648026	1	FR_PRES	0	FOLDER	588	0	0	756	(0.42259999999999998, 0.58709999999999996, 0)	../fonts/zerothre.ttf	upper
1270069652075	0	DISTRACTOR	0			8000	3
1270069660017	1	FR_PRES	0	BISON	131	0	1	1526	(0.42259999999999998, 0.58709999999999996, 0)	../fonts/zerothre.ttf	upper
1270069663860	0	DISTRACTOR	0			8000	5
1270069671948	1	FR_PRES	0	POSSUM	1112	0	0	1427	(0.42259999999999998, 0.58709999999999996, 0)	../fonts/zerothre.ttf	upper
1270069675818	0	DISTRACTOR	0			8000	5
1270069683914	1	FR_PRES	0	UMPIRE	1535	0	1	1613	(0.42259999999999998, 0.58709999999999996, 0)	../fonts/zerothre.ttf	upper
1270069687752	0	DISTRACTOR	0			8000	5
1270069695846	1	FR_PRES	0	CELLO	268	0	0	1633	(0.42259999999999998, 0.58709999999999996, 0)	../fonts/zerothre.ttf	upper
1270069699720	0	DISTRACTOR	0			8000	4
1270069707879	1	FR_PRES	0	CUPBOARD	425	0	0	1927	(0.42259999999999998, 0.58709999999999996, 0)	../fonts/zerothre.ttf	upper
1270069711890	0	DISTRACTOR	0			8000	5
1270069719978	1	FR_PRES	0	DOG	480	0	0	1365	(0.42259999999999998, 0.58709999999999996, 0)	../fonts/zerothre.ttf	upper
1270069724102	0	DISTRACTOR	0			8000	4
1270069732020	1	FR_PRES	0	FIDDLE	561	0	1	1995	(0.42259999999999998, 0.58709999999999996, 0)	../fonts/zerothre.ttf	upper
1270069736228	0	DISTRACTOR	0			8000	3
1270069743960	1	FR_PRES	0	BULLETIN	195	0	0	1463	(0.42259999999999998, 0.58709999999999996, 0)	../fonts/zerothre.ttf	upper
1270069747982	0	DISTRACTOR	0			8000	5
1270069755875	1	FR_PRES	0	CARNIVAL	245	0	0	2132	(0.42259999999999998, 0.58709999999999996, 0)	../fonts/zerothre.ttf	upper
1270069759722	0	DISTRACTOR	0			8000	5
1270069767966	1	FR_PRES	0	ARTICLE	42	0	0	1073	(0.42259999999999998, 0.58709999999999996, 0)	../fonts/zerothre.ttf	upper
1270069771775	0	DISTRACTOR	0			8000	5
1270069779807	1	FR_PRES	0	MAGAZINE	853	0	0	2007	(0.42259999999999998, 0.58709999999999996, 0)	../fonts/zerothre.ttf	upper
1270069783974	0	DISTRACTOR	0			8000	4
1270069791956	1	FR_PRES	0	COACH	331	0	1	1778	(0.42259999999999998, 0.58709999999999996, 0)	../fonts/zerothre.ttf	upper
1270069795927	0	DISTRACTOR	0			8000	5
1270069803897	1	FR_PRES	0	ONION	977	0	0	1230	(0.42259999999999998, 0.58709999999999996, 0)	../fonts/zerothre.ttf	upper
1270069808068	0	DISTRACTOR	0			8000	2
1270069816763	1	REC_START
1270069903881	0	REST
1270069905382	1	FR_PRES	1	MEDICINE	886	1	0	1185	(0.57740000000000002, 0.41289999999999999, 1.0)	../fonts/amplitud.ttf	lower
1270069909282	1	FR_PRES	1	SWATTER	1418	1	0	917	(0.57740000000000002, 0.41289999999999999, 1.0)	../fonts/amplitud.ttf	lower
1270069913431	1	FR_PRES	1	SHOELACE	1289	1	0	1104	(0.57740000000000002, 0.41289999999999999, 1.0)	../fonts/amplitud.ttf	lower
1270069917489	1	FR_PRES	1	LACE	792	1	0	974	(0.57740000000000002, 0.41289999999999999, 1.0)	../fonts/amplitud.ttf	lower
1270069921564	1	FR_PRES	1	STABLE	1363	0	1	1499	(0.42259999999999998, 0.58709999999999996, 0)	../fonts/zerothre.ttf	upper
1270069925646	1	FR_PRES	1	TAG	1429	0	0	1112	(0.42259999999999998, 0.58709999999999996, 0)	../fonts/zerothre.ttf	upper
1270069929654	1	FR_PRES	1	SIDING	1304	0	1	1529	(0.42259999999999998, 0.58709999999999996, 0)	../fonts/zerothre.ttf	upper
1270069933779	1	FR_PRES	1	SUBURB	1399	0	1	1179	(0.42259999999999998, 0.58709999999999996, 0)	../fonts/zerothre.ttf	upper
1270069937787	1	FR_PRES	1	SILK	1307	1	0	1115	(0.57740000000000002, 0.41289999999999999, 1.0)	../fonts/amplitud.ttf	lower
1270069941720	1	FR_PRES	1	PENGUIN	1044	1	1	1487	(0.57740000000000002, 0.41289999999999999, 1.0)	../fonts/amplitud.ttf	lower
1270069945770	1	FR_PRES	1	SADDLE	1221	1	0	1092	(0.57740000000000002, 0.41289999999999999, 1.0)	../fonts/amplitud.ttf	lower
1270069949661	1	FR_PRES	1	CATERPILLAR	259	1	1	993	(0.57740000000000002, 0.41289999999999999, 1.0)	../fonts/amplitud.ttf	lower
1270069953819	1	FR_PRES	1	SLIDE	1326	0	0	1628	(0.42259999999999998, 0.58709999999999996, 0)	../fonts/zerothre.ttf	upper
1270069957635	1	FR_PRES	1	DEPUTY	450	0	1	924	(0.42259999999999998, 0.58709999999999996, 0)	../fonts/zerothre.ttf	upper
1270069961810	1	FR_PRES	1	OFFICER	973	0	1	1237	(0.42259999999999998, 0.58709999999999996, 0)	../fonts/zerothre.ttf	upper
1270069965860	1	FR_PRES	1	MECHANIC	884	0	1	1138	(0.42259999999999998, 0.58709999999999996, 0)	../fonts/zerothre.ttf	upper
1270069969894	0	DISTRACTOR	1			8000	5
1270069978634	1	REC_START
1270070065911	0	REST
1270070067412	1	FR_PRES	2	SNORKEL	1336	0	0	1083	(0.42259999999999998, 0.58709999999999996, 0)	../fonts/zerothre.ttf	upper
1270070071553	1	FR_PRES	2	CRIMINAL	409	0	1	1069	(0.42259999999999998, 0.58709999999999996, 0)	../fonts/zerothre.ttf	upper
1270070075660	1	FR_PRES	2	HIKER	708	0	1	1403	(0.42259999999999998, 0.58709999999999996, 0)	../fonts/zerothre.ttf	upper
1270070079494	1	FR_PRES	2	DIVER	476	0	1	1216	(0.42259999999999998, 0.58709999999999996, 0)	../fonts/zerothre.ttf	upper
1270070083593	1	FR_PRES	2	TWIG	1527	1	0	1093	(0.57740000000000002, 0.41289999999999999, 1.0)	../fonts/amplitud.ttf	lower
1270070087410	1	FR_PRES	2	BARLEY	88	1	1	1564	(0.57740000000000002, 0.41289999999999999, 1.0)	../fonts/amplitud.ttf	lower
1270070091617	1	FR_PRES	2	STOMACH	1384	0	0	1157	(0.42259999999999998, 0.58709999999999996, 0)	../fonts/zerothre.ttf	upper
1270070095535	1	FR_PRES	2	CHAIR	274	0	0	1536	(0.42259999999999998, 0.58709999999999996, 0)	../fonts/zerothre.ttf	upper
1270070099401	1	FR_PRES	2	SEAT	1264	1	0	1174	(0.57740000000000002, 0.41289999999999999, 1.0)	../fonts/amplitud.ttf	lower
1270070103376	1	FR_PRES	2	COPIER	377	1	0	1199	(0.57740000000000002, 0.41289999999999999, 1.0)	../fonts/amplitud.ttf	lower
1270070107275	1	FR_PRES	2	NEWSSTAND	949	1	0	1419	(0.57740000000000002, 0.41289999999999999, 1.0)	../fonts/amplitud.ttf	lower
1270070111425	1	FR_PRES	2	CLAW	319	1	0	1253	(0.57740000000000002, 0.41289999999999999, 1.0)	../fonts/amplitud.ttf	lower
1270070115450	1	FR_PRES	2	RECEPTIONIST	1174	1	1	973	(0.57740000000000002, 0.41289999999999999, 1.0)	../fonts/amplitud.ttf	lower
1270070119615	1	FR_PRES	2	CARAVAN	242	1	1	904	(0.57740000000000002, 0.41289999999999999, 1.0)	../fonts/amplitud.ttf	lower
1270070123698	1	FR_PRES	2	HANDCUFFS	685	0	0	1549	(0.42259999999999998, 0.58709999999999996, 0)	../fonts/zerothre.ttf	upper
1270070127731	1	FR_PRES	2	FARMER	553	0	1	1348	(0.42259999999999998, 0.58709999999999996, 0)	../fonts/zerothre.ttf	upper
1270070131603	0	DISTRACTOR	2			8000	2
1270070140524	1	REC_START
1270070228974	0	REST
1270070230475	1	FR_PRES	3	PORCUPINE	1107	1	1	1139	(0.57740000000000002, 0.41289999999999999, 1.0)	../fonts/amplitud.ttf	lower
1270070234366	1	FR_PRES	3	CLOVE	329	1	0	993	(0.57740000000000002, 0.41289999999999999, 1.0)	../fonts/amplitud.ttf	lower
1270070238399	1	FR_PRES	3	COOK	372	1	0	1696	(0.57740000000000002, 0.41289999999999999, 1.0)	../fonts/amplitud.ttf	lower
1270070242357	1	FR_PRES	3	MEAL	882	1	0	1361	(0.57740000000000002, 0.41289999999999999, 1.0)	../fonts/amplitud.ttf	lower
1270070246307	1	FR_PRES	3	ROOSTER	1209	1	1	876	(0.57740000000000002, 0.41289999999999999, 1.0)	../fonts/amplitud.ttf	lower
1270070250431	1	FR_PRES	3	BRACELET	163	1	0	1032	(0.57740000000000002, 0.41289999999999999, 1.0)	../fonts/amplitud.ttf	lower
1270070254264	1	FR_PRES	3	GRASS	655	1	1	1191	(0.57740000000000002, 0.41289999999999999, 1.0)	../fonts/amplitud.ttf	lower
1270070258114	1	FR_PRES	3	LANDSCAPE	799	1	1	1053	(0.57740000000000002, 0.41289999999999999, 1.0)	../fonts/amplitud.ttf	lower
1270070262097	1	FR_PRES	3	SKUNK	1321	1	1	869	(0.57740000000000002, 0.41289999999999999, 1.0)	../fonts/amplitud.ttf	lower
1270070265938	1	FR_PRES	3	LABYRINTH	791	1	0	1213	(0.57740000000000002, 0.41289999999999999, 1.0)	../fonts/amplitud.ttf	lower
1270070269871	1	FR_PRES	3	BEAD	103	1	0	1488	(0.57740000000000002, 0.41289999999999999, 1.0)	../fonts/amplitud.ttf	lower
1270070273804	1	FR_PRES	3	QUAIL	1147	1	1	1122	(0.57740000000000002, 0.41289999999999999, 1.0)	../fonts/amplitud.ttf	lower
1270070277970	1	FR_PRES	3	ZOO	1637	1	0	1549	(0.57740000000000002, 0.41289999999999999, 1.0)	../fonts/amplitud.ttf	lower
1270070282171	1	FR_PRES	3	NECK	939	1	0	932	(0.57740000000000002, 0.41289999999999999, 1.0)	../fonts/amplitud.ttf	lower
1270070286296	1	FR_PRES	3	CELLAR	267	1	0	1302	(0.57740000000000002, 0.41289999999999999, 1.0)	../fonts/amplitud.ttf	lower
1270070290345	1	FR_PRES	3	RODENT	1204	1	1	1317	(0.57740000000000002, 0.41289999999999999, 1.0)	../fonts/amplitud.ttf	lower
1270070294443	0	DISTRACTOR	3			16000	12
1270070311211	1	REC_START
1270070401878	0	REST
1270070403379	1	FR_PRES	4	CRUMB	416	0	-999	3000	(0.42259999999999998, 0.58709999999999996, 0)	../fonts/zerothre.ttf	upper
1270070406403	1	SLOW_MSG
1270070408794	1	FR_PRES	4	DIAMOND	458	0	0	988	(0.42259999999999998, 0.58709999999999996, 0)	../fonts/zerothre.ttf	upper
1270070412760	1	FR_PRES	4	BEAVER	109	1	1	1182	(0.57740000000000002, 0.41289999999999999, 1.0)	../fonts/amplitud.ttf	lower
1270070416643	1	FR_PRES	4	SCALLOP	1242	1	1	1588	(0.57740000000000002, 0.41289999999999999, 1.0)	../fonts/amplitud.ttf	lower
1270070420818	1	FR_PRES	4	TOASTER	1472	1	0	1852	(0.57740000000000002, 0.41289999999999999, 1.0)	../fonts/amplitud.ttf	lower
1270070425002	1	FR_PRES	4	BACKBONE	66	1	0	1293	(0.57740000000000002, 0.41289999999999999, 1.0)	../fonts/amplitud.ttf	lower
1270070428901	1	FR_PRES	4	SPINE	1353	0	0	1618	(0.42259999999999998, 0.58709999999999996, 0)	../fonts/zerothre.ttf	upper
1270070433068	1	FR_PRES	4	POLICE	1098	0	1	1275	(0.42259999999999998, 0.58709999999999996, 0)	../fonts/zerothre.ttf	upper
1270070437234	1	FR_PRES	4	CACTUS	215	0	1	941	(0.42259999999999998, 0.58709999999999996, 0)	../fonts/zerothre.ttf	upper
1270070441201	1	FR_PRES	4	DRYER	503	0	0	838	(0.42259999999999998, 0.58709999999999996, 0)	../fonts/zerothre.ttf	upper
1270070445067	1	FR_PRES	4	SCARF	1246	0	0	1276	(0.42259999999999998, 0.58709999999999996, 0)	../fonts/zerothre.ttf	upper
1270070448957	1	FR_PRES	4	FLY	586	0	0	1857	(0.42259999999999998, 0.58709999999999996, 0)	../fonts/zerothre.ttf	upper
1270070453091	1	FR_PRES	4	AIRCRAFT	11	1	0	1220	(0.57740000000000002, 0.41289999999999999, 1.0)	../fonts/amplitud.ttf	lower
1270070457158	1	FR_PRES	4	COLESLAW	344	1	0	1592	(0.57740000000000002, 0.41289999999999999, 1.0)	../fonts/amplitud.ttf	lower
1270070460998	1	FR_PRES	4	FRUIT	610	1	0	1505	(0.57740000000000002, 0.41289999999999999, 1.0)	../fonts/amplitud.ttf	lower
1270070464940	1	FR_PRES	4	MONGOOSE	909	1	1	1563	(0.57740000000000002, 0.41289999999999999, 1.0)	../fonts/amplitud.ttf	lower
1270070470790	1	REC_START
1270070559641	0	REST
1270070561141	0	DISTRACTOR	5			16000	8
1270070576831	1	FR_PRES	5	TOE	1473	0	0	807	(0.42259999999999998, 0.58709999999999996, 0)	../fonts/zerothre.ttf	upper
1270070580928	0	DISTRACTOR	5			16000	9
1270070596747	1	FR_PRES	5	UTENSIL	1542	0	0	612	(0.42259999999999998, 0.58709999999999996, 0)	../fonts/zerothre.ttf	upper
1270070600640	0	DISTRACTOR	5			16000	11
1270070616703	1	FR_PRES	5	COMMUNITY	356	0	1	1456	(0.42259999999999998, 0.58709999999999996, 0)	../fonts/zerothre.ttf	upper
1270070620510	0	DISTRACTOR	5			16000	9
1270070636777	1	FR_PRES	5	CEREAL	272	0	0	1574	(0.42259999999999998, 0.58709999999999996, 0)	../fonts/zerothre.ttf	upper
1270070640746	0	DISTRACTOR	5			16000	9
1270070656751	1	FR_PRES	5	ANIMAL	23	0	0	1272	(0.42259999999999998, 0.58709999999999996, 0)	../fonts/zerothre.ttf	upper
1270070660866	0	DISTRACTOR	5			16000	10
1270070676774	1	FR_PRES	5	PEOPLE	1046	0	1	1144	(0.42259999999999998, 0.58709999999999996, 0)	../fonts/zerothre.ttf	upper
1270070680857	0	DISTRACTOR	5			16000	7
1270070696923	1	FR_PRES	5	OATMEAL	967	0	0	644	(0.42259999999999998, 0.58709999999999996, 0)	../fonts/zerothre.ttf	upper
1270070700893	0	DISTRACTOR	5			16000	9
1270070717097	1	FR_PRES	5	BAY	102	0	0	1334	(0.42259999999999998, 0.58709999999999996, 0)	../fonts/zerothre.ttf	upper
1270070721256	0	DISTRACTOR	5			16000	12
1270070737271	1	FR_PRES	5	DUNE	506	0	0	752	(0.42259999999999998, 0.58709999999999996, 0)	../fonts/zerothre.ttf	upper
1270070741371	0	DISTRACTOR	5			16000	9
1270070757327	1	FR_PRES	5	FINGERNAIL	568	0	1	1511	(0.42259999999999998, 0.58709999999999996, 0)	../fonts/zerothre.ttf	upper
1270070761430	0	DISTRACTOR	5			16000	9
1270070777259	1	FR_PRES	5	KNUCKLE	789	0	0	2316	(0.42259999999999998, 0.58709999999999996, 0)	../fonts/zerothre.ttf	upper
1270070781444	0	DISTRACTOR	5			16000	10
1270070797416	1	FR_PRES	5	REFRIGERATOR	1179	0	-999	3000	(0.42259999999999998, 0.58709999999999996, 0)	../fonts/zerothre.ttf	upper
1270070800441	1	SLOW_MSG
1270070802772	0	DISTRACTOR	5			16000	9
1270070818889	1	FR_PRES	5	TAR	1435	0	0	1150	(0.42259999999999998, 0.58709999999999996, 0)	../fonts/zerothre.ttf	upper
1270070822703	0	DISTRACTOR	5			16000	8
1270070838770	1	FR_PRES	5	ALLEY	15	0	1	1004	(0.42259999999999998, 0.58709999999999996, 0)	../fonts/zerothre.ttf	upper
1270070842904	0	DISTRACTOR	5			16000	11
1270070858686	1	FR_PRES	5	VICTOR	1563	0	1	1184	(0.42259999999999998, 0.58709999999999996, 0)	../fonts/zerothre.ttf	upper
1270070862615	0	DISTRACTOR	5			16000	11
1270070878709	1	FR_PRES	5	SIRLOIN	1311	0	1	810	(0.42259999999999998, 0.58709999999999996, 0)	../fonts/zerothre.ttf	upper
1270070882783	0	DISTRACTOR	5			16000	9
1270070899493	1	REC_START
1270070989793	0	REST
1270070991293	0	DISTRACTOR	6			8000	4
1270070998700	1	FR_PRES	6	AFRICA	9	1	0	1058	(0.57740000000000002, 0.41289999999999999, 1.0)	../fonts/amplitud.ttf	lower
1270071002613	0	DISTRACTOR	6			8000	3
1270071010766	1	FR_PRES	6	TREAD	1499	1	0	824	(0.57740000000000002, 0.41289999999999999, 1.0)	../fonts/amplitud.ttf	lower
1270071014943	0	DISTRACTOR	6			8000	4
1270071022782	1	FR_PRES	6	POOL	1103	1	0	577	(0.57740000000000002, 0.41289999999999999, 1.0)	../fonts/amplitud.ttf	lower
1270071026731	0	DISTRACTOR	6			8000	3
1270071034639	1	FR_PRES	6	SPIT	1354	1	0	928	(0.57740000000000002, 0.41289999999999999, 1.0)	../fonts/amplitud.ttf	lower
1270071038841	0	DISTRACTOR	6			8000	4
1270071046556	1	FR_PRES	6	STREAM	1392	1	0	1370	(0.57740000000000002, 0.41289999999999999, 1.0)	../fonts/amplitud.ttf	lower
1270071050499	0	DISTRACTOR	6			8000	4
1270071058604	1	FR_PRES	6	MARKER	870	1	0	1427	(0.57740000000000002, 0.41289999999999999, 1.0)	../fonts/amplitud.ttf	lower
1270071062413	0	DISTRACTOR	6			8000	5
1270071070645	1	FR_PRES	6	WRENCH	1625	1	0	1874	(0.57740000000000002, 0.41289999999999999, 1.0)	../fonts/amplitud.ttf	lower
1270071074641	0	DISTRACTOR	6			8000	5
1270071082636	1	FR_PRES	6	EUROPE	541	1	1	2242	(0.57740000000000002, 0.41289999999999999, 1.0)	../fonts/amplitud.ttf	lower
1270071086690	0	DISTRACTOR	6			8000	3
1270071094601	1	FR_PRES	6	SNAIL	1332	1	1	1021	(0.57740000000000002, 0.41289999999999999, 1.0)	../fonts/amplitud.ttf	lower
1270071098779	0	DISTRACTOR	6			8000	3
1270071106527	1	FR_PRES	6	PUPIL	1143	1	0	1351	(0.57740000000000002, 0.41289999999999999, 1.0)	../fonts/amplitud.ttf	lower
1270071110625	0	DISTRACTOR	6			8000	5
1270071118351	1	FR_PRES	6	DUSTPAN	509	1	0	1000	(0.57740000000000002, 0.41289999999999999, 1.0)	../fonts/amplitud.ttf	lower
1270071122202	0	DISTRACTOR	6			8000	4
1270071130183	1	FR_PRES	6	CASHIER	254	1	1	2495	(0.57740000000000002, 0.41289999999999999, 1.0)	../fonts/amplitud.ttf	lower
1270071134231	0	DISTRACTOR	6			8000	5
1270071142299	1	FR_PRES	6	STAKE	1368	1	0	940	(0.57740000000000002, 0.41289999999999999, 1.0)	../fonts/amplitud.ttf	lower
1270071146295	0	DISTRACTOR	6			8000	2
1270071154473	1	FR_PRES	6	EMPEROR	529	1	1	934	(0.57740000000000002, 0.41289999999999999, 1.0)	../fonts/amplitud.ttf	lower
1270071158572	0	DISTRACTOR	6			8000	5
1270071166671	1	FR_PRES	6	DICTATOR	462	1	1	1271	(0.57740000000000002, 0.41289999999999999, 1.0)	../fonts/amplitud.ttf	lower
1270071170572	0	DISTRACTOR	6			8000	3
1270071178870	1	FR_PRES	6	COIN	343	1	0	1137	(0.57740000000000002, 0.41289999999999999, 1.0)	../fonts/amplitud.ttf	lower
1270071182829	0	DISTRACTOR	6			8000	4
1270071191678	1	REC_START
1270071278696	0	REST
1270071280197	1	FR_PRES	7	CABLE	213	0	0	761	(0.42259999999999998, 0.58709999999999996, 0)	../fonts/zerothre.ttf	upper
1270071284372	1	FR_PRES	7	BRAN	167	0	0	1051	(0.42259999999999998, 0.58709999999999996, 0)	../fonts/zerothre.ttf	upper
1270071288272	1	FR_PRES	7	BANANA	77	0	0	895	(0.42259999999999998, 0.58709999999999996, 0)	../fonts/zerothre.ttf	upper
1270071292146	1	FR_PRES	7	ALLIGATOR	16	0	1	1205	(0.42259999999999998, 0.58709999999999996, 0)	../fonts/zerothre.ttf	upper
1270071296229	1	FR_PRES	7	PEARL	1034	1	0	1082	(0.57740000000000002, 0.41289999999999999, 1.0)	../fonts/amplitud.ttf	lower
1270071300154	1	FR_PRES	7	LOVER	846	1	1	989	(0.57740000000000002, 0.41289999999999999, 1.0)	../fonts/amplitud.ttf	lower
1270071304270	1	FR_PRES	7	PIKE	1067	1	0	1384	(0.57740000000000002, 0.41289999999999999, 1.0)	../fonts/amplitud.ttf	lower
1270071308095	1	FR_PRES	7	CREATURE	403	1	1	1663	(0.57740000000000002, 0.41289999999999999, 1.0)	../fonts/amplitud.ttf	lower
1270071312270	1	FR_PRES	7	DIPLOMA	470	1	0	1177	(0.57740000000000002, 0.41289999999999999, 1.0)	../fonts/amplitud.ttf	lower
1270071316178	1	FR_PRES	7	COLLEGE	346	1	0	1341	(0.57740000000000002, 0.41289999999999999, 1.0)	../fonts/amplitud.ttf	lower
1270071320377	1	FR_PRES	7	OMELET	976	0	0	1349	(0.42259999999999998, 0.58709999999999996, 0)	../fonts/zerothre.ttf	upper
1270071324319	1	FR_PRES	7	SPATULA	1348	0	0	1623	(0.42259999999999998, 0.58709999999999996, 0)	../fonts/zerothre.ttf	upper
1270071328369	1	FR_PRES	7	TROUT	1511	0	0	1309	(0.42259999999999998, 0.58709999999999996, 0)	../fonts/zerothre.ttf	upper
1270071332243	1	FR_PRES	7	FAMILY	550	0	1	1347	(0.42259999999999998, 0.58709999999999996, 0)	../fonts/zerothre.ttf	upper
1270071336135	1	FR_PRES	7	SLACKS	1323	1	0	1144	(0.57740000000000002, 0.41289999999999999, 1.0)	../fonts/amplitud.ttf	lower
1270071340251	1	FR_PRES	7	HORNET	718	1	1	1475	(0.57740000000000002, 0.41289999999999999, 1.0)	../fonts/amplitud.ttf	lower
1270071345967	1	REC_START
1270071429345	0	REST
1270071430860	1	FR_PRES	8	SUPERMARKET	1409	1	0	1171	(0.57740000000000002, 0.41289999999999999, 1.0)	../fonts/amplitud.ttf	lower
1270071434776	1	FR_PRES	8	TURKEY	1520	1	1	1142	(0.57740000000000002, 0.41289999999999999, 1.0)	../fonts/amplitud.ttf	lower
1270071438943	1	FR_PRES	8	CRITIC	410	1	0	1280	(0.57740000000000002, 0.41289999999999999, 1.0)	../fonts/amplitud.ttf	lower
1270071442942	1	FR_PRES	8	CALF	222	0	1	1848	(0.42259999999999998, 0.58709999999999996, 0)	../fonts/zerothre.ttf	upper
1270071446767	1	FR_PRES	8	PAW	1029	0	0	1111	(0.42259999999999998, 0.58709999999999996, 0)	../fonts/zerothre.ttf	upper
1270071450967	1	FR_PRES	8	BEET	115	1	1	1504	(0.57740000000000002, 0.41289999999999999, 1.0)	../fonts/amplitud.ttf	lower
1270071455043	1	FR_PRES	8	CITY	314	1	0	1300	(0.57740000000000002, 0.41289999999999999, 1.0)	../fonts/amplitud.ttf	lower
1270071459151	1	FR_PRES	8	SHACK	1273	0	0	1663	(0.42259999999999998, 0.58709999999999996, 0)	../fonts/zerothre.ttf	upper
1270071463125	1	FR_PRES	8	RUM	1217	0	0	1066	(0.42259999999999998, 0.58709999999999996, 0)	../fonts/zerothre.ttf	upper
1270071467108	1	FR_PRES	8	KIDNEY	776	0	1	1355	(0.42259999999999998, 0.58709999999999996, 0)	../fonts/zerothre.ttf	upper
1270071471125	1	FR_PRES	8	SERVER	1272	0	1	1769	(0.42259999999999998, 0.58709999999999996, 0)	../fonts/zerothre.ttf	upper
1270071474998	1	FR_PRES	8	PAINTING	1005	0	1	2161	(0.42259999999999998, 0.58709999999999996, 0)	../fonts/zerothre.ttf	upper
1270071479041	1	FR_PRES	8	PICTURE	1061	0	1	1222	(0.42259999999999998, 0.58709999999999996, 0)	../fonts/zerothre.ttf	upper
1270071482948	1	FR_PRES	8	COW	393	1	1	1171	(0.57740000000000002, 0.41289999999999999, 1.0)	../fonts/amplitud.ttf	lower
1270071486889	1	FR_PRES	8	RUST	1219	1	0	1182	(0.57740000000000002, 0.41289999999999999, 1.0)	../fonts/amplitud.ttf	lower
1270071490706	1	FR_PRES	8	TICKET	1464	1	0	1036	(0.57740000000000002, 0.41289999999999999, 1.0)	../fonts/amplitud.ttf	lower
1270071494828	0	DISTRACTOR	8			8000	5
1270071503548	1	REC_START
1270071591249	0	REST
1270071592756	1	FR_PRES	9	SPIDER	1351	1	1	1355	(0.57740000000000002, 0.41289999999999999, 1.0)	../fonts/amplitud.ttf	lower
1270071596681	1	FR_PRES	9	PICKLE	1059	1	1	1141	(0.57740000000000002, 0.41289999999999999, 1.0)	../fonts/amplitud.ttf	lower
1270071600606	1	FR_PRES	9	LOLLIPOP	842	0	0	1368	(0.42259999999999998, 0.58709999999999996, 0)	../fonts/zerothre.ttf	upper
1270071604764	1	FR_PRES	9	PANTS	1010	0	0	1491	(0.42259999999999998, 0.58709999999999996, 0)	../fonts/zerothre.ttf	upper
1270071608672	1	FR_PRES	9	SHIRT	1287	0	1	1535	(0.42259999999999998, 0.58709999999999996, 0)	../fonts/zerothre.ttf	upper
1270071612772	1	FR_PRES	9	GHETTO	633	1	0	1619	(0.57740000000000002, 0.41289999999999999, 1.0)	../fonts/amplitud.ttf	lower
1270071616813	1	FR_PRES	9	LEADER	807	1	1	1218	(0.57740000000000002, 0.41289999999999999, 1.0)	../fonts/amplitud.ttf	lower
1270071620888	1	FR_PRES	9	CHEMIST	292	1	1	1535	(0.57740000000000002, 0.41289999999999999, 1.0)	../fonts/amplitud.ttf	lower
1270071624746	1	FR_PRES	9	CHECKERS	285	0	0	1653	(0.42259999999999998, 0.58709999999999996, 0)	../fonts/zerothre.ttf	upper
1270071628812	1	FR_PRES	9	POISON	1096	0	0	1890	(0.42259999999999998, 0.58709999999999996, 0)	../fonts/zerothre.ttf	upper
1270071632995	1	FR_PRES	9	INVENTOR	743	0	1	1260	(0.42259999999999998, 0.58709999999999996, 0)	../fonts/zerothre.ttf	upper
1270071637062	1	FR_PRES	9	RULER	1216	0	1	1568	(0.42259999999999998, 0.58709999999999996, 0)	../fonts/zerothre.ttf	upper
1270071640919	1	FR_PRES	9	SUPERVISOR	1410	0	1	1104	(0.42259999999999998, 0.58709999999999996, 0)	../fonts/zerothre.ttf	upper
1270071644936	1	FR_PRES	9	CLERK	321	1	1	1175	(0.57740000000000002, 0.41289999999999999, 1.0)	../fonts/amplitud.ttf	lower
1270071648861	1	FR_PRES	9	MOTH	920	1	1	977	(0.57740000000000002, 0.41289999999999999, 1.0)	../fonts/amplitud.ttf	lower
1270071652935	1	FR_PRES	9	GERM	632	1	1	1424	(0.57740000000000002, 0.41289999999999999, 1.0)	../fonts/amplitud.ttf	lower
1270071656768	0	DISTRACTOR	9			16000	10
1270071673768	1	REC_START
1270071754562	0	REST
1270071756062	0	DISTRACTOR	10			8000	4
1270071763627	1	FR_PRES	10	SKYSCRAPER	1322	1	0	1331	(0.57740000000000002, 0.41289999999999999, 1.0)	../fonts/amplitud.ttf	lower
1270071767618	0	DISTRACTOR	10			8000	5
1270071775651	1	FR_PRES	10	BUILDING	191	1	0	916	(0.57740000000000002, 0.41289999999999999, 1.0)	../fonts/amplitud.ttf	lower
1270071779694	0	DISTRACTOR	10			8000	5
1270071787834	1	FR_PRES	10	SUITCASE	1403	1	0	1413	(0.57740000000000002, 0.41289999999999999, 1.0)	../fonts/amplitud.ttf	lower
1270071792034	0	DISTRACTOR	10			8000	3
1270071799699	1	FR_PRES	10	PARSLEY	1016	1	0	971	(0.57740000000000002, 0.41289999999999999, 1.0)	../fonts/amplitud.ttf	lower
1270071803628	0	DISTRACTOR	10			8000	5
1270071811865	1	FR_PRES	10	VEGETABLE	1552	1	1	1198	(0.57740000000000002, 0.41289999999999999, 1.0)	../fonts/amplitud.ttf	lower
1270071815850	0	DISTRACTOR	10			8000	4
1270071823706	1	FR_PRES	10	LODGE	839	1	0	829	(0.57740000000000002, 0.41289999999999999, 1.0)	../fonts/amplitud.ttf	lower
1270071827796	0	DISTRACTOR	10			8000	4
1270071835638	1	FR_PRES	10	ACTRESS	6	1	1	1096	(0.57740000000000002, 0.41289999999999999, 1.0)	../fonts/amplitud.ttf	lower
1270071839815	0	DISTRACTOR	10			8000	5
1270071847771	1	FR_PRES	10	ACTOR	5	1	1	1532	(0.57740000000000002, 0.41289999999999999, 1.0)	../fonts/amplitud.ttf	lower
1270071851783	0	DISTRACTOR	10			8000	5
1270071859903	1	FR_PRES	10	JUGGLER	763	1	-999	3000	(0.57740000000000002, 0.41289999999999999, 1.0)	../fonts/amplitud.ttf	lower
1270071862928	1	SLOW_MSG
1270071865416	0	DISTRACTOR	10			8000	2
1270071873345	1	FR_PRES	10	COMEDIAN	352	1	1	1734	(0.57740000000000002, 0.41289999999999999, 1.0)	../fonts/amplitud.ttf	lower
1270071877370	0	DISTRACTOR	10			8000	3
1270071885486	1	FR_PRES	10	FLOWER	584	1	1	1368	(0.57740000000000002, 0.41289999999999999, 1.0)	../fonts/amplitud.ttf	lower
1270071889609	0	DISTRACTOR	10			8000	5
1270071897368	1	FR_PRES	10	WIFE	1609	1	1	1446	(0.57740000000000002, 0.41289999999999999, 1.0)	../fonts/amplitud.ttf	lower
1270071901196	0	DISTRACTOR	10			8000	4
1270071909392	1	FR_PRES	10	DIME	466	1	0	1895	(0.57740000000000002, 0.41289999999999999, 1.0)	../fonts/amplitud.ttf	lower
1270071913308	0	DISTRACTOR	10			8000	2
1270071921583	1	FR_PRES	10	DOLPHIN	483	1	1	1600	(0.57740000000000002, 0.41289999999999999, 1.0)	../fonts/amplitud.ttf	lower
1270071925402	0	DISTRACTOR	10			8000	6
1270071933631	1	FR_PRES	10	TOWER	1490	1	1	1408	(0.57740000000000002, 0.41289999999999999, 1.0)	../fonts/amplitud.ttf	lower
1270071937600	0	DISTRACTOR	10			8000	4
1270071945747	1	FR_PRES	10	WEED	1599	1	1	2219	(0.57740000000000002, 0.41289999999999999, 1.0)	../fonts/amplitud.ttf	lower
1270071949764	0	DISTRACTOR	10			8000	4
1270071958539	1	REC_START
1270072046640	0	REST
1270072048139	0	DISTRACTOR	11			16000	11
1270072063763	1	FR_PRES	11	COLOGNE	347	0	0	931	(0.42259999999999998, 0.58709999999999996, 0)	../fonts/zerothre.ttf	upper
1270072067773	0	DISTRACTOR	11			16000	11
1270072083670	1	FR_PRES	11	TUBE	1516	0	0	1008	(0.42259999999999998, 0.58709999999999996, 0)	../fonts/zerothre.ttf	upper
1270072087548	0	DISTRACTOR	11			16000	11
1270072103669	1	FR_PRES	11	PLATE	1086	0	1	1161	(0.42259999999999998, 0.58709999999999996, 0)	../fonts/zerothre.ttf	upper
1270072107754	0	DISTRACTOR	11			16000	9
1270072123742	1	FR_PRES	11	CELERY	266	0	1	1473	(0.42259999999999998, 0.58709999999999996, 0)	../fonts/zerothre.ttf	upper
1270072127904	0	DISTRACTOR	11			16000	9
1270072143583	1	FR_PRES	11	APRON	35	0	1	2279	(0.42259999999999998, 0.58709999999999996, 0)	../fonts/zerothre.ttf	upper
1270072147442	0	DISTRACTOR	11			16000	5
1270072163474	1	FR_PRES	11	YARN	1631	0	1	1444	(0.42259999999999998, 0.58709999999999996, 0)	../fonts/zerothre.ttf	upper
1270072167373	0	DISTRACTOR	11			16000	9
1270072183580	1	FR_PRES	11	GEM	629	0	0	1146	(0.42259999999999998, 0.58709999999999996, 0)	../fonts/zerothre.ttf	upper
1270072187391	0	DISTRACTOR	11			16000	8
1270072203396	1	FR_PRES	11	INCENSE	735	0	1	2131	(0.42259999999999998, 0.58709999999999996, 0)	../fonts/zerothre.ttf	upper
1270072207318	0	DISTRACTOR	11			16000	9
1270072223602	1	FR_PRES	11	QUILT	1151	0	0	1188	(0.42259999999999998, 0.58709999999999996, 0)	../fonts/zerothre.ttf	upper
1270072227452	0	DISTRACTOR	11			16000	9
1270072243633	1	FR_PRES	11	FACTORY	548	0	0	965	(0.42259999999999998, 0.58709999999999996, 0)	../fonts/zerothre.ttf	upper
1270072247596	0	DISTRACTOR	11			16000	8
1270072263823	1	FR_PRES	11	COAT	333	0	0	1296	(0.42259999999999998, 0.58709999999999996, 0)	../fonts/zerothre.ttf	upper
1270072267809	0	DISTRACTOR	11			16000	6
1270072283714	1	FR_PRES	11	CAPE	237	0	0	900	(0.42259999999999998, 0.58709999999999996, 0)	../fonts/zerothre.ttf	upper
1270072287811	0	DISTRACTOR	11			16000	10
1270072303837	1	FR_PRES	11	HOSTAGE	722	0	1	1041	(0.42259999999999998, 0.58709999999999996, 0)	../fonts/zerothre.ttf	upper
1270072307858	0	DISTRACTOR	11			16000	6
1270072323694	1	FR_PRES	11	CAPTIVE	240	0	1	1665	(0.42259999999999998, 0.58709999999999996, 0)	../fonts/zerothre.ttf	upper
1270072327842	0	DISTRACTOR	11			16000	10
1270072343544	1	FR_PRES	11	MARBLE	867	0	0	1422	(0.42259999999999998, 0.58709999999999996, 0)	../fonts/zerothre.ttf	upper
1270072347502	0	DISTRACTOR	11			16000	8
1270072363525	1	FR_PRES	11	PARTY	1018	0	0	1065	(0.42259999999999998, 0.58709999999999996, 0)	../fonts/zerothre.ttf	upper
1270072367441	0	DISTRACTOR	11			16000	8
1270072384316	1	REC_START
1270072459901	1	REST_REWET
1270072697051	0	MATH_TOTAL_SCORE	549
1270072701284	0	FFR_START
1270072706941	1	REC_START
1270073027402	0	RECOG_START
1270073027402	1	REC_START
1270073027435	0	RECOG_PRES	0	STOMACH	1384	-999	P	1132
1270073028942	0	RECOG_CR_PRES	0	STOMACH	1384	-999	P	905
1270073030193	1	RECOG_FEEDBACK	1
1270073030950	0	RECOG_PRES	0	RICE	1190	-999	P	1122
1270073032443	0	RECOG_CR_PRES	0	RICE	1190	-999	P	612
1270073033476	1	RECOG_FEEDBACK	1
1270073034259	0	RECOG_PRES	0	BISON	131	-999	P	965
1270073035592	0	RECOG_CR_PRES	0	BISON	131	-999	P	576
1270073036559	1	RECOG_FEEDBACK	1
1270073037367	0	RECOG_PRES	0	PARTY	1018	-999	P	800
1270073038567	0	RECOG_CR_PRES	0	PARTY	1018	-999	P	424
1270073039359	1	RECOG_FEEDBACK	1
1270073040092	0	RECOG_PRES	0	TRAY	1498	-999	P	867
1270073041325	0	RECOG_CR_PRES	0	TRAY	1498	-999	P	586
1270073042275	1	RECOG_FEEDBACK	1
1270073043084	0	RECOG_PRES	0	ACTRESS	6	-999	P	690
1270073044142	0	RECOG_CR_PRES	0	ACTRESS	6	-999	P	552
1270073045025	1	RECOG_FEEDBACK	1
1270073045832	0	RECOG_PRES	0	COLLAR	345	-999	P	800
1270073047025	0	RECOG_CR_PRES	0	COLLAR	345	-999	P	431
1270073047816	1	RECOG_FEEDBACK	1
1270073048607	0	RECOG_PRES	0	CLAW	319	-999	P	769
1270073049749	0	RECOG_CR_PRES	0	CLAW	319	-999	P	410
1270073050516	1	RECOG_FEEDBACK	1
1270073051291	0	RECOG_PRES	0	DUNE	506	-999	P	733
1270073052400	0	RECOG_CR_PRES	0	DUNE	506	-999	P	591
1270073053366	1	RECOG_FEEDBACK	1
1270073054099	0	RECOG_PRES	0	ANT	25	-999	P	1229
1270073055698	0	RECOG_CR_PRES	0	ANT	25	-999	P	342
1270073056474	1	RECOG_FEEDBACK	0
1270073057249	0	RECOG_PRES	0	CRIMINAL	409	-999	P	791
1270073058407	0	RECOG_CR_PRES	0	CRIMINAL	409	-999	P	424
1270073059191	1	RECOG_FEEDBACK	1
1270073059990	0	RECOG_PRES	0	FLY	586	-999	P	705
1270073061057	0	RECOG_CR_PRES	0	FLY	586	-999	P	503
1270073061914	1	RECOG_FEEDBACK	1
1270073062706	0	RECOG_PRES	0	TUBE	1516	-999	P	965
1270073064032	0	RECOG_CR_PRES	0	TUBE	1516	-999	P	648
1270073065132	1	RECOG_FEEDBACK	1
1270073065848	0	RECOG_PRES	0	CELLO	268	-999	P	799
1270073067015	0	RECOG_CR_PRES	0	CELLO	268	-999	P	400
1270073067789	1	RECOG_FEEDBACK	1
1270073068515	0	RECOG_PRES	0	DOG	480	-999	P	2076
1270073070964	0	RECOG_CR_PRES	0	DOG	480	-999	P	428
1270073071914	1	RECOG_FEEDBACK	0
1270073072647	0	RECOG_PRES	0	CALF	222	-999	P	1007
1270073074023	0	RECOG_CR_PRES	0	CALF	222	-999	P	345
1270073074714	1	RECOG_FEEDBACK	1
1270073075515	0	RECOG_PRES	0	MARBLE	867	-999	P	845
1270073076730	0	RECOG_CR_PRES	0	MARBLE	867	-999	P	430
1270073077523	1	RECOG_FEEDBACK	1
1270073078239	0	RECOG_PRES	0	PAINTING	1005	-999	P	891
1270073079531	0	RECOG_CR_PRES	0	PAINTING	1005	-999	P	355
1270073080273	1	RECOG_FEEDBACK	1
1270073081014	0	RECOG_PRES	0	COIN	343	-999	P	1002
1270073082389	0	RECOG_CR_PRES	0	COIN	343	-999	P	458
1270073083256	1	RECOG_FEEDBACK	1
1270073084047	0	RECOG_PRES	0	SADDLE	1221	-999	P	696
1270073085106	0	RECOG_CR_PRES	0	SADDLE	1221	-999	P	478
1270073085929	1	RECOG_FEEDBACK	1
1270073088147	0	REST
1270073089167	1	REC_START
1270073089205	0	RECOG_PRES	1	OFFICER	973	-999	P	819
1270073090388	0	RECOG_CR_PRES	1	OFFICER	973	-999	P	426
1270073091138	1	RECOG_FEEDBACK	1
1270073091937	0	RECOG_PRES	1	POLICE	1098	-999	P	615
1270073092921	0	RECOG_CR_PRES	1	POLICE	1098	-999	P	495
1270073093745	1	RECOG_FEEDBACK	1
1270073094530	0	RECOG_PRES	1	PIKE	1067	-999	P	662
1270073095563	0	RECOG_CR_PRES	1	PIKE	1067	-999	P	428
1270073096346	1	RECOG_FEEDBACK	1
1270073097105	0	RECOG_PRES	1	DIAMOND	458	-999	P	710
1270073098180	0	RECOG_CR_PRES	1	DIAMOND	458	-999	P	380
1270073098903	1	RECOG_FEEDBACK	1
1270073099662	0	RECOG_PRES	1	SEAT	1264	-999	P	786
1270073100820	0	RECOG_CR_PRES	1	SEAT	1264	-999	P	540
1270073101678	1	RECOG_FEEDBACK	1
1270073102421	0	RECOG_PRES	1	ORGAN	984	-999	P	3667
1270073106462	0	RECOG_CR_PRES	1	ORGAN	984	-999	P	601
1270073107794	1	RECOG_FEEDBACK	0
1270073108586	0	RECOG_PRES	1	GRADUATE	653	-999	P	1037
1270073109994	0	RECOG_CR_PRES	1	GRADUATE	653	-999	P	413
1270073110719	1	RECOG_FEEDBACK	1
1270073111462	0	RECOG_PRES	1	CAPE	237	-999	P	834
1270073112669	0	RECOG_CR_PRES	1	CAPE	237	-999	P	281
1270073113320	1	RECOG_FEEDBACK	1
1270073114037	0	RECOG_PRES	1	MEDICINE	886	-999	P	658
1270073115062	0	RECOG_CR_PRES	1	MEDICINE	886	-999	P	442
1270073115819	1	RECOG_FEEDBACK	1
1270073116602	0	RECOG_PRES	1	PORCUPINE	1107	-999	P	1165
1270073118128	0	RECOG_CR_PRES	1	PORCUPINE	1107	-999	P	448
1270073118994	1	RECOG_FEEDBACK	1
1270073119710	0	RECOG_PRES	1	BUCKLE	185	-999	P	1891
1270073121993	0	RECOG_CR_PRES	1	BUCKLE	185	-999	P	630
1270073123136	1	RECOG_FEEDBACK	0
1270073123910	0	RECOG_PRES	1	COW	393	-999	P	1450
1270073125735	0	RECOG_CR_PRES	1	COW	393	-999	P	472
1270073126651	1	RECOG_FEEDBACK	0
1270073127444	0	RECOG_PRES	1	KIDNEY	776	-999	P	844
1270073128660	0	RECOG_CR_PRES	1	KIDNEY	776	-999	P	323
1270073129319	1	RECOG_FEEDBACK	1
1270073130060	0	RECOG_PRES	1	SIDING	1304	-999	P	865
1270073131319	0	RECOG_CR_PRES	1	SIDING	1304	-999	P	344
1270073132019	1	RECOG_FEEDBACK	1
1270073132768	0	RECOG_PRES	1	AFRICA	9	-999	P	823
1270073133959	0	RECOG_CR_PRES	1	AFRICA	9	-999	P	424
1270073134751	1	RECOG_FEEDBACK	1
1270073135552	0	RECOG_PRES	1	TOASTER	1472	-999	P	799
1270073136751	0	RECOG_CR_PRES	1	TOASTER	1472	-999	P	473
1270073137609	1	RECOG_FEEDBACK	1
1270073138368	0	RECOG_PRES	1	RECEPTIONIST	1174	-999	P	808
1270073139551	0	RECOG_CR_PRES	1	RECEPTIONIST	1174	-999	P	472
1270073140393	1	RECOG_FEEDBACK	1
1270073141201	0	RECOG_PRES	1	RIDER	1191	-999	P	1231
1270073142800	0	RECOG_CR_PRES	1	RIDER	1191	-999	P	360
1270073143600	1	RECOG_FEEDBACK	1
1270073144326	0	RECOG_PRES	1	DIGGER	464	-999	P	1034
1270073145733	0	RECOG_CR_PRES	1	DIGGER	464	-999	P	418
1270073146518	1	RECOG_FEEDBACK	1
1270073147309	0	RECOG_PRES	1	BRACELET	163	-999	P	859
1270073148542	0	RECOG_CR_PRES	1	BRACELET	163	-999	P	417
1270073149342	1	RECOG_FEEDBACK	1
1270073151284	0	REST
1270073152307	1	REC_START
1270073152342	0	RECOG_PRES	2	BACKBONE	66	-999	P	818
1270073153525	0	RECOG_CR_PRES	2	BACKBONE	66	-999	P	378
1270073154242	1	RECOG_FEEDBACK	1
1270073155009	0	RECOG_PRES	2	SHIRT	1287	-999	P	830
1270073156200	0	RECOG_CR_PRES	2	SHIRT	1287	-999	P	422
1270073156957	1	RECOG_FEEDBACK	1
1270073157691	0	RECOG_PRES	2	HIKER	708	-999	P	2405
1270073160467	0	RECOG_CR_PRES	2	HIKER	708	-999	P	1524
1270073162416	1	RECOG_FEEDBACK	1
1270073163158	0	RECOG_PRES	2	DICTATOR	462	-999	P	1440
1270073164974	0	RECOG_CR_PRES	2	DICTATOR	462	-999	P	538
1270073165932	1	RECOG_FEEDBACK	1
1270073166649	0	RECOG_PRES	2	CAR	241	-999	P	847
1270073167865	0	RECOG_CR_PRES	2	CAR	241	-999	P	862
1270073169066	1	RECOG_FEEDBACK	1
1270073169798	0	RECOG_PRES	2	ONION	977	-999	P	1025
1270073171191	0	RECOG_CR_PRES	2	ONION	977	-999	P	592
1270073172116	1	RECOG_FEEDBACK	0
1270073172915	0	RECOG_PRES	2	CEREAL	272	-999	P	1229
1270073174516	0	RECOG_CR_PRES	2	CEREAL	272	-999	P	442
1270073175357	1	RECOG_FEEDBACK	1
1270073176090	0	RECOG_PRES	2	CELLAR	267	-999	P	1118
1270073177582	0	RECOG_CR_PRES	2	CELLAR	267	-999	P	417
1270073178407	1	RECOG_FEEDBACK	1
1270073179140	0	RECOG_PRES	2	RUST	1219	-999	P	739
1270073180240	0	RECOG_CR_PRES	2	RUST	1219	-999	P	832
1270073181407	1	RECOG_FEEDBACK	1
1270073182165	0	RECOG_PRES	2	ANIMAL	23	-999	P	690
1270073183223	0	RECOG_CR_PRES	2	ANIMAL	23	-999	P	512
1270073184056	1	RECOG_FEEDBACK	1
1270073184822	0	RECOG_PRES	2	WRENCH	1625	-999	P	594
1270073185789	0	RECOG_CR_PRES	2	WRENCH	1625	-999	P	563
1270073186672	1	RECOG_FEEDBACK	1
1270073187390	0	RECOG_PRES	2	MEAL	882	-999	P	706
1270073188465	0	RECOG_CR_PRES	2	MEAL	882	-999	P	623
1270073189406	1	RECOG_FEEDBACK	1
1270073190173	0	RECOG_PRES	2	BUFFALO	186	-999	P	770
1270073191306	0	RECOG_CR_PRES	2	BUFFALO	186	-999	P	541
1270073192198	1	RECOG_FEEDBACK	1
1270073192947	0	RECOG_PRES	2	SILK	1307	-999	P	780
1270073194089	0	RECOG_CR_PRES	2	SILK	1307	-999	P	438
1270073194871	1	RECOG_FEEDBACK	1
1270073195638	0	RECOG_PRES	2	CUPBOARD	425	-999	P	738
1270073196746	0	RECOG_CR_PRES	2	CUPBOARD	425	-999	P	534
1270073197629	1	RECOG_FEEDBACK	1
1270073198397	0	RECOG_PRES	2	LACE	792	-999	P	282
1270073199047	0	RECOG_CR_PRES	2	LACE	792	-999	P	880
1270073200164	1	RECOG_FEEDBACK	-1
1270073200929	0	RECOG_PRES	2	WEED	1599	-999	P	1022
1270073202322	0	RECOG_CR_PRES	2	WEED	1599	-999	P	734
1270073203355	1	RECOG_FEEDBACK	1
1270073204147	0	RECOG_PRES	2	ELEPHANT	523	-999	P	1037
1270073205555	0	RECOG_CR_PRES	2	ELEPHANT	523	-999	P	573
1270073206446	1	RECOG_FEEDBACK	1
1270073207155	0	RECOG_PRES	2	SPIT	1354	-999	P	891
1270073208446	0	RECOG_CR_PRES	2	SPIT	1354	-999	P	329
1270073209121	1	RECOG_FEEDBACK	1
1270073209870	0	RECOG_PRES	2	QUAIL	1147	-999	P	1378
1270073211620	0	RECOG_CR_PRES	2	QUAIL	1147	-999	P	323
1270073212388	1	RECOG_FEEDBACK	1
1270073221387	0	REST
1270073222205	1	REC_START
1270073222237	0	RECOG_PRES	3	CACTUS	215	-999	P	779
1270073223387	0	RECOG_CR_PRES	3	CACTUS	215	-999	P	347
1270073224112	1	RECOG_FEEDBACK	1
1270073224894	0	RECOG_PRES	3	KNUCKLE	789	-999	P	793
1270073226053	0	RECOG_CR_PRES	3	KNUCKLE	789	-999	P	410
1270073226844	1	RECOG_FEEDBACK	1
1270073227570	0	RECOG_PRES	3	SUBURB	1399	-999	P	814
1270073228752	0	RECOG_CR_PRES	3	SUBURB	1399	-999	P	424
1270073229570	1	RECOG_FEEDBACK	1
1270073230361	0	RECOG_PRES	3	HOSTAGE	722	-999	P	903
1270073231635	0	RECOG_CR_PRES	3	HOSTAGE	722	-999	P	557
1270073232536	1	RECOG_FEEDBACK	1
1270073233311	0	RECOG_PRES	3	ACTOR	5	-999	P	833
1270073234544	0	RECOG_CR_PRES	3	ACTOR	5	-999	P	479
1270073235403	1	RECOG_FEEDBACK	1
1270073236161	0	RECOG_PRES	3	COP	376	-999	P	2087
1270073238618	0	RECOG_CR_PRES	3	COP	376	-999	P	285
1270073239527	1	RECOG_FEEDBACK	1
1270073240286	0	RECOG_PRES	3	PUPIL	1143	-999	P	890
1270073241552	0	RECOG_CR_PRES	3	PUPIL	1143	-999	P	375
1270073242302	1	RECOG_FEEDBACK	1
1270073243061	0	RECOG_PRES	3	DRAGON	492	-999	P	1275
1270073244709	0	RECOG_CR_PRES	3	DRAGON	492	-999	P	395
1270073245452	1	RECOG_FEEDBACK	1
1270073246177	0	RECOG_PRES	3	ATTIRE	57	-999	P	959
1270073247510	0	RECOG_CR_PRES	3	ATTIRE	57	-999	P	361
1270073248235	1	RECOG_FEEDBACK	1
1270073248984	0	RECOG_PRES	3	SLACKS	1323	-999	P	983
1270073250335	0	RECOG_CR_PRES	3	SLACKS	1323	-999	P	496
1270073251218	1	RECOG_FEEDBACK	1
1270073252001	0	RECOG_PRES	3	CHEMIST	292	-999	P	710
1270073253076	0	RECOG_CR_PRES	3	CHEMIST	292	-999	P	452
1270073253900	1	RECOG_FEEDBACK	1
1270073254642	0	RECOG_PRES	3	ALLIGATOR	16	-999	P	702
1270073255717	0	RECOG_CR_PRES	3	ALLIGATOR	16	-999	P	459
1270073256518	1	RECOG_FEEDBACK	1
1270073257268	0	RECOG_PRES	3	TOWER	1490	-999	P	932
1270073258576	0	RECOG_CR_PRES	3	TOWER	1490	-999	P	472
1270073259443	1	RECOG_FEEDBACK	1
1270073260176	0	RECOG_PRES	3	SCARF	1246	-999	P	703
1270073261242	0	RECOG_CR_PRES	3	SCARF	1246	-999	P	397
1270073262000	1	RECOG_FEEDBACK	1
1270073262783	0	RECOG_PRES	3	VICTOR	1563	-999	P	992
1270073264142	0	RECOG_CR_PRES	3	VICTOR	1563	-999	P	410
1270073264983	1	RECOG_FEEDBACK	0
1270073265741	0	RECOG_PRES	3	COPIER	377	-999	P	787
1270073266899	0	RECOG_CR_PRES	3	COPIER	377	-999	P	405
1270073267708	1	RECOG_FEEDBACK	1
1270073268434	0	RECOG_PRES	3	MAGAZINE	853	-999	P	870
1270073269674	0	RECOG_CR_PRES	3	MAGAZINE	853	-999	P	334
1270073270400	1	RECOG_FEEDBACK	1
1270073271150	0	RECOG_PRES	3	STREAM	1392	-999	P	705
1270073272217	0	RECOG_CR_PRES	3	STREAM	1392	-999	P	461
1270073273025	1	RECOG_FEEDBACK	1
1270073273791	0	RECOG_PRES	3	PIRATE	1074	-999	P	1144
1270073275300	0	RECOG_CR_PRES	3	PIRATE	1074	-999	P	379
1270073276150	1	RECOG_FEEDBACK	0
1270073276940	0	RECOG_PRES	3	LIVER	833	-999	P	1867
1270073279175	0	RECOG_CR_PRES	3	LIVER	833	-999	P	824
1270073280574	1	RECOG_FEEDBACK	0
1270073281848	0	REST
1270073282829	1	REC_START
1270073282865	0	RECOG_PRES	4	YARN	1631	-999	P	774
1270073284007	0	RECOG_CR_PRES	4	YARN	1631	-999	P	401
1270073284731	1	RECOG_FEEDBACK	1
1270073285507	0	RECOG_PRES	4	ICE	730	-999	P	733
1270073286615	0	RECOG_CR_PRES	4	ICE	730	-999	P	473
1270073287449	1	RECOG_FEEDBACK	1
1270073288174	0	RECOG_PRES	4	SPATULA	1348	-999	P	689
1270073289224	0	RECOG_CR_PRES	4	SPATULA	1348	-999	P	407
1270073289989	1	RECOG_FEEDBACK	1
1270073290706	0	RECOG_PRES	4	STABLE	1363	-999	P	814
1270073291889	0	RECOG_CR_PRES	4	STABLE	1363	-999	P	455
1270073292697	1	RECOG_FEEDBACK	1
1270073293490	0	RECOG_PRES	4	POLITICIAN	1099	-999	P	918
1270073294781	0	RECOG_CR_PRES	4	POLITICIAN	1099	-999	P	355
1270073295515	1	RECOG_FEEDBACK	1
1270073296323	0	RECOG_PRES	4	SCALLOP	1242	-999	P	636
1270073297323	0	RECOG_CR_PRES	4	SCALLOP	1242	-999	P	340
1270073298031	1	RECOG_FEEDBACK	1
1270073298747	0	RECOG_PRES	4	HANDCUFFS	685	-999	P	573
1270073299689	0	RECOG_CR_PRES	4	HANDCUFFS	685	-999	P	439
1270073300415	1	RECOG_FEEDBACK	1
1270073301173	0	RECOG_PRES	4	SHACK	1273	-999	P	554
1270073302089	0	RECOG_CR_PRES	4	SHACK	1273	-999	P	479
1270073302888	1	RECOG_FEEDBACK	1
1270073303622	0	RECOG_PRES	4	JUGGLER	763	-999	P	1249
1270073305239	0	RECOG_CR_PRES	4	JUGGLER	763	-999	P	560
1270073306256	1	RECOG_FEEDBACK	1
1270073306988	0	RECOG_PRES	4	EMPEROR	529	-999	P	851
1270073308206	0	RECOG_CR_PRES	4	EMPEROR	529	-999	P	449
1270073309022	1	RECOG_FEEDBACK	1
1270073309780	0	RECOG_PRES	4	TAG	1429	-999	P	780
1270073310929	0	RECOG_CR_PRES	4	TAG	1429	-999	P	383
1270073311688	1	RECOG_FEEDBACK	1
1270073312414	0	RECOG_PRES	4	SKUNK	1321	-999	P	730
1270073313514	0	RECOG_CR_PRES	4	SKUNK	1321	-999	P	357
1270073314264	1	RECOG_FEEDBACK	1
1270073315072	0	RECOG_PRES	4	CLERK	321	-999	P	799
1270073316263	0	RECOG_CR_PRES	4	CLERK	321	-999	P	392
1270073317072	1	RECOG_FEEDBACK	1
1270073317787	0	RECOG_PRES	4	FOUNTAIN	597	-999	P	868
1270073319022	0	RECOG_CR_PRES	4	FOUNTAIN	597	-999	P	482
1270073319912	1	RECOG_FEEDBACK	1
1270073320654	0	RECOG_PRES	4	GENTLEMAN	631	-999	P	898
1270073321920	0	RECOG_CR_PRES	4	GENTLEMAN	631	-999	P	504
1270073322820	1	RECOG_FEEDBACK	1
1270073323595	0	RECOG_PRES	4	CREATURE	403	-999	P	733
1270073324703	0	RECOG_CR_PRES	4	CREATURE	403	-999	P	312
1270073325388	1	RECOG_FEEDBACK	1
1270073326171	0	RECOG_PRES	4	PARSLEY	1016	-999	P	636
1270073327171	0	RECOG_CR_PRES	4	PARSLEY	1016	-999	P	397
1270073327895	1	RECOG_FEEDBACK	1
1270073328670	0	RECOG_PRES	4	BRAIN	165	-999	P	1169
1270073330204	0	RECOG_CR_PRES	4	BRAIN	165	-999	P	348
1270073330978	1	RECOG_FEEDBACK	0
1270073331728	0	RECOG_PRES	4	FIREMAN	569	-999	P	895
1270073332995	0	RECOG_CR_PRES	4	FIREMAN	569	-999	P	389
1270073333778	1	RECOG_FEEDBACK	1
1270073334545	0	RECOG_PRES	4	STAKE	1368	-999	P	615
1270073335529	0	RECOG_CR_PRES	4	STAKE	1368	-999	P	358
1270073336237	1	RECOG_FEEDBACK	1
1270073338312	0	REST
1270073339165	1	REC_START
1270073339203	0	RECOG_PRES	5	DEPUTY	450	-999	P	1069
1270073340644	0	RECOG_CR_PRES	5	DEPUTY	450	-999	P	347
1270073341403	1	RECOG_FEEDBACK	1
1270073342128	0	RECOG_PRES	5	TROUT	1511	-999	P	874
1270073343403	0	RECOG_CR_PRES	5	TROUT	1511	-999	P	276
1270073344103	1	RECOG_FEEDBACK	1
1270073344819	0	RECOG_PRES	5	COMMUNITY	356	-999	P	621
1270073345810	0	RECOG_CR_PRES	5	COMMUNITY	356	-999	P	390
1270073346545	1	RECOG_FEEDBACK	1
1270073347269	0	RECOG_PRES	5	GERM	632	-999	P	763
1270073348403	0	RECOG_CR_PRES	5	GERM	632	-999	P	412
1270073349178	1	RECOG_FEEDBACK	1
1270073349977	0	RECOG_PRES	5	VEGETABLE	1552	-999	P	654
1270073351003	0	RECOG_CR_PRES	5	VEGETABLE	1552	-999	P	501
1270073351868	1	RECOG_FEEDBACK	1
1270073352651	0	RECOG_PRES	5	BARLEY	88	-999	P	661
1270073353685	0	RECOG_CR_PRES	5	BARLEY	88	-999	P	355
1270073354427	1	RECOG_FEEDBACK	1
1270073355219	0	RECOG_PRES	5	BANANA	77	-999	P	660
1270073356244	0	RECOG_CR_PRES	5	BANANA	77	-999	P	387
1270073357010	1	RECOG_FEEDBACK	1
1270073357768	0	RECOG_PRES	5	MARKER	870	-999	P	927
1270073359060	0	RECOG_CR_PRES	5	MARKER	870	-999	P	843
1270073360318	1	RECOG_FEEDBACK	0
1270073361085	0	RECOG_PRES	5	LODGE	839	-999	P	714
1270073362160	0	RECOG_CR_PRES	5	LODGE	839	-999	P	639
1270073363168	1	RECOG_FEEDBACK	1
1270073363942	0	RECOG_PRES	5	NECK	939	-999	P	1218
1270073365526	0	RECOG_CR_PRES	5	NECK	939	-999	P	594
1270073366592	1	RECOG_FEEDBACK	1
1270073367376	0	RECOG_PRES	5	BEAVER	109	-999	P	728
1270073368476	0	RECOG_CR_PRES	5	BEAVER	109	-999	P	403
1270073369260	1	RECOG_FEEDBACK	1
1270073370034	0	RECOG_PRES	5	TOOL	1480	-999	P	765
1270073371168	0	RECOG_CR_PRES	5	TOOL	1480	-999	P	368
1270073371908	1	RECOG_FEEDBACK	0
1270073372658	0	RECOG_PRES	5	JAW	751	-999	P	782
1270073373808	0	RECOG_CR_PRES	5	JAW	751	-999	P	431
1270073374576	1	RECOG_FEEDBACK	1
1270073375392	0	RECOG_PRES	5	SERVER	1272	-999	P	551
1270073376309	0	RECOG_CR_PRES	5	SERVER	1272	-999	P	337
1270073376975	1	RECOG_FEEDBACK	1
1270073377758	0	RECOG_PRES	5	FUR	615	-999	P	778
1270073378908	0	RECOG_CR_PRES	5	FUR	615	-999	P	444
1270073379691	1	RECOG_FEEDBACK	1
1270073380417	0	RECOG_PRES	5	OATMEAL	967	-999	P	679
1270073381467	0	RECOG_CR_PRES	5	OATMEAL	967	-999	P	332
1270073382159	1	RECOG_FEEDBACK	1
1270073382949	0	RECOG_PRES	5	FRUIT	610	-999	P	930
1270073384242	0	RECOG_CR_PRES	5	FRUIT	610	-999	P	349
1270073384949	1	RECOG_FEEDBACK	1
1270073385724	0	RECOG_PRES	5	CITY	314	-999	P	620
1270073386716	0	RECOG_CR_PRES	5	CITY	314	-999	P	364
1270073387417	1	RECOG_FEEDBACK	1
1270073388225	0	RECOG_PRES	5	WAIST	1579	-999	P	1087
1270073389682	0	RECOG_CR_PRES	5	WAIST	1579	-999	P	398
1270073390525	1	RECOG_FEEDBACK	0
1270073391258	0	RECOG_PRES	5	CARAVAN	242	-999	P	814
1270073392441	0	RECOG_CR_PRES	5	CARAVAN	242	-999	P	334
1270073393116	1	RECOG_FEEDBACK	1
1270073395707	0	REST
1270073396761	1	REC_START
1270073396798	0	RECOG_PRES	6	PEPPER	1047	-999	P	1001
1270073398166	0	RECOG_CR_PRES	6	PEPPER	1047	-999	P	394
1270073398906	1	RECOG_FEEDBACK	1
1270073399690	0	RECOG_PRES	6	RULER	1216	-999	P	630
1270073400690	0	RECOG_CR_PRES	6	RULER	1216	-999	P	293
1270073401324	1	RECOG_FEEDBACK	1
1270073402115	0	RECOG_PRES	6	ROUGE	1213	-999	P	3461
1270073405947	0	RECOG_CR_PRES	6	ROUGE	1213	-999	P	493
1270073406856	1	RECOG_FEEDBACK	1
1270073407631	0	RECOG_PRES	6	OUTFIT	988	-999	P	2312
1270073410306	0	RECOG_CR_PRES	6	OUTFIT	988	-999	P	2838
1270073413589	1	RECOG_FEEDBACK	1
1270073414373	0	RECOG_PRES	6	CUB	419	-999	P	939
1270073415680	0	RECOG_CR_PRES	6	CUB	419	-999	P	352
1270073416364	1	RECOG_FEEDBACK	1
1270073417156	0	RECOG_PRES	6	BEAD	103	-999	P	1499
1270073419022	0	RECOG_CR_PRES	6	BEAD	103	-999	P	713
1270073420164	1	RECOG_FEEDBACK	1
1270073420888	0	RECOG_PRES	6	LOLLIPOP	842	-999	P	664
1270073421921	0	RECOG_CR_PRES	6	LOLLIPOP	842	-999	P	423
1270073422680	1	RECOG_FEEDBACK	1
1270073423414	0	RECOG_PRES	6	DRAWING	494	-999	P	794
1270073424580	0	RECOG_CR_PRES	6	DRAWING	494	-999	P	403
1270073425330	1	RECOG_FEEDBACK	1
1270073426097	0	RECOG_PRES	6	COLLEGE	346	-999	P	806
1270073427264	0	RECOG_CR_PRES	6	COLLEGE	346	-999	P	479
1270073428097	1	RECOG_FEEDBACK	1
1270073428837	0	RECOG_PRES	6	ROOSTER	1209	-999	P	866
1270073430097	0	RECOG_CR_PRES	6	ROOSTER	1209	-999	P	335
1270073430779	1	RECOG_FEEDBACK	1
1270073431547	0	RECOG_PRES	6	PANTS	1010	-999	P	765
1270073432687	0	RECOG_CR_PRES	6	PANTS	1010	-999	P	377
1270073433413	1	RECOG_FEEDBACK	1
1270073434163	0	RECOG_PRES	6	SUPERMARKET	1409	-999	P	780
1270073435305	0	RECOG_CR_PRES	6	SUPERMARKET	1409	-999	P	462
1270073436096	1	RECOG_FEEDBACK	1
1270073436870	0	RECOG_PRES	6	DRYER	503	-999	P	753
1270073437995	0	RECOG_CR_PRES	6	DRYER	503	-999	P	445
1270073438795	1	RECOG_FEEDBACK	1
1270073439546	0	RECOG_PRES	6	GRASS	655	-999	P	702
1270073440620	0	RECOG_CR_PRES	6	GRASS	655	-999	P	492
1270073441462	1	RECOG_FEEDBACK	1
1270073442221	0	RECOG_PRES	6	UTENSIL	1542	-999	P	762
1270073443346	0	RECOG_CR_PRES	6	UTENSIL	1542	-999	P	437
1270073444154	1	RECOG_FEEDBACK	1
1270073444945	0	RECOG_PRES	6	PAW	1029	-999	P	646
1270073445961	0	RECOG_CR_PRES	6	PAW	1029	-999	P	375
1270073446686	1	RECOG_FEEDBACK	1
1270073447429	0	RECOG_PRES	6	TREAD	1499	-999	P	931
1270073448728	0	RECOG_CR_PRES	6	TREAD	1499	-999	P	552
1270073449669	1	RECOG_FEEDBACK	1
1270073450429	0	RECOG_PRES	6	DOLPHIN	483	-999	P	619
1270073451420	0	RECOG_CR_PRES	6	DOLPHIN	483	-999	P	403
1270073452170	1	RECOG_FEEDBACK	1
1270073452944	0	RECOG_PRES	6	FIDDLE	561	-999	P	584
1270073453902	0	RECOG_CR_PRES	6	FIDDLE	561	-999	P	458
1270073454669	1	RECOG_FEEDBACK	1
1270073455411	0	RECOG_PRES	6	CHAIR	274	-999	P	580
1270073456361	0	RECOG_CR_PRES	6	CHAIR	274	-999	P	406
1270073457086	1	RECOG_FEEDBACK	1
1270073464278	0	REST
1270073465311	1	REC_START
1270073465344	0	RECOG_PRES	7	CERAMICS	271	-999	P	1240
1270073466951	0	RECOG_CR_PRES	7	CERAMICS	271	-999	P	537
1270073467826	1	RECOG_FEEDBACK	1
1270073468618	0	RECOG_PRES	7	APRON	35	-999	P	1165
1270073470144	0	RECOG_CR_PRES	7	APRON	35	-999	P	296
1270073470843	1	RECOG_FEEDBACK	1
1270073471601	0	RECOG_PRES	7	BRAN	167	-999	P	767
1270073472743	0	RECOG_CR_PRES	7	BRAN	167	-999	P	425
1270073473502	1	RECOG_FEEDBACK	1
1270073474285	0	RECOG_PRES	7	SPIDER	1351	-999	P	690
1270073475343	0	RECOG_CR_PRES	7	SPIDER	1351	-999	P	528
1270073476227	1	RECOG_FEEDBACK	1
1270073476959	0	RECOG_PRES	7	GEM	629	-999	P	856
1270073478177	0	RECOG_CR_PRES	7	GEM	629	-999	P	430
1270073478975	1	RECOG_FEEDBACK	1
1270073479717	0	RECOG_PRES	7	TOE	1473	-999	P	819
1270073480909	0	RECOG_CR_PRES	7	TOE	1473	-999	P	427
1270073481725	1	RECOG_FEEDBACK	1
1270073482510	0	RECOG_PRES	7	CRITIC	410	-999	P	874
1270073483758	0	RECOG_CR_PRES	7	CRITIC	410	-999	P	241
1270073484384	1	RECOG_FEEDBACK	1
1270073485151	0	RECOG_PRES	7	SNORKEL	1336	-999	P	1632
1270073487151	0	RECOG_CR_PRES	7	SNORKEL	1336	-999	P	321
1270073488009	1	RECOG_FEEDBACK	1
1270073488825	0	RECOG_PRES	7	JUVENILE	767	-999	P	1223
1270073490417	0	RECOG_CR_PRES	7	JUVENILE	767	-999	P	334
1270073491226	1	RECOG_FEEDBACK	1
1270073491983	0	RECOG_PRES	7	GHETTO	633	-999	P	952
1270073493300	0	RECOG_CR_PRES	7	GHETTO	633	-999	P	467
1270073494167	1	RECOG_FEEDBACK	1
1270073494916	0	RECOG_PRES	7	INVENTOR	743	-999	P	787
1270073496067	0	RECOG_CR_PRES	7	INVENTOR	743	-999	P	1213
1270073497657	1	RECOG_FEEDBACK	1
1270073498450	0	RECOG_PRES	7	ALLEY	15	-999	P	808
1270073499657	0	RECOG_CR_PRES	7	ALLEY	15	-999	P	415
1270073500425	1	RECOG_FEEDBACK	1
1270073501175	0	RECOG_PRES	7	SPINE	1353	-999	P	833
1270073502383	0	RECOG_CR_PRES	7	SPINE	1353	-999	P	472
1270073503200	1	RECOG_FEEDBACK	1
1270073503999	0	RECOG_PRES	7	PEARL	1034	-999	P	736
1270073505099	0	RECOG_CR_PRES	7	PEARL	1034	-999	P	421
1270073505865	1	RECOG_FEEDBACK	1
1270073506632	0	RECOG_PRES	7	FINGERNAIL	568	-999	P	824
1270073507823	0	RECOG_CR_PRES	7	FINGERNAIL	568	-999	P	353
1270073508549	1	RECOG_FEEDBACK	1
1270073509283	0	RECOG_PRES	7	CABLE	213	-999	P	716
1270073510374	0	RECOG_CR_PRES	7	CABLE	213	-999	P	449
1270073511174	1	RECOG_FEEDBACK	1
1270073511956	0	RECOG_PRES	7	FACTORY	548	-999	P	628
1270073512956	0	RECOG_CR_PRES	7	FACTORY	548	-999	P	484
1270073513764	1	RECOG_FEEDBACK	1
1270073514515	0	RECOG_PRES	7	SNAIL	1332	-999	P	725
1270073515614	0	RECOG_CR_PRES	7	SNAIL	1332	-999	P	410
1270073516365	1	RECOG_FEEDBACK	1
1270073517140	0	RECOG_PRES	7	ZOO	1637	-999	P	675
1270073518182	0	RECOG_CR_PRES	7	ZOO	1637	-999	P	465
1270073518997	1	RECOG_FEEDBACK	1
1270073519789	0	RECOG_PRES	7	FARMER	553	-999	P	659
1270073520822	0	RECOG_CR_PRES	7	FARMER	553	-999	P	522
1270073521672	1	RECOG_FEEDBACK	1
1270073523872	0	REST
1270073524824	1	REC_START
1270073524855	0	RECOG_PRES	8	PAPER	1011	-999	P	1024
1270073526248	0	RECOG_CR_PRES	8	PAPER	1011	-999	P	407
1270073527040	1	RECOG_FEEDBACK	1
1270073527822	0	RECOG_PRES	8	PLATE	1086	-999	P	865
1270073529048	0	RECOG_CR_PRES	8	PLATE	1086	-999	P	392
1270073529805	1	RECOG_FEEDBACK	1
1270073530573	0	RECOG_PRES	8	TAR	1435	-999	P	723
1270073531663	0	RECOG_CR_PRES	8	TAR	1435	-999	P	521
1270073532497	1	RECOG_FEEDBACK	1
1270073533222	0	RECOG_PRES	8	WIFE	1609	-999	P	649
1270073534239	0	RECOG_CR_PRES	8	WIFE	1609	-999	P	368
1270073534946	1	RECOG_FEEDBACK	1
1270073535738	0	RECOG_PRES	8	POOL	1103	-999	P	582
1270073536688	0	RECOG_CR_PRES	8	POOL	1103	-999	P	504
1270073537505	1	RECOG_FEEDBACK	1
1270073538247	0	RECOG_PRES	8	MARS	873	-999	P	3858
1270073542505	0	RECOG_CR_PRES	8	MARS	873	-999	P	703
1270073543604	1	RECOG_FEEDBACK	1
1270073544322	0	RECOG_PRES	8	BEET	115	-999	P	790
1270073545471	0	RECOG_CR_PRES	8	BEET	115	-999	P	240
1270073546021	1	RECOG_FEEDBACK	1
1270073546795	0	RECOG_PRES	8	MONGOOSE	909	-999	P	645
1270073547812	0	RECOG_CR_PRES	8	MONGOOSE	909	-999	P	292
1270073548438	1	RECOG_FEEDBACK	1
1270073549196	0	RECOG_PRES	8	BULLETIN	195	-999	P	820
1270073550379	0	RECOG_CR_PRES	8	BULLETIN	195	-999	P	420
1270073551171	1	RECOG_FEEDBACK	1
1270073551978	0	RECOG_PRES	8	UMPIRE	1535	-999	P	789
1270073553129	0	RECOG_CR_PRES	8	UMPIRE	1535	-999	P	327
1270073553803	1	RECOG_FEEDBACK	1
1270073554546	0	RECOG_PRES	8	COLOGNE	347	-999	P	606
1270073555512	0	RECOG_CR_PRES	8	COLOGNE	347	-999	P	496
1270073556329	1	RECOG_FEEDBACK	1
1270073557054	0	RECOG_PRES	8	OMELET	976	-999	P	689
1270073558104	0	RECOG_CR_PRES	8	OMELET	976	-999	P	464
1270073558894	1	RECOG_FEEDBACK	1
1270073559694	0	RECOG_PRES	8	DUSTPAN	509	-999	P	634
1270073560703	0	RECOG_CR_PRES	8	DUSTPAN	509	-999	P	433
1270073561462	1	RECOG_FEEDBACK	1
1270073562270	0	RECOG_PRES	8	HORNET	718	-999	P	641
1270073563279	0	RECOG_CR_PRES	8	HORNET	718	-999	P	336
1270073563936	1	RECOG_FEEDBACK	1
1270073564727	0	RECOG_PRES	8	TWIN	1528	-999	P	1216
1270073566312	0	RECOG_CR_PRES	8	TWIN	1528	-999	P	455
1270073567212	1	RECOG_FEEDBACK	1
1270073567986	0	RECOG_PRES	8	COBRA	336	-999	P	925
1270073569278	0	RECOG_CR_PRES	8	COBRA	336	-999	P	401
1270073570053	1	RECOG_FEEDBACK	1
1270073570860	0	RECOG_PRES	8	JAM	748	-999	P	1051
1270073572278	0	RECOG_CR_PRES	8	JAM	748	-999	P	290
1270073572968	1	RECOG_FEEDBACK	0
1270073573693	0	RECOG_PRES	8	SUPERVISOR	1410	-999	P	970
1270073575028	0	RECOG_CR_PRES	8	SUPERVISOR	1410	-999	P	396
1270073575802	1	RECOG_FEEDBACK	1
1270073576561	0	RECOG_PRES	8	REFRIGERATOR	1179	-999	P	719
1270073577651	0	RECOG_CR_PRES	8	REFRIGERATOR	1179	-999	P	525
1270073578494	1	RECOG_FEEDBACK	1
1270073579211	0	RECOG_PRES	8	CLOVE	329	-999	P	845
1270073580427	0	RECOG_CR_PRES	8	CLOVE	329	-999	P	404
1270073581194	1	RECOG_FEEDBACK	1
1270073583310	0	REST
1270073584489	1	REC_START
1270073584527	0	RECOG_PRES	9	PEOPLE	1046	-999	P	849
1270073585751	0	RECOG_CR_PRES	9	PEOPLE	1046	-999	P	465
1270073586577	1	RECOG_FEEDBACK	1
1270073587360	0	RECOG_PRES	9	FLEA	577	-999	P	992
1270073588726	0	RECOG_CR_PRES	9	FLEA	577	-999	P	570
1270073589692	1	RECOG_FEEDBACK	1
1270073590485	0	RECOG_PRES	9	BUILDING	191	-999	P	955
1270073591809	0	RECOG_CR_PRES	9	BUILDING	191	-999	P	375
1270073592568	1	RECOG_FEEDBACK	1
1270073593318	0	RECOG_PRES	9	MOTH	920	-999	P	722
1270073594410	0	RECOG_CR_PRES	9	MOTH	920	-999	P	549
1270073595284	1	RECOG_FEEDBACK	1
1270073596084	0	RECOG_PRES	9	DIME	466	-999	P	531
1270073596983	0	RECOG_CR_PRES	9	DIME	466	-999	P	401
1270073597708	1	RECOG_FEEDBACK	1
1270073598484	0	RECOG_PRES	9	CARNIVAL	245	-999	P	620
1270073599468	0	RECOG_CR_PRES	9	CARNIVAL	245	-999	P	355
1270073600151	1	RECOG_FEEDBACK	1
1270073600916	0	RECOG_PRES	9	MARGARINE	868	-999	P	2027
1270073603309	0	RECOG_CR_PRES	9	MARGARINE	868	-999	P	322
1270073604076	1	RECOG_FEEDBACK	1
1270073604849	0	RECOG_PRES	9	QUILT	1151	-999	P	687
1270073605908	0	RECOG_CR_PRES	9	QUILT	1151	-999	P	372
1270073606608	1	RECOG_FEEDBACK	1
1270073607400	0	RECOG_PRES	9	SPICE	1350	-999	P	984
1270073608757	0	RECOG_CR_PRES	9	SPICE	1350	-999	P	291
1270073609442	1	RECOG_FEEDBACK	1
1270073610258	0	RECOG_PRES	9	FAMILY	550	-999	P	1294
1270073611924	0	RECOG_CR_PRES	9	FAMILY	550	-999	P	292
1270073612674	1	RECOG_FEEDBACK	1
1270073613450	0	RECOG_PRES	9	PENGUIN	1044	-999	P	990
1270073614815	0	RECOG_CR_PRES	9	PENGUIN	1044	-999	P	305
1270073615508	1	RECOG_FEEDBACK	1
1270073616250	0	RECOG_PRES	9	ROCK	1201	-999	P	998
1270073617615	0	RECOG_CR_PRES	9	ROCK	1201	-999	P	352
1270073618358	1	RECOG_FEEDBACK	1
1270073619166	0	RECOG_PRES	9	DIVER	476	-999	P	954
1270073620491	0	RECOG_CR_PRES	9	DIVER	476	-999	P	428
1270073621274	1	RECOG_FEEDBACK	1
1270073621998	0	RECOG_PRES	9	TROPHY	1509	-999	P	1066
1270073623432	0	RECOG_CR_PRES	9	TROPHY	1509	-999	P	279
1270073624099	1	RECOG_FEEDBACK	1
1270073624865	0	RECOG_PRES	9	LANDSCAPE	799	-999	P	806
1270073626032	0	RECOG_CR_PRES	9	LANDSCAPE	799	-999	P	472
1270073626823	1	RECOG_FEEDBACK	1
1270073627623	0	RECOG_PRES	9	PERFUME	1049	-999	P	1000
1270073628998	0	RECOG_CR_PRES	9	PERFUME	1049	-999	P	394
1270073629781	1	RECOG_FEEDBACK	0
1270073630524	0	RECOG_PRES	9	DUST	508	-999	P	804
1270073631697	0	RECOG_CR_PRES	9	DUST	508	-999	P	311
1270073632340	1	RECOG_FEEDBACK	1
1270073633107	0	RECOG_PRES	9	SHOELACE	1289	-999	P	820
1270073634290	0	RECOG_CR_PRES	9	SHOELACE	1289	-999	P	461
1270073635090	1	RECOG_FEEDBACK	1
1270073635830	0	RECOG_PRES	9	NUT	965	-999	P	1330
1270073637531	0	RECOG_CR_PRES	9	NUT	965	-999	P	380
1270073638373	1	RECOG_FEEDBACK	1
1270073639156	0	RECOG_PRES	9	TWIG	1527	-999	P	876
1270073640406	0	RECOG_CR_PRES	9	TWIG	1527	-999	P	449
1270073641206	1	RECOG_FEEDBACK	1
1270073644339	0	REST
1270073645321	1	REC_START
1270073645356	0	RECOG_PRES	10	TICKET	1464	-999	P	852
1270073646581	0	RECOG_CR_PRES	10	TICKET	1464	-999	P	362
1270073647264	1	RECOG_FEEDBACK	1
1270073648006	0	RECOG_PRES	10	COAT	333	-999	P	865
1270073649239	0	RECOG_CR_PRES	10	COAT	333	-999	P	432
1270073650039	1	RECOG_FEEDBACK	1
1270073650813	0	RECOG_PRES	10	DIPLOMA	470	-999	P	715
1270073651896	0	RECOG_CR_PRES	10	DIPLOMA	470	-999	P	991
1270073653230	1	RECOG_FEEDBACK	1
1270073653963	0	RECOG_PRES	10	PLUM	1090	-999	P	1028
1270073655363	0	RECOG_CR_PRES	10	PLUM	1090	-999	P	340
1270073656113	1	RECOG_FEEDBACK	0
1270073656829	0	RECOG_PRES	10	BUTLER	204	-999	P	1339
1270073658538	0	RECOG_CR_PRES	10	BUTLER	204	-999	P	285
1270073659288	1	RECOG_FEEDBACK	0
1270073660063	0	RECOG_PRES	10	CELERY	266	-999	P	760
1270073661188	0	RECOG_CR_PRES	10	CELERY	266	-999	P	419
1270073661937	1	RECOG_FEEDBACK	1
1270073662745	0	RECOG_PRES	10	COOK	372	-999	P	958
1270073664071	0	RECOG_CR_PRES	10	COOK	372	-999	P	441
1270073664878	1	RECOG_FEEDBACK	1
1270073665587	0	RECOG_PRES	10	EUROPE	541	-999	P	765
1270073666720	0	RECOG_CR_PRES	10	EUROPE	541	-999	P	496
1270073667537	1	RECOG_FEEDBACK	1
1270073668262	0	RECOG_PRES	10	ARTICLE	42	-999	P	786
1270073669421	0	RECOG_CR_PRES	10	ARTICLE	42	-999	P	514
1270073670271	1	RECOG_FEEDBACK	1
1270073671037	0	RECOG_PRES	10	CRUMB	416	-999	P	730
1270073672129	0	RECOG_CR_PRES	10	CRUMB	416	-999	P	494
1270073672953	1	RECOG_FEEDBACK	1
1270073673744	0	RECOG_PRES	10	CONSUMER	365	-999	P	919
1270073675029	0	RECOG_CR_PRES	10	CONSUMER	365	-999	P	267
1270073675694	1	RECOG_FEEDBACK	1
1270073676445	0	RECOG_PRES	10	HANDKERCHIEF	686	-999	P	915
1270073677727	0	RECOG_CR_PRES	10	HANDKERCHIEF	686	-999	P	433
1270073678545	1	RECOG_FEEDBACK	0
1270073679337	0	RECOG_PRES	10	SIRLOIN	1311	-999	P	935
1270073680644	0	RECOG_CR_PRES	10	SIRLOIN	1311	-999	P	299
1270073681320	1	RECOG_FEEDBACK	1
1270073682103	0	RECOG_PRES	10	MECHANIC	884	-999	P	823
1270073683336	0	RECOG_CR_PRES	10	MECHANIC	884	-999	P	423
1270073684120	1	RECOG_FEEDBACK	1
1270073684843	0	RECOG_PRES	10	SWATTER	1418	-999	P	836
1270073686044	0	RECOG_CR_PRES	10	SWATTER	1418	-999	P	412
1270073686818	1	RECOG_FEEDBACK	1
1270073687618	0	RECOG_PRES	10	SKYSCRAPER	1322	-999	P	1029
1270073689011	0	RECOG_CR_PRES	10	SKYSCRAPER	1322	-999	P	421
1270073689793	1	RECOG_FEEDBACK	1
1270073690561	0	RECOG_PRES	10	FLOWER	584	-999	P	743
1270073691676	0	RECOG_CR_PRES	10	FLOWER	584	-999	P	484
1270073692511	1	RECOG_FEEDBACK	1
1270073693227	0	RECOG_PRES	10	DART	440	-999	P	644
1270073694235	0	RECOG_CR_PRES	10	DART	440	-999	P	237
1270073694776	1	RECOG_FEEDBACK	1
1270073695502	0	RECOG_PRES	10	CORPORATION	382	-999	P	946
1270073696818	0	RECOG_CR_PRES	10	CORPORATION	382	-999	P	350
1270073697535	1	RECOG_FEEDBACK	1
1270073698294	0	RECOG_PRES	10	POPE	1105	-999	P	1106
1270073699767	0	RECOG_CR_PRES	10	POPE	1105	-999	P	465
1270073700617	1	RECOG_FEEDBACK	1
1270073702502	0	REST
1270073703561	1	REC_START
1270073703600	0	RECOG_PRES	11	COLESLAW	344	-999	P	936
1270073704909	0	RECOG_CR_PRES	11	COLESLAW	344	-999	P	315
1270073705543	1	RECOG_FEEDBACK	1
1270073706318	0	RECOG_PRES	11	UNICORN	1538	-999	P	1242
1270073707933	0	RECOG_CR_PRES	11	UNICORN	1538	-999	P	283
1270073708675	1	RECOG_FEEDBACK	1
1270073709443	0	RECOG_PRES	11	SIBLING	1301	-999	P	1212
1270073711018	0	RECOG_CR_PRES	11	SIBLING	1301	-999	P	446
1270073711892	1	RECOG_FEEDBACK	1
1270073712616	0	RECOG_PRES	11	CAFE	216	-999	P	991
1270073713983	0	RECOG_CR_PRES	11	CAFE	216	-999	P	449
1270073714766	1	RECOG_FEEDBACK	1
1270073715509	0	RECOG_PRES	11	TOILET	1475	-999	P	1059
1270073716941	0	RECOG_CR_PRES	11	TOILET	1475	-999	P	419
1270073717708	1	RECOG_FEEDBACK	1
1270073718509	0	RECOG_PRES	11	YOKE	1632	-999	P	899
1270073719783	0	RECOG_CR_PRES	11	YOKE	1632	-999	P	393
1270073720567	1	RECOG_FEEDBACK	0
1270073721350	0	RECOG_PRES	11	DELINQUENT	445	-999	P	882
1270073722607	0	RECOG_CR_PRES	11	DELINQUENT	445	-999	P	425
1270073723367	1	RECOG_FEEDBACK	1
1270073724108	0	RECOG_PRES	11	LOVER	846	-999	P	916
1270073725400	0	RECOG_CR_PRES	11	LOVER	846	-999	P	359
1270073726108	1	RECOG_FEEDBACK	1
1270073726832	0	RECOG_PRES	11	SLIDE	1326	-999	P	863
1270073728058	0	RECOG_CR_PRES	11	SLIDE	1326	-999	P	454
1270073728840	1	RECOG_FEEDBACK	1
1270073729649	0	RECOG_PRES	11	SUITCASE	1403	-999	P	783
1270073730807	0	RECOG_CR_PRES	11	SUITCASE	1403	-999	P	537
1270073731690	1	RECOG_FEEDBACK	1
1270073732408	0	RECOG_PRES	11	COMEDIAN	352	-999	P	776
1270073733558	0	RECOG_CR_PRES	11	COMEDIAN	352	-999	P	458
1270073734341	1	RECOG_FEEDBACK	1
1270073735116	0	RECOG_PRES	11	SKIN	1318	-999	P	996
1270073736482	0	RECOG_CR_PRES	11	SKIN	1318	-999	P	325
1270073737199	1	RECOG_FEEDBACK	0
1270073737940	0	RECOG_PRES	11	RUM	1217	-999	P	811
1270073739124	0	RECOG_CR_PRES	11	RUM	1217	-999	P	436
1270073739889	1	RECOG_FEEDBACK	1
1270073740664	0	RECOG_PRES	11	CHECKERS	285	-999	P	760
1270073741798	0	RECOG_CR_PRES	11	CHECKERS	285	-999	P	2641
1270073744789	1	RECOG_FEEDBACK	1
1270073745557	0	RECOG_PRES	11	MASCARA	875	-999	P	923
1270073746847	0	RECOG_CR_PRES	11	MASCARA	875	-999	P	481
1270073747656	1	RECOG_FEEDBACK	1
1270073748365	0	RECOG_PRES	11	COACH	331	-999	P	1043
1270073749780	0	RECOG_CR_PRES	11	COACH	331	-999	P	756
1270073750897	1	RECOG_FEEDBACK	1
1270073751639	0	RECOG_PRES	11	LABYRINTH	791	-999	P	737
1270073752747	0	RECOG_CR_PRES	11	LABYRINTH	791	-999	P	413
1270073753481	1	RECOG_FEEDBACK	1
1270073754264	0	RECOG_PRES	11	FOLDER	588	-999	P	960
1270073755597	0	RECOG_CR_PRES	11	FOLDER	588	-999	P	266
1270073756248	1	RECOG_FEEDBACK	1
1270073757031	0	RECOG_PRES	11	CASHIER	254	-999	P	600
1270073757996	0	RECOG_CR_PRES	11	CASHIER	254	-999	P	468
1270073758788	1	RECOG_FEEDBACK	1
1270073759522	0	RECOG_PRES	11	LEADER	807	-999	P	670
1270073760564	0	RECOG_CR_PRES	11	LEADER	807	-999	P	604
1270073761497	1	RECOG_FEEDBACK	1
1270073762344	0	RECOG_END
1270073771113	0	SESS_END
1270073771157	0	E	Logging Ends
