1267110928933	0	B	Logging Begins
1267110928933	0	SESS_START	2
1267110999958	1	FR_PRES	0	FLIPPER	580	0	1	1429	(0.57740000000000002, 0.41289999999999999, 1.0)	../fonts/zerothre.ttf	lower
1267111004100	1	FR_PRES	0	LADY	794	0	1	838	(0.57740000000000002, 0.41289999999999999, 1.0)	../fonts/zerothre.ttf	lower
1267111008008	1	FR_PRES	0	TAVERN	1437	1	0	1387	(0.42259999999999998, 0.58709999999999996, 0)	../fonts/amplitud.ttf	upper
1267111011965	1	FR_PRES	0	DRINK	498	1	0	1182	(0.42259999999999998, 0.58709999999999996, 0)	../fonts/amplitud.ttf	upper
1267111015915	1	FR_PRES	0	HOSPITAL	721	1	0	863	(0.42259999999999998, 0.58709999999999996, 0)	../fonts/amplitud.ttf	upper
1267111019848	1	FR_PRES	0	PORT	1110	1	0	859	(0.42259999999999998, 0.58709999999999996, 0)	../fonts/amplitud.ttf	upper
1267111023931	1	FR_PRES	0	BAIT	70	1	0	1943	(0.42259999999999998, 0.58709999999999996, 0)	../fonts/amplitud.ttf	upper
1267111027989	1	FR_PRES	0	PERCH	1048	1	0	1125	(0.42259999999999998, 0.58709999999999996, 0)	../fonts/amplitud.ttf	upper
1267111031831	1	FR_PRES	0	FISH	571	0	0	1580	(0.57740000000000002, 0.41289999999999999, 1.0)	../fonts/zerothre.ttf	lower
1267111035989	1	FR_PRES	0	WIDOW	1608	0	1	1726	(0.57740000000000002, 0.41289999999999999, 1.0)	../fonts/zerothre.ttf	lower
1267111039930	1	FR_PRES	0	OAR	966	1	0	1785	(0.42259999999999998, 0.58709999999999996, 0)	../fonts/amplitud.ttf	upper
1267111043863	1	FR_PRES	0	SNAKE	1333	1	1	836	(0.42259999999999998, 0.58709999999999996, 0)	../fonts/amplitud.ttf	upper
1267111048022	1	FR_PRES	0	POISON	1096	0	0	1389	(0.57740000000000002, 0.41289999999999999, 1.0)	../fonts/zerothre.ttf	lower
1267111051896	1	FR_PRES	0	CABOOSE	214	0	0	1002	(0.57740000000000002, 0.41289999999999999, 1.0)	../fonts/zerothre.ttf	lower
1267111055921	1	FR_PRES	0	APPLICATION	34	0	0	1985	(0.57740000000000002, 0.41289999999999999, 1.0)	../fonts/zerothre.ttf	lower
1267111060013	1	FR_PRES	0	NECK	939	0	1	1662	(0.57740000000000002, 0.41289999999999999, 1.0)	../fonts/zerothre.ttf	lower
1267111065879	1	REC_START
1267111143574	0	REST
1267111145082	1	FR_PRES	1	DOCK	477	1	0	1153	(0.42259999999999998, 0.58709999999999996, 0)	../fonts/amplitud.ttf	upper
1267111149198	1	FR_PRES	1	TIDE	1465	1	0	1229	(0.42259999999999998, 0.58709999999999996, 0)	../fonts/amplitud.ttf	upper
1267111153256	1	FR_PRES	1	DISH	474	0	0	2411	(0.57740000000000002, 0.41289999999999999, 1.0)	../fonts/zerothre.ttf	lower
1267111157223	1	FR_PRES	1	BUSH	202	0	1	1500	(0.57740000000000002, 0.41289999999999999, 1.0)	../fonts/zerothre.ttf	lower
1267111161256	1	FR_PRES	1	HAT	690	0	0	1235	(0.57740000000000002, 0.41289999999999999, 1.0)	../fonts/zerothre.ttf	lower
1267111165422	1	FR_PRES	1	BLANKET	135	0	0	1805	(0.57740000000000002, 0.41289999999999999, 1.0)	../fonts/zerothre.ttf	lower
1267111169630	1	FR_PRES	1	SERVER	1272	1	1	1613	(0.42259999999999998, 0.58709999999999996, 0)	../fonts/amplitud.ttf	upper
1267111173480	1	FR_PRES	1	HOSTESS	723	1	1	859	(0.42259999999999998, 0.58709999999999996, 0)	../fonts/amplitud.ttf	upper
1267111177388	1	FR_PRES	1	HORIZON	717	1	0	1183	(0.42259999999999998, 0.58709999999999996, 0)	../fonts/amplitud.ttf	upper
1267111181421	1	FR_PRES	1	CHEERLEADER	288	1	1	998	(0.42259999999999998, 0.58709999999999996, 0)	../fonts/amplitud.ttf	upper
1267111185521	1	FR_PRES	1	DOORBELL	487	1	0	922	(0.42259999999999998, 0.58709999999999996, 0)	../fonts/amplitud.ttf	upper
1267111189729	1	FR_PRES	1	EMERALD	528	1	0	1073	(0.42259999999999998, 0.58709999999999996, 0)	../fonts/amplitud.ttf	upper
1267111193802	1	FR_PRES	1	HATCHET	691	0	1	2329	(0.57740000000000002, 0.41289999999999999, 1.0)	../fonts/zerothre.ttf	lower
1267111197628	1	FR_PRES	1	ROBE	1198	0	1	1326	(0.57740000000000002, 0.41289999999999999, 1.0)	../fonts/zerothre.ttf	lower
1267111201603	1	FR_PRES	1	PIRATE	1074	0	1	672	(0.57740000000000002, 0.41289999999999999, 1.0)	../fonts/zerothre.ttf	lower
1267111205793	1	FR_PRES	1	PRESIDENT	1121	0	1	1081	(0.57740000000000002, 0.41289999999999999, 1.0)	../fonts/zerothre.ttf	lower
1267111211453	1	REC_START
1267111289421	0	REST
1267111290929	1	FR_PRES	2	CLAW	319	-1	-1	-1267111290929	white	../fonts/Verdana.ttf	upper
1267111295038	1	FR_PRES	2	CUSHION	428	-1	-1	-1267111295038	white	../fonts/Verdana.ttf	upper
1267111298886	1	FR_PRES	2	NUCLEUS	961	-1	-1	-1267111298886	white	../fonts/Verdana.ttf	upper
1267111302944	1	FR_PRES	2	FROG	608	-1	-1	-1267111302944	white	../fonts/Verdana.ttf	upper
1267111306777	1	FR_PRES	2	COSTUME	383	-1	-1	-1267111306777	white	../fonts/Verdana.ttf	upper
1267111310777	1	FR_PRES	2	WARDROBE	1587	-1	-1	-1267111310777	white	../fonts/Verdana.ttf	upper
1267111314893	1	FR_PRES	2	TABLE	1426	-1	-1	-1267111314893	white	../fonts/Verdana.ttf	upper
1267111318728	1	FR_PRES	2	BRUNETTE	181	-1	-1	-1267111318728	white	../fonts/Verdana.ttf	upper
1267111322893	1	FR_PRES	2	LIST	830	-1	-1	-1267111322893	white	../fonts/Verdana.ttf	upper
1267111326719	1	FR_PRES	2	COIN	343	-1	-1	-1267111326719	white	../fonts/Verdana.ttf	upper
1267111330585	1	FR_PRES	2	PENNY	1045	-1	-1	-1267111330585	white	../fonts/Verdana.ttf	upper
1267111334660	1	FR_PRES	2	CUBE	420	-1	-1	-1267111334660	white	../fonts/Verdana.ttf	upper
1267111338543	1	FR_PRES	2	CONE	363	-1	-1	-1267111338543	white	../fonts/Verdana.ttf	upper
1267111342568	1	FR_PRES	2	SANDPAPER	1231	-1	-1	-1267111342568	white	../fonts/Verdana.ttf	upper
1267111346409	1	FR_PRES	2	STORE	1387	-1	-1	-1267111346409	white	../fonts/Verdana.ttf	upper
1267111350300	1	FR_PRES	2	GRIZZLY	662	-1	-1	-1267111350300	white	../fonts/Verdana.ttf	upper
1267111356167	1	REC_START
1267111433569	0	REST
1267111435077	1	FR_PRES	3	STEWARDESS	1381	1	1	1942	(0.42259999999999998, 0.58709999999999996, 0)	../fonts/amplitud.ttf	upper
1267111438885	1	FR_PRES	3	FOREST	593	1	1	869	(0.42259999999999998, 0.58709999999999996, 0)	../fonts/amplitud.ttf	upper
1267111443044	1	FR_PRES	3	OATMEAL	967	1	0	1822	(0.42259999999999998, 0.58709999999999996, 0)	../fonts/amplitud.ttf	upper
1267111447002	1	FR_PRES	3	LIPSTICK	829	0	0	1265	(0.57740000000000002, 0.41289999999999999, 1.0)	../fonts/zerothre.ttf	lower
1267111450950	1	FR_PRES	3	CHEEK	287	0	0	1205	(0.57740000000000002, 0.41289999999999999, 1.0)	../fonts/zerothre.ttf	lower
1267111455134	1	FR_PRES	3	BEAVER	109	0	1	2117	(0.57740000000000002, 0.41289999999999999, 1.0)	../fonts/zerothre.ttf	lower
1267111459017	1	FR_PRES	3	COMMITTEE	355	0	1	1082	(0.57740000000000002, 0.41289999999999999, 1.0)	../fonts/zerothre.ttf	lower
1267111463001	1	FR_PRES	3	ELM	527	1	1	1106	(0.42259999999999998, 0.58709999999999996, 0)	../fonts/amplitud.ttf	upper
1267111467059	1	FR_PRES	3	PITCHFORK	1078	1	0	1831	(0.42259999999999998, 0.58709999999999996, 0)	../fonts/amplitud.ttf	upper
1267111471083	1	FR_PRES	3	STRAW	1390	0	0	1336	(0.57740000000000002, 0.41289999999999999, 1.0)	../fonts/zerothre.ttf	lower
1267111475283	1	FR_PRES	3	UNIVERSE	1540	0	1	1176	(0.57740000000000002, 0.41289999999999999, 1.0)	../fonts/zerothre.ttf	lower
1267111479266	1	FR_PRES	3	TERMINAL	1450	0	1	1225	(0.57740000000000002, 0.41289999999999999, 1.0)	../fonts/zerothre.ttf	lower
1267111483332	1	FR_PRES	3	SKATE	1313	0	1	1295	(0.57740000000000002, 0.41289999999999999, 1.0)	../fonts/zerothre.ttf	lower
1267111487157	1	FR_PRES	3	BROTHER	179	1	1	1246	(0.42259999999999998, 0.58709999999999996, 0)	../fonts/amplitud.ttf	upper
1267111491332	1	FR_PRES	3	SISTER	1312	1	1	903	(0.42259999999999998, 0.58709999999999996, 0)	../fonts/amplitud.ttf	upper
1267111495340	1	FR_PRES	3	VENUS	1557	1	0	1383	(0.42259999999999998, 0.58709999999999996, 0)	../fonts/amplitud.ttf	upper
1267111501207	1	REC_START
1267111581717	0	REST
1267111583225	1	FR_PRES	4	RICE	1190	0	0	1681	(0.57740000000000002, 0.41289999999999999, 1.0)	../fonts/zerothre.ttf	lower
1267111587192	1	FR_PRES	4	SHORTCAKE	1292	0	0	1203	(0.57740000000000002, 0.41289999999999999, 1.0)	../fonts/zerothre.ttf	lower
1267111591233	1	FR_PRES	4	ACTOR	5	0	1	1681	(0.57740000000000002, 0.41289999999999999, 1.0)	../fonts/zerothre.ttf	lower
1267111595091	1	FR_PRES	4	STAGE	1366	0	1	992	(0.57740000000000002, 0.41289999999999999, 1.0)	../fonts/zerothre.ttf	lower
1267111599149	1	FR_PRES	4	CHECK	284	0	0	1406	(0.57740000000000002, 0.41289999999999999, 1.0)	../fonts/zerothre.ttf	lower
1267111603349	1	FR_PRES	4	FORT	595	0	1	1142	(0.57740000000000002, 0.41289999999999999, 1.0)	../fonts/zerothre.ttf	lower
1267111607340	1	FR_PRES	4	HOOD	714	0	0	1183	(0.57740000000000002, 0.41289999999999999, 1.0)	../fonts/zerothre.ttf	lower
1267111611223	1	FR_PRES	4	DRIVER	499	0	1	723	(0.57740000000000002, 0.41289999999999999, 1.0)	../fonts/zerothre.ttf	lower
1267111615181	1	FR_PRES	4	LOG	841	0	1	958	(0.57740000000000002, 0.41289999999999999, 1.0)	../fonts/zerothre.ttf	lower
1267111619389	1	FR_PRES	4	CREEK	404	0	1	1030	(0.57740000000000002, 0.41289999999999999, 1.0)	../fonts/zerothre.ttf	lower
1267111623214	1	FR_PRES	4	LEOPARD	812	0	1	1548	(0.57740000000000002, 0.41289999999999999, 1.0)	../fonts/zerothre.ttf	lower
1267111627180	1	FR_PRES	4	CORPORATION	382	0	1	766	(0.57740000000000002, 0.41289999999999999, 1.0)	../fonts/zerothre.ttf	lower
1267111631097	1	FR_PRES	4	PALM	1007	0	1	1298	(0.57740000000000002, 0.41289999999999999, 1.0)	../fonts/zerothre.ttf	lower
1267111635113	1	FR_PRES	4	ATHLETE	52	0	1	1178	(0.57740000000000002, 0.41289999999999999, 1.0)	../fonts/zerothre.ttf	lower
1267111639004	1	FR_PRES	4	SNORKEL	1336	0	0	926	(0.57740000000000002, 0.41289999999999999, 1.0)	../fonts/zerothre.ttf	lower
1267111642903	1	FR_PRES	4	MINER	896	0	1	828	(0.57740000000000002, 0.41289999999999999, 1.0)	../fonts/zerothre.ttf	lower
1267111648745	1	REC_START
1267111725623	0	REST
1267111727131	1	FR_PRES	5	SPAGHETTI	1346	-1	-1	-1267111727131	white	../fonts/Verdana.ttf	upper
1267111731131	1	FR_PRES	5	BIBLE	124	-1	-1	-1267111731131	white	../fonts/Verdana.ttf	upper
1267111735164	1	FR_PRES	5	COOKIE	374	-1	-1	-1267111735164	white	../fonts/Verdana.ttf	upper
1267111739106	1	FR_PRES	5	OUTFIT	988	-1	-1	-1267111739106	white	../fonts/Verdana.ttf	upper
1267111743239	1	FR_PRES	5	COMMANDER	354	-1	-1	-1267111743239	white	../fonts/Verdana.ttf	upper
1267111747072	1	FR_PRES	5	BLOSSOM	138	-1	-1	-1267111747072	white	../fonts/Verdana.ttf	upper
1267111751038	1	FR_PRES	5	PUPIL	1143	-1	-1	-1267111751038	white	../fonts/Verdana.ttf	upper
1267111754953	1	FR_PRES	5	STUDENT	1395	-1	-1	-1267111754953	white	../fonts/Verdana.ttf	upper
1267111758978	1	FR_PRES	5	TOTE	1487	-1	-1	-1267111758978	white	../fonts/Verdana.ttf	upper
1267111763112	1	FR_PRES	5	LIEUTENANT	818	-1	-1	-1267111763112	white	../fonts/Verdana.ttf	upper
1267111767253	1	FR_PRES	5	HOOP	716	-1	-1	-1267111767253	white	../fonts/Verdana.ttf	upper
1267111771462	1	FR_PRES	5	TRIANGLE	1504	-1	-1	-1267111771462	white	../fonts/Verdana.ttf	upper
1267111775386	1	FR_PRES	5	SPIDER	1351	-1	-1	-1267111775386	white	../fonts/Verdana.ttf	upper
1267111779228	1	FR_PRES	5	TICK	1463	-1	-1	-1267111779228	white	../fonts/Verdana.ttf	upper
1267111783302	1	FR_PRES	5	DAISY	435	-1	-1	-1267111783302	white	../fonts/Verdana.ttf	upper
1267111787360	1	FR_PRES	5	BOWL	158	-1	-1	-1267111787360	white	../fonts/Verdana.ttf	upper
1267111792943	1	REC_START
1267111871038	0	REST
1267111872546	1	FR_PRES	6	SWING	1421	0	0	1801	(0.57740000000000002, 0.41289999999999999, 1.0)	../fonts/zerothre.ttf	lower
1267111876571	1	FR_PRES	6	BOULDER	155	0	1	736	(0.57740000000000002, 0.41289999999999999, 1.0)	../fonts/zerothre.ttf	lower
1267111880679	1	FR_PRES	6	MOON	914	0	1	620	(0.57740000000000002, 0.41289999999999999, 1.0)	../fonts/zerothre.ttf	lower
1267111884553	1	FR_PRES	6	DOLPHIN	483	0	1	754	(0.57740000000000002, 0.41289999999999999, 1.0)	../fonts/zerothre.ttf	lower
1267111888603	1	FR_PRES	6	THUMB	1462	0	0	840	(0.57740000000000002, 0.41289999999999999, 1.0)	../fonts/zerothre.ttf	lower
1267111892553	1	FR_PRES	6	BONE	148	0	1	722	(0.57740000000000002, 0.41289999999999999, 1.0)	../fonts/zerothre.ttf	lower
1267111896602	1	FR_PRES	6	HOUND	724	0	1	913	(0.57740000000000002, 0.41289999999999999, 1.0)	../fonts/zerothre.ttf	lower
1267111900801	1	FR_PRES	6	ELF	525	0	1	1330	(0.57740000000000002, 0.41289999999999999, 1.0)	../fonts/zerothre.ttf	lower
1267111904784	1	FR_PRES	6	COOK	372	0	1	1331	(0.57740000000000002, 0.41289999999999999, 1.0)	../fonts/zerothre.ttf	lower
1267111908967	1	FR_PRES	6	CREW	406	0	1	923	(0.57740000000000002, 0.41289999999999999, 1.0)	../fonts/zerothre.ttf	lower
1267111913076	1	FR_PRES	6	SPOOL	1356	0	0	902	(0.57740000000000002, 0.41289999999999999, 1.0)	../fonts/zerothre.ttf	lower
1267111916900	1	FR_PRES	6	APRON	35	0	0	1239	(0.57740000000000002, 0.41289999999999999, 1.0)	../fonts/zerothre.ttf	lower
1267111921076	1	FR_PRES	6	DWARF	510	0	1	1766	(0.57740000000000002, 0.41289999999999999, 1.0)	../fonts/zerothre.ttf	lower
1267111924908	1	FR_PRES	6	NIGHTGOWN	953	0	0	1207	(0.57740000000000002, 0.41289999999999999, 1.0)	../fonts/zerothre.ttf	lower
1267111928949	1	FR_PRES	6	PECAN	1036	0	0	1989	(0.57740000000000002, 0.41289999999999999, 1.0)	../fonts/zerothre.ttf	lower
1267111932957	1	FR_PRES	6	CASHEW	253	0	0	813	(0.57740000000000002, 0.41289999999999999, 1.0)	../fonts/zerothre.ttf	lower
1267111938742	1	REC_START
1267112020352	0	REST
1267112021859	1	FR_PRES	7	TRAIN	1494	1	0	2087	(0.42259999999999998, 0.58709999999999996, 0)	../fonts/amplitud.ttf	upper
1267112025767	1	FR_PRES	7	ANTENNA	28	1	0	2332	(0.42259999999999998, 0.58709999999999996, 0)	../fonts/amplitud.ttf	upper
1267112029684	1	FR_PRES	7	WIRE	1616	1	0	783	(0.42259999999999998, 0.58709999999999996, 0)	../fonts/amplitud.ttf	upper
1267112033841	1	FR_PRES	7	GODDESS	646	1	1	1282	(0.42259999999999998, 0.58709999999999996, 0)	../fonts/amplitud.ttf	upper
1267112037908	1	FR_PRES	7	HERO	706	1	1	719	(0.42259999999999998, 0.58709999999999996, 0)	../fonts/amplitud.ttf	upper
1267112042034	1	FR_PRES	7	OYSTER	995	1	1	985	(0.42259999999999998, 0.58709999999999996, 0)	../fonts/amplitud.ttf	upper
1267112046225	1	FR_PRES	7	ROOMMATE	1207	1	1	826	(0.42259999999999998, 0.58709999999999996, 0)	../fonts/amplitud.ttf	upper
1267112050200	1	FR_PRES	7	FOE	587	1	1	1203	(0.42259999999999998, 0.58709999999999996, 0)	../fonts/amplitud.ttf	upper
1267112054266	1	FR_PRES	7	WAGON	1578	1	0	745	(0.42259999999999998, 0.58709999999999996, 0)	../fonts/amplitud.ttf	upper
1267112058307	1	FR_PRES	7	REEF	1177	1	1	1120	(0.42259999999999998, 0.58709999999999996, 0)	../fonts/amplitud.ttf	upper
1267112062299	1	FR_PRES	7	SPONGE	1355	1	1	1720	(0.42259999999999998, 0.58709999999999996, 0)	../fonts/amplitud.ttf	upper
1267112066315	1	FR_PRES	7	LANDSCAPE	799	1	0	1024	(0.42259999999999998, 0.58709999999999996, 0)	../fonts/amplitud.ttf	upper
1267112070473	1	FR_PRES	7	WHISKERS	1605	1	0	1170	(0.42259999999999998, 0.58709999999999996, 0)	../fonts/amplitud.ttf	upper
1267112074373	1	FR_PRES	7	REBEL	1172	1	1	1461	(0.42259999999999998, 0.58709999999999996, 0)	../fonts/amplitud.ttf	upper
1267112078364	1	FR_PRES	7	SHELL	1281	1	0	1566	(0.42259999999999998, 0.58709999999999996, 0)	../fonts/amplitud.ttf	upper
1267112082414	1	FR_PRES	7	BULB	192	1	0	877	(0.42259999999999998, 0.58709999999999996, 0)	../fonts/amplitud.ttf	upper
1267112088256	1	REC_START
1267112168807	0	REST
1267112170308	1	FR_PRES	8	DUNE	506	0	1	1494	(0.57740000000000002, 0.41289999999999999, 1.0)	../fonts/zerothre.ttf	lower
1267112174399	1	FR_PRES	8	RATTLE	1170	0	0	908	(0.57740000000000002, 0.41289999999999999, 1.0)	../fonts/zerothre.ttf	lower
1267112178607	1	FR_PRES	8	VEAL	1551	0	0	2147	(0.57740000000000002, 0.41289999999999999, 1.0)	../fonts/zerothre.ttf	lower
1267112182598	1	FR_PRES	8	CHAUFFEUR	283	0	1	813	(0.57740000000000002, 0.41289999999999999, 1.0)	../fonts/zerothre.ttf	lower
1267112186631	1	FR_PRES	8	DIAL	457	1	0	2187	(0.42259999999999998, 0.58709999999999996, 0)	../fonts/amplitud.ttf	upper
1267112190805	1	FR_PRES	8	FORK	594	1	0	798	(0.42259999999999998, 0.58709999999999996, 0)	../fonts/amplitud.ttf	upper
1267112194747	1	FR_PRES	8	PLATE	1086	1	0	784	(0.42259999999999998, 0.58709999999999996, 0)	../fonts/amplitud.ttf	upper
1267112198771	1	FR_PRES	8	WATERFALL	1595	1	0	1199	(0.42259999999999998, 0.58709999999999996, 0)	../fonts/amplitud.ttf	upper
1267112202672	1	FR_PRES	8	SQUIRREL	1362	1	1	1051	(0.42259999999999998, 0.58709999999999996, 0)	../fonts/amplitud.ttf	upper
1267112206730	1	FR_PRES	8	WALNUT	1584	1	1	1104	(0.42259999999999998, 0.58709999999999996, 0)	../fonts/amplitud.ttf	upper
1267112210745	1	FR_PRES	8	WHEEL	1603	0	0	2057	(0.57740000000000002, 0.41289999999999999, 1.0)	../fonts/zerothre.ttf	lower
1267112214704	1	FR_PRES	8	FINGER	567	0	0	875	(0.57740000000000002, 0.41289999999999999, 1.0)	../fonts/zerothre.ttf	lower
1267112218770	1	FR_PRES	8	JUG	762	0	1	1513	(0.57740000000000002, 0.41289999999999999, 1.0)	../fonts/zerothre.ttf	lower
1267112222903	1	FR_PRES	8	RECEPTIONIST	1174	0	1	915	(0.57740000000000002, 0.41289999999999999, 1.0)	../fonts/zerothre.ttf	lower
1267112226877	1	FR_PRES	8	COCOON	339	1	0	1646	(0.42259999999999998, 0.58709999999999996, 0)	../fonts/amplitud.ttf	upper
1267112230977	1	FR_PRES	8	PRODUCER	1129	1	1	1274	(0.42259999999999998, 0.58709999999999996, 0)	../fonts/amplitud.ttf	upper
1267112236761	1	REC_START
1267112315081	0	REST
1267112316589	1	FR_PRES	9	MARGARINE	868	-1	-1	-1267112316589	white	../fonts/Verdana.ttf	upper
1267112320796	1	FR_PRES	9	PATH	1023	-1	-1	-1267112320796	white	../fonts/Verdana.ttf	upper
1267112324688	1	FR_PRES	9	BULLET	194	-1	-1	-1267112324688	white	../fonts/Verdana.ttf	upper
1267112328538	1	FR_PRES	9	SEASHORE	1263	-1	-1	-1267112328538	white	../fonts/Verdana.ttf	upper
1267112332512	1	FR_PRES	9	CASTLE	256	-1	-1	-1267112332512	white	../fonts/Verdana.ttf	upper
1267112336629	1	FR_PRES	9	SALAD	1224	-1	-1	-1267112336629	white	../fonts/Verdana.ttf	upper
1267112340803	1	FR_PRES	9	COLOGNE	347	-1	-1	-1267112340803	white	../fonts/Verdana.ttf	upper
1267112344678	1	FR_PRES	9	PERFUME	1049	-1	-1	-1267112344678	white	../fonts/Verdana.ttf	upper
1267112348869	1	FR_PRES	9	SPIT	1354	-1	-1	-1267112348869	white	../fonts/Verdana.ttf	upper
1267112352902	1	FR_PRES	9	SINK	1309	-1	-1	-1267112352902	white	../fonts/Verdana.ttf	upper
1267112357069	1	FR_PRES	9	HOME	712	-1	-1	-1267112357069	white	../fonts/Verdana.ttf	upper
1267112361044	1	FR_PRES	9	TOASTER	1472	-1	-1	-1267112361044	white	../fonts/Verdana.ttf	upper
1267112364926	1	FR_PRES	9	ALLEY	15	-1	-1	-1267112364926	white	../fonts/Verdana.ttf	upper
1267112368817	1	FR_PRES	9	FLORIDA	582	-1	-1	-1267112368817	white	../fonts/Verdana.ttf	upper
1267112372892	1	FR_PRES	9	CONCERT	360	-1	-1	-1267112372892	white	../fonts/Verdana.ttf	upper
1267112376833	1	FR_PRES	9	DISC	473	-1	-1	-1267112376833	white	../fonts/Verdana.ttf	upper
1267112382792	1	REC_START
1267112461769	0	REST
1267112463270	1	FR_PRES	10	BUTTON	207	1	0	1197	(0.42259999999999998, 0.58709999999999996, 0)	../fonts/amplitud.ttf	upper
1267112467428	1	FR_PRES	10	SWEATER	1419	1	0	751	(0.42259999999999998, 0.58709999999999996, 0)	../fonts/amplitud.ttf	upper
1267112471261	1	FR_PRES	10	AWARD	63	1	0	742	(0.42259999999999998, 0.58709999999999996, 0)	../fonts/amplitud.ttf	upper
1267112475386	1	FR_PRES	10	TACK	1428	1	0	673	(0.42259999999999998, 0.58709999999999996, 0)	../fonts/amplitud.ttf	upper
1267112479477	1	FR_PRES	10	SLUG	1329	1	1	790	(0.42259999999999998, 0.58709999999999996, 0)	../fonts/amplitud.ttf	upper
1267112483568	1	FR_PRES	10	ANTEATER	26	1	1	1107	(0.42259999999999998, 0.58709999999999996, 0)	../fonts/amplitud.ttf	upper
1267112487701	1	FR_PRES	10	SKI	1316	1	0	1221	(0.42259999999999998, 0.58709999999999996, 0)	../fonts/amplitud.ttf	upper
1267112491643	1	FR_PRES	10	GANG	619	1	1	1295	(0.42259999999999998, 0.58709999999999996, 0)	../fonts/amplitud.ttf	upper
1267112495709	1	FR_PRES	10	SOCIETY	1338	1	0	1590	(0.42259999999999998, 0.58709999999999996, 0)	../fonts/amplitud.ttf	upper
1267112499908	1	FR_PRES	10	CRAYON	401	1	0	711	(0.42259999999999998, 0.58709999999999996, 0)	../fonts/amplitud.ttf	upper
1267112503974	1	FR_PRES	10	STOMACH	1384	1	0	924	(0.42259999999999998, 0.58709999999999996, 0)	../fonts/amplitud.ttf	upper
1267112508000	1	FR_PRES	10	SKIRT	1319	1	0	970	(0.42259999999999998, 0.58709999999999996, 0)	../fonts/amplitud.ttf	upper
1267112511932	1	FR_PRES	10	POCKET	1093	1	0	679	(0.42259999999999998, 0.58709999999999996, 0)	../fonts/amplitud.ttf	upper
1267112515857	1	FR_PRES	10	CHIPMUNK	304	1	0	1105	(0.42259999999999998, 0.58709999999999996, 0)	../fonts/amplitud.ttf	upper
1267112520066	1	FR_PRES	10	OX	994	1	1	696	(0.42259999999999998, 0.58709999999999996, 0)	../fonts/amplitud.ttf	upper
1267112523998	1	FR_PRES	10	ULCER	1533	1	0	1021	(0.42259999999999998, 0.58709999999999996, 0)	../fonts/amplitud.ttf	upper
1267112529906	1	REC_START
1267112612966	0	REST
1267112614467	1	FR_PRES	11	SUPPER	1411	-1	-1	-1267112614467	white	../fonts/Verdana.ttf	upper
1267112618625	1	FR_PRES	11	TIMBER	1469	-1	-1	-1267112618625	white	../fonts/Verdana.ttf	upper
1267112622533	1	FR_PRES	11	MOTOR	922	-1	-1	-1267112622533	white	../fonts/Verdana.ttf	upper
1267112626600	1	FR_PRES	11	AIRPLANE	12	-1	-1	-1267112626600	white	../fonts/Verdana.ttf	upper
1267112630624	1	FR_PRES	11	TEACHER	1440	-1	-1	-1267112630624	white	../fonts/Verdana.ttf	upper
1267112634491	1	FR_PRES	11	PUMPKIN	1142	-1	-1	-1267112634491	white	../fonts/Verdana.ttf	upper
1267112638457	1	FR_PRES	11	VESSEL	1558	-1	-1	-1267112638457	white	../fonts/Verdana.ttf	upper
1267112642307	1	FR_PRES	11	WINGS	1614	-1	-1	-1267112642307	white	../fonts/Verdana.ttf	upper
1267112646140	1	FR_PRES	11	CLASS	318	-1	-1	-1267112646140	white	../fonts/Verdana.ttf	upper
1267112650089	1	FR_PRES	11	BRIDGE	174	-1	-1	-1267112650089	white	../fonts/Verdana.ttf	upper
1267112653980	1	FR_PRES	11	BATHTUB	100	-1	-1	-1267112653980	white	../fonts/Verdana.ttf	upper
1267112658064	1	FR_PRES	11	DIRT	472	-1	-1	-1267112658064	white	../fonts/Verdana.ttf	upper
1267112661979	1	FR_PRES	11	DUST	508	-1	-1	-1267112661979	white	../fonts/Verdana.ttf	upper
1267112665979	1	FR_PRES	11	CANOE	233	-1	-1	-1267112665979	white	../fonts/Verdana.ttf	upper
1267112669845	1	FR_PRES	11	HOSTAGE	722	-1	-1	-1267112669845	white	../fonts/Verdana.ttf	upper
1267112673895	1	FR_PRES	11	TRAITOR	1495	-1	-1	-1267112673895	white	../fonts/Verdana.ttf	upper
1267112679646	1	REC_START
1267113307184	0	REST
1267113308692	1	FR_PRES	12	BEEF	113	1	1	2447	(0.42259999999999998, 0.58709999999999996, 0)	../fonts/amplitud.ttf	upper
1267113312774	1	FR_PRES	12	CITY	314	1	0	1397	(0.42259999999999998, 0.58709999999999996, 0)	../fonts/amplitud.ttf	upper
1267113316625	1	FR_PRES	12	ROBOT	1200	1	0	1153	(0.42259999999999998, 0.58709999999999996, 0)	../fonts/amplitud.ttf	upper
1267113320691	1	FR_PRES	12	WASHER	1592	1	1	896	(0.42259999999999998, 0.58709999999999996, 0)	../fonts/amplitud.ttf	upper
1267113324641	1	FR_PRES	12	OCTOPUS	971	0	1	1337	(0.57740000000000002, 0.41289999999999999, 1.0)	../fonts/zerothre.ttf	lower
1267113328690	1	FR_PRES	12	BUN	197	0	0	1080	(0.57740000000000002, 0.41289999999999999, 1.0)	../fonts/zerothre.ttf	lower
1267113332756	1	FR_PRES	12	RESTAURANT	1187	0	-999	3000	(0.57740000000000002, 0.41289999999999999, 1.0)	../fonts/zerothre.ttf	lower
1267113335780	1	SLOW_MSG
1267113338098	1	FR_PRES	12	BOOTH	151	0	1	1473	(0.57740000000000002, 0.41289999999999999, 1.0)	../fonts/zerothre.ttf	lower
1267113342098	1	FR_PRES	12	TELEPHONE	1445	1	0	1393	(0.42259999999999998, 0.58709999999999996, 0)	../fonts/amplitud.ttf	upper
1267113346089	1	FR_PRES	12	FACE	547	1	0	1610	(0.42259999999999998, 0.58709999999999996, 0)	../fonts/amplitud.ttf	upper
1267113349929	1	FR_PRES	12	SAILOR	1223	1	1	1426	(0.42259999999999998, 0.58709999999999996, 0)	../fonts/amplitud.ttf	upper
1267113353912	1	FR_PRES	12	CROOK	412	1	1	1034	(0.42259999999999998, 0.58709999999999996, 0)	../fonts/amplitud.ttf	upper
1267113358080	1	FR_PRES	12	MERMAID	887	0	1	1267	(0.57740000000000002, 0.41289999999999999, 1.0)	../fonts/zerothre.ttf	lower
1267113361962	1	FR_PRES	12	SIGNATURE	1306	0	0	1385	(0.57740000000000002, 0.41289999999999999, 1.0)	../fonts/zerothre.ttf	lower
1267113366113	1	FR_PRES	12	JAW	751	0	0	1370	(0.57740000000000002, 0.41289999999999999, 1.0)	../fonts/zerothre.ttf	lower
1267113370137	1	FR_PRES	12	OUTLAW	989	0	1	1978	(0.57740000000000002, 0.41289999999999999, 1.0)	../fonts/zerothre.ttf	lower
1267113375886	1	REC_START
1267113468230	0	REST
1267113469738	1	FR_PRES	13	BUTTER	205	0	0	1497	(0.57740000000000002, 0.41289999999999999, 1.0)	../fonts/zerothre.ttf	lower
1267113473929	1	FR_PRES	13	CORN	381	0	0	865	(0.57740000000000002, 0.41289999999999999, 1.0)	../fonts/zerothre.ttf	lower
1267113478046	1	FR_PRES	13	COUGAR	387	1	1	1501	(0.42259999999999998, 0.58709999999999996, 0)	../fonts/amplitud.ttf	upper
1267113482213	1	FR_PRES	13	WICK	1607	1	0	998	(0.42259999999999998, 0.58709999999999996, 0)	../fonts/amplitud.ttf	upper
1267113486304	1	FR_PRES	13	SOLDIER	1344	1	1	1355	(0.42259999999999998, 0.58709999999999996, 0)	../fonts/amplitud.ttf	upper
1267113490154	1	FR_PRES	13	ADOLESCENT	7	1	1	1089	(0.42259999999999998, 0.58709999999999996, 0)	../fonts/amplitud.ttf	upper
1267113494270	1	FR_PRES	13	CHEST	295	1	0	1141	(0.42259999999999998, 0.58709999999999996, 0)	../fonts/amplitud.ttf	upper
1267113498086	1	FR_PRES	13	LUNG	850	1	0	1485	(0.42259999999999998, 0.58709999999999996, 0)	../fonts/amplitud.ttf	upper
1267113502286	1	FR_PRES	13	BALLOON	75	0	1	1413	(0.57740000000000002, 0.41289999999999999, 1.0)	../fonts/zerothre.ttf	lower
1267113506311	1	FR_PRES	13	HARP	689	0	1	948	(0.57740000000000002, 0.41289999999999999, 1.0)	../fonts/zerothre.ttf	lower
1267113510269	1	FR_PRES	13	TWEEZERS	1526	1	0	1629	(0.42259999999999998, 0.58709999999999996, 0)	../fonts/amplitud.ttf	upper
1267113514144	1	FR_PRES	13	TAPIOCA	1434	1	0	1626	(0.42259999999999998, 0.58709999999999996, 0)	../fonts/amplitud.ttf	upper
1267113517984	1	FR_PRES	13	SAXOPHONE	1240	0	1	2339	(0.57740000000000002, 0.41289999999999999, 1.0)	../fonts/zerothre.ttf	lower
1267113521825	1	FR_PRES	13	PISTON	1076	0	1	1562	(0.57740000000000002, 0.41289999999999999, 1.0)	../fonts/zerothre.ttf	lower
1267113526018	1	FR_PRES	13	ZOO	1637	0	1	960	(0.57740000000000002, 0.41289999999999999, 1.0)	../fonts/zerothre.ttf	lower
1267113530142	1	FR_PRES	13	BISON	131	0	1	1045	(0.57740000000000002, 0.41289999999999999, 1.0)	../fonts/zerothre.ttf	lower
1267113535867	1	REC_START
1267113614944	0	REST
1267113616453	1	FR_PRES	14	HOUSE	725	0	1	726	(0.57740000000000002, 0.41289999999999999, 1.0)	../fonts/zerothre.ttf	lower
1267113620411	1	FR_PRES	14	WHEAT	1602	0	0	968	(0.57740000000000002, 0.41289999999999999, 1.0)	../fonts/zerothre.ttf	lower
1267113624327	1	FR_PRES	14	DIME	466	0	0	1020	(0.57740000000000002, 0.41289999999999999, 1.0)	../fonts/zerothre.ttf	lower
1267113628494	1	FR_PRES	14	CREAM	402	0	0	957	(0.57740000000000002, 0.41289999999999999, 1.0)	../fonts/zerothre.ttf	lower
1267113632485	1	FR_PRES	14	OMELET	976	0	0	1166	(0.57740000000000002, 0.41289999999999999, 1.0)	../fonts/zerothre.ttf	lower
1267113636626	1	FR_PRES	14	BARLEY	88	0	0	833	(0.57740000000000002, 0.41289999999999999, 1.0)	../fonts/zerothre.ttf	lower
1267113640684	1	FR_PRES	14	DUNGEON	507	0	1	1118	(0.57740000000000002, 0.41289999999999999, 1.0)	../fonts/zerothre.ttf	lower
1267113644883	1	FR_PRES	14	DELINQUENT	445	0	1	1464	(0.57740000000000002, 0.41289999999999999, 1.0)	../fonts/zerothre.ttf	lower
1267113648974	1	FR_PRES	14	VAN	1548	0	1	900	(0.57740000000000002, 0.41289999999999999, 1.0)	../fonts/zerothre.ttf	lower
1267113652816	1	FR_PRES	14	TAXI	1438	0	1	1915	(0.57740000000000002, 0.41289999999999999, 1.0)	../fonts/zerothre.ttf	lower
1267113656733	1	FR_PRES	14	GARLIC	624	0	0	742	(0.57740000000000002, 0.41289999999999999, 1.0)	../fonts/zerothre.ttf	lower
1267113660749	1	FR_PRES	14	CAFE	216	0	1	918	(0.57740000000000002, 0.41289999999999999, 1.0)	../fonts/zerothre.ttf	lower
1267113664691	1	FR_PRES	14	COLESLAW	344	0	1	1320	(0.57740000000000002, 0.41289999999999999, 1.0)	../fonts/zerothre.ttf	lower
1267113668881	1	FR_PRES	14	LILY	821	0	0	1130	(0.57740000000000002, 0.41289999999999999, 1.0)	../fonts/zerothre.ttf	lower
1267113672998	1	FR_PRES	14	HUT	729	0	1	892	(0.57740000000000002, 0.41289999999999999, 1.0)	../fonts/zerothre.ttf	lower
1267113676839	1	FR_PRES	14	COOLER	375	0	1	1500	(0.57740000000000002, 0.41289999999999999, 1.0)	../fonts/zerothre.ttf	lower
1267113682490	1	REC_START
1267113770333	0	REST
1267113771841	1	FR_PRES	15	CELLAR	267	1	0	1153	(0.42259999999999998, 0.58709999999999996, 0)	../fonts/amplitud.ttf	upper
1267113775691	1	FR_PRES	15	PEDESTRIAN	1038	1	1	768	(0.42259999999999998, 0.58709999999999996, 0)	../fonts/amplitud.ttf	upper
1267113779541	1	FR_PRES	15	STAIRS	1367	1	0	702	(0.42259999999999998, 0.58709999999999996, 0)	../fonts/amplitud.ttf	upper
1267113783741	1	FR_PRES	15	SEA	1259	1	0	886	(0.42259999999999998, 0.58709999999999996, 0)	../fonts/amplitud.ttf	upper
1267113787889	1	FR_PRES	15	CLAM	315	1	1	985	(0.42259999999999998, 0.58709999999999996, 0)	../fonts/amplitud.ttf	upper
1267113791847	1	FR_PRES	15	HINGE	709	1	0	1524	(0.42259999999999998, 0.58709999999999996, 0)	../fonts/amplitud.ttf	upper
1267113795814	1	FR_PRES	15	DINER	467	1	0	1757	(0.42259999999999998, 0.58709999999999996, 0)	../fonts/amplitud.ttf	upper
1267113799789	1	FR_PRES	15	GOOSE	649	1	1	1606	(0.42259999999999998, 0.58709999999999996, 0)	../fonts/amplitud.ttf	upper
1267113803772	1	FR_PRES	15	PRINCE	1124	1	1	1263	(0.42259999999999998, 0.58709999999999996, 0)	../fonts/amplitud.ttf	upper
1267113807838	1	FR_PRES	15	DETERGENT	455	1	0	845	(0.42259999999999998, 0.58709999999999996, 0)	../fonts/amplitud.ttf	upper
1267113811971	1	FR_PRES	15	CRICKET	408	1	1	1168	(0.42259999999999998, 0.58709999999999996, 0)	../fonts/amplitud.ttf	upper
1267113815812	1	FR_PRES	15	ROACH	1195	1	1	815	(0.42259999999999998, 0.58709999999999996, 0)	../fonts/amplitud.ttf	upper
1267113819754	1	FR_PRES	15	DUCK	504	1	1	897	(0.42259999999999998, 0.58709999999999996, 0)	../fonts/amplitud.ttf	upper
1267113823928	1	FR_PRES	15	VINE	1568	1	1	715	(0.42259999999999998, 0.58709999999999996, 0)	../fonts/amplitud.ttf	upper
1267113828013	1	FR_PRES	15	SAUSAGE	1238	1	0	773	(0.42259999999999998, 0.58709999999999996, 0)	../fonts/amplitud.ttf	upper
1267113831845	1	FR_PRES	15	THIEF	1456	1	1	1422	(0.42259999999999998, 0.58709999999999996, 0)	../fonts/amplitud.ttf	upper
1267113837878	1	REC_START
1267113977644	0	RECOG_START
1267113977644	1	REC_START
1267113977677	0	RECOG_PRES	0	DOCK	477	-999	P	6245
1267113984284	0	RECOG_CR_PRES	0	DOCK	477	-999	P	2055
1267113986875	1	RECOG_FEEDBACK	1
1267113987609	0	RECOG_PRES	0	ADOLESCENT	7	-999	P	1466
1267113989442	0	RECOG_CR_PRES	0	ADOLESCENT	7	-999	P	697
1267113990501	1	RECOG_FEEDBACK	1
1267113991309	0	RECOG_PRES	0	SAUSAGE	1238	-999	P	1102
1267113992783	0	RECOG_CR_PRES	0	SAUSAGE	1238	-999	P	604
1267113993717	1	RECOG_FEEDBACK	1
1267113994484	0	RECOG_PRES	0	LUNG	850	-999	P	1295
1267113996142	0	RECOG_CR_PRES	0	LUNG	850	-999	P	565
1267113997050	1	RECOG_FEEDBACK	1
1267113997766	0	RECOG_PRES	0	PENNY	1045	-999	P	1141
1267113999275	0	RECOG_CR_PRES	0	PENNY	1045	-999	P	464
1267114000075	1	RECOG_FEEDBACK	1
1267114000807	0	RECOG_PRES	0	VEST	1559	-999	P	1548
1267114002725	0	RECOG_CR_PRES	0	VEST	1559	-999	P	486
1267114003541	1	RECOG_FEEDBACK	1
1267114004275	0	RECOG_PRES	0	WICK	1607	-999	P	1049
1267114005700	0	RECOG_CR_PRES	0	WICK	1607	-999	P	495
1267114006516	1	RECOG_FEEDBACK	1
1267114007325	0	RECOG_PRES	0	CASKET	255	-999	P	1533
1267114009224	0	RECOG_CR_PRES	0	CASKET	255	-999	P	451
1267114010008	1	RECOG_FEEDBACK	1
1267114010733	0	RECOG_PRES	0	TRAIN	1494	-999	P	1061
1267114012157	0	RECOG_CR_PRES	0	TRAIN	1494	-999	P	398
1267114012881	1	RECOG_FEEDBACK	1
1267114013591	0	RECOG_PRES	0	PRODUCER	1129	-999	P	1116
1267114015082	0	RECOG_CR_PRES	0	PRODUCER	1129	-999	P	489
1267114015898	1	RECOG_FEEDBACK	1
1267114016690	0	RECOG_PRES	0	PIGEON	1065	-999	P	1224
1267114018282	0	RECOG_CR_PRES	0	PIGEON	1065	-999	P	410
1267114019024	1	RECOG_FEEDBACK	1
1267114019756	0	RECOG_PRES	0	DUNE	506	-999	P	1030
1267114021149	0	RECOG_CR_PRES	0	DUNE	506	-999	P	502
1267114021981	1	RECOG_FEEDBACK	1
1267114022690	0	RECOG_PRES	0	MONEY	908	-999	P	1617
1267114024682	0	RECOG_CR_PRES	0	MONEY	908	-999	P	497
1267114025523	1	RECOG_FEEDBACK	0
1267114026306	0	RECOG_PRES	0	FLIPPER	580	-999	P	1081
1267114027755	0	RECOG_CR_PRES	0	FLIPPER	580	-999	P	496
1267114028565	1	RECOG_FEEDBACK	1
1267114029323	0	RECOG_PRES	0	SURVEY	1414	-999	P	1848
1267114031539	0	RECOG_CR_PRES	0	SURVEY	1414	-999	P	399
1267114032298	1	RECOG_FEEDBACK	0
1267114033023	0	RECOG_PRES	0	JOKER	759	-999	P	1460
1267114034855	0	RECOG_CR_PRES	0	JOKER	759	-999	P	468
1267114035714	1	RECOG_FEEDBACK	1
1267114036472	0	RECOG_PRES	0	SOLDIER	1344	-999	P	1107
1267114037955	0	RECOG_CR_PRES	0	SOLDIER	1344	-999	P	440
1267114038739	1	RECOG_FEEDBACK	1
1267114039539	0	RECOG_PRES	0	PATH	1023	-999	P	2279
1267114042180	0	RECOG_CR_PRES	0	PATH	1023	-999	P	544
1267114043164	1	RECOG_FEEDBACK	1
1267114043879	0	RECOG_PRES	0	BONE	148	-999	P	1764
1267114046013	0	RECOG_CR_PRES	0	BONE	148	-999	P	486
1267114046854	1	RECOG_FEEDBACK	0
1267114047572	0	RECOG_PRES	0	PRINCE	1124	-999	P	1143
1267114049088	0	RECOG_CR_PRES	0	PRINCE	1124	-999	P	459
1267114049895	1	RECOG_FEEDBACK	1
1267114051854	0	REST
1267114052766	1	REC_START
1267114052803	0	RECOG_PRES	1	STAIRS	1367	-999	P	1191
1267114054371	0	RECOG_CR_PRES	1	STAIRS	1367	-999	P	535
1267114055238	1	RECOG_FEEDBACK	1
1267114056029	0	RECOG_PRES	1	SKIRT	1319	-999	P	1278
1267114057679	0	RECOG_CR_PRES	1	SKIRT	1319	-999	P	500
1267114058529	1	RECOG_FEEDBACK	0
1267114059237	0	RECOG_PRES	1	LIPSTICK	829	-999	P	1246
1267114060853	0	RECOG_CR_PRES	1	LIPSTICK	829	-999	P	574
1267114061769	1	RECOG_FEEDBACK	1
1267114062545	0	RECOG_PRES	1	DIAL	457	-999	P	1209
1267114064120	0	RECOG_CR_PRES	1	DIAL	457	-999	P	634
1267114065079	1	RECOG_FEEDBACK	1
1267114065853	0	RECOG_PRES	1	BATHTUB	100	-999	P	1471
1267114067695	0	RECOG_CR_PRES	1	BATHTUB	100	-999	P	508
1267114068553	1	RECOG_FEEDBACK	1
1267114069312	0	RECOG_PRES	1	DRAWING	494	-999	P	1347
1267114071028	0	RECOG_CR_PRES	1	DRAWING	494	-999	P	455
1267114071827	1	RECOG_FEEDBACK	1
1267114072570	0	RECOG_PRES	1	SWING	1421	-999	P	1129
1267114074070	0	RECOG_CR_PRES	1	SWING	1421	-999	P	517
1267114074919	1	RECOG_FEEDBACK	1
1267114075703	0	RECOG_PRES	1	BRUNETTE	181	-999	P	1147
1267114077219	0	RECOG_CR_PRES	1	BRUNETTE	181	-999	P	543
1267114078103	1	RECOG_FEEDBACK	1
1267114078827	0	RECOG_PRES	1	STEWARDESS	1381	-999	P	1217
1267114080419	0	RECOG_CR_PRES	1	STEWARDESS	1381	-999	P	616
1267114081394	1	RECOG_FEEDBACK	1
1267114082169	0	RECOG_PRES	1	BUCKLE	185	-999	P	1338
1267114083876	0	RECOG_CR_PRES	1	BUCKLE	185	-999	P	495
1267114084702	1	RECOG_FEEDBACK	1
1267114085435	0	RECOG_PRES	1	LOG	841	-999	P	1072
1267114086876	0	RECOG_CR_PRES	1	LOG	841	-999	P	511
1267114087702	1	RECOG_FEEDBACK	1
1267114088419	0	RECOG_PRES	1	GORILLA	650	-999	P	1248
1267114090044	0	RECOG_CR_PRES	1	GORILLA	650	-999	P	535
1267114090917	1	RECOG_FEEDBACK	1
1267114091668	0	RECOG_PRES	1	PERFUME	1049	-999	P	1270
1267114093302	0	RECOG_CR_PRES	1	PERFUME	1049	-999	P	429
1267114094076	1	RECOG_FEEDBACK	1
1267114094834	0	RECOG_PRES	1	CANARY	227	-999	P	1417
1267114096626	0	RECOG_CR_PRES	1	CANARY	227	-999	P	457
1267114097435	1	RECOG_FEEDBACK	1
1267114098235	0	RECOG_PRES	1	FINGER	567	-999	P	1137
1267114099734	0	RECOG_CR_PRES	1	FINGER	567	-999	P	454
1267114100509	1	RECOG_FEEDBACK	0
1267114101243	0	RECOG_PRES	1	POCKET	1093	-999	P	1840
1267114103459	0	RECOG_CR_PRES	1	POCKET	1093	-999	P	544
1267114104359	1	RECOG_FEEDBACK	1
1267114105126	0	RECOG_PRES	1	MOOSE	915	-999	P	1173
1267114106676	0	RECOG_CR_PRES	1	MOOSE	915	-999	P	447
1267114107451	1	RECOG_FEEDBACK	1
1267114108167	0	RECOG_PRES	1	DRYER	503	-999	P	2188
1267114110725	0	RECOG_CR_PRES	1	DRYER	503	-999	P	430
1267114111525	1	RECOG_FEEDBACK	1
1267114112275	0	RECOG_PRES	1	BUN	197	-999	P	1104
1267114113749	0	RECOG_CR_PRES	1	BUN	197	-999	P	486
1267114114558	1	RECOG_FEEDBACK	1
1267114115267	0	RECOG_PRES	1	HOOD	714	-999	P	1032
1267114116675	0	RECOG_CR_PRES	1	HOOD	714	-999	P	536
1267114117525	1	RECOG_FEEDBACK	0
1267114121915	0	REST
1267114122825	1	REC_START
1267114122857	0	RECOG_PRES	2	FROG	608	-999	P	1137
1267114124366	0	RECOG_CR_PRES	2	FROG	608	-999	P	452
1267114125133	1	RECOG_FEEDBACK	1
1267114125915	0	RECOG_PRES	2	SPIT	1354	-999	P	1047
1267114127324	0	RECOG_CR_PRES	2	SPIT	1354	-999	P	2590
1267114130232	1	RECOG_FEEDBACK	0
1267114130973	0	RECOG_PRES	2	HARP	689	-999	P	2198
1267114133540	0	RECOG_CR_PRES	2	HARP	689	-999	P	471
1267114134357	1	RECOG_FEEDBACK	1
1267114135165	0	RECOG_PRES	2	NECK	939	-999	P	1022
1267114136548	0	RECOG_CR_PRES	2	NECK	939	-999	P	446
1267114137315	1	RECOG_FEEDBACK	1
1267114138123	0	RECOG_PRES	2	PUMPKIN	1142	-999	P	1775
1267114140265	0	RECOG_CR_PRES	2	PUMPKIN	1142	-999	P	418
1267114141081	1	RECOG_FEEDBACK	1
1267114141822	0	RECOG_PRES	2	TABLE	1426	-999	P	1357
1267114143556	0	RECOG_CR_PRES	2	TABLE	1426	-999	P	366
1267114144265	1	RECOG_FEEDBACK	1
1267114145039	0	RECOG_PRES	2	COMMANDER	354	-999	P	1388
1267114146797	0	RECOG_CR_PRES	2	COMMANDER	354	-999	P	398
1267114147531	1	RECOG_FEEDBACK	0
1267114148306	0	RECOG_PRES	2	TREAD	1499	-999	P	1624
1267114150297	0	RECOG_CR_PRES	2	TREAD	1499	-999	P	410
1267114151056	1	RECOG_FEEDBACK	1
1267114151821	0	RECOG_PRES	2	CREAM	402	-999	P	965
1267114153156	0	RECOG_CR_PRES	2	CREAM	402	-999	P	448
1267114153921	1	RECOG_FEEDBACK	1
1267114154647	0	RECOG_PRES	2	HUT	729	-999	P	933
1267114155954	0	RECOG_CR_PRES	2	HUT	729	-999	P	417
1267114156680	1	RECOG_FEEDBACK	1
1267114157397	0	RECOG_PRES	2	POISON	1096	-999	P	1270
1267114159038	0	RECOG_CR_PRES	2	POISON	1096	-999	P	445
1267114159821	1	RECOG_FEEDBACK	1
1267114160538	0	RECOG_PRES	2	CHEST	295	-999	P	1169
1267114162080	0	RECOG_CR_PRES	2	CHEST	295	-999	P	523
1267114162937	1	RECOG_FEEDBACK	1
1267114163680	0	RECOG_PRES	2	SALAD	1224	-999	P	1267
1267114165313	0	RECOG_CR_PRES	2	SALAD	1224	-999	P	482
1267114166138	1	RECOG_FEEDBACK	1
1267114166870	0	RECOG_PRES	2	BUREAU	199	-999	P	1133
1267114168379	0	RECOG_CR_PRES	2	BUREAU	199	-999	P	455
1267114169146	1	RECOG_FEEDBACK	1
1267114169887	0	RECOG_PRES	2	COOLER	375	-999	P	988
1267114171238	0	RECOG_CR_PRES	2	COOLER	375	-999	P	478
1267114172021	1	RECOG_FEEDBACK	1
1267114172778	0	RECOG_PRES	2	BIBLE	124	-999	P	1681
1267114174828	0	RECOG_CR_PRES	2	BIBLE	124	-999	P	415
1267114175662	1	RECOG_FEEDBACK	1
1267114176437	0	RECOG_PRES	2	THIEF	1456	-999	P	1502
1267114178304	0	RECOG_CR_PRES	2	THIEF	1456	-999	P	562
1267114179237	1	RECOG_FEEDBACK	1
1267114180029	0	RECOG_PRES	2	CONCERT	360	-999	P	1614
1267114182020	0	RECOG_CR_PRES	2	CONCERT	360	-999	P	367
1267114182802	1	RECOG_FEEDBACK	1
1267114183570	0	RECOG_PRES	2	FOLLOWER	589	-999	P	1545
1267114185487	0	RECOG_CR_PRES	2	FOLLOWER	589	-999	P	443
1267114186287	1	RECOG_FEEDBACK	1
1267114187020	0	RECOG_PRES	2	CHAIR	274	-999	P	966
1267114188361	0	RECOG_CR_PRES	2	CHAIR	274	-999	P	593
1267114189270	1	RECOG_FEEDBACK	0
1267114191353	0	REST
1267114192199	1	REC_START
1267114192236	0	RECOG_PRES	3	ENVELOPE	537	-999	P	1287
1267114193893	0	RECOG_CR_PRES	3	ENVELOPE	537	-999	P	462
1267114194678	1	RECOG_FEEDBACK	1
1267114195469	0	RECOG_PRES	3	BEAVER	109	-999	P	1054
1267114196893	0	RECOG_CR_PRES	3	BEAVER	109	-999	P	502
1267114197736	1	RECOG_FEEDBACK	1
1267114198461	0	RECOG_PRES	3	OCTOPUS	971	-999	P	1110
1267114199943	0	RECOG_CR_PRES	3	OCTOPUS	971	-999	P	556
1267114200834	1	RECOG_FEEDBACK	1
1267114201627	0	RECOG_PRES	3	JELLY	755	-999	P	1865
1267114203859	0	RECOG_CR_PRES	3	JELLY	755	-999	P	528
1267114204735	1	RECOG_FEEDBACK	0
1267114205452	0	RECOG_PRES	3	CORN	381	-999	P	1399
1267114207218	0	RECOG_CR_PRES	3	CORN	381	-999	P	536
1267114208118	1	RECOG_FEEDBACK	1
1267114208909	0	RECOG_PRES	3	TICK	1463	-999	P	1126
1267114210401	0	RECOG_CR_PRES	3	TICK	1463	-999	P	497
1267114211218	1	RECOG_FEEDBACK	1
1267114212001	0	RECOG_PRES	3	CHART	282	-999	P	2162
1267114214534	0	RECOG_CR_PRES	3	CHART	282	-999	P	452
1267114215343	1	RECOG_FEEDBACK	0
1267114216109	0	RECOG_PRES	3	SINK	1309	-999	P	1430
1267114217908	0	RECOG_CR_PRES	3	SINK	1309	-999	P	407
1267114218643	1	RECOG_FEEDBACK	0
1267114219367	0	RECOG_PRES	3	PAINT	1003	-999	P	1156
1267114220891	0	RECOG_CR_PRES	3	PAINT	1003	-999	P	424
1267114221634	1	RECOG_FEEDBACK	0
1267114222359	0	RECOG_PRES	3	PAIL	1002	-999	P	1619
1267114224342	0	RECOG_CR_PRES	3	PAIL	1002	-999	P	381
1267114225050	1	RECOG_FEEDBACK	1
1267114225791	0	RECOG_PRES	3	OWL	992	-999	P	1028
1267114227184	0	RECOG_CR_PRES	3	OWL	992	-999	P	1419
1267114228916	1	RECOG_FEEDBACK	0
1267114229725	0	RECOG_PRES	3	AGENT	10	-999	P	2287
1267114232383	0	RECOG_CR_PRES	3	AGENT	10	-999	P	692
1267114233450	1	RECOG_FEEDBACK	1
1267114234250	0	RECOG_PRES	3	OMELET	976	-999	P	1041
1267114235666	0	RECOG_CR_PRES	3	OMELET	976	-999	P	601
1267114236599	1	RECOG_FEEDBACK	1
1267114237358	0	RECOG_PRES	3	DWARF	510	-999	P	1781
1267114239516	0	RECOG_CR_PRES	3	DWARF	510	-999	P	470
1267114240441	1	RECOG_FEEDBACK	1
1267114241158	0	RECOG_PRES	3	BRACELET	163	-999	P	1333
1267114242865	0	RECOG_CR_PRES	3	BRACELET	163	-999	P	458
1267114243666	1	RECOG_FEEDBACK	1
1267114244382	0	RECOG_PRES	3	SOCIETY	1338	-999	P	1077
1267114245831	0	RECOG_CR_PRES	3	SOCIETY	1338	-999	P	564
1267114246715	1	RECOG_FEEDBACK	1
1267114247424	0	RECOG_PRES	3	CHECK	284	-999	P	1307
1267114249099	0	RECOG_CR_PRES	3	CHECK	284	-999	P	432
1267114249873	1	RECOG_FEEDBACK	0
1267114250632	0	RECOG_PRES	3	CURTAIN	427	-999	P	1427
1267114252423	0	RECOG_CR_PRES	3	CURTAIN	427	-999	P	395
1267114253165	1	RECOG_FEEDBACK	1
1267114253947	0	RECOG_PRES	3	BUTTON	207	-999	P	1007
1267114255323	0	RECOG_CR_PRES	3	BUTTON	207	-999	P	575
1267114256215	1	RECOG_FEEDBACK	1
1267114256972	0	RECOG_PRES	3	HAT	690	-999	P	950
1267114258290	0	RECOG_CR_PRES	3	HAT	690	-999	P	464
1267114259056	1	RECOG_FEEDBACK	1
1267114260714	0	REST
1267114261779	1	REC_START
1267114261813	0	RECOG_PRES	4	MAMMAL	861	-999	P	1318
1267114263506	0	RECOG_CR_PRES	4	MAMMAL	861	-999	P	400
1267114264223	1	RECOG_FEEDBACK	1
1267114264955	0	RECOG_PRES	4	DISH	474	-999	P	919
1267114266239	0	RECOG_CR_PRES	4	DISH	474	-999	P	523
1267114267081	1	RECOG_FEEDBACK	1
1267114267863	0	RECOG_PRES	4	OUTLAW	989	-999	P	1011
1267114269239	0	RECOG_CR_PRES	4	OUTLAW	989	-999	P	548
1267114270089	1	RECOG_FEEDBACK	1
1267114270813	0	RECOG_PRES	4	PARTY	1018	-999	P	1359
1267114272547	0	RECOG_CR_PRES	4	PARTY	1018	-999	P	473
1267114273347	1	RECOG_FEEDBACK	1
1267114274138	0	RECOG_PRES	4	CANDY	230	-999	P	1242
1267114275754	0	RECOG_CR_PRES	4	CANDY	230	-999	P	434
1267114276513	1	RECOG_FEEDBACK	1
1267114277263	0	RECOG_PRES	4	CLASS	318	-999	P	2053
1267114279688	0	RECOG_CR_PRES	4	CLASS	318	-999	P	395
1267114280446	1	RECOG_FEEDBACK	0
1267114281180	0	RECOG_PRES	4	BARTENDER	92	-999	P	1536
1267114283088	0	RECOG_CR_PRES	4	BARTENDER	92	-999	P	451
1267114283887	1	RECOG_FEEDBACK	1
1267114284663	0	RECOG_PRES	4	BARLEY	88	-999	P	1099
1267114286129	0	RECOG_CR_PRES	4	BARLEY	88	-999	P	562
1267114287029	1	RECOG_FEEDBACK	1
1267114287786	0	RECOG_PRES	4	CREEK	404	-999	P	1152
1267114289304	0	RECOG_CR_PRES	4	CREEK	404	-999	P	507
1267114290154	1	RECOG_FEEDBACK	1
1267114290870	0	RECOG_PRES	4	CRITIC	410	-999	P	1269
1267114292512	0	RECOG_CR_PRES	4	CRITIC	410	-999	P	611
1267114293454	1	RECOG_FEEDBACK	1
1267114294237	0	RECOG_PRES	4	SEA	1259	-999	P	974
1267114295587	0	RECOG_CR_PRES	4	SEA	1259	-999	P	464
1267114296370	1	RECOG_FEEDBACK	1
1267114297170	0	RECOG_PRES	4	COOK	372	-999	P	1209
1267114298752	0	RECOG_CR_PRES	4	COOK	372	-999	P	619
1267114299728	1	RECOG_FEEDBACK	1
1267114300528	0	RECOG_PRES	4	CUBE	420	-999	P	1587
1267114302486	0	RECOG_CR_PRES	4	CUBE	420	-999	P	525
1267114303378	1	RECOG_FEEDBACK	1
1267114304136	0	RECOG_PRES	4	OAR	966	-999	P	1100
1267114305611	0	RECOG_CR_PRES	4	OAR	966	-999	P	472
1267114306428	1	RECOG_FEEDBACK	1
1267114307203	0	RECOG_PRES	4	SIGN	1305	-999	P	1759
1267114309328	0	RECOG_CR_PRES	4	SIGN	1305	-999	P	363
1267114310053	1	RECOG_FEEDBACK	0
1267114310860	0	RECOG_PRES	4	DAISY	435	-999	P	1455
1267114312686	0	RECOG_CR_PRES	4	DAISY	435	-999	P	461
1267114313486	1	RECOG_FEEDBACK	1
1267114314227	0	RECOG_PRES	4	COLESLAW	344	-999	P	1361
1267114315959	0	RECOG_CR_PRES	4	COLESLAW	344	-999	P	460
1267114316801	1	RECOG_FEEDBACK	1
1267114317519	0	RECOG_PRES	4	GARLIC	624	-999	P	1156
1267114319052	0	RECOG_CR_PRES	4	GARLIC	624	-999	P	559
1267114319967	1	RECOG_FEEDBACK	1
1267114320767	0	RECOG_PRES	4	NUCLEUS	961	-999	P	1244
1267114322385	0	RECOG_CR_PRES	4	NUCLEUS	961	-999	P	674
1267114323427	1	RECOG_FEEDBACK	1
1267114324193	0	RECOG_PRES	4	ISLAND	745	-999	P	1354
1267114325917	0	RECOG_CR_PRES	4	ISLAND	745	-999	P	462
1267114326718	1	RECOG_FEEDBACK	1
1267114328243	0	REST
1267114329099	1	REC_START
1267114329143	0	RECOG_PRES	5	GRASSHOPPER	656	-999	P	1269
1267114330783	0	RECOG_CR_PRES	5	GRASSHOPPER	656	-999	P	524
1267114331618	1	RECOG_FEEDBACK	1
1267114332343	0	RECOG_PRES	5	TAVERN	1437	-999	P	1052
1267114333766	0	RECOG_CR_PRES	5	TAVERN	1437	-999	P	493
1267114334576	1	RECOG_FEEDBACK	1
1267114335384	0	RECOG_PRES	5	REBEL	1172	-999	P	1164
1267114336916	0	RECOG_CR_PRES	5	REBEL	1172	-999	P	384
1267114337634	1	RECOG_FEEDBACK	1
1267114338351	0	RECOG_PRES	5	WHEEL	1603	-999	P	1101
1267114339824	0	RECOG_CR_PRES	5	WHEEL	1603	-999	P	548
1267114340700	1	RECOG_FEEDBACK	1
1267114341425	0	RECOG_PRES	5	BROOM	178	-999	P	1131
1267114342924	0	RECOG_CR_PRES	5	BROOM	178	-999	P	415
1267114343642	1	RECOG_FEEDBACK	1
1267114344383	0	RECOG_PRES	5	LION	827	-999	P	1124
1267114345882	0	RECOG_CR_PRES	5	LION	827	-999	P	545
1267114346742	1	RECOG_FEEDBACK	1
1267114347533	0	RECOG_PRES	5	RECEPTIONIST	1174	-999	P	1285
1267114349183	0	RECOG_CR_PRES	5	RECEPTIONIST	1174	-999	P	556
1267114350108	1	RECOG_FEEDBACK	0
1267114350832	0	RECOG_PRES	5	SEASHORE	1263	-999	P	2603
1267114353807	0	RECOG_CR_PRES	5	SEASHORE	1263	-999	P	500
1267114354683	1	RECOG_FEEDBACK	0
1267114355466	0	RECOG_PRES	5	SHELL	1281	-999	P	1186
1267114357024	0	RECOG_CR_PRES	5	SHELL	1281	-999	P	611
1267114357981	1	RECOG_FEEDBACK	1
1267114358765	0	RECOG_PRES	5	FLORIDA	582	-999	P	1077
1267114360207	0	RECOG_CR_PRES	5	FLORIDA	582	-999	P	563
1267114361099	1	RECOG_FEEDBACK	1
1267114361864	0	RECOG_PRES	5	ANIMAL	23	-999	P	1139
1267114363374	0	RECOG_CR_PRES	5	ANIMAL	23	-999	P	500
1267114364182	1	RECOG_FEEDBACK	1
1267114364939	0	RECOG_PRES	5	RATTLE	1170	-999	P	1096
1267114366398	0	RECOG_CR_PRES	5	RATTLE	1170	-999	P	580
1267114367307	1	RECOG_FEEDBACK	1
1267114368073	0	RECOG_PRES	5	RELATIVE	1182	-999	P	1555
1267114369997	0	RECOG_CR_PRES	5	RELATIVE	1182	-999	P	471
1267114370814	1	RECOG_FEEDBACK	0
1267114371523	0	RECOG_PRES	5	VAN	1548	-999	P	1137
1267114373031	0	RECOG_CR_PRES	5	VAN	1548	-999	P	516
1267114373880	1	RECOG_FEEDBACK	1
1267114374640	0	RECOG_PRES	5	CORPORATION	382	-999	P	1130
1267114376139	0	RECOG_CR_PRES	5	CORPORATION	382	-999	P	488
1267114376963	1	RECOG_FEEDBACK	1
1267114377673	0	RECOG_PRES	5	COSTUME	383	-999	P	1097
1267114379139	0	RECOG_CR_PRES	5	COSTUME	383	-999	P	576
1267114380047	1	RECOG_FEEDBACK	1
1267114380763	0	RECOG_PRES	5	TEAPOT	1442	-999	P	1175
1267114382306	0	RECOG_CR_PRES	5	TEAPOT	1442	-999	P	433
1267114383056	1	RECOG_FEEDBACK	1
1267114383871	0	RECOG_PRES	5	SWEATER	1419	-999	P	1300
1267114385547	0	RECOG_CR_PRES	5	SWEATER	1419	-999	P	504
1267114386389	1	RECOG_FEEDBACK	0
1267114387172	0	RECOG_PRES	5	WINDOW	1611	-999	P	1303
1267114388846	0	RECOG_CR_PRES	5	WINDOW	1611	-999	P	501
1267114389688	1	RECOG_FEEDBACK	1
1267114390413	0	RECOG_PRES	5	BRIDGE	174	-999	P	926
1267114391713	0	RECOG_CR_PRES	5	BRIDGE	174	-999	P	458
1267114392480	1	RECOG_FEEDBACK	1
1267114393912	0	REST
1267114395020	1	REC_START
1267114395055	0	RECOG_PRES	6	DIME	466	-999	P	1236
1267114396663	0	RECOG_CR_PRES	6	DIME	466	-999	P	540
1267114397530	1	RECOG_FEEDBACK	1
1267114398254	0	RECOG_PRES	6	PLANET	1082	-999	P	1101
1267114399729	0	RECOG_CR_PRES	6	PLANET	1082	-999	P	402
1267114400429	1	RECOG_FEEDBACK	1
1267114401229	0	RECOG_PRES	6	PEDESTRIAN	1038	-999	P	1110
1267114402712	0	RECOG_CR_PRES	6	PEDESTRIAN	1038	-999	P	563
1267114403604	1	RECOG_FEEDBACK	1
1267114404312	0	RECOG_PRES	6	BROTHER	179	-999	P	1562
1267114406237	0	RECOG_CR_PRES	6	BROTHER	179	-999	P	486
1267114407070	1	RECOG_FEEDBACK	1
1267114407794	0	RECOG_PRES	6	COMEDIAN	352	-999	P	1522
1267114409687	0	RECOG_CR_PRES	6	COMEDIAN	352	-999	P	428
1267114410437	1	RECOG_FEEDBACK	1
1267114411187	0	RECOG_PRES	6	FACE	547	-999	P	1281
1267114412836	0	RECOG_CR_PRES	6	FACE	547	-999	P	503
1267114413678	1	RECOG_FEEDBACK	0
1267114414395	0	RECOG_PRES	6	INN	739	-999	P	1152
1267114415919	0	RECOG_CR_PRES	6	INN	739	-999	P	372
1267114416603	1	RECOG_FEEDBACK	1
1267114417378	0	RECOG_PRES	6	TAPIOCA	1434	-999	P	1322
1267114419070	0	RECOG_CR_PRES	6	TAPIOCA	1434	-999	P	389
1267114419802	1	RECOG_FEEDBACK	1
1267114420570	0	RECOG_PRES	6	TOASTER	1472	-999	P	1098
1267114422036	0	RECOG_CR_PRES	6	TOASTER	1472	-999	P	487
1267114422843	1	RECOG_FEEDBACK	1
1267114423561	0	RECOG_PRES	6	HOME	712	-999	P	1217
1267114425144	0	RECOG_CR_PRES	6	HOME	712	-999	P	460
1267114425926	1	RECOG_FEEDBACK	1
1267114426652	0	RECOG_PRES	6	SENATE	1267	-999	P	1135
1267114428152	0	RECOG_CR_PRES	6	SENATE	1267	-999	P	649
1267114429144	1	RECOG_FEEDBACK	1
1267114429884	0	RECOG_PRES	6	CELLAR	267	-999	P	1304
1267114431560	0	RECOG_CR_PRES	6	CELLAR	267	-999	P	547
1267114432460	1	RECOG_FEEDBACK	1
1267114433252	0	RECOG_PRES	6	CHIPMUNK	304	-999	P	1183
1267114434809	0	RECOG_CR_PRES	6	CHIPMUNK	304	-999	P	490
1267114435652	1	RECOG_FEEDBACK	1
1267114436452	0	RECOG_PRES	6	WATERFALL	1595	-999	P	1151
1267114437976	0	RECOG_CR_PRES	6	WATERFALL	1595	-999	P	563
1267114438884	1	RECOG_FEEDBACK	1
1267114439660	0	RECOG_PRES	6	PLAQUE	1084	-999	P	1103
1267114441126	0	RECOG_CR_PRES	6	PLAQUE	1084	-999	P	549
1267114441992	1	RECOG_FEEDBACK	1
1267114442718	0	RECOG_PRES	6	MUMMY	932	-999	P	1109
1267114444193	0	RECOG_CR_PRES	6	MUMMY	932	-999	P	530
1267114445034	1	RECOG_FEEDBACK	1
1267114445783	0	RECOG_PRES	6	EMERALD	528	-999	P	1229
1267114447384	0	RECOG_CR_PRES	6	EMERALD	528	-999	P	635
1267114448367	1	RECOG_FEEDBACK	1
1267114449109	0	RECOG_PRES	6	BARN	89	-999	P	1606
1267114451092	0	RECOG_CR_PRES	6	BARN	89	-999	P	503
1267114451958	1	RECOG_FEEDBACK	0
1267114452758	0	RECOG_PRES	6	GHETTO	633	-999	P	1197
1267114454317	0	RECOG_CR_PRES	6	GHETTO	633	-999	P	573
1267114455217	1	RECOG_FEEDBACK	1
1267114455949	0	RECOG_PRES	6	HOE	711	-999	P	1127
1267114457450	0	RECOG_CR_PRES	6	HOE	711	-999	P	754
1267114458525	1	RECOG_FEEDBACK	1
1267114459982	0	REST
1267114460948	1	REC_START
1267114460982	0	RECOG_PRES	7	BATHROOM	99	-999	P	1062
1267114462417	0	RECOG_CR_PRES	7	BATHROOM	99	-999	P	506
1267114463233	1	RECOG_FEEDBACK	0
1267114463982	0	RECOG_PRES	7	HERO	706	-999	P	1078
1267114465433	0	RECOG_CR_PRES	7	HERO	706	-999	P	627
1267114466358	1	RECOG_FEEDBACK	1
1267114467125	0	RECOG_PRES	7	CASH	252	-999	P	1094
1267114468591	0	RECOG_CR_PRES	7	CASH	252	-999	P	556
1267114469449	1	RECOG_FEEDBACK	0
1267114470216	0	RECOG_PRES	7	AWARD	63	-999	P	1076
1267114471666	0	RECOG_CR_PRES	7	AWARD	63	-999	P	449
1267114472449	1	RECOG_FEEDBACK	1
1267114473232	0	RECOG_PRES	7	TERRITORY	1452	-999	P	1092
1267114474699	0	RECOG_CR_PRES	7	TERRITORY	1452	-999	P	512
1267114475532	1	RECOG_FEEDBACK	1
1267114476324	0	RECOG_PRES	7	SAILOR	1223	-999	P	1103
1267114477798	0	RECOG_CR_PRES	7	SAILOR	1223	-999	P	525
1267114478657	1	RECOG_FEEDBACK	1
1267114479390	0	RECOG_PRES	7	FLEET	578	-999	P	1053
1267114480814	0	RECOG_CR_PRES	7	FLEET	578	-999	P	621
1267114481740	1	RECOG_FEEDBACK	1
1267114482532	0	RECOG_PRES	7	POWDER	1117	-999	P	1159
1267114484065	0	RECOG_CR_PRES	7	POWDER	1117	-999	P	562
1267114484956	1	RECOG_FEEDBACK	1
1267114485681	0	RECOG_PRES	7	STAFF	1365	-999	P	1258
1267114487306	0	RECOG_CR_PRES	7	STAFF	1365	-999	P	489
1267114488148	1	RECOG_FEEDBACK	0
1267114488905	0	RECOG_PRES	7	TUNNEL	1519	-999	P	1315
1267114490589	0	RECOG_CR_PRES	7	TUNNEL	1519	-999	P	641
1267114491564	1	RECOG_FEEDBACK	0
1267114492348	0	RECOG_PRES	7	ROBOT	1200	-999	P	2655
1267114495372	0	RECOG_CR_PRES	7	ROBOT	1200	-999	P	759
1267114496589	1	RECOG_FEEDBACK	1
1267114497306	0	RECOG_PRES	7	MARGARINE	868	-999	P	1146
1267114498821	0	RECOG_CR_PRES	7	MARGARINE	868	-999	P	678
1267114499821	1	RECOG_FEEDBACK	1
1267114500589	0	RECOG_PRES	7	BISON	131	-999	P	1182
1267114502139	0	RECOG_CR_PRES	7	BISON	131	-999	P	631
1267114503089	1	RECOG_FEEDBACK	1
1267114503804	0	RECOG_PRES	7	PIG	1064	-999	P	1174
1267114505347	0	RECOG_CR_PRES	7	PIG	1064	-999	P	599
1267114506272	1	RECOG_FEEDBACK	1
1267114507013	0	RECOG_PRES	7	DIVER	476	-999	P	1406
1267114508787	0	RECOG_CR_PRES	7	DIVER	476	-999	P	488
1267114509621	1	RECOG_FEEDBACK	1
1267114510413	0	RECOG_PRES	7	FRAGRANCE	599	-999	P	1150
1267114511937	0	RECOG_CR_PRES	7	FRAGRANCE	599	-999	P	530
1267114512795	1	RECOG_FEEDBACK	1
1267114513571	0	RECOG_PRES	7	TUBA	1515	-999	P	1160
1267114515096	0	RECOG_CR_PRES	7	TUBA	1515	-999	P	588
1267114516013	1	RECOG_FEEDBACK	1
1267114516753	0	RECOG_PRES	7	CLERK	321	-999	P	1242
1267114518362	0	RECOG_CR_PRES	7	CLERK	321	-999	P	465
1267114519162	1	RECOG_FEEDBACK	1
1267114519928	0	RECOG_PRES	7	HATCHET	691	-999	P	1100
1267114521404	0	RECOG_CR_PRES	7	HATCHET	691	-999	P	624
1267114522362	1	RECOG_FEEDBACK	1
1267114523112	0	RECOG_PRES	7	SNORKEL	1336	-999	P	1084
1267114524570	0	RECOG_CR_PRES	7	SNORKEL	1336	-999	P	641
1267114525579	1	RECOG_FEEDBACK	1
1267114532936	0	REST
1267114533825	1	REC_START
1267114533860	0	RECOG_PRES	8	REEF	1177	-999	P	1159
1267114535395	0	RECOG_CR_PRES	8	REEF	1177	-999	P	527
1267114536278	1	RECOG_FEEDBACK	1
1267114537061	0	RECOG_PRES	8	CHAUFFEUR	283	-999	P	1087
1267114538519	0	RECOG_CR_PRES	8	CHAUFFEUR	283	-999	P	556
1267114539411	1	RECOG_FEEDBACK	1
1267114540236	0	RECOG_PRES	8	LIGHTER	819	-999	P	1144
1267114541751	0	RECOG_CR_PRES	8	LIGHTER	819	-999	P	460
1267114542552	1	RECOG_FEEDBACK	1
1267114543344	0	RECOG_PRES	8	ATHLETE	52	-999	P	1108
1267114544826	0	RECOG_CR_PRES	8	ATHLETE	52	-999	P	682
1267114545851	1	RECOG_FEEDBACK	1
1267114546619	0	RECOG_PRES	8	SALMON	1227	-999	P	1128
1267114548110	0	RECOG_CR_PRES	8	SALMON	1227	-999	P	445
1267114548893	1	RECOG_FEEDBACK	0
1267114549644	0	RECOG_PRES	8	TANGERINE	1431	-999	P	1351
1267114551368	0	RECOG_CR_PRES	8	TANGERINE	1431	-999	P	506
1267114552202	1	RECOG_FEEDBACK	1
1267114552967	0	RECOG_PRES	8	TAIL	1430	-999	P	1205
1267114554543	0	RECOG_CR_PRES	8	TAIL	1430	-999	P	403
1267114555285	1	RECOG_FEEDBACK	1
1267114556076	0	RECOG_PRES	8	BOULDER	155	-999	P	1176
1267114557626	0	RECOG_CR_PRES	8	BOULDER	155	-999	P	474
1267114558435	1	RECOG_FEEDBACK	1
1267114559168	0	RECOG_PRES	8	CREW	406	-999	P	1092
1267114560634	0	RECOG_CR_PRES	8	CREW	406	-999	P	570
1267114561534	1	RECOG_FEEDBACK	1
1267114562243	0	RECOG_PRES	8	SIGNATURE	1306	-999	P	1073
1267114563692	0	RECOG_CR_PRES	8	SIGNATURE	1306	-999	P	568
1267114564584	1	RECOG_FEEDBACK	1
1267114565376	0	RECOG_PRES	8	COLOGNE	347	-999	P	1419
1267114567159	0	RECOG_CR_PRES	8	COLOGNE	347	-999	P	453
1267114567958	1	RECOG_FEEDBACK	1
1267114568717	0	RECOG_PRES	8	CRAYON	401	-999	P	1015
1267114570100	0	RECOG_CR_PRES	8	CRAYON	401	-999	P	576
1267114571000	1	RECOG_FEEDBACK	1
1267114571734	0	RECOG_PRES	8	BEEF	113	-999	P	1053
1267114573150	0	RECOG_CR_PRES	8	BEEF	113	-999	P	597
1267114574083	1	RECOG_FEEDBACK	1
1267114574857	0	RECOG_PRES	8	ALLEY	15	-999	P	1203
1267114576433	0	RECOG_CR_PRES	8	ALLEY	15	-999	P	627
1267114577425	1	RECOG_FEEDBACK	1
1267114578225	0	RECOG_PRES	8	WHEAT	1602	-999	P	995
1267114579591	0	RECOG_CR_PRES	8	WHEAT	1602	-999	P	641
1267114580600	1	RECOG_FEEDBACK	1
1267114581408	0	RECOG_PRES	8	CRICKET	408	-999	P	964
1267114582741	0	RECOG_CR_PRES	8	CRICKET	408	-999	P	591
1267114583674	1	RECOG_FEEDBACK	1
1267114584483	0	RECOG_PRES	8	TRAITOR	1495	-999	P	1241
1267114586099	0	RECOG_CR_PRES	8	TRAITOR	1495	-999	P	505
1267114586981	1	RECOG_FEEDBACK	1
1267114587773	0	RECOG_PRES	8	WAITRESS	1581	-999	P	982
1267114589132	0	RECOG_CR_PRES	8	WAITRESS	1581	-999	P	568
1267114590032	1	RECOG_FEEDBACK	0
1267114590756	0	RECOG_PRES	8	VESSEL	1558	-999	P	1392
1267114592524	0	RECOG_CR_PRES	8	VESSEL	1558	-999	P	592
1267114593474	1	RECOG_FEEDBACK	1
1267114594274	0	RECOG_PRES	8	MIRROR	899	-999	P	1210
1267114595856	0	RECOG_CR_PRES	8	MIRROR	899	-999	P	436
1267114596607	1	RECOG_FEEDBACK	1
1267114598115	0	REST
1267114599010	1	REC_START
1267114599040	0	RECOG_PRES	9	BAIT	70	-999	P	1364
1267114600772	0	RECOG_CR_PRES	9	BAIT	70	-999	P	503
1267114601590	1	RECOG_FEEDBACK	1
1267114602356	0	RECOG_PRES	9	BLACKBERRY	132	-999	P	1136
1267114603864	0	RECOG_CR_PRES	9	BLACKBERRY	132	-999	P	540
1267114604723	1	RECOG_FEEDBACK	1
1267114605448	0	RECOG_PRES	9	TRIANGLE	1504	-999	P	1044
1267114606863	0	RECOG_CR_PRES	9	TRIANGLE	1504	-999	P	556
1267114607755	1	RECOG_FEEDBACK	1
1267114608464	0	RECOG_PRES	9	CROW	414	-999	P	1498
1267114610331	0	RECOG_CR_PRES	9	CROW	414	-999	P	737
1267114611397	1	RECOG_FEEDBACK	1
1267114612164	0	RECOG_PRES	9	SLOPE	1328	-999	P	992
1267114613531	0	RECOG_CR_PRES	9	SLOPE	1328	-999	P	528
1267114614364	1	RECOG_FEEDBACK	1
1267114615114	0	RECOG_PRES	9	STRAW	1390	-999	P	905
1267114616389	0	RECOG_CR_PRES	9	STRAW	1390	-999	P	641
1267114617364	1	RECOG_FEEDBACK	1
1267114618097	0	RECOG_PRES	9	RICE	1190	-999	P	915
1267114619388	0	RECOG_CR_PRES	9	RICE	1190	-999	P	639
1267114620347	1	RECOG_FEEDBACK	1
1267114621147	0	RECOG_PRES	9	MARBLE	867	-999	P	1656
1267114623171	0	RECOG_CR_PRES	9	MARBLE	867	-999	P	401
1267114623954	1	RECOG_FEEDBACK	0
1267114624688	0	RECOG_PRES	9	FUR	615	-999	P	1436
1267114626496	0	RECOG_CR_PRES	9	FUR	615	-999	P	403
1267114627221	1	RECOG_FEEDBACK	1
1267114627953	0	RECOG_PRES	9	PUPIL	1143	-999	P	1379
1267114629704	0	RECOG_CR_PRES	9	PUPIL	1143	-999	P	531
1267114630579	1	RECOG_FEEDBACK	1
1267114631363	0	RECOG_PRES	9	APRON	35	-999	P	1105
1267114632836	0	RECOG_CR_PRES	9	APRON	35	-999	P	679
1267114633845	1	RECOG_FEEDBACK	1
1267114634571	0	RECOG_PRES	9	VENUS	1557	-999	P	937
1267114635878	0	RECOG_CR_PRES	9	VENUS	1557	-999	P	621
1267114636820	1	RECOG_FEEDBACK	1
1267114637554	0	RECOG_PRES	9	PISTON	1076	-999	P	993
1267114638919	0	RECOG_CR_PRES	9	PISTON	1076	-999	P	468
1267114639729	1	RECOG_FEEDBACK	1
1267114640487	0	RECOG_PRES	9	CLAW	319	-999	P	933
1267114641794	0	RECOG_CR_PRES	9	CLAW	319	-999	P	641
1267114642761	1	RECOG_FEEDBACK	1
1267114643537	0	RECOG_PRES	9	STOMACH	1384	-999	P	1155
1267114645062	0	RECOG_CR_PRES	9	STOMACH	1384	-999	P	605
1267114646012	1	RECOG_FEEDBACK	1
1267114646802	0	RECOG_PRES	9	SUPPER	1411	-999	P	1161
1267114648328	0	RECOG_CR_PRES	9	SUPPER	1411	-999	P	648
1267114649353	1	RECOG_FEEDBACK	1
1267114650070	0	RECOG_PRES	9	CAFE	216	-999	P	1070
1267114651511	0	RECOG_CR_PRES	9	CAFE	216	-999	P	589
1267114652428	1	RECOG_FEEDBACK	1
1267114653178	0	RECOG_PRES	9	TERMINAL	1450	-999	P	1170
1267114654719	0	RECOG_CR_PRES	9	TERMINAL	1450	-999	P	724
1267114655776	1	RECOG_FEEDBACK	1
1267114656519	0	RECOG_PRES	9	DELINQUENT	445	-999	P	1276
1267114658161	0	RECOG_CR_PRES	9	DELINQUENT	445	-999	P	530
1267114659044	1	RECOG_FEEDBACK	1
1267114659793	0	RECOG_PRES	9	TWEEZERS	1526	-999	P	1779
1267114661943	0	RECOG_CR_PRES	9	TWEEZERS	1526	-999	P	508
1267114662818	1	RECOG_FEEDBACK	1
1267114664302	0	REST
1267114665263	1	REC_START
1267114665293	0	RECOG_PRES	10	JET	756	-999	P	1494
1267114667152	0	RECOG_CR_PRES	10	JET	756	-999	P	540
1267114668043	1	RECOG_FEEDBACK	0
1267114668809	0	RECOG_PRES	10	MINER	896	-999	P	1178
1267114670351	0	RECOG_CR_PRES	10	MINER	896	-999	P	491
1267114671176	1	RECOG_FEEDBACK	1
1267114671984	0	RECOG_PRES	10	VASE	1549	-999	P	1292
1267114673651	0	RECOG_CR_PRES	10	VASE	1549	-999	P	465
1267114674443	1	RECOG_FEEDBACK	1
1267114675234	0	RECOG_PRES	10	OATMEAL	967	-999	P	938
1267114676543	0	RECOG_CR_PRES	10	OATMEAL	967	-999	P	613
1267114677476	1	RECOG_FEEDBACK	1
1267114678234	0	RECOG_PRES	10	YACHT	1629	-999	P	1569
1267114680167	0	RECOG_CR_PRES	10	YACHT	1629	-999	P	501
1267114680991	1	RECOG_FEEDBACK	1
1267114681750	0	RECOG_PRES	10	PERCH	1048	-999	P	974
1267114683092	0	RECOG_CR_PRES	10	PERCH	1048	-999	P	488
1267114683891	1	RECOG_FEEDBACK	1
1267114684675	0	RECOG_PRES	10	COCOON	339	-999	P	953
1267114686000	0	RECOG_CR_PRES	10	COCOON	339	-999	P	499
1267114686824	1	RECOG_FEEDBACK	1
1267114687617	0	RECOG_PRES	10	PARENT	1013	-999	P	1218
1267114689200	0	RECOG_CR_PRES	10	PARENT	1013	-999	P	492
1267114690017	1	RECOG_FEEDBACK	1
1267114690774	0	RECOG_PRES	10	MOSS	918	-999	P	1606
1267114692741	0	RECOG_CR_PRES	10	MOSS	918	-999	P	527
1267114693600	1	RECOG_FEEDBACK	0
1267114694316	0	RECOG_PRES	10	GODDESS	646	-999	P	1256
1267114695940	0	RECOG_CR_PRES	10	GODDESS	646	-999	P	487
1267114696782	1	RECOG_FEEDBACK	1
1267114697524	0	RECOG_PRES	10	JUNGLE	764	-999	P	1096
1267114698990	0	RECOG_CR_PRES	10	JUNGLE	764	-999	P	518
1267114699832	1	RECOG_FEEDBACK	1
1267114700574	0	RECOG_PRES	10	POPE	1105	-999	P	1221
1267114702157	0	RECOG_CR_PRES	10	POPE	1105	-999	P	534
1267114703016	1	RECOG_FEEDBACK	1
1267114703823	0	RECOG_PRES	10	WILDERNESS	1610	-999	P	1164
1267114705349	0	RECOG_CR_PRES	10	WILDERNESS	1610	-999	P	550
1267114706224	1	RECOG_FEEDBACK	1
1267114706989	0	RECOG_PRES	10	SAXOPHONE	1240	-999	P	1055
1267114708415	0	RECOG_CR_PRES	10	SAXOPHONE	1240	-999	P	476
1267114709215	1	RECOG_FEEDBACK	1
1267114709972	0	RECOG_PRES	10	PLATE	1086	-999	P	1056
1267114711398	0	RECOG_CR_PRES	10	PLATE	1086	-999	P	444
1267114712173	1	RECOG_FEEDBACK	1
1267114712972	0	RECOG_PRES	10	CROOK	412	-999	P	927
1267114714265	0	RECOG_CR_PRES	10	CROOK	412	-999	P	513
1267114715090	1	RECOG_FEEDBACK	1
1267114715839	0	RECOG_PRES	10	CONE	363	-999	P	924
1267114717140	0	RECOG_CR_PRES	10	CONE	363	-999	P	568
1267114718031	1	RECOG_FEEDBACK	1
1267114718814	0	RECOG_PRES	10	KNIGHT	786	-999	P	1061
1267114720239	0	RECOG_CR_PRES	10	KNIGHT	786	-999	P	516
1267114721081	1	RECOG_FEEDBACK	1
1267114721830	0	RECOG_PRES	10	SHELF	1280	-999	P	829
1267114723031	0	RECOG_CR_PRES	10	SHELF	1280	-999	P	565
1267114723913	1	RECOG_FEEDBACK	0
1267114724631	0	RECOG_PRES	10	BLOSSOM	138	-999	P	3101
1267114728097	0	RECOG_CR_PRES	10	BLOSSOM	138	-999	P	427
1267114729055	1	RECOG_FEEDBACK	1
1267114730647	0	REST
1267114731497	1	REC_START
1267114731530	0	RECOG_PRES	11	PRESIDENT	1121	-999	P	1890
1267114733787	0	RECOG_CR_PRES	11	PRESIDENT	1121	-999	P	401
1267114734530	1	RECOG_FEEDBACK	1
1267114735255	0	RECOG_PRES	11	GIRL	637	-999	P	1077
1267114736705	0	RECOG_CR_PRES	11	GIRL	637	-999	P	435
1267114737438	1	RECOG_FEEDBACK	1
1267114738172	0	RECOG_PRES	11	WALNUT	1584	-999	P	1064
1267114739605	0	RECOG_CR_PRES	11	WALNUT	1584	-999	P	471
1267114740396	1	RECOG_FEEDBACK	1
1267114741138	0	RECOG_PRES	11	PAVEMENT	1028	-999	P	1026
1267114742538	0	RECOG_CR_PRES	11	PAVEMENT	1028	-999	P	385
1267114743229	1	RECOG_FEEDBACK	1
1267114744038	0	RECOG_PRES	11	BULB	192	-999	P	974
1267114745388	0	RECOG_CR_PRES	11	BULB	192	-999	P	495
1267114746196	1	RECOG_FEEDBACK	1
1267114746995	0	RECOG_PRES	11	BALLOON	75	-999	P	1185
1267114748554	0	RECOG_CR_PRES	11	BALLOON	75	-999	P	441
1267114749337	1	RECOG_FEEDBACK	1
1267114750079	0	RECOG_PRES	11	ELBOW	520	-999	P	1076
1267114751529	0	RECOG_CR_PRES	11	ELBOW	520	-999	P	522
1267114752362	1	RECOG_FEEDBACK	1
1267114753129	0	RECOG_PRES	11	GENTLEMAN	631	-999	P	1051
1267114754554	0	RECOG_CR_PRES	11	GENTLEMAN	631	-999	P	490
1267114755354	1	RECOG_FEEDBACK	1
1267114756087	0	RECOG_PRES	11	SPIDER	1351	-999	P	956
1267114757420	0	RECOG_CR_PRES	11	SPIDER	1351	-999	P	559
1267114758295	1	RECOG_FEEDBACK	1
1267114759037	0	RECOG_PRES	11	BIKE	125	-999	P	958
1267114760370	0	RECOG_CR_PRES	11	BIKE	125	-999	P	449
1267114761128	1	RECOG_FEEDBACK	1
1267114761877	0	RECOG_PRES	11	BUCKET	184	-999	P	790
1267114763036	0	RECOG_CR_PRES	11	BUCKET	184	-999	P	591
1267114763927	1	RECOG_FEEDBACK	0
1267114764703	0	RECOG_PRES	11	LIEUTENANT	818	-999	P	1629
1267114766694	0	RECOG_CR_PRES	11	LIEUTENANT	818	-999	P	461
1267114767519	1	RECOG_FEEDBACK	1
1267114768319	0	RECOG_PRES	11	JUG	762	-999	P	1044
1267114769736	0	RECOG_CR_PRES	11	JUG	762	-999	P	468
1267114770536	1	RECOG_FEEDBACK	1
1267114771302	0	RECOG_PRES	11	PALM	1007	-999	P	1014
1267114772686	0	RECOG_CR_PRES	11	PALM	1007	-999	P	494
1267114773502	1	RECOG_FEEDBACK	1
1267114774269	0	RECOG_PRES	11	WIDOW	1608	-999	P	1959
1267114776602	0	RECOG_CR_PRES	11	WIDOW	1608	-999	P	393
1267114777385	1	RECOG_FEEDBACK	1
1267114778194	0	RECOG_PRES	11	ELM	527	-999	P	798
1267114779394	0	RECOG_CR_PRES	11	ELM	527	-999	P	521
1267114780218	1	RECOG_FEEDBACK	1
1267114781018	0	RECOG_PRES	11	FOREST	593	-999	P	1010
1267114782402	0	RECOG_CR_PRES	11	FOREST	593	-999	P	537
1267114783277	1	RECOG_FEEDBACK	1
1267114783992	0	RECOG_PRES	11	TOTE	1487	-999	P	963
1267114785318	0	RECOG_CR_PRES	11	TOTE	1487	-999	P	485
1267114786118	1	RECOG_FEEDBACK	1
1267114786892	0	RECOG_PRES	11	PORT	1110	-999	P	1168
1267114788435	0	RECOG_CR_PRES	11	PORT	1110	-999	P	536
1267114789318	1	RECOG_FEEDBACK	1
1267114790084	0	RECOG_PRES	11	MOTOR	922	-999	P	1072
1267114791526	0	RECOG_CR_PRES	11	MOTOR	922	-999	P	526
1267114792409	1	RECOG_FEEDBACK	1
1267114794118	0	REST
1267114795306	1	REC_START
1267114795342	0	RECOG_PRES	12	WASHER	1592	-999	P	1110
1267114796825	0	RECOG_CR_PRES	12	WASHER	1592	-999	P	499
1267114797642	1	RECOG_FEEDBACK	1
1267114798409	0	RECOG_PRES	12	HOUND	724	-999	P	971
1267114799758	0	RECOG_CR_PRES	12	HOUND	724	-999	P	454
1267114800534	1	RECOG_FEEDBACK	1
1267114801292	0	RECOG_PRES	12	HOSPITAL	721	-999	P	1080
1267114802733	0	RECOG_CR_PRES	12	HOSPITAL	721	-999	P	487
1267114803550	1	RECOG_FEEDBACK	1
1267114804283	0	RECOG_PRES	12	ACTOR	5	-999	P	1408
1267114806067	0	RECOG_CR_PRES	12	ACTOR	5	-999	P	385
1267114806799	1	RECOG_FEEDBACK	1
1267114807558	0	RECOG_PRES	12	ATTIC	56	-999	P	1614
1267114809541	0	RECOG_CR_PRES	12	ATTIC	56	-999	P	446
1267114810333	1	RECOG_FEEDBACK	1
1267114811141	0	RECOG_PRES	12	COIN	343	-999	P	1047
1267114812549	0	RECOG_CR_PRES	12	COIN	343	-999	P	479
1267114813366	1	RECOG_FEEDBACK	1
1267114814116	0	RECOG_PRES	12	DETERGENT	455	-999	P	1024
1267114815516	0	RECOG_CR_PRES	12	DETERGENT	455	-999	P	504
1267114816341	1	RECOG_FEEDBACK	1
1267114817141	0	RECOG_PRES	12	TWISTER	1530	-999	P	1071
1267114818582	0	RECOG_CR_PRES	12	TWISTER	1530	-999	P	750
1267114819674	1	RECOG_FEEDBACK	0
1267114820449	0	RECOG_PRES	12	TUXEDO	1525	-999	P	1402
1267114822215	0	RECOG_CR_PRES	12	TUXEDO	1525	-999	P	532
1267114823065	1	RECOG_FEEDBACK	1
1267114823823	0	RECOG_PRES	12	MILDEW	893	-999	P	1092
1267114825282	0	RECOG_CR_PRES	12	MILDEW	893	-999	P	521
1267114826115	1	RECOG_FEEDBACK	1
1267114826889	0	RECOG_PRES	12	SQUIRREL	1362	-999	P	1018
1267114828273	0	RECOG_CR_PRES	12	SQUIRREL	1362	-999	P	514
1267114829107	1	RECOG_FEEDBACK	1
1267114829864	0	RECOG_PRES	12	DUNGEON	507	-999	P	907
1267114831140	0	RECOG_CR_PRES	12	DUNGEON	507	-999	P	568
1267114832006	1	RECOG_FEEDBACK	1
1267114832772	0	RECOG_PRES	12	GROCERIES	663	-999	P	2023
1267114835156	0	RECOG_CR_PRES	12	GROCERIES	663	-999	P	416
1267114835930	1	RECOG_FEEDBACK	1
1267114836639	0	RECOG_PRES	12	GUARDIAN	668	-999	P	1037
1267114838048	0	RECOG_CR_PRES	12	GUARDIAN	668	-999	P	443
1267114838830	1	RECOG_FEEDBACK	0
1267114839548	0	RECOG_PRES	12	HOUSE	725	-999	P	1000
1267114840921	0	RECOG_CR_PRES	12	HOUSE	725	-999	P	419
1267114841656	1	RECOG_FEEDBACK	1
1267114842389	0	RECOG_PRES	12	ROACH	1195	-999	P	1079
1267114843838	0	RECOG_CR_PRES	12	ROACH	1195	-999	P	430
1267114844605	1	RECOG_FEEDBACK	1
1267114845372	0	RECOG_PRES	12	DRIVER	499	-999	P	1000
1267114846746	0	RECOG_CR_PRES	12	DRIVER	499	-999	P	450
1267114847539	1	RECOG_FEEDBACK	1
1267114848339	0	RECOG_PRES	12	OX	994	-999	P	1049
1267114849762	0	RECOG_CR_PRES	12	OX	994	-999	P	434
1267114850538	1	RECOG_FEEDBACK	1
1267114851255	0	RECOG_PRES	12	SAND	1230	-999	P	1053
1267114852680	0	RECOG_CR_PRES	12	SAND	1230	-999	P	468
1267114853471	1	RECOG_FEEDBACK	0
1267114854230	0	RECOG_PRES	12	TORCH	1484	-999	P	1222
1267114855820	0	RECOG_CR_PRES	12	TORCH	1484	-999	P	408
1267114856555	1	RECOG_FEEDBACK	0
1267114858246	0	REST
1267114859058	1	REC_START
1267114859088	0	RECOG_PRES	13	HAIL	676	-999	P	1412
1267114860870	0	RECOG_CR_PRES	13	HAIL	676	-999	P	446
1267114861638	1	RECOG_FEEDBACK	1
1267114862438	0	RECOG_PRES	13	ANTENNA	28	-999	P	902
1267114863712	0	RECOG_CR_PRES	13	ANTENNA	28	-999	P	428
1267114864446	1	RECOG_FEEDBACK	1
1267114865254	0	RECOG_PRES	13	BOWL	158	-999	P	1038
1267114866662	0	RECOG_CR_PRES	13	BOWL	158	-999	P	358
1267114867354	1	RECOG_FEEDBACK	1
1267114868079	0	RECOG_PRES	13	ELF	525	-999	P	812
1267114869254	0	RECOG_CR_PRES	13	ELF	525	-999	P	525
1267114870087	1	RECOG_FEEDBACK	1
1267114870903	0	RECOG_PRES	13	HINGE	709	-999	P	948
1267114872212	0	RECOG_CR_PRES	13	HINGE	709	-999	P	464
1267114872994	1	RECOG_FEEDBACK	1
1267114873794	0	RECOG_PRES	13	VAGRANT	1544	-999	P	2514
1267114876678	0	RECOG_CR_PRES	13	VAGRANT	1544	-999	P	398
1267114877420	1	RECOG_FEEDBACK	0
1267114878203	0	RECOG_PRES	13	ZOO	1637	-999	P	945
1267114879520	0	RECOG_CR_PRES	13	ZOO	1637	-999	P	516
1267114880353	1	RECOG_FEEDBACK	1
1267114881111	0	RECOG_PRES	13	OUTFIT	988	-999	P	1173
1267114882653	0	RECOG_CR_PRES	13	OUTFIT	988	-999	P	375
1267114883378	1	RECOG_FEEDBACK	1
1267114884153	0	RECOG_PRES	13	WARDROBE	1587	-999	P	1011
1267114885544	0	RECOG_CR_PRES	13	WARDROBE	1587	-999	P	427
1267114886286	1	RECOG_FEEDBACK	1
1267114887061	0	RECOG_PRES	13	TWIG	1527	-999	P	1207
1267114888644	0	RECOG_CR_PRES	13	TWIG	1527	-999	P	448
1267114889419	1	RECOG_FEEDBACK	1
1267114890136	0	RECOG_PRES	13	VEAL	1551	-999	P	811
1267114891310	0	RECOG_CR_PRES	13	VEAL	1551	-999	P	533
1267114892135	1	RECOG_FEEDBACK	1
1267114892851	0	RECOG_PRES	13	VEHICLE	1553	-999	P	1585
1267114894809	0	RECOG_CR_PRES	13	VEHICLE	1553	-999	P	403
1267114895535	1	RECOG_FEEDBACK	1
1267114896268	0	RECOG_PRES	13	CREVICE	405	-999	P	1152
1267114897792	0	RECOG_CR_PRES	13	CREVICE	405	-999	P	452
1267114898560	1	RECOG_FEEDBACK	1
1267114899360	0	RECOG_PRES	13	MOON	914	-999	P	1324
1267114901051	0	RECOG_CR_PRES	13	MOON	914	-999	P	488
1267114901875	1	RECOG_FEEDBACK	0
1267114902618	0	RECOG_PRES	13	LINEN	825	-999	P	1249
1267114904234	0	RECOG_CR_PRES	13	LINEN	825	-999	P	513
1267114905068	1	RECOG_FEEDBACK	1
1267114905850	0	RECOG_PRES	13	GOOSE	649	-999	P	937
1267114907151	0	RECOG_CR_PRES	13	GOOSE	649	-999	P	381
1267114907842	1	RECOG_FEEDBACK	1
1267114908584	0	RECOG_PRES	13	POPCORN	1104	-999	P	1004
1267114909958	0	RECOG_CR_PRES	13	POPCORN	1104	-999	P	341
1267114910609	1	RECOG_FEEDBACK	1
1267114911326	0	RECOG_PRES	13	TIMBER	1469	-999	P	891
1267114912617	0	RECOG_CR_PRES	13	TIMBER	1469	-999	P	378
1267114913309	1	RECOG_FEEDBACK	1
1267114914092	0	RECOG_PRES	13	PAGE	1001	-999	P	1216
1267114915684	0	RECOG_CR_PRES	13	PAGE	1001	-999	P	360
1267114916367	1	RECOG_FEEDBACK	1
1267114917109	0	RECOG_PRES	13	CHEEK	287	-999	P	927
1267114918408	0	RECOG_CR_PRES	13	CHEEK	287	-999	P	475
1267114919192	1	RECOG_FEEDBACK	1
1267114925233	0	REST
1267114926113	1	REC_START
1267114926150	0	RECOG_PRES	14	HOSTAGE	722	-999	P	1182
1267114927708	0	RECOG_CR_PRES	14	HOSTAGE	722	-999	P	295
1267114928341	1	RECOG_FEEDBACK	1
1267114929066	0	RECOG_PRES	14	CANOE	233	-999	P	761
1267114930191	0	RECOG_CR_PRES	14	CANOE	233	-999	P	237
1267114930707	1	RECOG_FEEDBACK	1
1267114931449	0	RECOG_PRES	14	TOOL	1480	-999	P	1034
1267114932856	0	RECOG_CR_PRES	14	TOOL	1480	-999	P	260
1267114933449	1	RECOG_FEEDBACK	0
1267114934199	0	RECOG_PRES	14	MERMAID	887	-999	P	893
1267114935466	0	RECOG_CR_PRES	14	MERMAID	887	-999	P	313
1267114936082	1	RECOG_FEEDBACK	1
1267114936881	0	RECOG_PRES	14	THUMB	1462	-999	P	763
1267114938015	0	RECOG_CR_PRES	14	THUMB	1462	-999	P	237
1267114938540	1	RECOG_FEEDBACK	1
1267114939265	0	RECOG_PRES	14	SLUG	1329	-999	P	874
1267114940540	0	RECOG_CR_PRES	14	SLUG	1329	-999	P	415
1267114941248	1	RECOG_FEEDBACK	1
1267114942015	0	RECOG_PRES	14	PECAN	1036	-999	P	956
1267114943340	0	RECOG_CR_PRES	14	PECAN	1036	-999	P	487
1267114944140	1	RECOG_FEEDBACK	1
1267114944864	0	RECOG_PRES	14	ANTEATER	26	-999	P	851
1267114946081	0	RECOG_CR_PRES	14	ANTEATER	26	-999	P	338
1267114946723	1	RECOG_FEEDBACK	1
1267114947440	0	RECOG_PRES	14	SLEEVE	1324	-999	P	860
1267114948673	0	RECOG_CR_PRES	14	SLEEVE	1324	-999	P	379
1267114949356	1	RECOG_FEEDBACK	0
1267114950148	0	RECOG_PRES	14	BUSH	202	-999	P	711
1267114951223	0	RECOG_CR_PRES	14	BUSH	202	-999	P	261
1267114951772	1	RECOG_FEEDBACK	1
1267114952548	0	RECOG_PRES	14	GULL	671	-999	P	2952
1267114955871	0	RECOG_CR_PRES	14	GULL	671	-999	P	365
1267114956639	1	RECOG_FEEDBACK	1
1267114957406	0	RECOG_PRES	14	FORT	595	-999	P	1150
1267114958930	0	RECOG_CR_PRES	14	FORT	595	-999	P	266
1267114959514	1	RECOG_FEEDBACK	1
1267114960305	0	RECOG_PRES	14	CITY	314	-999	P	1690
1267114962372	0	RECOG_CR_PRES	14	CITY	314	-999	P	336
1267114963039	1	RECOG_FEEDBACK	1
1267114963788	0	RECOG_PRES	14	BOARD	143	-999	P	967
1267114965122	0	RECOG_CR_PRES	14	BOARD	143	-999	P	369
1267114965804	1	RECOG_FEEDBACK	0
1267114966547	0	RECOG_PRES	14	BACON	67	-999	P	841
1267114967762	0	RECOG_CR_PRES	14	BACON	67	-999	P	338
1267114968355	1	RECOG_FEEDBACK	-1
1267114969121	0	RECOG_PRES	14	DINER	467	-999	P	1883
1267114971380	0	RECOG_CR_PRES	14	DINER	467	-999	P	375
1267114972146	1	RECOG_FEEDBACK	1
1267114972953	0	RECOG_PRES	14	SKI	1316	-999	P	1059
1267114974388	0	RECOG_CR_PRES	14	SKI	1316	-999	P	320
1267114975013	1	RECOG_FEEDBACK	0
1267114975738	0	RECOG_PRES	14	SHORE	1291	-999	P	946
1267114977054	0	RECOG_CR_PRES	14	SHORE	1291	-999	P	413
1267114977770	1	RECOG_FEEDBACK	0
1267114978554	0	RECOG_PRES	14	LIST	830	-999	P	786
1267114979712	0	RECOG_CR_PRES	14	LIST	830	-999	P	427
1267114980446	1	RECOG_FEEDBACK	1
1267114981246	0	RECOG_PRES	14	BASSINET	97	-999	P	1070
1267114982687	0	RECOG_CR_PRES	14	BASSINET	97	-999	P	308
1267114983312	1	RECOG_FEEDBACK	1
1267114984994	0	REST
1267114986000	1	REC_START
1267114986037	0	RECOG_PRES	15	LEOPARD	812	-999	P	1958
1267114988370	0	RECOG_CR_PRES	15	LEOPARD	812	-999	P	282
1267114989003	1	RECOG_FEEDBACK	0
1267114989720	0	RECOG_PRES	15	SKATE	1313	-999	P	1051
1267114991137	0	RECOG_CR_PRES	15	SKATE	1313	-999	P	275
1267114991711	1	RECOG_FEEDBACK	1
1267114992478	0	RECOG_PRES	15	SKUNK	1321	-999	P	934
1267114993785	0	RECOG_CR_PRES	15	SKUNK	1321	-999	P	169
1267114994261	1	RECOG_FEEDBACK	1
1267114995028	0	RECOG_PRES	15	CLAM	315	-999	P	799
1267114996195	0	RECOG_CR_PRES	15	CLAM	315	-999	P	193
1267114996686	1	RECOG_FEEDBACK	1
1267114997436	0	RECOG_PRES	15	NERVE	944	-999	P	904
1267114998711	0	RECOG_CR_PRES	15	NERVE	944	-999	P	236
1267114999253	1	RECOG_FEEDBACK	1
1267115000061	0	RECOG_PRES	15	AMBULANCE	19	-999	P	1375
1267115001810	0	RECOG_CR_PRES	15	AMBULANCE	19	-999	P	234
1267115002377	1	RECOG_FEEDBACK	1
1267115003111	0	RECOG_PRES	15	SPONGE	1355	-999	P	820
1267115004294	0	RECOG_CR_PRES	15	SPONGE	1355	-999	P	198
1267115004784	1	RECOG_FEEDBACK	1
1267115005569	0	RECOG_PRES	15	HAND	683	-999	P	1603
1267115007544	0	RECOG_CR_PRES	15	HAND	683	-999	P	251
1267115008160	1	RECOG_FEEDBACK	1
1267115008901	0	RECOG_PRES	15	PORK	1108	-999	P	1022
1267115010285	0	RECOG_CR_PRES	15	PORK	1108	-999	P	239
1267115010809	1	RECOG_FEEDBACK	1
1267115011560	0	RECOG_PRES	15	CATERPILLAR	259	-999	P	964
1267115012892	0	RECOG_CR_PRES	15	CATERPILLAR	259	-999	P	264
1267115013452	1	RECOG_FEEDBACK	1
1267115014202	0	RECOG_PRES	15	PIRATE	1074	-999	P	978
1267115015551	0	RECOG_CR_PRES	15	PIRATE	1074	-999	P	212
1267115016068	1	RECOG_FEEDBACK	1
1267115016784	0	RECOG_PRES	15	BLADE	134	-999	P	1139
1267115018285	0	RECOG_CR_PRES	15	BLADE	134	-999	P	247
1267115018858	1	RECOG_FEEDBACK	1
1267115019609	0	RECOG_PRES	15	COMMITTEE	355	-999	P	1035
1267115021018	0	RECOG_CR_PRES	15	COMMITTEE	355	-999	P	210
1267115021534	1	RECOG_FEEDBACK	1
1267115022259	0	RECOG_PRES	15	SPACE	1345	-999	P	1544
1267115024167	0	RECOG_CR_PRES	15	SPACE	1345	-999	P	221
1267115024717	1	RECOG_FEEDBACK	0
1267115025476	0	RECOG_PRES	15	BOOTH	151	-999	P	968
1267115026816	0	RECOG_CR_PRES	15	BOOTH	151	-999	P	179
1267115027301	1	RECOG_FEEDBACK	1
1267115028084	0	RECOG_PRES	15	VINE	1568	-999	P	992
1267115029450	0	RECOG_CR_PRES	15	VINE	1568	-999	P	162
1267115029924	1	RECOG_FEEDBACK	1
1267115030675	0	RECOG_PRES	15	LANDSCAPE	799	-999	P	913
1267115031958	0	RECOG_CR_PRES	15	LANDSCAPE	799	-999	P	254
1267115032517	1	RECOG_FEEDBACK	1
1267115033258	0	RECOG_PRES	15	PITCHFORK	1078	-999	P	1170
1267115034799	0	RECOG_CR_PRES	15	PITCHFORK	1078	-999	P	341
1267115035458	1	RECOG_FEEDBACK	1
1267115036250	0	RECOG_PRES	15	CAT	257	-999	P	1657
1267115038275	0	RECOG_CR_PRES	15	CAT	257	-999	P	361
1267115038965	1	RECOG_FEEDBACK	1
1267115039749	0	RECOG_PRES	15	LAUNDRY	803	-999	P	927
1267115041050	0	RECOG_CR_PRES	15	LAUNDRY	803	-999	P	258
1267115041591	1	RECOG_FEEDBACK	0
1267115042351	0	RECOG_END
1267115043358	0	SESS_END
1267115043401	0	E	Logging Ends
