1270217655107	0	B	Logging Begins
1270217697786	0	START
1270217697810	1	PROB	'2 + 3 + 9 = '	'14'	1	2095	1
1270217699934	1	PROB	'4 + 1 + 9 = '	'14'	1	1042	1
1270217701010	1	PROB	'4 + 3 + 7 = '	'14'	1	1015	1
1270217702060	1	PROB	'4 + 9 + 5 = '	'18'	1	1677	1
1270217703768	1	PROB	'9 + 7 + 6 = '	'22'	1	2168	1
1270217705967	1	PROB	'5 + 8 + 2 = '	'15'	1	1242	1
1270217707243	1	PROB	'6 + 3 + 1 = '	'10'	1	1230	1
1270217708510	1	PROB	'5 + 8 + 3 = '	'16'	1	1587	1
1270217710134	1	PROB	'5 + 7 + 6 = '	'18'	1	1451	1
1270217711618	1	PROB	'7 + 7 + 4 = '	'18'	1	1415	1
1270217713068	1	PROB	'9 + 5 + 4 = '	'18'	1	1253	1
1270217714359	1	PROB	'6 + 1 + 5 = '	'12'	1	1186	1
1270217715584	1	PROB	'2 + 9 + 3 = '	'14'	1	1392	1
1270217716976	0	STOP
1270217775530	0	START
1270217777038	1	PROB	'4 + 7 + 1 = '	'12'	1	1555	1
1270217778629	1	PROB	'8 + 1 + 7 = '	'16'	1	1884	1
1270217780546	1	PROB	'9 + 2 + 6 = '	'17'	1	1767	1
1270217782313	0	STOP
1270217787721	0	START
1270217788912	1	PROB	'7 + 5 + 9 = '	'21'	1	1585	1
1270217790529	1	PROB	'9 + 8 + 8 = '	'25'	1	2168	1
1270217792728	1	PROB	'3 + 8 + 9 = '	'20'	1	1337	1
1270217795721	0	STOP
1270217799927	0	START
1270217800811	1	PROB	'3 + 3 + 5 = '	'11'	1	1262	1
1270217802103	1	PROB	'3 + 9 + 5 = '	'17'	1	1730	1
1270217803869	1	PROB	'3 + 6 + 2 = '	'11'	1	1796	1
1270217805702	1	PROB	'9 + 5 + 4 = '	'18'	1	1179	1
1270217806881	0	STOP
1270217812094	0	START
1270217813119	1	PROB	'5 + 4 + 7 = '	'16'	1	1322	1
1270217814477	1	PROB	'2 + 5 + 9 = '	'16'	1	1204	1
1270217815718	1	PROB	'3 + 2 + 8 = '	'13'	1	2579	1
1270217818335	1	PROB	'5 + 9 + 9 = '	'23'	1	1586	1
1270217819921	0	STOP
1270217824001	0	START
1270217825151	1	PROB	'5 + 3 + 9 = '	'17'	1	1442	1
1270217826626	1	PROB	'7 + 9 + 4 = '	'20'	1	1318	1
1270217827983	1	PROB	'6 + 5 + 8 = '	'19'	1	1194	1
1270217829209	1	PROB	'4 + 6 + 2 = '	'12'	1	1216	1
1270217830459	1	PROB	'3 + 1 + 2 = '	'6'	1	854	1
1270217831313	0	STOP
1270217836101	0	START
1270217837108	1	PROB	'1 + 3 + 6 = '	'10'	1	1541	1
1270217838683	1	PROB	'6 + 1 + 2 = '	'9'	1	1350	1
1270217840067	1	PROB	'2 + 6 + 5 = '	'13'	1	1614	1
1270217841716	1	PROB	'9 + 5 + 1 = '	'15'	1	1109	1
1270217842825	0	STOP
1270217848125	0	START
1270217849216	1	PROB	'7 + 6 + 8 = '	'21'	1	2017	1
1270217851266	1	PROB	'7 + 5 + 7 = '	'19'	1	2031	1
1270217853332	1	PROB	'1 + 3 + 8 = '	'12'	1	1301	1
1270217854633	0	STOP
1270217860249	0	START
1270217861240	1	PROB	'2 + 5 + 4 = '	'11'	1	2209	1
1270217863481	1	PROB	'4 + 8 + 3 = '	'15'	1	1511	1
1270217865031	1	PROB	'3 + 3 + 2 = '	'8'	1	1266	1
1270217866331	1	PROB	'8 + 7 + 5 = '	'20'	1	1702	1
1270217868033	0	STOP
1270217872181	0	START
1270217873322	1	PROB	'2 + 9 + 2 = '	'13'	1	1654	1
1270217875014	1	PROB	'5 + 5 + 5 = '	'15'	1	843	1
1270217875889	1	PROB	'6 + 1 + 9 = '	'16'	1	1408	1
1270217877330	1	PROB	'3 + 9 + 9 = '	'21'	1	1646	1
1270217878976	0	STOP
1270217884072	0	START
1270217885213	1	PROB	'4 + 6 + 6 = '	'16'	1	1300	1
1270217886546	1	PROB	'9 + 5 + 8 = '	'22'	1	2007	1
1270217888588	1	PROB	'6 + 1 + 6 = '	'13'	1	1557	1
1270217892072	0	STOP
1270217896030	0	START
1270217896887	1	PROB	'6 + 5 + 2 = '	'13'	1	1642	1
1270217898562	1	PROB	'9 + 1 + 3 = '	'13'	1	1159	1
1270217899754	1	PROB	'9 + 2 + 7 = '	'18'	1	2375	1
1270217904030	0	STOP
1270217907978	0	START
1270217909053	1	PROB	'5 + 1 + 8 = '	'14'	1	1420	1
1270217910511	1	PROB	'8 + 3 + 6 = '	'17'	1	1858	1
1270217912403	1	PROB	'1 + 7 + 6 = '	'14'	1	1718	1
1270217914153	1	PROB	'8 + 5 + 4 = '	'17'	1	1368	1
1270217915521	0	STOP
1270217920153	0	START
1270217921119	1	PROB	'8 + 2 + 2 = '	'14'	0	2770	1
1270217923926	1	PROB	'3 + 5 + 2 = '	'10'	1	2715	1
1270217926641	0	STOP
1270217932219	0	START
1270217933260	1	PROB	'9 + 6 + 6 = '	'21'	1	2077	1
1270217935376	1	PROB	'9 + 8 + 2 = '	'19'	1	1616	1
1270217937026	1	PROB	'3 + 4 + 5 = '	'12'	1	2671	1
1270217939697	0	STOP
1270217944268	0	START
1270217945192	1	PROB	'8 + 2 + 3 = '	'13'	1	1257	1
1270217946484	1	PROB	'4 + 5 + 1 = '	'10'	1	1021	1
1270217947542	1	PROB	'1 + 6 + 2 = '	'9'	1	1107	1
1270217948683	1	PROB	'3 + 8 + 2 = '	'13'	1	2118	1
1270217950801	0	STOP
1270217956167	0	START
1270217957291	1	PROB	'6 + 2 + 5 = '	'13'	1	1398	1
1270217958724	1	PROB	'5 + 9 + 9 = '	'23'	1	1733	1
1270217960491	1	PROB	'7 + 1 + 2 = '	'10'	1	1406	1
1270217961932	1	PROB	'8 + 5 + 2 = '	'15'	1	1349	1
1270217963281	0	STOP
1270217968324	0	START
1270217969407	1	PROB	'6 + 4 + 7 = '	'17'	1	1154	1
1270217970599	1	PROB	'9 + 5 + 2 = '	'16'	1	1930	1
1270217972565	1	PROB	'9 + 6 + 8 = '	'23'	1	2100	1
1270217974698	1	PROB	'1 + 7 + 4 = '	'12'	1	1407	1
1270217976105	0	STOP
1270218119713	0	START
1270218120696	1	PROB	'7 + 6 + 5 = '	'18'	1	1633	1
1270218122362	1	PROB	'4 + 8 + 7 = '	'19'	1	2103	1
1270218124504	1	PROB	'4 + 6 + 9 = '	'19'	1	1169	1
1270218125712	1	PROB	'1 + 2 + 4 = '	'7'	1	1577	1
1270218127289	0	STOP
1270218271394	0	START
1270218272201	1	PROB	'3 + 2 + 7 = '	'12'	1	2112	1
1270218274351	1	PROB	'5 + 4 + 2 = '	'11'	1	1810	1
1270218276193	1	PROB	'3 + 9 + 8 = '	'20'	1	1592	1
1270218277818	1	PROB	'9 + 6 + 9 = '	'24'	1	2263	1
1270218280118	1	PROB	'3 + 4 + 3 = '	'10'	1	2667	1
1270218282817	1	PROB	'4 + 9 + 8 = '	'21'	1	2584	1
1270218287392	0	STOP
1270218371128	0	START
1270218372636	1	PROB	'4 + 5 + 5 = '	'14'	1	1653	1
1270218374327	1	PROB	'9 + 8 + 2 = '	'19'	1	1538	1
1270218375902	1	PROB	'3 + 1 + 6 = '	'10'	1	1082	1
1270218377019	1	PROB	'1 + 7 + 5 = '	'13'	1	1126	1
1270218378185	1	PROB	'3 + 8 + 4 = '	'15'	1	1264	1
1270218379485	1	PROB	'7 + 5 + 5 = '	'17'	1	1069	1
1270218380585	1	PROB	'5 + 7 + 6 = '	'18'	1	1632	1
1270218382252	1	PROB	'9 + 3 + 7 = '	'19'	1	1085	1
1270218383377	1	PROB	'4 + 5 + 8 = '	'17'	1	3272	1
1270218386649	0	STOP
1270218391277	0	START
1270218392284	1	PROB	'8 + 9 + 6 = '	'23'	1	2684	1
1270218395001	1	PROB	'2 + 5 + 6 = '	'11'	0	1991	1
1270218397026	1	PROB	'4 + 7 + 5 = '	'16'	1	1958	1
1270218399017	1	PROB	'6 + 1 + 6 = '	'13'	1	1424	1
1270218400475	1	PROB	'5 + 2 + 4 = '	'11'	1	1726	1
1270218402234	1	PROB	'3 + 9 + 3 = '	'15'	1	1679	1
1270218403949	1	PROB	'7 + 6 + 1 = '	'14'	1	1092	1
1270218405075	1	PROB	'9 + 1 + 5 = '	'15'	1	1078	1
1270218406153	0	STOP
1270218411108	0	START
1270218412008	1	PROB	'9 + 4 + 5 = '	'18'	1	1417	1
1270218413458	1	PROB	'7 + 2 + 2 = '	'11'	1	1247	1
1270218414741	1	PROB	'8 + 7 + 4 = '	'19'	1	1908	1
1270218416683	1	PROB	'7 + 7 + 9 = '	'23'	1	2206	1
1270218418923	1	PROB	'7 + 6 + 5 = '	'18'	1	1430	1
1270218420391	1	PROB	'8 + 2 + 8 = '	'18'	1	1322	1
1270218421749	1	PROB	'7 + 4 + 9 = '	'20'	1	2300	1
1270218424082	1	PROB	'4 + 8 + 7 = '	'19'	1	1183	1
1270218427108	0	STOP
1270218431274	0	START
1270218432381	1	PROB	'4 + 4 + 4 = '	'12'	1	1516	1
1270218433930	1	PROB	'4 + 2 + 9 = '	'15'	1	1431	1
1270218435398	1	PROB	'2 + 1 + 9 = '	'12'	1	1683	1
1270218437114	1	PROB	'3 + 7 + 8 = '	'18'	1	983	1
1270218438131	1	PROB	'8 + 6 + 6 = '	'20'	1	1606	1
1270218439773	1	PROB	'5 + 6 + 1 = '	'12'	1	1844	1
1270218441656	1	PROB	'9 + 1 + 2 = '	'12'	1	1497	1
1270218443189	1	PROB	'8 + 5 + 5 = '	'18'	1	1196	1
1270218444422	1	PROB	'3 + 8 + 8 = '	'19'	1	1867	1
1270218446289	0	STOP
1270218451330	0	START
1270218452297	1	PROB	'8 + 5 + 4 = '	'17'	1	1679	1
1270218454013	1	PROB	'5 + 6 + 5 = '	'16'	1	1188	1
1270218455246	1	PROB	'2 + 8 + 5 = '	'15'	1	1107	1
1270218456396	1	PROB	'4 + 9 + 7 = '	'20'	1	2053	1
1270218458496	1	PROB	'1 + 3 + 6 = '	'10'	1	1129	1
1270218459671	1	PROB	'4 + 8 + 9 = '	'21'	1	1650	1
1270218461371	1	PROB	'9 + 2 + 3 = '	'14'	1	1286	1
1270218462704	1	PROB	'1 + 2 + 2 = '	'5'	1	1193	1
1270218463945	1	PROB	'1 + 4 + 5 = '	'10'	1	1128	1
1270218465121	1	PROB	'1 + 5 + 6 = '	'12'	1	1776	1
1270218466897	0	STOP
1270218471196	0	START
1270218472145	1	PROB	'7 + 4 + 9 = '	'20'	1	1672	1
1270218473862	1	PROB	'8 + 7 + 2 = '	'17'	1	1395	1
1270218475303	1	PROB	'4 + 2 + 3 = '	'9'	1	1714	1
1270218477053	1	PROB	'1 + 4 + 4 = '	'9'	1	1068	1
1270218478161	1	PROB	'2 + 7 + 7 = '	'16'	1	2200	1
1270218480411	1	PROB	'2 + 6 + 5 = '	'13'	1	1654	1
1270218482103	1	PROB	'6 + 5 + 7 = '	'18'	1	1338	1
1270218483478	1	PROB	'6 + 9 + 4 = '	'19'	1	2683	1
1270218486161	0	STOP
1270218491036	0	START
1270218492094	1	PROB	'4 + 9 + 9 = '	'22'	1	1874	1
1270218494010	1	PROB	'1 + 9 + 5 = '	'15'	1	999	1
1270218495043	1	PROB	'8 + 8 + 9 = '	'25'	1	3526	1
1270218498618	1	PROB	'4 + 5 + 1 = '	'10'	1	1543	1
1270218500201	1	PROB	'8 + 7 + 8 = '	'23'	1	3136	1
1270218503385	1	PROB	'7 + 1 + 1 = '	'9'	1	872	1
1270218504301	1	PROB	'1 + 6 + 6 = '	'13'	1	1108	1
1270218505451	1	PROB	'1 + 8 + 5 = '	'14'	1	1493	1
1270218506944	0	STOP
1270218510950	0	START
1270218511834	1	PROB	'8 + 6 + 8 = '	'22'	1	2351	1
1270218514234	1	PROB	'5 + 8 + 9 = '	'22'	1	2807	1
1270218517084	1	PROB	'2 + 2 + 4 = '	'8'	1	1357	1
1270218518483	1	PROB	'2 + 9 + 7 = '	'18'	1	2230	1
1270218520750	1	PROB	'5 + 8 + 4 = '	'17'	1	1987	1
1270218522783	1	PROB	'4 + 8 + 1 = '	'13'	1	1322	1
1270218524150	1	PROB	'1 + 3 + 7 = '	'11'	1	1307	1
1270218525457	0	STOP
1270218530924	0	START
1270218531956	1	PROB	'2 + 3 + 9 = '	'14'	1	1245	1
1270218533241	1	PROB	'2 + 8 + 6 = '	'16'	1	1480	1
1270218534757	1	PROB	'5 + 4 + 4 = '	'13'	1	2324	1
1270218537115	1	PROB	'3 + 9 + 1 = '	'13'	1	1086	1
1270218538249	1	PROB	'1 + 5 + 3 = '	'9'	1	1648	1
1270218539931	1	PROB	'1 + 7 + 8 = '	'16'	1	1518	1
1270218541490	1	PROB	'8 + 5 + 4 = '	'17'	1	1303	1
1270218542832	1	PROB	'3 + 4 + 9 = '	'16'	1	1657	1
1270218544523	1	PROB	'7 + 4 + 1 = '	'12'	1	1469	1
1270218545992	0	STOP
1270218550947	0	START
1270218552089	1	PROB	'2 + 2 + 8 = '	'12'	1	1320	1
1270218553448	1	PROB	'7 + 6 + 5 = '	'18'	1	1313	1
1270218554806	1	PROB	'7 + 4 + 1 = '	'12'	1	1099	1
1270218555938	1	PROB	'1 + 3 + 7 = '	'11'	1	1135	1
1270218557114	1	PROB	'1 + 7 + 1 = '	'9'	1	1031	1
1270218558197	1	PROB	'8 + 5 + 8 = '	'21'	1	2100	1
1270218560347	1	PROB	'5 + 4 + 5 = '	'14'	1	1214	1
1270218561597	1	PROB	'8 + 5 + 2 = '	'15'	1	1308	1
1270218562954	1	PROB	'4 + 2 + 5 = '	'11'	1	1647	1
1270218564647	1	PROB	'2 + 6 + 9 = '	'17'	1	1562	1
1270218566209	0	STOP
1270218570763	0	START
1270218571953	1	PROB	'3 + 2 + 1 = '	'6'	1	1048	1
1270218573038	1	PROB	'1 + 6 + 9 = '	'16'	1	1331	1
1270218574404	1	PROB	'9 + 4 + 6 = '	'19'	1	1317	1
1270218575762	1	PROB	'4 + 3 + 2 = '	'9'	1	2087	1
1270218577896	1	PROB	'2 + 3 + 3 = '	'8'	1	2241	1
1270218580187	1	PROB	'4 + 9 + 9 = '	'22'	1	1582	1
1270218581804	1	PROB	'1 + 8 + 5 = '	'14'	1	4645	1
1270218586449	0	STOP
1270218590654	0	START
1270218591720	1	PROB	'5 + 4 + 8 = '	'17'	1	1649	1
1270218593411	1	PROB	'1 + 9 + 2 = '	'12'	1	1166	1
1270218594611	1	PROB	'8 + 4 + 4 = '	'16'	1	2014	1
1270218596661	1	PROB	'1 + 1 + 9 = '	'11'	1	1028	1
1270218597736	1	PROB	'6 + 3 + 1 = '	'10'	1	1089	1
1270218598861	1	PROB	'2 + 2 + 9 = '	'13'	1	1484	1
1270218600386	1	PROB	'9 + 5 + 5 = '	'19'	1	1159	1
1270218601586	1	PROB	'2 + 1 + 2 = '	'5'	1	1023	1
1270218602652	1	PROB	'1 + 8 + 2 = '	'11'	1	1469	1
1270218604169	1	PROB	'8 + 7 + 2 = '	'17'	1	1823	1
1270218605992	0	STOP
1270218610710	0	START
1270218611602	1	PROB	'2 + 6 + 8 = '	'16'	1	1703	1
1270218613343	1	PROB	'7 + 7 + 5 = '	'19'	1	2625	1
1270218616018	1	PROB	'7 + 8 + 9 = '	'21'	0	1447	1
1270218617509	1	PROB	'3 + 8 + 6 = '	'17'	1	2916	1
1270218620468	1	PROB	'7 + 2 + 9 = '	'18'	1	1141	1
1270218621659	1	PROB	'1 + 1 + 3 = '	'5'	1	942	1
1270218622651	1	PROB	'2 + 5 + 3 = '	'10'	1	1038	1
1270218623734	1	PROB	'4 + 6 + 6 = '	'16'	1	1059	1
1270218624834	1	PROB	'6 + 2 + 1 = '	'9'	1	1375	1
1270218626209	0	STOP
1270218630792	0	START
1270218631717	1	PROB	'2 + 2 + 9 = '	'13'	1	1644	1
1270218633408	1	PROB	'3 + 4 + 7 = '	'14'	1	1481	1
1270218634932	1	PROB	'8 + 1 + 3 = '	'12'	1	1565	1
1270218636541	1	PROB	'1 + 8 + 4 = '	'13'	1	2212	1
1270218638800	1	PROB	'5 + 5 + 6 = '	'16'	1	1128	1
1270218639973	1	PROB	'5 + 3 + 6 = '	'14'	1	1844	1
1270218641866	1	PROB	'1 + 7 + 2 = '	'10'	1	1247	1
1270218643158	1	PROB	'6 + 4 + 5 = '	'15'	1	1723	1
1270218646791	0	STOP
1270218650866	0	START
1270218651915	1	PROB	'1 + 9 + 7 = '	'17'	1	1486	1
1270218653449	1	PROB	'6 + 4 + 5 = '	'15'	1	1280	1
1270218654773	1	PROB	'6 + 2 + 6 = '	'14'	1	2508	1
1270218657323	1	PROB	'5 + 7 + 3 = '	'15'	1	1782	1
1270218659148	1	PROB	'3 + 4 + 1 = '	'8'	1	1157	1
1270218660348	1	PROB	'4 + 3 + 6 = '	'13'	1	1781	1
1270218662173	1	PROB	'3 + 6 + 9 = '	'18'	1	1779	1
1270218663997	1	PROB	'7 + 4 + 7 = '	'18'	1	2076	1
1270218666073	0	STOP
1270218670848	0	START
1270218671730	1	PROB	'4 + 2 + 1 = '	'7'	1	1751	1
1270218673530	1	PROB	'7 + 6 + 4 = '	'17'	1	2095	1
1270218675672	1	PROB	'9 + 9 + 8 = '	'26'	1	2961	1
1270218678680	1	PROB	'6 + 2 + 4 = '	'12'	1	2009	1
1270218680738	1	PROB	'6 + 3 + 3 = '	'12'	1	1599	1
1270218682371	1	PROB	'6 + 9 + 7 = '	'22'	1	1766	1
1270218684180	1	PROB	'2 + 4 + 1 = '	'7'	1	1221	1
1270218685401	0	STOP
1270218690721	0	START
1270218691562	1	PROB	'6 + 8 + 6 = '	'20'	1	1655	1
1270218693262	1	PROB	'3 + 9 + 1 = '	'13'	1	1251	1
1270218694554	1	PROB	'6 + 4 + 4 = '	'14'	1	1055	1
1270218695654	1	PROB	'4 + 8 + 3 = '	'15'	1	1499	1
1270218697195	1	PROB	'9 + 2 + 2 = '	'13'	1	1574	1
1270218698803	1	PROB	'2 + 6 + 8 = '	'16'	1	1382	1
1270218700220	1	PROB	'2 + 8 + 1 = '	'11'	1	1277	1
1270218701537	1	PROB	'1 + 9 + 1 = '	'11'	1	1160	1
1270218702737	1	PROB	'7 + 8 + 5 = '	'20'	1	1440	1
1270218704211	1	PROB	'3 + 2 + 3 = '	'8'	1	1206	1
1270218705417	0	STOP
1270218993357	0	START
1270218994507	1	PROB	'1 + 7 + 7 = '	'15'	1	1670	1
1270218996215	1	PROB	'3 + 3 + 3 = '	'9'	1	810	1
1270218997073	1	PROB	'6 + 2 + 2 = '	'10'	1	1120	1
1270218998232	1	PROB	'3 + 9 + 1 = '	'13'	1	1073	1
1270219001353	0	STOP
1270219080084	0	START
1270219081592	1	PROB	'2 + 6 + 2 = '	'10'	1	1129	1
1270219082767	1	PROB	'2 + 3 + 4 = '	'9'	1	2362	1
1270219085183	1	PROB	'2 + 5 + 1 = '	'8'	1	1258	1
1270219088084	0	STOP
1270219092117	0	START
1270219093083	1	PROB	'5 + 8 + 8 = '	'21'	1	1750	1
1270219094874	1	PROB	'9 + 9 + 7 = '	'25'	1	2455	1
1270219097374	1	PROB	'6 + 7 + 3 = '	'16'	1	2179	1
1270219099553	0	STOP
1270219104158	0	START
1270219105232	1	PROB	'4 + 6 + 7 = '	'17'	1	1521	1
1270219106799	1	PROB	'9 + 3 + 2 = '	'14'	1	1826	1
1270219108673	1	PROB	'6 + 2 + 5 = '	'13'	1	2472	1
1270219111145	0	STOP
1270219116307	0	START
1270219117264	1	PROB	'3 + 5 + 3 = '	'11'	1	1305	1
1270219118614	1	PROB	'3 + 3 + 2 = '	'8'	1	963	1
1270219119614	1	PROB	'1 + 1 + 2 = '	'4'	1	971	1
1270219120622	1	PROB	'3 + 8 + 5 = '	'16'	1	2443	1
1270219123065	0	STOP
1270219128197	0	START
1270219129055	1	PROB	'1 + 1 + 6 = '	'8'	1	1186	1
1270219130280	1	PROB	'8 + 3 + 9 = '	'20'	1	1977	1
1270219132297	1	PROB	'5 + 7 + 4 = '	'16'	1	1192	1
1270219133530	1	PROB	'3 + 2 + 3 = '	'8'	1	2055	1
1270219135585	0	STOP
1270219140396	0	START
1270219141346	1	PROB	'8 + 4 + 1 = '	'13'	1	1231	1
1270219142613	1	PROB	'9 + 6 + 1 = '	'16'	1	1460	1
1270219144112	1	PROB	'6 + 6 + 4 = '	'16'	1	1369	1
1270219145521	1	PROB	'2 + 8 + 5 = '	'15'	1	1160	1
1270219146721	1	PROB	'8 + 6 + 2 = '	'16'	1	1560	1
1270219148281	0	STOP
1270219152346	0	START
1270219153545	1	PROB	'2 + 7 + 7 = '	'16'	1	1208	1
1270219154803	1	PROB	'1 + 6 + 6 = '	'13'	1	1598	1
1270219156445	1	PROB	'6 + 5 + 9 = '	'20'	1	1428	1
1270219157920	1	PROB	'6 + 2 + 8 = '	'16'	1	1145	1
1270219159065	0	STOP
1270219164353	0	START
1270219165436	1	PROB	'8 + 7 + 7 = '	'22'	1	2357	1
1270219167844	1	PROB	'9 + 7 + 5 = '	'21'	1	2677	1
1270219172353	0	STOP
1270219176502	0	START
1270219177618	1	PROB	'9 + 3 + 5 = '	'17'	1	1607	1
1270219179268	1	PROB	'6 + 2 + 5 = '	'13'	1	2285	1
1270219181601	1	PROB	'6 + 8 + 3 = '	'17'	1	1440	1
1270219183041	0	STOP
1270219188635	0	START
1270219189592	1	PROB	'5 + 6 + 1 = '	'12'	1	1241	1
1270219190867	1	PROB	'6 + 6 + 6 = '	'18'	1	1093	1
1270219192001	1	PROB	'9 + 3 + 2 = '	'14'	1	1528	1
1270219193567	1	PROB	'7 + 7 + 1 = '	'15'	1	1698	1
1270219195265	0	STOP
1270219200734	0	START
1270219201783	1	PROB	'8 + 4 + 4 = '	'16'	1	1834	1
1270219203666	1	PROB	'5 + 1 + 2 = '	'8'	1	1055	1
1270219204758	1	PROB	'3 + 5 + 3 = '	'11'	1	1467	2
1270219206275	1	PROB	'7 + 3 + 2 = '	'12'	1	1158	1
1270219207433	0	STOP
1270219212916	0	START
1270219213973	1	PROB	'5 + 9 + 2 = '	'16'	1	2156	1
1270219216174	1	PROB	'6 + 9 + 7 = '	'22'	1	2939	1
1270219219157	1	PROB	'6 + 6 + 7 = '	'19'	1	1284	1
1270219220441	0	STOP
1270219224774	0	START
1270219225890	1	PROB	'2 + 3 + 7 = '	'12'	1	1223	1
1270219227156	1	PROB	'6 + 9 + 8 = '	'23'	1	3285	1
1270219230489	1	PROB	'4 + 4 + 7 = '	'15'	1	1160	1
1270219231649	0	STOP
1270219236614	0	START
1270219237739	1	PROB	'6 + 1 + 6 = '	'13'	1	1142	1
1270219238921	1	PROB	'7 + 5 + 8 = '	'20'	1	1224	1
1270219240180	1	PROB	'7 + 7 + 6 = '	'20'	1	1885	1
1270219242105	1	PROB	'2 + 2 + 5 = '	'9'	1	1288	1
1270219243393	0	STOP
1270219248788	0	START
1270219249813	1	PROB	'8 + 2 + 3 = '	'13'	1	1260	1
1270219251121	1	PROB	'5 + 8 + 2 = '	'15'	1	1792	1
1270219252962	1	PROB	'9 + 5 + 8 = '	'22'	1	2199	1
1270219255213	1	PROB	'1 + 3 + 1 = '	'5'	1	820	1
1270219256033	0	STOP
1270219260921	0	START
1270219261928	1	PROB	'4 + 1 + 9 = '	'14'	1	1657	1
1270219263629	1	PROB	'3 + 9 + 3 = '	'15'	1	1468	1
1270219265145	1	PROB	'4 + 9 + 8 = '	'21'	1	2416	1
1270219267561	0	STOP
1270219273078	0	START
1270219274244	1	PROB	'4 + 1 + 2 = '	'7'	1	1269	1
1270219275561	1	PROB	'4 + 2 + 5 = '	'11'	1	2096	1
1270219277703	1	PROB	'6 + 6 + 3 = '	'15'	1	1898	1
1270219279601	0	STOP
1270219428575	0	START
1270219429450	1	PROB	'3 + 5 + 5 = '	'1'	0	1191	1
1270219430691	1	PROB	'9 + 2 + 4 = '	'15'	1	1646	1
1270219432383	1	PROB	'2 + 3 + 2 = '	'7'	1	1738	1
1270219434166	1	PROB	'1 + 1 + 6 = '	'8'	1	1035	1
1270219435249	1	PROB	'3 + 1 + 6 = '	'10'	1	984	1
1270219436274	1	PROB	'1 + 4 + 2 = '	'7'	1	983	1
1270219437299	1	PROB	'9 + 5 + 5 = '	'19'	1	1206	1
1270219438541	1	PROB	'7 + 2 + 7 = '	'16'	1	1364	1
1270219439948	1	PROB	'5 + 8 + 8 = '	'21'	1	1309	1
1270219441299	1	PROB	'7 + 6 + 5 = '	'18'	1	1582	1
1270219442915	1	PROB	'3 + 3 + 2 = '	'8'	1	1110	1
1270219444025	0	STOP
1270219738344	0	START
1270219739152	1	PROB	'7 + 6 + 1 = '	'14'	1	1329	2
1270219740527	1	PROB	'2 + 5 + 1 = '	'8'	1	931	1
1270219741502	1	PROB	'4 + 8 + 1 = '	'1'	0	1035	1
1270219742585	1	PROB	'4 + 4 + 3 = '	'11'	1	1720	1
1270219744352	1	PROB	'8 + 4 + 9 = '	'21'	1	1457	2
1270219745809	1	STOP
1270219833312	0	START
1270219834820	1	PROB	'9 + 5 + 8 = '	'22'	1	2949	1
1270219837803	1	PROB	'3 + 9 + 3 = '	'15'	1	1263	1
1270219839111	1	PROB	'1 + 5 + 4 = '	'10'	1	1098	1
1270219840209	0	STOP
1270219845420	0	START
1270219846377	1	PROB	'9 + 7 + 7 = '	'23'	1	1800	1
1270219848227	1	PROB	'3 + 9 + 1 = '	'13'	1	1310	1
1270219849577	1	PROB	'1 + 1 + 2 = '	'4'	1	912	2
1270219850535	1	PROB	'4 + 2 + 4 = '	'10'	1	1226	2
1270219851810	1	PROB	'2 + 4 + 5 = '	'11'	1	1263	2
1270219853073	1	STOP
1270219857610	0	START
1270219858702	1	PROB	'8 + 3 + 1 = '	'12'	1	1587	2
1270219860326	1	PROB	'8 + 6 + 7 = '	'21'	1	2499	1
1270219862876	1	PROB	'9 + 1 + 4 = '	'14'	1	1277	2
1270219864153	1	STOP
1270219869609	0	START
1270219870759	1	PROB	'7 + 2 + 1 = '	'10'	1	1098	2
1270219871901	1	PROB	'4 + 2 + 3 = '	'9'	1	2508	1
1270219874459	1	PROB	'3 + 7 + 9 = '	'19'	1	1094	1
1270219875600	1	PROB	'9 + 3 + 3 = '	'15'	1	1162	1
1270219876762	0	STOP
1270219881600	0	START
1270219882800	1	PROB	'4 + 5 + 6 = '	'15'	1	1106	1
1270219883940	1	PROB	'4 + 6 + 4 = '	'14'	1	1253	2
1270219885241	1	PROB	'9 + 4 + 7 = '	'20'	1	2048	2
1270219887324	1	PROB	'1 + 9 + 3 = '	'13'	1	1157	1
1270219888481	0	STOP
1270219893649	0	START
1270219894649	1	PROB	'8 + 2 + 4 = '	'14'	1	1311	1
1270219895998	1	PROB	'4 + 8 + 1 = '	'13'	1	1011	1
1270219897057	1	PROB	'8 + 3 + 4 = '	'15'	1	1904	1
1270219899007	1	PROB	'3 + 1 + 7 = '	'11'	1	1267	1
1270219900274	0	STOP
1270219905790	0	START
1270219906773	1	PROB	'1 + 6 + 4 = '	'11'	1	972	2
1270219907781	1	PROB	'2 + 5 + 7 = '	'14'	1	1677	1
1270219909506	1	PROB	'5 + 2 + 7 = '	'14'	1	895	1
1270219910448	1	PROB	'2 + 6 + 9 = '	'17'	1	1410	1
1270219913790	0	STOP
1270219917823	0	START
1270219918880	1	PROB	'1 + 2 + 5 = '	'8'	1	2721	1
1270219921647	1	PROB	'6 + 6 + 4 = '	'16'	1	1058	1
1270219922755	1	PROB	'5 + 3 + 7 = '	'15'	1	1582	1
1270219924337	0	STOP
1270219929805	0	START
1270219930621	1	PROB	'8 + 7 + 7 = '	'22'	1	1780	1
1270219932446	1	PROB	'9 + 1 + 8 = '	'18'	1	1283	1
1270219933771	1	PROB	'8 + 9 + 8 = '	'25'	1	3758	1
1270219937529	0	STOP
1270219941638	0	START
1270219942745	1	PROB	'3 + 3 + 8 = '	'14'	1	1672	1
1270219944454	1	PROB	'6 + 8 + 8 = '	'22'	1	2419	2
1270219946920	1	PROB	'7 + 1 + 3 = '	'13'	0	961	2
1270219947927	1	PROB	'8 + 1 + 3 = '	'12'	1	1539	1
1270219949466	0	STOP
1270219953712	0	START
1270219954778	1	PROB	'9 + 3 + 5 = '	'17'	1	1543	1
1270219956369	1	PROB	'2 + 7 + 7 = '	'16'	1	1512	1
1270219957927	1	PROB	'2 + 4 + 2 = '	'8'	1	1875	1
1270219959836	1	PROB	'6 + 9 + 5 = '	'20'	1	1661	1
1270219961497	0	STOP
1270219965561	0	START
1270219966477	1	PROB	'2 + 9 + 6 = '	'17'	1	1972	2
1270219968493	1	PROB	'5 + 7 + 3 = '	'15'	1	2877	1
1270219971418	1	PROB	'7 + 9 + 7 = '	'23'	1	1815	2
1270219973233	1	STOP
1270219977602	0	START
1270219978518	1	PROB	'5 + 6 + 6 = '	'17'	1	1418	1
1270219979983	1	PROB	'3 + 5 + 9 = '	'17'	1	2227	1
1270219982251	1	PROB	'3 + 4 + 1 = '	'8'	1	974	2
1270219983267	1	PROB	'6 + 5 + 3 = '	'14'	1	1327	1
1270219984594	0	STOP
1270219989667	0	START
1270219990558	1	PROB	'2 + 6 + 7 = '	'15'	1	1963	1
1270219992567	1	PROB	'3 + 6 + 2 = '	'11'	1	1266	1
1270219993883	1	PROB	'4 + 8 + 3 = '	'15'	1	1614	2
1270219997667	0	STOP
1270220001558	0	START
1270220002399	1	PROB	'7 + 7 + 7 = '	'21'	1	1114	2
1270220003558	1	PROB	'7 + 1 + 9 = '	'17'	1	1779	2
1270220005382	1	PROB	'8 + 6 + 8 = '	'22'	1	2123	1
1270220007541	1	PROB	'4 + 1 + 6 = '	'11'	1	1196	1
1270220008737	0	STOP
1270220013641	0	START
1270220014673	1	PROB	'8 + 2 + 2 = '	'12'	1	1433	1
1270220016148	1	PROB	'3 + 1 + 8 = '	'12'	1	2237	1
1270220018431	1	PROB	'7 + 6 + 2 = '	'15'	1	1250	2
1270220019731	1	PROB	'5 + 1 + 2 = '	'8'	1	1166	2
1270220020897	1	STOP
1270220025639	0	START
1270220026464	1	PROB	'5 + 8 + 6 = '	'19'	1	1913	2
1270220028422	1	PROB	'4 + 3 + 5 = '	'12'	1	1988	1
1270220030456	1	PROB	'7 + 4 + 9 = '	'20'	1	1402	1
1270220031905	1	PROB	'3 + 5 + 3 = '	'11'	1	1071	2
1270220032976	1	STOP
1270220113883	0	START
1270220115391	1	PROB	'9 + 7 + 1 = '	'17'	1	1442	2
1270220116882	1	PROB	'9 + 9 + 8 = '	'26'	1	4047	1
1270220120973	1	PROB	'3 + 4 + 4 = '	'11'	1	1836	2
1270220122857	1	PROB	'2 + 1 + 4 = '	'7'	1	2696	2
1270220125599	1	PROB	'3 + 8 + 9 = '	'20'	1	2338	1
1270220129882	0	STOP
1270220133782	0	START
1270220134731	1	PROB	'1 + 8 + 4 = '	'13'	1	1342	2
1270220136123	1	PROB	'8 + 9 + 6 = '	'23'	1	2542	2
1270220138706	1	PROB	'2 + 9 + 4 = '	'15'	1	1424	1
1270220140164	1	PROB	'4 + 9 + 7 = '	'20'	1	1326	1
1270220141539	1	PROB	'1 + 5 + 9 = '	'15'	1	1607	1
1270220143181	1	PROB	'9 + 6 + 7 = '	'22'	1	1525	1
1270220144747	1	PROB	'8 + 8 + 2 = '	'18'	1	1647	1
1270220146439	1	PROB	'2 + 2 + 2 = '	'6'	1	930	2
1270220147405	1	PROB	'4 + 9 + 7 = '	'20'	1	2109	1
1270220149514	0	STOP
1270220153979	0	START
1270220154987	1	PROB	'2 + 6 + 8 = '	'16'	1	1159	1
1270220156180	1	PROB	'4 + 2 + 4 = '	'10'	1	1454	1
1270220157671	1	PROB	'4 + 1 + 3 = '	'8'	1	890	2
1270220158596	1	PROB	'1 + 2 + 6 = '	'9'	1	998	1
1270220159629	1	PROB	'8 + 2 + 9 = '	'19'	1	1323	2
1270220160987	1	PROB	'3 + 6 + 4 = '	'13'	1	3079	1
1270220164112	1	PROB	'3 + 7 + 5 = '	'15'	1	1170	1
1270220165321	1	PROB	'1 + 2 + 7 = '	'10'	1	1153	1
1270220166520	1	PROB	'1 + 8 + 2 = '	'11'	1	1082	1
1270220167637	1	PROB	'4 + 8 + 7 = '	'19'	1	1300	1
1270220168937	0	STOP
1270220174070	0	START
1270220175103	1	PROB	'5 + 1 + 8 = '	'14'	1	1563	1
1270220176703	1	PROB	'2 + 5 + 7 = '	'14'	1	1266	1
1270220178011	1	PROB	'5 + 6 + 2 = '	'13'	1	1223	1
1270220179278	1	PROB	'4 + 6 + 9 = '	'19'	1	1116	1
1270220180428	1	PROB	'9 + 7 + 9 = '	'25'	1	1870	1
1270220182336	1	PROB	'2 + 9 + 5 = '	'16'	1	1616	2
1270220183993	1	PROB	'9 + 9 + 6 = '	'22'	0	1400	2
1270220185427	1	PROB	'4 + 5 + 5 = '	'14'	1	1087	1
1270220186561	1	PROB	'1 + 1 + 4 = '	'6'	1	865	1
1270220187469	1	PROB	'2 + 5 + 1 = '	'8'	1	948	2
1270220188461	1	PROB	'2 + 6 + 8 = '	'16'	1	1316	2
1270220189777	1	STOP
1270220194261	0	START
1270220195243	1	PROB	'6 + 9 + 4 = '	'19'	1	1750	1
1270220197043	1	PROB	'8 + 3 + 3 = '	'14'	1	1679	1
1270220198768	1	PROB	'6 + 9 + 9 = '	'24'	1	1714	1
1270220200526	1	PROB	'4 + 2 + 7 = '	'13'	1	1772	1
1270220202343	1	PROB	'2 + 8 + 7 = '	'17'	1	1435	1
1270220203826	1	PROB	'6 + 9 + 3 = '	'18'	1	2376	1
1270220206251	1	PROB	'5 + 3 + 4 = '	'12'	1	1551	1
1270220207851	1	PROB	'4 + 5 + 4 = '	'13'	1	1655	1
1270220209506	0	STOP
1270220214159	0	START
1270220215192	1	PROB	'9 + 5 + 8 = '	'22'	1	1729	1
1270220216966	1	PROB	'2 + 5 + 7 = '	'14'	1	1979	1
1270220218991	1	PROB	'1 + 7 + 6 = '	'14'	1	1330	2
1270220220358	1	PROB	'7 + 4 + 4 = '	'15'	1	1308	1
1270220221700	1	PROB	'8 + 2 + 2 = '	'12'	1	957	2
1270220222700	1	PROB	'6 + 9 + 4 = '	'19'	1	2462	1
1270220225208	1	PROB	'6 + 5 + 8 = '	'19'	1	1266	1
1270220226516	1	PROB	'3 + 7 + 6 = '	'16'	1	2150	1
1270220228666	0	STOP
1270220234058	0	START
1270220235066	1	PROB	'2 + 5 + 8 = '	'15'	1	2168	1
1270220237282	1	PROB	'1 + 6 + 5 = '	'12'	1	960	1
1270220238290	1	PROB	'5 + 9 + 6 = '	'20'	1	1984	1
1270220240323	1	PROB	'7 + 1 + 5 = '	'13'	1	1943	1
1270220242315	1	PROB	'5 + 6 + 7 = '	'18'	1	1495	1
1270220243856	1	PROB	'2 + 6 + 9 = '	'17'	1	2778	1
1270220246681	1	PROB	'8 + 9 + 6 = '	'23'	1	2409	1
1270220249090	0	STOP
1270220253947	0	START
1270220254988	1	PROB	'8 + 1 + 6 = '	'15'	1	1422	1
1270220256447	1	PROB	'5 + 5 + 6 = '	'16'	1	1459	1
1270220257946	1	PROB	'1 + 9 + 9 = '	'19'	1	1144	1
1270220259139	1	PROB	'2 + 6 + 5 = '	'13'	1	1895	1
1270220261072	1	PROB	'7 + 5 + 8 = '	'20'	1	1258	1
1270220262372	1	PROB	'1 + 6 + 5 = '	'12'	1	1021	2
1270220263438	1	PROB	'6 + 3 + 8 = '	'17'	1	1299	2
1270220264780	1	PROB	'7 + 9 + 6 = '	'22'	1	2141	1
1270220266962	1	PROB	'8 + 9 + 5 = '	'22'	1	1439	2
1270220268446	1	PROB	'1 + 2 + 9 = '	'12'	1	1412	1
1270220269858	0	STOP
1270220274071	0	START
1270220275171	1	PROB	'1 + 1 + 5 = '	'7'	1	1663	1
1270220276871	1	PROB	'1 + 9 + 8 = '	'18'	1	1042	2
1270220277953	1	PROB	'1 + 4 + 9 = '	'14'	1	1417	1
1270220279404	1	PROB	'6 + 3 + 8 = '	'17'	1	2254	1
1270220281695	1	PROB	'3 + 5 + 2 = '	'10'	1	1699	1
1270220283429	1	PROB	'8 + 8 + 7 = '	'22'	0	3157	1
1270220286620	1	PROB	'5 + 4 + 9 = '	'18'	1	3245	2
1270220289865	1	STOP
1270220294237	0	START
1270220295378	1	PROB	'6 + 6 + 8 = '	'20'	1	1736	1
1270220297161	1	PROB	'2 + 4 + 7 = '	'13'	1	1889	1
1270220299094	1	PROB	'9 + 7 + 2 = '	'18'	1	1516	1
1270220300652	1	PROB	'1 + 8 + 1 = '	'10'	1	942	1
1270220301636	1	PROB	'5 + 9 + 4 = '	'18'	1	1646	1
1270220303319	1	PROB	'1 + 1 + 7 = '	'9'	1	1099	1
1270220304460	1	PROB	'1 + 1 + 8 = '	'10'	1	1054	1
1270220305560	1	PROB	'5 + 7 + 4 = '	'16'	1	1354	1
1270220306959	1	PROB	'7 + 5 + 7 = '	'19'	1	1387	1
1270220308385	1	PROB	'3 + 3 + 8 = '	'14'	1	1233	1
1270220309618	0	STOP
1270220314368	0	START
1270220315485	1	PROB	'6 + 9 + 5 = '	'20'	1	1508	1
1270220317043	1	PROB	'1 + 7 + 2 = '	'10'	1	1847	1
1270220318925	1	PROB	'9 + 2 + 3 = '	'14'	1	1533	1
1270220320493	1	PROB	'6 + 9 + 8 = '	'23'	1	2557	1
1270220323084	1	PROB	'1 + 1 + 4 = '	'6'	1	806	1
1270220323933	1	PROB	'6 + 6 + 1 = '	'13'	1	1044	1
1270220325026	1	PROB	'8 + 4 + 9 = '	'21'	1	2184	1
1270220327250	1	PROB	'4 + 7 + 8 = '	'19'	1	1280	1
1270220328567	1	PROB	'2 + 2 + 1 = '	'5'	1	803	1
1270220329370	0	STOP
1270220334484	0	START
1270220335308	1	PROB	'2 + 7 + 2 = '	'11'	1	1182	1
1270220336525	1	PROB	'1 + 3 + 4 = '	'8'	1	949	1
1270220337516	1	PROB	'9 + 8 + 9 = '	'26'	1	2182	1
1270220339741	1	PROB	'2 + 1 + 2 = '	'5'	1	1333	1
1270220341108	1	PROB	'6 + 3 + 9 = '	'18'	1	1998	1
1270220343149	1	PROB	'7 + 4 + 6 = '	'17'	1	1621	1
1270220344816	1	PROB	'9 + 8 + 3 = '	'20'	1	2618	1
1270220347474	1	PROB	'9 + 6 + 1 = '	'16'	1	1064	1
1270220348582	1	PROB	'5 + 8 + 4 = '	'17'	1	1371	1
1270220349953	0	STOP
1270220354524	0	START
1270220355398	1	PROB	'1 + 5 + 8 = '	'14'	1	1412	1
1270220356848	1	PROB	'7 + 9 + 2 = '	'18'	1	1978	1
1270220358873	1	PROB	'8 + 2 + 8 = '	'18'	1	1289	1
1270220360198	1	PROB	'3 + 2 + 5 = '	'10'	1	1116	1
1270220361348	1	PROB	'2 + 8 + 7 = '	'17'	1	1198	1
1270220362589	1	PROB	'8 + 2 + 4 = '	'14'	1	1117	1
1270220363739	1	PROB	'7 + 1 + 1 = '	'9'	1	1295	1
1270220365081	1	PROB	'6 + 1 + 4 = '	'11'	1	1097	1
1270220366214	1	PROB	'4 + 6 + 6 = '	'16'	1	1043	2
1270220367306	1	PROB	'6 + 1 + 8 = '	'15'	1	1856	1
1270220369162	0	STOP
1270220374606	0	START
1270220375538	1	PROB	'4 + 2 + 3 = '	'9'	1	1536	1
1270220377122	1	PROB	'1 + 6 + 5 = '	'12'	1	1128	1
1270220378297	1	PROB	'5 + 6 + 3 = '	'14'	1	1401	1
1270220379746	1	PROB	'5 + 4 + 4 = '	'13'	1	1544	1
1270220381330	1	PROB	'7 + 9 + 9 = '	'25'	1	2928	1
1270220384304	1	PROB	'7 + 9 + 5 = '	'21'	1	2354	1
1270220386696	1	PROB	'8 + 5 + 7 = '	'19'	0	1754	1
1270220388496	1	PROB	'8 + 1 + 8 = '	'17'	1	1457	1
1270220389953	0	STOP
1270220394446	0	START
1270220395487	1	PROB	'3 + 2 + 9 = '	'14'	1	1299	1
1270220396820	1	PROB	'4 + 1 + 5 = '	'9'	0	918	1
1270220397779	1	PROB	'7 + 2 + 5 = '	'14'	1	2047	1
1270220399870	1	PROB	'7 + 6 + 5 = '	'18'	1	1580	1
1270220401487	1	PROB	'3 + 4 + 4 = '	'11'	1	1283	1
1270220402811	1	PROB	'7 + 1 + 7 = '	'15'	1	1182	1
1270220404036	1	PROB	'2 + 8 + 1 = '	'11'	1	1142	1
1270220405220	1	PROB	'7 + 9 + 4 = '	'20'	1	2118	1
1270220407378	1	PROB	'8 + 2 + 9 = '	'19'	1	1176	1
1270220408594	1	PROB	'4 + 6 + 1 = '	'11'	1	784	1
1270220409378	0	STOP
1270220414369	0	START
1270220415277	1	PROB	'3 + 7 + 3 = '	'13'	1	989	1
1270220416310	1	PROB	'6 + 8 + 3 = '	'17'	1	1308	1
1270220417660	1	PROB	'5 + 5 + 5 = '	'15'	1	830	1
1270220418535	1	PROB	'2 + 3 + 9 = '	'14'	1	1203	1
1270220419777	1	PROB	'3 + 1 + 7 = '	'11'	1	969	1
1270220420785	1	PROB	'7 + 3 + 7 = '	'17'	1	2257	1
1270220423077	1	PROB	'8 + 4 + 7 = '	'19'	1	2013	1
1270220425126	1	PROB	'8 + 9 + 6 = '	'23'	1	1748	1
1270220426910	1	PROB	'9 + 1 + 1 = '	'11'	1	1051	1
1270220428001	1	PROB	'9 + 3 + 3 = '	'15'	1	1225	1
1270220429226	0	STOP
1270220434209	0	START
1270220435059	1	PROB	'8 + 3 + 7 = '	'18'	1	1255	1
1270220436359	1	PROB	'6 + 3 + 2 = '	'11'	1	1475	1
1270220437867	1	PROB	'4 + 5 + 1 = '	'10'	1	1615	1
1270220439525	1	PROB	'8 + 1 + 2 = '	'11'	1	2053	1
1270220441625	1	PROB	'3 + 3 + 6 = '	'12'	1	1153	1
1270220442825	1	PROB	'4 + 1 + 5 = '	'10'	1	1209	1
1270220444083	1	PROB	'5 + 9 + 7 = '	'21'	1	1943	1
1270220446067	1	PROB	'7 + 3 + 1 = '	'11'	1	862	1
1270220446974	1	PROB	'7 + 9 + 4 = '	'20'	1	1484	1
1270220448500	1	PROB	'2 + 7 + 9 = '	'21'	0	1390	1
1270220449890	0	STOP
1270222010320	0	E	Logging Ends
