1270217655106	0	B	Logging Begins
1270217655107	0	SESS_START	13
1270217777030	0	DISTRACTOR	0			8000	3
1270217784712	1	FR_PRES	0	BANDAGE	79	0	0	1248	(0.57740000000000002, 0.41289999999999999, 1.0)	../fonts/amplitud.ttf	upper
1270217788910	0	DISTRACTOR	0			8000	3
1270217796920	1	FR_PRES	0	SKELETON	1314	0	1	1721	(0.57740000000000002, 0.41289999999999999, 1.0)	../fonts/amplitud.ttf	upper
1270217800809	0	DISTRACTOR	0			8000	4
1270217809085	1	FR_PRES	0	CRAYON	401	0	0	1212	(0.57740000000000002, 0.41289999999999999, 1.0)	../fonts/amplitud.ttf	upper
1270217813110	0	DISTRACTOR	0			8000	4
1270217820992	1	FR_PRES	0	SWIMMER	1420	0	1	1913	(0.57740000000000002, 0.41289999999999999, 1.0)	../fonts/amplitud.ttf	upper
1270217825148	0	DISTRACTOR	0			8000	5
1270217833092	1	FR_PRES	0	HOOD	714	0	1	1477	(0.57740000000000002, 0.41289999999999999, 1.0)	../fonts/amplitud.ttf	upper
1270217837103	0	DISTRACTOR	0			8000	4
1270217845116	1	FR_PRES	0	HANDKERCHIEF	686	1	0	1461	(0.42259999999999998, 0.58709999999999996, 0)	../fonts/zerothre.ttf	lower
1270217849208	0	DISTRACTOR	0			8000	3
1270217857240	1	FR_PRES	0	PENGUIN	1044	1	1	1521	(0.42259999999999998, 0.58709999999999996, 0)	../fonts/zerothre.ttf	lower
1270217861236	0	DISTRACTOR	0			8000	4
1270217869173	1	FR_PRES	0	CASKET	255	1	0	1516	(0.42259999999999998, 0.58709999999999996, 0)	../fonts/zerothre.ttf	lower
1270217873318	0	DISTRACTOR	0			8000	4
1270217881064	1	FR_PRES	0	DRIVER	499	1	1	1321	(0.42259999999999998, 0.58709999999999996, 0)	../fonts/zerothre.ttf	lower
1270217885212	0	DISTRACTOR	0			8000	3
1270217893021	1	FR_PRES	0	PIGMENT	1066	1	0	1556	(0.42259999999999998, 0.58709999999999996, 0)	../fonts/zerothre.ttf	lower
1270217896886	0	DISTRACTOR	0			8000	3
1270217904969	1	FR_PRES	0	DWARF	510	1	1	1928	(0.42259999999999998, 0.58709999999999996, 0)	../fonts/zerothre.ttf	lower
1270217909047	0	DISTRACTOR	0			8000	4
1270217917144	1	FR_PRES	0	ELF	525	0	0	1729	(0.57740000000000002, 0.41289999999999999, 1.0)	../fonts/amplitud.ttf	upper
1270217921118	0	DISTRACTOR	0			8000	1
1270217929210	1	FR_PRES	0	CANNON	232	0	1	2271	(0.57740000000000002, 0.41289999999999999, 1.0)	../fonts/amplitud.ttf	upper
1270217933251	0	DISTRACTOR	0			8000	3
1270217941259	1	FR_PRES	0	CUBE	420	0	0	1374	(0.57740000000000002, 0.41289999999999999, 1.0)	../fonts/amplitud.ttf	upper
1270217945190	0	DISTRACTOR	0			8000	4
1270217953158	1	FR_PRES	0	MOB	904	1	0	1955	(0.42259999999999998, 0.58709999999999996, 0)	../fonts/zerothre.ttf	lower
1270217957288	0	DISTRACTOR	0			8000	4
1270217965316	1	FR_PRES	0	COMMITTEE	355	1	0	1221	(0.42259999999999998, 0.58709999999999996, 0)	../fonts/zerothre.ttf	lower
1270217969406	0	DISTRACTOR	0			8000	4
1270217978107	1	REC_START
1270218055367	0	REST
1270218056876	1	FR_PRES	1	SEAT	1264	1	0	1125	(0.42259999999999998, 0.58709999999999996, 0)	../fonts/zerothre.ttf	lower
1270218060700	1	FR_PRES	1	SHAMPOO	1274	1	0	1109	(0.42259999999999998, 0.58709999999999996, 0)	../fonts/zerothre.ttf	lower
1270218064725	1	FR_PRES	1	RANCH	1166	1	0	1340	(0.42259999999999998, 0.58709999999999996, 0)	../fonts/zerothre.ttf	lower
1270218068750	1	FR_PRES	1	PONY	1102	1	1	795	(0.42259999999999998, 0.58709999999999996, 0)	../fonts/zerothre.ttf	lower
1270218072683	1	FR_PRES	1	FLASHLIGHT	575	0	0	1526	(0.57740000000000002, 0.41289999999999999, 1.0)	../fonts/amplitud.ttf	upper
1270218076807	1	FR_PRES	1	TIMBER	1469	0	1	1674	(0.57740000000000002, 0.41289999999999999, 1.0)	../fonts/amplitud.ttf	upper
1270218080691	1	FR_PRES	1	EYE	545	0	0	1078	(0.57740000000000002, 0.41289999999999999, 1.0)	../fonts/amplitud.ttf	upper
1270218084549	1	FR_PRES	1	JAW	751	0	0	1372	(0.57740000000000002, 0.41289999999999999, 1.0)	../fonts/amplitud.ttf	upper
1270218088565	1	FR_PRES	1	NUN	962	1	1	1460	(0.42259999999999998, 0.58709999999999996, 0)	../fonts/zerothre.ttf	lower
1270218092481	1	FR_PRES	1	RASPBERRY	1168	1	0	1936	(0.42259999999999998, 0.58709999999999996, 0)	../fonts/zerothre.ttf	lower
1270218096331	1	FR_PRES	1	GRAPE	654	0	0	1582	(0.57740000000000002, 0.41289999999999999, 1.0)	../fonts/amplitud.ttf	upper
1270218100431	1	FR_PRES	1	FRIAR	605	0	1	1970	(0.57740000000000002, 0.41289999999999999, 1.0)	../fonts/amplitud.ttf	upper
1270218104472	1	FR_PRES	1	COUCH	386	0	1	1169	(0.57740000000000002, 0.41289999999999999, 1.0)	../fonts/amplitud.ttf	upper
1270218108664	1	FR_PRES	1	PRODUCER	1129	0	1	1065	(0.57740000000000002, 0.41289999999999999, 1.0)	../fonts/amplitud.ttf	upper
1270218112646	1	FR_PRES	1	MERMAID	887	1	0	1363	(0.42259999999999998, 0.58709999999999996, 0)	../fonts/zerothre.ttf	lower
1270218116705	1	FR_PRES	1	BRIDGE	174	1	0	1263	(0.42259999999999998, 0.58709999999999996, 0)	../fonts/zerothre.ttf	lower
1270218120695	0	DISTRACTOR	1			8000	4
1270218129521	1	REC_START
1270218207115	0	REST
1270218208623	1	FR_PRES	2	CHEDDAR	286	0	0	1410	(0.57740000000000002, 0.41289999999999999, 1.0)	../fonts/amplitud.ttf	upper
1270218212622	1	FR_PRES	2	LUGGAGE	847	0	1	1051	(0.57740000000000002, 0.41289999999999999, 1.0)	../fonts/amplitud.ttf	upper
1270218216431	1	FR_PRES	2	HEAD	695	0	1	922	(0.57740000000000002, 0.41289999999999999, 1.0)	../fonts/amplitud.ttf	upper
1270218220389	1	FR_PRES	2	CHECKERS	285	0	0	1124	(0.57740000000000002, 0.41289999999999999, 1.0)	../fonts/amplitud.ttf	upper
1270218224563	1	FR_PRES	2	SUITCASE	1403	1	0	1982	(0.42259999999999998, 0.58709999999999996, 0)	../fonts/zerothre.ttf	lower
1270218228396	1	FR_PRES	2	CHILD	299	1	1	941	(0.42259999999999998, 0.58709999999999996, 0)	../fonts/zerothre.ttf	lower
1270218232313	1	FR_PRES	2	PICTURE	1061	1	0	984	(0.42259999999999998, 0.58709999999999996, 0)	../fonts/zerothre.ttf	lower
1270218236254	1	FR_PRES	2	FELLOW	558	1	1	1347	(0.42259999999999998, 0.58709999999999996, 0)	../fonts/zerothre.ttf	lower
1270218240212	1	FR_PRES	2	PARTNER	1017	0	1	1261	(0.57740000000000002, 0.41289999999999999, 1.0)	../fonts/amplitud.ttf	upper
1270218244162	1	FR_PRES	2	SERVANT	1271	0	1	1311	(0.57740000000000002, 0.41289999999999999, 1.0)	../fonts/amplitud.ttf	upper
1270218248253	1	FR_PRES	2	VOLUNTEER	1577	0	1	1660	(0.57740000000000002, 0.41289999999999999, 1.0)	../fonts/amplitud.ttf	upper
1270218252361	1	FR_PRES	2	TOENAIL	1474	0	0	840	(0.57740000000000002, 0.41289999999999999, 1.0)	../fonts/amplitud.ttf	upper
1270218256386	1	FR_PRES	2	FINGER	567	1	0	1687	(0.42259999999999998, 0.58709999999999996, 0)	../fonts/zerothre.ttf	lower
1270218260386	1	FR_PRES	2	LAPEL	800	1	0	1247	(0.42259999999999998, 0.58709999999999996, 0)	../fonts/zerothre.ttf	lower
1270218264435	1	FR_PRES	2	CUE	422	1	0	1422	(0.42259999999999998, 0.58709999999999996, 0)	../fonts/zerothre.ttf	lower
1270218268393	1	FR_PRES	2	COMB	351	1	0	1080	(0.42259999999999998, 0.58709999999999996, 0)	../fonts/zerothre.ttf	lower
1270218272193	0	DISTRACTOR	2			16000	6
1270218289184	1	REC_START
1270218371128	0	REST
1270218372628	0	DISTRACTOR	3			16000	9
1270218388268	1	FR_PRES	3	BEAN	105	0	0	1189	(0.57740000000000002, 0.41289999999999999, 1.0)	../fonts/amplitud.ttf	upper
1270218392281	0	DISTRACTOR	3			16000	7
1270218408100	1	FR_PRES	3	STEW	1380	0	0	1317	(0.57740000000000002, 0.41289999999999999, 1.0)	../fonts/amplitud.ttf	upper
1270218412005	0	DISTRACTOR	3			16000	8
1270218428273	1	FR_PRES	3	PARIS	1014	0	1	1224	(0.57740000000000002, 0.41289999999999999, 1.0)	../fonts/amplitud.ttf	upper
1270218432378	0	DISTRACTOR	3			16000	9
1270218448322	1	FR_PRES	3	LONDON	843	0	1	1583	(0.57740000000000002, 0.41289999999999999, 1.0)	../fonts/amplitud.ttf	upper
1270218452295	0	DISTRACTOR	3			16000	10
1270218468187	1	FR_PRES	3	CAULIFLOWER	262	0	0	1734	(0.57740000000000002, 0.41289999999999999, 1.0)	../fonts/amplitud.ttf	upper
1270218472139	0	DISTRACTOR	3			16000	8
1270218488027	1	FR_PRES	3	HORNET	718	0	0	1134	(0.57740000000000002, 0.41289999999999999, 1.0)	../fonts/amplitud.ttf	upper
1270218492085	0	DISTRACTOR	3			16000	8
1270218507942	1	FR_PRES	3	TYPIST	1532	0	1	1099	(0.57740000000000002, 0.41289999999999999, 1.0)	../fonts/amplitud.ttf	upper
1270218511827	0	DISTRACTOR	3			16000	7
1270218527923	1	FR_PRES	3	SWATTER	1418	0	0	1118	(0.57740000000000002, 0.41289999999999999, 1.0)	../fonts/amplitud.ttf	upper
1270218531952	0	DISTRACTOR	3			16000	9
1270218547939	1	FR_PRES	3	ACROBAT	4	0	1	1206	(0.57740000000000002, 0.41289999999999999, 1.0)	../fonts/amplitud.ttf	upper
1270218552086	0	DISTRACTOR	3			16000	10
1270218567755	1	FR_PRES	3	CARNIVAL	245	0	1	1390	(0.57740000000000002, 0.41289999999999999, 1.0)	../fonts/amplitud.ttf	upper
1270218571951	0	DISTRACTOR	3			16000	7
1270218587653	1	FR_PRES	3	PRINTER	1126	0	0	1820	(0.57740000000000002, 0.41289999999999999, 1.0)	../fonts/amplitud.ttf	upper
1270218591713	0	DISTRACTOR	3			16000	10
1270218607702	1	FR_PRES	3	RASH	1167	0	0	1955	(0.57740000000000002, 0.41289999999999999, 1.0)	../fonts/amplitud.ttf	upper
1270218611596	0	DISTRACTOR	3			16000	8
1270218627784	1	FR_PRES	3	VEGETABLE	1552	0	0	1745	(0.57740000000000002, 0.41289999999999999, 1.0)	../fonts/amplitud.ttf	upper
1270218631715	0	DISTRACTOR	3			16000	8
1270218647857	1	FR_PRES	3	COCOON	339	0	0	912	(0.57740000000000002, 0.41289999999999999, 1.0)	../fonts/amplitud.ttf	upper
1270218651911	0	DISTRACTOR	3			16000	8
1270218667847	1	FR_PRES	3	COLUMN	350	0	1	1170	(0.57740000000000002, 0.41289999999999999, 1.0)	../fonts/amplitud.ttf	upper
1270218671728	0	DISTRACTOR	3			16000	7
1270218687713	1	FR_PRES	3	TRIGGER	1507	0	0	1336	(0.57740000000000002, 0.41289999999999999, 1.0)	../fonts/amplitud.ttf	upper
1270218691554	0	DISTRACTOR	3			16000	10
1270218708503	1	REC_START
1270218785106	0	REST
1270218786605	1	FR_PRES	4	LITERATURE	831	1	0	1300	(0.42259999999999998, 0.58709999999999996, 0)	../fonts/zerothre.ttf	lower
1270218790547	1	FR_PRES	4	PAWN	1030	1	0	1526	(0.42259999999999998, 0.58709999999999996, 0)	../fonts/zerothre.ttf	lower
1270218794630	1	FR_PRES	4	LOBSTER	837	0	0	1235	(0.57740000000000002, 0.41289999999999999, 1.0)	../fonts/amplitud.ttf	upper
1270218798480	1	FR_PRES	4	CRATER	400	0	1	1601	(0.57740000000000002, 0.41289999999999999, 1.0)	../fonts/amplitud.ttf	upper
1270218802513	1	FR_PRES	4	RUBY	1214	0	0	1408	(0.57740000000000002, 0.41289999999999999, 1.0)	../fonts/amplitud.ttf	upper
1270218806679	1	FR_PRES	4	ZUCCHINI	1638	0	0	1226	(0.57740000000000002, 0.41289999999999999, 1.0)	../fonts/amplitud.ttf	upper
1270218810570	1	FR_PRES	4	VESSEL	1558	1	0	1279	(0.42259999999999998, 0.58709999999999996, 0)	../fonts/zerothre.ttf	lower
1270218814770	1	FR_PRES	4	CAPTAIN	239	1	1	1391	(0.42259999999999998, 0.58709999999999996, 0)	../fonts/zerothre.ttf	lower
1270218818645	1	FR_PRES	4	DIARY	460	1	0	1916	(0.42259999999999998, 0.58709999999999996, 0)	../fonts/zerothre.ttf	lower
1270218822553	1	FR_PRES	4	SHOP	1290	1	0	1784	(0.42259999999999998, 0.58709999999999996, 0)	../fonts/zerothre.ttf	lower
1270218826527	1	FR_PRES	4	LION	827	0	1	1954	(0.57740000000000002, 0.41289999999999999, 1.0)	../fonts/amplitud.ttf	upper
1270218830627	1	FR_PRES	4	DRILL	497	0	0	1550	(0.57740000000000002, 0.41289999999999999, 1.0)	../fonts/amplitud.ttf	upper
1270218834568	1	FR_PRES	4	FACTORY	548	0	1	1089	(0.57740000000000002, 0.41289999999999999, 1.0)	../fonts/amplitud.ttf	upper
1270218838385	1	FR_PRES	4	PUBLISHER	1137	0	1	1440	(0.57740000000000002, 0.41289999999999999, 1.0)	../fonts/amplitud.ttf	upper
1270218842351	1	FR_PRES	4	PIKE	1067	1	0	2617	(0.42259999999999998, 0.58709999999999996, 0)	../fonts/zerothre.ttf	lower
1270218846434	1	FR_PRES	4	BARRACUDA	90	1	1	1479	(0.42259999999999998, 0.58709999999999996, 0)	../fonts/zerothre.ttf	lower
1270218852218	1	REC_START
1270218928862	0	REST
1270218930370	1	FR_PRES	5	YOLK	1633	0	0	1423	(0.57740000000000002, 0.41289999999999999, 1.0)	../fonts/amplitud.ttf	upper
1270218934461	1	FR_PRES	5	SKI	1316	0	1	1876	(0.57740000000000002, 0.41289999999999999, 1.0)	../fonts/amplitud.ttf	upper
1270218938461	1	FR_PRES	5	CONCRETE	361	0	1	1364	(0.57740000000000002, 0.41289999999999999, 1.0)	../fonts/amplitud.ttf	upper
1270218942636	1	FR_PRES	5	PANTHER	1009	1	1	1332	(0.42259999999999998, 0.58709999999999996, 0)	../fonts/zerothre.ttf	lower
1270218946602	1	FR_PRES	5	SNAKE	1333	1	1	887	(0.42259999999999998, 0.58709999999999996, 0)	../fonts/zerothre.ttf	lower
1270218950502	1	FR_PRES	5	LIEUTENANT	818	1	1	1275	(0.42259999999999998, 0.58709999999999996, 0)	../fonts/zerothre.ttf	lower
1270218954543	1	FR_PRES	5	SERGEANT	1269	1	1	1642	(0.42259999999999998, 0.58709999999999996, 0)	../fonts/zerothre.ttf	lower
1270218958668	1	FR_PRES	5	CLOTHES	327	1	0	1165	(0.42259999999999998, 0.58709999999999996, 0)	../fonts/zerothre.ttf	lower
1270218962526	1	FR_PRES	5	TOMATO	1476	0	0	1747	(0.57740000000000002, 0.41289999999999999, 1.0)	../fonts/amplitud.ttf	upper
1270218966484	1	FR_PRES	5	ROOSTER	1209	0	0	1525	(0.57740000000000002, 0.41289999999999999, 1.0)	../fonts/amplitud.ttf	upper
1270218970350	1	FR_PRES	5	WOLF	1619	0	1	1923	(0.57740000000000002, 0.41289999999999999, 1.0)	../fonts/amplitud.ttf	upper
1270218974492	1	FR_PRES	5	DRESS	495	1	0	1349	(0.42259999999999998, 0.58709999999999996, 0)	../fonts/zerothre.ttf	lower
1270218978433	1	FR_PRES	5	GANGSTER	620	1	1	984	(0.42259999999999998, 0.58709999999999996, 0)	../fonts/zerothre.ttf	lower
1270218982533	1	FR_PRES	5	COBRA	336	1	1	1284	(0.42259999999999998, 0.58709999999999996, 0)	../fonts/zerothre.ttf	lower
1270218986499	1	FR_PRES	5	CONDUCTOR	362	0	1	1366	(0.57740000000000002, 0.41289999999999999, 1.0)	../fonts/amplitud.ttf	upper
1270218990349	1	FR_PRES	5	RADIO	1157	0	1	2108	(0.57740000000000002, 0.41289999999999999, 1.0)	../fonts/amplitud.ttf	upper
1270218994490	0	DISTRACTOR	5			8000	5
1270219003215	1	REC_START
1270219080084	0	REST
1270219081584	0	DISTRACTOR	6			8000	3
1270219089108	1	FR_PRES	6	SKIRT	1319	0	0	1501	(0.57740000000000002, 0.41289999999999999, 1.0)	../fonts/amplitud.ttf	upper
1270219093074	0	DISTRACTOR	6			8000	3
1270219101149	1	FR_PRES	6	HOOP	716	0	0	1156	(0.57740000000000002, 0.41289999999999999, 1.0)	../fonts/amplitud.ttf	upper
1270219105231	0	DISTRACTOR	6			8000	3
1270219113306	1	FR_PRES	6	PICKLE	1059	0	0	1191	(0.57740000000000002, 0.41289999999999999, 1.0)	../fonts/amplitud.ttf	upper
1270219117261	0	DISTRACTOR	6			8000	4
1270219125189	1	FR_PRES	6	MONEY	908	0	0	972	(0.57740000000000002, 0.41289999999999999, 1.0)	../fonts/amplitud.ttf	upper
1270219129047	0	DISTRACTOR	6			8000	4
1270219137396	1	FR_PRES	6	GUARD	667	0	1	1357	(0.57740000000000002, 0.41289999999999999, 1.0)	../fonts/amplitud.ttf	upper
1270219141344	0	DISTRACTOR	6			8000	5
1270219149337	1	FR_PRES	6	LAKE	796	0	1	872	(0.57740000000000002, 0.41289999999999999, 1.0)	../fonts/amplitud.ttf	upper
1270219153538	0	DISTRACTOR	6			8000	4
1270219161345	1	FR_PRES	6	ORCHESTRA	981	0	1	840	(0.57740000000000002, 0.41289999999999999, 1.0)	../fonts/amplitud.ttf	upper
1270219165430	0	DISTRACTOR	6			8000	2
1270219173494	1	FR_PRES	6	FLUTE	585	0	0	875	(0.57740000000000002, 0.41289999999999999, 1.0)	../fonts/amplitud.ttf	upper
1270219177611	0	DISTRACTOR	6			8000	3
1270219185626	1	FR_PRES	6	PASTRY	1022	0	0	1167	(0.57740000000000002, 0.41289999999999999, 1.0)	../fonts/amplitud.ttf	upper
1270219189591	0	DISTRACTOR	6			8000	4
1270219197725	1	FR_PRES	6	PECAN	1036	0	0	1219	(0.57740000000000002, 0.41289999999999999, 1.0)	../fonts/amplitud.ttf	upper
1270219201778	0	DISTRACTOR	6			8000	4
1270219209908	1	FR_PRES	6	FLAG	573	0	0	1581	(0.57740000000000002, 0.41289999999999999, 1.0)	../fonts/amplitud.ttf	upper
1270219213966	0	DISTRACTOR	6			8000	3
1270219221765	1	FR_PRES	6	JUG	762	0	1	1203	(0.57740000000000002, 0.41289999999999999, 1.0)	../fonts/amplitud.ttf	upper
1270219225888	0	DISTRACTOR	6			8000	3
1270219233606	1	FR_PRES	6	MATCH	878	0	0	1395	(0.57740000000000002, 0.41289999999999999, 1.0)	../fonts/amplitud.ttf	upper
1270219237738	0	DISTRACTOR	6			8000	4
1270219245780	1	FR_PRES	6	PISTOL	1075	0	0	1069	(0.57740000000000002, 0.41289999999999999, 1.0)	../fonts/amplitud.ttf	upper
1270219249807	0	DISTRACTOR	6			8000	4
1270219257912	1	FR_PRES	6	DOLLAR	482	0	0	889	(0.57740000000000002, 0.41289999999999999, 1.0)	../fonts/amplitud.ttf	upper
1270219261923	0	DISTRACTOR	6			8000	3
1270219270070	1	FR_PRES	6	APPLE	33	0	0	890	(0.57740000000000002, 0.41289999999999999, 1.0)	../fonts/amplitud.ttf	upper
1270219274243	0	DISTRACTOR	6			8000	3
1270219282895	1	REC_START
1270219364538	0	REST
1270219366046	1	FR_PRES	7	POLYESTER	1100	1	0	898	(0.42259999999999998, 0.58709999999999996, 0)	../fonts/zerothre.ttf	lower
1270219370071	1	FR_PRES	7	DIAL	457	1	0	1626	(0.42259999999999998, 0.58709999999999996, 0)	../fonts/zerothre.ttf	lower
1270219373912	1	FR_PRES	7	DESIGNER	451	1	1	1161	(0.42259999999999998, 0.58709999999999996, 0)	../fonts/zerothre.ttf	lower
1270219378045	1	FR_PRES	7	CABIN	211	1	0	844	(0.42259999999999998, 0.58709999999999996, 0)	../fonts/zerothre.ttf	lower
1270219381870	1	FR_PRES	7	MOTH	920	1	1	1106	(0.42259999999999998, 0.58709999999999996, 0)	../fonts/zerothre.ttf	lower
1270219385820	1	FR_PRES	7	EAGLE	512	1	1	693	(0.42259999999999998, 0.58709999999999996, 0)	../fonts/zerothre.ttf	lower
1270219389836	1	FR_PRES	7	SEAGULL	1261	1	1	997	(0.42259999999999998, 0.58709999999999996, 0)	../fonts/zerothre.ttf	lower
1270219394019	1	FR_PRES	7	BALCONY	72	1	0	1031	(0.42259999999999998, 0.58709999999999996, 0)	../fonts/zerothre.ttf	lower
1270219397902	1	FR_PRES	7	RACCOON	1153	1	1	787	(0.42259999999999998, 0.58709999999999996, 0)	../fonts/zerothre.ttf	lower
1270219401868	1	FR_PRES	7	PORCUPINE	1107	1	1	821	(0.42259999999999998, 0.58709999999999996, 0)	../fonts/zerothre.ttf	lower
1270219405718	1	FR_PRES	7	EMPLOYER	532	1	1	755	(0.42259999999999998, 0.58709999999999996, 0)	../fonts/zerothre.ttf	lower
1270219409735	1	FR_PRES	7	TYPEWRITER	1531	1	0	1090	(0.42259999999999998, 0.58709999999999996, 0)	../fonts/zerothre.ttf	lower
1270219413751	1	FR_PRES	7	DRESSER	496	1	0	978	(0.42259999999999998, 0.58709999999999996, 0)	../fonts/zerothre.ttf	lower
1270219417634	1	FR_PRES	7	SHOELACE	1289	1	0	912	(0.42259999999999998, 0.58709999999999996, 0)	../fonts/zerothre.ttf	lower
1270219421534	1	FR_PRES	7	WITCH	1617	1	1	1131	(0.42259999999999998, 0.58709999999999996, 0)	../fonts/zerothre.ttf	lower
1270219425567	1	FR_PRES	7	ASSISTANT	48	1	1	827	(0.42259999999999998, 0.58709999999999996, 0)	../fonts/zerothre.ttf	lower
1270219429444	0	DISTRACTOR	7			16000	10
1270219446474	1	REC_START
1270219523051	0	REST
1270219524559	1	FR_PRES	8	SNACK	1331	1	0	1530	(0.42259999999999998, 0.58709999999999996, 0)	../fonts/zerothre.ttf	lower
1270219528376	1	FR_PRES	8	ICING	732	1	0	1258	(0.42259999999999998, 0.58709999999999996, 0)	../fonts/zerothre.ttf	lower
1270219532484	1	FR_PRES	8	PARROT	1015	1	1	805	(0.42259999999999998, 0.58709999999999996, 0)	../fonts/zerothre.ttf	lower
1270219536650	1	FR_PRES	8	CASHIER	254	1	1	1087	(0.42259999999999998, 0.58709999999999996, 0)	../fonts/zerothre.ttf	lower
1270219540758	1	FR_PRES	8	AGENT	10	1	1	964	(0.42259999999999998, 0.58709999999999996, 0)	../fonts/zerothre.ttf	lower
1270219544924	1	FR_PRES	8	SPONGE	1355	1	-999	3000	(0.42259999999999998, 0.58709999999999996, 0)	../fonts/zerothre.ttf	lower
1270219547948	1	SLOW_MSG
1270219550608	1	FR_PRES	8	RAG	1160	1	0	1842	(0.42259999999999998, 0.58709999999999996, 0)	../fonts/zerothre.ttf	lower
1270219554449	1	FR_PRES	8	VAULT	1550	1	0	1177	(0.42259999999999998, 0.58709999999999996, 0)	../fonts/zerothre.ttf	lower
1270219558307	1	FR_PRES	8	HOUND	724	1	1	1135	(0.42259999999999998, 0.58709999999999996, 0)	../fonts/zerothre.ttf	lower
1270219562298	1	FR_PRES	8	HIKER	708	1	1	872	(0.42259999999999998, 0.58709999999999996, 0)	../fonts/zerothre.ttf	lower
1270219566273	1	FR_PRES	8	SYRINGE	1424	1	0	841	(0.42259999999999998, 0.58709999999999996, 0)	../fonts/zerothre.ttf	lower
1270219570439	1	FR_PRES	8	BILL	126	1	0	1067	(0.42259999999999998, 0.58709999999999996, 0)	../fonts/zerothre.ttf	lower
1270219574506	1	FR_PRES	8	FOX	598	1	1	680	(0.42259999999999998, 0.58709999999999996, 0)	../fonts/zerothre.ttf	lower
1270219578464	1	FR_PRES	8	SALESMAN	1225	1	1	970	(0.42259999999999998, 0.58709999999999996, 0)	../fonts/zerothre.ttf	lower
1270219582489	1	FR_PRES	8	CUSTOMER	430	1	1	665	(0.42259999999999998, 0.58709999999999996, 0)	../fonts/zerothre.ttf	lower
1270219586680	1	FR_PRES	8	RAISIN	1163	1	0	1130	(0.42259999999999998, 0.58709999999999996, 0)	../fonts/zerothre.ttf	lower
1270219592355	1	REC_START
1270219674748	0	REST
1270219676257	1	FR_PRES	9	CHARCOAL	281	0	0	1641	(0.57740000000000002, 0.41289999999999999, 1.0)	../fonts/amplitud.ttf	upper
1270219680448	1	FR_PRES	9	PALACE	1006	0	1	2026	(0.57740000000000002, 0.41289999999999999, 1.0)	../fonts/amplitud.ttf	upper
1270219684556	1	FR_PRES	9	TRUCK	1512	0	1	1309	(0.57740000000000002, 0.41289999999999999, 1.0)	../fonts/amplitud.ttf	upper
1270219688597	1	FR_PRES	9	COAL	332	0	0	1339	(0.57740000000000002, 0.41289999999999999, 1.0)	../fonts/amplitud.ttf	upper
1270219692439	1	FR_PRES	9	AUDIENCE	59	0	1	787	(0.57740000000000002, 0.41289999999999999, 1.0)	../fonts/amplitud.ttf	upper
1270219696439	1	FR_PRES	9	STAFF	1365	0	1	755	(0.57740000000000002, 0.41289999999999999, 1.0)	../fonts/amplitud.ttf	upper
1270219700272	1	FR_PRES	9	STRING	1394	0	0	945	(0.57740000000000002, 0.41289999999999999, 1.0)	../fonts/amplitud.ttf	upper
1270219704130	1	FR_PRES	9	BAND	78	0	1	1431	(0.57740000000000002, 0.41289999999999999, 1.0)	../fonts/amplitud.ttf	upper
1270219708121	1	FR_PRES	9	GARDEN	623	0	0	1681	(0.57740000000000002, 0.41289999999999999, 1.0)	../fonts/amplitud.ttf	upper
1270219712104	1	FR_PRES	9	MUMMY	932	0	1	1018	(0.57740000000000002, 0.41289999999999999, 1.0)	../fonts/amplitud.ttf	upper
1270219715928	1	FR_PRES	9	SANDPAPER	1231	0	0	1258	(0.57740000000000002, 0.41289999999999999, 1.0)	../fonts/amplitud.ttf	upper
1270219719753	1	FR_PRES	9	HIGHWAY	707	0	1	905	(0.57740000000000002, 0.41289999999999999, 1.0)	../fonts/amplitud.ttf	upper
1270219723586	1	FR_PRES	9	ALBUM	14	0	0	1255	(0.57740000000000002, 0.41289999999999999, 1.0)	../fonts/amplitud.ttf	upper
1270219727619	1	FR_PRES	9	WATER	1594	0	0	1062	(0.57740000000000002, 0.41289999999999999, 1.0)	../fonts/amplitud.ttf	upper
1270219731469	1	FR_PRES	9	CANAL	226	0	1	933	(0.57740000000000002, 0.41289999999999999, 1.0)	../fonts/amplitud.ttf	upper
1270219735336	1	FR_PRES	9	ROSE	1212	0	0	1625	(0.57740000000000002, 0.41289999999999999, 1.0)	../fonts/amplitud.ttf	upper
1270219739145	0	DISTRACTOR	9			8000	4
1270219748252	1	REC_START
1270219833312	0	REST
1270219834812	0	DISTRACTOR	10			8000	3
1270219842419	1	FR_PRES	10	ARCHITECT	36	1	1	1598	(0.42259999999999998, 0.58709999999999996, 0)	../fonts/zerothre.ttf	lower
1270219846376	0	DISTRACTOR	10			8000	5
1270219854602	1	FR_PRES	10	VICTIM	1562	1	1	920	(0.42259999999999998, 0.58709999999999996, 0)	../fonts/zerothre.ttf	lower
1270219858693	0	DISTRACTOR	10			8000	3
1270219866601	1	FR_PRES	10	MEAT	883	1	0	1201	(0.42259999999999998, 0.58709999999999996, 0)	../fonts/zerothre.ttf	lower
1270219870754	0	DISTRACTOR	10			8000	4
1270219878592	1	FR_PRES	10	BUBBLE	183	1	0	1162	(0.42259999999999998, 0.58709999999999996, 0)	../fonts/zerothre.ttf	lower
1270219882799	0	DISTRACTOR	10			8000	4
1270219890641	1	FR_PRES	10	WARRIOR	1589	1	1	1889	(0.42259999999999998, 0.58709999999999996, 0)	../fonts/zerothre.ttf	lower
1270219894644	0	DISTRACTOR	10			8000	4
1270219902782	1	FR_PRES	10	RIB	1188	0	0	1668	(0.57740000000000002, 0.41289999999999999, 1.0)	../fonts/amplitud.ttf	upper
1270219906769	0	DISTRACTOR	10			8000	4
1270219914814	1	FR_PRES	10	WALL	1582	0	1	1836	(0.57740000000000002, 0.41289999999999999, 1.0)	../fonts/amplitud.ttf	upper
1270219918874	0	DISTRACTOR	10			8000	3
1270219926797	1	FR_PRES	10	SANDWICH	1232	0	0	1140	(0.57740000000000002, 0.41289999999999999, 1.0)	../fonts/amplitud.ttf	upper
1270219930615	0	DISTRACTOR	10			8000	3
1270219938629	1	FR_PRES	10	FUGITIVE	612	1	1	2373	(0.42259999999999998, 0.58709999999999996, 0)	../fonts/zerothre.ttf	lower
1270219942740	0	DISTRACTOR	10			8000	3
1270219950703	1	FR_PRES	10	MULE	931	1	1	1307	(0.42259999999999998, 0.58709999999999996, 0)	../fonts/zerothre.ttf	lower
1270219954770	0	DISTRACTOR	10			8000	4
1270219962552	1	FR_PRES	10	STABLE	1363	1	0	1674	(0.42259999999999998, 0.58709999999999996, 0)	../fonts/zerothre.ttf	lower
1270219966474	0	DISTRACTOR	10			8000	3
1270219974601	1	FR_PRES	10	DIAMOND	458	0	0	1161	(0.57740000000000002, 0.41289999999999999, 1.0)	../fonts/amplitud.ttf	upper
1270219978513	0	DISTRACTOR	10			8000	4
1270219986659	1	FR_PRES	10	GOLD	647	0	0	983	(0.57740000000000002, 0.41289999999999999, 1.0)	../fonts/amplitud.ttf	upper
1270219990551	0	DISTRACTOR	10			8000	3
1270219998550	1	FR_PRES	10	BRIEFCASE	175	0	1	2284	(0.57740000000000002, 0.41289999999999999, 1.0)	../fonts/amplitud.ttf	upper
1270220002392	0	DISTRACTOR	10			8000	4
1270220010632	1	FR_PRES	10	CARAVAN	242	0	1	1194	(0.57740000000000002, 0.41289999999999999, 1.0)	../fonts/amplitud.ttf	upper
1270220014671	0	DISTRACTOR	10			8000	4
1270220022631	1	FR_PRES	10	FREEWAY	603	0	1	867	(0.57740000000000002, 0.41289999999999999, 1.0)	../fonts/amplitud.ttf	upper
1270220026462	0	DISTRACTOR	10			8000	4
1270220035539	1	REC_START
1270220113883	0	REST
1270220115383	0	DISTRACTOR	11			16000	5
1270220130773	1	FR_PRES	11	FLIPPER	580	1	0	1685	(0.42259999999999998, 0.58709999999999996, 0)	../fonts/zerothre.ttf	lower
1270220134723	0	DISTRACTOR	11			16000	9
1270220150971	1	FR_PRES	11	JUGGLER	763	1	1	1271	(0.42259999999999998, 0.58709999999999996, 0)	../fonts/zerothre.ttf	lower
1270220154986	0	DISTRACTOR	11			16000	10
1270220171062	1	FR_PRES	11	WIRE	1616	1	0	1108	(0.42259999999999998, 0.58709999999999996, 0)	../fonts/zerothre.ttf	lower
1270220175102	0	DISTRACTOR	11			16000	10
1270220191260	1	FR_PRES	11	PAINTING	1005	1	0	2022	(0.42259999999999998, 0.58709999999999996, 0)	../fonts/zerothre.ttf	lower
1270220195236	0	DISTRACTOR	11			16000	8
1270220211151	1	FR_PRES	11	OX	994	1	1	1315	(0.42259999999999998, 0.58709999999999996, 0)	../fonts/zerothre.ttf	lower
1270220215183	0	DISTRACTOR	11			16000	8
1270220231049	1	FR_PRES	11	HERD	705	1	1	1217	(0.42259999999999998, 0.58709999999999996, 0)	../fonts/zerothre.ttf	lower
1270220235059	0	DISTRACTOR	11			16000	7
1270220250938	1	FR_PRES	11	SEAL	1262	1	1	1047	(0.42259999999999998, 0.58709999999999996, 0)	../fonts/zerothre.ttf	lower
1270220254981	0	DISTRACTOR	11			16000	10
1270220271063	1	FR_PRES	11	HEDGE	699	1	0	1531	(0.42259999999999998, 0.58709999999999996, 0)	../fonts/zerothre.ttf	lower
1270220275167	0	DISTRACTOR	11			16000	6
1270220291228	1	FR_PRES	11	BUSH	202	1	1	1030	(0.42259999999999998, 0.58709999999999996, 0)	../fonts/zerothre.ttf	lower
1270220295376	0	DISTRACTOR	11			16000	10
1270220311360	1	FR_PRES	11	SKETCH	1315	1	0	826	(0.42259999999999998, 0.58709999999999996, 0)	../fonts/zerothre.ttf	lower
1270220315476	0	DISTRACTOR	11			16000	9
1270220331483	1	FR_PRES	11	WAVE	1596	1	0	1111	(0.42259999999999998, 0.58709999999999996, 0)	../fonts/zerothre.ttf	lower
1270220335303	0	DISTRACTOR	11			16000	9
1270220351515	1	FR_PRES	11	TICKET	1464	1	0	775	(0.42259999999999998, 0.58709999999999996, 0)	../fonts/zerothre.ttf	lower
1270220355393	0	DISTRACTOR	11			16000	10
1270220371597	1	FR_PRES	11	TERMINAL	1450	1	0	1125	(0.42259999999999998, 0.58709999999999996, 0)	../fonts/zerothre.ttf	lower
1270220375533	0	DISTRACTOR	11			16000	7
1270220391437	1	FR_PRES	11	FARMER	553	1	1	861	(0.42259999999999998, 0.58709999999999996, 0)	../fonts/zerothre.ttf	lower
1270220395482	0	DISTRACTOR	11			16000	9
1270220411361	1	FR_PRES	11	CLOWN	330	1	1	857	(0.42259999999999998, 0.58709999999999996, 0)	../fonts/zerothre.ttf	lower
1270220415276	0	DISTRACTOR	11			16000	10
1270220431209	1	FR_PRES	11	DECK	443	1	0	1321	(0.42259999999999998, 0.58709999999999996, 0)	../fonts/zerothre.ttf	lower
1270220435054	0	DISTRACTOR	11			16000	9
1270220451949	1	REC_START
1270220527536	1	REST_REWET
1270221033790	0	MATH_TOTAL_SCORE	499
1270221040848	0	FFR_START
1270221046431	1	REC_START
1270221363158	0	RECOG_START
1270221363158	1	REC_START
1270221363199	0	RECOG_PRES	0	HANDKERCHIEF	686	-999	P	1954
1270221365524	0	RECOG_CR_PRES	0	HANDKERCHIEF	686	-999	P	342
1270221366207	1	RECOG_FEEDBACK	1
1270221366939	0	RECOG_PRES	0	CHESS	294	-999	P	1247
1270221368557	0	RECOG_CR_PRES	0	CHESS	294	-999	P	213
1270221369099	1	RECOG_FEEDBACK	1
1270221369824	0	RECOG_PRES	0	UNIVERSE	1540	-999	P	1082
1270221371274	0	RECOG_CR_PRES	0	UNIVERSE	1540	-999	P	192
1270221371782	1	RECOG_FEEDBACK	1
1270221372540	0	RECOG_PRES	0	CUBE	420	-999	P	942
1270221373857	0	RECOG_CR_PRES	0	CUBE	420	-999	P	88
1270221374257	1	RECOG_FEEDBACK	1
1270221375015	0	RECOG_PRES	0	SUITCASE	1403	-999	P	930
1270221376306	0	RECOG_CR_PRES	0	SUITCASE	1403	-999	P	112
1270221376731	1	RECOG_FEEDBACK	1
1270221377465	0	RECOG_PRES	0	RASPBERRY	1168	-999	P	866
1270221378731	0	RECOG_CR_PRES	0	RASPBERRY	1168	-999	P	95
1270221379140	1	RECOG_FEEDBACK	1
1270221379898	0	RECOG_PRES	0	WATER	1594	-999	P	784
1270221381056	0	RECOG_CR_PRES	0	WATER	1594	-999	P	130
1270221381481	1	RECOG_FEEDBACK	1
1270221382198	0	RECOG_PRES	0	RAISIN	1163	-999	P	868
1270221383439	0	RECOG_CR_PRES	0	RAISIN	1163	-999	P	139
1270221383889	1	RECOG_FEEDBACK	1
1270221384672	0	RECOG_PRES	0	PIGMENT	1066	-999	P	1138
1270221386181	0	RECOG_CR_PRES	0	PIGMENT	1066	-999	P	125
1270221386631	1	RECOG_FEEDBACK	1
1270221387431	0	RECOG_PRES	0	COYOTE	396	-999	P	1011
1270221388814	0	RECOG_CR_PRES	0	COYOTE	396	-999	P	236
1270221389364	1	RECOG_FEEDBACK	1
1270221390089	0	RECOG_PRES	0	SUPERMARKET	1409	-999	P	1033
1270221391497	0	RECOG_CR_PRES	0	SUPERMARKET	1409	-999	P	169
1270221391971	1	RECOG_FEEDBACK	1
1270221392764	0	RECOG_PRES	0	VEGETABLE	1552	-999	P	807
1270221393971	0	RECOG_CR_PRES	0	VEGETABLE	1552	-999	P	87
1270221394363	1	RECOG_FEEDBACK	1
1270221395172	0	RECOG_PRES	0	BUBBLE	183	-999	P	854
1270221396397	0	RECOG_CR_PRES	0	BUBBLE	183	-999	P	77
1270221396780	1	RECOG_FEEDBACK	1
1270221397505	0	RECOG_PRES	0	SKI	1316	-999	P	785
1270221398663	0	RECOG_CR_PRES	0	SKI	1316	-999	P	91
1270221399055	1	RECOG_FEEDBACK	1
1270221399788	0	RECOG_PRES	0	SHERIFF	1284	-999	P	998
1270221401155	0	RECOG_CR_PRES	0	SHERIFF	1284	-999	P	135
1270221401596	1	RECOG_FEEDBACK	1
1270221402396	0	RECOG_PRES	0	PAWN	1030	-999	P	830
1270221403596	0	RECOG_CR_PRES	0	PAWN	1030	-999	P	126
1270221404029	1	RECOG_FEEDBACK	1
1270221404813	0	RECOG_PRES	0	CONDUCTOR	362	-999	P	957
1270221406146	0	RECOG_CR_PRES	0	CONDUCTOR	362	-999	P	112
1270221406571	1	RECOG_FEEDBACK	1
1270221407321	0	RECOG_PRES	0	SCRIBBLE	1256	-999	P	1097
1270221408787	0	RECOG_CR_PRES	0	SCRIBBLE	1256	-999	P	150
1270221409271	1	RECOG_FEEDBACK	1
1270221409995	0	RECOG_PRES	0	GROOM	665	-999	P	1039
1270221411404	0	RECOG_CR_PRES	0	GROOM	665	-999	P	158
1270221411879	1	RECOG_FEEDBACK	1
1270221412645	0	RECOG_PRES	0	CRAYON	401	-999	P	1501
1270221414520	0	RECOG_CR_PRES	0	CRAYON	401	-999	P	170
1270221415037	1	RECOG_FEEDBACK	0
1270221416387	0	REST
1270221417548	1	REC_START
1270221417587	0	RECOG_PRES	1	CLOUD	328	-999	P	1167
1270221419128	0	RECOG_CR_PRES	1	CLOUD	328	-999	P	194
1270221419628	1	RECOG_FEEDBACK	1
1270221420395	0	RECOG_PRES	1	SYRINGE	1424	-999	P	879
1270221421636	0	RECOG_CR_PRES	1	SYRINGE	1424	-999	P	126
1270221422078	1	RECOG_FEEDBACK	1
1270221422795	0	RECOG_PRES	1	CARNIVAL	245	-999	P	807
1270221423977	0	RECOG_CR_PRES	1	CARNIVAL	245	-999	P	145
1270221424420	1	RECOG_FEEDBACK	1
1270221425203	0	RECOG_PRES	1	GARDEN	623	-999	P	823
1270221426394	0	RECOG_CR_PRES	1	GARDEN	623	-999	P	160
1270221426861	1	RECOG_FEEDBACK	1
1270221427669	0	RECOG_PRES	1	ZUCCHINI	1638	-999	P	901
1270221428943	0	RECOG_CR_PRES	1	ZUCCHINI	1638	-999	P	115
1270221429378	1	RECOG_FEEDBACK	1
1270221430186	0	RECOG_PRES	1	DIAGRAM	456	-999	P	912
1270221431469	0	RECOG_CR_PRES	1	DIAGRAM	456	-999	P	181
1270221431951	1	RECOG_FEEDBACK	1
1270221432702	0	RECOG_PRES	1	FACTORY	548	-999	P	1068
1270221434135	0	RECOG_CR_PRES	1	FACTORY	548	-999	P	131
1270221434577	1	RECOG_FEEDBACK	1
1270221435385	0	RECOG_PRES	1	SNACK	1331	-999	P	873
1270221436627	0	RECOG_CR_PRES	1	SNACK	1331	-999	P	127
1270221437052	1	RECOG_FEEDBACK	1
1270221437810	0	RECOG_PRES	1	HORNET	718	-999	P	849
1270221439060	0	RECOG_CR_PRES	1	HORNET	718	-999	P	190
1270221439552	1	RECOG_FEEDBACK	1
1270221440277	0	RECOG_PRES	1	LUGGAGE	847	-999	P	883
1270221441560	0	RECOG_CR_PRES	1	LUGGAGE	847	-999	P	162
1270221442027	1	RECOG_FEEDBACK	1
1270221442802	0	RECOG_PRES	1	CREEK	404	-999	P	1424
1270221444601	0	RECOG_CR_PRES	1	CREEK	404	-999	P	89
1270221445035	1	RECOG_FEEDBACK	1
1270221445826	0	RECOG_PRES	1	DRIVER	499	-999	P	968
1270221447168	0	RECOG_CR_PRES	1	DRIVER	499	-999	P	138
1270221447609	1	RECOG_FEEDBACK	1
1270221448368	0	RECOG_PRES	1	SHIP	1286	-999	P	1258
1270221450001	0	RECOG_CR_PRES	1	SHIP	1286	-999	P	145
1270221450468	1	RECOG_FEEDBACK	1
1270221451218	0	RECOG_PRES	1	HELMET	702	-999	P	1000
1270221452592	0	RECOG_CR_PRES	1	HELMET	702	-999	P	234
1270221453134	1	RECOG_FEEDBACK	1
1270221453884	0	RECOG_PRES	1	OVAL	990	-999	P	918
1270221455176	0	RECOG_CR_PRES	1	OVAL	990	-999	P	154
1270221455626	1	RECOG_FEEDBACK	1
1270221456392	0	RECOG_PRES	1	RULER	1216	-999	P	1034
1270221457800	0	RECOG_CR_PRES	1	RULER	1216	-999	P	177
1270221458292	1	RECOG_FEEDBACK	1
1270221459017	0	RECOG_PRES	1	FRIAR	605	-999	P	1001
1270221460392	0	RECOG_CR_PRES	1	FRIAR	605	-999	P	146
1270221460834	1	RECOG_FEEDBACK	0
1270221461567	0	RECOG_PRES	1	SHOP	1290	-999	P	2611
1270221464550	0	RECOG_CR_PRES	1	SHOP	1290	-999	P	140
1270221465042	1	RECOG_FEEDBACK	1
1270221465817	0	RECOG_PRES	1	WORKER	1621	-999	P	1368
1270221467566	0	RECOG_CR_PRES	1	WORKER	1621	-999	P	68
1270221467949	1	RECOG_FEEDBACK	1
1270221468675	0	RECOG_PRES	1	VASE	1549	-999	P	975
1270221470025	0	RECOG_CR_PRES	1	VASE	1549	-999	P	105
1270221470433	1	RECOG_FEEDBACK	1
1270221471691	0	REST
1270221472730	1	REC_START
1270221472766	0	RECOG_PRES	2	WALL	1582	-999	P	932
1270221474074	0	RECOG_CR_PRES	2	WALL	1582	-999	P	120
1270221474499	1	RECOG_FEEDBACK	1
1270221475208	0	RECOG_PRES	2	HEAD	695	-999	P	785
1270221476366	0	RECOG_CR_PRES	2	HEAD	695	-999	P	100
1270221476766	1	RECOG_FEEDBACK	1
1270221477507	0	RECOG_PRES	2	CANAL	226	-999	P	823
1270221478699	0	RECOG_CR_PRES	2	CANAL	226	-999	P	135
1270221479132	1	RECOG_FEEDBACK	1
1270221479874	0	RECOG_PRES	2	PASTRY	1022	-999	P	816
1270221481065	0	RECOG_CR_PRES	2	PASTRY	1022	-999	P	81
1270221481440	1	RECOG_FEEDBACK	1
1270221482215	0	RECOG_PRES	2	MUMMY	932	-999	P	803
1270221483390	0	RECOG_CR_PRES	2	MUMMY	932	-999	P	84
1270221483774	1	RECOG_FEEDBACK	1
1270221484582	0	RECOG_PRES	2	WOLF	1619	-999	P	799
1270221485782	0	RECOG_CR_PRES	2	WOLF	1619	-999	P	132
1270221486215	1	RECOG_FEEDBACK	1
1270221486964	0	RECOG_PRES	2	BUNNY	198	-999	P	989
1270221488315	0	RECOG_CR_PRES	2	BUNNY	198	-999	P	119
1270221488740	1	RECOG_FEEDBACK	1
1270221489548	0	RECOG_PRES	2	PENGUIN	1044	-999	P	799
1270221490748	0	RECOG_CR_PRES	2	PENGUIN	1044	-999	P	78
1270221491123	1	RECOG_FEEDBACK	0
1270221491848	0	RECOG_PRES	2	NUN	962	-999	P	1730
1270221493947	0	RECOG_CR_PRES	2	NUN	962	-999	P	191
1270221494456	1	RECOG_FEEDBACK	1
1270221495239	0	RECOG_PRES	2	SALESMAN	1225	-999	P	1371
1270221496980	0	RECOG_CR_PRES	2	SALESMAN	1225	-999	P	118
1270221497423	1	RECOG_FEEDBACK	0
1270221498172	0	RECOG_PRES	2	FRUIT	610	-999	P	1326
1270221499872	0	RECOG_CR_PRES	2	FRUIT	610	-999	P	162
1270221500356	1	RECOG_FEEDBACK	1
1270221501081	0	RECOG_PRES	2	PAINTING	1005	-999	P	880
1270221502322	0	RECOG_CR_PRES	2	PAINTING	1005	-999	P	80
1270221502697	1	RECOG_FEEDBACK	1
1270221503480	0	RECOG_PRES	2	HAND	683	-999	P	1154
1270221505005	0	RECOG_CR_PRES	2	HAND	683	-999	P	133
1270221505464	1	RECOG_FEEDBACK	1
1270221506180	0	RECOG_PRES	2	BAIT	70	-999	P	891
1270221507463	0	RECOG_CR_PRES	2	BAIT	70	-999	P	155
1270221507913	1	RECOG_FEEDBACK	1
1270221508622	0	RECOG_PRES	2	DIAMOND	458	-999	P	788
1270221509780	0	RECOG_CR_PRES	2	DIAMOND	458	-999	P	141
1270221510222	1	RECOG_FEEDBACK	1
1270221510995	0	RECOG_PRES	2	ERASER	538	-999	P	879
1270221512246	0	RECOG_CR_PRES	2	ERASER	538	-999	P	188
1270221512730	1	RECOG_FEEDBACK	1
1270221513505	0	RECOG_PRES	2	LONDON	843	-999	P	2049
1270221515928	0	RECOG_CR_PRES	2	LONDON	843	-999	P	178
1270221516479	1	RECOG_FEEDBACK	1
1270221517196	0	RECOG_PRES	2	CRATER	400	-999	P	990
1270221518554	0	RECOG_CR_PRES	2	CRATER	400	-999	P	128
1270221518995	1	RECOG_FEEDBACK	1
1270221519721	0	RECOG_PRES	2	FIN	566	-999	P	1224
1270221521312	0	RECOG_CR_PRES	2	FIN	566	-999	P	170
1270221521812	1	RECOG_FEEDBACK	1
1270221522596	0	RECOG_PRES	2	CAPTAIN	239	-999	P	1926
1270221524896	0	RECOG_CR_PRES	2	CAPTAIN	239	-999	P	122
1270221525362	1	RECOG_FEEDBACK	1
1270221526729	0	REST
1270221527638	1	REC_START
1270221527670	0	RECOG_PRES	3	EAGLE	512	-999	P	1020
1270221529062	0	RECOG_CR_PRES	3	EAGLE	512	-999	P	156
1270221529528	1	RECOG_FEEDBACK	1
1270221530237	0	RECOG_PRES	3	BEETLE	116	-999	P	957
1270221531570	0	RECOG_CR_PRES	3	BEETLE	116	-999	P	72
1270221531952	1	RECOG_FEEDBACK	1
1270221532703	0	RECOG_PRES	3	ORCHESTRA	981	-999	P	795
1270221533870	0	RECOG_CR_PRES	3	ORCHESTRA	981	-999	P	59
1270221534236	1	RECOG_FEEDBACK	1
1270221535020	0	RECOG_PRES	3	EYE	545	-999	P	886
1270221536278	0	RECOG_CR_PRES	3	EYE	545	-999	P	148
1270221536736	1	RECOG_FEEDBACK	1
1270221537445	0	RECOG_PRES	3	PARROT	1015	-999	P	877
1270221538694	0	RECOG_CR_PRES	3	PARROT	1015	-999	P	148
1270221539161	1	RECOG_FEEDBACK	1
1270221539968	0	RECOG_PRES	3	DOG	480	-999	P	1314
1270221541653	0	RECOG_CR_PRES	3	DOG	480	-999	P	197
1270221542186	1	RECOG_FEEDBACK	1
1270221542943	0	RECOG_PRES	3	TICKET	1464	-999	P	852
1270221544194	0	RECOG_CR_PRES	3	TICKET	1464	-999	P	88
1270221544602	1	RECOG_FEEDBACK	1
1270221545394	0	RECOG_PRES	3	WAVE	1596	-999	P	808
1270221546577	0	RECOG_CR_PRES	3	WAVE	1596	-999	P	97
1270221546968	1	RECOG_FEEDBACK	1
1270221547702	0	RECOG_PRES	3	BROCCOLI	176	-999	P	996
1270221549069	0	RECOG_CR_PRES	3	BROCCOLI	176	-999	P	181
1270221549552	1	RECOG_FEEDBACK	1
1270221550302	0	RECOG_PRES	3	JUGGLER	763	-999	P	858
1270221551560	0	RECOG_CR_PRES	3	JUGGLER	763	-999	P	66
1270221551942	1	RECOG_FEEDBACK	1
1270221552735	0	RECOG_PRES	3	COCOON	339	-999	P	808
1270221553942	0	RECOG_CR_PRES	3	COCOON	339	-999	P	68
1270221554327	1	RECOG_FEEDBACK	1
1270221555135	0	RECOG_PRES	3	RADIO	1157	-999	P	794
1270221556293	0	RECOG_CR_PRES	3	RADIO	1157	-999	P	141
1270221556751	1	RECOG_FEEDBACK	1
1270221557526	0	RECOG_PRES	3	JELLY	755	-999	P	825
1270221558751	0	RECOG_CR_PRES	3	JELLY	755	-999	P	107
1270221559168	1	RECOG_FEEDBACK	1
1270221559959	0	RECOG_PRES	3	MATCH	878	-999	P	875
1270221561209	0	RECOG_CR_PRES	3	MATCH	878	-999	P	87
1270221561618	1	RECOG_FEEDBACK	1
1270221562334	0	RECOG_PRES	3	COMMITTEE	355	-999	P	948
1270221563651	0	RECOG_CR_PRES	3	COMMITTEE	355	-999	P	119
1270221564084	1	RECOG_FEEDBACK	1
1270221564868	0	RECOG_PRES	3	PUBLISHER	1137	-999	P	974
1270221566217	0	RECOG_CR_PRES	3	PUBLISHER	1137	-999	P	97
1270221566634	1	RECOG_FEEDBACK	1
1270221567426	0	RECOG_PRES	3	DIAL	457	-999	P	768
1270221568567	0	RECOG_CR_PRES	3	DIAL	457	-999	P	83
1270221568950	1	RECOG_FEEDBACK	1
1270221569675	0	RECOG_PRES	3	AUDIENCE	59	-999	P	855
1270221570900	0	RECOG_CR_PRES	3	AUDIENCE	59	-999	P	142
1270221571350	1	RECOG_FEEDBACK	1
1270221572075	0	RECOG_PRES	3	HIGHWAY	707	-999	P	870
1270221573309	0	RECOG_CR_PRES	3	HIGHWAY	707	-999	P	117
1270221573742	1	RECOG_FEEDBACK	1
1270221574517	0	RECOG_PRES	3	MARSH	874	-999	P	1093
1270221575982	0	RECOG_CR_PRES	3	MARSH	874	-999	P	92
1270221576417	1	RECOG_FEEDBACK	1
1270221577650	0	REST
1270221578797	1	REC_START
1270221578833	0	RECOG_PRES	4	LOBSTER	837	-999	P	833
1270221580041	0	RECOG_CR_PRES	4	LOBSTER	837	-999	P	121
1270221580466	1	RECOG_FEEDBACK	1
1270221581258	0	RECOG_PRES	4	ENEMY	534	-999	P	808
1270221582466	0	RECOG_CR_PRES	4	ENEMY	534	-999	P	80
1270221582850	1	RECOG_FEEDBACK	1
1270221583641	0	RECOG_PRES	4	FRAGRANCE	599	-999	P	945
1270221584957	0	RECOG_CR_PRES	4	FRAGRANCE	599	-999	P	101
1270221585366	1	RECOG_FEEDBACK	1
1270221586116	0	RECOG_PRES	4	PRINTER	1126	-999	P	998
1270221587483	0	RECOG_CR_PRES	4	PRINTER	1126	-999	P	87
1270221587883	1	RECOG_FEEDBACK	1
1270221588632	0	RECOG_PRES	4	FLASHLIGHT	575	-999	P	858
1270221589866	0	RECOG_CR_PRES	4	FLASHLIGHT	575	-999	P	127
1270221590299	1	RECOG_FEEDBACK	1
1270221591066	0	RECOG_PRES	4	BARRACUDA	90	-999	P	927
1270221592365	0	RECOG_CR_PRES	4	BARRACUDA	90	-999	P	109
1270221592799	1	RECOG_FEEDBACK	1
1270221593599	0	RECOG_PRES	4	CHAMBER	277	-999	P	947
1270221594915	0	RECOG_CR_PRES	4	CHAMBER	277	-999	P	127
1270221595349	1	RECOG_FEEDBACK	1
1270221596132	0	RECOG_PRES	4	DOLLAR	482	-999	P	1006
1270221597507	0	RECOG_CR_PRES	4	DOLLAR	482	-999	P	151
1270221597964	1	RECOG_FEEDBACK	1
1270221598732	0	RECOG_PRES	4	SPONGE	1355	-999	P	822
1270221599922	0	RECOG_CR_PRES	4	SPONGE	1355	-999	P	55
1270221600282	1	RECOG_FEEDBACK	1
1270221601015	0	RECOG_PRES	4	MONEY	908	-999	P	859
1270221602248	0	RECOG_CR_PRES	4	MONEY	908	-999	P	114
1270221602665	1	RECOG_FEEDBACK	1
1270221603406	0	RECOG_PRES	4	CLIMBER	323	-999	P	948
1270221604723	0	RECOG_CR_PRES	4	CLIMBER	323	-999	P	151
1270221605173	1	RECOG_FEEDBACK	1
1270221605914	0	RECOG_PRES	4	CABIN	211	-999	P	832
1270221607114	0	RECOG_CR_PRES	4	CABIN	211	-999	P	88
1270221607506	1	RECOG_FEEDBACK	1
1270221608306	0	RECOG_PRES	4	DWARF	510	-999	P	880
1270221609556	0	RECOG_CR_PRES	4	DWARF	510	-999	P	86
1270221609947	1	RECOG_FEEDBACK	1
1270221610747	0	RECOG_PRES	4	BELT	120	-999	P	999
1270221612122	0	RECOG_CR_PRES	4	BELT	120	-999	P	128
1270221612564	1	RECOG_FEEDBACK	1
1270221613297	0	RECOG_PRES	4	FOX	598	-999	P	857
1270221614531	0	RECOG_CR_PRES	4	FOX	598	-999	P	143
1270221614996	1	RECOG_FEEDBACK	1
1270221615781	0	RECOG_PRES	4	GRAPE	654	-999	P	973
1270221617130	0	RECOG_CR_PRES	4	GRAPE	654	-999	P	136
1270221617589	1	RECOG_FEEDBACK	1
1270221618389	0	RECOG_PRES	4	FUGITIVE	612	-999	P	965
1270221619730	0	RECOG_CR_PRES	4	FUGITIVE	612	-999	P	191
1270221620247	1	RECOG_FEEDBACK	1
1270221621022	0	RECOG_PRES	4	MOUNTAIN	924	-999	P	931
1270221622322	0	RECOG_CR_PRES	4	MOUNTAIN	924	-999	P	272
1270221622888	1	RECOG_FEEDBACK	1
1270221623655	0	RECOG_PRES	4	DRESSER	496	-999	P	779
1270221624796	0	RECOG_CR_PRES	4	DRESSER	496	-999	P	157
1270221625238	1	RECOG_FEEDBACK	1
1270221625970	0	RECOG_PRES	4	CASHIER	254	-999	P	840
1270221627180	0	RECOG_CR_PRES	4	CASHIER	254	-999	P	174
1270221627655	1	RECOG_FEEDBACK	1
1270221629188	0	REST
1270221630203	1	REC_START
1270221630238	0	RECOG_PRES	5	PALACE	1006	-999	P	916
1270221631529	0	RECOG_CR_PRES	5	PALACE	1006	-999	P	145
1270221631978	1	RECOG_FEEDBACK	1
1270221632738	0	RECOG_PRES	5	GOLD	647	-999	P	736
1270221633837	0	RECOG_CR_PRES	5	GOLD	647	-999	P	189
1270221634321	1	RECOG_FEEDBACK	1
1270221635104	0	RECOG_PRES	5	POLYESTER	1100	-999	P	794
1270221636271	0	RECOG_CR_PRES	5	POLYESTER	1100	-999	P	235
1270221636796	1	RECOG_FEEDBACK	1
1270221637520	0	RECOG_PRES	5	CALENDAR	221	-999	P	1058
1270221638953	0	RECOG_CR_PRES	5	CALENDAR	221	-999	P	145
1270221639404	1	RECOG_FEEDBACK	1
1270221640179	0	RECOG_PRES	5	AGENT	10	-999	P	1447
1270221642003	0	RECOG_CR_PRES	5	AGENT	10	-999	P	71
1270221642395	1	RECOG_FEEDBACK	1
1270221643178	0	RECOG_PRES	5	ALBUM	14	-999	P	1088
1270221644637	0	RECOG_CR_PRES	5	ALBUM	14	-999	P	77
1270221645028	1	RECOG_FEEDBACK	1
1270221645787	0	RECOG_PRES	5	SANDWICH	1232	-999	P	1039
1270221647195	0	RECOG_CR_PRES	5	SANDWICH	1232	-999	P	71
1270221647578	1	RECOG_FEEDBACK	1
1270221648328	0	RECOG_PRES	5	TUSK	1523	-999	P	1842
1270221650545	0	RECOG_CR_PRES	5	TUSK	1523	-999	P	97
1270221650969	1	RECOG_FEEDBACK	1
1270221651769	0	RECOG_PRES	5	COACH	331	-999	P	1401
1270221653544	0	RECOG_CR_PRES	5	COACH	331	-999	P	146
1270221654011	1	RECOG_FEEDBACK	1
1270221654736	0	RECOG_PRES	5	MULE	931	-999	P	1434
1270221656544	0	RECOG_CR_PRES	5	MULE	931	-999	P	106
1270221656985	1	RECOG_FEEDBACK	0
1270221657719	0	RECOG_PRES	5	FELLOW	558	-999	P	1099
1270221659194	0	RECOG_CR_PRES	5	FELLOW	558	-999	P	112
1270221659619	1	RECOG_FEEDBACK	1
1270221660336	0	RECOG_PRES	5	APPLE	33	-999	P	810
1270221661510	0	RECOG_CR_PRES	5	APPLE	33	-999	P	116
1270221661926	1	RECOG_FEEDBACK	1
1270221662677	0	RECOG_PRES	5	STABLE	1363	-999	P	909
1270221663959	0	RECOG_CR_PRES	5	STABLE	1363	-999	P	131
1270221664394	1	RECOG_FEEDBACK	1
1270221665168	0	RECOG_PRES	5	ELF	525	-999	P	882
1270221666418	0	RECOG_CR_PRES	5	ELF	525	-999	P	112
1270221666835	1	RECOG_FEEDBACK	1
1270221667585	0	RECOG_PRES	5	BUSH	202	-999	P	858
1270221668843	0	RECOG_CR_PRES	5	BUSH	202	-999	P	55
1270221669210	1	RECOG_FEEDBACK	1
1270221669984	0	RECOG_PRES	5	OX	994	-999	P	786
1270221671143	0	RECOG_CR_PRES	5	OX	994	-999	P	139
1270221671576	1	RECOG_FEEDBACK	1
1270221672293	0	RECOG_PRES	5	ROOSTER	1209	-999	P	1005
1270221673660	0	RECOG_CR_PRES	5	ROOSTER	1209	-999	P	102
1270221674076	1	RECOG_FEEDBACK	1
1270221674826	0	RECOG_PRES	5	SKETCH	1315	-999	P	824
1270221676026	0	RECOG_CR_PRES	5	SKETCH	1315	-999	P	80
1270221676409	1	RECOG_FEEDBACK	1
1270221677118	0	RECOG_PRES	5	ARCHITECT	36	-999	P	891
1270221678409	0	RECOG_CR_PRES	5	ARCHITECT	36	-999	P	65
1270221678784	1	RECOG_FEEDBACK	1
1270221679584	0	RECOG_PRES	5	SERGEANT	1269	-999	P	994
1270221680950	0	RECOG_CR_PRES	5	SERGEANT	1269	-999	P	148
1270221681417	1	RECOG_FEEDBACK	1
1270221682742	0	REST
1270221683905	1	REC_START
1270221683941	0	RECOG_PRES	6	DUCK	504	-999	P	1901
1270221686217	0	RECOG_CR_PRES	6	DUCK	504	-999	P	121
1270221686692	1	RECOG_FEEDBACK	1
1270221687483	0	RECOG_PRES	6	TOENAIL	1474	-999	P	959
1270221688817	0	RECOG_CR_PRES	6	TOENAIL	1474	-999	P	97
1270221689217	1	RECOG_FEEDBACK	1
1270221689949	0	RECOG_PRES	6	SWIMMER	1420	-999	P	845
1270221691167	0	RECOG_CR_PRES	6	SWIMMER	1420	-999	P	99
1270221691583	1	RECOG_FEEDBACK	1
1270221692308	0	RECOG_PRES	6	TERMINAL	1450	-999	P	1462
1270221694141	0	RECOG_CR_PRES	6	TERMINAL	1450	-999	P	53
1270221694533	1	RECOG_FEEDBACK	1
1270221695300	0	RECOG_PRES	6	HOOP	716	-999	P	966
1270221696641	0	RECOG_CR_PRES	6	HOOP	716	-999	P	49
1270221697016	1	RECOG_FEEDBACK	1
1270221697733	0	RECOG_PRES	6	COBRA	336	-999	P	882
1270221699016	0	RECOG_CR_PRES	6	COBRA	336	-999	P	602
1270221699932	1	RECOG_FEEDBACK	1
1270221700658	0	RECOG_PRES	6	CUE	422	-999	P	840
1270221701874	0	RECOG_CR_PRES	6	CUE	422	-999	P	152
1270221702332	1	RECOG_FEEDBACK	1
1270221703132	0	RECOG_PRES	6	BOWL	158	-999	P	998
1270221704499	0	RECOG_CR_PRES	6	BOWL	158	-999	P	175
1270221704981	1	RECOG_FEEDBACK	1
1270221705765	0	RECOG_PRES	6	SPARROW	1347	-999	P	1029
1270221707165	0	RECOG_CR_PRES	6	SPARROW	1347	-999	P	69
1270221707540	1	RECOG_FEEDBACK	1
1270221708265	0	RECOG_PRES	6	PIKE	1067	-999	P	1041
1270221709682	0	RECOG_CR_PRES	6	PIKE	1067	-999	P	96
1270221710099	1	RECOG_FEEDBACK	1
1270221710873	0	RECOG_PRES	6	STAFF	1365	-999	P	825
1270221712073	0	RECOG_CR_PRES	6	STAFF	1365	-999	P	145
1270221712523	1	RECOG_FEEDBACK	1
1270221713232	0	RECOG_PRES	6	SEAGULL	1261	-999	P	986
1270221714598	0	RECOG_CR_PRES	6	SEAGULL	1261	-999	P	156
1270221715081	1	RECOG_FEEDBACK	1
1270221715806	0	RECOG_PRES	6	EMPLOYER	532	-999	P	916
1270221717098	0	RECOG_CR_PRES	6	EMPLOYER	532	-999	P	104
1270221717506	1	RECOG_FEEDBACK	1
1270221718306	0	RECOG_PRES	6	DRESS	495	-999	P	840
1270221719514	0	RECOG_CR_PRES	6	DRESS	495	-999	P	128
1270221719955	1	RECOG_FEEDBACK	1
1270221720739	0	RECOG_PRES	6	STATUE	1374	-999	P	1167
1270221722273	0	RECOG_CR_PRES	6	STATUE	1374	-999	P	161
1270221722756	1	RECOG_FEEDBACK	1
1270221723539	0	RECOG_PRES	6	LAKE	796	-999	P	1406
1270221725314	0	RECOG_CR_PRES	6	LAKE	796	-999	P	168
1270221725822	1	RECOG_FEEDBACK	0
1270221726522	0	RECOG_PRES	6	LIMB	822	-999	P	1224
1270221728122	0	RECOG_CR_PRES	6	LIMB	822	-999	P	96
1270221728539	1	RECOG_FEEDBACK	1
1270221729330	0	RECOG_PRES	6	DRILL	497	-999	P	1040
1270221730739	0	RECOG_CR_PRES	6	DRILL	497	-999	P	95
1270221731147	1	RECOG_FEEDBACK	1
1270221731905	0	RECOG_PRES	6	CASKET	255	-999	P	945
1270221733222	0	RECOG_CR_PRES	6	CASKET	255	-999	P	140
1270221733680	1	RECOG_FEEDBACK	1
1270221734455	0	RECOG_PRES	6	SPIT	1354	-999	P	939
1270221735763	0	RECOG_CR_PRES	6	SPIT	1354	-999	P	111
1270221736188	1	RECOG_FEEDBACK	1
1270221737563	0	REST
1270221738611	1	REC_START
1270221738646	0	RECOG_PRES	7	BAND	78	-999	P	1868
1270221740888	0	RECOG_CR_PRES	7	BAND	78	-999	P	81
1270221741321	1	RECOG_FEEDBACK	1
1270221742046	0	RECOG_PRES	7	HEDGE	699	-999	P	780
1270221743196	0	RECOG_CR_PRES	7	HEDGE	699	-999	P	102
1270221743596	1	RECOG_FEEDBACK	1
1270221744354	0	RECOG_PRES	7	HOOD	714	-999	P	784
1270221745513	0	RECOG_CR_PRES	7	HOOD	714	-999	P	105
1270221745921	1	RECOG_FEEDBACK	1
1270221746712	0	RECOG_PRES	7	LAPEL	800	-999	P	802
1270221747887	0	RECOG_CR_PRES	7	LAPEL	800	-999	P	115
1270221748304	1	RECOG_FEEDBACK	1
1270221749046	0	RECOG_PRES	7	JUG	762	-999	P	732
1270221750154	0	RECOG_CR_PRES	7	JUG	762	-999	P	56
1270221750512	1	RECOG_FEEDBACK	1
1270221751304	0	RECOG_PRES	7	VAULT	1550	-999	P	1018
1270221752695	0	RECOG_CR_PRES	7	VAULT	1550	-999	P	83
1270221753087	1	RECOG_FEEDBACK	1
1270221753812	0	RECOG_PRES	7	LOFT	840	-999	P	878
1270221755062	0	RECOG_CR_PRES	7	LOFT	840	-999	P	156
1270221755512	1	RECOG_FEEDBACK	1
1270221756253	0	RECOG_PRES	7	TYPEWRITER	1531	-999	P	1901
1270221758528	0	RECOG_CR_PRES	7	TYPEWRITER	1531	-999	P	58
1270221758944	1	RECOG_FEEDBACK	1
1270221759695	0	RECOG_PRES	7	CHECKERS	285	-999	P	1003
1270221761070	0	RECOG_CR_PRES	7	CHECKERS	285	-999	P	60
1270221761436	1	RECOG_FEEDBACK	1
1270221762211	0	RECOG_PRES	7	STEW	1380	-999	P	718
1270221763295	0	RECOG_CR_PRES	7	STEW	1380	-999	P	147
1270221763728	1	RECOG_FEEDBACK	1
1270221764470	0	RECOG_PRES	7	VALLEY	1545	-999	P	1244
1270221766086	0	RECOG_CR_PRES	7	VALLEY	1545	-999	P	76
1270221766486	1	RECOG_FEEDBACK	0
1270221767219	0	RECOG_PRES	7	RIB	1188	-999	P	1111
1270221768703	0	RECOG_CR_PRES	7	RIB	1188	-999	P	59
1270221769069	1	RECOG_FEEDBACK	1
1270221769794	0	RECOG_PRES	7	RUBY	1214	-999	P	1104
1270221771269	0	RECOG_CR_PRES	7	RUBY	1214	-999	P	77
1270221771652	1	RECOG_FEEDBACK	1
1270221772369	0	RECOG_PRES	7	ICING	732	-999	P	1241
1270221773984	0	RECOG_CR_PRES	7	ICING	732	-999	P	106
1270221774402	1	RECOG_FEEDBACK	1
1270221775152	0	RECOG_PRES	7	COUCH	386	-999	P	1082
1270221776610	0	RECOG_CR_PRES	7	COUCH	386	-999	P	128
1270221777044	1	RECOG_FEEDBACK	1
1270221777777	0	RECOG_PRES	7	BILL	126	-999	P	905
1270221779052	0	RECOG_CR_PRES	7	BILL	126	-999	P	150
1270221779510	1	RECOG_FEEDBACK	1
1270221780293	0	RECOG_PRES	7	RAG	1160	-999	P	909
1270221781577	0	RECOG_CR_PRES	7	RAG	1160	-999	P	129
1270221782018	1	RECOG_FEEDBACK	1
1270221782801	0	RECOG_PRES	7	COAL	332	-999	P	945
1270221784118	0	RECOG_CR_PRES	7	COAL	332	-999	P	124
1270221784560	1	RECOG_FEEDBACK	1
1270221785343	0	RECOG_PRES	7	GANGSTER	620	-999	P	971
1270221786685	0	RECOG_CR_PRES	7	GANGSTER	620	-999	P	181
1270221787176	1	RECOG_FEEDBACK	1
1270221787975	0	RECOG_PRES	7	BULL	193	-999	P	1195
1270221789543	0	RECOG_CR_PRES	7	BULL	193	-999	P	115
1270221789983	1	RECOG_FEEDBACK	1
1270221791251	0	REST
1270221792337	1	REC_START
1270221792376	0	RECOG_PRES	8	CREVICE	405	-999	P	1082
1270221793834	0	RECOG_CR_PRES	8	CREVICE	405	-999	P	127
1270221794284	1	RECOG_FEEDBACK	1
1270221795051	0	RECOG_PRES	8	DOCK	477	-999	P	1055
1270221796475	0	RECOG_CR_PRES	8	DOCK	477	-999	P	87
1270221796900	1	RECOG_FEEDBACK	1
1270221797675	0	RECOG_PRES	8	PISTOL	1075	-999	P	1455
1270221799500	0	RECOG_CR_PRES	8	PISTOL	1075	-999	P	38
1270221799867	1	RECOG_FEEDBACK	1
1270221800667	0	RECOG_PRES	8	MOB	904	-999	P	847
1270221801883	0	RECOG_CR_PRES	8	MOB	904	-999	P	110
1270221802292	1	RECOG_FEEDBACK	1
1270221803025	0	RECOG_PRES	8	CHILD	299	-999	P	1201
1270221804600	0	RECOG_CR_PRES	8	CHILD	299	-999	P	90
1270221805016	1	RECOG_FEEDBACK	0
1270221805808	0	RECOG_PRES	8	CARAVAN	242	-999	P	1121
1270221807291	0	RECOG_CR_PRES	8	CARAVAN	242	-999	P	71
1270221807683	1	RECOG_FEEDBACK	1
1270221808466	0	RECOG_PRES	8	GORILLA	650	-999	P	1360
1270221810199	0	RECOG_CR_PRES	8	GORILLA	650	-999	P	75
1270221810599	1	RECOG_FEEDBACK	1
1270221811358	0	RECOG_PRES	8	ASSISTANT	48	-999	P	1124
1270221812858	0	RECOG_CR_PRES	8	ASSISTANT	48	-999	P	71
1270221813249	1	RECOG_FEEDBACK	1
1270221814032	0	RECOG_PRES	8	MEAT	883	-999	P	905
1270221815299	0	RECOG_CR_PRES	8	MEAT	883	-999	P	103
1270221815716	1	RECOG_FEEDBACK	1
1270221816432	0	RECOG_PRES	8	SHAMPOO	1274	-999	P	858
1270221817666	0	RECOG_CR_PRES	8	SHAMPOO	1274	-999	P	104
1270221818074	1	RECOG_FEEDBACK	1
1270221818840	0	RECOG_PRES	8	TIMBER	1469	-999	P	842
1270221820082	0	RECOG_CR_PRES	8	TIMBER	1469	-999	P	112
1270221820507	1	RECOG_FEEDBACK	1
1270221821315	0	RECOG_PRES	8	MERMAID	887	-999	P	975
1270221822665	0	RECOG_CR_PRES	8	MERMAID	887	-999	P	65
1270221823049	1	RECOG_FEEDBACK	1
1270221823790	0	RECOG_PRES	8	FLIPPER	580	-999	P	866
1270221825048	0	RECOG_CR_PRES	8	FLIPPER	580	-999	P	90
1270221825448	1	RECOG_FEEDBACK	1
1270221826232	0	RECOG_PRES	8	RANCH	1166	-999	P	890
1270221827498	0	RECOG_CR_PRES	8	RANCH	1166	-999	P	112
1270221827939	1	RECOG_FEEDBACK	1
1270221828723	0	RECOG_PRES	8	VICTIM	1562	-999	P	999
1270221830098	0	RECOG_CR_PRES	8	VICTIM	1562	-999	P	40
1270221830465	1	RECOG_FEEDBACK	1
1270221831273	0	RECOG_PRES	8	PORCUPINE	1107	-999	P	1001
1270221832648	0	RECOG_CR_PRES	8	PORCUPINE	1107	-999	P	114
1270221833073	1	RECOG_FEEDBACK	1
1270221833848	0	RECOG_PRES	8	BASSINET	97	-999	P	1058
1270221835273	0	RECOG_CR_PRES	8	BASSINET	97	-999	P	129
1270221835723	1	RECOG_FEEDBACK	1
1270221836498	0	RECOG_PRES	8	DESIGNER	451	-999	P	912
1270221837772	0	RECOG_CR_PRES	8	DESIGNER	451	-999	P	118
1270221838206	1	RECOG_FEEDBACK	1
1270221838938	0	RECOG_PRES	8	BRIDGE	174	-999	P	983
1270221840289	0	RECOG_CR_PRES	8	BRIDGE	174	-999	P	137
1270221840731	1	RECOG_FEEDBACK	1
1270221841464	0	RECOG_PRES	8	SAP	1233	-999	P	978
1270221842814	0	RECOG_CR_PRES	8	SAP	1233	-999	P	100
1270221843230	1	RECOG_FEEDBACK	1
1270221844647	0	REST
1270221845796	1	REC_START
1270221845830	0	RECOG_PRES	9	HIKER	708	-999	P	1556
1270221847755	0	RECOG_CR_PRES	9	HIKER	708	-999	P	119
1270221848222	1	RECOG_FEEDBACK	0
1270221848996	0	RECOG_PRES	9	BRIEFCASE	175	-999	P	981
1270221850338	0	RECOG_CR_PRES	9	BRIEFCASE	175	-999	P	64
1270221850705	1	RECOG_FEEDBACK	1
1270221851446	0	RECOG_PRES	9	PRAIRIE	1118	-999	P	1060
1270221852880	0	RECOG_CR_PRES	9	PRAIRIE	1118	-999	P	122
1270221853296	1	RECOG_FEEDBACK	1
1270221854030	0	RECOG_PRES	9	TOMATO	1476	-999	P	866
1270221855288	0	RECOG_CR_PRES	9	TOMATO	1476	-999	P	50
1270221855646	1	RECOG_FEEDBACK	1
1270221856371	0	RECOG_PRES	9	PECAN	1036	-999	P	1191
1270221857937	0	RECOG_CR_PRES	9	PECAN	1036	-999	P	97
1270221858354	1	RECOG_FEEDBACK	0
1270221859104	0	RECOG_PRES	9	BALCONY	72	-999	P	1170
1270221860637	0	RECOG_CR_PRES	9	BALCONY	72	-999	P	61
1270221861012	1	RECOG_FEEDBACK	1
1270221861796	0	RECOG_PRES	9	PONY	1102	-999	P	950
1270221863121	0	RECOG_CR_PRES	9	PONY	1102	-999	P	73
1270221863512	1	RECOG_FEEDBACK	1
1270221864320	0	RECOG_PRES	9	SANDPAPER	1231	-999	P	970
1270221865662	0	RECOG_CR_PRES	9	SANDPAPER	1231	-999	P	76
1270221866054	1	RECOG_FEEDBACK	1
1270221866820	0	RECOG_PRES	9	RACCOON	1153	-999	P	1006
1270221868195	0	RECOG_CR_PRES	9	RACCOON	1153	-999	P	135
1270221868653	1	RECOG_FEEDBACK	1
1270221869453	0	RECOG_PRES	9	VOLUNTEER	1577	-999	P	933
1270221870762	0	RECOG_CR_PRES	9	VOLUNTEER	1577	-999	P	159
1270221871237	1	RECOG_FEEDBACK	0
1270221871977	0	RECOG_PRES	9	MAT	877	-999	P	1537
1270221873886	0	RECOG_CR_PRES	9	MAT	877	-999	P	107
1270221874320	1	RECOG_FEEDBACK	1
1270221875078	0	RECOG_PRES	9	SNAKE	1333	-999	P	1092
1270221876545	0	RECOG_CR_PRES	9	SNAKE	1333	-999	P	105
1270221876960	1	RECOG_FEEDBACK	1
1270221877670	0	RECOG_PRES	9	CHARCOAL	281	-999	P	948
1270221878993	0	RECOG_CR_PRES	9	CHARCOAL	281	-999	P	89
1270221879403	1	RECOG_FEEDBACK	1
1270221880144	0	RECOG_PRES	9	WARRIOR	1589	-999	P	1106
1270221881619	0	RECOG_CR_PRES	9	WARRIOR	1589	-999	P	103
1270221882052	1	RECOG_FEEDBACK	0
1270221882827	0	RECOG_PRES	9	DIARY	460	-999	P	1102
1270221884294	0	RECOG_CR_PRES	9	DIARY	460	-999	P	84
1270221884702	1	RECOG_FEEDBACK	1
1270221885502	0	RECOG_PRES	9	JAW	751	-999	P	800
1270221886702	0	RECOG_CR_PRES	9	JAW	751	-999	P	68
1270221887077	1	RECOG_FEEDBACK	1
1270221887844	0	RECOG_PRES	9	TRUCK	1512	-999	P	902
1270221889119	0	RECOG_CR_PRES	9	TRUCK	1512	-999	P	123
1270221889552	1	RECOG_FEEDBACK	1
1270221890302	0	RECOG_PRES	9	CLOWN	330	-999	P	844
1270221891519	0	RECOG_CR_PRES	9	CLOWN	330	-999	P	99
1270221891934	1	RECOG_FEEDBACK	1
1270221892743	0	RECOG_PRES	9	DECK	443	-999	P	963
1270221894077	0	RECOG_CR_PRES	9	DECK	443	-999	P	85
1270221894485	1	RECOG_FEEDBACK	1
1270221895218	0	RECOG_PRES	9	COMB	351	-999	P	864
1270221896451	0	RECOG_CR_PRES	9	COMB	351	-999	P	111
1270221896876	1	RECOG_FEEDBACK	1
1270221898243	0	REST
1270221899263	1	REC_START
1270221899301	0	RECOG_PRES	10	TYPIST	1532	-999	P	1045
1270221900709	0	RECOG_CR_PRES	10	TYPIST	1532	-999	P	197
1270221901226	1	RECOG_FEEDBACK	1
1270221902026	0	RECOG_PRES	10	CUSTOMER	430	-999	P	1992
1270221904393	0	RECOG_CR_PRES	10	CUSTOMER	430	-999	P	169
1270221904925	1	RECOG_FEEDBACK	1
1270221905684	0	RECOG_PRES	10	PARTNER	1017	-999	P	1014
1270221907067	0	RECOG_CR_PRES	10	PARTNER	1017	-999	P	127
1270221907509	1	RECOG_FEEDBACK	1
1270221908276	0	RECOG_PRES	10	FARMER	553	-999	P	878
1270221909525	0	RECOG_CR_PRES	10	FARMER	553	-999	P	149
1270221909983	1	RECOG_FEEDBACK	1
1270221910700	0	RECOG_PRES	10	FLAG	573	-999	P	926
1270221912000	0	RECOG_CR_PRES	10	FLAG	573	-999	P	170
1270221912484	1	RECOG_FEEDBACK	1
1270221913242	0	RECOG_PRES	10	FINGER	567	-999	P	849
1270221914483	0	RECOG_CR_PRES	10	FINGER	567	-999	P	151
1270221914957	1	RECOG_FEEDBACK	1
1270221915708	0	RECOG_PRES	10	HEART	697	-999	P	934
1270221917017	0	RECOG_CR_PRES	10	HEART	697	-999	P	144
1270221917458	1	RECOG_FEEDBACK	1
1270221918250	0	RECOG_PRES	10	CHEDDAR	286	-999	P	911
1270221919533	0	RECOG_CR_PRES	10	CHEDDAR	286	-999	P	133
1270221919990	1	RECOG_FEEDBACK	1
1270221920708	0	RECOG_PRES	10	VESSEL	1558	-999	P	1062
1270221922141	0	RECOG_CR_PRES	10	VESSEL	1558	-999	P	85
1270221922541	1	RECOG_FEEDBACK	0
1270221923274	0	RECOG_PRES	10	PRODUCER	1129	-999	P	1264
1270221924908	0	RECOG_CR_PRES	10	PRODUCER	1129	-999	P	94
1270221925324	1	RECOG_FEEDBACK	1
1270221926058	0	RECOG_PRES	10	COLUMN	350	-999	P	1024
1270221927458	0	RECOG_CR_PRES	10	COLUMN	350	-999	P	72
1270221927841	1	RECOG_FEEDBACK	1
1270221928557	0	RECOG_PRES	10	YOLK	1633	-999	P	925
1270221929857	0	RECOG_CR_PRES	10	YOLK	1633	-999	P	112
1270221930282	1	RECOG_FEEDBACK	1
1270221931016	0	RECOG_PRES	10	PISTON	1076	-999	P	1714
1270221933090	0	RECOG_CR_PRES	10	PISTON	1076	-999	P	71
1270221933507	1	RECOG_FEEDBACK	1
1270221934315	0	RECOG_PRES	10	CAULIFLOWER	262	-999	P	1711
1270221936399	0	RECOG_CR_PRES	10	CAULIFLOWER	262	-999	P	99
1270221936873	1	RECOG_FEEDBACK	1
1270221937648	0	RECOG_PRES	10	BEAN	105	-999	P	1138
1270221939157	0	RECOG_CR_PRES	10	BEAN	105	-999	P	133
1270221939607	1	RECOG_FEEDBACK	1
1270221940332	0	RECOG_PRES	10	CANE	231	-999	P	926
1270221941631	0	RECOG_CR_PRES	10	CANE	231	-999	P	227
1270221942165	1	RECOG_FEEDBACK	1
1270221942955	0	RECOG_PRES	10	CLOTHES	327	-999	P	895
1270221944223	0	RECOG_CR_PRES	10	CLOTHES	327	-999	P	123
1270221944656	1	RECOG_FEEDBACK	1
1270221945373	0	RECOG_PRES	10	TRANSPLANT	1496	-999	P	973
1270221946714	0	RECOG_CR_PRES	10	TRANSPLANT	1496	-999	P	120
1270221947139	1	RECOG_FEEDBACK	1
1270221947914	0	RECOG_PRES	10	FLUTE	585	-999	P	944
1270221949231	0	RECOG_CR_PRES	10	FLUTE	585	-999	P	307
1270221949856	1	RECOG_FEEDBACK	1
1270221950589	0	RECOG_PRES	10	DIPLOMA	470	-999	P	1245
1270221952206	0	RECOG_CR_PRES	10	DIPLOMA	470	-999	P	84
1270221952614	1	RECOG_FEEDBACK	1
1270221953897	0	REST
1270221954998	1	REC_START
1270221955030	0	RECOG_PRES	11	HERD	705	-999	P	1012
1270221956414	0	RECOG_CR_PRES	11	HERD	705	-999	P	92
1270221956814	1	RECOG_FEEDBACK	1
1270221957572	0	RECOG_PRES	11	MARROW	872	-999	P	850
1270221958822	0	RECOG_CR_PRES	11	MARROW	872	-999	P	131
1270221959255	1	RECOG_FEEDBACK	1
1270221959987	0	RECOG_PRES	11	PICTURE	1061	-999	P	1023
1270221961380	0	RECOG_CR_PRES	11	PICTURE	1061	-999	P	166
1270221961863	1	RECOG_FEEDBACK	1
1270221962588	0	RECOG_PRES	11	GUARD	667	-999	P	1054
1270221964013	0	RECOG_CR_PRES	11	GUARD	667	-999	P	101
1270221964438	1	RECOG_FEEDBACK	0
1270221965146	0	RECOG_PRES	11	RASH	1167	-999	P	1024
1270221966546	0	RECOG_CR_PRES	11	RASH	1167	-999	P	88
1270221966937	1	RECOG_FEEDBACK	1
1270221967721	0	RECOG_PRES	11	WRIST	1626	-999	P	1577
1270221969671	0	RECOG_CR_PRES	11	WRIST	1626	-999	P	131
1270221970129	1	RECOG_FEEDBACK	1
1270221970937	0	RECOG_PRES	11	FREEWAY	603	-999	P	792
1270221972129	0	RECOG_CR_PRES	11	FREEWAY	603	-999	P	97
1270221972529	1	RECOG_FEEDBACK	1
1270221973312	0	RECOG_PRES	11	LIEUTENANT	818	-999	P	930
1270221974612	0	RECOG_CR_PRES	11	LIEUTENANT	818	-999	P	118
1270221975029	1	RECOG_FEEDBACK	1
1270221975829	0	RECOG_PRES	11	LION	827	-999	P	1077
1270221977279	0	RECOG_CR_PRES	11	LION	827	-999	P	243
1270221977837	1	RECOG_FEEDBACK	0
1270221978562	0	RECOG_PRES	11	PANTHER	1009	-999	P	1040
1270221979969	0	RECOG_CR_PRES	11	PANTHER	1009	-999	P	137
1270221980420	1	RECOG_FEEDBACK	1
1270221981162	0	RECOG_PRES	11	SKIRT	1319	-999	P	896
1270221982428	0	RECOG_CR_PRES	11	SKIRT	1319	-999	P	142
1270221982887	1	RECOG_FEEDBACK	1
1270221983645	0	RECOG_PRES	11	WIRE	1616	-999	P	1021
1270221985037	0	RECOG_CR_PRES	11	WIRE	1616	-999	P	109
1270221985470	1	RECOG_FEEDBACK	1
1270221986212	0	RECOG_PRES	11	SEAL	1262	-999	P	814
1270221987395	0	RECOG_CR_PRES	11	SEAL	1262	-999	P	143
1270221987845	1	RECOG_FEEDBACK	1
1270221988595	0	RECOG_PRES	11	HOUND	724	-999	P	903
1270221989870	0	RECOG_CR_PRES	11	HOUND	724	-999	P	180
1270221990345	1	RECOG_FEEDBACK	1
1270221991153	0	RECOG_PRES	11	PICKLE	1059	-999	P	913
1270221992436	0	RECOG_CR_PRES	11	PICKLE	1059	-999	P	110
1270221992861	1	RECOG_FEEDBACK	1
1270221993578	0	RECOG_PRES	11	ACROBAT	4	-999	P	1496
1270221995444	0	RECOG_CR_PRES	11	ACROBAT	4	-999	P	206
1270221995968	1	RECOG_FEEDBACK	1
1270221996677	0	RECOG_PRES	11	BANDAGE	79	-999	P	1316
1270221998369	0	RECOG_CR_PRES	11	BANDAGE	79	-999	P	33
1270221998711	1	RECOG_FEEDBACK	0
1270221999511	0	RECOG_PRES	11	TWEEZERS	1526	-999	P	1115
1270222001002	0	RECOG_CR_PRES	11	TWEEZERS	1526	-999	P	96
1270222001402	1	RECOG_FEEDBACK	1
1270222002202	0	RECOG_PRES	11	TRIGGER	1507	-999	P	968
1270222003544	0	RECOG_CR_PRES	11	TRIGGER	1507	-999	P	106
1270222003959	1	RECOG_FEEDBACK	1
1270222004760	0	RECOG_PRES	11	WITCH	1617	-999	P	858
1270222005992	0	RECOG_CR_PRES	11	WITCH	1617	-999	P	74
1270222006368	1	RECOG_FEEDBACK	1
1270222007173	0	RECOG_END
1270222010277	0	SESS_END
1270222010320	0	E	Logging Ends
