1301341737850	0	B	Logging Begins
1301341763956	0	START
1301341763981	1	PROB	'6 + 1 + 8 = '	'15'	1	3271	1
1301341767285	1	PROB	'2 + 4 + 1 = '	'7'	1	1943	1
1301341769259	1	PROB	'3 + 3 + 7 = '	'13'	1	1793	1
1301341771082	1	PROB	'8 + 1 + 6 = '	'15'	1	1857	1
1301341772970	1	PROB	'2 + 6 + 7 = '	'15'	1	2009	1
1301341775010	1	PROB	'7 + 9 + 3 = '	'19'	1	1569	1
1301341776616	1	PROB	'9 + 2 + 8 = '	'19'	1	1466	5
1301341778115	1	PROB	'4 + 3 + 3 = '	'10'	1	1760	1
1301341779912	1	PROB	'4 + 2 + 3 = '	'8'	0	2156	1
1301341783956	0	STOP
1301341822023	0	START
1301341823528	1	PROB	'9 + 1 + 9 = '	'19'	1	5604	1
1301341829132	0	STOP
1301341834217	0	START
1301341835315	1	PROB	'6 + 1 + 8 = '	'15'	1	1873	1
1301341837222	1	PROB	'4 + 5 + 5 = '	'14'	1	1814	1
1301341839070	1	PROB	'9 + 1 + 5 = '	'15'	1	1845	1
1301341840915	0	STOP
1301341846360	0	START
1301341847434	1	PROB	'7 + 7 + 8 = '	'22'	1	2730	1
1301341850198	1	PROB	'6 + 6 + 2 = '	'14'	1	1621	1
1301341854360	0	STOP
1301341858372	0	START
1301341859403	1	PROB	'9 + 5 + 8 = '	'22'	1	4520	1
1301341863956	1	PROB	'4 + 1 + 9 = '	'14'	1	2296	1
1301341866252	0	STOP
1301341870209	0	START
1301341871149	1	PROB	'2 + 7 + 6 = '	'15'	1	1959	1
1301341873138	1	PROB	'7 + 8 + 2 = '	'17'	1	2473	1
1301341875643	1	PROB	'4 + 8 + 4 = '	'16'	1	1920	1
1301341877563	0	STOP
1301341882385	0	START
1301341883218	1	PROB	'4 + 9 + 7 = '	'20'	1	2073	1
1301341885323	1	PROB	'3 + 6 + 1 = '	'10'	1	2264	1
1301341890384	0	STOP
1301341894248	0	START
1301341895105	1	PROB	'9 + 8 + 5 = '	'22'	1	4210	1
1301341902248	0	STOP
1301341906084	0	START
1301341907099	1	PROB	'2 + 3 + 1 = '	'6'	1	1880	1
1301341909013	1	PROB	'8 + 6 + 9 = '	'23'	1	3430	1
1301341914084	0	STOP
1301341918062	0	START
1301341918918	1	PROB	'4 + 8 + 6 = '	'18'	1	2805	1
1301341921756	1	PROB	'6 + 2 + 9 = '	'17'	1	2320	1
1301341924112	1	PROB	'1 + 6 + 5 = '	'12'	1	1667	1
1301341925779	0	STOP
1301341929922	0	START
1301341931121	1	PROB	'2 + 5 + 7 = '	'14'	1	2987	1
1301341934143	1	PROB	'4 + 3 + 2 = '	'9'	1	2588	1
1301341936731	0	STOP
1301341941841	0	START
1301341943016	1	PROB	'7 + 6 + 1 = '	'14'	1	1859	1
1301341944912	1	PROB	'9 + 1 + 3 = '	'13'	1	1531	1
1301341946477	1	PROB	'8 + 4 + 3 = '	'15'	1	1687	1
1301341949841	0	STOP
1301341953694	0	START
1301341954543	1	PROB	'5 + 3 + 7 = '	'15'	1	2868	1
1301341957448	1	PROB	'1 + 6 + 4 = '	'11'	1	1467	1
1301341958946	1	PROB	'6 + 4 + 5 = '	'15'	1	1369	1
1301341960315	0	STOP
1301341965764	0	START
1301341966745	1	PROB	'9 + 5 + 7 = '	'21'	1	3299	1
1301341970076	1	PROB	'7 + 7 + 2 = '	'16'	1	1719	1
1301341971831	1	PROB	'1 + 6 + 6 = '	'13'	1	1413	1
1301341973244	0	STOP
1301341977816	0	START
1301341978623	1	PROB	'7 + 3 + 2 = '	'12'	1	1389	1
1301341980048	1	PROB	'9 + 9 + 7 = '	'15'	0	4363	1
1301341984411	0	STOP
1301341989911	0	START
1301341991027	1	PROB	'1 + 5 + 6 = '	'12'	1	2105	1
1301341993166	1	PROB	'1 + 2 + 2 = '	'5'	1	1894	1
1301341995097	1	PROB	'4 + 7 + 7 = '	'18'	1	2075	1
1301341997172	0	STOP
1301342002006	0	START
1301342003129	1	PROB	'3 + 6 + 4 = '	'13'	1	1378	1
1301342004543	1	PROB	'9 + 8 + 5 = '	'22'	1	3316	1
1301342010006	0	STOP
1301342014092	0	START
1301342015024	1	PROB	'6 + 5 + 6 = '	'17'	1	2539	1
1301342017595	1	PROB	'4 + 8 + 5 = '	'17'	1	3192	1
1301342020787	0	STOP
1301342167189	0	START
1301342168254	1	PROB	'2 + 8 + 2 = '	'12'	1	1758	1
1301342170044	1	PROB	'9 + 1 + 6 = '	'16'	1	1855	1
1301342171933	1	PROB	'9 + 9 + 1 = '	'19'	1	2422	1
1301342174355	0	STOP
1301342323698	0	START
1301342324872	1	PROB	'9 + 9 + 9 = '	'27'	1	6643	1
1301342331547	1	PROB	'8 + 6 + 2 = '	'16'	1	1721	1
1301342333304	1	PROB	'5 + 2 + 2 = '	'9'	1	4331	1
1301342337674	1	PROB	'4 + 6 + 6 = '	'16'	1	1841	1
1301342339515	0	STOP
1301342422833	0	START
1301342424340	1	PROB	'1 + 9 + 5 = '	'15'	1	2167	1
1301342426546	1	PROB	'4 + 6 + 3 = '	'13'	1	1257	1
1301342427836	1	PROB	'4 + 1 + 7 = '	'12'	1	2711	1
1301342430547	0	STOP
1301342434786	0	START
1301342435810	1	PROB	'9 + 5 + 9 = '	'23'	1	2985	1
1301342438831	1	PROB	'1 + 9 + 2 = '	'12'	1	1620	1
1301342440488	1	PROB	'8 + 7 + 3 = '	'18'	1	1564	1
1301342442052	0	STOP
1301342446972	0	START
1301342448105	1	PROB	'3 + 5 + 8 = '	'16'	1	2274	1
1301342450418	1	PROB	'5 + 9 + 2 = '	'16'	1	2273	1
1301342452723	1	PROB	'7 + 6 + 5 = '	'18'	1	2200	1
1301342454923	0	STOP
1301342458858	0	START
1301342459707	1	PROB	'7 + 4 + 7 = '	'18'	1	1928	1
1301342461671	1	PROB	'4 + 8 + 7 = '	'19'	1	1964	1
1301342463669	1	PROB	'6 + 7 + 4 = '	'17'	1	1359	1
1301342465060	1	PROB	'8 + 9 + 1 = '	'18'	1	1327	1
1301342466387	0	STOP
1301342471070	0	START
1301342471951	1	PROB	'6 + 6 + 4 = '	'14'	0	3860	1
1301342475847	1	PROB	'1 + 5 + 5 = '	'11'	1	1932	1
1301342477779	0	STOP
1301342482980	0	START
1301342484130	1	PROB	'4 + 3 + 8 = '	'15'	1	2074	1
1301342486236	1	PROB	'5 + 3 + 4 = '	'12'	1	2111	1
1301342488382	1	PROB	'1 + 6 + 9 = '	'16'	1	1630	1
1301342490012	0	STOP
1301342495167	0	START
1301342496174	1	PROB	'8 + 1 + 3 = '	'12'	1	2974	1
1301342503166	0	STOP
1301342507270	0	START
1301342508309	1	PROB	'7 + 1 + 2 = '	'10'	1	1574	1
1301342509915	1	PROB	'2 + 9 + 8 = '	'19'	1	2816	1
1301342512762	1	PROB	'7 + 3 + 1 = '	'11'	1	1282	1
1301342514044	0	STOP
1301342519248	0	START
1301342520328	1	PROB	'1 + 5 + 7 = '	'13'	1	2627	1
1301342522992	1	PROB	'8 + 8 + 2 = '	'18'	1	1827	1
1301342527247	0	STOP
1301342531209	0	START
1301342532174	1	PROB	'1 + 3 + 6 = '	'10'	1	2086	1
1301342534296	1	PROB	'5 + 9 + 9 = '	'23'	1	2403	1
1301342536734	1	PROB	'3 + 1 + 5 = '	'9'	1	2181	1
1301342538915	0	STOP
1301342543319	0	START
1301342544509	1	PROB	'2 + 4 + 9 = '	'15'	1	2743	1
1301342547289	1	PROB	'1 + 3 + 9 = '	'14'	0	2074	1
1301342551319	0	STOP
1301342555438	0	START
1301342556370	1	PROB	'6 + 5 + 9 = '	'17'	0	2650	1
1301342559051	1	PROB	'2 + 3 + 5 = '	'10'	1	3480	1
1301342562531	0	STOP
1301342567408	0	START
1301342568439	1	PROB	'2 + 4 + 3 = '	'9'	1	1556	1
1301342570030	1	PROB	'2 + 7 + 9 = '	'18'	1	3373	1
1301342573442	1	PROB	'6 + 4 + 6 = '	'16'	1	1433	1
1301342574875	0	STOP
1301342579435	0	START
1301342580350	1	PROB	'9 + 3 + 2 = '	'14'	1	2798	1
1301342583181	1	PROB	'2 + 1 + 7 = '	'10'	1	1526	1
1301342587434	0	STOP
1301342591621	0	START
1301342592736	1	PROB	'1 + 2 + 8 = '	'11'	1	1532	1
1301342599621	0	STOP
1301342605256	0	START
1301342606362	1	PROB	'7 + 8 + 6 = '	'21'	1	6105	1
1301342612467	0	STOP
1301342617176	0	START
1301342618306	1	PROB	'6 + 4 + 4 = '	'14'	1	1225	1
1301342619563	1	PROB	'5 + 2 + 7 = '	'14'	1	3832	1
1301342625176	0	STOP
1301342915172	0	START
1301342915995	1	PROB	'5 + 2 + 7 = '	'14'	1	3544	1
1301342919574	1	PROB	'8 + 2 + 7 = '	'17'	1	1574	1
1301342921181	1	PROB	'8 + 5 + 4 = '	'17'	1	1943	1
1301342923124	0	STOP
1301343001995	0	START
1301343003501	1	PROB	'6 + 4 + 4 = '	'14'	1	1310	1
1301343004850	1	PROB	'4 + 9 + 6 = '	'19'	1	2170	1
1301343007057	1	PROB	'5 + 4 + 9 = '	'18'	1	1474	1
1301343008562	1	PROB	'5 + 2 + 8 = '	'15'	1	2369	1
1301343010968	1	PROB	'8 + 8 + 6 = '	'22'	1	2979	1
1301343013981	1	PROB	'6 + 3 + 9 = '	'18'	1	1654	1
1301343017995	0	STOP
1301343021830	0	START
1301343022962	1	PROB	'5 + 6 + 1 = '	'12'	1	1873	1
1301343024868	1	PROB	'5 + 8 + 6 = '	'19'	1	3431	1
1301343028331	1	PROB	'7 + 2 + 7 = '	'16'	1	2088	1
1301343030453	1	PROB	'4 + 2 + 2 = '	'8'	1	2422	1
1301343032909	1	PROB	'1 + 9 + 9 = '	'19'	1	2255	1
1301343035199	1	PROB	'1 + 5 + 6 = '	'12'	1	2084	1
1301343037283	0	STOP
1301343041699	0	START
1301343042797	1	PROB	'4 + 2 + 1 = '	'7'	1	4078	1
1301343046909	1	PROB	'8 + 6 + 5 = '	'19'	1	3271	1
1301343050215	1	PROB	'7 + 4 + 9 = '	'20'	1	2668	1
1301343052919	1	PROB	'3 + 6 + 8 = '	'17'	1	2309	1
1301343055267	1	PROB	'4 + 7 + 4 = '	'15'	1	2368	1
1301343057635	0	STOP
1301343061801	0	START
1301343062866	1	PROB	'7 + 9 + 1 = '	'17'	1	1465	1
1301343064364	1	PROB	'2 + 1 + 8 = '	'11'	1	3183	1
1301343067585	1	PROB	'7 + 1 + 6 = '	'14'	1	2074	1
1301343069700	1	PROB	'7 + 9 + 7 = '	'23'	1	3991	1
1301343073728	1	PROB	'7 + 8 + 7 = '	'22'	1	2875	1
1301343076603	0	STOP
1301343081911	0	START
1301343083060	1	PROB	'8 + 4 + 9 = '	'21'	1	3879	1
1301343086979	1	PROB	'2 + 3 + 7 = '	'12'	1	1960	1
1301343088977	1	PROB	'8 + 1 + 8 = '	'17'	1	1802	1
1301343090817	1	PROB	'6 + 1 + 6 = '	'13'	1	2594	1
1301343093447	1	PROB	'5 + 5 + 6 = '	'16'	1	1500	1
1301343097911	0	STOP
1301343101813	0	START
1301343102828	1	PROB	'8 + 4 + 1 = '	'13'	1	2471	1
1301343105333	1	PROB	'5 + 8 + 2 = '	'16'	0	3278	1
1301343108646	1	PROB	'5 + 5 + 9 = '	'19'	1	1358	1
1301343110037	1	PROB	'6 + 8 + 3 = '	'17'	1	6470	1
1301343116507	0	STOP
1301343121806	0	START
1301343122954	1	PROB	'4 + 2 + 8 = '	'14'	1	1417	1
1301343124411	1	PROB	'9 + 4 + 1 = '	'14'	1	2408	1
1301343126858	1	PROB	'3 + 9 + 8 = '	'20'	1	3961	1
1301343130854	1	PROB	'9 + 6 + 8 = '	'23'	1	3557	1
1301343137806	0	STOP
1301343141841	0	START
1301343142831	1	PROB	'8 + 2 + 7 = '	'17'	1	1341	1
1301343144206	1	PROB	'7 + 1 + 7 = '	'15'	1	1637	1
1301343145878	1	PROB	'4 + 8 + 3 = '	'15'	1	5861	1
1301343151779	1	PROB	'1 + 3 + 3 = '	'7'	1	1976	1
1301343153794	1	PROB	'6 + 2 + 4 = '	'12'	1	2065	1
1301343157841	0	STOP
1301343161760	0	START
1301343162583	1	PROB	'2 + 5 + 9 = '	'16'	1	3372	1
1301343165988	1	PROB	'3 + 6 + 3 = '	'12'	1	3168	1
1301343169193	1	PROB	'6 + 8 + 2 = '	'16'	1	1811	1
1301343171041	1	PROB	'8 + 5 + 8 = '	'21'	1	4123	1
1301343175203	1	PROB	'3 + 6 + 1 = '	'10'	1	1400	1
1301343176603	0	STOP
1301343181870	0	START
1301343182843	1	PROB	'3 + 9 + 6 = '	'18'	1	2144	1
1301343185025	1	PROB	'1 + 3 + 8 = '	'12'	1	3187	1
1301343188246	1	PROB	'2 + 3 + 9 = '	'14'	1	2501	1
1301343190784	1	PROB	'8 + 1 + 3 = '	'12'	1	3099	1
1301343193922	1	PROB	'9 + 2 + 3 = '	'14'	1	2929	1
1301343196851	0	STOP
1301343201838	0	START
1301343203021	1	PROB	'3 + 2 + 2 = '	'8'	0	2462	1
1301343205517	1	PROB	'7 + 6 + 7 = '	'20'	1	2886	1
1301343208439	1	PROB	'1 + 9 + 2 = '	'12'	1	1645	1
1301343210121	1	PROB	'4 + 9 + 6 = '	'19'	1	1762	1
1301343211918	1	PROB	'8 + 2 + 8 = '	'18'	1	1429	1
1301343213383	1	PROB	'3 + 7 + 3 = '	'13'	1	1548	1
1301343217837	0	STOP
1301343221890	0	START
1301343222855	1	PROB	'9 + 4 + 1 = '	'14'	1	1980	1
1301343224870	1	PROB	'1 + 4 + 8 = '	'13'	1	2334	1
1301343227243	1	PROB	'1 + 1 + 5 = '	'7'	1	1680	1
1301343228956	1	PROB	'3 + 4 + 8 = '	'15'	1	2719	1
1301343231712	1	PROB	'4 + 7 + 3 = '	'14'	1	2211	1
1301343233959	1	PROB	'1 + 2 + 7 = '	'10'	1	1772	1
1301343235765	1	PROB	'1 + 3 + 6 = '	'10'	1	1518	1
1301343237283	0	STOP
1301343241900	0	START
1301343243091	1	PROB	'5 + 5 + 4 = '	'14'	1	1296	1
1301343244422	1	PROB	'4 + 9 + 5 = '	'18'	1	3021	1
1301343247477	1	PROB	'1 + 4 + 1 = '	'6'	1	1398	1
1301343248908	1	PROB	'9 + 8 + 2 = '	'19'	1	1415	1
1301343250357	1	PROB	'3 + 3 + 3 = '	'9'	1	1278	1
1301343251672	1	PROB	'3 + 6 + 8 = '	'17'	1	3139	1
1301343254851	1	PROB	'2 + 7 + 7 = '	'16'	1	1704	1
1301343256555	0	STOP
1301343261969	0	START
1301343263018	1	PROB	'1 + 7 + 2 = '	'10'	1	1401	1
1301343264457	1	PROB	'9 + 8 + 8 = '	'25'	1	2466	1
1301343266962	1	PROB	'2 + 5 + 1 = '	'8'	1	2681	1
1301343269676	1	PROB	'2 + 5 + 8 = '	'15'	1	1879	1
1301343271590	1	PROB	'4 + 2 + 8 = '	'14'	1	2053	1
1301343273680	1	PROB	'2 + 1 + 3 = '	'6'	1	1875	1
1301343275594	1	PROB	'6 + 6 + 9 = '	'21'	1	2121	1
1301343277715	0	STOP
1301343281887	0	START
1301343282961	1	PROB	'9 + 2 + 6 = '	'17'	1	3714	1
1301343286714	1	PROB	'7 + 5 + 9 = '	'21'	1	5057	1
1301343297887	0	STOP
1301343301972	0	START
1301343303105	1	PROB	'5 + 1 + 9 = '	'15'	1	1770	1
1301343304910	1	PROB	'5 + 9 + 7 = '	'21'	1	2685	1
1301343307632	1	PROB	'8 + 5 + 7 = '	'20'	1	3035	1
1301343310703	1	PROB	'2 + 8 + 3 = '	'13'	1	1892	1
1301343312634	1	PROB	'8 + 4 + 4 = '	'16'	1	1713	1
1301343314382	1	PROB	'4 + 1 + 5 = '	'10'	1	2317	1
1301343316699	0	STOP
1301343322066	0	START
1301343323140	1	PROB	'2 + 9 + 7 = '	'18'	1	7263	1
1301343330439	1	PROB	'5 + 9 + 4 = '	'18'	1	1629	1
1301343332105	1	PROB	'6 + 5 + 3 = '	'14'	1	3330	1
1301343338065	0	STOP
1301343562230	0	START
1301343563735	1	PROB	'9 + 4 + 8 = '	'21'	1	2365	1
1301343566133	1	PROB	'5 + 4 + 3 = '	'12'	1	2286	1
1301343570230	0	STOP
1301343574232	0	START
1301343575264	1	PROB	'7 + 1 + 2 = '	'10'	1	1419	1
1301343576720	1	PROB	'1 + 6 + 6 = '	'13'	1	1468	1
1301343578227	1	PROB	'5 + 6 + 9 = '	'15'	0	2945	1
1301343581172	0	STOP
1301343586094	0	START
1301343587042	1	PROB	'3 + 3 + 3 = '	'9'	1	1106	1
1301343588183	1	PROB	'7 + 2 + 7 = '	'16'	1	2061	1
1301343590279	1	PROB	'2 + 2 + 4 = '	'8'	1	1652	1
1301343591969	1	PROB	'1 + 2 + 3 = '	'6'	1	1322	1
1301343593291	0	STOP
1301343598271	0	START
1301343599410	1	PROB	'4 + 7 + 4 = '	'15'	1	3465	2
1301343602914	1	PROB	'7 + 5 + 5 = '	'17'	1	1570	1
1301343606271	0	STOP
1301343610423	0	START
1301343611305	1	PROB	'7 + 7 + 2 = '	'16'	1	1626	1
1301343612969	1	PROB	'7 + 7 + 2 = '	'16'	1	2410	1
1301343618422	0	STOP
1301343622317	0	START
1301343623192	1	PROB	'4 + 1 + 2 = '	'7'	1	2115	1
1301343625347	1	PROB	'1 + 2 + 8 = '	'11'	1	1432	1
1301343626820	1	PROB	'1 + 7 + 2 = '	'1'	0	1400	2
1301343628261	1	PROB	'1 + 4 + 6 = '	'11'	1	1718	1
1301343629979	0	STOP
1301343634412	0	START
1301343635385	1	PROB	'8 + 4 + 4 = '	'16'	1	1906	1
1301343637324	1	PROB	'6 + 8 + 7 = '	'21'	1	2752	1
1301343640114	1	PROB	'8 + 9 + 1 = '	'18'	1	1617	1
1301343641731	0	STOP
1301343646373	0	START
1301343647313	1	PROB	'3 + 6 + 1 = '	'10'	1	1490	1
1301343648836	1	PROB	'9 + 3 + 1 = '	'13'	1	1871	1
1301343650742	1	PROB	'9 + 4 + 6 = '	'19'	1	1462	1
1301343652241	1	PROB	'1 + 9 + 2 = '	'12'	1	1995	1
1301343654236	0	STOP
1301343658534	0	START
1301343659432	1	PROB	'1 + 6 + 8 = '	'15'	1	2523	1
1301343661996	1	PROB	'6 + 8 + 3 = '	'17'	1	3240	1
1301343665236	0	STOP
1301343670470	0	START
1301343671443	1	PROB	'9 + 3 + 1 = '	'13'	1	1344	1
1301343672825	1	PROB	'1 + 1 + 1 = '	'3'	1	1138	1
1301343673999	1	PROB	'5 + 7 + 9 = '	'20'	0	1972	1
1301343678470	0	STOP
1301343682656	0	START
1301343683746	1	PROB	'2 + 7 + 4 = '	'13'	1	3450	1
1301343687234	1	PROB	'7 + 5 + 7 = '	'19'	1	2129	1
1301343689363	0	STOP
1301343694858	0	START
1301343695832	1	PROB	'5 + 9 + 4 = '	'18'	1	3019	1
1301343698886	1	PROB	'7 + 9 + 1 = '	'17'	1	1310	1
1301343700236	1	PROB	'3 + 3 + 1 = '	'7'	1	1928	1
1301343702164	0	STOP
1301343706819	0	START
1301343707951	1	PROB	'5 + 7 + 3 = '	'15'	1	1549	1
1301343709532	1	PROB	'6 + 1 + 8 = '	'15'	1	2191	1
1301343711763	1	PROB	'2 + 9 + 3 = '	'14'	1	2704	1
1301343714467	0	STOP
1301343718772	0	START
1301343719820	1	PROB	'6 + 2 + 8 = '	'16'	1	1344	1
1301343721203	1	PROB	'8 + 2 + 2 = '	'12'	1	1801	1
1301343723043	1	PROB	'3 + 3 + 3 = '	'9'	1	1161	1
1301343724241	1	PROB	'1 + 3 + 8 = '	'12'	1	1875	1
1301343726116	0	STOP
1301343730766	0	START
1301343731707	1	PROB	'9 + 1 + 8 = '	'18'	1	1297	1
1301343733039	1	PROB	'7 + 1 + 3 = '	'11'	1	1469	1
1301343734545	1	PROB	'8 + 3 + 6 = '	'17'	1	2370	1
1301343738766	0	STOP
1301343742719	0	START
1301343743901	1	PROB	'5 + 6 + 3 = '	'15'	0	2014	1
1301343745949	1	PROB	'3 + 1 + 2 = '	'5'	0	2087	2
1301343750719	0	STOP
1301343754722	0	START
1301343755904	1	PROB	'3 + 4 + 6 = '	'13'	1	1324	1
1301343757261	1	PROB	'6 + 7 + 7 = '	'20'	1	1719	1
1301343762722	0	STOP
1301343906721	0	START
1301343907703	1	PROB	'9 + 1 + 6 = '	'16'	1	2252	1
1301343909991	1	PROB	'2 + 9 + 7 = '	'18'	1	2093	2
1301343912123	1	PROB	'1 + 1 + 5 = '	'7'	1	1592	2
1301343913715	1	STOP
1301344342025	0	START
1301344343530	1	PROB	'8 + 4 + 3 = '	'15'	1	3450	1
1301344347019	1	PROB	'4 + 1 + 9 = '	'14'	1	1737	1
1301344348791	1	PROB	'9 + 8 + 5 = '	'22'	1	4541	1
1301344353369	1	PROB	'8 + 4 + 6 = '	'18'	1	2636	1
1301344358024	0	STOP
1301344362010	0	START
1301344362900	1	PROB	'9 + 6 + 1 = '	'16'	1	1632	1
1301344364564	1	PROB	'9 + 1 + 7 = '	'17'	1	2152	1
1301344366753	1	PROB	'7 + 4 + 8 = '	'21'	0	4979	1
1301344371764	1	PROB	'1 + 3 + 5 = '	'9'	1	2192	1
1301344373995	1	PROB	'3 + 9 + 5 = '	'17'	1	2305	1
1301344378010	0	STOP
1301344382212	0	START
1301344383077	1	PROB	'6 + 2 + 1 = '	'9'	1	1799	1
1301344384916	1	PROB	'1 + 7 + 9 = '	'17'	1	1624	1
1301344386572	1	PROB	'4 + 7 + 3 = '	'14'	1	1728	1
1301344388337	1	PROB	'5 + 8 + 4 = '	'17'	1	2299	1
1301344390676	1	PROB	'8 + 8 + 4 = '	'20'	1	2000	1
1301344392715	1	PROB	'9 + 5 + 6 = '	'20'	1	2233	1
1301344394987	1	PROB	'2 + 6 + 8 = '	'16'	1	1609	1
1301344398211	0	STOP
1301344402197	0	START
1301344403029	1	PROB	'4 + 2 + 5 = '	'11'	1	3639	1
1301344406707	1	PROB	'2 + 2 + 2 = '	'6'	1	2354	1
1301344409097	1	PROB	'8 + 3 + 9 = '	'20'	1	4619	1
1301344413749	1	PROB	'8 + 2 + 6 = '	'16'	1	1943	1
1301344418196	0	STOP
1301344422249	0	START
1301344423438	1	PROB	'7 + 8 + 4 = '	'19'	1	2942	1
1301344426418	1	PROB	'2 + 8 + 4 = '	'14'	1	1882	1
1301344428332	1	PROB	'8 + 7 + 9 = '	'22'	0	7200	1
1301344438249	0	STOP
1301344442408	0	START
1301344443348	1	PROB	'7 + 8 + 1 = '	'16'	1	2865	1
1301344446246	1	PROB	'1 + 9 + 3 = '	'13'	1	1430	1
1301344447710	1	PROB	'6 + 4 + 4 = '	'14'	1	1359	1
1301344449109	1	PROB	'1 + 1 + 8 = '	'10'	1	1431	1
1301344450573	1	PROB	'5 + 3 + 5 = '	'13'	1	1807	1
1301344452412	1	PROB	'1 + 9 + 3 = '	'13'	1	1496	1
1301344453944	1	PROB	'4 + 9 + 3 = '	'16'	1	4133	1
1301344458077	0	STOP
1301344462393	0	START
1301344463591	1	PROB	'1 + 4 + 9 = '	'14'	1	1446	1
1301344465074	1	PROB	'4 + 8 + 4 = '	'16'	1	2218	1
1301344467328	1	PROB	'2 + 9 + 2 = '	'13'	1	3717	1
1301344471083	1	PROB	'1 + 1 + 4 = '	'6'	1	1273	1
1301344472389	1	PROB	'1 + 3 + 3 = '	'7'	1	1919	1
1301344474345	1	PROB	'2 + 5 + 3 = '	'10'	1	2067	1
1301344476451	1	PROB	'6 + 6 + 6 = '	'18'	1	1794	1
1301344478245	0	STOP
1301344482411	0	START
1301344483302	1	PROB	'7 + 9 + 4 = '	'20'	1	3270	1
1301344486606	1	PROB	'7 + 2 + 6 = '	'15'	1	2918	1
1301344489561	1	PROB	'6 + 7 + 5 = '	'19'	0	2484	1
1301344492084	1	PROB	'8 + 5 + 2 = '	'15'	1	6105	1
1301344498189	0	STOP
1301344502347	0	START
1301344503445	1	PROB	'2 + 1 + 5 = '	'8'	1	2447	1
1301344505925	1	PROB	'3 + 5 + 6 = '	'14'	1	4879	1
1301344510836	1	PROB	'5 + 4 + 4 = '	'13'	1	5480	1
1301344518347	0	STOP
1301344522225	0	START
1301344523363	1	PROB	'5 + 1 + 1 = '	'7'	1	1642	1
1301344525037	1	PROB	'5 + 4 + 2 = '	'11'	1	3303	1
1301344528374	1	PROB	'2 + 5 + 5 = '	'12'	1	1318	1
1301344529731	1	PROB	'7 + 5 + 2 = '	'14'	1	2057	1
1301344531820	1	PROB	'8 + 9 + 7 = '	'24'	1	5784	1
1301344537604	0	STOP
1301344542408	0	START
1301344543258	1	PROB	'6 + 7 + 3 = '	'16'	1	1522	1
1301344544814	1	PROB	'4 + 2 + 6 = '	'12'	1	2126	1
1301344546978	1	PROB	'8 + 7 + 5 = '	'20'	1	5059	1
1301344552073	1	PROB	'4 + 6 + 1 = '	'11'	1	1443	1
1301344553553	1	PROB	'1 + 3 + 4 = '	'8'	1	1939	1
1301344555526	1	PROB	'5 + 6 + 1 = '	'12'	1	1822	1
1301344557348	0	STOP
1301344562502	0	START
1301344563392	1	PROB	'9 + 8 + 4 = '	'21'	1	1948	1
1301344565373	1	PROB	'8 + 7 + 3 = '	'18'	1	1383	1
1301344566788	1	PROB	'1 + 4 + 7 = '	'12'	1	2592	1
1301344569418	1	PROB	'8 + 8 + 6 = '	'22'	1	1763	1
1301344571217	1	PROB	'8 + 4 + 6 = '	'18'	1	2115	1
1301344573372	1	PROB	'6 + 1 + 2 = '	'9'	1	3024	1
1301344578500	0	STOP
1301344582703	0	START
1301344583835	1	PROB	'9 + 7 + 1 = '	'17'	1	2777	1
1301344586648	1	PROB	'5 + 6 + 2 = '	'13'	1	2132	1
1301344588813	1	PROB	'5 + 9 + 3 = '	'17'	1	3727	1
1301344592575	1	PROB	'6 + 6 + 4 = '	'16'	1	1574	1
1301344594182	1	PROB	'1 + 5 + 9 = '	'15'	1	1686	1
1301344595904	1	PROB	'1 + 7 + 6 = '	'14'	1	2277	1
1301344598181	0	STOP
1301344602639	0	START
1301344603828	1	PROB	'4 + 5 + 8 = '	'17'	1	3976	1
1301344607840	1	PROB	'2 + 4 + 3 = '	'9'	1	1836	1
1301344609713	1	PROB	'6 + 8 + 8 = '	'22'	1	3436	1
1301344613185	1	PROB	'4 + 2 + 6 = '	'12'	1	2139	1
1301344615357	1	PROB	'1 + 9 + 4 = '	'14'	1	1423	1
1301344618638	0	STOP
1301344622665	0	START
1301344623714	1	PROB	'2 + 5 + 5 = '	'12'	1	1331	1
1301344625080	1	PROB	'9 + 1 + 3 = '	'13'	1	1300	1
1301344626419	1	PROB	'5 + 4 + 5 = '	'14'	1	1889	1
1301344628342	1	PROB	'1 + 9 + 2 = '	'12'	1	1350	1
1301344629732	1	PROB	'4 + 9 + 3 = '	'16'	1	2928	1
1301344632695	1	PROB	'4 + 5 + 5 = '	'14'	1	1414	1
1301344634144	1	PROB	'3 + 6 + 8 = '	'17'	1	2965	1
1301344638665	0	STOP
1301344642659	0	START
1301344643624	1	PROB	'4 + 1 + 8 = '	'13'	1	2300	1
1301344645963	1	PROB	'9 + 2 + 3 = '	'14'	1	1993	1
1301344647994	1	PROB	'6 + 9 + 9 = '	'24'	1	2650	1
1301344650682	1	PROB	'3 + 8 + 7 = '	'18'	1	1650	1
1301344652364	1	PROB	'1 + 4 + 5 = '	'10'	1	1984	1
1301344654386	1	PROB	'4 + 5 + 7 = '	'16'	1	1602	1
1301344658659	0	STOP
1301344662694	0	START
1301344663676	1	PROB	'9 + 6 + 9 = '	'24'	1	1936	1
1301344665648	1	PROB	'7 + 7 + 7 = '	'21'	1	1804	1
1301344667488	1	PROB	'7 + 3 + 2 = '	'12'	1	1661	1
1301344669187	1	PROB	'9 + 1 + 2 = '	'12'	1	1409	1
1301344670634	1	PROB	'5 + 8 + 4 = '	'17'	1	2658	1
1301344673331	1	PROB	'7 + 1 + 3 = '	'11'	1	1481	1
1301344678693	0	STOP
1301344822093	0	START
1301344823083	1	PROB	'8 + 8 + 3 = '	'19'	1	2697	1
1301344825813	1	PROB	'4 + 1 + 6 = '	'11'	1	1448	1
1301344827294	1	PROB	'3 + 2 + 4 = '	'9'	1	2030	1
1301344829358	1	PROB	'8 + 5 + 6 = '	'19'	1	3823	1
1301344833213	1	PROB	'5 + 8 + 1 = '	'14'	1	2303	1
1301344835551	1	PROB	'8 + 1 + 7 = '	'16'	1	1622	1
1301344837173	0	STOP
1301346013960	0	E	Logging Ends
