1301341737850	0	B	Logging Begins
1301341737850	0	SESS_START	9
1301341823523	0	DISTRACTOR	0			8000	1
1301341831212	1	FR_PRES	0	PELT	1040	0	0	2832	(0.57740000000000002, 0.41289999999999999, 1.0)	../fonts/amplitud.ttf	upper
1301341835310	0	DISTRACTOR	0			8000	3
1301341843355	1	FR_PRES	0	POPE	1105	0	1	1032	(0.57740000000000002, 0.41289999999999999, 1.0)	../fonts/amplitud.ttf	upper
1301341847428	0	DISTRACTOR	0			8000	2
1301341855366	1	FR_PRES	0	CHEST	295	0	1	2349	(0.57740000000000002, 0.41289999999999999, 1.0)	../fonts/amplitud.ttf	upper
1301341859395	0	DISTRACTOR	0			8000	2
1301341867204	1	FR_PRES	0	ORGAN	984	0	0	1175	(0.57740000000000002, 0.41289999999999999, 1.0)	../fonts/amplitud.ttf	upper
1301341871142	0	DISTRACTOR	0			8000	3
1301341879380	1	FR_PRES	0	LIVER	833	1	1	2864	(0.42259999999999998, 0.58709999999999996, 0)	../fonts/zerothre.ttf	lower
1301341883216	0	DISTRACTOR	0			8000	2
1301341891242	1	FR_PRES	0	SHELL	1281	1	0	1802	(0.42259999999999998, 0.58709999999999996, 0)	../fonts/zerothre.ttf	lower
1301341895096	0	DISTRACTOR	0			8000	1
1301341903079	1	FR_PRES	0	TROUT	1511	1	1	1260	(0.42259999999999998, 0.58709999999999996, 0)	../fonts/zerothre.ttf	lower
1301341907096	0	DISTRACTOR	0			8000	2
1301341915048	1	FR_PRES	0	HATCHET	691	0	0	2915	(0.57740000000000002, 0.41289999999999999, 1.0)	../fonts/amplitud.ttf	upper
1301341918915	0	DISTRACTOR	0			8000	3
1301341926917	1	FR_PRES	0	CALF	222	0	1	1502	(0.57740000000000002, 0.41289999999999999, 1.0)	../fonts/amplitud.ttf	upper
1301341931115	0	DISTRACTOR	0			8000	2
1301341938836	1	FR_PRES	0	BULL	193	0	1	1192	(0.57740000000000002, 0.41289999999999999, 1.0)	../fonts/amplitud.ttf	upper
1301341943007	0	DISTRACTOR	0			8000	3
1301341950689	1	FR_PRES	0	SHUTTER	1300	0	1	1443	(0.57740000000000002, 0.41289999999999999, 1.0)	../fonts/amplitud.ttf	upper
1301341954540	0	DISTRACTOR	0			8000	3
1301341962758	1	FR_PRES	0	WICK	1607	1	0	1957	(0.42259999999999998, 0.58709999999999996, 0)	../fonts/zerothre.ttf	lower
1301341966744	0	DISTRACTOR	0			8000	3
1301341974811	1	FR_PRES	0	STAMP	1370	1	0	1104	(0.42259999999999998, 0.58709999999999996, 0)	../fonts/zerothre.ttf	lower
1301341978617	0	DISTRACTOR	0			8000	1
1301341986905	1	FR_PRES	0	VEST	1559	1	0	1187	(0.42259999999999998, 0.58709999999999996, 0)	../fonts/zerothre.ttf	lower
1301341991019	0	DISTRACTOR	0			8000	3
1301341999000	1	FR_PRES	0	LASER	801	1	0	827	(0.42259999999999998, 0.58709999999999996, 0)	../fonts/zerothre.ttf	lower
1301342003128	0	DISTRACTOR	0			8000	2
1301342011087	1	FR_PRES	0	PARCEL	1012	1	0	1252	(0.42259999999999998, 0.58709999999999996, 0)	../fonts/zerothre.ttf	lower
1301342015021	0	DISTRACTOR	0			8000	2
1301342024022	1	REC_START
1301342101082	0	REST
1301342102588	1	FR_PRES	1	HANDCUFFS	685	1	0	1568	(0.42259999999999998, 0.58709999999999996, 0)	../fonts/zerothre.ttf	lower
1301342106766	1	FR_PRES	1	BANDIT	81	1	1	853	(0.42259999999999998, 0.58709999999999996, 0)	../fonts/zerothre.ttf	lower
1301342110803	1	FR_PRES	1	VACUUM	1543	0	-999	3000	(0.57740000000000002, 0.41289999999999999, 1.0)	../fonts/amplitud.ttf	upper
1301342113825	1	SLOW_MSG
1301342116289	1	FR_PRES	1	SENATOR	1268	0	1	771	(0.57740000000000002, 0.41289999999999999, 1.0)	../fonts/amplitud.ttf	upper
1301342120301	1	FR_PRES	1	SWING	1421	0	0	1238	(0.57740000000000002, 0.41289999999999999, 1.0)	../fonts/amplitud.ttf	upper
1301342124114	1	FR_PRES	1	SALESMAN	1225	0	1	745	(0.57740000000000002, 0.41289999999999999, 1.0)	../fonts/amplitud.ttf	upper
1301342128168	1	FR_PRES	1	TAPE	1433	0	0	1084	(0.57740000000000002, 0.41289999999999999, 1.0)	../fonts/amplitud.ttf	upper
1301342132130	1	FR_PRES	1	STEREO	1378	0	1	954	(0.57740000000000002, 0.41289999999999999, 1.0)	../fonts/amplitud.ttf	upper
1301342136242	1	FR_PRES	1	KNUCKLE	789	1	1	1265	(0.42259999999999998, 0.58709999999999996, 0)	../fonts/zerothre.ttf	lower
1301342140087	1	FR_PRES	1	TOOL	1480	1	0	1093	(0.42259999999999998, 0.58709999999999996, 0)	../fonts/zerothre.ttf	lower
1301342144049	1	FR_PRES	1	OUTDOORS	987	1	0	1298	(0.42259999999999998, 0.58709999999999996, 0)	../fonts/zerothre.ttf	lower
1301342148186	1	FR_PRES	1	ACTOR	5	1	1	874	(0.42259999999999998, 0.58709999999999996, 0)	../fonts/zerothre.ttf	lower
1301342152123	1	FR_PRES	1	GOVERNOR	651	0	1	2616	(0.57740000000000002, 0.41289999999999999, 1.0)	../fonts/amplitud.ttf	upper
1301342156085	1	FR_PRES	1	MECHANIC	884	0	1	1015	(0.57740000000000002, 0.41289999999999999, 1.0)	../fonts/amplitud.ttf	upper
1301342160139	1	FR_PRES	1	SNORKEL	1336	1	0	1760	(0.42259999999999998, 0.58709999999999996, 0)	../fonts/zerothre.ttf	lower
1301342164184	1	FR_PRES	1	MARSH	874	1	0	932	(0.42259999999999998, 0.58709999999999996, 0)	../fonts/zerothre.ttf	lower
1301342168248	0	DISTRACTOR	1			8000	3
1301342177053	1	REC_START
1301342259706	0	REST
1301342261213	1	FR_PRES	2	LENS	811	0	0	1246	(0.57740000000000002, 0.41289999999999999, 1.0)	../fonts/amplitud.ttf	upper
1301342265026	1	FR_PRES	2	EYELASH	546	0	0	785	(0.57740000000000002, 0.41289999999999999, 1.0)	../fonts/amplitud.ttf	upper
1301342268878	1	FR_PRES	2	GREASE	660	0	0	1093	(0.57740000000000002, 0.41289999999999999, 1.0)	../fonts/amplitud.ttf	upper
1301342272857	1	FR_PRES	2	OLIVE	975	0	0	754	(0.57740000000000002, 0.41289999999999999, 1.0)	../fonts/amplitud.ttf	upper
1301342276952	1	FR_PRES	2	SKUNK	1321	0	0	1835	(0.57740000000000002, 0.41289999999999999, 1.0)	../fonts/amplitud.ttf	upper
1301342281140	1	FR_PRES	2	CORPORATION	382	0	1	767	(0.57740000000000002, 0.41289999999999999, 1.0)	../fonts/amplitud.ttf	upper
1301342285111	1	FR_PRES	2	UMPIRE	1535	0	1	804	(0.57740000000000002, 0.41289999999999999, 1.0)	../fonts/amplitud.ttf	upper
1301342289139	1	FR_PRES	2	POWDER	1117	0	0	1488	(0.57740000000000002, 0.41289999999999999, 1.0)	../fonts/amplitud.ttf	upper
1301342293068	1	FR_PRES	2	INCENSE	735	0	0	1168	(0.57740000000000002, 0.41289999999999999, 1.0)	../fonts/amplitud.ttf	upper
1301342296879	1	FR_PRES	2	CONTRACTOR	369	0	1	644	(0.57740000000000002, 0.41289999999999999, 1.0)	../fonts/amplitud.ttf	upper
1301342300941	1	FR_PRES	2	TONGUE	1479	0	0	1054	(0.57740000000000002, 0.41289999999999999, 1.0)	../fonts/amplitud.ttf	upper
1301342305021	1	FR_PRES	2	KETTLE	772	0	0	1007	(0.57740000000000002, 0.41289999999999999, 1.0)	../fonts/amplitud.ttf	upper
1301342308965	1	FR_PRES	2	BASSINET	97	0	1	846	(0.57740000000000002, 0.41289999999999999, 1.0)	../fonts/amplitud.ttf	upper
1301342312861	1	FR_PRES	2	DIAPER	459	0	0	1014	(0.57740000000000002, 0.41289999999999999, 1.0)	../fonts/amplitud.ttf	upper
1301342316881	1	FR_PRES	2	LIST	830	0	0	802	(0.57740000000000002, 0.41289999999999999, 1.0)	../fonts/amplitud.ttf	upper
1301342320693	1	FR_PRES	2	EDITOR	516	0	1	598	(0.57740000000000002, 0.41289999999999999, 1.0)	../fonts/amplitud.ttf	upper
1301342324868	0	DISTRACTOR	2			16000	4
1301342341478	1	REC_START
1301342422833	0	REST
1301342424333	0	DISTRACTOR	3			8000	3
1301342431781	1	FR_PRES	3	HOE	711	0	1	1542	(0.57740000000000002, 0.41289999999999999, 1.0)	../fonts/amplitud.ttf	upper
1301342435809	0	DISTRACTOR	3			8000	3
1301342443967	1	FR_PRES	3	BRUISE	180	0	0	1364	(0.57740000000000002, 0.41289999999999999, 1.0)	../fonts/amplitud.ttf	upper
1301342448099	0	DISTRACTOR	3			8000	3
1301342455853	1	FR_PRES	3	SHELF	1280	1	0	1502	(0.42259999999999998, 0.58709999999999996, 0)	../fonts/zerothre.ttf	lower
1301342459702	0	DISTRACTOR	3			8000	4
1301342468065	1	FR_PRES	3	GARLIC	624	1	0	987	(0.42259999999999998, 0.58709999999999996, 0)	../fonts/zerothre.ttf	lower
1301342471945	0	DISTRACTOR	3			8000	1
1301342479975	1	FR_PRES	3	SPICE	1350	0	0	1652	(0.57740000000000002, 0.41289999999999999, 1.0)	../fonts/amplitud.ttf	upper
1301342484124	0	DISTRACTOR	3			8000	3
1301342492162	1	FR_PRES	3	DIGGER	464	0	1	1018	(0.57740000000000002, 0.41289999999999999, 1.0)	../fonts/amplitud.ttf	upper
1301342496167	0	DISTRACTOR	3			8000	1
1301342504256	1	FR_PRES	3	ASSOCIATE	49	1	1	1643	(0.42259999999999998, 0.58709999999999996, 0)	../fonts/zerothre.ttf	lower
1301342508304	0	DISTRACTOR	3			8000	3
1301342516242	1	FR_PRES	3	PIRATE	1074	1	1	810	(0.42259999999999998, 0.58709999999999996, 0)	../fonts/zerothre.ttf	lower
1301342520324	0	DISTRACTOR	3			8000	2
1301342528204	1	FR_PRES	3	WOUND	1624	1	1	1016	(0.42259999999999998, 0.58709999999999996, 0)	../fonts/zerothre.ttf	lower
1301342532166	0	DISTRACTOR	3			8000	3
1301342540314	1	FR_PRES	3	PERSON	1052	1	1	681	(0.42259999999999998, 0.58709999999999996, 0)	../fonts/zerothre.ttf	lower
1301342544504	0	DISTRACTOR	3			8000	1
1301342552433	1	FR_PRES	3	FAN	551	1	1	803	(0.42259999999999998, 0.58709999999999996, 0)	../fonts/zerothre.ttf	lower
1301342556368	0	DISTRACTOR	3			8000	1
1301342564402	1	FR_PRES	3	SERVER	1272	1	1	762	(0.42259999999999998, 0.58709999999999996, 0)	../fonts/zerothre.ttf	lower
1301342568438	0	DISTRACTOR	3			8000	3
1301342576430	1	FR_PRES	3	CYLINDER	432	0	0	1933	(0.57740000000000002, 0.41289999999999999, 1.0)	../fonts/amplitud.ttf	upper
1301342580342	0	DISTRACTOR	3			8000	2
1301342588616	1	FR_PRES	3	CUBE	420	0	0	955	(0.57740000000000002, 0.41289999999999999, 1.0)	../fonts/amplitud.ttf	upper
1301342592729	0	DISTRACTOR	3			8000	1
1301342600718	1	FR_PRES	3	STAPLER	1372	0	-999	3001	(0.57740000000000002, 0.41289999999999999, 1.0)	../fonts/amplitud.ttf	upper
1301342603740	1	SLOW_MSG
1301342606361	0	DISTRACTOR	3			8000	1
1301342614171	1	FR_PRES	3	ROBOT	1200	0	0	1304	(0.57740000000000002, 0.41289999999999999, 1.0)	../fonts/amplitud.ttf	upper
1301342618300	0	DISTRACTOR	3			8000	2
1301342626964	1	REC_START
1301342704798	0	REST
1301342706304	1	FR_PRES	4	SUBWAY	1400	1	0	1235	(0.42259999999999998, 0.58709999999999996, 0)	../fonts/zerothre.ttf	lower
1301342710341	1	FR_PRES	4	RAM	1165	1	1	847	(0.42259999999999998, 0.58709999999999996, 0)	../fonts/zerothre.ttf	lower
1301342714180	1	FR_PRES	4	DUNE	506	1	0	1231	(0.42259999999999998, 0.58709999999999996, 0)	../fonts/zerothre.ttf	lower
1301342717991	1	FR_PRES	4	HORIZON	717	1	0	932	(0.42259999999999998, 0.58709999999999996, 0)	../fonts/zerothre.ttf	lower
1301342722170	1	FR_PRES	4	FEAST	556	1	0	1098	(0.42259999999999998, 0.58709999999999996, 0)	../fonts/zerothre.ttf	lower
1301342726241	1	FR_PRES	4	VOLUNTEER	1577	1	1	811	(0.42259999999999998, 0.58709999999999996, 0)	../fonts/zerothre.ttf	lower
1301342730119	1	FR_PRES	4	CONSOLE	364	1	0	885	(0.42259999999999998, 0.58709999999999996, 0)	../fonts/zerothre.ttf	lower
1301342734256	1	FR_PRES	4	FIDDLE	561	1	0	1355	(0.42259999999999998, 0.58709999999999996, 0)	../fonts/zerothre.ttf	lower
1301342738152	1	FR_PRES	4	SERGEANT	1269	1	1	755	(0.42259999999999998, 0.58709999999999996, 0)	../fonts/zerothre.ttf	lower
1301342742172	1	FR_PRES	4	GOAT	644	1	1	920	(0.42259999999999998, 0.58709999999999996, 0)	../fonts/zerothre.ttf	lower
1301342746316	1	FR_PRES	4	PLANE	1081	1	0	808	(0.42259999999999998, 0.58709999999999996, 0)	../fonts/zerothre.ttf	lower
1301342750204	1	FR_PRES	4	AIRCRAFT	11	1	0	1343	(0.42259999999999998, 0.58709999999999996, 0)	../fonts/zerothre.ttf	lower
1301342754365	1	FR_PRES	4	COMB	351	1	0	823	(0.42259999999999998, 0.58709999999999996, 0)	../fonts/zerothre.ttf	lower
1301342758411	1	FR_PRES	4	RECORD	1176	1	0	785	(0.42259999999999998, 0.58709999999999996, 0)	../fonts/zerothre.ttf	lower
1301342762224	1	FR_PRES	4	POLITICIAN	1099	1	1	691	(0.42259999999999998, 0.58709999999999996, 0)	../fonts/zerothre.ttf	lower
1301342766044	1	FR_PRES	4	MASK	876	1	0	871	(0.42259999999999998, 0.58709999999999996, 0)	../fonts/zerothre.ttf	lower
1301342771929	1	REC_START
1301342850354	0	REST
1301342851861	1	FR_PRES	5	MICROWAVE	892	1	0	918	(0.42259999999999998, 0.58709999999999996, 0)	../fonts/zerothre.ttf	lower
1301342855856	1	FR_PRES	5	LEOPARD	812	1	1	963	(0.42259999999999998, 0.58709999999999996, 0)	../fonts/zerothre.ttf	lower
1301342859826	1	FR_PRES	5	TOY	1492	1	0	769	(0.42259999999999998, 0.58709999999999996, 0)	../fonts/zerothre.ttf	lower
1301342863988	1	FR_PRES	5	PRODUCER	1129	1	1	711	(0.42259999999999998, 0.58709999999999996, 0)	../fonts/zerothre.ttf	lower
1301342867984	1	FR_PRES	5	VIDEO	1564	1	0	1411	(0.42259999999999998, 0.58709999999999996, 0)	../fonts/zerothre.ttf	lower
1301342872071	1	FR_PRES	5	COYOTE	396	0	0	1973	(0.57740000000000002, 0.41289999999999999, 1.0)	../fonts/amplitud.ttf	upper
1301342875983	1	FR_PRES	5	TEENAGER	1444	0	1	1004	(0.57740000000000002, 0.41289999999999999, 1.0)	../fonts/amplitud.ttf	upper
1301342880070	1	FR_PRES	5	CABBAGE	210	0	1	998	(0.57740000000000002, 0.41289999999999999, 1.0)	../fonts/amplitud.ttf	upper
1301342884166	1	FR_PRES	5	VET	1560	0	1	846	(0.57740000000000002, 0.41289999999999999, 1.0)	../fonts/amplitud.ttf	upper
1301342888153	1	FR_PRES	5	WINGS	1614	0	1	915	(0.57740000000000002, 0.41289999999999999, 1.0)	../fonts/amplitud.ttf	upper
1301342892256	1	FR_PRES	5	FLEET	578	0	0	1163	(0.57740000000000002, 0.41289999999999999, 1.0)	../fonts/amplitud.ttf	upper
1301342896227	1	FR_PRES	5	WALLET	1583	1	1	2744	(0.42259999999999998, 0.58709999999999996, 0)	../fonts/zerothre.ttf	lower
1301342900206	1	FR_PRES	5	ASIA	46	1	0	1413	(0.42259999999999998, 0.58709999999999996, 0)	../fonts/zerothre.ttf	lower
1301342904093	1	FR_PRES	5	LONDON	843	1	0	1135	(0.42259999999999998, 0.58709999999999996, 0)	../fonts/zerothre.ttf	lower
1301342908013	1	FR_PRES	5	KEYBOARD	774	0	1	1710	(0.57740000000000002, 0.41289999999999999, 1.0)	../fonts/amplitud.ttf	upper
1301342912167	1	FR_PRES	5	OPERA	978	0	1	780	(0.57740000000000002, 0.41289999999999999, 1.0)	../fonts/amplitud.ttf	upper
1301342915991	0	DISTRACTOR	5			8000	3
1301342925019	1	REC_START
1301343001995	0	REST
1301343003495	0	DISTRACTOR	6			16000	6
1301343018825	1	FR_PRES	6	HEART	697	0	0	1443	(0.57740000000000002, 0.41289999999999999, 1.0)	../fonts/amplitud.ttf	upper
1301343022956	0	DISTRACTOR	6			16000	6
1301343038694	1	FR_PRES	6	DENIM	446	0	1	1813	(0.57740000000000002, 0.41289999999999999, 1.0)	../fonts/amplitud.ttf	upper
1301343042797	0	DISTRACTOR	6			16000	5
1301343058796	1	FR_PRES	6	DISC	473	0	0	1143	(0.57740000000000002, 0.41289999999999999, 1.0)	../fonts/amplitud.ttf	upper
1301343062859	0	DISTRACTOR	6			16000	5
1301343078906	1	FR_PRES	6	KNOB	787	0	0	1025	(0.57740000000000002, 0.41289999999999999, 1.0)	../fonts/amplitud.ttf	upper
1301343083059	0	DISTRACTOR	6			16000	5
1301343098807	1	FR_PRES	6	MAT	877	0	1	1028	(0.57740000000000002, 0.41289999999999999, 1.0)	../fonts/amplitud.ttf	upper
1301343102826	0	DISTRACTOR	6			16000	3
1301343118801	1	FR_PRES	6	SHACK	1273	0	1	850	(0.57740000000000002, 0.41289999999999999, 1.0)	../fonts/amplitud.ttf	upper
1301343122948	0	DISTRACTOR	6			16000	4
1301343138836	1	FR_PRES	6	SHINGLE	1285	0	0	1055	(0.57740000000000002, 0.41289999999999999, 1.0)	../fonts/amplitud.ttf	upper
1301343142823	0	DISTRACTOR	6			16000	5
1301343158755	1	FR_PRES	6	SLACKS	1323	0	1	880	(0.57740000000000002, 0.41289999999999999, 1.0)	../fonts/amplitud.ttf	upper
1301343162581	0	DISTRACTOR	6			16000	5
1301343178865	1	FR_PRES	6	SPAGHETTI	1346	0	1	1379	(0.57740000000000002, 0.41289999999999999, 1.0)	../fonts/amplitud.ttf	upper
1301343182836	0	DISTRACTOR	6			16000	5
1301343198833	1	FR_PRES	6	VINE	1568	0	1	1138	(0.57740000000000002, 0.41289999999999999, 1.0)	../fonts/amplitud.ttf	upper
1301343203017	0	DISTRACTOR	6			16000	5
1301343218885	1	FR_PRES	6	BROCCOLI	176	0	1	1239	(0.57740000000000002, 0.41289999999999999, 1.0)	../fonts/amplitud.ttf	upper
1301343222853	0	DISTRACTOR	6			16000	7
1301343238895	1	FR_PRES	6	PUMPKIN	1142	0	1	988	(0.57740000000000002, 0.41289999999999999, 1.0)	../fonts/amplitud.ttf	upper
1301343243089	0	DISTRACTOR	6			16000	7
1301343258963	1	FR_PRES	6	TROMBONE	1508	0	1	1073	(0.57740000000000002, 0.41289999999999999, 1.0)	../fonts/amplitud.ttf	upper
1301343263017	0	DISTRACTOR	6			16000	7
1301343278882	1	FR_PRES	6	SKIN	1318	0	1	857	(0.57740000000000002, 0.41289999999999999, 1.0)	../fonts/amplitud.ttf	upper
1301343282954	0	DISTRACTOR	6			16000	2
1301343298967	1	FR_PRES	6	SUPERVISOR	1410	0	1	756	(0.57740000000000002, 0.41289999999999999, 1.0)	../fonts/amplitud.ttf	upper
1301343303097	0	DISTRACTOR	6			16000	6
1301343319061	1	FR_PRES	6	MATTRESS	879	0	1	798	(0.57740000000000002, 0.41289999999999999, 1.0)	../fonts/amplitud.ttf	upper
1301343323139	0	DISTRACTOR	6			16000	3
1301343339870	1	REC_START
1301343417330	0	REST
1301343418836	1	FR_PRES	7	PUDDLE	1140	1	0	1111	(0.42259999999999998, 0.58709999999999996, 0)	../fonts/zerothre.ttf	lower
1301343422748	1	FR_PRES	7	SHORTS	1293	1	0	1167	(0.42259999999999998, 0.58709999999999996, 0)	../fonts/zerothre.ttf	lower
1301343426877	1	FR_PRES	7	SHIRT	1287	0	1	1774	(0.57740000000000002, 0.41289999999999999, 1.0)	../fonts/amplitud.ttf	upper
1301343430856	1	FR_PRES	7	DOUGH	489	0	0	1404	(0.57740000000000002, 0.41289999999999999, 1.0)	../fonts/amplitud.ttf	upper
1301343434993	1	FR_PRES	7	FISH	571	0	0	1306	(0.57740000000000002, 0.41289999999999999, 1.0)	../fonts/amplitud.ttf	upper
1301343438888	1	FR_PRES	7	SHRUB	1299	0	1	1356	(0.57740000000000002, 0.41289999999999999, 1.0)	../fonts/amplitud.ttf	upper
1301343442817	1	FR_PRES	7	GUARD	667	0	1	922	(0.57740000000000002, 0.41289999999999999, 1.0)	../fonts/amplitud.ttf	upper
1301343446662	1	FR_PRES	7	NUCLEUS	961	1	0	1390	(0.42259999999999998, 0.58709999999999996, 0)	../fonts/zerothre.ttf	lower
1301343450658	1	FR_PRES	7	BISON	131	1	1	705	(0.42259999999999998, 0.58709999999999996, 0)	../fonts/zerothre.ttf	lower
1301343454578	1	FR_PRES	7	MOUNTAIN	924	0	1	2081	(0.57740000000000002, 0.41289999999999999, 1.0)	../fonts/amplitud.ttf	upper
1301343458740	1	FR_PRES	7	SUMMIT	1405	0	1	1015	(0.57740000000000002, 0.41289999999999999, 1.0)	../fonts/amplitud.ttf	upper
1301343462552	1	FR_PRES	7	TECHNICIAN	1443	0	1	868	(0.57740000000000002, 0.41289999999999999, 1.0)	../fonts/amplitud.ttf	upper
1301343466373	1	FR_PRES	7	BUGGY	188	1	1	1294	(0.42259999999999998, 0.58709999999999996, 0)	../fonts/zerothre.ttf	lower
1301343470451	1	FR_PRES	7	ROOT	1210	1	1	1192	(0.42259999999999998, 0.58709999999999996, 0)	../fonts/zerothre.ttf	lower
1301343474265	1	FR_PRES	7	PUPIL	1143	1	1	811	(0.42259999999999998, 0.58709999999999996, 0)	../fonts/zerothre.ttf	lower
1301343478243	1	FR_PRES	7	PEANUT	1032	1	1	969	(0.42259999999999998, 0.58709999999999996, 0)	../fonts/zerothre.ttf	lower
1301343484112	1	REC_START
1301343562229	0	REST
1301343563729	0	DISTRACTOR	8			8000	2
1301343571227	1	FR_PRES	8	REFRIGERATOR	1179	0	1	1041	(0.57740000000000002, 0.41289999999999999, 1.0)	../fonts/amplitud.ttf	upper
1301343575258	0	DISTRACTOR	8			8000	2
1301343583088	1	FR_PRES	8	RABBIT	1152	0	0	1491	(0.57740000000000002, 0.41289999999999999, 1.0)	../fonts/amplitud.ttf	upper
1301343587037	0	DISTRACTOR	8			8000	4
1301343595266	1	FR_PRES	8	BUREAU	199	0	1	907	(0.57740000000000002, 0.41289999999999999, 1.0)	../fonts/amplitud.ttf	upper
1301343599409	0	DISTRACTOR	8			8000	2
1301343607417	1	FR_PRES	8	WARDROBE	1587	0	1	779	(0.57740000000000002, 0.41289999999999999, 1.0)	../fonts/amplitud.ttf	upper
1301343611299	0	DISTRACTOR	8			8000	2
1301343619312	1	FR_PRES	8	SKETCH	1315	0	0	1035	(0.57740000000000002, 0.41289999999999999, 1.0)	../fonts/amplitud.ttf	upper
1301343623191	0	DISTRACTOR	8			8000	3
1301343631406	1	FR_PRES	8	ATOM	55	0	0	1815	(0.57740000000000002, 0.41289999999999999, 1.0)	../fonts/amplitud.ttf	upper
1301343635383	0	DISTRACTOR	8			8000	3
1301343643367	1	FR_PRES	8	BOMB	147	0	1	1437	(0.57740000000000002, 0.41289999999999999, 1.0)	../fonts/amplitud.ttf	upper
1301343647306	0	DISTRACTOR	8			8000	4
1301343655528	1	FR_PRES	8	BUSH	202	0	1	956	(0.57740000000000002, 0.41289999999999999, 1.0)	../fonts/amplitud.ttf	upper
1301343659431	0	DISTRACTOR	8			8000	2
1301343667464	1	FR_PRES	8	RUM	1217	0	1	828	(0.57740000000000002, 0.41289999999999999, 1.0)	../fonts/amplitud.ttf	upper
1301343671436	0	DISTRACTOR	8			8000	2
1301343679650	1	FR_PRES	8	HEATER	698	0	1	769	(0.57740000000000002, 0.41289999999999999, 1.0)	../fonts/amplitud.ttf	upper
1301343683738	0	DISTRACTOR	8			8000	2
1301343691853	1	FR_PRES	8	GLACIER	638	0	1	823	(0.57740000000000002, 0.41289999999999999, 1.0)	../fonts/amplitud.ttf	upper
1301343695825	0	DISTRACTOR	8			8000	3
1301343703814	1	FR_PRES	8	DRAWING	494	0	0	1438	(0.57740000000000002, 0.41289999999999999, 1.0)	../fonts/amplitud.ttf	upper
1301343707946	0	DISTRACTOR	8			8000	3
1301343715767	1	FR_PRES	8	MOAT	903	0	1	821	(0.57740000000000002, 0.41289999999999999, 1.0)	../fonts/amplitud.ttf	upper
1301343719815	0	DISTRACTOR	8			8000	4
1301343727761	1	FR_PRES	8	RELISH	1183	0	0	1067	(0.57740000000000002, 0.41289999999999999, 1.0)	../fonts/amplitud.ttf	upper
1301343731702	0	DISTRACTOR	8			8000	3
1301343739714	1	FR_PRES	8	FRECKLE	602	0	0	1178	(0.57740000000000002, 0.41289999999999999, 1.0)	../fonts/amplitud.ttf	upper
1301343743898	0	DISTRACTOR	8			8000	0
1301343751717	1	FR_PRES	8	SEA	1259	0	1	975	(0.57740000000000002, 0.41289999999999999, 1.0)	../fonts/amplitud.ttf	upper
1301343755903	0	DISTRACTOR	8			8000	2
1301343764696	1	REC_START
1301343842420	0	REST
1301343843927	1	FR_PRES	9	VIOLA	1570	0	0	1557	(0.57740000000000002, 0.41289999999999999, 1.0)	../fonts/amplitud.ttf	upper
1301343848048	1	FR_PRES	9	CITIZEN	312	0	1	828	(0.57740000000000002, 0.41289999999999999, 1.0)	../fonts/amplitud.ttf	upper
1301343851976	1	FR_PRES	9	BANDANNA	80	1	0	1340	(0.42259999999999998, 0.58709999999999996, 0)	../fonts/zerothre.ttf	lower
1301343855879	1	FR_PRES	9	STOVE	1388	1	0	1013	(0.42259999999999998, 0.58709999999999996, 0)	../fonts/zerothre.ttf	lower
1301343859733	1	FR_PRES	9	OX	994	1	1	751	(0.42259999999999998, 0.58709999999999996, 0)	../fonts/zerothre.ttf	lower
1301343863837	1	FR_PRES	9	SCARF	1246	1	0	887	(0.42259999999999998, 0.58709999999999996, 0)	../fonts/zerothre.ttf	lower
1301343867732	1	FR_PRES	9	PIANO	1057	1	1	1688	(0.42259999999999998, 0.58709999999999996, 0)	../fonts/zerothre.ttf	lower
1301343871561	1	FR_PRES	9	TIDE	1465	0	1	2155	(0.57740000000000002, 0.41289999999999999, 1.0)	../fonts/amplitud.ttf	upper
1301343875631	1	FR_PRES	9	SPRINKLE	1359	0	0	789	(0.57740000000000002, 0.41289999999999999, 1.0)	../fonts/amplitud.ttf	upper
1301343879660	1	FR_PRES	9	LOAF	835	0	0	1385	(0.57740000000000002, 0.41289999999999999, 1.0)	../fonts/amplitud.ttf	upper
1301343883789	1	FR_PRES	9	SEAGULL	1261	1	1	1432	(0.42259999999999998, 0.58709999999999996, 0)	../fonts/zerothre.ttf	lower
1301343887642	1	FR_PRES	9	DOVE	491	1	1	1010	(0.42259999999999998, 0.58709999999999996, 0)	../fonts/zerothre.ttf	lower
1301343891646	1	FR_PRES	9	DISH	474	1	0	645	(0.42259999999999998, 0.58709999999999996, 0)	../fonts/zerothre.ttf	lower
1301343895592	1	FR_PRES	9	PICNIC	1060	0	0	2100	(0.57740000000000002, 0.41289999999999999, 1.0)	../fonts/amplitud.ttf	upper
1301343899695	1	FR_PRES	9	ELF	525	0	0	1092	(0.57740000000000002, 0.41289999999999999, 1.0)	../fonts/amplitud.ttf	upper
1301343903715	1	FR_PRES	9	SHEPHERD	1283	0	1	1160	(0.57740000000000002, 0.41289999999999999, 1.0)	../fonts/amplitud.ttf	upper
1301343907694	0	DISTRACTOR	9			8000	3
1301343916609	1	REC_START
1301343992214	1	REST_REWET
1301344342025	0	REST
1301344343525	0	DISTRACTOR	10			16000	4
1301344359005	1	FR_PRES	10	HOSTAGE	722	1	1	823	(0.42259999999999998, 0.58709999999999996, 0)	../fonts/zerothre.ttf	lower
1301344362892	0	DISTRACTOR	10			16000	4
1301344379207	1	FR_PRES	10	PEN	1041	1	0	958	(0.42259999999999998, 0.58709999999999996, 0)	../fonts/zerothre.ttf	lower
1301344383076	0	DISTRACTOR	10			16000	7
1301344399192	1	FR_PRES	10	MIRROR	899	1	0	989	(0.42259999999999998, 0.58709999999999996, 0)	../fonts/zerothre.ttf	lower
1301344403025	0	DISTRACTOR	10			16000	5
1301344419243	1	FR_PRES	10	RAZOR	1171	1	0	1289	(0.42259999999999998, 0.58709999999999996, 0)	../fonts/zerothre.ttf	lower
1301344423431	0	DISTRACTOR	10			16000	2
1301344439402	1	FR_PRES	10	PARTY	1018	1	0	1354	(0.42259999999999998, 0.58709999999999996, 0)	../fonts/zerothre.ttf	lower
1301344443342	0	DISTRACTOR	10			16000	7
1301344459388	1	FR_PRES	10	WOLF	1619	1	1	761	(0.42259999999999998, 0.58709999999999996, 0)	../fonts/zerothre.ttf	lower
1301344463584	0	DISTRACTOR	10			16000	7
1301344479406	1	FR_PRES	10	DIRT	472	1	0	815	(0.42259999999999998, 0.58709999999999996, 0)	../fonts/zerothre.ttf	lower
1301344483298	0	DISTRACTOR	10			16000	3
1301344499341	1	FR_PRES	10	GROUND	666	1	0	712	(0.42259999999999998, 0.58709999999999996, 0)	../fonts/zerothre.ttf	lower
1301344503439	0	DISTRACTOR	10			16000	3
1301344519219	1	FR_PRES	10	RATTLE	1170	1	0	858	(0.42259999999999998, 0.58709999999999996, 0)	../fonts/zerothre.ttf	lower
1301344523360	0	DISTRACTOR	10			16000	5
1301344539403	1	FR_PRES	10	APE	31	1	1	794	(0.42259999999999998, 0.58709999999999996, 0)	../fonts/zerothre.ttf	lower
1301344543250	0	DISTRACTOR	10			16000	6
1301344559497	1	FR_PRES	10	BANANA	77	1	1	1163	(0.42259999999999998, 0.58709999999999996, 0)	../fonts/zerothre.ttf	lower
1301344563387	0	DISTRACTOR	10			16000	6
1301344579698	1	FR_PRES	10	CARNIVAL	245	1	0	986	(0.42259999999999998, 0.58709999999999996, 0)	../fonts/zerothre.ttf	lower
1301344583830	0	DISTRACTOR	10			16000	6
1301344599633	1	FR_PRES	10	CACTUS	215	1	1	795	(0.42259999999999998, 0.58709999999999996, 0)	../fonts/zerothre.ttf	lower
1301344603824	0	DISTRACTOR	10			16000	5
1301344619660	1	FR_PRES	10	SERPENT	1270	1	1	776	(0.42259999999999998, 0.58709999999999996, 0)	../fonts/zerothre.ttf	lower
1301344623706	0	DISTRACTOR	10			16000	7
1301344639654	1	FR_PRES	10	BRACELET	163	1	0	942	(0.42259999999999998, 0.58709999999999996, 0)	../fonts/zerothre.ttf	lower
1301344643616	0	DISTRACTOR	10			16000	6
1301344659689	1	FR_PRES	10	APPENDAGE	32	1	1	1251	(0.42259999999999998, 0.58709999999999996, 0)	../fonts/zerothre.ttf	lower
1301344663672	0	DISTRACTOR	10			16000	6
1301344680473	1	REC_START
1301344757350	0	REST
1301344758857	1	FR_PRES	11	ROOSTER	1209	1	1	1691	(0.42259999999999998, 0.58709999999999996, 0)	../fonts/zerothre.ttf	lower
1301344762769	1	FR_PRES	11	VIKING	1565	1	1	691	(0.42259999999999998, 0.58709999999999996, 0)	../fonts/zerothre.ttf	lower
1301344766698	1	FR_PRES	11	PERISCOPE	1050	1	0	1050	(0.42259999999999998, 0.58709999999999996, 0)	../fonts/zerothre.ttf	lower
1301344770735	1	FR_PRES	11	GENTLEMAN	631	1	1	869	(0.42259999999999998, 0.58709999999999996, 0)	../fonts/zerothre.ttf	lower
1301344774680	1	FR_PRES	11	COOLER	375	1	1	1924	(0.42259999999999998, 0.58709999999999996, 0)	../fonts/zerothre.ttf	lower
1301344778809	1	FR_PRES	11	HANDKERCHIEF	686	1	0	763	(0.42259999999999998, 0.58709999999999996, 0)	../fonts/zerothre.ttf	lower
1301344782996	1	FR_PRES	11	RUST	1219	1	0	1089	(0.42259999999999998, 0.58709999999999996, 0)	../fonts/zerothre.ttf	lower
1301344786824	1	FR_PRES	11	DRYER	503	1	0	1365	(0.42259999999999998, 0.58709999999999996, 0)	../fonts/zerothre.ttf	lower
1301344790961	1	FR_PRES	11	CLOSET	326	1	0	891	(0.42259999999999998, 0.58709999999999996, 0)	../fonts/zerothre.ttf	lower
1301344794915	1	FR_PRES	11	FOE	587	1	1	833	(0.42259999999999998, 0.58709999999999996, 0)	../fonts/zerothre.ttf	lower
1301344799036	1	FR_PRES	11	SPHINX	1349	1	0	1009	(0.42259999999999998, 0.58709999999999996, 0)	../fonts/zerothre.ttf	lower
1301344803007	1	FR_PRES	11	BEARD	107	1	0	1222	(0.42259999999999998, 0.58709999999999996, 0)	../fonts/zerothre.ttf	lower
1301344806926	1	FR_PRES	11	TORTOISE	1486	1	1	1350	(0.42259999999999998, 0.58709999999999996, 0)	../fonts/zerothre.ttf	lower
1301344810938	1	FR_PRES	11	HARE	688	1	1	2227	(0.42259999999999998, 0.58709999999999996, 0)	../fonts/zerothre.ttf	lower
1301344814967	1	FR_PRES	11	TRUCK	1512	1	0	1062	(0.42259999999999998, 0.58709999999999996, 0)	../fonts/zerothre.ttf	lower
1301344819088	1	FR_PRES	11	PARTNER	1017	1	1	780	(0.42259999999999998, 0.58709999999999996, 0)	../fonts/zerothre.ttf	lower
1301344823076	0	DISTRACTOR	11			16000	6
1301344840014	1	REC_START
1301344916965	0	MATH_TOTAL_SCORE	312
1301344922584	0	FFR_START
1301344928220	1	REC_START
1301345246991	0	RECOG_START
1301345246992	1	REC_START
1301345247017	0	RECOG_PRES	0	CAP	236	-999	P	2132
1301345249521	0	RECOG_CR_PRES	0	CAP	236	-999	P	1131
1301345251145	1	RECOG_FEEDBACK	1
1301345251927	0	RECOG_PRES	0	LITERATURE	831	-999	P	1045
1301345253342	0	RECOG_CR_PRES	0	LITERATURE	831	-999	P	294
1301345254034	1	RECOG_FEEDBACK	1
1301345254815	0	RECOG_PRES	0	HAMMER	680	-999	P	1069
1301345256248	0	RECOG_CR_PRES	0	HAMMER	680	-999	P	324
1301345256962	1	RECOG_FEEDBACK	1
1301345257770	0	RECOG_PRES	0	AIRCRAFT	11	-999	P	1066
1301345259203	0	RECOG_CR_PRES	0	AIRCRAFT	11	-999	P	241
1301345259793	1	RECOG_FEEDBACK	1
1301345260558	0	RECOG_PRES	0	SHOP	1290	-999	P	1118
1301345262041	0	RECOG_CR_PRES	0	SHOP	1290	-999	P	188
1301345262623	1	RECOG_FEEDBACK	1
1301345263347	0	RECOG_PRES	0	ROBE	1198	-999	P	1089
1301345264803	0	RECOG_CR_PRES	0	ROBE	1198	-999	P	250
1301345265428	1	RECOG_FEEDBACK	1
1301345266186	0	RECOG_PRES	0	HERB	704	-999	P	1466
1301345268017	0	RECOG_CR_PRES	0	HERB	704	-999	P	299
1301345268732	1	RECOG_FEEDBACK	1
1301345269465	0	RECOG_PRES	0	CYLINDER	432	-999	P	1051
1301345270888	0	RECOG_CR_PRES	0	CYLINDER	432	-999	P	309
1301345271546	1	RECOG_FEEDBACK	1
1301345272271	0	RECOG_PRES	0	MOUNTAIN	924	-999	P	1045
1301345273685	0	RECOG_CR_PRES	0	MOUNTAIN	924	-999	P	239
1301345274268	1	RECOG_FEEDBACK	1
1301345275067	0	RECOG_PRES	0	CALF	222	-999	P	918
1301345276373	0	RECOG_CR_PRES	0	CALF	222	-999	P	279
1301345277007	1	RECOG_FEEDBACK	1
1301345277730	0	RECOG_PRES	0	GORILLA	650	-999	P	2002
1301345280095	0	RECOG_CR_PRES	0	GORILLA	650	-999	P	269
1301345280777	1	RECOG_FEEDBACK	1
1301345281517	0	RECOG_PRES	0	WAREHOUSE	1588	-999	P	1223
1301345283116	0	RECOG_CR_PRES	0	WAREHOUSE	1588	-999	P	336
1301345283840	1	RECOG_FEEDBACK	1
1301345284614	0	RECOG_PRES	0	PHILOSOPHER	1054	-999	P	2423
1301345287411	0	RECOG_CR_PRES	0	PHILOSOPHER	1054	-999	P	1185
1301345289043	1	RECOG_FEEDBACK	1
1301345289783	0	RECOG_PRES	0	ASTEROID	50	-999	P	1446
1301345291597	0	RECOG_CR_PRES	0	ASTEROID	50	-999	P	383
1301345292405	1	RECOG_FEEDBACK	1
1301345293138	0	RECOG_PRES	0	SPICE	1350	-999	P	2258
1301345295768	0	RECOG_CR_PRES	0	SPICE	1350	-999	P	445
1301345296650	1	RECOG_FEEDBACK	1
1301345297441	0	RECOG_PRES	0	VIKING	1565	-999	P	947
1301345298756	0	RECOG_CR_PRES	0	VIKING	1565	-999	P	273
1301345299372	1	RECOG_FEEDBACK	1
1301345300147	0	RECOG_PRES	0	BEE	112	-999	P	2122
1301345302643	0	RECOG_CR_PRES	0	BEE	112	-999	P	209
1301345303292	1	RECOG_FEEDBACK	1
1301345304026	0	RECOG_PRES	0	PARTNER	1017	-999	P	1274
1301345305673	0	RECOG_CR_PRES	0	PARTNER	1017	-999	P	251
1301345306347	1	RECOG_FEEDBACK	0
1301345307155	0	RECOG_PRES	0	ASSOCIATE	49	-999	P	1473
1301345309003	0	RECOG_CR_PRES	0	ASSOCIATE	49	-999	P	194
1301345309560	1	RECOG_FEEDBACK	1
1301345310301	0	RECOG_PRES	0	PIRATE	1074	-999	P	1944
1301345312615	0	RECOG_CR_PRES	0	PIRATE	1074	-999	P	181
1301345313215	1	RECOG_FEEDBACK	0
1301345314746	0	REST
1301345315734	1	REC_START
1301345315769	0	RECOG_PRES	1	GRASSHOPPER	656	-999	P	2364
1301345318499	0	RECOG_CR_PRES	1	GRASSHOPPER	656	-999	P	209
1301345319108	1	RECOG_FEEDBACK	0
1301345319873	0	RECOG_PRES	1	TRUCK	1512	-999	P	1132
1301345321379	0	RECOG_CR_PRES	1	TRUCK	1512	-999	P	201
1301345321921	1	RECOG_FEEDBACK	1
1301345322653	0	RECOG_PRES	1	DIAPER	459	-999	P	983
1301345324011	0	RECOG_CR_PRES	1	DIAPER	459	-999	P	234
1301345324592	1	RECOG_FEEDBACK	1
1301345325366	0	RECOG_PRES	1	KNUCKLE	789	-999	P	1222
1301345326956	0	RECOG_CR_PRES	1	KNUCKLE	789	-999	P	185
1301345327481	1	RECOG_FEEDBACK	1
1301345328296	0	RECOG_PRES	1	LONDON	843	-999	P	1076
1301345329745	0	RECOG_CR_PRES	1	LONDON	843	-999	P	251
1301345330352	1	RECOG_FEEDBACK	1
1301345331069	0	RECOG_PRES	1	XEROX	1628	-999	P	1120
1301345332558	0	RECOG_CR_PRES	1	XEROX	1628	-999	P	246
1301345333175	1	RECOG_FEEDBACK	1
1301345333940	0	RECOG_PRES	1	BRACELET	163	-999	P	1185
1301345335496	0	RECOG_CR_PRES	1	BRACELET	163	-999	P	236
1301345336097	1	RECOG_FEEDBACK	1
1301345336870	0	RECOG_PRES	1	DIRT	472	-999	P	1062
1301345338302	0	RECOG_CR_PRES	1	DIRT	472	-999	P	222
1301345338901	1	RECOG_FEEDBACK	1
1301345339667	0	RECOG_PRES	1	ATHLETE	52	-999	P	2001
1301345342032	0	RECOG_CR_PRES	1	ATHLETE	52	-999	P	380
1301345342788	1	RECOG_FEEDBACK	0
1301345343545	0	RECOG_PRES	1	SPRINKLE	1359	-999	P	1067
1301345344985	0	RECOG_CR_PRES	1	SPRINKLE	1359	-999	P	188
1301345345518	1	RECOG_FEEDBACK	1
1301345346252	0	RECOG_PRES	1	DUCK	504	-999	P	1312
1301345347932	0	RECOG_CR_PRES	1	DUCK	504	-999	P	201
1301345348498	1	RECOG_FEEDBACK	0
1301345349280	0	RECOG_PRES	1	SEAGULL	1261	-999	P	1052
1301345350704	0	RECOG_CR_PRES	1	SEAGULL	1261	-999	P	252
1301345351295	1	RECOG_FEEDBACK	1
1301345352062	0	RECOG_PRES	1	POWDER	1117	-999	P	1135
1301345353567	0	RECOG_CR_PRES	1	POWDER	1117	-999	P	269
1301345354176	1	RECOG_FEEDBACK	1
1301345354916	0	RECOG_PRES	1	PUMPKIN	1142	-999	P	1000
1301345356289	0	RECOG_CR_PRES	1	PUMPKIN	1142	-999	P	251
1301345356880	1	RECOG_FEEDBACK	1
1301345357654	0	RECOG_PRES	1	BUTLER	204	-999	P	1334
1301345359360	0	RECOG_CR_PRES	1	BUTLER	204	-999	P	212
1301345359960	1	RECOG_FEEDBACK	1
1301345360684	0	RECOG_PRES	1	ROOSTER	1209	-999	P	2192
1301345363249	0	RECOG_CR_PRES	1	ROOSTER	1209	-999	P	387
1301345364039	1	RECOG_FEEDBACK	1
1301345364804	0	RECOG_PRES	1	BARTENDER	92	-999	P	1209
1301345366386	0	RECOG_CR_PRES	1	BARTENDER	92	-999	P	186
1301345366960	1	RECOG_FEEDBACK	1
1301345367717	0	RECOG_PRES	1	RUST	1219	-999	P	1288
1301345369374	0	RECOG_CR_PRES	1	RUST	1219	-999	P	214
1301345369940	1	RECOG_FEEDBACK	1
1301345370697	0	RECOG_PRES	1	PARTY	1018	-999	P	963
1301345372022	0	RECOG_CR_PRES	1	PARTY	1018	-999	P	207
1301345372570	1	RECOG_FEEDBACK	1
1301345373328	0	RECOG_PRES	1	BANQUET	86	-999	P	1148
1301345374851	0	RECOG_CR_PRES	1	BANQUET	86	-999	P	194
1301345375408	1	RECOG_FEEDBACK	1
1301345376982	0	REST
1301345377802	1	REC_START
1301345377831	0	RECOG_PRES	2	FLASK	576	-999	P	1262
1301345379462	0	RECOG_CR_PRES	2	FLASK	576	-999	P	149
1301345379995	1	RECOG_FEEDBACK	1
1301345380719	0	RECOG_PRES	2	EYELASH	546	-999	P	973
1301345382060	0	RECOG_CR_PRES	2	EYELASH	546	-999	P	240
1301345382642	1	RECOG_FEEDBACK	1
1301345383399	0	RECOG_PRES	2	CRYSTAL	418	-999	P	1101
1301345384873	0	RECOG_CR_PRES	2	CRYSTAL	418	-999	P	212
1301345385438	1	RECOG_FEEDBACK	0
1301345386205	0	RECOG_PRES	2	RAM	1165	-999	P	1087
1301345387661	0	RECOG_CR_PRES	2	RAM	1165	-999	P	303
1301345388310	1	RECOG_FEEDBACK	1
1301345389119	0	RECOG_PRES	2	COURSE	390	-999	P	1150
1301345390641	0	RECOG_CR_PRES	2	COURSE	390	-999	P	187
1301345391208	1	RECOG_FEEDBACK	1
1301345391981	0	RECOG_PRES	2	GARLIC	624	-999	P	911
1301345393255	0	RECOG_CR_PRES	2	GARLIC	624	-999	P	221
1301345393820	1	RECOG_FEEDBACK	1
1301345394536	0	RECOG_PRES	2	OLIVE	975	-999	P	1012
1301345395918	0	RECOG_CR_PRES	2	OLIVE	975	-999	P	231
1301345396509	1	RECOG_FEEDBACK	1
1301345397217	0	RECOG_PRES	2	DRYER	503	-999	P	1052
1301345398640	0	RECOG_CR_PRES	2	DRYER	503	-999	P	276
1301345399265	1	RECOG_FEEDBACK	1
1301345400006	0	RECOG_PRES	2	SHED	1277	-999	P	1502
1301345401878	0	RECOG_CR_PRES	2	SHED	1277	-999	P	231
1301345402485	1	RECOG_FEEDBACK	1
1301345403210	0	RECOG_PRES	2	SHACK	1273	-999	P	875
1301345404483	0	RECOG_CR_PRES	2	SHACK	1273	-999	P	209
1301345405025	1	RECOG_FEEDBACK	1
1301345405782	0	RECOG_PRES	2	GRAVE	658	-999	P	1158
1301345407313	0	RECOG_CR_PRES	2	GRAVE	658	-999	P	371
1301345408047	1	RECOG_FEEDBACK	1
1301345408786	0	RECOG_PRES	2	CORPORATION	382	-999	P	1074
1301345410227	0	RECOG_CR_PRES	2	CORPORATION	382	-999	P	225
1301345410801	1	RECOG_FEEDBACK	1
1301345411600	0	RECOG_PRES	2	COLLAR	345	-999	P	1100
1301345413066	0	RECOG_CR_PRES	2	COLLAR	345	-999	P	354
1301345413789	1	RECOG_FEEDBACK	1
1301345414596	0	RECOG_PRES	2	OPERA	978	-999	P	896
1301345415862	0	RECOG_CR_PRES	2	OPERA	978	-999	P	558
1301345416794	1	RECOG_FEEDBACK	1
1301345417510	0	RECOG_PRES	2	DORM	488	-999	P	982
1301345418866	0	RECOG_CR_PRES	2	DORM	488	-999	P	251
1301345419482	1	RECOG_FEEDBACK	1
1301345420224	0	RECOG_PRES	2	LID	817	-999	P	1013
1301345421605	0	RECOG_CR_PRES	2	LID	817	-999	P	239
1301345422214	1	RECOG_FEEDBACK	1
1301345422995	0	RECOG_PRES	2	COYOTE	396	-999	P	1817
1301345425177	0	RECOG_CR_PRES	2	COYOTE	396	-999	P	227
1301345425775	1	RECOG_FEEDBACK	1
1301345426574	0	RECOG_PRES	2	STEREO	1378	-999	P	1118
1301345428057	0	RECOG_CR_PRES	2	STEREO	1378	-999	P	227
1301345428663	1	RECOG_FEEDBACK	1
1301345429429	0	RECOG_PRES	2	BERRY	122	-999	P	1023
1301345430819	0	RECOG_CR_PRES	2	BERRY	122	-999	P	186
1301345431377	1	RECOG_FEEDBACK	1
1301345432110	0	RECOG_PRES	2	SERVER	1272	-999	P	1166
1301345433649	0	RECOG_CR_PRES	2	SERVER	1272	-999	P	203
1301345434216	1	RECOG_FEEDBACK	1
1301345435689	0	REST
1301345436586	1	REC_START
1301345436612	0	RECOG_PRES	3	BEAST	108	-999	P	1184
1301345438162	0	RECOG_CR_PRES	3	BEAST	108	-999	P	130
1301345438677	1	RECOG_FEEDBACK	1
1301345439384	0	RECOG_PRES	3	SCREEN	1253	-999	P	1164
1301345440916	0	RECOG_CR_PRES	3	SCREEN	1253	-999	P	225
1301345441532	1	RECOG_FEEDBACK	1
1301345442298	0	RECOG_PRES	3	SEASHORE	1263	-999	P	1210
1301345443879	0	RECOG_CR_PRES	3	SEASHORE	1263	-999	P	278
1301345444545	1	RECOG_FEEDBACK	1
1301345445344	0	RECOG_PRES	3	DOUGHNUT	490	-999	P	1124
1301345446842	0	RECOG_CR_PRES	3	DOUGHNUT	490	-999	P	267
1301345447500	1	RECOG_FEEDBACK	1
1301345448217	0	RECOG_PRES	3	STATUE	1374	-999	P	1812
1301345450396	0	RECOG_CR_PRES	3	STATUE	1374	-999	P	368
1301345451205	1	RECOG_FEEDBACK	1
1301345451920	0	RECOG_PRES	3	STOVE	1388	-999	P	1060
1301345453351	0	RECOG_CR_PRES	3	STOVE	1388	-999	P	197
1301345453901	1	RECOG_FEEDBACK	1
1301345454633	0	RECOG_PRES	3	SHEPHERD	1283	-999	P	947
1301345455948	0	RECOG_CR_PRES	3	SHEPHERD	1283	-999	P	233
1301345456531	1	RECOG_FEEDBACK	1
1301345457248	0	RECOG_PRES	3	SLACKS	1323	-999	P	1236
1301345458853	0	RECOG_CR_PRES	3	SLACKS	1323	-999	P	143
1301345459344	1	RECOG_FEEDBACK	1
1301345460095	0	RECOG_PRES	3	POLITICIAN	1099	-999	P	990
1301345461459	0	RECOG_CR_PRES	3	POLITICIAN	1099	-999	P	161
1301345461975	1	RECOG_FEEDBACK	1
1301345462749	0	RECOG_PRES	3	FAN	551	-999	P	833
1301345463981	0	RECOG_CR_PRES	3	FAN	551	-999	P	176
1301345464505	1	RECOG_FEEDBACK	1
1301345465296	0	RECOG_PRES	3	EDITOR	516	-999	P	1028
1301345466694	0	RECOG_CR_PRES	3	EDITOR	516	-999	P	174
1301345467211	1	RECOG_FEEDBACK	1
1301345467934	0	RECOG_PRES	3	INCENSE	735	-999	P	958
1301345469259	0	RECOG_CR_PRES	3	INCENSE	735	-999	P	153
1301345469749	1	RECOG_FEEDBACK	1
1301345470506	0	RECOG_PRES	3	HAMPER	682	-999	P	1178
1301345472047	0	RECOG_CR_PRES	3	HAMPER	682	-999	P	229
1301345472646	1	RECOG_FEEDBACK	1
1301345473411	0	RECOG_PRES	3	VOLUNTEER	1577	-999	P	1169
1301345474951	0	RECOG_CR_PRES	3	VOLUNTEER	1577	-999	P	206
1301345475526	1	RECOG_FEEDBACK	1
1301345476251	0	RECOG_PRES	3	PENGUIN	1044	-999	P	1073
1301345477698	0	RECOG_CR_PRES	3	PENGUIN	1044	-999	P	154
1301345478240	1	RECOG_FEEDBACK	1
1301345479039	0	RECOG_PRES	3	FISH	571	-999	P	807
1301345480238	0	RECOG_CR_PRES	3	FISH	571	-999	P	206
1301345480803	1	RECOG_FEEDBACK	1
1301345481527	0	RECOG_PRES	3	DIME	466	-999	P	1293
1301345483184	0	RECOG_CR_PRES	3	DIME	466	-999	P	172
1301345483749	1	RECOG_FEEDBACK	1
1301345484524	0	RECOG_PRES	3	WAVE	1596	-999	P	1673
1301345486571	0	RECOG_CR_PRES	3	WAVE	1596	-999	P	369
1301345487320	1	RECOG_FEEDBACK	0
1301345488070	0	RECOG_PRES	3	TROUSERS	1510	-999	P	2079
1301345490517	0	RECOG_CR_PRES	3	TROUSERS	1510	-999	P	231
1301345491150	1	RECOG_FEEDBACK	1
1301345491890	0	RECOG_PRES	3	DUNE	506	-999	P	1770
1301345494022	0	RECOG_CR_PRES	3	DUNE	506	-999	P	254
1301345494653	1	RECOG_FEEDBACK	1
1301345503377	0	REST
1301345504444	1	REC_START
1301345504475	0	RECOG_PRES	4	SKETCH	1315	-999	P	1009
1301345505857	0	RECOG_CR_PRES	4	SKETCH	1315	-999	P	212
1301345506448	1	RECOG_FEEDBACK	1
1301345507232	0	RECOG_PRES	4	PEN	1041	-999	P	925
1301345508529	0	RECOG_CR_PRES	4	PEN	1041	-999	P	267
1301345509146	1	RECOG_FEEDBACK	1
1301345509944	0	RECOG_PRES	4	DISC	473	-999	P	916
1301345511244	0	RECOG_CR_PRES	4	DISC	473	-999	P	216
1301345511833	1	RECOG_FEEDBACK	1
1301345512558	0	RECOG_PRES	4	MAT	877	-999	P	958
1301345513890	0	RECOG_CR_PRES	4	MAT	877	-999	P	195
1301345514464	1	RECOG_FEEDBACK	1
1301345515181	0	RECOG_PRES	4	SERPENT	1270	-999	P	960
1301345516511	0	RECOG_CR_PRES	4	SERPENT	1270	-999	P	229
1301345517128	1	RECOG_FEEDBACK	1
1301345517926	0	RECOG_PRES	4	DOVE	491	-999	P	894
1301345519184	0	RECOG_CR_PRES	4	DOVE	491	-999	P	260
1301345519816	1	RECOG_FEEDBACK	1
1301345520532	0	RECOG_PRES	4	HORIZON	717	-999	P	1136
1301345522031	0	RECOG_CR_PRES	4	HORIZON	717	-999	P	261
1301345522679	1	RECOG_FEEDBACK	1
1301345523420	0	RECOG_PRES	4	BANANA	77	-999	P	960
1301345524752	0	RECOG_CR_PRES	4	BANANA	77	-999	P	253
1301345525360	1	RECOG_FEEDBACK	1
1301345526118	0	RECOG_PRES	4	INMATE	738	-999	P	1214
1301345527707	0	RECOG_CR_PRES	4	INMATE	738	-999	P	201
1301345528289	1	RECOG_FEEDBACK	1
1301345529006	0	RECOG_PRES	4	WALLET	1583	-999	P	838
1301345530205	0	RECOG_CR_PRES	4	WALLET	1583	-999	P	215
1301345530795	1	RECOG_FEEDBACK	1
1301345531602	0	RECOG_PRES	4	KETTLE	772	-999	P	962
1301345532934	0	RECOG_CR_PRES	4	KETTLE	772	-999	P	220
1301345533550	1	RECOG_FEEDBACK	1
1301345534341	0	RECOG_PRES	4	BROCCOLI	176	-999	P	856
1301345535564	0	RECOG_CR_PRES	4	BROCCOLI	176	-999	P	216
1301345536148	1	RECOG_FEEDBACK	1
1301345536904	0	RECOG_PRES	4	TROUT	1511	-999	P	1444
1301345538719	0	RECOG_CR_PRES	4	TROUT	1511	-999	P	430
1301345539526	1	RECOG_FEEDBACK	0
1301345540300	0	RECOG_PRES	4	SIRLOIN	1311	-999	P	1448
1301345542116	0	RECOG_CR_PRES	4	SIRLOIN	1311	-999	P	184
1301345542689	1	RECOG_FEEDBACK	1
1301345543505	0	RECOG_PRES	4	HEATER	698	-999	P	1043
1301345544920	0	RECOG_CR_PRES	4	HEATER	698	-999	P	181
1301345545461	1	RECOG_FEEDBACK	1
1301345546253	0	RECOG_PRES	4	PUPIL	1143	-999	P	1023
1301345547650	0	RECOG_CR_PRES	4	PUPIL	1143	-999	P	226
1301345548226	1	RECOG_FEEDBACK	1
1301345549008	0	RECOG_PRES	4	ENCYCLOPEDIA	533	-999	P	1101
1301345550480	0	RECOG_CR_PRES	4	ENCYCLOPEDIA	533	-999	P	228
1301345551081	1	RECOG_FEEDBACK	1
1301345551837	0	RECOG_PRES	4	STAIRS	1367	-999	P	1328
1301345553535	0	RECOG_CR_PRES	4	STAIRS	1367	-999	P	293
1301345554244	1	RECOG_FEEDBACK	1
1301345554992	0	RECOG_PRES	4	RICE	1190	-999	P	1340
1301345556707	0	RECOG_CR_PRES	4	RICE	1190	-999	P	506
1301345557630	1	RECOG_FEEDBACK	1
1301345558421	0	RECOG_PRES	4	GOVERNOR	651	-999	P	1103
1301345559894	0	RECOG_CR_PRES	4	GOVERNOR	651	-999	P	183
1301345560427	1	RECOG_FEEDBACK	1
1301345562483	0	REST
1301345563325	1	REC_START
1301345563357	0	RECOG_PRES	5	FRECKLE	602	-999	P	904
1301345564631	0	RECOG_CR_PRES	5	FRECKLE	602	-999	P	197
1301345565156	1	RECOG_FEEDBACK	1
1301345565954	0	RECOG_PRES	5	PUDDLE	1140	-999	P	898
1301345567212	0	RECOG_CR_PRES	5	PUDDLE	1140	-999	P	184
1301345567744	1	RECOG_FEEDBACK	1
1301345568476	0	RECOG_PRES	5	HONEY	713	-999	P	992
1301345569841	0	RECOG_CR_PRES	5	HONEY	713	-999	P	204
1301345570416	1	RECOG_FEEDBACK	1
1301345571132	0	RECOG_PRES	5	APPENDAGE	32	-999	P	891
1301345572422	0	RECOG_CR_PRES	5	APPENDAGE	32	-999	P	166
1301345572971	1	RECOG_FEEDBACK	1
1301345573770	0	RECOG_PRES	5	VISITOR	1573	-999	P	1451
1301345575593	0	RECOG_CR_PRES	5	VISITOR	1573	-999	P	275
1301345576268	1	RECOG_FEEDBACK	1
1301345577042	0	RECOG_PRES	5	PRODUCER	1129	-999	P	922
1301345578331	0	RECOG_CR_PRES	5	PRODUCER	1129	-999	P	185
1301345578856	1	RECOG_FEEDBACK	1
1301345579622	0	RECOG_PRES	5	EYE	545	-999	P	1078
1301345581063	0	RECOG_CR_PRES	5	EYE	545	-999	P	221
1301345581669	1	RECOG_FEEDBACK	1
1301345582435	0	RECOG_PRES	5	DICTATOR	462	-999	P	1185
1301345583992	0	RECOG_CR_PRES	5	DICTATOR	462	-999	P	245
1301345584607	1	RECOG_FEEDBACK	1
1301345585398	0	RECOG_PRES	5	STAPLER	1372	-999	P	1062
1301345586830	0	RECOG_CR_PRES	5	STAPLER	1372	-999	P	271
1301345587446	1	RECOG_FEEDBACK	1
1301345588213	0	RECOG_PRES	5	LOCK	838	-999	P	1175
1301345589760	0	RECOG_CR_PRES	5	LOCK	838	-999	P	245
1301345590392	1	RECOG_FEEDBACK	1
1301345591184	0	RECOG_PRES	5	RADIATOR	1156	-999	P	1212
1301345592765	0	RECOG_CR_PRES	5	RADIATOR	1156	-999	P	288
1301345593447	1	RECOG_FEEDBACK	1
1301345594222	0	RECOG_PRES	5	CALENDAR	221	-999	P	1150
1301345595745	0	RECOG_CR_PRES	5	CALENDAR	221	-999	P	227
1301345596369	1	RECOG_FEEDBACK	1
1301345597086	0	RECOG_PRES	5	NUT	965	-999	P	1079
1301345598533	0	RECOG_CR_PRES	5	NUT	965	-999	P	239
1301345599158	1	RECOG_FEEDBACK	1
1301345599931	0	RECOG_PRES	5	CHEST	295	-999	P	1017
1301345601321	0	RECOG_CR_PRES	5	CHEST	295	-999	P	227
1301345601937	1	RECOG_FEEDBACK	1
1301345602653	0	RECOG_PRES	5	CONSOLE	364	-999	P	975
1301345604003	0	RECOG_CR_PRES	5	CONSOLE	364	-999	P	250
1301345604593	1	RECOG_FEEDBACK	1
1301345605350	0	RECOG_PRES	5	CROWN	415	-999	P	998
1301345606723	0	RECOG_CR_PRES	5	CROWN	415	-999	P	217
1301345607314	1	RECOG_FEEDBACK	1
1301345608031	0	RECOG_PRES	5	HANDKERCHIEF	686	-999	P	1030
1301345609429	0	RECOG_CR_PRES	5	HANDKERCHIEF	686	-999	P	223
1301345609986	1	RECOG_FEEDBACK	1
1301345610785	0	RECOG_PRES	5	SALMON	1227	-999	P	1099
1301345612251	0	RECOG_CR_PRES	5	SALMON	1227	-999	P	193
1301345612825	1	RECOG_FEEDBACK	1
1301345613566	0	RECOG_PRES	5	SHRINE	1298	-999	P	1150
1301345615081	0	RECOG_CR_PRES	5	SHRINE	1298	-999	P	219
1301345615680	1	RECOG_FEEDBACK	1
1301345616446	0	RECOG_PRES	5	ORCHESTRA	981	-999	P	1110
1301345617927	0	RECOG_CR_PRES	5	ORCHESTRA	981	-999	P	206
1301345618485	1	RECOG_FEEDBACK	0
1301345620707	0	REST
1301345621586	1	REC_START
1301345621615	0	RECOG_PRES	6	VIDEO	1564	-999	P	1005
1301345622988	0	RECOG_CR_PRES	6	VIDEO	1564	-999	P	233
1301345623554	1	RECOG_FEEDBACK	1
1301345624336	0	RECOG_PRES	6	TOOL	1480	-999	P	1260
1301345625968	0	RECOG_CR_PRES	6	TOOL	1480	-999	P	189
1301345626534	1	RECOG_FEEDBACK	0
1301345627291	0	RECOG_PRES	6	RELISH	1183	-999	P	1065
1301345628731	0	RECOG_CR_PRES	6	RELISH	1183	-999	P	290
1301345629331	1	RECOG_FEEDBACK	-1
1301345630106	0	RECOG_PRES	6	PENNY	1045	-999	P	1490
1301345631969	0	RECOG_CR_PRES	6	PENNY	1045	-999	P	292
1301345632668	1	RECOG_FEEDBACK	1
1301345633409	0	RECOG_PRES	6	BULL	193	-999	P	1171
1301345634949	0	RECOG_CR_PRES	6	BULL	193	-999	P	327
1301345635665	1	RECOG_FEEDBACK	0
1301345636464	0	RECOG_PRES	6	CONTRACTOR	369	-999	P	1436
1301345638263	0	RECOG_CR_PRES	6	CONTRACTOR	369	-999	P	285
1301345638928	1	RECOG_FEEDBACK	1
1301345639702	0	RECOG_PRES	6	ENGINE	535	-999	P	1311
1301345641383	0	RECOG_CR_PRES	6	ENGINE	535	-999	P	277
1301345642075	1	RECOG_FEEDBACK	1
1301345642873	0	RECOG_PRES	6	TIDE	1465	-999	P	971
1301345644206	0	RECOG_CR_PRES	6	TIDE	1465	-999	P	278
1301345644829	1	RECOG_FEEDBACK	1
1301345645628	0	RECOG_PRES	6	DRAWING	494	-999	P	1401
1301345647401	0	RECOG_CR_PRES	6	DRAWING	494	-999	P	283
1301345648051	1	RECOG_FEEDBACK	1
1301345648841	0	RECOG_PRES	6	BLOSSOM	138	-999	P	1172
1301345650381	0	RECOG_CR_PRES	6	BLOSSOM	138	-999	P	263
1301345651023	1	RECOG_FEEDBACK	1
1301345651763	0	RECOG_PRES	6	STUMP	1396	-999	P	1266
1301345653403	0	RECOG_CR_PRES	6	STUMP	1396	-999	P	273
1301345654053	1	RECOG_FEEDBACK	1
1301345654843	0	RECOG_PRES	6	FLOUR	583	-999	P	1226
1301345656441	0	RECOG_CR_PRES	6	FLOUR	583	-999	P	267
1301345657108	1	RECOG_FEEDBACK	1
1301345657872	0	RECOG_PRES	6	ASIA	46	-999	P	1084
1301345659329	0	RECOG_CR_PRES	6	ASIA	46	-999	P	243
1301345659912	1	RECOG_FEEDBACK	1
1301345660702	0	RECOG_PRES	6	FEAST	556	-999	P	1022
1301345662094	0	RECOG_CR_PRES	6	FEAST	556	-999	P	246
1301345662684	1	RECOG_FEEDBACK	1
1301345663483	0	RECOG_PRES	6	KNOB	787	-999	P	1097
1301345664948	0	RECOG_CR_PRES	6	KNOB	787	-999	P	249
1301345665547	1	RECOG_FEEDBACK	1
1301345666354	0	RECOG_PRES	6	TECHNICIAN	1443	-999	P	1130
1301345667853	0	RECOG_CR_PRES	6	TECHNICIAN	1443	-999	P	264
1301345668460	1	RECOG_FEEDBACK	1
1301345669252	0	RECOG_PRES	6	TOWN	1491	-999	P	1120
1301345670741	0	RECOG_CR_PRES	6	TOWN	1491	-999	P	247
1301345671365	1	RECOG_FEEDBACK	1
1301345672099	0	RECOG_PRES	6	MUSEUM	933	-999	P	1098
1301345673571	0	RECOG_CR_PRES	6	MUSEUM	933	-999	P	273
1301345674221	1	RECOG_FEEDBACK	1
1301345675020	0	RECOG_PRES	6	FOE	587	-999	P	2664
1301345678050	0	RECOG_CR_PRES	6	FOE	587	-999	P	378
1301345678823	1	RECOG_FEEDBACK	1
1301345679572	0	RECOG_PRES	6	WARDROBE	1587	-999	P	1712
1301345681653	0	RECOG_CR_PRES	6	WARDROBE	1587	-999	P	255
1301345682277	1	RECOG_FEEDBACK	1
1301345684185	0	REST
1301345685112	1	REC_START
1301345685142	0	RECOG_PRES	7	RABBIT	1152	-999	P	1478
1301345686989	0	RECOG_CR_PRES	7	RABBIT	1152	-999	P	208
1301345687605	1	RECOG_FEEDBACK	0
1301345688387	0	RECOG_PRES	7	COMB	351	-999	P	1161
1301345689919	0	RECOG_CR_PRES	7	COMB	351	-999	P	222
1301345690476	1	RECOG_FEEDBACK	1
1301345691202	0	RECOG_PRES	7	CUSTARD	429	-999	P	1146
1301345692715	0	RECOG_CR_PRES	7	CUSTARD	429	-999	P	257
1301345693356	1	RECOG_FEEDBACK	1
1301345694090	0	RECOG_PRES	7	CRITIC	410	-999	P	1155
1301345695612	0	RECOG_CR_PRES	7	CRITIC	410	-999	P	280
1301345696271	1	RECOG_FEEDBACK	1
1301345697061	0	RECOG_PRES	7	BARREL	91	-999	P	1152
1301345698584	0	RECOG_CR_PRES	7	BARREL	91	-999	P	276
1301345699242	1	RECOG_FEEDBACK	1
1301345699982	0	RECOG_PRES	7	UNIVERSITY	1541	-999	P	1406
1301345701763	0	RECOG_CR_PRES	7	UNIVERSITY	1541	-999	P	233
1301345702379	1	RECOG_FEEDBACK	1
1301345703121	0	RECOG_PRES	7	RUG	1215	-999	P	1275
1301345704768	0	RECOG_CR_PRES	7	RUG	1215	-999	P	261
1301345705409	1	RECOG_FEEDBACK	1
1301345706142	0	RECOG_PRES	7	PIANO	1057	-999	P	1055
1301345707565	0	RECOG_CR_PRES	7	PIANO	1057	-999	P	223
1301345708140	1	RECOG_FEEDBACK	1
1301345708930	0	RECOG_PRES	7	PICNIC	1060	-999	P	1163
1301345710461	0	RECOG_CR_PRES	7	PICNIC	1060	-999	P	247
1301345711045	1	RECOG_FEEDBACK	1
1301345711843	0	RECOG_PRES	7	DUSTPAN	509	-999	P	993
1301345713201	0	RECOG_CR_PRES	7	DUSTPAN	509	-999	P	275
1301345713833	1	RECOG_FEEDBACK	1
1301345714565	0	RECOG_PRES	7	COCKTAIL	338	-999	P	1167
1301345716098	0	RECOG_CR_PRES	7	COCKTAIL	338	-999	P	218
1301345716696	1	RECOG_FEEDBACK	1
1301345717412	0	RECOG_PRES	7	SWAMP	1416	-999	P	1280
1301345719053	0	RECOG_CR_PRES	7	SWAMP	1416	-999	P	223
1301345719651	1	RECOG_FEEDBACK	1
1301345720433	0	RECOG_PRES	7	OINTMENT	974	-999	P	1075
1301345721882	0	RECOG_CR_PRES	7	OINTMENT	974	-999	P	227
1301345722473	1	RECOG_FEEDBACK	1
1301345723223	0	RECOG_PRES	7	UMPIRE	1535	-999	P	966
1301345724562	0	RECOG_CR_PRES	7	UMPIRE	1535	-999	P	226
1301345725120	1	RECOG_FEEDBACK	1
1301345725869	0	RECOG_PRES	7	STEM	1376	-999	P	1304
1301345727542	0	RECOG_CR_PRES	7	STEM	1376	-999	P	374
1301345728299	1	RECOG_FEEDBACK	1
1301345729016	0	RECOG_PRES	7	HEART	697	-999	P	1564
1301345730954	0	RECOG_CR_PRES	7	HEART	697	-999	P	211
1301345731529	1	RECOG_FEEDBACK	1
1301345732254	0	RECOG_PRES	7	OUTFIT	988	-999	P	1462
1301345734077	0	RECOG_CR_PRES	7	OUTFIT	988	-999	P	263
1301345734717	1	RECOG_FEEDBACK	1
1301345735499	0	RECOG_PRES	7	LABEL	790	-999	P	1177
1301345737040	0	RECOG_CR_PRES	7	LABEL	790	-999	P	308
1301345737713	1	RECOG_FEEDBACK	1
1301345738521	0	RECOG_PRES	7	GROUND	666	-999	P	1091
1301345739986	0	RECOG_CR_PRES	7	GROUND	666	-999	P	290
1301345740618	1	RECOG_FEEDBACK	1
1301345741409	0	RECOG_PRES	7	MILITARY	894	-999	P	1099
1301345742882	0	RECOG_CR_PRES	7	MILITARY	894	-999	P	259
1301345743506	1	RECOG_FEEDBACK	1
1301345754170	0	REST
1301345755193	1	REC_START
1301345755219	0	RECOG_PRES	8	HEADBAND	696	-999	P	1529
1301345757108	0	RECOG_CR_PRES	8	HEADBAND	696	-999	P	184
1301345757673	1	RECOG_FEEDBACK	1
1301345758414	0	RECOG_PRES	8	VEST	1559	-999	P	1454
1301345760230	0	RECOG_CR_PRES	8	VEST	1559	-999	P	294
1301345760911	1	RECOG_FEEDBACK	0
1301345761644	0	RECOG_PRES	8	PARCEL	1012	-999	P	1120
1301345763126	0	RECOG_CR_PRES	8	PARCEL	1012	-999	P	246
1301345763716	1	RECOG_FEEDBACK	1
1301345764457	0	RECOG_PRES	8	LIP	828	-999	P	1339
1301345766165	0	RECOG_CR_PRES	8	LIP	828	-999	P	215
1301345766779	1	RECOG_FEEDBACK	1
1301345767570	0	RECOG_PRES	8	DRIVEWAY	500	-999	P	1026
1301345768977	0	RECOG_CR_PRES	8	DRIVEWAY	500	-999	P	284
1301345769659	1	RECOG_FEEDBACK	1
1301345770375	0	RECOG_PRES	8	HATCHET	691	-999	P	949
1301345771699	0	RECOG_CR_PRES	8	HATCHET	691	-999	P	289
1301345772340	1	RECOG_FEEDBACK	1
1301345773140	0	RECOG_PRES	8	TAVERN	1437	-999	P	1049
1301345774562	0	RECOG_CR_PRES	8	TAVERN	1437	-999	P	290
1301345775229	1	RECOG_FEEDBACK	1
1301345776003	0	RECOG_PRES	8	MECHANIC	884	-999	P	1353
1301345777725	0	RECOG_CR_PRES	8	MECHANIC	884	-999	P	288
1301345778416	1	RECOG_FEEDBACK	0
1301345779166	0	RECOG_PRES	8	WOLF	1619	-999	P	1126
1301345780663	0	RECOG_CR_PRES	8	WOLF	1619	-999	P	229
1301345781189	1	RECOG_FEEDBACK	-1
1301345781995	0	RECOG_PRES	8	SHOULDER	1294	-999	P	1425
1301345783793	0	RECOG_CR_PRES	8	SHOULDER	1294	-999	P	284
1301345784467	1	RECOG_FEEDBACK	1
1301345785209	0	RECOG_PRES	8	DUNGEON	507	-999	P	1099
1301345786681	0	RECOG_CR_PRES	8	DUNGEON	507	-999	P	291
1301345787339	1	RECOG_FEEDBACK	1
1301345788097	0	RECOG_PRES	8	POET	1095	-999	P	1443
1301345789911	0	RECOG_CR_PRES	8	POET	1095	-999	P	270
1301345790568	1	RECOG_FEEDBACK	1
1301345791284	0	RECOG_PRES	8	LUNCH	849	-999	P	1264
1301345792916	0	RECOG_CR_PRES	8	LUNCH	849	-999	P	265
1301345793557	1	RECOG_FEEDBACK	1
1301345794298	0	RECOG_PRES	8	GYMNAST	675	-999	P	1114
1301345795788	0	RECOG_CR_PRES	8	GYMNAST	675	-999	P	257
1301345796412	1	RECOG_FEEDBACK	1
1301345797137	0	RECOG_PRES	8	PLANE	1081	-999	P	1100
1301345798609	0	RECOG_CR_PRES	8	PLANE	1081	-999	P	283
1301345799292	1	RECOG_FEEDBACK	1
1301345800067	0	RECOG_PRES	8	TOY	1492	-999	P	1154
1301345801589	0	RECOG_CR_PRES	8	TOY	1492	-999	P	327
1301345802272	1	RECOG_FEEDBACK	1
1301345802987	0	RECOG_PRES	8	PERISCOPE	1050	-999	P	1066
1301345804428	0	RECOG_CR_PRES	8	PERISCOPE	1050	-999	P	264
1301345804993	1	RECOG_FEEDBACK	-1
1301345805784	0	RECOG_PRES	8	MOAT	903	-999	P	1485
1301345807640	0	RECOG_CR_PRES	8	MOAT	903	-999	P	276
1301345808281	1	RECOG_FEEDBACK	1
1301345809090	0	RECOG_PRES	8	BASKETBALL	96	-999	P	1378
1301345810837	0	RECOG_CR_PRES	8	BASKETBALL	96	-999	P	248
1301345811478	1	RECOG_FEEDBACK	1
1301345812253	0	RECOG_PRES	8	LOAF	835	-999	P	1159
1301345813783	0	RECOG_CR_PRES	8	LOAF	835	-999	P	262
1301345814433	1	RECOG_FEEDBACK	1
1301345817056	0	REST
1301345818195	1	REC_START
1301345818221	0	RECOG_PRES	9	RATTLE	1170	-999	P	1279
1301345819868	0	RECOG_CR_PRES	9	RATTLE	1170	-999	P	313
1301345820525	1	RECOG_FEEDBACK	1
1301345821316	0	RECOG_PRES	9	HANDCUFFS	685	-999	P	992
1301345822681	0	RECOG_CR_PRES	9	HANDCUFFS	685	-999	P	307
1301345823364	1	RECOG_FEEDBACK	1
1301345824081	0	RECOG_PRES	9	JUDGE	761	-999	P	1443
1301345825894	0	RECOG_CR_PRES	9	JUDGE	761	-999	P	279
1301345826585	1	RECOG_FEEDBACK	1
1301345827384	0	RECOG_PRES	9	CACTUS	215	-999	P	1284
1301345829042	0	RECOG_CR_PRES	9	CACTUS	215	-999	P	1298
1301345830739	1	RECOG_FEEDBACK	0
1301345831504	0	RECOG_PRES	9	ELECTRICIAN	521	-999	P	1709
1301345833585	0	RECOG_CR_PRES	9	ELECTRICIAN	521	-999	P	315
1301345834261	1	RECOG_FEEDBACK	0
1301345835060	0	RECOG_PRES	9	SLIME	1327	-999	P	1440
1301345836873	0	RECOG_CR_PRES	9	SLIME	1327	-999	P	284
1301345837556	1	RECOG_FEEDBACK	1
1301345838288	0	RECOG_PRES	9	BALLERINA	74	-999	P	1084
1301345839745	0	RECOG_CR_PRES	9	BALLERINA	74	-999	P	308
1301345840427	1	RECOG_FEEDBACK	1
1301345841153	0	RECOG_PRES	9	BUGGY	188	-999	P	1147
1301345842675	0	RECOG_CR_PRES	9	BUGGY	188	-999	P	321
1301345843357	1	RECOG_FEEDBACK	1
1301345844091	0	RECOG_PRES	9	SHELF	1280	-999	P	1066
1301345845530	0	RECOG_CR_PRES	9	SHELF	1280	-999	P	314
1301345846197	1	RECOG_FEEDBACK	1
1301345846995	0	RECOG_PRES	9	DOCTOR	478	-999	P	1186
1301345848551	0	RECOG_CR_PRES	9	DOCTOR	478	-999	P	293
1301345849235	1	RECOG_FEEDBACK	1
1301345850017	0	RECOG_PRES	9	REFRIGERATOR	1179	-999	P	1220
1301345851606	0	RECOG_CR_PRES	9	REFRIGERATOR	1179	-999	P	294
1301345852314	1	RECOG_FEEDBACK	1
1301345853089	0	RECOG_PRES	9	CONSUMER	365	-999	P	1132
1301345854594	0	RECOG_CR_PRES	9	CONSUMER	365	-999	P	346
1301345855327	1	RECOG_FEEDBACK	1
1301345856085	0	RECOG_PRES	9	RECIPE	1175	-999	P	1415
1301345857874	0	RECOG_CR_PRES	9	RECIPE	1175	-999	P	307
1301345858573	1	RECOG_FEEDBACK	1
1301345859280	0	RECOG_PRES	9	SEED	1266	-999	P	1636
1301345861287	0	RECOG_CR_PRES	9	SEED	1266	-999	P	317
1301345862012	1	RECOG_FEEDBACK	1
1301345862810	0	RECOG_PRES	9	ROBOT	1200	-999	P	1730
1301345864907	0	RECOG_CR_PRES	9	ROBOT	1200	-999	P	290
1301345865573	1	RECOG_FEEDBACK	1
1301345866289	0	RECOG_PRES	9	GUITAR	670	-999	P	1531
1301345868188	0	RECOG_CR_PRES	9	GUITAR	670	-999	P	304
1301345868886	1	RECOG_FEEDBACK	1
1301345869619	0	RECOG_PRES	9	BOOK	149	-999	P	1697
1301345871691	0	RECOG_CR_PRES	9	BOOK	149	-999	P	289
1301345872382	1	RECOG_FEEDBACK	1
1301345873190	0	RECOG_PRES	9	TAG	1429	-999	P	1542
1301345875097	0	RECOG_CR_PRES	9	TAG	1429	-999	P	307
1301345875803	1	RECOG_FEEDBACK	1
1301345876519	0	RECOG_PRES	9	FRIAR	605	-999	P	1197
1301345878076	0	RECOG_CR_PRES	9	FRIAR	605	-999	P	352
1301345878833	1	RECOG_FEEDBACK	1
1301345879640	0	RECOG_PRES	9	SUGAR	1401	-999	P	1140
1301345881148	0	RECOG_CR_PRES	9	SUGAR	1401	-999	P	304
1301345881829	1	RECOG_FEEDBACK	1
1301345883761	0	REST
1301345884877	1	REC_START
1301345884909	0	RECOG_PRES	10	CAPITAL	238	-999	P	2336
1301345887614	0	RECOG_CR_PRES	10	CAPITAL	238	-999	P	278
1301345888305	1	RECOG_FEEDBACK	1
1301345889080	0	RECOG_PRES	10	MISSILE	900	-999	P	1165
1301345890619	0	RECOG_CR_PRES	10	MISSILE	900	-999	P	297
1301345891293	1	RECOG_FEEDBACK	1
1301345892035	0	RECOG_PRES	10	HOUSE	725	-999	P	1441
1301345893849	0	RECOG_CR_PRES	10	HOUSE	725	-999	P	276
1301345894531	1	RECOG_FEEDBACK	1
1301345895289	0	RECOG_PRES	10	HOE	711	-999	P	1820
1301345897486	0	RECOG_CR_PRES	10	HOE	711	-999	P	294
1301345898203	1	RECOG_FEEDBACK	0
1301345898976	0	RECOG_PRES	10	SHUTTER	1300	-999	P	1173
1301345900516	0	RECOG_CR_PRES	10	SHUTTER	1300	-999	P	280
1301345901141	1	RECOG_FEEDBACK	1
1301345901931	0	RECOG_PRES	10	SUBWAY	1400	-999	P	1098
1301345903396	0	RECOG_CR_PRES	10	SUBWAY	1400	-999	P	296
1301345904055	1	RECOG_FEEDBACK	1
1301345904786	0	RECOG_PRES	10	SCARF	1246	-999	P	275
1301345905435	0	RECOG_CR_PRES	10	SCARF	1246	-999	P	1626
1301345907341	1	RECOG_FEEDBACK	-1
1301345908050	0	RECOG_PRES	10	LILY	821	-999	P	1618
1301345910031	0	RECOG_CR_PRES	10	LILY	821	-999	P	269
1301345910696	1	RECOG_FEEDBACK	1
1301345911478	0	RECOG_PRES	10	FOLLOWER	589	-999	P	1711
1301345913559	0	RECOG_CR_PRES	10	FOLLOWER	589	-999	P	269
1301345914243	1	RECOG_FEEDBACK	1
1301345915050	0	RECOG_PRES	10	SODA	1341	-999	P	1274
1301345916697	0	RECOG_CR_PRES	10	SODA	1341	-999	P	308
1301345917388	1	RECOG_FEEDBACK	1
1301345918122	0	RECOG_PRES	10	SUIT	1402	-999	P	1370
1301345919860	0	RECOG_CR_PRES	10	SUIT	1402	-999	P	353
1301345920601	1	RECOG_FEEDBACK	1
1301345921334	0	RECOG_PRES	10	MOP	916	-999	P	1294
1301345922998	0	RECOG_CR_PRES	10	MOP	916	-999	P	310
1301345923697	1	RECOG_FEEDBACK	1
1301345924413	0	RECOG_PRES	10	QUEEN	1149	-999	P	1215
1301345926004	0	RECOG_CR_PRES	10	QUEEN	1149	-999	P	312
1301345926711	1	RECOG_FEEDBACK	1
1301345927460	0	RECOG_PRES	10	HARE	688	-999	P	1104
1301345928933	0	RECOG_CR_PRES	10	HARE	688	-999	P	256
1301345929532	1	RECOG_FEEDBACK	1
1301345930266	0	RECOG_PRES	10	GREASE	660	-999	P	1066
1301345931705	0	RECOG_CR_PRES	10	GREASE	660	-999	P	275
1301345932379	1	RECOG_FEEDBACK	1
1301345933113	0	RECOG_PRES	10	SINK	1309	-999	P	1683
1301345935168	0	RECOG_CR_PRES	10	SINK	1309	-999	P	260
1301345935833	1	RECOG_FEEDBACK	1
1301345936641	0	RECOG_PRES	10	BANDANNA	80	-999	P	1115
1301345938123	0	RECOG_CR_PRES	10	BANDANNA	80	-999	P	321
1301345938822	1	RECOG_FEEDBACK	1
1301345939587	0	RECOG_PRES	10	NUCLEUS	961	-999	P	1089
1301345941045	0	RECOG_CR_PRES	10	NUCLEUS	961	-999	P	279
1301345941668	1	RECOG_FEEDBACK	1
1301345942442	0	RECOG_PRES	10	WICK	1607	-999	P	1090
1301345943907	0	RECOG_CR_PRES	10	WICK	1607	-999	P	274
1301345944532	1	RECOG_FEEDBACK	1
1301345945306	0	RECOG_PRES	10	RECEIPT	1173	-999	P	1578
1301345947246	0	RECOG_CR_PRES	10	RECEIPT	1173	-999	P	302
1301345947961	1	RECOG_FEEDBACK	1
1301345949809	0	REST
1301345950671	1	REC_START
1301345950699	0	RECOG_PRES	11	PEANUT	1032	-999	P	1033
1301345952099	0	RECOG_CR_PRES	11	PEANUT	1032	-999	P	289
1301345952722	1	RECOG_FEEDBACK	1
1301345953446	0	RECOG_PRES	11	PLAQUE	1084	-999	P	1238
1301345955045	0	RECOG_CR_PRES	11	PLAQUE	1084	-999	P	311
1301345955735	1	RECOG_FEEDBACK	1
1301345956526	0	RECOG_PRES	11	TAR	1435	-999	P	1318
1301345958208	0	RECOG_CR_PRES	11	TAR	1435	-999	P	348
1301345958940	1	RECOG_FEEDBACK	1
1301345959697	0	RECOG_PRES	11	HOSTAGE	722	-999	P	1059
1301345961122	0	RECOG_CR_PRES	11	HOSTAGE	722	-999	P	306
1301345961770	1	RECOG_FEEDBACK	1
1301345962552	0	RECOG_PRES	11	PERSON	1052	-999	P	1565
1301345964483	0	RECOG_CR_PRES	11	PERSON	1052	-999	P	417
1301345965274	1	RECOG_FEEDBACK	1
1301345966049	0	RECOG_PRES	11	DRILL	497	-999	P	1283
1301345967705	0	RECOG_CR_PRES	11	DRILL	497	-999	P	316
1301345968404	1	RECOG_FEEDBACK	1
1301345969121	0	RECOG_PRES	11	JUNGLE	764	-999	P	1267
1301345970760	0	RECOG_CR_PRES	11	JUNGLE	764	-999	P	317
1301345971459	1	RECOG_FEEDBACK	1
1301345972225	0	RECOG_PRES	11	PUDDING	1139	-999	P	1884
1301345974480	0	RECOG_CR_PRES	11	PUDDING	1139	-999	P	324
1301345975205	1	RECOG_FEEDBACK	1
1301345976013	0	RECOG_PRES	11	JAM	748	-999	P	1120
1301345977502	0	RECOG_CR_PRES	11	JAM	748	-999	P	310
1301345978210	1	RECOG_FEEDBACK	1
1301345978958	0	RECOG_PRES	11	WINGS	1614	-999	P	1382
1301345980715	0	RECOG_CR_PRES	11	WINGS	1614	-999	P	265
1301345981322	1	RECOG_FEEDBACK	1
1301345982097	0	RECOG_PRES	11	SATURN	1236	-999	P	1259
1301345983728	0	RECOG_CR_PRES	11	SATURN	1236	-999	P	268
1301345984394	1	RECOG_FEEDBACK	1
1301345985144	0	RECOG_PRES	11	SIREN	1310	-999	P	1444
1301345986957	0	RECOG_CR_PRES	11	SIREN	1310	-999	P	256
1301345987607	1	RECOG_FEEDBACK	1
1301345988331	0	RECOG_PRES	11	SWING	1421	-999	P	1201
1301345989904	0	RECOG_CR_PRES	11	SWING	1421	-999	P	269
1301345990553	1	RECOG_FEEDBACK	1
1301345991352	0	RECOG_PRES	11	SERVANT	1271	-999	P	1412
1301345993126	0	RECOG_CR_PRES	11	SERVANT	1271	-999	P	278
1301345993816	1	RECOG_FEEDBACK	1
1301345994582	0	RECOG_PRES	11	VIOLA	1570	-999	P	1110
1301345996065	0	RECOG_CR_PRES	11	VIOLA	1570	-999	P	283
1301345996696	1	RECOG_FEEDBACK	1
1301345997495	0	RECOG_PRES	11	ELF	525	-999	P	1045
1301345998910	0	RECOG_CR_PRES	11	ELF	525	-999	P	279
1301345999568	1	RECOG_FEEDBACK	1
1301346000342	0	RECOG_PRES	11	VENUS	1557	-999	P	1062
1301346001774	0	RECOG_CR_PRES	11	VENUS	1557	-999	P	271
1301346002423	1	RECOG_FEEDBACK	1
1301346003223	0	RECOG_PRES	11	BANK	83	-999	P	1109
1301346004704	0	RECOG_CR_PRES	11	BANK	83	-999	P	276
1301346005369	1	RECOG_FEEDBACK	1
1301346006136	0	RECOG_PRES	11	TAPE	1433	-999	P	1037
1301346007542	0	RECOG_CR_PRES	11	TAPE	1433	-999	P	286
1301346008184	1	RECOG_FEEDBACK	1
1301346008915	0	RECOG_PRES	11	WEB	1598	-999	P	1025
1301346010314	0	RECOG_CR_PRES	11	WEB	1598	-999	P	306
1301346010996	1	RECOG_FEEDBACK	1
1301346011810	0	RECOG_END
1301346013926	0	SESS_END
1301346013959	0	E	Logging Ends
