1272137876152	0	B	Logging Begins
1272137918032	0	START
1272137918057	1	PROB	'6 + 5 + 2 = '	'13'	1	2347	1
1272137920440	1	PROB	'2 + 1 + 6 = '	'9'	1	1636	1
1272137922106	1	PROB	'2 + 6 + 1 = '	'9'	1	1490	1
1272137923631	1	PROB	'2 + 9 + 9 = '	'20'	1	1565	1
1272137925231	1	PROB	'8 + 4 + 5 = '	'17'	1	1805	1
1272137927073	1	PROB	'1 + 7 + 2 = '	'10'	1	1483	1
1272137928589	1	PROB	'6 + 6 + 6 = '	'18'	1	1310	1
1272137929930	1	PROB	'3 + 8 + 4 = '	'15'	1	1690	1
1272137931656	1	PROB	'5 + 7 + 6 = '	'18'	1	1820	1
1272137933506	1	PROB	'4 + 9 + 4 = '	'17'	1	1802	1
1272137938032	0	STOP
1272137971170	0	START
1272137972678	1	PROB	'4 + 7 + 2 = '	'13'	1	2213	1
1272137974927	1	PROB	'9 + 5 + 2 = '	'16'	1	2181	1
1272137977144	1	PROB	'7 + 5 + 2 = '	'14'	1	1588	1
1272137978732	0	STOP
1272137983102	0	START
1272137984110	1	PROB	'1 + 9 + 9 = '	'19'	1	1741	1
1272137985884	1	PROB	'4 + 8 + 9 = '	'19'	0	2704	1
1272137991102	0	STOP
1272137994992	0	START
1272137995950	1	PROB	'9 + 6 + 8 = '	'23'	1	2382	1
1272137998368	1	PROB	'4 + 8 + 2 = '	'14'	1	1252	1
1272137999651	1	PROB	'5 + 4 + 3 = '	'12'	1	1200	1
1272138000883	1	PROB	'3 + 6 + 4 = '	'13'	1	1297	1
1272138002180	0	STOP
1272138006942	0	START
1272138007933	1	PROB	'4 + 7 + 7 = '	'18'	1	1319	1
1272138009284	1	PROB	'6 + 5 + 9 = '	'20'	1	1776	1
1272138011092	1	PROB	'6 + 2 + 3 = '	'11'	1	1584	1
1272138012708	1	PROB	'3 + 1 + 5 = '	'9'	1	1640	1
1272138014348	0	STOP
1272138018808	0	START
1272138019683	1	PROB	'3 + 6 + 3 = '	'12'	1	1385	1
1272138021099	1	PROB	'1 + 1 + 2 = '	'4'	1	1433	1
1272138022566	1	PROB	'5 + 7 + 9 = '	'21'	1	3062	1
1272138025628	0	STOP
1272138031016	0	START
1272138032165	1	PROB	'1 + 8 + 3 = '	'12'	1	2311	1
1272138034515	1	PROB	'6 + 6 + 1 = '	'13'	1	1553	1
1272138036107	1	PROB	'9 + 4 + 1 = '	'14'	1	1784	1
1272138037891	0	STOP
1272138042989	0	START
1272138043855	1	PROB	'8 + 5 + 6 = '	'19'	1	1501	1
1272138045389	1	PROB	'5 + 5 + 4 = '	'13'	0	1574	1
1272138046996	1	PROB	'8 + 8 + 6 = '	'20'	0	3336	1
1272138050332	0	STOP
1272138055172	0	START
1272138055987	1	PROB	'9 + 3 + 7 = '	'19'	1	1249	1
1272138057272	1	PROB	'8 + 3 + 2 = '	'13'	1	2076	1
1272138059380	1	PROB	'7 + 1 + 6 = '	'14'	1	2184	1
1272138061596	1	PROB	'4 + 4 + 4 = '	'12'	1	1120	1
1272138062716	0	STOP
1272138067080	0	START
1272138067978	1	PROB	'5 + 1 + 2 = '	'8'	1	1522	1
1272138069537	1	PROB	'6 + 4 + 7 = '	'17'	1	2243	1
1272138071812	1	PROB	'1 + 2 + 9 = '	'12'	1	1392	1
1272138073237	1	PROB	'9 + 1 + 2 = '	'12'	1	1271	1
1272138074508	0	STOP
1272138078961	0	START
1272138079787	1	PROB	'6 + 4 + 3 = '	'13'	1	1513	1
1272138081337	1	PROB	'3 + 2 + 6 = '	'12'	0	1971	1
1272138083345	1	PROB	'4 + 4 + 7 = '	'15'	1	1723	1
1272138086961	0	STOP
1272138090885	0	START
1272138091985	1	PROB	'5 + 1 + 9 = '	'15'	1	1195	1
1272138093219	1	PROB	'4 + 1 + 2 = '	'7'	1	1361	1
1272138094619	1	PROB	'5 + 8 + 3 = '	'16'	1	1769	1
1272138098885	0	STOP
1272138102769	0	START
1272138103959	1	PROB	'7 + 6 + 9 = '	'22'	1	2421	1
1272138106418	1	PROB	'9 + 6 + 9 = '	'24'	1	2658	1
1272138109110	1	PROB	'3 + 7 + 4 = '	'14'	1	1262	1
1272138110372	0	STOP
1272138114610	0	START
1272138115459	1	PROB	'4 + 9 + 2 = '	'15'	1	1392	1
1272138116883	1	PROB	'8 + 9 + 1 = '	'18'	1	1217	1
1272138118134	1	PROB	'6 + 8 + 9 = '	'25'	0	2318	1
1272138122610	0	STOP
1272138126509	0	START
1272138127417	1	PROB	'6 + 9 + 3 = '	'18'	1	1715	1
1272138129166	1	PROB	'7 + 4 + 5 = '	'16'	1	1638	1
1272138130841	1	PROB	'4 + 3 + 7 = '	'14'	1	1114	1
1272138131990	1	PROB	'4 + 6 + 1 = '	'11'	1	1310	1
1272138133300	0	STOP
1272138138400	0	START
1272138139382	1	PROB	'3 + 2 + 1 = '	'6'	1	1622	1
1272138141041	1	PROB	'9 + 3 + 5 = '	'17'	1	1595	1
1272138142674	1	PROB	'1 + 8 + 4 = '	'13'	1	1362	1
1272138144074	1	PROB	'3 + 3 + 7 = '	'13'	1	1234	1
1272138145308	0	STOP
1272138150499	0	START
1272138151631	1	PROB	'4 + 1 + 1 = '	'6'	1	1197	1
1272138152864	1	PROB	'3 + 1 + 8 = '	'12'	1	1604	1
1272138154506	1	PROB	'8 + 9 + 4 = '	'22'	0	2322	1
1272138156863	1	PROB	'2 + 5 + 5 = '	'12'	1	1269	1
1272138158132	0	STOP
1272138162406	0	START
1272138163347	1	PROB	'6 + 6 + 1 = '	'13'	1	1241	1
1272138164622	1	PROB	'3 + 5 + 1 = '	'9'	1	1229	1
1272138165888	1	PROB	'9 + 9 + 6 = '	'24'	1	1836	1
1272138167755	1	PROB	'1 + 3 + 3 = '	'7'	1	1192	1
1272138168947	0	STOP
1272138318153	0	START
1272138319311	1	PROB	'5 + 9 + 4 = '	'18'	1	2237	1
1272138321586	1	PROB	'6 + 6 + 6 = '	'18'	1	1170	1
1272138322794	1	PROB	'7 + 6 + 8 = '	'21'	1	2057	1
1272138324851	0	STOP
1272138407072	0	START
1272138408579	1	PROB	'6 + 8 + 5 = '	'19'	1	2521	1
1272138411146	1	PROB	'2 + 8 + 5 = '	'15'	1	1338	1
1272138412521	1	PROB	'9 + 4 + 3 = '	'16'	1	1635	1
1272138414156	0	STOP
1272138418920	0	START
1272138419936	1	PROB	'5 + 5 + 6 = '	'16'	1	1332	1
1272138421303	1	PROB	'9 + 7 + 8 = '	'24'	1	1628	1
1272138422969	1	PROB	'7 + 7 + 4 = '	'18'	1	1251	1
1272138424253	1	PROB	'9 + 7 + 3 = '	'19'	1	1103	1
1272138426920	0	STOP
1272138431053	0	START
1272138432053	1	PROB	'9 + 3 + 5 = '	'17'	1	1999	1
1272138434086	1	PROB	'9 + 4 + 9 = '	'22'	1	1869	1
1272138435993	1	PROB	'2 + 6 + 9 = '	'17'	1	1771	1
1272138437764	0	STOP
1272138442985	0	START
1272138444177	1	PROB	'2 + 7 + 5 = '	'14'	1	1690	1
1272138445901	1	PROB	'3 + 6 + 9 = '	'12'	0	1735	1
1272138447668	1	PROB	'3 + 2 + 2 = '	'7'	1	2472	1
1272138450140	0	STOP
1272138454843	0	START
1272138456009	1	PROB	'7 + 9 + 3 = '	'19'	1	1459	1
1272138457501	1	PROB	'6 + 2 + 4 = '	'12'	1	1438	1
1272138458975	1	PROB	'8 + 4 + 8 = '	'20'	1	1597	1
1272138462843	0	STOP
1272138466825	0	START
1272138468008	1	PROB	'7 + 9 + 6 = '	'22'	1	2260	1
1272138470300	1	PROB	'4 + 8 + 7 = '	'19'	1	1768	1
1272138472100	1	PROB	'3 + 4 + 6 = '	'15'	0	1520	1
1272138473620	0	STOP
1272138478957	0	START
1272138479807	1	PROB	'8 + 4 + 7 = '	'19'	1	2317	1
1272138482157	1	PROB	'1 + 9 + 1 = '	'11'	1	1039	1
1272138483232	1	PROB	'7 + 7 + 8 = '	'22'	1	2092	1
1272138485357	1	PROB	'1 + 9 + 3 = '	'13'	1	1207	1
1272138486564	0	STOP
1272138491174	0	START
1272138492107	1	PROB	'9 + 4 + 4 = '	'17'	1	1760	1
1272138493905	1	PROB	'4 + 9 + 9 = '	'22'	1	1931	1
1272138495872	1	PROB	'4 + 6 + 9 = '	'19'	1	1660	1
1272138499173	0	STOP
1272138503389	0	START
1272138504231	1	PROB	'7 + 9 + 1 = '	'17'	1	1237	1
1272138505506	1	PROB	'5 + 8 + 5 = '	'17'	0	2618	1
1272138508155	1	PROB	'8 + 3 + 9 = '	'20'	1	1569	1
1272138509755	1	PROB	'5 + 4 + 8 = '	'17'	1	1393	1
1272138511148	0	STOP
1272138515230	0	START
1272138516213	1	PROB	'4 + 3 + 8 = '	'15'	1	2495	1
1272138518746	1	PROB	'2 + 8 + 8 = '	'18'	1	1074	1
1272138519854	1	PROB	'7 + 4 + 4 = '	'15'	1	1662	1
1272138521554	1	PROB	'4 + 4 + 1 = '	'10'	0	1401	1
1272138522955	0	STOP
1272138527238	0	START
1272138528279	1	PROB	'8 + 3 + 4 = '	'15'	1	1381	1
1272138529695	1	PROB	'7 + 3 + 9 = '	'19'	1	1292	1
1272138531020	1	PROB	'9 + 3 + 2 = '	'14'	1	1696	1
1272138532754	1	PROB	'4 + 7 + 5 = '	'16'	1	1826	1
1272138534580	0	STOP
1272138539295	0	START
1272138540403	1	PROB	'8 + 7 + 8 = '	'23'	1	2472	1
1272138542910	1	PROB	'8 + 1 + 5 = '	'14'	1	1830	1
1272138547295	0	STOP
1272138551353	0	START
1272138552235	1	PROB	'7 + 2 + 5 = '	'14'	1	1249	1
1272138553519	1	PROB	'4 + 1 + 5 = '	'10'	1	1396	1
1272138554951	1	PROB	'9 + 5 + 2 = '	'16'	1	1773	1
1272138556760	1	PROB	'3 + 2 + 9 = '	'14'	1	1372	1
1272138558132	0	STOP
1272138563485	0	START
1272138564418	1	PROB	'2 + 3 + 3 = '	'8'	1	1410	1
1272138565858	1	PROB	'7 + 5 + 6 = '	'1'	0	2434	1
1272138568326	1	PROB	'8 + 8 + 8 = '	'24'	1	1613	1
1272138571485	0	STOP
1272138575451	0	START
1272138576284	1	PROB	'8 + 8 + 5 = '	'21'	1	1376	1
1272138577692	1	PROB	'4 + 1 + 8 = '	'13'	1	1448	1
1272138579175	1	PROB	'6 + 4 + 1 = '	'11'	1	1053	1
1272138580267	1	PROB	'6 + 9 + 4 = '	'19'	1	1745	1
1272138582012	0	STOP
1272138587633	0	START
1272138588541	1	PROB	'5 + 5 + 3 = '	'13'	1	1095	1
1272138589674	1	PROB	'1 + 3 + 7 = '	'11'	1	1114	1
1272138590833	1	PROB	'4 + 9 + 1 = '	'14'	1	1499	1
1272138595633	0	STOP
1272138599507	0	START
1272138600557	1	PROB	'6 + 7 + 1 = '	'14'	1	1735	1
1272138602332	1	PROB	'3 + 2 + 2 = '	'7'	1	1200	1
1272138603582	1	PROB	'4 + 1 + 4 = '	'9'	1	1373	1
1272138604997	1	PROB	'9 + 5 + 3 = '	'17'	1	2127	1
1272138607124	0	STOP
1272138908093	0	START
1272138909126	1	PROB	'6 + 3 + 3 = '	'12'	1	1606	1
1272138910768	1	PROB	'7 + 1 + 4 = '	'12'	1	1236	1
1272138912043	1	PROB	'1 + 2 + 3 = '	'6'	1	1161	1
1272138913251	1	PROB	'5 + 2 + 2 = '	'9'	1	1393	1
1272138914644	0	STOP
1272139061115	0	START
1272139062265	1	PROB	'8 + 7 + 3 = '	'18'	1	2027	1
1272139064340	1	PROB	'7 + 7 + 1 = '	'15'	1	1639	1
1272139066015	1	PROB	'5 + 3 + 5 = '	'13'	1	1725	1
1272139067789	1	PROB	'6 + 7 + 1 = '	'14'	1	2023	1
1272139069855	1	PROB	'2 + 5 + 9 = '	'16'	1	2205	1
1272139072098	1	PROB	'3 + 3 + 9 = '	'15'	1	1538	1
1272139073672	1	PROB	'9 + 6 + 3 = '	'18'	1	1572	1
1272139075281	1	PROB	'2 + 2 + 3 = '	'7'	1	1227	1
1272139076508	0	STOP
1272139160816	0	START
1272139162324	1	PROB	'9 + 9 + 7 = '	'25'	1	1655	1
1272139164024	1	PROB	'4 + 2 + 3 = '	'19'	0	2636	1
1272139166699	1	PROB	'3 + 5 + 4 = '	'12'	1	1841	1
1272139168574	1	PROB	'4 + 2 + 9 = '	'15'	1	1421	1
1272139170032	1	PROB	'7 + 4 + 2 = '	'13'	1	1891	1
1272139171973	1	PROB	'6 + 5 + 7 = '	'18'	1	1583	1
1272139173590	1	PROB	'5 + 2 + 2 = '	'9'	1	1238	1
1272139174864	1	PROB	'4 + 1 + 2 = '	'7'	1	1260	1
1272139176124	0	STOP
1272139180748	0	START
1272139181764	1	PROB	'4 + 9 + 5 = '	'18'	1	2127	1
1272139183938	1	PROB	'4 + 4 + 9 = '	'17'	1	1762	1
1272139185739	1	PROB	'1 + 8 + 5 = '	'14'	1	2481	1
1272139188256	1	PROB	'3 + 2 + 3 = '	'8'	1	1268	1
1272139189572	1	PROB	'3 + 3 + 5 = '	'11'	1	1240	1
1272139190847	1	PROB	'7 + 7 + 8 = '	'22'	1	2877	1
1272139193772	1	PROB	'2 + 7 + 5 = '	'14'	1	1784	1
1272139195556	0	STOP
1272139200814	0	START
1272139201771	1	PROB	'8 + 3 + 7 = '	'18'	1	1961	1
1272139203771	1	PROB	'6 + 3 + 7 = '	'16'	1	1425	1
1272139205238	1	PROB	'4 + 6 + 5 = '	'15'	1	1486	1
1272139206763	1	PROB	'2 + 4 + 6 = '	'12'	1	1601	1
1272139208404	1	PROB	'9 + 7 + 7 = '	'25'	0	1848	1
1272139210287	1	PROB	'7 + 7 + 8 = '	'23'	0	1885	1
1272139212221	1	PROB	'6 + 5 + 9 = '	'20'	1	1702	1
1272139213961	1	PROB	'9 + 8 + 5 = '	'22'	1	2395	1
1272139216356	0	STOP
1272139220936	0	START
1272139221977	1	PROB	'2 + 4 + 1 = '	'7'	1	3451	1
1272139225478	1	PROB	'8 + 2 + 3 = '	'13'	1	1437	1
1272139226952	1	PROB	'3 + 2 + 6 = '	'11'	1	1684	1
1272139228686	1	PROB	'7 + 8 + 9 = '	'24'	1	1790	1
1272139230511	1	PROB	'2 + 4 + 5 = '	'11'	1	1317	1
1272139231877	1	PROB	'4 + 7 + 7 = '	'18'	1	1231	1
1272139233152	1	PROB	'7 + 5 + 5 = '	'17'	1	1420	1
1272139234611	1	PROB	'4 + 2 + 3 = '	'9'	1	1673	1
1272139236284	0	STOP
1272139240761	0	START
1272139241743	1	PROB	'4 + 3 + 3 = '	'10'	1	1429	1
1272139243210	1	PROB	'8 + 5 + 1 = '	'17'	0	2050	1
1272139245310	1	PROB	'9 + 8 + 8 = '	'25'	1	1958	1
1272139247318	1	PROB	'2 + 9 + 9 = '	'20'	1	1486	1
1272139248850	1	PROB	'1 + 1 + 2 = '	'4'	1	1450	1
1272139250343	1	PROB	'6 + 5 + 6 = '	'17'	1	1413	1
1272139251801	1	PROB	'8 + 7 + 4 = '	'19'	1	1667	1
1272139253509	1	PROB	'5 + 4 + 8 = '	'17'	1	2239	1
1272139255748	0	STOP
1272139260717	0	START
1272139261717	1	PROB	'1 + 2 + 2 = '	'5'	1	1327	1
1272139263084	1	PROB	'5 + 6 + 2 = '	'13'	1	1600	1
1272139264733	1	PROB	'1 + 3 + 8 = '	'12'	1	1895	1
1272139266667	1	PROB	'2 + 5 + 5 = '	'12'	1	1089	1
1272139267792	1	PROB	'1 + 3 + 1 = '	'5'	1	1588	1
1272139269425	1	PROB	'7 + 6 + 8 = '	'21'	1	1987	1
1272139271458	1	PROB	'9 + 5 + 7 = '	'21'	1	2274	1
1272139273766	1	PROB	'9 + 9 + 4 = '	'22'	1	1382	1
1272139275191	1	PROB	'2 + 5 + 6 = '	'13'	1	1413	1
1272139276604	0	STOP
1272139280898	0	START
1272139281939	1	PROB	'3 + 3 + 2 = '	'8'	1	1729	1
1272139283707	1	PROB	'3 + 6 + 2 = '	'11'	1	1745	1
1272139285490	1	PROB	'6 + 1 + 5 = '	'12'	1	1698	1
1272139287223	1	PROB	'1 + 9 + 3 = '	'13'	1	1141	1
1272139288398	1	PROB	'7 + 2 + 3 = '	'12'	1	1710	1
1272139290148	1	PROB	'9 + 2 + 3 = '	'15'	0	2056	1
1272139292240	1	PROB	'6 + 5 + 4 = '	'17'	0	1476	1
1272139293756	1	PROB	'5 + 9 + 7 = '	'21'	1	2207	1
1272139295963	0	STOP
1272139301698	0	START
1272139302556	1	PROB	'3 + 8 + 5 = '	'16'	1	2560	1
1272139305164	1	PROB	'5 + 6 + 4 = '	'15'	1	2088	1
1272139307297	1	PROB	'3 + 7 + 8 = '	'18'	1	1698	1
1272139309038	1	PROB	'4 + 3 + 8 = '	'15'	1	2014	1
1272139311088	1	PROB	'8 + 6 + 4 = '	'18'	1	1972	1
1272139313105	1	PROB	'6 + 3 + 1 = '	'10'	1	1451	1
1272139314605	1	PROB	'5 + 4 + 9 = '	'18'	1	2047	1
1272139316652	0	STOP
1272139321746	0	START
1272139322903	1	PROB	'6 + 3 + 7 = '	'16'	1	1205	1
1272139324146	1	PROB	'5 + 9 + 8 = '	'21'	0	2402	1
1272139326595	1	PROB	'4 + 2 + 6 = '	'12'	1	1561	1
1272139328204	1	PROB	'4 + 5 + 7 = '	'16'	1	2080	1
1272139330329	1	PROB	'2 + 4 + 1 = '	'7'	1	2403	1
1272139332770	1	PROB	'5 + 4 + 5 = '	'13'	0	1642	1
1272139334453	1	PROB	'7 + 9 + 4 = '	'20'	1	3079	1
1272139337532	0	STOP
1272139341910	0	START
1272139343003	1	PROB	'8 + 9 + 6 = '	'23'	1	2992	1
1272139346044	1	PROB	'4 + 1 + 1 = '	'6'	1	1176	1
1272139347269	1	PROB	'9 + 8 + 5 = '	'22'	1	2767	1
1272139350085	1	PROB	'4 + 9 + 9 = '	'22'	1	1479	1
1272139351602	1	PROB	'9 + 5 + 2 = '	'16'	1	1538	1
1272139353177	1	PROB	'8 + 8 + 3 = '	'19'	1	1987	1
1272139355210	1	PROB	'4 + 7 + 6 = '	'17'	1	2314	1
1272139357524	0	STOP
1272139362027	0	START
1272139363168	1	PROB	'1 + 1 + 2 = '	'4'	1	1588	1
1272139364801	1	PROB	'3 + 2 + 7 = '	'12'	1	2130	1
1272139366967	1	PROB	'7 + 5 + 8 = '	'20'	1	2229	1
1272139369242	1	PROB	'7 + 7 + 7 = '	'21'	1	1186	1
1272139370476	1	PROB	'6 + 9 + 5 = '	'20'	1	3224	1
1272139373734	1	PROB	'3 + 3 + 1 = '	'7'	1	1646	1
1272139378027	0	STOP
1272139382117	0	START
1272139383166	1	PROB	'2 + 4 + 3 = '	'7'	0	1894	1
1272139385108	1	PROB	'8 + 4 + 6 = '	'18'	1	1984	1
1272139387133	1	PROB	'3 + 3 + 7 = '	'13'	1	1375	1
1272139388549	1	PROB	'2 + 3 + 9 = '	'14'	1	1575	1
1272139390166	1	PROB	'6 + 4 + 6 = '	'16'	1	1910	1
1272139392116	1	PROB	'1 + 4 + 4 = '	'6'	0	1632	1
1272139393791	1	PROB	'5 + 8 + 9 = '	'22'	1	2285	1
1272139396115	1	PROB	'2 + 8 + 8 = '	'18'	1	1473	1
1272139397588	0	STOP
1272139402157	0	START
1272139403123	1	PROB	'3 + 2 + 1 = '	'6'	1	1401	1
1272139404565	1	PROB	'6 + 9 + 2 = '	'17'	1	1911	1
1272139406523	1	PROB	'6 + 8 + 6 = '	'20'	1	1905	1
1272139408473	1	PROB	'4 + 8 + 3 = '	'15'	1	1474	1
1272139409997	1	PROB	'4 + 6 + 8 = '	'18'	1	1407	1
1272139411439	1	PROB	'8 + 3 + 3 = '	'14'	1	2813	1
1272139414289	1	PROB	'4 + 6 + 6 = '	'14'	0	2179	1
1272139418157	0	STOP
1272139422172	0	START
1272139423355	1	PROB	'8 + 4 + 3 = '	'15'	1	1921	1
1272139425322	1	PROB	'6 + 4 + 6 = '	'16'	1	1690	1
1272139427047	1	PROB	'2 + 5 + 2 = '	'9'	1	1957	1
1272139429038	1	PROB	'2 + 7 + 4 = '	'13'	1	1542	1
1272139430621	1	PROB	'7 + 3 + 9 = '	'19'	1	1246	1
1272139431904	1	PROB	'5 + 4 + 2 = '	'11'	1	1268	1
1272139433213	1	PROB	'6 + 4 + 4 = '	'14'	1	1199	1
1272139434446	1	PROB	'7 + 6 + 2 = '	'15'	1	2014	1
1272139438172	0	STOP
1272139442179	0	START
1272139443079	1	PROB	'4 + 4 + 2 = '	'8'	0	1973	1
1272139445087	1	PROB	'2 + 4 + 9 = '	'15'	1	1844	1
1272139446969	1	PROB	'1 + 5 + 5 = '	'11'	1	1067	1
1272139448078	1	PROB	'6 + 7 + 1 = '	'14'	1	1734	1
1272139449852	1	PROB	'8 + 9 + 7 = '	'23'	0	1904	1
1272139451795	1	PROB	'7 + 7 + 2 = '	'16'	1	1401	1
1272139453236	1	PROB	'8 + 1 + 7 = '	'16'	1	1472	1
1272139454745	1	PROB	'2 + 3 + 5 = '	'10'	1	1635	1
1272139456419	1	PROB	'3 + 8 + 4 = '	'15'	1	1321	1
1272139457740	0	STOP
1272139462019	0	START
1272139462926	1	PROB	'4 + 4 + 6 = '	'14'	1	1206	1
1272139464169	1	PROB	'1 + 9 + 1 = '	'11'	1	1114	1
1272139465319	1	PROB	'8 + 8 + 2 = '	'18'	1	1853	1
1272139467210	1	PROB	'6 + 5 + 4 = '	'15'	1	1338	1
1272139468585	1	PROB	'8 + 1 + 4 = '	'13'	1	1314	1
1272139469934	1	PROB	'7 + 8 + 7 = '	'22'	1	1422	1
1272139471402	1	PROB	'5 + 4 + 3 = '	'12'	1	1122	1
1272139472560	1	PROB	'8 + 5 + 4 = '	'17'	1	1620	1
1272139474218	1	PROB	'9 + 5 + 2 = '	'16'	1	1602	1
1272139475859	1	PROB	'6 + 6 + 4 = '	'14'	0	1120	1
1272139476979	0	STOP
1272139481834	0	START
1272139483034	1	PROB	'9 + 7 + 3 = '	'19'	1	1274	1
1272139484359	1	PROB	'4 + 5 + 7 = '	'16'	1	1333	1
1272139485734	1	PROB	'7 + 7 + 7 = '	'21'	1	1117	1
1272139486891	1	PROB	'9 + 6 + 5 = '	'20'	1	2593	1
1272139489534	1	PROB	'7 + 6 + 4 = '	'17'	1	1429	1
1272139490999	1	PROB	'3 + 8 + 7 = '	'18'	1	1413	1
1272139492450	1	PROB	'1 + 2 + 2 = '	'5'	1	1298	1
1272139493792	1	PROB	'3 + 3 + 4 = '	'10'	1	1668	1
1272139495508	1	PROB	'5 + 3 + 9 = '	'17'	1	1512	1
1272139497020	0	STOP
1272139683578	0	START
1272139684494	1	PROB	'5 + 3 + 2 = '	'7'	0	2726	1
1272139687269	1	PROB	'1 + 9 + 5 = '	'15'	1	1551	1
1272139688860	1	PROB	'7 + 2 + 1 = '	'10'	1	1200	1
1272139690060	0	STOP
1272139773655	0	START
1272139775163	1	PROB	'9 + 4 + 8 = '	'21'	1	1841	1
1272139777054	1	PROB	'3 + 5 + 7 = '	'15'	1	1654	1
1272139778754	1	PROB	'6 + 2 + 7 = '	'15'	1	2010	1
1272139780764	0	STOP
1272139785671	0	START
1272139786537	1	PROB	'9 + 3 + 5 = '	'17'	1	1531	1
1272139788112	1	PROB	'2 + 1 + 5 = '	'8'	1	1268	1
1272139789428	1	PROB	'5 + 7 + 7 = '	'19'	1	1551	1
1272139791028	1	PROB	'2 + 5 + 8 = '	'15'	1	1544	1
1272139792572	0	STOP
1272139797687	0	START
1272139798811	1	PROB	'6 + 7 + 9 = '	'22'	1	1841	1
1272139800694	1	PROB	'1 + 2 + 5 = '	'8'	1	1301	1
1272139802044	1	PROB	'7 + 1 + 4 = '	'13'	0	1336	1
1272139803427	1	PROB	'1 + 7 + 2 = '	'10'	1	1681	1
1272139805108	0	STOP
1272139809827	0	START
1272139810785	1	PROB	'7 + 7 + 3 = '	'17'	1	1499	1
1272139812318	1	PROB	'5 + 9 + 5 = '	'19'	1	2030	1
1272139814393	1	PROB	'1 + 3 + 7 = '	'11'	1	1155	1
1272139815585	1	PROB	'5 + 7 + 8 = '	'20'	1	1595	1
1272139817180	0	STOP
1272139822010	0	START
1272139822867	1	PROB	'6 + 2 + 4 = '	'12'	1	2080	1
1272139824991	1	PROB	'6 + 1 + 2 = '	'8'	0	1437	1
1272139826476	1	PROB	'6 + 5 + 1 = '	'12'	1	1640	1
1272139828159	1	PROB	'7 + 9 + 3 = '	'19'	1	1796	1
1272139829955	0	STOP
1272139833875	0	START
1272139835008	1	PROB	'3 + 7 + 7 = '	'17'	1	1260	1
1272139836308	1	PROB	'7 + 8 + 3 = '	'18'	1	1344	1
1272139837691	1	PROB	'9 + 7 + 8 = '	'24'	1	2272	1
1272139840008	1	PROB	'2 + 6 + 8 = '	'16'	1	1308	1
1272139841316	0	STOP
1272139845716	0	START
1272139846624	1	PROB	'7 + 3 + 2 = '	'12'	1	2116	1
1272139848774	1	PROB	'6 + 2 + 4 = '	'12'	1	1702	1
1272139850524	1	PROB	'1 + 8 + 9 = '	'18'	1	1240	1
1272139851807	1	PROB	'3 + 3 + 6 = '	'12'	1	1405	1
1272139853212	0	STOP
1272139857849	0	START
1272139858707	1	PROB	'5 + 3 + 2 = '	'10'	1	1617	1
1272139860365	1	PROB	'8 + 5 + 5 = '	'18'	1	1775	1
1272139862181	1	PROB	'9 + 7 + 9 = '	'25'	1	2702	1
1272139864883	0	STOP
1272139869872	0	START
1272139870988	1	PROB	'3 + 6 + 9 = '	'18'	1	1792	1
1272139872814	1	PROB	'4 + 5 + 8 = '	'17'	1	1390	1
1272139874239	1	PROB	'5 + 5 + 4 = '	'14'	1	1109	1
1272139875389	1	PROB	'4 + 5 + 4 = '	'13'	1	1455	1
1272139876844	0	STOP
1272139882064	0	START
1272139883138	1	PROB	'3 + 4 + 4 = '	'11'	1	3026	1
1272139886205	1	PROB	'1 + 4 + 3 = '	'8'	1	1847	1
1272139890064	0	STOP
1272139894204	0	START
1272139895404	1	PROB	'3 + 7 + 1 = '	'11'	1	1112	1
1272139896554	1	PROB	'7 + 4 + 6 = '	'17'	1	1369	1
1272139897969	1	PROB	'1 + 5 + 9 = '	'15'	1	1347	1
1272139899362	1	PROB	'3 + 5 + 3 = '	'11'	1	1690	1
1272139901052	0	STOP
1272139906078	0	START
1272139906902	1	PROB	'7 + 3 + 8 = '	'18'	1	1886	1
1272139908836	1	PROB	'6 + 8 + 4 = '	'18'	1	2216	1
1272139911086	1	PROB	'6 + 1 + 6 = '	'13'	1	2366	1
1272139913452	0	STOP
1272139917977	0	START
1272139918968	1	PROB	'6 + 1 + 7 = '	'13'	0	1452	1
1272139920469	1	PROB	'4 + 3 + 8 = '	'17'	0	1687	1
1272139922202	1	PROB	'2 + 3 + 6 = '	'11'	1	1705	1
1272139923951	1	PROB	'2 + 6 + 7 = '	'15'	1	1916	1
1272139925867	0	STOP
1272139930010	0	START
1272139931035	1	PROB	'8 + 4 + 3 = '	'15'	1	2896	1
1272139933967	1	PROB	'3 + 4 + 8 = '	'15'	1	1741	1
1272139935743	1	PROB	'6 + 5 + 4 = '	'15'	1	1293	1
1272139937036	0	STOP
1272139942159	0	START
1272139943250	1	PROB	'1 + 1 + 6 = '	'8'	1	1250	1
1272139944542	1	PROB	'2 + 9 + 6 = '	'17'	1	1566	1
1272139946142	1	PROB	'9 + 7 + 6 = '	'22'	1	2709	1
1272139948851	0	STOP
1272139954308	0	START
1272139955399	1	PROB	'8 + 5 + 9 = '	'21'	0	2693	1
1272139958141	1	PROB	'2 + 2 + 6 = '	'10'	1	1758	1
1272139959948	1	PROB	'8 + 7 + 7 = '	'22'	1	1496	1
1272139961444	0	STOP
1272139966157	0	START
1272139966989	1	PROB	'8 + 1 + 4 = '	'13'	1	1503	1
1272139968540	1	PROB	'9 + 6 + 7 = '	'22'	1	3120	1
1272139971698	1	PROB	'6 + 1 + 1 = '	'8'	1	1130	1
1272139972828	0	STOP
1272140123529	0	START
1272140124429	1	PROB	'9 + 4 + 3 = '	'16'	1	2167	1
1272140126645	1	PROB	'7 + 8 + 1 = '	'16'	1	1334	1
1272140128029	1	PROB	'9 + 9 + 3 = '	'21'	1	1327	1
1272140129403	1	PROB	'5 + 4 + 7 = '	'16'	1	1809	1
1272140131262	1	PROB	'8 + 1 + 8 = '	'17'	1	1358	1
1272140132670	1	PROB	'5 + 9 + 2 = '	'16'	1	1350	1
1272140134070	1	PROB	'9 + 6 + 1 = '	'16'	1	1558	1
1272140135670	1	PROB	'9 + 8 + 8 = '	'25'	1	1870	1
1272140137578	1	PROB	'8 + 9 + 8 = '	'25'	1	1698	1
1272140139276	0	STOP
1272140369345	0	START
1272140370851	1	PROB	'8 + 4 + 3 = '	'15'	1	2096	1
1272140372993	1	PROB	'2 + 2 + 5 = '	'9'	1	1419	1
1272140374452	1	PROB	'2 + 6 + 3 = '	'11'	1	1808	1
1272140376310	1	PROB	'3 + 4 + 8 = '	'15'	1	1766	1
1272140378119	1	PROB	'8 + 2 + 6 = '	'16'	1	1149	1
1272140379302	1	PROB	'5 + 8 + 6 = '	'19'	1	2549	1
1272140381901	1	PROB	'5 + 7 + 7 = '	'19'	1	1351	1
1272140383301	1	PROB	'2 + 6 + 4 = '	'12'	1	1743	1
1272140385044	0	STOP
1272140389201	0	START
1272140390168	1	PROB	'8 + 8 + 2 = '	'18'	1	1404	1
1272140391609	1	PROB	'3 + 7 + 7 = '	'17'	1	1338	1
1272140392983	1	PROB	'8 + 7 + 8 = '	'22'	0	1397	1
1272140394426	1	PROB	'3 + 5 + 1 = '	'9'	1	1402	1
1272140395866	1	PROB	'2 + 6 + 5 = '	'13'	1	1866	1
1272140397767	1	PROB	'7 + 6 + 4 = '	'17'	1	1957	1
1272140399759	1	PROB	'2 + 1 + 6 = '	'9'	1	2061	1
1272140401866	1	PROB	'3 + 7 + 8 = '	'18'	1	1722	1
1272140403633	1	PROB	'2 + 3 + 7 = '	'12'	1	1107	1
1272140404740	0	STOP
1272140409267	0	START
1272140410291	1	PROB	'2 + 7 + 7 = '	'16'	1	1401	1
1272140411741	1	PROB	'7 + 3 + 5 = '	'15'	1	1063	1
1272140412849	1	PROB	'5 + 1 + 3 = '	'9'	1	1235	1
1272140414124	1	PROB	'1 + 1 + 9 = '	'11'	1	1128	1
1272140415291	1	PROB	'3 + 7 + 2 = '	'12'	1	1153	1
1272140416482	1	PROB	'2 + 9 + 4 = '	'15'	1	1762	1
1272140418291	1	PROB	'4 + 4 + 5 = '	'14'	0	1592	1
1272140419931	1	PROB	'5 + 4 + 4 = '	'13'	1	1569	1
1272140421549	1	PROB	'3 + 5 + 9 = '	'17'	1	1695	1
1272140423282	1	PROB	'7 + 2 + 1 = '	'10'	1	1130	1
1272140424412	0	STOP
1272140429115	0	START
1272140429922	1	PROB	'2 + 3 + 7 = '	'12'	1	1017	1
1272140430989	1	PROB	'4 + 8 + 6 = '	'18'	1	1966	1
1272140432997	1	PROB	'8 + 5 + 1 = '	'17'	0	1695	1
1272140434739	1	PROB	'7 + 4 + 7 = '	'18'	1	1489	1
1272140436264	1	PROB	'2 + 5 + 8 = '	'15'	1	1508	1
1272140437806	1	PROB	'7 + 2 + 7 = '	'16'	1	1382	1
1272140439222	1	PROB	'8 + 7 + 5 = '	'20'	1	2598	1
1272140441855	1	PROB	'9 + 3 + 5 = '	'17'	1	2517	1
1272140444372	0	STOP
1272140449239	0	START
1272140450230	1	PROB	'4 + 2 + 4 = '	'10'	1	1870	1
1272140452146	1	PROB	'6 + 2 + 1 = '	'9'	1	1362	1
1272140453555	1	PROB	'4 + 5 + 1 = '	'10'	1	1265	1
1272140454854	1	PROB	'4 + 6 + 7 = '	'17'	1	1814	1
1272140456704	1	PROB	'2 + 2 + 3 = '	'7'	1	1508	1
1272140458246	1	PROB	'9 + 8 + 1 = '	'18'	1	1894	1
1272140460179	1	PROB	'6 + 1 + 5 = '	'12'	1	1457	1
1272140461671	1	PROB	'8 + 9 + 4 = '	'19'	0	1589	1
1272140463296	1	PROB	'1 + 1 + 4 = '	'6'	1	1276	1
1272140464572	0	STOP
1272140469071	0	START
1272140470162	1	PROB	'4 + 4 + 6 = '	'14'	1	1178	1
1272140471387	1	PROB	'5 + 4 + 8 = '	'17'	1	1488	1
1272140472919	1	PROB	'1 + 8 + 4 = '	'13'	1	1341	1
1272140474303	1	PROB	'7 + 7 + 9 = '	'25'	0	1461	1
1272140475811	1	PROB	'8 + 6 + 2 = '	'16'	1	1841	1
1272140477686	1	PROB	'6 + 4 + 1 = '	'11'	1	1205	1
1272140478935	1	PROB	'5 + 8 + 9 = '	'21'	0	2693	1
1272140481678	1	PROB	'2 + 5 + 2 = '	'9'	1	1237	1
1272140482960	1	PROB	'6 + 5 + 4 = '	'14'	0	1308	1
1272140484268	0	STOP
1272140489119	0	START
1272140489943	1	PROB	'5 + 3 + 2 = '	'7'	0	2149	1
1272140492135	1	PROB	'8 + 9 + 9 = '	'27'	0	2820	1
1272140494992	1	PROB	'3 + 5 + 5 = '	'13'	1	1180	1
1272140496210	1	PROB	'5 + 6 + 9 = '	'20'	1	1665	1
1272140497917	1	PROB	'9 + 9 + 5 = '	'23'	1	1847	1
1272140499801	1	PROB	'9 + 3 + 3 = '	'15'	1	1979	1
1272140501818	1	PROB	'1 + 2 + 3 = '	'6'	1	1554	1
1272140505119	0	STOP
1272140509043	0	START
1272140510017	1	PROB	'9 + 2 + 1 = '	'12'	1	1643	1
1272140511709	1	PROB	'8 + 1 + 1 = '	'10'	1	1431	1
1272140513184	1	PROB	'4 + 2 + 6 = '	'12'	1	1324	1
1272140514550	1	PROB	'8 + 5 + 1 = '	'14'	1	2070	1
1272140516658	1	PROB	'4 + 8 + 5 = '	'17'	1	1858	1
1272140518550	1	PROB	'5 + 2 + 5 = '	'12'	1	1294	1
1272140519882	1	PROB	'5 + 2 + 5 = '	'12'	1	969	1
1272140520890	1	PROB	'1 + 2 + 9 = '	'12'	1	1418	1
1272140522350	1	PROB	'9 + 1 + 7 = '	'17'	1	1334	1
1272140523684	0	STOP
1272140528924	0	START
1272140529931	1	PROB	'2 + 8 + 7 = '	'17'	1	1321	1
1272140531291	1	PROB	'9 + 1 + 7 = '	'17'	1	1153	1
1272140532491	1	PROB	'9 + 3 + 1 = '	'13'	1	1416	1
1272140533948	1	PROB	'2 + 3 + 6 = '	'11'	1	2784	1
1272140536774	1	PROB	'2 + 8 + 2 = '	'12'	1	1077	1
1272140537889	1	PROB	'1 + 4 + 1 = '	'6'	1	1139	1
1272140539065	1	PROB	'3 + 8 + 5 = '	'16'	1	1906	1
1272140541015	1	PROB	'7 + 6 + 6 = '	'19'	1	1317	1
1272140542373	1	PROB	'4 + 2 + 1 = '	'7'	1	1991	1
1272140544364	0	STOP
1272140548864	0	START
1272140549980	1	PROB	'2 + 9 + 6 = '	'17'	1	2015	1
1272140552039	1	PROB	'7 + 5 + 4 = '	'16'	1	1549	1
1272140553631	1	PROB	'7 + 4 + 8 = '	'19'	1	1773	1
1272140555447	1	PROB	'5 + 2 + 6 = '	'13'	1	2557	1
1272140558047	1	PROB	'6 + 9 + 3 = '	'18'	1	1765	1
1272140559847	1	PROB	'7 + 7 + 2 = '	'16'	1	1213	1
1272140561105	1	PROB	'4 + 6 + 9 = '	'19'	1	1866	1
1272140563022	1	PROB	'9 + 2 + 9 = '	'20'	1	1414	1
1272140564436	0	STOP
1272140568772	0	START
1272140569738	1	PROB	'9 + 6 + 7 = '	'22'	1	1746	1
1272140571529	1	PROB	'1 + 3 + 7 = '	'11'	1	1179	1
1272140572754	1	PROB	'7 + 4 + 9 = '	'22'	0	1570	1
1272140574371	1	PROB	'7 + 2 + 1 = '	'10'	1	1353	1
1272140575771	1	PROB	'6 + 8 + 4 = '	'18'	1	1729	1
1272140577537	1	PROB	'3 + 8 + 1 = '	'12'	1	1627	1
1272140579204	1	PROB	'4 + 6 + 4 = '	'14'	1	1432	1
1272140580670	1	PROB	'6 + 1 + 9 = '	'16'	1	1606	1
1272140582312	1	PROB	'8 + 3 + 1 = '	'12'	1	1884	1
1272140584196	0	STOP
1272140588620	0	START
1272140589653	1	PROB	'8 + 9 + 7 = '	'23'	0	2559	1
1272140592261	1	PROB	'7 + 7 + 9 = '	'25'	0	3031	1
1272140595336	1	PROB	'5 + 2 + 1 = '	'8'	1	1380	1
1272140596753	1	PROB	'3 + 9 + 1 = '	'13'	1	1651	1
1272140598444	1	PROB	'1 + 3 + 3 = '	'7'	1	1176	1
1272140599661	1	PROB	'4 + 9 + 6 = '	'19'	1	2623	1
1272140602327	1	PROB	'7 + 2 + 2 = '	'11'	1	1477	1
1272140603804	0	STOP
1272140608452	0	START
1272140609327	1	PROB	'1 + 6 + 1 = '	'8'	1	1285	1
1272140610652	1	PROB	'6 + 2 + 2 = '	'10'	1	1520	1
1272140612210	1	PROB	'7 + 4 + 1 = '	'12'	1	1705	1
1272140613950	1	PROB	'6 + 5 + 9 = '	'20'	1	3302	1
1272140617293	1	PROB	'8 + 8 + 2 = '	'18'	1	1303	1
1272140618634	1	PROB	'2 + 4 + 6 = '	'12'	1	1233	1
1272140619908	1	PROB	'5 + 3 + 3 = '	'11'	1	1640	1
1272140621584	1	PROB	'8 + 9 + 3 = '	'20'	1	2444	1
1272140624028	0	STOP
1272140628342	0	START
1272140629533	1	PROB	'4 + 6 + 3 = '	'13'	1	2655	1
1272140632275	1	PROB	'6 + 2 + 1 = '	'9'	1	1313	1
1272140633625	1	PROB	'3 + 8 + 2 = '	'13'	1	1835	1
1272140635500	1	PROB	'5 + 7 + 6 = '	'18'	1	1479	1
1272140637016	1	PROB	'7 + 5 + 5 = '	'17'	1	1268	1
1272140638325	1	PROB	'3 + 8 + 6 = '	'17'	1	2015	1
1272140640374	1	PROB	'6 + 7 + 5 = '	'18'	1	1638	1
1272140642049	1	PROB	'6 + 8 + 8 = '	'22'	1	1331	1
1272140643380	0	STOP
1272140648299	0	START
1272140649315	1	PROB	'8 + 8 + 7 = '	'23'	1	1600	1
1272140650956	1	PROB	'2 + 8 + 9 = '	'19'	1	1296	1
1272140652290	1	PROB	'4 + 2 + 7 = '	'13'	1	1609	1
1272140653939	1	PROB	'9 + 2 + 5 = '	'16'	1	1585	1
1272140655565	1	PROB	'9 + 8 + 5 = '	'22'	1	2647	1
1272140658248	1	PROB	'8 + 6 + 1 = '	'15'	1	1844	1
1272140660131	1	PROB	'2 + 5 + 1 = '	'8'	1	1257	1
1272140661423	1	PROB	'1 + 2 + 7 = '	'10'	1	1301	1
1272140662764	1	PROB	'3 + 9 + 8 = '	'20'	1	1488	1
1272140664252	0	STOP
1272140668339	0	START
1272140669314	1	PROB	'3 + 5 + 4 = '	'12'	1	2746	1
1272140672105	1	PROB	'8 + 2 + 9 = '	'19'	1	1363	1
1272140673505	1	PROB	'1 + 4 + 4 = '	'9'	1	2490	1
1272140676030	1	PROB	'8 + 2 + 9 = '	'19'	1	1246	1
1272140677313	1	PROB	'2 + 7 + 9 = '	'18'	1	2235	1
1272140679588	1	PROB	'7 + 4 + 9 = '	'120'	0	2000	1
1272140681638	1	PROB	'3 + 7 + 9 = '	'19'	1	1301	1
1272140682939	0	STOP
1272140688296	0	START
1272140689429	1	PROB	'2 + 4 + 5 = '	'11'	1	1391	1
1272140690853	1	PROB	'1 + 9 + 5 = '	'15'	1	1014	1
1272140691903	1	PROB	'6 + 4 + 5 = '	'15'	1	972	1
1272140692919	1	PROB	'5 + 1 + 6 = '	'12'	1	1757	1
1272140694712	1	PROB	'7 + 3 + 3 = '	'13'	1	1108	1
1272140695861	1	PROB	'5 + 7 + 4 = '	'16'	1	2134	1
1272140698037	1	PROB	'7 + 9 + 4 = '	'20'	1	2127	1
1272140700203	1	PROB	'8 + 6 + 8 = '	'20'	0	1545	1
1272140701795	1	PROB	'6 + 5 + 9 = '	'20'	1	1409	1
1272140703204	0	STOP
1272142059894	0	E	Logging Ends
