1272137876152	0	B	Logging Begins
1272137876152	0	SESS_START	9
1272137972670	0	DISTRACTOR	0			8000	3
1272137980102	1	FR_PRES	0	PIER	1063	1	0	1805	(0.57740000000000002, 0.41289999999999999, 1.0)	../fonts/amplitud.ttf	upper
1272137984107	0	DISTRACTOR	0			8000	1
1272137991984	1	FR_PRES	0	CAPTIVE	240	1	0	1548	(0.57740000000000002, 0.41289999999999999, 1.0)	../fonts/amplitud.ttf	upper
1272137995945	0	DISTRACTOR	0			8000	4
1272138003933	1	FR_PRES	0	MINT	898	1	0	1183	(0.57740000000000002, 0.41289999999999999, 1.0)	../fonts/amplitud.ttf	upper
1272138007925	0	DISTRACTOR	0			8000	4
1272138015800	1	FR_PRES	0	SKILLET	1317	1	0	1244	(0.57740000000000002, 0.41289999999999999, 1.0)	../fonts/amplitud.ttf	upper
1272138019680	0	DISTRACTOR	0			8000	3
1272138028007	1	FR_PRES	0	PRISON	1127	1	0	1525	(0.57740000000000002, 0.41289999999999999, 1.0)	../fonts/amplitud.ttf	upper
1272138032158	0	DISTRACTOR	0			8000	3
1272138039980	1	FR_PRES	0	GLASSES	640	1	0	1312	(0.57740000000000002, 0.41289999999999999, 1.0)	../fonts/amplitud.ttf	upper
1272138043849	0	DISTRACTOR	0			8000	1
1272138052164	1	FR_PRES	0	ISLAND	745	1	0	1272	(0.57740000000000002, 0.41289999999999999, 1.0)	../fonts/amplitud.ttf	upper
1272138055986	0	DISTRACTOR	0			8000	4
1272138064071	1	FR_PRES	0	FAUCET	555	1	0	1469	(0.57740000000000002, 0.41289999999999999, 1.0)	../fonts/amplitud.ttf	upper
1272138067972	0	DISTRACTOR	0			8000	4
1272138075953	1	FR_PRES	0	BOLT	146	1	0	1531	(0.57740000000000002, 0.41289999999999999, 1.0)	../fonts/amplitud.ttf	upper
1272138079786	0	DISTRACTOR	0			8000	2
1272138087877	1	FR_PRES	0	ACID	2	1	0	967	(0.57740000000000002, 0.41289999999999999, 1.0)	../fonts/amplitud.ttf	upper
1272138091978	0	DISTRACTOR	0			8000	3
1272138099760	1	FR_PRES	0	DENTIST	447	1	1	948	(0.57740000000000002, 0.41289999999999999, 1.0)	../fonts/amplitud.ttf	upper
1272138103955	0	DISTRACTOR	0			8000	3
1272138111601	1	FR_PRES	0	YOLK	1633	1	0	1290	(0.57740000000000002, 0.41289999999999999, 1.0)	../fonts/amplitud.ttf	upper
1272138115454	0	DISTRACTOR	0			8000	2
1272138123500	1	FR_PRES	0	BUSH	202	1	1	1320	(0.57740000000000002, 0.41289999999999999, 1.0)	../fonts/amplitud.ttf	upper
1272138127409	0	DISTRACTOR	0			8000	4
1272138135391	1	FR_PRES	0	OUTLAW	989	1	1	1125	(0.57740000000000002, 0.41289999999999999, 1.0)	../fonts/amplitud.ttf	upper
1272138139377	0	DISTRACTOR	0			8000	4
1272138147490	1	FR_PRES	0	BANDIT	81	1	1	1425	(0.57740000000000002, 0.41289999999999999, 1.0)	../fonts/amplitud.ttf	upper
1272138151626	0	DISTRACTOR	0			8000	3
1272138159398	1	FR_PRES	0	CAPTAIN	239	1	1	894	(0.57740000000000002, 0.41289999999999999, 1.0)	../fonts/amplitud.ttf	upper
1272138163340	0	DISTRACTOR	0			8000	4
1272138172277	1	REC_START
1272138251674	0	REST
1272138253182	1	FR_PRES	1	BURGLAR	200	0	1	1542	(0.42259999999999998, 0.58709999999999996, 0)	../fonts/zerothre.ttf	lower
1272138257157	1	FR_PRES	1	WRITER	1627	0	1	1367	(0.42259999999999998, 0.58709999999999996, 0)	../fonts/zerothre.ttf	lower
1272138260972	1	FR_PRES	1	FOOTBALL	591	0	1	1480	(0.42259999999999998, 0.58709999999999996, 0)	../fonts/zerothre.ttf	lower
1272138264815	1	FR_PRES	1	BALL	73	0	0	1100	(0.42259999999999998, 0.58709999999999996, 0)	../fonts/zerothre.ttf	lower
1272138268939	1	FR_PRES	1	AGENT	10	1	1	1281	(0.57740000000000002, 0.41289999999999999, 1.0)	../fonts/amplitud.ttf	upper
1272138273098	1	FR_PRES	1	GREASE	660	1	0	1082	(0.57740000000000002, 0.41289999999999999, 1.0)	../fonts/amplitud.ttf	upper
1272138277281	1	FR_PRES	1	PILOT	1070	1	1	899	(0.57740000000000002, 0.41289999999999999, 1.0)	../fonts/amplitud.ttf	upper
1272138281130	1	FR_PRES	1	MAGAZINE	853	1	0	1322	(0.57740000000000002, 0.41289999999999999, 1.0)	../fonts/amplitud.ttf	upper
1272138285155	1	FR_PRES	1	PUBLICATION	1136	1	0	1177	(0.57740000000000002, 0.41289999999999999, 1.0)	../fonts/amplitud.ttf	upper
1272138289121	1	FR_PRES	1	SWATTER	1418	0	-999	3001	(0.42259999999999998, 0.58709999999999996, 0)	../fonts/zerothre.ttf	lower
1272138292146	1	SLOW_MSG
1272138294821	1	FR_PRES	1	TERMITE	1451	0	0	1399	(0.42259999999999998, 0.58709999999999996, 0)	../fonts/zerothre.ttf	lower
1272138298961	1	FR_PRES	1	POLICE	1098	0	1	1419	(0.42259999999999998, 0.58709999999999996, 0)	../fonts/zerothre.ttf	lower
1272138302944	1	FR_PRES	1	SIGNATURE	1306	0	0	1148	(0.42259999999999998, 0.58709999999999996, 0)	../fonts/zerothre.ttf	lower
1272138306952	1	FR_PRES	1	AIRPORT	13	1	0	2620	(0.57740000000000002, 0.41289999999999999, 1.0)	../fonts/amplitud.ttf	upper
1272138311070	1	FR_PRES	1	PAIL	1002	1	0	1774	(0.57740000000000002, 0.41289999999999999, 1.0)	../fonts/amplitud.ttf	upper
1272138315144	1	FR_PRES	1	HARP	689	1	0	1404	(0.57740000000000002, 0.41289999999999999, 1.0)	../fonts/amplitud.ttf	upper
1272138319304	0	DISTRACTOR	1			8000	3
1272138328019	1	REC_START
1272138407071	0	REST
1272138408571	0	DISTRACTOR	2			8000	3
1272138415911	1	FR_PRES	2	SPIDER	1351	0	0	1749	(0.42259999999999998, 0.58709999999999996, 0)	../fonts/zerothre.ttf	lower
1272138419927	0	DISTRACTOR	2			8000	4
1272138428045	1	FR_PRES	2	ANTEATER	26	0	1	1870	(0.42259999999999998, 0.58709999999999996, 0)	../fonts/zerothre.ttf	lower
1272138432047	0	DISTRACTOR	2			8000	3
1272138439976	1	FR_PRES	2	TROUT	1511	0	0	1124	(0.42259999999999998, 0.58709999999999996, 0)	../fonts/zerothre.ttf	lower
1272138444170	0	DISTRACTOR	2			8000	2
1272138451835	1	FR_PRES	2	PUB	1135	0	1	993	(0.42259999999999998, 0.58709999999999996, 0)	../fonts/zerothre.ttf	lower
1272138456002	0	DISTRACTOR	2			8000	3
1272138463817	1	FR_PRES	2	PASTA	1021	0	0	1459	(0.42259999999999998, 0.58709999999999996, 0)	../fonts/zerothre.ttf	lower
1272138468003	0	DISTRACTOR	2			8000	2
1272138475948	1	FR_PRES	2	LOBBY	836	0	1	1280	(0.42259999999999998, 0.58709999999999996, 0)	../fonts/zerothre.ttf	lower
1272138479799	0	DISTRACTOR	2			8000	4
1272138488165	1	FR_PRES	2	BRANDY	169	0	0	1143	(0.42259999999999998, 0.58709999999999996, 0)	../fonts/zerothre.ttf	lower
1272138492105	0	DISTRACTOR	2			8000	3
1272138500381	1	FR_PRES	2	FIN	566	0	0	1119	(0.42259999999999998, 0.58709999999999996, 0)	../fonts/zerothre.ttf	lower
1272138504230	0	DISTRACTOR	2			8000	3
1272138512222	1	FR_PRES	2	CHILD	299	0	0	1406	(0.42259999999999998, 0.58709999999999996, 0)	../fonts/zerothre.ttf	lower
1272138516208	0	DISTRACTOR	2			8000	3
1272138524229	1	FR_PRES	2	PASSAGE	1019	0	1	1359	(0.42259999999999998, 0.58709999999999996, 0)	../fonts/zerothre.ttf	lower
1272138528272	0	DISTRACTOR	2			8000	4
1272138536287	1	FR_PRES	2	OUTDOORS	987	0	1	1045	(0.42259999999999998, 0.58709999999999996, 0)	../fonts/zerothre.ttf	lower
1272138540398	0	DISTRACTOR	2			8000	2
1272138548344	1	FR_PRES	2	REEF	1177	0	1	956	(0.42259999999999998, 0.58709999999999996, 0)	../fonts/zerothre.ttf	lower
1272138552230	0	DISTRACTOR	2			8000	4
1272138560477	1	FR_PRES	2	CASHEW	253	0	0	1247	(0.42259999999999998, 0.58709999999999996, 0)	../fonts/zerothre.ttf	lower
1272138564413	0	DISTRACTOR	2			8000	2
1272138572442	1	FR_PRES	2	PEANUT	1032	0	0	938	(0.42259999999999998, 0.58709999999999996, 0)	../fonts/zerothre.ttf	lower
1272138576278	0	DISTRACTOR	2			8000	4
1272138584625	1	FR_PRES	2	SHORTS	1293	0	0	1995	(0.42259999999999998, 0.58709999999999996, 0)	../fonts/zerothre.ttf	lower
1272138588536	0	DISTRACTOR	2			8000	3
1272138596499	1	FR_PRES	2	BELT	120	0	0	1185	(0.42259999999999998, 0.58709999999999996, 0)	../fonts/zerothre.ttf	lower
1272138600550	0	DISTRACTOR	2			8000	4
1272138609324	1	REC_START
1272138694417	0	REST
1272138695924	1	FR_PRES	3	DISH	474	0	0	1280	(0.42259999999999998, 0.58709999999999996, 0)	../fonts/zerothre.ttf	lower
1272138700083	1	FR_PRES	3	CHEST	295	0	1	921	(0.42259999999999998, 0.58709999999999996, 0)	../fonts/zerothre.ttf	lower
1272138703957	1	FR_PRES	3	SEA	1259	0	1	855	(0.42259999999999998, 0.58709999999999996, 0)	../fonts/zerothre.ttf	lower
1272138708116	1	FR_PRES	3	ROBBER	1197	0	1	1400	(0.42259999999999998, 0.58709999999999996, 0)	../fonts/zerothre.ttf	lower
1272138711973	1	FR_PRES	3	FUGITIVE	612	0	1	655	(0.42259999999999998, 0.58709999999999996, 0)	../fonts/zerothre.ttf	lower
1272138716107	1	FR_PRES	3	STADIUM	1364	0	1	776	(0.42259999999999998, 0.58709999999999996, 0)	../fonts/zerothre.ttf	lower
1272138719947	1	FR_PRES	3	ARENA	37	0	1	793	(0.42259999999999998, 0.58709999999999996, 0)	../fonts/zerothre.ttf	lower
1272138723989	1	FR_PRES	3	QUILL	1150	0	1	2119	(0.42259999999999998, 0.58709999999999996, 0)	../fonts/zerothre.ttf	lower
1272138728098	1	FR_PRES	3	SHORE	1291	0	1	970	(0.42259999999999998, 0.58709999999999996, 0)	../fonts/zerothre.ttf	lower
1272138732197	1	FR_PRES	3	CHEERLEADER	288	0	1	1455	(0.42259999999999998, 0.58709999999999996, 0)	../fonts/zerothre.ttf	lower
1272138736172	1	FR_PRES	3	PLUM	1090	0	0	1000	(0.42259999999999998, 0.58709999999999996, 0)	../fonts/zerothre.ttf	lower
1272138740280	1	FR_PRES	3	WASHCLOTH	1591	0	0	1404	(0.42259999999999998, 0.58709999999999996, 0)	../fonts/zerothre.ttf	lower
1272138744146	1	FR_PRES	3	RACCOON	1153	0	0	1314	(0.42259999999999998, 0.58709999999999996, 0)	../fonts/zerothre.ttf	lower
1272138748088	1	FR_PRES	3	STEM	1376	0	0	1148	(0.42259999999999998, 0.58709999999999996, 0)	../fonts/zerothre.ttf	lower
1272138752071	1	FR_PRES	3	BUBBLE	183	0	0	1309	(0.42259999999999998, 0.58709999999999996, 0)	../fonts/zerothre.ttf	lower
1272138755978	1	FR_PRES	3	SPIT	1354	0	0	1066	(0.42259999999999998, 0.58709999999999996, 0)	../fonts/zerothre.ttf	lower
1272138761579	1	REC_START
1272138843239	0	REST
1272138844747	1	FR_PRES	4	PUPPY	1144	0	0	1825	(0.42259999999999998, 0.58709999999999996, 0)	../fonts/zerothre.ttf	lower
1272138848839	1	FR_PRES	4	COMMITTEE	355	0	1	1068	(0.42259999999999998, 0.58709999999999996, 0)	../fonts/zerothre.ttf	lower
1272138852830	1	FR_PRES	4	CROSS	413	0	0	1454	(0.42259999999999998, 0.58709999999999996, 0)	../fonts/zerothre.ttf	lower
1272138856813	1	FR_PRES	4	CONCERT	360	0	1	847	(0.42259999999999998, 0.58709999999999996, 0)	../fonts/zerothre.ttf	lower
1272138860870	1	FR_PRES	4	PLANT	1083	0	0	1486	(0.42259999999999998, 0.58709999999999996, 0)	../fonts/zerothre.ttf	lower
1272138864920	1	FR_PRES	4	GRASS	655	0	0	716	(0.42259999999999998, 0.58709999999999996, 0)	../fonts/zerothre.ttf	lower
1272138868903	1	FR_PRES	4	PICK	1058	1	0	2309	(0.57740000000000002, 0.41289999999999999, 1.0)	../fonts/amplitud.ttf	upper
1272138872878	1	FR_PRES	4	GHETTO	633	1	0	1326	(0.57740000000000002, 0.41289999999999999, 1.0)	../fonts/amplitud.ttf	upper
1272138876961	1	FR_PRES	4	PEPPER	1047	1	0	1051	(0.57740000000000002, 0.41289999999999999, 1.0)	../fonts/amplitud.ttf	upper
1272138881111	1	FR_PRES	4	WINGS	1614	1	0	1261	(0.57740000000000002, 0.41289999999999999, 1.0)	../fonts/amplitud.ttf	upper
1272138885128	1	FR_PRES	4	CROW	414	0	0	1843	(0.42259999999999998, 0.58709999999999996, 0)	../fonts/zerothre.ttf	lower
1272138889269	1	FR_PRES	4	TUB	1514	0	0	1311	(0.42259999999999998, 0.58709999999999996, 0)	../fonts/zerothre.ttf	lower
1272138893244	1	FR_PRES	4	TOWEL	1489	1	0	1136	(0.57740000000000002, 0.41289999999999999, 1.0)	../fonts/amplitud.ttf	upper
1272138897119	1	FR_PRES	4	CATCHER	258	1	1	1637	(0.57740000000000002, 0.41289999999999999, 1.0)	../fonts/amplitud.ttf	upper
1272138901043	1	FR_PRES	4	PRODUCER	1129	1	1	920	(0.57740000000000002, 0.41289999999999999, 1.0)	../fonts/amplitud.ttf	upper
1272138905085	1	FR_PRES	4	FIDDLE	561	1	0	1063	(0.57740000000000002, 0.41289999999999999, 1.0)	../fonts/amplitud.ttf	upper
1272138909118	0	DISTRACTOR	4			8000	4
1272138917850	1	REC_START
1272138997028	0	REST
1272138998536	1	FR_PRES	5	BULLET	194	0	0	1284	(0.42259999999999998, 0.58709999999999996, 0)	../fonts/zerothre.ttf	lower
1272139002411	1	FR_PRES	5	CARDINAL	244	0	0	1520	(0.42259999999999998, 0.58709999999999996, 0)	../fonts/zerothre.ttf	lower
1272139006561	1	FR_PRES	5	MINER	896	0	1	1907	(0.42259999999999998, 0.58709999999999996, 0)	../fonts/zerothre.ttf	lower
1272139010702	1	FR_PRES	5	MEDAL	885	0	0	1726	(0.42259999999999998, 0.58709999999999996, 0)	../fonts/zerothre.ttf	lower
1272139014702	1	FR_PRES	5	BULL	193	1	1	1310	(0.57740000000000002, 0.41289999999999999, 1.0)	../fonts/amplitud.ttf	upper
1272139018610	1	FR_PRES	5	ESCALATOR	539	1	0	1650	(0.57740000000000002, 0.41289999999999999, 1.0)	../fonts/amplitud.ttf	upper
1272139022659	1	FR_PRES	5	TOURIST	1488	1	1	1457	(0.57740000000000002, 0.41289999999999999, 1.0)	../fonts/amplitud.ttf	upper
1272139026684	1	FR_PRES	5	CATHEDRAL	260	1	0	1376	(0.57740000000000002, 0.41289999999999999, 1.0)	../fonts/amplitud.ttf	upper
1272139030617	1	FR_PRES	5	ASSISTANT	48	1	1	843	(0.57740000000000002, 0.41289999999999999, 1.0)	../fonts/amplitud.ttf	upper
1272139034542	1	FR_PRES	5	OUTFIT	988	1	0	1510	(0.57740000000000002, 0.41289999999999999, 1.0)	../fonts/amplitud.ttf	upper
1272139038392	1	FR_PRES	5	RANCH	1166	0	0	1124	(0.42259999999999998, 0.58709999999999996, 0)	../fonts/zerothre.ttf	lower
1272139042466	1	FR_PRES	5	JOINT	758	0	0	2274	(0.42259999999999998, 0.58709999999999996, 0)	../fonts/zerothre.ttf	lower
1272139046533	1	FR_PRES	5	APPENDAGE	32	1	0	2303	(0.57740000000000002, 0.41289999999999999, 1.0)	../fonts/amplitud.ttf	upper
1272139050416	1	FR_PRES	5	DRESSER	496	1	0	2628	(0.57740000000000002, 0.41289999999999999, 1.0)	../fonts/amplitud.ttf	upper
1272139054265	1	FR_PRES	5	BARREL	91	0	1	1706	(0.42259999999999998, 0.58709999999999996, 0)	../fonts/zerothre.ttf	lower
1272139058107	1	FR_PRES	5	PUDDLE	1140	0	0	1537	(0.42259999999999998, 0.58709999999999996, 0)	../fonts/zerothre.ttf	lower
1272139062257	0	DISTRACTOR	5			16000	8
1272139079023	1	REC_START
1272139160816	0	REST
1272139162316	0	DISTRACTOR	6			16000	7
1272139177740	1	FR_PRES	6	SQUID	1361	1	1	1440	(0.57740000000000002, 0.41289999999999999, 1.0)	../fonts/amplitud.ttf	upper
1272139181757	0	DISTRACTOR	6			16000	7
1272139197805	1	FR_PRES	6	CAMEL	223	1	1	959	(0.57740000000000002, 0.41289999999999999, 1.0)	../fonts/amplitud.ttf	upper
1272139201766	0	DISTRACTOR	6			16000	6
1272139217928	1	FR_PRES	6	NICKEL	950	0	0	2148	(0.42259999999999998, 0.58709999999999996, 0)	../fonts/zerothre.ttf	lower
1272139221971	0	DISTRACTOR	6			16000	8
1272139237752	1	FR_PRES	6	LAWYER	806	0	1	2044	(0.42259999999999998, 0.58709999999999996, 0)	../fonts/zerothre.ttf	lower
1272139241741	0	DISTRACTOR	6			16000	7
1272139257709	1	FR_PRES	6	MUSTARD	935	0	0	1238	(0.42259999999999998, 0.58709999999999996, 0)	../fonts/zerothre.ttf	lower
1272139261709	0	DISTRACTOR	6			16000	9
1272139277890	1	FR_PRES	6	DEPUTY	450	0	1	2866	(0.42259999999999998, 0.58709999999999996, 0)	../fonts/zerothre.ttf	lower
1272139281933	0	DISTRACTOR	6			16000	6
1272139298039	1	FR_PRES	6	COW	393	1	3	2109	(0.57740000000000002, 0.41289999999999999, 1.0)	../fonts/amplitud.ttf	upper
1272139300181	1	KEY_MSG
1272139302550	0	DISTRACTOR	6			16000	7
1272139318738	1	FR_PRES	6	SANDWICH	1232	1	0	1690	(0.57740000000000002, 0.41289999999999999, 1.0)	../fonts/amplitud.ttf	upper
1272139322898	0	DISTRACTOR	6			16000	5
1272139338902	1	FR_PRES	6	COTTAGE	384	1	0	1949	(0.57740000000000002, 0.41289999999999999, 1.0)	../fonts/amplitud.ttf	upper
1272139343000	0	DISTRACTOR	6			16000	7
1272139359026	1	FR_PRES	6	SHINGLE	1285	0	0	2498	(0.42259999999999998, 0.58709999999999996, 0)	../fonts/zerothre.ttf	lower
1272139363167	0	DISTRACTOR	6			16000	6
1272139379108	1	FR_PRES	6	TRAY	1498	0	0	1855	(0.42259999999999998, 0.58709999999999996, 0)	../fonts/zerothre.ttf	lower
1272139383159	0	DISTRACTOR	6			16000	6
1272139399149	1	FR_PRES	6	FEAST	556	0	0	1223	(0.42259999999999998, 0.58709999999999996, 0)	../fonts/zerothre.ttf	lower
1272139403121	0	DISTRACTOR	6			16000	6
1272139419164	1	FR_PRES	6	PICNIC	1060	0	1	2056	(0.42259999999999998, 0.58709999999999996, 0)	../fonts/zerothre.ttf	lower
1272139423349	0	DISTRACTOR	6			16000	8
1272139439171	1	FR_PRES	6	NET	946	1	0	2057	(0.57740000000000002, 0.41289999999999999, 1.0)	../fonts/amplitud.ttf	upper
1272139443073	0	DISTRACTOR	6			16000	7
1272139459011	1	FR_PRES	6	LUNG	850	1	1	1777	(0.57740000000000002, 0.41289999999999999, 1.0)	../fonts/amplitud.ttf	upper
1272139462921	0	DISTRACTOR	6			16000	9
1272139478834	1	FR_PRES	6	PRAIRIE	1118	1	0	1794	(0.57740000000000002, 0.41289999999999999, 1.0)	../fonts/amplitud.ttf	upper
1272139483032	0	DISTRACTOR	6			16000	9
1272139499625	1	REC_START
1272139620432	0	REST
1272139621940	1	FR_PRES	7	ALLIGATOR	16	1	1	1760	(0.57740000000000002, 0.41289999999999999, 1.0)	../fonts/amplitud.ttf	upper
1272139625931	1	FR_PRES	7	RADIATOR	1156	1	0	1441	(0.57740000000000002, 0.41289999999999999, 1.0)	../fonts/amplitud.ttf	upper
1272139629832	1	FR_PRES	7	BUGGY	188	1	0	1716	(0.57740000000000002, 0.41289999999999999, 1.0)	../fonts/amplitud.ttf	upper
1272139633781	1	FR_PRES	7	SCOTCH	1251	1	0	1567	(0.57740000000000002, 0.41289999999999999, 1.0)	../fonts/amplitud.ttf	upper
1272139637814	1	FR_PRES	7	HOME	712	1	0	1510	(0.57740000000000002, 0.41289999999999999, 1.0)	../fonts/amplitud.ttf	upper
1272139641714	1	FR_PRES	7	HUT	729	1	0	1338	(0.57740000000000002, 0.41289999999999999, 1.0)	../fonts/amplitud.ttf	upper
1272139645539	1	FR_PRES	7	CACTUS	215	1	1	1073	(0.57740000000000002, 0.41289999999999999, 1.0)	../fonts/amplitud.ttf	upper
1272139649530	1	FR_PRES	7	PITCHFORK	1078	1	0	1170	(0.57740000000000002, 0.41289999999999999, 1.0)	../fonts/amplitud.ttf	upper
1272139653438	1	FR_PRES	7	SCARECROW	1245	1	1	1062	(0.57740000000000002, 0.41289999999999999, 1.0)	../fonts/amplitud.ttf	upper
1272139657388	1	FR_PRES	7	ORCHID	982	1	1	1024	(0.57740000000000002, 0.41289999999999999, 1.0)	../fonts/amplitud.ttf	upper
1272139661221	1	FR_PRES	7	PERFUME	1049	1	0	1111	(0.57740000000000002, 0.41289999999999999, 1.0)	../fonts/amplitud.ttf	upper
1272139665054	1	FR_PRES	7	COMMANDER	354	1	1	1062	(0.57740000000000002, 0.41289999999999999, 1.0)	../fonts/amplitud.ttf	upper
1272139668919	1	FR_PRES	7	COBRA	336	1	1	1309	(0.57740000000000002, 0.41289999999999999, 1.0)	../fonts/amplitud.ttf	upper
1272139672762	1	FR_PRES	7	PORCUPINE	1107	1	1	1161	(0.57740000000000002, 0.41289999999999999, 1.0)	../fonts/amplitud.ttf	upper
1272139676703	1	FR_PRES	7	VELVET	1555	1	0	1333	(0.57740000000000002, 0.41289999999999999, 1.0)	../fonts/amplitud.ttf	upper
1272139680570	1	FR_PRES	7	LILY	821	1	1	1026	(0.57740000000000002, 0.41289999999999999, 1.0)	../fonts/amplitud.ttf	upper
1272139684489	0	DISTRACTOR	7			8000	2
1272139693411	1	REC_START
1272139773655	0	REST
1272139775154	0	DISTRACTOR	8			8000	3
1272139782670	1	FR_PRES	8	PICTURE	1061	1	0	2046	(0.57740000000000002, 0.41289999999999999, 1.0)	../fonts/amplitud.ttf	upper
1272139786536	0	DISTRACTOR	8			8000	4
1272139794678	1	FR_PRES	8	BED	110	1	0	1630	(0.57740000000000002, 0.41289999999999999, 1.0)	../fonts/amplitud.ttf	upper
1272139798809	0	DISTRACTOR	8			8000	3
1272139806819	1	FR_PRES	8	DINER	467	1	0	2305	(0.57740000000000002, 0.41289999999999999, 1.0)	../fonts/amplitud.ttf	upper
1272139810781	0	DISTRACTOR	8			8000	4
1272139819001	1	FR_PRES	8	POTATO	1115	1	1	2251	(0.57740000000000002, 0.41289999999999999, 1.0)	../fonts/amplitud.ttf	upper
1272139822858	0	DISTRACTOR	8			8000	3
1272139830866	1	FR_PRES	8	SALESMAN	1225	1	1	1210	(0.57740000000000002, 0.41289999999999999, 1.0)	../fonts/amplitud.ttf	upper
1272139835000	0	DISTRACTOR	8			8000	4
1272139842708	1	FR_PRES	8	DIAGRAM	456	1	0	1488	(0.57740000000000002, 0.41289999999999999, 1.0)	../fonts/amplitud.ttf	upper
1272139846619	0	DISTRACTOR	8			8000	4
1272139854840	1	FR_PRES	8	CANAL	226	1	0	1788	(0.57740000000000002, 0.41289999999999999, 1.0)	../fonts/amplitud.ttf	upper
1272139858699	0	DISTRACTOR	8			8000	3
1272139866863	1	FR_PRES	8	SQUIRREL	1362	1	1	1765	(0.57740000000000002, 0.41289999999999999, 1.0)	../fonts/amplitud.ttf	upper
1272139870980	0	DISTRACTOR	8			8000	4
1272139879063	1	FR_PRES	8	PASSENGER	1020	1	1	1173	(0.57740000000000002, 0.41289999999999999, 1.0)	../fonts/amplitud.ttf	upper
1272139883137	0	DISTRACTOR	8			8000	2
1272139891196	1	FR_PRES	8	HAWK	692	1	1	1528	(0.57740000000000002, 0.41289999999999999, 1.0)	../fonts/amplitud.ttf	upper
1272139895395	0	DISTRACTOR	8			8000	4
1272139903070	1	FR_PRES	8	BIRD	129	1	1	934	(0.57740000000000002, 0.41289999999999999, 1.0)	../fonts/amplitud.ttf	upper
1272139906895	0	DISTRACTOR	8			8000	3
1272139914968	1	FR_PRES	8	PUMP	1141	1	0	1156	(0.57740000000000002, 0.41289999999999999, 1.0)	../fonts/amplitud.ttf	upper
1272139918960	0	DISTRACTOR	8			8000	2
1272139927002	1	FR_PRES	8	TUTU	1524	1	0	1434	(0.57740000000000002, 0.41289999999999999, 1.0)	../fonts/amplitud.ttf	upper
1272139931028	0	DISTRACTOR	8			8000	3
1272139939151	1	FR_PRES	8	COUCH	386	1	0	1381	(0.57740000000000002, 0.41289999999999999, 1.0)	../fonts/amplitud.ttf	upper
1272139943245	0	DISTRACTOR	8			8000	3
1272139951300	1	FR_PRES	8	POLYESTER	1100	1	0	920	(0.57740000000000002, 0.41289999999999999, 1.0)	../fonts/amplitud.ttf	upper
1272139955394	0	DISTRACTOR	8			8000	2
1272139963149	1	FR_PRES	8	VEST	1559	1	0	846	(0.57740000000000002, 0.41289999999999999, 1.0)	../fonts/amplitud.ttf	upper
1272139966987	0	DISTRACTOR	8			8000	3
1272139976015	1	REC_START
1272140059375	0	REST
1272140060882	1	FR_PRES	9	PICKLE	1059	0	0	1138	(0.42259999999999998, 0.58709999999999996, 0)	../fonts/zerothre.ttf	lower
1272140064700	1	FR_PRES	9	ZUCCHINI	1638	0	0	1408	(0.42259999999999998, 0.58709999999999996, 0)	../fonts/zerothre.ttf	lower
1272140068716	1	FR_PRES	9	LINEN	825	0	1	1832	(0.42259999999999998, 0.58709999999999996, 0)	../fonts/zerothre.ttf	lower
1272140072558	1	FR_PRES	9	TUBE	1516	0	0	1397	(0.42259999999999998, 0.58709999999999996, 0)	../fonts/zerothre.ttf	lower
1272140076441	1	FR_PRES	9	CHURCH	307	0	1	1243	(0.42259999999999998, 0.58709999999999996, 0)	../fonts/zerothre.ttf	lower
1272140080332	1	FR_PRES	9	CORN	381	0	0	1184	(0.42259999999999998, 0.58709999999999996, 0)	../fonts/zerothre.ttf	lower
1272140084423	1	FR_PRES	9	BUFFALO	186	0	1	1277	(0.42259999999999998, 0.58709999999999996, 0)	../fonts/zerothre.ttf	lower
1272140088415	1	FR_PRES	9	DOUGHNUT	490	0	0	773	(0.42259999999999998, 0.58709999999999996, 0)	../fonts/zerothre.ttf	lower
1272140092606	1	FR_PRES	9	FACE	547	0	1	2094	(0.42259999999999998, 0.58709999999999996, 0)	../fonts/zerothre.ttf	lower
1272140096622	1	FR_PRES	9	WHEAT	1602	0	0	878	(0.42259999999999998, 0.58709999999999996, 0)	../fonts/zerothre.ttf	lower
1272140100522	1	FR_PRES	9	CAPITAL	238	0	1	2322	(0.42259999999999998, 0.58709999999999996, 0)	../fonts/zerothre.ttf	lower
1272140104414	1	FR_PRES	9	SUBURB	1399	0	1	1302	(0.42259999999999998, 0.58709999999999996, 0)	../fonts/zerothre.ttf	lower
1272140108580	1	FR_PRES	9	CATTLE	261	0	1	1040	(0.42259999999999998, 0.58709999999999996, 0)	../fonts/zerothre.ttf	lower
1272140112480	1	FR_PRES	9	CHEEK	287	0	0	1652	(0.42259999999999998, 0.58709999999999996, 0)	../fonts/zerothre.ttf	lower
1272140116621	1	FR_PRES	9	ROBOT	1200	0	1	1391	(0.42259999999999998, 0.58709999999999996, 0)	../fonts/zerothre.ttf	lower
1272140120521	1	FR_PRES	9	RECORD	1176	0	0	1987	(0.42259999999999998, 0.58709999999999996, 0)	../fonts/zerothre.ttf	lower
1272140124421	0	DISTRACTOR	9			16000	9
1272140141395	1	REC_START
1272140222330	0	REST
1272140223838	1	FR_PRES	10	WAX	1597	1	0	1238	(0.57740000000000002, 0.41289999999999999, 1.0)	../fonts/amplitud.ttf	upper
1272140228038	1	FR_PRES	10	MOTOR	922	1	0	1006	(0.57740000000000002, 0.41289999999999999, 1.0)	../fonts/amplitud.ttf	upper
1272140231970	1	FR_PRES	10	GIRAFFE	636	1	1	762	(0.57740000000000002, 0.41289999999999999, 1.0)	../fonts/amplitud.ttf	upper
1272140235895	1	FR_PRES	10	CHIPMUNK	304	1	1	877	(0.57740000000000002, 0.41289999999999999, 1.0)	../fonts/amplitud.ttf	upper
1272140240079	1	FR_PRES	10	VINE	1568	0	0	2277	(0.42259999999999998, 0.58709999999999996, 0)	../fonts/zerothre.ttf	lower
1272140243894	1	FR_PRES	10	MOTHER	921	0	1	1045	(0.42259999999999998, 0.58709999999999996, 0)	../fonts/zerothre.ttf	lower
1272140247770	1	FR_PRES	10	RIB	1188	0	0	1578	(0.42259999999999998, 0.58709999999999996, 0)	../fonts/zerothre.ttf	lower
1272140251952	1	FR_PRES	10	ANCESTOR	20	0	0	2228	(0.42259999999999998, 0.58709999999999996, 0)	../fonts/zerothre.ttf	lower
1272140256052	1	FR_PRES	10	RAFT	1159	1	-999	3001	(0.57740000000000002, 0.41289999999999999, 1.0)	../fonts/amplitud.ttf	upper
1272140259077	1	SLOW_MSG
1272140261419	1	FR_PRES	10	FOUNTAIN	597	1	0	1321	(0.57740000000000002, 0.41289999999999999, 1.0)	../fonts/amplitud.ttf	upper
1272140265618	1	FR_PRES	10	GROCERIES	663	0	1	1698	(0.42259999999999998, 0.58709999999999996, 0)	../fonts/zerothre.ttf	lower
1272140269635	1	FR_PRES	10	MONASTERY	907	0	1	913	(0.42259999999999998, 0.58709999999999996, 0)	../fonts/zerothre.ttf	lower
1272140273843	1	FR_PRES	10	BABY	64	0	0	985	(0.42259999999999998, 0.58709999999999996, 0)	../fonts/zerothre.ttf	lower
1272140277883	1	FR_PRES	10	RAG	1160	0	0	1024	(0.42259999999999998, 0.58709999999999996, 0)	../fonts/zerothre.ttf	lower
1272140281742	1	FR_PRES	10	PRIEST	1122	1	1	1141	(0.57740000000000002, 0.41289999999999999, 1.0)	../fonts/amplitud.ttf	upper
1272140285858	1	FR_PRES	10	GOWN	652	1	0	898	(0.57740000000000002, 0.41289999999999999, 1.0)	../fonts/amplitud.ttf	upper
1272140291734	1	REC_START
1272140369344	0	REST
1272140370844	0	DISTRACTOR	11			16000	8
1272140386193	1	FR_PRES	11	PANTHER	1009	1	1	1883	(0.57740000000000002, 0.41289999999999999, 1.0)	../fonts/amplitud.ttf	upper
1272140390160	0	DISTRACTOR	11			16000	8
1272140406258	1	FR_PRES	11	DINOSAUR	469	1	0	1162	(0.57740000000000002, 0.41289999999999999, 1.0)	../fonts/amplitud.ttf	upper
1272140410285	0	DISTRACTOR	11			16000	9
1272140426107	1	FR_PRES	11	TANK	1432	1	0	1201	(0.57740000000000002, 0.41289999999999999, 1.0)	../fonts/amplitud.ttf	upper
1272140429920	0	DISTRACTOR	11			16000	7
1272140446230	1	FR_PRES	11	TRANSPLANT	1496	1	0	2014	(0.57740000000000002, 0.41289999999999999, 1.0)	../fonts/amplitud.ttf	upper
1272140450226	0	DISTRACTOR	11			16000	8
1272140466062	1	FR_PRES	11	AMBULANCE	19	0	1	2046	(0.42259999999999998, 0.58709999999999996, 0)	../fonts/zerothre.ttf	lower
1272140470158	0	DISTRACTOR	11			16000	6
1272140486111	1	FR_PRES	11	PEAR	1033	0	0	1461	(0.42259999999999998, 0.58709999999999996, 0)	../fonts/zerothre.ttf	lower
1272140489941	0	DISTRACTOR	11			16000	5
1272140506034	1	FR_PRES	11	CHERRY	293	0	0	1810	(0.42259999999999998, 0.58709999999999996, 0)	../fonts/zerothre.ttf	lower
1272140510010	0	DISTRACTOR	11			16000	9
1272140525915	1	FR_PRES	11	THUMB	1462	0	0	1361	(0.42259999999999998, 0.58709999999999996, 0)	../fonts/zerothre.ttf	lower
1272140529927	0	DISTRACTOR	11			16000	9
1272140545855	1	FR_PRES	11	BASKET	95	0	0	2100	(0.42259999999999998, 0.58709999999999996, 0)	../fonts/zerothre.ttf	lower
1272140549977	0	DISTRACTOR	11			16000	8
1272140565763	1	FR_PRES	11	ELBOW	520	0	0	1641	(0.42259999999999998, 0.58709999999999996, 0)	../fonts/zerothre.ttf	lower
1272140569734	0	DISTRACTOR	11			16000	8
1272140585612	1	FR_PRES	11	MOUSE	925	1	1	2375	(0.57740000000000002, 0.41289999999999999, 1.0)	../fonts/amplitud.ttf	upper
1272140589649	0	DISTRACTOR	11			16000	5
1272140605444	1	FR_PRES	11	JUG	762	1	0	1704	(0.57740000000000002, 0.41289999999999999, 1.0)	../fonts/amplitud.ttf	upper
1272140609325	0	DISTRACTOR	11			16000	8
1272140625334	1	FR_PRES	11	RIVER	1194	1	0	1549	(0.57740000000000002, 0.41289999999999999, 1.0)	../fonts/amplitud.ttf	upper
1272140629525	0	DISTRACTOR	11			16000	8
1272140645291	1	FR_PRES	11	DART	440	1	0	1769	(0.57740000000000002, 0.41289999999999999, 1.0)	../fonts/amplitud.ttf	upper
1272140649312	0	DISTRACTOR	11			16000	9
1272140665331	1	FR_PRES	11	GUARD	667	0	1	2393	(0.42259999999999998, 0.58709999999999996, 0)	../fonts/zerothre.ttf	lower
1272140669313	0	DISTRACTOR	11			16000	6
1272140685288	1	FR_PRES	11	SHOULDER	1294	0	0	1683	(0.42259999999999998, 0.58709999999999996, 0)	../fonts/zerothre.ttf	lower
1272140689425	0	DISTRACTOR	11			16000	8
1272140706070	1	REC_START
1272140781672	1	REST_REWET
1272141234031	0	MATH_TOTAL_SCORE	434
1272141250197	0	RECOG_START
1272141250197	1	REC_START
1272141250230	0	RECOG_PRES	0	PEANUT	1032	-999	P	2566
1272141253171	0	RECOG_CR_PRES	0	PEANUT	1032	-999	P	752
1272141254388	1	RECOG_FEEDBACK	1
1272141255154	0	RECOG_PRES	0	DIRECTOR	471	-999	P	1466
1272141256995	0	RECOG_CR_PRES	0	DIRECTOR	471	-999	P	425
1272141257771	1	RECOG_FEEDBACK	0
1272141258504	0	RECOG_PRES	0	CROSS	413	-999	P	1132
1272141260012	0	RECOG_CR_PRES	0	CROSS	413	-999	P	616
1272141260961	1	RECOG_FEEDBACK	1
1272141261762	0	RECOG_PRES	0	VAN	1548	-999	P	1066
1272141263204	0	RECOG_CR_PRES	0	VAN	1548	-999	P	464
1272141263986	1	RECOG_FEEDBACK	1
1272141264712	0	RECOG_PRES	0	LUNG	850	-999	P	1132
1272141266212	0	RECOG_CR_PRES	0	LUNG	850	-999	P	432
1272141266977	1	RECOG_FEEDBACK	1
1272141267695	0	RECOG_PRES	0	RAG	1160	-999	P	1029
1272141269095	0	RECOG_CR_PRES	0	RAG	1160	-999	P	469
1272141269894	1	RECOG_FEEDBACK	1
1272141270636	0	RECOG_PRES	0	RAFT	1159	-999	P	1088
1272141272095	0	RECOG_CR_PRES	0	RAFT	1159	-999	P	413
1272141272836	1	RECOG_FEEDBACK	1
1272141273586	0	RECOG_PRES	0	NIECE	952	-999	P	1003
1272141274960	0	RECOG_CR_PRES	0	NIECE	952	-999	P	356
1272141275628	1	RECOG_FEEDBACK	1
1272141276419	0	RECOG_PRES	0	SERVANT	1271	-999	P	1017
1272141277811	0	RECOG_CR_PRES	0	SERVANT	1271	-999	P	425
1272141278544	1	RECOG_FEEDBACK	1
1272141279344	0	RECOG_PRES	0	TONGUE	1479	-999	P	1124
1272141280844	0	RECOG_CR_PRES	0	TONGUE	1479	-999	P	392
1272141281561	1	RECOG_FEEDBACK	1
1272141282286	0	RECOG_PRES	0	BIRD	129	-999	P	982
1272141283644	0	RECOG_CR_PRES	0	BIRD	129	-999	P	456
1272141284419	1	RECOG_FEEDBACK	1
1272141285144	0	RECOG_PRES	0	LOBBY	836	-999	P	1276
1272141286794	0	RECOG_CR_PRES	0	LOBBY	836	-999	P	338
1272141287469	1	RECOG_FEEDBACK	1
1272141288202	0	RECOG_PRES	0	CATHEDRAL	260	-999	P	1122
1272141289693	0	RECOG_CR_PRES	0	CATHEDRAL	260	-999	P	439
1272141290452	1	RECOG_FEEDBACK	1
1272141291218	0	RECOG_PRES	0	COW	393	-999	P	1042
1272141292635	0	RECOG_CR_PRES	0	COW	393	-999	P	441
1272141293410	1	RECOG_FEEDBACK	1
1272141294218	0	RECOG_PRES	0	DART	440	-999	P	954
1272141295543	0	RECOG_CR_PRES	0	DART	440	-999	P	501
1272141296360	1	RECOG_FEEDBACK	1
1272141297093	0	RECOG_PRES	0	HARP	689	-999	P	1071
1272141298534	0	RECOG_CR_PRES	0	HARP	689	-999	P	397
1272141299243	1	RECOG_FEEDBACK	1
1272141300018	0	RECOG_PRES	0	POLYESTER	1100	-999	P	1098
1272141301493	0	RECOG_CR_PRES	0	POLYESTER	1100	-999	P	470
1272141302284	1	RECOG_FEEDBACK	1
1272141303051	0	RECOG_PRES	0	HUT	729	-999	P	1057
1272141304484	0	RECOG_CR_PRES	0	HUT	729	-999	P	479
1272141305292	1	RECOG_FEEDBACK	1
1272141306084	0	RECOG_PRES	0	SEA	1259	-999	P	960
1272141307417	0	RECOG_CR_PRES	0	SEA	1259	-999	P	363
1272141308092	1	RECOG_FEEDBACK	1
1272141308842	0	RECOG_PRES	0	SANDWICH	1232	-999	P	1025
1272141310234	0	RECOG_CR_PRES	0	SANDWICH	1232	-999	P	442
1272141310982	1	RECOG_FEEDBACK	0
1272141316392	0	REST
1272141317326	1	REC_START
1272141317358	0	RECOG_PRES	1	BUBBLE	183	-999	P	1094
1272141318825	0	RECOG_CR_PRES	1	BUBBLE	183	-999	P	515
1272141319666	1	RECOG_FEEDBACK	1
1272141320441	0	RECOG_PRES	1	STEM	1376	-999	P	1075
1272141321890	0	RECOG_CR_PRES	1	STEM	1376	-999	P	458
1272141322691	1	RECOG_FEEDBACK	1
1272141323458	0	RECOG_PRES	1	WINGS	1614	-999	P	1122
1272141324948	0	RECOG_CR_PRES	1	WINGS	1614	-999	P	592
1272141325873	1	RECOG_FEEDBACK	1
1272141326657	0	RECOG_PRES	1	SHIP	1286	-999	P	1202
1272141328224	0	RECOG_CR_PRES	1	SHIP	1286	-999	P	420
1272141328973	1	RECOG_FEEDBACK	1
1272141329682	0	RECOG_PRES	1	WRIST	1626	-999	P	1954
1272141332007	0	RECOG_CR_PRES	1	WRIST	1626	-999	P	413
1272141332774	1	RECOG_FEEDBACK	0
1272141333565	0	RECOG_PRES	1	SENATE	1267	-999	P	1023
1272141334964	0	RECOG_CR_PRES	1	SENATE	1267	-999	P	352
1272141335640	1	RECOG_FEEDBACK	0
1272141336440	0	RECOG_PRES	1	BULLET	194	-999	P	1236
1272141338048	0	RECOG_CR_PRES	1	BULLET	194	-999	P	548
1272141338947	1	RECOG_FEEDBACK	1
1272141339723	0	RECOG_PRES	1	STABLE	1363	-999	P	1313
1272141341406	0	RECOG_CR_PRES	1	STABLE	1363	-999	P	430
1272141342181	1	RECOG_FEEDBACK	1
1272141342888	0	RECOG_PRES	1	WEED	1599	-999	P	1236
1272141344489	0	RECOG_CR_PRES	1	WEED	1599	-999	P	426
1272141345264	1	RECOG_FEEDBACK	0
1272141345988	0	RECOG_PRES	1	TERRITORY	1452	-999	P	1744
1272141348097	0	RECOG_CR_PRES	1	TERRITORY	1452	-999	P	427
1272141348855	1	RECOG_FEEDBACK	1
1272141349631	0	RECOG_PRES	1	MONKEY	911	-999	P	1085
1272141351089	0	RECOG_CR_PRES	1	MONKEY	911	-999	P	443
1272141351847	1	RECOG_FEEDBACK	1
1272141352605	0	RECOG_PRES	1	TUTU	1524	-999	P	1151
1272141354130	0	RECOG_CR_PRES	1	TUTU	1524	-999	P	434
1272141354896	1	RECOG_FEEDBACK	1
1272141355680	0	RECOG_PRES	1	BACKBONE	66	-999	P	1259
1272141357305	0	RECOG_CR_PRES	1	BACKBONE	66	-999	P	459
1272141358097	1	RECOG_FEEDBACK	1
1272141358822	0	RECOG_PRES	1	OWNER	993	-999	P	1182
1272141360380	0	RECOG_CR_PRES	1	OWNER	993	-999	P	471
1272141361180	1	RECOG_FEEDBACK	1
1272141361920	0	RECOG_PRES	1	CHIPMUNK	304	-999	P	1372
1272141363663	0	RECOG_CR_PRES	1	CHIPMUNK	304	-999	P	453
1272141364446	1	RECOG_FEEDBACK	0
1272141365171	0	RECOG_PRES	1	PIGMENT	1066	-999	P	1233
1272141366779	0	RECOG_CR_PRES	1	PIGMENT	1066	-999	P	465
1272141367588	1	RECOG_FEEDBACK	1
1272141368304	0	RECOG_PRES	1	PRODUCER	1129	-999	P	1236
1272141369912	0	RECOG_CR_PRES	1	PRODUCER	1129	-999	P	476
1272141370729	1	RECOG_FEEDBACK	1
1272141371479	0	RECOG_PRES	1	VILLAIN	1567	-999	P	1293
1272141373146	0	RECOG_CR_PRES	1	VILLAIN	1567	-999	P	434
1272141373920	1	RECOG_FEEDBACK	0
1272141374712	0	RECOG_PRES	1	AIRPORT	13	-999	P	1332
1272141376420	0	RECOG_CR_PRES	1	AIRPORT	13	-999	P	447
1272141377204	1	RECOG_FEEDBACK	0
1272141377969	0	RECOG_PRES	1	CHURCH	307	-999	P	1139
1272141379479	0	RECOG_CR_PRES	1	CHURCH	307	-999	P	452
1272141380270	1	RECOG_FEEDBACK	1
1272141382212	0	REST
1272141383241	1	REC_START
1272141383278	0	RECOG_PRES	2	DINOSAUR	469	-999	P	1446
1272141385086	0	RECOG_CR_PRES	2	DINOSAUR	469	-999	P	494
1272141385944	1	RECOG_FEEDBACK	1
1272141386728	0	RECOG_PRES	2	GOOSE	649	-999	P	1580
1272141388670	0	RECOG_CR_PRES	2	GOOSE	649	-999	P	486
1272141389494	1	RECOG_FEEDBACK	0
1272141390278	0	RECOG_PRES	2	YOLK	1633	-999	P	1078
1272141391728	0	RECOG_CR_PRES	2	YOLK	1633	-999	P	516
1272141392569	1	RECOG_FEEDBACK	1
1272141393336	0	RECOG_PRES	2	SALMON	1227	-999	P	972
1272141394677	0	RECOG_CR_PRES	2	SALMON	1227	-999	P	503
1272141395486	1	RECOG_FEEDBACK	1
1272141396269	0	RECOG_PRES	2	COIN	343	-999	P	1223
1272141397868	0	RECOG_CR_PRES	2	COIN	343	-999	P	528
1272141398744	1	RECOG_FEEDBACK	0
1272141399460	0	RECOG_PRES	2	CHILD	299	-999	P	1000
1272141400835	0	RECOG_CR_PRES	2	CHILD	299	-999	P	401
1272141401560	1	RECOG_FEEDBACK	1
1272141402344	0	RECOG_PRES	2	ELK	526	-999	P	1052
1272141403768	0	RECOG_CR_PRES	2	ELK	526	-999	P	516
1272141404602	1	RECOG_FEEDBACK	1
1272141405385	0	RECOG_PRES	2	MONASTERY	907	-999	P	1227
1272141406984	0	RECOG_CR_PRES	2	MONASTERY	907	-999	P	604
1272141407925	1	RECOG_FEEDBACK	1
1272141408693	0	RECOG_PRES	2	BABY	64	-999	P	1055
1272141410118	0	RECOG_CR_PRES	2	BABY	64	-999	P	430
1272141410875	1	RECOG_FEEDBACK	1
1272141411651	0	RECOG_PRES	2	MAYONNAISE	880	-999	P	1553
1272141413576	0	RECOG_CR_PRES	2	MAYONNAISE	880	-999	P	331
1272141414259	1	RECOG_FEEDBACK	0
1272141415009	0	RECOG_PRES	2	LAWYER	806	-999	P	1970
1272141417342	0	RECOG_CR_PRES	2	LAWYER	806	-999	P	414
1272141418109	1	RECOG_FEEDBACK	0
1272141418925	0	RECOG_PRES	2	PLUM	1090	-999	P	903
1272141420201	0	RECOG_CR_PRES	2	PLUM	1090	-999	P	483
1272141421009	1	RECOG_FEEDBACK	1
1272141421775	0	RECOG_PRES	2	HERD	705	-999	P	1269
1272141423417	0	RECOG_CR_PRES	2	HERD	705	-999	P	387
1272141424150	1	RECOG_FEEDBACK	0
1272141424933	0	RECOG_PRES	2	WITNESS	1618	-999	P	1655
1272141426957	0	RECOG_CR_PRES	2	WITNESS	1618	-999	P	503
1272141427817	1	RECOG_FEEDBACK	1
1272141428600	0	RECOG_PRES	2	OUTLAW	989	-999	P	1940
1272141430915	0	RECOG_CR_PRES	2	OUTLAW	989	-999	P	513
1272141431808	1	RECOG_FEEDBACK	1
1272141432583	0	RECOG_PRES	2	SHINGLE	1285	-999	P	1045
1272141433999	0	RECOG_CR_PRES	2	SHINGLE	1285	-999	P	493
1272141434816	1	RECOG_FEEDBACK	1
1272141435524	0	RECOG_PRES	2	DRIVEWAY	500	-999	P	1176
1272141437074	0	RECOG_CR_PRES	2	DRIVEWAY	500	-999	P	458
1272141437865	1	RECOG_FEEDBACK	1
1272141438599	0	RECOG_PRES	2	MAGAZINE	853	-999	P	1045
1272141440007	0	RECOG_CR_PRES	2	MAGAZINE	853	-999	P	509
1272141440849	1	RECOG_FEEDBACK	1
1272141441624	0	RECOG_PRES	2	BURGLAR	200	-999	P	1331
1272141443324	0	RECOG_CR_PRES	2	BURGLAR	200	-999	P	384
1272141444040	1	RECOG_FEEDBACK	1
1272141444815	0	RECOG_PRES	2	MOB	904	-999	P	1213
1272141446399	0	RECOG_CR_PRES	2	MOB	904	-999	P	437
1272141447174	1	RECOG_FEEDBACK	1
1272141449015	0	REST
1272141450120	1	REC_START
1272141450157	0	RECOG_PRES	3	PILL	1068	-999	P	1287
1272141451815	0	RECOG_CR_PRES	3	PILL	1068	-999	P	469
1272141452606	1	RECOG_FEEDBACK	1
1272141453373	0	RECOG_PRES	3	LASH	802	-999	P	1119
1272141454864	0	RECOG_CR_PRES	3	LASH	802	-999	P	500
1272141455690	1	RECOG_FEEDBACK	1
1272141456498	0	RECOG_PRES	3	REEF	1177	-999	P	1194
1272141458064	0	RECOG_CR_PRES	3	REEF	1177	-999	P	604
1272141459006	1	RECOG_FEEDBACK	1
1272141459773	0	RECOG_PRES	3	SERPENT	1270	-999	P	1575
1272141461722	0	RECOG_CR_PRES	3	SERPENT	1270	-999	P	482
1272141462556	1	RECOG_FEEDBACK	1
1272141463356	0	RECOG_PRES	3	FEAST	556	-999	P	1088
1272141464814	0	RECOG_CR_PRES	3	FEAST	556	-999	P	574
1272141465722	1	RECOG_FEEDBACK	1
1272141466522	0	RECOG_PRES	3	COURT	391	-999	P	1778
1272141468672	0	RECOG_CR_PRES	3	COURT	391	-999	P	452
1272141469472	1	RECOG_FEEDBACK	0
1272141470205	0	RECOG_PRES	3	RUBY	1214	-999	P	1423
1272141472005	0	RECOG_CR_PRES	3	RUBY	1214	-999	P	551
1272141472896	1	RECOG_FEEDBACK	1
1272141473655	0	RECOG_PRES	3	PARCEL	1012	-999	P	1284
1272141475305	0	RECOG_CR_PRES	3	PARCEL	1012	-999	P	634
1272141476288	1	RECOG_FEEDBACK	1
1272141477080	0	RECOG_PRES	3	SHRIMP	1297	-999	P	1108
1272141478563	0	RECOG_CR_PRES	3	SHRIMP	1297	-999	P	705
1272141479588	1	RECOG_FEEDBACK	1
1272141480379	0	RECOG_PRES	3	PRIEST	1122	-999	P	1361
1272141482113	0	RECOG_CR_PRES	3	PRIEST	1122	-999	P	531
1272141483013	1	RECOG_FEEDBACK	1
1272141483804	0	RECOG_PRES	3	PERFUME	1049	-999	P	1224
1272141485404	0	RECOG_CR_PRES	3	PERFUME	1049	-999	P	583
1272141486329	1	RECOG_FEEDBACK	1
1272141487104	0	RECOG_PRES	3	FIN	566	-999	P	1300
1272141488779	0	RECOG_CR_PRES	3	FIN	566	-999	P	529
1272141489662	1	RECOG_FEEDBACK	1
1272141490412	0	RECOG_PRES	3	GOWN	652	-999	P	1328
1272141492112	0	RECOG_CR_PRES	3	GOWN	652	-999	P	500
1272141492952	1	RECOG_FEEDBACK	1
1272141493662	0	RECOG_PRES	3	FURNITURE	616	-999	P	1406
1272141495445	0	RECOG_CR_PRES	3	FURNITURE	616	-999	P	518
1272141496303	1	RECOG_FEEDBACK	1
1272141497053	0	RECOG_PRES	3	WAITER	1580	-999	P	1822
1272141499245	0	RECOG_CR_PRES	3	WAITER	1580	-999	P	487
1272141500078	1	RECOG_FEEDBACK	1
1272141500811	0	RECOG_PRES	3	CHAIR	274	-999	P	1769
1272141502952	0	RECOG_CR_PRES	3	CHAIR	274	-999	P	500
1272141503803	1	RECOG_FEEDBACK	1
1272141504536	0	RECOG_PRES	3	DINER	467	-999	P	1260
1272141506169	0	RECOG_CR_PRES	3	DINER	467	-999	P	531
1272141507036	1	RECOG_FEEDBACK	1
1272141507836	0	RECOG_PRES	3	SAW	1239	-999	P	1248
1272141509461	0	RECOG_CR_PRES	3	SAW	1239	-999	P	454
1272141510252	1	RECOG_FEEDBACK	1
1272141511061	0	RECOG_PRES	3	NICKEL	950	-999	P	1063
1272141512485	0	RECOG_CR_PRES	3	NICKEL	950	-999	P	559
1272141513385	1	RECOG_FEEDBACK	1
1272141514119	0	RECOG_PRES	3	BARREL	91	-999	P	1309
1272141515810	0	RECOG_CR_PRES	3	BARREL	91	-999	P	586
1272141516735	1	RECOG_FEEDBACK	1
1272141518618	0	REST
1272141519692	1	REC_START
1272141519727	0	RECOG_PRES	4	THUMB	1462	-999	P	1013
1272141521101	0	RECOG_CR_PRES	4	THUMB	1462	-999	P	455
1272141521884	1	RECOG_FEEDBACK	1
1272141522626	0	RECOG_PRES	4	COOLER	375	-999	P	1074
1272141524076	0	RECOG_CR_PRES	4	COOLER	375	-999	P	520
1272141524917	1	RECOG_FEEDBACK	1
1272141525626	0	RECOG_PRES	4	WALLET	1583	-999	P	1090
1272141527093	0	RECOG_CR_PRES	4	WALLET	1583	-999	P	503
1272141527925	1	RECOG_FEEDBACK	1
1272141528701	0	RECOG_PRES	4	FIDDLE	561	-999	P	1143
1272141530209	0	RECOG_CR_PRES	4	FIDDLE	561	-999	P	539
1272141531101	1	RECOG_FEEDBACK	1
1272141531875	0	RECOG_PRES	4	DIPLOMA	470	-999	P	1032
1272141533276	0	RECOG_CR_PRES	4	DIPLOMA	470	-999	P	544
1272141534150	1	RECOG_FEEDBACK	1
1272141534949	0	RECOG_PRES	4	ROBIN	1199	-999	P	1095
1272141536417	0	RECOG_CR_PRES	4	ROBIN	1199	-999	P	562
1272141537300	1	RECOG_FEEDBACK	1
1272141538034	0	RECOG_PRES	4	COMEDIAN	352	-999	P	994
1272141539400	0	RECOG_CR_PRES	4	COMEDIAN	352	-999	P	507
1272141540208	1	RECOG_FEEDBACK	1
1272141540974	0	RECOG_PRES	4	UNDERWEAR	1537	-999	P	1021
1272141542367	0	RECOG_CR_PRES	4	UNDERWEAR	1537	-999	P	500
1272141543183	1	RECOG_FEEDBACK	1
1272141543924	0	RECOG_PRES	4	HERO	706	-999	P	1184
1272141545483	0	RECOG_CR_PRES	4	HERO	706	-999	P	480
1272141546291	1	RECOG_FEEDBACK	1
1272141547058	0	RECOG_PRES	4	CHERRY	293	-999	P	1058
1272141548491	0	RECOG_CR_PRES	4	CHERRY	293	-999	P	400
1272141549233	1	RECOG_FEEDBACK	1
1272141550024	0	RECOG_PRES	4	PUMP	1141	-999	P	1444
1272141551841	0	RECOG_CR_PRES	4	PUMP	1141	-999	P	491
1272141552682	1	RECOG_FEEDBACK	1
1272141553457	0	RECOG_PRES	4	RAIL	1161	-999	P	1691
1272141555524	0	RECOG_CR_PRES	4	RAIL	1161	-999	P	439
1272141556340	1	RECOG_FEEDBACK	0
1272141557149	0	RECOG_PRES	4	POND	1101	-999	P	1407
1272141558931	0	RECOG_CR_PRES	4	POND	1101	-999	P	633
1272141559914	1	RECOG_FEEDBACK	0
1272141560715	0	RECOG_PRES	4	CACTUS	215	-999	P	1089
1272141562173	0	RECOG_CR_PRES	4	CACTUS	215	-999	P	519
1272141563032	1	RECOG_FEEDBACK	1
1272141563765	0	RECOG_PRES	4	DOCUMENT	479	-999	P	1071
1272141565207	0	RECOG_CR_PRES	4	DOCUMENT	479	-999	P	509
1272141566015	1	RECOG_FEEDBACK	1
1272141566815	0	RECOG_PRES	4	SATURN	1236	-999	P	1366
1272141568556	0	RECOG_CR_PRES	4	SATURN	1236	-999	P	504
1272141569406	1	RECOG_FEEDBACK	0
1272141570123	0	RECOG_PRES	4	CHEEK	287	-999	P	1145
1272141571639	0	RECOG_CR_PRES	4	CHEEK	287	-999	P	605
1272141572589	1	RECOG_FEEDBACK	1
1272141573339	0	RECOG_PRES	4	CAPTAIN	239	-999	P	1073
1272141574781	0	RECOG_CR_PRES	4	CAPTAIN	239	-999	P	583
1272141575697	1	RECOG_FEEDBACK	1
1272141576464	0	RECOG_PRES	4	STADIUM	1364	-999	P	1124
1272141577963	0	RECOG_CR_PRES	4	STADIUM	1364	-999	P	521
1272141578839	1	RECOG_FEEDBACK	1
1272141579580	0	RECOG_PRES	4	SHOULDER	1294	-999	P	1104
1272141581055	0	RECOG_CR_PRES	4	SHOULDER	1294	-999	P	641
1272141582072	1	RECOG_FEEDBACK	1
1272141584239	0	REST
1272141585181	1	REC_START
1272141585213	0	RECOG_PRES	5	SQUID	1361	-999	P	1407
1272141586996	0	RECOG_CR_PRES	5	SQUID	1361	-999	P	464
1272141587797	1	RECOG_FEEDBACK	0
1272141588513	0	RECOG_PRES	5	FENCE	560	-999	P	1139
1272141590021	0	RECOG_CR_PRES	5	FENCE	560	-999	P	431
1272141590763	1	RECOG_FEEDBACK	1
1272141591513	0	RECOG_PRES	5	BOUILLON	154	-999	P	1107
1272141592995	0	RECOG_CR_PRES	5	BOUILLON	154	-999	P	481
1272141593796	1	RECOG_FEEDBACK	1
1272141594513	0	RECOG_PRES	5	FLORIDA	582	-999	P	1426
1272141596304	0	RECOG_CR_PRES	5	FLORIDA	582	-999	P	492
1272141597138	1	RECOG_FEEDBACK	1
1272141597936	0	RECOG_PRES	5	AGENT	10	-999	P	1043
1272141599346	0	RECOG_CR_PRES	5	AGENT	10	-999	P	418
1272141600104	1	RECOG_FEEDBACK	1
1272141600895	0	RECOG_PRES	5	TENT	1449	-999	P	1453
1272141602720	0	RECOG_CR_PRES	5	TENT	1449	-999	P	388
1272141603445	1	RECOG_FEEDBACK	0
1272141604162	0	RECOG_PRES	5	BUNNY	198	-999	P	994
1272141605529	0	RECOG_CR_PRES	5	BUNNY	198	-999	P	539
1272141606379	1	RECOG_FEEDBACK	1
1272141607120	0	RECOG_PRES	5	SWATTER	1418	-999	P	1404
1272141608894	0	RECOG_CR_PRES	5	SWATTER	1418	-999	P	478
1272141609737	1	RECOG_FEEDBACK	1
1272141610462	0	RECOG_PRES	5	TRIGGER	1507	-999	P	1646
1272141612478	0	RECOG_CR_PRES	5	TRIGGER	1507	-999	P	421
1272141613253	1	RECOG_FEEDBACK	1
1272141614053	0	RECOG_PRES	5	TAXI	1438	-999	P	1295
1272141615720	0	RECOG_CR_PRES	5	TAXI	1438	-999	P	469
1272141616528	1	RECOG_FEEDBACK	1
1272141617328	0	RECOG_PRES	5	ANTEATER	26	-999	P	1164
1272141618860	0	RECOG_CR_PRES	5	ANTEATER	26	-999	P	552
1272141619753	1	RECOG_FEEDBACK	1
1272141620561	0	RECOG_PRES	5	CROW	414	-999	P	851
1272141621777	0	RECOG_CR_PRES	5	CROW	414	-999	P	643
1272141622719	1	RECOG_FEEDBACK	1
1272141623452	0	RECOG_PRES	5	CLAM	315	-999	P	1288
1272141625111	0	RECOG_CR_PRES	5	CLAM	315	-999	P	565
1272141626019	1	RECOG_FEEDBACK	1
1272141626760	0	RECOG_PRES	5	SKILLET	1317	-999	P	1227
1272141628360	0	RECOG_CR_PRES	5	SKILLET	1317	-999	P	484
1272141629177	1	RECOG_FEEDBACK	0
1272141629967	0	RECOG_PRES	5	TUBA	1515	-999	P	1357
1272141631693	0	RECOG_CR_PRES	5	TUBA	1515	-999	P	1151
1272141633193	1	RECOG_FEEDBACK	0
1272141633967	0	RECOG_PRES	5	BRANDY	169	-999	P	964
1272141635293	0	RECOG_CR_PRES	5	BRANDY	169	-999	P	614
1272141636251	1	RECOG_FEEDBACK	1
1272141637035	0	RECOG_PRES	5	RACCOON	1153	-999	P	1057
1272141638468	0	RECOG_CR_PRES	5	RACCOON	1153	-999	P	576
1272141639384	1	RECOG_FEEDBACK	1
1272141640109	0	RECOG_PRES	5	CARDINAL	244	-999	P	1271
1272141641751	0	RECOG_CR_PRES	5	CARDINAL	244	-999	P	501
1272141642593	1	RECOG_FEEDBACK	1
1272141643376	0	RECOG_PRES	5	ATLAS	53	-999	P	1100
1272141644850	0	RECOG_CR_PRES	5	ATLAS	53	-999	P	498
1272141645676	1	RECOG_FEEDBACK	1
1272141646459	0	RECOG_PRES	5	MERMAID	887	-999	P	1193
1272141648025	0	RECOG_CR_PRES	5	MERMAID	887	-999	P	563
1272141648933	1	RECOG_FEEDBACK	1
1272141650759	0	REST
1272141651643	1	REC_START
1272141651675	0	RECOG_PRES	6	BULL	193	-999	P	1009
1272141653058	0	RECOG_CR_PRES	6	BULL	193	-999	P	434
1272141653825	1	RECOG_FEEDBACK	1
1272141654583	0	RECOG_PRES	6	TEA	1439	-999	P	1077
1272141656033	0	RECOG_CR_PRES	6	TEA	1439	-999	P	499
1272141656865	1	RECOG_FEEDBACK	1
1272141657583	0	RECOG_PRES	6	TOWEL	1489	-999	P	965
1272141658924	0	RECOG_CR_PRES	6	TOWEL	1489	-999	P	456
1272141659691	1	RECOG_FEEDBACK	0
1272141660458	0	RECOG_PRES	6	PASTA	1021	-999	P	1082
1272141661915	0	RECOG_CR_PRES	6	PASTA	1021	-999	P	505
1272141662758	1	RECOG_FEEDBACK	1
1272141663499	0	RECOG_PRES	6	ELBOW	520	-999	P	945
1272141664816	0	RECOG_CR_PRES	6	ELBOW	520	-999	P	556
1272141665682	1	RECOG_FEEDBACK	1
1272141666399	0	RECOG_PRES	6	HOUND	724	-999	P	1596
1272141668366	0	RECOG_CR_PRES	6	HOUND	724	-999	P	446
1272141669157	1	RECOG_FEEDBACK	1
1272141669931	0	RECOG_PRES	6	CRUMB	416	-999	P	1016
1272141671315	0	RECOG_CR_PRES	6	CRUMB	416	-999	P	521
1272141672149	1	RECOG_FEEDBACK	1
1272141672898	0	RECOG_PRES	6	SCARECROW	1245	-999	P	1097
1272141674365	0	RECOG_CR_PRES	6	SCARECROW	1245	-999	P	526
1272141675232	1	RECOG_FEEDBACK	1
1272141675981	0	RECOG_PRES	6	CANE	231	-999	P	1998
1272141678348	0	RECOG_CR_PRES	6	CANE	231	-999	P	519
1272141679232	1	RECOG_FEEDBACK	1
1272141680023	0	RECOG_PRES	6	VITAMIN	1574	-999	P	1085
1272141681481	0	RECOG_CR_PRES	6	VITAMIN	1574	-999	P	539
1272141682340	1	RECOG_FEEDBACK	1
1272141683140	0	RECOG_PRES	6	ROBOT	1200	-999	P	1296
1272141684806	0	RECOG_CR_PRES	6	ROBOT	1200	-999	P	502
1272141685656	1	RECOG_FEEDBACK	1
1272141686423	0	RECOG_PRES	6	TOE	1473	-999	P	1125
1272141687922	0	RECOG_CR_PRES	6	TOE	1473	-999	P	522
1272141688764	1	RECOG_FEEDBACK	1
1272141689472	0	RECOG_PRES	6	PENCIL	1042	-999	P	1188
1272141691031	0	RECOG_CR_PRES	6	PENCIL	1042	-999	P	501
1272141691863	1	RECOG_FEEDBACK	1
1272141692589	0	RECOG_PRES	6	COUGAR	387	-999	P	1535
1272141694497	0	RECOG_CR_PRES	6	COUGAR	387	-999	P	434
1272141695297	1	RECOG_FEEDBACK	0
1272141696055	0	RECOG_PRES	6	SIREN	1310	-999	P	1373
1272141697805	0	RECOG_CR_PRES	6	SIREN	1310	-999	P	479
1272141698630	1	RECOG_FEEDBACK	1
1272141699388	0	RECOG_PRES	6	TOTE	1487	-999	P	1776
1272141701538	0	RECOG_CR_PRES	6	TOTE	1487	-999	P	449
1272141702363	1	RECOG_FEEDBACK	0
1272141703130	0	RECOG_PRES	6	BOOT	150	-999	P	1434
1272141704937	0	RECOG_CR_PRES	6	BOOT	150	-999	P	571
1272141705862	1	RECOG_FEEDBACK	1
1272141706580	0	RECOG_PRES	6	EUROPE	541	-999	P	984
1272141707937	0	RECOG_CR_PRES	6	EUROPE	541	-999	P	715
1272141708953	1	RECOG_FEEDBACK	1
1272141709663	0	RECOG_PRES	6	OTTER	986	-999	P	1053
1272141711088	0	RECOG_CR_PRES	6	OTTER	986	-999	P	692
1272141712104	1	RECOG_FEEDBACK	1
1272141712837	0	RECOG_PRES	6	TUBE	1516	-999	P	1375
1272141714587	0	RECOG_CR_PRES	6	TUBE	1516	-999	P	545
1272141715504	1	RECOG_FEEDBACK	1
1272141717196	0	REST
1272141718270	1	REC_START
1272141718304	0	RECOG_PRES	7	ROOSTER	1209	-999	P	1316
1272141719994	0	RECOG_CR_PRES	7	ROOSTER	1209	-999	P	642
1272141720994	1	RECOG_FEEDBACK	1
1272141721770	0	RECOG_PRES	7	DIAPER	459	-999	P	1434
1272141723578	0	RECOG_CR_PRES	7	DIAPER	459	-999	P	730
1272141724645	1	RECOG_FEEDBACK	1
1272141725403	0	RECOG_PRES	7	BALL	73	-999	P	1281
1272141727053	0	RECOG_CR_PRES	7	BALL	73	-999	P	479
1272141727877	1	RECOG_FEEDBACK	1
1272141728661	0	RECOG_PRES	7	APPENDAGE	32	-999	P	1127
1272141730161	0	RECOG_CR_PRES	7	APPENDAGE	32	-999	P	499
1272141730985	1	RECOG_FEEDBACK	1
1272141731736	0	RECOG_PRES	7	PORCUPINE	1107	-999	P	1171
1272141733269	0	RECOG_CR_PRES	7	PORCUPINE	1107	-999	P	598
1272141734194	1	RECOG_FEEDBACK	1
1272141734918	0	RECOG_PRES	7	PICNIC	1060	-999	P	1398
1272141736686	0	RECOG_CR_PRES	7	PICNIC	1060	-999	P	622
1272141737644	1	RECOG_FEEDBACK	1
1272141738427	0	RECOG_PRES	7	ORANGE	980	-999	P	1929
1272141740727	0	RECOG_CR_PRES	7	ORANGE	980	-999	P	421
1272141741502	1	RECOG_FEEDBACK	0
1272141742252	0	RECOG_PRES	7	BRAN	167	-999	P	1432
1272141744060	0	RECOG_CR_PRES	7	BRAN	167	-999	P	440
1272141744851	1	RECOG_FEEDBACK	1
1272141745618	0	RECOG_PRES	7	FOLLOWER	589	-999	P	1305
1272141747285	0	RECOG_CR_PRES	7	FOLLOWER	589	-999	P	495
1272141748101	1	RECOG_FEEDBACK	1
1272141748818	0	RECOG_PRES	7	TROUT	1511	-999	P	1081
1272141750268	0	RECOG_CR_PRES	7	TROUT	1511	-999	P	560
1272141751168	1	RECOG_FEEDBACK	1
1272141751975	0	RECOG_PRES	7	SALESMAN	1225	-999	P	1237
1272141753584	0	RECOG_CR_PRES	7	SALESMAN	1225	-999	P	556
1272141754484	1	RECOG_FEEDBACK	1
1272141755201	0	RECOG_PRES	7	ROOT	1210	-999	P	1722
1272141757292	0	RECOG_CR_PRES	7	ROOT	1210	-999	P	512
1272141758151	1	RECOG_FEEDBACK	1
1272141758941	0	RECOG_PRES	7	CORN	381	-999	P	1071
1272141760384	0	RECOG_CR_PRES	7	CORN	381	-999	P	628
1272141761326	1	RECOG_FEEDBACK	1
1272141762092	0	RECOG_PRES	7	DOLPHIN	483	-999	P	1152
1272141763617	0	RECOG_CR_PRES	7	DOLPHIN	483	-999	P	483
1272141764425	1	RECOG_FEEDBACK	1
1272141765167	0	RECOG_PRES	7	MOTOR	922	-999	P	1229
1272141766758	0	RECOG_CR_PRES	7	MOTOR	922	-999	P	518
1272141767617	1	RECOG_FEEDBACK	1
1272141768392	0	RECOG_PRES	7	ICE	730	-999	P	1380
1272141770142	0	RECOG_CR_PRES	7	ICE	730	-999	P	870
1272141771350	1	RECOG_FEEDBACK	0
1272141772075	0	RECOG_PRES	7	BANDIT	81	-999	P	1113
1272141773558	0	RECOG_CR_PRES	7	BANDIT	81	-999	P	421
1272141774300	1	RECOG_FEEDBACK	1
1272141775075	0	RECOG_PRES	7	SPIT	1354	-999	P	1041
1272141776491	0	RECOG_CR_PRES	7	SPIT	1354	-999	P	497
1272141777308	1	RECOG_FEEDBACK	1
1272141778091	0	RECOG_PRES	7	PENNY	1045	-999	P	1321
1272141779783	0	RECOG_CR_PRES	7	PENNY	1045	-999	P	525
1272141780657	1	RECOG_FEEDBACK	1
1272141781457	0	RECOG_PRES	7	JELLO	754	-999	P	1051
1272141782881	0	RECOG_CR_PRES	7	JELLO	754	-999	P	475
1272141783682	1	RECOG_FEEDBACK	1
1272141785249	0	REST
1272141786263	1	REC_START
1272141786299	0	RECOG_PRES	8	SQUIRREL	1362	-999	P	1145
1272141787815	0	RECOG_CR_PRES	8	SQUIRREL	1362	-999	P	381
1272141788532	1	RECOG_FEEDBACK	1
1272141789315	0	RECOG_PRES	8	AMBULANCE	19	-999	P	1057
1272141790748	0	RECOG_CR_PRES	8	AMBULANCE	19	-999	P	416
1272141791498	1	RECOG_FEEDBACK	1
1272141792223	0	RECOG_PRES	8	FOOTBALL	591	-999	P	1589
1272141794181	0	RECOG_CR_PRES	8	FOOTBALL	591	-999	P	471
1272141795006	1	RECOG_FEEDBACK	1
1272141795740	0	RECOG_PRES	8	BOTTLE	153	-999	P	1104
1272141797206	0	RECOG_CR_PRES	8	BOTTLE	153	-999	P	1006
1272141798531	1	RECOG_FEEDBACK	1
1272141799256	0	RECOG_PRES	8	RIVER	1194	-999	P	1172
1272141800798	0	RECOG_CR_PRES	8	RIVER	1194	-999	P	430
1272141801556	1	RECOG_FEEDBACK	1
1272141802297	0	RECOG_PRES	8	COCKTAIL	338	-999	P	1411
1272141804072	0	RECOG_CR_PRES	8	COCKTAIL	338	-999	P	524
1272141804946	1	RECOG_FEEDBACK	1
1272141805689	0	RECOG_PRES	8	LIPSTICK	829	-999	P	1363
1272141807422	0	RECOG_CR_PRES	8	LIPSTICK	829	-999	P	509
1272141808297	1	RECOG_FEEDBACK	1
1272141809089	0	RECOG_PRES	8	COUCH	386	-999	P	1243
1272141810705	0	RECOG_CR_PRES	8	COUCH	386	-999	P	642
1272141811730	1	RECOG_FEEDBACK	0
1272141812513	0	RECOG_PRES	8	RIDER	1191	-999	P	1067
1272141813954	0	RECOG_CR_PRES	8	RIDER	1191	-999	P	602
1272141814887	1	RECOG_FEEDBACK	1
1272141815605	0	RECOG_PRES	8	HAYSTACK	694	-999	P	1487
1272141817463	0	RECOG_CR_PRES	8	HAYSTACK	694	-999	P	557
1272141818388	1	RECOG_FEEDBACK	1
1272141819180	0	RECOG_PRES	8	VELVET	1555	-999	P	1152
1272141820704	0	RECOG_CR_PRES	8	VELVET	1555	-999	P	588
1272141821654	1	RECOG_FEEDBACK	1
1272141822446	0	RECOG_PRES	8	ROBBER	1197	-999	P	1094
1272141823912	0	RECOG_CR_PRES	8	ROBBER	1197	-999	P	484
1272141824738	1	RECOG_FEEDBACK	1
1272141825521	0	RECOG_PRES	8	DENIM	446	-999	P	1563
1272141827454	0	RECOG_CR_PRES	8	DENIM	446	-999	P	374
1272141828171	1	RECOG_FEEDBACK	1
1272141828936	0	RECOG_PRES	8	LOOP	844	-999	P	1812
1272141831120	0	RECOG_CR_PRES	8	LOOP	844	-999	P	572
1272141832045	1	RECOG_FEEDBACK	1
1272141832787	0	RECOG_PRES	8	CATTLE	261	-999	P	1096
1272141834245	0	RECOG_CR_PRES	8	CATTLE	261	-999	P	648
1272141835262	1	RECOG_FEEDBACK	1
1272141836012	0	RECOG_PRES	8	ARENA	37	-999	P	1208
1272141837595	0	RECOG_CR_PRES	8	ARENA	37	-999	P	641
1272141838612	1	RECOG_FEEDBACK	1
1272141839411	0	RECOG_PRES	8	GRAVE	658	-999	P	1217
1272141841003	0	RECOG_CR_PRES	8	GRAVE	658	-999	P	593
1272141841935	1	RECOG_FEEDBACK	1
1272141842711	0	RECOG_PRES	8	CANAL	226	-999	P	1085
1272141844169	0	RECOG_CR_PRES	8	CANAL	226	-999	P	563
1272141845061	1	RECOG_FEEDBACK	0
1272141845836	0	RECOG_PRES	8	PUCK	1138	-999	P	1047
1272141847253	0	RECOG_CR_PRES	8	PUCK	1138	-999	P	511
1272141848094	1	RECOG_FEEDBACK	1
1272141848876	0	RECOG_PRES	8	POTATO	1115	-999	P	1152
1272141850402	0	RECOG_CR_PRES	8	POTATO	1115	-999	P	481
1272141851227	1	RECOG_FEEDBACK	1
1272141852511	0	REST
1272141853385	1	REC_START
1272141853419	0	RECOG_PRES	9	PUBLISHER	1137	-999	P	1049
1272141854844	0	RECOG_CR_PRES	9	PUBLISHER	1137	-999	P	464
1272141855627	1	RECOG_FEEDBACK	0
1272141856377	0	RECOG_PRES	9	ORCHID	982	-999	P	1155
1272141857901	0	RECOG_CR_PRES	9	ORCHID	982	-999	P	583
1272141858835	1	RECOG_FEEDBACK	1
1272141859627	0	RECOG_PRES	9	MOUNTAIN	924	-999	P	1633
1272141861635	0	RECOG_CR_PRES	9	MOUNTAIN	924	-999	P	393
1272141862393	1	RECOG_FEEDBACK	1
1272141863160	0	RECOG_PRES	9	VINE	1568	-999	P	1060
1272141864593	0	RECOG_CR_PRES	9	VINE	1568	-999	P	547
1272141865468	1	RECOG_FEEDBACK	1
1272141866235	0	RECOG_PRES	9	SCOTCH	1251	-999	P	1385
1272141867992	0	RECOG_CR_PRES	9	SCOTCH	1251	-999	P	564
1272141868892	1	RECOG_FEEDBACK	1
1272141869684	0	RECOG_PRES	9	SUBWAY	1400	-999	P	1287
1272141871334	0	RECOG_CR_PRES	9	SUBWAY	1400	-999	P	454
1272141872117	1	RECOG_FEEDBACK	1
1272141872826	0	RECOG_PRES	9	MEDAL	885	-999	P	1137
1272141874326	0	RECOG_CR_PRES	9	MEDAL	885	-999	P	454
1272141875117	1	RECOG_FEEDBACK	1
1272141875916	0	RECOG_PRES	9	DIAGRAM	456	-999	P	1704
1272141877991	0	RECOG_CR_PRES	9	DIAGRAM	456	-999	P	413
1272141878767	1	RECOG_FEEDBACK	1
1272141879542	0	RECOG_PRES	9	HAMMER	680	-999	P	1214
1272141881125	0	RECOG_CR_PRES	9	HAMMER	680	-999	P	487
1272141881957	1	RECOG_FEEDBACK	1
1272141882725	0	RECOG_PRES	9	GRASS	655	-999	P	1095
1272141884191	0	RECOG_CR_PRES	9	GRASS	655	-999	P	477
1272141885025	1	RECOG_FEEDBACK	1
1272141885825	0	RECOG_PRES	9	MOTHER	921	-999	P	1170
1272141887366	0	RECOG_CR_PRES	9	MOTHER	921	-999	P	621
1272141888325	1	RECOG_FEEDBACK	0
1272141889075	0	RECOG_PRES	9	GIRAFFE	636	-999	P	1233
1272141890674	0	RECOG_CR_PRES	9	GIRAFFE	636	-999	P	626
1272141891641	1	RECOG_FEEDBACK	1
1272141892441	0	RECOG_PRES	9	TOURIST	1488	-999	P	1155
1272141893965	0	RECOG_CR_PRES	9	TOURIST	1488	-999	P	415
1272141894707	1	RECOG_FEEDBACK	1
1272141895441	0	RECOG_PRES	9	PRAIRIE	1118	-999	P	1339
1272141897149	0	RECOG_CR_PRES	9	PRAIRIE	1118	-999	P	551
1272141898066	1	RECOG_FEEDBACK	1
1272141898864	0	RECOG_PRES	9	SWEATER	1419	-999	P	1540
1272141900774	0	RECOG_CR_PRES	9	SWEATER	1419	-999	P	406
1272141901524	1	RECOG_FEEDBACK	1
1272141902282	0	RECOG_PRES	9	PLAID	1080	-999	P	1266
1272141903922	0	RECOG_CR_PRES	9	PLAID	1080	-999	P	442
1272141904715	1	RECOG_FEEDBACK	1
1272141905507	0	RECOG_PRES	9	TAIL	1430	-999	P	1585
1272141907465	0	RECOG_CR_PRES	9	TAIL	1430	-999	P	490
1272141908315	1	RECOG_FEEDBACK	1
1272141909073	0	RECOG_PRES	9	FREEZER	604	-999	P	1075
1272141910523	0	RECOG_CR_PRES	9	FREEZER	604	-999	P	513
1272141911364	1	RECOG_FEEDBACK	1
1272141912089	0	RECOG_PRES	9	BLOSSOM	138	-999	P	1523
1272141913980	0	RECOG_CR_PRES	9	BLOSSOM	138	-999	P	424
1272141914748	1	RECOG_FEEDBACK	0
1272141915481	0	RECOG_PRES	9	PADDLE	1000	-999	P	1283
1272141917139	0	RECOG_CR_PRES	9	PADDLE	1000	-999	P	513
1272141918006	1	RECOG_FEEDBACK	0
1272141919456	0	REST
1272141920379	1	REC_START
1272141920414	0	RECOG_PRES	10	FAUCET	555	-999	P	1142
1272141921929	0	RECOG_CR_PRES	10	FAUCET	555	-999	P	883
1272141923139	1	RECOG_FEEDBACK	0
1272141923896	0	RECOG_PRES	10	APE	31	-999	P	1252
1272141925522	0	RECOG_CR_PRES	10	APE	31	-999	P	482
1272141926347	1	RECOG_FEEDBACK	1
1272141927105	0	RECOG_PRES	10	PASSAGE	1019	-999	P	1635
1272141929113	0	RECOG_CR_PRES	10	PASSAGE	1019	-999	P	579
1272141930047	1	RECOG_FEEDBACK	0
1272141930838	0	RECOG_PRES	10	RECORD	1176	-999	P	1262
1272141932471	0	RECOG_CR_PRES	10	RECORD	1176	-999	P	709
1272141933530	1	RECOG_FEEDBACK	1
1272141934313	0	RECOG_PRES	10	PICKLE	1059	-999	P	1091
1272141935779	0	RECOG_CR_PRES	10	PICKLE	1059	-999	P	433
1272141936554	1	RECOG_FEEDBACK	1
1272141937329	0	RECOG_PRES	10	FACE	547	-999	P	1035
1272141938737	0	RECOG_CR_PRES	10	FACE	547	-999	P	539
1272141939604	1	RECOG_FEEDBACK	1
1272141940354	0	RECOG_PRES	10	STAMP	1370	-999	P	1210
1272141941936	0	RECOG_CR_PRES	10	STAMP	1370	-999	P	540
1272141942804	1	RECOG_FEEDBACK	0
1272141943612	0	RECOG_PRES	10	SPIDER	1351	-999	P	1096
1272141945070	0	RECOG_CR_PRES	10	SPIDER	1351	-999	P	622
1272141946037	1	RECOG_FEEDBACK	1
1272141946754	0	RECOG_PRES	10	COMMANDER	354	-999	P	1010
1272141948137	0	RECOG_CR_PRES	10	COMMANDER	354	-999	P	555
1272141949012	1	RECOG_FEEDBACK	1
1272141949753	0	RECOG_PRES	10	SURGEON	1413	-999	P	1491
1272141951620	0	RECOG_CR_PRES	10	SURGEON	1413	-999	P	592
1272141952553	1	RECOG_FEEDBACK	1
1272141953303	0	RECOG_PRES	10	HAWK	692	-999	P	1173
1272141954852	0	RECOG_CR_PRES	10	HAWK	692	-999	P	560
1272141955753	1	RECOG_FEEDBACK	1
1272141956511	0	RECOG_PRES	10	ESCALATOR	539	-999	P	1237
1272141958119	0	RECOG_CR_PRES	10	ESCALATOR	539	-999	P	461
1272141958918	1	RECOG_FEEDBACK	1
1272141959644	0	RECOG_PRES	10	TERMITE	1451	-999	P	1056
1272141961069	0	RECOG_CR_PRES	10	TERMITE	1451	-999	P	599
1272141962002	1	RECOG_FEEDBACK	1
1272141962711	0	RECOG_PRES	10	ASSISTANT	48	-999	P	1109
1272141964194	0	RECOG_CR_PRES	10	ASSISTANT	48	-999	P	418
1272141964943	1	RECOG_FEEDBACK	1
1272141965735	0	RECOG_PRES	10	TREAD	1499	-999	P	1469
1272141967577	0	RECOG_CR_PRES	10	TREAD	1499	-999	P	483
1272141968394	1	RECOG_FEEDBACK	1
1272141969135	0	RECOG_PRES	10	PRISON	1127	-999	P	1157
1272141970669	0	RECOG_CR_PRES	10	PRISON	1127	-999	P	575
1272141971568	1	RECOG_FEEDBACK	0
1272141972302	0	RECOG_PRES	10	CASHIER	254	-999	P	1398
1272141974077	0	RECOG_CR_PRES	10	CASHIER	254	-999	P	551
1272141974976	1	RECOG_FEEDBACK	0
1272141975776	0	RECOG_PRES	10	HOSPITAL	721	-999	P	1260
1272141977410	0	RECOG_CR_PRES	10	HOSPITAL	721	-999	P	641
1272141978426	1	RECOG_FEEDBACK	1
1272141979185	0	RECOG_PRES	10	ZUCCHINI	1638	-999	P	1123
1272141980684	0	RECOG_CR_PRES	10	ZUCCHINI	1638	-999	P	512
1272141981543	1	RECOG_FEEDBACK	1
1272141982351	0	RECOG_PRES	10	PORK	1108	-999	P	1333
1272141984059	0	RECOG_CR_PRES	10	PORK	1108	-999	P	577
1272141984983	1	RECOG_FEEDBACK	0
1272141986567	0	REST
1272141987495	1	REC_START
1272141987534	0	RECOG_PRES	11	FREEWAY	603	-999	P	1646
1272141989550	0	RECOG_CR_PRES	11	FREEWAY	603	-999	P	454
1272141990359	1	RECOG_FEEDBACK	1
1272141991142	0	RECOG_PRES	11	CASHEW	253	-999	P	2270
1272141993784	0	RECOG_CR_PRES	11	CASHEW	253	-999	P	484
1272141994708	1	RECOG_FEEDBACK	1
1272141995475	0	RECOG_PRES	11	CYCLONE	431	-999	P	1097
1272141996941	0	RECOG_CR_PRES	11	CYCLONE	431	-999	P	519
1272141997792	1	RECOG_FEEDBACK	1
1272141998541	0	RECOG_PRES	11	RUM	1217	-999	P	1087
1272141999999	0	RECOG_CR_PRES	11	RUM	1217	-999	P	642
1272142000999	1	RECOG_FEEDBACK	1
1272142001750	0	RECOG_PRES	11	KEG	770	-999	P	1109
1272142003224	0	RECOG_CR_PRES	11	KEG	770	-999	P	635
1272142004199	1	RECOG_FEEDBACK	1
1272142004957	0	RECOG_PRES	11	RAM	1165	-999	P	1071
1272142006399	0	RECOG_CR_PRES	11	RAM	1165	-999	P	605
1272142007332	1	RECOG_FEEDBACK	1
1272142008124	0	RECOG_PRES	11	CHEST	295	-999	P	1120
1272142009616	0	RECOG_CR_PRES	11	CHEST	295	-999	P	796
1272142010766	1	RECOG_FEEDBACK	1
1272142011490	0	RECOG_PRES	11	SHOE	1288	-999	P	1090
1272142012956	0	RECOG_CR_PRES	11	SHOE	1288	-999	P	560
1272142013864	1	RECOG_FEEDBACK	1
1272142014632	0	RECOG_PRES	11	MINER	896	-999	P	1180
1272142016182	0	RECOG_CR_PRES	11	MINER	896	-999	P	558
1272142017090	1	RECOG_FEEDBACK	1
1272142017872	0	RECOG_PRES	11	PERMIT	1051	-999	P	1677
1272142019922	0	RECOG_CR_PRES	11	PERMIT	1051	-999	P	642
1272142020947	1	RECOG_FEEDBACK	1
1272142021756	0	RECOG_PRES	11	OYSTER	995	-999	P	1248
1272142023373	0	RECOG_CR_PRES	11	OYSTER	995	-999	P	518
1272142024223	1	RECOG_FEEDBACK	1
1272142025023	0	RECOG_PRES	11	STICKER	1382	-999	P	1253
1272142026639	0	RECOG_CR_PRES	11	STICKER	1382	-999	P	573
1272142027556	1	RECOG_FEEDBACK	1
1272142028298	0	RECOG_PRES	11	LITTER	832	-999	P	1050
1272142029723	0	RECOG_CR_PRES	11	LITTER	832	-999	P	640
1272142030714	1	RECOG_FEEDBACK	1
1272142031439	0	RECOG_PRES	11	COLESLAW	344	-999	P	1061
1272142032871	0	RECOG_CR_PRES	11	COLESLAW	344	-999	P	642
1272142033855	1	RECOG_FEEDBACK	1
1272142034597	0	RECOG_PRES	11	POLICE	1098	-999	P	1286
1272142036247	0	RECOG_CR_PRES	11	POLICE	1098	-999	P	533
1272142037130	1	RECOG_FEEDBACK	1
1272142037888	0	RECOG_PRES	11	JUG	762	-999	P	1708
1272142039971	0	RECOG_CR_PRES	11	JUG	762	-999	P	497
1272142040830	1	RECOG_FEEDBACK	1
1272142041580	0	RECOG_PRES	11	TELESCOPE	1446	-999	P	1152
1272142043105	0	RECOG_CR_PRES	11	TELESCOPE	1446	-999	P	723
1272142044163	1	RECOG_FEEDBACK	1
1272142044937	0	RECOG_PRES	11	BUSH	202	-999	P	1107
1272142046413	0	RECOG_CR_PRES	11	BUSH	202	-999	P	510
1272142047263	1	RECOG_FEEDBACK	1
1272142048055	0	RECOG_PRES	11	SKELETON	1314	-999	P	1133
1272142049563	0	RECOG_CR_PRES	11	SKELETON	1314	-999	P	1009
1272142050903	1	RECOG_FEEDBACK	1
1272142051671	0	RECOG_PRES	11	JOINT	758	-999	P	1149
1272142053196	0	RECOG_CR_PRES	11	JOINT	758	-999	P	520
1272142054062	1	RECOG_FEEDBACK	1
1272142054838	0	RECOG_END
1272142059853	0	SESS_END
1272142059894	0	E	Logging Ends
