1269453001235	0	B	Logging Begins
1269453001235	0	SESS_START	10
1269453112013	1	FR_PRES	0	CACTUS	215	1	1	1367	(0.57740000000000002, 0.41289999999999999, 1.0)	../fonts/amplitud.ttf	upper
1269453116154	1	FR_PRES	0	OUTDOORS	987	1	0	1130	(0.57740000000000002, 0.41289999999999999, 1.0)	../fonts/amplitud.ttf	upper
1269453120021	1	FR_PRES	0	MONUMENT	913	0	1	1111	(0.42259999999999998, 0.58709999999999996, 0)	../fonts/zerothre.ttf	lower
1269453124086	1	FR_PRES	0	MARSH	874	0	1	1166	(0.42259999999999998, 0.58709999999999996, 0)	../fonts/zerothre.ttf	lower
1269453128103	1	FR_PRES	0	PAIL	1002	0	1	1365	(0.42259999999999998, 0.58709999999999996, 0)	../fonts/zerothre.ttf	lower
1269453132052	1	FR_PRES	0	PREACHER	1119	0	1	1096	(0.42259999999999998, 0.58709999999999996, 0)	../fonts/zerothre.ttf	lower
1269453136219	1	FR_PRES	0	ICING	732	0	0	1145	(0.42259999999999998, 0.58709999999999996, 0)	../fonts/zerothre.ttf	lower
1269453140043	1	FR_PRES	0	FLOUR	583	0	0	962	(0.42259999999999998, 0.58709999999999996, 0)	../fonts/zerothre.ttf	lower
1269453143860	1	FR_PRES	0	MOAT	903	1	0	1400	(0.57740000000000002, 0.41289999999999999, 1.0)	../fonts/amplitud.ttf	upper
1269453147768	1	FR_PRES	0	PEOPLE	1046	1	0	1299	(0.57740000000000002, 0.41289999999999999, 1.0)	../fonts/amplitud.ttf	upper
1269453151593	1	FR_PRES	0	FRIAR	605	1	1	1099	(0.57740000000000002, 0.41289999999999999, 1.0)	../fonts/amplitud.ttf	upper
1269453155609	1	FR_PRES	0	BROCCOLI	176	1	1	1603	(0.57740000000000002, 0.41289999999999999, 1.0)	../fonts/amplitud.ttf	upper
1269453159425	1	FR_PRES	0	CAKE	219	0	0	1611	(0.42259999999999998, 0.58709999999999996, 0)	../fonts/zerothre.ttf	lower
1269453163542	1	FR_PRES	0	COMMUNITY	356	0	1	1310	(0.42259999999999998, 0.58709999999999996, 0)	../fonts/zerothre.ttf	lower
1269453167491	1	FR_PRES	0	CLAW	319	1	0	1681	(0.57740000000000002, 0.41289999999999999, 1.0)	../fonts/amplitud.ttf	upper
1269453171316	1	FR_PRES	0	BISON	131	1	1	1304	(0.57740000000000002, 0.41289999999999999, 1.0)	../fonts/amplitud.ttf	upper
1269453175290	0	DISTRACTOR	0			8000	3
1269453184174	1	REC_START
1269453260976	0	REST
1269453262476	0	DISTRACTOR	1			8000	3
1269453270018	1	FR_PRES	1	BLUEJAY	141	0	1	1114	(0.42259999999999998, 0.58709999999999996, 0)	../fonts/zerothre.ttf	lower
1269453274019	0	DISTRACTOR	1			8000	4
1269453282009	1	FR_PRES	1	GARDEN	623	0	1	819	(0.42259999999999998, 0.58709999999999996, 0)	../fonts/zerothre.ttf	lower
1269453286099	0	DISTRACTOR	1			8000	4
1269453293924	1	FR_PRES	1	LOG	841	0	1	904	(0.42259999999999998, 0.58709999999999996, 0)	../fonts/zerothre.ttf	lower
1269453297909	0	DISTRACTOR	1			8000	4
1269453306024	1	FR_PRES	1	FURNITURE	616	0	1	700	(0.42259999999999998, 0.58709999999999996, 0)	../fonts/zerothre.ttf	lower
1269453309931	0	DISTRACTOR	1			8000	3
1269453317905	1	FR_PRES	1	VALVE	1546	1	0	1147	(0.57740000000000002, 0.41289999999999999, 1.0)	../fonts/amplitud.ttf	upper
1269453321986	0	DISTRACTOR	1			8000	5
1269453329854	1	FR_PRES	1	CRIMINAL	409	1	1	1151	(0.57740000000000002, 0.41289999999999999, 1.0)	../fonts/amplitud.ttf	upper
1269453333971	0	DISTRACTOR	1			8000	5
1269453341870	1	FR_PRES	1	HOSTAGE	722	1	1	1918	(0.57740000000000002, 0.41289999999999999, 1.0)	../fonts/amplitud.ttf	upper
1269453345729	0	DISTRACTOR	1			8000	4
1269453354078	1	FR_PRES	1	DEODORANT	448	1	0	1214	(0.57740000000000002, 0.41289999999999999, 1.0)	../fonts/amplitud.ttf	upper
1269453358008	0	DISTRACTOR	1			8000	3
1269453366177	1	FR_PRES	1	RUST	1219	1	0	1251	(0.57740000000000002, 0.41289999999999999, 1.0)	../fonts/amplitud.ttf	upper
1269453370169	0	DISTRACTOR	1			8000	5
1269453378351	1	FR_PRES	1	DAISY	435	1	1	1109	(0.57740000000000002, 0.41289999999999999, 1.0)	../fonts/amplitud.ttf	upper
1269453382497	0	DISTRACTOR	1			8000	2
1269453390325	1	FR_PRES	1	ROSE	1212	0	0	1247	(0.42259999999999998, 0.58709999999999996, 0)	../fonts/zerothre.ttf	lower
1269453394433	0	DISTRACTOR	1			8000	3
1269453402532	1	FR_PRES	1	CHILD	299	0	1	792	(0.42259999999999998, 0.58709999999999996, 0)	../fonts/zerothre.ttf	lower
1269453406484	0	DISTRACTOR	1			8000	5
1269453414748	1	FR_PRES	1	SKYSCRAPER	1322	0	1	864	(0.42259999999999998, 0.58709999999999996, 0)	../fonts/zerothre.ttf	lower
1269453418704	0	DISTRACTOR	1			8000	4
1269453426872	1	FR_PRES	1	YARD	1630	0	1	876	(0.42259999999999998, 0.58709999999999996, 0)	../fonts/zerothre.ttf	lower
1269453430982	0	DISTRACTOR	1			8000	5
1269453438838	1	FR_PRES	1	PERFUME	1049	1	0	950	(0.57740000000000002, 0.41289999999999999, 1.0)	../fonts/amplitud.ttf	upper
1269453443008	0	DISTRACTOR	1			8000	2
1269453450679	1	FR_PRES	1	PAD	998	1	0	989	(0.57740000000000002, 0.41289999999999999, 1.0)	../fonts/amplitud.ttf	upper
1269453454884	0	DISTRACTOR	1			8000	5
1269453463537	1	REC_START
1269453540464	0	REST
1269453541972	1	FR_PRES	2	STALLION	1369	1	1	1160	(0.57740000000000002, 0.41289999999999999, 1.0)	../fonts/amplitud.ttf	upper
1269453546055	1	FR_PRES	2	DONKEY	484	1	1	958	(0.57740000000000002, 0.41289999999999999, 1.0)	../fonts/amplitud.ttf	upper
1269453549980	1	FR_PRES	2	WAX	1597	1	0	1008	(0.57740000000000002, 0.41289999999999999, 1.0)	../fonts/amplitud.ttf	upper
1269453554096	1	FR_PRES	2	LACE	792	1	0	1140	(0.57740000000000002, 0.41289999999999999, 1.0)	../fonts/amplitud.ttf	upper
1269453558096	1	FR_PRES	2	BACKBONE	66	1	1	1868	(0.57740000000000002, 0.41289999999999999, 1.0)	../fonts/amplitud.ttf	upper
1269453562146	1	FR_PRES	2	INDIAN	736	1	1	1082	(0.57740000000000002, 0.41289999999999999, 1.0)	../fonts/amplitud.ttf	upper
1269453566145	1	FR_PRES	2	BAY	102	1	0	1571	(0.57740000000000002, 0.41289999999999999, 1.0)	../fonts/amplitud.ttf	upper
1269453570203	1	FR_PRES	2	TEAPOT	1442	1	0	1457	(0.57740000000000002, 0.41289999999999999, 1.0)	../fonts/amplitud.ttf	upper
1269453574395	1	FR_PRES	2	SEAFOOD	1260	1	1	1489	(0.57740000000000002, 0.41289999999999999, 1.0)	../fonts/amplitud.ttf	upper
1269453578303	1	FR_PRES	2	LINT	826	1	0	1237	(0.57740000000000002, 0.41289999999999999, 1.0)	../fonts/amplitud.ttf	upper
1269453582428	1	FR_PRES	2	JEEP	753	1	0	1632	(0.57740000000000002, 0.41289999999999999, 1.0)	../fonts/amplitud.ttf	upper
1269453586461	1	FR_PRES	2	SHRIMP	1297	1	1	1151	(0.57740000000000002, 0.41289999999999999, 1.0)	../fonts/amplitud.ttf	upper
1269453590502	1	FR_PRES	2	SHOE	1288	1	0	998	(0.57740000000000002, 0.41289999999999999, 1.0)	../fonts/amplitud.ttf	upper
1269453594668	1	FR_PRES	2	SCULPTURE	1258	1	0	896	(0.57740000000000002, 0.41289999999999999, 1.0)	../fonts/amplitud.ttf	upper
1269453598760	1	FR_PRES	2	CROWN	415	1	0	1140	(0.57740000000000002, 0.41289999999999999, 1.0)	../fonts/amplitud.ttf	upper
1269453602959	1	FR_PRES	2	KING	777	1	1	1237	(0.57740000000000002, 0.41289999999999999, 1.0)	../fonts/amplitud.ttf	upper
1269453607132	0	DISTRACTOR	2			8000	3
1269453615834	1	REC_START
1269453693103	0	REST
1269453694603	0	DISTRACTOR	3			8000	4
1269453702094	1	FR_PRES	3	TOILET	1475	1	0	710	(0.57740000000000002, 0.41289999999999999, 1.0)	../fonts/amplitud.ttf	upper
1269453706226	0	DISTRACTOR	3			8000	4
1269453714002	1	FR_PRES	3	GUEST	669	1	1	890	(0.57740000000000002, 0.41289999999999999, 1.0)	../fonts/amplitud.ttf	upper
1269453718127	0	DISTRACTOR	3			8000	4
1269453726209	1	FR_PRES	3	PERSON	1052	1	1	643	(0.57740000000000002, 0.41289999999999999, 1.0)	../fonts/amplitud.ttf	upper
1269453730238	0	DISTRACTOR	3			8000	2
1269453738299	1	FR_PRES	3	APARTMENT	30	1	0	801	(0.57740000000000002, 0.41289999999999999, 1.0)	../fonts/amplitud.ttf	upper
1269453742481	0	DISTRACTOR	3			8000	4
1269453750498	1	FR_PRES	3	ATTIC	56	1	0	1042	(0.57740000000000002, 0.41289999999999999, 1.0)	../fonts/amplitud.ttf	upper
1269453754541	0	DISTRACTOR	3			8000	4
1269453762706	1	FR_PRES	3	ANIMAL	23	1	1	1018	(0.57740000000000002, 0.41289999999999999, 1.0)	../fonts/amplitud.ttf	upper
1269453766818	0	DISTRACTOR	3			8000	4
1269453774863	1	FR_PRES	3	SHOWER	1296	1	0	1421	(0.57740000000000002, 0.41289999999999999, 1.0)	../fonts/amplitud.ttf	upper
1269453778839	0	DISTRACTOR	3			8000	3
1269453787013	1	FR_PRES	3	TWEEZERS	1526	1	0	1087	(0.57740000000000002, 0.41289999999999999, 1.0)	../fonts/amplitud.ttf	upper
1269453791016	0	DISTRACTOR	3			8000	5
1269453799037	1	FR_PRES	3	SKIN	1318	1	1	1103	(0.57740000000000002, 0.41289999999999999, 1.0)	../fonts/amplitud.ttf	upper
1269453803172	0	DISTRACTOR	3			8000	4
1269453811077	1	FR_PRES	3	CLASS	318	1	1	1439	(0.57740000000000002, 0.41289999999999999, 1.0)	../fonts/amplitud.ttf	upper
1269453815267	0	DISTRACTOR	3			8000	4
1269453823077	1	FR_PRES	3	KNUCKLE	789	1	0	831	(0.57740000000000002, 0.41289999999999999, 1.0)	../fonts/amplitud.ttf	upper
1269453827187	0	DISTRACTOR	3			8000	3
1269453835026	1	FR_PRES	3	FIST	572	1	0	1914	(0.57740000000000002, 0.41289999999999999, 1.0)	../fonts/amplitud.ttf	upper
1269453839193	0	DISTRACTOR	3			8000	2
1269453847041	1	FR_PRES	3	SHELF	1280	1	0	1283	(0.57740000000000002, 0.41289999999999999, 1.0)	../fonts/amplitud.ttf	upper
1269453851175	0	DISTRACTOR	3			8000	4
1269453859082	1	FR_PRES	3	HINGE	709	1	0	1338	(0.57740000000000002, 0.41289999999999999, 1.0)	../fonts/amplitud.ttf	upper
1269453862952	0	DISTRACTOR	3			8000	5
1269453871248	1	FR_PRES	3	MONARCH	906	1	1	1036	(0.57740000000000002, 0.41289999999999999, 1.0)	../fonts/amplitud.ttf	upper
1269453875146	0	DISTRACTOR	3			8000	1
1269453883330	1	FR_PRES	3	UNIVERSITY	1541	1	0	1522	(0.57740000000000002, 0.41289999999999999, 1.0)	../fonts/amplitud.ttf	upper
1269453887374	0	DISTRACTOR	3			8000	3
1269453896097	1	REC_START
1269453973599	0	REST
1269453975099	0	DISTRACTOR	4			16000	6
1269453990697	1	FR_PRES	4	KITCHEN	778	0	1	1139	(0.42259999999999998, 0.58709999999999996, 0)	../fonts/zerothre.ttf	lower
1269453994543	0	DISTRACTOR	4			16000	8
1269454010763	1	FR_PRES	4	CONDUCTOR	362	0	1	641	(0.42259999999999998, 0.58709999999999996, 0)	../fonts/zerothre.ttf	lower
1269454014804	0	DISTRACTOR	4			16000	8
1269454030653	1	FR_PRES	4	UNIVERSE	1540	1	0	1959	(0.57740000000000002, 0.41289999999999999, 1.0)	../fonts/amplitud.ttf	upper
1269454034722	0	DISTRACTOR	4			16000	5
1269454050810	1	FR_PRES	4	WRITER	1627	1	1	1106	(0.57740000000000002, 0.41289999999999999, 1.0)	../fonts/amplitud.ttf	upper
1269454054979	0	DISTRACTOR	4			16000	5
1269454070992	1	FR_PRES	4	DANDELION	438	0	0	1244	(0.42259999999999998, 0.58709999999999996, 0)	../fonts/zerothre.ttf	lower
1269454074843	0	DISTRACTOR	4			16000	9
1269454091165	1	FR_PRES	4	MINK	897	0	1	927	(0.42259999999999998, 0.58709999999999996, 0)	../fonts/zerothre.ttf	lower
1269454095016	0	DISTRACTOR	4			16000	9
1269454111322	1	FR_PRES	4	LAMB	797	0	1	842	(0.42259999999999998, 0.58709999999999996, 0)	../fonts/zerothre.ttf	lower
1269454115324	0	DISTRACTOR	4			16000	8
1269454131470	1	FR_PRES	4	GYMNAST	675	1	1	958	(0.57740000000000002, 0.41289999999999999, 1.0)	../fonts/amplitud.ttf	upper
1269454135346	0	DISTRACTOR	4			16000	8
1269454151644	1	FR_PRES	4	MARS	873	1	0	1120	(0.57740000000000002, 0.41289999999999999, 1.0)	../fonts/amplitud.ttf	upper
1269454155845	0	DISTRACTOR	4			16000	10
1269454171584	1	FR_PRES	4	SAXOPHONE	1240	1	0	740	(0.57740000000000002, 0.41289999999999999, 1.0)	../fonts/amplitud.ttf	upper
1269454175441	0	DISTRACTOR	4			16000	8
1269454191508	1	FR_PRES	4	FRIEND	606	1	1	952	(0.57740000000000002, 0.41289999999999999, 1.0)	../fonts/amplitud.ttf	upper
1269454195697	0	DISTRACTOR	4			16000	9
1269454211565	1	FR_PRES	4	LOVER	846	1	1	855	(0.57740000000000002, 0.41289999999999999, 1.0)	../fonts/amplitud.ttf	upper
1269454215651	0	DISTRACTOR	4			16000	6
1269454231471	1	FR_PRES	4	FLOWER	584	1	1	845	(0.57740000000000002, 0.41289999999999999, 1.0)	../fonts/amplitud.ttf	upper
1269454235508	0	DISTRACTOR	4			16000	9
1269454251453	1	FR_PRES	4	GROUND	666	0	1	863	(0.42259999999999998, 0.58709999999999996, 0)	../fonts/zerothre.ttf	lower
1269454255325	0	DISTRACTOR	4			16000	10
1269454271443	1	FR_PRES	4	MARROW	872	0	0	945	(0.42259999999999998, 0.58709999999999996, 0)	../fonts/zerothre.ttf	lower
1269454275372	0	DISTRACTOR	4			16000	9
1269454291609	1	FR_PRES	4	CHEEK	287	0	0	1123	(0.42259999999999998, 0.58709999999999996, 0)	../fonts/zerothre.ttf	lower
1269454295582	0	DISTRACTOR	4			16000	11
1269454312383	1	REC_START
1269454389352	0	REST
1269454390860	1	FR_PRES	5	PAN	1008	1	0	992	(0.57740000000000002, 0.41289999999999999, 1.0)	../fonts/amplitud.ttf	upper
1269454394843	1	FR_PRES	5	CUP	424	1	0	689	(0.57740000000000002, 0.41289999999999999, 1.0)	../fonts/amplitud.ttf	upper
1269454398909	1	FR_PRES	5	BANDIT	81	1	1	1631	(0.57740000000000002, 0.41289999999999999, 1.0)	../fonts/amplitud.ttf	upper
1269454402875	1	FR_PRES	5	CURB	426	1	0	1105	(0.57740000000000002, 0.41289999999999999, 1.0)	../fonts/amplitud.ttf	upper
1269454406925	1	FR_PRES	5	WARRIOR	1589	1	1	935	(0.57740000000000002, 0.41289999999999999, 1.0)	../fonts/amplitud.ttf	upper
1269454411009	1	FR_PRES	5	PANTHER	1009	0	1	1155	(0.42259999999999998, 0.58709999999999996, 0)	../fonts/zerothre.ttf	lower
1269454414866	1	FR_PRES	5	PREDATOR	1120	0	1	1026	(0.42259999999999998, 0.58709999999999996, 0)	../fonts/zerothre.ttf	lower
1269454418899	1	FR_PRES	5	FINGER	567	0	0	937	(0.42259999999999998, 0.58709999999999996, 0)	../fonts/zerothre.ttf	lower
1269454422766	1	FR_PRES	5	PALM	1007	1	1	1510	(0.57740000000000002, 0.41289999999999999, 1.0)	../fonts/amplitud.ttf	upper
1269454426624	1	FR_PRES	5	APPENDAGE	32	1	0	1124	(0.57740000000000002, 0.41289999999999999, 1.0)	../fonts/amplitud.ttf	upper
1269454430598	1	FR_PRES	5	SALMON	1227	1	1	1046	(0.57740000000000002, 0.41289999999999999, 1.0)	../fonts/amplitud.ttf	upper
1269454434665	1	FR_PRES	5	POTATO	1115	0	1	1275	(0.42259999999999998, 0.58709999999999996, 0)	../fonts/zerothre.ttf	lower
1269454438589	1	FR_PRES	5	SARDINE	1235	0	0	1111	(0.42259999999999998, 0.58709999999999996, 0)	../fonts/zerothre.ttf	lower
1269454442547	1	FR_PRES	5	VOLLEYBALL	1576	0	1	1474	(0.42259999999999998, 0.58709999999999996, 0)	../fonts/zerothre.ttf	lower
1269454446381	1	FR_PRES	5	SCALLOP	1242	0	0	871	(0.42259999999999998, 0.58709999999999996, 0)	../fonts/zerothre.ttf	lower
1269454450230	1	FR_PRES	5	WRIST	1626	0	0	1726	(0.42259999999999998, 0.58709999999999996, 0)	../fonts/zerothre.ttf	lower
1269454454220	0	DISTRACTOR	5			16000	10
1269454471063	1	REC_START
1269454548065	0	REST
1269454549573	1	FR_PRES	6	BRAKE	166	0	1	1199	(0.42259999999999998, 0.58709999999999996, 0)	../fonts/zerothre.ttf	lower
1269454553456	1	FR_PRES	6	RADIATOR	1156	0	1	876	(0.42259999999999998, 0.58709999999999996, 0)	../fonts/zerothre.ttf	lower
1269454557364	1	FR_PRES	6	CREVICE	405	0	1	1864	(0.42259999999999998, 0.58709999999999996, 0)	../fonts/zerothre.ttf	lower
1269454561264	1	FR_PRES	6	OZONE	996	0	1	1124	(0.42259999999999998, 0.58709999999999996, 0)	../fonts/zerothre.ttf	lower
1269454565088	1	FR_PRES	6	CHART	282	0	0	1036	(0.42259999999999998, 0.58709999999999996, 0)	../fonts/zerothre.ttf	lower
1269454569080	1	FR_PRES	6	PLIERS	1089	0	0	812	(0.42259999999999998, 0.58709999999999996, 0)	../fonts/zerothre.ttf	lower
1269454572996	1	FR_PRES	6	BRACELET	163	0	0	824	(0.42259999999999998, 0.58709999999999996, 0)	../fonts/zerothre.ttf	lower
1269454577154	1	FR_PRES	6	BANK	83	0	1	1162	(0.42259999999999998, 0.58709999999999996, 0)	../fonts/zerothre.ttf	lower
1269454581046	1	FR_PRES	6	MAN	862	0	1	1006	(0.42259999999999998, 0.58709999999999996, 0)	../fonts/zerothre.ttf	lower
1269454585229	1	FR_PRES	6	COACH	331	0	1	879	(0.42259999999999998, 0.58709999999999996, 0)	../fonts/zerothre.ttf	lower
1269454589237	1	FR_PRES	6	COLLAR	345	0	0	1119	(0.42259999999999998, 0.58709999999999996, 0)	../fonts/zerothre.ttf	lower
1269454593395	1	FR_PRES	6	LAPEL	800	0	0	1265	(0.42259999999999998, 0.58709999999999996, 0)	../fonts/zerothre.ttf	lower
1269454597436	1	FR_PRES	6	GOWN	652	0	0	1144	(0.42259999999999998, 0.58709999999999996, 0)	../fonts/zerothre.ttf	lower
1269454601311	1	FR_PRES	6	TREASURE	1500	0	1	1245	(0.42259999999999998, 0.58709999999999996, 0)	../fonts/zerothre.ttf	lower
1269454605469	1	FR_PRES	6	WORKER	1621	0	1	783	(0.42259999999999998, 0.58709999999999996, 0)	../fonts/zerothre.ttf	lower
1269454609294	1	FR_PRES	6	CHAIN	273	0	0	1286	(0.42259999999999998, 0.58709999999999996, 0)	../fonts/zerothre.ttf	lower
1269454615119	1	REC_START
1269454692088	0	REST
1269454693596	1	FR_PRES	7	MOP	916	0	1	872	(0.42259999999999998, 0.58709999999999996, 0)	../fonts/zerothre.ttf	lower
1269454697720	1	FR_PRES	7	NET	946	0	1	1420	(0.42259999999999998, 0.58709999999999996, 0)	../fonts/zerothre.ttf	lower
1269454701728	1	FR_PRES	7	VEGETABLE	1552	0	1	1316	(0.42259999999999998, 0.58709999999999996, 0)	../fonts/zerothre.ttf	lower
1269454705603	1	FR_PRES	7	PIGMENT	1066	1	0	1521	(0.57740000000000002, 0.41289999999999999, 1.0)	../fonts/amplitud.ttf	upper
1269454709686	1	FR_PRES	7	SEA	1259	1	0	1638	(0.57740000000000002, 0.41289999999999999, 1.0)	../fonts/amplitud.ttf	upper
1269454713903	1	FR_PRES	7	SPINACH	1352	1	1	1389	(0.57740000000000002, 0.41289999999999999, 1.0)	../fonts/amplitud.ttf	upper
1269454717952	1	FR_PRES	7	PAINT	1003	1	0	1276	(0.57740000000000002, 0.41289999999999999, 1.0)	../fonts/amplitud.ttf	upper
1269454721952	1	FR_PRES	7	POLICE	1098	0	1	1220	(0.42259999999999998, 0.58709999999999996, 0)	../fonts/zerothre.ttf	lower
1269454725885	1	FR_PRES	7	HANDCUFFS	685	0	0	1031	(0.42259999999999998, 0.58709999999999996, 0)	../fonts/zerothre.ttf	lower
1269454729918	1	FR_PRES	7	TOWER	1490	0	1	1494	(0.42259999999999998, 0.58709999999999996, 0)	../fonts/zerothre.ttf	lower
1269454734134	1	FR_PRES	7	CRUMB	416	1	0	1726	(0.57740000000000002, 0.41289999999999999, 1.0)	../fonts/amplitud.ttf	upper
1269454738176	1	FR_PRES	7	DAD	433	1	1	1236	(0.57740000000000002, 0.41289999999999999, 1.0)	../fonts/amplitud.ttf	upper
1269454742184	1	FR_PRES	7	HOUND	724	1	1	988	(0.57740000000000002, 0.41289999999999999, 1.0)	../fonts/amplitud.ttf	upper
1269454746100	1	FR_PRES	7	BOXER	160	1	1	1208	(0.57740000000000002, 0.41289999999999999, 1.0)	../fonts/amplitud.ttf	upper
1269454750200	1	FR_PRES	7	ANTELOPE	27	0	1	1700	(0.42259999999999998, 0.58709999999999996, 0)	../fonts/zerothre.ttf	lower
1269454754366	1	FR_PRES	7	FOREST	593	0	1	1030	(0.42259999999999998, 0.58709999999999996, 0)	../fonts/zerothre.ttf	lower
1269454758196	0	DISTRACTOR	7			8000	2
1269454767208	1	REC_START
1269454844535	0	REST
1269454846035	0	DISTRACTOR	8			16000	9
1269454861442	1	FR_PRES	8	PORCUPINE	1107	1	1	1010	(0.57740000000000002, 0.41289999999999999, 1.0)	../fonts/amplitud.ttf	upper
1269454865445	0	DISTRACTOR	8			16000	5
1269454881607	1	FR_PRES	8	POSSUM	1112	1	1	1117	(0.57740000000000002, 0.41289999999999999, 1.0)	../fonts/amplitud.ttf	upper
1269454885697	0	DISTRACTOR	8			16000	9
1269454901555	1	FR_PRES	8	SNOB	1335	1	1	945	(0.57740000000000002, 0.41289999999999999, 1.0)	../fonts/amplitud.ttf	upper
1269454905413	0	DISTRACTOR	8			16000	10
1269454921479	1	FR_PRES	8	EAGLE	512	1	1	925	(0.57740000000000002, 0.41289999999999999, 1.0)	../fonts/amplitud.ttf	upper
1269454925565	0	DISTRACTOR	8			16000	6
1269454941436	1	FR_PRES	8	BEAKER	104	1	0	1504	(0.57740000000000002, 0.41289999999999999, 1.0)	../fonts/amplitud.ttf	upper
1269454945416	0	DISTRACTOR	8			16000	6
1269454961259	1	FR_PRES	8	SICKLE	1302	1	0	1025	(0.57740000000000002, 0.41289999999999999, 1.0)	../fonts/amplitud.ttf	upper
1269454965316	0	DISTRACTOR	8			16000	10
1269454981116	1	FR_PRES	8	BASKETBALL	96	1	0	816	(0.57740000000000002, 0.41289999999999999, 1.0)	../fonts/amplitud.ttf	upper
1269454985154	0	DISTRACTOR	8			16000	10
1269455001256	1	FR_PRES	8	BASEBALL	93	1	2	772	(0.57740000000000002, 0.41289999999999999, 1.0)	../fonts/amplitud.ttf	upper
1269455002056	1	KEY_MSG
1269455005387	0	DISTRACTOR	8			16000	7
1269455021272	1	FR_PRES	8	HIGHWAY	707	1	0	1004	(0.57740000000000002, 0.41289999999999999, 1.0)	../fonts/amplitud.ttf	upper
1269455025411	0	DISTRACTOR	8			16000	8
1269455041428	1	FR_PRES	8	REBEL	1172	1	1	904	(0.57740000000000002, 0.41289999999999999, 1.0)	../fonts/amplitud.ttf	upper
1269455045535	0	DISTRACTOR	8			16000	10
1269455061610	1	FR_PRES	8	SKELETON	1314	1	0	1082	(0.57740000000000002, 0.41289999999999999, 1.0)	../fonts/amplitud.ttf	upper
1269455065755	0	DISTRACTOR	8			16000	8
1269455081625	1	FR_PRES	8	FEATHER	557	1	0	819	(0.57740000000000002, 0.41289999999999999, 1.0)	../fonts/amplitud.ttf	upper
1269455085605	0	DISTRACTOR	8			16000	5
1269455101782	1	FR_PRES	8	TAXI	1438	1	0	678	(0.57740000000000002, 0.41289999999999999, 1.0)	../fonts/amplitud.ttf	upper
1269455105823	0	DISTRACTOR	8			16000	9
1269455121822	1	FR_PRES	8	MICROPHONE	890	1	0	998	(0.57740000000000002, 0.41289999999999999, 1.0)	../fonts/amplitud.ttf	upper
1269455125813	0	DISTRACTOR	8			16000	8
1269455141946	1	FR_PRES	8	SPINE	1353	1	0	490	(0.57740000000000002, 0.41289999999999999, 1.0)	../fonts/amplitud.ttf	upper
1269455145908	0	DISTRACTOR	8			16000	9
1269455162161	1	FR_PRES	8	PASSENGER	1020	1	1	779	(0.57740000000000002, 0.41289999999999999, 1.0)	../fonts/amplitud.ttf	upper
1269455166091	0	DISTRACTOR	8			16000	9
1269455182902	1	REC_START
1269455260521	0	REST
1269455262021	1	FR_PRES	9	GAZELLE	628	0	1	847	(0.42259999999999998, 0.58709999999999996, 0)	../fonts/zerothre.ttf	lower
1269455265837	1	FR_PRES	9	PAVEMENT	1028	0	1	1176	(0.42259999999999998, 0.58709999999999996, 0)	../fonts/zerothre.ttf	lower
1269455270045	1	FR_PRES	9	CORN	381	0	0	936	(0.42259999999999998, 0.58709999999999996, 0)	../fonts/zerothre.ttf	lower
1269455274153	1	FR_PRES	9	TOAST	1471	0	0	659	(0.42259999999999998, 0.58709999999999996, 0)	../fonts/zerothre.ttf	lower
1269455278119	1	FR_PRES	9	DRAWER	493	0	1	765	(0.42259999999999998, 0.58709999999999996, 0)	../fonts/zerothre.ttf	lower
1269455282136	1	FR_PRES	9	CLOSET	326	0	1	812	(0.42259999999999998, 0.58709999999999996, 0)	../fonts/zerothre.ttf	lower
1269455286077	1	FR_PRES	9	CAFE	216	0	1	991	(0.42259999999999998, 0.58709999999999996, 0)	../fonts/zerothre.ttf	lower
1269455290085	1	FR_PRES	9	PAW	1029	0	0	775	(0.42259999999999998, 0.58709999999999996, 0)	../fonts/zerothre.ttf	lower
1269455294151	1	FR_PRES	9	LUNCH	849	0	1	933	(0.42259999999999998, 0.58709999999999996, 0)	../fonts/zerothre.ttf	lower
1269455298101	1	FR_PRES	9	PATROL	1027	0	1	863	(0.42259999999999998, 0.58709999999999996, 0)	../fonts/zerothre.ttf	lower
1269455302084	1	FR_PRES	9	SHIRT	1287	0	0	880	(0.42259999999999998, 0.58709999999999996, 0)	../fonts/zerothre.ttf	lower
1269455305901	1	FR_PRES	9	KNIGHT	786	0	1	959	(0.42259999999999998, 0.58709999999999996, 0)	../fonts/zerothre.ttf	lower
1269455309909	1	FR_PRES	9	SUPERMARKET	1409	0	1	1023	(0.42259999999999998, 0.58709999999999996, 0)	../fonts/zerothre.ttf	lower
1269455314092	1	FR_PRES	9	BASEMENT	94	0	1	1104	(0.42259999999999998, 0.58709999999999996, 0)	../fonts/zerothre.ttf	lower
1269455318183	1	FR_PRES	9	CELLAR	267	0	-999	3000	(0.42259999999999998, 0.58709999999999996, 0)	../fonts/zerothre.ttf	lower
1269455321208	1	SLOW_MSG
1269455323641	1	FR_PRES	9	PICNIC	1060	0	1	603	(0.42259999999999998, 0.58709999999999996, 0)	../fonts/zerothre.ttf	lower
1269455329341	1	REC_START
1269455406602	0	REST
1269455408101	0	DISTRACTOR	10			8000	4
1269455415492	1	FR_PRES	10	COFFEE	341	1	0	920	(0.57740000000000002, 0.41289999999999999, 1.0)	../fonts/amplitud.ttf	upper
1269455419572	0	DISTRACTOR	10			8000	4
1269455427517	1	FR_PRES	10	WINE	1613	1	0	879	(0.57740000000000002, 0.41289999999999999, 1.0)	../fonts/amplitud.ttf	upper
1269455431412	0	DISTRACTOR	10			8000	4
1269455439449	1	FR_PRES	10	HOOD	714	1	0	979	(0.57740000000000002, 0.41289999999999999, 1.0)	../fonts/amplitud.ttf	upper
1269455443305	0	DISTRACTOR	10			8000	5
1269455451448	1	FR_PRES	10	BULL	193	1	1	812	(0.57740000000000002, 0.41289999999999999, 1.0)	../fonts/amplitud.ttf	upper
1269455455610	0	DISTRACTOR	10			8000	4
1269455463439	1	FR_PRES	10	CATTLE	261	0	1	1061	(0.42259999999999998, 0.58709999999999996, 0)	../fonts/zerothre.ttf	lower
1269455467380	0	DISTRACTOR	10			8000	4
1269455475463	1	FR_PRES	10	BLOSSOM	138	0	0	925	(0.42259999999999998, 0.58709999999999996, 0)	../fonts/zerothre.ttf	lower
1269455479514	0	DISTRACTOR	10			8000	3
1269455487379	1	FR_PRES	10	TART	1436	0	0	753	(0.42259999999999998, 0.58709999999999996, 0)	../fonts/zerothre.ttf	lower
1269455491524	0	DISTRACTOR	10			8000	4
1269455499603	1	FR_PRES	10	DRIVER	499	0	1	1001	(0.42259999999999998, 0.58709999999999996, 0)	../fonts/zerothre.ttf	lower
1269455503685	0	DISTRACTOR	10			8000	4
1269455511769	1	FR_PRES	10	WAGON	1578	0	1	819	(0.42259999999999998, 0.58709999999999996, 0)	../fonts/zerothre.ttf	lower
1269455515958	0	DISTRACTOR	10			8000	4
1269455523901	1	FR_PRES	10	PRESIDENT	1121	1	1	1431	(0.57740000000000002, 0.41289999999999999, 1.0)	../fonts/amplitud.ttf	upper
1269455527715	0	DISTRACTOR	10			8000	5
1269455535742	1	FR_PRES	10	DIRECTOR	471	1	1	758	(0.57740000000000002, 0.41289999999999999, 1.0)	../fonts/amplitud.ttf	upper
1269455539941	0	DISTRACTOR	10			8000	3
1269455547874	1	FR_PRES	10	LILY	821	1	1	1179	(0.57740000000000002, 0.41289999999999999, 1.0)	../fonts/amplitud.ttf	upper
1269455551896	0	DISTRACTOR	10			8000	3
1269455559932	1	FR_PRES	10	BLOUSE	139	1	0	1216	(0.57740000000000002, 0.41289999999999999, 1.0)	../fonts/amplitud.ttf	upper
1269455563797	0	DISTRACTOR	10			8000	4
1269455572089	1	FR_PRES	10	FLANNEL	574	0	1	1211	(0.42259999999999998, 0.58709999999999996, 0)	../fonts/zerothre.ttf	lower
1269455576121	0	DISTRACTOR	10			8000	5
1269455584063	1	FR_PRES	10	HORSE	719	0	1	1053	(0.42259999999999998, 0.58709999999999996, 0)	../fonts/zerothre.ttf	lower
1269455588166	0	DISTRACTOR	10			8000	4
1269455596037	1	FR_PRES	10	DRINK	498	0	0	977	(0.42259999999999998, 0.58709999999999996, 0)	../fonts/zerothre.ttf	lower
1269455600056	0	DISTRACTOR	10			8000	3
1269455608879	1	REC_START
1269455686439	0	REST
1269455687947	1	FR_PRES	11	STREAM	1392	0	1	889	(0.42259999999999998, 0.58709999999999996, 0)	../fonts/zerothre.ttf	lower
1269455691905	1	FR_PRES	11	TUBE	1516	0	1	1116	(0.42259999999999998, 0.58709999999999996, 0)	../fonts/zerothre.ttf	lower
1269455695755	1	FR_PRES	11	WALL	1582	0	1	1169	(0.42259999999999998, 0.58709999999999996, 0)	../fonts/zerothre.ttf	lower
1269455699863	1	FR_PRES	11	HANDBAG	684	0	0	1014	(0.42259999999999998, 0.58709999999999996, 0)	../fonts/zerothre.ttf	lower
1269455704071	1	FR_PRES	11	BUYER	208	0	1	1342	(0.42259999999999998, 0.58709999999999996, 0)	../fonts/zerothre.ttf	lower
1269455707921	1	FR_PRES	11	FOUNTAIN	597	0	1	1188	(0.42259999999999998, 0.58709999999999996, 0)	../fonts/zerothre.ttf	lower
1269455712005	1	FR_PRES	11	WINGS	1614	0	1	1328	(0.42259999999999998, 0.58709999999999996, 0)	../fonts/zerothre.ttf	lower
1269455715945	1	FR_PRES	11	COOLER	375	0	1	1428	(0.42259999999999998, 0.58709999999999996, 0)	../fonts/zerothre.ttf	lower
1269455719978	1	FR_PRES	11	BARTENDER	92	0	1	1330	(0.42259999999999998, 0.58709999999999996, 0)	../fonts/zerothre.ttf	lower
1269455723928	1	FR_PRES	11	SCOTCH	1251	0	0	1012	(0.42259999999999998, 0.58709999999999996, 0)	../fonts/zerothre.ttf	lower
1269455727769	1	FR_PRES	11	MITTEN	902	0	0	979	(0.42259999999999998, 0.58709999999999996, 0)	../fonts/zerothre.ttf	lower
1269455731952	1	FR_PRES	11	RADISH	1158	0	0	1349	(0.42259999999999998, 0.58709999999999996, 0)	../fonts/zerothre.ttf	lower
1269455735877	1	FR_PRES	11	PEAR	1033	0	0	2047	(0.42259999999999998, 0.58709999999999996, 0)	../fonts/zerothre.ttf	lower
1269455739885	1	FR_PRES	11	DRILL	497	0	1	1535	(0.42259999999999998, 0.58709999999999996, 0)	../fonts/zerothre.ttf	lower
1269455743952	1	FR_PRES	11	RIVER	1194	0	1	1356	(0.42259999999999998, 0.58709999999999996, 0)	../fonts/zerothre.ttf	lower
1269455747851	1	FR_PRES	11	MAT	877	0	1	1026	(0.42259999999999998, 0.58709999999999996, 0)	../fonts/zerothre.ttf	lower
1269455751940	0	DISTRACTOR	11			16000	8
1269455768667	1	REC_START
1269455844252	1	REST_REWET
1269456329100	0	MATH_TOTAL_SCORE	495
1269456332125	0	FFR_START
1269456337742	1	REC_START
1269456654693	0	RECOG_START
1269456654694	1	REC_START
1269456654726	0	RECOG_PRES	0	CLOUD	328	-999	P	1967
1269456657093	0	RECOG_CR_PRES	0	CLOUD	328	-999	P	480
1269456657976	1	RECOG_FEEDBACK	1
1269456658709	0	RECOG_PRES	0	SKELETON	1314	-999	P	1040
1269456660117	0	RECOG_CR_PRES	0	SKELETON	1314	-999	P	312
1269456660742	1	RECOG_FEEDBACK	1
1269456661542	0	RECOG_PRES	0	SHOWER	1296	-999	P	895
1269456662800	0	RECOG_CR_PRES	0	SHOWER	1296	-999	P	293
1269456663392	1	RECOG_FEEDBACK	0
1269456664192	0	RECOG_PRES	0	WINE	1613	-999	P	957
1269456665525	0	RECOG_CR_PRES	0	WINE	1613	-999	P	200
1269456666042	1	RECOG_FEEDBACK	1
1269456666833	0	RECOG_PRES	0	BASEMENT	94	-999	P	740
1269456667942	0	RECOG_CR_PRES	0	BASEMENT	94	-999	P	223
1269456668458	1	RECOG_FEEDBACK	1
1269456669208	0	RECOG_PRES	0	SCULPTURE	1258	-999	P	814
1269456670392	0	RECOG_CR_PRES	0	SCULPTURE	1258	-999	P	197
1269456670883	1	RECOG_FEEDBACK	1
1269456671666	0	RECOG_PRES	0	SICKLE	1302	-999	P	955
1269456672991	0	RECOG_CR_PRES	0	SICKLE	1302	-999	P	238
1269456673525	1	RECOG_FEEDBACK	1
1269456674300	0	RECOG_PRES	0	HOOD	714	-999	P	1393
1269456676066	0	RECOG_CR_PRES	0	HOOD	714	-999	P	147
1269456676533	1	RECOG_FEEDBACK	1
1269456677324	0	RECOG_PRES	0	POTATO	1115	-999	P	745
1269456678441	0	RECOG_CR_PRES	0	POTATO	1115	-999	P	132
1269456678858	1	RECOG_FEEDBACK	1
1269456679624	0	RECOG_PRES	0	WILDERNESS	1610	-999	P	981
1269456680974	0	RECOG_CR_PRES	0	WILDERNESS	1610	-999	P	135
1269456681407	1	RECOG_FEEDBACK	1
1269456682132	0	RECOG_PRES	0	INFANT	737	-999	P	876
1269456683407	0	RECOG_CR_PRES	0	INFANT	737	-999	P	86
1269456683799	1	RECOG_FEEDBACK	1
1269456684540	0	RECOG_PRES	0	YARD	1630	-999	P	1753
1269456686665	0	RECOG_CR_PRES	0	YARD	1630	-999	P	188
1269456687174	1	RECOG_FEEDBACK	1
1269456687890	0	RECOG_PRES	0	CURB	426	-999	P	931
1269456689190	0	RECOG_CR_PRES	0	CURB	426	-999	P	103
1269456689590	1	RECOG_FEEDBACK	1
1269456690323	0	RECOG_PRES	0	UNIVERSE	1540	-999	P	770
1269456691465	0	RECOG_CR_PRES	0	UNIVERSE	1540	-999	P	76
1269456691840	1	RECOG_FEEDBACK	1
1269456692557	0	RECOG_PRES	0	QUILL	1150	-999	P	976
1269456693907	0	RECOG_CR_PRES	0	QUILL	1150	-999	P	107
1269456694315	1	RECOG_FEEDBACK	1
1269456695123	0	RECOG_PRES	0	CHURCH	307	-999	P	1506
1269456696998	0	RECOG_CR_PRES	0	CHURCH	307	-999	P	159
1269456697506	1	RECOG_FEEDBACK	1
1269456698273	0	RECOG_PRES	0	DANDELION	438	-999	P	780
1269456699414	0	RECOG_CR_PRES	0	DANDELION	438	-999	P	103
1269456699814	1	RECOG_FEEDBACK	1
1269456700539	0	RECOG_PRES	0	MAN	862	-999	P	1538
1269456702448	0	RECOG_CR_PRES	0	MAN	862	-999	P	109
1269456702897	1	RECOG_FEEDBACK	0
1269456703622	0	RECOG_PRES	0	DRAWER	493	-999	P	807
1269456704797	0	RECOG_CR_PRES	0	DRAWER	493	-999	P	120
1269456705222	1	RECOG_FEEDBACK	1
1269456705939	0	RECOG_PRES	0	MICROPHONE	890	-999	P	970
1269456707280	0	RECOG_CR_PRES	0	MICROPHONE	890	-999	P	101
1269456707689	1	RECOG_FEEDBACK	0
1269456709297	0	REST
1269456710345	1	REC_START
1269456710380	0	RECOG_PRES	1	GYMNAST	675	-999	P	921
1269456711672	0	RECOG_CR_PRES	1	GYMNAST	675	-999	P	165
1269456712138	1	RECOG_FEEDBACK	1
1269456712930	0	RECOG_PRES	1	CROWN	415	-999	P	771
1269456714072	0	RECOG_CR_PRES	1	CROWN	415	-999	P	69
1269456714447	1	RECOG_FEEDBACK	1
1269456715205	0	RECOG_PRES	1	BANDIT	81	-999	P	888
1269456716463	0	RECOG_CR_PRES	1	BANDIT	81	-999	P	126
1269456716888	1	RECOG_FEEDBACK	0
1269456717655	0	RECOG_PRES	1	ENGINEER	536	-999	P	950
1269456718980	0	RECOG_CR_PRES	1	ENGINEER	536	-999	P	137
1269456719421	1	RECOG_FEEDBACK	1
1269456720204	0	RECOG_PRES	1	PEAR	1033	-999	P	625
1269456721204	0	RECOG_CR_PRES	1	PEAR	1033	-999	P	137
1269456721629	1	RECOG_FEEDBACK	1
1269456722421	0	RECOG_PRES	1	COOKBOOK	373	-999	P	952
1269456723746	0	RECOG_CR_PRES	1	COOKBOOK	373	-999	P	531
1269456724579	1	RECOG_FEEDBACK	1
1269456725329	0	RECOG_PRES	1	CRIMINAL	409	-999	P	788
1269456726487	0	RECOG_CR_PRES	1	CRIMINAL	409	-999	P	62
1269456726846	1	RECOG_FEEDBACK	1
1269456727579	0	RECOG_PRES	1	WINGS	1614	-999	P	786
1269456728737	0	RECOG_CR_PRES	1	WINGS	1614	-999	P	60
1269456729087	1	RECOG_FEEDBACK	1
1269456729879	0	RECOG_PRES	1	OZONE	996	-999	P	702
1269456730954	0	RECOG_CR_PRES	1	OZONE	996	-999	P	43
1269456731295	1	RECOG_FEEDBACK	1
1269456732087	0	RECOG_PRES	1	CLOSET	326	-999	P	654
1269456733112	0	RECOG_CR_PRES	1	CLOSET	326	-999	P	45
1269456733454	1	RECOG_FEEDBACK	1
1269456734237	0	RECOG_PRES	1	APPENDAGE	32	-999	P	856
1269456735453	0	RECOG_CR_PRES	1	APPENDAGE	32	-999	P	152
1269456735928	1	RECOG_FEEDBACK	1
1269456736637	0	RECOG_PRES	1	KING	777	-999	P	976
1269456737987	0	RECOG_CR_PRES	1	KING	777	-999	P	106
1269456738387	1	RECOG_FEEDBACK	0
1269456739195	0	RECOG_PRES	1	POLYESTER	1100	-999	P	1330
1269456740895	0	RECOG_CR_PRES	1	POLYESTER	1100	-999	P	102
1269456741320	1	RECOG_FEEDBACK	1
1269456742045	0	RECOG_PRES	1	CAKE	219	-999	P	736
1269456743153	0	RECOG_CR_PRES	1	CAKE	219	-999	P	52
1269456743486	1	RECOG_FEEDBACK	1
1269456744194	0	RECOG_PRES	1	SPINE	1353	-999	P	755
1269456745319	0	RECOG_CR_PRES	1	SPINE	1353	-999	P	518
1269456746128	1	RECOG_FEEDBACK	1
1269456746903	0	RECOG_PRES	1	SHELF	1280	-999	P	798
1269456748069	0	RECOG_CR_PRES	1	SHELF	1280	-999	P	128
1269456748486	1	RECOG_FEEDBACK	1
1269456749211	0	RECOG_PRES	1	PREDATOR	1120	-999	P	626
1269456750211	0	RECOG_CR_PRES	1	PREDATOR	1120	-999	P	258
1269456750744	1	RECOG_FEEDBACK	1
1269456751494	0	RECOG_PRES	1	RAILROAD	1162	-999	P	1143
1269456753003	0	RECOG_CR_PRES	1	RAILROAD	1162	-999	P	226
1269456753527	1	RECOG_FEEDBACK	1
1269456754285	0	RECOG_PRES	1	PERFUME	1049	-999	P	1464
1269456756119	0	RECOG_CR_PRES	1	PERFUME	1049	-999	P	182
1269456756627	1	RECOG_FEEDBACK	0
1269456757402	0	RECOG_PRES	1	MONUMENT	913	-999	P	795
1269456758568	0	RECOG_CR_PRES	1	MONUMENT	913	-999	P	93
1269456758968	1	RECOG_FEEDBACK	1
1269456760318	0	REST
1269456761309	1	REC_START
1269456761343	0	RECOG_PRES	2	DIRECTOR	471	-999	P	1166
1269456762885	0	RECOG_CR_PRES	2	DIRECTOR	471	-999	P	56
1269456763260	1	RECOG_FEEDBACK	0
1269456764035	0	RECOG_PRES	2	WORKER	1621	-999	P	794
1269456765201	0	RECOG_CR_PRES	2	WORKER	1621	-999	P	108
1269456765601	1	RECOG_FEEDBACK	1
1269456766351	0	RECOG_PRES	2	RAKE	1164	-999	P	1006
1269456767726	0	RECOG_CR_PRES	2	RAKE	1164	-999	P	111
1269456768143	1	RECOG_FEEDBACK	1
1269456768918	0	RECOG_PRES	2	REBEL	1172	-999	P	727
1269456770010	0	RECOG_CR_PRES	2	REBEL	1172	-999	P	67
1269456770376	1	RECOG_FEEDBACK	1
1269456771092	0	RECOG_PRES	2	LINT	826	-999	P	785
1269456772251	0	RECOG_CR_PRES	2	LINT	826	-999	P	154
1269456772701	1	RECOG_FEEDBACK	1
1269456773492	0	RECOG_PRES	2	PLIERS	1089	-999	P	816
1269456774709	0	RECOG_CR_PRES	2	PLIERS	1089	-999	P	176
1269456775200	1	RECOG_FEEDBACK	1
1269456775992	0	RECOG_PRES	2	CACTUS	215	-999	P	725
1269456777092	0	RECOG_CR_PRES	2	CACTUS	215	-999	P	105
1269456777500	1	RECOG_FEEDBACK	1
1269456778217	0	RECOG_PRES	2	LOBSTER	837	-999	P	780
1269456779367	0	RECOG_CR_PRES	2	LOBSTER	837	-999	P	174
1269456779867	1	RECOG_FEEDBACK	0
1269456780617	0	RECOG_PRES	2	CHICK	296	-999	P	1684
1269456782675	0	RECOG_CR_PRES	2	CHICK	296	-999	P	106
1269456783117	1	RECOG_FEEDBACK	1
1269456783875	0	RECOG_PRES	2	VALVE	1546	-999	P	746
1269456784991	0	RECOG_CR_PRES	2	VALVE	1546	-999	P	158
1269456785441	1	RECOG_FEEDBACK	1
1269456786216	0	RECOG_PRES	2	ACTRESS	6	-999	P	1821
1269456788408	0	RECOG_CR_PRES	2	ACTRESS	6	-999	P	125
1269456788849	1	RECOG_FEEDBACK	1
1269456789599	0	RECOG_PRES	2	MOP	916	-999	P	742
1269456790716	0	RECOG_CR_PRES	2	MOP	916	-999	P	65
1269456791074	1	RECOG_FEEDBACK	1
1269456791791	0	RECOG_PRES	2	MARROW	872	-999	P	630
1269456792791	0	RECOG_CR_PRES	2	MARROW	872	-999	P	78
1269456793157	1	RECOG_FEEDBACK	1
1269456793907	0	RECOG_PRES	2	PANTS	1010	-999	P	1466
1269456795749	0	RECOG_CR_PRES	2	PANTS	1010	-999	P	257
1269456796424	1	RECOG_FEEDBACK	0
1269456797207	0	RECOG_PRES	2	MAT	877	-999	P	818
1269456798415	0	RECOG_CR_PRES	2	MAT	877	-999	P	126
1269456798840	1	RECOG_FEEDBACK	1
1269456799632	0	RECOG_PRES	2	TART	1436	-999	P	693
1269456800699	0	RECOG_CR_PRES	2	TART	1436	-999	P	98
1269456801090	1	RECOG_FEEDBACK	1
1269456801874	0	RECOG_PRES	2	PAVEMENT	1028	-999	P	635
1269456802873	0	RECOG_CR_PRES	2	PAVEMENT	1028	-999	P	108
1269456803298	1	RECOG_FEEDBACK	1
1269456804008	0	RECOG_PRES	2	WAREHOUSE	1588	-999	P	973
1269456805357	0	RECOG_CR_PRES	2	WAREHOUSE	1588	-999	P	104
1269456805765	1	RECOG_FEEDBACK	1
1269456806523	0	RECOG_PRES	2	PASSENGER	1020	-999	P	826
1269456807723	0	RECOG_CR_PRES	2	PASSENGER	1020	-999	P	90
1269456808106	1	RECOG_FEEDBACK	1
1269456808848	0	RECOG_PRES	2	PICNIC	1060	-999	P	765
1269456809981	0	RECOG_CR_PRES	2	PICNIC	1060	-999	P	120
1269456810398	1	RECOG_FEEDBACK	1
1269456811823	0	REST
1269456812995	1	REC_START
1269456813031	0	RECOG_PRES	3	GUN	673	-999	P	1158
1269456814564	0	RECOG_CR_PRES	3	GUN	673	-999	P	89
1269456814956	1	RECOG_FEEDBACK	1
1269456815731	0	RECOG_PRES	3	LUNCH	849	-999	P	626
1269456816722	0	RECOG_CR_PRES	3	LUNCH	849	-999	P	75
1269456817106	1	RECOG_FEEDBACK	1
1269456817864	0	RECOG_PRES	3	PIGMENT	1066	-999	P	669
1269456818906	0	RECOG_CR_PRES	3	PIGMENT	1066	-999	P	139
1269456819339	1	RECOG_FEEDBACK	1
1269456820055	0	RECOG_PRES	3	MARS	873	-999	P	806
1269456821230	0	RECOG_CR_PRES	3	MARS	873	-999	P	87
1269456821614	1	RECOG_FEEDBACK	1
1269456822380	0	RECOG_PRES	3	BAY	102	-999	P	929
1269456823680	0	RECOG_CR_PRES	3	BAY	102	-999	P	117
1269456824105	1	RECOG_FEEDBACK	1
1269456824855	0	RECOG_PRES	3	BISON	131	-999	P	806
1269456826023	0	RECOG_CR_PRES	3	BISON	131	-999	P	142
1269456826463	1	RECOG_FEEDBACK	1
1269456827222	0	RECOG_PRES	3	JOKER	759	-999	P	1295
1269456828888	0	RECOG_CR_PRES	3	JOKER	759	-999	P	173
1269456829388	1	RECOG_FEEDBACK	1
1269456830146	0	RECOG_PRES	3	BRACELET	163	-999	P	787
1269456831305	0	RECOG_CR_PRES	3	BRACELET	163	-999	P	52
1269456831663	1	RECOG_FEEDBACK	1
1269456832405	0	RECOG_PRES	3	PLASTER	1085	-999	P	1056
1269456833829	0	RECOG_CR_PRES	3	PLASTER	1085	-999	P	120
1269456834263	1	RECOG_FEEDBACK	1
1269456835038	0	RECOG_PRES	3	HORSE	719	-999	P	815
1269456836221	0	RECOG_CR_PRES	3	HORSE	719	-999	P	104
1269456836629	1	RECOG_FEEDBACK	1
1269456837338	0	RECOG_PRES	3	ICING	732	-999	P	1227
1269456838937	0	RECOG_CR_PRES	3	ICING	732	-999	P	164
1269456839437	1	RECOG_FEEDBACK	1
1269456840212	0	RECOG_PRES	3	FLOUR	583	-999	P	1057
1269456841637	0	RECOG_CR_PRES	3	FLOUR	583	-999	P	88
1269456842029	1	RECOG_FEEDBACK	0
1269456842804	0	RECOG_PRES	3	ANIMAL	23	-999	P	881
1269456844045	0	RECOG_CR_PRES	3	ANIMAL	23	-999	P	80
1269456844429	1	RECOG_FEEDBACK	1
1269456845195	0	RECOG_PRES	3	CHILD	299	-999	P	714
1269456846279	0	RECOG_CR_PRES	3	CHILD	299	-999	P	70
1269456846645	1	RECOG_FEEDBACK	1
1269456847420	0	RECOG_PRES	3	FRIEND	606	-999	P	2009
1269456849803	0	RECOG_CR_PRES	3	FRIEND	606	-999	P	114
1269456850245	1	RECOG_FEEDBACK	0
1269456850995	0	RECOG_PRES	3	TWEEZERS	1526	-999	P	914
1269456852278	0	RECOG_CR_PRES	3	TWEEZERS	1526	-999	P	103
1269456852686	1	RECOG_FEEDBACK	1
1269456853453	0	RECOG_PRES	3	CREVICE	405	-999	P	792
1269456854620	0	RECOG_CR_PRES	3	CREVICE	405	-999	P	2449
1269456857311	1	RECOG_FEEDBACK	-1
1269456858069	0	RECOG_PRES	3	OUTDOORS	987	-999	P	3016
1269456861452	0	RECOG_CR_PRES	3	OUTDOORS	987	-999	P	129
1269456861927	1	RECOG_FEEDBACK	1
1269456862719	0	RECOG_PRES	3	PAN	1008	-999	P	710
1269456863802	0	RECOG_CR_PRES	3	PAN	1008	-999	P	99
1269456864194	1	RECOG_FEEDBACK	1
1269456864927	0	RECOG_PRES	3	PRESIDENT	1121	-999	P	1654
1269456866952	0	RECOG_CR_PRES	3	PRESIDENT	1121	-999	P	45
1269456867327	1	RECOG_FEEDBACK	0
1269456869352	0	REST
1269456870309	1	REC_START
1269456870343	0	RECOG_PRES	4	BASKET	95	-999	P	1870
1269456872585	0	RECOG_CR_PRES	4	BASKET	95	-999	P	52
1269456872952	1	RECOG_FEEDBACK	1
1269456873752	0	RECOG_PRES	4	BOTTLE	153	-999	P	1157
1269456875276	0	RECOG_CR_PRES	4	BOTTLE	153	-999	P	121
1269456875701	1	RECOG_FEEDBACK	1
1269456876418	0	RECOG_PRES	4	ARTICLE	42	-999	P	883
1269456877701	0	RECOG_CR_PRES	4	ARTICLE	42	-999	P	408
1269456878393	1	RECOG_FEEDBACK	1
1269456879168	0	RECOG_PRES	4	PICKLE	1059	-999	P	1221
1269456880759	0	RECOG_CR_PRES	4	PICKLE	1059	-999	P	102
1269456881176	1	RECOG_FEEDBACK	1
1269456881951	0	RECOG_PRES	4	SHRIMP	1297	-999	P	1014
1269456883334	0	RECOG_CR_PRES	4	SHRIMP	1297	-999	P	87
1269456883726	1	RECOG_FEEDBACK	1
1269456884526	0	RECOG_PRES	4	DONKEY	484	-999	P	807
1269456885734	0	RECOG_CR_PRES	4	DONKEY	484	-999	P	63
1269456886109	1	RECOG_FEEDBACK	1
1269456886876	0	RECOG_PRES	4	BROCCOLI	176	-999	P	817
1269456888067	0	RECOG_CR_PRES	4	BROCCOLI	176	-999	P	186
1269456888534	1	RECOG_FEEDBACK	1
1269456889300	0	RECOG_PRES	4	ROSE	1212	-999	P	722
1269456890392	0	RECOG_CR_PRES	4	ROSE	1212	-999	P	5
1269456890692	1	RECOG_FEEDBACK	1
1269456891408	0	RECOG_PRES	4	BRAKE	166	-999	P	701
1269456892483	0	RECOG_CR_PRES	4	BRAKE	166	-999	P	50
1269456892825	1	RECOG_FEEDBACK	1
1269456893625	0	RECOG_PRES	4	HARE	688	-999	P	948
1269456894942	0	RECOG_CR_PRES	4	HARE	688	-999	P	119
1269456895350	1	RECOG_FEEDBACK	1
1269456896067	0	RECOG_PRES	4	FURNITURE	616	-999	P	642
1269456897083	0	RECOG_CR_PRES	4	FURNITURE	616	-999	P	98
1269456897466	1	RECOG_FEEDBACK	1
1269456898183	0	RECOG_PRES	4	SALMON	1227	-999	P	710
1269456899266	0	RECOG_CR_PRES	4	SALMON	1227	-999	P	99
1269456899666	1	RECOG_FEEDBACK	1
1269456900383	0	RECOG_PRES	4	PATROL	1027	-999	P	478
1269456901224	0	RECOG_CR_PRES	4	PATROL	1027	-999	P	197
1269456901691	1	RECOG_FEEDBACK	1
1269456902491	0	RECOG_PRES	4	HINGE	709	-999	P	562
1269456903424	0	RECOG_CR_PRES	4	HINGE	709	-999	P	77
1269456903791	1	RECOG_FEEDBACK	1
1269456904574	0	RECOG_PRES	4	SCOTCH	1251	-999	P	1375
1269456906324	0	RECOG_CR_PRES	4	SCOTCH	1251	-999	P	33
1269456906682	1	RECOG_FEEDBACK	1
1269456907466	0	RECOG_PRES	4	HIGHWAY	707	-999	P	475
1269456908316	0	RECOG_CR_PRES	4	HIGHWAY	707	-999	P	57
1269456908657	1	RECOG_FEEDBACK	1
1269456909366	0	RECOG_PRES	4	TAXI	1438	-999	P	663
1269456910399	0	RECOG_CR_PRES	4	TAXI	1438	-999	P	30
1269456910724	1	RECOG_FEEDBACK	1
1269456911465	0	RECOG_PRES	4	NET	946	-999	P	636
1269456912474	0	RECOG_CR_PRES	4	NET	946	-999	P	43
1269456912824	1	RECOG_FEEDBACK	1
1269456913624	0	RECOG_PRES	4	POLICE	1098	-999	P	1357
1269456915357	0	RECOG_CR_PRES	4	POLICE	1098	-999	P	168
1269456915890	1	RECOG_FEEDBACK	0
1269456916682	0	RECOG_PRES	4	SEAFOOD	1260	-999	P	651
1269456917707	0	RECOG_CR_PRES	4	SEAFOOD	1260	-999	P	162
1269456918140	1	RECOG_FEEDBACK	1
1269456921923	0	REST
1269456922767	1	REC_START
1269456922798	0	RECOG_PRES	5	TUBE	1516	-999	P	1647
1269456924814	0	RECOG_CR_PRES	5	TUBE	1516	-999	P	192
1269456925264	1	RECOG_FEEDBACK	-1
1269456926031	0	RECOG_PRES	5	FEATHER	557	-999	P	774
1269456927181	0	RECOG_CR_PRES	5	FEATHER	557	-999	P	48
1269456927531	1	RECOG_FEEDBACK	1
1269456928289	0	RECOG_PRES	5	PORCUPINE	1107	-999	P	604
1269456929264	0	RECOG_CR_PRES	5	PORCUPINE	1107	-999	P	53
1269456929606	1	RECOG_FEEDBACK	1
1269456930331	0	RECOG_PRES	5	SUPERMARKET	1409	-999	P	522
1269456931222	0	RECOG_CR_PRES	5	SUPERMARKET	1409	-999	P	55
1269456931556	1	RECOG_FEEDBACK	1
1269456932364	0	RECOG_PRES	5	GARDEN	623	-999	P	650
1269456933380	0	RECOG_CR_PRES	5	GARDEN	623	-999	P	57
1269456933755	1	RECOG_FEEDBACK	1
1269456934472	0	RECOG_PRES	5	FOREST	593	-999	P	805
1269456935647	0	RECOG_CR_PRES	5	FOREST	593	-999	P	166
1269456936164	1	RECOG_FEEDBACK	1
1269456936914	0	RECOG_PRES	5	PREACHER	1119	-999	P	491
1269456937780	0	RECOG_CR_PRES	5	PREACHER	1119	-999	P	129
1269456938172	1	RECOG_FEEDBACK	1
1269456938930	0	RECOG_PRES	5	BANK	83	-999	P	635
1269456939938	0	RECOG_CR_PRES	5	BANK	83	-999	P	91
1269456940347	1	RECOG_FEEDBACK	1
1269456941105	0	RECOG_PRES	5	SNOB	1335	-999	P	620
1269456942097	0	RECOG_CR_PRES	5	SNOB	1335	-999	P	92
1269456942488	1	RECOG_FEEDBACK	1
1269456943196	0	RECOG_PRES	5	ANT	25	-999	P	818
1269456944388	0	RECOG_CR_PRES	5	ANT	25	-999	P	145
1269456944830	1	RECOG_FEEDBACK	1
1269456945588	0	RECOG_PRES	5	LAMB	797	-999	P	1041
1269456947005	0	RECOG_CR_PRES	5	LAMB	797	-999	P	120
1269456947429	1	RECOG_FEEDBACK	1
1269456948213	0	RECOG_PRES	5	UNIVERSITY	1541	-999	P	848
1269456949429	0	RECOG_CR_PRES	5	UNIVERSITY	1541	-999	P	88
1269456949813	1	RECOG_FEEDBACK	1
1269456950546	0	RECOG_PRES	5	CLASS	318	-999	P	1387
1269456952304	0	RECOG_CR_PRES	5	CLASS	318	-999	P	461
1269456953104	1	RECOG_FEEDBACK	1
1269456953871	0	RECOG_PRES	5	COOLER	375	-999	P	798
1269456955037	0	RECOG_CR_PRES	5	COOLER	375	-999	P	32
1269456955362	1	RECOG_FEEDBACK	1
1269456956120	0	RECOG_PRES	5	BASEBALL	93	-999	P	605
1269456957095	0	RECOG_CR_PRES	5	BASEBALL	93	-999	P	54
1269456957445	1	RECOG_FEEDBACK	1
1269456958245	0	RECOG_PRES	5	COLLAR	345	-999	P	608
1269456959229	0	RECOG_CR_PRES	5	COLLAR	345	-999	P	32
1269456959562	1	RECOG_FEEDBACK	1
1269456960353	0	RECOG_PRES	5	BLOSSOM	138	-999	P	1028
1269456961753	0	RECOG_CR_PRES	5	BLOSSOM	138	-999	P	324
1269456962387	1	RECOG_FEEDBACK	1
1269456963145	0	RECOG_PRES	5	STREAM	1392	-999	P	940
1269456964453	0	RECOG_CR_PRES	5	STREAM	1392	-999	P	80
1269456964820	1	RECOG_FEEDBACK	1
1269456965620	0	RECOG_PRES	5	NICKEL	950	-999	P	889
1269456966878	0	RECOG_CR_PRES	5	NICKEL	950	-999	P	63
1269456967236	1	RECOG_FEEDBACK	1
1269456968021	0	RECOG_PRES	5	GROUND	666	-999	P	1184
1269456969569	0	RECOG_CR_PRES	5	GROUND	666	-999	P	68
1269456969944	1	RECOG_FEEDBACK	1
1269456972719	0	REST
1269456973573	1	REC_START
1269456973611	0	RECOG_PRES	6	SPINACH	1352	-999	P	1026
1269456975003	0	RECOG_CR_PRES	6	SPINACH	1352	-999	P	66
1269456975369	1	RECOG_FEEDBACK	0
1269456976152	0	RECOG_PRES	6	WRIST	1626	-999	P	621
1269456977144	0	RECOG_CR_PRES	6	WRIST	1626	-999	P	37
1269456977461	1	RECOG_FEEDBACK	1
1269456978185	0	RECOG_PRES	6	FOUNTAIN	597	-999	P	684
1269456979235	0	RECOG_CR_PRES	6	FOUNTAIN	597	-999	P	194
1269456979727	1	RECOG_FEEDBACK	1
1269456980477	0	RECOG_PRES	6	PENGUIN	1044	-999	P	648
1269456981502	0	RECOG_CR_PRES	6	PENGUIN	1044	-999	P	47
1269456981852	1	RECOG_FEEDBACK	0
1269456982602	0	RECOG_PRES	6	TAR	1435	-999	P	857
1269456983860	0	RECOG_CR_PRES	6	TAR	1435	-999	P	73
1269456984218	1	RECOG_FEEDBACK	1
1269456984985	0	RECOG_PRES	6	BACKBONE	66	-999	P	833
1269456986218	0	RECOG_CR_PRES	6	BACKBONE	66	-999	P	147
1269456986676	1	RECOG_FEEDBACK	1
1269456987476	0	RECOG_PRES	6	WRITER	1627	-999	P	761
1269456988610	0	RECOG_CR_PRES	6	WRITER	1627	-999	P	99
1269456989026	1	RECOG_FEEDBACK	1
1269456989826	0	RECOG_PRES	6	PALM	1007	-999	P	619
1269456990818	0	RECOG_CR_PRES	6	PALM	1007	-999	P	67
1269456991176	1	RECOG_FEEDBACK	1
1269456991976	0	RECOG_PRES	6	MONARCH	906	-999	P	725
1269456993076	0	RECOG_CR_PRES	6	MONARCH	906	-999	P	65
1269456993443	1	RECOG_FEEDBACK	1
1269456994234	0	RECOG_PRES	6	DAISY	435	-999	P	731
1269456995334	0	RECOG_CR_PRES	6	DAISY	435	-999	P	567
1269456996209	1	RECOG_FEEDBACK	1
1269456996959	0	RECOG_PRES	6	CHAIN	273	-999	P	1174
1269456998509	0	RECOG_CR_PRES	6	CHAIN	273	-999	P	128
1269456998951	1	RECOG_FEEDBACK	1
1269456999667	0	RECOG_PRES	6	SEA	1259	-999	P	530
1269457000567	0	RECOG_CR_PRES	6	SEA	1259	-999	P	102
1269457000950	1	RECOG_FEEDBACK	1
1269457001709	0	RECOG_PRES	6	CAFE	216	-999	P	592
1269457002675	0	RECOG_CR_PRES	6	CAFE	216	-999	P	58
1269457003018	1	RECOG_FEEDBACK	1
1269457003775	0	RECOG_PRES	6	MITTEN	902	-999	P	574
1269457004717	0	RECOG_CR_PRES	6	MITTEN	902	-999	P	72
1269457005075	1	RECOG_FEEDBACK	1
1269457005783	0	RECOG_PRES	6	BLOUSE	139	-999	P	766
1269457006925	0	RECOG_CR_PRES	6	BLOUSE	139	-999	P	456
1269457007700	1	RECOG_FEEDBACK	1
1269457008500	0	RECOG_PRES	6	CLAW	319	-999	P	617
1269457009492	0	RECOG_CR_PRES	6	CLAW	319	-999	P	25
1269457009825	1	RECOG_FEEDBACK	1
1269457010566	0	RECOG_PRES	6	MARSH	874	-999	P	679
1269457011616	0	RECOG_CR_PRES	6	MARSH	874	-999	P	109
1269457012026	1	RECOG_FEEDBACK	1
1269457012825	0	RECOG_PRES	6	TOAST	1471	-999	P	636
1269457013833	0	RECOG_CR_PRES	6	TOAST	1471	-999	P	44
1269457014166	1	RECOG_FEEDBACK	1
1269457014924	0	RECOG_PRES	6	PEOPLE	1046	-999	P	681
1269457015974	0	RECOG_CR_PRES	6	PEOPLE	1046	-999	P	231
1269457016499	1	RECOG_FEEDBACK	1
1269457017274	0	RECOG_PRES	6	MONEY	908	-999	P	1451
1269457019099	0	RECOG_CR_PRES	6	MONEY	908	-999	P	82
1269457019491	1	RECOG_FEEDBACK	1
1269457022782	0	REST
1269457023952	1	REC_START
1269457023990	0	RECOG_PRES	7	SARDINE	1235	-999	P	719
1269457025082	0	RECOG_CR_PRES	7	SARDINE	1235	-999	P	67
1269457025432	1	RECOG_FEEDBACK	1
1269457026174	0	RECOG_PRES	7	BASKETBALL	96	-999	P	751
1269457027299	0	RECOG_CR_PRES	7	BASKETBALL	96	-999	P	66
1269457027665	1	RECOG_FEEDBACK	1
1269457028432	0	RECOG_PRES	7	TREASURE	1500	-999	P	613
1269457029415	0	RECOG_CR_PRES	7	TREASURE	1500	-999	P	78
1269457029782	1	RECOG_FEEDBACK	1
1269457030498	0	RECOG_PRES	7	LACE	792	-999	P	771
1269457031640	0	RECOG_CR_PRES	7	LACE	792	-999	P	117
1269457032056	1	RECOG_FEEDBACK	1
1269457032856	0	RECOG_PRES	7	LIMOUSINE	824	-999	P	877
1269457034106	0	RECOG_CR_PRES	7	LIMOUSINE	824	-999	P	51
1269457034465	1	RECOG_FEEDBACK	1
1269457035198	0	RECOG_PRES	7	KNIGHT	786	-999	P	719
1269457036289	0	RECOG_CR_PRES	7	KNIGHT	786	-999	P	20
1269457036606	1	RECOG_FEEDBACK	1
1269457037323	0	RECOG_PRES	7	DRINK	498	-999	P	978
1269457038673	0	RECOG_CR_PRES	7	DRINK	498	-999	P	68
1269457039073	1	RECOG_FEEDBACK	1
1269457039814	0	RECOG_PRES	7	CUP	424	-999	P	591
1269457040773	0	RECOG_CR_PRES	7	CUP	424	-999	P	424
1269457041489	1	RECOG_FEEDBACK	1
1269457042272	0	RECOG_PRES	7	RADIATOR	1156	-999	P	1029
1269457043672	0	RECOG_CR_PRES	7	RADIATOR	1156	-999	P	45
1269457044039	1	RECOG_FEEDBACK	1
1269457044839	0	RECOG_PRES	7	ATTIC	56	-999	P	807
1269457046047	0	RECOG_CR_PRES	7	ATTIC	56	-999	P	174
1269457046530	1	RECOG_FEEDBACK	1
1269457047272	0	RECOG_PRES	7	GOWN	652	-999	P	1397
1269457049039	0	RECOG_CR_PRES	7	GOWN	652	-999	P	270
1269457049647	1	RECOG_FEEDBACK	1
1269457050372	0	RECOG_PRES	7	HANDCUFFS	685	-999	P	769
1269457051513	0	RECOG_CR_PRES	7	HANDCUFFS	685	-999	P	52
1269457051863	1	RECOG_FEEDBACK	1
1269457052597	0	RECOG_PRES	7	WARRIOR	1589	-999	P	608
1269457053580	0	RECOG_CR_PRES	7	WARRIOR	1589	-999	P	81
1269457053947	1	RECOG_FEEDBACK	1
1269457054705	0	RECOG_PRES	7	CORN	381	-999	P	724
1269457055805	0	RECOG_CR_PRES	7	CORN	381	-999	P	64
1269457056155	1	RECOG_FEEDBACK	1
1269457056905	0	RECOG_PRES	7	PERSON	1052	-999	P	772
1269457058046	0	RECOG_CR_PRES	7	PERSON	1052	-999	P	23
1269457058363	1	RECOG_FEEDBACK	1
1269457059113	0	RECOG_PRES	7	FRIAR	605	-999	P	780
1269457060254	0	RECOG_CR_PRES	7	FRIAR	605	-999	P	159
1269457060713	1	RECOG_FEEDBACK	1
1269457061513	0	RECOG_PRES	7	BULL	193	-999	P	588
1269457062471	0	RECOG_CR_PRES	7	BULL	193	-999	P	94
1269457062863	1	RECOG_FEEDBACK	1
1269457063663	0	RECOG_PRES	7	SIBLING	1301	-999	P	1262
1269457065296	0	RECOG_CR_PRES	7	SIBLING	1301	-999	P	101
1269457065712	1	RECOG_FEEDBACK	1
1269457066487	0	RECOG_PRES	7	PAD	998	-999	P	542
1269457067404	0	RECOG_CR_PRES	7	PAD	998	-999	P	73
1269457067770	1	RECOG_FEEDBACK	1
1269457068529	0	RECOG_PRES	7	SCALLOP	1242	-999	P	660
1269457069562	0	RECOG_CR_PRES	7	SCALLOP	1242	-999	P	67
1269457069929	1	RECOG_FEEDBACK	1
1269457071554	0	REST
1269457072691	1	REC_START
1269457072720	0	RECOG_PRES	8	DRILL	497	-999	P	725
1269457073820	0	RECOG_CR_PRES	8	DRILL	497	-999	P	1465
1269457075520	1	RECOG_FEEDBACK	-1
1269457076278	0	RECOG_PRES	8	TOILET	1475	-999	P	831
1269457077478	0	RECOG_CR_PRES	8	TOILET	1475	-999	P	127
1269457077886	1	RECOG_FEEDBACK	1
1269457078628	0	RECOG_PRES	8	SHIRT	1287	-999	P	833
1269457079845	0	RECOG_CR_PRES	8	SHIRT	1287	-999	P	128
1269457080270	1	RECOG_FEEDBACK	1
1269457081036	0	RECOG_PRES	8	HANDBAG	684	-999	P	785
1269457082194	0	RECOG_CR_PRES	8	HANDBAG	684	-999	P	67
1269457082561	1	RECOG_FEEDBACK	1
1269457083336	0	RECOG_PRES	8	MINK	897	-999	P	749
1269457084461	0	RECOG_CR_PRES	8	MINK	897	-999	P	56
1269457084803	1	RECOG_FEEDBACK	1
1269457085594	0	RECOG_PRES	8	INDIAN	736	-999	P	739
1269457086702	0	RECOG_CR_PRES	8	INDIAN	736	-999	P	47
1269457087044	1	RECOG_FEEDBACK	1
1269457087827	0	RECOG_PRES	8	RADISH	1158	-999	P	650
1269457088852	0	RECOG_CR_PRES	8	RADISH	1158	-999	P	25
1269457089169	1	RECOG_FEEDBACK	1
1269457089977	0	RECOG_PRES	8	FINGER	567	-999	P	524
1269457090869	0	RECOG_CR_PRES	8	FINGER	567	-999	P	145
1269457091252	1	RECOG_FEEDBACK	-1
1269457092060	0	RECOG_PRES	8	BARTENDER	92	-999	P	905
1269457093335	0	RECOG_CR_PRES	8	BARTENDER	92	-999	P	310
1269457093894	1	RECOG_FEEDBACK	-1
1269457094619	0	RECOG_PRES	8	CRUMB	416	-999	P	1130
1269457096118	0	RECOG_CR_PRES	8	CRUMB	416	-999	P	103
1269457096518	1	RECOG_FEEDBACK	1
1269457097227	0	RECOG_PRES	8	CUCUMBER	421	-999	P	1026
1269457098627	0	RECOG_CR_PRES	8	CUCUMBER	421	-999	P	98
1269457099019	1	RECOG_FEEDBACK	1
1269457099777	0	RECOG_PRES	8	JEEP	753	-999	P	956
1269457101101	0	RECOG_CR_PRES	8	JEEP	753	-999	P	152
1269457101551	1	RECOG_FEEDBACK	1
1269457102351	0	RECOG_PRES	8	DAD	433	-999	P	590
1269457103310	0	RECOG_CR_PRES	8	DAD	433	-999	P	95
1269457103685	1	RECOG_FEEDBACK	1
1269457104468	0	RECOG_PRES	8	POSSUM	1112	-999	P	713
1269457105551	0	RECOG_CR_PRES	8	POSSUM	1112	-999	P	94
1269457105934	1	RECOG_FEEDBACK	1
1269457106701	0	RECOG_PRES	8	COFFEE	341	-999	P	544
1269457107618	0	RECOG_CR_PRES	8	COFFEE	341	-999	P	43
1269457107934	1	RECOG_FEEDBACK	1
1269457108642	0	RECOG_PRES	8	PAW	1029	-999	P	843
1269457109859	0	RECOG_CR_PRES	8	PAW	1029	-999	P	147
1269457110301	1	RECOG_FEEDBACK	1
1269457111092	0	RECOG_PRES	8	LANDSCAPE	799	-999	P	713
1269457112176	0	RECOG_CR_PRES	8	LANDSCAPE	799	-999	P	141
1269457112617	1	RECOG_FEEDBACK	0
1269457113376	0	RECOG_PRES	8	PENCIL	1042	-999	P	1221
1269457114967	0	RECOG_CR_PRES	8	PENCIL	1042	-999	P	86
1269457115367	1	RECOG_FEEDBACK	1
1269457116150	0	RECOG_PRES	8	DRIVER	499	-999	P	1399
1269457117925	0	RECOG_CR_PRES	8	DRIVER	499	-999	P	152
1269457118433	1	RECOG_FEEDBACK	1
1269457119158	0	RECOG_PRES	8	TOWN	1491	-999	P	848
1269457120375	0	RECOG_CR_PRES	8	TOWN	1491	-999	P	62
1269457120733	1	RECOG_FEEDBACK	0
1269457124175	0	REST
1269457125342	1	REC_START
1269457125375	0	RECOG_PRES	9	RIVER	1194	-999	P	734
1269457126483	0	RECOG_CR_PRES	9	RIVER	1194	-999	P	98
1269457126866	1	RECOG_FEEDBACK	1
1269457127574	0	RECOG_PRES	9	EAGLE	512	-999	P	891
1269457128866	0	RECOG_CR_PRES	9	EAGLE	512	-999	P	67
1269457129241	1	RECOG_FEEDBACK	1
1269457130017	0	RECOG_PRES	9	SHOE	1288	-999	P	708
1269457131099	0	RECOG_CR_PRES	9	SHOE	1288	-999	P	18
1269457131407	1	RECOG_FEEDBACK	1
1269457132132	0	RECOG_PRES	9	CHART	282	-999	P	1025
1269457133532	0	RECOG_CR_PRES	9	CHART	282	-999	P	57
1269457133891	1	RECOG_FEEDBACK	1
1269457134616	0	RECOG_PRES	9	VEGETABLE	1552	-999	P	605
1269457135590	0	RECOG_CR_PRES	9	VEGETABLE	1552	-999	P	63
1269457135940	1	RECOG_FEEDBACK	1
1269457136682	0	RECOG_PRES	9	BUYER	208	-999	P	643
1269457137699	0	RECOG_CR_PRES	9	BUYER	208	-999	P	50
1269457138057	1	RECOG_FEEDBACK	1
1269457138849	0	RECOG_PRES	9	BEAKER	104	-999	P	532
1269457139757	0	RECOG_CR_PRES	9	BEAKER	104	-999	P	40
1269457140090	1	RECOG_FEEDBACK	1
1269457140865	0	RECOG_PRES	9	THUMB	1462	-999	P	540
1269457141773	0	RECOG_CR_PRES	9	THUMB	1462	-999	P	233
1269457142240	1	RECOG_FEEDBACK	-1
1269457143008	0	RECOG_PRES	9	WALL	1582	-999	P	840
1269457144248	0	RECOG_CR_PRES	9	WALL	1582	-999	P	21
1269457144565	1	RECOG_FEEDBACK	1
1269457145331	0	RECOG_PRES	9	LAPEL	800	-999	P	658
1269457146365	0	RECOG_CR_PRES	9	LAPEL	800	-999	P	8
1269457146681	1	RECOG_FEEDBACK	1
1269457147448	0	RECOG_PRES	9	CONDUCTOR	362	-999	P	629
1269457148448	0	RECOG_CR_PRES	9	CONDUCTOR	362	-999	P	29
1269457148781	1	RECOG_FEEDBACK	1
1269457149531	0	RECOG_PRES	9	SOLDIER	1344	-999	P	546
1269457150439	0	RECOG_CR_PRES	9	SOLDIER	1344	-999	P	158
1269457150898	1	RECOG_FEEDBACK	0
1269457151639	0	RECOG_PRES	9	COACH	331	-999	P	862
1269457152873	0	RECOG_CR_PRES	9	COACH	331	-999	P	68
1269457153273	1	RECOG_FEEDBACK	1
1269457154015	0	RECOG_PRES	9	OUTLAW	989	-999	P	838
1269457155222	0	RECOG_CR_PRES	9	OUTLAW	989	-999	P	119
1269457155631	1	RECOG_FEEDBACK	1
1269457156431	0	RECOG_PRES	9	BLUEJAY	141	-999	P	926
1269457157731	0	RECOG_CR_PRES	9	BLUEJAY	141	-999	P	26
1269457158064	1	RECOG_FEEDBACK	1
1269457158789	0	RECOG_PRES	9	PANTHER	1009	-999	P	1616
1269457160780	0	RECOG_CR_PRES	9	PANTHER	1009	-999	P	249
1269457161397	1	RECOG_FEEDBACK	1
1269457162130	0	RECOG_PRES	9	LOG	841	-999	P	675
1269457163180	0	RECOG_CR_PRES	9	LOG	841	-999	P	89
1269457163564	1	RECOG_FEEDBACK	1
1269457164330	0	RECOG_PRES	9	BOXER	160	-999	P	1379
1269457166080	0	RECOG_CR_PRES	9	BOXER	160	-999	P	101
1269457166505	1	RECOG_FEEDBACK	0
1269457167313	0	RECOG_PRES	9	ANTELOPE	27	-999	P	1484
1269457169171	0	RECOG_CR_PRES	9	ANTELOPE	27	-999	P	98
1269457169596	1	RECOG_FEEDBACK	1
1269457170388	0	RECOG_PRES	9	FLANNEL	574	-999	P	529
1269457171288	0	RECOG_CR_PRES	9	FLANNEL	574	-999	P	37
1269457171621	1	RECOG_FEEDBACK	1
1269457176779	0	REST
1269457177898	1	REC_START
1269457177937	0	RECOG_PRES	10	HOSTAGE	722	-999	P	788
1269457179096	0	RECOG_CR_PRES	10	HOSTAGE	722	-999	P	501
1269457179896	1	RECOG_FEEDBACK	1
1269457180662	0	RECOG_PRES	10	MOAT	903	-999	P	639
1269457181670	0	RECOG_CR_PRES	10	MOAT	903	-999	P	359
1269457182320	1	RECOG_FEEDBACK	1
1269457183062	0	RECOG_PRES	10	PAINT	1003	-999	P	631
1269457184062	0	RECOG_CR_PRES	10	PAINT	1003	-999	P	191
1269457184529	1	RECOG_FEEDBACK	1
1269457185320	0	RECOG_PRES	10	HOUND	724	-999	P	709
1269457186403	0	RECOG_CR_PRES	10	HOUND	724	-999	P	106
1269457186803	1	RECOG_FEEDBACK	1
1269457187553	0	RECOG_PRES	10	SPARROW	1347	-999	P	972
1269457188895	0	RECOG_CR_PRES	10	SPARROW	1347	-999	P	102
1269457189303	1	RECOG_FEEDBACK	1
1269457190111	0	RECOG_PRES	10	SANDWICH	1232	-999	P	1278
1269457191761	0	RECOG_CR_PRES	10	SANDWICH	1232	-999	P	4
1269457192070	1	RECOG_FEEDBACK	1
1269457192845	0	RECOG_PRES	10	COMMUNITY	356	-999	P	792
1269457194004	0	RECOG_CR_PRES	10	COMMUNITY	356	-999	P	41
1269457194336	1	RECOG_FEEDBACK	1
1269457195119	0	RECOG_PRES	10	PENNY	1045	-999	P	950
1269457196444	0	RECOG_CR_PRES	10	PENNY	1045	-999	P	49
1269457196786	1	RECOG_FEEDBACK	1
1269457197528	0	RECOG_PRES	10	KITCHEN	778	-999	P	773
1269457198669	0	RECOG_CR_PRES	10	KITCHEN	778	-999	P	152
1269457199111	1	RECOG_FEEDBACK	1
1269457199852	0	RECOG_PRES	10	FIST	572	-999	P	937
1269457201169	0	RECOG_CR_PRES	10	FIST	572	-999	P	164
1269457201636	1	RECOG_FEEDBACK	1
1269457202411	0	RECOG_PRES	10	VOLLEYBALL	1576	-999	P	674
1269457203461	0	RECOG_CR_PRES	10	VOLLEYBALL	1576	-999	P	16
1269457203769	1	RECOG_FEEDBACK	1
1269457204560	0	RECOG_PRES	10	WAGON	1578	-999	P	653
1269457205585	0	RECOG_CR_PRES	10	WAGON	1578	-999	P	76
1269457205952	1	RECOG_FEEDBACK	1
1269457206685	0	RECOG_PRES	10	RUST	1219	-999	P	616
1269457207677	0	RECOG_CR_PRES	10	RUST	1219	-999	P	160
1269457208118	1	RECOG_FEEDBACK	1
1269457208918	0	RECOG_PRES	10	APARTMENT	30	-999	P	575
1269457209868	0	RECOG_CR_PRES	10	APARTMENT	30	-999	P	138
1269457210302	1	RECOG_FEEDBACK	1
1269457211102	0	RECOG_PRES	10	FLOWER	584	-999	P	1439
1269457212902	0	RECOG_CR_PRES	10	FLOWER	584	-999	P	159
1269457213385	1	RECOG_FEEDBACK	1
1269457214176	0	RECOG_PRES	10	PAIL	1002	-999	P	757
1269457215301	0	RECOG_CR_PRES	10	PAIL	1002	-999	P	72
1269457215676	1	RECOG_FEEDBACK	1
1269457216393	0	RECOG_PRES	10	FACE	547	-999	P	1228
1269457217993	0	RECOG_CR_PRES	10	FACE	547	-999	P	140
1269457218451	1	RECOG_FEEDBACK	1
1269457219176	0	RECOG_PRES	10	SAXOPHONE	1240	-999	P	877
1269457220426	0	RECOG_CR_PRES	10	SAXOPHONE	1240	-999	P	99
1269457220843	1	RECOG_FEEDBACK	1
1269457221584	0	RECOG_PRES	10	WAX	1597	-999	P	725
1269457222684	0	RECOG_CR_PRES	10	WAX	1597	-999	P	73
1269457223076	1	RECOG_FEEDBACK	1
1269457223817	0	RECOG_PRES	10	TUB	1514	-999	P	867
1269457225084	0	RECOG_CR_PRES	10	TUB	1514	-999	P	153
1269457225576	1	RECOG_FEEDBACK	0
1269457227384	0	REST
1269457228502	1	REC_START
1269457228534	0	RECOG_PRES	11	CHEEK	287	-999	P	1135
1269457230042	0	RECOG_CR_PRES	11	CHEEK	287	-999	P	75
1269457230434	1	RECOG_FEEDBACK	1
1269457231175	0	RECOG_PRES	11	GAZELLE	628	-999	P	958
1269457232508	0	RECOG_CR_PRES	11	GAZELLE	628	-999	P	25
1269457232833	1	RECOG_FEEDBACK	1
1269457233558	0	RECOG_PRES	11	CELLAR	267	-999	P	1791
1269457235717	0	RECOG_CR_PRES	11	CELLAR	267	-999	P	40
1269457236100	1	RECOG_FEEDBACK	0
1269457236858	0	RECOG_PRES	11	WINDSHIELD	1612	-999	P	1123
1269457238350	0	RECOG_CR_PRES	11	WINDSHIELD	1612	-999	P	63
1269457238725	1	RECOG_FEEDBACK	1
1269457239500	0	RECOG_PRES	11	SKYSCRAPER	1322	-999	P	1417
1269457241291	0	RECOG_CR_PRES	11	SKYSCRAPER	1322	-999	P	58
1269457241674	1	RECOG_FEEDBACK	0
1269457242458	0	RECOG_PRES	11	COMPASS	358	-999	P	971
1269457243799	0	RECOG_CR_PRES	11	COMPASS	358	-999	P	46
1269457244149	1	RECOG_FEEDBACK	1
1269457244932	0	RECOG_PRES	11	LILY	821	-999	P	769
1269457246074	0	RECOG_CR_PRES	11	LILY	821	-999	P	51
1269457246424	1	RECOG_FEEDBACK	1
1269457247207	0	RECOG_PRES	11	GUEST	669	-999	P	742
1269457248324	0	RECOG_CR_PRES	11	GUEST	669	-999	P	457
1269457249074	1	RECOG_FEEDBACK	1
1269457249799	0	RECOG_PRES	11	DOLPHIN	483	-999	P	1094
1269457251265	0	RECOG_CR_PRES	11	DOLPHIN	483	-999	P	18
1269457251599	1	RECOG_FEEDBACK	1
1269457252332	0	RECOG_PRES	11	TENT	1449	-999	P	1185
1269457253890	0	RECOG_CR_PRES	11	TENT	1449	-999	P	139
1269457254332	1	RECOG_FEEDBACK	1
1269457255140	0	RECOG_PRES	11	LOVER	846	-999	P	729
1269457256240	0	RECOG_CR_PRES	11	LOVER	846	-999	P	93
1269457256640	1	RECOG_FEEDBACK	1
1269457257423	0	RECOG_PRES	11	CATTLE	261	-999	P	826
1269457258648	0	RECOG_CR_PRES	11	CATTLE	261	-999	P	37
1269457259007	1	RECOG_FEEDBACK	1
1269457259773	0	RECOG_PRES	11	TOWER	1490	-999	P	832
1269457260981	0	RECOG_CR_PRES	11	TOWER	1490	-999	P	128
1269457261431	1	RECOG_FEEDBACK	1
1269457262214	0	RECOG_PRES	11	FORK	594	-999	P	935
1269457263514	0	RECOG_CR_PRES	11	FORK	594	-999	P	323
1269457264164	1	RECOG_FEEDBACK	0
1269457264881	0	RECOG_PRES	11	STALLION	1369	-999	P	956
1269457266206	0	RECOG_CR_PRES	11	STALLION	1369	-999	P	415
1269457266914	1	RECOG_FEEDBACK	1
1269457267631	0	RECOG_PRES	11	SKIN	1318	-999	P	790
1269457268797	0	RECOG_CR_PRES	11	SKIN	1318	-999	P	232
1269457269322	1	RECOG_FEEDBACK	1
1269457270064	0	RECOG_PRES	11	UNCLE	1536	-999	P	2085
1269457272522	0	RECOG_CR_PRES	11	UNCLE	1536	-999	P	155
1269457273023	1	RECOG_FEEDBACK	1
1269457273830	0	RECOG_PRES	11	DEODORANT	448	-999	P	1167
1269457275372	0	RECOG_CR_PRES	11	DEODORANT	448	-999	P	233
1269457275972	1	RECOG_FEEDBACK	1
1269457276755	0	RECOG_PRES	11	KNUCKLE	789	-999	P	1306
1269457278430	0	RECOG_CR_PRES	11	KNUCKLE	789	-999	P	63
1269457278805	1	RECOG_FEEDBACK	1
1269457279547	0	RECOG_PRES	11	TEAPOT	1442	-999	P	674
1269457280596	0	RECOG_CR_PRES	11	TEAPOT	1442	-999	P	65
1269457280955	1	RECOG_FEEDBACK	1
1269457281777	0	RECOG_END
1269457292479	0	SESS_END
1269457292520	0	E	Logging Ends
