1272044797517	0	B	Logging Begins
1272044797518	0	SESS_START	18
1272044832614	1	FR_PRES	0	SLIME	1327	0	0	1309	(0.57740000000000002, 0.41289999999999999, 1.0)	../fonts/zerothre.ttf	lower
1272044836747	1	FR_PRES	0	OTTER	986	0	1	1441	(0.57740000000000002, 0.41289999999999999, 1.0)	../fonts/zerothre.ttf	lower
1272044840655	1	FR_PRES	0	PORCUPINE	1107	0	1	828	(0.57740000000000002, 0.41289999999999999, 1.0)	../fonts/zerothre.ttf	lower
1272044844496	1	FR_PRES	0	EAGLE	512	0	1	995	(0.57740000000000002, 0.41289999999999999, 1.0)	../fonts/zerothre.ttf	lower
1272044848346	1	FR_PRES	0	QUAIL	1147	1	1	1161	(0.42259999999999998, 0.58709999999999996, 0)	../fonts/amplitud.ttf	upper
1272044852446	1	FR_PRES	0	POT	1114	1	0	1181	(0.42259999999999998, 0.58709999999999996, 0)	../fonts/amplitud.ttf	upper
1272044856279	1	FR_PRES	0	TELEVISION	1447	1	0	1092	(0.42259999999999998, 0.58709999999999996, 0)	../fonts/amplitud.ttf	upper
1272044860262	1	FR_PRES	0	MILDEW	893	0	0	1934	(0.57740000000000002, 0.41289999999999999, 1.0)	../fonts/zerothre.ttf	lower
1272044864286	1	FR_PRES	0	EMERALD	528	0	0	1381	(0.57740000000000002, 0.41289999999999999, 1.0)	../fonts/zerothre.ttf	lower
1272044868244	1	FR_PRES	0	RICE	1190	0	0	1655	(0.57740000000000002, 0.41289999999999999, 1.0)	../fonts/zerothre.ttf	lower
1272044872386	1	FR_PRES	0	COMPUTER	359	0	1	1017	(0.57740000000000002, 0.41289999999999999, 1.0)	../fonts/zerothre.ttf	lower
1272044876377	1	FR_PRES	0	RIDER	1191	1	1	1731	(0.42259999999999998, 0.58709999999999996, 0)	../fonts/amplitud.ttf	upper
1272044880360	1	FR_PRES	0	ORCHID	982	1	1	1107	(0.42259999999999998, 0.58709999999999996, 0)	../fonts/amplitud.ttf	upper
1272044884552	1	FR_PRES	0	TECHNICIAN	1443	1	1	747	(0.42259999999999998, 0.58709999999999996, 0)	../fonts/amplitud.ttf	upper
1272044888610	1	FR_PRES	0	SATURN	1236	1	0	1305	(0.42259999999999998, 0.58709999999999996, 0)	../fonts/amplitud.ttf	upper
1272044892784	1	FR_PRES	0	VEHICLE	1553	1	0	923	(0.42259999999999998, 0.58709999999999996, 0)	../fonts/amplitud.ttf	upper
1272044898801	1	REC_START
1272044911036	0	REJECT
1272044917651	0	REJECT
1272044925747	0	REJECT
1272044975021	0	REST
1272044976528	1	FR_PRES	1	KING	777	1	1	1187	(0.42259999999999998, 0.58709999999999996, 0)	../fonts/amplitud.ttf	upper
1272044980636	1	FR_PRES	1	POPE	1105	1	1	855	(0.42259999999999998, 0.58709999999999996, 0)	../fonts/amplitud.ttf	upper
1272044984811	1	FR_PRES	1	BOWL	158	1	0	728	(0.42259999999999998, 0.58709999999999996, 0)	../fonts/amplitud.ttf	upper
1272044988911	1	FR_PRES	1	PRODUCER	1129	1	1	916	(0.42259999999999998, 0.58709999999999996, 0)	../fonts/amplitud.ttf	upper
1272044993111	1	FR_PRES	1	SUNRISE	1407	1	0	1244	(0.42259999999999998, 0.58709999999999996, 0)	../fonts/amplitud.ttf	upper
1272044997302	1	FR_PRES	1	FEAST	556	0	0	1189	(0.57740000000000002, 0.41289999999999999, 1.0)	../fonts/zerothre.ttf	lower
1272045001418	1	FR_PRES	1	RADIATOR	1156	0	1	1177	(0.57740000000000002, 0.41289999999999999, 1.0)	../fonts/zerothre.ttf	lower
1272045005376	1	FR_PRES	1	STALLION	1369	0	1	1644	(0.57740000000000002, 0.41289999999999999, 1.0)	../fonts/zerothre.ttf	lower
1272045009317	1	FR_PRES	1	HAY	693	0	0	2030	(0.57740000000000002, 0.41289999999999999, 1.0)	../fonts/zerothre.ttf	lower
1272045013392	1	FR_PRES	1	MECHANIC	884	0	1	1075	(0.57740000000000002, 0.41289999999999999, 1.0)	../fonts/zerothre.ttf	lower
1272045017317	1	FR_PRES	1	KNEE	784	1	1	1815	(0.42259999999999998, 0.58709999999999996, 0)	../fonts/amplitud.ttf	upper
1272045021242	1	FR_PRES	1	STAR	1373	1	0	1641	(0.42259999999999998, 0.58709999999999996, 0)	../fonts/amplitud.ttf	upper
1272045025383	1	FR_PRES	1	ASTRONAUT	51	1	1	876	(0.42259999999999998, 0.58709999999999996, 0)	../fonts/amplitud.ttf	upper
1272045029583	1	FR_PRES	1	COCOON	339	0	0	1236	(0.57740000000000002, 0.41289999999999999, 1.0)	../fonts/zerothre.ttf	lower
1272045033449	1	FR_PRES	1	FLANNEL	574	0	0	2482	(0.57740000000000002, 0.41289999999999999, 1.0)	../fonts/zerothre.ttf	lower
1272045037515	1	FR_PRES	1	COAT	333	0	1	904	(0.57740000000000002, 0.41289999999999999, 1.0)	../fonts/zerothre.ttf	lower
1272045043249	1	REC_START
1272045064883	0	REJECT
1272045066531	0	REJECT
1272045087747	0	REJECT
1272045116963	0	REJECT
1272045120152	0	REST
1272045121659	1	FR_PRES	2	PUPIL	1143	-1	-1	-1272045121659	white	../fonts/Verdana.ttf	upper
1272045125484	1	FR_PRES	2	CLASS	318	-1	-1	-1272045125484	white	../fonts/Verdana.ttf	upper
1272045129400	1	FR_PRES	2	CUSHION	428	-1	-1	-1272045129400	white	../fonts/Verdana.ttf	upper
1272045133275	1	FR_PRES	2	ACID	2	-1	-1	-1272045133275	white	../fonts/Verdana.ttf	upper
1272045137366	1	FR_PRES	2	BASKETBALL	96	-1	-1	-1272045137366	white	../fonts/Verdana.ttf	upper
1272045141424	1	FR_PRES	2	METEOR	889	-1	-1	-1272045141424	white	../fonts/Verdana.ttf	upper
1272045145566	1	FR_PRES	2	ALMOND	18	-1	-1	-1272045145566	white	../fonts/Verdana.ttf	upper
1272045149640	1	FR_PRES	2	OCTOPUS	971	-1	-1	-1272045149640	white	../fonts/Verdana.ttf	upper
1272045153748	1	FR_PRES	2	STOOL	1386	-1	-1	-1272045153748	white	../fonts/Verdana.ttf	upper
1272045157715	1	FR_PRES	2	LAWYER	806	-1	-1	-1272045157715	white	../fonts/Verdana.ttf	upper
1272045161631	1	FR_PRES	2	TELESCOPE	1446	-1	-1	-1272045161631	white	../fonts/Verdana.ttf	upper
1272045165756	1	FR_PRES	2	PRESIDENT	1121	-1	-1	-1272045165756	white	../fonts/Verdana.ttf	upper
1272045169814	1	FR_PRES	2	PERFUME	1049	-1	-1	-1272045169814	white	../fonts/Verdana.ttf	upper
1272045173722	1	FR_PRES	2	SKUNK	1321	-1	-1	-1272045173722	white	../fonts/Verdana.ttf	upper
1272045177697	1	FR_PRES	2	SKILLET	1317	-1	-1	-1272045177697	white	../fonts/Verdana.ttf	upper
1272045181746	1	FR_PRES	2	MEAL	882	-1	-1	-1272045181746	white	../fonts/Verdana.ttf	upper
1272045187313	1	REC_START
1272045210507	0	REJECT
1272045214475	0	REJECT
1272045252619	0	REJECT
1272045262140	0	REJECT
1272045263549	0	REST
1272045265050	1	FR_PRES	3	SIDING	1304	1	0	1425	(0.42259999999999998, 0.58709999999999996, 0)	../fonts/amplitud.ttf	upper
1272045269016	1	FR_PRES	3	DRAWING	494	1	0	1307	(0.42259999999999998, 0.58709999999999996, 0)	../fonts/amplitud.ttf	upper
1272045273049	1	FR_PRES	3	THUMB	1462	1	1	1186	(0.42259999999999998, 0.58709999999999996, 0)	../fonts/amplitud.ttf	upper
1272045276906	1	FR_PRES	3	PONY	1102	1	1	1234	(0.42259999999999998, 0.58709999999999996, 0)	../fonts/amplitud.ttf	upper
1272045281015	1	FR_PRES	3	RANCH	1166	1	0	1756	(0.42259999999999998, 0.58709999999999996, 0)	../fonts/amplitud.ttf	upper
1272045284914	1	FR_PRES	3	GYMNAST	675	1	1	857	(0.42259999999999998, 0.58709999999999996, 0)	../fonts/amplitud.ttf	upper
1272045289023	1	FR_PRES	3	BARN	89	1	0	1292	(0.42259999999999998, 0.58709999999999996, 0)	../fonts/amplitud.ttf	upper
1272045292946	1	FR_PRES	3	CONTRACTOR	369	1	1	1553	(0.42259999999999998, 0.58709999999999996, 0)	../fonts/amplitud.ttf	upper
1272045297106	1	FR_PRES	3	SWIMMER	1420	1	1	737	(0.42259999999999998, 0.58709999999999996, 0)	../fonts/amplitud.ttf	upper
1272045300988	1	FR_PRES	3	OCEAN	970	1	0	1104	(0.42259999999999998, 0.58709999999999996, 0)	../fonts/amplitud.ttf	upper
1272045304829	1	FR_PRES	3	DIRT	472	1	0	1526	(0.42259999999999998, 0.58709999999999996, 0)	../fonts/amplitud.ttf	upper
1272045308912	1	FR_PRES	3	SPOOL	1356	1	0	1347	(0.42259999999999998, 0.58709999999999996, 0)	../fonts/amplitud.ttf	upper
1272045312945	1	FR_PRES	3	COTTAGE	384	1	0	1402	(0.42259999999999998, 0.58709999999999996, 0)	../fonts/amplitud.ttf	upper
1272045316853	1	FR_PRES	3	PICTURE	1061	1	0	1030	(0.42259999999999998, 0.58709999999999996, 0)	../fonts/amplitud.ttf	upper
1272045320844	1	FR_PRES	3	HALL	677	1	0	887	(0.42259999999999998, 0.58709999999999996, 0)	../fonts/amplitud.ttf	upper
1272045324736	1	FR_PRES	3	RESORT	1186	1	0	1452	(0.42259999999999998, 0.58709999999999996, 0)	../fonts/amplitud.ttf	upper
1272045330486	1	REC_START
1272045378531	0	REJECT
1272045406780	0	REST
1272045408288	1	FR_PRES	4	LOG	841	1	0	1852	(0.42259999999999998, 0.58709999999999996, 0)	../fonts/amplitud.ttf	upper
1272045412463	1	FR_PRES	4	ACORN	3	1	1	804	(0.42259999999999998, 0.58709999999999996, 0)	../fonts/amplitud.ttf	upper
1272045416629	1	FR_PRES	4	SEA	1259	1	0	1030	(0.42259999999999998, 0.58709999999999996, 0)	../fonts/amplitud.ttf	upper
1272045420604	1	FR_PRES	4	STREET	1393	1	0	1255	(0.42259999999999998, 0.58709999999999996, 0)	../fonts/amplitud.ttf	upper
1272045424687	1	FR_PRES	4	CHICKEN	297	1	1	908	(0.42259999999999998, 0.58709999999999996, 0)	../fonts/amplitud.ttf	upper
1272045428895	1	FR_PRES	4	ROOSTER	1209	1	1	1109	(0.42259999999999998, 0.58709999999999996, 0)	../fonts/amplitud.ttf	upper
1272045433029	1	FR_PRES	4	BUTCHER	203	1	1	814	(0.42259999999999998, 0.58709999999999996, 0)	../fonts/amplitud.ttf	upper
1272045437170	1	FR_PRES	4	TUNA	1518	1	1	1113	(0.42259999999999998, 0.58709999999999996, 0)	../fonts/amplitud.ttf	upper
1272045441170	1	FR_PRES	4	COLESLAW	344	1	0	1313	(0.42259999999999998, 0.58709999999999996, 0)	../fonts/amplitud.ttf	upper
1272045445161	1	FR_PRES	4	MARBLE	867	1	0	1146	(0.42259999999999998, 0.58709999999999996, 0)	../fonts/amplitud.ttf	upper
1272045448993	1	FR_PRES	4	SAXOPHONE	1240	1	0	1011	(0.42259999999999998, 0.58709999999999996, 0)	../fonts/amplitud.ttf	upper
1272045453127	1	FR_PRES	4	VITAMIN	1574	1	0	1204	(0.42259999999999998, 0.58709999999999996, 0)	../fonts/amplitud.ttf	upper
1272045456951	1	FR_PRES	4	UMPIRE	1535	1	0	1268	(0.42259999999999998, 0.58709999999999996, 0)	../fonts/amplitud.ttf	upper
1272045461002	1	FR_PRES	4	ARENA	37	1	0	865	(0.42259999999999998, 0.58709999999999996, 0)	../fonts/amplitud.ttf	upper
1272045465193	1	FR_PRES	4	SUPPER	1411	1	0	875	(0.42259999999999998, 0.58709999999999996, 0)	../fonts/amplitud.ttf	upper
1272045469292	1	FR_PRES	4	CURB	426	1	0	888	(0.42259999999999998, 0.58709999999999996, 0)	../fonts/amplitud.ttf	upper
1272045475060	1	REC_START
1272045551204	0	REST
1272045552711	1	FR_PRES	5	ANTEATER	26	0	1	1333	(0.57740000000000002, 0.41289999999999999, 1.0)	../fonts/zerothre.ttf	lower
1272045556660	1	FR_PRES	5	BANDANNA	80	0	0	1871	(0.57740000000000002, 0.41289999999999999, 1.0)	../fonts/zerothre.ttf	lower
1272045560752	1	FR_PRES	5	BERRY	122	0	1	1731	(0.57740000000000002, 0.41289999999999999, 1.0)	../fonts/zerothre.ttf	lower
1272045564693	1	FR_PRES	5	VIKING	1565	1	1	1198	(0.42259999999999998, 0.58709999999999996, 0)	../fonts/amplitud.ttf	upper
1272045568593	1	FR_PRES	5	SAILOR	1223	1	1	1475	(0.42259999999999998, 0.58709999999999996, 0)	../fonts/amplitud.ttf	upper
1272045572643	1	FR_PRES	5	APPLE	33	1	1	1728	(0.42259999999999998, 0.58709999999999996, 0)	../fonts/amplitud.ttf	upper
1272045576834	1	FR_PRES	5	CROCODILE	411	1	1	1145	(0.42259999999999998, 0.58709999999999996, 0)	../fonts/amplitud.ttf	upper
1272045580917	1	FR_PRES	5	CACTUS	215	1	1	1374	(0.42259999999999998, 0.58709999999999996, 0)	../fonts/amplitud.ttf	upper
1272045584842	1	FR_PRES	5	KEEPER	769	0	1	1553	(0.57740000000000002, 0.41289999999999999, 1.0)	../fonts/zerothre.ttf	lower
1272045589026	1	FR_PRES	5	COMMUNITY	356	0	1	2617	(0.57740000000000002, 0.41289999999999999, 1.0)	../fonts/zerothre.ttf	lower
1272045592941	1	FR_PRES	5	TRANSPLANT	1496	0	0	1255	(0.57740000000000002, 0.41289999999999999, 1.0)	../fonts/zerothre.ttf	lower
1272045597017	1	FR_PRES	5	WAREHOUSE	1588	0	1	1250	(0.57740000000000002, 0.41289999999999999, 1.0)	../fonts/zerothre.ttf	lower
1272045600874	1	FR_PRES	5	PACKAGE	997	0	0	1521	(0.57740000000000002, 0.41289999999999999, 1.0)	../fonts/zerothre.ttf	lower
1272045605058	1	FR_PRES	5	POCKET	1093	1	0	1185	(0.42259999999999998, 0.58709999999999996, 0)	../fonts/amplitud.ttf	upper
1272045609141	1	FR_PRES	5	OWL	992	1	1	1927	(0.42259999999999998, 0.58709999999999996, 0)	../fonts/amplitud.ttf	upper
1272045613141	1	FR_PRES	5	ARTICLE	42	1	0	846	(0.42259999999999998, 0.58709999999999996, 0)	../fonts/amplitud.ttf	upper
1272045618973	1	REC_START
1272045635619	0	REJECT
1272045672227	0	REJECT
1272045676092	0	REJECT
1272045682827	0	REJECT
1272045695700	0	REST
1272045697201	1	FR_PRES	6	GLUE	643	1	0	770	(0.42259999999999998, 0.58709999999999996, 0)	../fonts/amplitud.ttf	upper
1272045701358	1	FR_PRES	6	CAKE	219	1	0	973	(0.42259999999999998, 0.58709999999999996, 0)	../fonts/amplitud.ttf	upper
1272045705283	1	FR_PRES	6	MINT	898	0	0	1897	(0.57740000000000002, 0.41289999999999999, 1.0)	../fonts/zerothre.ttf	lower
1272045709299	1	FR_PRES	6	FLEA	577	0	0	1048	(0.57740000000000002, 0.41289999999999999, 1.0)	../fonts/zerothre.ttf	lower
1272045713167	1	FR_PRES	6	ELBOW	520	0	0	1516	(0.57740000000000002, 0.41289999999999999, 1.0)	../fonts/zerothre.ttf	lower
1272045717066	1	FR_PRES	6	LADY	794	0	1	1513	(0.57740000000000002, 0.41289999999999999, 1.0)	../fonts/zerothre.ttf	lower
1272045721008	1	FR_PRES	6	WHALE	1601	0	1	1403	(0.57740000000000002, 0.41289999999999999, 1.0)	../fonts/zerothre.ttf	lower
1272045724981	1	FR_PRES	6	SCULPTURE	1258	1	0	1902	(0.42259999999999998, 0.58709999999999996, 0)	../fonts/amplitud.ttf	upper
1272045729182	1	FR_PRES	6	PUPPY	1144	1	1	942	(0.42259999999999998, 0.58709999999999996, 0)	../fonts/amplitud.ttf	upper
1272045733032	1	FR_PRES	6	PRUNE	1134	1	0	1491	(0.42259999999999998, 0.58709999999999996, 0)	../fonts/amplitud.ttf	upper
1272045737222	1	FR_PRES	6	MONUMENT	913	1	0	926	(0.42259999999999998, 0.58709999999999996, 0)	../fonts/amplitud.ttf	upper
1272045741272	1	FR_PRES	6	FLOOR	581	0	1	2355	(0.57740000000000002, 0.41289999999999999, 1.0)	../fonts/zerothre.ttf	lower
1272045745181	1	FR_PRES	6	MOP	916	0	1	1742	(0.57740000000000002, 0.41289999999999999, 1.0)	../fonts/zerothre.ttf	lower
1272045749164	1	FR_PRES	6	PICKLE	1059	0	0	1495	(0.57740000000000002, 0.41289999999999999, 1.0)	../fonts/zerothre.ttf	lower
1272045753371	1	FR_PRES	6	BRAIN	165	1	1	1448	(0.42259999999999998, 0.58709999999999996, 0)	../fonts/amplitud.ttf	upper
1272045757521	1	FR_PRES	6	PHILOSOPHER	1054	1	1	595	(0.42259999999999998, 0.58709999999999996, 0)	../fonts/amplitud.ttf	upper
1272045763429	1	REC_START
1272045798675	0	REJECT
1272045830883	0	REJECT
1272045839798	0	REST
1272045841306	1	FR_PRES	7	RESTAURANT	1187	1	0	1289	(0.42259999999999998, 0.58709999999999996, 0)	../fonts/amplitud.ttf	upper
1272045845198	1	FR_PRES	7	DRAWER	493	1	0	1253	(0.42259999999999998, 0.58709999999999996, 0)	../fonts/amplitud.ttf	upper
1272045849305	1	FR_PRES	7	HIP	710	1	1	1578	(0.42259999999999998, 0.58709999999999996, 0)	../fonts/amplitud.ttf	upper
1272045853131	1	FR_PRES	7	DINNER	468	1	0	1408	(0.42259999999999998, 0.58709999999999996, 0)	../fonts/amplitud.ttf	upper
1272045857280	1	FR_PRES	7	DIGGER	464	1	1	1531	(0.42259999999999998, 0.58709999999999996, 0)	../fonts/amplitud.ttf	upper
1272045861313	1	FR_PRES	7	SENATE	1267	1	1	994	(0.42259999999999998, 0.58709999999999996, 0)	../fonts/amplitud.ttf	upper
1272045865155	1	FR_PRES	7	THRONE	1461	1	0	1528	(0.42259999999999998, 0.58709999999999996, 0)	../fonts/amplitud.ttf	upper
1272045869163	1	FR_PRES	7	SKIN	1318	1	1	1600	(0.42259999999999998, 0.58709999999999996, 0)	../fonts/amplitud.ttf	upper
1272045872970	1	FR_PRES	7	BREAST	171	1	1	1090	(0.42259999999999998, 0.58709999999999996, 0)	../fonts/amplitud.ttf	upper
1272045876953	1	FR_PRES	7	KITTEN	780	1	1	1211	(0.42259999999999998, 0.58709999999999996, 0)	../fonts/amplitud.ttf	upper
1272045880787	1	FR_PRES	7	TRIANGLE	1504	1	0	1560	(0.42259999999999998, 0.58709999999999996, 0)	../fonts/amplitud.ttf	upper
1272045884795	1	FR_PRES	7	AIRCRAFT	11	1	0	1289	(0.42259999999999998, 0.58709999999999996, 0)	../fonts/amplitud.ttf	upper
1272045888828	1	FR_PRES	7	PASSENGER	1020	1	1	1479	(0.42259999999999998, 0.58709999999999996, 0)	../fonts/amplitud.ttf	upper
1272045892644	1	FR_PRES	7	HOE	711	1	0	1327	(0.42259999999999998, 0.58709999999999996, 0)	../fonts/amplitud.ttf	upper
1272045896844	1	FR_PRES	7	LENS	811	1	0	895	(0.42259999999999998, 0.58709999999999996, 0)	../fonts/amplitud.ttf	upper
1272045900885	1	FR_PRES	7	EYE	545	1	1	1295	(0.42259999999999998, 0.58709999999999996, 0)	../fonts/amplitud.ttf	upper
1272045906760	1	REC_START
1272045924667	0	REJECT
1272045934739	0	REJECT
1272045974747	0	REJECT
1272045977212	0	REJECT
1272045979539	0	REJECT
1272045983437	0	REST
1272045984945	1	FR_PRES	8	CLAW	319	-1	-1	-1272045984945	white	../fonts/Verdana.ttf	upper
1272045988762	1	FR_PRES	8	CITRUS	313	-1	-1	-1272045988762	white	../fonts/Verdana.ttf	upper
1272045992920	1	FR_PRES	8	STEW	1380	-1	-1	-1272045992920	white	../fonts/Verdana.ttf	upper
1272045996886	1	FR_PRES	8	BISON	131	-1	-1	-1272045996886	white	../fonts/Verdana.ttf	upper
1272046001004	1	FR_PRES	8	PLAID	1080	-1	-1	-1272046001004	white	../fonts/Verdana.ttf	upper
1272046005037	1	FR_PRES	8	SANDWICH	1232	-1	-1	-1272046005037	white	../fonts/Verdana.ttf	upper
1272046009103	1	FR_PRES	8	PUMPKIN	1142	-1	-1	-1272046009103	white	../fonts/Verdana.ttf	upper
1272046013252	1	FR_PRES	8	LODGE	839	-1	-1	-1272046013252	white	../fonts/Verdana.ttf	upper
1272046017276	1	FR_PRES	8	CHAMBER	277	-1	-1	-1272046017276	white	../fonts/Verdana.ttf	upper
1272046021127	1	FR_PRES	8	LADDER	793	-1	-1	-1272046021127	white	../fonts/Verdana.ttf	upper
1272046025102	1	FR_PRES	8	PATIENT	1024	-1	-1	-1272046025102	white	../fonts/Verdana.ttf	upper
1272046029225	1	FR_PRES	8	OFFICE	972	-1	-1	-1272046029225	white	../fonts/Verdana.ttf	upper
1272046033334	1	FR_PRES	8	CAR	241	-1	-1	-1272046033334	white	../fonts/Verdana.ttf	upper
1272046037367	1	FR_PRES	8	AUTOMOBILE	62	-1	-1	-1272046037367	white	../fonts/Verdana.ttf	upper
1272046041209	1	FR_PRES	8	BEAN	105	-1	-1	-1272046041209	white	../fonts/Verdana.ttf	upper
1272046045224	1	FR_PRES	8	RECIPE	1175	-1	-1	-1272046045224	white	../fonts/Verdana.ttf	upper
1272046051151	1	REC_START
1272046055779	0	REJECT
1272046068250	0	REJECT
1272046125044	0	REJECT
1272046127618	0	REST
1272046129119	1	FR_PRES	9	HUT	729	-1	-1	-1272046129119	white	../fonts/Verdana.ttf	upper
1272046133086	1	FR_PRES	9	FRECKLE	602	-1	-1	-1272046133086	white	../fonts/Verdana.ttf	upper
1272046136951	1	FR_PRES	9	DIVER	476	-1	-1	-1272046136951	white	../fonts/Verdana.ttf	upper
1272046140767	1	FR_PRES	9	TOTE	1487	-1	-1	-1272046140767	white	../fonts/Verdana.ttf	upper
1272046144934	1	FR_PRES	9	LAMP	798	-1	-1	-1272046144934	white	../fonts/Verdana.ttf	upper
1272046149001	1	FR_PRES	9	CARROT	249	-1	-1	-1272046149001	white	../fonts/Verdana.ttf	upper
1272046153159	1	FR_PRES	9	PICNIC	1060	-1	-1	-1272046153159	white	../fonts/Verdana.ttf	upper
1272046157308	1	FR_PRES	9	LOBSTER	837	-1	-1	-1272046157308	white	../fonts/Verdana.ttf	upper
1272046161382	1	FR_PRES	9	DIAPER	459	-1	-1	-1272046161382	white	../fonts/Verdana.ttf	upper
1272046165365	1	FR_PRES	9	CARRIAGE	248	-1	-1	-1272046165365	white	../fonts/Verdana.ttf	upper
1272046169307	1	FR_PRES	9	ALLIGATOR	16	-1	-1	-1272046169307	white	../fonts/Verdana.ttf	upper
1272046173390	1	FR_PRES	9	HANDBAG	684	-1	-1	-1272046173390	white	../fonts/Verdana.ttf	upper
1272046177214	1	FR_PRES	9	RADISH	1158	-1	-1	-1272046177214	white	../fonts/Verdana.ttf	upper
1272046181140	1	FR_PRES	9	FIN	566	-1	-1	-1272046181140	white	../fonts/Verdana.ttf	upper
1272046185032	1	FR_PRES	9	BROOK	177	-1	-1	-1272046185032	white	../fonts/Verdana.ttf	upper
1272046189140	1	FR_PRES	9	LAKE	796	-1	-1	-1272046189140	white	../fonts/Verdana.ttf	upper
1272046195015	1	REC_START
1272046207435	0	REJECT
1272046227299	0	REJECT
1272046271633	0	REST
1272046273133	1	FR_PRES	10	CHIPMUNK	304	1	1	830	(0.42259999999999998, 0.58709999999999996, 0)	../fonts/amplitud.ttf	upper
1272046277299	1	FR_PRES	10	PANTS	1010	1	0	1672	(0.42259999999999998, 0.58709999999999996, 0)	../fonts/amplitud.ttf	upper
1272046281240	1	FR_PRES	10	SHINGLE	1285	1	0	1451	(0.42259999999999998, 0.58709999999999996, 0)	../fonts/amplitud.ttf	upper
1272046285415	1	FR_PRES	10	SISTER	1312	1	1	1044	(0.42259999999999998, 0.58709999999999996, 0)	../fonts/amplitud.ttf	upper
1272046289598	1	FR_PRES	10	SKULL	1320	0	0	1606	(0.57740000000000002, 0.41289999999999999, 1.0)	../fonts/zerothre.ttf	lower
1272046293664	1	FR_PRES	10	KIDNEY	776	0	0	1811	(0.57740000000000002, 0.41289999999999999, 1.0)	../fonts/zerothre.ttf	lower
1272046297481	1	FR_PRES	10	CHECK	284	0	0	1138	(0.57740000000000002, 0.41289999999999999, 1.0)	../fonts/zerothre.ttf	lower
1272046301372	1	FR_PRES	10	CASHIER	254	0	1	1671	(0.57740000000000002, 0.41289999999999999, 1.0)	../fonts/zerothre.ttf	lower
1272046305230	1	FR_PRES	10	MANSION	864	1	0	2229	(0.42259999999999998, 0.58709999999999996, 0)	../fonts/amplitud.ttf	upper
1272046309221	1	FR_PRES	10	ROOF	1205	1	-999	3001	(0.42259999999999998, 0.58709999999999996, 0)	../fonts/amplitud.ttf	upper
1272046312246	1	SLOW_MSG
1272046314588	1	FR_PRES	10	ASSOCIATE	49	1	1	1311	(0.42259999999999998, 0.58709999999999996, 0)	../fonts/amplitud.ttf	upper
1272046318421	1	FR_PRES	10	GRAPE	654	1	1	1583	(0.42259999999999998, 0.58709999999999996, 0)	../fonts/amplitud.ttf	upper
1272046322595	1	FR_PRES	10	TREE	1502	0	0	1168	(0.57740000000000002, 0.41289999999999999, 1.0)	../fonts/zerothre.ttf	lower
1272046326637	1	FR_PRES	10	BROTHER	179	0	1	1431	(0.57740000000000002, 0.41289999999999999, 1.0)	../fonts/zerothre.ttf	lower
1272046330487	1	FR_PRES	10	CARPET	247	0	1	1748	(0.57740000000000002, 0.41289999999999999, 1.0)	../fonts/zerothre.ttf	lower
1272046334628	1	FR_PRES	10	SPOUSE	1358	0	1	1639	(0.57740000000000002, 0.41289999999999999, 1.0)	../fonts/zerothre.ttf	lower
1272046340378	1	REC_START
1272046356331	0	REJECT
1272046396883	0	REJECT
1272046410595	0	REJECT
1272046416913	0	REST
1272046418413	1	FR_PRES	11	KNIGHT	786	-1	-1	-1272046418413	white	../fonts/Verdana.ttf	upper
1272046422288	1	FR_PRES	11	ANKLE	24	-1	-1	-1272046422288	white	../fonts/Verdana.ttf	upper
1272046426114	1	FR_PRES	11	SOCK	1339	-1	-1	-1272046426114	white	../fonts/Verdana.ttf	upper
1272046429946	1	FR_PRES	11	SNEAKER	1334	-1	-1	-1272046429946	white	../fonts/Verdana.ttf	upper
1272046433912	1	FR_PRES	11	POSSUM	1112	-1	-1	-1272046433912	white	../fonts/Verdana.ttf	upper
1272046437787	1	FR_PRES	11	WHEAT	1602	-1	-1	-1272046437787	white	../fonts/Verdana.ttf	upper
1272046441745	1	FR_PRES	11	BREAD	170	-1	-1	-1272046441745	white	../fonts/Verdana.ttf	upper
1272046445761	1	FR_PRES	11	RADIO	1157	-1	-1	-1272046445761	white	../fonts/Verdana.ttf	upper
1272046449903	1	FR_PRES	11	GUARD	667	-1	-1	-1272046449903	white	../fonts/Verdana.ttf	upper
1272046454037	1	FR_PRES	11	FOOT	590	-1	-1	-1272046454037	white	../fonts/Verdana.ttf	upper
1272046458235	1	FR_PRES	11	HARP	689	-1	-1	-1272046458235	white	../fonts/Verdana.ttf	upper
1272046462268	1	FR_PRES	11	BUTTER	205	-1	-1	-1272046462268	white	../fonts/Verdana.ttf	upper
1272046466102	1	FR_PRES	11	SALESMAN	1225	-1	-1	-1272046466102	white	../fonts/Verdana.ttf	upper
1272046470152	1	FR_PRES	11	HOUND	724	-1	-1	-1272046470152	white	../fonts/Verdana.ttf	upper
1272046473992	1	FR_PRES	11	SPIT	1354	-1	-1	-1272046473992	white	../fonts/Verdana.ttf	upper
1272046477976	1	FR_PRES	11	VIRUS	1572	-1	-1	-1272046477976	white	../fonts/Verdana.ttf	upper
1272046483968	1	REC_START
1272046516619	0	REJECT
1272046518867	0	REJECT
1272046543603	0	REJECT
1272046559578	1	REST_REWET
1272046978788	0	REST
1272046980297	1	FR_PRES	12	BALLERINA	74	0	1	1106	(0.57740000000000002, 0.41289999999999999, 1.0)	../fonts/zerothre.ttf	lower
1272046984438	1	FR_PRES	12	LUMBER	848	0	1	1774	(0.57740000000000002, 0.41289999999999999, 1.0)	../fonts/zerothre.ttf	lower
1272046988488	1	FR_PRES	12	ANT	25	0	0	731	(0.57740000000000002, 0.41289999999999999, 1.0)	../fonts/zerothre.ttf	lower
1272046992421	1	FR_PRES	12	SPACE	1345	0	1	1230	(0.57740000000000002, 0.41289999999999999, 1.0)	../fonts/zerothre.ttf	lower
1272046996495	1	FR_PRES	12	OZONE	996	0	1	1084	(0.57740000000000002, 0.41289999999999999, 1.0)	../fonts/zerothre.ttf	lower
1272047000437	1	FR_PRES	12	GLASSES	640	0	0	1406	(0.57740000000000002, 0.41289999999999999, 1.0)	../fonts/zerothre.ttf	lower
1272047004645	1	FR_PRES	12	SAW	1239	0	1	1198	(0.57740000000000002, 0.41289999999999999, 1.0)	../fonts/zerothre.ttf	lower
1272047008519	1	FR_PRES	12	MAMMAL	861	0	1	1332	(0.57740000000000002, 0.41289999999999999, 1.0)	../fonts/zerothre.ttf	lower
1272047012469	1	FR_PRES	12	MONASTERY	907	0	1	878	(0.57740000000000002, 0.41289999999999999, 1.0)	../fonts/zerothre.ttf	lower
1272047016511	1	FR_PRES	12	TUTU	1524	0	0	1356	(0.57740000000000002, 0.41289999999999999, 1.0)	../fonts/zerothre.ttf	lower
1272047020335	1	FR_PRES	12	DILL	465	0	0	797	(0.57740000000000002, 0.41289999999999999, 1.0)	../fonts/zerothre.ttf	lower
1272047024318	1	FR_PRES	12	SALT	1229	0	0	878	(0.57740000000000002, 0.41289999999999999, 1.0)	../fonts/zerothre.ttf	lower
1272047028418	1	FR_PRES	12	VEGETABLE	1552	0	1	1481	(0.57740000000000002, 0.41289999999999999, 1.0)	../fonts/zerothre.ttf	lower
1272047032318	1	FR_PRES	12	TOMATO	1476	0	0	766	(0.57740000000000002, 0.41289999999999999, 1.0)	../fonts/zerothre.ttf	lower
1272047036517	1	FR_PRES	12	DASHBOARD	441	0	1	942	(0.57740000000000002, 0.41289999999999999, 1.0)	../fonts/zerothre.ttf	lower
1272047040425	1	FR_PRES	12	DRIVEWAY	500	0	1	866	(0.57740000000000002, 0.41289999999999999, 1.0)	../fonts/zerothre.ttf	lower
1272047046242	1	REC_START
1272047085755	0	REJECT
1272047097707	0	REJECT
1272047119172	0	REJECT
1272047122536	0	REST
1272047124037	1	FR_PRES	13	ARCHITECT	36	0	1	1079	(0.57740000000000002, 0.41289999999999999, 1.0)	../fonts/zerothre.ttf	lower
1272047128236	1	FR_PRES	13	BLUEPRINT	142	0	0	1631	(0.57740000000000002, 0.41289999999999999, 1.0)	../fonts/zerothre.ttf	lower
1272047132078	1	FR_PRES	13	FOREST	593	1	1	1149	(0.42259999999999998, 0.58709999999999996, 0)	../fonts/amplitud.ttf	upper
1272047135902	1	FR_PRES	13	FIG	563	1	1	901	(0.42259999999999998, 0.58709999999999996, 0)	../fonts/amplitud.ttf	upper
1272047139835	1	FR_PRES	13	WATERFALL	1595	1	0	1217	(0.42259999999999998, 0.58709999999999996, 0)	../fonts/amplitud.ttf	upper
1272047143943	1	FR_PRES	13	CHARCOAL	281	1	0	1276	(0.42259999999999998, 0.58709999999999996, 0)	../fonts/amplitud.ttf	upper
1272047147776	1	FR_PRES	13	CHEST	295	0	0	1475	(0.57740000000000002, 0.41289999999999999, 1.0)	../fonts/zerothre.ttf	lower
1272047151784	1	FR_PRES	13	SPHINX	1349	0	1	1587	(0.57740000000000002, 0.41289999999999999, 1.0)	../fonts/zerothre.ttf	lower
1272047155825	1	FR_PRES	13	BAY	102	1	0	2122	(0.42259999999999998, 0.58709999999999996, 0)	../fonts/amplitud.ttf	upper
1272047160001	1	FR_PRES	13	CUFF	423	1	0	1155	(0.42259999999999998, 0.58709999999999996, 0)	../fonts/amplitud.ttf	upper
1272047164150	1	FR_PRES	13	RUST	1219	1	0	1149	(0.42259999999999998, 0.58709999999999996, 0)	../fonts/amplitud.ttf	upper
1272047168283	1	FR_PRES	13	COWARD	394	1	1	1415	(0.42259999999999998, 0.58709999999999996, 0)	../fonts/amplitud.ttf	upper
1272047172482	1	FR_PRES	13	WARRIOR	1589	0	1	1049	(0.57740000000000002, 0.41289999999999999, 1.0)	../fonts/zerothre.ttf	lower
1272047176440	1	FR_PRES	13	MINER	896	0	1	899	(0.57740000000000002, 0.41289999999999999, 1.0)	../fonts/zerothre.ttf	lower
1272047180590	1	FR_PRES	13	ARM	38	0	0	1502	(0.57740000000000002, 0.41289999999999999, 1.0)	../fonts/zerothre.ttf	lower
1272047184515	1	FR_PRES	13	SWATTER	1418	0	0	1080	(0.57740000000000002, 0.41289999999999999, 1.0)	../fonts/zerothre.ttf	lower
1272047190473	1	REC_START
1272047226683	0	REJECT
1272047260779	0	REJECT
1272047266875	0	REST
1272047268383	1	FR_PRES	14	PREDATOR	1120	0	1	980	(0.57740000000000002, 0.41289999999999999, 1.0)	../fonts/zerothre.ttf	lower
1272047272333	1	FR_PRES	14	BOOTH	151	0	1	998	(0.57740000000000002, 0.41289999999999999, 1.0)	../fonts/zerothre.ttf	lower
1272047276500	1	FR_PRES	14	SNORKEL	1336	0	0	1031	(0.57740000000000002, 0.41289999999999999, 1.0)	../fonts/zerothre.ttf	lower
1272047280599	1	FR_PRES	14	SPONGE	1355	0	0	1052	(0.57740000000000002, 0.41289999999999999, 1.0)	../fonts/zerothre.ttf	lower
1272047284482	1	FR_PRES	14	TROUSERS	1510	0	1	1449	(0.57740000000000002, 0.41289999999999999, 1.0)	../fonts/zerothre.ttf	lower
1272047288390	1	FR_PRES	14	CHIMPANZEE	302	0	1	1205	(0.57740000000000002, 0.41289999999999999, 1.0)	../fonts/zerothre.ttf	lower
1272047292357	1	FR_PRES	14	BOMB	147	0	1	1270	(0.57740000000000002, 0.41289999999999999, 1.0)	../fonts/zerothre.ttf	lower
1272047296506	1	FR_PRES	14	CRYSTAL	418	0	0	793	(0.57740000000000002, 0.41289999999999999, 1.0)	../fonts/zerothre.ttf	lower
1272047300648	1	FR_PRES	14	LINT	826	0	0	747	(0.57740000000000002, 0.41289999999999999, 1.0)	../fonts/zerothre.ttf	lower
1272047304631	1	FR_PRES	14	CUSTOMER	430	0	1	812	(0.57740000000000002, 0.41289999999999999, 1.0)	../fonts/zerothre.ttf	lower
1272047308497	1	FR_PRES	14	ULCER	1533	0	0	994	(0.57740000000000002, 0.41289999999999999, 1.0)	../fonts/zerothre.ttf	lower
1272047312422	1	FR_PRES	14	INTESTINE	742	0	1	1885	(0.57740000000000002, 0.41289999999999999, 1.0)	../fonts/zerothre.ttf	lower
1272047316263	1	FR_PRES	14	ANIMAL	23	0	1	1356	(0.57740000000000002, 0.41289999999999999, 1.0)	../fonts/zerothre.ttf	lower
1272047320271	1	FR_PRES	14	STORE	1387	0	1	1444	(0.57740000000000002, 0.41289999999999999, 1.0)	../fonts/zerothre.ttf	lower
1272047324471	1	FR_PRES	14	CANDIDATE	228	0	1	1500	(0.57740000000000002, 0.41289999999999999, 1.0)	../fonts/zerothre.ttf	lower
1272047328304	1	FR_PRES	14	STOCKING	1383	0	0	1171	(0.57740000000000002, 0.41289999999999999, 1.0)	../fonts/zerothre.ttf	lower
1272047334213	1	REC_START
1272047389068	0	REJECT
1272047410773	0	REST
1272047412281	1	FR_PRES	15	CIGAR	308	0	0	1178	(0.57740000000000002, 0.41289999999999999, 1.0)	../fonts/zerothre.ttf	lower
1272047416098	1	FR_PRES	15	CANVAS	234	0	1	1209	(0.57740000000000002, 0.41289999999999999, 1.0)	../fonts/zerothre.ttf	lower
1272047420090	1	FR_PRES	15	CONSUMER	365	0	1	1361	(0.57740000000000002, 0.41289999999999999, 1.0)	../fonts/zerothre.ttf	lower
1272047424264	1	FR_PRES	15	COMPANION	357	0	1	1475	(0.57740000000000002, 0.41289999999999999, 1.0)	../fonts/zerothre.ttf	lower
1272047428438	1	FR_PRES	15	ROOMMATE	1207	0	1	805	(0.57740000000000002, 0.41289999999999999, 1.0)	../fonts/zerothre.ttf	lower
1272047432496	1	FR_PRES	15	ARTIST	43	0	1	1115	(0.57740000000000002, 0.41289999999999999, 1.0)	../fonts/zerothre.ttf	lower
1272047436471	1	FR_PRES	15	SILVERWARE	1308	0	0	1252	(0.57740000000000002, 0.41289999999999999, 1.0)	../fonts/zerothre.ttf	lower
1272047440537	1	FR_PRES	15	FIREMAN	569	0	1	1010	(0.57740000000000002, 0.41289999999999999, 1.0)	../fonts/zerothre.ttf	lower
1272047444470	1	FR_PRES	15	LIGHTNING	820	0	0	1550	(0.57740000000000002, 0.41289999999999999, 1.0)	../fonts/zerothre.ttf	lower
1272047448503	1	FR_PRES	15	REFEREE	1178	0	1	932	(0.57740000000000002, 0.41289999999999999, 1.0)	../fonts/zerothre.ttf	lower
1272047452661	1	FR_PRES	15	TABLET	1427	0	0	1206	(0.57740000000000002, 0.41289999999999999, 1.0)	../fonts/zerothre.ttf	lower
1272047456794	1	FR_PRES	15	OINTMENT	974	0	0	1065	(0.57740000000000002, 0.41289999999999999, 1.0)	../fonts/zerothre.ttf	lower
1272047460677	1	FR_PRES	15	NICOTINE	951	0	0	1710	(0.57740000000000002, 0.41289999999999999, 1.0)	../fonts/zerothre.ttf	lower
1272047464511	1	FR_PRES	15	COURT	391	0	1	1100	(0.57740000000000002, 0.41289999999999999, 1.0)	../fonts/zerothre.ttf	lower
1272047468619	1	FR_PRES	15	KID	775	0	1	1184	(0.57740000000000002, 0.41289999999999999, 1.0)	../fonts/zerothre.ttf	lower
1272047472568	1	FR_PRES	15	GUARDIAN	668	0	1	835	(0.57740000000000002, 0.41289999999999999, 1.0)	../fonts/zerothre.ttf	lower
1272047478360	1	REC_START
1272047527563	0	REJECT
1272047544259	0	REJECT
1272047549100	0	REJECT
1272047558005	0	FFR_START
1272047563695	1	REC_START
1272047868497	0	RECOG_START
1272047868498	1	REC_START
1272047868530	0	RECOG_PRES	0	LAKE	796	-999	P	1353
1272047870255	0	RECOG_CR_PRES	0	LAKE	796	-999	P	284
1272047870880	1	RECOG_FEEDBACK	1
1272047871630	0	RECOG_PRES	0	EMERALD	528	-999	P	893
1272047872897	0	RECOG_CR_PRES	0	EMERALD	528	-999	P	219
1272047873430	1	RECOG_FEEDBACK	1
1272047874173	0	RECOG_PRES	0	DETERGENT	455	-999	P	1007
1272047875555	0	RECOG_CR_PRES	0	DETERGENT	455	-999	P	168
1272047876039	1	RECOG_FEEDBACK	1
1272047876796	0	RECOG_PRES	0	BLANKET	135	-999	P	1023
1272047878181	0	RECOG_CR_PRES	0	BLANKET	135	-999	P	222
1272047878730	1	RECOG_FEEDBACK	1
1272047879530	0	RECOG_PRES	0	CHAMPION	279	-999	P	1001
1272047880905	0	RECOG_CR_PRES	0	CHAMPION	279	-999	P	179
1272047881404	1	RECOG_FEEDBACK	0
1272047882139	0	RECOG_PRES	0	CALENDAR	221	-999	P	1057
1272047883571	0	RECOG_CR_PRES	0	CALENDAR	221	-999	P	176
1272047884072	1	RECOG_FEEDBACK	1
1272047884829	0	RECOG_PRES	0	MONUMENT	913	-999	P	1142
1272047886337	0	RECOG_CR_PRES	0	MONUMENT	913	-999	P	178
1272047886846	1	RECOG_FEEDBACK	0
1272047887562	0	RECOG_PRES	0	CUSTOMER	430	-999	P	891
1272047888854	0	RECOG_CR_PRES	0	CUSTOMER	430	-999	P	133
1272047889304	1	RECOG_FEEDBACK	1
1272047890038	0	RECOG_PRES	0	SHIRT	1287	-999	P	982
1272047891395	0	RECOG_CR_PRES	0	SHIRT	1287	-999	P	200
1272047891920	1	RECOG_FEEDBACK	1
1272047892712	0	RECOG_PRES	0	VEST	1559	-999	P	1011
1272047894088	0	RECOG_CR_PRES	0	VEST	1559	-999	P	171
1272047894587	1	RECOG_FEEDBACK	1
1272047895295	0	RECOG_PRES	0	TICKET	1464	-999	P	1116
1272047896787	0	RECOG_CR_PRES	0	TICKET	1464	-999	P	217
1272047897320	1	RECOG_FEEDBACK	1
1272047898113	0	RECOG_PRES	0	SUITE	1404	-999	P	1322
1272047899811	0	RECOG_CR_PRES	0	SUITE	1404	-999	P	193
1272047900336	1	RECOG_FEEDBACK	1
1272047901137	0	RECOG_PRES	0	HOUND	724	-999	P	1250
1272047902761	0	RECOG_CR_PRES	0	HOUND	724	-999	P	210
1272047903303	1	RECOG_FEEDBACK	1
1272047904045	0	RECOG_PRES	0	CRADLE	399	-999	P	918
1272047905336	0	RECOG_CR_PRES	0	CRADLE	399	-999	P	163
1272047905811	1	RECOG_FEEDBACK	1
1272047906603	0	RECOG_PRES	0	GUARD	667	-999	P	768
1272047907744	0	RECOG_CR_PRES	0	GUARD	667	-999	P	179
1272047908227	1	RECOG_FEEDBACK	1
1272047908952	0	RECOG_PRES	0	WHALE	1601	-999	P	835
1272047910153	0	RECOG_CR_PRES	0	WHALE	1601	-999	P	178
1272047910636	1	RECOG_FEEDBACK	1
1272047911444	0	RECOG_PRES	0	PIRATE	1074	-999	P	975
1272047912785	0	RECOG_CR_PRES	0	PIRATE	1074	-999	P	210
1272047913310	1	RECOG_FEEDBACK	1
1272047914053	0	RECOG_PRES	0	POPE	1105	-999	P	726
1272047915145	0	RECOG_CR_PRES	0	POPE	1105	-999	P	202
1272047915652	1	RECOG_FEEDBACK	1
1272047916452	0	RECOG_PRES	0	LANDSCAPE	799	-999	P	847
1272047917668	0	RECOG_CR_PRES	0	LANDSCAPE	799	-999	P	159
1272047918136	1	RECOG_FEEDBACK	1
1272047918910	0	RECOG_PRES	0	LADDER	793	-999	P	909
1272047920186	0	RECOG_CR_PRES	0	LADDER	793	-999	P	129
1272047920618	1	RECOG_FEEDBACK	1
1272047921952	0	REST
1272047923003	1	REC_START
1272047923036	0	RECOG_PRES	1	BAY	102	-999	P	751
1272047924152	0	RECOG_CR_PRES	1	BAY	102	-999	P	163
1272047924610	1	RECOG_FEEDBACK	1
1272047925376	0	RECOG_PRES	1	GLASSES	640	-999	P	796
1272047926543	0	RECOG_CR_PRES	1	GLASSES	640	-999	P	164
1272047927019	1	RECOG_FEEDBACK	1
1272047927784	0	RECOG_PRES	1	MEDICINE	886	-999	P	723
1272047928876	0	RECOG_CR_PRES	1	MEDICINE	886	-999	P	168
1272047929343	1	RECOG_FEEDBACK	1
1272047930118	0	RECOG_PRES	1	RANCH	1166	-999	P	733
1272047931217	0	RECOG_CR_PRES	1	RANCH	1166	-999	P	162
1272047931684	1	RECOG_FEEDBACK	1
1272047932467	0	RECOG_PRES	1	HELICOPTER	701	-999	P	864
1272047933701	0	RECOG_CR_PRES	1	HELICOPTER	701	-999	P	150
1272047934152	1	RECOG_FEEDBACK	1
1272047934892	0	RECOG_PRES	1	SERPENT	1270	-999	P	866
1272047936151	0	RECOG_CR_PRES	1	SERPENT	1270	-999	P	236
1272047936675	1	RECOG_FEEDBACK	1
1272047937409	0	RECOG_PRES	1	ASTRONAUT	51	-999	P	731
1272047938509	0	RECOG_CR_PRES	1	ASTRONAUT	51	-999	P	142
1272047938950	1	RECOG_FEEDBACK	1
1272047939683	0	RECOG_PRES	1	MISTER	901	-999	P	752
1272047940808	0	RECOG_CR_PRES	1	MISTER	901	-999	P	155
1272047941250	1	RECOG_FEEDBACK	1
1272047941983	0	RECOG_PRES	1	TONGUE	1479	-999	P	796
1272047943142	0	RECOG_CR_PRES	1	TONGUE	1479	-999	P	205
1272047943633	1	RECOG_FEEDBACK	1
1272047944400	0	RECOG_PRES	1	ADULT	8	-999	P	832
1272047945633	0	RECOG_CR_PRES	1	ADULT	8	-999	P	138
1272047946076	1	RECOG_FEEDBACK	1
1272047946816	0	RECOG_PRES	1	COTTAGE	384	-999	P	731
1272047947916	0	RECOG_CR_PRES	1	COTTAGE	384	-999	P	144
1272047948358	1	RECOG_FEEDBACK	1
1272047949167	0	RECOG_PRES	1	MECHANIC	884	-999	P	796
1272047950333	0	RECOG_CR_PRES	1	MECHANIC	884	-999	P	182
1272047950816	1	RECOG_FEEDBACK	1
1272047951533	0	RECOG_PRES	1	PUPPY	1144	-999	P	679
1272047952582	0	RECOG_CR_PRES	1	PUPPY	1144	-999	P	141
1272047953025	1	RECOG_FEEDBACK	1
1272047953741	0	RECOG_PRES	1	PRESIDENT	1121	-999	P	766
1272047954882	0	RECOG_CR_PRES	1	PRESIDENT	1121	-999	P	170
1272047955357	1	RECOG_FEEDBACK	1
1272047956158	0	RECOG_PRES	1	CHIEF	298	-999	P	902
1272047957432	0	RECOG_CR_PRES	1	CHIEF	298	-999	P	163
1272047957899	1	RECOG_FEEDBACK	1
1272047958624	0	RECOG_PRES	1	GUARDIAN	668	-999	P	659
1272047959657	0	RECOG_CR_PRES	1	GUARDIAN	668	-999	P	170
1272047960125	1	RECOG_FEEDBACK	1
1272047960865	0	RECOG_PRES	1	CRAB	397	-999	P	738
1272047961973	0	RECOG_CR_PRES	1	CRAB	397	-999	P	175
1272047962448	1	RECOG_FEEDBACK	1
1272047963257	0	RECOG_PRES	1	BOMB	147	-999	P	642
1272047964273	0	RECOG_CR_PRES	1	BOMB	147	-999	P	202
1272047964757	1	RECOG_FEEDBACK	1
1272047965498	0	RECOG_PRES	1	SALESMAN	1225	-999	P	698
1272047966565	0	RECOG_CR_PRES	1	SALESMAN	1225	-999	P	214
1272047967057	1	RECOG_FEEDBACK	1
1272047967856	0	RECOG_PRES	1	DASHBOARD	441	-999	P	1252
1272047969481	0	RECOG_CR_PRES	1	DASHBOARD	441	-999	P	154
1272047969931	1	RECOG_FEEDBACK	0
1272047971265	0	REST
1272047972422	1	REC_START
1272047972456	0	RECOG_PRES	2	LIVER	833	-999	P	1243
1272047974065	0	RECOG_CR_PRES	2	LIVER	833	-999	P	186
1272047974547	1	RECOG_FEEDBACK	1
1272047975347	0	RECOG_PRES	2	SUMMIT	1405	-999	P	777
1272047976497	0	RECOG_CR_PRES	2	SUMMIT	1405	-999	P	170
1272047976956	1	RECOG_FEEDBACK	1
1272047977731	0	RECOG_PRES	2	BRIDE	173	-999	P	1353
1272047979455	0	RECOG_CR_PRES	2	BRIDE	173	-999	P	108
1272047979897	1	RECOG_FEEDBACK	1
1272047980672	0	RECOG_PRES	2	TELESCOPE	1446	-999	P	1139
1272047982173	0	RECOG_CR_PRES	2	TELESCOPE	1446	-999	P	648
1272047983165	1	RECOG_FEEDBACK	0
1272047983947	0	RECOG_PRES	2	PICTURE	1061	-999	P	1344
1272047985663	0	RECOG_CR_PRES	2	PICTURE	1061	-999	P	108
1272047986089	1	RECOG_FEEDBACK	1
1272047986813	0	RECOG_PRES	2	SPOUSE	1358	-999	P	883
1272047988089	0	RECOG_CR_PRES	2	SPOUSE	1358	-999	P	99
1272047988488	1	RECOG_FEEDBACK	1
1272047989221	0	RECOG_PRES	2	FRIEND	606	-999	P	1278
1272047990871	0	RECOG_CR_PRES	2	FRIEND	606	-999	P	100
1272047991280	1	RECOG_FEEDBACK	1
1272047992072	0	RECOG_PRES	2	BANKER	84	-999	P	815
1272047993288	0	RECOG_CR_PRES	2	BANKER	84	-999	P	123
1272047993721	1	RECOG_FEEDBACK	1
1272047994438	0	RECOG_PRES	2	SERGEANT	1269	-999	P	1525
1272047996338	0	RECOG_CR_PRES	2	SERGEANT	1269	-999	P	89
1272047996754	1	RECOG_FEEDBACK	1
1272047997537	0	RECOG_PRES	2	DAUGHTER	442	-999	P	954
1272047998862	0	RECOG_CR_PRES	2	DAUGHTER	442	-999	P	117
1272047999279	1	RECOG_FEEDBACK	1
1272047999996	0	RECOG_PRES	2	MILDEW	893	-999	P	855
1272048001213	0	RECOG_CR_PRES	2	MILDEW	893	-999	P	134
1272048001645	1	RECOG_FEEDBACK	1
1272048002445	0	RECOG_PRES	2	CAKE	219	-999	P	759
1272048003579	0	RECOG_CR_PRES	2	CAKE	219	-999	P	112
1272048003979	1	RECOG_FEEDBACK	1
1272048004770	0	RECOG_PRES	2	BARN	89	-999	P	697
1272048005828	0	RECOG_CR_PRES	2	BARN	89	-999	P	135
1272048006254	1	RECOG_FEEDBACK	1
1272048007021	0	RECOG_PRES	2	BOULEVARD	156	-999	P	830
1272048008213	0	RECOG_CR_PRES	2	BOULEVARD	156	-999	P	102
1272048008612	1	RECOG_FEEDBACK	1
1272048009403	0	RECOG_PRES	2	ROCK	1201	-999	P	793
1272048010570	0	RECOG_CR_PRES	2	ROCK	1201	-999	P	105
1272048010961	1	RECOG_FEEDBACK	1
1272048011720	0	RECOG_PRES	2	COWARD	394	-999	P	755
1272048012845	0	RECOG_CR_PRES	2	COWARD	394	-999	P	110
1272048013245	1	RECOG_FEEDBACK	1
1272048014021	0	RECOG_PRES	2	BANQUET	86	-999	P	831
1272048015244	0	RECOG_CR_PRES	2	BANQUET	86	-999	P	111
1272048015644	1	RECOG_FEEDBACK	1
1272048016361	0	RECOG_PRES	2	STORE	1387	-999	P	763
1272048017494	0	RECOG_CR_PRES	2	STORE	1387	-999	P	165
1272048017953	1	RECOG_FEEDBACK	0
1272048018728	0	RECOG_PRES	2	ITEM	746	-999	P	779
1272048019877	0	RECOG_CR_PRES	2	ITEM	746	-999	P	159
1272048020327	1	RECOG_FEEDBACK	1
1272048021062	0	RECOG_PRES	2	ANT	25	-999	P	733
1272048022162	0	RECOG_CR_PRES	2	ANT	25	-999	P	161
1272048022611	1	RECOG_FEEDBACK	1
1272048023911	0	REST
1272048024852	1	REC_START
1272048024885	0	RECOG_PRES	3	CAR	241	-999	P	886
1272048026136	0	RECOG_CR_PRES	3	CAR	241	-999	P	123
1272048026552	1	RECOG_FEEDBACK	0
1272048027335	0	RECOG_PRES	3	COAT	333	-999	P	773
1272048028477	0	RECOG_CR_PRES	3	COAT	333	-999	P	118
1272048028885	1	RECOG_FEEDBACK	1
1272048029627	0	RECOG_PRES	3	DINNER	468	-999	P	640
1272048030643	0	RECOG_CR_PRES	3	DINNER	468	-999	P	112
1272048031036	1	RECOG_FEEDBACK	1
1272048031785	0	RECOG_PRES	3	CONSUMER	365	-999	P	738
1272048032893	0	RECOG_CR_PRES	3	CONSUMER	365	-999	P	119
1272048033310	1	RECOG_FEEDBACK	1
1272048034061	0	RECOG_PRES	3	MARGARINE	868	-999	P	1031
1272048035460	0	RECOG_CR_PRES	3	MARGARINE	868	-999	P	151
1272048035910	1	RECOG_FEEDBACK	1
1272048036651	0	RECOG_PRES	3	STALLION	1369	-999	P	808
1272048037834	0	RECOG_CR_PRES	3	STALLION	1369	-999	P	105
1272048038243	1	RECOG_FEEDBACK	1
1272048039002	0	RECOG_PRES	3	NICOTINE	951	-999	P	929
1272048040301	0	RECOG_CR_PRES	3	NICOTINE	951	-999	P	94
1272048040701	1	RECOG_FEEDBACK	1
1272048041501	0	RECOG_PRES	3	SKULL	1320	-999	P	854
1272048042717	0	RECOG_CR_PRES	3	SKULL	1320	-999	P	142
1272048043160	1	RECOG_FEEDBACK	1
1272048043959	0	RECOG_PRES	3	COD	340	-999	P	772
1272048045093	0	RECOG_CR_PRES	3	COD	340	-999	P	103
1272048045492	1	RECOG_FEEDBACK	1
1272048046284	0	RECOG_PRES	3	KITTEN	780	-999	P	679
1272048047325	0	RECOG_CR_PRES	3	KITTEN	780	-999	P	126
1272048047759	1	RECOG_FEEDBACK	0
1272048048534	0	RECOG_PRES	3	MICROPHONE	890	-999	P	1045
1272048049950	0	RECOG_CR_PRES	3	MICROPHONE	890	-999	P	110
1272048050384	1	RECOG_FEEDBACK	1
1272048051168	0	RECOG_PRES	3	GOBLIN	645	-999	P	779
1272048052317	0	RECOG_CR_PRES	3	GOBLIN	645	-999	P	150
1272048052758	1	RECOG_FEEDBACK	1
1272048053467	0	RECOG_PRES	3	WHEAT	1602	-999	P	737
1272048054575	0	RECOG_CR_PRES	3	WHEAT	1602	-999	P	116
1272048054992	1	RECOG_FEEDBACK	1
1272048055708	0	RECOG_PRES	3	DRIVEWAY	500	-999	P	687
1272048056766	0	RECOG_CR_PRES	3	DRIVEWAY	500	-999	P	189
1272048057233	1	RECOG_FEEDBACK	1
1272048057950	0	RECOG_PRES	3	BOTTLE	153	-999	P	1214
1272048059541	0	RECOG_CR_PRES	3	BOTTLE	153	-999	P	118
1272048059991	1	RECOG_FEEDBACK	1
1272048060733	0	RECOG_PRES	3	VEHICLE	1553	-999	P	1110
1272048062209	0	RECOG_CR_PRES	3	VEHICLE	1553	-999	P	122
1272048062649	1	RECOG_FEEDBACK	0
1272048063424	0	RECOG_PRES	3	CACTUS	215	-999	P	748
1272048064541	0	RECOG_CR_PRES	3	CACTUS	215	-999	P	118
1272048064957	1	RECOG_FEEDBACK	1
1272048065733	0	RECOG_PRES	3	OZONE	996	-999	P	702
1272048066807	0	RECOG_CR_PRES	3	OZONE	996	-999	P	156
1272048067249	1	RECOG_FEEDBACK	1
1272048067999	0	RECOG_PRES	3	WAREHOUSE	1588	-999	P	844
1272048069208	0	RECOG_CR_PRES	3	WAREHOUSE	1588	-999	P	139
1272048069640	1	RECOG_FEEDBACK	1
1272048070399	0	RECOG_PRES	3	LION	827	-999	P	932
1272048071707	0	RECOG_CR_PRES	3	LION	827	-999	P	112
1272048072133	1	RECOG_FEEDBACK	1
1272048073349	0	REST
1272048074244	1	REC_START
1272048074282	0	RECOG_PRES	4	GREASE	660	-999	P	1185
1272048075840	0	RECOG_CR_PRES	4	GREASE	660	-999	P	107
1272048076265	1	RECOG_FEEDBACK	1
1272048077058	0	RECOG_PRES	4	OPERATOR	979	-999	P	729
1272048078149	0	RECOG_CR_PRES	4	OPERATOR	979	-999	P	214
1272048078640	1	RECOG_FEEDBACK	1
1272048079390	0	RECOG_PRES	4	SWING	1421	-999	P	857
1272048080648	0	RECOG_CR_PRES	4	SWING	1421	-999	P	147
1272048081091	1	RECOG_FEEDBACK	1
1272048081823	0	RECOG_PRES	4	OINTMENT	974	-999	P	1213
1272048083406	0	RECOG_CR_PRES	4	OINTMENT	974	-999	P	77
1272048083798	1	RECOG_FEEDBACK	1
1272048084589	0	RECOG_PRES	4	QUAIL	1147	-999	P	718
1272048085681	0	RECOG_CR_PRES	4	QUAIL	1147	-999	P	82
1272048086065	1	RECOG_FEEDBACK	1
1272048086823	0	RECOG_PRES	4	THRONE	1461	-999	P	964
1272048088148	0	RECOG_CR_PRES	4	THRONE	1461	-999	P	103
1272048088556	1	RECOG_FEEDBACK	1
1272048089272	0	RECOG_PRES	4	SUNRISE	1407	-999	P	940
1272048090581	0	RECOG_CR_PRES	4	SUNRISE	1407	-999	P	102
1272048090989	1	RECOG_FEEDBACK	1
1272048091780	0	RECOG_PRES	4	SCARF	1246	-999	P	903
1272048093048	0	RECOG_CR_PRES	4	SCARF	1246	-999	P	148
1272048093505	1	RECOG_FEEDBACK	1
1272048094272	0	RECOG_PRES	4	CRUMB	416	-999	P	876
1272048095522	0	RECOG_CR_PRES	4	CRUMB	416	-999	P	121
1272048095955	1	RECOG_FEEDBACK	1
1272048096747	0	RECOG_PRES	4	BARRACUDA	90	-999	P	808
1272048097955	0	RECOG_CR_PRES	4	BARRACUDA	90	-999	P	153
1272048098430	1	RECOG_FEEDBACK	1
1272048099156	0	RECOG_PRES	4	HOOD	714	-999	P	1024
1272048100555	0	RECOG_CR_PRES	4	HOOD	714	-999	P	88
1272048100955	1	RECOG_FEEDBACK	1
1272048101671	0	RECOG_PRES	4	ELBOW	520	-999	P	780
1272048102821	0	RECOG_CR_PRES	4	ELBOW	520	-999	P	142
1272048103255	1	RECOG_FEEDBACK	1
1272048103996	0	RECOG_PRES	4	PHYSICIAN	1056	-999	P	799
1272048105164	0	RECOG_CR_PRES	4	PHYSICIAN	1056	-999	P	151
1272048105596	1	RECOG_FEEDBACK	1
1272048106338	0	RECOG_PRES	4	COUGAR	387	-999	P	858
1272048107596	0	RECOG_CR_PRES	4	COUGAR	387	-999	P	119
1272048108022	1	RECOG_FEEDBACK	1
1272048108821	0	RECOG_PRES	4	CARRIAGE	248	-999	P	926
1272048110113	0	RECOG_CR_PRES	4	CARRIAGE	248	-999	P	218
1272048110612	1	RECOG_FEEDBACK	0
1272048111387	0	RECOG_PRES	4	CRITIC	410	-999	P	1128
1272048112887	0	RECOG_CR_PRES	4	CRITIC	410	-999	P	76
1272048113279	1	RECOG_FEEDBACK	1
1272048114071	0	RECOG_PRES	4	DILL	465	-999	P	796
1272048115237	0	RECOG_CR_PRES	4	DILL	465	-999	P	102
1272048115637	1	RECOG_FEEDBACK	1
1272048116362	0	RECOG_PRES	4	RIDER	1191	-999	P	1473
1272048118196	0	RECOG_CR_PRES	4	RIDER	1191	-999	P	231
1272048118770	1	RECOG_FEEDBACK	1
1272048119520	0	RECOG_PRES	4	JEANS	752	-999	P	803
1272048120695	0	RECOG_CR_PRES	4	JEANS	752	-999	P	100
1272048121104	1	RECOG_FEEDBACK	1
1272048121845	0	RECOG_PRES	4	INFANT	737	-999	P	866
1272048123104	0	RECOG_CR_PRES	4	INFANT	737	-999	P	139
1272048123545	1	RECOG_FEEDBACK	1
1272048124786	0	REST
1272048125601	1	REC_START
1272048125636	0	RECOG_PRES	5	CHICKEN	297	-999	P	1279
1272048127286	0	RECOG_CR_PRES	5	CHICKEN	297	-999	P	21
1272048127619	1	RECOG_FEEDBACK	1
1272048128386	0	RECOG_PRES	5	FIREMAN	569	-999	P	985
1272048129744	0	RECOG_CR_PRES	5	FIREMAN	569	-999	P	99
1272048130162	1	RECOG_FEEDBACK	1
1272048130903	0	RECOG_PRES	5	PAINT	1003	-999	P	852
1272048132120	0	RECOG_CR_PRES	5	PAINT	1003	-999	P	115
1272048132536	1	RECOG_FEEDBACK	1
1272048133252	0	RECOG_PRES	5	PAWN	1030	-999	P	840
1272048134469	0	RECOG_CR_PRES	5	PAWN	1030	-999	P	118
1272048134902	1	RECOG_FEEDBACK	1
1272048135611	0	RECOG_PRES	5	LAGOON	795	-999	P	832
1272048136810	0	RECOG_CR_PRES	5	LAGOON	795	-999	P	105
1272048137235	1	RECOG_FEEDBACK	1
1272048137994	0	RECOG_PRES	5	RICE	1190	-999	P	617
1272048138985	0	RECOG_CR_PRES	5	RICE	1190	-999	P	139
1272048139419	1	RECOG_FEEDBACK	1
1272048140186	0	RECOG_PRES	5	BLOUSE	139	-999	P	946
1272048141502	0	RECOG_CR_PRES	5	BLOUSE	139	-999	P	109
1272048141927	1	RECOG_FEEDBACK	1
1272048142685	0	RECOG_PRES	5	SCAPEGOAT	1244	-999	P	1006
1272048144053	0	RECOG_CR_PRES	5	SCAPEGOAT	1244	-999	P	135
1272048144493	1	RECOG_FEEDBACK	1
1272048145226	0	RECOG_PRES	5	LUNCH	849	-999	P	993
1272048146593	0	RECOG_CR_PRES	5	LUNCH	849	-999	P	98
1272048147002	1	RECOG_FEEDBACK	0
1272048147760	0	RECOG_PRES	5	PICKLE	1059	-999	P	987
1272048149111	0	RECOG_CR_PRES	5	PICKLE	1059	-999	P	116
1272048149543	1	RECOG_FEEDBACK	0
1272048150309	0	RECOG_PRES	5	CERAMICS	271	-999	P	895
1272048151576	0	RECOG_CR_PRES	5	CERAMICS	271	-999	P	155
1272048152044	1	RECOG_FEEDBACK	1
1272048152776	0	RECOG_PRES	5	NITROGEN	954	-999	P	1420
1272048154567	0	RECOG_CR_PRES	5	NITROGEN	954	-999	P	116
1272048155027	1	RECOG_FEEDBACK	1
1272048155751	0	RECOG_PRES	5	CARPET	247	-999	P	852
1272048156976	0	RECOG_CR_PRES	5	CARPET	247	-999	P	36
1272048157317	1	RECOG_FEEDBACK	1
1272048158052	0	RECOG_PRES	5	SCALPEL	1243	-999	P	863
1272048159275	0	RECOG_CR_PRES	5	SCALPEL	1243	-999	P	88
1272048159650	1	RECOG_FEEDBACK	1
1272048160409	0	RECOG_PRES	5	NUCLEUS	961	-999	P	731
1272048161509	0	RECOG_CR_PRES	5	NUCLEUS	961	-999	P	134
1272048161934	1	RECOG_FEEDBACK	1
1272048162650	0	RECOG_PRES	5	MOTHER	921	-999	P	793
1272048163817	0	RECOG_CR_PRES	5	MOTHER	921	-999	P	106
1272048164217	1	RECOG_FEEDBACK	1
1272048164958	0	RECOG_PRES	5	AIRCRAFT	11	-999	P	789
1272048166109	0	RECOG_CR_PRES	5	AIRCRAFT	11	-999	P	118
1272048166525	1	RECOG_FEEDBACK	1
1272048167300	0	RECOG_PRES	5	SOCK	1339	-999	P	776
1272048168450	0	RECOG_CR_PRES	5	SOCK	1339	-999	P	73
1272048168825	1	RECOG_FEEDBACK	1
1272048169558	0	RECOG_PRES	5	MULE	931	-999	P	1021
1272048170950	0	RECOG_CR_PRES	5	MULE	931	-999	P	94
1272048171341	1	RECOG_FEEDBACK	1
1272048172100	0	RECOG_PRES	5	CANVAS	234	-999	P	823
1272048173299	0	RECOG_CR_PRES	5	CANVAS	234	-999	P	96
1272048173691	1	RECOG_FEEDBACK	1
1272048182815	0	REST
1272048183623	1	REC_START
1272048183657	0	RECOG_PRES	6	FIST	572	-999	P	890
1272048184924	0	RECOG_CR_PRES	6	FIST	572	-999	P	47
1272048185257	1	RECOG_FEEDBACK	1
1272048186016	0	RECOG_PRES	6	LAWYER	806	-999	P	843
1272048187232	0	RECOG_CR_PRES	6	LAWYER	806	-999	P	11
1272048187548	1	RECOG_FEEDBACK	1
1272048188307	0	RECOG_PRES	6	SHED	1277	-999	P	753
1272048189432	0	RECOG_CR_PRES	6	SHED	1277	-999	P	51
1272048189798	1	RECOG_FEEDBACK	1
1272048190548	0	RECOG_PRES	6	STREET	1393	-999	P	751
1272048191673	0	RECOG_CR_PRES	6	STREET	1393	-999	P	58
1272048192041	1	RECOG_FEEDBACK	0
1272048192790	0	RECOG_PRES	6	LOG	841	-999	P	789
1272048193948	0	RECOG_CR_PRES	6	LOG	841	-999	P	80
1272048194323	1	RECOG_FEEDBACK	1
1272048195107	0	RECOG_PRES	6	PERFUME	1049	-999	P	672
1272048196140	0	RECOG_CR_PRES	6	PERFUME	1049	-999	P	103
1272048196539	1	RECOG_FEEDBACK	1
1272048197248	0	RECOG_PRES	6	HAY	693	-999	P	683
1272048198306	0	RECOG_CR_PRES	6	HAY	693	-999	P	89
1272048198697	1	RECOG_FEEDBACK	1
1272048199472	0	RECOG_PRES	6	COMPUTER	359	-999	P	668
1272048200514	0	RECOG_CR_PRES	6	COMPUTER	359	-999	P	57
1272048200872	1	RECOG_FEEDBACK	1
1272048201606	0	RECOG_PRES	6	CLAW	319	-999	P	741
1272048202722	0	RECOG_CR_PRES	6	CLAW	319	-999	P	81
1272048203090	1	RECOG_FEEDBACK	1
1272048203897	0	RECOG_PRES	6	ROOM	1206	-999	P	1203
1272048205472	0	RECOG_CR_PRES	6	ROOM	1206	-999	P	91
1272048205897	1	RECOG_FEEDBACK	1
1272048206664	0	RECOG_PRES	6	PUPIL	1143	-999	P	811
1272048207838	0	RECOG_CR_PRES	6	PUPIL	1143	-999	P	101
1272048208247	1	RECOG_FEEDBACK	1
1272048209023	0	RECOG_PRES	6	CUSHION	428	-999	P	732
1272048210123	0	RECOG_CR_PRES	6	CUSHION	428	-999	P	112
1272048210530	1	RECOG_FEEDBACK	1
1272048211247	0	RECOG_PRES	6	DEER	444	-999	P	837
1272048212455	0	RECOG_CR_PRES	6	DEER	444	-999	P	100
1272048212855	1	RECOG_FEEDBACK	1
1272048213655	0	RECOG_PRES	6	MEDAL	885	-999	P	876
1272048214905	0	RECOG_CR_PRES	6	MEDAL	885	-999	P	107
1272048215321	1	RECOG_FEEDBACK	1
1272048216080	0	RECOG_PRES	6	OTTER	986	-999	P	683
1272048217130	0	RECOG_CR_PRES	6	OTTER	986	-999	P	161
1272048217588	1	RECOG_FEEDBACK	1
1272048218363	0	RECOG_PRES	6	LOCK	838	-999	P	1112
1272048219846	0	RECOG_CR_PRES	6	LOCK	838	-999	P	85
1272048220254	1	RECOG_FEEDBACK	1
1272048220979	0	RECOG_PRES	6	TUTU	1524	-999	P	792
1272048222138	0	RECOG_CR_PRES	6	TUTU	1524	-999	P	74
1272048222521	1	RECOG_FEEDBACK	1
1272048223321	0	RECOG_PRES	6	INTESTINE	742	-999	P	707
1272048224396	0	RECOG_CR_PRES	6	INTESTINE	742	-999	P	143
1272048224837	1	RECOG_FEEDBACK	1
1272048225620	0	RECOG_PRES	6	HOE	711	-999	P	607
1272048226595	0	RECOG_CR_PRES	6	HOE	711	-999	P	120
1272048227005	1	RECOG_FEEDBACK	1
1272048227770	0	RECOG_PRES	6	SILVERWARE	1308	-999	P	833
1272048228979	0	RECOG_CR_PRES	6	SILVERWARE	1308	-999	P	113
1272048229387	1	RECOG_FEEDBACK	1
1272048230704	0	REST
1272048231843	1	REC_START
1272048231878	0	RECOG_PRES	7	CANARY	227	-999	P	1021
1272048233270	0	RECOG_CR_PRES	7	CANARY	227	-999	P	53
1272048233620	1	RECOG_FEEDBACK	1
1272048234345	0	RECOG_PRES	7	PLAZA	1088	-999	P	1634
1272048236353	0	RECOG_CR_PRES	7	PLAZA	1088	-999	P	346
1272048237037	1	RECOG_FEEDBACK	0
1272048237811	0	RECOG_PRES	7	BUTCHER	203	-999	P	1225
1272048239411	0	RECOG_CR_PRES	7	BUTCHER	203	-999	P	128
1272048239861	1	RECOG_FEEDBACK	1
1272048240594	0	RECOG_PRES	7	SLIDE	1326	-999	P	865
1272048241828	0	RECOG_CR_PRES	7	SLIDE	1326	-999	P	103
1272048242244	1	RECOG_FEEDBACK	1
1272048242978	0	RECOG_PRES	7	QUEEN	1149	-999	P	841
1272048244187	0	RECOG_CR_PRES	7	QUEEN	1149	-999	P	136
1272048244619	1	RECOG_FEEDBACK	1
1272048245411	0	RECOG_PRES	7	KID	775	-999	P	737
1272048246519	0	RECOG_CR_PRES	7	KID	775	-999	P	116
1272048246944	1	RECOG_FEEDBACK	1
1272048247719	0	RECOG_PRES	7	CREVICE	405	-999	P	1397
1272048249485	0	RECOG_CR_PRES	7	CREVICE	405	-999	P	118
1272048249935	1	RECOG_FEEDBACK	1
1272048250694	0	RECOG_PRES	7	RECIPE	1175	-999	P	917
1272048251985	0	RECOG_CR_PRES	7	RECIPE	1175	-999	P	83
1272048252368	1	RECOG_FEEDBACK	1
1272048253078	0	RECOG_PRES	7	DIAGRAM	456	-999	P	813
1272048254260	0	RECOG_CR_PRES	7	DIAGRAM	456	-999	P	167
1272048254718	1	RECOG_FEEDBACK	1
1272048255485	0	RECOG_PRES	7	LIST	830	-999	P	918
1272048256776	0	RECOG_CR_PRES	7	LIST	830	-999	P	83
1272048257169	1	RECOG_FEEDBACK	1
1272048257951	0	RECOG_PRES	7	SWIMMER	1420	-999	P	724
1272048259044	0	RECOG_CR_PRES	7	SWIMMER	1420	-999	P	136
1272048259468	1	RECOG_FEEDBACK	1
1272048260177	0	RECOG_PRES	7	POTATO	1115	-999	P	810
1272048261359	0	RECOG_CR_PRES	7	POTATO	1115	-999	P	108
1272048261793	1	RECOG_FEEDBACK	1
1272048262551	0	RECOG_PRES	7	BASKET	95	-999	P	1052
1272048263976	0	RECOG_CR_PRES	7	BASKET	95	-999	P	156
1272048264451	1	RECOG_FEEDBACK	1
1272048265243	0	RECOG_PRES	7	ESSAY	540	-999	P	857
1272048266476	0	RECOG_CR_PRES	7	ESSAY	540	-999	P	175
1272048266942	1	RECOG_FEEDBACK	1
1272048267717	0	RECOG_PRES	7	BOUILLON	154	-999	P	886
1272048268976	0	RECOG_CR_PRES	7	BOUILLON	154	-999	P	140
1272048269401	1	RECOG_FEEDBACK	1
1272048270118	0	RECOG_PRES	7	CELERY	266	-999	P	669
1272048271151	0	RECOG_CR_PRES	7	CELERY	266	-999	P	180
1272048271609	1	RECOG_FEEDBACK	1
1272048272409	0	RECOG_PRES	7	BERRY	122	-999	P	723
1272048273500	0	RECOG_CR_PRES	7	BERRY	122	-999	P	183
1272048273967	1	RECOG_FEEDBACK	1
1272048274684	0	RECOG_PRES	7	OFFICE	972	-999	P	815
1272048275875	0	RECOG_CR_PRES	7	OFFICE	972	-999	P	560
1272048276742	1	RECOG_FEEDBACK	1
1272048277542	0	RECOG_PRES	7	ALLIGATOR	16	-999	P	877
1272048278792	0	RECOG_CR_PRES	7	ALLIGATOR	16	-999	P	187
1272048279275	1	RECOG_FEEDBACK	1
1272048280084	0	RECOG_PRES	7	PREDATOR	1120	-999	P	791
1272048281250	0	RECOG_CR_PRES	7	PREDATOR	1120	-999	P	121
1272048281666	1	RECOG_FEEDBACK	1
1272048285499	0	REST
1272048286431	1	REC_START
1272048286466	0	RECOG_PRES	8	SKUNK	1321	-999	P	817
1272048287658	0	RECOG_CR_PRES	8	SKUNK	1321	-999	P	490
1272048288441	1	RECOG_FEEDBACK	1
1272048289175	0	RECOG_PRES	8	CUFF	423	-999	P	780
1272048290324	0	RECOG_CR_PRES	8	CUFF	423	-999	P	103
1272048290732	1	RECOG_FEEDBACK	1
1272048291474	0	RECOG_PRES	8	CARROT	249	-999	P	841
1272048292690	0	RECOG_CR_PRES	8	CARROT	249	-999	P	137
1272048293141	1	RECOG_FEEDBACK	1
1272048293899	0	RECOG_PRES	8	RAZOR	1171	-999	P	784
1272048295050	0	RECOG_CR_PRES	8	RAZOR	1171	-999	P	122
1272048295457	1	RECOG_FEEDBACK	1
1272048296166	0	RECOG_PRES	8	WAGON	1578	-999	P	693
1272048297232	0	RECOG_CR_PRES	8	WAGON	1578	-999	P	171
1272048297690	1	RECOG_FEEDBACK	1
1272048298482	0	RECOG_PRES	8	BUCKET	184	-999	P	857
1272048299715	0	RECOG_CR_PRES	8	BUCKET	184	-999	P	128
1272048300166	1	RECOG_FEEDBACK	0
1272048300940	0	RECOG_PRES	8	RUST	1219	-999	P	1543
1272048302856	0	RECOG_CR_PRES	8	RUST	1219	-999	P	139
1272048303331	1	RECOG_FEEDBACK	1
1272048304107	0	RECOG_PRES	8	PREACHER	1119	-999	P	760
1272048305240	0	RECOG_CR_PRES	8	PREACHER	1119	-999	P	139
1272048305665	1	RECOG_FEEDBACK	1
1272048306464	0	RECOG_PRES	8	DIME	466	-999	P	915
1272048307748	0	RECOG_CR_PRES	8	DIME	466	-999	P	159
1272048308214	1	RECOG_FEEDBACK	1
1272048309015	0	RECOG_PRES	8	PICNIC	1060	-999	P	940
1272048310322	0	RECOG_CR_PRES	8	PICNIC	1060	-999	P	145
1272048310772	1	RECOG_FEEDBACK	1
1272048311539	0	RECOG_PRES	8	SHORTCAKE	1292	-999	P	1456
1272048313364	0	RECOG_CR_PRES	8	SHORTCAKE	1292	-999	P	127
1272048313839	1	RECOG_FEEDBACK	1
1272048314614	0	RECOG_PRES	8	TUNA	1518	-999	P	1406
1272048316389	0	RECOG_CR_PRES	8	TUNA	1518	-999	P	142
1272048316864	1	RECOG_FEEDBACK	1
1272048317655	0	RECOG_PRES	8	PATIENT	1024	-999	P	732
1272048318764	0	RECOG_CR_PRES	8	PATIENT	1024	-999	P	95
1272048319148	1	RECOG_FEEDBACK	1
1272048319863	0	RECOG_PRES	8	SCIENTIST	1249	-999	P	820
1272048321048	0	RECOG_CR_PRES	8	SCIENTIST	1249	-999	P	171
1272048321505	1	RECOG_FEEDBACK	1
1272048322222	0	RECOG_PRES	8	RESTAURANT	1187	-999	P	765
1272048323363	0	RECOG_CR_PRES	8	RESTAURANT	1187	-999	P	168
1272048323838	1	RECOG_FEEDBACK	1
1272048324580	0	RECOG_PRES	8	SANDWICH	1232	-999	P	759
1272048325713	0	RECOG_CR_PRES	8	SANDWICH	1232	-999	P	122
1272048326131	1	RECOG_FEEDBACK	1
1272048326888	0	RECOG_PRES	8	SMOG	1330	-999	P	979
1272048328238	0	RECOG_CR_PRES	8	SMOG	1330	-999	P	141
1272048328688	1	RECOG_FEEDBACK	1
1272048329413	0	RECOG_PRES	8	GHETTO	633	-999	P	974
1272048330763	0	RECOG_CR_PRES	8	GHETTO	633	-999	P	120
1272048331180	1	RECOG_FEEDBACK	1
1272048331913	0	RECOG_PRES	8	LIGHTNING	820	-999	P	1267
1272048333554	0	RECOG_CR_PRES	8	LIGHTNING	820	-999	P	97
1272048333971	1	RECOG_FEEDBACK	1
1272048334687	0	RECOG_PRES	8	VEGETABLE	1552	-999	P	732
1272048335796	0	RECOG_CR_PRES	8	VEGETABLE	1552	-999	P	111
1272048336197	1	RECOG_FEEDBACK	1
1272048337421	0	REST
1272048338569	1	REC_START
1272048338604	0	RECOG_PRES	9	CROW	414	-999	P	1448
1272048340420	0	RECOG_CR_PRES	9	CROW	414	-999	P	151
1272048340929	1	RECOG_FEEDBACK	1
1272048341645	0	RECOG_PRES	9	WASP	1593	-999	P	891
1272048342937	0	RECOG_CR_PRES	9	WASP	1593	-999	P	91
1272048343345	1	RECOG_FEEDBACK	1
1272048344104	0	RECOG_PRES	9	CASHIER	254	-999	P	739
1272048345213	0	RECOG_CR_PRES	9	CASHIER	254	-999	P	190
1272048345711	1	RECOG_FEEDBACK	1
1272048346503	0	RECOG_PRES	9	MITTEN	902	-999	P	956
1272048347828	0	RECOG_CR_PRES	9	MITTEN	902	-999	P	111
1272048348236	1	RECOG_FEEDBACK	1
1272048348945	0	RECOG_PRES	9	MOTH	920	-999	P	842
1272048350154	0	RECOG_CR_PRES	9	MOTH	920	-999	P	137
1272048350578	1	RECOG_FEEDBACK	1
1272048351286	0	RECOG_PRES	9	THERMOMETER	1453	-999	P	1533
1272048353187	0	RECOG_CR_PRES	9	THERMOMETER	1453	-999	P	120
1272048353644	1	RECOG_FEEDBACK	1
1272048354411	0	RECOG_PRES	9	DOCTOR	478	-999	P	793
1272048355577	0	RECOG_CR_PRES	9	DOCTOR	478	-999	P	114
1272048355986	1	RECOG_FEEDBACK	1
1272048356777	0	RECOG_PRES	9	FROST	609	-999	P	816
1272048357994	0	RECOG_CR_PRES	9	FROST	609	-999	P	162
1272048358452	1	RECOG_FEEDBACK	1
1272048359212	0	RECOG_PRES	9	TAXI	1438	-999	P	719
1272048360302	0	RECOG_CR_PRES	9	TAXI	1438	-999	P	141
1272048360735	1	RECOG_FEEDBACK	1
1272048361527	0	RECOG_PRES	9	BEGGAR	117	-999	P	716
1272048362619	0	RECOG_CR_PRES	9	BEGGAR	117	-999	P	136
1272048363036	1	RECOG_FEEDBACK	1
1272048363760	0	RECOG_PRES	9	CHECK	284	-999	P	1147
1272048365268	0	RECOG_CR_PRES	9	CHECK	284	-999	P	103
1272048365710	1	RECOG_FEEDBACK	1
1272048366477	0	RECOG_PRES	9	SAXOPHONE	1240	-999	P	838
1272048367685	0	RECOG_CR_PRES	9	SAXOPHONE	1240	-999	P	70
1272048368061	1	RECOG_FEEDBACK	1
1272048368776	0	RECOG_PRES	9	WARRIOR	1589	-999	P	755
1272048369901	0	RECOG_CR_PRES	9	WARRIOR	1589	-999	P	191
1272048370393	1	RECOG_FEEDBACK	1
1272048371144	0	RECOG_PRES	9	BOYFRIEND	162	-999	P	948
1272048372468	0	RECOG_CR_PRES	9	BOYFRIEND	162	-999	P	103
1272048372885	1	RECOG_FEEDBACK	1
1272048373668	0	RECOG_PRES	9	STEWARDESS	1381	-999	P	911
1272048374951	0	RECOG_CR_PRES	9	STEWARDESS	1381	-999	P	53
1272048375301	1	RECOG_FEEDBACK	1
1272048376019	0	RECOG_PRES	9	SPHINX	1349	-999	P	792
1272048377177	0	RECOG_CR_PRES	9	SPHINX	1349	-999	P	58
1272048377534	1	RECOG_FEEDBACK	1
1272048378284	0	RECOG_PRES	9	SIRLOIN	1311	-999	P	776
1272048379434	0	RECOG_CR_PRES	9	SIRLOIN	1311	-999	P	105
1272048379817	1	RECOG_FEEDBACK	1
1272048380551	0	RECOG_PRES	9	ANTEATER	26	-999	P	865
1272048381817	0	RECOG_CR_PRES	9	ANTEATER	26	-999	P	66
1272048382201	1	RECOG_FEEDBACK	1
1272048382925	0	RECOG_PRES	9	EXPERT	543	-999	P	798
1272048384085	0	RECOG_CR_PRES	9	EXPERT	543	-999	P	111
1272048384492	1	RECOG_FEEDBACK	1
1272048385267	0	RECOG_PRES	9	LADY	794	-999	P	785
1272048386425	0	RECOG_CR_PRES	9	LADY	794	-999	P	98
1272048386825	1	RECOG_FEEDBACK	1
1272048388151	0	REST
1272048389320	1	REC_START
1272048389358	0	RECOG_PRES	10	DEPARTMENT	449	-999	P	822
1272048390550	0	RECOG_CR_PRES	10	DEPARTMENT	449	-999	P	45
1272048390883	1	RECOG_FEEDBACK	1
1272048391683	0	RECOG_PRES	10	ALMOND	18	-999	P	752
1272048392808	0	RECOG_CR_PRES	10	ALMOND	18	-999	P	59
1272048393176	1	RECOG_FEEDBACK	1
1272048393933	0	RECOG_PRES	10	LUMBER	848	-999	P	750
1272048395051	0	RECOG_CR_PRES	10	LUMBER	848	-999	P	73
1272048395424	1	RECOG_FEEDBACK	1
1272048396192	0	RECOG_PRES	10	BUTTER	205	-999	P	820
1272048397383	0	RECOG_CR_PRES	10	BUTTER	205	-999	P	108
1272048397808	1	RECOG_FEEDBACK	1
1272048398599	0	RECOG_PRES	10	MONASTERY	907	-999	P	581
1272048399549	0	RECOG_CR_PRES	10	MONASTERY	907	-999	P	174
1272048400008	1	RECOG_FEEDBACK	1
1272048400774	0	RECOG_PRES	10	FIN	566	-999	P	797
1272048401941	0	RECOG_CR_PRES	10	FIN	566	-999	P	87
1272048402332	1	RECOG_FEEDBACK	1
1272048403133	0	RECOG_PRES	10	VITAMIN	1574	-999	P	846
1272048404340	0	RECOG_CR_PRES	10	VITAMIN	1574	-999	P	111
1272048404757	1	RECOG_FEEDBACK	1
1272048405474	0	RECOG_PRES	10	TRIANGLE	1504	-999	P	1377
1272048407224	0	RECOG_CR_PRES	10	TRIANGLE	1504	-999	P	67
1272048407607	1	RECOG_FEEDBACK	1
1272048408340	0	RECOG_PRES	10	TRANSPLANT	1496	-999	P	856
1272048409573	0	RECOG_CR_PRES	10	TRANSPLANT	1496	-999	P	70
1272048409940	1	RECOG_FEEDBACK	1
1272048410698	0	RECOG_PRES	10	CLOVE	329	-999	P	769
1272048411840	0	RECOG_CR_PRES	10	CLOVE	329	-999	P	67
1272048412208	1	RECOG_FEEDBACK	1
1272048413007	0	RECOG_PRES	10	ARM	38	-999	P	852
1272048414231	0	RECOG_CR_PRES	10	ARM	38	-999	P	60
1272048414598	1	RECOG_FEEDBACK	1
1272048415390	0	RECOG_PRES	10	CROCODILE	411	-999	P	790
1272048416548	0	RECOG_CR_PRES	10	CROCODILE	411	-999	P	71
1272048416923	1	RECOG_FEEDBACK	1
1272048417648	0	RECOG_PRES	10	SPACE	1345	-999	P	747
1272048418764	0	RECOG_CR_PRES	10	SPACE	1345	-999	P	63
1272048419124	1	RECOG_FEEDBACK	1
1272048419898	0	RECOG_PRES	10	GYMNAST	675	-999	P	753
1272048421015	0	RECOG_CR_PRES	10	GYMNAST	675	-999	P	141
1272048421456	1	RECOG_FEEDBACK	1
1272048422231	0	RECOG_PRES	10	CATCHER	258	-999	P	877
1272048423481	0	RECOG_CR_PRES	10	CATCHER	258	-999	P	90
1272048423864	1	RECOG_FEEDBACK	1
1272048424664	0	RECOG_PRES	10	CABBAGE	210	-999	P	808
1272048425872	0	RECOG_CR_PRES	10	CABBAGE	210	-999	P	51
1272048426230	1	RECOG_FEEDBACK	1
1272048426955	0	RECOG_PRES	10	ELEPHANT	523	-999	P	936
1272048428264	0	RECOG_CR_PRES	10	ELEPHANT	523	-999	P	67
1272048428630	1	RECOG_FEEDBACK	1
1272048429364	0	RECOG_PRES	10	FEAST	556	-999	P	983
1272048430713	0	RECOG_CR_PRES	10	FEAST	556	-999	P	82
1272048431098	1	RECOG_FEEDBACK	1
1272048431847	0	RECOG_PRES	10	PLANET	1082	-999	P	2572
1272048434788	0	RECOG_CR_PRES	10	PLANET	1082	-999	P	799
1272048435955	1	RECOG_FEEDBACK	1
1272048436755	0	RECOG_PRES	10	BELL	118	-999	P	976
1272048438097	0	RECOG_CR_PRES	10	BELL	118	-999	P	146
1272048438546	1	RECOG_FEEDBACK	1
1272048439805	0	REST
1272048440807	1	REC_START
1272048440838	0	RECOG_PRES	11	FLOOR	581	-999	P	1013
1272048442213	0	RECOG_CR_PRES	11	FLOOR	581	-999	P	86
1272048442604	1	RECOG_FEEDBACK	1
1272048443396	0	RECOG_PRES	11	BADGE	68	-999	P	776
1272048444546	0	RECOG_CR_PRES	11	BADGE	68	-999	P	113
1272048444962	1	RECOG_FEEDBACK	0
1272048445721	0	RECOG_PRES	11	HALL	677	-999	P	906
1272048446996	0	RECOG_CR_PRES	11	HALL	677	-999	P	80
1272048447371	1	RECOG_FEEDBACK	1
1272048448138	0	RECOG_PRES	11	BLUEJAY	141	-999	P	1441
1272048449945	0	RECOG_CR_PRES	11	BLUEJAY	141	-999	P	75
1272048450370	1	RECOG_FEEDBACK	1
1272048451088	0	RECOG_PRES	11	GARAGE	621	-999	P	1755
1272048453205	0	RECOG_CR_PRES	11	GARAGE	621	-999	P	206
1272048453762	1	RECOG_FEEDBACK	0
1272048454495	0	RECOG_PRES	11	FIDDLE	561	-999	P	1044
1272048455912	0	RECOG_CR_PRES	11	FIDDLE	561	-999	P	307
1272048456528	1	RECOG_FEEDBACK	1
1272048457278	0	RECOG_PRES	11	BRAIN	165	-999	P	941
1272048458586	0	RECOG_CR_PRES	11	BRAIN	165	-999	P	57
1272048458945	1	RECOG_FEEDBACK	1
1272048459728	0	RECOG_PRES	11	LOBBY	836	-999	P	1107
1272048461204	0	RECOG_CR_PRES	11	LOBBY	836	-999	P	71
1272048461586	1	RECOG_FEEDBACK	1
1272048462361	0	RECOG_PRES	11	STAR	1373	-999	P	1058
1272048463794	0	RECOG_CR_PRES	11	STAR	1373	-999	P	73
1272048464179	1	RECOG_FEEDBACK	1
1272048464978	0	RECOG_PRES	11	AUTOMOBILE	62	-999	P	801
1272048466145	0	RECOG_CR_PRES	11	AUTOMOBILE	62	-999	P	146
1272048466594	1	RECOG_FEEDBACK	1
1272048467327	0	RECOG_PRES	11	ACROBAT	4	-999	P	867
1272048468594	0	RECOG_CR_PRES	11	ACROBAT	4	-999	P	137
1272048469045	1	RECOG_FEEDBACK	0
1272048469836	0	RECOG_PRES	11	BLOCKADE	137	-999	P	1479
1272048471685	0	RECOG_CR_PRES	11	BLOCKADE	137	-999	P	158
1272048472195	1	RECOG_FEEDBACK	1
1272048472944	0	RECOG_PRES	11	TELEVISION	1447	-999	P	857
1272048474195	0	RECOG_CR_PRES	11	TELEVISION	1447	-999	P	80
1272048474585	1	RECOG_FEEDBACK	1
1272048475335	0	RECOG_PRES	11	VACUUM	1543	-999	P	749
1272048476452	0	RECOG_CR_PRES	11	VACUUM	1543	-999	P	103
1272048476852	1	RECOG_FEEDBACK	1
1272048477585	0	RECOG_PRES	11	PACKAGE	997	-999	P	826
1272048478785	0	RECOG_CR_PRES	11	PACKAGE	997	-999	P	90
1272048479194	1	RECOG_FEEDBACK	1
1272048479976	0	RECOG_PRES	11	DOUGHNUT	490	-999	P	1060
1272048481410	0	RECOG_CR_PRES	11	DOUGHNUT	490	-999	P	81
1272048481826	1	RECOG_FEEDBACK	1
1272048482618	0	RECOG_PRES	11	NOVEL	960	-999	P	945
1272048483935	0	RECOG_CR_PRES	11	NOVEL	960	-999	P	149
1272048484401	1	RECOG_FEEDBACK	1
1272048485127	0	RECOG_PRES	11	ANKLE	24	-999	P	1284
1272048486784	0	RECOG_CR_PRES	11	ANKLE	24	-999	P	123
1272048487243	1	RECOG_FEEDBACK	1
1272048488044	0	RECOG_PRES	11	PRODUCER	1129	-999	P	783
1272048489193	0	RECOG_CR_PRES	11	PRODUCER	1129	-999	P	82
1272048489584	1	RECOG_FEEDBACK	1
1272048490309	0	RECOG_PRES	11	LEADER	807	-999	P	2190
1272048492876	0	RECOG_CR_PRES	11	LEADER	807	-999	P	184
1272048493417	1	RECOG_FEEDBACK	1
1272048494709	0	REST
1272048495661	1	REC_START
1272048495700	0	RECOG_PRES	12	POSSUM	1112	-999	P	863
1272048496934	0	RECOG_CR_PRES	12	POSSUM	1112	-999	P	21
1272048497250	1	RECOG_FEEDBACK	1
1272048498001	0	RECOG_PRES	12	DIPLOMA	470	-999	P	930
1272048499300	0	RECOG_CR_PRES	12	DIPLOMA	470	-999	P	79
1272048499667	1	RECOG_FEEDBACK	1
1272048500467	0	RECOG_PRES	12	GORILLA	650	-999	P	784
1272048501625	0	RECOG_CR_PRES	12	GORILLA	650	-999	P	58
1272048501992	1	RECOG_FEEDBACK	1
1272048502800	0	RECOG_PRES	12	SUBWAY	1400	-999	P	947
1272048504109	0	RECOG_CR_PRES	12	SUBWAY	1400	-999	P	87
1272048504500	1	RECOG_FEEDBACK	1
1272048505216	0	RECOG_PRES	12	COURSE	390	-999	P	779
1272048506366	0	RECOG_CR_PRES	12	COURSE	390	-999	P	101
1272048506758	1	RECOG_FEEDBACK	1
1272048507524	0	RECOG_PRES	12	DESIGNER	451	-999	P	791
1272048508691	0	RECOG_CR_PRES	12	DESIGNER	451	-999	P	160
1272048509142	1	RECOG_FEEDBACK	1
1272048509916	0	RECOG_PRES	12	PATH	1023	-999	P	759
1272048511042	0	RECOG_CR_PRES	12	PATH	1023	-999	P	162
1272048511508	1	RECOG_FEEDBACK	1
1272048512216	0	RECOG_PRES	12	FIG	563	-999	P	820
1272048513407	0	RECOG_CR_PRES	12	FIG	563	-999	P	100
1272048513832	1	RECOG_FEEDBACK	1
1272048514549	0	RECOG_PRES	12	HORSE	719	-999	P	846
1272048515766	0	RECOG_CR_PRES	12	HORSE	719	-999	P	173
1272048516257	1	RECOG_FEEDBACK	1
1272048516999	0	RECOG_PRES	12	SIDING	1304	-999	P	740
1272048518108	0	RECOG_CR_PRES	12	SIDING	1304	-999	P	88
1272048518507	1	RECOG_FEEDBACK	1
1272048519232	0	RECOG_PRES	12	PONY	1102	-999	P	780
1272048520382	0	RECOG_CR_PRES	12	PONY	1102	-999	P	165
1272048520873	1	RECOG_FEEDBACK	1
1272048521615	0	RECOG_PRES	12	STEW	1380	-999	P	844
1272048522832	0	RECOG_CR_PRES	12	STEW	1380	-999	P	107
1272048523257	1	RECOG_FEEDBACK	1
1272048524058	0	RECOG_PRES	12	WALNUT	1584	-999	P	1217
1272048525648	0	RECOG_CR_PRES	12	WALNUT	1584	-999	P	147
1272048526124	1	RECOG_FEEDBACK	1
1272048526906	0	RECOG_PRES	12	SPIDER	1351	-999	P	825
1272048528124	0	RECOG_CR_PRES	12	SPIDER	1351	-999	P	80
1272048528523	1	RECOG_FEEDBACK	1
1272048529331	0	RECOG_PRES	12	PAINTING	1005	-999	P	1504
1272048531199	0	RECOG_CR_PRES	12	PAINTING	1005	-999	P	292
1272048531831	1	RECOG_FEEDBACK	1
1272048532548	0	RECOG_PRES	12	LIGHTER	819	-999	P	1167
1272048534082	0	RECOG_CR_PRES	12	LIGHTER	819	-999	P	153
1272048534547	1	RECOG_FEEDBACK	1
1272048535347	0	RECOG_PRES	12	PEANUT	1032	-999	P	960
1272048536681	0	RECOG_CR_PRES	12	PEANUT	1032	-999	P	98
1272048537098	1	RECOG_FEEDBACK	0
1272048537831	0	RECOG_PRES	12	CREW	406	-999	P	874
1272048539098	0	RECOG_CR_PRES	12	CREW	406	-999	P	129
1272048539530	1	RECOG_FEEDBACK	1
1272048540339	0	RECOG_PRES	12	POT	1114	-999	P	1248
1272048541964	0	RECOG_CR_PRES	12	POT	1114	-999	P	72
1272048542364	1	RECOG_FEEDBACK	1
1272048543106	0	RECOG_PRES	12	SKIN	1318	-999	P	713
1272048544181	0	RECOG_CR_PRES	12	SKIN	1318	-999	P	102
1272048544572	1	RECOG_FEEDBACK	1
1272048545847	0	REST
1272048546955	1	REC_START
1272048546988	0	RECOG_PRES	13	TORCH	1484	-999	P	847
1272048548197	0	RECOG_CR_PRES	13	TORCH	1484	-999	P	102
1272048548588	1	RECOG_FEEDBACK	1
1272048549330	0	RECOG_PRES	13	REBEL	1172	-999	P	682
1272048550380	0	RECOG_CR_PRES	13	REBEL	1172	-999	P	143
1272048550813	1	RECOG_FEEDBACK	1
1272048551588	0	RECOG_PRES	13	STOOL	1386	-999	P	935
1272048552896	0	RECOG_CR_PRES	13	STOOL	1386	-999	P	148
1272048553363	1	RECOG_FEEDBACK	1
1272048554089	0	RECOG_PRES	13	STAFF	1365	-999	P	858
1272048555321	0	RECOG_CR_PRES	13	STAFF	1365	-999	P	122
1272048555754	1	RECOG_FEEDBACK	1
1272048556479	0	RECOG_PRES	13	BANDANNA	80	-999	P	932
1272048557787	0	RECOG_CR_PRES	13	BANDANNA	80	-999	P	104
1272048558205	1	RECOG_FEEDBACK	1
1272048559013	0	RECOG_PRES	13	ACID	2	-999	P	718
1272048560097	0	RECOG_CR_PRES	13	ACID	2	-999	P	43
1272048560446	1	RECOG_FEEDBACK	1
1272048561246	0	RECOG_PRES	13	DOORBELL	487	-999	P	749
1272048562370	0	RECOG_CR_PRES	13	DOORBELL	487	-999	P	57
1272048562712	1	RECOG_FEEDBACK	1
1272048563454	0	RECOG_PRES	13	CHEST	295	-999	P	646
1272048564470	0	RECOG_CR_PRES	13	CHEST	295	-999	P	85
1272048564845	1	RECOG_FEEDBACK	1
1272048565553	0	RECOG_PRES	13	SENATE	1267	-999	P	738
1272048566670	0	RECOG_CR_PRES	13	SENATE	1267	-999	P	85
1272048567063	1	RECOG_FEEDBACK	1
1272048567778	0	RECOG_PRES	13	RADISH	1158	-999	P	745
1272048568895	0	RECOG_CR_PRES	13	RADISH	1158	-999	P	117
1272048569320	1	RECOG_FEEDBACK	1
1272048570129	0	RECOG_PRES	13	SPOOL	1356	-999	P	762
1272048571261	0	RECOG_CR_PRES	13	SPOOL	1356	-999	P	102
1272048571686	1	RECOG_FEEDBACK	1
1272048572470	0	RECOG_PRES	13	SUBMARINE	1398	-999	P	877
1272048573720	0	RECOG_CR_PRES	13	SUBMARINE	1398	-999	P	131
1272048574145	1	RECOG_FEEDBACK	1
1272048574861	0	RECOG_PRES	13	GRAPE	654	-999	P	886
1272048576112	0	RECOG_CR_PRES	13	GRAPE	654	-999	P	171
1272048576594	1	RECOG_FEEDBACK	1
1272048577319	0	RECOG_PRES	13	SHINGLE	1285	-999	P	1316
1272048579003	0	RECOG_CR_PRES	13	SHINGLE	1285	-999	P	97
1272048579411	1	RECOG_FEEDBACK	1
1272048580219	0	RECOG_PRES	13	CLASS	318	-999	P	1008
1272048581602	0	RECOG_CR_PRES	13	CLASS	318	-999	P	73
1272048581986	1	RECOG_FEEDBACK	0
1272048582702	0	RECOG_PRES	13	DOUGH	489	-999	P	933
1272048584003	0	RECOG_CR_PRES	13	DOUGH	489	-999	P	81
1272048584369	1	RECOG_FEEDBACK	1
1272048585161	0	RECOG_PRES	13	HUT	729	-999	P	682
1272048586211	0	RECOG_CR_PRES	13	HUT	729	-999	P	112
1272048586619	1	RECOG_FEEDBACK	1
1272048587335	0	RECOG_PRES	13	LOBSTER	837	-999	P	677
1272048588385	0	RECOG_CR_PRES	13	LOBSTER	837	-999	P	154
1272048588827	1	RECOG_FEEDBACK	1
1272048589552	0	RECOG_PRES	13	SNORKEL	1336	-999	P	723
1272048590652	0	RECOG_CR_PRES	13	SNORKEL	1336	-999	P	87
1272048591036	1	RECOG_FEEDBACK	1
1272048591752	0	RECOG_PRES	13	PROTON	1132	-999	P	827
1272048592951	0	RECOG_CR_PRES	13	PROTON	1132	-999	P	133
1272048593376	1	RECOG_FEEDBACK	1
1272048595826	0	REST
1272048596657	1	REC_START
1272048596693	0	RECOG_PRES	14	WIDOW	1608	-999	P	1142
1272048598202	0	RECOG_CR_PRES	14	WIDOW	1608	-999	P	65
1272048598618	1	RECOG_FEEDBACK	1
1272048599334	0	RECOG_PRES	14	PRUNE	1134	-999	P	1085
1272048600793	0	RECOG_CR_PRES	14	PRUNE	1134	-999	P	58
1272048601177	1	RECOG_FEEDBACK	1
1272048601976	0	RECOG_PRES	14	HIP	710	-999	P	807
1272048603177	0	RECOG_CR_PRES	14	HIP	710	-999	P	90
1272048603576	1	RECOG_FEEDBACK	1
1272048604309	0	RECOG_PRES	14	COMPANION	357	-999	P	823
1272048605501	0	RECOG_CR_PRES	14	COMPANION	357	-999	P	62
1272048605859	1	RECOG_FEEDBACK	1
1272048606650	0	RECOG_PRES	14	JAW	751	-999	P	816
1272048607867	0	RECOG_CR_PRES	14	JAW	751	-999	P	24
1272048608193	1	RECOG_FEEDBACK	1
1272048608992	0	RECOG_PRES	14	WALLET	1583	-999	P	1084
1272048610450	0	RECOG_CR_PRES	14	WALLET	1583	-999	P	89
1272048610850	1	RECOG_FEEDBACK	1
1272048611642	0	RECOG_PRES	14	ROBBER	1197	-999	P	921
1272048612933	0	RECOG_CR_PRES	14	ROBBER	1197	-999	P	103
1272048613333	1	RECOG_FEEDBACK	1
1272048614093	0	RECOG_PRES	14	BROTHER	179	-999	P	1246
1272048615708	0	RECOG_CR_PRES	14	BROTHER	179	-999	P	679
1272048616725	1	RECOG_FEEDBACK	0
1272048617533	0	RECOG_PRES	14	PLAQUE	1084	-999	P	1254
1272048619151	0	RECOG_CR_PRES	14	PLAQUE	1084	-999	P	116
1272048619583	1	RECOG_FEEDBACK	1
1272048620316	0	RECOG_PRES	14	RODENT	1204	-999	P	824
1272048621508	0	RECOG_CR_PRES	14	RODENT	1204	-999	P	127
1272048621924	1	RECOG_FEEDBACK	1
1272048622666	0	RECOG_PRES	14	TOMATO	1476	-999	P	905
1272048623941	0	RECOG_CR_PRES	14	TOMATO	1476	-999	P	95
1272048624341	1	RECOG_FEEDBACK	1
1272048625133	0	RECOG_PRES	14	STEREO	1378	-999	P	1150
1272048626657	0	RECOG_CR_PRES	14	STEREO	1378	-999	P	419
1272048627399	1	RECOG_FEEDBACK	0
1272048628175	0	RECOG_PRES	14	COMMUNITY	356	-999	P	1132
1272048629682	0	RECOG_CR_PRES	14	COMMUNITY	356	-999	P	145
1272048630150	1	RECOG_FEEDBACK	1
1272048630915	0	RECOG_PRES	14	MOB	904	-999	P	736
1272048632016	0	RECOG_CR_PRES	14	MOB	904	-999	P	148
1272048632449	1	RECOG_FEEDBACK	1
1272048633208	0	RECOG_PRES	14	TANGERINE	1431	-999	P	841
1272048634448	0	RECOG_CR_PRES	14	TANGERINE	1431	-999	P	123
1272048634865	1	RECOG_FEEDBACK	1
1272048635657	0	RECOG_PRES	14	LOAF	835	-999	P	816
1272048636873	0	RECOG_CR_PRES	14	LOAF	835	-999	P	114
1272048637290	1	RECOG_FEEDBACK	1
1272048638066	0	RECOG_PRES	14	HORIZON	717	-999	P	1002
1272048639440	0	RECOG_CR_PRES	14	HORIZON	717	-999	P	155
1272048639906	1	RECOG_FEEDBACK	1
1272048640698	0	RECOG_PRES	14	LETTUCE	814	-999	P	785
1272048641856	0	RECOG_CR_PRES	14	LETTUCE	814	-999	P	91
1272048642239	1	RECOG_FEEDBACK	1
1272048642948	0	RECOG_PRES	14	PERSONNEL	1053	-999	P	891
1272048644239	0	RECOG_CR_PRES	14	PERSONNEL	1053	-999	P	68
1272048644614	1	RECOG_FEEDBACK	1
1272048645356	0	RECOG_PRES	14	PLAID	1080	-999	P	832
1272048646556	0	RECOG_CR_PRES	14	PLAID	1080	-999	P	119
1272048646972	1	RECOG_FEEDBACK	1
1272048651464	0	REST
1272048652450	1	REC_START
1272048652480	0	RECOG_PRES	15	OWL	992	-999	P	1155
1272048654006	0	RECOG_CR_PRES	15	OWL	992	-999	P	206
1272048654522	1	RECOG_FEEDBACK	0
1272048655239	0	RECOG_PRES	15	PANTS	1010	-999	P	789
1272048656397	0	RECOG_CR_PRES	15	PANTS	1010	-999	P	86
1272048656780	1	RECOG_FEEDBACK	1
1272048657563	0	RECOG_PRES	15	PORCUPINE	1107	-999	P	688
1272048658622	0	RECOG_CR_PRES	15	PORCUPINE	1107	-999	P	85
1272048658988	1	RECOG_FEEDBACK	1
1272048659747	0	RECOG_PRES	15	IRON	744	-999	P	944
1272048661056	0	RECOG_CR_PRES	15	IRON	744	-999	P	44
1272048661396	1	RECOG_FEEDBACK	1
1272048662189	0	RECOG_PRES	15	STUMP	1396	-999	P	718
1272048663280	0	RECOG_CR_PRES	15	STUMP	1396	-999	P	35
1272048663605	1	RECOG_FEEDBACK	1
1272048664371	0	RECOG_PRES	15	MANSION	864	-999	P	713
1272048665454	0	RECOG_CR_PRES	15	MANSION	864	-999	P	69
1272048665804	1	RECOG_FEEDBACK	1
1272048666579	0	RECOG_PRES	15	SCULPTURE	1258	-999	P	752
1272048667704	0	RECOG_CR_PRES	15	SCULPTURE	1258	-999	P	83
1272048668089	1	RECOG_FEEDBACK	1
1272048668846	0	RECOG_PRES	15	OUTLAW	989	-999	P	797
1272048670005	0	RECOG_CR_PRES	15	OUTLAW	989	-999	P	127
1272048670421	1	RECOG_FEEDBACK	1
1272048671138	0	RECOG_PRES	15	TREE	1502	-999	P	978
1272048672487	0	RECOG_CR_PRES	15	TREE	1502	-999	P	84
1272048672904	1	RECOG_FEEDBACK	1
1272048673687	0	RECOG_PRES	15	CRAYON	401	-999	P	860
1272048674920	0	RECOG_CR_PRES	15	CRAYON	401	-999	P	84
1272048675304	1	RECOG_FEEDBACK	1
1272048676046	0	RECOG_PRES	15	DIGGER	464	-999	P	781
1272048677196	0	RECOG_CR_PRES	15	DIGGER	464	-999	P	87
1272048677587	1	RECOG_FEEDBACK	1
1272048678345	0	RECOG_PRES	15	CIGAR	308	-999	P	683
1272048679403	0	RECOG_CR_PRES	15	CIGAR	308	-999	P	64
1272048679753	1	RECOG_FEEDBACK	1
1272048680487	0	RECOG_PRES	15	STOCKING	1383	-999	P	732
1272048681595	0	RECOG_CR_PRES	15	STOCKING	1383	-999	P	120
1272048681995	1	RECOG_FEEDBACK	1
1272048682753	0	RECOG_PRES	15	MOAT	903	-999	P	930
1272048684046	0	RECOG_CR_PRES	15	MOAT	903	-999	P	110
1272048684453	1	RECOG_FEEDBACK	0
1272048685204	0	RECOG_PRES	15	DUCK	504	-999	P	703
1272048686278	0	RECOG_CR_PRES	15	DUCK	504	-999	P	101
1272048686670	1	RECOG_FEEDBACK	1
1272048687453	0	RECOG_PRES	15	PIER	1063	-999	P	1126
1272048688953	0	RECOG_CR_PRES	15	PIER	1063	-999	P	99
1272048689428	1	RECOG_FEEDBACK	1
1272048690195	0	RECOG_PRES	15	ORCHID	982	-999	P	1144
1272048691711	0	RECOG_CR_PRES	15	ORCHID	982	-999	P	76
1272048692145	1	RECOG_FEEDBACK	1
1272048692886	0	RECOG_PRES	15	DIRT	472	-999	P	845
1272048694095	0	RECOG_CR_PRES	15	DIRT	472	-999	P	140
1272048694544	1	RECOG_FEEDBACK	1
1272048695252	0	RECOG_PRES	15	JEWEL	757	-999	P	936
1272048696560	0	RECOG_CR_PRES	15	JEWEL	757	-999	P	75
1272048696952	1	RECOG_FEEDBACK	1
1272048697702	0	RECOG_PRES	15	SWEATER	1419	-999	P	1414
1272048699485	0	RECOG_CR_PRES	15	SWEATER	1419	-999	P	599
1272048700477	1	RECOG_FEEDBACK	0
1272048701222	0	RECOG_END
1272048702003	0	SESS_END
1272048702046	0	E	Logging Ends
