1269440056688	0	B	Logging Begins
1269440056688	0	SESS_START	10
1269440188241	1	FR_PRES	0	WARRIOR	1589	1	1	2235	(0.42259999999999998, 0.58709999999999996, 0)	../fonts/zerothre.ttf	lower
1269440192282	1	FR_PRES	0	FIREMAN	569	1	1	1930	(0.42259999999999998, 0.58709999999999996, 0)	../fonts/zerothre.ttf	lower
1269440196457	1	FR_PRES	0	MUSHROOM	934	0	0	2330	(0.57740000000000002, 0.41289999999999999, 1.0)	../fonts/amplitud.ttf	upper
1269440200505	1	FR_PRES	0	ELECTRON	522	0	0	1547	(0.57740000000000002, 0.41289999999999999, 1.0)	../fonts/amplitud.ttf	upper
1269440204381	1	FR_PRES	0	OCTOPUS	971	0	1	1278	(0.57740000000000002, 0.41289999999999999, 1.0)	../fonts/amplitud.ttf	upper
1269440208381	1	FR_PRES	0	OTTER	986	0	1	1358	(0.57740000000000002, 0.41289999999999999, 1.0)	../fonts/amplitud.ttf	upper
1269440212239	1	FR_PRES	0	FARMER	553	0	1	1484	(0.57740000000000002, 0.41289999999999999, 1.0)	../fonts/amplitud.ttf	upper
1269440216314	1	FR_PRES	0	FISH	571	1	1	2122	(0.42259999999999998, 0.58709999999999996, 0)	../fonts/zerothre.ttf	lower
1269440220388	1	FR_PRES	0	TREAD	1499	1	0	1423	(0.42259999999999998, 0.58709999999999996, 0)	../fonts/zerothre.ttf	lower
1269440224230	1	FR_PRES	0	BLOUSE	139	0	1	1445	(0.57740000000000002, 0.41289999999999999, 1.0)	../fonts/amplitud.ttf	upper
1269440228438	1	FR_PRES	0	BUTTON	207	0	0	910	(0.57740000000000002, 0.41289999999999999, 1.0)	../fonts/amplitud.ttf	upper
1269440232628	1	FR_PRES	0	PEARL	1034	0	0	1183	(0.57740000000000002, 0.41289999999999999, 1.0)	../fonts/amplitud.ttf	upper
1269440236628	1	FR_PRES	0	POOL	1103	1	0	1680	(0.42259999999999998, 0.58709999999999996, 0)	../fonts/zerothre.ttf	lower
1269440240602	1	FR_PRES	0	ARROW	40	1	0	1305	(0.42259999999999998, 0.58709999999999996, 0)	../fonts/zerothre.ttf	lower
1269440244462	1	FR_PRES	0	SANDWICH	1232	1	0	1149	(0.42259999999999998, 0.58709999999999996, 0)	../fonts/zerothre.ttf	lower
1269440248535	1	FR_PRES	0	FRIES	607	1	0	1372	(0.42259999999999998, 0.58709999999999996, 0)	../fonts/zerothre.ttf	lower
1269440252388	0	DISTRACTOR	0			8000	2
1269440261353	1	REC_START
1269440338272	0	REST
1269440339772	0	DISTRACTOR	1			8000	3
1269440347438	1	FR_PRES	1	MOUSE	925	1	1	1654	(0.42259999999999998, 0.58709999999999996, 0)	../fonts/zerothre.ttf	lower
1269440351380	0	DISTRACTOR	1			8000	4
1269440359420	1	FR_PRES	1	CAT	257	1	1	2415	(0.42259999999999998, 0.58709999999999996, 0)	../fonts/zerothre.ttf	lower
1269440363303	0	DISTRACTOR	1			8000	5
1269440371253	1	FR_PRES	1	SWATTER	1418	1	0	1119	(0.42259999999999998, 0.58709999999999996, 0)	../fonts/zerothre.ttf	lower
1269440375153	0	DISTRACTOR	1			8000	3
1269440383418	1	FR_PRES	1	TREAT	1501	1	0	1289	(0.42259999999999998, 0.58709999999999996, 0)	../fonts/zerothre.ttf	lower
1269440387270	0	DISTRACTOR	1			8000	4
1269440395500	1	FR_PRES	1	OATS	968	1	0	1215	(0.42259999999999998, 0.58709999999999996, 0)	../fonts/zerothre.ttf	lower
1269440399385	0	DISTRACTOR	1			8000	4
1269440407458	1	FR_PRES	1	FIREPLACE	570	1	0	1065	(0.42259999999999998, 0.58709999999999996, 0)	../fonts/zerothre.ttf	lower
1269440411466	0	DISTRACTOR	1			8000	4
1269440419482	1	FR_PRES	1	ADOLESCENT	7	1	1	1666	(0.42259999999999998, 0.58709999999999996, 0)	../fonts/zerothre.ttf	lower
1269440423421	0	DISTRACTOR	1			8000	3
1269440431407	1	FR_PRES	1	FOLLOWER	589	1	0	1885	(0.42259999999999998, 0.58709999999999996, 0)	../fonts/zerothre.ttf	lower
1269440435420	0	DISTRACTOR	1			8000	3
1269440443596	1	FR_PRES	1	CHAUFFEUR	283	1	0	1768	(0.42259999999999998, 0.58709999999999996, 0)	../fonts/zerothre.ttf	lower
1269440447451	0	DISTRACTOR	1			8000	3
1269440455562	1	FR_PRES	1	TRUCK	1512	1	0	1522	(0.42259999999999998, 0.58709999999999996, 0)	../fonts/zerothre.ttf	lower
1269440459599	0	DISTRACTOR	1			8000	4
1269440467761	1	FR_PRES	1	RECIPE	1175	1	0	1483	(0.42259999999999998, 0.58709999999999996, 0)	../fonts/zerothre.ttf	lower
1269440471577	0	DISTRACTOR	1			8000	3
1269440479869	1	FR_PRES	1	HEATER	698	1	0	1311	(0.42259999999999998, 0.58709999999999996, 0)	../fonts/zerothre.ttf	lower
1269440483828	0	DISTRACTOR	1			8000	4
1269440491968	1	FR_PRES	1	COACH	331	1	1	1380	(0.42259999999999998, 0.58709999999999996, 0)	../fonts/zerothre.ttf	lower
1269440495965	0	DISTRACTOR	1			8000	3
1269440504118	1	FR_PRES	1	TEENAGER	1444	1	1	1693	(0.42259999999999998, 0.58709999999999996, 0)	../fonts/zerothre.ttf	lower
1269440508297	0	DISTRACTOR	1			8000	5
1269440516301	1	FR_PRES	1	DRIVEWAY	500	1	0	975	(0.42259999999999998, 0.58709999999999996, 0)	../fonts/zerothre.ttf	lower
1269440520485	0	DISTRACTOR	1			8000	5
1269440528266	1	FR_PRES	1	PATH	1023	1	0	1225	(0.42259999999999998, 0.58709999999999996, 0)	../fonts/zerothre.ttf	lower
1269440532346	0	DISTRACTOR	1			8000	3
1269440541083	1	REC_START
1269440625525	0	REST
1269440627025	0	DISTRACTOR	2			16000	8
1269440642574	1	FR_PRES	2	FREEZER	604	0	1	1478	(0.57740000000000002, 0.41289999999999999, 1.0)	../fonts/amplitud.ttf	upper
1269440646477	0	DISTRACTOR	2			16000	10
1269440662731	1	FR_PRES	2	SISTER	1312	0	1	2128	(0.57740000000000002, 0.41289999999999999, 1.0)	../fonts/amplitud.ttf	upper
1269440666612	0	DISTRACTOR	2			16000	9
1269440682596	1	FR_PRES	2	SPINACH	1352	0	0	1031	(0.57740000000000002, 0.41289999999999999, 1.0)	../fonts/amplitud.ttf	upper
1269440686552	0	DISTRACTOR	2			16000	6
1269440702694	1	FR_PRES	2	DRESS	495	1	0	2141	(0.42259999999999998, 0.58709999999999996, 0)	../fonts/zerothre.ttf	lower
1269440706669	0	DISTRACTOR	2			16000	7
1269440722760	1	FR_PRES	2	SEAFOOD	1260	1	1	1244	(0.42259999999999998, 0.58709999999999996, 0)	../fonts/zerothre.ttf	lower
1269440726909	0	DISTRACTOR	2			16000	7
1269440742783	1	FR_PRES	2	CUSTOMER	430	1	1	1261	(0.42259999999999998, 0.58709999999999996, 0)	../fonts/zerothre.ttf	lower
1269440746984	0	DISTRACTOR	2			16000	8
1269440762923	1	FR_PRES	2	LAPEL	800	1	0	2193	(0.42259999999999998, 0.58709999999999996, 0)	../fonts/zerothre.ttf	lower
1269440766742	0	DISTRACTOR	2			16000	8
1269440782839	1	FR_PRES	2	CATERPILLAR	259	1	1	1453	(0.42259999999999998, 0.58709999999999996, 0)	../fonts/zerothre.ttf	lower
1269440786992	0	DISTRACTOR	2			16000	8
1269440803005	1	FR_PRES	2	CURB	426	0	0	2558	(0.57740000000000002, 0.41289999999999999, 1.0)	../fonts/amplitud.ttf	upper
1269440806949	0	DISTRACTOR	2			16000	9
1269440822894	1	FR_PRES	2	STREET	1393	0	0	1829	(0.57740000000000002, 0.41289999999999999, 1.0)	../fonts/amplitud.ttf	upper
1269440826917	0	DISTRACTOR	2			16000	9
1269440843060	1	FR_PRES	2	SARDINE	1235	1	1	2559	(0.42259999999999998, 0.58709999999999996, 0)	../fonts/zerothre.ttf	lower
1269440846912	0	DISTRACTOR	2			16000	9
1269440863225	1	FR_PRES	2	COTTAGE	384	1	0	2011	(0.42259999999999998, 0.58709999999999996, 0)	../fonts/zerothre.ttf	lower
1269440867417	0	DISTRACTOR	2			16000	9
1269440883316	1	FR_PRES	2	CHEESE	289	1	1	1872	(0.42259999999999998, 0.58709999999999996, 0)	../fonts/zerothre.ttf	lower
1269440887240	0	DISTRACTOR	2			16000	5
1269440903505	1	FR_PRES	2	GENTLEMAN	631	0	1	1218	(0.57740000000000002, 0.41289999999999999, 1.0)	../fonts/amplitud.ttf	upper
1269440907432	0	DISTRACTOR	2			16000	9
1269440923371	1	FR_PRES	2	BOY	161	0	1	1961	(0.57740000000000002, 0.41289999999999999, 1.0)	../fonts/amplitud.ttf	upper
1269440927418	0	DISTRACTOR	2			16000	8
1269440943345	1	FR_PRES	2	STORE	1387	0	1	931	(0.57740000000000002, 0.41289999999999999, 1.0)	../fonts/amplitud.ttf	upper
1269440947509	0	DISTRACTOR	2			16000	5
1269440964235	1	REC_START
1269441063078	0	REST
1269441064578	0	DISTRACTOR	3			8000	2
1269441072285	1	FR_PRES	3	CASTLE	256	1	0	2079	(0.42259999999999998, 0.58709999999999996, 0)	../fonts/zerothre.ttf	lower
1269441076311	0	DISTRACTOR	3			8000	3
1269441084318	1	FR_PRES	3	WINDSHIELD	1612	1	-999	3000	(0.42259999999999998, 0.58709999999999996, 0)	../fonts/zerothre.ttf	lower
1269441087343	1	SLOW_MSG
1269441089936	0	DISTRACTOR	3			8000	3
1269441097941	1	FR_PRES	3	ARMY	39	1	1	1614	(0.42259999999999998, 0.58709999999999996, 0)	../fonts/zerothre.ttf	lower
1269441102083	0	DISTRACTOR	3			8000	3
1269441109832	1	FR_PRES	3	GUM	672	1	0	1636	(0.42259999999999998, 0.58709999999999996, 0)	../fonts/zerothre.ttf	lower
1269441113816	0	DISTRACTOR	3			8000	5
1269441121822	1	FR_PRES	3	BOTTLE	153	1	0	1390	(0.42259999999999998, 0.58709999999999996, 0)	../fonts/zerothre.ttf	lower
1269441125744	0	DISTRACTOR	3			8000	4
1269441133955	1	FR_PRES	3	MUG	930	0	0	2521	(0.57740000000000002, 0.41289999999999999, 1.0)	../fonts/amplitud.ttf	upper
1269441138128	0	DISTRACTOR	3			8000	3
1269441146038	1	FR_PRES	3	KING	777	0	1	1845	(0.57740000000000002, 0.41289999999999999, 1.0)	../fonts/amplitud.ttf	upper
1269441149852	0	DISTRACTOR	3			8000	4
1269441157928	1	FR_PRES	3	LUMBER	848	1	0	1763	(0.42259999999999998, 0.58709999999999996, 0)	../fonts/zerothre.ttf	lower
1269441161771	0	DISTRACTOR	3			8000	5
1269441169852	1	FR_PRES	3	RICE	1190	1	0	1328	(0.42259999999999998, 0.58709999999999996, 0)	../fonts/zerothre.ttf	lower
1269441173692	0	DISTRACTOR	3			8000	3
1269441181793	1	FR_PRES	3	KEEPER	769	1	0	1962	(0.42259999999999998, 0.58709999999999996, 0)	../fonts/zerothre.ttf	lower
1269441185895	0	DISTRACTOR	3			8000	4
1269441193801	1	FR_PRES	3	VAULT	1550	0	1	2122	(0.57740000000000002, 0.41289999999999999, 1.0)	../fonts/amplitud.ttf	upper
1269441197763	0	DISTRACTOR	3			8000	3
1269441205691	1	FR_PRES	3	STAKE	1368	0	0	1952	(0.57740000000000002, 0.41289999999999999, 1.0)	../fonts/amplitud.ttf	upper
1269441209513	0	DISTRACTOR	3			8000	4
1269441217674	1	FR_PRES	3	TRACTOR	1493	0	1	1762	(0.57740000000000002, 0.41289999999999999, 1.0)	../fonts/amplitud.ttf	upper
1269441221518	0	DISTRACTOR	3			8000	4
1269441229823	1	FR_PRES	3	MOOSE	915	0	1	1788	(0.57740000000000002, 0.41289999999999999, 1.0)	../fonts/amplitud.ttf	upper
1269441233882	0	DISTRACTOR	3			8000	3
1269441241814	1	FR_PRES	3	ELK	526	0	1	1045	(0.57740000000000002, 0.41289999999999999, 1.0)	../fonts/amplitud.ttf	upper
1269441245816	0	DISTRACTOR	3			8000	3
1269441254014	1	FR_PRES	3	JURY	766	0	1	1885	(0.57740000000000002, 0.41289999999999999, 1.0)	../fonts/amplitud.ttf	upper
1269441257877	0	DISTRACTOR	3			8000	4
1269441266854	1	REC_START
1269441348157	0	REST
1269441349664	1	FR_PRES	4	FINGERNAIL	568	0	0	1500	(0.57740000000000002, 0.41289999999999999, 1.0)	../fonts/amplitud.ttf	upper
1269441353556	1	FR_PRES	4	FOOT	590	0	0	1456	(0.57740000000000002, 0.41289999999999999, 1.0)	../fonts/amplitud.ttf	upper
1269441357764	1	FR_PRES	4	CLOTHES	327	1	0	1672	(0.42259999999999998, 0.58709999999999996, 0)	../fonts/zerothre.ttf	lower
1269441361780	1	FR_PRES	4	CLOSET	326	1	0	999	(0.42259999999999998, 0.58709999999999996, 0)	../fonts/zerothre.ttf	lower
1269441365696	1	FR_PRES	4	SPY	1360	1	1	1404	(0.42259999999999998, 0.58709999999999996, 0)	../fonts/zerothre.ttf	lower
1269441369880	1	FR_PRES	4	LOAF	835	1	0	979	(0.42259999999999998, 0.58709999999999996, 0)	../fonts/zerothre.ttf	lower
1269441373738	1	FR_PRES	4	ROOM	1206	1	0	1201	(0.42259999999999998, 0.58709999999999996, 0)	../fonts/zerothre.ttf	lower
1269441377746	1	FR_PRES	4	TIMBER	1469	0	1	1538	(0.57740000000000002, 0.41289999999999999, 1.0)	../fonts/amplitud.ttf	upper
1269441381562	1	FR_PRES	4	COP	376	0	1	1217	(0.57740000000000002, 0.41289999999999999, 1.0)	../fonts/amplitud.ttf	upper
1269441385562	1	FR_PRES	4	PILOT	1070	0	1	985	(0.57740000000000002, 0.41289999999999999, 1.0)	../fonts/amplitud.ttf	upper
1269441389661	1	FR_PRES	4	LOLLIPOP	842	0	0	1535	(0.57740000000000002, 0.41289999999999999, 1.0)	../fonts/amplitud.ttf	upper
1269441393803	1	FR_PRES	4	BUBBLE	183	0	0	1457	(0.57740000000000002, 0.41289999999999999, 1.0)	../fonts/amplitud.ttf	upper
1269441397878	1	FR_PRES	4	TREE	1502	0	1	853	(0.57740000000000002, 0.41289999999999999, 1.0)	../fonts/amplitud.ttf	upper
1269441402061	1	FR_PRES	4	WALL	1582	1	0	1462	(0.42259999999999998, 0.58709999999999996, 0)	../fonts/zerothre.ttf	lower
1269441406045	1	FR_PRES	4	PRINCE	1124	1	1	1319	(0.42259999999999998, 0.58709999999999996, 0)	../fonts/zerothre.ttf	lower
1269441410003	1	FR_PRES	4	BEET	115	1	0	1105	(0.42259999999999998, 0.58709999999999996, 0)	../fonts/zerothre.ttf	lower
1269441414123	0	DISTRACTOR	4			8000	3
1269441422776	1	REC_START
1269441502404	0	REST
1269441503911	1	FR_PRES	5	GROCERY	664	1	0	1820	(0.42259999999999998, 0.58709999999999996, 0)	../fonts/zerothre.ttf	lower
1269441507853	1	FR_PRES	5	MONARCH	906	1	1	1215	(0.42259999999999998, 0.58709999999999996, 0)	../fonts/zerothre.ttf	lower
1269441511878	1	FR_PRES	5	ROBE	1198	1	0	1117	(0.42259999999999998, 0.58709999999999996, 0)	../fonts/zerothre.ttf	lower
1269441515802	1	FR_PRES	5	TURKEY	1520	1	1	801	(0.42259999999999998, 0.58709999999999996, 0)	../fonts/zerothre.ttf	lower
1269441519894	1	FR_PRES	5	CREW	406	1	1	1789	(0.42259999999999998, 0.58709999999999996, 0)	../fonts/zerothre.ttf	lower
1269441523752	1	FR_PRES	5	PORT	1110	1	0	1083	(0.42259999999999998, 0.58709999999999996, 0)	../fonts/zerothre.ttf	lower
1269441527751	1	FR_PRES	5	MILDEW	893	1	0	1373	(0.42259999999999998, 0.58709999999999996, 0)	../fonts/zerothre.ttf	lower
1269441531609	1	FR_PRES	5	PLUMBER	1091	1	1	1082	(0.42259999999999998, 0.58709999999999996, 0)	../fonts/zerothre.ttf	lower
1269441535567	1	FR_PRES	5	BANQUET	86	1	0	956	(0.42259999999999998, 0.58709999999999996, 0)	../fonts/zerothre.ttf	lower
1269441539742	1	FR_PRES	5	COMEDIAN	352	1	1	1005	(0.42259999999999998, 0.58709999999999996, 0)	../fonts/zerothre.ttf	lower
1269441543809	1	FR_PRES	5	JOINT	758	1	0	1251	(0.42259999999999998, 0.58709999999999996, 0)	../fonts/zerothre.ttf	lower
1269441547842	1	FR_PRES	5	CLERK	321	1	1	1202	(0.42259999999999998, 0.58709999999999996, 0)	../fonts/zerothre.ttf	lower
1269441551908	1	FR_PRES	5	PICTURE	1061	1	0	903	(0.42259999999999998, 0.58709999999999996, 0)	../fonts/zerothre.ttf	lower
1269441555949	1	FR_PRES	5	CHART	282	1	0	1263	(0.42259999999999998, 0.58709999999999996, 0)	../fonts/zerothre.ttf	lower
1269441559774	1	FR_PRES	5	QUEEN	1149	1	1	1013	(0.42259999999999998, 0.58709999999999996, 0)	../fonts/zerothre.ttf	lower
1269441563715	1	FR_PRES	5	ROACH	1195	1	1	1128	(0.42259999999999998, 0.58709999999999996, 0)	../fonts/zerothre.ttf	lower
1269441569491	1	REC_START
1269441646477	0	REST
1269441647984	1	FR_PRES	6	WORLD	1622	0	1	1044	(0.57740000000000002, 0.41289999999999999, 1.0)	../fonts/amplitud.ttf	upper
1269441652168	1	FR_PRES	6	JOURNAL	760	0	1	868	(0.57740000000000002, 0.41289999999999999, 1.0)	../fonts/amplitud.ttf	upper
1269441656093	1	FR_PRES	6	KNUCKLE	789	0	0	927	(0.57740000000000002, 0.41289999999999999, 1.0)	../fonts/amplitud.ttf	upper
1269441659925	1	FR_PRES	6	CLIMBER	323	1	1	1215	(0.42259999999999998, 0.58709999999999996, 0)	../fonts/zerothre.ttf	lower
1269441663983	1	FR_PRES	6	DANCER	437	1	1	884	(0.42259999999999998, 0.58709999999999996, 0)	../fonts/zerothre.ttf	lower
1269441667950	1	FR_PRES	6	BALLERINA	74	1	1	1214	(0.42259999999999998, 0.58709999999999996, 0)	../fonts/zerothre.ttf	lower
1269441671849	1	FR_PRES	6	MOON	914	1	0	1179	(0.42259999999999998, 0.58709999999999996, 0)	../fonts/zerothre.ttf	lower
1269441675966	1	FR_PRES	6	ACORN	3	0	0	1557	(0.57740000000000002, 0.41289999999999999, 1.0)	../fonts/amplitud.ttf	upper
1269441679982	1	FR_PRES	6	LUNG	850	0	0	1909	(0.57740000000000002, 0.41289999999999999, 1.0)	../fonts/amplitud.ttf	upper
1269441683923	1	FR_PRES	6	DONOR	485	0	1	1553	(0.57740000000000002, 0.41289999999999999, 1.0)	../fonts/amplitud.ttf	upper
1269441688007	1	FR_PRES	6	DRYER	503	1	0	1516	(0.42259999999999998, 0.58709999999999996, 0)	../fonts/zerothre.ttf	lower
1269441692074	1	FR_PRES	6	REPORT	1184	1	0	1290	(0.42259999999999998, 0.58709999999999996, 0)	../fonts/zerothre.ttf	lower
1269441696098	1	FR_PRES	6	STAPLER	1372	1	0	1641	(0.42259999999999998, 0.58709999999999996, 0)	../fonts/zerothre.ttf	lower
1269441699972	1	FR_PRES	6	HEADBAND	696	1	0	1472	(0.42259999999999998, 0.58709999999999996, 0)	../fonts/zerothre.ttf	lower
1269441703947	1	FR_PRES	6	VETERAN	1561	0	1	1592	(0.57740000000000002, 0.41289999999999999, 1.0)	../fonts/amplitud.ttf	upper
1269441707780	1	FR_PRES	6	PAGE	1001	0	0	951	(0.57740000000000002, 0.41289999999999999, 1.0)	../fonts/amplitud.ttf	upper
1269441711597	0	DISTRACTOR	6			16000	7
1269441728679	1	REC_START
1269441807124	0	REST
1269441808624	0	DISTRACTOR	7			16000	7
1269441823988	1	FR_PRES	7	ULCER	1533	0	0	1895	(0.57740000000000002, 0.41289999999999999, 1.0)	../fonts/amplitud.ttf	upper
1269441827968	0	DISTRACTOR	7			16000	9
1269441844021	1	FR_PRES	7	ICE	730	0	0	2039	(0.57740000000000002, 0.41289999999999999, 1.0)	../fonts/amplitud.ttf	upper
1269441847936	0	DISTRACTOR	7			16000	7
1269441864153	1	FR_PRES	7	PITCHFORK	1078	0	0	1123	(0.57740000000000002, 0.41289999999999999, 1.0)	../fonts/amplitud.ttf	upper
1269441868326	0	DISTRACTOR	7			16000	7
1269441883975	1	FR_PRES	7	ANIMAL	23	0	0	1820	(0.57740000000000002, 0.41289999999999999, 1.0)	../fonts/amplitud.ttf	upper
1269441888103	0	DISTRACTOR	7			16000	7
1269441903891	1	FR_PRES	7	PHOTO	1055	0	0	1297	(0.57740000000000002, 0.41289999999999999, 1.0)	../fonts/amplitud.ttf	upper
1269441907981	0	DISTRACTOR	7			16000	6
1269441923773	1	FR_PRES	7	SERVER	1272	0	1	1623	(0.57740000000000002, 0.41289999999999999, 1.0)	../fonts/amplitud.ttf	upper
1269441927797	0	DISTRACTOR	7			16000	9
1269441943954	1	FR_PRES	7	SWAN	1417	0	0	2186	(0.57740000000000002, 0.41289999999999999, 1.0)	../fonts/amplitud.ttf	upper
1269441947777	0	DISTRACTOR	7			16000	8
1269441963836	1	FR_PRES	7	STRAW	1390	0	0	1208	(0.57740000000000002, 0.41289999999999999, 1.0)	../fonts/amplitud.ttf	upper
1269441967815	0	DISTRACTOR	7			16000	8
1269441984044	1	FR_PRES	7	CHAMPAGNE	278	0	0	2240	(0.57740000000000002, 0.41289999999999999, 1.0)	../fonts/amplitud.ttf	upper
1269441987920	0	DISTRACTOR	7			16000	7
1269442004243	1	FR_PRES	7	ALBUM	14	0	0	2225	(0.57740000000000002, 0.41289999999999999, 1.0)	../fonts/amplitud.ttf	upper
1269442008087	0	DISTRACTOR	7			16000	9
1269442024216	1	FR_PRES	7	NET	946	0	0	2092	(0.57740000000000002, 0.41289999999999999, 1.0)	../fonts/amplitud.ttf	upper
1269442028308	0	DISTRACTOR	7			16000	6
1269442044340	1	FR_PRES	7	CAFE	216	0	1	1359	(0.57740000000000002, 0.41289999999999999, 1.0)	../fonts/amplitud.ttf	upper
1269442048198	0	DISTRACTOR	7			16000	9
1269442064438	1	FR_PRES	7	DISC	473	0	0	1389	(0.57740000000000002, 0.41289999999999999, 1.0)	../fonts/amplitud.ttf	upper
1269442068314	0	DISTRACTOR	7			16000	10
1269442084345	1	FR_PRES	7	PERCH	1048	0	0	2795	(0.57740000000000002, 0.41289999999999999, 1.0)	../fonts/amplitud.ttf	upper
1269442088494	0	DISTRACTOR	7			16000	5
1269442104327	1	FR_PRES	7	CAFETERIA	217	0	1	1885	(0.57740000000000002, 0.41289999999999999, 1.0)	../fonts/amplitud.ttf	upper
1269442108405	0	DISTRACTOR	7			16000	9
1269442124209	1	FR_PRES	7	SUPERMARKET	1409	0	1	1027	(0.57740000000000002, 0.41289999999999999, 1.0)	../fonts/amplitud.ttf	upper
1269442128307	0	DISTRACTOR	7			16000	9
1269442145083	1	REC_START
1269442221943	0	REST
1269442223443	1	FR_PRES	8	DESK	452	0	1	1152	(0.57740000000000002, 0.41289999999999999, 1.0)	../fonts/amplitud.ttf	upper
1269442227468	1	FR_PRES	8	INVENTOR	743	0	1	1544	(0.57740000000000002, 0.41289999999999999, 1.0)	../fonts/amplitud.ttf	upper
1269442231650	1	FR_PRES	8	SKUNK	1321	0	0	1153	(0.57740000000000002, 0.41289999999999999, 1.0)	../fonts/amplitud.ttf	upper
1269442235850	1	FR_PRES	8	THORN	1459	0	0	1001	(0.57740000000000002, 0.41289999999999999, 1.0)	../fonts/amplitud.ttf	upper
1269442239733	1	FR_PRES	8	PATIO	1025	0	1	878	(0.57740000000000002, 0.41289999999999999, 1.0)	../fonts/amplitud.ttf	upper
1269442243799	1	FR_PRES	8	SUGAR	1401	0	0	1188	(0.57740000000000002, 0.41289999999999999, 1.0)	../fonts/amplitud.ttf	upper
1269442247891	1	FR_PRES	8	SAGE	1222	0	0	1449	(0.57740000000000002, 0.41289999999999999, 1.0)	../fonts/amplitud.ttf	upper
1269442251907	1	FR_PRES	8	CABINET	212	0	1	1792	(0.57740000000000002, 0.41289999999999999, 1.0)	../fonts/amplitud.ttf	upper
1269442255823	1	FR_PRES	8	PRINTER	1126	0	1	964	(0.57740000000000002, 0.41289999999999999, 1.0)	../fonts/amplitud.ttf	upper
1269442259681	1	FR_PRES	8	RECORD	1176	0	0	2090	(0.57740000000000002, 0.41289999999999999, 1.0)	../fonts/amplitud.ttf	upper
1269442263506	1	FR_PRES	8	RAT	1169	0	0	1818	(0.57740000000000002, 0.41289999999999999, 1.0)	../fonts/amplitud.ttf	upper
1269442267514	1	FR_PRES	8	ANKLE	24	0	0	1025	(0.57740000000000002, 0.41289999999999999, 1.0)	../fonts/amplitud.ttf	upper
1269442271589	1	FR_PRES	8	PERFUME	1049	0	0	1270	(0.57740000000000002, 0.41289999999999999, 1.0)	../fonts/amplitud.ttf	upper
1269442275614	1	FR_PRES	8	WHALE	1601	0	1	726	(0.57740000000000002, 0.41289999999999999, 1.0)	../fonts/amplitud.ttf	upper
1269442279772	1	FR_PRES	8	HOOK	715	0	0	1488	(0.57740000000000002, 0.41289999999999999, 1.0)	../fonts/amplitud.ttf	upper
1269442283696	1	FR_PRES	8	BLOSSOM	138	0	0	1364	(0.57740000000000002, 0.41289999999999999, 1.0)	../fonts/amplitud.ttf	upper
1269442287876	0	DISTRACTOR	8			8000	3
1269442296529	1	REC_START
1269442377016	0	REST
1269442378523	1	FR_PRES	9	MOTHER	921	1	3	1192	(0.42259999999999998, 0.58709999999999996, 0)	../fonts/zerothre.ttf	lower
1269442379748	1	KEY_MSG
1269442382723	1	FR_PRES	9	BROTHER	179	1	1	784	(0.42259999999999998, 0.58709999999999996, 0)	../fonts/zerothre.ttf	lower
1269442386780	1	FR_PRES	9	POLYESTER	1100	0	0	1616	(0.57740000000000002, 0.41289999999999999, 1.0)	../fonts/amplitud.ttf	upper
1269442390689	1	FR_PRES	9	LANDSCAPE	799	0	1	1114	(0.57740000000000002, 0.41289999999999999, 1.0)	../fonts/amplitud.ttf	upper
1269442394505	1	FR_PRES	9	RAISIN	1163	1	0	2098	(0.42259999999999998, 0.58709999999999996, 0)	../fonts/zerothre.ttf	lower
1269442398414	1	FR_PRES	9	RABBIT	1152	1	1	886	(0.42259999999999998, 0.58709999999999996, 0)	../fonts/zerothre.ttf	lower
1269442402529	1	FR_PRES	9	PLUTO	1092	1	1	1907	(0.42259999999999998, 0.58709999999999996, 0)	../fonts/zerothre.ttf	lower
1269442406712	1	FR_PRES	9	CHESS	294	1	0	1500	(0.42259999999999998, 0.58709999999999996, 0)	../fonts/zerothre.ttf	lower
1269442410612	1	FR_PRES	9	ROOT	1210	1	1	2071	(0.42259999999999998, 0.58709999999999996, 0)	../fonts/zerothre.ttf	lower
1269442414787	1	FR_PRES	9	FREEWAY	603	1	0	1409	(0.42259999999999998, 0.58709999999999996, 0)	../fonts/zerothre.ttf	lower
1269442418795	1	FR_PRES	9	RADIATOR	1156	0	1	1353	(0.57740000000000002, 0.41289999999999999, 1.0)	../fonts/amplitud.ttf	upper
1269442422978	1	FR_PRES	9	EARTH	515	0	1	1370	(0.57740000000000002, 0.41289999999999999, 1.0)	../fonts/amplitud.ttf	upper
1269442427170	1	FR_PRES	9	WARDROBE	1587	0	1	1306	(0.57740000000000002, 0.41289999999999999, 1.0)	../fonts/amplitud.ttf	upper
1269442431253	1	FR_PRES	9	RUNNER	1218	0	1	1015	(0.57740000000000002, 0.41289999999999999, 1.0)	../fonts/amplitud.ttf	upper
1269442435078	1	FR_PRES	9	GRIZZLY	662	0	1	1134	(0.57740000000000002, 0.41289999999999999, 1.0)	../fonts/amplitud.ttf	upper
1269442439236	1	FR_PRES	9	CLAW	319	0	0	1984	(0.57740000000000002, 0.41289999999999999, 1.0)	../fonts/amplitud.ttf	upper
1269442443285	0	DISTRACTOR	9			16000	8
1269442460168	1	REC_START
1269442536928	0	REST
1269442538428	0	DISTRACTOR	10			8000	2
1269442545827	1	FR_PRES	10	STRANGER	1389	1	1	1864	(0.42259999999999998, 0.58709999999999996, 0)	../fonts/zerothre.ttf	lower
1269442549715	0	DISTRACTOR	10			8000	3
1269442557885	1	FR_PRES	10	LOVER	846	1	1	998	(0.42259999999999998, 0.58709999999999996, 0)	../fonts/zerothre.ttf	lower
1269442561761	0	DISTRACTOR	10			8000	3
1269442570010	1	FR_PRES	10	RANCH	1166	1	0	2050	(0.42259999999999998, 0.58709999999999996, 0)	../fonts/zerothre.ttf	lower
1269442574117	0	DISTRACTOR	10			8000	4
1269442582067	1	FR_PRES	10	TOOTHBRUSH	1482	1	0	1185	(0.42259999999999998, 0.58709999999999996, 0)	../fonts/zerothre.ttf	lower
1269442586265	0	DISTRACTOR	10			8000	3
1269442594125	1	FR_PRES	10	CAMEL	223	1	1	1015	(0.42259999999999998, 0.58709999999999996, 0)	../fonts/zerothre.ttf	lower
1269442598322	0	DISTRACTOR	10			8000	2
1269442606199	1	FR_PRES	10	ASHTRAY	45	1	0	997	(0.42259999999999998, 0.58709999999999996, 0)	../fonts/zerothre.ttf	lower
1269442610254	0	DISTRACTOR	10			8000	2
1269442618398	1	FR_PRES	10	BUGGY	188	1	0	1533	(0.42259999999999998, 0.58709999999999996, 0)	../fonts/zerothre.ttf	lower
1269442622532	0	DISTRACTOR	10			8000	4
1269442630372	1	FR_PRES	10	UNICORN	1538	1	0	1279	(0.42259999999999998, 0.58709999999999996, 0)	../fonts/zerothre.ttf	lower
1269442634257	0	DISTRACTOR	10			8000	5
1269442642413	1	FR_PRES	10	BARRACUDA	90	1	1	1141	(0.42259999999999998, 0.58709999999999996, 0)	../fonts/zerothre.ttf	lower
1269442646232	0	DISTRACTOR	10			8000	0
1269442654619	1	FR_PRES	10	MECHANIC	884	1	1	1872	(0.42259999999999998, 0.58709999999999996, 0)	../fonts/zerothre.ttf	lower
1269442658736	0	DISTRACTOR	10			8000	4
1269442666527	1	FR_PRES	10	COLT	349	1	1	1420	(0.42259999999999998, 0.58709999999999996, 0)	../fonts/zerothre.ttf	lower
1269442670484	0	DISTRACTOR	10			8000	3
1269442678485	1	FR_PRES	10	PELT	1040	1	0	1510	(0.42259999999999998, 0.58709999999999996, 0)	../fonts/zerothre.ttf	lower
1269442682409	0	DISTRACTOR	10			8000	4
1269442690592	1	FR_PRES	10	APRON	35	1	0	1428	(0.42259999999999998, 0.58709999999999996, 0)	../fonts/zerothre.ttf	lower
1269442694707	0	DISTRACTOR	10			8000	4
1269442702741	1	FR_PRES	10	IRON	744	1	0	1623	(0.42259999999999998, 0.58709999999999996, 0)	../fonts/zerothre.ttf	lower
1269442706927	0	DISTRACTOR	10			8000	4
1269442714565	1	FR_PRES	10	STEAM	1375	1	0	934	(0.42259999999999998, 0.58709999999999996, 0)	../fonts/zerothre.ttf	lower
1269442718687	0	DISTRACTOR	10			8000	4
1269442726781	1	FR_PRES	10	SUIT	1402	1	0	1423	(0.42259999999999998, 0.58709999999999996, 0)	../fonts/zerothre.ttf	lower
1269442730625	0	DISTRACTOR	10			8000	4
1269442739672	1	REC_START
1269442817100	0	REST
1269442818607	1	FR_PRES	11	LAKE	796	0	1	1212	(0.57740000000000002, 0.41289999999999999, 1.0)	../fonts/amplitud.ttf	upper
1269442822765	1	FR_PRES	11	SCULPTURE	1258	0	1	1431	(0.57740000000000002, 0.41289999999999999, 1.0)	../fonts/amplitud.ttf	upper
1269442826707	1	FR_PRES	11	HORSE	719	0	1	753	(0.57740000000000002, 0.41289999999999999, 1.0)	../fonts/amplitud.ttf	upper
1269442830715	1	FR_PRES	11	STABLE	1363	0	1	1016	(0.57740000000000002, 0.41289999999999999, 1.0)	../fonts/amplitud.ttf	upper
1269442834681	1	FR_PRES	11	HIKER	708	0	1	906	(0.57740000000000002, 0.41289999999999999, 1.0)	../fonts/amplitud.ttf	upper
1269442838589	1	FR_PRES	11	TWIG	1527	0	0	1046	(0.57740000000000002, 0.41289999999999999, 1.0)	../fonts/amplitud.ttf	upper
1269442842622	1	FR_PRES	11	OLIVE	975	0	0	822	(0.57740000000000002, 0.41289999999999999, 1.0)	../fonts/amplitud.ttf	upper
1269442846522	1	FR_PRES	11	ANTEATER	26	0	1	1153	(0.57740000000000002, 0.41289999999999999, 1.0)	../fonts/amplitud.ttf	upper
1269442850680	1	FR_PRES	11	WALRUS	1585	0	1	843	(0.57740000000000002, 0.41289999999999999, 1.0)	../fonts/amplitud.ttf	upper
1269442854621	1	FR_PRES	11	CONTAINER	366	0	0	958	(0.57740000000000002, 0.41289999999999999, 1.0)	../fonts/amplitud.ttf	upper
1269442858588	1	FR_PRES	11	BERRY	122	0	0	1263	(0.57740000000000002, 0.41289999999999999, 1.0)	../fonts/amplitud.ttf	upper
1269442862721	1	FR_PRES	11	SLOPE	1328	0	0	1723	(0.57740000000000002, 0.41289999999999999, 1.0)	../fonts/amplitud.ttf	upper
1269442866545	1	FR_PRES	11	ELF	525	0	0	1122	(0.57740000000000002, 0.41289999999999999, 1.0)	../fonts/amplitud.ttf	upper
1269442870463	1	FR_PRES	11	KIWI	781	0	0	1164	(0.57740000000000002, 0.41289999999999999, 1.0)	../fonts/amplitud.ttf	upper
1269442874363	1	FR_PRES	11	VINE	1568	0	0	1480	(0.57740000000000002, 0.41289999999999999, 1.0)	../fonts/amplitud.ttf	upper
1269442878304	1	FR_PRES	11	SICKLE	1302	0	0	1379	(0.57740000000000002, 0.41289999999999999, 1.0)	../fonts/amplitud.ttf	upper
1269442884287	1	REC_START
1269442959897	1	REST_REWET
1269443389350	0	MATH_TOTAL_SCORE	467
1269443398540	0	FFR_START
1269443404183	1	REC_START
1269443725933	0	RECOG_START
1269443725934	1	REC_START
1269443725966	0	RECOG_PRES	0	RUNNER	1218	-999	P	2893
1269443729225	0	RECOG_CR_PRES	0	RUNNER	1218	-999	P	546
1269443730133	1	RECOG_FEEDBACK	1
1269443730891	0	RECOG_PRES	0	VETERAN	1561	-999	P	1097
1269443732350	0	RECOG_CR_PRES	0	VETERAN	1561	-999	P	221
1269443732882	1	RECOG_FEEDBACK	1
1269443733657	0	RECOG_PRES	0	CHAUFFEUR	283	-999	P	1547
1269443735574	0	RECOG_CR_PRES	0	CHAUFFEUR	283	-999	P	189
1269443736091	1	RECOG_FEEDBACK	1
1269443736898	0	RECOG_PRES	0	TWIG	1527	-999	P	833
1269443738099	0	RECOG_CR_PRES	0	TWIG	1527	-999	P	185
1269443738590	1	RECOG_FEEDBACK	1
1269443739383	0	RECOG_PRES	0	PUZZLE	1146	-999	P	933
1269443740690	0	RECOG_CR_PRES	0	PUZZLE	1146	-999	P	169
1269443741158	1	RECOG_FEEDBACK	1
1269443741932	0	RECOG_PRES	0	BASEMENT	94	-999	P	944
1269443743241	0	RECOG_CR_PRES	0	BASEMENT	94	-999	P	172
1269443743715	1	RECOG_FEEDBACK	1
1269443744432	0	RECOG_PRES	0	ASIA	46	-999	P	883
1269443745715	0	RECOG_CR_PRES	0	ASIA	46	-999	P	152
1269443746174	1	RECOG_FEEDBACK	1
1269443746923	0	RECOG_PRES	0	ESCALATOR	539	-999	P	896
1269443748182	0	RECOG_CR_PRES	0	ESCALATOR	539	-999	P	206
1269443748681	1	RECOG_FEEDBACK	1
1269443749424	0	RECOG_PRES	0	SISTER	1312	-999	P	892
1269443750689	0	RECOG_CR_PRES	0	SISTER	1312	-999	P	154
1269443751148	1	RECOG_FEEDBACK	1
1269443751881	0	RECOG_PRES	0	DICTATOR	462	-999	P	978
1269443753223	0	RECOG_CR_PRES	0	DICTATOR	462	-999	P	157
1269443753681	1	RECOG_FEEDBACK	1
1269443754448	0	RECOG_PRES	0	STRAW	1390	-999	P	892
1269443755714	0	RECOG_CR_PRES	0	STRAW	1390	-999	P	97
1269443756115	1	RECOG_FEEDBACK	1
1269443756905	0	RECOG_PRES	0	CLAW	319	-999	P	1204
1269443758481	0	RECOG_CR_PRES	0	CLAW	319	-999	P	122
1269443758947	1	RECOG_FEEDBACK	1
1269443759738	0	RECOG_PRES	0	MINT	898	-999	P	946
1269443761048	0	RECOG_CR_PRES	0	MINT	898	-999	P	228
1269443761588	1	RECOG_FEEDBACK	1
1269443762323	0	RECOG_PRES	0	CONTAINER	366	-999	P	1098
1269443763788	0	RECOG_CR_PRES	0	CONTAINER	366	-999	P	151
1269443764248	1	RECOG_FEEDBACK	1
1269443764971	0	RECOG_PRES	0	FARMER	553	-999	P	1098
1269443766439	0	RECOG_CR_PRES	0	FARMER	553	-999	P	204
1269443766938	1	RECOG_FEEDBACK	1
1269443767696	0	RECOG_PRES	0	FLOUR	583	-999	P	980
1269443769039	0	RECOG_CR_PRES	0	FLOUR	583	-999	P	189
1269443769513	1	RECOG_FEEDBACK	1
1269443770297	0	RECOG_PRES	0	MULE	931	-999	P	995
1269443771663	0	RECOG_CR_PRES	0	MULE	931	-999	P	188
1269443772155	1	RECOG_FEEDBACK	1
1269443772913	0	RECOG_PRES	0	OPERATOR	979	-999	P	1019
1269443774297	0	RECOG_CR_PRES	0	OPERATOR	979	-999	P	171
1269443774771	1	RECOG_FEEDBACK	1
1269443775487	0	RECOG_PRES	0	LIST	830	-999	P	974
1269443776829	0	RECOG_CR_PRES	0	LIST	830	-999	P	199
1269443777338	1	RECOG_FEEDBACK	1
1269443778138	0	RECOG_PRES	0	KEEPER	769	-999	P	899
1269443779413	0	RECOG_CR_PRES	0	KEEPER	769	-999	P	174
1269443779904	1	RECOG_FEEDBACK	1
1269443781263	0	REST
1269443782076	1	REC_START
1269443782113	0	RECOG_PRES	1	LUNG	850	-999	P	947
1269443783429	0	RECOG_CR_PRES	1	LUNG	850	-999	P	214
1269443783962	1	RECOG_FEEDBACK	1
1269443784695	0	RECOG_PRES	1	GENTLEMAN	631	-999	P	773
1269443785837	0	RECOG_CR_PRES	1	GENTLEMAN	631	-999	P	134
1269443786279	1	RECOG_FEEDBACK	1
1269443787037	0	RECOG_PRES	1	TUNA	1518	-999	P	1927
1269443789329	0	RECOG_CR_PRES	1	TUNA	1518	-999	P	338
1269443790004	1	RECOG_FEEDBACK	1
1269443790770	0	RECOG_PRES	1	BOTTLE	153	-999	P	1081
1269443792221	0	RECOG_CR_PRES	1	BOTTLE	153	-999	P	119
1269443792661	1	RECOG_FEEDBACK	1
1269443793395	0	RECOG_PRES	1	COOKBOOK	373	-999	P	961
1269443794728	0	RECOG_CR_PRES	1	COOKBOOK	373	-999	P	203
1269443795245	1	RECOG_FEEDBACK	1
1269443796037	0	RECOG_PRES	1	ULCER	1533	-999	P	1279
1269443797686	0	RECOG_CR_PRES	1	ULCER	1533	-999	P	197
1269443798203	1	RECOG_FEEDBACK	1
1269443798977	0	RECOG_PRES	1	BLENDER	136	-999	P	1243
1269443800594	0	RECOG_CR_PRES	1	BLENDER	136	-999	P	177
1269443801095	1	RECOG_FEEDBACK	1
1269443801827	0	RECOG_PRES	1	CHAMPAGNE	278	-999	P	840
1269443803036	0	RECOG_CR_PRES	1	CHAMPAGNE	278	-999	P	160
1269443803494	1	RECOG_FEEDBACK	1
1269443804245	0	RECOG_PRES	1	KIWI	781	-999	P	767
1269443805386	0	RECOG_CR_PRES	1	KIWI	781	-999	P	121
1269443805810	1	RECOG_FEEDBACK	1
1269443806527	0	RECOG_PRES	1	FREEZER	604	-999	P	1228
1269443808119	0	RECOG_CR_PRES	1	FREEZER	604	-999	P	69
1269443808535	1	RECOG_FEEDBACK	1
1269443809294	0	RECOG_PRES	1	MARKET	871	-999	P	958
1269443810626	0	RECOG_CR_PRES	1	MARKET	871	-999	P	193
1269443811127	1	RECOG_FEEDBACK	1
1269443811935	0	RECOG_PRES	1	RAT	1169	-999	P	799
1269443813127	0	RECOG_CR_PRES	1	RAT	1169	-999	P	205
1269443813635	1	RECOG_FEEDBACK	1
1269443814419	0	RECOG_PRES	1	SKULL	1320	-999	P	1049
1269443815843	0	RECOG_CR_PRES	1	SKULL	1320	-999	P	209
1269443816377	1	RECOG_FEEDBACK	1
1269443817110	0	RECOG_PRES	1	BROTHER	179	-999	P	829
1269443818302	0	RECOG_CR_PRES	1	BROTHER	179	-999	P	126
1269443818743	1	RECOG_FEEDBACK	1
1269443819485	0	RECOG_PRES	1	REPORT	1184	-999	P	911
1269443820767	0	RECOG_CR_PRES	1	REPORT	1184	-999	P	164
1269443821252	1	RECOG_FEEDBACK	1
1269443822035	0	RECOG_PRES	1	SUIT	1402	-999	P	809
1269443823210	0	RECOG_CR_PRES	1	SUIT	1402	-999	P	146
1269443823667	1	RECOG_FEEDBACK	1
1269443824468	0	RECOG_PRES	1	SARDINE	1235	-999	P	888
1269443825725	0	RECOG_CR_PRES	1	SARDINE	1235	-999	P	166
1269443826210	1	RECOG_FEEDBACK	1
1269443826950	0	RECOG_PRES	1	OCTOPUS	971	-999	P	813
1269443828126	0	RECOG_CR_PRES	1	OCTOPUS	971	-999	P	182
1269443828617	1	RECOG_FEEDBACK	1
1269443829401	0	RECOG_PRES	1	SANDWICH	1232	-999	P	923
1269443830700	0	RECOG_CR_PRES	1	SANDWICH	1232	-999	P	159
1269443831176	1	RECOG_FEEDBACK	1
1269443831908	0	RECOG_PRES	1	OVEN	991	-999	P	951
1269443833226	0	RECOG_CR_PRES	1	OVEN	991	-999	P	154
1269443833675	1	RECOG_FEEDBACK	1
1269443835042	0	REST
1269443836096	1	REC_START
1269443836126	0	RECOG_PRES	2	JURY	766	-999	P	926
1269443837426	0	RECOG_CR_PRES	2	JURY	766	-999	P	209
1269443837941	1	RECOG_FEEDBACK	1
1269443838674	0	RECOG_PRES	2	GLASSES	640	-999	P	1025
1269443840067	0	RECOG_CR_PRES	2	GLASSES	640	-999	P	145
1269443840516	1	RECOG_FEEDBACK	1
1269443841317	0	RECOG_PRES	2	ANTELOPE	27	-999	P	1039
1269443842724	0	RECOG_CR_PRES	2	ANTELOPE	27	-999	P	175
1269443843208	1	RECOG_FEEDBACK	1
1269443843932	0	RECOG_PRES	2	LIGHTER	819	-999	P	1055
1269443845350	0	RECOG_CR_PRES	2	LIGHTER	819	-999	P	365
1269443846033	1	RECOG_FEEDBACK	1
1269443846807	0	RECOG_PRES	2	CURB	426	-999	P	884
1269443848058	0	RECOG_CR_PRES	2	CURB	426	-999	P	186
1269443848540	1	RECOG_FEEDBACK	1
1269443849341	0	RECOG_PRES	2	PUBLISHER	1137	-999	P	943
1269443850657	0	RECOG_CR_PRES	2	PUBLISHER	1137	-999	P	146
1269443851099	1	RECOG_FEEDBACK	1
1269443851865	0	RECOG_PRES	2	CAFE	216	-999	P	778
1269443853008	0	RECOG_CR_PRES	2	CAFE	216	-999	P	188
1269443853490	1	RECOG_FEEDBACK	1
1269443854291	0	RECOG_PRES	2	CRAB	397	-999	P	993
1269443855657	0	RECOG_CR_PRES	2	CRAB	397	-999	P	170
1269443856141	1	RECOG_FEEDBACK	1
1269443856890	0	RECOG_PRES	2	PATH	1023	-999	P	857
1269443858141	0	RECOG_CR_PRES	2	PATH	1023	-999	P	159
1269443858615	1	RECOG_FEEDBACK	1
1269443859407	0	RECOG_PRES	2	CHEESE	289	-999	P	853
1269443860631	0	RECOG_CR_PRES	2	CHEESE	289	-999	P	132
1269443861074	1	RECOG_FEEDBACK	1
1269443861848	0	RECOG_PRES	2	BULB	192	-999	P	891
1269443863107	0	RECOG_CR_PRES	2	BULB	192	-999	P	161
1269443863573	1	RECOG_FEEDBACK	1
1269443864299	0	RECOG_PRES	2	TICKET	1464	-999	P	1042
1269443865714	0	RECOG_CR_PRES	2	TICKET	1464	-999	P	137
1269443866165	1	RECOG_FEEDBACK	1
1269443866956	0	RECOG_PRES	2	MATTRESS	879	-999	P	1015
1269443868340	0	RECOG_CR_PRES	2	MATTRESS	879	-999	P	192
1269443868855	1	RECOG_FEEDBACK	1
1269443869647	0	RECOG_PRES	2	RABBIT	1152	-999	P	1221
1269443871231	0	RECOG_CR_PRES	2	RABBIT	1152	-999	P	206
1269443871755	1	RECOG_FEEDBACK	0
1269443872465	0	RECOG_PRES	2	CAPITAL	238	-999	P	1099
1269443873947	0	RECOG_CR_PRES	2	CAPITAL	238	-999	P	162
1269443874414	1	RECOG_FEEDBACK	1
1269443875164	0	RECOG_PRES	2	DRIVEWAY	500	-999	P	889
1269443876423	0	RECOG_CR_PRES	2	DRIVEWAY	500	-999	P	140
1269443876872	1	RECOG_FEEDBACK	1
1269443877597	0	RECOG_PRES	2	DRAGON	492	-999	P	832
1269443878796	0	RECOG_CR_PRES	2	DRAGON	492	-999	P	120
1269443879214	1	RECOG_FEEDBACK	1
1269443879938	0	RECOG_PRES	2	MOTHER	921	-999	P	850
1269443881156	0	RECOG_CR_PRES	2	MOTHER	921	-999	P	113
1269443881571	1	RECOG_FEEDBACK	1
1269443882339	0	RECOG_PRES	2	LADY	794	-999	P	938
1269443883646	0	RECOG_CR_PRES	2	LADY	794	-999	P	142
1269443884089	1	RECOG_FEEDBACK	1
1269443884838	0	RECOG_PRES	2	TWIN	1528	-999	P	958
1269443886164	0	RECOG_CR_PRES	2	TWIN	1528	-999	P	104
1269443886571	1	RECOG_FEEDBACK	1
1269443887904	0	REST
1269443889012	1	REC_START
1269443889047	0	RECOG_PRES	3	CLOSET	326	-999	P	884
1269443890297	0	RECOG_CR_PRES	3	CLOSET	326	-999	P	194
1269443890787	1	RECOG_FEEDBACK	1
1269443891545	0	RECOG_PRES	3	THORN	1459	-999	P	740
1269443892654	0	RECOG_CR_PRES	3	THORN	1459	-999	P	101
1269443893055	1	RECOG_FEEDBACK	1
1269443893804	0	RECOG_PRES	3	CAMERA	224	-999	P	1224
1269443895405	0	RECOG_CR_PRES	3	CAMERA	224	-999	P	86
1269443895795	1	RECOG_FEEDBACK	1
1269443896545	0	RECOG_PRES	3	SPAGHETTI	1346	-999	P	915
1269443897828	0	RECOG_CR_PRES	3	SPAGHETTI	1346	-999	P	111
1269443898229	1	RECOG_FEEDBACK	1
1269443898953	0	RECOG_PRES	3	CLIPPERS	324	-999	P	947
1269443900263	0	RECOG_CR_PRES	3	CLIPPERS	324	-999	P	101
1269443900662	1	RECOG_FEEDBACK	1
1269443901404	0	RECOG_PRES	3	CABIN	211	-999	P	961
1269443902736	0	RECOG_CR_PRES	3	CABIN	211	-999	P	91
1269443903129	1	RECOG_FEEDBACK	1
1269443903845	0	RECOG_PRES	3	BARREL	91	-999	P	887
1269443905096	0	RECOG_CR_PRES	3	BARREL	91	-999	P	148
1269443905544	1	RECOG_FEEDBACK	1
1269443906279	0	RECOG_PRES	3	APRON	35	-999	P	1133
1269443907794	0	RECOG_CR_PRES	3	APRON	35	-999	P	90
1269443908204	1	RECOG_FEEDBACK	1
1269443908961	0	RECOG_PRES	3	CLERK	321	-999	P	843
1269443910170	0	RECOG_CR_PRES	3	CLERK	321	-999	P	146
1269443910627	1	RECOG_FEEDBACK	1
1269443911345	0	RECOG_PRES	3	OLIVE	975	-999	P	772
1269443912487	0	RECOG_CR_PRES	3	OLIVE	975	-999	P	148
1269443912927	1	RECOG_FEEDBACK	1
1269443913669	0	RECOG_PRES	3	ELM	527	-999	P	983
1269443915020	0	RECOG_CR_PRES	3	ELM	527	-999	P	136
1269443915470	1	RECOG_FEEDBACK	1
1269443916278	0	RECOG_PRES	3	AWARD	63	-999	P	1175
1269443917827	0	RECOG_CR_PRES	3	AWARD	63	-999	P	145
1269443918303	1	RECOG_FEEDBACK	1
1269443919070	0	RECOG_PRES	3	CASHIER	254	-999	P	1367
1269443920810	0	RECOG_CR_PRES	3	CASHIER	254	-999	P	129
1269443921261	1	RECOG_FEEDBACK	1
1269443922011	0	RECOG_PRES	3	CASHEW	253	-999	P	921
1269443923294	0	RECOG_CR_PRES	3	CASHEW	253	-999	P	151
1269443923743	1	RECOG_FEEDBACK	1
1269443924469	0	RECOG_PRES	3	STRANGER	1389	-999	P	952
1269443925793	0	RECOG_CR_PRES	3	STRANGER	1389	-999	P	115
1269443926219	1	RECOG_FEEDBACK	1
1269443927027	0	RECOG_PRES	3	MOON	914	-999	P	921
1269443928311	0	RECOG_CR_PRES	3	MOON	914	-999	P	142
1269443928768	1	RECOG_FEEDBACK	1
1269443929568	0	RECOG_PRES	3	CUSHION	428	-999	P	932
1269443930876	0	RECOG_CR_PRES	3	CUSHION	428	-999	P	185
1269443931377	1	RECOG_FEEDBACK	1
1269443932127	0	RECOG_PRES	3	LAPEL	800	-999	P	902
1269443933393	0	RECOG_CR_PRES	3	LAPEL	800	-999	P	154
1269443933851	1	RECOG_FEEDBACK	1
1269443934609	0	RECOG_PRES	3	BOY	161	-999	P	939
1269443935917	0	RECOG_CR_PRES	3	BOY	161	-999	P	135
1269443936352	1	RECOG_FEEDBACK	0
1269443937135	0	RECOG_PRES	3	SQUID	1361	-999	P	990
1269443938500	0	RECOG_CR_PRES	3	SQUID	1361	-999	P	111
1269443938917	1	RECOG_FEEDBACK	1
1269443940301	0	REST
1269443941284	1	REC_START
1269443941318	0	RECOG_PRES	4	SHOWER	1296	-999	P	1775
1269443943459	0	RECOG_CR_PRES	4	SHOWER	1296	-999	P	160
1269443943967	1	RECOG_FEEDBACK	0
1269443944742	0	RECOG_PRES	4	BLADE	134	-999	P	1029
1269443946134	0	RECOG_CR_PRES	4	BLADE	134	-999	P	158
1269443946591	1	RECOG_FEEDBACK	1
1269443947334	0	RECOG_PRES	4	CYCLONE	431	-999	P	858
1269443948591	0	RECOG_CR_PRES	4	CYCLONE	431	-999	P	108
1269443949000	1	RECOG_FEEDBACK	1
1269443949716	0	RECOG_PRES	4	TRUCK	1512	-999	P	1072
1269443951150	0	RECOG_CR_PRES	4	TRUCK	1512	-999	P	126
1269443951591	1	RECOG_FEEDBACK	0
1269443952342	0	RECOG_PRES	4	MUG	930	-999	P	1663
1269443954375	0	RECOG_CR_PRES	4	MUG	930	-999	P	164
1269443954908	1	RECOG_FEEDBACK	1
1269443955674	0	RECOG_PRES	4	HORSE	719	-999	P	890
1269443956932	0	RECOG_CR_PRES	4	HORSE	719	-999	P	120
1269443957358	1	RECOG_FEEDBACK	1
1269443958100	0	RECOG_PRES	4	TRAIN	1494	-999	P	1216
1269443959691	0	RECOG_CR_PRES	4	TRAIN	1494	-999	P	152
1269443960158	1	RECOG_FEEDBACK	1
1269443960924	0	RECOG_PRES	4	HEN	703	-999	P	1081
1269443962375	0	RECOG_CR_PRES	4	HEN	703	-999	P	116
1269443962807	1	RECOG_FEEDBACK	1
1269443963524	0	RECOG_PRES	4	RADIO	1157	-999	P	865
1269443964757	0	RECOG_CR_PRES	4	RADIO	1157	-999	P	174
1269443965233	1	RECOG_FEEDBACK	1
1269443966008	0	RECOG_PRES	4	ELK	526	-999	P	1316
1269443967698	0	RECOG_CR_PRES	4	ELK	526	-999	P	185
1269443968224	1	RECOG_FEEDBACK	1
1269443968965	0	RECOG_PRES	4	RECIPE	1175	-999	P	1416
1269443970748	0	RECOG_CR_PRES	4	RECIPE	1175	-999	P	152
1269443971241	1	RECOG_FEEDBACK	1
1269443971990	0	RECOG_PRES	4	FLASHLIGHT	575	-999	P	942
1269443973299	0	RECOG_CR_PRES	4	FLASHLIGHT	575	-999	P	161
1269443973764	1	RECOG_FEEDBACK	1
1269443974506	0	RECOG_PRES	4	MACARONI	851	-999	P	931
1269443975806	0	RECOG_CR_PRES	4	MACARONI	851	-999	P	206
1269443976315	1	RECOG_FEEDBACK	1
1269443977040	0	RECOG_PRES	4	DISC	473	-999	P	1021
1269443978432	0	RECOG_CR_PRES	4	DISC	473	-999	P	131
1269443978889	1	RECOG_FEEDBACK	1
1269443979681	0	RECOG_PRES	4	FIREPLACE	570	-999	P	1203
1269443981248	0	RECOG_CR_PRES	4	FIREPLACE	570	-999	P	133
1269443981714	1	RECOG_FEEDBACK	0
1269443982497	0	RECOG_PRES	4	CARD	243	-999	P	1155
1269443984015	0	RECOG_CR_PRES	4	CARD	243	-999	P	165
1269443984505	1	RECOG_FEEDBACK	1
1269443985290	0	RECOG_PRES	4	PORPOISE	1109	-999	P	1266
1269443986930	0	RECOG_CR_PRES	4	PORPOISE	1109	-999	P	90
1269443987339	1	RECOG_FEEDBACK	1
1269443988065	0	RECOG_PRES	4	BISCUIT	130	-999	P	859
1269443989289	0	RECOG_CR_PRES	4	BISCUIT	130	-999	P	123
1269443989705	1	RECOG_FEEDBACK	1
1269443990497	0	RECOG_PRES	4	FOLLOWER	589	-999	P	1011
1269443991880	0	RECOG_CR_PRES	4	FOLLOWER	589	-999	P	115
1269443992314	1	RECOG_FEEDBACK	1
1269443993097	0	RECOG_PRES	4	COMET	353	-999	P	824
1269443994314	0	RECOG_CR_PRES	4	COMET	353	-999	P	162
1269443994771	1	RECOG_FEEDBACK	1
1269443996314	0	REST
1269443997189	1	REC_START
1269443997222	0	RECOG_PRES	5	ZEBRA	1635	-999	P	839
1269443998430	0	RECOG_CR_PRES	5	ZEBRA	1635	-999	P	134
1269443998863	1	RECOG_FEEDBACK	1
1269443999596	0	RECOG_PRES	5	TEENAGER	1444	-999	P	1024
1269444001005	0	RECOG_CR_PRES	5	TEENAGER	1444	-999	P	631
1269444001954	1	RECOG_FEEDBACK	0
1269444002712	0	RECOG_PRES	5	WHALE	1601	-999	P	1228
1269444004305	0	RECOG_CR_PRES	5	WHALE	1601	-999	P	131
1269444004754	1	RECOG_FEEDBACK	1
1269444005529	0	RECOG_PRES	5	THRONE	1461	-999	P	1179
1269444007071	0	RECOG_CR_PRES	5	THRONE	1461	-999	P	165
1269444007554	1	RECOG_FEEDBACK	1
1269444008296	0	RECOG_PRES	5	GROCERY	664	-999	P	1260
1269444009929	0	RECOG_CR_PRES	5	GROCERY	664	-999	P	107
1269444010388	1	RECOG_FEEDBACK	1
1269444011196	0	RECOG_PRES	5	POSSUM	1112	-999	P	1376
1269444012953	0	RECOG_CR_PRES	5	POSSUM	1112	-999	P	115
1269444013388	1	RECOG_FEEDBACK	1
1269444014104	0	RECOG_PRES	5	SHUTTER	1300	-999	P	852
1269444015321	0	RECOG_CR_PRES	5	SHUTTER	1300	-999	P	147
1269444015745	1	RECOG_FEEDBACK	1
1269444016503	0	RECOG_PRES	5	WICK	1607	-999	P	886
1269444017761	0	RECOG_CR_PRES	5	WICK	1607	-999	P	122
1269444018179	1	RECOG_FEEDBACK	1
1269444018953	0	RECOG_PRES	5	VILLAIN	1567	-999	P	907
1269444020229	0	RECOG_CR_PRES	5	VILLAIN	1567	-999	P	119
1269444020644	1	RECOG_FEEDBACK	1
1269444021354	0	RECOG_PRES	5	HEADBAND	696	-999	P	1185
1269444022911	0	RECOG_CR_PRES	5	HEADBAND	696	-999	P	109
1269444023337	1	RECOG_FEEDBACK	1
1269444024079	0	RECOG_PRES	5	SHRINE	1298	-999	P	974
1269444025428	0	RECOG_CR_PRES	5	SHRINE	1298	-999	P	175
1269444025919	1	RECOG_FEEDBACK	1
1269444026686	0	RECOG_PRES	5	FRIES	607	-999	P	949
1269444028003	0	RECOG_CR_PRES	5	FRIES	607	-999	P	129
1269444028445	1	RECOG_FEEDBACK	1
1269444029195	0	RECOG_PRES	5	WEED	1599	-999	P	1018
1269444030585	0	RECOG_CR_PRES	5	WEED	1599	-999	P	155
1269444031045	1	RECOG_FEEDBACK	1
1269444031760	0	RECOG_PRES	5	TOOTH	1481	-999	P	1261
1269444033395	0	RECOG_CR_PRES	5	TOOTH	1481	-999	P	192
1269444033918	1	RECOG_FEEDBACK	0
1269444034685	0	RECOG_PRES	5	COMB	351	-999	P	1183
1269444036236	0	RECOG_CR_PRES	5	COMB	351	-999	P	121
1269444036660	1	RECOG_FEEDBACK	1
1269444037461	0	RECOG_PRES	5	CAPTAIN	239	-999	P	1239
1269444039061	0	RECOG_CR_PRES	5	CAPTAIN	239	-999	P	127
1269444039510	1	RECOG_FEEDBACK	1
1269444040244	0	RECOG_PRES	5	RAFT	1159	-999	P	857
1269444041469	0	RECOG_CR_PRES	5	RAFT	1159	-999	P	166
1269444041943	1	RECOG_FEEDBACK	1
1269444042668	0	RECOG_PRES	5	TIGER	1467	-999	P	920
1269444043959	0	RECOG_CR_PRES	5	TIGER	1467	-999	P	101
1269444044360	1	RECOG_FEEDBACK	1
1269444045085	0	RECOG_PRES	5	LIMB	822	-999	P	967
1269444046427	0	RECOG_CR_PRES	5	LIMB	822	-999	P	192
1269444046926	1	RECOG_FEEDBACK	1
1269444047726	0	RECOG_PRES	5	JOINT	758	-999	P	807
1269444048934	0	RECOG_CR_PRES	5	JOINT	758	-999	P	150
1269444049385	1	RECOG_FEEDBACK	1
1269444051202	0	REST
1269444052141	1	REC_START
1269444052176	0	RECOG_PRES	6	BEET	115	-999	P	909
1269444053451	0	RECOG_CR_PRES	6	BEET	115	-999	P	168
1269444053909	1	RECOG_FEEDBACK	1
1269444054675	0	RECOG_PRES	6	TURKEY	1520	-999	P	762
1269444055809	0	RECOG_CR_PRES	6	TURKEY	1520	-999	P	178
1269444056276	1	RECOG_FEEDBACK	1
1269444057051	0	RECOG_PRES	6	DEPUTY	450	-999	P	881
1269444058301	0	RECOG_CR_PRES	6	DEPUTY	450	-999	P	135
1269444058742	1	RECOG_FEEDBACK	1
1269444059500	0	RECOG_PRES	6	WALRUS	1585	-999	P	840
1269444060708	0	RECOG_CR_PRES	6	WALRUS	1585	-999	P	151
1269444061159	1	RECOG_FEEDBACK	1
1269444061883	0	RECOG_PRES	6	COURT	391	-999	P	929
1269444063176	0	RECOG_CR_PRES	6	COURT	391	-999	P	212
1269444063691	1	RECOG_FEEDBACK	1
1269444064467	0	RECOG_PRES	6	PRINTER	1126	-999	P	922
1269444065758	0	RECOG_CR_PRES	6	PRINTER	1126	-999	P	150
1269444066209	1	RECOG_FEEDBACK	1
1269444066991	0	RECOG_PRES	6	LOVER	846	-999	P	757
1269444068109	0	RECOG_CR_PRES	6	LOVER	846	-999	P	191
1269444068599	1	RECOG_FEEDBACK	1
1269444069375	0	RECOG_PRES	6	ARROW	40	-999	P	750
1269444070499	0	RECOG_CR_PRES	6	ARROW	40	-999	P	145
1269444070932	1	RECOG_FEEDBACK	1
1269444071716	0	RECOG_PRES	6	CRUMB	416	-999	P	792
1269444072882	0	RECOG_CR_PRES	6	CRUMB	416	-999	P	170
1269444073350	1	RECOG_FEEDBACK	1
1269444074150	0	RECOG_PRES	6	LAKE	796	-999	P	855
1269444075366	0	RECOG_CR_PRES	6	LAKE	796	-999	P	158
1269444075824	1	RECOG_FEEDBACK	1
1269444076574	0	RECOG_PRES	6	LONDON	843	-999	P	766
1269444077715	0	RECOG_CR_PRES	6	LONDON	843	-999	P	200
1269444078200	1	RECOG_FEEDBACK	1
1269444078948	0	RECOG_PRES	6	CREAM	402	-999	P	1696
1269444081008	0	RECOG_CR_PRES	6	CREAM	402	-999	P	141
1269444081466	1	RECOG_FEEDBACK	1
1269444082266	0	RECOG_PRES	6	STREET	1393	-999	P	1242
1269444083881	0	RECOG_CR_PRES	6	STREET	1393	-999	P	131
1269444084341	1	RECOG_FEEDBACK	1
1269444085124	0	RECOG_PRES	6	COLT	349	-999	P	889
1269444086382	0	RECOG_CR_PRES	6	COLT	349	-999	P	157
1269444086856	1	RECOG_FEEDBACK	1
1269444087648	0	RECOG_PRES	6	HORIZON	717	-999	P	1092
1269444089107	0	RECOG_CR_PRES	6	HORIZON	717	-999	P	194
1269444089614	1	RECOG_FEEDBACK	1
1269444090382	0	RECOG_PRES	6	PLAID	1080	-999	P	983
1269444091739	0	RECOG_CR_PRES	6	PLAID	1080	-999	P	128
1269444092174	1	RECOG_FEEDBACK	1
1269444092906	0	RECOG_PRES	6	PAGE	1001	-999	P	1066
1269444094340	0	RECOG_CR_PRES	6	PAGE	1001	-999	P	128
1269444094781	1	RECOG_FEEDBACK	1
1269444095531	0	RECOG_PRES	6	UNICORN	1538	-999	P	1025
1269444096931	0	RECOG_CR_PRES	6	UNICORN	1538	-999	P	194
1269444097431	1	RECOG_FEEDBACK	1
1269444098140	0	RECOG_PRES	6	LOAF	835	-999	P	977
1269444099489	0	RECOG_CR_PRES	6	LOAF	835	-999	P	115
1269444099914	1	RECOG_FEEDBACK	1
1269444100647	0	RECOG_PRES	6	POOL	1103	-999	P	790
1269444101805	0	RECOG_CR_PRES	6	POOL	1103	-999	P	175
1269444102273	1	RECOG_FEEDBACK	1
1269444103547	0	REST
1269444104696	1	REC_START
1269444104730	0	RECOG_PRES	7	CEILING	265	-999	P	1002
1269444106098	0	RECOG_CR_PRES	7	CEILING	265	-999	P	139
1269444106538	1	RECOG_FEEDBACK	1
1269444107339	0	RECOG_PRES	7	UNIVERSITY	1541	-999	P	906
1269444108613	0	RECOG_CR_PRES	7	UNIVERSITY	1541	-999	P	126
1269444109039	1	RECOG_FEEDBACK	1
1269444109763	0	RECOG_PRES	7	BISON	131	-999	P	865
1269444110996	0	RECOG_CR_PRES	7	BISON	131	-999	P	184
1269444111480	1	RECOG_FEEDBACK	1
1269444112280	0	RECOG_PRES	7	RIVER	1194	-999	P	1093
1269444113746	0	RECOG_CR_PRES	7	RIVER	1194	-999	P	106
1269444114189	1	RECOG_FEEDBACK	1
1269444114954	0	RECOG_PRES	7	VINE	1568	-999	P	1075
1269444116405	0	RECOG_CR_PRES	7	VINE	1568	-999	P	87
1269444116812	1	RECOG_FEEDBACK	1
1269444117571	0	RECOG_PRES	7	ROOT	1210	-999	P	842
1269444118787	0	RECOG_CR_PRES	7	ROOT	1210	-999	P	152
1269444119238	1	RECOG_FEEDBACK	1
1269444119987	0	RECOG_PRES	7	SKUNK	1321	-999	P	859
1269444121238	0	RECOG_CR_PRES	7	SKUNK	1321	-999	P	126
1269444121670	1	RECOG_FEEDBACK	1
1269444122455	0	RECOG_PRES	7	FUR	615	-999	P	862
1269444123687	0	RECOG_CR_PRES	7	FUR	615	-999	P	229
1269444124213	1	RECOG_FEEDBACK	1
1269444124995	0	RECOG_PRES	7	CRIMINAL	409	-999	P	993
1269444126363	0	RECOG_CR_PRES	7	CRIMINAL	409	-999	P	168
1269444126837	1	RECOG_FEEDBACK	1
1269444127603	0	RECOG_PRES	7	MOUTH	926	-999	P	874
1269444128845	0	RECOG_CR_PRES	7	MOUTH	926	-999	P	216
1269444129354	1	RECOG_FEEDBACK	1
1269444130112	0	RECOG_PRES	7	FOOT	590	-999	P	849
1269444131362	0	RECOG_CR_PRES	7	FOOT	590	-999	P	186
1269444131853	1	RECOG_FEEDBACK	1
1269444132636	0	RECOG_PRES	7	HUSBAND	728	-999	P	1000
1269444134004	0	RECOG_CR_PRES	7	HUSBAND	728	-999	P	201
1269444134511	1	RECOG_FEEDBACK	0
1269444135245	0	RECOG_PRES	7	RECORD	1176	-999	P	866
1269444136511	0	RECOG_CR_PRES	7	RECORD	1176	-999	P	173
1269444136978	1	RECOG_FEEDBACK	1
1269444137744	0	RECOG_PRES	7	MECHANIC	884	-999	P	1092
1269444139203	0	RECOG_CR_PRES	7	MECHANIC	884	-999	P	544
1269444140053	1	RECOG_FEEDBACK	1
1269444140819	0	RECOG_PRES	7	DESK	452	-999	P	953
1269444142137	0	RECOG_CR_PRES	7	DESK	452	-999	P	178
1269444142611	1	RECOG_FEEDBACK	1
1269444143411	0	RECOG_PRES	7	KNAPSACK	783	-999	P	1026
1269444144810	0	RECOG_CR_PRES	7	KNAPSACK	783	-999	P	177
1269444145295	1	RECOG_FEEDBACK	1
1269444146061	0	RECOG_PRES	7	ANKLE	24	-999	P	839
1269444147261	0	RECOG_CR_PRES	7	ANKLE	24	-999	P	184
1269444147735	1	RECOG_FEEDBACK	1
1269444148502	0	RECOG_PRES	7	COTTAGE	384	-999	P	834
1269444149735	0	RECOG_CR_PRES	7	COTTAGE	384	-999	P	188
1269444150219	1	RECOG_FEEDBACK	1
1269444151003	0	RECOG_PRES	7	TREE	1502	-999	P	1721
1269444153086	0	RECOG_CR_PRES	7	TREE	1502	-999	P	111
1269444153543	1	RECOG_FEEDBACK	1
1269444154327	0	RECOG_PRES	7	TABLE	1426	-999	P	974
1269444155676	0	RECOG_CR_PRES	7	TABLE	1426	-999	P	191
1269444156185	1	RECOG_FEEDBACK	0
1269444157618	0	REST
1269444158652	1	REC_START
1269444158684	0	RECOG_PRES	8	STAKE	1368	-999	P	967
1269444160044	0	RECOG_CR_PRES	8	STAKE	1368	-999	P	144
1269444160477	1	RECOG_FEEDBACK	1
1269444161235	0	RECOG_PRES	8	BOOT	150	-999	P	1034
1269444162642	0	RECOG_CR_PRES	8	BOOT	150	-999	P	162
1269444163110	1	RECOG_FEEDBACK	1
1269444163909	0	RECOG_PRES	8	DRYER	503	-999	P	1055
1269444165326	0	RECOG_CR_PRES	8	DRYER	503	-999	P	78
1269444165717	1	RECOG_FEEDBACK	1
1269444166485	0	RECOG_PRES	8	PILOT	1070	-999	P	832
1269444167692	0	RECOG_CR_PRES	8	PILOT	1070	-999	P	215
1269444168201	1	RECOG_FEEDBACK	1
1269444168992	0	RECOG_PRES	8	MOOSE	915	-999	P	748
1269444170101	0	RECOG_CR_PRES	8	MOOSE	915	-999	P	232
1269444170625	1	RECOG_FEEDBACK	1
1269444171384	0	RECOG_PRES	8	INVENTOR	743	-999	P	841
1269444172625	0	RECOG_CR_PRES	8	INVENTOR	743	-999	P	371
1269444173301	1	RECOG_FEEDBACK	1
1269444174068	0	RECOG_PRES	8	BUGGY	188	-999	P	1401
1269444175841	0	RECOG_CR_PRES	8	BUGGY	188	-999	P	138
1269444176292	1	RECOG_FEEDBACK	0
1269444177017	0	RECOG_PRES	8	COAT	333	-999	P	1028
1269444178417	0	RECOG_CR_PRES	8	COAT	333	-999	P	179
1269444178883	1	RECOG_FEEDBACK	1
1269444179666	0	RECOG_PRES	8	CASH	252	-999	P	1226
1269444181259	0	RECOG_CR_PRES	8	CASH	252	-999	P	153
1269444181733	1	RECOG_FEEDBACK	1
1269444182467	0	RECOG_PRES	8	COBBLER	335	-999	P	1041
1269444183883	0	RECOG_CR_PRES	8	COBBLER	335	-999	P	169
1269444184367	1	RECOG_FEEDBACK	1
1269444185133	0	RECOG_PRES	8	PAW	1029	-999	P	1367
1269444186874	0	RECOG_CR_PRES	8	PAW	1029	-999	P	178
1269444187375	1	RECOG_FEEDBACK	1
1269444188175	0	RECOG_PRES	8	PAN	1008	-999	P	805
1269444189341	0	RECOG_CR_PRES	8	PAN	1008	-999	P	270
1269444189899	1	RECOG_FEEDBACK	1
1269444190640	0	RECOG_PRES	8	BUBBLE	183	-999	P	940
1269444191949	0	RECOG_CR_PRES	8	BUBBLE	183	-999	P	223
1269444192466	1	RECOG_FEEDBACK	1
1269444193233	0	RECOG_PRES	8	APE	31	-999	P	908
1269444194515	0	RECOG_CR_PRES	8	APE	31	-999	P	201
1269444195024	1	RECOG_FEEDBACK	1
1269444195748	0	RECOG_PRES	8	FINGERNAIL	568	-999	P	864
1269444196982	0	RECOG_CR_PRES	8	FINGERNAIL	568	-999	P	79
1269444197374	1	RECOG_FEEDBACK	1
1269444198174	0	RECOG_PRES	8	YARN	1631	-999	P	871
1269444199416	0	RECOG_CR_PRES	8	YARN	1631	-999	P	196
1269444199915	1	RECOG_FEEDBACK	1
1269444200698	0	RECOG_PRES	8	VALLEY	1545	-999	P	1066
1269444202132	0	RECOG_CR_PRES	8	VALLEY	1545	-999	P	129
1269444202573	1	RECOG_FEEDBACK	1
1269444203340	0	RECOG_PRES	8	OYSTER	995	-999	P	1057
1269444204764	0	RECOG_CR_PRES	8	OYSTER	995	-999	P	191
1269444205274	1	RECOG_FEEDBACK	1
1269444206082	0	RECOG_PRES	8	STAPLER	1372	-999	P	995
1269444207448	0	RECOG_CR_PRES	8	STAPLER	1372	-999	P	116
1269444207889	1	RECOG_FEEDBACK	1
1269444208631	0	RECOG_PRES	8	OWNER	993	-999	P	1662
1269444210664	0	RECOG_CR_PRES	8	OWNER	993	-999	P	132
1269444211132	1	RECOG_FEEDBACK	1
1269444212572	0	REST
1269444213495	1	REC_START
1269444213530	0	RECOG_PRES	9	CHART	282	-999	P	1138
1269444215031	0	RECOG_CR_PRES	9	CHART	282	-999	P	101
1269444215440	1	RECOG_FEEDBACK	1
1269444216173	0	RECOG_PRES	9	BALL	73	-999	P	874
1269444217448	0	RECOG_CR_PRES	9	BALL	73	-999	P	115
1269444217872	1	RECOG_FEEDBACK	1
1269444218647	0	RECOG_PRES	9	BARN	89	-999	P	949
1269444219972	0	RECOG_CR_PRES	9	BARN	89	-999	P	144
1269444220414	1	RECOG_FEEDBACK	1
1269444221197	0	RECOG_PRES	9	ASHTRAY	45	-999	P	816
1269444222414	0	RECOG_CR_PRES	9	ASHTRAY	45	-999	P	102
1269444222805	1	RECOG_FEEDBACK	1
1269444223563	0	RECOG_PRES	9	PERCH	1048	-999	P	778
1269444224713	0	RECOG_CR_PRES	9	PERCH	1048	-999	P	162
1269444225164	1	RECOG_FEEDBACK	1
1269444225896	0	RECOG_PRES	9	CRADLE	399	-999	P	1293
1269444227563	0	RECOG_CR_PRES	9	CRADLE	399	-999	P	97
1269444227996	1	RECOG_FEEDBACK	1
1269444228738	0	RECOG_PRES	9	CASTLE	256	-999	P	865
1269444230005	0	RECOG_CR_PRES	9	CASTLE	256	-999	P	119
1269444230430	1	RECOG_FEEDBACK	1
1269444231155	0	RECOG_PRES	9	GIFT	635	-999	P	1026
1269444232554	0	RECOG_CR_PRES	9	GIFT	635	-999	P	57
1269444232946	1	RECOG_FEEDBACK	1
1269444233687	0	RECOG_PRES	9	AUTHOR	61	-999	P	909
1269444234970	0	RECOG_CR_PRES	9	AUTHOR	61	-999	P	114
1269444235388	1	RECOG_FEEDBACK	1
1269444236171	0	RECOG_PRES	9	TEAPOT	1442	-999	P	954
1269444237495	0	RECOG_CR_PRES	9	TEAPOT	1442	-999	P	213
1269444237995	1	RECOG_FEEDBACK	1
1269444238795	0	RECOG_PRES	9	WINDSHIELD	1612	-999	P	799
1269444239995	0	RECOG_CR_PRES	9	WINDSHIELD	1612	-999	P	185
1269444240471	1	RECOG_FEEDBACK	1
1269444241188	0	RECOG_PRES	9	QUEEN	1149	-999	P	792
1269444242346	0	RECOG_CR_PRES	9	QUEEN	1149	-999	P	178
1269444242803	1	RECOG_FEEDBACK	1
1269444243570	0	RECOG_PRES	9	INFANT	737	-999	P	1042
1269444244986	0	RECOG_CR_PRES	9	INFANT	737	-999	P	123
1269444245404	1	RECOG_FEEDBACK	1
1269444246204	0	RECOG_PRES	9	TART	1436	-999	P	881
1269444247454	0	RECOG_CR_PRES	9	TART	1436	-999	P	302
1269444248045	1	RECOG_FEEDBACK	1
1269444248761	0	RECOG_PRES	9	ICE	730	-999	P	923
1269444250045	0	RECOG_CR_PRES	9	ICE	730	-999	P	104
1269444250445	1	RECOG_FEEDBACK	1
1269444251212	0	RECOG_PRES	9	HANDCUFFS	685	-999	P	1009
1269444252594	0	RECOG_CR_PRES	9	HANDCUFFS	685	-999	P	154
1269444253062	1	RECOG_FEEDBACK	1
1269444253869	0	RECOG_PRES	9	STEAM	1375	-999	P	1208
1269444255453	0	RECOG_CR_PRES	9	STEAM	1375	-999	P	62
1269444255894	1	RECOG_FEEDBACK	1
1269444256702	0	RECOG_PRES	9	SWAN	1417	-999	P	735
1269444257810	0	RECOG_CR_PRES	9	SWAN	1417	-999	P	282
1269444258336	1	RECOG_FEEDBACK	-1
1269444259078	0	RECOG_PRES	9	CANAL	226	-999	P	1271
1269444260719	0	RECOG_CR_PRES	9	CANAL	226	-999	P	188
1269444261211	1	RECOG_FEEDBACK	1
1269444261985	0	RECOG_PRES	9	PLUTO	1092	-999	P	1011
1269444263369	0	RECOG_CR_PRES	9	PLUTO	1092	-999	P	100
1269444263793	1	RECOG_FEEDBACK	1
1269444265244	0	REST
1269444266246	1	REC_START
1269444266277	0	RECOG_PRES	10	LUMBER	848	-999	P	968
1269444267618	0	RECOG_CR_PRES	10	LUMBER	848	-999	P	186
1269444268102	1	RECOG_FEEDBACK	1
1269444268835	0	RECOG_PRES	10	PICTURE	1061	-999	P	977
1269444270177	0	RECOG_CR_PRES	10	PICTURE	1061	-999	P	139
1269444270609	1	RECOG_FEEDBACK	1
1269444271344	0	RECOG_PRES	10	BOSS	152	-999	P	1061
1269444272776	0	RECOG_CR_PRES	10	BOSS	152	-999	P	83
1269444273177	1	RECOG_FEEDBACK	1
1269444273951	0	RECOG_PRES	10	SHELF	1280	-999	P	965
1269444275285	0	RECOG_CR_PRES	10	SHELF	1280	-999	P	176
1269444275776	1	RECOG_FEEDBACK	0
1269444276501	0	RECOG_PRES	10	HIKER	708	-999	P	875
1269444277776	0	RECOG_CR_PRES	10	HIKER	708	-999	P	164
1269444278235	1	RECOG_FEEDBACK	1
1269444278967	0	RECOG_PRES	10	COACH	331	-999	P	981
1269444280310	0	RECOG_CR_PRES	10	COACH	331	-999	P	151
1269444280759	1	RECOG_FEEDBACK	0
1269444281485	0	RECOG_PRES	10	DAUGHTER	442	-999	P	1055
1269444282909	0	RECOG_CR_PRES	10	DAUGHTER	442	-999	P	224
1269444283426	1	RECOG_FEEDBACK	1
1269444284143	0	RECOG_PRES	10	MILDEW	893	-999	P	1294
1269444285808	0	RECOG_CR_PRES	10	MILDEW	893	-999	P	229
1269444286359	1	RECOG_FEEDBACK	1
1269444287134	0	RECOG_PRES	10	KING	777	-999	P	895
1269444288401	0	RECOG_CR_PRES	10	KING	777	-999	P	146
1269444288850	1	RECOG_FEEDBACK	1
1269444289633	0	RECOG_PRES	10	LANDSCAPE	799	-999	P	995
1269444291000	0	RECOG_CR_PRES	10	LANDSCAPE	799	-999	P	492
1269444291791	1	RECOG_FEEDBACK	1
1269444292533	0	RECOG_PRES	10	HAT	690	-999	P	1215
1269444294109	0	RECOG_CR_PRES	10	HAT	690	-999	P	136
1269444294574	1	RECOG_FEEDBACK	0
1269444295317	0	RECOG_PRES	10	ROACH	1195	-999	P	960
1269444296649	0	RECOG_CR_PRES	10	ROACH	1195	-999	P	107
1269444297059	1	RECOG_FEEDBACK	1
1269444297849	0	RECOG_PRES	10	CREVICE	405	-999	P	955
1269444299167	0	RECOG_CR_PRES	10	CREVICE	405	-999	P	157
1269444299624	1	RECOG_FEEDBACK	1
1269444300392	0	RECOG_PRES	10	LIVER	833	-999	P	1045
1269444301807	0	RECOG_CR_PRES	10	LIVER	833	-999	P	374
1269444302475	1	RECOG_FEEDBACK	1
1269444303283	0	RECOG_PRES	10	STORE	1387	-999	P	1138
1269444304790	0	RECOG_CR_PRES	10	STORE	1387	-999	P	117
1269444305225	1	RECOG_FEEDBACK	1
1269444306008	0	RECOG_PRES	10	TIMBER	1469	-999	P	796
1269444307166	0	RECOG_CR_PRES	10	TIMBER	1469	-999	P	190
1269444307640	1	RECOG_FEEDBACK	1
1269444308366	0	RECOG_PRES	10	CELLO	268	-999	P	911
1269444309648	0	RECOG_CR_PRES	10	CELLO	268	-999	P	172
1269444310116	1	RECOG_FEEDBACK	1
1269444310915	0	RECOG_PRES	10	SAGE	1222	-999	P	953
1269444312232	0	RECOG_CR_PRES	10	SAGE	1222	-999	P	93
1269444312648	1	RECOG_FEEDBACK	1
1269444313432	0	RECOG_PRES	10	OFFICER	973	-999	P	941
1269444314748	0	RECOG_CR_PRES	10	OFFICER	973	-999	P	144
1269444315207	1	RECOG_FEEDBACK	1
1269444316007	0	RECOG_PRES	10	DONOR	485	-999	P	1126
1269444317506	0	RECOG_CR_PRES	10	DONOR	485	-999	P	130
1269444317964	1	RECOG_FEEDBACK	1
1269444319506	0	REST
1269444320499	1	REC_START
1269444320531	0	RECOG_PRES	11	RANCH	1166	-999	P	1209
1269444322107	0	RECOG_CR_PRES	11	RANCH	1166	-999	P	122
1269444322539	1	RECOG_FEEDBACK	1
1269444323315	0	RECOG_PRES	11	SILK	1307	-999	P	930
1269444324614	0	RECOG_CR_PRES	11	SILK	1307	-999	P	150
1269444325065	1	RECOG_FEEDBACK	1
1269444325814	0	RECOG_PRES	11	CLIMBER	323	-999	P	966
1269444327148	0	RECOG_CR_PRES	11	CLIMBER	323	-999	P	120
1269444327572	1	RECOG_FEEDBACK	1
1269444328281	0	RECOG_PRES	11	GRIZZLY	662	-999	P	788
1269444329440	0	RECOG_CR_PRES	11	GRIZZLY	662	-999	P	139
1269444329880	1	RECOG_FEEDBACK	1
1269444330597	0	RECOG_PRES	11	DANCER	437	-999	P	848
1269444331813	0	RECOG_CR_PRES	11	DANCER	437	-999	P	103
1269444332231	1	RECOG_FEEDBACK	1
1269444333031	0	RECOG_PRES	11	MASCARA	875	-999	P	1150
1269444334555	0	RECOG_CR_PRES	11	MASCARA	875	-999	P	113
1269444335006	1	RECOG_FEEDBACK	1
1269444335763	0	RECOG_PRES	11	KNUCKLE	789	-999	P	849
1269444337006	0	RECOG_CR_PRES	11	KNUCKLE	789	-999	P	71
1269444337381	1	RECOG_FEEDBACK	1
1269444338172	0	RECOG_PRES	11	PORT	1110	-999	P	736
1269444339272	0	RECOG_CR_PRES	11	PORT	1110	-999	P	197
1269444339746	1	RECOG_FEEDBACK	1
1269444340513	0	RECOG_PRES	11	CAULIFLOWER	262	-999	P	908
1269444341796	0	RECOG_CR_PRES	11	CAULIFLOWER	262	-999	P	233
1269444342322	1	RECOG_FEEDBACK	1
1269444343055	0	RECOG_PRES	11	SERVER	1272	-999	P	1453
1269444344879	0	RECOG_CR_PRES	11	SERVER	1272	-999	P	206
1269444345438	1	RECOG_FEEDBACK	1
1269444346180	0	RECOG_PRES	11	BALLERINA	74	-999	P	921
1269444347472	0	RECOG_CR_PRES	11	BALLERINA	74	-999	P	172
1269444347946	1	RECOG_FEEDBACK	1
1269444348695	0	RECOG_PRES	11	STAR	1373	-999	P	829
1269444349895	0	RECOG_CR_PRES	11	STAR	1373	-999	P	165
1269444350346	1	RECOG_FEEDBACK	1
1269444351113	0	RECOG_PRES	11	WORLD	1622	-999	P	996
1269444352479	0	RECOG_CR_PRES	11	WORLD	1622	-999	P	149
1269444352945	1	RECOG_FEEDBACK	1
1269444353678	0	RECOG_PRES	11	EGYPT	519	-999	P	1062
1269444355104	0	RECOG_CR_PRES	11	EGYPT	519	-999	P	92
1269444355512	1	RECOG_FEEDBACK	1
1269444356287	0	RECOG_PRES	11	ALBUM	14	-999	P	870
1269444357528	0	RECOG_CR_PRES	11	ALBUM	14	-999	P	131
1269444357953	1	RECOG_FEEDBACK	1
1269444358745	0	RECOG_PRES	11	INSECT	740	-999	P	907
1269444360021	0	RECOG_CR_PRES	11	INSECT	740	-999	P	160
1269444360487	1	RECOG_FEEDBACK	1
1269444361270	0	RECOG_PRES	11	DANDELION	438	-999	P	1302
1269444362944	0	RECOG_CR_PRES	11	DANDELION	438	-999	P	181
1269444363437	1	RECOG_FEEDBACK	1
1269444364162	0	RECOG_PRES	11	CRACKER	398	-999	P	1482
1269444366012	0	RECOG_CR_PRES	11	CRACKER	398	-999	P	184
1269444366527	1	RECOG_FEEDBACK	0
1269444367312	0	RECOG_PRES	11	SUGAR	1401	-999	P	1077
1269444368761	0	RECOG_CR_PRES	11	SUGAR	1401	-999	P	171
1269444369245	1	RECOG_FEEDBACK	1
1269444370003	0	RECOG_PRES	11	PREDATOR	1120	-999	P	969
1269444371336	0	RECOG_CR_PRES	11	PREDATOR	1120	-999	P	180
1269444371810	1	RECOG_FEEDBACK	1
1269444372613	0	RECOG_END
1269444376810	0	SESS_END
1269444376850	0	E	Logging Ends
