1278701022260	0	B	Logging Begins
1278701022260	0	SESS_START	12
1278701112854	1	FR_PRES	0	ORGAN	984	1	0	1103	(0.42259999999999998, 0.58709999999999996, 0)	../fonts/zerothre.ttf	upper
1278701116996	1	FR_PRES	0	CONCERT	360	1	0	1146	(0.42259999999999998, 0.58709999999999996, 0)	../fonts/zerothre.ttf	upper
1278701121030	1	FR_PRES	0	DASHBOARD	441	1	0	1815	(0.42259999999999998, 0.58709999999999996, 0)	../fonts/zerothre.ttf	upper
1278701125013	1	FR_PRES	0	CAB	209	0	1	1400	(0.57740000000000002, 0.41289999999999999, 1.0)	../fonts/amplitud.ttf	lower
1278701128945	1	FR_PRES	0	ASSISTANT	48	0	1	1620	(0.57740000000000002, 0.41289999999999999, 1.0)	../fonts/amplitud.ttf	lower
1278701132853	1	FR_PRES	0	RECIPE	1175	0	0	1696	(0.57740000000000002, 0.41289999999999999, 1.0)	../fonts/amplitud.ttf	lower
1278701136811	1	FR_PRES	0	FARMER	553	0	1	1203	(0.57740000000000002, 0.41289999999999999, 1.0)	../fonts/amplitud.ttf	lower
1278701140944	1	FR_PRES	0	ROBIN	1199	0	0	1765	(0.57740000000000002, 0.41289999999999999, 1.0)	../fonts/amplitud.ttf	lower
1278701144919	1	FR_PRES	0	SECRETARY	1265	1	1	1414	(0.42259999999999998, 0.58709999999999996, 0)	../fonts/zerothre.ttf	upper
1278701149111	1	FR_PRES	0	FLANNEL	574	1	0	1438	(0.42259999999999998, 0.58709999999999996, 0)	../fonts/zerothre.ttf	upper
1278701153226	1	FR_PRES	0	JEWEL	757	0	0	1924	(0.57740000000000002, 0.41289999999999999, 1.0)	../fonts/amplitud.ttf	lower
1278701157251	1	FR_PRES	0	SPARROW	1347	0	0	1674	(0.57740000000000002, 0.41289999999999999, 1.0)	../fonts/amplitud.ttf	lower
1278701161217	1	FR_PRES	0	SALMON	1227	0	0	2300	(0.57740000000000002, 0.41289999999999999, 1.0)	../fonts/amplitud.ttf	lower
1278701165209	1	FR_PRES	0	MISTER	901	1	1	2132	(0.42259999999999998, 0.58709999999999996, 0)	../fonts/zerothre.ttf	upper
1278701169308	1	FR_PRES	0	BACON	67	1	0	1449	(0.42259999999999998, 0.58709999999999996, 0)	../fonts/zerothre.ttf	upper
1278701173391	1	FR_PRES	0	TIE	1466	1	0	1838	(0.42259999999999998, 0.58709999999999996, 0)	../fonts/zerothre.ttf	upper
1278701177560	0	DISTRACTOR	0			8000	6
1278701186333	1	REC_START
1278701263501	0	REST
1278701265001	0	DISTRACTOR	1			8000	4
1278701272684	1	FR_PRES	1	RELISH	1183	0	0	889	(0.57740000000000002, 0.41289999999999999, 1.0)	../fonts/amplitud.ttf	lower
1278701276884	0	DISTRACTOR	1			8000	5
1278701284641	1	FR_PRES	1	MAGNET	855	0	0	1060	(0.57740000000000002, 0.41289999999999999, 1.0)	../fonts/amplitud.ttf	lower
1278701288621	0	DISTRACTOR	1			8000	4
1278701296832	1	FR_PRES	1	PELICAN	1039	0	1	1773	(0.57740000000000002, 0.41289999999999999, 1.0)	../fonts/amplitud.ttf	lower
1278701300818	0	DISTRACTOR	1			8000	3
1278701308865	1	FR_PRES	1	CROW	414	0	0	1004	(0.57740000000000002, 0.41289999999999999, 1.0)	../fonts/amplitud.ttf	lower
1278701312699	0	DISTRACTOR	1			8000	4
1278701320997	1	FR_PRES	1	PUB	1135	0	1	1272	(0.57740000000000002, 0.41289999999999999, 1.0)	../fonts/amplitud.ttf	lower
1278701324868	0	DISTRACTOR	1			8000	5
1278701333114	1	FR_PRES	1	CLASS	318	0	1	1139	(0.57740000000000002, 0.41289999999999999, 1.0)	../fonts/amplitud.ttf	lower
1278701337037	0	DISTRACTOR	1			8000	5
1278701345320	1	FR_PRES	1	BINDER	127	0	0	1710	(0.57740000000000002, 0.41289999999999999, 1.0)	../fonts/amplitud.ttf	lower
1278701349501	0	DISTRACTOR	1			8000	5
1278701357286	1	FR_PRES	1	RADISH	1158	0	0	1151	(0.57740000000000002, 0.41289999999999999, 1.0)	../fonts/amplitud.ttf	lower
1278701361218	0	DISTRACTOR	1			8000	4
1278701369168	1	FR_PRES	1	CELLO	268	0	1	1045	(0.57740000000000002, 0.41289999999999999, 1.0)	../fonts/amplitud.ttf	lower
1278701373206	0	DISTRACTOR	1			8000	5
1278701381243	1	FR_PRES	1	CABBAGE	210	0	0	827	(0.57740000000000002, 0.41289999999999999, 1.0)	../fonts/amplitud.ttf	lower
1278701385387	0	DISTRACTOR	1			8000	4
1278701393118	1	FR_PRES	1	GRAPE	654	0	0	727	(0.57740000000000002, 0.41289999999999999, 1.0)	../fonts/amplitud.ttf	lower
1278701397247	0	DISTRACTOR	1			8000	5
1278701405274	1	FR_PRES	1	PEAR	1033	0	0	627	(0.57740000000000002, 0.41289999999999999, 1.0)	../fonts/amplitud.ttf	lower
1278701409229	0	DISTRACTOR	1			8000	5
1278701417108	1	FR_PRES	1	WASHER	1592	0	1	1249	(0.57740000000000002, 0.41289999999999999, 1.0)	../fonts/amplitud.ttf	lower
1278701421261	0	DISTRACTOR	1			8000	5
1278701428989	1	FR_PRES	1	CLARINET	317	0	0	1512	(0.57740000000000002, 0.41289999999999999, 1.0)	../fonts/amplitud.ttf	lower
1278701432968	0	DISTRACTOR	1			8000	6
1278701441047	1	FR_PRES	1	SCENERY	1247	0	1	1206	(0.57740000000000002, 0.41289999999999999, 1.0)	../fonts/amplitud.ttf	lower
1278701445156	0	DISTRACTOR	1			8000	6
1278701453063	1	FR_PRES	1	CHERRY	293	0	0	790	(0.57740000000000002, 0.41289999999999999, 1.0)	../fonts/amplitud.ttf	lower
1278701457050	0	DISTRACTOR	1			8000	5
1278701465804	1	REC_START
1278701546972	0	REST
1278701548480	1	FR_PRES	2	GROCERY	664	0	0	941	(0.57740000000000002, 0.41289999999999999, 1.0)	../fonts/amplitud.ttf	lower
1278701552513	1	FR_PRES	2	EARTH	515	0	1	1196	(0.57740000000000002, 0.41289999999999999, 1.0)	../fonts/amplitud.ttf	lower
1278701556588	1	FR_PRES	2	LIMB	822	0	0	2121	(0.57740000000000002, 0.41289999999999999, 1.0)	../fonts/amplitud.ttf	lower
1278701560496	1	FR_PRES	2	SODA	1341	0	0	2165	(0.57740000000000002, 0.41289999999999999, 1.0)	../fonts/amplitud.ttf	lower
1278701564337	1	FR_PRES	2	JUVENILE	767	0	1	1468	(0.57740000000000002, 0.41289999999999999, 1.0)	../fonts/amplitud.ttf	lower
1278701568229	1	FR_PRES	2	ELBOW	520	0	0	1224	(0.57740000000000002, 0.41289999999999999, 1.0)	../fonts/amplitud.ttf	lower
1278701572178	1	FR_PRES	2	RIBBON	1189	0	0	1932	(0.57740000000000002, 0.41289999999999999, 1.0)	../fonts/amplitud.ttf	lower
1278701576004	1	FR_PRES	2	SHED	1277	0	0	2601	(0.57740000000000002, 0.41289999999999999, 1.0)	../fonts/amplitud.ttf	lower
1278701580120	1	FR_PRES	2	GROUND	666	0	1	2309	(0.57740000000000002, 0.41289999999999999, 1.0)	../fonts/amplitud.ttf	lower
1278701583969	1	FR_PRES	2	CAFETERIA	217	0	1	1772	(0.57740000000000002, 0.41289999999999999, 1.0)	../fonts/amplitud.ttf	lower
1278701587869	1	FR_PRES	2	JEEP	753	0	1	2169	(0.57740000000000002, 0.41289999999999999, 1.0)	../fonts/amplitud.ttf	lower
1278701591827	1	FR_PRES	2	ANTEATER	26	0	0	1850	(0.57740000000000002, 0.41289999999999999, 1.0)	../fonts/amplitud.ttf	lower
1278701595951	1	FR_PRES	2	BUG	187	0	0	2246	(0.57740000000000002, 0.41289999999999999, 1.0)	../fonts/amplitud.ttf	lower
1278701599818	1	FR_PRES	2	MARBLE	867	0	1	2699	(0.57740000000000002, 0.41289999999999999, 1.0)	../fonts/amplitud.ttf	lower
1278701603734	1	FR_PRES	2	VENT	1556	0	0	1943	(0.57740000000000002, 0.41289999999999999, 1.0)	../fonts/amplitud.ttf	lower
1278701607801	1	FR_PRES	2	BALLOON	75	0	0	2516	(0.57740000000000002, 0.41289999999999999, 1.0)	../fonts/amplitud.ttf	lower
1278701611991	0	DISTRACTOR	2			8000	5
1278701620542	1	REC_START
1278701702352	0	REST
1278701703852	0	DISTRACTOR	3			16000	10
1278701719284	1	FR_PRES	3	RUM	1217	0	0	1289	(0.57740000000000002, 0.41289999999999999, 1.0)	../fonts/amplitud.ttf	lower
1278701723451	0	DISTRACTOR	3			16000	10
1278701739416	1	FR_PRES	3	DIME	466	0	0	1285	(0.57740000000000002, 0.41289999999999999, 1.0)	../fonts/amplitud.ttf	lower
1278701743353	0	DISTRACTOR	3			16000	11
1278701759306	1	FR_PRES	3	PREDATOR	1120	1	1	1571	(0.42259999999999998, 0.58709999999999996, 0)	../fonts/zerothre.ttf	upper
1278701763479	0	DISTRACTOR	3			16000	10
1278701779321	1	FR_PRES	3	BANDANNA	80	1	0	1468	(0.42259999999999998, 0.58709999999999996, 0)	../fonts/zerothre.ttf	upper
1278701783444	0	DISTRACTOR	3			16000	10
1278701799445	1	FR_PRES	3	OUTLAW	989	1	1	1104	(0.42259999999999998, 0.58709999999999996, 0)	../fonts/zerothre.ttf	upper
1278701803470	0	DISTRACTOR	3			16000	11
1278701819626	1	FR_PRES	3	CIGAR	308	0	0	1899	(0.57740000000000002, 0.41289999999999999, 1.0)	../fonts/amplitud.ttf	lower
1278701823825	0	DISTRACTOR	3			16000	8
1278701839525	1	FR_PRES	3	CANVAS	234	0	1	2080	(0.57740000000000002, 0.41289999999999999, 1.0)	../fonts/amplitud.ttf	lower
1278701843497	0	DISTRACTOR	3			16000	9
1278701859515	1	FR_PRES	3	PENNY	1045	0	0	1938	(0.57740000000000002, 0.41289999999999999, 1.0)	../fonts/amplitud.ttf	lower
1278701863445	0	DISTRACTOR	3			16000	12
1278701879472	1	FR_PRES	3	BLUEJAY	141	1	1	1885	(0.42259999999999998, 0.58709999999999996, 0)	../fonts/zerothre.ttf	upper
1278701883546	0	DISTRACTOR	3			16000	10
1278701899587	1	FR_PRES	3	HAWK	692	1	1	2098	(0.42259999999999998, 0.58709999999999996, 0)	../fonts/zerothre.ttf	upper
1278701903503	0	DISTRACTOR	3			16000	11
1278701919552	1	FR_PRES	3	CAMEL	223	1	-999	3000	(0.42259999999999998, 0.58709999999999996, 0)	../fonts/zerothre.ttf	upper
1278701922577	1	SLOW_MSG
1278701925146	0	DISTRACTOR	3			16000	9
1278701941018	1	FR_PRES	3	VET	1560	1	1	939	(0.42259999999999998, 0.58709999999999996, 0)	../fonts/zerothre.ttf	upper
1278701945140	0	DISTRACTOR	3			16000	10
1278701961224	1	FR_PRES	3	BISON	131	1	1	1173	(0.42259999999999998, 0.58709999999999996, 0)	../fonts/zerothre.ttf	upper
1278701965188	0	DISTRACTOR	3			16000	11
1278701981090	1	FR_PRES	3	SHORTCAKE	1292	0	0	1315	(0.57740000000000002, 0.41289999999999999, 1.0)	../fonts/amplitud.ttf	lower
1278701985173	0	DISTRACTOR	3			16000	8
1278702001271	1	FR_PRES	3	PLUM	1090	0	0	1815	(0.57740000000000002, 0.41289999999999999, 1.0)	../fonts/amplitud.ttf	lower
1278702005446	0	DISTRACTOR	3			16000	10
1278702021370	1	FR_PRES	3	COAT	333	0	1	2331	(0.57740000000000002, 0.41289999999999999, 1.0)	../fonts/amplitud.ttf	lower
1278702025215	0	DISTRACTOR	3			16000	9
1278702042194	1	REC_START
1278702119571	0	REST
1278702121071	0	DISTRACTOR	4			8000	2
1278702128587	1	FR_PRES	4	LADDER	793	1	0	1122	(0.42259999999999998, 0.58709999999999996, 0)	../fonts/zerothre.ttf	upper
1278702132519	0	DISTRACTOR	4			8000	6
1278702140669	1	FR_PRES	4	HOUSE	725	1	0	1624	(0.42259999999999998, 0.58709999999999996, 0)	../fonts/zerothre.ttf	upper
1278702144873	0	DISTRACTOR	4			8000	2
1278702152560	1	FR_PRES	4	CARPENTER	246	1	1	1621	(0.42259999999999998, 0.58709999999999996, 0)	../fonts/zerothre.ttf	upper
1278702156480	0	DISTRACTOR	4			8000	5
1278702164584	1	FR_PRES	4	LOG	841	1	0	1885	(0.42259999999999998, 0.58709999999999996, 0)	../fonts/zerothre.ttf	upper
1278702168544	0	DISTRACTOR	4			8000	4
1278702176516	1	FR_PRES	4	LITERATURE	831	1	0	2025	(0.42259999999999998, 0.58709999999999996, 0)	../fonts/zerothre.ttf	upper
1278702180468	0	DISTRACTOR	4			8000	4
1278702188366	1	FR_PRES	4	PAGE	1001	1	0	1887	(0.42259999999999998, 0.58709999999999996, 0)	../fonts/zerothre.ttf	upper
1278702192535	0	DISTRACTOR	4			8000	4
1278702200423	1	FR_PRES	4	SALIVA	1226	1	0	1958	(0.42259999999999998, 0.58709999999999996, 0)	../fonts/zerothre.ttf	upper
1278702204347	0	DISTRACTOR	4			8000	5
1278702212322	1	FR_PRES	4	ATHLETE	52	1	1	1923	(0.42259999999999998, 0.58709999999999996, 0)	../fonts/zerothre.ttf	upper
1278702216391	0	DISTRACTOR	4			8000	5
1278702224171	1	FR_PRES	4	SHERIFF	1284	1	1	1114	(0.42259999999999998, 0.58709999999999996, 0)	../fonts/zerothre.ttf	upper
1278702228253	0	DISTRACTOR	4			8000	5
1278702236055	1	FR_PRES	4	SCREW	1254	1	0	1358	(0.42259999999999998, 0.58709999999999996, 0)	../fonts/zerothre.ttf	upper
1278702240239	0	DISTRACTOR	4			8000	3
1278702247886	1	FR_PRES	4	CHAUFFEUR	283	1	1	1279	(0.42259999999999998, 0.58709999999999996, 0)	../fonts/zerothre.ttf	upper
1278702251875	0	DISTRACTOR	4			8000	5
1278702259952	1	FR_PRES	4	FLOUR	583	1	0	693	(0.42259999999999998, 0.58709999999999996, 0)	../fonts/zerothre.ttf	upper
1278702263856	0	DISTRACTOR	4			8000	6
1278702272168	1	FR_PRES	4	BANQUET	86	1	0	2061	(0.42259999999999998, 0.58709999999999996, 0)	../fonts/zerothre.ttf	upper
1278702276274	0	DISTRACTOR	4			8000	4
1278702284134	1	FR_PRES	4	SANDWICH	1232	1	0	839	(0.42259999999999998, 0.58709999999999996, 0)	../fonts/zerothre.ttf	upper
1278702288171	0	DISTRACTOR	4			8000	5
1278702296033	1	FR_PRES	4	CREAM	402	1	0	2013	(0.42259999999999998, 0.58709999999999996, 0)	../fonts/zerothre.ttf	upper
1278702300118	0	DISTRACTOR	4			8000	4
1278702307857	1	FR_PRES	4	MECHANIC	884	1	1	980	(0.42259999999999998, 0.58709999999999996, 0)	../fonts/zerothre.ttf	upper
1278702311747	0	DISTRACTOR	4			8000	6
1278702320756	1	REC_START
1278702397975	0	REST
1278702399483	1	FR_PRES	5	SWING	1421	1	0	1170	(0.42259999999999998, 0.58709999999999996, 0)	../fonts/zerothre.ttf	upper
1278702403641	1	FR_PRES	5	DELINQUENT	445	1	1	1588	(0.42259999999999998, 0.58709999999999996, 0)	../fonts/zerothre.ttf	upper
1278702407741	1	FR_PRES	5	ALLEY	15	1	0	1680	(0.42259999999999998, 0.58709999999999996, 0)	../fonts/zerothre.ttf	upper
1278702411590	1	FR_PRES	5	BOTTLE	153	1	0	1927	(0.42259999999999998, 0.58709999999999996, 0)	../fonts/zerothre.ttf	upper
1278702415782	1	FR_PRES	5	BARTENDER	92	1	1	1871	(0.42259999999999998, 0.58709999999999996, 0)	../fonts/zerothre.ttf	upper
1278702419598	1	FR_PRES	5	STREET	1393	1	0	1815	(0.42259999999999998, 0.58709999999999996, 0)	../fonts/zerothre.ttf	upper
1278702423606	1	FR_PRES	5	SEA	1259	1	0	1919	(0.42259999999999998, 0.58709999999999996, 0)	../fonts/zerothre.ttf	upper
1278702427623	1	FR_PRES	5	WALNUT	1584	1	0	2150	(0.42259999999999998, 0.58709999999999996, 0)	../fonts/zerothre.ttf	upper
1278702431447	1	FR_PRES	5	TRUMPET	1513	1	0	1822	(0.42259999999999998, 0.58709999999999996, 0)	../fonts/zerothre.ttf	upper
1278702435280	1	FR_PRES	5	DIVER	476	1	1	1726	(0.42259999999999998, 0.58709999999999996, 0)	../fonts/zerothre.ttf	upper
1278702439397	1	FR_PRES	5	BOXER	160	1	1	1264	(0.42259999999999998, 0.58709999999999996, 0)	../fonts/zerothre.ttf	upper
1278702443221	1	FR_PRES	5	MOSS	918	1	0	1976	(0.42259999999999998, 0.58709999999999996, 0)	../fonts/zerothre.ttf	upper
1278702447246	1	FR_PRES	5	LOBSTER	837	1	0	2023	(0.42259999999999998, 0.58709999999999996, 0)	../fonts/zerothre.ttf	upper
1278702451329	1	FR_PRES	5	BLADE	134	1	0	1324	(0.42259999999999998, 0.58709999999999996, 0)	../fonts/zerothre.ttf	upper
1278702455412	1	FR_PRES	5	ALMANAC	17	1	0	1193	(0.42259999999999998, 0.58709999999999996, 0)	../fonts/zerothre.ttf	upper
1278702459329	1	FR_PRES	5	WRITER	1627	1	1	1076	(0.42259999999999998, 0.58709999999999996, 0)	../fonts/zerothre.ttf	upper
1278702465088	1	REC_START
1278702542472	0	REST
1278702543981	1	FR_PRES	6	TORCH	1484	0	0	992	(0.57740000000000002, 0.41289999999999999, 1.0)	../fonts/amplitud.ttf	lower
1278702547805	1	FR_PRES	6	TERMITE	1451	0	0	1840	(0.57740000000000002, 0.41289999999999999, 1.0)	../fonts/amplitud.ttf	lower
1278702552014	1	FR_PRES	6	CARNIVAL	245	0	1	1735	(0.57740000000000002, 0.41289999999999999, 1.0)	../fonts/amplitud.ttf	lower
1278702555980	1	FR_PRES	6	DILL	465	0	0	1593	(0.57740000000000002, 0.41289999999999999, 1.0)	../fonts/amplitud.ttf	lower
1278702559804	1	FR_PRES	6	PHILOSOPHER	1054	0	1	1290	(0.57740000000000002, 0.41289999999999999, 1.0)	../fonts/amplitud.ttf	lower
1278702563737	1	FR_PRES	6	COOLER	375	0	0	1940	(0.57740000000000002, 0.41289999999999999, 1.0)	../fonts/amplitud.ttf	lower
1278702567554	1	FR_PRES	6	VIDEO	1564	0	0	1363	(0.57740000000000002, 0.41289999999999999, 1.0)	../fonts/amplitud.ttf	lower
1278702571637	1	FR_PRES	6	ACTRESS	6	0	1	792	(0.57740000000000002, 0.41289999999999999, 1.0)	../fonts/amplitud.ttf	lower
1278702575695	1	FR_PRES	6	BRAIN	165	0	0	1278	(0.57740000000000002, 0.41289999999999999, 1.0)	../fonts/amplitud.ttf	lower
1278702579561	1	FR_PRES	6	RASH	1167	0	0	1876	(0.57740000000000002, 0.41289999999999999, 1.0)	../fonts/amplitud.ttf	lower
1278702583553	1	FR_PRES	6	COWARD	394	0	1	1204	(0.57740000000000002, 0.41289999999999999, 1.0)	../fonts/amplitud.ttf	lower
1278702587444	1	FR_PRES	6	WATER	1594	0	0	2081	(0.57740000000000002, 0.41289999999999999, 1.0)	../fonts/amplitud.ttf	lower
1278702591485	1	FR_PRES	6	MILDEW	893	0	0	1856	(0.57740000000000002, 0.41289999999999999, 1.0)	../fonts/amplitud.ttf	lower
1278702595343	1	FR_PRES	6	SPINACH	1352	0	0	1518	(0.57740000000000002, 0.41289999999999999, 1.0)	../fonts/amplitud.ttf	lower
1278702599226	1	FR_PRES	6	SQUID	1361	0	0	1747	(0.57740000000000002, 0.41289999999999999, 1.0)	../fonts/amplitud.ttf	lower
1278702603301	1	FR_PRES	6	SARDINE	1235	0	0	1208	(0.57740000000000002, 0.41289999999999999, 1.0)	../fonts/amplitud.ttf	lower
1278702607249	0	DISTRACTOR	6			16000	9
1278702624084	1	REC_START
1278702701145	0	REST
1278702702652	1	FR_PRES	7	FIG	563	1	0	1345	(0.42259999999999998, 0.58709999999999996, 0)	../fonts/zerothre.ttf	upper
1278702706660	1	FR_PRES	7	MAPLE	866	1	0	1641	(0.42259999999999998, 0.58709999999999996, 0)	../fonts/zerothre.ttf	upper
1278702710835	1	FR_PRES	7	LAPEL	800	0	0	1882	(0.57740000000000002, 0.41289999999999999, 1.0)	../fonts/amplitud.ttf	lower
1278702714709	1	FR_PRES	7	SHOELACE	1289	0	0	1864	(0.57740000000000002, 0.41289999999999999, 1.0)	../fonts/amplitud.ttf	lower
1278702718584	1	FR_PRES	7	BARLEY	88	0	0	1478	(0.57740000000000002, 0.41289999999999999, 1.0)	../fonts/amplitud.ttf	lower
1278702722725	1	FR_PRES	7	TRICYCLE	1506	0	0	1864	(0.57740000000000002, 0.41289999999999999, 1.0)	../fonts/amplitud.ttf	lower
1278702726617	1	FR_PRES	7	CALF	222	1	1	2517	(0.42259999999999998, 0.58709999999999996, 0)	../fonts/zerothre.ttf	upper
1278702730725	1	FR_PRES	7	CATTLE	261	1	1	1248	(0.42259999999999998, 0.58709999999999996, 0)	../fonts/zerothre.ttf	upper
1278702734600	1	FR_PRES	7	LIEUTENANT	818	0	1	2029	(0.57740000000000002, 0.41289999999999999, 1.0)	../fonts/amplitud.ttf	lower
1278702738458	1	FR_PRES	7	HEAD	695	0	0	2515	(0.57740000000000002, 0.41289999999999999, 1.0)	../fonts/amplitud.ttf	lower
1278702742349	1	FR_PRES	7	NURSERY	964	0	1	2032	(0.57740000000000002, 0.41289999999999999, 1.0)	../fonts/amplitud.ttf	lower
1278702746490	1	FR_PRES	7	THUMB	1462	0	0	2059	(0.57740000000000002, 0.41289999999999999, 1.0)	../fonts/amplitud.ttf	lower
1278702750365	1	FR_PRES	7	LIST	830	1	0	1753	(0.42259999999999998, 0.58709999999999996, 0)	../fonts/zerothre.ttf	upper
1278702754448	1	FR_PRES	7	COCKTAIL	338	1	0	1517	(0.42259999999999998, 0.58709999999999996, 0)	../fonts/zerothre.ttf	upper
1278702758639	1	FR_PRES	7	CHAMPION	279	1	1	1342	(0.42259999999999998, 0.58709999999999996, 0)	../fonts/zerothre.ttf	upper
1278702762556	1	FR_PRES	7	FOREHEAD	592	1	0	2633	(0.42259999999999998, 0.58709999999999996, 0)	../fonts/zerothre.ttf	upper
1278702766697	0	DISTRACTOR	7			8000	4
1278702775472	1	REC_START
1278702852424	0	REST
1278702853924	0	DISTRACTOR	8			16000	10
1278702869389	1	FR_PRES	8	SLEIGH	1325	1	0	984	(0.42259999999999998, 0.58709999999999996, 0)	../fonts/zerothre.ttf	upper
1278702873374	0	DISTRACTOR	8			16000	10
1278702889405	1	FR_PRES	8	OATMEAL	967	1	0	1168	(0.42259999999999998, 0.58709999999999996, 0)	../fonts/zerothre.ttf	upper
1278702893423	0	DISTRACTOR	8			16000	11
1278702909520	1	FR_PRES	8	INMATE	738	1	1	1582	(0.42259999999999998, 0.58709999999999996, 0)	../fonts/zerothre.ttf	upper
1278702913594	0	DISTRACTOR	8			16000	10
1278702929493	1	FR_PRES	8	PRISONER	1128	0	1	2008	(0.57740000000000002, 0.41289999999999999, 1.0)	../fonts/amplitud.ttf	lower
1278702933448	0	DISTRACTOR	8			16000	10
1278702949425	1	FR_PRES	8	QUILL	1150	0	0	1701	(0.57740000000000002, 0.41289999999999999, 1.0)	../fonts/amplitud.ttf	lower
1278702953453	0	DISTRACTOR	8			16000	12
1278702969582	1	FR_PRES	8	VALVE	1546	0	0	2047	(0.57740000000000002, 0.41289999999999999, 1.0)	../fonts/amplitud.ttf	lower
1278702973396	0	DISTRACTOR	8			16000	10
1278702989589	1	FR_PRES	8	HOSTAGE	722	0	1	1144	(0.57740000000000002, 0.41289999999999999, 1.0)	../fonts/amplitud.ttf	lower
1278702993725	0	DISTRACTOR	8			16000	11
1278703009612	1	FR_PRES	8	PAD	998	0	0	2153	(0.57740000000000002, 0.41289999999999999, 1.0)	../fonts/amplitud.ttf	lower
1278703013552	0	DISTRACTOR	8			16000	11
1278703029594	1	FR_PRES	8	TART	1436	0	0	1627	(0.57740000000000002, 0.41289999999999999, 1.0)	../fonts/amplitud.ttf	lower
1278703033600	0	DISTRACTOR	8			16000	11
1278703049784	1	FR_PRES	8	LIME	823	1	0	1669	(0.42259999999999998, 0.58709999999999996, 0)	../fonts/zerothre.ttf	upper
1278703053858	0	DISTRACTOR	8			16000	11
1278703069816	1	FR_PRES	8	NUN	962	1	1	1733	(0.42259999999999998, 0.58709999999999996, 0)	../fonts/zerothre.ttf	upper
1278703073887	0	DISTRACTOR	8			16000	10
1278703089806	1	FR_PRES	8	DAUGHTER	442	1	1	1031	(0.42259999999999998, 0.58709999999999996, 0)	../fonts/zerothre.ttf	upper
1278703093911	0	DISTRACTOR	8			16000	12
1278703109980	1	FR_PRES	8	PARENT	1013	1	1	1625	(0.42259999999999998, 0.58709999999999996, 0)	../fonts/zerothre.ttf	upper
1278703114165	0	DISTRACTOR	8			16000	10
1278703130121	1	FR_PRES	8	FAUCET	555	1	0	1092	(0.42259999999999998, 0.58709999999999996, 0)	../fonts/zerothre.ttf	upper
1278703134162	0	DISTRACTOR	8			16000	10
1278703150318	1	FR_PRES	8	MINK	897	0	0	1959	(0.57740000000000002, 0.41289999999999999, 1.0)	../fonts/amplitud.ttf	lower
1278703154171	0	DISTRACTOR	8			16000	11
1278703170143	1	FR_PRES	8	PEN	1041	0	0	1702	(0.57740000000000002, 0.41289999999999999, 1.0)	../fonts/amplitud.ttf	lower
1278703174311	0	DISTRACTOR	8			16000	10
1278703190941	1	REC_START
1278703268276	0	REST
1278703269776	0	DISTRACTOR	9			8000	5
1278703277184	1	FR_PRES	9	GRASSHOPPER	656	0	0	1053	(0.57740000000000002, 0.41289999999999999, 1.0)	../fonts/amplitud.ttf	lower
1278703281004	0	DISTRACTOR	9			8000	3
1278703289076	1	FR_PRES	9	CRICKET	408	0	0	1521	(0.57740000000000002, 0.41289999999999999, 1.0)	../fonts/amplitud.ttf	lower
1278703293187	0	DISTRACTOR	9			8000	4
1278703301150	1	FR_PRES	9	CONTRACTOR	369	0	1	1127	(0.57740000000000002, 0.41289999999999999, 1.0)	../fonts/amplitud.ttf	lower
1278703305310	0	DISTRACTOR	9			8000	4
1278703313256	1	FR_PRES	9	STAMP	1370	1	0	2269	(0.42259999999999998, 0.58709999999999996, 0)	../fonts/zerothre.ttf	upper
1278703317385	0	DISTRACTOR	9			8000	5
1278703325355	1	FR_PRES	9	BAY	102	1	0	1834	(0.42259999999999998, 0.58709999999999996, 0)	../fonts/zerothre.ttf	upper
1278703329217	0	DISTRACTOR	9			8000	5
1278703337254	1	FR_PRES	9	CHEMICAL	291	1	0	1903	(0.42259999999999998, 0.58709999999999996, 0)	../fonts/zerothre.ttf	upper
1278703341178	0	DISTRACTOR	9			8000	4
1278703349404	1	FR_PRES	9	FEAST	556	1	0	1993	(0.42259999999999998, 0.58709999999999996, 0)	../fonts/zerothre.ttf	upper
1278703353225	0	DISTRACTOR	9			8000	5
1278703361319	1	FR_PRES	9	JUG	762	1	0	1382	(0.42259999999999998, 0.58709999999999996, 0)	../fonts/zerothre.ttf	upper
1278703365154	0	DISTRACTOR	9			8000	4
1278703373460	1	FR_PRES	9	MARINE	869	0	1	1603	(0.57740000000000002, 0.41289999999999999, 1.0)	../fonts/amplitud.ttf	lower
1278703377555	0	DISTRACTOR	9			8000	5
1278703385309	1	FR_PRES	9	VINEGAR	1569	0	0	1737	(0.57740000000000002, 0.41289999999999999, 1.0)	../fonts/amplitud.ttf	lower
1278703389510	0	DISTRACTOR	9			8000	4
1278703397383	1	FR_PRES	9	CROCODILE	411	0	1	1342	(0.57740000000000002, 0.41289999999999999, 1.0)	../fonts/amplitud.ttf	lower
1278703401509	0	DISTRACTOR	9			8000	4
1278703409266	1	FR_PRES	9	BEAKER	104	1	0	2475	(0.42259999999999998, 0.58709999999999996, 0)	../fonts/zerothre.ttf	upper
1278703413125	0	DISTRACTOR	9			8000	5
1278703421398	1	FR_PRES	9	PENCIL	1042	1	0	1223	(0.42259999999999998, 0.58709999999999996, 0)	../fonts/zerothre.ttf	upper
1278703425592	0	DISTRACTOR	9			8000	4
1278703433464	1	FR_PRES	9	SCRIBBLE	1256	1	0	1853	(0.42259999999999998, 0.58709999999999996, 0)	../fonts/zerothre.ttf	upper
1278703437381	0	DISTRACTOR	9			8000	5
1278703445405	1	FR_PRES	9	BROOK	177	0	1	1968	(0.57740000000000002, 0.41289999999999999, 1.0)	../fonts/amplitud.ttf	lower
1278703449468	0	DISTRACTOR	9			8000	2
1278703457454	1	FR_PRES	9	SCARF	1246	0	0	1335	(0.57740000000000002, 0.41289999999999999, 1.0)	../fonts/amplitud.ttf	lower
1278703461363	0	DISTRACTOR	9			8000	4
1278703470270	1	REC_START
1278703547855	0	REST
1278703549364	1	FR_PRES	10	LAUNDRY	803	1	0	1138	(0.42259999999999998, 0.58709999999999996, 0)	../fonts/zerothre.ttf	upper
1278703553555	1	FR_PRES	10	TOURIST	1488	1	1	1058	(0.42259999999999998, 0.58709999999999996, 0)	../fonts/zerothre.ttf	upper
1278703557671	1	FR_PRES	10	FAN	551	1	0	1798	(0.42259999999999998, 0.58709999999999996, 0)	../fonts/zerothre.ttf	upper
1278703561621	1	FR_PRES	10	SWIMMER	1420	1	1	1152	(0.42259999999999998, 0.58709999999999996, 0)	../fonts/zerothre.ttf	upper
1278703565804	1	FR_PRES	10	ALLIGATOR	16	1	1	1377	(0.42259999999999998, 0.58709999999999996, 0)	../fonts/zerothre.ttf	upper
1278703569737	1	FR_PRES	10	SUITCASE	1403	1	0	1933	(0.42259999999999998, 0.58709999999999996, 0)	../fonts/zerothre.ttf	upper
1278703573703	1	FR_PRES	10	HIGHWAY	707	1	0	2415	(0.42259999999999998, 0.58709999999999996, 0)	../fonts/zerothre.ttf	upper
1278703577745	1	FR_PRES	10	RAILROAD	1162	1	0	2005	(0.42259999999999998, 0.58709999999999996, 0)	../fonts/zerothre.ttf	upper
1278703581720	1	FR_PRES	10	CAGE	218	1	0	1974	(0.42259999999999998, 0.58709999999999996, 0)	../fonts/zerothre.ttf	upper
1278703585736	1	FR_PRES	10	OCEAN	970	1	0	1949	(0.42259999999999998, 0.58709999999999996, 0)	../fonts/zerothre.ttf	upper
1278703589752	1	FR_PRES	10	REEF	1177	1	0	1245	(0.42259999999999998, 0.58709999999999996, 0)	../fonts/zerothre.ttf	upper
1278703593769	1	FR_PRES	10	SWEATER	1419	1	1	1165	(0.42259999999999998, 0.58709999999999996, 0)	../fonts/zerothre.ttf	upper
1278703597877	1	FR_PRES	10	WATERFALL	1595	1	1	2464	(0.42259999999999998, 0.58709999999999996, 0)	../fonts/zerothre.ttf	upper
1278703601868	1	FR_PRES	10	GULL	671	1	1	1722	(0.42259999999999998, 0.58709999999999996, 0)	../fonts/zerothre.ttf	upper
1278703606019	1	FR_PRES	10	LETTER	813	1	0	2419	(0.42259999999999998, 0.58709999999999996, 0)	../fonts/zerothre.ttf	upper
1278703610226	1	FR_PRES	10	SEAL	1262	1	0	2339	(0.42259999999999998, 0.58709999999999996, 0)	../fonts/zerothre.ttf	upper
1278703614365	0	DISTRACTOR	10			16000	10
1278703631042	1	REC_START
1278703708468	0	REST
1278703709977	1	FR_PRES	11	PORK	1108	0	0	1110	(0.57740000000000002, 0.41289999999999999, 1.0)	../fonts/amplitud.ttf	lower
1278703714185	1	FR_PRES	11	NECKLACE	940	0	0	1918	(0.57740000000000002, 0.41289999999999999, 1.0)	../fonts/amplitud.ttf	lower
1278703718127	1	FR_PRES	11	GRAVEL	659	0	0	2039	(0.57740000000000002, 0.41289999999999999, 1.0)	../fonts/amplitud.ttf	lower
1278703722135	1	FR_PRES	11	DIRT	472	0	0	1503	(0.57740000000000002, 0.41289999999999999, 1.0)	../fonts/amplitud.ttf	lower
1278703726217	1	FR_PRES	11	CACTUS	215	1	0	1053	(0.42259999999999998, 0.58709999999999996, 0)	../fonts/zerothre.ttf	upper
1278703730308	1	FR_PRES	11	CRITIC	410	1	1	1258	(0.42259999999999998, 0.58709999999999996, 0)	../fonts/zerothre.ttf	upper
1278703734183	1	FR_PRES	11	MOVIE	927	1	0	1743	(0.42259999999999998, 0.58709999999999996, 0)	../fonts/zerothre.ttf	upper
1278703738117	1	FR_PRES	11	CARDINAL	244	1	0	1930	(0.42259999999999998, 0.58709999999999996, 0)	../fonts/zerothre.ttf	upper
1278703741932	1	FR_PRES	11	CITRUS	313	1	0	1066	(0.42259999999999998, 0.58709999999999996, 0)	../fonts/zerothre.ttf	upper
1278703746133	1	FR_PRES	11	TIMBER	1469	0	0	1568	(0.57740000000000002, 0.41289999999999999, 1.0)	../fonts/amplitud.ttf	lower
1278703750224	1	FR_PRES	11	CLIFF	322	0	0	2198	(0.57740000000000002, 0.41289999999999999, 1.0)	../fonts/amplitud.ttf	lower
1278703754357	1	FR_PRES	11	COBBLER	335	0	1	1161	(0.57740000000000002, 0.41289999999999999, 1.0)	../fonts/amplitud.ttf	lower
1278703758240	1	FR_PRES	11	BIRD	129	0	0	1750	(0.57740000000000002, 0.41289999999999999, 1.0)	../fonts/amplitud.ttf	lower
1278703762414	1	FR_PRES	11	ASSOCIATE	49	1	1	1576	(0.42259999999999998, 0.58709999999999996, 0)	../fonts/zerothre.ttf	upper
1278703766297	1	FR_PRES	11	SIRLOIN	1311	1	0	1165	(0.42259999999999998, 0.58709999999999996, 0)	../fonts/zerothre.ttf	upper
1278703770472	1	FR_PRES	11	CUPBOARD	425	1	1	1813	(0.42259999999999998, 0.58709999999999996, 0)	../fonts/zerothre.ttf	upper
1278703776222	1	REC_START
1278703851833	1	REST_REWET
1278704115081	0	MATH_TOTAL_SCORE	610
1278704124604	0	FFR_START
1278704130196	1	REC_START
1278704445830	0	RECOG_START
1278704445831	1	REC_START
1278704445871	0	RECOG_PRES	0	COMMITTEE	355	-999	P	1711
1278704447955	0	RECOG_CR_PRES	0	COMMITTEE	355	-999	P	267
1278704448580	1	RECOG_FEEDBACK	1
1278704449371	0	RECOG_PRES	0	MISTER	901	-999	P	995
1278704450738	0	RECOG_CR_PRES	0	MISTER	901	-999	P	116
1278704451171	1	RECOG_FEEDBACK	1
1278704451929	0	RECOG_PRES	0	LOBSTER	837	-999	P	829
1278704453122	0	RECOG_CR_PRES	0	LOBSTER	837	-999	P	116
1278704453537	1	RECOG_FEEDBACK	1
1278704454337	0	RECOG_PRES	0	CITY	314	-999	P	782
1278704455487	0	RECOG_CR_PRES	0	CITY	314	-999	P	119
1278704455896	1	RECOG_FEEDBACK	1
1278704456662	0	RECOG_PRES	0	SARDINE	1235	-999	P	841
1278704457895	0	RECOG_CR_PRES	0	SARDINE	1235	-999	P	79
1278704458271	1	RECOG_FEEDBACK	1
1278704458987	0	RECOG_PRES	0	HURRICANE	727	-999	P	931
1278704460287	0	RECOG_CR_PRES	0	HURRICANE	727	-999	P	63
1278704460645	1	RECOG_FEEDBACK	1
1278704461387	0	RECOG_PRES	0	VIKING	1565	-999	P	858
1278704462645	0	RECOG_CR_PRES	0	VIKING	1565	-999	P	65
1278704462995	1	RECOG_FEEDBACK	1
1278704463795	0	RECOG_PRES	0	SUNSET	1408	-999	P	899
1278704465063	0	RECOG_CR_PRES	0	SUNSET	1408	-999	P	56
1278704465420	1	RECOG_FEEDBACK	1
1278704466178	0	RECOG_PRES	0	MONGOOSE	909	-999	P	949
1278704467495	0	RECOG_CR_PRES	0	MONGOOSE	909	-999	P	55
1278704467853	1	RECOG_FEEDBACK	1
1278704468661	0	RECOG_PRES	0	RECIPE	1175	-999	P	841
1278704469878	0	RECOG_CR_PRES	0	RECIPE	1175	-999	P	80
1278704470253	1	RECOG_FEEDBACK	1
1278704471012	0	RECOG_PRES	0	VINEGAR	1569	-999	P	906
1278704472294	0	RECOG_CR_PRES	0	VINEGAR	1569	-999	P	64
1278704472653	1	RECOG_FEEDBACK	1
1278704473378	0	RECOG_PRES	0	SWIMMER	1420	-999	P	868
1278704474619	0	RECOG_CR_PRES	0	SWIMMER	1420	-999	P	107
1278704475012	1	RECOG_FEEDBACK	1
1278704475786	0	RECOG_PRES	0	PENNY	1045	-999	P	832
1278704477012	0	RECOG_CR_PRES	0	PENNY	1045	-999	P	83
1278704477394	1	RECOG_FEEDBACK	1
1278704478153	0	RECOG_PRES	0	ASSISTANT	48	-999	P	902
1278704479427	0	RECOG_CR_PRES	0	ASSISTANT	48	-999	P	59
1278704479786	1	RECOG_FEEDBACK	1
1278704480560	0	RECOG_PRES	0	JUDGE	761	-999	P	894
1278704481827	0	RECOG_CR_PRES	0	JUDGE	761	-999	P	83
1278704482202	1	RECOG_FEEDBACK	1
1278704482935	0	RECOG_PRES	0	ALLIGATOR	16	-999	P	919
1278704484218	0	RECOG_CR_PRES	0	ALLIGATOR	16	-999	P	68
1278704484577	1	RECOG_FEEDBACK	1
1278704485327	0	RECOG_PRES	0	CARDINAL	244	-999	P	943
1278704486643	0	RECOG_CR_PRES	0	CARDINAL	244	-999	P	59
1278704486993	1	RECOG_FEEDBACK	1
1278704487727	0	RECOG_PRES	0	OATMEAL	967	-999	P	1095
1278704489193	0	RECOG_CR_PRES	0	OATMEAL	967	-999	P	69
1278704489560	1	RECOG_FEEDBACK	1
1278704490335	0	RECOG_PRES	0	BROOK	177	-999	P	959
1278704491668	0	RECOG_CR_PRES	0	BROOK	177	-999	P	106
1278704492069	1	RECOG_FEEDBACK	1
1278704492801	0	RECOG_PRES	0	ROBIN	1199	-999	P	1165
1278704494334	0	RECOG_CR_PRES	0	ROBIN	1199	-999	P	88
1278704494726	1	RECOG_FEEDBACK	0
1278704512350	0	REST
1278704513361	1	REC_START
1278704513400	0	RECOG_PRES	1	CONCERT	360	-999	P	1174
1278704514950	0	RECOG_CR_PRES	1	CONCERT	360	-999	P	129
1278704515383	1	RECOG_FEEDBACK	1
1278704516175	0	RECOG_PRES	1	RUM	1217	-999	P	815
1278704517366	0	RECOG_CR_PRES	1	RUM	1217	-999	P	80
1278704517741	1	RECOG_FEEDBACK	1
1278704518458	0	RECOG_PRES	1	ALLEY	15	-999	P	812
1278704519641	0	RECOG_CR_PRES	1	ALLEY	15	-999	P	53
1278704519983	1	RECOG_FEEDBACK	1
1278704520707	0	RECOG_PRES	1	SUITCASE	1403	-999	P	875
1278704521957	0	RECOG_CR_PRES	1	SUITCASE	1403	-999	P	90
1278704522341	1	RECOG_FEEDBACK	1
1278704523117	0	RECOG_PRES	1	LOG	841	-999	P	761
1278704524249	0	RECOG_CR_PRES	1	LOG	841	-999	P	53
1278704524599	1	RECOG_FEEDBACK	1
1278704525365	0	RECOG_PRES	1	COWARD	394	-999	P	897
1278704526632	0	RECOG_CR_PRES	1	COWARD	394	-999	P	54
1278704526990	1	RECOG_FEEDBACK	1
1278704527774	0	RECOG_PRES	1	BEER	114	-999	P	952
1278704529091	0	RECOG_CR_PRES	1	BEER	114	-999	P	75
1278704529473	1	RECOG_FEEDBACK	1
1278704530198	0	RECOG_PRES	1	SHOELACE	1289	-999	P	1448
1278704532008	0	RECOG_CR_PRES	1	SHOELACE	1289	-999	P	95
1278704532415	1	RECOG_FEEDBACK	1
1278704533141	0	RECOG_PRES	1	BOXER	160	-999	P	866
1278704534381	0	RECOG_CR_PRES	1	BOXER	160	-999	P	89
1278704534765	1	RECOG_FEEDBACK	1
1278704535506	0	RECOG_PRES	1	SIRLOIN	1311	-999	P	866
1278704536773	0	RECOG_CR_PRES	1	SIRLOIN	1311	-999	P	25
1278704537099	1	RECOG_FEEDBACK	1
1278704537873	0	RECOG_PRES	1	CABBAGE	210	-999	P	832
1278704539099	0	RECOG_CR_PRES	1	CABBAGE	210	-999	P	91
1278704539489	1	RECOG_FEEDBACK	1
1278704540289	0	RECOG_PRES	1	DASHBOARD	441	-999	P	901
1278704541564	0	RECOG_CR_PRES	1	DASHBOARD	441	-999	P	74
1278704541948	1	RECOG_FEEDBACK	1
1278704542706	0	RECOG_PRES	1	SWEATER	1419	-999	P	948
1278704544015	0	RECOG_CR_PRES	1	SWEATER	1419	-999	P	96
1278704544406	1	RECOG_FEEDBACK	1
1278704545115	0	RECOG_PRES	1	WALL	1582	-999	P	1147
1278704546631	0	RECOG_CR_PRES	1	WALL	1582	-999	P	63
1278704546997	1	RECOG_FEEDBACK	1
1278704547714	0	RECOG_PRES	1	CAFETERIA	217	-999	P	882
1278704548997	0	RECOG_CR_PRES	1	CAFETERIA	217	-999	P	58
1278704549355	1	RECOG_FEEDBACK	1
1278704550164	0	RECOG_PRES	1	FLOUR	583	-999	P	794
1278704551330	0	RECOG_CR_PRES	1	FLOUR	583	-999	P	92
1278704551722	1	RECOG_FEEDBACK	1
1278704552472	0	RECOG_PRES	1	CONTRACTOR	369	-999	P	857
1278704553730	0	RECOG_CR_PRES	1	CONTRACTOR	369	-999	P	68
1278704554098	1	RECOG_FEEDBACK	1
1278704554880	0	RECOG_PRES	1	VALVE	1546	-999	P	806
1278704556047	0	RECOG_CR_PRES	1	VALVE	1546	-999	P	119
1278704556463	1	RECOG_FEEDBACK	1
1278704557205	0	RECOG_PRES	1	BLADE	134	-999	P	858
1278704558463	0	RECOG_CR_PRES	1	BLADE	134	-999	P	95
1278704558855	1	RECOG_FEEDBACK	1
1278704559638	0	RECOG_PRES	1	DIVER	476	-999	P	856
1278704560854	0	RECOG_CR_PRES	1	DIVER	476	-999	P	80
1278704561229	1	RECOG_FEEDBACK	1
1278704564204	0	REST
1278704565095	1	REC_START
1278704565130	0	RECOG_PRES	2	BIRD	129	-999	P	877
1278704566379	0	RECOG_CR_PRES	2	BIRD	129	-999	P	51
1278704566746	1	RECOG_FEEDBACK	1
1278704567504	0	RECOG_PRES	2	ATHLETE	52	-999	P	798
1278704568671	0	RECOG_CR_PRES	2	ATHLETE	52	-999	P	103
1278704569071	1	RECOG_FEEDBACK	1
1278704569879	0	RECOG_PRES	2	SPINACH	1352	-999	P	791
1278704571038	0	RECOG_CR_PRES	2	SPINACH	1352	-999	P	65
1278704571404	1	RECOG_FEEDBACK	1
1278704572170	0	RECOG_PRES	2	REEF	1177	-999	P	676
1278704573220	0	RECOG_CR_PRES	2	REEF	1177	-999	P	42
1278704573562	1	RECOG_FEEDBACK	1
1278704574353	0	RECOG_PRES	2	MOVIE	927	-999	P	589
1278704575312	0	RECOG_CR_PRES	2	MOVIE	927	-999	P	62
1278704575662	1	RECOG_FEEDBACK	1
1278704576445	0	RECOG_PRES	2	RAILROAD	1162	-999	P	537
1278704577353	0	RECOG_CR_PRES	2	RAILROAD	1162	-999	P	101
1278704577737	1	RECOG_FEEDBACK	1
1278704578470	0	RECOG_PRES	2	FEAST	556	-999	P	480
1278704579320	0	RECOG_CR_PRES	2	FEAST	556	-999	P	150
1278704579745	1	RECOG_FEEDBACK	1
1278704580553	0	RECOG_PRES	2	QUILL	1150	-999	P	542
1278704581470	0	RECOG_CR_PRES	2	QUILL	1150	-999	P	72
1278704581819	1	RECOG_FEEDBACK	1
1278704582544	0	RECOG_PRES	2	FIG	563	-999	P	654
1278704583569	0	RECOG_CR_PRES	2	FIG	563	-999	P	61
1278704583928	1	RECOG_FEEDBACK	1
1278704584661	0	RECOG_PRES	2	LIPSTICK	829	-999	P	825
1278704585861	0	RECOG_CR_PRES	2	LIPSTICK	829	-999	P	81
1278704586236	1	RECOG_FEEDBACK	1
1278704586961	0	RECOG_PRES	2	STREET	1393	-999	P	789
1278704588112	0	RECOG_CR_PRES	2	STREET	1393	-999	P	54
1278704588444	1	RECOG_FEEDBACK	1
1278704589161	0	RECOG_PRES	2	FOOTBALL	591	-999	P	1189
1278704590719	0	RECOG_CR_PRES	2	FOOTBALL	591	-999	P	47
1278704591070	1	RECOG_FEEDBACK	1
1278704591844	0	RECOG_PRES	2	BOTTLE	153	-999	P	890
1278704593103	0	RECOG_CR_PRES	2	BOTTLE	153	-999	P	48
1278704593444	1	RECOG_FEEDBACK	1
1278704594177	0	RECOG_PRES	2	UNICORN	1538	-999	P	846
1278704595393	0	RECOG_CR_PRES	2	UNICORN	1538	-999	P	45
1278704595727	1	RECOG_FEEDBACK	1
1278704596510	0	RECOG_PRES	2	WALNUT	1584	-999	P	816
1278704597702	0	RECOG_CR_PRES	2	WALNUT	1584	-999	P	48
1278704598044	1	RECOG_FEEDBACK	1
1278704598810	0	RECOG_PRES	2	ORGAN	984	-999	P	732
1278704599918	0	RECOG_CR_PRES	2	ORGAN	984	-999	P	48
1278704600251	1	RECOG_FEEDBACK	1
1278704601044	0	RECOG_PRES	2	SPOOL	1356	-999	P	722
1278704602127	0	RECOG_CR_PRES	2	SPOOL	1356	-999	P	47
1278704602460	1	RECOG_FEEDBACK	1
1278704603243	0	RECOG_PRES	2	SHED	1277	-999	P	900
1278704604518	0	RECOG_CR_PRES	2	SHED	1277	-999	P	344
1278704605168	1	RECOG_FEEDBACK	1
1278704605893	0	RECOG_PRES	2	ANTEATER	26	-999	P	801
1278704607060	0	RECOG_CR_PRES	2	ANTEATER	26	-999	P	75
1278704607426	1	RECOG_FEEDBACK	1
1278704608193	0	RECOG_PRES	2	CROCODILE	411	-999	P	773
1278704609334	0	RECOG_CR_PRES	2	CROCODILE	411	-999	P	64
1278704609684	1	RECOG_FEEDBACK	1
1278704612392	0	REST
1278704613355	1	REC_START
1278704613392	0	RECOG_PRES	3	BANQUET	86	-999	P	774
1278704614542	0	RECOG_CR_PRES	3	BANQUET	86	-999	P	24
1278704614867	1	RECOG_FEEDBACK	1
1278704615592	0	RECOG_PRES	3	SCARF	1246	-999	P	726
1278704616692	0	RECOG_CR_PRES	3	SCARF	1246	-999	P	66
1278704617051	1	RECOG_FEEDBACK	1
1278704617792	0	RECOG_PRES	3	NECKLACE	940	-999	P	782
1278704618942	0	RECOG_CR_PRES	3	NECKLACE	940	-999	P	48
1278704619283	1	RECOG_FEEDBACK	1
1278704620001	0	RECOG_PRES	3	MAPLE	866	-999	P	637
1278704621009	0	RECOG_CR_PRES	3	MAPLE	866	-999	P	54
1278704621350	1	RECOG_FEEDBACK	1
1278704622134	0	RECOG_PRES	3	BINDER	127	-999	P	504
1278704623009	0	RECOG_CR_PRES	3	BINDER	127	-999	P	86
1278704623375	1	RECOG_FEEDBACK	1
1278704624109	0	RECOG_PRES	3	NUN	962	-999	P	1377
1278704625858	0	RECOG_CR_PRES	3	NUN	962	-999	P	68
1278704626250	1	RECOG_FEEDBACK	1
1278704626983	0	RECOG_PRES	3	ACROBAT	4	-999	P	1168
1278704628524	0	RECOG_CR_PRES	3	ACROBAT	4	-999	P	58
1278704628891	1	RECOG_FEEDBACK	1
1278704629658	0	RECOG_PRES	3	SCREWDRIVER	1255	-999	P	1044
1278704631067	0	RECOG_CR_PRES	3	SCREWDRIVER	1255	-999	P	60
1278704631424	1	RECOG_FEEDBACK	1
1278704632142	0	RECOG_PRES	3	REFEREE	1178	-999	P	840
1278704633357	0	RECOG_CR_PRES	3	REFEREE	1178	-999	P	49
1278704633691	1	RECOG_FEEDBACK	1
1278704634482	0	RECOG_PRES	3	CLIFF	322	-999	P	948
1278704635799	0	RECOG_CR_PRES	3	CLIFF	322	-999	P	47
1278704636141	1	RECOG_FEEDBACK	1
1278704636915	0	RECOG_PRES	3	BARLEY	88	-999	P	787
1278704638066	0	RECOG_CR_PRES	3	BARLEY	88	-999	P	100
1278704638457	1	RECOG_FEEDBACK	1
1278704639240	0	RECOG_PRES	3	TRIBE	1505	-999	P	895
1278704640507	0	RECOG_CR_PRES	3	TRIBE	1505	-999	P	19
1278704640823	1	RECOG_FEEDBACK	1
1278704641590	0	RECOG_PRES	3	RASH	1167	-999	P	752
1278704642715	0	RECOG_CR_PRES	3	RASH	1167	-999	P	35
1278704643041	1	RECOG_FEEDBACK	1
1278704643807	0	RECOG_PRES	3	MARINE	869	-999	P	983
1278704645156	0	RECOG_CR_PRES	3	MARINE	869	-999	P	98
1278704645548	1	RECOG_FEEDBACK	1
1278704646290	0	RECOG_PRES	3	OUTLAW	989	-999	P	797
1278704647465	0	RECOG_CR_PRES	3	OUTLAW	989	-999	P	61
1278704647823	1	RECOG_FEEDBACK	1
1278704648623	0	RECOG_PRES	3	FAN	551	-999	P	959
1278704649956	0	RECOG_CR_PRES	3	FAN	551	-999	P	75
1278704650331	1	RECOG_FEEDBACK	1
1278704651099	0	RECOG_PRES	3	LIMB	822	-999	P	731
1278704652206	0	RECOG_CR_PRES	3	LIMB	822	-999	P	296
1278704652798	1	RECOG_FEEDBACK	1
1278704653548	0	RECOG_PRES	3	BUG	187	-999	P	778
1278704654697	0	RECOG_CR_PRES	3	BUG	187	-999	P	45
1278704655040	1	RECOG_FEEDBACK	1
1278704655781	0	RECOG_PRES	3	GUEST	669	-999	P	785
1278704656939	0	RECOG_CR_PRES	3	GUEST	669	-999	P	68
1278704657297	1	RECOG_FEEDBACK	1
1278704658073	0	RECOG_PRES	3	WASHER	1592	-999	P	789
1278704659230	0	RECOG_CR_PRES	3	WASHER	1592	-999	P	56
1278704659580	1	RECOG_FEEDBACK	1
1278704663123	0	REST
1278704663934	1	REC_START
1278704663972	0	RECOG_PRES	4	EARTH	515	-999	P	786
1278704665123	0	RECOG_CR_PRES	4	EARTH	515	-999	P	83
1278704665497	1	RECOG_FEEDBACK	1
1278704666263	0	RECOG_PRES	4	MAGNET	855	-999	P	695
1278704667330	0	RECOG_CR_PRES	4	MAGNET	855	-999	P	44
1278704667671	1	RECOG_FEEDBACK	1
1278704668413	0	RECOG_PRES	4	WATER	1594	-999	P	722
1278704669505	0	RECOG_CR_PRES	4	WATER	1594	-999	P	53
1278704669846	1	RECOG_FEEDBACK	1
1278704670605	0	RECOG_PRES	4	WRITER	1627	-999	P	777
1278704671754	0	RECOG_CR_PRES	4	WRITER	1627	-999	P	28
1278704672080	1	RECOG_FEEDBACK	1
1278704672829	0	RECOG_PRES	4	SCREW	1254	-999	P	858
1278704674080	0	RECOG_CR_PRES	4	SCREW	1254	-999	P	23
1278704674413	1	RECOG_FEEDBACK	1
1278704675139	0	RECOG_PRES	4	LAPEL	800	-999	P	747
1278704676254	0	RECOG_CR_PRES	4	LAPEL	800	-999	P	48
1278704676596	1	RECOG_FEEDBACK	1
1278704677321	0	RECOG_PRES	4	COBBLER	335	-999	P	882
1278704678604	0	RECOG_CR_PRES	4	COBBLER	335	-999	P	10
1278704678929	1	RECOG_FEEDBACK	1
1278704679737	0	RECOG_PRES	4	ELBOW	520	-999	P	797
1278704680895	0	RECOG_CR_PRES	4	ELBOW	520	-999	P	63
1278704681254	1	RECOG_FEEDBACK	1
1278704682055	0	RECOG_PRES	4	FAUCET	555	-999	P	767
1278704683195	0	RECOG_CR_PRES	4	FAUCET	555	-999	P	11
1278704683504	1	RECOG_FEEDBACK	1
1278704684303	0	RECOG_PRES	4	LUMBER	848	-999	P	871
1278704685545	0	RECOG_CR_PRES	4	LUMBER	848	-999	P	37
1278704685878	1	RECOG_FEEDBACK	0
1278704686653	0	RECOG_PRES	4	PICTURE	1061	-999	P	985
1278704688004	0	RECOG_CR_PRES	4	PICTURE	1061	-999	P	75
1278704688370	1	RECOG_FEEDBACK	1
1278704689154	0	RECOG_PRES	4	MARBLE	867	-999	P	1204
1278704690728	0	RECOG_CR_PRES	4	MARBLE	867	-999	P	30
1278704691062	1	RECOG_FEEDBACK	1
1278704691845	0	RECOG_PRES	4	SEA	1259	-999	P	705
1278704692920	0	RECOG_CR_PRES	4	SEA	1259	-999	P	46
1278704693253	1	RECOG_FEEDBACK	1
1278704694045	0	RECOG_PRES	4	LIME	823	-999	P	761
1278704695178	0	RECOG_CR_PRES	4	LIME	823	-999	P	76
1278704695544	1	RECOG_FEEDBACK	1
1278704696311	0	RECOG_PRES	4	SCENERY	1247	-999	P	792
1278704697477	0	RECOG_CR_PRES	4	SCENERY	1247	-999	P	97
1278704697869	1	RECOG_FEEDBACK	1
1278704698644	0	RECOG_PRES	4	SCULPTURE	1258	-999	P	930
1278704699944	0	RECOG_CR_PRES	4	SCULPTURE	1258	-999	P	30
1278704700261	1	RECOG_FEEDBACK	1
1278704701070	0	RECOG_PRES	4	RADISH	1158	-999	P	1704
1278704703136	0	RECOG_CR_PRES	4	RADISH	1158	-999	P	70
1278704703519	1	RECOG_FEEDBACK	1
1278704704285	0	RECOG_PRES	4	TORCH	1484	-999	P	778
1278704705435	0	RECOG_CR_PRES	4	TORCH	1484	-999	P	35
1278704705769	1	RECOG_FEEDBACK	1
1278704706560	0	RECOG_PRES	4	CAB	209	-999	P	1006
1278704707935	0	RECOG_CR_PRES	4	CAB	209	-999	P	72
1278704708302	1	RECOG_FEEDBACK	0
1278704709061	0	RECOG_PRES	4	FLANNEL	574	-999	P	1121
1278704710552	0	RECOG_CR_PRES	4	FLANNEL	574	-999	P	78
1278704710935	1	RECOG_FEEDBACK	1
1278704717718	0	REST
1278704718535	1	REC_START
1278704718568	0	RECOG_PRES	5	JUVENILE	767	-999	P	966
1278704719934	0	RECOG_CR_PRES	5	JUVENILE	767	-999	P	56
1278704720292	1	RECOG_FEEDBACK	1
1278704721027	0	RECOG_PRES	5	FUGITIVE	612	-999	P	915
1278704722317	0	RECOG_CR_PRES	5	FUGITIVE	612	-999	P	25
1278704722642	1	RECOG_FEEDBACK	1
1278704723417	0	RECOG_PRES	5	CARPENTER	246	-999	P	949
1278704724742	0	RECOG_CR_PRES	5	CARPENTER	246	-999	P	40
1278704725085	1	RECOG_FEEDBACK	1
1278704725800	0	RECOG_PRES	5	SANDWICH	1232	-999	P	822
1278704726992	0	RECOG_CR_PRES	5	SANDWICH	1232	-999	P	15
1278704727300	1	RECOG_FEEDBACK	1
1278704728010	0	RECOG_PRES	5	SLEIGH	1325	-999	P	820
1278704729200	0	RECOG_CR_PRES	5	SLEIGH	1325	-999	P	38
1278704729550	1	RECOG_FEEDBACK	1
1278704730342	0	RECOG_PRES	5	JEANS	752	-999	P	840
1278704731558	0	RECOG_CR_PRES	5	JEANS	752	-999	P	24
1278704731875	1	RECOG_FEEDBACK	1
1278704732600	0	RECOG_PRES	5	CLASS	318	-999	P	2150
1278704735117	0	RECOG_CR_PRES	5	CLASS	318	-999	P	97
1278704735550	1	RECOG_FEEDBACK	1
1278704736291	0	RECOG_PRES	5	MOB	904	-999	P	1147
1278704737808	0	RECOG_CR_PRES	5	MOB	904	-999	P	62
1278704738166	1	RECOG_FEEDBACK	1
1278704738908	0	RECOG_PRES	5	PEAR	1033	-999	P	857
1278704740166	0	RECOG_CR_PRES	5	PEAR	1033	-999	P	40
1278704740499	1	RECOG_FEEDBACK	1
1278704741249	0	RECOG_PRES	5	CHAUFFEUR	283	-999	P	925
1278704742549	0	RECOG_CR_PRES	5	CHAUFFEUR	283	-999	P	33
1278704742882	1	RECOG_FEEDBACK	1
1278704743632	0	RECOG_PRES	5	NURSERY	964	-999	P	790
1278704744791	0	RECOG_CR_PRES	5	NURSERY	964	-999	P	23
1278704745108	1	RECOG_FEEDBACK	1
1278704745866	0	RECOG_PRES	5	CHERRY	293	-999	P	764
1278704746999	0	RECOG_CR_PRES	5	CHERRY	293	-999	P	8
1278704747299	1	RECOG_FEEDBACK	1
1278704748016	0	RECOG_PRES	5	CLARINET	317	-999	P	822
1278704749207	0	RECOG_CR_PRES	5	CLARINET	317	-999	P	39
1278704749540	1	RECOG_FEEDBACK	1
1278704750290	0	RECOG_PRES	5	CRITIC	410	-999	P	821
1278704751482	0	RECOG_CR_PRES	5	CRITIC	410	-999	P	52
1278704751840	1	RECOG_FEEDBACK	1
1278704752632	0	RECOG_PRES	5	BRAIN	165	-999	P	718
1278704753723	0	RECOG_CR_PRES	5	BRAIN	165	-999	P	43
1278704754058	1	RECOG_FEEDBACK	1
1278704754782	0	RECOG_PRES	5	THUMB	1462	-999	P	696
1278704755848	0	RECOG_CR_PRES	5	THUMB	1462	-999	P	30
1278704756165	1	RECOG_FEEDBACK	1
1278704756948	0	RECOG_PRES	5	TART	1436	-999	P	738
1278704758049	0	RECOG_CR_PRES	5	TART	1436	-999	P	62
1278704758406	1	RECOG_FEEDBACK	1
1278704759173	0	RECOG_PRES	5	TUSK	1523	-999	P	833
1278704760415	0	RECOG_CR_PRES	5	TUSK	1523	-999	P	31
1278704760739	1	RECOG_FEEDBACK	1
1278704761473	0	RECOG_PRES	5	CHEMICAL	291	-999	P	765
1278704762606	0	RECOG_CR_PRES	5	CHEMICAL	291	-999	P	56
1278704762948	1	RECOG_FEEDBACK	1
1278704763731	0	RECOG_PRES	5	BOULEVARD	156	-999	P	1139
1278704765239	0	RECOG_CR_PRES	5	BOULEVARD	156	-999	P	63
1278704765606	1	RECOG_FEEDBACK	1
1278704767464	0	REST
1278704768533	1	REC_START
1278704768564	0	RECOG_PRES	6	CANYON	235	-999	P	802
1278704769730	0	RECOG_CR_PRES	6	CANYON	235	-999	P	92
1278704770123	1	RECOG_FEEDBACK	1
1278704770847	0	RECOG_PRES	6	BIOLOGIST	128	-999	P	883
1278704772123	0	RECOG_CR_PRES	6	BIOLOGIST	128	-999	P	83
1278704772505	1	RECOG_FEEDBACK	1
1278704773230	0	RECOG_PRES	6	PADDLE	1000	-999	P	817
1278704774422	0	RECOG_CR_PRES	6	PADDLE	1000	-999	P	16
1278704774747	1	RECOG_FEEDBACK	1
1278704775522	0	RECOG_PRES	6	CANVAS	234	-999	P	832
1278704776755	0	RECOG_CR_PRES	6	CANVAS	234	-999	P	35
1278704777081	1	RECOG_FEEDBACK	1
1278704777838	0	RECOG_PRES	6	LIEUTENANT	818	-999	P	824
1278704779031	0	RECOG_CR_PRES	6	LIEUTENANT	818	-999	P	64
1278704779388	1	RECOG_FEEDBACK	1
1278704780131	0	RECOG_PRES	6	SIDING	1304	-999	P	835
1278704781338	0	RECOG_CR_PRES	6	SIDING	1304	-999	P	68
1278704781713	1	RECOG_FEEDBACK	1
1278704782430	0	RECOG_PRES	6	GRAVEL	659	-999	P	816
1278704783621	0	RECOG_CR_PRES	6	GRAVEL	659	-999	P	57
1278704783971	1	RECOG_FEEDBACK	1
1278704784746	0	RECOG_PRES	6	TOTE	1487	-999	P	1652
1278704786771	0	RECOG_CR_PRES	6	TOTE	1487	-999	P	67
1278704787171	1	RECOG_FEEDBACK	1
1278704787962	0	RECOG_PRES	6	HALL	677	-999	P	1149
1278704789479	0	RECOG_CR_PRES	6	HALL	677	-999	P	79
1278704789862	1	RECOG_FEEDBACK	1
1278704790579	0	RECOG_PRES	6	PADDING	999	-999	P	971
1278704791920	0	RECOG_CR_PRES	6	PADDING	999	-999	P	87
1278704792304	1	RECOG_FEEDBACK	1
1278704793030	0	RECOG_PRES	6	BOY	161	-999	P	784
1278704794187	0	RECOG_CR_PRES	6	BOY	161	-999	P	75
1278704794562	1	RECOG_FEEDBACK	1
1278704795329	0	RECOG_PRES	6	FAMILY	550	-999	P	925
1278704796637	0	RECOG_CR_PRES	6	FAMILY	550	-999	P	17
1278704796953	1	RECOG_FEEDBACK	1
1278704797753	0	RECOG_PRES	6	CUPBOARD	425	-999	P	909
1278704799029	0	RECOG_CR_PRES	6	CUPBOARD	425	-999	P	66
1278704799395	1	RECOG_FEEDBACK	1
1278704800187	0	RECOG_PRES	6	HOSTAGE	722	-999	P	803
1278704801361	0	RECOG_CR_PRES	6	HOSTAGE	722	-999	P	101
1278704801761	1	RECOG_FEEDBACK	1
1278704802553	0	RECOG_PRES	6	LIST	830	-999	P	949
1278704803878	0	RECOG_CR_PRES	6	LIST	830	-999	P	96
1278704804278	1	RECOG_FEEDBACK	1
1278704805070	0	RECOG_PRES	6	BISON	131	-999	P	752
1278704806194	0	RECOG_CR_PRES	6	BISON	131	-999	P	68
1278704806561	1	RECOG_FEEDBACK	1
1278704807344	0	RECOG_PRES	6	UNIVERSE	1540	-999	P	918
1278704808636	0	RECOG_CR_PRES	6	UNIVERSE	1540	-999	P	66
1278704809004	1	RECOG_FEEDBACK	1
1278704809769	0	RECOG_PRES	6	GULL	671	-999	P	933
1278704811070	0	RECOG_CR_PRES	6	GULL	671	-999	P	88
1278704811461	1	RECOG_FEEDBACK	1
1278704812261	0	RECOG_PRES	6	PORK	1108	-999	P	977
1278704813611	0	RECOG_CR_PRES	6	PORK	1108	-999	P	59
1278704813969	1	RECOG_FEEDBACK	1
1278704814727	0	RECOG_PRES	6	CELLO	268	-999	P	791
1278704815894	0	RECOG_CR_PRES	6	CELLO	268	-999	P	80
1278704816260	1	RECOG_FEEDBACK	1
1278704823443	0	REST
1278704824262	1	REC_START
1278704824293	0	RECOG_PRES	7	HAWK	692	-999	P	858
1278704825518	0	RECOG_CR_PRES	7	HAWK	692	-999	P	88
1278704825893	1	RECOG_FEEDBACK	1
1278704826651	0	RECOG_PRES	7	BLANKET	135	-999	P	5627
1278704832642	0	RECOG_CR_PRES	7	BLANKET	135	-999	P	228
1278704833334	1	RECOG_FEEDBACK	0
1278704834127	0	RECOG_PRES	7	GROCERY	664	-999	P	1175
1278704835675	0	RECOG_CR_PRES	7	GROCERY	664	-999	P	59
1278704836035	1	RECOG_FEEDBACK	1
1278704836750	0	RECOG_PRES	7	MOSS	918	-999	P	1528
1278704838650	0	RECOG_CR_PRES	7	MOSS	918	-999	P	44
1278704839001	1	RECOG_FEEDBACK	1
1278704839758	0	RECOG_PRES	7	SAILOR	1223	-999	P	1400
1278704841533	0	RECOG_CR_PRES	7	SAILOR	1223	-999	P	41
1278704841883	1	RECOG_FEEDBACK	1
1278704842642	0	RECOG_PRES	7	CASHEW	253	-999	P	1012
1278704844018	0	RECOG_CR_PRES	7	CASHEW	253	-999	P	29
1278704844341	1	RECOG_FEEDBACK	1
1278704845076	0	RECOG_PRES	7	GRAPE	654	-999	P	834
1278704846283	0	RECOG_CR_PRES	7	GRAPE	654	-999	P	27
1278704846608	1	RECOG_FEEDBACK	1
1278704847366	0	RECOG_PRES	7	CAGE	218	-999	P	824
1278704848566	0	RECOG_CR_PRES	7	CAGE	218	-999	P	24
1278704848883	1	RECOG_FEEDBACK	1
1278704849683	0	RECOG_PRES	7	PAD	998	-999	P	807
1278704850891	0	RECOG_CR_PRES	7	PAD	998	-999	P	51
1278704851241	1	RECOG_FEEDBACK	1
1278704852034	0	RECOG_PRES	7	STAMP	1370	-999	P	772
1278704853174	0	RECOG_CR_PRES	7	STAMP	1370	-999	P	24
1278704853483	1	RECOG_FEEDBACK	1
1278704854257	0	RECOG_PRES	7	VIDEO	1564	-999	P	790
1278704855416	0	RECOG_CR_PRES	7	VIDEO	1564	-999	P	30
1278704855732	1	RECOG_FEEDBACK	1
1278704856474	0	RECOG_PRES	7	WICK	1607	-999	P	780
1278704857615	0	RECOG_CR_PRES	7	WICK	1607	-999	P	63
1278704857957	1	RECOG_FEEDBACK	1
1278704858715	0	RECOG_PRES	7	WATERFALL	1595	-999	P	1436
1278704860524	0	RECOG_CR_PRES	7	WATERFALL	1595	-999	P	114
1278704860957	1	RECOG_FEEDBACK	1
1278704861699	0	RECOG_PRES	7	MINK	897	-999	P	1348
1278704863415	0	RECOG_CR_PRES	7	MINK	897	-999	P	167
1278704863898	1	RECOG_FEEDBACK	1
1278704864623	0	RECOG_PRES	7	BEAKER	104	-999	P	1015
1278704866008	0	RECOG_CR_PRES	7	BEAKER	104	-999	P	71
1278704866373	1	RECOG_FEEDBACK	1
1278704867107	0	RECOG_PRES	7	TERMITE	1451	-999	P	1059
1278704868540	0	RECOG_CR_PRES	7	TERMITE	1451	-999	P	58
1278704868898	1	RECOG_FEEDBACK	1
1278704869690	0	RECOG_PRES	7	CACTUS	215	-999	P	817
1278704870906	0	RECOG_CR_PRES	7	CACTUS	215	-999	P	28
1278704871231	1	RECOG_FEEDBACK	1
1278704871998	0	RECOG_PRES	7	FENCE	560	-999	P	1216
1278704873589	0	RECOG_CR_PRES	7	FENCE	560	-999	P	49
1278704873939	1	RECOG_FEEDBACK	1
1278704874748	0	RECOG_PRES	7	DETERGENT	455	-999	P	986
1278704876098	0	RECOG_CR_PRES	7	DETERGENT	455	-999	P	84
1278704876481	1	RECOG_FEEDBACK	1
1278704877272	0	RECOG_PRES	7	FATHER	554	-999	P	950
1278704878597	0	RECOG_CR_PRES	7	FATHER	554	-999	P	49
1278704878947	1	RECOG_FEEDBACK	1
1278704880931	0	REST
1278704882093	1	REC_START
1278704882131	0	RECOG_PRES	8	BALLOON	75	-999	P	900
1278704883405	0	RECOG_CR_PRES	8	BALLOON	75	-999	P	33
1278704883739	1	RECOG_FEEDBACK	1
1278704884463	0	RECOG_PRES	8	SWING	1421	-999	P	815
1278704885638	0	RECOG_CR_PRES	8	SWING	1421	-999	P	72
1278704885988	1	RECOG_FEEDBACK	1
1278704886780	0	RECOG_PRES	8	HEAD	695	-999	P	794
1278704887947	0	RECOG_CR_PRES	8	HEAD	695	-999	P	43
1278704888297	1	RECOG_FEEDBACK	1
1278704889097	0	RECOG_PRES	8	OUTDOORS	987	-999	P	950
1278704890421	0	RECOG_CR_PRES	8	OUTDOORS	987	-999	P	33
1278704890755	1	RECOG_FEEDBACK	1
1278704891480	0	RECOG_PRES	8	HORSE	719	-999	P	1126
1278704892980	0	RECOG_CR_PRES	8	HORSE	719	-999	P	27
1278704893313	1	RECOG_FEEDBACK	1
1278704894097	0	RECOG_PRES	8	RIBBON	1189	-999	P	765
1278704895238	0	RECOG_CR_PRES	8	RIBBON	1189	-999	P	40
1278704895554	1	RECOG_FEEDBACK	1
1278704896313	0	RECOG_PRES	8	SALIVA	1226	-999	P	702
1278704897388	0	RECOG_CR_PRES	8	SALIVA	1226	-999	P	34
1278704897712	1	RECOG_FEEDBACK	1
1278704898496	0	RECOG_PRES	8	AFRICA	9	-999	P	790
1278704899654	0	RECOG_CR_PRES	8	AFRICA	9	-999	P	48
1278704899987	1	RECOG_FEEDBACK	1
1278704900721	0	RECOG_PRES	8	BACON	67	-999	P	797
1278704901887	0	RECOG_CR_PRES	8	BACON	67	-999	P	71
1278704902254	1	RECOG_FEEDBACK	1
1278704903038	0	RECOG_PRES	8	OAR	966	-999	P	912
1278704904320	0	RECOG_CR_PRES	8	OAR	966	-999	P	62
1278704904670	1	RECOG_FEEDBACK	1
1278704905470	0	RECOG_PRES	8	PELICAN	1039	-999	P	1256
1278704907088	0	RECOG_CR_PRES	8	PELICAN	1039	-999	P	86
1278704907487	1	RECOG_FEEDBACK	1
1278704908245	0	RECOG_PRES	8	INMATE	738	-999	P	874
1278704909487	0	RECOG_CR_PRES	8	INMATE	738	-999	P	55
1278704909828	1	RECOG_FEEDBACK	1
1278704910586	0	RECOG_PRES	8	LITERATURE	831	-999	P	841
1278704911828	0	RECOG_CR_PRES	8	LITERATURE	831	-999	P	98
1278704912220	1	RECOG_FEEDBACK	1
1278704912995	0	RECOG_PRES	8	CARNIVAL	245	-999	P	771
1278704914129	0	RECOG_CR_PRES	8	CARNIVAL	245	-999	P	93
1278704914511	1	RECOG_FEEDBACK	1
1278704915245	0	RECOG_PRES	8	VENT	1556	-999	P	794
1278704916411	0	RECOG_CR_PRES	8	VENT	1556	-999	P	75
1278704916778	1	RECOG_FEEDBACK	1
1278704917528	0	RECOG_PRES	8	PHILOSOPHER	1054	-999	P	814
1278704918711	0	RECOG_CR_PRES	8	PHILOSOPHER	1054	-999	P	79
1278704919087	1	RECOG_FEEDBACK	1
1278704919894	0	RECOG_PRES	8	CREAM	402	-999	P	760
1278704921020	0	RECOG_CR_PRES	8	CREAM	402	-999	P	75
1278704921394	1	RECOG_FEEDBACK	1
1278704922120	0	RECOG_PRES	8	HOUSE	725	-999	P	2951
1278704925444	0	RECOG_CR_PRES	8	HOUSE	725	-999	P	90
1278704925869	1	RECOG_FEEDBACK	0
1278704926644	0	RECOG_PRES	8	CUSTOMER	430	-999	P	3642
1278704930660	0	RECOG_CR_PRES	8	CUSTOMER	430	-999	P	50
1278704931061	1	RECOG_FEEDBACK	1
1278704931860	0	RECOG_PRES	8	SIREN	1310	-999	P	1219
1278704933451	0	RECOG_CR_PRES	8	SIREN	1310	-999	P	59
1278704933810	1	RECOG_FEEDBACK	1
1278704944334	0	REST
1278704945476	1	REC_START
1278704945509	0	RECOG_PRES	9	PUB	1135	-999	P	966
1278704946875	0	RECOG_CR_PRES	9	PUB	1135	-999	P	59
1278704947234	1	RECOG_FEEDBACK	1
1278704948035	0	RECOG_PRES	9	TIMBER	1469	-999	P	779
1278704949184	0	RECOG_CR_PRES	9	TIMBER	1469	-999	P	54
1278704949534	1	RECOG_FEEDBACK	1
1278704950275	0	RECOG_PRES	9	OCEAN	970	-999	P	788
1278704951433	0	RECOG_CR_PRES	9	OCEAN	970	-999	P	61
1278704951800	1	RECOG_FEEDBACK	1
1278704952608	0	RECOG_PRES	9	LAUNDRY	803	-999	P	662
1278704953642	0	RECOG_CR_PRES	9	LAUNDRY	803	-999	P	28
1278704953967	1	RECOG_FEEDBACK	1
1278704954692	0	RECOG_PRES	9	BARTENDER	92	-999	P	698
1278704955758	0	RECOG_CR_PRES	9	BARTENDER	92	-999	P	56
1278704956109	1	RECOG_FEEDBACK	1
1278704956916	0	RECOG_PRES	9	BLUEJAY	141	-999	P	714
1278704958000	0	RECOG_CR_PRES	9	BLUEJAY	141	-999	P	95
1278704958383	1	RECOG_FEEDBACK	1
1278704959101	0	RECOG_PRES	9	HIGHWAY	707	-999	P	761
1278704960224	0	RECOG_CR_PRES	9	HIGHWAY	707	-999	P	70
1278704960591	1	RECOG_FEEDBACK	1
1278704961383	0	RECOG_PRES	9	CATTLE	261	-999	P	712
1278704962466	0	RECOG_CR_PRES	9	CATTLE	261	-999	P	100
1278704962866	1	RECOG_FEEDBACK	1
1278704963633	0	RECOG_PRES	9	LETTER	813	-999	P	1013
1278704965017	0	RECOG_CR_PRES	9	LETTER	813	-999	P	78
1278704965399	1	RECOG_FEEDBACK	1
1278704966207	0	RECOG_PRES	9	BAY	102	-999	P	687
1278704967266	0	RECOG_CR_PRES	9	BAY	102	-999	P	60
1278704967616	1	RECOG_FEEDBACK	1
1278704968374	0	RECOG_PRES	9	LADDER	793	-999	P	697
1278704969440	0	RECOG_CR_PRES	9	LADDER	793	-999	P	78
1278704969807	1	RECOG_FEEDBACK	1
1278704970599	0	RECOG_PRES	9	BUBBLE	183	-999	P	1239
1278704972207	0	RECOG_CR_PRES	9	BUBBLE	183	-999	P	71
1278704972582	1	RECOG_FEEDBACK	1
1278704973324	0	RECOG_PRES	9	SHORTCAKE	1292	-999	P	819
1278704974515	0	RECOG_CR_PRES	9	SHORTCAKE	1292	-999	P	83
1278704974890	1	RECOG_FEEDBACK	1
1278704975640	0	RECOG_PRES	9	SEAL	1262	-999	P	798
1278704976807	0	RECOG_CR_PRES	9	SEAL	1262	-999	P	63
1278704977165	1	RECOG_FEEDBACK	1
1278704977965	0	RECOG_PRES	9	JUG	762	-999	P	1074
1278704979406	0	RECOG_CR_PRES	9	JUG	762	-999	P	96
1278704979815	1	RECOG_FEEDBACK	1
1278704980623	0	RECOG_PRES	9	UNDERWEAR	1537	-999	P	1111
1278704982099	0	RECOG_CR_PRES	9	UNDERWEAR	1537	-999	P	107
1278704982506	1	RECOG_FEEDBACK	1
1278704983214	0	RECOG_PRES	9	JEWEL	757	-999	P	984
1278704984573	0	RECOG_CR_PRES	9	JEWEL	757	-999	P	73
1278704984939	1	RECOG_FEEDBACK	1
1278704985664	0	RECOG_PRES	9	DAUGHTER	442	-999	P	2006
1278704988032	0	RECOG_CR_PRES	9	DAUGHTER	442	-999	P	79
1278704988431	1	RECOG_FEEDBACK	1
1278704989156	0	RECOG_PRES	9	DIPLOMA	470	-999	P	947
1278704990472	0	RECOG_CR_PRES	9	DIPLOMA	470	-999	P	62
1278704990831	1	RECOG_FEEDBACK	1
1278704991597	0	RECOG_PRES	9	DELINQUENT	445	-999	P	873
1278704992839	0	RECOG_CR_PRES	9	DELINQUENT	445	-999	P	103
1278704993230	1	RECOG_FEEDBACK	1
1278705000330	0	REST
1278705001214	1	REC_START
1278705001255	0	RECOG_PRES	10	ACTRESS	6	-999	P	848
1278705002471	0	RECOG_CR_PRES	10	ACTRESS	6	-999	P	119
1278705002880	1	RECOG_FEEDBACK	1
1278705003663	0	RECOG_PRES	10	PARENT	1013	-999	P	759
1278705004796	0	RECOG_CR_PRES	10	PARENT	1013	-999	P	2
1278705005097	1	RECOG_FEEDBACK	1
1278705005879	0	RECOG_PRES	10	SLIDE	1326	-999	P	1150
1278705007404	0	RECOG_CR_PRES	10	SLIDE	1326	-999	P	42
1278705007763	1	RECOG_FEEDBACK	1
1278705008546	0	RECOG_PRES	10	RELISH	1183	-999	P	804
1278705009712	0	RECOG_CR_PRES	10	RELISH	1183	-999	P	38
1278705010047	1	RECOG_FEEDBACK	1
1278705010804	0	RECOG_PRES	10	PEN	1041	-999	P	730
1278705011904	0	RECOG_CR_PRES	10	PEN	1041	-999	P	239
1278705012429	1	RECOG_FEEDBACK	1
1278705013229	0	RECOG_PRES	10	SCOUT	1252	-999	P	1433
1278705015030	0	RECOG_CR_PRES	10	SCOUT	1252	-999	P	128
1278705015479	1	RECOG_FEEDBACK	1
1278705016220	0	RECOG_PRES	10	VET	1560	-999	P	1130
1278705017720	0	RECOG_CR_PRES	10	VET	1560	-999	P	70
1278705018105	1	RECOG_FEEDBACK	1
1278705018887	0	RECOG_PRES	10	DIME	466	-999	P	791
1278705020046	0	RECOG_CR_PRES	10	DIME	466	-999	P	49
1278705020395	1	RECOG_FEEDBACK	1
1278705021203	0	RECOG_PRES	10	TRUMPET	1513	-999	P	755
1278705022328	0	RECOG_CR_PRES	10	TRUMPET	1513	-999	P	62
1278705022686	1	RECOG_FEEDBACK	1
1278705023411	0	RECOG_PRES	10	PREDATOR	1120	-999	P	931
1278705024711	0	RECOG_CR_PRES	10	PREDATOR	1120	-999	P	63
1278705025079	1	RECOG_FEEDBACK	1
1278705025828	0	RECOG_PRES	10	CORK	380	-999	P	818
1278705027012	0	RECOG_CR_PRES	10	CORK	380	-999	P	107
1278705027403	1	RECOG_FEEDBACK	1
1278705028161	0	RECOG_PRES	10	JEEP	753	-999	P	741
1278705029278	0	RECOG_CR_PRES	10	JEEP	753	-999	P	32
1278705029611	1	RECOG_FEEDBACK	1
1278705030369	0	RECOG_PRES	10	COCKTAIL	338	-999	P	750
1278705031494	0	RECOG_CR_PRES	10	COCKTAIL	338	-999	P	32
1278705031811	1	RECOG_FEEDBACK	1
1278705032594	0	RECOG_PRES	10	PAGE	1001	-999	P	796
1278705033761	0	RECOG_CR_PRES	10	PAGE	1001	-999	P	37
1278705034095	1	RECOG_FEEDBACK	1
1278705034827	0	RECOG_PRES	10	CRICKET	408	-999	P	811
1278705036003	0	RECOG_CR_PRES	10	CRICKET	408	-999	P	60
1278705036369	1	RECOG_FEEDBACK	1
1278705037160	0	RECOG_PRES	10	FARMER	553	-999	P	806
1278705038335	0	RECOG_CR_PRES	10	FARMER	553	-999	P	71
1278705038702	1	RECOG_FEEDBACK	1
1278705039469	0	RECOG_PRES	10	COAT	333	-999	P	841
1278705040710	0	RECOG_CR_PRES	10	COAT	333	-999	P	64
1278705041069	1	RECOG_FEEDBACK	1
1278705041868	0	RECOG_PRES	10	SECRETARY	1265	-999	P	802
1278705043036	0	RECOG_CR_PRES	10	SECRETARY	1265	-999	P	43
1278705043377	1	RECOG_FEEDBACK	1
1278705044111	0	RECOG_PRES	10	TIE	1466	-999	P	799
1278705045276	0	RECOG_CR_PRES	10	TIE	1466	-999	P	90
1278705045660	1	RECOG_FEEDBACK	1
1278705046376	0	RECOG_PRES	10	CLOUD	328	-999	P	942
1278705047693	0	RECOG_CR_PRES	10	CLOUD	328	-999	P	41
1278705048036	1	RECOG_FEEDBACK	1
1278705056859	0	REST
1278705057727	1	REC_START
1278705057759	0	RECOG_PRES	11	PRISONER	1128	-999	P	2567
1278705060709	0	RECOG_CR_PRES	11	PRISONER	1128	-999	P	57
1278705061101	1	RECOG_FEEDBACK	0
1278705061892	0	RECOG_PRES	11	MECHANIC	884	-999	P	882
1278705063143	0	RECOG_CR_PRES	11	MECHANIC	884	-999	P	143
1278705063533	1	RECOG_FEEDBACK	-1
1278705064300	0	RECOG_PRES	11	CIGAR	308	-999	P	2795
1278705067466	0	RECOG_CR_PRES	11	CIGAR	308	-999	P	132
1278705067950	1	RECOG_FEEDBACK	1
1278705068725	0	RECOG_PRES	11	TRICYCLE	1506	-999	P	913
1278705070009	0	RECOG_CR_PRES	11	TRICYCLE	1506	-999	P	62
1278705070366	1	RECOG_FEEDBACK	1
1278705071166	0	RECOG_PRES	11	SHERIFF	1284	-999	P	865
1278705072399	0	RECOG_CR_PRES	11	SHERIFF	1284	-999	P	55
1278705072758	1	RECOG_FEEDBACK	1
1278705073508	0	RECOG_PRES	11	STOMACH	1384	-999	P	1186
1278705075058	0	RECOG_CR_PRES	11	STOMACH	1384	-999	P	29
1278705075391	1	RECOG_FEEDBACK	1
1278705076174	0	RECOG_PRES	11	AIRPLANE	12	-999	P	1016
1278705077557	0	RECOG_CR_PRES	11	AIRPLANE	12	-999	P	25
1278705077882	1	RECOG_FEEDBACK	1
1278705078649	0	RECOG_PRES	11	BLUEPRINT	142	-999	P	1869
1278705080890	0	RECOG_CR_PRES	11	BLUEPRINT	142	-999	P	60
1278705081282	1	RECOG_FEEDBACK	1
1278705082033	0	RECOG_PRES	11	ALMANAC	17	-999	P	982
1278705083390	0	RECOG_CR_PRES	11	ALMANAC	17	-999	P	40
1278705083732	1	RECOG_FEEDBACK	1
1278705084540	0	RECOG_PRES	11	DIRT	472	-999	P	3483
1278705088398	0	RECOG_CR_PRES	11	DIRT	472	-999	P	104
1278705088865	1	RECOG_FEEDBACK	1
1278705089631	0	RECOG_PRES	11	SALMON	1227	-999	P	1456
1278705091456	0	RECOG_CR_PRES	11	SALMON	1227	-999	P	54
1278705091831	1	RECOG_FEEDBACK	1
1278705092598	0	RECOG_PRES	11	SODA	1341	-999	P	656
1278705093614	0	RECOG_CR_PRES	11	SODA	1341	-999	P	104
1278705094015	1	RECOG_FEEDBACK	1
1278705094798	0	RECOG_PRES	11	CALF	222	-999	P	744
1278705095914	0	RECOG_CR_PRES	11	CALF	222	-999	P	36
1278705096248	1	RECOG_FEEDBACK	1
1278705097057	0	RECOG_PRES	11	PLUM	1090	-999	P	717
1278705098140	0	RECOG_CR_PRES	11	PLUM	1090	-999	P	66
1278705098497	1	RECOG_FEEDBACK	1
1278705099247	0	RECOG_PRES	11	SPARROW	1347	-999	P	816
1278705100431	0	RECOG_CR_PRES	11	SPARROW	1347	-999	P	79
1278705100797	1	RECOG_FEEDBACK	1
1278705101531	0	RECOG_PRES	11	ASSOCIATE	49	-999	P	770
1278705102672	0	RECOG_CR_PRES	11	ASSOCIATE	49	-999	P	54
1278705103023	1	RECOG_FEEDBACK	1
1278705103789	0	RECOG_PRES	11	BOX	159	-999	P	897
1278705105048	0	RECOG_CR_PRES	11	BOX	159	-999	P	87
1278705105430	1	RECOG_FEEDBACK	1
1278705106205	0	RECOG_PRES	11	CROW	414	-999	P	745
1278705107322	0	RECOG_CR_PRES	11	CROW	414	-999	P	52
1278705107672	1	RECOG_FEEDBACK	1
1278705108397	0	RECOG_PRES	11	CAMEL	223	-999	P	881
1278705109647	0	RECOG_CR_PRES	11	CAMEL	223	-999	P	79
1278705110031	1	RECOG_FEEDBACK	1
1278705110788	0	RECOG_PRES	11	CHAMPION	279	-999	P	770
1278705111921	0	RECOG_CR_PRES	11	CHAMPION	279	-999	P	77
1278705112296	1	RECOG_FEEDBACK	1
1278705113109	0	RECOG_END
1278705114047	0	SESS_END
1278705114086	0	E	Logging Ends
