1279133564605	0	B	Logging Begins
1279133564605	0	SESS_START	15
1279133606497	1	FR_PRES	0	COD	340	1	1	1605	(0.42259999999999998, 0.58709999999999996, 0)	../fonts/zerothre.ttf	upper
1279133610505	1	FR_PRES	0	CONCERT	360	1	0	1733	(0.42259999999999998, 0.58709999999999996, 0)	../fonts/zerothre.ttf	upper
1279133614488	1	FR_PRES	0	TAPE	1433	0	0	1702	(0.57740000000000002, 0.41289999999999999, 1.0)	../fonts/amplitud.ttf	lower
1279133618555	1	FR_PRES	0	STEW	1380	0	0	1507	(0.57740000000000002, 0.41289999999999999, 1.0)	../fonts/amplitud.ttf	lower
1279133622729	1	FR_PRES	0	CHEF	290	0	1	1461	(0.57740000000000002, 0.41289999999999999, 1.0)	../fonts/amplitud.ttf	lower
1279133626829	1	FR_PRES	0	LADY	794	0	1	1417	(0.57740000000000002, 0.41289999999999999, 1.0)	../fonts/amplitud.ttf	lower
1279133630895	1	FR_PRES	0	LEOPARD	812	1	1	1038	(0.42259999999999998, 0.58709999999999996, 0)	../fonts/zerothre.ttf	upper
1279133634787	1	FR_PRES	0	DORM	488	1	0	1627	(0.42259999999999998, 0.58709999999999996, 0)	../fonts/zerothre.ttf	upper
1279133638986	1	FR_PRES	0	NET	946	1	0	1787	(0.42259999999999998, 0.58709999999999996, 0)	../fonts/zerothre.ttf	upper
1279133642811	1	FR_PRES	0	LOBSTER	837	1	1	2066	(0.42259999999999998, 0.58709999999999996, 0)	../fonts/zerothre.ttf	upper
1279133646836	1	FR_PRES	0	TECHNICIAN	1443	0	1	1129	(0.57740000000000002, 0.41289999999999999, 1.0)	../fonts/amplitud.ttf	lower
1279133650802	1	FR_PRES	0	BULB	192	0	0	1907	(0.57740000000000002, 0.41289999999999999, 1.0)	../fonts/amplitud.ttf	lower
1279133654710	1	FR_PRES	0	COTTAGE	384	0	1	1608	(0.57740000000000002, 0.41289999999999999, 1.0)	../fonts/amplitud.ttf	lower
1279133658827	1	FR_PRES	0	BUILDER	190	0	1	1483	(0.57740000000000002, 0.41289999999999999, 1.0)	../fonts/amplitud.ttf	lower
1279133662710	1	FR_PRES	0	COLESLAW	344	1	0	1536	(0.42259999999999998, 0.58709999999999996, 0)	../fonts/zerothre.ttf	upper
1279133666576	1	FR_PRES	0	CONSOLE	364	1	0	1494	(0.42259999999999998, 0.58709999999999996, 0)	../fonts/zerothre.ttf	upper
1279133672411	1	REC_START
1279133752786	0	REST
1279133754287	1	FR_PRES	1	SERVER	1272	0	1	887	(0.57740000000000002, 0.41289999999999999, 1.0)	../fonts/amplitud.ttf	lower
1279133758387	1	FR_PRES	1	PEOPLE	1046	0	1	1330	(0.57740000000000002, 0.41289999999999999, 1.0)	../fonts/amplitud.ttf	lower
1279133762412	1	FR_PRES	1	SEAGULL	1261	1	0	1922	(0.42259999999999998, 0.58709999999999996, 0)	../fonts/zerothre.ttf	upper
1279133766619	1	FR_PRES	1	PAVEMENT	1028	1	0	1739	(0.42259999999999998, 0.58709999999999996, 0)	../fonts/zerothre.ttf	upper
1279133770602	1	FR_PRES	1	FELLOW	558	1	1	2059	(0.42259999999999998, 0.58709999999999996, 0)	../fonts/zerothre.ttf	upper
1279133774411	1	FR_PRES	1	FEATHER	557	1	0	1987	(0.42259999999999998, 0.58709999999999996, 0)	../fonts/zerothre.ttf	upper
1279133778518	1	FR_PRES	1	FEAST	556	1	0	1760	(0.42259999999999998, 0.58709999999999996, 0)	../fonts/zerothre.ttf	upper
1279133782667	1	FR_PRES	1	TRIBE	1505	0	1	2571	(0.57740000000000002, 0.41289999999999999, 1.0)	../fonts/amplitud.ttf	lower
1279133786700	1	FR_PRES	1	HUT	729	0	1	2049	(0.57740000000000002, 0.41289999999999999, 1.0)	../fonts/amplitud.ttf	lower
1279133790750	1	FR_PRES	1	CAPTAIN	239	1	0	2239	(0.42259999999999998, 0.58709999999999996, 0)	../fonts/zerothre.ttf	upper
1279133794917	1	FR_PRES	1	LIPSTICK	829	1	0	1888	(0.42259999999999998, 0.58709999999999996, 0)	../fonts/zerothre.ttf	upper
1279133798783	1	FR_PRES	1	BRACELET	163	1	0	1790	(0.42259999999999998, 0.58709999999999996, 0)	../fonts/zerothre.ttf	upper
1279133802824	1	FR_PRES	1	FOREST	593	0	1	1270	(0.57740000000000002, 0.41289999999999999, 1.0)	../fonts/amplitud.ttf	lower
1279133806882	1	FR_PRES	1	SHRUB	1299	0	0	1763	(0.57740000000000002, 0.41289999999999999, 1.0)	../fonts/amplitud.ttf	lower
1279133810807	1	FR_PRES	1	CHIMNEY	301	0	1	2030	(0.57740000000000002, 0.41289999999999999, 1.0)	../fonts/amplitud.ttf	lower
1279133814915	1	FR_PRES	1	SIREN	1310	0	0	1850	(0.57740000000000002, 0.41289999999999999, 1.0)	../fonts/amplitud.ttf	lower
1279133820649	1	REC_START
1279133897976	0	REST
1279133899475	1	FR_PRES	2	HAMPER	682	-1	-1	-1279133899475	white	../fonts/Verdana.ttf	upper
1279133903525	1	FR_PRES	2	LIVER	833	-1	-1	-1279133903525	white	../fonts/Verdana.ttf	upper
1279133907566	1	FR_PRES	2	TUTU	1524	-1	-1	-1279133907566	white	../fonts/Verdana.ttf	upper
1279133911549	1	FR_PRES	2	CART	250	-1	-1	-1279133911549	white	../fonts/Verdana.ttf	upper
1279133915716	1	FR_PRES	2	UMPIRE	1535	-1	-1	-1279133915716	white	../fonts/Verdana.ttf	upper
1279133919907	1	FR_PRES	2	BOX	159	-1	-1	-1279133919907	white	../fonts/Verdana.ttf	upper
1279133923815	1	FR_PRES	2	CUBE	420	-1	-1	-1279133923815	white	../fonts/Verdana.ttf	upper
1279133927740	1	FR_PRES	2	DRESSER	496	-1	-1	-1279133927740	white	../fonts/Verdana.ttf	upper
1279133931848	1	FR_PRES	2	RACCOON	1153	-1	-1	-1279133931848	white	../fonts/Verdana.ttf	upper
1279133935856	1	FR_PRES	2	OTTER	986	-1	-1	-1279133935856	white	../fonts/Verdana.ttf	upper
1279133939764	1	FR_PRES	2	VICTOR	1563	-1	-1	-1279133939764	white	../fonts/Verdana.ttf	upper
1279133943805	1	FR_PRES	2	SCREW	1254	-1	-1	-1279133943805	white	../fonts/Verdana.ttf	upper
1279133947913	1	FR_PRES	2	GRILL	661	-1	-1	-1279133947913	white	../fonts/Verdana.ttf	upper
1279133951971	1	FR_PRES	2	MOUSE	925	-1	-1	-1279133951971	white	../fonts/Verdana.ttf	upper
1279133955788	1	FR_PRES	2	POTTERY	1116	-1	-1	-1279133955788	white	../fonts/Verdana.ttf	upper
1279133959679	1	FR_PRES	2	BOWL	158	-1	-1	-1279133959679	white	../fonts/Verdana.ttf	upper
1279133965604	1	REC_START
1279134189146	0	REST
1279134190653	1	FR_PRES	3	TELEPHONE	1445	0	0	888	(0.57740000000000002, 0.41289999999999999, 1.0)	../fonts/amplitud.ttf	lower
1279134194803	1	FR_PRES	3	SALMON	1227	0	0	1211	(0.57740000000000002, 0.41289999999999999, 1.0)	../fonts/amplitud.ttf	lower
1279134198961	1	FR_PRES	3	MERMAID	887	1	0	1860	(0.42259999999999998, 0.58709999999999996, 0)	../fonts/zerothre.ttf	upper
1279134202794	1	FR_PRES	3	PIER	1063	1	0	1779	(0.42259999999999998, 0.58709999999999996, 0)	../fonts/zerothre.ttf	upper
1279134206627	1	FR_PRES	3	PAIL	1002	1	0	1739	(0.42259999999999998, 0.58709999999999996, 0)	../fonts/zerothre.ttf	upper
1279134210644	1	FR_PRES	3	DOLL	481	1	0	1618	(0.42259999999999998, 0.58709999999999996, 0)	../fonts/zerothre.ttf	upper
1279134214635	1	FR_PRES	3	GENERAL	630	0	1	1451	(0.57740000000000002, 0.41289999999999999, 1.0)	../fonts/amplitud.ttf	lower
1279134218793	1	FR_PRES	3	CAGE	218	0	0	1916	(0.57740000000000002, 0.41289999999999999, 1.0)	../fonts/amplitud.ttf	lower
1279134222984	1	FR_PRES	3	BOOTH	151	0	1	2013	(0.57740000000000002, 0.41289999999999999, 1.0)	../fonts/amplitud.ttf	lower
1279134226801	1	FR_PRES	3	NURSE	963	0	1	2020	(0.57740000000000002, 0.41289999999999999, 1.0)	../fonts/amplitud.ttf	lower
1279134230975	1	FR_PRES	3	BISON	131	1	1	2367	(0.42259999999999998, 0.58709999999999996, 0)	../fonts/zerothre.ttf	upper
1279134234975	1	FR_PRES	3	OUTFIT	988	1	0	2223	(0.42259999999999998, 0.58709999999999996, 0)	../fonts/zerothre.ttf	upper
1279134238941	1	FR_PRES	3	JACKET	747	1	0	1736	(0.42259999999999998, 0.58709999999999996, 0)	../fonts/zerothre.ttf	upper
1279134242925	1	FR_PRES	3	CARPENTER	246	1	1	2329	(0.42259999999999998, 0.58709999999999996, 0)	../fonts/zerothre.ttf	upper
1279134246833	1	FR_PRES	3	THORN	1459	0	0	2261	(0.57740000000000002, 0.41289999999999999, 1.0)	../fonts/amplitud.ttf	lower
1279134251008	1	FR_PRES	3	FACTORY	548	0	1	2094	(0.57740000000000002, 0.41289999999999999, 1.0)	../fonts/amplitud.ttf	lower
1279134256816	1	REC_START
1279134291142	1	REJECT
1279134361624	0	REST
1279134363125	1	FR_PRES	4	CAULIFLOWER	262	0	0	1289	(0.57740000000000002, 0.41289999999999999, 1.0)	../fonts/amplitud.ttf	lower
1279134367083	1	FR_PRES	4	STADIUM	1364	0	1	1850	(0.57740000000000002, 0.41289999999999999, 1.0)	../fonts/amplitud.ttf	lower
1279134371207	1	FR_PRES	4	SCRIBBLE	1256	0	0	1766	(0.57740000000000002, 0.41289999999999999, 1.0)	../fonts/amplitud.ttf	lower
1279134375207	1	FR_PRES	4	SURVEY	1414	0	1	1816	(0.57740000000000002, 0.41289999999999999, 1.0)	../fonts/amplitud.ttf	lower
1279134379099	1	FR_PRES	4	TUBE	1516	0	0	1858	(0.57740000000000002, 0.41289999999999999, 1.0)	../fonts/amplitud.ttf	lower
1279134383307	1	FR_PRES	4	LIMB	822	1	0	2186	(0.42259999999999998, 0.58709999999999996, 0)	../fonts/zerothre.ttf	upper
1279134387456	1	FR_PRES	4	BONE	148	1	0	1990	(0.42259999999999998, 0.58709999999999996, 0)	../fonts/zerothre.ttf	upper
1279134391298	1	FR_PRES	4	MONUMENT	913	0	1	1363	(0.57740000000000002, 0.41289999999999999, 1.0)	../fonts/amplitud.ttf	lower
1279134395496	1	FR_PRES	4	DOVE	491	0	0	2229	(0.57740000000000002, 0.41289999999999999, 1.0)	../fonts/amplitud.ttf	lower
1279134399339	1	FR_PRES	4	WINGS	1614	0	0	1490	(0.57740000000000002, 0.41289999999999999, 1.0)	../fonts/amplitud.ttf	lower
1279134403447	1	FR_PRES	4	COACH	331	1	1	1238	(0.42259999999999998, 0.58709999999999996, 0)	../fonts/zerothre.ttf	upper
1279134407604	1	FR_PRES	4	CONDUCTOR	362	1	1	706	(0.42259999999999998, 0.58709999999999996, 0)	../fonts/zerothre.ttf	upper
1279134411487	1	FR_PRES	4	TYPEWRITER	1531	1	0	1711	(0.42259999999999998, 0.58709999999999996, 0)	../fonts/zerothre.ttf	upper
1279134415429	1	FR_PRES	4	PARSLEY	1016	1	0	1929	(0.42259999999999998, 0.58709999999999996, 0)	../fonts/zerothre.ttf	upper
1279134419412	1	FR_PRES	4	BEGGAR	117	1	1	1233	(0.42259999999999998, 0.58709999999999996, 0)	../fonts/zerothre.ttf	upper
1279134423245	1	FR_PRES	4	NERVE	944	1	0	1336	(0.42259999999999998, 0.58709999999999996, 0)	../fonts/zerothre.ttf	upper
1279134429062	1	REC_START
1279134467126	0	REJECT
1279134468701	0	REJECT
1279134477589	1	REJECT
1279134480629	0	REJECT
1279134482461	0	REJECT
1279134491469	0	REJECT
1279134492917	0	REJECT
1279134502127	0	REJECT
1279134503254	1	REJECT
1279134516754	0	REST
1279134518255	1	FR_PRES	5	CHIP	303	-1	-1	-1279134518255	white	../fonts/Verdana.ttf	upper
1279134522138	1	FR_PRES	5	SURGEON	1413	-1	-1	-1279134522138	white	../fonts/Verdana.ttf	upper
1279134526338	1	FR_PRES	5	SHIRT	1287	-1	-1	-1279134526338	white	../fonts/Verdana.ttf	upper
1279134530396	1	FR_PRES	5	BLOUSE	139	-1	-1	-1279134530396	white	../fonts/Verdana.ttf	upper
1279134534245	1	FR_PRES	5	PRIMATE	1123	-1	-1	-1279134534245	white	../fonts/Verdana.ttf	upper
1279134538212	1	FR_PRES	5	TAIL	1430	-1	-1	-1279134538212	white	../fonts/Verdana.ttf	upper
1279134542411	1	FR_PRES	5	VAMPIRE	1547	-1	-1	-1279134542411	white	../fonts/Verdana.ttf	upper
1279134546236	1	FR_PRES	5	BODY	145	-1	-1	-1279134546236	white	../fonts/Verdana.ttf	upper
1279134550302	1	FR_PRES	5	HIP	710	-1	-1	-1279134550302	white	../fonts/Verdana.ttf	upper
1279134554119	1	FR_PRES	5	FIDDLE	561	-1	-1	-1279134554119	white	../fonts/Verdana.ttf	upper
1279134558252	1	FR_PRES	5	ERASER	538	-1	-1	-1279134558252	white	../fonts/Verdana.ttf	upper
1279134562185	1	FR_PRES	5	STATUE	1374	-1	-1	-1279134562185	white	../fonts/Verdana.ttf	upper
1279134566085	1	FR_PRES	5	PEBBLE	1035	-1	-1	-1279134566085	white	../fonts/Verdana.ttf	upper
1279134570000	1	FR_PRES	5	VET	1560	-1	-1	-1279134570000	white	../fonts/Verdana.ttf	upper
1279134574192	1	FR_PRES	5	ZOO	1637	-1	-1	-1279134574192	white	../fonts/Verdana.ttf	upper
1279134578217	1	FR_PRES	5	BOARD	143	-1	-1	-1279134578217	white	../fonts/Verdana.ttf	upper
1279134583833	1	REC_START
1279134631014	1	REJECT
1279134631741	0	REJECT
1279134633158	0	REJECT
1279134635374	0	REJECT
1279134638477	0	REJECT
1279134639294	1	REJECT
1279134642159	0	REJECT
1279134643541	1	REJECT
1279134647870	0	REJECT
1279134666776	0	REST
1279134668277	1	FR_PRES	6	BEARD	107	0	0	857	(0.57740000000000002, 0.41289999999999999, 1.0)	../fonts/amplitud.ttf	lower
1279134672410	1	FR_PRES	6	CHERRY	293	0	0	1732	(0.57740000000000002, 0.41289999999999999, 1.0)	../fonts/amplitud.ttf	lower
1279134676435	1	FR_PRES	6	CATCHER	258	0	1	1916	(0.57740000000000002, 0.41289999999999999, 1.0)	../fonts/amplitud.ttf	lower
1279134680326	1	FR_PRES	6	LASER	801	0	0	1976	(0.57740000000000002, 0.41289999999999999, 1.0)	../fonts/amplitud.ttf	lower
1279134684426	1	FR_PRES	6	SPRINKLE	1359	0	0	1836	(0.57740000000000002, 0.41289999999999999, 1.0)	../fonts/amplitud.ttf	lower
1279134688641	1	FR_PRES	6	SUBMARINE	1398	0	1	1356	(0.57740000000000002, 0.41289999999999999, 1.0)	../fonts/amplitud.ttf	lower
1279134692657	1	FR_PRES	6	CASHIER	254	0	1	1277	(0.57740000000000002, 0.41289999999999999, 1.0)	../fonts/amplitud.ttf	lower
1279134696757	1	FR_PRES	6	SCALE	1241	0	0	2306	(0.57740000000000002, 0.41289999999999999, 1.0)	../fonts/amplitud.ttf	lower
1279134700673	1	FR_PRES	6	PUPPY	1144	0	0	2382	(0.57740000000000002, 0.41289999999999999, 1.0)	../fonts/amplitud.ttf	lower
1279134704773	1	FR_PRES	6	WHISKERS	1605	0	0	1442	(0.57740000000000002, 0.41289999999999999, 1.0)	../fonts/amplitud.ttf	lower
1279134708939	1	FR_PRES	6	CHEST	295	0	0	2530	(0.57740000000000002, 0.41289999999999999, 1.0)	../fonts/amplitud.ttf	lower
1279134712939	1	FR_PRES	6	SALOON	1228	0	1	2075	(0.57740000000000002, 0.41289999999999999, 1.0)	../fonts/amplitud.ttf	lower
1279134716822	1	FR_PRES	6	VEHICLE	1553	0	1	1248	(0.57740000000000002, 0.41289999999999999, 1.0)	../fonts/amplitud.ttf	lower
1279134720830	1	FR_PRES	6	STY	1397	0	1	1887	(0.57740000000000002, 0.41289999999999999, 1.0)	../fonts/amplitud.ttf	lower
1279134724855	1	FR_PRES	6	DAUGHTER	442	0	1	1223	(0.57740000000000002, 0.41289999999999999, 1.0)	../fonts/amplitud.ttf	lower
1279134728721	1	FR_PRES	6	MOTHER	921	0	1	908	(0.57740000000000002, 0.41289999999999999, 1.0)	../fonts/amplitud.ttf	lower
1279134734513	1	REC_START
1279134767926	0	REJECT
1279134768512	29	REJECT
1279134773782	0	REJECT
1279134774455	0	REJECT
1279134777598	0	REJECT
1279134778950	0	REJECT
1279134781110	1	REJECT
1279134781765	0	REJECT
1279134786383	0	REJECT
1279134790677	1	REJECT
1279134796278	1	REJECT
1279134808877	1	REJECT
1279134823024	0	REST
1279134824531	1	FR_PRES	7	SARDINE	1235	0	0	788	(0.57740000000000002, 0.41289999999999999, 1.0)	../fonts/amplitud.ttf	lower
1279134828614	1	FR_PRES	7	POLYESTER	1100	0	0	1593	(0.57740000000000002, 0.41289999999999999, 1.0)	../fonts/amplitud.ttf	lower
1279134832630	1	FR_PRES	7	CLOSET	326	0	1	1665	(0.57740000000000002, 0.41289999999999999, 1.0)	../fonts/amplitud.ttf	lower
1279134836722	1	FR_PRES	7	CHIMPANZEE	302	0	1	1755	(0.57740000000000002, 0.41289999999999999, 1.0)	../fonts/amplitud.ttf	lower
1279134840755	1	FR_PRES	7	TOMB	1477	0	1	1676	(0.57740000000000002, 0.41289999999999999, 1.0)	../fonts/amplitud.ttf	lower
1279134844938	1	FR_PRES	7	SHRINE	1298	0	0	2620	(0.57740000000000002, 0.41289999999999999, 1.0)	../fonts/amplitud.ttf	lower
1279134849047	1	FR_PRES	7	TOWEL	1489	0	1	1727	(0.57740000000000002, 0.41289999999999999, 1.0)	../fonts/amplitud.ttf	lower
1279134852920	1	FR_PRES	7	CRAB	397	0	0	1694	(0.57740000000000002, 0.41289999999999999, 1.0)	../fonts/amplitud.ttf	lower
1279134857054	1	FR_PRES	7	RASH	1167	0	1	1751	(0.57740000000000002, 0.41289999999999999, 1.0)	../fonts/amplitud.ttf	lower
1279134860886	1	FR_PRES	7	SLIDE	1326	0	0	2104	(0.57740000000000002, 0.41289999999999999, 1.0)	../fonts/amplitud.ttf	lower
1279134865004	1	FR_PRES	7	BATH	98	0	0	2051	(0.57740000000000002, 0.41289999999999999, 1.0)	../fonts/amplitud.ttf	lower
1279134868994	1	FR_PRES	7	STEAM	1375	0	0	1508	(0.57740000000000002, 0.41289999999999999, 1.0)	../fonts/amplitud.ttf	lower
1279134872835	1	FR_PRES	7	COUNTRY	388	0	0	2155	(0.57740000000000002, 0.41289999999999999, 1.0)	../fonts/amplitud.ttf	lower
1279134876660	1	FR_PRES	7	CATERPILLAR	259	0	0	2643	(0.57740000000000002, 0.41289999999999999, 1.0)	../fonts/amplitud.ttf	lower
1279134880843	1	FR_PRES	7	SPIDER	1351	0	0	1018	(0.57740000000000002, 0.41289999999999999, 1.0)	../fonts/amplitud.ttf	lower
1279134884935	1	FR_PRES	7	ICE	730	0	0	1639	(0.57740000000000002, 0.41289999999999999, 1.0)	../fonts/amplitud.ttf	lower
1279134890810	1	REC_START
1279134968737	0	REST
1279134970237	1	FR_PRES	8	REFEREE	1178	1	1	705	(0.42259999999999998, 0.58709999999999996, 0)	../fonts/zerothre.ttf	upper
1279134974145	1	FR_PRES	8	RACKET	1155	1	0	2053	(0.42259999999999998, 0.58709999999999996, 0)	../fonts/zerothre.ttf	upper
1279134977994	1	FR_PRES	8	OCEAN	970	1	1	2269	(0.42259999999999998, 0.58709999999999996, 0)	../fonts/zerothre.ttf	upper
1279134981886	1	FR_PRES	8	SOAP	1337	1	0	1648	(0.42259999999999998, 0.58709999999999996, 0)	../fonts/zerothre.ttf	upper
1279134985977	1	FR_PRES	8	BATHTUB	100	1	0	1693	(0.42259999999999998, 0.58709999999999996, 0)	../fonts/zerothre.ttf	upper
1279134990003	1	FR_PRES	8	POLICE	1098	1	1	1867	(0.42259999999999998, 0.58709999999999996, 0)	../fonts/zerothre.ttf	upper
1279134993935	1	FR_PRES	8	SPY	1360	1	1	1303	(0.42259999999999998, 0.58709999999999996, 0)	../fonts/zerothre.ttf	upper
1279134998110	1	FR_PRES	8	ATMOSPHERE	54	1	0	2216	(0.42259999999999998, 0.58709999999999996, 0)	../fonts/zerothre.ttf	upper
1279135002210	1	FR_PRES	8	REPTILE	1185	1	1	1981	(0.42259999999999998, 0.58709999999999996, 0)	../fonts/zerothre.ttf	upper
1279135006251	1	FR_PRES	8	HAMMER	680	1	0	2707	(0.42259999999999998, 0.58709999999999996, 0)	../fonts/zerothre.ttf	upper
1279135010351	1	FR_PRES	8	WRENCH	1625	1	0	1367	(0.42259999999999998, 0.58709999999999996, 0)	../fonts/zerothre.ttf	upper
1279135014251	1	FR_PRES	8	PORT	1110	1	0	2499	(0.42259999999999998, 0.58709999999999996, 0)	../fonts/zerothre.ttf	upper
1279135018300	1	FR_PRES	8	DISHWASHER	475	1	1	1995	(0.42259999999999998, 0.58709999999999996, 0)	../fonts/zerothre.ttf	upper
1279135022325	1	FR_PRES	8	DIAL	457	1	0	2393	(0.42259999999999998, 0.58709999999999996, 0)	../fonts/zerothre.ttf	upper
1279135026250	1	FR_PRES	8	MISTER	901	1	1	2020	(0.42259999999999998, 0.58709999999999996, 0)	../fonts/zerothre.ttf	upper
1279135030300	1	FR_PRES	8	MOAT	903	1	0	1681	(0.42259999999999998, 0.58709999999999996, 0)	../fonts/zerothre.ttf	upper
1279135036042	1	REC_START
1279135078662	0	REJECT
1279135079589	1	REJECT
1279135102303	0	REJECT
1279135102981	1	REJECT
1279135104294	1	REJECT
1279135105821	1	REJECT
1279135106621	1	REJECT
1279135109351	0	REJECT
1279135110590	0	REJECT
1279135114143	0	REST
1279135115651	1	FR_PRES	9	MULE	931	1	1	915	(0.42259999999999998, 0.58709999999999996, 0)	../fonts/zerothre.ttf	upper
1279135119792	1	FR_PRES	9	SHEET	1279	1	0	1774	(0.42259999999999998, 0.58709999999999996, 0)	../fonts/zerothre.ttf	upper
1279135123967	1	FR_PRES	9	BLACKBERRY	132	0	0	1663	(0.57740000000000002, 0.41289999999999999, 1.0)	../fonts/amplitud.ttf	lower
1279135128176	1	FR_PRES	9	SPOUSE	1358	0	1	1574	(0.57740000000000002, 0.41289999999999999, 1.0)	../fonts/amplitud.ttf	lower
1279135132300	1	FR_PRES	9	SIDEWALK	1303	0	1	1867	(0.57740000000000002, 0.41289999999999999, 1.0)	../fonts/amplitud.ttf	lower
1279135136175	1	FR_PRES	9	BLOCKADE	137	1	0	2992	(0.42259999999999998, 0.58709999999999996, 0)	../fonts/zerothre.ttf	upper
1279135140033	1	FR_PRES	9	PEACH	1031	1	0	1965	(0.42259999999999998, 0.58709999999999996, 0)	../fonts/zerothre.ttf	upper
1279135143915	1	FR_PRES	9	FIREPLACE	570	1	0	1939	(0.42259999999999998, 0.58709999999999996, 0)	../fonts/zerothre.ttf	upper
1279135147790	1	FR_PRES	9	AGENT	10	1	1	976	(0.42259999999999998, 0.58709999999999996, 0)	../fonts/zerothre.ttf	upper
1279135151623	1	FR_PRES	9	GOLD	647	1	0	1927	(0.42259999999999998, 0.58709999999999996, 0)	../fonts/zerothre.ttf	upper
1279135155764	1	FR_PRES	9	RANCH	1166	1	0	2178	(0.42259999999999998, 0.58709999999999996, 0)	../fonts/zerothre.ttf	upper
1279135159897	1	FR_PRES	9	BUG	187	0	0	1885	(0.57740000000000002, 0.41289999999999999, 1.0)	../fonts/amplitud.ttf	lower
1279135163714	1	FR_PRES	9	TERMITE	1451	0	0	908	(0.57740000000000002, 0.41289999999999999, 1.0)	../fonts/amplitud.ttf	lower
1279135167838	1	FR_PRES	9	NAPKIN	937	0	0	1040	(0.57740000000000002, 0.41289999999999999, 1.0)	../fonts/amplitud.ttf	lower
1279135171680	1	FR_PRES	9	SHOWER	1296	0	0	2343	(0.57740000000000002, 0.41289999999999999, 1.0)	../fonts/amplitud.ttf	lower
1279135175563	1	FR_PRES	9	BOOK	149	0	0	1876	(0.57740000000000002, 0.41289999999999999, 1.0)	../fonts/amplitud.ttf	lower
1279135181513	1	REC_START
1279135258648	0	REST
1279135260149	1	FR_PRES	10	BEET	115	1	0	954	(0.42259999999999998, 0.58709999999999996, 0)	../fonts/zerothre.ttf	upper
1279135264190	1	FR_PRES	10	BANDANNA	80	1	0	1153	(0.42259999999999998, 0.58709999999999996, 0)	../fonts/zerothre.ttf	upper
1279135268323	1	FR_PRES	10	HERO	706	1	0	1163	(0.42259999999999998, 0.58709999999999996, 0)	../fonts/zerothre.ttf	upper
1279135272505	1	FR_PRES	10	PIT	1077	0	0	2221	(0.57740000000000002, 0.41289999999999999, 1.0)	../fonts/amplitud.ttf	lower
1279135276647	1	FR_PRES	10	CELLAR	267	0	1	1687	(0.57740000000000002, 0.41289999999999999, 1.0)	../fonts/amplitud.ttf	lower
1279135280471	1	FR_PRES	10	BEVERAGE	123	1	0	1680	(0.42259999999999998, 0.58709999999999996, 0)	../fonts/zerothre.ttf	upper
1279135284356	1	FR_PRES	10	LOUNGE	845	1	0	1723	(0.42259999999999998, 0.58709999999999996, 0)	../fonts/zerothre.ttf	upper
1279135288189	1	FR_PRES	10	DIGGER	464	1	1	1665	(0.42259999999999998, 0.58709999999999996, 0)	../fonts/zerothre.ttf	upper
1279135292122	1	FR_PRES	10	CONVICT	371	0	1	1941	(0.57740000000000002, 0.41289999999999999, 1.0)	../fonts/amplitud.ttf	lower
1279135296246	1	FR_PRES	10	ENVELOPE	537	0	0	1648	(0.57740000000000002, 0.41289999999999999, 1.0)	../fonts/amplitud.ttf	lower
1279135300388	1	FR_PRES	10	RAISIN	1163	0	0	1338	(0.57740000000000002, 0.41289999999999999, 1.0)	../fonts/amplitud.ttf	lower
1279135304520	1	FR_PRES	10	LIMOUSINE	824	0	1	1495	(0.57740000000000002, 0.41289999999999999, 1.0)	../fonts/amplitud.ttf	lower
1279135308711	1	FR_PRES	10	TAXI	1438	0	1	1664	(0.57740000000000002, 0.41289999999999999, 1.0)	../fonts/amplitud.ttf	lower
1279135312836	1	FR_PRES	10	MOOSE	915	0	0	2195	(0.57740000000000002, 0.41289999999999999, 1.0)	../fonts/amplitud.ttf	lower
1279135316794	1	FR_PRES	10	DUCK	504	1	1	1389	(0.42259999999999998, 0.58709999999999996, 0)	../fonts/zerothre.ttf	upper
1279135320968	1	FR_PRES	10	HOSTAGE	722	1	1	1175	(0.42259999999999998, 0.58709999999999996, 0)	../fonts/zerothre.ttf	upper
1279135326885	1	REC_START
1279135404363	0	REST
1279135405870	1	FR_PRES	11	PLUM	1090	-1	-1	-1279135405870	white	../fonts/Verdana.ttf	upper
1279135409762	1	FR_PRES	11	MOSS	918	-1	-1	-1279135409762	white	../fonts/Verdana.ttf	upper
1279135413961	1	FR_PRES	11	ORGAN	984	-1	-1	-1279135413961	white	../fonts/Verdana.ttf	upper
1279135417986	1	FR_PRES	11	PEPPER	1047	-1	-1	-1279135417986	white	../fonts/Verdana.ttf	upper
1279135422062	1	FR_PRES	11	CELLO	268	-1	-1	-1279135422062	white	../fonts/Verdana.ttf	upper
1279135425902	1	FR_PRES	11	BRAKE	166	-1	-1	-1279135425902	white	../fonts/Verdana.ttf	upper
1279135429752	1	FR_PRES	11	SALT	1229	-1	-1	-1279135429752	white	../fonts/Verdana.ttf	upper
1279135433618	1	FR_PRES	11	COMPUTER	359	-1	-1	-1279135433618	white	../fonts/Verdana.ttf	upper
1279135437685	1	FR_PRES	11	GLOVE	642	-1	-1	-1279135437685	white	../fonts/Verdana.ttf	upper
1279135441768	1	FR_PRES	11	SCULPTURE	1258	-1	-1	-1279135441768	white	../fonts/Verdana.ttf	upper
1279135445734	1	FR_PRES	11	INVENTOR	743	-1	-1	-1279135445734	white	../fonts/Verdana.ttf	upper
1279135449767	1	FR_PRES	11	BASKETBALL	96	-1	-1	-1279135449767	white	../fonts/Verdana.ttf	upper
1279135453733	1	FR_PRES	11	SOFTBALL	1343	-1	-1	-1279135453733	white	../fonts/Verdana.ttf	upper
1279135457658	1	FR_PRES	11	BRUISE	180	-1	-1	-1279135457658	white	../fonts/Verdana.ttf	upper
1279135461583	1	FR_PRES	11	QUARTER	1148	-1	-1	-1279135461583	white	../fonts/Verdana.ttf	upper
1279135465566	1	FR_PRES	11	RADIO	1157	-1	-1	-1279135465566	white	../fonts/Verdana.ttf	upper
1279135471192	1	REC_START
1279135546776	1	REST_REWET
1279135781201	0	REST
1279135782709	1	FR_PRES	12	HOSTESS	723	1	1	905	(0.42259999999999998, 0.58709999999999996, 0)	../fonts/zerothre.ttf	upper
1279135786792	1	FR_PRES	12	TONGUE	1479	1	0	1367	(0.42259999999999998, 0.58709999999999996, 0)	../fonts/zerothre.ttf	upper
1279135790608	1	FR_PRES	12	FATHER	554	1	1	1086	(0.42259999999999998, 0.58709999999999996, 0)	../fonts/zerothre.ttf	upper
1279135794766	1	FR_PRES	12	FAMILY	550	1	1	992	(0.42259999999999998, 0.58709999999999996, 0)	../fonts/zerothre.ttf	upper
1279135798791	1	FR_PRES	12	GOOSE	649	1	1	1512	(0.42259999999999998, 0.58709999999999996, 0)	../fonts/zerothre.ttf	upper
1279135802999	1	FR_PRES	12	PRAIRIE	1118	1	0	1847	(0.42259999999999998, 0.58709999999999996, 0)	../fonts/zerothre.ttf	upper
1279135806957	1	FR_PRES	12	VILLAIN	1567	1	1	2178	(0.42259999999999998, 0.58709999999999996, 0)	../fonts/zerothre.ttf	upper
1279135810973	1	FR_PRES	12	POND	1101	1	1	2442	(0.42259999999999998, 0.58709999999999996, 0)	../fonts/zerothre.ttf	upper
1279135814973	1	FR_PRES	12	PRISONER	1128	1	1	1226	(0.42259999999999998, 0.58709999999999996, 0)	../fonts/zerothre.ttf	upper
1279135818914	1	FR_PRES	12	VICTIM	1562	1	1	1429	(0.42259999999999998, 0.58709999999999996, 0)	../fonts/zerothre.ttf	upper
1279135823015	1	FR_PRES	12	BARK	87	1	0	2072	(0.42259999999999998, 0.58709999999999996, 0)	../fonts/zerothre.ttf	upper
1279135827056	1	FR_PRES	12	STAMP	1370	1	0	1710	(0.42259999999999998, 0.58709999999999996, 0)	../fonts/zerothre.ttf	upper
1279135830872	1	FR_PRES	12	MUFFIN	929	1	0	1950	(0.42259999999999998, 0.58709999999999996, 0)	../fonts/zerothre.ttf	upper
1279135834888	1	FR_PRES	12	BUN	197	1	0	2191	(0.42259999999999998, 0.58709999999999996, 0)	../fonts/zerothre.ttf	upper
1279135838988	1	FR_PRES	12	LIST	830	1	0	1387	(0.42259999999999998, 0.58709999999999996, 0)	../fonts/zerothre.ttf	upper
1279135843138	1	FR_PRES	12	DEPARTMENT	449	1	1	1476	(0.42259999999999998, 0.58709999999999996, 0)	../fonts/zerothre.ttf	upper
1279135848921	1	REC_START
1279135931889	0	REST
1279135933390	1	FR_PRES	13	SLEIGH	1325	1	0	1049	(0.42259999999999998, 0.58709999999999996, 0)	../fonts/zerothre.ttf	upper
1279135937431	1	FR_PRES	13	STOCKING	1383	1	0	1391	(0.42259999999999998, 0.58709999999999996, 0)	../fonts/zerothre.ttf	upper
1279135941547	1	FR_PRES	13	SILK	1307	1	0	1620	(0.42259999999999998, 0.58709999999999996, 0)	../fonts/zerothre.ttf	upper
1279135945439	1	FR_PRES	13	SKIN	1318	1	0	1816	(0.42259999999999998, 0.58709999999999996, 0)	../fonts/zerothre.ttf	upper
1279135949488	1	FR_PRES	13	FACE	547	1	0	1743	(0.42259999999999998, 0.58709999999999996, 0)	../fonts/zerothre.ttf	upper
1279135953671	1	FR_PRES	13	POISON	1096	1	0	1207	(0.42259999999999998, 0.58709999999999996, 0)	../fonts/zerothre.ttf	upper
1279135957704	1	FR_PRES	13	CLOUD	328	1	0	1415	(0.42259999999999998, 0.58709999999999996, 0)	../fonts/zerothre.ttf	upper
1279135961554	1	FR_PRES	13	INDIAN	736	1	1	2004	(0.42259999999999998, 0.58709999999999996, 0)	../fonts/zerothre.ttf	upper
1279135965536	1	FR_PRES	13	PADDING	999	1	1	1799	(0.42259999999999998, 0.58709999999999996, 0)	../fonts/zerothre.ttf	upper
1279135969661	1	FR_PRES	13	HERD	705	1	0	1801	(0.42259999999999998, 0.58709999999999996, 0)	../fonts/zerothre.ttf	upper
1279135973653	1	FR_PRES	13	SHED	1277	1	0	2626	(0.42259999999999998, 0.58709999999999996, 0)	../fonts/zerothre.ttf	upper
1279135977827	1	FR_PRES	13	SERPENT	1270	1	0	2003	(0.42259999999999998, 0.58709999999999996, 0)	../fonts/zerothre.ttf	upper
1279135981710	1	FR_PRES	13	CUB	419	1	1	1760	(0.42259999999999998, 0.58709999999999996, 0)	../fonts/zerothre.ttf	upper
1279135985585	1	FR_PRES	13	MARSH	874	1	0	2430	(0.42259999999999998, 0.58709999999999996, 0)	../fonts/zerothre.ttf	upper
1279135989743	1	FR_PRES	13	MOWER	928	1	0	2071	(0.42259999999999998, 0.58709999999999996, 0)	../fonts/zerothre.ttf	upper
1279135993943	1	FR_PRES	13	FARM	552	1	0	1352	(0.42259999999999998, 0.58709999999999996, 0)	../fonts/zerothre.ttf	upper
1279135999901	1	REC_START
1279136078254	0	REST
1279136079761	1	FR_PRES	14	OX	994	0	1	630	(0.57740000000000002, 0.41289999999999999, 1.0)	../fonts/amplitud.ttf	lower
1279136083594	1	FR_PRES	14	SHELF	1280	0	0	2372	(0.57740000000000002, 0.41289999999999999, 1.0)	../fonts/amplitud.ttf	lower
1279136087569	1	FR_PRES	14	YOUTH	1634	0	0	1614	(0.57740000000000002, 0.41289999999999999, 1.0)	../fonts/amplitud.ttf	lower
1279136091644	1	FR_PRES	14	WORM	1623	0	0	1795	(0.57740000000000002, 0.41289999999999999, 1.0)	../fonts/amplitud.ttf	lower
1279136095835	1	FR_PRES	14	SNAKE	1333	0	0	1995	(0.57740000000000002, 0.41289999999999999, 1.0)	../fonts/amplitud.ttf	lower
1279136099718	1	FR_PRES	14	POPCORN	1104	0	0	1792	(0.57740000000000002, 0.41289999999999999, 1.0)	../fonts/amplitud.ttf	lower
1279136103651	1	FR_PRES	14	GREASE	660	0	0	851	(0.57740000000000002, 0.41289999999999999, 1.0)	../fonts/amplitud.ttf	lower
1279136107617	1	FR_PRES	14	GIRAFFE	636	0	1	1470	(0.57740000000000002, 0.41289999999999999, 1.0)	../fonts/amplitud.ttf	lower
1279136111460	1	FR_PRES	14	BABY	64	0	0	2563	(0.57740000000000002, 0.41289999999999999, 1.0)	../fonts/amplitud.ttf	lower
1279136115592	1	FR_PRES	14	UNIVERSE	1540	0	1	1703	(0.57740000000000002, 0.41289999999999999, 1.0)	../fonts/amplitud.ttf	lower
1279136119426	1	FR_PRES	14	PROFESSIONAL	1130	0	1	1829	(0.57740000000000002, 0.41289999999999999, 1.0)	../fonts/amplitud.ttf	lower
1279136123533	1	FR_PRES	14	KITCHEN	778	0	1	1993	(0.57740000000000002, 0.41289999999999999, 1.0)	../fonts/amplitud.ttf	lower
1279136127699	1	FR_PRES	14	COOK	372	0	1	2203	(0.57740000000000002, 0.41289999999999999, 1.0)	../fonts/amplitud.ttf	lower
1279136131716	1	FR_PRES	14	ADOLESCENT	7	0	1	2411	(0.57740000000000002, 0.41289999999999999, 1.0)	../fonts/amplitud.ttf	lower
1279136135832	1	FR_PRES	14	TICK	1463	0	0	1990	(0.57740000000000002, 0.41289999999999999, 1.0)	../fonts/amplitud.ttf	lower
1279136139857	1	FR_PRES	14	ALMANAC	17	0	0	1981	(0.57740000000000002, 0.41289999999999999, 1.0)	../fonts/amplitud.ttf	lower
1279136145932	1	REC_START
1279136222951	0	REST
1279136224451	1	FR_PRES	15	SEAT	1264	-1	-1	-1279136224451	white	../fonts/Verdana.ttf	upper
1279136228326	1	FR_PRES	15	STOOL	1386	-1	-1	-1279136228326	white	../fonts/Verdana.ttf	upper
1279136232251	1	FR_PRES	15	OZONE	996	-1	-1	-1279136232251	white	../fonts/Verdana.ttf	upper
1279136236409	1	FR_PRES	15	SHELTER	1282	-1	-1	-1279136236409	white	../fonts/Verdana.ttf	upper
1279136240233	1	FR_PRES	15	WEED	1599	-1	-1	-1279136240233	white	../fonts/Verdana.ttf	upper
1279136244250	1	FR_PRES	15	TERRITORY	1452	-1	-1	-1279136244250	white	../fonts/Verdana.ttf	upper
1279136248158	1	FR_PRES	15	FREEZER	604	-1	-1	-1279136248158	white	../fonts/Verdana.ttf	upper
1279136252008	1	FR_PRES	15	UMBRELLA	1534	-1	-1	-1279136252008	white	../fonts/Verdana.ttf	upper
1279136256024	1	FR_PRES	15	CANYON	235	-1	-1	-1279136256024	white	../fonts/Verdana.ttf	upper
1279136260065	1	FR_PRES	15	KEG	770	-1	-1	-1279136260065	white	../fonts/Verdana.ttf	upper
1279136264132	1	FR_PRES	15	RUM	1217	-1	-1	-1279136264132	white	../fonts/Verdana.ttf	upper
1279136268056	1	FR_PRES	15	WIRE	1616	-1	-1	-1279136268056	white	../fonts/Verdana.ttf	upper
1279136271980	1	FR_PRES	15	SEED	1266	-1	-1	-1279136271980	white	../fonts/Verdana.ttf	upper
1279136275946	1	FR_PRES	15	TREAD	1499	-1	-1	-1279136275946	white	../fonts/Verdana.ttf	upper
1279136280055	1	FR_PRES	15	KIDNEY	776	-1	-1	-1279136280055	white	../fonts/Verdana.ttf	upper
1279136283979	1	FR_PRES	15	FROST	609	-1	-1	-1279136283979	white	../fonts/Verdana.ttf	upper
1279136289796	1	REC_START
1279136337590	0	REJECT
1279136338782	0	REJECT
1279136356982	0	REJECT
1279136358774	0	REJECT
1279136359806	30	REJECT
1279136381747	0	RECOG_START
1279136381748	1	REC_START
1279136381780	0	RECOG_PRES	0	KITCHEN	778	-999	P	2515
1279136384663	0	RECOG_CR_PRES	0	KITCHEN	778	-999	P	1023
1279136386064	1	RECOG_FEEDBACK	1
1279136386813	0	RECOG_PRES	0	DART	440	-999	P	1065
1279136388239	0	RECOG_CR_PRES	0	DART	440	-999	P	176
1279136388713	1	RECOG_FEEDBACK	1
1279136389439	0	RECOG_PRES	0	FACTORY	548	-999	P	874
1279136390713	0	RECOG_CR_PRES	0	FACTORY	548	-999	P	101
1279136391114	1	RECOG_FEEDBACK	1
1279136391896	0	RECOG_PRES	0	PARTNER	1017	-999	P	1423
1279136393688	0	RECOG_CR_PRES	0	PARTNER	1017	-999	P	78
1279136394080	1	RECOG_FEEDBACK	1
1279136394804	0	RECOG_PRES	0	HAWK	692	-999	P	1050
1279136396222	0	RECOG_CR_PRES	0	HAWK	692	-999	P	57
1279136396579	1	RECOG_FEEDBACK	1
1279136397330	0	RECOG_PRES	0	ENVELOPE	537	-999	P	949
1279136398654	0	RECOG_CR_PRES	0	ENVELOPE	537	-999	P	72
1279136399005	1	RECOG_FEEDBACK	1
1279136399787	0	RECOG_PRES	0	WASP	1593	-999	P	859
1279136401013	0	RECOG_CR_PRES	0	WASP	1593	-999	P	66
1279136401363	1	RECOG_FEEDBACK	1
1279136402088	0	RECOG_PRES	0	OBOE	969	-999	P	822
1279136403271	0	RECOG_CR_PRES	0	OBOE	969	-999	P	24
1279136403578	1	RECOG_FEEDBACK	1
1279136404346	0	RECOG_PRES	0	FLASK	576	-999	P	797
1279136405512	0	RECOG_CR_PRES	0	FLASK	576	-999	P	86
1279136405878	1	RECOG_FEEDBACK	1
1279136406637	0	RECOG_PRES	0	DISHWASHER	475	-999	P	833
1279136407836	0	RECOG_CR_PRES	0	DISHWASHER	475	-999	P	130
1279136408254	1	RECOG_FEEDBACK	1
1279136409029	0	RECOG_PRES	0	CASHIER	254	-999	P	889
1279136410279	0	RECOG_CR_PRES	0	CASHIER	254	-999	P	96
1279136410661	1	RECOG_FEEDBACK	1
1279136411387	0	RECOG_PRES	0	PATH	1023	-999	P	1363
1279136413112	0	RECOG_CR_PRES	0	PATH	1023	-999	P	95
1279136413511	1	RECOG_FEEDBACK	1
1279136414295	0	RECOG_PRES	0	BOOK	149	-999	P	880
1279136415544	0	RECOG_CR_PRES	0	BOOK	149	-999	P	86
1279136415919	1	RECOG_FEEDBACK	1
1279136416711	0	RECOG_PRES	0	LASER	801	-999	P	1223
1279136418295	0	RECOG_CR_PRES	0	LASER	801	-999	P	112
1279136418711	1	RECOG_FEEDBACK	1
1279136419445	0	RECOG_PRES	0	TICKET	1464	-999	P	1002
1279136420819	0	RECOG_CR_PRES	0	TICKET	1464	-999	P	59
1279136421170	1	RECOG_FEEDBACK	1
1279136421919	0	RECOG_PRES	0	CASHEW	253	-999	P	887
1279136423170	0	RECOG_CR_PRES	0	CASHEW	253	-999	P	85
1279136423544	1	RECOG_FEEDBACK	1
1279136424320	0	RECOG_PRES	0	CATERPILLAR	259	-999	P	855
1279136425544	0	RECOG_CR_PRES	0	CATERPILLAR	259	-999	P	78
1279136425910	1	RECOG_FEEDBACK	1
1279136426677	0	RECOG_PRES	0	JUG	762	-999	P	825
1279136427877	0	RECOG_CR_PRES	0	JUG	762	-999	P	97
1279136428253	1	RECOG_FEEDBACK	1
1279136428985	0	RECOG_PRES	0	DINNER	468	-999	P	1997
1279136431344	0	RECOG_CR_PRES	0	DINNER	468	-999	P	71
1279136431735	1	RECOG_FEEDBACK	1
1279136432510	0	RECOG_PRES	0	CAULIFLOWER	262	-999	P	929
1279136433810	0	RECOG_CR_PRES	0	CAULIFLOWER	262	-999	P	84
1279136434194	1	RECOG_FEEDBACK	1
1279136438285	0	REST
1279136439149	1	REC_START
1279136439185	0	RECOG_PRES	1	ANTLER	29	-999	P	998
1279136440551	0	RECOG_CR_PRES	1	ANTLER	29	-999	P	135
1279136440976	1	RECOG_FEEDBACK	1
1279136441734	0	RECOG_PRES	1	MAILBOX	857	-999	P	832
1279136442942	0	RECOG_CR_PRES	1	MAILBOX	857	-999	P	89
1279136443318	1	RECOG_FEEDBACK	1
1279136444051	0	RECOG_PRES	1	KETTLE	772	-999	P	956
1279136445376	0	RECOG_CR_PRES	1	KETTLE	772	-999	P	79
1279136445750	1	RECOG_FEEDBACK	1
1279136446492	0	RECOG_PRES	1	CART	250	-999	P	915
1279136447775	0	RECOG_CR_PRES	1	CART	250	-999	P	63
1279136448126	1	RECOG_FEEDBACK	1
1279136448858	0	RECOG_PRES	1	DUCK	504	-999	P	804
1279136450026	0	RECOG_CR_PRES	1	DUCK	504	-999	P	101
1279136450418	1	RECOG_FEEDBACK	1
1279136451151	0	RECOG_PRES	1	LADY	794	-999	P	3256
1279136454775	0	RECOG_CR_PRES	1	LADY	794	-999	P	119
1279136455259	1	RECOG_FEEDBACK	0
1279136456042	0	RECOG_PRES	1	BRUISE	180	-999	P	2636
1279136459042	0	RECOG_CR_PRES	1	BRUISE	180	-999	P	93
1279136459466	1	RECOG_FEEDBACK	1
1279136460259	0	RECOG_PRES	1	OINTMENT	974	-999	P	1764
1279136462383	0	RECOG_CR_PRES	1	OINTMENT	974	-999	P	79
1279136462774	1	RECOG_FEEDBACK	1
1279136463574	0	RECOG_PRES	1	BODY	145	-999	P	1072
1279136465008	0	RECOG_CR_PRES	1	BODY	145	-999	P	55
1279136465358	1	RECOG_FEEDBACK	1
1279136466100	0	RECOG_PRES	1	VAMPIRE	1547	-999	P	858
1279136467325	0	RECOG_CR_PRES	1	VAMPIRE	1547	-999	P	106
1279136467715	1	RECOG_FEEDBACK	1
1279136468441	0	RECOG_PRES	1	SHEET	1279	-999	P	870
1279136469682	0	RECOG_CR_PRES	1	SHEET	1279	-999	P	60
1279136470024	1	RECOG_FEEDBACK	1
1279136470765	0	RECOG_PRES	1	MOAT	903	-999	P	769
1279136471915	0	RECOG_CR_PRES	1	MOAT	903	-999	P	51
1279136472258	1	RECOG_FEEDBACK	1
1279136473024	0	RECOG_PRES	1	LEOPARD	812	-999	P	822
1279136474207	0	RECOG_CR_PRES	1	LEOPARD	812	-999	P	80
1279136474573	1	RECOG_FEEDBACK	1
1279136475307	0	RECOG_PRES	1	BACON	67	-999	P	1060
1279136476740	0	RECOG_CR_PRES	1	BACON	67	-999	P	82
1279136477124	1	RECOG_FEEDBACK	1
1279136477915	0	RECOG_PRES	1	CAB	209	-999	P	939
1279136479215	0	RECOG_CR_PRES	1	CAB	209	-999	P	64
1279136479573	1	RECOG_FEEDBACK	1
1279136480299	0	RECOG_PRES	1	MOTEL	919	-999	P	812
1279136481481	0	RECOG_CR_PRES	1	MOTEL	919	-999	P	69
1279136481823	1	RECOG_FEEDBACK	1
1279136482539	0	RECOG_PRES	1	TUTU	1524	-999	P	876
1279136483789	0	RECOG_CR_PRES	1	TUTU	1524	-999	P	25
1279136484107	1	RECOG_FEEDBACK	1
1279136484889	0	RECOG_PRES	1	FLEET	578	-999	P	1190
1279136486448	0	RECOG_CR_PRES	1	FLEET	578	-999	P	86
1279136486847	1	RECOG_FEEDBACK	1
1279136487622	0	RECOG_PRES	1	TOWN	1491	-999	P	825
1279136488847	0	RECOG_CR_PRES	1	TOWN	1491	-999	P	111
1279136489248	1	RECOG_FEEDBACK	1
1279136490031	0	RECOG_PRES	1	PAVEMENT	1028	-999	P	919
1279136491315	0	RECOG_CR_PRES	1	PAVEMENT	1028	-999	P	116
1279136491722	1	RECOG_FEEDBACK	1
1279136510180	0	REST
1279136511097	1	REC_START
1279136511130	0	RECOG_PRES	2	CHEST	295	-999	P	1101
1279136512604	0	RECOG_CR_PRES	2	CHEST	295	-999	P	138
1279136513046	1	RECOG_FEEDBACK	1
1279136513862	0	RECOG_PRES	2	DRAWING	494	-999	P	1048
1279136515271	0	RECOG_CR_PRES	2	DRAWING	494	-999	P	160
1279136515703	1	RECOG_FEEDBACK	-1
1279136516446	0	RECOG_PRES	2	CONTRACT	368	-999	P	1440
1279136518254	0	RECOG_CR_PRES	2	CONTRACT	368	-999	P	153
1279136518711	1	RECOG_FEEDBACK	1
1279136519478	0	RECOG_PRES	2	COURT	391	-999	P	1729
1279136521578	0	RECOG_CR_PRES	2	COURT	391	-999	P	108
1279136522012	1	RECOG_FEEDBACK	1
1279136522769	0	RECOG_PRES	2	QUARTER	1148	-999	P	850
1279136524020	0	RECOG_CR_PRES	2	QUARTER	1148	-999	P	43
1279136524354	1	RECOG_FEEDBACK	1
1279136525079	0	RECOG_PRES	2	UNIVERSITY	1541	-999	P	881
1279136526362	0	RECOG_CR_PRES	2	UNIVERSITY	1541	-999	P	85
1279136526736	1	RECOG_FEEDBACK	1
1279136527494	0	RECOG_PRES	2	CONSUMER	365	-999	P	3144
1279136531003	0	RECOG_CR_PRES	2	CONSUMER	365	-999	P	100
1279136531460	1	RECOG_FEEDBACK	1
1279136532253	0	RECOG_PRES	2	BOOTH	151	-999	P	1042
1279136533669	0	RECOG_CR_PRES	2	BOOTH	151	-999	P	49
1279136534020	1	RECOG_FEEDBACK	1
1279136534785	0	RECOG_PRES	2	BANKER	84	-999	P	949
1279136536103	0	RECOG_CR_PRES	2	BANKER	84	-999	P	64
1279136536453	1	RECOG_FEEDBACK	1
1279136537186	0	RECOG_PRES	2	FUNERAL	613	-999	P	796
1279136538344	0	RECOG_CR_PRES	2	FUNERAL	613	-999	P	87
1279136538710	1	RECOG_FEEDBACK	1
1279136539510	0	RECOG_PRES	2	OTTER	986	-999	P	1008
1279136540893	0	RECOG_CR_PRES	2	OTTER	986	-999	P	49
1279136541244	1	RECOG_FEEDBACK	1
1279136541985	0	RECOG_PRES	2	HERO	706	-999	P	781
1279136543127	0	RECOG_CR_PRES	2	HERO	706	-999	P	80
1279136543493	1	RECOG_FEEDBACK	1
1279136544277	0	RECOG_PRES	2	PRISONER	1128	-999	P	816
1279136545493	0	RECOG_CR_PRES	2	PRISONER	1128	-999	P	89
1279136545868	1	RECOG_FEEDBACK	1
1279136546593	0	RECOG_PRES	2	MONUMENT	913	-999	P	758
1279136547726	0	RECOG_CR_PRES	2	MONUMENT	913	-999	P	56
1279136548069	1	RECOG_FEEDBACK	1
1279136548809	0	RECOG_PRES	2	WORM	1623	-999	P	773
1279136549942	0	RECOG_CR_PRES	2	WORM	1623	-999	P	97
1279136550318	1	RECOG_FEEDBACK	1
1279136551068	0	RECOG_PRES	2	BEGGAR	117	-999	P	762
1279136552193	0	RECOG_CR_PRES	2	BEGGAR	117	-999	P	86
1279136552551	1	RECOG_FEEDBACK	1
1279136553302	0	RECOG_PRES	2	PARIS	1014	-999	P	1137
1279136554809	0	RECOG_CR_PRES	2	PARIS	1014	-999	P	109
1279136555218	1	RECOG_FEEDBACK	1
1279136555950	0	RECOG_PRES	2	CAFE	216	-999	P	840
1279136557151	0	RECOG_CR_PRES	2	CAFE	216	-999	P	128
1279136557567	1	RECOG_FEEDBACK	1
1279136558326	0	RECOG_PRES	2	ALMANAC	17	-999	P	897
1279136559592	0	RECOG_CR_PRES	2	ALMANAC	17	-999	P	102
1279136559983	1	RECOG_FEEDBACK	1
1279136560783	0	RECOG_PRES	2	ROBBER	1197	-999	P	767
1279136561925	0	RECOG_CR_PRES	2	ROBBER	1197	-999	P	114
1279136562318	1	RECOG_FEEDBACK	1
1279136563975	0	REST
1279136565028	1	REC_START
1279136565059	0	RECOG_PRES	3	DRESSER	496	-999	P	1052
1279136566483	0	RECOG_CR_PRES	3	DRESSER	496	-999	P	115
1279136566883	1	RECOG_FEEDBACK	1
1279136567641	0	RECOG_PRES	3	BRAIN	165	-999	P	814
1279136568824	0	RECOG_CR_PRES	3	BRAIN	165	-999	P	86
1279136569192	1	RECOG_FEEDBACK	1
1279136569916	0	RECOG_PRES	3	CUB	419	-999	P	882
1279136571167	0	RECOG_CR_PRES	3	CUB	419	-999	P	72
1279136571524	1	RECOG_FEEDBACK	1
1279136572267	0	RECOG_PRES	3	PUPIL	1143	-999	P	858
1279136573524	0	RECOG_CR_PRES	3	PUPIL	1143	-999	P	90
1279136573899	1	RECOG_FEEDBACK	1
1279136574632	0	RECOG_PRES	3	CAGE	218	-999	P	875
1279136575907	0	RECOG_CR_PRES	3	CAGE	218	-999	P	75
1279136576275	1	RECOG_FEEDBACK	1
1279136577041	0	RECOG_PRES	3	WRENCH	1625	-999	P	829
1279136578233	0	RECOG_CR_PRES	3	WRENCH	1625	-999	P	102
1279136578624	1	RECOG_FEEDBACK	1
1279136579375	0	RECOG_PRES	3	CUSHION	428	-999	P	792
1279136580540	0	RECOG_CR_PRES	3	CUSHION	428	-999	P	74
1279136580915	1	RECOG_FEEDBACK	1
1279136581657	0	RECOG_PRES	3	HARP	689	-999	P	1085
1279136583108	0	RECOG_CR_PRES	3	HARP	689	-999	P	107
1279136583515	1	RECOG_FEEDBACK	1
1279136584266	0	RECOG_PRES	3	MACARONI	851	-999	P	849
1279136585515	0	RECOG_CR_PRES	3	MACARONI	851	-999	P	91
1279136585906	1	RECOG_FEEDBACK	1
1279136586698	0	RECOG_PRES	3	KNOB	787	-999	P	808
1279136587906	0	RECOG_CR_PRES	3	KNOB	787	-999	P	101
1279136588299	1	RECOG_FEEDBACK	1
1279136589057	0	RECOG_PRES	3	LIVER	833	-999	P	837
1279136590257	0	RECOG_CR_PRES	3	LIVER	833	-999	P	150
1279136590706	1	RECOG_FEEDBACK	1
1279136591473	0	RECOG_PRES	3	SHED	1277	-999	P	790
1279136592631	0	RECOG_CR_PRES	3	SHED	1277	-999	P	127
1279136593057	1	RECOG_FEEDBACK	1
1279136593822	0	RECOG_PRES	3	MAN	862	-999	P	824
1279136595015	0	RECOG_CR_PRES	3	MAN	862	-999	P	136
1279136595440	1	RECOG_FEEDBACK	1
1279136596215	0	RECOG_PRES	3	DRILL	497	-999	P	880
1279136597464	0	RECOG_CR_PRES	3	DRILL	497	-999	P	102
1279136597855	1	RECOG_FEEDBACK	1
1279136598605	0	RECOG_PRES	3	PEACH	1031	-999	P	826
1279136599805	0	RECOG_CR_PRES	3	PEACH	1031	-999	P	105
1279136600198	1	RECOG_FEEDBACK	1
1279136600964	0	RECOG_PRES	3	NECK	939	-999	P	841
1279136602198	0	RECOG_CR_PRES	3	NECK	939	-999	P	65
1279136602547	1	RECOG_FEEDBACK	1
1279136603256	0	RECOG_PRES	3	GLACIER	638	-999	P	991
1279136604622	0	RECOG_CR_PRES	3	GLACIER	638	-999	P	104
1279136605023	1	RECOG_FEEDBACK	1
1279136605797	0	RECOG_PRES	3	PLUM	1090	-999	P	793
1279136606963	0	RECOG_CR_PRES	3	PLUM	1090	-999	P	100
1279136607356	1	RECOG_FEEDBACK	1
1279136608147	0	RECOG_PRES	3	FAMILY	550	-999	P	803
1279136609314	0	RECOG_CR_PRES	3	FAMILY	550	-999	P	133
1279136609746	1	RECOG_FEEDBACK	1
1279136610521	0	RECOG_PRES	3	GRILL	661	-999	P	774
1279136611663	0	RECOG_CR_PRES	3	GRILL	661	-999	P	143
1279136612097	1	RECOG_FEEDBACK	1
1279136614688	0	REST
1279136615882	1	REC_START
1279136615912	0	RECOG_PRES	4	PUPPY	1144	-999	P	870
1279136617147	0	RECOG_CR_PRES	4	PUPPY	1144	-999	P	132
1279136617571	1	RECOG_FEEDBACK	1
1279136618347	0	RECOG_PRES	4	RACKET	1155	-999	P	764
1279136619479	0	RECOG_CR_PRES	4	RACKET	1155	-999	P	71
1279136619829	1	RECOG_FEEDBACK	1
1279136620595	0	RECOG_PRES	4	SOFTBALL	1343	-999	P	716
1279136621679	0	RECOG_CR_PRES	4	SOFTBALL	1343	-999	P	79
1279136622046	1	RECOG_FEEDBACK	1
1279136622820	0	RECOG_PRES	4	HAMMER	680	-999	P	419
1279136623612	0	RECOG_CR_PRES	4	HAMMER	680	-999	P	362
1279136624213	1	RECOG_FEEDBACK	-1
1279136624953	0	RECOG_PRES	4	WEED	1599	-999	P	2725
1279136628046	0	RECOG_CR_PRES	4	WEED	1599	-999	P	81
1279136628462	1	RECOG_FEEDBACK	1
1279136629246	0	RECOG_PRES	4	BUTTER	205	-999	P	1105
1279136630720	0	RECOG_CR_PRES	4	BUTTER	205	-999	P	102
1279136631121	1	RECOG_FEEDBACK	1
1279136631928	0	RECOG_PRES	4	CHIMPANZEE	302	-999	P	1127
1279136633420	0	RECOG_CR_PRES	4	CHIMPANZEE	302	-999	P	90
1279136633811	1	RECOG_FEEDBACK	1
1279136634569	0	RECOG_PRES	4	BLACKBERRY	132	-999	P	758
1279136635694	0	RECOG_CR_PRES	4	BLACKBERRY	132	-999	P	104
1279136636070	1	RECOG_FEEDBACK	1
1279136636819	0	RECOG_PRES	4	ELECTRICIAN	521	-999	P	995
1279136638178	0	RECOG_CR_PRES	4	ELECTRICIAN	521	-999	P	85
1279136638552	1	RECOG_FEEDBACK	1
1279136639270	0	RECOG_PRES	4	WIRE	1616	-999	P	793
1279136640437	0	RECOG_CR_PRES	4	WIRE	1616	-999	P	113
1279136640827	1	RECOG_FEEDBACK	1
1279136641536	0	RECOG_PRES	4	SIGN	1305	-999	P	1054
1279136642960	0	RECOG_CR_PRES	4	SIGN	1305	-999	P	247
1279136643502	1	RECOG_FEEDBACK	1
1279136644245	0	RECOG_PRES	4	BATHTUB	100	-999	P	858
1279136645502	0	RECOG_CR_PRES	4	BATHTUB	100	-999	P	128
1279136645927	1	RECOG_FEEDBACK	1
1279136646702	0	RECOG_PRES	4	RAISIN	1163	-999	P	832
1279136647910	0	RECOG_CR_PRES	4	RAISIN	1163	-999	P	121
1279136648311	1	RECOG_FEEDBACK	1
1279136649053	0	RECOG_PRES	4	ARTERY	41	-999	P	849
1279136650269	0	RECOG_CR_PRES	4	ARTERY	41	-999	P	146
1279136650702	1	RECOG_FEEDBACK	1
1279136651436	0	RECOG_PRES	4	UNIVERSE	1540	-999	P	803
1279136652610	0	RECOG_CR_PRES	4	UNIVERSE	1540	-999	P	156
1279136653044	1	RECOG_FEEDBACK	1
1279136653801	0	RECOG_PRES	4	HIP	710	-999	P	805
1279136654976	0	RECOG_CR_PRES	4	HIP	710	-999	P	191
1279136655452	1	RECOG_FEEDBACK	1
1279136656210	0	RECOG_PRES	4	POSSUM	1112	-999	P	1053
1279136657634	0	RECOG_CR_PRES	4	POSSUM	1112	-999	P	92
1279136658035	1	RECOG_FEEDBACK	1
1279136658826	0	RECOG_PRES	4	HEDGE	699	-999	P	3565
1279136662759	0	RECOG_CR_PRES	4	HEDGE	699	-999	P	87
1279136663202	1	RECOG_FEEDBACK	1
1279136663984	0	RECOG_PRES	4	TART	1436	-999	P	1199
1279136665550	0	RECOG_CR_PRES	4	TART	1436	-999	P	96
1279136665959	1	RECOG_FEEDBACK	1
1279136666692	0	RECOG_PRES	4	REPTILE	1185	-999	P	1250
1279136668310	0	RECOG_CR_PRES	4	REPTILE	1185	-999	P	176
1279136668808	1	RECOG_FEEDBACK	1
1279136678558	0	REST
1279136679688	1	REC_START
1279136679724	0	RECOG_PRES	5	BASEBALL	93	-999	P	1218
1279136681309	0	RECOG_CR_PRES	5	BASEBALL	93	-999	P	122
1279136681733	1	RECOG_FEEDBACK	1
1279136682491	0	RECOG_PRES	5	DESK	452	-999	P	1836
1279136684699	0	RECOG_CR_PRES	5	DESK	452	-999	P	195
1279136685208	1	RECOG_FEEDBACK	1
1279136685949	0	RECOG_PRES	5	BULB	192	-999	P	1553
1279136687874	0	RECOG_CR_PRES	5	BULB	192	-999	P	157
1279136688350	1	RECOG_FEEDBACK	1
1279136689091	0	RECOG_PRES	5	TAIL	1430	-999	P	1068
1279136690532	0	RECOG_CR_PRES	5	TAIL	1430	-999	P	162
1279136690990	1	RECOG_FEEDBACK	1
1279136691748	0	RECOG_PRES	5	BONE	148	-999	P	786
1279136692907	0	RECOG_CR_PRES	5	BONE	148	-999	P	124
1279136693316	1	RECOG_FEEDBACK	1
1279136694058	0	RECOG_PRES	5	AFRICA	9	-999	P	844
1279136695266	0	RECOG_CR_PRES	5	AFRICA	9	-999	P	149
1279136695715	1	RECOG_FEEDBACK	1
1279136696449	0	RECOG_PRES	5	BUN	197	-999	P	1173
1279136697998	0	RECOG_CR_PRES	5	BUN	197	-999	P	185
1279136698515	1	RECOG_FEEDBACK	1
1279136699324	0	RECOG_PRES	5	TIMBER	1469	-999	P	1099
1279136700798	0	RECOG_CR_PRES	5	TIMBER	1469	-999	P	136
1279136701249	1	RECOG_FEEDBACK	1
1279136702040	0	RECOG_PRES	5	SHORTCAKE	1292	-999	P	1478
1279136703889	0	RECOG_CR_PRES	5	SHORTCAKE	1292	-999	P	134
1279136704340	1	RECOG_FEEDBACK	1
1279136705115	0	RECOG_PRES	5	POLYESTER	1100	-999	P	988
1279136706472	0	RECOG_CR_PRES	5	POLYESTER	1100	-999	P	158
1279136706931	1	RECOG_FEEDBACK	1
1279136707697	0	RECOG_PRES	5	BRAKE	166	-999	P	1037
1279136709098	0	RECOG_CR_PRES	5	BRAKE	166	-999	P	141
1279136709539	1	RECOG_FEEDBACK	1
1279136710256	0	RECOG_PRES	5	IDOL	733	-999	P	879
1279136711505	0	RECOG_CR_PRES	5	IDOL	733	-999	P	125
1279136711922	1	RECOG_FEEDBACK	1
1279136712647	0	RECOG_PRES	5	NURSE	963	-999	P	879
1279136713888	0	RECOG_CR_PRES	5	NURSE	963	-999	P	167
1279136714348	1	RECOG_FEEDBACK	1
1279136715098	0	RECOG_PRES	5	CUBE	420	-999	P	1101
1279136716572	0	RECOG_CR_PRES	5	CUBE	420	-999	P	122
1279136716996	1	RECOG_FEEDBACK	1
1279136717771	0	RECOG_PRES	5	CREATURE	403	-999	P	1019
1279136719156	0	RECOG_CR_PRES	5	CREATURE	403	-999	P	155
1279136719605	1	RECOG_FEEDBACK	1
1279136720389	0	RECOG_PRES	5	BOWL	158	-999	P	832
1279136721621	0	RECOG_CR_PRES	5	BOWL	158	-999	P	185
1279136722105	1	RECOG_FEEDBACK	1
1279136722904	0	RECOG_PRES	5	SHELF	1280	-999	P	1022
1279136724289	0	RECOG_CR_PRES	5	SHELF	1280	-999	P	126
1279136724738	1	RECOG_FEEDBACK	1
1279136725521	0	RECOG_PRES	5	TWISTER	1530	-999	P	1806
1279136727696	0	RECOG_CR_PRES	5	TWISTER	1530	-999	P	126
1279136728147	1	RECOG_FEEDBACK	1
1279136728937	0	RECOG_PRES	5	JACKET	747	-999	P	917
1279136730221	0	RECOG_CR_PRES	5	JACKET	747	-999	P	186
1279136730704	1	RECOG_FEEDBACK	1
1279136731470	0	RECOG_PRES	5	LENS	811	-999	P	2184
1279136734021	0	RECOG_CR_PRES	5	LENS	811	-999	P	146
1279136734487	1	RECOG_FEEDBACK	1
1279136745828	0	REST
1279136746704	1	REC_START
1279136746736	0	RECOG_PRES	6	FOSSIL	596	-999	P	1190
1279136748287	0	RECOG_CR_PRES	6	FOSSIL	596	-999	P	80
1279136748661	1	RECOG_FEEDBACK	1
1279136749420	0	RECOG_PRES	6	ROCKET	1202	-999	P	1114
1279136750911	0	RECOG_CR_PRES	6	ROCKET	1202	-999	P	71
1279136751278	1	RECOG_FEEDBACK	1
1279136752078	0	RECOG_PRES	6	PARSLEY	1016	-999	P	1025
1279136753477	0	RECOG_CR_PRES	6	PARSLEY	1016	-999	P	41
1279136753819	1	RECOG_FEEDBACK	1
1279136754585	0	RECOG_PRES	6	VET	1560	-999	P	830
1279136755785	0	RECOG_CR_PRES	6	VET	1560	-999	P	29
1279136756103	1	RECOG_FEEDBACK	1
1279136756885	0	RECOG_PRES	6	MAP	865	-999	P	809
1279136758061	0	RECOG_CR_PRES	6	MAP	865	-999	P	58
1279136758411	1	RECOG_FEEDBACK	1
1279136759144	0	RECOG_PRES	6	GLUE	643	-999	P	790
1279136760303	0	RECOG_CR_PRES	6	GLUE	643	-999	P	64
1279136760652	1	RECOG_FEEDBACK	1
1279136761386	0	RECOG_PRES	6	BISON	131	-999	P	1156
1279136762918	0	RECOG_CR_PRES	6	BISON	131	-999	P	40
1279136763261	1	RECOG_FEEDBACK	1
1279136764027	0	RECOG_PRES	6	FLORIDA	582	-999	P	2324
1279136766726	0	RECOG_CR_PRES	6	FLORIDA	582	-999	P	24
1279136767077	1	RECOG_FEEDBACK	1
1279136767884	0	RECOG_PRES	6	FLESH	579	-999	P	858
1279136769110	0	RECOG_CR_PRES	6	FLESH	579	-999	P	49
1279136769444	1	RECOG_FEEDBACK	1
1279136770219	0	RECOG_PRES	6	PERFUME	1049	-999	P	892
1279136771484	0	RECOG_CR_PRES	6	PERFUME	1049	-999	P	50
1279136771834	1	RECOG_FEEDBACK	1
1279136772601	0	RECOG_PRES	6	COOK	372	-999	P	814
1279136773784	0	RECOG_CR_PRES	6	COOK	372	-999	P	14
1279136774085	1	RECOG_FEEDBACK	1
1279136774809	0	RECOG_PRES	6	GLOVE	642	-999	P	797
1279136775975	0	RECOG_CR_PRES	6	GLOVE	642	-999	P	23
1279136776276	1	RECOG_FEEDBACK	1
1279136777060	0	RECOG_PRES	6	VAULT	1550	-999	P	818
1279136778243	0	RECOG_CR_PRES	6	VAULT	1550	-999	P	36
1279136778567	1	RECOG_FEEDBACK	1
1279136779301	0	RECOG_PRES	6	MOSS	918	-999	P	826
1279136780500	0	RECOG_CR_PRES	6	MOSS	918	-999	P	314
1279136781101	1	RECOG_FEEDBACK	1
1279136781850	0	RECOG_PRES	6	INVENTOR	743	-999	P	858
1279136783109	0	RECOG_CR_PRES	6	INVENTOR	743	-999	P	66
1279136783459	1	RECOG_FEEDBACK	1
1279136784167	0	RECOG_PRES	6	BUS	201	-999	P	872
1279136785409	0	RECOG_CR_PRES	6	BUS	201	-999	P	69
1279136785766	1	RECOG_FEEDBACK	1
1279136786516	0	RECOG_PRES	6	LIMOUSINE	824	-999	P	851
1279136787766	0	RECOG_CR_PRES	6	LIMOUSINE	824	-999	P	16
1279136788084	1	RECOG_FEEDBACK	1
1279136788883	0	RECOG_PRES	6	BRIDGE	174	-999	P	2532
1279136791783	0	RECOG_CR_PRES	6	BRIDGE	174	-999	P	95
1279136792209	1	RECOG_FEEDBACK	1
1279136793017	0	RECOG_PRES	6	TERRITORY	1452	-999	P	1054
1279136794442	0	RECOG_CR_PRES	6	TERRITORY	1452	-999	P	76
1279136794816	1	RECOG_FEEDBACK	1
1279136795557	0	RECOG_PRES	6	MOTHER	921	-999	P	2377
1279136798300	0	RECOG_CR_PRES	6	MOTHER	921	-999	P	91
1279136798724	1	RECOG_FEEDBACK	1
1279136800615	0	REST
1279136801499	1	REC_START
1279136801532	0	RECOG_PRES	7	WHISKERS	1605	-999	P	923
1279136802823	0	RECOG_CR_PRES	7	WHISKERS	1605	-999	P	63
1279136803174	1	RECOG_FEEDBACK	1
1279136803907	0	RECOG_PRES	7	CONCERT	360	-999	P	755
1279136805024	0	RECOG_CR_PRES	7	CONCERT	360	-999	P	79
1279136805383	1	RECOG_FEEDBACK	1
1279136806107	0	RECOG_PRES	7	RELISH	1183	-999	P	859
1279136807332	0	RECOG_CR_PRES	7	RELISH	1183	-999	P	59
1279136807681	1	RECOG_FEEDBACK	1
1279136808424	0	RECOG_PRES	7	SALT	1229	-999	P	775
1279136809573	0	RECOG_CR_PRES	7	SALT	1229	-999	P	41
1279136809906	1	RECOG_FEEDBACK	1
1279136810706	0	RECOG_PRES	7	ENEMY	534	-999	P	799
1279136811906	0	RECOG_CR_PRES	7	ENEMY	534	-999	P	28
1279136812224	1	RECOG_FEEDBACK	1
1279136812981	0	RECOG_PRES	7	RECEIPT	1173	-999	P	961
1279136814307	0	RECOG_CR_PRES	7	RECEIPT	1173	-999	P	76
1279136814681	1	RECOG_FEEDBACK	1
1279136815481	0	RECOG_PRES	7	ICE	730	-999	P	734
1279136816589	0	RECOG_CR_PRES	7	ICE	730	-999	P	17
1279136816889	1	RECOG_FEEDBACK	1
1279136817672	0	RECOG_PRES	7	HAMPER	682	-999	P	695
1279136818739	0	RECOG_CR_PRES	7	HAMPER	682	-999	P	35
1279136819056	1	RECOG_FEEDBACK	1
1279136819780	0	RECOG_PRES	7	PALACE	1006	-999	P	698
1279136820847	0	RECOG_CR_PRES	7	PALACE	1006	-999	P	47
1279136821165	1	RECOG_FEEDBACK	1
1279136821972	0	RECOG_PRES	7	DETERGENT	455	-999	P	962
1279136823298	0	RECOG_CR_PRES	7	DETERGENT	455	-999	P	77
1279136823672	1	RECOG_FEEDBACK	1
1279136824439	0	RECOG_PRES	7	SIDING	1304	-999	P	736
1279136825547	0	RECOG_CR_PRES	7	SIDING	1304	-999	P	75
1279136825905	1	RECOG_FEEDBACK	1
1279136826672	0	RECOG_PRES	7	DENIM	446	-999	P	830
1279136827872	0	RECOG_CR_PRES	7	DENIM	446	-999	P	110
1279136828281	1	RECOG_FEEDBACK	1
1279136829089	0	RECOG_PRES	7	TANGERINE	1431	-999	P	709
1279136830164	0	RECOG_CR_PRES	7	TANGERINE	1431	-999	P	115
1279136830563	1	RECOG_FEEDBACK	1
1279136831364	0	RECOG_PRES	7	PORT	1110	-999	P	1130
1279136832854	0	RECOG_CR_PRES	7	PORT	1110	-999	P	144
1279136833305	1	RECOG_FEEDBACK	1
1279136834030	0	RECOG_PRES	7	ONION	977	-999	P	704
1279136835097	0	RECOG_CR_PRES	7	ONION	977	-999	P	102
1279136835471	1	RECOG_FEEDBACK	1
1279136836205	0	RECOG_PRES	7	CONDUCTOR	362	-999	P	1066
1279136837646	0	RECOG_CR_PRES	7	CONDUCTOR	362	-999	P	104
1279136838055	1	RECOG_FEEDBACK	1
1279136838862	0	RECOG_PRES	7	COUNTRY	388	-999	P	776
1279136840005	0	RECOG_CR_PRES	7	COUNTRY	388	-999	P	98
1279136840388	1	RECOG_FEEDBACK	1
1279136841121	0	RECOG_PRES	7	FUDGE	611	-999	P	733
1279136842221	0	RECOG_CR_PRES	7	FUDGE	611	-999	P	138
1279136842645	1	RECOG_FEEDBACK	1
1279136843363	0	RECOG_PRES	7	GREASE	660	-999	P	812
1279136844545	0	RECOG_CR_PRES	7	GREASE	660	-999	P	125
1279136844962	1	RECOG_FEEDBACK	1
1279136845695	0	RECOG_PRES	7	PAINTING	1005	-999	P	823
1279136846887	0	RECOG_CR_PRES	7	PAINTING	1005	-999	P	103
1279136847279	1	RECOG_FEEDBACK	1
1279136855894	0	REST
1279136856840	1	REC_START
1279136856869	0	RECOG_PRES	8	CARD	243	-999	P	970
1279136858237	0	RECOG_CR_PRES	8	CARD	243	-999	P	90
1279136858627	1	RECOG_FEEDBACK	1
1279136859395	0	RECOG_PRES	8	MOWER	928	-999	P	868
1279136860636	0	RECOG_CR_PRES	8	MOWER	928	-999	P	98
1279136861020	1	RECOG_FEEDBACK	1
1279136861761	0	RECOG_PRES	8	DIAL	457	-999	P	678
1279136862810	0	RECOG_CR_PRES	8	DIAL	457	-999	P	76
1279136863187	1	RECOG_FEEDBACK	1
1279136863935	0	RECOG_PRES	8	FROST	609	-999	P	759
1279136865061	0	RECOG_CR_PRES	8	FROST	609	-999	P	98
1279136865445	1	RECOG_FEEDBACK	1
1279136866245	0	RECOG_PRES	8	SOCIETY	1338	-999	P	802
1279136867420	0	RECOG_CR_PRES	8	SOCIETY	1338	-999	P	58
1279136867768	1	RECOG_FEEDBACK	1
1279136868552	0	RECOG_PRES	8	ASSOCIATE	49	-999	P	783
1279136869710	0	RECOG_CR_PRES	8	ASSOCIATE	49	-999	P	48
1279136870061	1	RECOG_FEEDBACK	1
1279136870793	0	RECOG_PRES	8	STEAM	1375	-999	P	733
1279136871901	0	RECOG_CR_PRES	8	STEAM	1375	-999	P	73
1279136872252	1	RECOG_FEEDBACK	1
1279136873019	0	RECOG_PRES	8	COLESLAW	344	-999	P	3507
1279136876901	0	RECOG_CR_PRES	8	COLESLAW	344	-999	P	97
1279136877352	1	RECOG_FEEDBACK	1
1279136878160	0	RECOG_PRES	8	DEPARTMENT	449	-999	P	1159
1279136879693	0	RECOG_CR_PRES	8	DEPARTMENT	449	-999	P	9
1279136880010	1	RECOG_FEEDBACK	1
1279136880751	0	RECOG_PRES	8	ZOO	1637	-999	P	767
1279136881892	0	RECOG_CR_PRES	8	ZOO	1637	-999	P	50
1279136882235	1	RECOG_FEEDBACK	1
1279136882951	0	RECOG_PRES	8	TWIG	1527	-999	P	775
1279136884093	0	RECOG_CR_PRES	8	TWIG	1527	-999	P	58
1279136884435	1	RECOG_FEEDBACK	1
1279136885160	0	RECOG_PRES	8	VILLAIN	1567	-999	P	838
1279136886368	0	RECOG_CR_PRES	8	VILLAIN	1567	-999	P	63
1279136886709	1	RECOG_FEEDBACK	1
1279136887435	0	RECOG_PRES	8	WINNER	1615	-999	P	972
1279136888775	0	RECOG_CR_PRES	8	WINNER	1615	-999	P	87
1279136889159	1	RECOG_FEEDBACK	0
1279136889942	0	RECOG_PRES	8	QUAIL	1147	-999	P	1592
1279136891908	0	RECOG_CR_PRES	8	QUAIL	1147	-999	P	58
1279136892276	1	RECOG_FEEDBACK	1
1279136893043	0	RECOG_PRES	8	DEPUTY	450	-999	P	1611
1279136895017	0	RECOG_CR_PRES	8	DEPUTY	450	-999	P	78
1279136895409	1	RECOG_FEEDBACK	1
1279136896159	0	RECOG_PRES	8	POTTERY	1116	-999	P	1256
1279136897783	0	RECOG_CR_PRES	8	POTTERY	1116	-999	P	47
1279136898142	1	RECOG_FEEDBACK	1
1279136898866	0	RECOG_PRES	8	POLICE	1098	-999	P	732
1279136899974	0	RECOG_CR_PRES	8	POLICE	1098	-999	P	73
1279136900334	1	RECOG_FEEDBACK	1
1279136901134	0	RECOG_PRES	8	NOMAD	955	-999	P	1025
1279136902532	0	RECOG_CR_PRES	8	NOMAD	955	-999	P	50
1279136902891	1	RECOG_FEEDBACK	1
1279136903657	0	RECOG_PRES	8	MARKET	871	-999	P	973
1279136904999	0	RECOG_CR_PRES	8	MARKET	871	-999	P	64
1279136905358	1	RECOG_FEEDBACK	1
1279136906117	0	RECOG_PRES	8	BRANDY	169	-999	P	825
1279136907308	0	RECOG_CR_PRES	8	BRANDY	169	-999	P	107
1279136907699	1	RECOG_FEEDBACK	1
1279136909083	0	REST
1279136910253	1	REC_START
1279136910283	0	RECOG_PRES	9	NOVEL	960	-999	P	804
1279136911449	0	RECOG_CR_PRES	9	NOVEL	960	-999	P	117
1279136911848	1	RECOG_FEEDBACK	1
1279136912632	0	RECOG_PRES	9	MERMAID	887	-999	P	862
1279136913865	0	RECOG_CR_PRES	9	MERMAID	887	-999	P	117
1279136914274	1	RECOG_FEEDBACK	1
1279136915083	0	RECOG_PRES	9	SHOWER	1296	-999	P	763
1279136916207	0	RECOG_CR_PRES	9	SHOWER	1296	-999	P	120
1279136916606	1	RECOG_FEEDBACK	1
1279136917382	0	RECOG_PRES	9	SNAIL	1332	-999	P	809
1279136918565	0	RECOG_CR_PRES	9	SNAIL	1332	-999	P	73
1279136918923	1	RECOG_FEEDBACK	1
1279136919648	0	RECOG_PRES	9	SLOPE	1328	-999	P	966
1279136920990	0	RECOG_CR_PRES	9	SLOPE	1328	-999	P	89
1279136921374	1	RECOG_FEEDBACK	1
1279136922165	0	RECOG_PRES	9	SACK	1220	-999	P	809
1279136923340	0	RECOG_CR_PRES	9	SACK	1220	-999	P	75
1279136923706	1	RECOG_FEEDBACK	1
1279136924489	0	RECOG_PRES	9	HOSTAGE	722	-999	P	782
1279136925639	0	RECOG_CR_PRES	9	HOSTAGE	722	-999	P	87
1279136926007	1	RECOG_FEEDBACK	1
1279136926781	0	RECOG_PRES	9	PEPPER	1047	-999	P	785
1279136927939	0	RECOG_CR_PRES	9	PEPPER	1047	-999	P	35
1279136928257	1	RECOG_FEEDBACK	1
1279136929065	0	RECOG_PRES	9	SUITE	1404	-999	P	799
1279136930256	0	RECOG_CR_PRES	9	SUITE	1404	-999	P	143
1279136930689	1	RECOG_FEEDBACK	1
1279136931464	0	RECOG_PRES	9	TICK	1463	-999	P	823
1279136932655	0	RECOG_CR_PRES	9	TICK	1463	-999	P	87
1279136933031	1	RECOG_FEEDBACK	1
1279136933822	0	RECOG_PRES	9	PADDING	999	-999	P	816
1279136935031	0	RECOG_CR_PRES	9	PADDING	999	-999	P	88
1279136935414	1	RECOG_FEEDBACK	1
1279136936139	0	RECOG_PRES	9	HERD	705	-999	P	811
1279136937314	0	RECOG_CR_PRES	9	HERD	705	-999	P	69
1279136937671	1	RECOG_FEEDBACK	1
1279136938414	0	RECOG_PRES	9	UNCLE	1536	-999	P	1929
1279136940713	0	RECOG_CR_PRES	9	UNCLE	1536	-999	P	109
1279136941139	1	RECOG_FEEDBACK	1
1279136941855	0	RECOG_PRES	9	PROFESSOR	1131	-999	P	1127
1279136943347	0	RECOG_CR_PRES	9	PROFESSOR	1131	-999	P	84
1279136943729	1	RECOG_FEEDBACK	1
1279136944496	0	RECOG_PRES	9	SOCKET	1340	-999	P	834
1279136945729	0	RECOG_CR_PRES	9	SOCKET	1340	-999	P	61
1279136946080	1	RECOG_FEEDBACK	1
1279136946854	0	RECOG_PRES	9	MESSAGE	888	-999	P	833
1279136948080	0	RECOG_CR_PRES	9	MESSAGE	888	-999	P	111
1279136948487	1	RECOG_FEEDBACK	1
1279136949230	0	RECOG_PRES	9	TAPE	1433	-999	P	905
1279136950504	0	RECOG_CR_PRES	9	TAPE	1433	-999	P	78
1279136950871	1	RECOG_FEEDBACK	1
1279136951637	0	RECOG_PRES	9	BARREL	91	-999	P	1225
1279136953230	0	RECOG_CR_PRES	9	BARREL	91	-999	P	81
1279136953612	1	RECOG_FEEDBACK	1
1279136954321	0	RECOG_PRES	9	DUMP	505	-999	P	870
1279136955562	0	RECOG_CR_PRES	9	DUMP	505	-999	P	132
1279136955987	1	RECOG_FEEDBACK	1
1279136956745	0	RECOG_PRES	9	BARRACUDA	90	-999	P	849
1279136957995	0	RECOG_CR_PRES	9	BARRACUDA	90	-999	P	124
1279136958404	1	RECOG_FEEDBACK	1
1279136965570	0	REST
1279136966732	1	REC_START
1279136966769	0	RECOG_PRES	10	VICTIM	1562	-999	P	941
1279136968079	0	RECOG_CR_PRES	10	VICTIM	1562	-999	P	136
1279136968502	1	RECOG_FEEDBACK	1
1279136969228	0	RECOG_PRES	10	STOOL	1386	-999	P	770
1279136970370	0	RECOG_CR_PRES	10	STOOL	1386	-999	P	77
1279136970736	1	RECOG_FEEDBACK	1
1279136971502	0	RECOG_PRES	10	OMELET	976	-999	P	721
1279136972594	0	RECOG_CR_PRES	10	OMELET	976	-999	P	84
1279136972961	1	RECOG_FEEDBACK	1
1279136973710	0	RECOG_PRES	10	SNAKE	1333	-999	P	800
1279136974885	0	RECOG_CR_PRES	10	SNAKE	1333	-999	P	81
1279136975253	1	RECOG_FEEDBACK	1
1279136975985	0	RECOG_PRES	10	PROFESSIONAL	1130	-999	P	1310
1279136977669	0	RECOG_CR_PRES	10	PROFESSIONAL	1130	-999	P	41
1279136978028	1	RECOG_FEEDBACK	1
1279136978752	0	RECOG_PRES	10	KIDNEY	776	-999	P	766
1279136979893	0	RECOG_CR_PRES	10	KIDNEY	776	-999	P	17
1279136980203	1	RECOG_FEEDBACK	1
1279136980927	0	RECOG_PRES	10	DAUGHTER	442	-999	P	695
1279136981993	0	RECOG_CR_PRES	10	DAUGHTER	442	-999	P	102
1279136982386	1	RECOG_FEEDBACK	1
1279136983194	0	RECOG_PRES	10	FOLLOWER	589	-999	P	949
1279136984518	0	RECOG_CR_PRES	10	FOLLOWER	589	-999	P	80
1279136984893	1	RECOG_FEEDBACK	1
1279136985668	0	RECOG_PRES	10	GUITAR	670	-999	P	1074
1279136987110	0	RECOG_CR_PRES	10	GUITAR	670	-999	P	81
1279136987493	1	RECOG_FEEDBACK	1
1279136988202	0	RECOG_PRES	10	PASTA	1021	-999	P	877
1279136989452	0	RECOG_CR_PRES	10	PASTA	1021	-999	P	98
1279136989851	1	RECOG_FEEDBACK	1
1279136990584	0	RECOG_PRES	10	MOP	916	-999	P	1294
1279136992243	0	RECOG_CR_PRES	10	MOP	916	-999	P	76
1279136992634	1	RECOG_FEEDBACK	1
1279136993343	0	RECOG_PRES	10	WINE	1613	-999	P	892
1279136994634	0	RECOG_CR_PRES	10	WINE	1613	-999	P	92
1279136995018	1	RECOG_FEEDBACK	1
1279136995767	0	RECOG_PRES	10	BASKET	95	-999	P	1600
1279136997742	0	RECOG_CR_PRES	10	BASKET	95	-999	P	80
1279136998143	1	RECOG_FEEDBACK	1
1279136998942	0	RECOG_PRES	10	LAUNDRY	803	-999	P	768
1279137000076	0	RECOG_CR_PRES	10	LAUNDRY	803	-999	P	107
1279137000467	1	RECOG_FEEDBACK	1
1279137001234	0	RECOG_PRES	10	FUGITIVE	612	-999	P	869
1279137002475	0	RECOG_CR_PRES	10	FUGITIVE	612	-999	P	115
1279137002883	1	RECOG_FEEDBACK	1
1279137003667	0	RECOG_PRES	10	SILK	1307	-999	P	816
1279137004883	0	RECOG_CR_PRES	10	SILK	1307	-999	P	67
1279137005251	1	RECOG_FEEDBACK	1
1279137006017	0	RECOG_PRES	10	SENATE	1267	-999	P	781
1279137007159	0	RECOG_CR_PRES	10	SENATE	1267	-999	P	136
1279137007566	1	RECOG_FEEDBACK	1
1279137008359	0	RECOG_PRES	10	LINEN	825	-999	P	1088
1279137009816	0	RECOG_CR_PRES	10	LINEN	825	-999	P	102
1279137010225	1	RECOG_FEEDBACK	1
1279137010983	0	RECOG_PRES	10	PAIL	1002	-999	P	791
1279137012142	0	RECOG_CR_PRES	10	PAIL	1002	-999	P	113
1279137012541	1	RECOG_FEEDBACK	1
1279137013283	0	RECOG_PRES	10	ARCHITECT	36	-999	P	946
1279137014616	0	RECOG_CR_PRES	10	ARCHITECT	36	-999	P	142
1279137015050	1	RECOG_FEEDBACK	1
1279137021782	0	REST
1279137022686	1	REC_START
1279137022715	0	RECOG_PRES	11	BOLT	146	-999	P	955
1279137024033	0	RECOG_CR_PRES	11	BOLT	146	-999	P	110
1279137024441	1	RECOG_FEEDBACK	1
1279137025233	0	RECOG_PRES	11	BALLERINA	74	-999	P	782
1279137026382	0	RECOG_CR_PRES	11	BALLERINA	74	-999	P	65
1279137026740	1	RECOG_FEEDBACK	1
1279137027540	0	RECOG_PRES	11	GAVEL	627	-999	P	795
1279137028706	0	RECOG_CR_PRES	11	GAVEL	627	-999	P	36
1279137029041	1	RECOG_FEEDBACK	1
1279137029823	0	RECOG_PRES	11	FACE	547	-999	P	783
1279137030981	0	RECOG_CR_PRES	11	FACE	547	-999	P	17
1279137031290	1	RECOG_FEEDBACK	1
1279137032090	0	RECOG_PRES	11	LION	827	-999	P	708
1279137033165	0	RECOG_CR_PRES	11	LION	827	-999	P	58
1279137033514	1	RECOG_FEEDBACK	1
1279137034249	0	RECOG_PRES	11	JOINT	758	-999	P	749
1279137035373	0	RECOG_CR_PRES	11	JOINT	758	-999	P	66
1279137035722	1	RECOG_FEEDBACK	1
1279137036448	0	RECOG_PRES	11	CUP	424	-999	P	855
1279137037672	0	RECOG_CR_PRES	11	CUP	424	-999	P	46
1279137038015	1	RECOG_FEEDBACK	1
1279137038747	0	RECOG_PRES	11	SPY	1360	-999	P	1091
1279137040206	0	RECOG_CR_PRES	11	SPY	1360	-999	P	73
1279137040580	1	RECOG_FEEDBACK	1
1279137041306	0	RECOG_PRES	11	NERVE	944	-999	P	837
1279137042514	0	RECOG_CR_PRES	11	NERVE	944	-999	P	68
1279137042872	1	RECOG_FEEDBACK	1
1279137043672	0	RECOG_PRES	11	SPOUSE	1358	-999	P	767
1279137044813	0	RECOG_CR_PRES	11	SPOUSE	1358	-999	P	65
1279137045164	1	RECOG_FEEDBACK	1
1279137045972	0	RECOG_PRES	11	SPARROW	1347	-999	P	786
1279137047123	0	RECOG_CR_PRES	11	SPARROW	1347	-999	P	60
1279137047472	1	RECOG_FEEDBACK	1
1279137048248	0	RECOG_PRES	11	SERVER	1272	-999	P	824
1279137049471	0	RECOG_CR_PRES	11	SERVER	1272	-999	P	47
1279137049805	1	RECOG_FEEDBACK	1
1279137050530	0	RECOG_PRES	11	COFFEE	341	-999	P	757
1279137051655	0	RECOG_CR_PRES	11	COFFEE	341	-999	P	71
1279137052014	1	RECOG_FEEDBACK	1
1279137052755	0	RECOG_PRES	11	MACHINE	852	-999	P	811
1279137053929	0	RECOG_CR_PRES	11	MACHINE	852	-999	P	94
1279137054314	1	RECOG_FEEDBACK	1
1279137055122	0	RECOG_PRES	11	ERASER	538	-999	P	868
1279137056364	0	RECOG_CR_PRES	11	ERASER	538	-999	P	83
1279137056737	1	RECOG_FEEDBACK	1
1279137057487	0	RECOG_PRES	11	CANYON	235	-999	P	840
1279137058696	0	RECOG_CR_PRES	11	CANYON	235	-999	P	78
1279137059063	1	RECOG_FEEDBACK	1
1279137059862	0	RECOG_PRES	11	RAKE	1164	-999	P	1648
1279137061887	0	RECOG_CR_PRES	11	RAKE	1164	-999	P	63
1279137062271	1	RECOG_FEEDBACK	1
1279137063063	0	RECOG_PRES	11	POISON	1096	-999	P	791
1279137064221	0	RECOG_CR_PRES	11	POISON	1096	-999	P	74
1279137064570	1	RECOG_FEEDBACK	1
1279137065321	0	RECOG_PRES	11	ACORN	3	-999	P	774
1279137066470	0	RECOG_CR_PRES	11	ACORN	3	-999	P	128
1279137066887	1	RECOG_FEEDBACK	1
1279137067603	0	RECOG_PRES	11	TOMB	1477	-999	P	931
1279137068903	0	RECOG_CR_PRES	11	TOMB	1477	-999	P	104
1279137069296	1	RECOG_FEEDBACK	1
1279137085003	0	REST
1279137086188	1	REC_START
1279137086220	0	RECOG_PRES	12	NUN	962	-999	P	955
1279137087543	0	RECOG_CR_PRES	12	NUN	962	-999	P	79
1279137087910	1	RECOG_FEEDBACK	1
1279137088643	0	RECOG_PRES	12	SHIP	1286	-999	P	851
1279137089868	0	RECOG_CR_PRES	12	SHIP	1286	-999	P	50
1279137090211	1	RECOG_FEEDBACK	1
1279137090960	0	RECOG_PRES	12	ROOM	1206	-999	P	774
1279137092103	0	RECOG_CR_PRES	12	ROOM	1206	-999	P	56
1279137092453	1	RECOG_FEEDBACK	1
1279137093186	0	RECOG_PRES	12	HUT	729	-999	P	869
1279137094427	0	RECOG_CR_PRES	12	HUT	729	-999	P	28
1279137094751	1	RECOG_FEEDBACK	1
1279137095468	0	RECOG_PRES	12	CHAIRPERSON	275	-999	P	819
1279137096660	0	RECOG_CR_PRES	12	CHAIRPERSON	275	-999	P	42
1279137096993	1	RECOG_FEEDBACK	1
1279137097768	0	RECOG_PRES	12	FILM	565	-999	P	2519
1279137100659	0	RECOG_CR_PRES	12	FILM	565	-999	P	43
1279137101044	1	RECOG_FEEDBACK	1
1279137101801	0	RECOG_PRES	12	TREAD	1499	-999	P	853
1279137103052	0	RECOG_CR_PRES	12	TREAD	1499	-999	P	35
1279137103385	1	RECOG_FEEDBACK	1
1279137104193	0	RECOG_PRES	12	LIMB	822	-999	P	1006
1279137105567	0	RECOG_CR_PRES	12	LIMB	822	-999	P	55
1279137105917	1	RECOG_FEEDBACK	1
1279137106659	0	RECOG_PRES	12	CONVICT	371	-999	P	1099
1279137108126	0	RECOG_CR_PRES	12	CONVICT	371	-999	P	49
1279137108475	1	RECOG_FEEDBACK	0
1279137109268	0	RECOG_PRES	12	INTESTINE	742	-999	P	963
1279137110600	0	RECOG_CR_PRES	12	INTESTINE	742	-999	P	54
1279137110942	1	RECOG_FEEDBACK	1
1279137111750	0	RECOG_PRES	12	GOOSE	649	-999	P	992
1279137113109	0	RECOG_CR_PRES	12	GOOSE	649	-999	P	50
1279137113467	1	RECOG_FEEDBACK	1
1279137114234	0	RECOG_PRES	12	INMATE	738	-999	P	1548
1279137116151	0	RECOG_CR_PRES	12	INMATE	738	-999	P	64
1279137116525	1	RECOG_FEEDBACK	0
1279137117242	0	RECOG_PRES	12	STATUE	1374	-999	P	883
1279137118524	0	RECOG_CR_PRES	12	STATUE	1374	-999	P	50
1279137118875	1	RECOG_FEEDBACK	1
1279137119666	0	RECOG_PRES	12	SLEIGH	1325	-999	P	892
1279137120933	0	RECOG_CR_PRES	12	SLEIGH	1325	-999	P	41
1279137121275	1	RECOG_FEEDBACK	1
1279137122042	0	RECOG_PRES	12	OX	994	-999	P	812
1279137123217	0	RECOG_CR_PRES	12	OX	994	-999	P	54
1279137123566	1	RECOG_FEEDBACK	1
1279137124350	0	RECOG_PRES	12	TOOTH	1481	-999	P	2288
1279137127008	0	RECOG_CR_PRES	12	TOOTH	1481	-999	P	47
1279137127383	1	RECOG_FEEDBACK	0
1279137128192	0	RECOG_PRES	12	AGENT	10	-999	P	5239
1279137133798	0	RECOG_CR_PRES	12	AGENT	10	-999	P	72
1279137134258	1	RECOG_FEEDBACK	1
1279137134982	0	RECOG_PRES	12	VASE	1549	-999	P	1377
1279137136731	0	RECOG_CR_PRES	12	VASE	1549	-999	P	91
1279137137132	1	RECOG_FEEDBACK	1
1279137137923	0	RECOG_PRES	12	LIBRARY	816	-999	P	947
1279137139232	0	RECOG_CR_PRES	12	LIBRARY	816	-999	P	71
1279137139590	1	RECOG_FEEDBACK	1
1279137140341	0	RECOG_PRES	12	YOUTH	1634	-999	P	1010
1279137141723	0	RECOG_CR_PRES	12	YOUTH	1634	-999	P	9
1279137142040	1	RECOG_FEEDBACK	1
1279137144015	0	REST
1279137145009	1	REC_START
1279137145049	0	RECOG_PRES	13	CARPENTER	246	-999	P	949
1279137146373	0	RECOG_CR_PRES	13	CARPENTER	246	-999	P	50
1279137146714	1	RECOG_FEEDBACK	1
1279137147464	0	RECOG_PRES	13	BLOUSE	139	-999	P	759
1279137148597	0	RECOG_CR_PRES	13	BLOUSE	139	-999	P	49
1279137148931	1	RECOG_FEEDBACK	1
1279137149714	0	RECOG_PRES	13	BRACELET	163	-999	P	780
1279137150855	0	RECOG_CR_PRES	13	BRACELET	163	-999	P	39
1279137151190	1	RECOG_FEEDBACK	1
1279137151922	0	RECOG_PRES	13	FARM	552	-999	P	732
1279137153015	0	RECOG_CR_PRES	13	FARM	552	-999	P	56
1279137153356	1	RECOG_FEEDBACK	1
1279137154131	0	RECOG_PRES	13	ATOM	55	-999	P	908
1279137155414	0	RECOG_CR_PRES	13	ATOM	55	-999	P	56
1279137155763	1	RECOG_FEEDBACK	1
1279137156505	0	RECOG_PRES	13	ENGINEER	536	-999	P	957
1279137157838	0	RECOG_CR_PRES	13	ENGINEER	536	-999	P	104
1279137158231	1	RECOG_FEEDBACK	1
1279137158946	0	RECOG_PRES	13	SHELTER	1282	-999	P	828
1279137160139	0	RECOG_CR_PRES	13	SHELTER	1282	-999	P	28
1279137160456	1	RECOG_FEEDBACK	1
1279137161231	0	RECOG_PRES	13	INDIAN	736	-999	P	832
1279137162463	0	RECOG_CR_PRES	13	INDIAN	736	-999	P	71
1279137162821	1	RECOG_FEEDBACK	1
1279137163538	0	RECOG_PRES	13	SHEEP	1278	-999	P	948
1279137164854	0	RECOG_CR_PRES	13	SHEEP	1278	-999	P	64
1279137165214	1	RECOG_FEEDBACK	1
1279137166005	0	RECOG_PRES	13	COTTAGE	384	-999	P	815
1279137167214	0	RECOG_CR_PRES	13	COTTAGE	384	-999	P	57
1279137167579	1	RECOG_FEEDBACK	1
1279137168347	0	RECOG_PRES	13	FOX	598	-999	P	900
1279137169621	0	RECOG_CR_PRES	13	FOX	598	-999	P	81
1279137169987	1	RECOG_FEEDBACK	1
1279137170696	0	RECOG_PRES	13	MAILMAN	858	-999	P	934
1279137172005	0	RECOG_CR_PRES	13	MAILMAN	858	-999	P	90
1279137172388	1	RECOG_FEEDBACK	1
1279137173130	0	RECOG_PRES	13	LOG	841	-999	P	1732
1279137175230	0	RECOG_CR_PRES	13	LOG	841	-999	P	185
1279137175804	1	RECOG_FEEDBACK	1
1279137176554	0	RECOG_PRES	13	TAPIOCA	1434	-999	P	850
1279137177803	0	RECOG_CR_PRES	13	TAPIOCA	1434	-999	P	107
1279137178196	1	RECOG_FEEDBACK	1
1279137178928	0	RECOG_PRES	13	COD	340	-999	P	942
1279137180238	0	RECOG_CR_PRES	13	COD	340	-999	P	81
1279137180620	1	RECOG_FEEDBACK	1
1279137181371	0	RECOG_PRES	13	COUCH	386	-999	P	828
1279137182570	0	RECOG_CR_PRES	13	COUCH	386	-999	P	108
1279137182970	1	RECOG_FEEDBACK	1
1279137183703	0	RECOG_PRES	13	HANDKERCHIEF	686	-999	P	847
1279137184920	0	RECOG_CR_PRES	13	HANDKERCHIEF	686	-999	P	119
1279137185329	1	RECOG_FEEDBACK	1
1279137186120	0	RECOG_PRES	13	SPRINKLE	1359	-999	P	919
1279137187412	0	RECOG_CR_PRES	13	SPRINKLE	1359	-999	P	90
1279137187794	1	RECOG_FEEDBACK	1
1279137188528	0	RECOG_PRES	13	PERMIT	1051	-999	P	5318
1279137194211	0	RECOG_CR_PRES	13	PERMIT	1051	-999	P	124
1279137194727	1	RECOG_FEEDBACK	1
1279137195453	0	RECOG_PRES	13	KEG	770	-999	P	1217
1279137197036	0	RECOG_CR_PRES	13	KEG	770	-999	P	91
1279137197445	1	RECOG_FEEDBACK	1
1279137199253	0	REST
1279137200228	1	REC_START
1279137200261	0	RECOG_PRES	14	FIREPLACE	570	-999	P	962
1279137201593	0	RECOG_CR_PRES	14	FIREPLACE	570	-999	P	37
1279137201918	1	RECOG_FEEDBACK	1
1279137202685	0	RECOG_PRES	14	ROD	1203	-999	P	833
1279137203918	0	RECOG_CR_PRES	14	ROD	1203	-999	P	32
1279137204236	1	RECOG_FEEDBACK	1
1279137205036	0	RECOG_PRES	14	TRIANGLE	1504	-999	P	1930
1279137207327	0	RECOG_CR_PRES	14	TRIANGLE	1504	-999	P	72
1279137207726	1	RECOG_FEEDBACK	1
1279137208444	0	RECOG_PRES	14	SOAP	1337	-999	P	1474
1279137210285	0	RECOG_CR_PRES	14	SOAP	1337	-999	P	58
1279137210659	1	RECOG_FEEDBACK	1
1279137211410	0	RECOG_PRES	14	POOL	1103	-999	P	957
1279137212742	0	RECOG_CR_PRES	14	POOL	1103	-999	P	16
1279137213068	1	RECOG_FEEDBACK	1
1279137213784	0	RECOG_PRES	14	WINGS	1614	-999	P	814
1279137214967	0	RECOG_CR_PRES	14	WINGS	1614	-999	P	56
1279137215302	1	RECOG_FEEDBACK	1
1279137216060	0	RECOG_PRES	14	COBRA	336	-999	P	802
1279137217226	0	RECOG_CR_PRES	14	COBRA	336	-999	P	61
1279137217575	1	RECOG_FEEDBACK	1
1279137218368	0	RECOG_PRES	14	SUBMARINE	1398	-999	P	791
1279137219534	0	RECOG_CR_PRES	14	SUBMARINE	1398	-999	P	24
1279137219850	1	RECOG_FEEDBACK	1
1279137220625	0	RECOG_PRES	14	STOCKING	1383	-999	P	1710
1279137222708	0	RECOG_CR_PRES	14	STOCKING	1383	-999	P	66
1279137223101	1	RECOG_FEEDBACK	1
1279137223825	0	RECOG_PRES	14	TOWEL	1489	-999	P	837
1279137225026	0	RECOG_CR_PRES	14	TOWEL	1489	-999	P	53
1279137225376	1	RECOG_FEEDBACK	1
1279137226101	0	RECOG_PRES	14	SHIRT	1287	-999	P	978
1279137227451	0	RECOG_CR_PRES	14	SHIRT	1287	-999	P	51
1279137227800	1	RECOG_FEEDBACK	1
1279137228566	0	RECOG_PRES	14	CLIPPERS	324	-999	P	777
1279137229716	0	RECOG_CR_PRES	14	CLIPPERS	324	-999	P	74
1279137230075	1	RECOG_FEEDBACK	1
1279137230858	0	RECOG_PRES	14	HAT	690	-999	P	812
1279137232042	0	RECOG_CR_PRES	14	HAT	690	-999	P	29
1279137232359	1	RECOG_FEEDBACK	1
1279137233092	0	RECOG_PRES	14	COACH	331	-999	P	1027
1279137234491	0	RECOG_CR_PRES	14	COACH	331	-999	P	2115
1279137236907	1	RECOG_FEEDBACK	0
1279137237616	0	RECOG_PRES	14	CATCHER	258	-999	P	2878
1279137240865	0	RECOG_CR_PRES	14	CATCHER	258	-999	P	53
1279137241250	1	RECOG_FEEDBACK	1
1279137242008	0	RECOG_PRES	14	ASTEROID	50	-999	P	774
1279137243150	0	RECOG_CR_PRES	14	ASTEROID	50	-999	P	41
1279137243473	1	RECOG_FEEDBACK	1
1279137244216	0	RECOG_PRES	14	WILDERNESS	1610	-999	P	823
1279137245408	0	RECOG_CR_PRES	14	WILDERNESS	1610	-999	P	15
1279137245707	1	RECOG_FEEDBACK	1
1279137246515	0	RECOG_PRES	14	SANDWICH	1232	-999	P	792
1279137247706	0	RECOG_CR_PRES	14	SANDWICH	1232	-999	P	4
1279137248007	1	RECOG_FEEDBACK	1
1279137248773	0	RECOG_PRES	14	PICK	1058	-999	P	793
1279137249940	0	RECOG_CR_PRES	14	PICK	1058	-999	P	18
1279137250249	1	RECOG_FEEDBACK	1
1279137251057	0	RECOG_PRES	14	SPHINX	1349	-999	P	799
1279137252249	0	RECOG_CR_PRES	14	SPHINX	1349	-999	P	6
1279137252548	1	RECOG_FEEDBACK	1
1279137260148	0	REST
1279137260997	1	REC_START
1279137261031	0	RECOG_PRES	15	STREET	1393	-999	P	1719
1279137263115	0	RECOG_CR_PRES	15	STREET	1393	-999	P	44
1279137263464	1	RECOG_FEEDBACK	1
1279137264231	0	RECOG_PRES	15	TRIBE	1505	-999	P	896
1279137265497	0	RECOG_CR_PRES	15	TRIBE	1505	-999	P	5
1279137265788	1	RECOG_FEEDBACK	1
1279137266580	0	RECOG_PRES	15	THESAURUS	1454	-999	P	938
1279137267888	0	RECOG_CR_PRES	15	THESAURUS	1454	-999	P	22
1279137268198	1	RECOG_FEEDBACK	1
1279137268972	0	RECOG_PRES	15	STY	1397	-999	P	833
1279137270197	0	RECOG_CR_PRES	15	STY	1397	-999	P	58
1279137270546	1	RECOG_FEEDBACK	1
1279137271272	0	RECOG_PRES	15	SKIN	1318	-999	P	767
1279137272414	0	RECOG_CR_PRES	15	SKIN	1318	-999	P	9
1279137272705	1	RECOG_FEEDBACK	1
1279137273488	0	RECOG_PRES	15	CHIP	303	-999	P	1478
1279137275330	0	RECOG_CR_PRES	15	CHIP	303	-999	P	61
1279137275696	1	RECOG_FEEDBACK	1
1279137276447	0	RECOG_PRES	15	OCEAN	970	-999	P	1175
1279137277996	0	RECOG_CR_PRES	15	OCEAN	970	-999	P	27
1279137278338	1	RECOG_FEEDBACK	1
1279137279097	0	RECOG_PRES	15	CLOSET	326	-999	P	749
1279137280213	0	RECOG_CR_PRES	15	CLOSET	326	-999	P	26
1279137280529	1	RECOG_FEEDBACK	1
1279137281313	0	RECOG_PRES	15	LEMON	810	-999	P	1477
1279137283155	0	RECOG_CR_PRES	15	LEMON	810	-999	P	68
1279137283545	1	RECOG_FEEDBACK	1
1279137284246	0	RECOG_PRES	15	UMPIRE	1535	-999	P	1161
1279137285779	0	RECOG_CR_PRES	15	UMPIRE	1535	-999	P	27
1279137286121	1	RECOG_FEEDBACK	1
1279137286904	0	RECOG_PRES	15	TONGUE	1479	-999	P	798
1279137288071	0	RECOG_CR_PRES	15	TONGUE	1479	-999	P	88
1279137288446	1	RECOG_FEEDBACK	1
1279137289229	0	RECOG_PRES	15	ATMOSPHERE	54	-999	P	753
1279137290346	0	RECOG_CR_PRES	15	ATMOSPHERE	54	-999	P	93
1279137290728	1	RECOG_FEEDBACK	1
1279137291454	0	RECOG_PRES	15	POND	1101	-999	P	1488
1279137293304	0	RECOG_CR_PRES	15	POND	1101	-999	P	55
1279137293661	1	RECOG_FEEDBACK	1
1279137294396	0	RECOG_PRES	15	BUCKLE	185	-999	P	1410
1279137296170	0	RECOG_CR_PRES	15	BUCKLE	185	-999	P	93
1279137296569	1	RECOG_FEEDBACK	1
1279137297304	0	RECOG_PRES	15	SERPENT	1270	-999	P	831
1279137298503	0	RECOG_CR_PRES	15	SERPENT	1270	-999	P	111
1279137298894	1	RECOG_FEEDBACK	1
1279137299686	0	RECOG_PRES	15	PRISON	1127	-999	P	800
1279137300861	0	RECOG_CR_PRES	15	PRISON	1127	-999	P	25
1279137301195	1	RECOG_FEEDBACK	0
1279137301977	0	RECOG_PRES	15	SALOON	1228	-999	P	2246
1279137304594	0	RECOG_CR_PRES	15	SALOON	1228	-999	P	140
1279137305070	1	RECOG_FEEDBACK	1
1279137305785	0	RECOG_PRES	15	SLIDE	1326	-999	P	837
1279137306994	0	RECOG_CR_PRES	15	SLIDE	1326	-999	P	109
1279137307395	1	RECOG_FEEDBACK	1
1279137308153	0	RECOG_PRES	15	YARN	1631	-999	P	821
1279137309336	0	RECOG_CR_PRES	15	YARN	1631	-999	P	103
1279137309727	1	RECOG_FEEDBACK	1
1279137310444	0	RECOG_PRES	15	GORILLA	650	-999	P	867
1279137311685	0	RECOG_CR_PRES	15	GORILLA	650	-999	P	129
1279137312111	1	RECOG_FEEDBACK	1
1279137312930	0	RECOG_END
1279137313993	0	SESS_END
1279137314032	0	E	Logging Ends
