1266268580228	0	B	Logging Begins
1266268580228	0	SESS_START	1
1266268667344	1	FR_PRES	0	MICROPHONE	890	-1	-1	-1266268667344	white	../fonts/Verdana.ttf	upper
1266268671211	1	FR_PRES	0	CONE	363	-1	-1	-1266268671211	white	../fonts/Verdana.ttf	upper
1266268675319	1	FR_PRES	0	FUDGE	611	-1	-1	-1266268675319	white	../fonts/Verdana.ttf	upper
1266268679402	1	FR_PRES	0	ENGINE	535	-1	-1	-1266268679402	white	../fonts/Verdana.ttf	upper
1266268683393	1	FR_PRES	0	FIREPLACE	570	-1	-1	-1266268683393	white	../fonts/Verdana.ttf	upper
1266268687210	1	FR_PRES	0	STEP	1377	-1	-1	-1266268687210	white	../fonts/Verdana.ttf	upper
1266268691051	1	FR_PRES	0	STAGE	1366	-1	-1	-1266268691051	white	../fonts/Verdana.ttf	upper
1266268695234	1	FR_PRES	0	TREE	1502	-1	-1	-1266268695234	white	../fonts/Verdana.ttf	upper
1266268699184	1	FR_PRES	0	CUSTARD	429	-1	-1	-1266268699184	white	../fonts/Verdana.ttf	upper
1266268703342	1	FR_PRES	0	ELBOW	520	-1	-1	-1266268703342	white	../fonts/Verdana.ttf	upper
1266268707483	1	FR_PRES	0	BOSS	152	-1	-1	-1266268707483	white	../fonts/Verdana.ttf	upper
1266268711624	1	FR_PRES	0	TIMBER	1469	-1	-1	-1266268711624	white	../fonts/Verdana.ttf	upper
1266268715733	1	FR_PRES	0	CLOCK	325	-1	-1	-1266268715733	white	../fonts/Verdana.ttf	upper
1266268719898	1	FR_PRES	0	TICK	1463	-1	-1	-1266268719898	white	../fonts/Verdana.ttf	upper
1266268723964	1	FR_PRES	0	PIZZA	1079	-1	-1	-1266268723964	white	../fonts/Verdana.ttf	upper
1266268728057	1	FR_PRES	0	CRUTCH	417	-1	-1	-1266268728057	white	../fonts/Verdana.ttf	upper
1266268733914	1	REC_START
1266268836091	0	REST
1266268837599	1	FR_PRES	1	COUNTY	389	-1	-1	-1266268837599	white	../fonts/Verdana.ttf	upper
1266268841432	1	FR_PRES	1	VILLAIN	1567	-1	-1	-1266268841432	white	../fonts/Verdana.ttf	upper
1266268845298	1	FR_PRES	1	SAPPHIRE	1234	-1	-1	-1266268845298	white	../fonts/Verdana.ttf	upper
1266268849381	1	FR_PRES	1	STATUE	1374	-1	-1	-1266268849381	white	../fonts/Verdana.ttf	upper
1266268853398	1	FR_PRES	1	COUNTRY	388	-1	-1	-1266268853398	white	../fonts/Verdana.ttf	upper
1266268857597	1	FR_PRES	1	BUTTERFLY	206	-1	-1	-1266268857597	white	../fonts/Verdana.ttf	upper
1266268861564	1	FR_PRES	1	NOTEBOOK	959	-1	-1	-1266268861564	white	../fonts/Verdana.ttf	upper
1266268865380	1	FR_PRES	1	FOLDER	588	-1	-1	-1266268865380	white	../fonts/Verdana.ttf	upper
1266268869255	1	FR_PRES	1	ROACH	1195	-1	-1	-1266268869255	white	../fonts/Verdana.ttf	upper
1266268873121	1	FR_PRES	1	BERRY	122	-1	-1	-1266268873121	white	../fonts/Verdana.ttf	upper
1266268876995	1	FR_PRES	1	WILDERNESS	1610	-1	-1	-1266268876995	white	../fonts/Verdana.ttf	upper
1266268880936	1	FR_PRES	1	SCISSORS	1250	-1	-1	-1266268880936	white	../fonts/Verdana.ttf	upper
1266268885079	1	FR_PRES	1	CUBE	420	-1	-1	-1266268885079	white	../fonts/Verdana.ttf	upper
1266268889128	1	FR_PRES	1	JAPAN	749	-1	-1	-1266268889128	white	../fonts/Verdana.ttf	upper
1266268893145	1	FR_PRES	1	PENCIL	1042	-1	-1	-1266268893145	white	../fonts/Verdana.ttf	upper
1266268897086	1	FR_PRES	1	SCRIBBLE	1256	-1	-1	-1266268897086	white	../fonts/Verdana.ttf	upper
1266268902960	1	REC_START
1266268981555	0	REST
1266268983063	1	FR_PRES	2	VAULT	1550	-1	-1	-1266268983063	white	../fonts/Verdana.ttf	upper
1266268987021	1	FR_PRES	2	COIN	343	-1	-1	-1266268987021	white	../fonts/Verdana.ttf	upper
1266268990853	1	FR_PRES	2	SERVER	1272	-1	-1	-1266268990853	white	../fonts/Verdana.ttf	upper
1266268994945	1	FR_PRES	2	SCREW	1254	-1	-1	-1266268994945	white	../fonts/Verdana.ttf	upper
1266268998894	1	FR_PRES	2	BALL	73	-1	-1	-1266268998894	white	../fonts/Verdana.ttf	upper
1266269002844	1	FR_PRES	2	DISH	474	-1	-1	-1266269002844	white	../fonts/Verdana.ttf	upper
1266269006803	1	FR_PRES	2	CREW	406	-1	-1	-1266269006803	white	../fonts/Verdana.ttf	upper
1266269010636	1	FR_PRES	2	GROCERY	664	-1	-1	-1266269010636	white	../fonts/Verdana.ttf	upper
1266269014461	1	FR_PRES	2	DICE	461	-1	-1	-1266269014461	white	../fonts/Verdana.ttf	upper
1266269018386	1	FR_PRES	2	COYOTE	396	-1	-1	-1266269018386	white	../fonts/Verdana.ttf	upper
1266269022577	1	FR_PRES	2	TROUSERS	1510	-1	-1	-1266269022577	white	../fonts/Verdana.ttf	upper
1266269026535	1	FR_PRES	2	DOCK	477	-1	-1	-1266269026535	white	../fonts/Verdana.ttf	upper
1266269030651	1	FR_PRES	2	BANQUET	86	-1	-1	-1266269030651	white	../fonts/Verdana.ttf	upper
1266269034651	1	FR_PRES	2	CAPITAL	238	-1	-1	-1266269034651	white	../fonts/Verdana.ttf	upper
1266269038701	1	FR_PRES	2	CITIZEN	312	-1	-1	-1266269038701	white	../fonts/Verdana.ttf	upper
1266269042767	1	FR_PRES	2	LAPEL	800	-1	-1	-1266269042767	white	../fonts/Verdana.ttf	upper
1266269048351	1	REC_START
1266269126286	0	REST
1266269127794	1	FR_PRES	3	HEDGE	699	-1	-1	-1266269127794	white	../fonts/Verdana.ttf	upper
1266269131786	1	FR_PRES	3	ORNAMENT	985	-1	-1	-1266269131786	white	../fonts/Verdana.ttf	upper
1266269135669	1	FR_PRES	3	SEAGULL	1261	-1	-1	-1266269135669	white	../fonts/Verdana.ttf	upper
1266269139752	1	FR_PRES	3	GERM	632	-1	-1	-1266269139752	white	../fonts/Verdana.ttf	upper
1266269143934	1	FR_PRES	3	ASSISTANT	48	-1	-1	-1266269143934	white	../fonts/Verdana.ttf	upper
1266269147892	1	FR_PRES	3	MINT	898	-1	-1	-1266269147892	white	../fonts/Verdana.ttf	upper
1266269151743	1	FR_PRES	3	PIGMENT	1066	-1	-1	-1266269151743	white	../fonts/Verdana.ttf	upper
1266269155667	1	FR_PRES	3	PAINT	1003	-1	-1	-1266269155667	white	../fonts/Verdana.ttf	upper
1266269159559	1	FR_PRES	3	VITAMIN	1574	-1	-1	-1266269159559	white	../fonts/Verdana.ttf	upper
1266269163383	1	FR_PRES	3	DRESSER	496	-1	-1	-1266269163383	white	../fonts/Verdana.ttf	upper
1266269167591	1	FR_PRES	3	CRADLE	399	-1	-1	-1266269167591	white	../fonts/Verdana.ttf	upper
1266269171399	1	FR_PRES	3	TYPIST	1532	-1	-1	-1266269171399	white	../fonts/Verdana.ttf	upper
1266269175507	1	FR_PRES	3	BANANA	77	-1	-1	-1266269175507	white	../fonts/Verdana.ttf	upper
1266269179507	1	FR_PRES	3	KIWI	781	-1	-1	-1266269179507	white	../fonts/Verdana.ttf	upper
1266269183415	1	FR_PRES	3	CLOTHES	327	-1	-1	-1266269183415	white	../fonts/Verdana.ttf	upper
1266269187473	1	FR_PRES	3	CREAM	402	-1	-1	-1266269187473	white	../fonts/Verdana.ttf	upper
1266269193373	1	REC_START
1266269478486	0	REST
1266269479993	1	FR_PRES	4	TULIP	1517	0	0	1877	(0.42259999999999998, 0.58709999999999996, 0)	../fonts/zerothre.ttf	lower
1266269483959	1	FR_PRES	4	EXPLOSION	544	0	0	2592	(0.42259999999999998, 0.58709999999999996, 0)	../fonts/zerothre.ttf	lower
1266269488035	1	FR_PRES	4	JAM	748	0	0	1660	(0.42259999999999998, 0.58709999999999996, 0)	../fonts/zerothre.ttf	lower
1266269492243	1	FR_PRES	4	SANDWICH	1232	0	0	1292	(0.42259999999999998, 0.58709999999999996, 0)	../fonts/zerothre.ttf	lower
1266269496226	1	FR_PRES	4	BUFFALO	186	0	1	837	(0.42259999999999998, 0.58709999999999996, 0)	../fonts/zerothre.ttf	lower
1266269500184	1	FR_PRES	4	BISON	131	0	1	766	(0.42259999999999998, 0.58709999999999996, 0)	../fonts/zerothre.ttf	lower
1266269504109	1	FR_PRES	4	PIN	1072	0	0	722	(0.42259999999999998, 0.58709999999999996, 0)	../fonts/zerothre.ttf	lower
1266269508125	1	FR_PRES	4	STRING	1394	0	0	706	(0.42259999999999998, 0.58709999999999996, 0)	../fonts/zerothre.ttf	lower
1266269511982	1	FR_PRES	4	HEART	697	0	0	880	(0.42259999999999998, 0.58709999999999996, 0)	../fonts/zerothre.ttf	lower
1266269516108	1	FR_PRES	4	PLATE	1086	0	1	1419	(0.42259999999999998, 0.58709999999999996, 0)	../fonts/zerothre.ttf	lower
1266269519931	1	FR_PRES	4	MEDICINE	886	0	0	860	(0.42259999999999998, 0.58709999999999996, 0)	../fonts/zerothre.ttf	lower
1266269523923	1	FR_PRES	4	NECK	939	0	0	1508	(0.42259999999999998, 0.58709999999999996, 0)	../fonts/zerothre.ttf	lower
1266269528099	1	FR_PRES	4	SEED	1266	0	0	763	(0.42259999999999998, 0.58709999999999996, 0)	../fonts/zerothre.ttf	lower
1266269532182	1	FR_PRES	4	TANK	1432	0	1	792	(0.42259999999999998, 0.58709999999999996, 0)	../fonts/zerothre.ttf	lower
1266269536173	1	FR_PRES	4	BRICK	172	0	0	825	(0.42259999999999998, 0.58709999999999996, 0)	../fonts/zerothre.ttf	lower
1266269540206	1	FR_PRES	4	CONTRACTOR	369	0	1	913	(0.42259999999999998, 0.58709999999999996, 0)	../fonts/zerothre.ttf	lower
1266269546014	1	REC_START
1266269626940	0	REST
1266269628441	1	FR_PRES	5	HARP	689	0	0	1214	(0.42259999999999998, 0.58709999999999996, 0)	../fonts/zerothre.ttf	lower
1266269632391	1	FR_PRES	5	TROPHY	1509	0	1	792	(0.42259999999999998, 0.58709999999999996, 0)	../fonts/zerothre.ttf	lower
1266269636382	1	FR_PRES	5	ERASER	538	0	0	697	(0.42259999999999998, 0.58709999999999996, 0)	../fonts/zerothre.ttf	lower
1266269640207	1	FR_PRES	5	ICING	732	0	0	1016	(0.42259999999999998, 0.58709999999999996, 0)	../fonts/zerothre.ttf	lower
1266269644415	1	FR_PRES	5	CACTUS	215	0	1	912	(0.42259999999999998, 0.58709999999999996, 0)	../fonts/zerothre.ttf	lower
1266269648356	1	FR_PRES	5	VASE	1549	0	1	1739	(0.42259999999999998, 0.58709999999999996, 0)	../fonts/zerothre.ttf	lower
1266269652231	1	FR_PRES	5	CHAIN	273	0	0	1751	(0.42259999999999998, 0.58709999999999996, 0)	../fonts/zerothre.ttf	lower
1266269656431	1	FR_PRES	5	EARRING	514	0	0	808	(0.42259999999999998, 0.58709999999999996, 0)	../fonts/zerothre.ttf	lower
1266269660281	1	FR_PRES	5	CIGARETTE	309	0	0	669	(0.42259999999999998, 0.58709999999999996, 0)	../fonts/zerothre.ttf	lower
1266269664172	1	FR_PRES	5	WINNER	1615	0	1	2091	(0.42259999999999998, 0.58709999999999996, 0)	../fonts/zerothre.ttf	lower
1266269668372	1	FR_PRES	5	BURGLAR	200	0	1	971	(0.42259999999999998, 0.58709999999999996, 0)	../fonts/zerothre.ttf	lower
1266269672246	1	FR_PRES	5	VIOLA	1570	0	0	1249	(0.42259999999999998, 0.58709999999999996, 0)	../fonts/zerothre.ttf	lower
1266269676354	1	FR_PRES	5	SILK	1307	0	0	973	(0.42259999999999998, 0.58709999999999996, 0)	../fonts/zerothre.ttf	lower
1266269680379	1	FR_PRES	5	VELVET	1555	0	0	1356	(0.42259999999999998, 0.58709999999999996, 0)	../fonts/zerothre.ttf	lower
1266269684579	1	FR_PRES	5	SATURN	1236	0	1	828	(0.42259999999999998, 0.58709999999999996, 0)	../fonts/zerothre.ttf	lower
1266269688754	1	FR_PRES	5	FACTORY	548	0	1	797	(0.42259999999999998, 0.58709999999999996, 0)	../fonts/zerothre.ttf	lower
1266269694787	1	REC_START
1266269772497	0	REST
1266269774006	1	FR_PRES	6	FLOOR	581	0	1	1305	(0.42259999999999998, 0.58709999999999996, 0)	../fonts/zerothre.ttf	lower
1266269778055	1	FR_PRES	6	SWIMMER	1420	0	1	847	(0.42259999999999998, 0.58709999999999996, 0)	../fonts/zerothre.ttf	lower
1266269782263	1	FR_PRES	6	SINK	1309	0	1	1360	(0.42259999999999998, 0.58709999999999996, 0)	../fonts/zerothre.ttf	lower
1266269786130	1	FR_PRES	6	MARS	873	0	1	844	(0.42259999999999998, 0.58709999999999996, 0)	../fonts/zerothre.ttf	lower
1266269790288	1	FR_PRES	6	VETERAN	1561	0	1	871	(0.42259999999999998, 0.58709999999999996, 0)	../fonts/zerothre.ttf	lower
1266269794138	1	FR_PRES	6	LASER	801	0	0	1965	(0.42259999999999998, 0.58709999999999996, 0)	../fonts/zerothre.ttf	lower
1266269798287	1	FR_PRES	6	ZUCCHINI	1638	0	0	1104	(0.42259999999999998, 0.58709999999999996, 0)	../fonts/zerothre.ttf	lower
1266269802487	1	FR_PRES	6	COLESLAW	344	0	0	976	(0.42259999999999998, 0.58709999999999996, 0)	../fonts/zerothre.ttf	lower
1266269806470	1	FR_PRES	6	TREASURE	1500	0	1	1617	(0.42259999999999998, 0.58709999999999996, 0)	../fonts/zerothre.ttf	lower
1266269810678	1	FR_PRES	6	RUBY	1214	0	0	1184	(0.42259999999999998, 0.58709999999999996, 0)	../fonts/zerothre.ttf	lower
1266269814603	1	FR_PRES	6	RIVER	1194	0	1	756	(0.42259999999999998, 0.58709999999999996, 0)	../fonts/zerothre.ttf	lower
1266269818519	1	FR_PRES	6	HOME	712	0	1	1327	(0.42259999999999998, 0.58709999999999996, 0)	../fonts/zerothre.ttf	lower
1266269822452	1	FR_PRES	6	MANSION	864	0	1	907	(0.42259999999999998, 0.58709999999999996, 0)	../fonts/zerothre.ttf	lower
1266269826477	1	FR_PRES	6	STEAM	1375	0	1	1034	(0.42259999999999998, 0.58709999999999996, 0)	../fonts/zerothre.ttf	lower
1266269830452	1	FR_PRES	6	EARTH	515	0	1	731	(0.42259999999999998, 0.58709999999999996, 0)	../fonts/zerothre.ttf	lower
1266269834418	1	FR_PRES	6	AMBULANCE	19	0	1	853	(0.42259999999999998, 0.58709999999999996, 0)	../fonts/zerothre.ttf	lower
1266269840401	1	REC_START
1266269918404	0	REST
1266269919911	1	FR_PRES	7	BEAD	103	0	0	1104	(0.42259999999999998, 0.58709999999999996, 0)	../fonts/zerothre.ttf	lower
1266269923820	1	FR_PRES	7	MEDAL	885	0	0	1011	(0.42259999999999998, 0.58709999999999996, 0)	../fonts/zerothre.ttf	lower
1266269927653	1	FR_PRES	7	POLYESTER	1100	0	0	1458	(0.42259999999999998, 0.58709999999999996, 0)	../fonts/zerothre.ttf	lower
1266269931744	1	FR_PRES	7	FLORIDA	582	0	1	1198	(0.42259999999999998, 0.58709999999999996, 0)	../fonts/zerothre.ttf	lower
1266269935868	1	FR_PRES	7	SOCIETY	1338	0	1	1195	(0.42259999999999998, 0.58709999999999996, 0)	../fonts/zerothre.ttf	lower
1266269939884	1	FR_PRES	7	CHIP	303	0	0	1098	(0.42259999999999998, 0.58709999999999996, 0)	../fonts/zerothre.ttf	lower
1266269943777	1	FR_PRES	7	CUPBOARD	425	0	1	1390	(0.42259999999999998, 0.58709999999999996, 0)	../fonts/zerothre.ttf	lower
1266269947735	1	FR_PRES	7	WHEAT	1602	0	1	1632	(0.42259999999999998, 0.58709999999999996, 0)	../fonts/zerothre.ttf	lower
1266269951701	1	FR_PRES	7	SISTER	1312	0	1	826	(0.42259999999999998, 0.58709999999999996, 0)	../fonts/zerothre.ttf	lower
1266269955601	1	FR_PRES	7	BEET	115	0	0	966	(0.42259999999999998, 0.58709999999999996, 0)	../fonts/zerothre.ttf	lower
1266269959617	1	FR_PRES	7	CITY	314	0	1	830	(0.42259999999999998, 0.58709999999999996, 0)	../fonts/zerothre.ttf	lower
1266269963642	1	FR_PRES	7	EAR	513	0	0	949	(0.42259999999999998, 0.58709999999999996, 0)	../fonts/zerothre.ttf	lower
1266269967758	1	FR_PRES	7	WAGON	1578	0	1	817	(0.42259999999999998, 0.58709999999999996, 0)	../fonts/zerothre.ttf	lower
1266269971691	1	FR_PRES	7	CABBAGE	210	0	1	1251	(0.42259999999999998, 0.58709999999999996, 0)	../fonts/zerothre.ttf	lower
1266269975749	1	FR_PRES	7	SCOTCH	1251	0	0	1554	(0.42259999999999998, 0.58709999999999996, 0)	../fonts/zerothre.ttf	lower
1266269979757	1	FR_PRES	7	COCKTAIL	338	0	0	1378	(0.42259999999999998, 0.58709999999999996, 0)	../fonts/zerothre.ttf	lower
1266269985791	1	REC_START
1266270063351	0	REST
1266270064859	1	FR_PRES	8	CLASS	318	1	-999	3000	(0.57740000000000002, 0.41289999999999999, 1.0)	../fonts/amplitud.ttf	upper
1266270067883	1	SLOW_MSG
1266270070442	1	FR_PRES	8	COLLEGE	346	1	0	1045	(0.57740000000000002, 0.41289999999999999, 1.0)	../fonts/amplitud.ttf	upper
1266270074609	1	FR_PRES	8	CARDINAL	244	1	1	926	(0.57740000000000002, 0.41289999999999999, 1.0)	../fonts/amplitud.ttf	upper
1266270078750	1	FR_PRES	8	MUSHROOM	934	1	1	1265	(0.57740000000000002, 0.41289999999999999, 1.0)	../fonts/amplitud.ttf	upper
1266270082841	1	FR_PRES	8	COLONEL	348	1	1	790	(0.57740000000000002, 0.41289999999999999, 1.0)	../fonts/amplitud.ttf	upper
1266270086924	1	FR_PRES	8	TYPEWRITER	1531	1	1	1459	(0.57740000000000002, 0.41289999999999999, 1.0)	../fonts/amplitud.ttf	upper
1266270090898	1	FR_PRES	8	JOURNAL	760	1	0	1237	(0.57740000000000002, 0.41289999999999999, 1.0)	../fonts/amplitud.ttf	upper
1266270094906	1	FR_PRES	8	SHEET	1279	1	0	1189	(0.57740000000000002, 0.41289999999999999, 1.0)	../fonts/amplitud.ttf	upper
1266270099099	1	FR_PRES	8	COLUMN	350	1	0	1036	(0.57740000000000002, 0.41289999999999999, 1.0)	../fonts/amplitud.ttf	upper
1266270103215	1	FR_PRES	8	SPINACH	1352	1	1	1759	(0.57740000000000002, 0.41289999999999999, 1.0)	../fonts/amplitud.ttf	upper
1266270107057	1	FR_PRES	8	CANARY	227	1	1	1422	(0.57740000000000002, 0.41289999999999999, 1.0)	../fonts/amplitud.ttf	upper
1266270111123	1	FR_PRES	8	HEN	703	1	1	731	(0.57740000000000002, 0.41289999999999999, 1.0)	../fonts/amplitud.ttf	upper
1266270115064	1	FR_PRES	8	SIBLING	1301	1	1	959	(0.57740000000000002, 0.41289999999999999, 1.0)	../fonts/amplitud.ttf	upper
1266270119014	1	FR_PRES	8	RAZOR	1171	1	0	880	(0.57740000000000002, 0.41289999999999999, 1.0)	../fonts/amplitud.ttf	upper
1266270123030	1	FR_PRES	8	GAVEL	627	1	0	1257	(0.57740000000000002, 0.41289999999999999, 1.0)	../fonts/amplitud.ttf	upper
1266270127222	1	FR_PRES	8	NAIL	936	1	0	1337	(0.57740000000000002, 0.41289999999999999, 1.0)	../fonts/amplitud.ttf	upper
1266270133039	1	REC_START
1266270210057	0	REST
1266270211566	1	FR_PRES	9	SUSPECT	1415	1	1	1113	(0.57740000000000002, 0.41289999999999999, 1.0)	../fonts/amplitud.ttf	upper
1266270215415	1	FR_PRES	9	SHINGLE	1285	1	0	1320	(0.57740000000000002, 0.41289999999999999, 1.0)	../fonts/amplitud.ttf	upper
1266270219473	1	FR_PRES	9	BARREL	91	1	0	990	(0.57740000000000002, 0.41289999999999999, 1.0)	../fonts/amplitud.ttf	upper
1266270223473	1	FR_PRES	9	BANDAGE	79	1	0	1254	(0.57740000000000002, 0.41289999999999999, 1.0)	../fonts/amplitud.ttf	upper
1266270227439	1	FR_PRES	9	CATTLE	261	1	1	1152	(0.57740000000000002, 0.41289999999999999, 1.0)	../fonts/amplitud.ttf	upper
1266270231381	1	FR_PRES	9	DOLLAR	482	1	0	986	(0.57740000000000002, 0.41289999999999999, 1.0)	../fonts/amplitud.ttf	upper
1266270235331	1	FR_PRES	9	OWNER	993	1	1	860	(0.57740000000000002, 0.41289999999999999, 1.0)	../fonts/amplitud.ttf	upper
1266270239189	1	FR_PRES	9	MAGAZINE	853	1	0	906	(0.57740000000000002, 0.41289999999999999, 1.0)	../fonts/amplitud.ttf	upper
1266270243247	1	FR_PRES	9	REPORT	1184	1	0	1232	(0.57740000000000002, 0.41289999999999999, 1.0)	../fonts/amplitud.ttf	upper
1266270247305	1	FR_PRES	9	BASEBALL	93	1	0	1014	(0.57740000000000002, 0.41289999999999999, 1.0)	../fonts/amplitud.ttf	upper
1266270251304	1	FR_PRES	9	TRAITOR	1495	1	1	991	(0.57740000000000002, 0.41289999999999999, 1.0)	../fonts/amplitud.ttf	upper
1266270255287	1	FR_PRES	9	OTTER	986	1	1	984	(0.57740000000000002, 0.41289999999999999, 1.0)	../fonts/amplitud.ttf	upper
1266270259137	1	FR_PRES	9	BASKETBALL	96	1	0	837	(0.57740000000000002, 0.41289999999999999, 1.0)	../fonts/amplitud.ttf	upper
1266270263104	1	FR_PRES	9	HOSPITAL	721	1	0	943	(0.57740000000000002, 0.41289999999999999, 1.0)	../fonts/amplitud.ttf	upper
1266270267187	1	FR_PRES	9	IGLOO	734	1	0	1707	(0.57740000000000002, 0.41289999999999999, 1.0)	../fonts/amplitud.ttf	upper
1266270271053	1	FR_PRES	9	ICEBERG	731	1	0	865	(0.57740000000000002, 0.41289999999999999, 1.0)	../fonts/amplitud.ttf	upper
1266270276795	1	REC_START
1266270354105	0	REST
1266270355613	1	FR_PRES	10	PUDDLE	1140	1	0	1114	(0.57740000000000002, 0.41289999999999999, 1.0)	../fonts/amplitud.ttf	upper
1266270359447	1	FR_PRES	10	SALIVA	1226	1	0	1120	(0.57740000000000002, 0.41289999999999999, 1.0)	../fonts/amplitud.ttf	upper
1266270363588	1	FR_PRES	10	ZOO	1637	1	0	1282	(0.57740000000000002, 0.41289999999999999, 1.0)	../fonts/amplitud.ttf	upper
1266270367588	1	FR_PRES	10	SCROLL	1257	1	0	995	(0.57740000000000002, 0.41289999999999999, 1.0)	../fonts/amplitud.ttf	upper
1266270371646	1	FR_PRES	10	DIME	466	1	0	1177	(0.57740000000000002, 0.41289999999999999, 1.0)	../fonts/amplitud.ttf	upper
1266270375537	1	FR_PRES	10	BRACELET	163	1	0	1094	(0.57740000000000002, 0.41289999999999999, 1.0)	../fonts/amplitud.ttf	upper
1266270379420	1	FR_PRES	10	HOSTAGE	722	1	1	1067	(0.57740000000000002, 0.41289999999999999, 1.0)	../fonts/amplitud.ttf	upper
1266270383453	1	FR_PRES	10	INMATE	738	1	1	1210	(0.57740000000000002, 0.41289999999999999, 1.0)	../fonts/amplitud.ttf	upper
1266270387411	1	FR_PRES	10	SWAN	1417	1	1	1028	(0.57740000000000002, 0.41289999999999999, 1.0)	../fonts/amplitud.ttf	upper
1266270391336	1	FR_PRES	10	CAULIFLOWER	262	1	1	1407	(0.57740000000000002, 0.41289999999999999, 1.0)	../fonts/amplitud.ttf	upper
1266270395327	1	FR_PRES	10	OX	994	1	1	1096	(0.57740000000000002, 0.41289999999999999, 1.0)	../fonts/amplitud.ttf	upper
1266270399369	1	FR_PRES	10	REBEL	1172	1	1	862	(0.57740000000000002, 0.41289999999999999, 1.0)	../fonts/amplitud.ttf	upper
1266270403318	1	FR_PRES	10	BOWL	158	1	0	1153	(0.57740000000000002, 0.41289999999999999, 1.0)	../fonts/amplitud.ttf	upper
1266270407310	1	FR_PRES	10	PAPER	1011	1	0	1041	(0.57740000000000002, 0.41289999999999999, 1.0)	../fonts/amplitud.ttf	upper
1266270411368	1	FR_PRES	10	ANTENNA	28	1	0	1271	(0.57740000000000002, 0.41289999999999999, 1.0)	../fonts/amplitud.ttf	upper
1266270415509	1	FR_PRES	10	SCREEN	1253	1	0	1002	(0.57740000000000002, 0.41289999999999999, 1.0)	../fonts/amplitud.ttf	upper
1266270421326	1	REC_START
1266270499228	0	REST
1266270500736	1	FR_PRES	11	SCULPTURE	1258	1	0	1023	(0.57740000000000002, 0.41289999999999999, 1.0)	../fonts/amplitud.ttf	upper
1266270504769	1	FR_PRES	11	PALM	1007	1	1	1462	(0.57740000000000002, 0.41289999999999999, 1.0)	../fonts/amplitud.ttf	upper
1266270508594	1	FR_PRES	11	PARTNER	1017	1	1	1541	(0.57740000000000002, 0.41289999999999999, 1.0)	../fonts/amplitud.ttf	upper
1266270512719	1	FR_PRES	11	RIB	1188	1	1	1304	(0.57740000000000002, 0.41289999999999999, 1.0)	../fonts/amplitud.ttf	upper
1266270516685	1	FR_PRES	11	SILVERWARE	1308	1	0	1090	(0.57740000000000002, 0.41289999999999999, 1.0)	../fonts/amplitud.ttf	upper
1266270520859	1	FR_PRES	11	UMBRELLA	1534	1	0	860	(0.57740000000000002, 0.41289999999999999, 1.0)	../fonts/amplitud.ttf	upper
1266270524735	1	FR_PRES	11	CARROT	249	1	1	1040	(0.57740000000000002, 0.41289999999999999, 1.0)	../fonts/amplitud.ttf	upper
1266270528684	1	FR_PRES	11	ISLAND	745	1	0	1250	(0.57740000000000002, 0.41289999999999999, 1.0)	../fonts/amplitud.ttf	upper
1266270532667	1	FR_PRES	11	COD	340	1	1	1484	(0.57740000000000002, 0.41289999999999999, 1.0)	../fonts/amplitud.ttf	upper
1266270536600	1	FR_PRES	11	CRAB	397	1	1	935	(0.57740000000000002, 0.41289999999999999, 1.0)	../fonts/amplitud.ttf	upper
1266270540733	1	FR_PRES	11	NOVEL	960	1	0	810	(0.57740000000000002, 0.41289999999999999, 1.0)	../fonts/amplitud.ttf	upper
1266270544816	1	FR_PRES	11	BOOK	149	1	0	871	(0.57740000000000002, 0.41289999999999999, 1.0)	../fonts/amplitud.ttf	upper
1266270548716	1	FR_PRES	11	ROOMMATE	1207	1	1	1083	(0.57740000000000002, 0.41289999999999999, 1.0)	../fonts/amplitud.ttf	upper
1266270552915	1	FR_PRES	11	BASSINET	97	1	0	1524	(0.57740000000000002, 0.41289999999999999, 1.0)	../fonts/amplitud.ttf	upper
1266270557065	1	FR_PRES	11	LETTUCE	814	1	1	1742	(0.57740000000000002, 0.41289999999999999, 1.0)	../fonts/amplitud.ttf	upper
1266270561265	1	FR_PRES	11	GULL	671	1	1	1558	(0.57740000000000002, 0.41289999999999999, 1.0)	../fonts/amplitud.ttf	upper
1266270567224	1	REC_START
1266271288471	0	REST
1266271289978	1	FR_PRES	12	PERCH	1048	0	0	2117	(0.42259999999999998, 0.58709999999999996, 0)	../fonts/zerothre.ttf	lower
1266271293994	1	FR_PRES	12	ROBIN	1199	0	0	1045	(0.42259999999999998, 0.58709999999999996, 0)	../fonts/zerothre.ttf	lower
1266271298103	1	FR_PRES	12	MISTER	901	0	1	1112	(0.42259999999999998, 0.58709999999999996, 0)	../fonts/zerothre.ttf	lower
1266271302053	1	FR_PRES	12	OCEAN	970	0	1	817	(0.42259999999999998, 0.58709999999999996, 0)	../fonts/zerothre.ttf	lower
1266271305960	1	FR_PRES	12	CANVAS	234	0	1	1215	(0.42259999999999998, 0.58709999999999996, 0)	../fonts/zerothre.ttf	lower
1266271310111	1	FR_PRES	12	POLICE	1098	0	1	767	(0.42259999999999998, 0.58709999999999996, 0)	../fonts/zerothre.ttf	lower
1266271314244	1	FR_PRES	12	CLOSET	326	1	0	1347	(0.57740000000000002, 0.41289999999999999, 1.0)	../fonts/amplitud.ttf	upper
1266271318360	1	FR_PRES	12	ARTICLE	42	1	0	1087	(0.57740000000000002, 0.41289999999999999, 1.0)	../fonts/amplitud.ttf	upper
1266271322410	1	FR_PRES	12	NICKEL	950	1	1	885	(0.57740000000000002, 0.41289999999999999, 1.0)	../fonts/amplitud.ttf	upper
1266271326551	1	FR_PRES	12	KEG	770	0	0	1912	(0.42259999999999998, 0.58709999999999996, 0)	../fonts/zerothre.ttf	lower
1266271330426	1	FR_PRES	12	PLUMBER	1091	0	1	909	(0.42259999999999998, 0.58709999999999996, 0)	../fonts/zerothre.ttf	lower
1266271334392	1	FR_PRES	12	NOMAD	955	1	1	1279	(0.57740000000000002, 0.41289999999999999, 1.0)	../fonts/amplitud.ttf	upper
1266271338484	1	FR_PRES	12	FIST	572	1	1	1523	(0.57740000000000002, 0.41289999999999999, 1.0)	../fonts/amplitud.ttf	upper
1266271342467	1	FR_PRES	12	PATROL	1027	1	0	1443	(0.57740000000000002, 0.41289999999999999, 1.0)	../fonts/amplitud.ttf	upper
1266271346475	1	FR_PRES	12	CONSOLE	364	1	0	924	(0.57740000000000002, 0.41289999999999999, 1.0)	../fonts/amplitud.ttf	upper
1266271350641	1	FR_PRES	12	BUS	201	1	0	1325	(0.57740000000000002, 0.41289999999999999, 1.0)	../fonts/amplitud.ttf	upper
1266271356558	1	REC_START
1266271438427	0	REST
1266271439934	1	FR_PRES	13	PONY	1102	1	1	1657	(0.57740000000000002, 0.41289999999999999, 1.0)	../fonts/amplitud.ttf	upper
1266271443784	1	FR_PRES	13	BELLY	119	1	1	1631	(0.57740000000000002, 0.41289999999999999, 1.0)	../fonts/amplitud.ttf	upper
1266271447776	1	FR_PRES	13	FAN	551	1	0	983	(0.57740000000000002, 0.41289999999999999, 1.0)	../fonts/amplitud.ttf	upper
1266271451834	1	FR_PRES	13	ADULT	8	0	1	1621	(0.42259999999999998, 0.58709999999999996, 0)	../fonts/zerothre.ttf	lower
1266271455717	1	FR_PRES	13	BIBLE	124	0	0	1458	(0.42259999999999998, 0.58709999999999996, 0)	../fonts/zerothre.ttf	lower
1266271459558	1	FR_PRES	13	MOUSE	925	0	0	857	(0.42259999999999998, 0.58709999999999996, 0)	../fonts/zerothre.ttf	lower
1266271463458	1	FR_PRES	13	FREEWAY	603	0	1	997	(0.42259999999999998, 0.58709999999999996, 0)	../fonts/zerothre.ttf	lower
1266271467574	1	FR_PRES	13	CAR	241	1	0	1328	(0.57740000000000002, 0.41289999999999999, 1.0)	../fonts/amplitud.ttf	upper
1266271471741	1	FR_PRES	13	MONEY	908	1	0	1306	(0.57740000000000002, 0.41289999999999999, 1.0)	../fonts/amplitud.ttf	upper
1266271475840	1	FR_PRES	13	PEAR	1033	1	1	1559	(0.57740000000000002, 0.41289999999999999, 1.0)	../fonts/amplitud.ttf	upper
1266271479989	1	FR_PRES	13	VINE	1568	0	1	1802	(0.42259999999999998, 0.58709999999999996, 0)	../fonts/zerothre.ttf	lower
1266271483864	1	FR_PRES	13	LABYRINTH	791	0	1	1247	(0.42259999999999998, 0.58709999999999996, 0)	../fonts/zerothre.ttf	lower
1266271487914	1	FR_PRES	13	UNICORN	1538	0	1	1469	(0.42259999999999998, 0.58709999999999996, 0)	../fonts/zerothre.ttf	lower
1266271491748	1	FR_PRES	13	HAND	683	0	0	1331	(0.42259999999999998, 0.58709999999999996, 0)	../fonts/zerothre.ttf	lower
1266271495772	1	FR_PRES	13	LIMB	822	1	1	1499	(0.57740000000000002, 0.41289999999999999, 1.0)	../fonts/amplitud.ttf	upper
1266271499979	1	FR_PRES	13	SWEATER	1419	1	0	1124	(0.57740000000000002, 0.41289999999999999, 1.0)	../fonts/amplitud.ttf	upper
1266271505731	1	REC_START
1266271585483	0	REST
1266271586990	1	FR_PRES	14	TREAD	1499	1	0	1641	(0.57740000000000002, 0.41289999999999999, 1.0)	../fonts/amplitud.ttf	upper
1266271591149	1	FR_PRES	14	TIDE	1465	1	0	1354	(0.57740000000000002, 0.41289999999999999, 1.0)	../fonts/amplitud.ttf	upper
1266271595048	1	FR_PRES	14	SALMON	1227	1	1	1119	(0.57740000000000002, 0.41289999999999999, 1.0)	../fonts/amplitud.ttf	upper
1266271599057	1	FR_PRES	14	CINNAMON	310	1	0	2014	(0.57740000000000002, 0.41289999999999999, 1.0)	../fonts/amplitud.ttf	upper
1266271603140	1	FR_PRES	14	TUXEDO	1525	1	0	1826	(0.57740000000000002, 0.41289999999999999, 1.0)	../fonts/amplitud.ttf	upper
1266271607331	1	FR_PRES	14	SERVANT	1271	0	1	1500	(0.42259999999999998, 0.58709999999999996, 0)	../fonts/zerothre.ttf	lower
1266271611531	1	FR_PRES	14	BONE	148	0	0	2148	(0.42259999999999998, 0.58709999999999996, 0)	../fonts/zerothre.ttf	lower
1266271615364	1	FR_PRES	14	VAMPIRE	1547	1	1	1659	(0.57740000000000002, 0.41289999999999999, 1.0)	../fonts/amplitud.ttf	upper
1266271619280	1	FR_PRES	14	FIDDLE	561	1	0	1975	(0.57740000000000002, 0.41289999999999999, 1.0)	../fonts/amplitud.ttf	upper
1266271623488	1	FR_PRES	14	LITTER	832	1	0	1791	(0.57740000000000002, 0.41289999999999999, 1.0)	../fonts/amplitud.ttf	upper
1266271627696	1	FR_PRES	14	BAG	69	0	0	1951	(0.42259999999999998, 0.58709999999999996, 0)	../fonts/zerothre.ttf	lower
1266271631895	1	FR_PRES	14	OCTOPUS	971	0	1	1472	(0.42259999999999998, 0.58709999999999996, 0)	../fonts/zerothre.ttf	lower
1266271636104	1	FR_PRES	14	DONOR	485	0	1	1511	(0.42259999999999998, 0.58709999999999996, 0)	../fonts/zerothre.ttf	lower
1266271639978	1	FR_PRES	14	ANTEATER	26	0	1	1373	(0.42259999999999998, 0.58709999999999996, 0)	../fonts/zerothre.ttf	lower
1266271643902	1	FR_PRES	14	MOTH	920	0	0	1177	(0.42259999999999998, 0.58709999999999996, 0)	../fonts/zerothre.ttf	lower
1266271647736	1	FR_PRES	14	WASHER	1592	0	1	1206	(0.42259999999999998, 0.58709999999999996, 0)	../fonts/zerothre.ttf	lower
1266271653695	1	REC_START
1266271732846	0	REST
1266271734347	1	FR_PRES	15	COMPANION	357	0	1	1028	(0.42259999999999998, 0.58709999999999996, 0)	../fonts/zerothre.ttf	lower
1266271738305	1	FR_PRES	15	BRIDGE	174	0	1	1358	(0.42259999999999998, 0.58709999999999996, 0)	../fonts/zerothre.ttf	lower
1266271742254	1	FR_PRES	15	BROOK	177	0	1	1289	(0.42259999999999998, 0.58709999999999996, 0)	../fonts/zerothre.ttf	lower
1266271746212	1	FR_PRES	15	MUG	930	1	0	1403	(0.57740000000000002, 0.41289999999999999, 1.0)	../fonts/amplitud.ttf	upper
1266271750112	1	FR_PRES	15	LEADER	807	1	1	1151	(0.57740000000000002, 0.41289999999999999, 1.0)	../fonts/amplitud.ttf	upper
1266271753936	1	FR_PRES	15	GRASSHOPPER	656	0	0	1399	(0.42259999999999998, 0.58709999999999996, 0)	../fonts/zerothre.ttf	lower
1266271757944	1	FR_PRES	15	BEAST	108	0	1	1223	(0.42259999999999998, 0.58709999999999996, 0)	../fonts/zerothre.ttf	lower
1266271761869	1	FR_PRES	15	HEATER	698	0	1	1434	(0.42259999999999998, 0.58709999999999996, 0)	../fonts/zerothre.ttf	lower
1266271765778	1	FR_PRES	15	SNORKEL	1336	1	0	1309	(0.57740000000000002, 0.41289999999999999, 1.0)	../fonts/amplitud.ttf	upper
1266271769627	1	FR_PRES	15	COMMANDER	354	1	1	1212	(0.57740000000000002, 0.41289999999999999, 1.0)	../fonts/amplitud.ttf	upper
1266271773619	1	FR_PRES	15	ALLIGATOR	16	1	1	1796	(0.57740000000000002, 0.41289999999999999, 1.0)	../fonts/amplitud.ttf	upper
1266271777577	1	FR_PRES	15	SKULL	1320	1	1	2381	(0.57740000000000002, 0.41289999999999999, 1.0)	../fonts/amplitud.ttf	upper
1266271781402	1	FR_PRES	15	CAP	236	1	0	917	(0.57740000000000002, 0.41289999999999999, 1.0)	../fonts/amplitud.ttf	upper
1266271785310	1	FR_PRES	15	CREATURE	403	1	1	865	(0.57740000000000002, 0.41289999999999999, 1.0)	../fonts/amplitud.ttf	upper
1266271789493	1	FR_PRES	15	BEAR	106	0	1	2018	(0.42259999999999998, 0.58709999999999996, 0)	../fonts/zerothre.ttf	lower
1266271793309	1	FR_PRES	15	WORM	1623	0	1	1050	(0.42259999999999998, 0.58709999999999996, 0)	../fonts/zerothre.ttf	lower
1266271799051	1	REC_START
1266271910941	0	FFR_START
1266271916484	1	REC_START
1266272369933	0	RECOG_START
1266272369934	1	REC_START
1266272369966	0	RECOG_PRES	0	DOUGH	489	-999	P	3202
1266272373542	0	RECOG_CR_PRES	0	DOUGH	489	-999	P	3977
1266272377899	1	RECOG_FEEDBACK	1
1266272378675	0	RECOG_PRES	0	BASSINET	97	-999	P	2244
1266272381283	0	RECOG_CR_PRES	0	BASSINET	97	-999	P	1716
1266272383358	1	RECOG_FEEDBACK	1
1266272384149	0	RECOG_PRES	0	ASSOCIATE	49	-999	P	1947
1266272386466	0	RECOG_CR_PRES	0	ASSOCIATE	49	-999	P	1550
1266272388374	1	RECOG_FEEDBACK	1
1266272389107	0	RECOG_PRES	0	HARP	689	-999	P	1909
1266272391391	0	RECOG_CR_PRES	0	HARP	689	-999	P	1321
1266272393074	1	RECOG_FEEDBACK	1
1266272393815	0	RECOG_PRES	0	SNORKEL	1336	-999	P	2857
1266272397040	0	RECOG_CR_PRES	0	SNORKEL	1336	-999	P	863
1266272398332	1	RECOG_FEEDBACK	1
1266272399098	0	RECOG_PRES	0	DIAGRAM	456	-999	P	1382
1266272400847	0	RECOG_CR_PRES	0	DIAGRAM	456	-999	P	1177
1266272402356	1	RECOG_FEEDBACK	1
1266272403098	0	RECOG_PRES	0	MOTORCYCLE	923	-999	P	1502
1266272404972	0	RECOG_CR_PRES	0	MOTORCYCLE	923	-999	P	995
1266272406306	1	RECOG_FEEDBACK	1
1266272407039	0	RECOG_PRES	0	BURGLAR	200	-999	P	1824
1266272409231	0	RECOG_CR_PRES	0	BURGLAR	200	-999	P	1793
1266272411389	1	RECOG_FEEDBACK	1
1266272412122	0	RECOG_PRES	0	MICROPHONE	890	-999	P	1654
1266272414147	0	RECOG_CR_PRES	0	MICROPHONE	890	-999	P	1180
1266272415664	1	RECOG_FEEDBACK	1
1266272416464	0	RECOG_PRES	0	BANDAGE	79	-999	P	1328
1266272418164	0	RECOG_CR_PRES	0	BANDAGE	79	-999	P	1028
1266272419513	1	RECOG_FEEDBACK	1
1266272420238	0	RECOG_PRES	0	PICK	1058	-999	P	2178
1266272422788	0	RECOG_CR_PRES	0	PICK	1058	-999	P	972
1266272424105	1	RECOG_FEEDBACK	1
1266272424887	0	RECOG_PRES	0	FOLDER	588	-999	P	1201
1266272426463	0	RECOG_CR_PRES	0	FOLDER	588	-999	P	881
1266272427671	1	RECOG_FEEDBACK	0
1266272428396	0	RECOG_PRES	0	BRIDGE	174	-999	P	1579
1266272430338	0	RECOG_CR_PRES	0	BRIDGE	174	-999	P	1110
1266272431779	1	RECOG_FEEDBACK	1
1266272432579	0	RECOG_PRES	0	BEAR	106	-999	P	1501
1266272434454	0	RECOG_CR_PRES	0	BEAR	106	-999	P	906
1266272435704	1	RECOG_FEEDBACK	1
1266272436496	0	RECOG_PRES	0	STRING	1394	-999	P	1312
1266272438170	0	RECOG_CR_PRES	0	STRING	1394	-999	P	2246
1266272440770	1	RECOG_FEEDBACK	1
1266272441504	0	RECOG_PRES	0	TULIP	1517	-999	P	1288
1266272443162	0	RECOG_CR_PRES	0	TULIP	1517	-999	P	1302
1266272444803	1	RECOG_FEEDBACK	1
1266272445537	0	RECOG_PRES	0	COUNTY	389	-999	P	1543
1266272447453	0	RECOG_CR_PRES	0	COUNTY	389	-999	P	1339
1266272449120	1	RECOG_FEEDBACK	1
1266272449877	0	RECOG_PRES	0	AIRPORT	13	-999	P	1315
1266272451561	0	RECOG_CR_PRES	0	AIRPORT	13	-999	P	1102
1266272453011	1	RECOG_FEEDBACK	1
1266272453744	0	RECOG_PRES	0	COLUMN	350	-999	P	1288
1266272455403	0	RECOG_CR_PRES	0	COLUMN	350	-999	P	1188
1266272456910	1	RECOG_FEEDBACK	1
1266272457711	0	RECOG_PRES	0	PLATE	1086	-999	P	1537
1266272459619	0	RECOG_CR_PRES	0	PLATE	1086	-999	P	1157
1266272461127	1	RECOG_FEEDBACK	1
1266272468393	0	REST
1266272469289	1	REC_START
1266272469318	0	RECOG_PRES	1	MOTOR	922	-999	P	2282
1266272471975	0	RECOG_CR_PRES	1	MOTOR	922	-999	P	976
1266272473310	1	RECOG_FEEDBACK	0
1266272474051	0	RECOG_PRES	1	CONTRACTOR	369	-999	P	2125
1266272476551	0	RECOG_CR_PRES	1	CONTRACTOR	369	-999	P	961
1266272477875	1	RECOG_FEEDBACK	0
1266272478601	0	RECOG_PRES	1	PENCIL	1042	-999	P	1415
1266272480384	0	RECOG_CR_PRES	1	PENCIL	1042	-999	P	1376
1266272482134	1	RECOG_FEEDBACK	1
1266272482875	0	RECOG_PRES	1	SKULL	1320	-999	P	1237
1266272484475	0	RECOG_CR_PRES	1	SKULL	1320	-999	P	893
1266272485700	1	RECOG_FEEDBACK	1
1266272486467	0	RECOG_PRES	1	BOWL	158	-999	P	1565
1266272488400	0	RECOG_CR_PRES	1	BOWL	158	-999	P	1024
1266272489783	1	RECOG_FEEDBACK	1
1266272490492	0	RECOG_PRES	1	LOLLIPOP	842	-999	P	1276
1266272492142	0	RECOG_CR_PRES	1	LOLLIPOP	842	-999	P	897
1266272493375	1	RECOG_FEEDBACK	1
1266272494158	0	RECOG_PRES	1	WINNER	1615	-999	P	1823
1266272496383	0	RECOG_CR_PRES	1	WINNER	1615	-999	P	936
1266272497699	1	RECOG_FEEDBACK	1
1266272498499	0	RECOG_PRES	1	ACTRESS	6	-999	P	1253
1266272500124	0	RECOG_CR_PRES	1	ACTRESS	6	-999	P	988
1266272501449	1	RECOG_FEEDBACK	1
1266272502157	0	RECOG_PRES	1	MEDAL	885	-999	P	1331
1266272503856	0	RECOG_CR_PRES	1	MEDAL	885	-999	P	1079
1266272505266	1	RECOG_FEEDBACK	1
1266272506016	0	RECOG_PRES	1	SLIME	1327	-999	P	1288
1266272507715	0	RECOG_CR_PRES	1	SLIME	1327	-999	P	893
1266272508964	1	RECOG_FEEDBACK	1
1266272509757	0	RECOG_PRES	1	COYOTE	396	-999	P	1779
1266272511906	0	RECOG_CR_PRES	1	COYOTE	396	-999	P	902
1266272513140	1	RECOG_FEEDBACK	0
1266272513856	0	RECOG_PRES	1	OBOE	969	-999	P	5200
1266272519431	0	RECOG_CR_PRES	1	OBOE	969	-999	P	905
1266272520756	1	RECOG_FEEDBACK	1
1266272521523	0	RECOG_PRES	1	LUMBER	848	-999	P	1885
1266272523781	0	RECOG_CR_PRES	1	LUMBER	848	-999	P	1387
1266272525539	1	RECOG_FEEDBACK	1
1266272526306	0	RECOG_PRES	1	CARROT	249	-999	P	1406
1266272528081	0	RECOG_CR_PRES	1	CARROT	249	-999	P	1095
1266272529547	1	RECOG_FEEDBACK	1
1266272530280	0	RECOG_PRES	1	WASHCLOTH	1591	-999	P	1920
1266272532572	0	RECOG_CR_PRES	1	WASHCLOTH	1591	-999	P	948
1266272533888	1	RECOG_FEEDBACK	1
1266272534647	0	RECOG_PRES	1	SATURN	1236	-999	P	1097
1266272536113	0	RECOG_CR_PRES	1	SATURN	1236	-999	P	870
1266272537297	1	RECOG_FEEDBACK	1
1266272538105	0	RECOG_PRES	1	TROPHY	1509	-999	P	1183
1266272539663	0	RECOG_CR_PRES	1	TROPHY	1509	-999	P	729
1266272540721	1	RECOG_FEEDBACK	1
1266272541521	0	RECOG_PRES	1	CONSOLE	364	-999	P	1470
1266272543363	0	RECOG_CR_PRES	1	CONSOLE	364	-999	P	725
1266272544413	1	RECOG_FEEDBACK	1
1266272545196	0	RECOG_PRES	1	FIN	566	-999	P	1364
1266272546928	0	RECOG_CR_PRES	1	FIN	566	-999	P	848
1266272548112	1	RECOG_FEEDBACK	1
1266272548829	0	RECOG_PRES	1	PATROL	1027	-999	P	1219
1266272550421	0	RECOG_CR_PRES	1	PATROL	1027	-999	P	699
1266272551446	1	RECOG_FEEDBACK	1
1266272572011	0	REST
1266272572971	1	REC_START
1266272573002	0	RECOG_PRES	2	OWNER	993	-999	P	1790
1266272575161	0	RECOG_CR_PRES	2	OWNER	993	-999	P	790
1266272576302	1	RECOG_FEEDBACK	1
1266272577102	0	RECOG_PRES	2	SILK	1307	-999	P	1298
1266272578769	0	RECOG_CR_PRES	2	SILK	1307	-999	P	799
1266272579901	1	RECOG_FEEDBACK	1
1266272580627	0	RECOG_PRES	2	SPINACH	1352	-999	P	1445
1266272582443	0	RECOG_CR_PRES	2	SPINACH	1352	-999	P	861
1266272583676	1	RECOG_FEEDBACK	1
1266272584418	0	RECOG_PRES	2	BLOCKADE	137	-999	P	1525
1266272586310	0	RECOG_CR_PRES	2	BLOCKADE	137	-999	P	730
1266272587385	1	RECOG_FEEDBACK	1
1266272588176	0	RECOG_PRES	2	ERASER	538	-999	P	1711
1266272590251	0	RECOG_CR_PRES	2	ERASER	538	-999	P	1245
1266272591842	1	RECOG_FEEDBACK	1
1266272592551	0	RECOG_PRES	2	SOCIETY	1338	-999	P	1137
1266272594059	0	RECOG_CR_PRES	2	SOCIETY	1338	-999	P	1389
1266272595751	1	RECOG_FEEDBACK	1
1266272596476	0	RECOG_PRES	2	PIZZA	1079	-999	P	1964
1266272598800	0	RECOG_CR_PRES	2	PIZZA	1079	-999	P	768
1266272599924	1	RECOG_FEEDBACK	1
1266272600667	0	RECOG_PRES	2	WAND	1586	-999	P	1292
1266272602325	0	RECOG_CR_PRES	2	WAND	1586	-999	P	1131
1266272603775	1	RECOG_FEEDBACK	1
1266272604492	0	RECOG_PRES	2	GRASSHOPPER	656	-999	P	1188
1266272606050	0	RECOG_CR_PRES	2	GRASSHOPPER	656	-999	P	853
1266272607183	1	RECOG_FEEDBACK	1
1266272607899	0	RECOG_PRES	2	HOME	712	-999	P	1629
1266272609899	0	RECOG_CR_PRES	2	HOME	712	-999	P	1405
1266272611633	1	RECOG_FEEDBACK	1
1266272612399	0	RECOG_PRES	2	COIN	343	-999	P	1321
1266272614091	0	RECOG_CR_PRES	2	COIN	343	-999	P	836
1266272615274	1	RECOG_FEEDBACK	1
1266272616007	0	RECOG_PRES	2	REBEL	1172	-999	P	1097
1266272617474	0	RECOG_CR_PRES	2	REBEL	1172	-999	P	1333
1266272619132	1	RECOG_FEEDBACK	1
1266272619931	0	RECOG_PRES	2	COLESLAW	344	-999	P	1173
1266272621465	0	RECOG_CR_PRES	2	COLESLAW	344	-999	P	991
1266272622790	1	RECOG_FEEDBACK	1
1266272623565	0	RECOG_PRES	2	SINK	1309	-999	P	1227
1266272625165	0	RECOG_CR_PRES	2	SINK	1309	-999	P	2075
1266272627582	1	RECOG_FEEDBACK	1
1266272628382	0	RECOG_PRES	2	CIGARETTE	309	-999	P	1250
1266272630006	0	RECOG_CR_PRES	2	CIGARETTE	309	-999	P	730
1266272631056	1	RECOG_FEEDBACK	1
1266272631823	0	RECOG_PRES	2	SHOE	1288	-999	P	1561
1266272633756	0	RECOG_CR_PRES	2	SHOE	1288	-999	P	641
1266272634773	1	RECOG_FEEDBACK	1
1266272635498	0	RECOG_PRES	2	SHRIMP	1297	-999	P	1469
1266272637331	0	RECOG_CR_PRES	2	SHRIMP	1297	-999	P	612
1266272638306	1	RECOG_FEEDBACK	1
1266272639106	0	RECOG_PRES	2	ORCHESTRA	981	-999	P	1414
1266272640888	0	RECOG_CR_PRES	2	ORCHESTRA	981	-999	P	1464
1266272642681	1	RECOG_FEEDBACK	1
1266272643414	0	RECOG_PRES	2	GERM	632	-999	P	1274
1266272645064	0	RECOG_CR_PRES	2	GERM	632	-999	P	815
1266272646205	1	RECOG_FEEDBACK	1
1266272646929	0	RECOG_PRES	2	STATUE	1374	-999	P	974
1266272648272	0	RECOG_CR_PRES	2	STATUE	1374	-999	P	1040
1266272649622	1	RECOG_FEEDBACK	1
1266272652755	0	REST
1266272653785	1	REC_START
1266272653813	0	RECOG_PRES	3	SMOG	1330	-999	P	1283
1266272655471	0	RECOG_CR_PRES	3	SMOG	1330	-999	P	721
1266272656513	1	RECOG_FEEDBACK	1
1266272657288	0	RECOG_PRES	3	TIDE	1465	-999	P	992
1266272658654	0	RECOG_CR_PRES	3	TIDE	1465	-999	P	1114
1266272660071	1	RECOG_FEEDBACK	1
1266272660878	0	RECOG_PRES	3	RACKET	1155	-999	P	1418
1266272662662	0	RECOG_CR_PRES	3	RACKET	1155	-999	P	738
1266272663737	1	RECOG_FEEDBACK	1
1266272664462	0	RECOG_PRES	3	PIGMENT	1066	-999	P	1970
1266272666804	0	RECOG_CR_PRES	3	PIGMENT	1066	-999	P	1956
1266272669112	1	RECOG_FEEDBACK	1
1266272669829	0	RECOG_PRES	3	PUDDLE	1140	-999	P	1395
1266272671595	0	RECOG_CR_PRES	3	PUDDLE	1140	-999	P	1173
1266272673095	1	RECOG_FEEDBACK	1
1266272673828	0	RECOG_PRES	3	VETERAN	1561	-999	P	1147
1266272675337	0	RECOG_CR_PRES	3	VETERAN	1561	-999	P	1703
1266272677370	1	RECOG_FEEDBACK	1
1266272678111	0	RECOG_PRES	3	VAULT	1550	-999	P	1065
1266272679545	0	RECOG_CR_PRES	3	VAULT	1550	-999	P	999
1266272680868	1	RECOG_FEEDBACK	1
1266272681586	0	RECOG_PRES	3	WART	1590	-999	P	1349
1266272683303	0	RECOG_CR_PRES	3	WART	1590	-999	P	993
1266272684644	1	RECOG_FEEDBACK	1
1266272685386	0	RECOG_PRES	3	OCTOPUS	971	-999	P	934
1266272686694	0	RECOG_CR_PRES	3	OCTOPUS	971	-999	P	1122
1266272688127	1	RECOG_FEEDBACK	1
1266272688918	0	RECOG_PRES	3	HEATER	698	-999	P	2922
1266272692202	0	RECOG_CR_PRES	3	HEATER	698	-999	P	648
1266272693252	1	RECOG_FEEDBACK	0
1266272694044	0	RECOG_PRES	3	NOVEL	960	-999	P	1124
1266272695543	0	RECOG_CR_PRES	3	NOVEL	960	-999	P	1553
1266272697418	1	RECOG_FEEDBACK	1
1266272698202	0	RECOG_PRES	3	LAUNDRY	803	-999	P	1326
1266272699900	0	RECOG_CR_PRES	3	LAUNDRY	803	-999	P	1676
1266272701900	1	RECOG_FEEDBACK	1
1266272702685	0	RECOG_PRES	3	SUBWAY	1400	-999	P	1331
1266272704384	0	RECOG_CR_PRES	3	SUBWAY	1400	-999	P	880
1266272705618	1	RECOG_FEEDBACK	1
1266272706393	0	RECOG_PRES	3	PLUMBER	1091	-999	P	943
1266272707709	0	RECOG_CR_PRES	3	PLUMBER	1091	-999	P	1242
1266272709259	1	RECOG_FEEDBACK	1
1266272710042	0	RECOG_PRES	3	STEAM	1375	-999	P	877
1266272711284	0	RECOG_CR_PRES	3	STEAM	1375	-999	P	1648
1266272713267	1	RECOG_FEEDBACK	1
1266272713999	0	RECOG_PRES	3	CHEERLEADER	288	-999	P	1249
1266272715617	0	RECOG_CR_PRES	3	CHEERLEADER	288	-999	P	1326
1266272717275	1	RECOG_FEEDBACK	1
1266272718083	0	RECOG_PRES	3	PIN	1072	-999	P	900
1266272719350	0	RECOG_CR_PRES	3	PIN	1072	-999	P	242
1266272719916	1	RECOG_FEEDBACK	1
1266272720692	0	RECOG_PRES	3	KEG	770	-999	P	2020
1266272723083	0	RECOG_CR_PRES	3	KEG	770	-999	P	933
1266272724350	1	RECOG_FEEDBACK	1
1266272725091	0	RECOG_PRES	3	BIBLE	124	-999	P	925
1266272726391	0	RECOG_CR_PRES	3	BIBLE	124	-999	P	1625
1266272728324	1	RECOG_FEEDBACK	1
1266272729099	0	RECOG_PRES	3	PEBBLE	1035	-999	P	1277
1266272730749	0	RECOG_CR_PRES	3	PEBBLE	1035	-999	P	1035
1266272732124	1	RECOG_FEEDBACK	1
1266272734399	0	REST
1266272735281	1	REC_START
1266272735315	0	RECOG_PRES	4	SCREEN	1253	-999	P	1229
1266272736914	0	RECOG_CR_PRES	4	SCREEN	1253	-999	P	854
1266272738107	1	RECOG_FEEDBACK	1
1266272738914	0	RECOG_PRES	4	BEEF	113	-999	P	1190
1266272740474	0	RECOG_CR_PRES	4	BEEF	113	-999	P	910
1266272741732	1	RECOG_FEEDBACK	1
1266272742465	0	RECOG_PRES	4	NOTEBOOK	959	-999	P	1023
1266272743856	0	RECOG_CR_PRES	4	NOTEBOOK	959	-999	P	752
1266272744930	1	RECOG_FEEDBACK	1
1266272745723	0	RECOG_PRES	4	BRACELET	163	-999	P	877
1266272746972	0	RECOG_CR_PRES	4	BRACELET	163	-999	P	1820
1266272749089	1	RECOG_FEEDBACK	1
1266272749863	0	RECOG_PRES	4	NET	946	-999	P	1257
1266272751489	0	RECOG_CR_PRES	4	NET	946	-999	P	1031
1266272752855	1	RECOG_FEEDBACK	1
1266272753564	0	RECOG_PRES	4	SUSPECT	1415	-999	P	2188
1266272756122	0	RECOG_CR_PRES	4	SUSPECT	1415	-999	P	982
1266272757472	1	RECOG_FEEDBACK	0
1266272758239	0	RECOG_PRES	4	VIOLA	1570	-999	P	1025
1266272759639	0	RECOG_CR_PRES	4	VIOLA	1570	-999	P	1537
1266272761497	1	RECOG_FEEDBACK	1
1266272762214	0	RECOG_PRES	4	INMATE	738	-999	P	1042
1266272763630	0	RECOG_CR_PRES	4	INMATE	738	-999	P	698
1266272764647	1	RECOG_FEEDBACK	1
1266272765455	0	RECOG_PRES	4	PROTON	1132	-999	P	1544
1266272767372	0	RECOG_CR_PRES	4	PROTON	1132	-999	P	1140
1266272768854	1	RECOG_FEEDBACK	1
1266272769646	0	RECOG_PRES	4	CHEEK	287	-999	P	1281
1266272771288	0	RECOG_CR_PRES	4	CHEEK	287	-999	P	744
1266272772371	1	RECOG_FEEDBACK	1
1266272773088	0	RECOG_PRES	4	BISON	131	-999	P	1056
1266272774513	0	RECOG_CR_PRES	4	BISON	131	-999	P	823
1266272775646	1	RECOG_FEEDBACK	1
1266272776446	0	RECOG_PRES	4	VEGETABLE	1552	-999	P	1298
1266272778112	0	RECOG_CR_PRES	4	VEGETABLE	1552	-999	P	632
1266272779071	1	RECOG_FEEDBACK	1
1266272779861	0	RECOG_PRES	4	SOLDIER	1344	-999	P	1651
1266272781886	0	RECOG_CR_PRES	4	SOLDIER	1344	-999	P	1402
1266272783662	1	RECOG_FEEDBACK	1
1266272784462	0	RECOG_PRES	4	FIELD	562	-999	P	1378
1266272786203	0	RECOG_CR_PRES	4	FIELD	562	-999	P	605
1266272787137	1	RECOG_FEEDBACK	1
1266272787936	0	RECOG_PRES	4	LIMB	822	-999	P	1136
1266272789445	0	RECOG_CR_PRES	4	LIMB	822	-999	P	1563
1266272791328	1	RECOG_FEEDBACK	1
1266272792095	0	RECOG_PRES	4	TANK	1432	-999	P	1553
1266272794020	0	RECOG_CR_PRES	4	TANK	1432	-999	P	2364
1266272796753	1	RECOG_FEEDBACK	0
1266272797528	0	RECOG_PRES	4	SIGN	1305	-999	P	1576
1266272799486	0	RECOG_CR_PRES	4	SIGN	1305	-999	P	1690
1266272801519	1	RECOG_FEEDBACK	1
1266272802352	0	RECOG_PRES	4	HEDGE	699	-999	P	1024
1266272803752	0	RECOG_CR_PRES	4	HEDGE	699	-999	P	1040
1266272805102	1	RECOG_FEEDBACK	1
1266272805884	0	RECOG_PRES	4	ELEVATOR	524	-999	P	1164
1266272807419	0	RECOG_CR_PRES	4	ELEVATOR	524	-999	P	1021
1266272808769	1	RECOG_FEEDBACK	1
1266272809577	0	RECOG_PRES	4	PORT	1110	-999	P	1366
1266272811310	0	RECOG_CR_PRES	4	PORT	1110	-999	P	1306
1266272812967	1	RECOG_FEEDBACK	0
1266272816143	0	REST
1266272817001	1	REC_START
1266272817035	0	RECOG_PRES	5	UMBRELLA	1534	-999	P	997
1266272818401	0	RECOG_CR_PRES	5	UMBRELLA	1534	-999	P	1063
1266272819776	1	RECOG_FEEDBACK	1
1266272820501	0	RECOG_PRES	5	STAFF	1365	-999	P	1323
1266272822192	0	RECOG_CR_PRES	5	STAFF	1365	-999	P	1288
1266272823801	1	RECOG_FEEDBACK	1
1266272824567	0	RECOG_PRES	5	BANQUET	86	-999	P	841
1266272825809	0	RECOG_CR_PRES	5	BANQUET	86	-999	P	751
1266272826874	1	RECOG_FEEDBACK	1
1266272827600	0	RECOG_PRES	5	TURNIP	1521	-999	P	1136
1266272829109	0	RECOG_CR_PRES	5	TURNIP	1521	-999	P	826
1266272830259	1	RECOG_FEEDBACK	0
1266272830983	0	RECOG_PRES	5	BEET	115	-999	P	1161
1266272832517	0	RECOG_CR_PRES	5	BEET	115	-999	P	963
1266272833792	1	RECOG_FEEDBACK	1
1266272834525	0	RECOG_PRES	5	OTTER	986	-999	P	1027
1266272835924	0	RECOG_CR_PRES	5	OTTER	986	-999	P	1500
1266272837733	1	RECOG_FEEDBACK	1
1266272838508	0	RECOG_PRES	5	CHIEF	298	-999	P	1355
1266272840225	0	RECOG_CR_PRES	5	CHIEF	298	-999	P	831
1266272841399	1	RECOG_FEEDBACK	1
1266272842191	0	RECOG_PRES	5	DONOR	485	-999	P	1369
1266272843932	0	RECOG_CR_PRES	5	DONOR	485	-999	P	1260
1266272845591	1	RECOG_FEEDBACK	1
1266272846399	0	RECOG_PRES	5	TIMBER	1469	-999	P	1097
1266272847865	0	RECOG_CR_PRES	5	TIMBER	1469	-999	P	839
1266272849016	1	RECOG_FEEDBACK	1
1266272849782	0	RECOG_PRES	5	SILVERWARE	1308	-999	P	1145
1266272851290	0	RECOG_CR_PRES	5	SILVERWARE	1308	-999	P	918
1266272852532	1	RECOG_FEEDBACK	1
1266272853257	0	RECOG_PRES	5	FLOOR	581	-999	P	879
1266272854507	0	RECOG_CR_PRES	5	FLOOR	581	-999	P	1597
1266272856407	1	RECOG_FEEDBACK	1
1266272857148	0	RECOG_PRES	5	CANVAS	234	-999	P	1132
1266272858648	0	RECOG_CR_PRES	5	CANVAS	234	-999	P	1184
1266272860148	1	RECOG_FEEDBACK	1
1266272860955	0	RECOG_PRES	5	FIREPLACE	570	-999	P	1885
1266272863206	0	RECOG_CR_PRES	5	FIREPLACE	570	-999	P	777
1266272864356	1	RECOG_FEEDBACK	0
1266272865156	0	RECOG_PRES	5	ARENA	37	-999	P	1300
1266272866831	0	RECOG_CR_PRES	5	ARENA	37	-999	P	1088
1266272868239	1	RECOG_FEEDBACK	1
1266272868996	0	RECOG_PRES	5	WHEAT	1602	-999	P	1204
1266272870572	0	RECOG_CR_PRES	5	WHEAT	1602	-999	P	716
1266272871614	1	RECOG_FEEDBACK	1
1266272872381	0	RECOG_PRES	5	JAM	748	-999	P	1979
1266272874730	0	RECOG_CR_PRES	5	JAM	748	-999	P	710
1266272875797	1	RECOG_FEEDBACK	0
1266272876522	0	RECOG_PRES	5	PLAQUE	1084	-999	P	1814
1266272878705	0	RECOG_CR_PRES	5	PLAQUE	1084	-999	P	871
1266272879929	1	RECOG_FEEDBACK	1
1266272880647	0	RECOG_PRES	5	TYPIST	1532	-999	P	1296
1266272882305	0	RECOG_CR_PRES	5	TYPIST	1532	-999	P	791
1266272883471	1	RECOG_FEEDBACK	1
1266272884196	0	RECOG_PRES	5	SCROLL	1257	-999	P	964
1266272885530	0	RECOG_CR_PRES	5	SCROLL	1257	-999	P	886
1266272886730	1	RECOG_FEEDBACK	1
1266272887471	0	RECOG_PRES	5	VAMPIRE	1547	-999	P	1041
1266272888887	0	RECOG_CR_PRES	5	VAMPIRE	1547	-999	P	1497
1266272890696	1	RECOG_FEEDBACK	1
1266272892895	0	REST
1266272893754	1	REC_START
1266272893787	0	RECOG_PRES	6	ICEBERG	731	-999	P	1084
1266272895237	0	RECOG_CR_PRES	6	ICEBERG	731	-999	P	648
1266272896237	1	RECOG_FEEDBACK	1
1266272897021	0	RECOG_PRES	6	CLOTHES	327	-999	P	815
1266272898229	0	RECOG_CR_PRES	6	CLOTHES	327	-999	P	587
1266272899137	1	RECOG_FEEDBACK	1
1266272899953	0	RECOG_PRES	6	CITY	314	-999	P	887
1266272901203	0	RECOG_CR_PRES	6	CITY	314	-999	P	732
1266272902253	1	RECOG_FEEDBACK	1
1266272903062	0	RECOG_PRES	6	SAPPHIRE	1234	-999	P	1823
1266272905278	0	RECOG_CR_PRES	6	SAPPHIRE	1234	-999	P	490
1266272906128	1	RECOG_FEEDBACK	0
1266272906919	0	RECOG_PRES	6	CACTUS	215	-999	P	873
1266272908161	0	RECOG_CR_PRES	6	CACTUS	215	-999	P	742
1266272909203	1	RECOG_FEEDBACK	1
1266272909968	0	RECOG_PRES	6	RULER	1216	-999	P	1208
1266272911544	0	RECOG_CR_PRES	6	RULER	1216	-999	P	672
1266272912536	1	RECOG_FEEDBACK	1
1266272913328	0	RECOG_PRES	6	WIFE	1609	-999	P	1583
1266272915277	0	RECOG_CR_PRES	6	WIFE	1609	-999	P	763
1266272916394	1	RECOG_FEEDBACK	1
1266272917136	0	RECOG_PRES	6	RAZOR	1171	-999	P	1232
1266272918736	0	RECOG_CR_PRES	6	RAZOR	1171	-999	P	760
1266272919827	1	RECOG_FEEDBACK	1
1266272920619	0	RECOG_PRES	6	DICE	461	-999	P	981
1266272921968	0	RECOG_CR_PRES	6	DICE	461	-999	P	752
1266272923052	1	RECOG_FEEDBACK	1
1266272923827	0	RECOG_PRES	6	ROSE	1212	-999	P	1124
1266272925318	0	RECOG_CR_PRES	6	ROSE	1212	-999	P	938
1266272926610	1	RECOG_FEEDBACK	0
1266272927352	0	RECOG_PRES	6	CREATURE	403	-999	P	1040
1266272928768	0	RECOG_CR_PRES	6	CREATURE	403	-999	P	1207
1266272930293	1	RECOG_FEEDBACK	1
1266272931093	0	RECOG_PRES	6	DART	440	-999	P	1675
1266272933143	0	RECOG_CR_PRES	6	DART	440	-999	P	808
1266272934318	1	RECOG_FEEDBACK	1
1266272935068	0	RECOG_PRES	6	COLLEGE	346	-999	P	923
1266272936368	0	RECOG_CR_PRES	6	COLLEGE	346	-999	P	888
1266272937567	1	RECOG_FEEDBACK	1
1266272938334	0	RECOG_PRES	6	PAINT	1003	-999	P	1090
1266272939792	0	RECOG_CR_PRES	6	PAINT	1003	-999	P	744
1266272940866	1	RECOG_FEEDBACK	1
1266272941575	0	RECOG_PRES	6	PAIL	1002	-999	P	2089
1266272944034	0	RECOG_CR_PRES	6	PAIL	1002	-999	P	790
1266272945192	1	RECOG_FEEDBACK	1
1266272945941	0	RECOG_PRES	6	SURF	1412	-999	P	1091
1266272947408	0	RECOG_CR_PRES	6	SURF	1412	-999	P	832
1266272948567	1	RECOG_FEEDBACK	1
1266272949292	0	RECOG_PRES	6	CHIP	303	-999	P	948
1266272950608	0	RECOG_CR_PRES	6	CHIP	303	-999	P	736
1266272951658	1	RECOG_FEEDBACK	1
1266272952400	0	RECOG_PRES	6	CUSTARD	429	-999	P	1320
1266272954091	0	RECOG_CR_PRES	6	CUSTARD	429	-999	P	989
1266272955408	1	RECOG_FEEDBACK	1
1266272956174	0	RECOG_PRES	6	CHART	282	-999	P	2146
1266272958691	0	RECOG_CR_PRES	6	CHART	282	-999	P	765
1266272959799	1	RECOG_FEEDBACK	0
1266272960557	0	RECOG_PRES	6	BEAST	108	-999	P	955
1266272961881	0	RECOG_CR_PRES	6	BEAST	108	-999	P	1551
1266272963724	1	RECOG_FEEDBACK	1
1266272965532	0	REST
1266272966530	1	REC_START
1266272966557	0	RECOG_PRES	7	DIME	466	-999	P	1211
1266272968140	0	RECOG_CR_PRES	7	DIME	466	-999	P	707
1266272969165	1	RECOG_FEEDBACK	1
1266272969964	0	RECOG_PRES	7	HERO	706	-999	P	1724
1266272972057	0	RECOG_CR_PRES	7	HERO	706	-999	P	1159
1266272973565	1	RECOG_FEEDBACK	1
1266272974290	0	RECOG_PRES	7	ROBIN	1199	-999	P	950
1266272975615	0	RECOG_CR_PRES	7	ROBIN	1199	-999	P	926
1266272976847	1	RECOG_FEEDBACK	1
1266272977648	0	RECOG_PRES	7	SWEATER	1419	-999	P	888
1266272978905	0	RECOG_CR_PRES	7	SWEATER	1419	-999	P	1583
1266272980789	1	RECOG_FEEDBACK	1
1266272981548	0	RECOG_PRES	7	OX	994	-999	P	844
1266272982764	0	RECOG_CR_PRES	7	OX	994	-999	P	868
1266272983938	1	RECOG_FEEDBACK	1
1266272984672	0	RECOG_PRES	7	ANTEATER	26	-999	P	1303
1266272986339	0	RECOG_CR_PRES	7	ANTEATER	26	-999	P	1301
1266272987946	1	RECOG_FEEDBACK	1
1266272988664	0	RECOG_PRES	7	TUXEDO	1525	-999	P	1239
1266272990272	0	RECOG_CR_PRES	7	TUXEDO	1525	-999	P	639
1266272991247	1	RECOG_FEEDBACK	1
1266272992022	0	RECOG_PRES	7	SHOWER	1296	-999	P	1666
1266272994063	0	RECOG_CR_PRES	7	SHOWER	1296	-999	P	641
1266272995080	1	RECOG_FEEDBACK	1
1266272995797	0	RECOG_PRES	7	GOVERNOR	651	-999	P	1355
1266272997521	0	RECOG_CR_PRES	7	GOVERNOR	651	-999	P	695
1266272998555	1	RECOG_FEEDBACK	1
1266272999346	0	RECOG_PRES	7	APE	31	-999	P	1134
1266273000853	0	RECOG_CR_PRES	7	APE	31	-999	P	923
1266273002096	1	RECOG_FEEDBACK	1
1266273002853	0	RECOG_PRES	7	LETTER	813	-999	P	2707
1266273005928	0	RECOG_CR_PRES	7	LETTER	813	-999	P	856
1266273007146	1	RECOG_FEEDBACK	1
1266273007928	0	RECOG_PRES	7	MOAT	903	-999	P	1104
1266273009404	0	RECOG_CR_PRES	7	MOAT	903	-999	P	748
1266273010470	1	RECOG_FEEDBACK	1
1266273011204	0	RECOG_PRES	7	ZIPPER	1636	-999	P	1124
1266273012712	0	RECOG_CR_PRES	7	ZIPPER	1636	-999	P	1231
1266273014270	1	RECOG_FEEDBACK	1
1266273015028	0	RECOG_PRES	7	BUILDING	191	-999	P	1508
1266273016911	0	RECOG_CR_PRES	7	BUILDING	191	-999	P	721
1266273017986	1	RECOG_FEEDBACK	1
1266273018712	0	RECOG_PRES	7	POLYESTER	1100	-999	P	1352
1266273020436	0	RECOG_CR_PRES	7	POLYESTER	1100	-999	P	612
1266273021395	1	RECOG_FEEDBACK	1
1266273022120	0	RECOG_PRES	7	PIPE	1073	-999	P	1160
1266273023653	0	RECOG_CR_PRES	7	PIPE	1073	-999	P	979
1266273024952	1	RECOG_FEEDBACK	1
1266273025669	0	RECOG_PRES	7	RABBIT	1152	-999	P	587
1266273026628	0	RECOG_CR_PRES	7	RABBIT	1152	-999	P	1347
1266273028211	1	RECOG_FEEDBACK	-1
1266273028968	0	RECOG_PRES	7	RIB	1188	-999	P	2536
1266273031885	0	RECOG_CR_PRES	7	RIB	1188	-999	P	1947
1266273034210	1	RECOG_FEEDBACK	1
1266273034934	0	RECOG_PRES	7	SALAD	1224	-999	P	1250
1266273036560	0	RECOG_CR_PRES	7	SALAD	1224	-999	P	1319
1266273038210	1	RECOG_FEEDBACK	1
1266273039002	0	RECOG_PRES	7	SKATE	1313	-999	P	2446
1266273041818	0	RECOG_CR_PRES	7	SKATE	1313	-999	P	814
1266273043010	1	RECOG_FEEDBACK	1
1266273047810	0	REST
1266273048754	1	REC_START
1266273048784	0	RECOG_PRES	8	CAPTIVE	240	-999	P	1392
1266273050551	0	RECOG_CR_PRES	8	CAPTIVE	240	-999	P	977
1266273051866	1	RECOG_FEEDBACK	1
1266273052659	0	RECOG_PRES	8	BELLY	119	-999	P	1101
1266273054134	0	RECOG_CR_PRES	8	BELLY	119	-999	P	1226
1266273055675	1	RECOG_FEEDBACK	1
1266273056392	0	RECOG_PRES	8	TROUSERS	1510	-999	P	1080
1266273057841	0	RECOG_CR_PRES	8	TROUSERS	1510	-999	P	911
1266273059067	1	RECOG_FEEDBACK	1
1266273059792	0	RECOG_PRES	8	PRINCE	1124	-999	P	1063
1266273061217	0	RECOG_CR_PRES	8	PRINCE	1124	-999	P	1439
1266273062974	1	RECOG_FEEDBACK	1
1266273063758	0	RECOG_PRES	8	BEAD	103	-999	P	954
1266273065083	0	RECOG_CR_PRES	8	BEAD	103	-999	P	908
1266273066308	1	RECOG_FEEDBACK	1
1266273067116	0	RECOG_PRES	8	JUPITER	765	-999	P	2324
1266273069816	0	RECOG_CR_PRES	8	JUPITER	765	-999	P	1087
1266273071274	1	RECOG_FEEDBACK	1
1266273072025	0	RECOG_PRES	8	GOBLIN	645	-999	P	1199
1266273073599	0	RECOG_CR_PRES	8	GOBLIN	645	-999	P	1089
1266273075007	1	RECOG_FEEDBACK	1
1266273075732	0	RECOG_PRES	8	DISH	474	-999	P	1187
1266273077282	0	RECOG_CR_PRES	8	DISH	474	-999	P	838
1266273078457	1	RECOG_FEEDBACK	1
1266273079266	0	RECOG_PRES	8	EYE	545	-999	P	1334
1266273080973	0	RECOG_CR_PRES	8	EYE	545	-999	P	683
1266273082015	1	RECOG_FEEDBACK	1
1266273082824	0	RECOG_PRES	8	LETTUCE	814	-999	P	1960
1266273085148	0	RECOG_CR_PRES	8	LETTUCE	814	-999	P	612
1266273086115	1	RECOG_FEEDBACK	1
1266273086856	0	RECOG_PRES	8	ANTENNA	28	-999	P	1007
1266273088231	0	RECOG_CR_PRES	8	ANTENNA	28	-999	P	817
1266273089365	1	RECOG_FEEDBACK	1
1266273090106	0	RECOG_PRES	8	ATLAS	53	-999	P	1342
1266273091823	0	RECOG_CR_PRES	8	ATLAS	53	-999	P	841
1266273093006	1	RECOG_FEEDBACK	1
1266273093756	0	RECOG_PRES	8	TOMATO	1476	-999	P	1332
1266273095464	0	RECOG_CR_PRES	8	TOMATO	1476	-999	P	712
1266273096523	1	RECOG_FEEDBACK	1
1266273097272	0	RECOG_PRES	8	PLASTER	1085	-999	P	1192
1266273098839	0	RECOG_CR_PRES	8	PLASTER	1085	-999	P	905
1266273100072	1	RECOG_FEEDBACK	1
1266273100839	0	RECOG_PRES	8	PERSON	1052	-999	P	1369
1266273102581	0	RECOG_CR_PRES	8	PERSON	1052	-999	P	891
1266273103797	1	RECOG_FEEDBACK	1
1266273104522	0	RECOG_PRES	8	CRUTCH	417	-999	P	1270
1266273106164	0	RECOG_CR_PRES	8	CRUTCH	417	-999	P	811
1266273107322	1	RECOG_FEEDBACK	0
1266273108097	0	RECOG_PRES	8	PAPER	1011	-999	P	999
1266273109472	0	RECOG_CR_PRES	8	PAPER	1011	-999	P	736
1266273110522	1	RECOG_FEEDBACK	1
1266273111263	0	RECOG_PRES	8	RUBY	1214	-999	P	993
1266273112621	0	RECOG_CR_PRES	8	RUBY	1214	-999	P	827
1266273113771	1	RECOG_FEEDBACK	1
1266273114563	0	RECOG_PRES	8	LOCK	838	-999	P	1348
1266273116279	0	RECOG_CR_PRES	8	LOCK	838	-999	P	1049
1266273117679	1	RECOG_FEEDBACK	1
1266273118404	0	RECOG_PRES	8	SISTER	1312	-999	P	1020
1266273119796	0	RECOG_CR_PRES	8	SISTER	1312	-999	P	1004
1266273121112	1	RECOG_FEEDBACK	1
1266273123162	0	REST
1266273124221	1	REC_START
1266273124254	0	RECOG_PRES	9	STEP	1377	-999	P	1138
1266273125762	0	RECOG_CR_PRES	9	STEP	1377	-999	P	1006
1266273127095	1	RECOG_FEEDBACK	1
1266273127844	0	RECOG_PRES	9	DESK	452	-999	P	1155
1266273129370	0	RECOG_CR_PRES	9	DESK	452	-999	P	702
1266273130403	1	RECOG_FEEDBACK	1
1266273131145	0	RECOG_PRES	9	CARAVAN	242	-999	P	1407
1266273132927	0	RECOG_CR_PRES	9	CARAVAN	242	-999	P	1777
1266273135053	1	RECOG_FEEDBACK	1
1266273135820	0	RECOG_PRES	9	COCKTAIL	338	-999	P	1492
1266273137686	0	RECOG_CR_PRES	9	COCKTAIL	338	-999	P	834
1266273138877	1	RECOG_FEEDBACK	1
1266273139619	0	RECOG_PRES	9	CLASS	318	-999	P	1813
1266273141803	0	RECOG_CR_PRES	9	CLASS	318	-999	P	648
1266273142836	1	RECOG_FEEDBACK	0
1266273143661	0	RECOG_PRES	9	TERMITE	1451	-999	P	1258
1266273145286	0	RECOG_CR_PRES	9	TERMITE	1451	-999	P	802
1266273146419	1	RECOG_FEEDBACK	1
1266273147186	0	RECOG_PRES	9	GOO	648	-999	P	1246
1266273148802	0	RECOG_CR_PRES	9	GOO	648	-999	P	894
1266273150002	1	RECOG_FEEDBACK	1
1266273150769	0	RECOG_PRES	9	SWIMMER	1420	-999	P	991
1266273152135	0	RECOG_CR_PRES	9	SWIMMER	1420	-999	P	1177
1266273153627	1	RECOG_FEEDBACK	1
1266273154377	0	RECOG_PRES	9	ENGINE	535	-999	P	1063
1266273155810	0	RECOG_CR_PRES	9	ENGINE	535	-999	P	1614
1266273157743	1	RECOG_FEEDBACK	1
1266273158535	0	RECOG_PRES	9	TEENAGER	1444	-999	P	1569
1266273160476	0	RECOG_CR_PRES	9	TEENAGER	1444	-999	P	1092
1266273161917	1	RECOG_FEEDBACK	1
1266273162684	0	RECOG_PRES	9	PARTNER	1017	-999	P	1916
1266273164975	0	RECOG_CR_PRES	9	PARTNER	1017	-999	P	1161
1266273166509	1	RECOG_FEEDBACK	1
1266273167259	0	RECOG_PRES	9	TREE	1502	-999	P	1093
1266273168726	0	RECOG_CR_PRES	9	TREE	1502	-999	P	1354
1266273170401	1	RECOG_FEEDBACK	1
1266273171151	0	RECOG_PRES	9	DAD	433	-999	P	1193
1266273172717	0	RECOG_CR_PRES	9	DAD	433	-999	P	987
1266273174034	1	RECOG_FEEDBACK	1
1266273174817	0	RECOG_PRES	9	POLICE	1098	-999	P	919
1266273176108	0	RECOG_CR_PRES	9	POLICE	1098	-999	P	1787
1266273178208	1	RECOG_FEEDBACK	1
1266273178916	0	RECOG_PRES	9	BANANA	77	-999	P	1156
1266273180441	0	RECOG_CR_PRES	9	BANANA	77	-999	P	1502
1266273182283	1	RECOG_FEEDBACK	1
1266273183041	0	RECOG_PRES	9	DAISY	435	-999	P	2799
1266273186208	0	RECOG_CR_PRES	9	DAISY	435	-999	P	928
1266273187516	1	RECOG_FEEDBACK	1
1266273188241	0	RECOG_PRES	9	CUCUMBER	421	-999	P	1207
1266273189824	0	RECOG_CR_PRES	9	CUCUMBER	421	-999	P	1159
1266273191299	1	RECOG_FEEDBACK	0
1266273192016	0	RECOG_PRES	9	BASKETBALL	96	-999	P	1224
1266273193616	0	RECOG_CR_PRES	9	BASKETBALL	96	-999	P	1200
1266273195140	1	RECOG_FEEDBACK	1
1266273195939	0	RECOG_PRES	9	COD	340	-999	P	1012
1266273197315	0	RECOG_CR_PRES	9	COD	340	-999	P	877
1266273198507	1	RECOG_FEEDBACK	1
1266273199273	0	RECOG_PRES	9	CAPITAL	238	-999	P	1191
1266273200840	0	RECOG_CR_PRES	9	CAPITAL	238	-999	P	1127
1266273202298	1	RECOG_FEEDBACK	1
1266273204090	0	REST
1266273205082	1	REC_START
1266273205115	0	RECOG_PRES	10	FACTORY	548	-999	P	1173
1266273206656	0	RECOG_CR_PRES	10	FACTORY	548	-999	P	696
1266273207681	1	RECOG_FEEDBACK	1
1266273208389	0	RECOG_PRES	10	LAPEL	800	-999	P	1251
1266273210014	0	RECOG_CR_PRES	10	LAPEL	800	-999	P	841
1266273211181	1	RECOG_FEEDBACK	1
1266273211980	0	RECOG_PRES	10	TICK	1463	-999	P	2003
1266273214347	0	RECOG_CR_PRES	10	TICK	1463	-999	P	564
1266273215264	1	RECOG_FEEDBACK	1
1266273216022	0	RECOG_PRES	10	ROOF	1205	-999	P	1290
1266273217680	0	RECOG_CR_PRES	10	ROOF	1205	-999	P	1183
1266273219172	1	RECOG_FEEDBACK	1
1266273219946	0	RECOG_PRES	10	STONE	1385	-999	P	1270
1266273221589	0	RECOG_CR_PRES	10	STONE	1385	-999	P	795
1266273222713	1	RECOG_FEEDBACK	1
1266273223488	0	RECOG_PRES	10	EARTH	515	-999	P	960
1266273224822	0	RECOG_CR_PRES	10	EARTH	515	-999	P	882
1266273226021	1	RECOG_FEEDBACK	1
1266273226746	0	RECOG_PRES	10	SCULPTURE	1258	-999	P	926
1266273228046	0	RECOG_CR_PRES	10	SCULPTURE	1258	-999	P	786
1266273229138	1	RECOG_FEEDBACK	1
1266273229920	0	RECOG_PRES	10	SANDWICH	1232	-999	P	1576
1266273231870	0	RECOG_CR_PRES	10	SANDWICH	1232	-999	P	786
1266273233038	1	RECOG_FEEDBACK	1
1266273233829	0	RECOG_PRES	10	NECK	939	-999	P	1098
1266273235296	0	RECOG_CR_PRES	10	NECK	939	-999	P	1208
1266273236821	1	RECOG_FEEDBACK	1
1266273237587	0	RECOG_PRES	10	ADULT	8	-999	P	1789
1266273239746	0	RECOG_CR_PRES	10	ADULT	8	-999	P	910
1266273240994	1	RECOG_FEEDBACK	1
1266273241787	0	RECOG_PRES	10	COMPANION	357	-999	P	973
1266273243129	0	RECOG_CR_PRES	10	COMPANION	357	-999	P	887
1266273244328	1	RECOG_FEEDBACK	1
1266273245128	0	RECOG_PRES	10	KEYBOARD	774	-999	P	1152
1266273246653	0	RECOG_CR_PRES	10	KEYBOARD	774	-999	P	739
1266273247720	1	RECOG_FEEDBACK	1
1266273248487	0	RECOG_PRES	10	CANARY	227	-999	P	1001
1266273249860	0	RECOG_CR_PRES	10	CANARY	227	-999	P	1196
1266273251370	1	RECOG_FEEDBACK	1
1266273252170	0	RECOG_PRES	10	BUS	201	-999	P	982
1266273253528	0	RECOG_CR_PRES	10	BUS	201	-999	P	872
1266273254711	1	RECOG_FEEDBACK	1
1266273255436	0	RECOG_PRES	10	CAP	236	-999	P	1148
1266273256952	0	RECOG_CR_PRES	10	CAP	236	-999	P	999
1266273258277	1	RECOG_FEEDBACK	1
1266273258993	0	RECOG_PRES	10	TERMINAL	1450	-999	P	1279
1266273260644	0	RECOG_CR_PRES	10	TERMINAL	1450	-999	P	1275
1266273262252	1	RECOG_FEEDBACK	1
1266273262985	0	RECOG_PRES	10	CLOCK	325	-999	P	1431
1266273264785	0	RECOG_CR_PRES	10	CLOCK	325	-999	P	767
1266273265893	1	RECOG_FEEDBACK	0
1266273266619	0	RECOG_PRES	10	FIST	572	-999	P	1037
1266273268027	0	RECOG_CR_PRES	10	FIST	572	-999	P	1077
1266273269418	1	RECOG_FEEDBACK	1
1266273270168	0	RECOG_PRES	10	MOUSE	925	-999	P	1040
1266273271576	0	RECOG_CR_PRES	10	MOUSE	925	-999	P	816
1266273272718	1	RECOG_FEEDBACK	1
1266273273510	0	RECOG_PRES	10	FIDDLE	561	-999	P	954
1266273274835	0	RECOG_CR_PRES	10	FIDDLE	561	-999	P	885
1266273276034	1	RECOG_FEEDBACK	1
1266273277743	0	REST
1266273278615	1	REC_START
1266273278643	0	RECOG_PRES	11	JAPAN	749	-999	P	1037
1266273280051	0	RECOG_CR_PRES	11	JAPAN	749	-999	P	828
1266273281184	1	RECOG_FEEDBACK	1
1266273281933	0	RECOG_PRES	11	LION	827	-999	P	2034
1266273284334	0	RECOG_CR_PRES	11	LION	827	-999	P	826
1266273285517	1	RECOG_FEEDBACK	1
1266273286259	0	RECOG_PRES	11	BRICK	172	-999	P	853
1266273287484	0	RECOG_CR_PRES	11	BRICK	172	-999	P	892
1266273288675	1	RECOG_FEEDBACK	1
1266273289409	0	RECOG_PRES	11	IGLOO	734	-999	P	1095
1266273290874	0	RECOG_CR_PRES	11	IGLOO	734	-999	P	966
1266273292142	1	RECOG_FEEDBACK	1
1266273292891	0	RECOG_PRES	11	TREAD	1499	-999	P	1020
1266273294275	0	RECOG_CR_PRES	11	TREAD	1499	-999	P	1309
1266273295899	1	RECOG_FEEDBACK	1
1266273296641	0	RECOG_PRES	11	MEDICINE	886	-999	P	1143
1266273298158	0	RECOG_CR_PRES	11	MEDICINE	886	-999	P	1002
1266273299483	1	RECOG_FEEDBACK	1
1266273300291	0	RECOG_PRES	11	SERVER	1272	-999	P	1197
1266273301857	0	RECOG_CR_PRES	11	SERVER	1272	-999	P	1191
1266273303374	1	RECOG_FEEDBACK	1
1266273304108	0	RECOG_PRES	11	VITAMIN	1574	-999	P	1060
1266273305541	0	RECOG_CR_PRES	11	VITAMIN	1574	-999	P	875
1266273306724	1	RECOG_FEEDBACK	1
1266273307474	0	RECOG_PRES	11	MAGAZINE	853	-999	P	846
1266273308691	0	RECOG_CR_PRES	11	MAGAZINE	853	-999	P	757
1266273309749	1	RECOG_FEEDBACK	1
1266273310524	0	RECOG_PRES	11	WALRUS	1585	-999	P	1508
1266273312407	0	RECOG_CR_PRES	11	WALRUS	1585	-999	P	568
1266273313324	1	RECOG_FEEDBACK	1
1266273314107	0	RECOG_PRES	11	CREW	406	-999	P	892
1266273315373	0	RECOG_CR_PRES	11	CREW	406	-999	P	907
1266273316582	1	RECOG_FEEDBACK	1
1266273317382	0	RECOG_PRES	11	SODA	1341	-999	P	1866
1266273319623	0	RECOG_CR_PRES	11	SODA	1341	-999	P	601
1266273320590	1	RECOG_FEEDBACK	1
1266273321306	0	RECOG_PRES	11	LASER	801	-999	P	878
1266273322556	0	RECOG_CR_PRES	11	LASER	801	-999	P	844
1266273323706	1	RECOG_FEEDBACK	1
1266273324514	0	RECOG_PRES	11	PECAN	1036	-999	P	1485
1266273326373	0	RECOG_CR_PRES	11	PECAN	1036	-999	P	635
1266273327356	1	RECOG_FEEDBACK	1
1266273328106	0	RECOG_PRES	11	FORT	595	-999	P	1078
1266273329556	0	RECOG_CR_PRES	11	FORT	595	-999	P	764
1266273330647	1	RECOG_FEEDBACK	0
1266273331414	0	RECOG_PRES	11	ROOST	1208	-999	P	1698
1266273333480	0	RECOG_CR_PRES	11	ROOST	1208	-999	P	536
1266273334372	1	RECOG_FEEDBACK	1
1266273335147	0	RECOG_PRES	11	CAVE	263	-999	P	1245
1266273336763	0	RECOG_CR_PRES	11	CAVE	263	-999	P	717
1266273337805	1	RECOG_FEEDBACK	1
1266273338597	0	RECOG_PRES	11	GOOSE	649	-999	P	1250
1266273340213	0	RECOG_CR_PRES	11	GOOSE	649	-999	P	1035
1266273341571	1	RECOG_FEEDBACK	1
1266273342338	0	RECOG_PRES	11	CLARINET	317	-999	P	1661
1266273344371	0	RECOG_CR_PRES	11	CLARINET	317	-999	P	588
1266273345305	1	RECOG_FEEDBACK	1
1266273346029	0	RECOG_PRES	11	EARRING	514	-999	P	1139
1266273347538	0	RECOG_CR_PRES	11	EARRING	514	-999	P	846
1266273348721	1	RECOG_FEEDBACK	1
1266273350046	0	REST
1266273351170	1	REC_START
1266273351204	0	RECOG_PRES	12	RIVER	1194	-999	P	948
1266273352521	0	RECOG_CR_PRES	12	RIVER	1194	-999	P	903
1266273353729	1	RECOG_FEEDBACK	1
1266273354471	0	RECOG_PRES	12	PILL	1068	-999	P	1089
1266273355928	0	RECOG_CR_PRES	12	PILL	1068	-999	P	744
1266273356986	1	RECOG_FEEDBACK	1
1266273357737	0	RECOG_PRES	12	DAM	436	-999	P	1103
1266273359203	0	RECOG_CR_PRES	12	DAM	436	-999	P	732
1266273360262	1	RECOG_FEEDBACK	1
1266273361078	0	RECOG_PRES	12	GROCERY	664	-999	P	1130
1266273362578	0	RECOG_CR_PRES	12	GROCERY	664	-999	P	926
1266273363837	1	RECOG_FEEDBACK	1
1266273364636	0	RECOG_PRES	12	DOLLAR	482	-999	P	852
1266273365860	0	RECOG_CR_PRES	12	DOLLAR	482	-999	P	868
1266273367045	1	RECOG_FEEDBACK	1
1266273367836	0	RECOG_PRES	12	CREAM	402	-999	P	892
1266273369094	0	RECOG_CR_PRES	12	CREAM	402	-999	P	730
1266273370144	1	RECOG_FEEDBACK	1
1266273370860	0	RECOG_PRES	12	CUBE	420	-999	P	852
1266273372086	0	RECOG_CR_PRES	12	CUBE	420	-999	P	849
1266273373236	1	RECOG_FEEDBACK	1
1266273373976	0	RECOG_PRES	12	TYPEWRITER	1531	-999	P	866
1266273375236	0	RECOG_CR_PRES	12	TYPEWRITER	1531	-999	P	908
1266273376461	1	RECOG_FEEDBACK	1
1266273377185	0	RECOG_PRES	12	STAGE	1366	-999	P	1215
1266273378769	0	RECOG_CR_PRES	12	STAGE	1366	-999	P	1047
1266273380160	1	RECOG_FEEDBACK	1
1266273380959	0	RECOG_PRES	12	AFRICA	9	-999	P	1032
1266273382360	0	RECOG_CR_PRES	12	AFRICA	9	-999	P	816
1266273383493	1	RECOG_FEEDBACK	1
1266273384202	0	RECOG_PRES	12	CART	250	-999	P	2094
1266273386668	0	RECOG_CR_PRES	12	CART	250	-999	P	532
1266273387576	1	RECOG_FEEDBACK	1
1266273388285	0	RECOG_PRES	12	BOMB	147	-999	P	2155
1266273390809	0	RECOG_CR_PRES	12	BOMB	147	-999	P	639
1266273391793	1	RECOG_FEEDBACK	1
1266273392543	0	RECOG_PRES	12	SERVANT	1271	-999	P	953
1266273393867	0	RECOG_CR_PRES	12	SERVANT	1271	-999	P	641
1266273394867	1	RECOG_FEEDBACK	1
1266273395659	0	RECOG_PRES	12	SHINGLE	1285	-999	P	1340
1266273397376	0	RECOG_CR_PRES	12	SHINGLE	1285	-999	P	824
1266273398542	1	RECOG_FEEDBACK	1
1266273399309	0	RECOG_PRES	12	DOCK	477	-999	P	3682
1266273403367	0	RECOG_CR_PRES	12	DOCK	477	-999	P	641
1266273404434	1	RECOG_FEEDBACK	0
1266273405200	0	RECOG_PRES	12	COWBOY	395	-999	P	1280
1266273406849	0	RECOG_CR_PRES	12	COWBOY	395	-999	P	703
1266273407882	1	RECOG_FEEDBACK	1
1266273408650	0	RECOG_PRES	12	PAGE	1001	-999	P	1158
1266273410183	0	RECOG_CR_PRES	12	PAGE	1001	-999	P	857
1266273411375	1	RECOG_FEEDBACK	0
1266273412125	0	RECOG_PRES	12	GLUE	643	-999	P	1203
1266273413699	0	RECOG_CR_PRES	12	GLUE	643	-999	P	797
1266273414816	1	RECOG_FEEDBACK	1
1266273415608	0	RECOG_PRES	12	FLOUR	583	-999	P	1472
1266273417449	0	RECOG_CR_PRES	12	FLOUR	583	-999	P	599
1266273418391	1	RECOG_FEEDBACK	1
1266273419116	0	RECOG_PRES	12	ALLIGATOR	16	-999	P	996
1266273420482	0	RECOG_CR_PRES	12	ALLIGATOR	16	-999	P	918
1266273421716	1	RECOG_FEEDBACK	1
1266273423416	0	REST
1266273424565	1	REC_START
1266273424599	0	RECOG_PRES	13	MINT	898	-999	P	1336
1266273426299	0	RECOG_CR_PRES	13	MINT	898	-999	P	805
1266273427440	1	RECOG_FEEDBACK	1
1266273428190	0	RECOG_PRES	13	SIBLING	1301	-999	P	914
1266273429473	0	RECOG_CR_PRES	13	SIBLING	1301	-999	P	1343
1266273431115	1	RECOG_FEEDBACK	1
1266273431872	0	RECOG_PRES	13	BRUSH	182	-999	P	1392
1266273433631	0	RECOG_CR_PRES	13	BRUSH	182	-999	P	865
1266273434831	1	RECOG_FEEDBACK	1
1266273435623	0	RECOG_PRES	13	MISTER	901	-999	P	3296
1266273439281	0	RECOG_CR_PRES	13	MISTER	901	-999	P	727
1266273440406	1	RECOG_FEEDBACK	0
1266273441147	0	RECOG_PRES	13	BOSS	152	-999	P	1820
1266273443331	0	RECOG_CR_PRES	13	BOSS	152	-999	P	749
1266273444414	1	RECOG_FEEDBACK	1
1266273445172	0	RECOG_PRES	13	ZUCCHINI	1638	-999	P	3116
1266273448664	0	RECOG_CR_PRES	13	ZUCCHINI	1638	-999	P	680
1266273449747	1	RECOG_FEEDBACK	0
1266273450472	0	RECOG_PRES	13	ROPE	1211	-999	P	1040
1266273451887	0	RECOG_CR_PRES	13	ROPE	1211	-999	P	643
1266273452879	1	RECOG_FEEDBACK	0
1266273453638	0	RECOG_PRES	13	CATTLE	261	-999	P	1562
1266273455571	0	RECOG_CR_PRES	13	CATTLE	261	-999	P	709
1266273456621	1	RECOG_FEEDBACK	1
1266273457430	0	RECOG_PRES	13	SAILOR	1223	-999	P	1439
1266273459238	0	RECOG_CR_PRES	13	SAILOR	1223	-999	P	761
1266273460346	1	RECOG_FEEDBACK	1
1266273461138	0	RECOG_PRES	13	SCISSORS	1250	-999	P	1118
1266273462629	0	RECOG_CR_PRES	13	SCISSORS	1250	-999	P	531
1266273463479	1	RECOG_FEEDBACK	1
1266273464196	0	RECOG_PRES	13	KIWI	781	-999	P	891
1266273465487	0	RECOG_CR_PRES	13	KIWI	781	-999	P	785
1266273466571	1	RECOG_FEEDBACK	1
1266273467346	0	RECOG_PRES	13	LAWN	805	-999	P	1110
1266273468829	0	RECOG_CR_PRES	13	LAWN	805	-999	P	1731
1266273470878	1	RECOG_FEEDBACK	1
1266273471704	0	RECOG_PRES	13	GAVEL	627	-999	P	1056
1266273473129	0	RECOG_CR_PRES	13	GAVEL	627	-999	P	854
1266273474303	1	RECOG_FEEDBACK	1
1266273475078	0	RECOG_PRES	13	WAGON	1578	-999	P	897
1266273476337	0	RECOG_CR_PRES	13	WAGON	1578	-999	P	648
1266273477320	1	RECOG_FEEDBACK	1
1266273478062	0	RECOG_PRES	13	MUG	930	-999	P	864
1266273479320	0	RECOG_CR_PRES	13	MUG	930	-999	P	832
1266273480461	1	RECOG_FEEDBACK	1
1266273481195	0	RECOG_PRES	13	FAN	551	-999	P	949
1266273482519	0	RECOG_CR_PRES	13	FAN	551	-999	P	985
1266273483819	1	RECOG_FEEDBACK	1
1266273484569	0	RECOG_PRES	13	WASHER	1592	-999	P	999
1266273485943	0	RECOG_CR_PRES	13	WASHER	1592	-999	P	928
1266273487178	1	RECOG_FEEDBACK	1
1266273487943	0	RECOG_PRES	13	HOSPITAL	721	-999	P	889
1266273489194	0	RECOG_CR_PRES	13	HOSPITAL	721	-999	P	725
1266273490227	1	RECOG_FEEDBACK	1
1266273490951	0	RECOG_PRES	13	JOURNAL	760	-999	P	968
1266273492294	0	RECOG_CR_PRES	13	JOURNAL	760	-999	P	1330
1266273493934	1	RECOG_FEEDBACK	1
1266273494735	0	RECOG_PRES	13	MOTH	920	-999	P	865
1266273495968	0	RECOG_CR_PRES	13	MOTH	920	-999	P	911
1266273497185	1	RECOG_FEEDBACK	1
1266273498992	0	REST
1266273500182	1	REC_START
1266273500218	0	RECOG_PRES	14	PRINCESS	1125	-999	P	1110
1266273501701	0	RECOG_CR_PRES	14	PRINCESS	1125	-999	P	555
1266273502568	1	RECOG_FEEDBACK	1
1266273503310	0	RECOG_PRES	14	PERISCOPE	1050	-999	P	1114
1266273504793	0	RECOG_CR_PRES	14	PERISCOPE	1050	-999	P	743
1266273505850	1	RECOG_FEEDBACK	1
1266273506651	0	RECOG_PRES	14	CLOSET	326	-999	P	965
1266273507983	0	RECOG_CR_PRES	14	CLOSET	326	-999	P	904
1266273509201	1	RECOG_FEEDBACK	1
1266273509966	0	RECOG_PRES	14	FREEWAY	603	-999	P	1913
1266273512242	0	RECOG_CR_PRES	14	FREEWAY	603	-999	P	1238
1266273513809	1	RECOG_FEEDBACK	1
1266273514601	0	RECOG_PRES	14	CRAB	397	-999	P	967
1266273515941	0	RECOG_CR_PRES	14	CRAB	397	-999	P	906
1266273517150	1	RECOG_FEEDBACK	1
1266273517916	0	RECOG_PRES	14	MANSION	864	-999	P	1027
1266273519308	0	RECOG_CR_PRES	14	MANSION	864	-999	P	884
1266273520500	1	RECOG_FEEDBACK	1
1266273521242	0	RECOG_PRES	14	PONY	1102	-999	P	854
1266273522467	0	RECOG_CR_PRES	14	PONY	1102	-999	P	757
1266273523525	1	RECOG_FEEDBACK	1
1266273524316	0	RECOG_PRES	14	COUNTRY	388	-999	P	916
1266273525608	0	RECOG_CR_PRES	14	COUNTRY	388	-999	P	816
1266273526733	1	RECOG_FEEDBACK	1
1266273527533	0	RECOG_PRES	14	VOLCANO	1575	-999	P	1314
1266273529208	0	RECOG_CR_PRES	14	VOLCANO	1575	-999	P	648
1266273530224	1	RECOG_FEEDBACK	1
1266273530948	0	RECOG_PRES	14	EXPERT	543	-999	P	1076
1266273532399	0	RECOG_CR_PRES	14	EXPERT	543	-999	P	1089
1266273533807	1	RECOG_FEEDBACK	1
1266273534607	0	RECOG_PRES	14	SUPPER	1411	-999	P	2857
1266273537832	0	RECOG_CR_PRES	14	SUPPER	1411	-999	P	720
1266273538931	1	RECOG_FEEDBACK	1
1266273539707	0	RECOG_PRES	14	BENCH	121	-999	P	1053
1266273541132	0	RECOG_CR_PRES	14	BENCH	121	-999	P	803
1266273542265	1	RECOG_FEEDBACK	1
1266273543057	0	RECOG_PRES	14	CINNAMON	310	-999	P	1007
1266273544440	0	RECOG_CR_PRES	14	CINNAMON	310	-999	P	1447
1266273546207	1	RECOG_FEEDBACK	1
1266273546972	0	RECOG_PRES	14	SALMON	1227	-999	P	947
1266273548281	0	RECOG_CR_PRES	14	SALMON	1227	-999	P	855
1266273549456	1	RECOG_FEEDBACK	1
1266273550190	0	RECOG_PRES	14	WARRIOR	1589	-999	P	1312
1266273551880	0	RECOG_CR_PRES	14	WARRIOR	1589	-999	P	1031
1266273553248	1	RECOG_FEEDBACK	1
1266273554014	0	RECOG_PRES	14	WILDERNESS	1610	-999	P	1186
1266273555573	0	RECOG_CR_PRES	14	WILDERNESS	1610	-999	P	811
1266273556722	1	RECOG_FEEDBACK	0
1266273557431	0	RECOG_PRES	14	SEAGULL	1261	-999	P	1681
1266273559481	0	RECOG_CR_PRES	14	SEAGULL	1261	-999	P	863
1266273560680	1	RECOG_FEEDBACK	1
1266273561405	0	RECOG_PRES	14	MONUMENT	913	-999	P	1363
1266273563139	0	RECOG_CR_PRES	14	MONUMENT	913	-999	P	869
1266273564355	1	RECOG_FEEDBACK	1
1266273565088	0	RECOG_PRES	14	LABYRINTH	791	-999	P	1008
1266273566472	0	RECOG_CR_PRES	14	LABYRINTH	791	-999	P	4487
1266273571205	1	RECOG_FEEDBACK	-1
1266273571920	0	RECOG_PRES	14	BONE	148	-999	P	2039
1266273574321	0	RECOG_CR_PRES	14	BONE	148	-999	P	1407
1266273576088	1	RECOG_FEEDBACK	1
1266273577788	0	REST
1266273578941	1	REC_START
1266273578978	0	RECOG_PRES	15	BROOK	177	-999	P	1374
1266273580721	0	RECOG_CR_PRES	15	BROOK	177	-999	P	935
1266273582004	1	RECOG_FEEDBACK	1
1266273582729	0	RECOG_PRES	15	SIGNATURE	1306	-999	P	1775
1266273584878	0	RECOG_CR_PRES	15	SIGNATURE	1306	-999	P	1162
1266273586404	1	RECOG_FEEDBACK	1
1266273587154	0	RECOG_PRES	15	CHAIN	273	-999	P	942
1266273588470	0	RECOG_CR_PRES	15	CHAIN	273	-999	P	1298
1266273590087	1	RECOG_FEEDBACK	1
1266273590869	0	RECOG_PRES	15	VINE	1568	-999	P	1163
1266273592403	0	RECOG_CR_PRES	15	VINE	1568	-999	P	1101
1266273593836	1	RECOG_FEEDBACK	1
1266273594586	0	RECOG_PRES	15	LEADER	807	-999	P	1198
1266273596153	0	RECOG_CR_PRES	15	LEADER	807	-999	P	1063
1266273597536	1	RECOG_FEEDBACK	1
1266273598311	0	RECOG_PRES	15	AMBULANCE	19	-999	P	1113
1266273599794	0	RECOG_CR_PRES	15	AMBULANCE	19	-999	P	950
1266273601069	1	RECOG_FEEDBACK	1
1266273601803	0	RECOG_PRES	15	COAT	333	-999	P	1196
1266273603369	0	RECOG_CR_PRES	15	COAT	333	-999	P	879
1266273604586	1	RECOG_FEEDBACK	1
1266273605369	0	RECOG_PRES	15	THESAURUS	1454	-999	P	1478
1266273607210	0	RECOG_CR_PRES	15	THESAURUS	1454	-999	P	958
1266273608519	1	RECOG_FEEDBACK	1
1266273609294	0	RECOG_PRES	15	SAP	1233	-999	P	1298
1266273610959	0	RECOG_CR_PRES	15	SAP	1233	-999	P	912
1266273612210	1	RECOG_FEEDBACK	1
1266273613002	0	RECOG_PRES	15	NOMAD	955	-999	P	1470
1266273614842	0	RECOG_CR_PRES	15	NOMAD	955	-999	P	1053
1266273616251	1	RECOG_FEEDBACK	1
1266273616992	0	RECOG_PRES	15	GULL	671	-999	P	1488
1266273618850	0	RECOG_CR_PRES	15	GULL	671	-999	P	766
1266273619950	1	RECOG_FEEDBACK	1
1266273620676	0	RECOG_PRES	15	CABBAGE	210	-999	P	1012
1266273622059	0	RECOG_CR_PRES	15	CABBAGE	210	-999	P	844
1266273623218	1	RECOG_FEEDBACK	1
1266273624018	0	RECOG_PRES	15	BOOK	149	-999	P	1294
1266273625684	0	RECOG_CR_PRES	15	BOOK	149	-999	P	716
1266273626759	1	RECOG_FEEDBACK	1
1266273627542	0	RECOG_PRES	15	REPORT	1184	-999	P	1650
1266273629567	0	RECOG_CR_PRES	15	REPORT	1184	-999	P	825
1266273630734	1	RECOG_FEEDBACK	1
1266273631517	0	RECOG_PRES	15	CATERPILLAR	259	-999	P	1386
1266273633267	0	RECOG_CR_PRES	15	CATERPILLAR	259	-999	P	965
1266273634600	1	RECOG_FEEDBACK	1
1266273635392	0	RECOG_PRES	15	CRADLE	399	-999	P	1168
1266273636932	0	RECOG_CR_PRES	15	CRADLE	399	-999	P	915
1266273638158	1	RECOG_FEEDBACK	1
1266273638924	0	RECOG_PRES	15	RAISIN	1163	-999	P	1124
1266273640416	0	RECOG_CR_PRES	15	RAISIN	1163	-999	P	920
1266273641666	1	RECOG_FEEDBACK	1
1266273642400	0	RECOG_PRES	15	BRAN	167	-999	P	1447
1266273644208	0	RECOG_CR_PRES	15	BRAN	167	-999	P	960
1266273645499	1	RECOG_FEEDBACK	1
1266273646258	0	RECOG_PRES	15	SHEET	1279	-999	P	1142
1266273647774	0	RECOG_CR_PRES	15	SHEET	1279	-999	P	1145
1266273649241	1	RECOG_FEEDBACK	1
1266273649990	0	RECOG_PRES	15	BLOUSE	139	-999	P	1290
1266273651649	0	RECOG_CR_PRES	15	BLOUSE	139	-999	P	919
1266273652906	1	RECOG_FEEDBACK	1
1266273653707	0	RECOG_END
1266273663914	0	SESS_END
1266273663958	0	E	Logging Ends
