1270827304328	0	B	Logging Begins
1270827329779	0	START
1270827329803	1	PROB	'2 + 7 + 7 = '	'16'	1	1576	1
1270827331411	1	PROB	'7 + 7 + 8 = '	'22'	1	1625	1
1270827333071	1	PROB	'5 + 9 + 2 = '	'16'	1	1412	1
1270827334520	1	PROB	'6 + 3 + 5 = '	'14'	1	1939	1
1270827336494	1	PROB	'1 + 8 + 7 = '	'16'	1	1373	1
1270827337903	1	PROB	'1 + 4 + 4 = '	'9'	1	2084	1
1270827340020	1	PROB	'7 + 8 + 9 = '	'24'	1	2143	1
1270827342194	1	PROB	'9 + 6 + 6 = '	'21'	1	1673	1
1270827343902	1	PROB	'6 + 1 + 9 = '	'16'	1	1469	1
1270827345402	1	PROB	'3 + 7 + 6 = '	'16'	1	1265	1
1270827346702	1	PROB	'2 + 7 + 1 = '	'10'	1	1326	1
1270827349778	0	STOP
1270827456169	0	START
1270827456994	1	PROB	'7 + 7 + 1 = '	'15'	1	1513	1
1270827458544	1	PROB	'8 + 1 + 9 = '	'18'	1	1115	1
1270827459694	1	PROB	'3 + 9 + 9 = '	'21'	1	1421	1
1270827461152	1	PROB	'6 + 2 + 1 = '	'9'	1	1187	1
1270827464169	0	STOP
1270827544146	0	START
1270827545654	1	PROB	'2 + 2 + 1 = '	'5'	1	1341	1
1270827547030	1	PROB	'2 + 7 + 2 = '	'11'	1	1205	1
1270827548270	1	PROB	'1 + 3 + 1 = '	'5'	1	1269	1
1270827549570	1	PROB	'4 + 8 + 7 = '	'19'	1	1281	1
1270827550851	0	STOP
1270827556187	0	START
1270827557178	1	PROB	'5 + 7 + 3 = '	'15'	1	1321	1
1270827558536	1	PROB	'1 + 1 + 9 = '	'11'	1	1011	1
1270827559586	1	PROB	'8 + 7 + 3 = '	'18'	1	1305	1
1270827560928	1	PROB	'4 + 4 + 9 = '	'17'	1	2092	1
1270827563020	0	STOP
1270827568186	0	START
1270827569277	1	PROB	'2 + 7 + 5 = '	'14'	1	1430	1
1270827570744	1	PROB	'3 + 9 + 2 = '	'14'	1	2131	1
1270827572910	1	PROB	'2 + 2 + 5 = '	'9'	1	2261	1
1270827575171	0	STOP
1270827580044	0	START
1270827580909	1	PROB	'4 + 1 + 7 = '	'12'	1	1398	1
1270827582343	1	PROB	'8 + 7 + 6 = '	'20'	0	1524	1
1270827583901	1	PROB	'2 + 4 + 2 = '	'8'	1	1478	1
1270827585417	1	PROB	'5 + 9 + 2 = '	'16'	1	1274	1
1270827586691	0	STOP
1270827592151	0	START
1270827593200	1	PROB	'7 + 4 + 3 = '	'14'	1	1787	1
1270827595026	1	PROB	'7 + 8 + 4 = '	'19'	1	1521	1
1270827596583	1	PROB	'6 + 2 + 5 = '	'13'	1	2124	1
1270827598707	0	STOP
1270827604250	0	START
1270827605341	1	PROB	'6 + 8 + 4 = '	'18'	1	1286	1
1270827606666	1	PROB	'9 + 3 + 4 = '	'16'	1	1537	1
1270827608241	1	PROB	'9 + 1 + 6 = '	'16'	1	1218	1
1270827609491	1	PROB	'3 + 7 + 7 = '	'17'	1	1472	1
1270827610963	0	STOP
1270827616116	0	START
1270827617024	1	PROB	'1 + 7 + 3 = '	'11'	1	1012	1
1270827618074	1	PROB	'2 + 5 + 4 = '	'11'	1	1409	1
1270827619532	1	PROB	'9 + 8 + 3 = '	'20'	1	2143	1
1270827621715	1	PROB	'9 + 1 + 7 = '	'17'	1	1337	1
1270827623052	0	STOP
1270827628041	0	START
1270827629214	1	PROB	'8 + 3 + 5 = '	'16'	1	1397	1
1270827630647	1	PROB	'3 + 6 + 3 = '	'12'	1	1836	1
1270827632522	1	PROB	'1 + 3 + 8 = '	'12'	1	2177	1
1270827634699	0	STOP
1270827639872	0	START
1270827640997	1	PROB	'7 + 8 + 5 = '	'19'	0	2286	1
1270827643321	1	PROB	'4 + 9 + 8 = '	'21'	1	2674	1
1270827646031	1	PROB	'6 + 2 + 6 = '	'14'	1	1332	1
1270827647363	0	STOP
1270827651888	0	START
1270827652712	1	PROB	'2 + 1 + 7 = '	'10'	1	1787	1
1270827654537	1	PROB	'4 + 1 + 5 = '	'10'	1	1154	1
1270827655729	1	PROB	'3 + 8 + 8 = '	'19'	1	1546	1
1270827657312	1	PROB	'1 + 5 + 6 = '	'12'	1	1299	1
1270827658611	0	STOP
1270827663945	0	START
1270827664886	1	PROB	'3 + 5 + 1 = '	'9'	1	1190	1
1270827666111	1	PROB	'5 + 2 + 9 = '	'16'	1	1820	1
1270827667970	1	PROB	'8 + 8 + 8 = '	'24'	1	1153	1
1270827669161	1	PROB	'9 + 2 + 3 = '	'14'	1	1490	1
1270827670651	0	STOP
1270827675844	0	START
1270827676761	1	PROB	'4 + 5 + 1 = '	'10'	1	1259	1
1270827678053	1	PROB	'3 + 1 + 3 = '	'7'	1	1302	1
1270827679394	1	PROB	'9 + 2 + 9 = '	'20'	1	2393	1
1270827683843	0	STOP
1270827687977	0	START
1270827688818	1	PROB	'5 + 3 + 8 = '	'16'	1	1409	1
1270827690260	1	PROB	'5 + 2 + 3 = '	'10'	1	1383	1
1270827691676	1	PROB	'4 + 3 + 1 = '	'8'	1	1519	1
1270827693234	1	PROB	'1 + 5 + 2 = '	'8'	1	1129	1
1270827695977	0	STOP
1270827700159	0	START
1270827701259	1	PROB	'4 + 9 + 4 = '	'17'	1	2144	1
1270827703442	1	PROB	'3 + 5 + 5 = '	'13'	1	1321	1
1270827708159	0	STOP
1270827712101	0	START
1270827713141	1	PROB	'2 + 1 + 7 = '	'10'	1	1278	1
1270827714458	1	PROB	'9 + 5 + 5 = '	'19'	1	1137	1
1270827715633	1	PROB	'2 + 9 + 4 = '	'15'	1	1730	1
1270827717399	1	PROB	'4 + 7 + 4 = '	'15'	1	1788	1
1270827719187	0	STOP
1270827724025	0	START
1270827725008	1	PROB	'8 + 1 + 6 = '	'15'	1	1483	1
1270827726524	1	PROB	'5 + 8 + 8 = '	'21'	1	1439	1
1270827727998	1	PROB	'8 + 2 + 6 = '	'16'	1	1070	1
1270827729108	1	PROB	'7 + 4 + 4 = '	'15'	1	1471	1
1270827730579	0	STOP
1270827735948	0	START
1270827736881	1	PROB	'1 + 4 + 3 = '	'8'	1	1570	1
1270827738489	1	PROB	'4 + 6 + 6 = '	'16'	1	1122	1
1270827739648	1	PROB	'5 + 9 + 4 = '	'18'	1	1523	1
1270827741206	1	PROB	'5 + 7 + 6 = '	'18'	1	1894	1
1270827743100	0	STOP
1270827822200	0	START
1270827823708	1	PROB	'2 + 9 + 9 = '	'20'	1	1255	1
1270827825000	1	PROB	'4 + 6 + 4 = '	'14'	1	1092	1
1270827826124	1	PROB	'3 + 6 + 3 = '	'12'	1	1623	1
1270827827783	1	PROB	'7 + 8 + 6 = '	'21'	1	1780	1
1270827829563	0	STOP
1270827834042	0	START
1270827834849	1	PROB	'5 + 6 + 9 = '	'20'	1	1538	1
1270827836424	1	PROB	'7 + 7 + 4 = '	'18'	1	1107	1
1270827837565	1	PROB	'9 + 2 + 4 = '	'15'	1	1190	1
1270827838790	1	PROB	'8 + 2 + 2 = '	'12'	1	1157	1
1270827839982	1	PROB	'8 + 4 + 4 = '	'16'	1	1645	1
1270827841627	0	STOP
1270827845898	0	START
1270827846765	1	PROB	'7 + 2 + 4 = '	'13'	1	1638	1
1270827848439	1	PROB	'8 + 8 + 7 = '	'22'	0	1661	1
1270827850131	1	PROB	'5 + 1 + 3 = '	'9'	1	1704	1
1270827851873	1	PROB	'9 + 1 + 4 = '	'14'	1	1082	1
1270827852955	0	STOP
1270827857923	0	START
1270827859065	1	PROB	'8 + 9 + 7 = '	'24'	1	2338	1
1270827861438	1	PROB	'4 + 3 + 2 = '	'9'	1	1517	1
1270827862988	1	PROB	'5 + 9 + 7 = '	'21'	1	1567	1
1270827864555	0	STOP
1270827869872	0	START
1270827871005	1	PROB	'9 + 7 + 2 = '	'18'	1	1526	1
1270827872571	1	PROB	'5 + 8 + 9 = '	'22'	1	1584	1
1270827874188	1	PROB	'1 + 1 + 4 = '	'6'	1	1311	1
1270827877872	0	STOP
1270827882072	0	START
1270827883154	1	PROB	'6 + 4 + 3 = '	'13'	1	1377	1
1270827884570	1	PROB	'8 + 1 + 7 = '	'16'	1	1265	1
1270827885870	1	PROB	'5 + 4 + 9 = '	'18'	1	2277	1
1270827890072	0	STOP
1270827894262	0	START
1270827895319	1	PROB	'8 + 1 + 9 = '	'18'	1	1244	1
1270827896602	1	PROB	'9 + 5 + 2 = '	'16'	1	1721	1
1270827898361	1	PROB	'2 + 6 + 5 = '	'13'	1	1890	1
1270827900286	1	PROB	'2 + 7 + 7 = '	'16'	1	1101	1
1270827901387	0	STOP
1270827906161	0	START
1270827907243	1	PROB	'3 + 6 + 5 = '	'14'	1	1272	1
1270827908552	1	PROB	'3 + 6 + 7 = '	'16'	1	1460	1
1270827910044	1	PROB	'6 + 2 + 1 = '	'9'	1	943	1
1270827911027	1	PROB	'8 + 3 + 4 = '	'15'	1	1392	1
1270827912451	1	PROB	'5 + 1 + 9 = '	'15'	1	1112	1
1270827913563	0	STOP
1270827918201	0	START
1270827919069	1	PROB	'5 + 5 + 4 = '	'14'	1	1398	1
1270827920501	1	PROB	'8 + 3 + 4 = '	'15'	1	1862	1
1270827922401	1	PROB	'8 + 1 + 2 = '	'11'	1	1474	1
1270827923909	1	PROB	'6 + 4 + 7 = '	'17'	1	1318	1
1270827925227	0	STOP
1270827930359	0	START
1270827931375	1	PROB	'8 + 5 + 7 = '	'20'	1	3956	1
1270827935366	1	PROB	'3 + 8 + 6 = '	'17'	1	1365	1
1270827936766	1	PROB	'5 + 6 + 8 = '	'19'	1	1445	1
1270827938211	0	STOP
1270827942475	0	START
1270827943507	1	PROB	'5 + 6 + 7 = '	'18'	1	1416	1
1270827944965	1	PROB	'3 + 1 + 9 = '	'13'	1	1254	1
1270827946257	1	PROB	'4 + 8 + 2 = '	'14'	1	1202	1
1270827947507	1	PROB	'8 + 4 + 1 = '	'13'	1	1304	1
1270827948857	1	PROB	'9 + 5 + 4 = '	'18'	1	1370	1
1270827950227	0	STOP
1270827954515	0	START
1270827955473	1	PROB	'7 + 7 + 7 = '	'21'	1	1106	1
1270827956623	1	PROB	'5 + 5 + 4 = '	'14'	1	956	1
1270827957623	1	PROB	'8 + 6 + 2 = '	'16'	1	1260	1
1270827958931	1	PROB	'3 + 8 + 8 = '	'19'	1	1496	1
1270827960473	1	PROB	'2 + 3 + 9 = '	'14'	1	1218	1
1270827961691	0	STOP
1270827966673	0	START
1270827967789	1	PROB	'4 + 9 + 8 = '	'21'	1	1766	1
1270827969605	1	PROB	'6 + 3 + 2 = '	'11'	1	1503	1
1270827971155	1	PROB	'8 + 4 + 4 = '	'16'	1	1360	1
1270827972564	1	PROB	'8 + 3 + 4 = '	'15'	1	1975	1
1270827974539	0	STOP
1270827978730	0	START
1270827979788	1	PROB	'5 + 1 + 7 = '	'13'	1	2783	1
1270827982621	1	PROB	'6 + 6 + 8 = '	'20'	1	1358	1
1270827984030	1	PROB	'8 + 3 + 4 = '	'15'	1	1173	1
1270827985203	0	STOP
1270827990687	0	START
1270827991529	1	PROB	'5 + 6 + 2 = '	'13'	1	3258	1
1270827994828	1	PROB	'9 + 1 + 9 = '	'19'	1	1167	1
1270827996038	1	PROB	'2 + 5 + 5 = '	'112'	0	1213	1
1270827997251	0	STOP
1270828002828	0	START
1270828003736	1	PROB	'4 + 8 + 1 = '	'13'	1	1451	1
1270828005236	1	PROB	'9 + 7 + 6 = '	'22'	1	1824	1
1270828007104	1	PROB	'3 + 8 + 4 = '	'15'	1	1283	1
1270828010827	0	STOP
1270828014894	0	START
1270828015794	1	PROB	'1 + 2 + 1 = '	'4'	1	1321	1
1270828017152	1	PROB	'8 + 2 + 6 = '	'16'	1	1019	1
1270828018210	1	PROB	'5 + 2 + 7 = '	'14'	1	1401	1
1270828019652	1	PROB	'7 + 7 + 4 = '	'18'	1	1551	1
1270828022894	0	STOP
1270828165816	0	START
1270828166724	1	PROB	'2 + 8 + 6 = '	'16'	1	1487	1
1270828168257	1	PROB	'3 + 8 + 5 = '	'16'	1	1314	1
1270828169615	1	PROB	'4 + 6 + 3 = '	'13'	1	1292	1
1270828170957	1	PROB	'1 + 7 + 7 = '	'15'	1	1150	3
1270828172148	1	PROB	'8 + 8 + 4 = '	'20'	1	1399	1
1270828173582	1	PROB	'6 + 2 + 6 = '	'14'	1	1677	1
1270828175298	1	PROB	'5 + 2 + 8 = '	'15'	1	1209	1
1270828176548	1	PROB	'7 + 4 + 7 = '	'18'	1	1855	1
1270828178440	1	PROB	'4 + 8 + 4 = '	'16'	1	1275	1
1270828179756	1	PROB	'4 + 7 + 4 = '	'15'	1	1199	1
1270828180955	0	STOP
1270828324721	0	START
1270828325870	1	PROB	'9 + 6 + 3 = '	'18'	1	2333	1
1270828328253	1	PROB	'7 + 2 + 9 = '	'18'	1	1478	1
1270828329778	1	PROB	'1 + 1 + 4 = '	'6'	1	1169	1
1270828330995	1	PROB	'4 + 7 + 8 = '	'19'	1	1648	1
1270828332643	0	STOP
1270828411498	0	START
1270828413006	1	PROB	'6 + 6 + 6 = '	'18'	1	1757	1
1270828414814	1	PROB	'8 + 6 + 2 = '	'16'	1	1493	1
1270828416355	1	PROB	'3 + 9 + 7 = '	'19'	1	1320	1
1270828417722	1	PROB	'9 + 5 + 4 = '	'18'	1	1850	1
1270828419613	1	PROB	'4 + 1 + 7 = '	'12'	1	1535	1
1270828421188	1	PROB	'7 + 7 + 4 = '	'18'	1	1127	1
1270828422355	1	PROB	'5 + 2 + 9 = '	'16'	1	1480	1
1270828423871	1	PROB	'4 + 7 + 2 = '	'13'	1	1932	1
1270828425846	1	PROB	'3 + 3 + 6 = '	'12'	1	1469	1
1270828427315	0	STOP
1270828431563	0	START
1270828432379	1	PROB	'4 + 1 + 1 = '	'6'	1	1064	1
1270828433479	1	PROB	'1 + 9 + 7 = '	'17'	1	1229	1
1270828434745	1	PROB	'1 + 4 + 4 = '	'9'	1	2234	1
1270828437030	1	PROB	'9 + 1 + 5 = '	'15'	1	1109	1
1270828438187	1	PROB	'3 + 2 + 4 = '	'9'	1	1224	1
1270828439445	1	PROB	'6 + 5 + 8 = '	'19'	1	2014	1
1270828441495	1	PROB	'9 + 8 + 7 = '	'24'	1	1908	1
1270828443445	1	PROB	'8 + 2 + 1 = '	'11'	1	1198	1
1270828444678	1	PROB	'4 + 1 + 4 = '	'9'	1	1269	1
1270828447563	0	STOP
1270828451745	0	START
1270828452661	1	PROB	'5 + 9 + 8 = '	'22'	1	1558	1
1270828454261	1	PROB	'5 + 1 + 5 = '	'11'	1	1126	1
1270828455427	1	PROB	'2 + 8 + 4 = '	'14'	1	1088	1
1270828456552	1	PROB	'3 + 3 + 7 = '	'13'	1	1587	1
1270828458177	1	PROB	'4 + 3 + 6 = '	'13'	1	2546	1
1270828460760	1	PROB	'8 + 5 + 3 = '	'16'	1	1547	1
1270828462343	1	PROB	'7 + 9 + 5 = '	'21'	1	3428	1
1270828465810	1	PROB	'6 + 3 + 3 = '	'12'	1	1202	1
1270828467012	0	STOP
1270828471685	0	START
1270828472743	1	PROB	'4 + 3 + 8 = '	'15'	1	1708	1
1270828474501	1	PROB	'2 + 7 + 5 = '	'14'	1	1302	1
1270828475851	1	PROB	'4 + 8 + 9 = '	'21'	1	1584	1
1270828477476	1	PROB	'3 + 1 + 1 = '	'5'	1	1207	1
1270828478717	1	PROB	'8 + 4 + 7 = '	'19'	1	2327	1
1270828481093	1	PROB	'4 + 8 + 7 = '	'19'	1	1615	1
1270828482742	1	PROB	'9 + 6 + 6 = '	'21'	1	1813	1
1270828484592	1	PROB	'3 + 7 + 1 = '	'11'	1	1492	1
1270828486133	1	PROB	'2 + 4 + 5 = '	'11'	1	1334	1
1270828487467	0	STOP
1270828491900	0	START
1270828492999	1	PROB	'2 + 4 + 2 = '	'8'	1	1348	1
1270828494383	1	PROB	'5 + 6 + 5 = '	'16'	1	1476	1
1270828495899	1	PROB	'6 + 1 + 6 = '	'13'	1	1368	1
1270828497307	1	PROB	'7 + 9 + 9 = '	'25'	1	2416	1
1270828499757	1	PROB	'7 + 9 + 9 = '	'25'	1	1422	1
1270828501215	1	PROB	'1 + 4 + 6 = '	'11'	1	1548	1
1270828502799	1	PROB	'3 + 1 + 8 = '	'12'	1	1237	1
1270828504075	1	PROB	'1 + 1 + 9 = '	'11'	1	961	1
1270828505074	1	PROB	'4 + 4 + 3 = '	'11'	1	1201	1
1270828507900	0	STOP
1270828511923	0	START
1270828512923	1	PROB	'3 + 1 + 8 = '	'12'	1	1712	1
1270828514681	1	PROB	'6 + 9 + 9 = '	'24'	1	1331	1
1270828516057	1	PROB	'2 + 3 + 7 = '	'12'	1	1410	1
1270828517514	1	PROB	'4 + 4 + 7 = '	'15'	1	1761	1
1270828519322	1	PROB	'4 + 8 + 3 = '	'15'	1	1849	1
1270828521206	1	PROB	'5 + 8 + 7 = '	'20'	1	3149	1
1270828524405	1	PROB	'6 + 2 + 5 = '	'15'	0	1494	1
1270828525947	1	PROB	'1 + 6 + 3 = '	'10'	1	1464	1
1270828527411	0	STOP
1270828531880	0	START
1270828532855	1	PROB	'9 + 7 + 3 = '	'19'	1	1444	1
1270828534338	1	PROB	'8 + 4 + 7 = '	'19'	1	1169	2
1270828535546	1	PROB	'7 + 7 + 3 = '	'17'	1	1401	1
1270828536988	1	PROB	'7 + 5 + 2 = '	'14'	1	1415	1
1270828538438	1	PROB	'4 + 9 + 1 = '	'14'	1	989	1
1270828539463	1	PROB	'8 + 3 + 5 = '	'16'	1	1796	1
1270828541296	1	PROB	'5 + 5 + 4 = '	'14'	1	1203	1
1270828542537	1	PROB	'9 + 8 + 4 = '	'21'	1	2194	1
1270828544770	1	PROB	'3 + 9 + 3 = '	'15'	1	1833	1
1270828546603	0	STOP
1270828551720	0	START
1270828552712	1	PROB	'9 + 6 + 6 = '	'21'	1	1427	1
1270828554178	1	PROB	'7 + 4 + 5 = '	'16'	1	1537	1
1270828555753	1	PROB	'9 + 3 + 2 = '	'14'	1	1331	1
1270828557120	1	PROB	'3 + 7 + 1 = '	'11'	1	1227	1
1270828558386	1	PROB	'1 + 5 + 3 = '	'9'	1	2601	1
1270828561029	1	PROB	'4 + 3 + 5 = '	'12'	1	3055	1
1270828564127	1	PROB	'2 + 2 + 9 = '	'13'	1	1452	1
1270828567720	0	STOP
1270828571902	0	START
1270828572893	1	PROB	'8 + 2 + 7 = '	'17'	1	1143	1
1270828574086	1	PROB	'3 + 3 + 4 = '	'10'	1	1717	1
1270828575843	1	PROB	'4 + 4 + 1 = '	'9'	1	1272	2
1270828577160	1	PROB	'6 + 6 + 8 = '	'21'	0	1171	1
1270828578368	1	PROB	'7 + 9 + 2 = '	'18'	1	2419	1
1270828580826	1	PROB	'7 + 1 + 5 = '	'13'	1	2089	1
1270828582959	1	PROB	'7 + 4 + 4 = '	'15'	1	1388	1
1270828584393	1	PROB	'5 + 6 + 7 = '	'18'	1	1842	1
1270828587902	0	STOP
1270828591909	0	START
1270828592809	1	PROB	'9 + 7 + 1 = '	'17'	1	1370	1
1270828594225	1	PROB	'3 + 8 + 2 = '	'13'	1	1370	1
1270828595633	1	PROB	'5 + 9 + 8 = '	'22'	1	1658	1
1270828597333	1	PROB	'1 + 4 + 4 = '	'9'	1	1566	1
1270828598950	1	PROB	'4 + 7 + 5 = '	'16'	1	2261	1
1270828601250	1	PROB	'9 + 3 + 1 = '	'13'	1	1209	1
1270828602499	1	PROB	'9 + 6 + 7 = '	'21'	0	4232	1
1270828606731	0	STOP
1270828611808	0	START
1270828613008	1	PROB	'2 + 7 + 3 = '	'12'	1	1243	1
1270828614290	1	PROB	'8 + 6 + 5 = '	'19'	1	1746	1
1270828616083	1	PROB	'5 + 6 + 1 = '	'12'	1	1704	1
1270828617832	1	PROB	'5 + 1 + 9 = '	'15'	1	1427	1
1270828619307	1	PROB	'8 + 1 + 9 = '	'18'	1	1144	1
1270828620498	1	PROB	'7 + 5 + 8 = '	'21'	0	2745	1
1270828623290	1	PROB	'1 + 8 + 7 = '	'16'	1	1746	1
1270828625082	1	PROB	'8 + 9 + 2 = '	'19'	1	1625	1
1270828626707	0	STOP
1270828631756	0	START
1270828632814	1	PROB	'5 + 8 + 6 = '	'19'	1	1917	1
1270828634780	1	PROB	'1 + 4 + 6 = '	'11'	1	2288	1
1270828637114	1	PROB	'2 + 2 + 8 = '	'12'	1	1329	1
1270828638488	1	PROB	'3 + 4 + 7 = '	'14'	1	1155	1
1270828639688	1	PROB	'2 + 3 + 4 = '	'9'	1	2427	1
1270828642163	1	PROB	'6 + 7 + 3 = '	'16'	1	1152	1
1270828643363	1	PROB	'2 + 3 + 7 = '	'12'	1	1968	1
1270828645380	1	PROB	'7 + 7 + 9 = '	'23'	1	2216	1
1270828647596	0	STOP
1270828652321	0	START
1270828653487	1	PROB	'9 + 3 + 5 = '	'17'	1	1605	1
1270828655137	1	PROB	'5 + 6 + 3 = '	'14'	1	1386	1
1270828656562	1	PROB	'4 + 5 + 5 = '	'14'	1	1185	1
1270828657787	1	PROB	'5 + 8 + 7 = '	'20'	1	2640	1
1270828660470	1	PROB	'1 + 9 + 9 = '	'19'	1	1221	1
1270828661728	1	PROB	'5 + 6 + 7 = '	'18'	1	1276	1
1270828663046	1	PROB	'5 + 4 + 3 = '	'12'	1	1693	1
1270828664778	1	PROB	'7 + 3 + 5 = '	'15'	1	1513	1
1270828668321	0	STOP
1270828672220	0	START
1270828673411	1	PROB	'5 + 3 + 7 = '	'15'	1	1176	1
1270828674627	1	PROB	'5 + 4 + 7 = '	'16'	1	1552	1
1270828676227	1	PROB	'3 + 1 + 8 = '	'12'	1	1576	1
1270828677844	1	PROB	'6 + 3 + 9 = '	'18'	1	1559	1
1270828679452	1	PROB	'6 + 7 + 4 = '	'17'	1	1568	1
1270828681070	1	PROB	'5 + 1 + 9 = '	'15'	1	1125	1
1270828682243	1	PROB	'7 + 6 + 8 = '	'21'	1	1504	1
1270828683793	1	PROB	'9 + 6 + 3 = '	'18'	1	1650	1
1270828685493	1	PROB	'5 + 9 + 1 = '	'15'	1	1070	1
1270828688220	0	STOP
1270828692268	0	START
1270828693443	1	PROB	'7 + 1 + 6 = '	'14'	1	1448	1
1270828694934	1	PROB	'2 + 7 + 7 = '	'16'	1	1277	1
1270828696259	1	PROB	'3 + 3 + 4 = '	'10'	1	1528	1
1270828697834	1	PROB	'2 + 8 + 2 = '	'12'	1	1235	1
1270828699117	1	PROB	'6 + 1 + 8 = '	'17'	0	1414	1
1270828700576	1	PROB	'8 + 8 + 4 = '	'20'	1	1923	1
1270828702542	1	PROB	'7 + 2 + 4 = '	'13'	1	2405	1
1270828704983	1	PROB	'9 + 4 + 2 = '	'15'	1	1508	1
1270828706533	1	PROB	'1 + 9 + 8 = '	'18'	1	1110	1
1270828707643	0	STOP
1270828712458	0	START
1270828713633	1	PROB	'5 + 3 + 5 = '	'13'	1	1395	1
1270828715075	1	PROB	'9 + 3 + 6 = '	'18'	1	1784	1
1270828716899	1	PROB	'1 + 8 + 5 = '	'14'	1	1736	1
1270828718682	1	PROB	'6 + 2 + 3 = '	'11'	1	1505	1
1270828720232	1	PROB	'2 + 2 + 5 = '	'9'	1	1852	1
1270828722132	1	PROB	'7 + 4 + 9 = '	'20'	1	1775	1
1270828723957	1	PROB	'2 + 1 + 9 = '	'12'	1	1214	1
1270828725215	1	PROB	'9 + 3 + 5 = '	'17'	1	1780	1
1270828726995	0	STOP
1270828732465	0	START
1270828733598	1	PROB	'6 + 3 + 4 = '	'13'	1	1494	1
1270828735131	1	PROB	'9 + 7 + 9 = '	'25'	1	2072	2
1270828737239	1	PROB	'5 + 1 + 7 = '	'13'	1	1532	2
1270828738806	1	PROB	'9 + 3 + 6 = '	'18'	1	1565	1
1270828740406	1	PROB	'6 + 4 + 4 = '	'14'	1	1149	1
1270828741589	1	PROB	'1 + 5 + 5 = '	'11'	1	1166	2
1270828742797	1	PROB	'5 + 1 + 4 = '	'10'	1	1422	1
1270828744264	1	PROB	'1 + 5 + 7 = '	'13'	1	1595	1
1270828745897	1	PROB	'5 + 9 + 7 = '	'21'	1	1706	1
1270828747603	0	STOP
1270829181206	0	START
1270829182090	1	PROB	'9 + 7 + 1 = '	'17'	1	1458	1
1270829183597	1	PROB	'4 + 7 + 6 = '	'17'	1	1512	1
1270829185147	1	PROB	'7 + 3 + 6 = '	'16'	1	1793	1
1270829186989	1	PROB	'4 + 5 + 7 = '	'16'	1	1822	2
1270829188855	1	PROB	'8 + 4 + 2 = '	'14'	1	1725	1
1270829190622	1	PROB	'4 + 1 + 7 = '	'12'	1	1317	2
1270829191988	1	PROB	'4 + 7 + 7 = '	'16'	0	1415	2
1270829193447	1	PROB	'7 + 2 + 9 = '	'18'	1	2309	1
1270829195756	0	STOP
1270829275499	0	START
1270829277008	1	PROB	'7 + 9 + 2 = '	'18'	1	2564	1
1270829279615	1	PROB	'3 + 5 + 7 = '	'15'	1	1462	1
1270829281123	1	PROB	'2 + 3 + 9 = '	'14'	1	1425	1
1270829282548	0	STOP
1270829287698	0	START
1270829288790	1	PROB	'4 + 3 + 8 = '	'15'	1	1982	1
1270829290806	1	PROB	'5 + 5 + 2 = '	'12'	1	1165	2
1270829292007	1	PROB	'5 + 1 + 5 = '	'11'	1	1125	1
1270829293181	1	PROB	'3 + 1 + 8 = '	'12'	1	1359	1
1270829294540	0	STOP
1270829299689	0	START
1270829300639	1	PROB	'7 + 1 + 2 = '	'10'	1	1981	1
1270829302655	1	PROB	'6 + 4 + 9 = '	'19'	1	1101	1
1270829303805	1	PROB	'8 + 4 + 4 = '	'16'	1	1207	2
1270829305056	1	PROB	'9 + 7 + 8 = '	'24'	1	1981	1
1270829307037	0	STOP
1270829311888	0	START
1270829312754	1	PROB	'1 + 3 + 5 = '	'8'	0	1545	2
1270829314338	1	PROB	'7 + 9 + 6 = '	'22'	1	3265	2
1270829317646	1	PROB	'7 + 8 + 3 = '	'18'	1	1213	2
1270829318859	1	STOP
1270829323896	0	START
1270829324945	1	PROB	'8 + 3 + 7 = '	'18'	1	2164	1
1270829327153	1	PROB	'6 + 3 + 9 = '	'18'	1	2443	1
1270829329645	1	PROB	'8 + 4 + 2 = '	'14'	1	1350	2
1270829330995	1	STOP
1270829335845	0	START
1270829336861	1	PROB	'9 + 3 + 3 = '	'15'	1	1735	1
1270829338644	1	PROB	'2 + 5 + 7 = '	'14'	1	2151	2
1270829340844	1	PROB	'8 + 9 + 4 = '	'21'	1	1784	1
1270829342628	0	STOP
1270829347961	0	START
1270829348793	1	PROB	'2 + 5 + 1 = '	'8'	1	1547	1
1270829350377	1	PROB	'2 + 3 + 2 = '	'7'	1	1636	1
1270829352061	1	PROB	'7 + 5 + 2 = '	'14'	1	1575	1
1270829353685	1	PROB	'2 + 1 + 6 = '	'9'	1	1127	1
1270829354812	0	STOP
1270829360061	0	START
1270829361102	1	PROB	'9 + 6 + 1 = '	'16'	1	1589	2
1270829362734	1	PROB	'6 + 4 + 9 = '	'19'	1	1205	2
1270829363976	1	PROB	'5 + 5 + 2 = '	'12'	1	1172	1
1270829365192	1	PROB	'9 + 1 + 2 = '	'12'	1	1131	2
1270829366359	1	PROB	'5 + 7 + 5 = '	'17'	1	1573	1
1270829367932	0	STOP
1270829371934	0	START
1270829372817	1	PROB	'4 + 8 + 5 = '	'17'	1	1571	1
1270829374433	1	PROB	'3 + 3 + 2 = '	'8'	1	1715	1
1270829376191	1	PROB	'5 + 6 + 2 = '	'13'	1	1389	1
1270829377625	1	PROB	'4 + 9 + 8 = '	'21'	1	1539	1
1270829379164	0	STOP
1270829383924	0	START
1270829384941	1	PROB	'5 + 4 + 2 = '	'11'	1	1486	2
1270829386466	1	PROB	'6 + 9 + 3 = '	'18'	1	2113	2
1270829388624	1	PROB	'9 + 6 + 8 = '	'22'	0	2659	2
1270829391283	1	STOP
1270829395824	0	START
1270829396990	1	PROB	'9 + 9 + 7 = '	'25'	1	1573	2
1270829398598	1	PROB	'1 + 5 + 8 = '	'14'	1	1534	1
1270829400181	1	PROB	'6 + 5 + 1 = '	'12'	1	1366	2
1270829401598	1	PROB	'2 + 5 + 3 = '	'10'	1	1526	1
1270829403124	0	STOP
1270829407898	0	START
1270829408855	1	PROB	'7 + 7 + 4 = '	'18'	1	1309	1
1270829410214	1	PROB	'8 + 3 + 6 = '	'17'	1	1382	1
1270829411639	1	PROB	'5 + 9 + 9 = '	'233'	0	2093	1
1270829415897	0	STOP
1270829419972	0	START
1270829420788	1	PROB	'8 + 5 + 3 = '	'16'	1	1808	1
1270829422629	1	PROB	'4 + 7 + 6 = '	'17'	1	1542	2
1270829424221	1	PROB	'7 + 9 + 8 = '	'24'	1	1888	1
1270829426146	1	PROB	'3 + 1 + 8 = '	'12'	1	1106	1
1270829427252	0	STOP
1270829432088	0	START
1270829433154	1	PROB	'7 + 8 + 4 = '	'19'	1	1370	1
1270829434562	1	PROB	'1 + 2 + 2 = '	'5'	1	1018	1
1270829435620	1	PROB	'1 + 7 + 9 = '	'17'	1	1512	1
1270829437170	1	PROB	'4 + 4 + 6 = '	'14'	1	1050	1
1270829438253	1	PROB	'6 + 4 + 8 = '	'18'	1	1047	1
1270829439300	0	STOP
1270829443928	0	START
1270829444836	1	PROB	'1 + 7 + 2 = '	'10'	1	1392	1
1270829446278	1	PROB	'2 + 1 + 7 = '	'10'	1	974	1
1270829447294	1	PROB	'1 + 1 + 4 = '	'6'	1	1422	1
1270829448753	1	PROB	'6 + 1 + 6 = '	'13'	1	1300	1
1270829450095	1	PROB	'3 + 7 + 7 = '	'17'	1	1341	1
1270829451436	0	STOP
1270829456136	0	START
1270829457285	1	PROB	'3 + 7 + 8 = '	'18'	1	1239	1
1270829458560	1	PROB	'1 + 7 + 3 = '	'11'	1	1068	1
1270829459668	1	PROB	'5 + 5 + 9 = '	'19'	1	1024	1
1270829460727	1	PROB	'6 + 3 + 1 = '	'10'	1	1125	1
1270829461893	1	PROB	'6 + 9 + 4 = '	'19'	1	1367	1
1270829463260	0	STOP
1270829468052	0	START
1270829468909	1	PROB	'1 + 4 + 1 = '	'6'	1	1215	1
1270829470168	1	PROB	'8 + 9 + 2 = '	'19'	1	1572	1
1270829471776	1	PROB	'5 + 8 + 3 = '	'16'	1	1524	1
1270829473342	1	PROB	'4 + 4 + 5 = '	'13'	1	1663	1
1270829475005	0	STOP
1270829554337	0	START
1270829555844	1	PROB	'3 + 9 + 5 = '	'17'	1	1432	1
1270829557311	1	PROB	'4 + 3 + 1 = '	'8'	1	2429	1
1270829559786	1	PROB	'4 + 1 + 6 = '	'11'	1	1307	1
1270829561136	1	PROB	'1 + 2 + 5 = '	'8'	1	1236	1
1270829562419	1	PROB	'6 + 4 + 2 = '	'12'	1	1049	1
1270829563511	1	PROB	'5 + 6 + 9 = '	'20'	1	2125	1
1270829565685	1	PROB	'4 + 9 + 3 = '	'16'	1	2150	2
1270829567885	1	PROB	'7 + 3 + 9 = '	'17'	0	1519	1
1270829569404	0	STOP
1270829574494	0	START
1270829575543	1	PROB	'2 + 4 + 5 = '	'11'	1	2173	1
1270829577759	1	PROB	'4 + 3 + 5 = '	'13'	0	2077	1
1270829579884	1	PROB	'2 + 3 + 5 = '	'10'	1	1872	1
1270829581801	1	PROB	'9 + 7 + 2 = '	'18'	1	2075	1
1270829583926	1	PROB	'3 + 8 + 5 = '	'16'	1	1183	1
1270829585159	1	PROB	'3 + 3 + 4 = '	'10'	1	1773	1
1270829586975	1	PROB	'1 + 9 + 1 = '	'11'	1	925	1
1270829587942	1	PROB	'5 + 1 + 1 = '	'7'	1	1111	1
1270829589053	0	STOP
1270829594625	0	START
1270829595650	1	PROB	'3 + 9 + 4 = '	'16'	1	2226	1
1270829597925	1	PROB	'6 + 2 + 9 = '	'17'	1	1559	1
1270829599533	1	PROB	'8 + 7 + 3 = '	'18'	1	1695	1
1270829601274	1	PROB	'5 + 2 + 5 = '	'12'	1	1274	1
1270829602591	1	PROB	'5 + 8 + 4 = '	'17'	1	1277	1
1270829603916	1	PROB	'5 + 2 + 7 = '	'14'	1	1616	1
1270829605574	1	PROB	'6 + 4 + 9 = '	'19'	1	1078	1
1270829606699	1	PROB	'1 + 8 + 3 = '	'12'	1	2370	1
1270829610624	0	STOP
1270829614790	0	START
1270829615757	1	PROB	'3 + 2 + 6 = '	'11'	1	1687	1
1270829617490	1	PROB	'3 + 1 + 4 = '	'8'	1	3970	1
1270829621506	1	PROB	'2 + 7 + 3 = '	'12'	1	1338	1
1270829622889	1	PROB	'5 + 8 + 8 = '	'21'	1	1395	1
1270829624331	1	PROB	'4 + 5 + 9 = '	'18'	1	1193	1
1270829625573	1	PROB	'3 + 1 + 1 = '	'5'	1	1103	1
1270829626723	1	PROB	'3 + 6 + 1 = '	'10'	1	1425	1
1270829628197	1	PROB	'2 + 9 + 4 = '	'15'	1	1967	1
1270829630164	0	STOP
1270829634831	0	START
1270829635788	1	PROB	'7 + 4 + 6 = '	'17'	1	1408	1
1270829637238	1	PROB	'6 + 1 + 5 = '	'12'	1	1414	1
1270829638697	1	PROB	'6 + 5 + 8 = '	'19'	1	2267	1
1270829641014	1	PROB	'7 + 7 + 7 = '	'21'	1	1374	1
1270829642430	1	PROB	'4 + 9 + 7 = '	'20'	1	2446	1
1270829644921	1	PROB	'7 + 1 + 5 = '	'13'	1	2059	1
1270829647030	1	PROB	'1 + 4 + 8 = '	'13'	1	1918	1
1270829648996	1	PROB	'2 + 6 + 5 = '	'13'	1	1784	1
1270829650780	0	STOP
1270829654913	0	START
1270829655970	1	PROB	'1 + 6 + 2 = '	'9'	1	1370	1
1270829657379	1	PROB	'2 + 4 + 5 = '	'11'	1	1642	1
1270829659054	1	PROB	'7 + 8 + 7 = '	'22'	1	2606	1
1270829661695	1	PROB	'9 + 8 + 4 = '	'21'	1	1717	1
1270829663453	1	PROB	'1 + 1 + 8 = '	'10'	1	959	1
1270829664453	1	PROB	'1 + 6 + 9 = '	'16'	1	2391	1
1270829666878	1	PROB	'1 + 5 + 3 = '	'9'	1	1670	1
1270829668586	1	PROB	'4 + 5 + 9 = '	'18'	1	1986	1
1270829670572	0	STOP
1270829674994	0	START
1270829675852	1	PROB	'7 + 9 + 7 = '	'23'	1	1824	1
1270829677710	1	PROB	'4 + 3 + 6 = '	'13'	1	1542	1
1270829679285	1	PROB	'6 + 4 + 4 = '	'14'	1	1127	1
1270829680460	1	PROB	'7 + 1 + 8 = '	'16'	1	1312	1
1270829681818	1	PROB	'6 + 7 + 8 = '	'21'	1	1978	1
1270829683835	1	PROB	'2 + 9 + 7 = '	'18'	1	1985	1
1270829685860	1	PROB	'9 + 1 + 3 = '	'13'	1	1112	1
1270829687011	1	PROB	'2 + 4 + 1 = '	'7'	1	2193	1
1270829689243	1	PROB	'5 + 5 + 4 = '	'14'	1	1001	1
1270829690244	0	STOP
1270829695143	0	START
1270829696251	1	PROB	'8 + 4 + 7 = '	'19'	1	1762	1
1270829698060	1	PROB	'1 + 2 + 3 = '	'6'	1	1760	1
1270829699859	1	PROB	'9 + 8 + 5 = '	'21'	0	2369	1
1270829702275	1	PROB	'4 + 9 + 8 = '	'21'	1	4305	1
1270829706625	1	PROB	'1 + 5 + 6 = '	'12'	1	1307	1
1270829707966	1	PROB	'6 + 9 + 4 = '	'19'	1	1446	1
1270829709450	1	PROB	'6 + 1 + 3 = '	'10'	1	1242	1
1270829710692	0	STOP
1270829715067	0	START
1270829716132	1	PROB	'4 + 6 + 5 = '	'15'	1	1016	1
1270829717182	1	PROB	'3 + 6 + 5 = '	'14'	1	1879	1
1270829719100	1	PROB	'5 + 5 + 7 = '	'17'	1	1104	1
1270829720240	1	PROB	'9 + 7 + 5 = '	'21'	1	1652	1
1270829721940	1	PROB	'5 + 8 + 6 = '	'19'	1	1624	1
1270829723599	1	PROB	'5 + 5 + 8 = '	'18'	1	1005	1
1270829724640	1	PROB	'6 + 5 + 3 = '	'14'	1	1596	1
1270829726273	1	PROB	'9 + 9 + 7 = '	'22'	0	1699	1
1270829728008	1	PROB	'5 + 2 + 5 = '	'12'	1	2077	1
1270829730085	0	STOP
1270829735173	0	START
1270829736032	1	PROB	'4 + 4 + 6 = '	'14'	1	1164	1
1270829737231	1	PROB	'9 + 9 + 1 = '	'19'	1	1949	1
1270829739222	1	PROB	'3 + 1 + 8 = '	'12'	1	1222	1
1270829740489	1	PROB	'6 + 5 + 3 = '	'14'	1	1459	1
1270829741997	1	PROB	'2 + 7 + 4 = '	'13'	1	2295	1
1270829744339	1	PROB	'4 + 5 + 3 = '	'12'	1	1185	1
1270829745572	1	PROB	'9 + 4 + 7 = '	'20'	1	2104	1
1270829747722	1	PROB	'2 + 3 + 5 = '	'10'	1	1202	1
1270829748972	1	PROB	'3 + 1 + 1 = '	'5'	1	960	1
1270829749932	0	STOP
1270829755247	0	START
1270829756196	1	PROB	'3 + 3 + 3 = '	'9'	1	1440	1
1270829757671	1	PROB	'8 + 5 + 3 = '	'16'	1	1501	1
1270829759221	1	PROB	'1 + 6 + 8 = '	'15'	1	1351	1
1270829760612	1	PROB	'2 + 3 + 8 = '	'13'	1	1489	1
1270829762137	1	PROB	'5 + 6 + 6 = '	'17'	1	1363	1
1270829763537	1	PROB	'6 + 6 + 2 = '	'14'	1	1243	1
1270829764820	1	PROB	'7 + 2 + 5 = '	'14'	1	1704	1
1270829766562	1	PROB	'9 + 4 + 9 = '	'22'	1	1714	1
1270829768312	1	PROB	'6 + 2 + 1 = '	'9'	1	948	1
1270829769295	1	PROB	'3 + 5 + 5 = '	'13'	1	1261	1
1270829770556	0	STOP
1270829775096	0	START
1270829776236	1	PROB	'1 + 5 + 2 = '	'8'	1	1440	1
1270829777711	1	PROB	'4 + 2 + 1 = '	'7'	1	1501	1
1270829779253	1	PROB	'1 + 2 + 6 = '	'9'	1	1031	1
1270829780328	1	PROB	'8 + 9 + 4 = '	'21'	1	1500	1
1270829781877	1	PROB	'1 + 6 + 1 = '	'8'	1	1015	1
1270829782936	1	PROB	'4 + 6 + 9 = '	'19'	1	2652	1
1270829785627	1	PROB	'9 + 9 + 9 = '	'27'	1	1801	1
1270829787477	1	PROB	'2 + 8 + 6 = '	'16'	1	1407	1
1270829788927	1	PROB	'6 + 5 + 4 = '	'15'	1	2158	1
1270829791085	0	STOP
1270829795260	0	START
1270829796318	1	PROB	'4 + 4 + 4 = '	'12'	1	1262	1
1270829797618	1	PROB	'8 + 9 + 7 = '	'24'	1	2122	1
1270829799784	1	PROB	'2 + 5 + 6 = '	'13'	1	1892	1
1270829801718	1	PROB	'1 + 7 + 5 = '	'13'	1	1742	1
1270829803501	1	PROB	'9 + 1 + 6 = '	'16'	1	1063	1
1270829804609	1	PROB	'5 + 8 + 8 = '	'21'	1	1251	1
1270829805909	1	PROB	'8 + 5 + 6 = '	'19'	1	1679	1
1270829807634	1	PROB	'7 + 1 + 9 = '	'17'	1	1154	1
1270829808825	1	PROB	'5 + 5 + 6 = '	'163'	0	915	1
1270829809740	0	STOP
1270829815225	0	START
1270829816325	1	PROB	'3 + 2 + 6 = '	'11'	1	1527	1
1270829817900	1	PROB	'9 + 7 + 4 = '	'20'	1	2129	1
1270829820076	1	PROB	'3 + 6 + 4 = '	'13'	1	1120	1
1270829821241	1	PROB	'4 + 9 + 3 = '	'16'	1	1667	1
1270829822941	1	PROB	'4 + 9 + 3 = '	'16'	1	991	1
1270829823966	1	PROB	'3 + 2 + 2 = '	'7'	1	1686	1
1270829825699	1	PROB	'4 + 6 + 4 = '	'14'	1	1057	1
1270829826799	1	PROB	'7 + 3 + 4 = '	'14'	1	1317	1
1270829828157	1	PROB	'3 + 7 + 2 = '	'12'	1	1279	1
1270829829474	1	PROB	'2 + 1 + 1 = '	'4'	1	1130	1
1270829830604	0	STOP
1270829835432	0	START
1270829836298	1	PROB	'8 + 9 + 9 = '	'26'	1	1658	1
1270829837990	1	PROB	'8 + 4 + 6 = '	'18'	1	1710	1
1270829839740	1	PROB	'9 + 4 + 2 = '	'15'	1	1480	1
1270829841256	1	PROB	'2 + 9 + 6 = '	'17'	1	1765	1
1270829843066	1	PROB	'2 + 1 + 2 = '	'5'	1	1234	1
1270829844339	1	PROB	'4 + 1 + 7 = '	'12'	1	1801	1
1270829846181	1	PROB	'2 + 6 + 6 = '	'14'	1	1143	1
1270829847364	1	PROB	'3 + 7 + 3 = '	'13'	1	1256	1
1270829848656	1	PROB	'1 + 2 + 1 = '	'4'	1	1060	1
1270829849764	1	PROB	'4 + 4 + 5 = '	'14'	0	1512	1
1270829851276	0	STOP
1270829855356	0	START
1270829856180	1	PROB	'9 + 3 + 4 = '	'16'	1	1816	1
1270829858048	1	PROB	'4 + 9 + 8 = '	'21'	1	1588	1
1270829859680	1	PROB	'7 + 2 + 2 = '	'11'	1	1444	1
1270829861172	1	PROB	'2 + 1 + 8 = '	'11'	1	1152	1
1270829862371	1	PROB	'3 + 6 + 8 = '	'17'	1	1465	1
1270829863880	1	PROB	'9 + 2 + 5 = '	'16'	1	2092	1
1270829866014	1	PROB	'4 + 2 + 4 = '	'10'	1	1566	1
1270829867629	1	PROB	'3 + 9 + 2 = '	'14'	1	2599	1
1270829870228	0	STOP
1270829875437	0	START
1270829876337	1	PROB	'3 + 3 + 1 = '	'7'	1	2483	1
1270829878862	1	PROB	'4 + 6 + 9 = '	'19'	1	1175	1
1270829880079	1	PROB	'6 + 9 + 8 = '	'23'	1	3525	1
1270829883645	1	PROB	'8 + 1 + 5 = '	'14'	1	1263	1
1270829884945	1	PROB	'7 + 6 + 8 = '	'21'	1	2651	1
1270829887644	1	PROB	'6 + 4 + 9 = '	'19'	1	1088	1
1270829888778	1	PROB	'1 + 7 + 6 = '	'14'	1	1386	1
1270829890164	0	STOP
1270830035600	0	START
1270830036617	1	PROB	'4 + 1 + 3 = '	'8'	1	1971	1
1270830038633	1	PROB	'7 + 9 + 3 = '	'19'	1	1803	1
1270830040483	1	PROB	'5 + 3 + 3 = '	'12'	0	1665	1
1270830042148	0	STOP
1270831508551	0	E	Logging Ends
