1271720849661	0	B	Logging Begins
1271720849661	0	SESS_START	8
1271721066084	1	FR_PRES	0	FLEA	577	1	1	1370	(0.57740000000000002, 0.41289999999999999, 1.0)	../fonts/amplitud.ttf	upper
1271721070192	1	FR_PRES	0	ATMOSPHERE	54	1	0	1078	(0.57740000000000002, 0.41289999999999999, 1.0)	../fonts/amplitud.ttf	upper
1271721074333	1	FR_PRES	0	CAFETERIA	217	1	0	969	(0.57740000000000002, 0.41289999999999999, 1.0)	../fonts/amplitud.ttf	upper
1271721078383	1	FR_PRES	0	TURKEY	1520	1	1	959	(0.57740000000000002, 0.41289999999999999, 1.0)	../fonts/amplitud.ttf	upper
1271721082349	1	FR_PRES	0	STAFF	1365	1	1	1240	(0.57740000000000002, 0.41289999999999999, 1.0)	../fonts/amplitud.ttf	upper
1271721086466	1	FR_PRES	0	HARE	688	1	1	1195	(0.57740000000000002, 0.41289999999999999, 1.0)	../fonts/amplitud.ttf	upper
1271721090282	1	FR_PRES	0	TAG	1429	1	0	699	(0.57740000000000002, 0.41289999999999999, 1.0)	../fonts/amplitud.ttf	upper
1271721094290	1	FR_PRES	0	CEREAL	272	1	0	732	(0.57740000000000002, 0.41289999999999999, 1.0)	../fonts/amplitud.ttf	upper
1271721098148	1	FR_PRES	0	WALL	1582	1	0	729	(0.57740000000000002, 0.41289999999999999, 1.0)	../fonts/amplitud.ttf	upper
1271721102189	1	FR_PRES	0	DRAWING	494	1	0	744	(0.57740000000000002, 0.41289999999999999, 1.0)	../fonts/amplitud.ttf	upper
1271721106381	1	FR_PRES	0	MILITARY	894	1	0	1512	(0.57740000000000002, 0.41289999999999999, 1.0)	../fonts/amplitud.ttf	upper
1271721110546	1	FR_PRES	0	ARMY	39	1	1	1179	(0.57740000000000002, 0.41289999999999999, 1.0)	../fonts/amplitud.ttf	upper
1271721114746	1	FR_PRES	0	MICROWAVE	892	1	0	628	(0.57740000000000002, 0.41289999999999999, 1.0)	../fonts/amplitud.ttf	upper
1271721118571	1	FR_PRES	0	COYOTE	396	1	1	859	(0.57740000000000002, 0.41289999999999999, 1.0)	../fonts/amplitud.ttf	upper
1271721122388	1	FR_PRES	0	CORPORATION	382	1	0	1201	(0.57740000000000002, 0.41289999999999999, 1.0)	../fonts/amplitud.ttf	upper
1271721126487	1	FR_PRES	0	DEPARTMENT	449	1	0	1366	(0.57740000000000002, 0.41289999999999999, 1.0)	../fonts/amplitud.ttf	upper
1271721130674	0	DISTRACTOR	0			8000	1
1271721139312	1	REC_START
1271721224963	0	REST
1271721226463	0	DISTRACTOR	1			8000	1
1271721233987	1	FR_PRES	1	VINEGAR	1569	0	0	1762	(0.42259999999999998, 0.58709999999999996, 0)	../fonts/zerothre.ttf	lower
1271721237912	0	DISTRACTOR	1			8000	2
1271721246087	1	FR_PRES	1	VEIN	1554	0	0	1566	(0.42259999999999998, 0.58709999999999996, 0)	../fonts/zerothre.ttf	lower
1271721250075	0	DISTRACTOR	1			8000	3
1271721258061	1	FR_PRES	1	DRAWER	493	0	1	1560	(0.42259999999999998, 0.58709999999999996, 0)	../fonts/zerothre.ttf	lower
1271721262151	0	DISTRACTOR	1			8000	3
1271721270185	1	FR_PRES	1	OFFICE	972	0	1	1133	(0.42259999999999998, 0.58709999999999996, 0)	../fonts/zerothre.ttf	lower
1271721274165	0	DISTRACTOR	1			8000	1
1271721282309	1	FR_PRES	1	RECIPE	1175	0	1	1697	(0.42259999999999998, 0.58709999999999996, 0)	../fonts/zerothre.ttf	lower
1271721286269	0	DISTRACTOR	1			8000	3
1271721294499	1	FR_PRES	1	TABLE	1426	0	1	875	(0.42259999999999998, 0.58709999999999996, 0)	../fonts/zerothre.ttf	lower
1271721298654	0	DISTRACTOR	1			8000	3
1271721306523	1	FR_PRES	1	PIGEON	1065	0	1	1362	(0.42259999999999998, 0.58709999999999996, 0)	../fonts/zerothre.ttf	lower
1271721310406	0	DISTRACTOR	1			8000	2
1271721318390	1	FR_PRES	1	PERCH	1048	0	1	1896	(0.42259999999999998, 0.58709999999999996, 0)	../fonts/zerothre.ttf	lower
1271721322316	0	DISTRACTOR	1			8000	4
1271721330298	1	FR_PRES	1	ORGAN	984	0	0	1691	(0.42259999999999998, 0.58709999999999996, 0)	../fonts/zerothre.ttf	lower
1271721334287	0	DISTRACTOR	1			8000	3
1271721342172	1	FR_PRES	1	VALVE	1546	0	0	1401	(0.42259999999999998, 0.58709999999999996, 0)	../fonts/zerothre.ttf	lower
1271721346353	0	DISTRACTOR	1			8000	3
1271721354304	1	FR_PRES	1	REFRIGERATOR	1179	0	1	886	(0.42259999999999998, 0.58709999999999996, 0)	../fonts/zerothre.ttf	lower
1271721358171	0	DISTRACTOR	1			8000	3
1271721366153	1	FR_PRES	1	CHAIN	273	0	0	1237	(0.42259999999999998, 0.58709999999999996, 0)	../fonts/zerothre.ttf	lower
1271721370097	0	DISTRACTOR	1			8000	3
1271721378102	1	FR_PRES	1	FIG	563	0	0	1024	(0.42259999999999998, 0.58709999999999996, 0)	../fonts/zerothre.ttf	lower
1271721382265	0	DISTRACTOR	1			8000	3
1271721390126	1	FR_PRES	1	CARTON	251	0	0	1992	(0.42259999999999998, 0.58709999999999996, 0)	../fonts/zerothre.ttf	lower
1271721394081	0	DISTRACTOR	1			8000	2
1271721402176	1	FR_PRES	1	SURF	1412	0	1	1557	(0.42259999999999998, 0.58709999999999996, 0)	../fonts/zerothre.ttf	lower
1271721406042	0	DISTRACTOR	1			8000	2
1271721414241	1	FR_PRES	1	SPRINKLE	1359	0	1	2244	(0.42259999999999998, 0.58709999999999996, 0)	../fonts/zerothre.ttf	lower
1271721418070	0	DISTRACTOR	1			8000	4
1271721427058	1	REC_START
1271721527832	0	REST
1271721529332	0	DISTRACTOR	2			8000	3
1271721536723	1	FR_PRES	2	MILDEW	893	1	1	1850	(0.57740000000000002, 0.41289999999999999, 1.0)	../fonts/amplitud.ttf	upper
1271721540609	0	DISTRACTOR	2			8000	3
1271721548864	1	FR_PRES	2	RAKE	1164	1	0	877	(0.57740000000000002, 0.41289999999999999, 1.0)	../fonts/amplitud.ttf	upper
1271721552690	0	DISTRACTOR	2			8000	3
1271721560971	1	FR_PRES	2	LANDSCAPE	799	1	0	1554	(0.57740000000000002, 0.41289999999999999, 1.0)	../fonts/amplitud.ttf	upper
1271721564999	0	DISTRACTOR	2			8000	3
1271721573063	1	FR_PRES	2	DESSERT	453	1	0	1918	(0.57740000000000002, 0.41289999999999999, 1.0)	../fonts/amplitud.ttf	upper
1271721577017	0	DISTRACTOR	2			8000	4
1271721585045	1	FR_PRES	2	SHED	1277	1	0	1432	(0.57740000000000002, 0.41289999999999999, 1.0)	../fonts/amplitud.ttf	upper
1271721588989	0	DISTRACTOR	2			8000	3
1271721596902	1	FR_PRES	2	BRUSH	182	1	0	1063	(0.57740000000000002, 0.41289999999999999, 1.0)	../fonts/amplitud.ttf	upper
1271721600866	0	DISTRACTOR	2			8000	3
1271721609035	1	FR_PRES	2	PELICAN	1039	1	1	1019	(0.57740000000000002, 0.41289999999999999, 1.0)	../fonts/amplitud.ttf	upper
1271721613028	0	DISTRACTOR	2			8000	3
1271721621051	1	FR_PRES	2	WELL	1600	1	0	979	(0.57740000000000002, 0.41289999999999999, 1.0)	../fonts/amplitud.ttf	upper
1271721624883	0	DISTRACTOR	2			8000	3
1271721633067	1	FR_PRES	2	FARM	552	1	0	1235	(0.57740000000000002, 0.41289999999999999, 1.0)	../fonts/amplitud.ttf	upper
1271721636896	0	DISTRACTOR	2			8000	4
1271721645158	1	FR_PRES	2	EMERALD	528	1	0	1120	(0.57740000000000002, 0.41289999999999999, 1.0)	../fonts/amplitud.ttf	upper
1271721649187	0	DISTRACTOR	2			8000	3
1271721657082	1	FR_PRES	2	VISITOR	1573	1	1	1092	(0.57740000000000002, 0.41289999999999999, 1.0)	../fonts/amplitud.ttf	upper
1271721661269	0	DISTRACTOR	2			8000	3
1271721669022	1	FR_PRES	2	BISON	131	1	1	1128	(0.57740000000000002, 0.41289999999999999, 1.0)	../fonts/amplitud.ttf	upper
1271721673043	0	DISTRACTOR	2			8000	3
1271721681130	1	FR_PRES	2	ANTELOPE	27	1	1	964	(0.57740000000000002, 0.41289999999999999, 1.0)	../fonts/amplitud.ttf	upper
1271721685039	0	DISTRACTOR	2			8000	4
1271721693071	1	FR_PRES	2	DORM	488	1	0	1143	(0.57740000000000002, 0.41289999999999999, 1.0)	../fonts/amplitud.ttf	upper
1271721696883	0	DISTRACTOR	2			8000	2
1271721705287	1	FR_PRES	2	BATH	98	1	0	855	(0.57740000000000002, 0.41289999999999999, 1.0)	../fonts/amplitud.ttf	upper
1271721709355	0	DISTRACTOR	2			8000	2
1271721717402	1	FR_PRES	2	SPONGE	1355	1	1	1227	(0.57740000000000002, 0.41289999999999999, 1.0)	../fonts/amplitud.ttf	upper
1271721721366	0	DISTRACTOR	2			8000	1
1271721730227	1	REC_START
1271721811594	0	REST
1271721813095	1	FR_PRES	3	CELLAR	267	0	1	1758	(0.42259999999999998, 0.58709999999999996, 0)	../fonts/zerothre.ttf	lower
1271721817070	1	FR_PRES	3	COURSE	390	0	1	1879	(0.42259999999999998, 0.58709999999999996, 0)	../fonts/zerothre.ttf	lower
1271721821270	1	FR_PRES	3	NOMAD	955	0	1	1687	(0.42259999999999998, 0.58709999999999996, 0)	../fonts/zerothre.ttf	lower
1271721825136	1	FR_PRES	3	SUBMARINE	1398	0	1	934	(0.42259999999999998, 0.58709999999999996, 0)	../fonts/zerothre.ttf	lower
1271721829002	1	FR_PRES	3	DONKEY	484	0	1	1340	(0.42259999999999998, 0.58709999999999996, 0)	../fonts/zerothre.ttf	lower
1271721832859	1	FR_PRES	3	STEREO	1378	0	1	938	(0.42259999999999998, 0.58709999999999996, 0)	../fonts/zerothre.ttf	lower
1271721836851	1	FR_PRES	3	BANJO	82	0	1	1491	(0.42259999999999998, 0.58709999999999996, 0)	../fonts/zerothre.ttf	lower
1271721840867	1	FR_PRES	3	BARN	89	0	1	1634	(0.42259999999999998, 0.58709999999999996, 0)	../fonts/zerothre.ttf	lower
1271721844925	1	FR_PRES	3	UNICORN	1538	0	1	1696	(0.42259999999999998, 0.58709999999999996, 0)	../fonts/zerothre.ttf	lower
1271721849068	1	FR_PRES	3	DOOR	486	0	1	921	(0.42259999999999998, 0.58709999999999996, 0)	../fonts/zerothre.ttf	lower
1271721853009	1	FR_PRES	3	CHIP	303	0	0	1596	(0.42259999999999998, 0.58709999999999996, 0)	../fonts/zerothre.ttf	lower
1271721857017	1	FR_PRES	3	HAMBURGER	679	0	0	1253	(0.42259999999999998, 0.58709999999999996, 0)	../fonts/zerothre.ttf	lower
1271721861017	1	FR_PRES	3	WATER	1594	0	0	1556	(0.42259999999999998, 0.58709999999999996, 0)	../fonts/zerothre.ttf	lower
1271721865016	1	FR_PRES	3	HALL	677	0	1	1166	(0.42259999999999998, 0.58709999999999996, 0)	../fonts/zerothre.ttf	lower
1271721869174	1	FR_PRES	3	CREATURE	403	0	1	1295	(0.42259999999999998, 0.58709999999999996, 0)	../fonts/zerothre.ttf	lower
1271721873082	1	FR_PRES	3	LINT	826	0	0	1100	(0.42259999999999998, 0.58709999999999996, 0)	../fonts/zerothre.ttf	lower
1271721877142	0	DISTRACTOR	3			8000	3
1271721885814	1	REC_START
1271721964850	0	REST
1271721966351	1	FR_PRES	4	ATOM	55	1	0	1751	(0.57740000000000002, 0.41289999999999999, 1.0)	../fonts/amplitud.ttf	upper
1271721970342	1	FR_PRES	4	MOP	916	1	0	776	(0.57740000000000002, 0.41289999999999999, 1.0)	../fonts/amplitud.ttf	upper
1271721974400	1	FR_PRES	4	PUPIL	1143	1	1	1125	(0.57740000000000002, 0.41289999999999999, 1.0)	../fonts/amplitud.ttf	upper
1271721978482	1	FR_PRES	4	ICING	732	1	0	724	(0.57740000000000002, 0.41289999999999999, 1.0)	../fonts/amplitud.ttf	upper
1271721982424	1	FR_PRES	4	TWIG	1527	1	0	1742	(0.57740000000000002, 0.41289999999999999, 1.0)	../fonts/amplitud.ttf	upper
1271721986490	1	FR_PRES	4	THORN	1459	1	0	1035	(0.57740000000000002, 0.41289999999999999, 1.0)	../fonts/amplitud.ttf	upper
1271721990424	1	FR_PRES	4	BLACKBERRY	132	1	0	1654	(0.57740000000000002, 0.41289999999999999, 1.0)	../fonts/amplitud.ttf	upper
1271721994290	1	FR_PRES	4	COBBLER	335	1	0	988	(0.57740000000000002, 0.41289999999999999, 1.0)	../fonts/amplitud.ttf	upper
1271721998497	1	FR_PRES	4	MAPLE	866	1	0	1196	(0.57740000000000002, 0.41289999999999999, 1.0)	../fonts/amplitud.ttf	upper
1271722002639	1	FR_PRES	4	KIWI	781	1	0	1038	(0.57740000000000002, 0.41289999999999999, 1.0)	../fonts/amplitud.ttf	upper
1271722006605	1	FR_PRES	4	SWAN	1417	1	1	872	(0.57740000000000002, 0.41289999999999999, 1.0)	../fonts/amplitud.ttf	upper
1271722010705	1	FR_PRES	4	LENS	811	1	0	972	(0.57740000000000002, 0.41289999999999999, 1.0)	../fonts/amplitud.ttf	upper
1271722014713	1	FR_PRES	4	BLUEBERRY	140	1	0	1172	(0.57740000000000002, 0.41289999999999999, 1.0)	../fonts/amplitud.ttf	upper
1271722018921	1	FR_PRES	4	SEAGULL	1261	1	1	1068	(0.57740000000000002, 0.41289999999999999, 1.0)	../fonts/amplitud.ttf	upper
1271722022970	1	FR_PRES	4	TYPEWRITER	1531	1	0	1292	(0.57740000000000002, 0.41289999999999999, 1.0)	../fonts/amplitud.ttf	upper
1271722027146	1	FR_PRES	4	NAPKIN	937	1	0	1004	(0.57740000000000002, 0.41289999999999999, 1.0)	../fonts/amplitud.ttf	upper
1271722031018	0	DISTRACTOR	4			8000	4
1271722040062	1	REC_START
1271722118880	0	REST
1271722120381	1	FR_PRES	5	ASH	44	0	0	1065	(0.42259999999999998, 0.58709999999999996, 0)	../fonts/zerothre.ttf	lower
1271722124447	1	FR_PRES	5	MOAT	903	0	1	1134	(0.42259999999999998, 0.58709999999999996, 0)	../fonts/zerothre.ttf	lower
1271722128422	1	FR_PRES	5	CUE	422	0	0	944	(0.42259999999999998, 0.58709999999999996, 0)	../fonts/zerothre.ttf	lower
1271722132587	1	FR_PRES	5	VAMPIRE	1547	0	1	827	(0.42259999999999998, 0.58709999999999996, 0)	../fonts/zerothre.ttf	lower
1271722136430	1	FR_PRES	5	COMPANION	357	0	1	1415	(0.42259999999999998, 0.58709999999999996, 0)	../fonts/zerothre.ttf	lower
1271722140429	1	FR_PRES	5	CUCUMBER	421	0	0	1088	(0.42259999999999998, 0.58709999999999996, 0)	../fonts/zerothre.ttf	lower
1271722144536	1	FR_PRES	5	LIME	823	0	0	1277	(0.42259999999999998, 0.58709999999999996, 0)	../fonts/zerothre.ttf	lower
1271722148586	1	FR_PRES	5	BUILDING	191	0	1	979	(0.42259999999999998, 0.58709999999999996, 0)	../fonts/zerothre.ttf	lower
1271722152511	1	FR_PRES	5	CHART	282	0	1	1246	(0.42259999999999998, 0.58709999999999996, 0)	../fonts/zerothre.ttf	lower
1271722156619	1	FR_PRES	5	DIAL	457	0	0	1186	(0.42259999999999998, 0.58709999999999996, 0)	../fonts/zerothre.ttf	lower
1271722160602	1	FR_PRES	5	WIRE	1616	0	0	1517	(0.42259999999999998, 0.58709999999999996, 0)	../fonts/zerothre.ttf	lower
1271722164627	1	FR_PRES	5	FRIEND	606	0	1	866	(0.42259999999999998, 0.58709999999999996, 0)	../fonts/zerothre.ttf	lower
1271722168643	1	FR_PRES	5	HERB	704	0	0	1042	(0.42259999999999998, 0.58709999999999996, 0)	../fonts/zerothre.ttf	lower
1271722172476	1	FR_PRES	5	ZEBRA	1635	0	1	794	(0.42259999999999998, 0.58709999999999996, 0)	../fonts/zerothre.ttf	lower
1271722176634	1	FR_PRES	5	CHARCOAL	281	0	0	764	(0.42259999999999998, 0.58709999999999996, 0)	../fonts/zerothre.ttf	lower
1271722180809	1	FR_PRES	5	ALBUM	14	0	0	1437	(0.42259999999999998, 0.58709999999999996, 0)	../fonts/zerothre.ttf	lower
1271722184826	0	DISTRACTOR	5			16000	6
1271722201699	1	REC_START
1271722283419	0	REST
1271722284926	1	FR_PRES	6	FOREHEAD	592	0	0	1400	(0.42259999999999998, 0.58709999999999996, 0)	../fonts/zerothre.ttf	lower
1271722288817	1	FR_PRES	6	CARRIAGE	248	0	1	1309	(0.42259999999999998, 0.58709999999999996, 0)	../fonts/zerothre.ttf	lower
1271722292842	1	FR_PRES	6	TURNIP	1521	0	0	1059	(0.42259999999999998, 0.58709999999999996, 0)	../fonts/zerothre.ttf	lower
1271722296967	1	FR_PRES	6	BEAN	105	0	0	766	(0.42259999999999998, 0.58709999999999996, 0)	../fonts/zerothre.ttf	lower
1271722300858	1	FR_PRES	6	CASH	252	0	0	1619	(0.42259999999999998, 0.58709999999999996, 0)	../fonts/zerothre.ttf	lower
1271722305067	1	FR_PRES	6	BANKER	84	0	1	979	(0.42259999999999998, 0.58709999999999996, 0)	../fonts/zerothre.ttf	lower
1271722309075	1	FR_PRES	6	PALM	1007	0	0	890	(0.42259999999999998, 0.58709999999999996, 0)	../fonts/zerothre.ttf	lower
1271722313033	1	FR_PRES	6	TELEPHONE	1445	0	0	1005	(0.42259999999999998, 0.58709999999999996, 0)	../fonts/zerothre.ttf	lower
1271722316840	1	FR_PRES	6	DUNGEON	507	0	1	861	(0.42259999999999998, 0.58709999999999996, 0)	../fonts/zerothre.ttf	lower
1271722320948	1	FR_PRES	6	TOENAIL	1474	0	1	1098	(0.42259999999999998, 0.58709999999999996, 0)	../fonts/zerothre.ttf	lower
1271722324940	1	FR_PRES	6	BOOTH	151	0	1	1962	(0.42259999999999998, 0.58709999999999996, 0)	../fonts/zerothre.ttf	lower
1271722328906	1	FR_PRES	6	WAGON	1578	0	1	1260	(0.42259999999999998, 0.58709999999999996, 0)	../fonts/zerothre.ttf	lower
1271722332772	1	FR_PRES	6	CHICK	296	0	0	1666	(0.42259999999999998, 0.58709999999999996, 0)	../fonts/zerothre.ttf	lower
1271722336589	1	FR_PRES	6	FEATHER	557	0	0	705	(0.42259999999999998, 0.58709999999999996, 0)	../fonts/zerothre.ttf	lower
1271722340431	1	FR_PRES	6	POSTAGE	1113	0	0	687	(0.42259999999999998, 0.58709999999999996, 0)	../fonts/zerothre.ttf	lower
1271722344622	1	FR_PRES	6	LAVA	804	0	1	1071	(0.42259999999999998, 0.58709999999999996, 0)	../fonts/zerothre.ttf	lower
1271722350480	1	REC_START
1271722431116	0	REST
1271722432616	0	DISTRACTOR	7			16000	7
1271722448090	1	FR_PRES	7	MARGARINE	868	0	0	1988	(0.42259999999999998, 0.58709999999999996, 0)	../fonts/zerothre.ttf	lower
1271722452295	0	DISTRACTOR	7			16000	8
1271722468297	1	FR_PRES	7	MAJOR	859	0	1	1652	(0.42259999999999998, 0.58709999999999996, 0)	../fonts/zerothre.ttf	lower
1271722472168	0	DISTRACTOR	7			16000	5
1271722488454	1	FR_PRES	7	COMB	351	0	0	1207	(0.42259999999999998, 0.58709999999999996, 0)	../fonts/zerothre.ttf	lower
1271722492629	0	DISTRACTOR	7			16000	7
1271722508336	1	FR_PRES	7	GOO	648	0	0	1501	(0.42259999999999998, 0.58709999999999996, 0)	../fonts/zerothre.ttf	lower
1271722512505	0	DISTRACTOR	7			16000	6
1271722528475	1	FR_PRES	7	TROMBONE	1508	0	1	1707	(0.42259999999999998, 0.58709999999999996, 0)	../fonts/zerothre.ttf	lower
1271722532460	0	DISTRACTOR	7			16000	5
1271722548673	1	FR_PRES	7	GUITAR	670	0	1	1365	(0.42259999999999998, 0.58709999999999996, 0)	../fonts/zerothre.ttf	lower
1271722552631	0	DISTRACTOR	7			16000	7
1271722568547	1	FR_PRES	7	CRADLE	399	0	1	1908	(0.42259999999999998, 0.58709999999999996, 0)	../fonts/zerothre.ttf	lower
1271722572419	0	DISTRACTOR	7			16000	7
1271722588720	1	FR_PRES	7	BATTERY	101	0	0	1005	(0.42259999999999998, 0.58709999999999996, 0)	../fonts/zerothre.ttf	lower
1271722592695	0	DISTRACTOR	7			16000	6
1271722608810	1	FR_PRES	7	BRAKE	166	0	1	1851	(0.42259999999999998, 0.58709999999999996, 0)	../fonts/zerothre.ttf	lower
1271722612830	0	DISTRACTOR	7			16000	6
1271722628701	1	FR_PRES	7	STEAM	1375	0	0	1288	(0.42259999999999998, 0.58709999999999996, 0)	../fonts/zerothre.ttf	lower
1271722632562	0	DISTRACTOR	7			16000	7
1271722648741	1	FR_PRES	7	ASHTRAY	45	0	0	1490	(0.42259999999999998, 0.58709999999999996, 0)	../fonts/zerothre.ttf	lower
1271722652695	0	DISTRACTOR	7			16000	7
1271722668639	1	FR_PRES	7	ACORN	3	0	0	974	(0.42259999999999998, 0.58709999999999996, 0)	../fonts/zerothre.ttf	lower
1271722672441	0	DISTRACTOR	7			16000	7
1271722688571	1	FR_PRES	7	ERASER	538	0	0	1314	(0.42259999999999998, 0.58709999999999996, 0)	../fonts/zerothre.ttf	lower
1271722692452	0	DISTRACTOR	7			16000	7
1271722708595	1	FR_PRES	7	KEYBOARD	774	0	0	2067	(0.42259999999999998, 0.58709999999999996, 0)	../fonts/zerothre.ttf	lower
1271722712485	0	DISTRACTOR	7			16000	7
1271722728468	1	FR_PRES	7	SICKLE	1302	0	0	1377	(0.42259999999999998, 0.58709999999999996, 0)	../fonts/zerothre.ttf	lower
1271722732286	0	DISTRACTOR	7			16000	7
1271722748600	1	FR_PRES	7	DELINQUENT	445	0	1	1406	(0.42259999999999998, 0.58709999999999996, 0)	../fonts/zerothre.ttf	lower
1271722752700	0	DISTRACTOR	7			16000	5
1271722769342	1	REC_START
1271722848460	0	REST
1271722849960	0	DISTRACTOR	8			8000	2
1271722857301	1	FR_PRES	8	YOKE	1632	1	0	1746	(0.57740000000000002, 0.41289999999999999, 1.0)	../fonts/amplitud.ttf	upper
1271722861367	0	DISTRACTOR	8			8000	3
1271722869417	1	FR_PRES	8	MARSH	874	1	0	1798	(0.57740000000000002, 0.41289999999999999, 1.0)	../fonts/amplitud.ttf	upper
1271722873241	0	DISTRACTOR	8			8000	3
1271722881632	1	FR_PRES	8	SHUTTER	1300	1	0	1269	(0.57740000000000002, 0.41289999999999999, 1.0)	../fonts/amplitud.ttf	upper
1271722885484	0	DISTRACTOR	8			8000	3
1271722893465	1	FR_PRES	8	GLASS	639	1	0	2028	(0.57740000000000002, 0.41289999999999999, 1.0)	../fonts/amplitud.ttf	upper
1271722897476	0	DISTRACTOR	8			8000	3
1271722905522	1	FR_PRES	8	CITRUS	313	1	0	1820	(0.57740000000000002, 0.41289999999999999, 1.0)	../fonts/amplitud.ttf	upper
1271722909371	0	DISTRACTOR	8			8000	4
1271722917538	1	FR_PRES	8	PLATE	1086	1	0	1660	(0.57740000000000002, 0.41289999999999999, 1.0)	../fonts/amplitud.ttf	upper
1271722921403	0	DISTRACTOR	8			8000	3
1271722929371	1	FR_PRES	8	MEAL	882	1	0	1587	(0.57740000000000002, 0.41289999999999999, 1.0)	../fonts/amplitud.ttf	upper
1271722933514	0	DISTRACTOR	8			8000	3
1271722941453	1	FR_PRES	8	SWAMP	1416	1	0	1649	(0.57740000000000002, 0.41289999999999999, 1.0)	../fonts/amplitud.ttf	upper
1271722945422	0	DISTRACTOR	8			8000	1
1271722953403	1	FR_PRES	8	ENGINEER	536	1	1	1139	(0.57740000000000002, 0.41289999999999999, 1.0)	../fonts/amplitud.ttf	upper
1271722957263	0	DISTRACTOR	8			8000	3
1271722965476	1	FR_PRES	8	SPY	1360	1	1	1122	(0.57740000000000002, 0.41289999999999999, 1.0)	../fonts/amplitud.ttf	upper
1271722969437	0	DISTRACTOR	8			8000	2
1271722977491	1	FR_PRES	8	COUNTRY	388	1	0	1987	(0.57740000000000002, 0.41289999999999999, 1.0)	../fonts/amplitud.ttf	upper
1271722981633	0	DISTRACTOR	8			8000	3
1271722989649	1	FR_PRES	8	OVAL	990	1	0	1149	(0.57740000000000002, 0.41289999999999999, 1.0)	../fonts/amplitud.ttf	upper
1271722993669	0	DISTRACTOR	8			8000	4
1271723001648	1	FR_PRES	8	HAND	683	1	0	2447	(0.57740000000000002, 0.41289999999999999, 1.0)	../fonts/amplitud.ttf	upper
1271723005570	0	DISTRACTOR	8			8000	4
1271723013747	1	FR_PRES	8	COWARD	394	1	1	978	(0.57740000000000002, 0.41289999999999999, 1.0)	../fonts/amplitud.ttf	upper
1271723017742	0	DISTRACTOR	8			8000	3
1271723025821	1	FR_PRES	8	SOLDIER	1344	1	1	897	(0.57740000000000002, 0.41289999999999999, 1.0)	../fonts/amplitud.ttf	upper
1271723029891	0	DISTRACTOR	8			8000	3
1271723037837	1	FR_PRES	8	CAULIFLOWER	262	1	0	1545	(0.57740000000000002, 0.41289999999999999, 1.0)	../fonts/amplitud.ttf	upper
1271723042002	0	DISTRACTOR	8			8000	4
1271723050737	1	REC_START
1271723132747	0	REST
1271723134247	0	DISTRACTOR	9			8000	3
1271723141713	1	FR_PRES	9	FIREPLACE	570	1	0	1694	(0.57740000000000002, 0.41289999999999999, 1.0)	../fonts/amplitud.ttf	upper
1271723145652	0	DISTRACTOR	9			8000	4
1271723153720	1	FR_PRES	9	STOVE	1388	1	0	982	(0.57740000000000002, 0.41289999999999999, 1.0)	../fonts/amplitud.ttf	upper
1271723157861	0	DISTRACTOR	9			8000	4
1271723165911	1	FR_PRES	9	COLONEL	348	1	1	1152	(0.57740000000000002, 0.41289999999999999, 1.0)	../fonts/amplitud.ttf	upper
1271723169989	0	DISTRACTOR	9			8000	3
1271723177868	1	FR_PRES	9	COOKIE	374	1	0	1443	(0.57740000000000002, 0.41289999999999999, 1.0)	../fonts/amplitud.ttf	upper
1271723181874	0	DISTRACTOR	9			8000	4
1271723189942	1	FR_PRES	9	PIE	1062	1	0	1056	(0.57740000000000002, 0.41289999999999999, 1.0)	../fonts/amplitud.ttf	upper
1271723194091	0	DISTRACTOR	9			8000	4
1271723201925	1	FR_PRES	9	CANARY	227	1	1	953	(0.57740000000000002, 0.41289999999999999, 1.0)	../fonts/amplitud.ttf	upper
1271723205804	0	DISTRACTOR	9			8000	3
1271723214142	1	FR_PRES	9	HOSTESS	723	1	1	977	(0.57740000000000002, 0.41289999999999999, 1.0)	../fonts/amplitud.ttf	upper
1271723217970	0	DISTRACTOR	9			8000	3
1271723226091	1	FR_PRES	9	SERVER	1272	1	1	883	(0.57740000000000002, 0.41289999999999999, 1.0)	../fonts/amplitud.ttf	upper
1271723230144	0	DISTRACTOR	9			8000	3
1271723238198	1	FR_PRES	9	SUITCASE	1403	1	0	1009	(0.57740000000000002, 0.41289999999999999, 1.0)	../fonts/amplitud.ttf	upper
1271723242270	0	DISTRACTOR	9			8000	4
1271723250256	1	FR_PRES	9	SPARROW	1347	1	1	1015	(0.57740000000000002, 0.41289999999999999, 1.0)	../fonts/amplitud.ttf	upper
1271723254383	0	DISTRACTOR	9			8000	4
1271723262196	1	FR_PRES	9	BRIEFCASE	175	1	0	754	(0.57740000000000002, 0.41289999999999999, 1.0)	../fonts/amplitud.ttf	upper
1271723266075	0	DISTRACTOR	9			8000	3
1271723274054	1	FR_PRES	9	BEAD	103	1	0	1680	(0.57740000000000002, 0.41289999999999999, 1.0)	../fonts/amplitud.ttf	upper
1271723278055	0	DISTRACTOR	9			8000	4
1271723285935	1	FR_PRES	9	SALT	1229	1	0	1015	(0.57740000000000002, 0.41289999999999999, 1.0)	../fonts/amplitud.ttf	upper
1271723290023	0	DISTRACTOR	9			8000	2
1271723298135	1	FR_PRES	9	NOTEBOOK	959	1	0	1152	(0.57740000000000002, 0.41289999999999999, 1.0)	../fonts/amplitud.ttf	upper
1271723302123	0	DISTRACTOR	9			8000	2
1271723310268	1	FR_PRES	9	FIGHTER	564	1	1	1226	(0.57740000000000002, 0.41289999999999999, 1.0)	../fonts/amplitud.ttf	upper
1271723314255	0	DISTRACTOR	9			8000	1
1271723322459	1	FR_PRES	9	ELECTRON	522	1	0	1884	(0.57740000000000002, 0.41289999999999999, 1.0)	../fonts/amplitud.ttf	upper
1271723326411	0	DISTRACTOR	9			8000	3
1271723335242	1	REC_START
1271723414501	0	REST
1271723416002	1	FR_PRES	10	BUTCHER	203	1	1	1572	(0.57740000000000002, 0.41289999999999999, 1.0)	../fonts/amplitud.ttf	upper
1271723420151	1	FR_PRES	10	CARPENTER	246	1	1	1232	(0.57740000000000002, 0.41289999999999999, 1.0)	../fonts/amplitud.ttf	upper
1271723424301	1	FR_PRES	10	TILE	1468	1	0	970	(0.57740000000000002, 0.41289999999999999, 1.0)	../fonts/amplitud.ttf	upper
1271723428117	1	FR_PRES	10	VEGETABLE	1552	1	0	1689	(0.57740000000000002, 0.41289999999999999, 1.0)	../fonts/amplitud.ttf	upper
1271723432184	1	FR_PRES	10	THIEF	1456	1	1	879	(0.57740000000000002, 0.41289999999999999, 1.0)	../fonts/amplitud.ttf	upper
1271723436183	1	FR_PRES	10	MAP	865	1	0	992	(0.57740000000000002, 0.41289999999999999, 1.0)	../fonts/amplitud.ttf	upper
1271723440183	1	FR_PRES	10	TWIN	1528	1	1	1048	(0.57740000000000002, 0.41289999999999999, 1.0)	../fonts/amplitud.ttf	upper
1271723444316	1	FR_PRES	10	PEACH	1031	1	0	1075	(0.57740000000000002, 0.41289999999999999, 1.0)	../fonts/amplitud.ttf	upper
1271723448408	1	FR_PRES	10	SARDINE	1235	1	0	1815	(0.57740000000000002, 0.41289999999999999, 1.0)	../fonts/amplitud.ttf	upper
1271723452606	1	FR_PRES	10	SKULL	1320	1	0	1224	(0.57740000000000002, 0.41289999999999999, 1.0)	../fonts/amplitud.ttf	upper
1271723456440	1	FR_PRES	10	PAD	998	1	0	1214	(0.57740000000000002, 0.41289999999999999, 1.0)	../fonts/amplitud.ttf	upper
1271723460407	1	FR_PRES	10	PAPER	1011	1	0	832	(0.57740000000000002, 0.41289999999999999, 1.0)	../fonts/amplitud.ttf	upper
1271723464530	1	FR_PRES	10	BUN	197	1	0	1364	(0.57740000000000002, 0.41289999999999999, 1.0)	../fonts/amplitud.ttf	upper
1271723468630	1	FR_PRES	10	BARRACUDA	90	1	1	1088	(0.57740000000000002, 0.41289999999999999, 1.0)	../fonts/amplitud.ttf	upper
1271723472738	1	FR_PRES	10	PORCH	1106	1	0	1421	(0.57740000000000002, 0.41289999999999999, 1.0)	../fonts/amplitud.ttf	upper
1271723476896	1	FR_PRES	10	BRICK	172	1	0	1199	(0.57740000000000002, 0.41289999999999999, 1.0)	../fonts/amplitud.ttf	upper
1271723480836	0	DISTRACTOR	10			8000	3
1271723489754	1	REC_START
1271723567740	0	REST
1271723569239	0	DISTRACTOR	11			16000	7
1271723584647	1	FR_PRES	11	WORKER	1621	0	1	1847	(0.42259999999999998, 0.58709999999999996, 0)	../fonts/zerothre.ttf	lower
1271723588481	0	DISTRACTOR	11			16000	7
1271723604503	1	FR_PRES	11	SWORD	1423	0	1	1367	(0.42259999999999998, 0.58709999999999996, 0)	../fonts/zerothre.ttf	lower
1271723608641	0	DISTRACTOR	11			16000	5
1271723624445	1	FR_PRES	11	PEARL	1034	0	0	1890	(0.42259999999999998, 0.58709999999999996, 0)	../fonts/zerothre.ttf	lower
1271723628479	0	DISTRACTOR	11			16000	7
1271723644467	1	FR_PRES	11	POOL	1103	0	1	916	(0.42259999999999998, 0.58709999999999996, 0)	../fonts/zerothre.ttf	lower
1271723648466	0	DISTRACTOR	11			16000	5
1271723664657	1	FR_PRES	11	UNIFORM	1539	0	1	2173	(0.42259999999999998, 0.58709999999999996, 0)	../fonts/zerothre.ttf	lower
1271723668507	0	DISTRACTOR	11			16000	6
1271723684606	1	FR_PRES	11	RAZOR	1171	0	0	1232	(0.42259999999999998, 0.58709999999999996, 0)	../fonts/zerothre.ttf	lower
1271723688483	0	DISTRACTOR	11			16000	7
1271723704447	1	FR_PRES	11	NECKLACE	940	0	0	952	(0.42259999999999998, 0.58709999999999996, 0)	../fonts/zerothre.ttf	lower
1271723708610	0	DISTRACTOR	11			16000	8
1271723724611	1	FR_PRES	11	CAKE	219	0	0	1259	(0.42259999999999998, 0.58709999999999996, 0)	../fonts/zerothre.ttf	lower
1271723728426	0	DISTRACTOR	11			16000	7
1271723744751	1	FR_PRES	11	SOCK	1339	0	0	1111	(0.42259999999999998, 0.58709999999999996, 0)	../fonts/zerothre.ttf	lower
1271723748744	0	DISTRACTOR	11			16000	7
1271723764867	1	FR_PRES	11	YARD	1630	0	1	1963	(0.42259999999999998, 0.58709999999999996, 0)	../fonts/zerothre.ttf	lower
1271723769068	0	DISTRACTOR	11			16000	7
1271723784990	1	FR_PRES	11	DAD	433	0	1	1584	(0.42259999999999998, 0.58709999999999996, 0)	../fonts/zerothre.ttf	lower
1271723789078	0	DISTRACTOR	11			16000	7
1271723805015	1	FR_PRES	11	FATHER	554	0	1	1112	(0.42259999999999998, 0.58709999999999996, 0)	../fonts/zerothre.ttf	lower
1271723808985	0	DISTRACTOR	11			16000	7
1271723824920	1	FR_PRES	11	LIVER	833	0	0	1830	(0.42259999999999998, 0.58709999999999996, 0)	../fonts/zerothre.ttf	lower
1271723828793	0	DISTRACTOR	11			16000	8
1271723844936	1	FR_PRES	11	BEEF	113	0	0	1774	(0.42259999999999998, 0.58709999999999996, 0)	../fonts/zerothre.ttf	lower
1271723849037	0	DISTRACTOR	11			16000	7
1271723864792	1	FR_PRES	11	ESSAY	540	0	0	1182	(0.42259999999999998, 0.58709999999999996, 0)	../fonts/zerothre.ttf	lower
1271723868761	0	DISTRACTOR	11			16000	8
1271723884991	1	FR_PRES	11	APRON	35	0	0	1695	(0.42259999999999998, 0.58709999999999996, 0)	../fonts/zerothre.ttf	lower
1271723888956	0	DISTRACTOR	11			16000	9
1271723905840	1	REC_START
1271723981452	1	REST_REWET
1271724465857	0	REST
1271724467357	1	FR_PRES	12	PHILOSOPHER	1054	0	1	1409	(0.42259999999999998, 0.58709999999999996, 0)	../fonts/zerothre.ttf	lower
1271724471307	1	FR_PRES	12	TANGERINE	1431	0	0	1259	(0.42259999999999998, 0.58709999999999996, 0)	../fonts/zerothre.ttf	lower
1271724475273	1	FR_PRES	12	NIGHTGOWN	953	0	0	1982	(0.42259999999999998, 0.58709999999999996, 0)	../fonts/zerothre.ttf	lower
1271724479106	1	FR_PRES	12	LOFT	840	0	1	1189	(0.42259999999999998, 0.58709999999999996, 0)	../fonts/zerothre.ttf	lower
1271724483139	1	FR_PRES	12	CRAB	397	0	0	956	(0.42259999999999998, 0.58709999999999996, 0)	../fonts/zerothre.ttf	lower
1271724487256	1	FR_PRES	12	QUAIL	1147	0	1	1654	(0.42259999999999998, 0.58709999999999996, 0)	../fonts/zerothre.ttf	lower
1271724491280	1	FR_PRES	12	MOOSE	915	0	1	791	(0.42259999999999998, 0.58709999999999996, 0)	../fonts/zerothre.ttf	lower
1271724495189	1	FR_PRES	12	WAREHOUSE	1588	0	1	753	(0.42259999999999998, 0.58709999999999996, 0)	../fonts/zerothre.ttf	lower
1271724499097	1	FR_PRES	12	MISSILE	900	0	1	861	(0.42259999999999998, 0.58709999999999996, 0)	../fonts/zerothre.ttf	lower
1271724502912	1	FR_PRES	12	CROCODILE	411	0	1	750	(0.42259999999999998, 0.58709999999999996, 0)	../fonts/zerothre.ttf	lower
1271724506745	1	FR_PRES	12	PENGUIN	1044	0	1	1189	(0.42259999999999998, 0.58709999999999996, 0)	../fonts/zerothre.ttf	lower
1271724510853	1	FR_PRES	12	SHELL	1281	0	0	1506	(0.42259999999999998, 0.58709999999999996, 0)	../fonts/zerothre.ttf	lower
1271724514828	1	FR_PRES	12	SINK	1309	0	1	1842	(0.42259999999999998, 0.58709999999999996, 0)	../fonts/zerothre.ttf	lower
1271724518902	1	FR_PRES	12	TABLET	1427	0	0	1864	(0.42259999999999998, 0.58709999999999996, 0)	../fonts/zerothre.ttf	lower
1271724523095	1	FR_PRES	12	FOLDER	588	0	0	1783	(0.42259999999999998, 0.58709999999999996, 0)	../fonts/zerothre.ttf	lower
1271724527120	1	FR_PRES	12	BAY	102	0	1	1271	(0.42259999999999998, 0.58709999999999996, 0)	../fonts/zerothre.ttf	lower
1271724531028	0	DISTRACTOR	12			16000	5
1271724547943	1	REC_START
1271724634045	0	REST
1271724635552	1	FR_PRES	13	DEER	444	1	1	1455	(0.57740000000000002, 0.41289999999999999, 1.0)	../fonts/amplitud.ttf	upper
1271724639752	1	FR_PRES	13	GAZELLE	628	1	1	1399	(0.57740000000000002, 0.41289999999999999, 1.0)	../fonts/amplitud.ttf	upper
1271724643860	1	FR_PRES	13	GERM	632	1	1	1850	(0.57740000000000002, 0.41289999999999999, 1.0)	../fonts/amplitud.ttf	upper
1271724647810	1	FR_PRES	13	KETTLE	772	1	0	764	(0.57740000000000002, 0.41289999999999999, 1.0)	../fonts/amplitud.ttf	upper
1271724651818	1	FR_PRES	13	SHRUB	1299	1	1	932	(0.57740000000000002, 0.41289999999999999, 1.0)	../fonts/amplitud.ttf	upper
1271724655667	1	FR_PRES	13	CLIPPERS	324	1	0	1147	(0.57740000000000002, 0.41289999999999999, 1.0)	../fonts/amplitud.ttf	upper
1271724659800	1	FR_PRES	13	KITE	779	1	0	1255	(0.57740000000000002, 0.41289999999999999, 1.0)	../fonts/amplitud.ttf	upper
1271724663842	1	FR_PRES	13	CATERPILLAR	259	1	1	1349	(0.57740000000000002, 0.41289999999999999, 1.0)	../fonts/amplitud.ttf	upper
1271724667658	1	FR_PRES	13	FOREST	593	1	0	1140	(0.57740000000000002, 0.41289999999999999, 1.0)	../fonts/amplitud.ttf	upper
1271724671724	1	FR_PRES	13	STOOL	1386	1	0	1202	(0.57740000000000002, 0.41289999999999999, 1.0)	../fonts/amplitud.ttf	upper
1271724675924	1	FR_PRES	13	DOLL	481	1	0	1131	(0.57740000000000002, 0.41289999999999999, 1.0)	../fonts/amplitud.ttf	upper
1271724679766	1	FR_PRES	13	POPE	1105	1	1	1112	(0.57740000000000002, 0.41289999999999999, 1.0)	../fonts/amplitud.ttf	upper
1271724683915	1	FR_PRES	13	GODDESS	646	1	0	1428	(0.57740000000000002, 0.41289999999999999, 1.0)	../fonts/amplitud.ttf	upper
1271724687923	1	FR_PRES	13	DRAGON	492	1	0	2124	(0.57740000000000002, 0.41289999999999999, 1.0)	../fonts/amplitud.ttf	upper
1271724691740	1	FR_PRES	13	SLIME	1327	1	0	1186	(0.57740000000000002, 0.41289999999999999, 1.0)	../fonts/amplitud.ttf	upper
1271724695681	1	FR_PRES	13	SAUCER	1237	1	0	1646	(0.57740000000000002, 0.41289999999999999, 1.0)	../fonts/amplitud.ttf	upper
1271724701332	1	REC_START
1271724780533	0	MATH_TOTAL_SCORE	452
1271724785009	0	FFR_START
1271724790600	1	REC_START
1271725108693	0	RECOG_START
1271725108693	1	REC_START
1271725108726	0	RECOG_PRES	0	ORGAN	984	-999	P	1816
1271725110917	0	RECOG_CR_PRES	0	ORGAN	984	-999	P	681
1271725111942	1	RECOG_FEEDBACK	1
1271725112684	0	RECOG_PRES	0	FIGHTER	564	-999	P	1106
1271725114151	0	RECOG_CR_PRES	0	FIGHTER	564	-999	P	647
1271725115126	1	RECOG_FEEDBACK	1
1271725115883	0	RECOG_PRES	0	SUNSET	1408	-999	P	1564
1271725117817	0	RECOG_CR_PRES	0	SUNSET	1408	-999	P	486
1271725118642	1	RECOG_FEEDBACK	0
1271725119392	0	RECOG_PRES	0	STEREO	1378	-999	P	1063
1271725120825	0	RECOG_CR_PRES	0	STEREO	1378	-999	P	494
1271725121641	1	RECOG_FEEDBACK	1
1271725122367	0	RECOG_PRES	0	GUM	672	-999	P	1135
1271725123874	0	RECOG_CR_PRES	0	GUM	672	-999	P	501
1271725124699	1	RECOG_FEEDBACK	1
1271725125417	0	RECOG_PRES	0	GEM	629	-999	P	990
1271725126774	0	RECOG_CR_PRES	0	GEM	629	-999	P	537
1271725127633	1	RECOG_FEEDBACK	0
1271725128358	0	RECOG_PRES	0	LEADER	807	-999	P	1065
1271725129791	0	RECOG_CR_PRES	0	LEADER	807	-999	P	504
1271725130616	1	RECOG_FEEDBACK	0
1271725131325	0	RECOG_PRES	0	ATTIC	56	-999	P	1714
1271725133408	0	RECOG_CR_PRES	0	ATTIC	56	-999	P	534
1271725134291	1	RECOG_FEEDBACK	0
1271725135075	0	RECOG_PRES	0	FATHER	554	-999	P	956
1271725136400	0	RECOG_CR_PRES	0	FATHER	554	-999	P	518
1271725137241	1	RECOG_FEEDBACK	1
1271725138041	0	RECOG_PRES	0	TROUSERS	1510	-999	P	990
1271725139399	0	RECOG_CR_PRES	0	TROUSERS	1510	-999	P	543
1271725140258	1	RECOG_FEEDBACK	1
1271725140990	0	RECOG_PRES	0	COUNTRY	388	-999	P	1480
1271725142840	0	RECOG_CR_PRES	0	COUNTRY	388	-999	P	455
1271725143623	1	RECOG_FEEDBACK	1
1271725144374	0	RECOG_PRES	0	DOLL	481	-999	P	913
1271725145656	0	RECOG_CR_PRES	0	DOLL	481	-999	P	455
1271725146424	1	RECOG_FEEDBACK	1
1271725147157	0	RECOG_PRES	0	SWAMP	1416	-999	P	874
1271725148432	0	RECOG_CR_PRES	0	SWAMP	1416	-999	P	518
1271725149265	1	RECOG_FEEDBACK	1
1271725150048	0	RECOG_PRES	0	UNCLE	1536	-999	P	967
1271725151390	0	RECOG_CR_PRES	0	UNCLE	1536	-999	P	432
1271725152140	1	RECOG_FEEDBACK	0
1271725152931	0	RECOG_PRES	0	CENT	270	-999	P	971
1271725154265	0	RECOG_CR_PRES	0	CENT	270	-999	P	517
1271725155098	1	RECOG_FEEDBACK	1
1271725155814	0	RECOG_PRES	0	BATHTUB	100	-999	P	1024
1271725157206	0	RECOG_CR_PRES	0	BATHTUB	100	-999	P	472
1271725157989	1	RECOG_FEEDBACK	1
1271725158755	0	RECOG_PRES	0	PIGEON	1065	-999	P	891
1271725160014	0	RECOG_CR_PRES	0	PIGEON	1065	-999	P	456
1271725160780	1	RECOG_FEEDBACK	1
1271725161572	0	RECOG_PRES	0	SOLDIER	1344	-999	P	787
1271725162730	0	RECOG_CR_PRES	0	SOLDIER	1344	-999	P	437
1271725163471	1	RECOG_FEEDBACK	1
1271725164272	0	RECOG_PRES	0	QUAIL	1147	-999	P	855
1271725165496	0	RECOG_CR_PRES	0	QUAIL	1147	-999	P	470
1271725166272	1	RECOG_FEEDBACK	1
1271725167031	0	RECOG_PRES	0	BISON	131	-999	P	848
1271725168272	0	RECOG_CR_PRES	0	BISON	131	-999	P	398
1271725168988	1	RECOG_FEEDBACK	1
1271725171289	0	REST
1271725172199	1	REC_START
1271725172230	0	RECOG_PRES	1	PEACH	1031	-999	P	1328
1271725173929	0	RECOG_CR_PRES	1	PEACH	1031	-999	P	422
1271725174662	1	RECOG_FEEDBACK	1
1271725175422	0	RECOG_PRES	1	TYPIST	1532	-999	P	1064
1271725176862	0	RECOG_CR_PRES	1	TYPIST	1532	-999	P	441
1271725177620	1	RECOG_FEEDBACK	0
1271725178413	0	RECOG_PRES	1	COURSE	390	-999	P	1802
1271725180587	0	RECOG_CR_PRES	1	COURSE	390	-999	P	436
1271725181371	1	RECOG_FEEDBACK	1
1271725182163	0	RECOG_PRES	1	REINDEER	1181	-999	P	1068
1271725183603	0	RECOG_CR_PRES	1	REINDEER	1181	-999	P	460
1271725184379	1	RECOG_FEEDBACK	1
1271725185154	0	RECOG_PRES	1	VIRUS	1572	-999	P	1021
1271725186545	0	RECOG_CR_PRES	1	VIRUS	1572	-999	P	510
1271725187362	1	RECOG_FEEDBACK	1
1271725188087	0	RECOG_PRES	1	KLEENEX	782	-999	P	1064
1271725189520	0	RECOG_CR_PRES	1	KLEENEX	782	-999	P	495
1271725190329	1	RECOG_FEEDBACK	1
1271725191104	0	RECOG_PRES	1	SWORD	1423	-999	P	1079
1271725192553	0	RECOG_CR_PRES	1	SWORD	1423	-999	P	478
1271725193354	1	RECOG_FEEDBACK	1
1271725194104	0	RECOG_PRES	1	TAPE	1433	-999	P	967
1271725195445	0	RECOG_CR_PRES	1	TAPE	1433	-999	P	473
1271725196212	1	RECOG_FEEDBACK	1
1271725196944	0	RECOG_PRES	1	MISSILE	900	-999	P	942
1271725198253	0	RECOG_CR_PRES	1	MISSILE	900	-999	P	425
1271725198994	1	RECOG_FEEDBACK	1
1271725199769	0	RECOG_PRES	1	NOMAD	955	-999	P	917
1271725201053	0	RECOG_CR_PRES	1	NOMAD	955	-999	P	489
1271725201844	1	RECOG_FEEDBACK	1
1271725202652	0	RECOG_PRES	1	VEGETABLE	1552	-999	P	970
1271725203994	0	RECOG_CR_PRES	1	VEGETABLE	1552	-999	P	421
1271725204743	1	RECOG_FEEDBACK	1
1271725205502	0	RECOG_PRES	1	SWAN	1417	-999	P	842
1271725206743	0	RECOG_CR_PRES	1	SWAN	1417	-999	P	464
1271725207518	1	RECOG_FEEDBACK	1
1271725208286	0	RECOG_PRES	1	THORN	1459	-999	P	913
1271725209568	0	RECOG_CR_PRES	1	THORN	1459	-999	P	527
1271725210419	1	RECOG_FEEDBACK	1
1271725211219	0	RECOG_PRES	1	SHUTTER	1300	-999	P	1619
1271725213202	0	RECOG_CR_PRES	1	SHUTTER	1300	-999	P	460
1271725213993	1	RECOG_FEEDBACK	1
1271725214801	0	RECOG_PRES	1	VILLAGE	1566	-999	P	1005
1271725216169	0	RECOG_CR_PRES	1	VILLAGE	1566	-999	P	477
1271725216951	1	RECOG_FEEDBACK	0
1271725217734	0	RECOG_PRES	1	DESSERT	453	-999	P	992
1271725219093	0	RECOG_CR_PRES	1	DESSERT	453	-999	P	481
1271725219901	1	RECOG_FEEDBACK	1
1271725220684	0	RECOG_PRES	1	PAD	998	-999	P	930
1271725221984	0	RECOG_CR_PRES	1	PAD	998	-999	P	526
1271725222825	1	RECOG_FEEDBACK	1
1271725223675	0	RECOG_PRES	1	GAVEL	627	-999	P	1035
1271725225076	0	RECOG_CR_PRES	1	GAVEL	627	-999	P	482
1271725225875	1	RECOG_FEEDBACK	1
1271725226675	0	RECOG_PRES	1	COBBLER	335	-999	P	1043
1271725228084	0	RECOG_CR_PRES	1	COBBLER	335	-999	P	554
1271725228967	1	RECOG_FEEDBACK	1
1271725229767	0	RECOG_PRES	1	EYE	545	-999	P	1031
1271725231159	0	RECOG_CR_PRES	1	EYE	545	-999	P	487
1271725231958	1	RECOG_FEEDBACK	1
1271725233276	0	REST
1271725234405	1	REC_START
1271725234442	0	RECOG_PRES	2	WAREHOUSE	1588	-999	P	962
1271725235808	0	RECOG_CR_PRES	2	WAREHOUSE	1588	-999	P	479
1271725236616	1	RECOG_FEEDBACK	1
1271725237375	0	RECOG_PRES	2	VEHICLE	1553	-999	P	1048
1271725238791	0	RECOG_CR_PRES	2	VEHICLE	1553	-999	P	544
1271725239649	1	RECOG_FEEDBACK	1
1271725240408	0	RECOG_PRES	2	BATTERY	101	-999	P	991
1271725241774	0	RECOG_CR_PRES	2	BATTERY	101	-999	P	457
1271725242549	1	RECOG_FEEDBACK	1
1271725243275	0	RECOG_PRES	2	SCOUT	1252	-999	P	1124
1271725244774	0	RECOG_CR_PRES	2	SCOUT	1252	-999	P	441
1271725245540	1	RECOG_FEEDBACK	0
1271725246341	0	RECOG_PRES	2	COWARD	394	-999	P	1137
1271725247849	0	RECOG_CR_PRES	2	COWARD	394	-999	P	518
1271725248699	1	RECOG_FEEDBACK	0
1271725249474	0	RECOG_PRES	2	KETTLE	772	-999	P	1028
1271725250873	0	RECOG_CR_PRES	2	KETTLE	772	-999	P	597
1271725251815	1	RECOG_FEEDBACK	1
1271725252573	0	RECOG_PRES	2	HALL	677	-999	P	1017
1271725253965	0	RECOG_CR_PRES	2	HALL	677	-999	P	513
1271725254806	1	RECOG_FEEDBACK	1
1271725255531	0	RECOG_PRES	2	ANTELOPE	27	-999	P	963
1271725256865	0	RECOG_CR_PRES	2	ANTELOPE	27	-999	P	550
1271725257731	1	RECOG_FEEDBACK	1
1271725258514	0	RECOG_PRES	2	YACHT	1629	-999	P	1092
1271725259981	0	RECOG_CR_PRES	2	YACHT	1629	-999	P	577
1271725260889	1	RECOG_FEEDBACK	1
1271725261673	0	RECOG_PRES	2	CREATURE	403	-999	P	1061
1271725263098	0	RECOG_CR_PRES	2	CREATURE	403	-999	P	604
1271725264032	1	RECOG_FEEDBACK	1
1271725264797	0	RECOG_PRES	2	COMB	351	-999	P	1081
1271725266240	0	RECOG_CR_PRES	2	COMB	351	-999	P	534
1271725267107	1	RECOG_FEEDBACK	1
1271725267830	0	RECOG_PRES	2	BOMB	147	-999	P	1361
1271725269564	0	RECOG_CR_PRES	2	BOMB	147	-999	P	491
1271725270415	1	RECOG_FEEDBACK	1
1271725271173	0	RECOG_PRES	2	BIOLOGIST	128	-999	P	1138
1271725272680	0	RECOG_CR_PRES	2	BIOLOGIST	128	-999	P	567
1271725273572	1	RECOG_FEEDBACK	1
1271725274306	0	RECOG_PRES	2	HOSTESS	723	-999	P	1236
1271725275913	0	RECOG_CR_PRES	2	HOSTESS	723	-999	P	641
1271725276921	1	RECOG_FEEDBACK	1
1271725277721	0	RECOG_PRES	2	GOO	648	-999	P	1173
1271725279256	0	RECOG_CR_PRES	2	GOO	648	-999	P	542
1271725280139	1	RECOG_FEEDBACK	1
1271725280863	0	RECOG_PRES	2	MOP	916	-999	P	1208
1271725282447	0	RECOG_CR_PRES	2	MOP	916	-999	P	471
1271725283247	1	RECOG_FEEDBACK	1
1271725283988	0	RECOG_PRES	2	LIEUTENANT	818	-999	P	1051
1271725285414	0	RECOG_CR_PRES	2	LIEUTENANT	818	-999	P	472
1271725286213	1	RECOG_FEEDBACK	1
1271725286937	0	RECOG_PRES	2	CELLO	268	-999	P	1198
1271725288504	0	RECOG_CR_PRES	2	CELLO	268	-999	P	478
1271725289313	1	RECOG_FEEDBACK	1
1271725290071	0	RECOG_PRES	2	NUCLEUS	961	-999	P	1056
1271725291495	0	RECOG_CR_PRES	2	NUCLEUS	961	-999	P	503
1271725292313	1	RECOG_FEEDBACK	1
1271725293038	0	RECOG_PRES	2	CRAB	397	-999	P	985
1271725294396	0	RECOG_CR_PRES	2	CRAB	397	-999	P	707
1271725295429	1	RECOG_FEEDBACK	1
1271725296820	0	REST
1271725297805	1	REC_START
1271725297845	0	RECOG_PRES	3	CORPORATION	382	-999	P	1089
1271725299296	0	RECOG_CR_PRES	3	CORPORATION	382	-999	P	422
1271725300037	1	RECOG_FEEDBACK	1
1271725300778	0	RECOG_PRES	3	BADGE	68	-999	P	900
1271725302046	0	RECOG_CR_PRES	3	BADGE	68	-999	P	480
1271725302828	1	RECOG_FEEDBACK	1
1271725303628	0	RECOG_PRES	3	NOTEBOOK	959	-999	P	954
1271725304944	0	RECOG_CR_PRES	3	NOTEBOOK	959	-999	P	431
1271725305703	1	RECOG_FEEDBACK	1
1271725306454	0	RECOG_PRES	3	CLAMP	316	-999	P	1152
1271725307977	0	RECOG_CR_PRES	3	CLAMP	316	-999	P	454
1271725308761	1	RECOG_FEEDBACK	1
1271725309569	0	RECOG_PRES	3	CRADLE	399	-999	P	1341
1271725311278	0	RECOG_CR_PRES	3	CRADLE	399	-999	P	568
1271725312195	1	RECOG_FEEDBACK	1
1271725312944	0	RECOG_PRES	3	CARRIAGE	248	-999	P	998
1271725314311	0	RECOG_CR_PRES	3	CARRIAGE	248	-999	P	503
1271725315136	1	RECOG_FEEDBACK	1
1271725315860	0	RECOG_PRES	3	NOTE	958	-999	P	1323
1271725317552	0	RECOG_CR_PRES	3	NOTE	958	-999	P	551
1271725318436	1	RECOG_FEEDBACK	1
1271725319244	0	RECOG_PRES	3	FRIEND	606	-999	P	915
1271725320527	0	RECOG_CR_PRES	3	FRIEND	606	-999	P	496
1271725321352	1	RECOG_FEEDBACK	1
1271725322161	0	RECOG_PRES	3	WORKER	1621	-999	P	1126
1271725323660	0	RECOG_CR_PRES	3	WORKER	1621	-999	P	491
1271725324476	1	RECOG_FEEDBACK	0
1271725325219	0	RECOG_PRES	3	CARD	243	-999	P	1212
1271725326801	0	RECOG_CR_PRES	3	CARD	243	-999	P	462
1271725327584	1	RECOG_FEEDBACK	1
1271725328310	0	RECOG_PRES	3	VIDEO	1564	-999	P	1608
1271725330285	0	RECOG_CR_PRES	3	VIDEO	1564	-999	P	561
1271725331210	1	RECOG_FEEDBACK	0
1271725331934	0	RECOG_PRES	3	TAG	1429	-999	P	1393
1271725333709	0	RECOG_CR_PRES	3	TAG	1429	-999	P	386
1271725334435	1	RECOG_FEEDBACK	0
1271725335176	0	RECOG_PRES	3	WARRIOR	1589	-999	P	975
1271725336525	0	RECOG_CR_PRES	3	WARRIOR	1589	-999	P	482
1271725337326	1	RECOG_FEEDBACK	0
1271725338076	0	RECOG_PRES	3	CHAIN	273	-999	P	890
1271725339335	0	RECOG_CR_PRES	3	CHAIN	273	-999	P	543
1271725340201	1	RECOG_FEEDBACK	1
1271725340933	0	RECOG_PRES	3	COYOTE	396	-999	P	875
1271725342201	0	RECOG_CR_PRES	3	COYOTE	396	-999	P	485
1271725343009	1	RECOG_FEEDBACK	1
1271725343725	0	RECOG_PRES	3	HAMBURGER	679	-999	P	1001
1271725345092	0	RECOG_CR_PRES	3	HAMBURGER	679	-999	P	474
1271725345891	1	RECOG_FEEDBACK	1
1271725346691	0	RECOG_PRES	3	SEAGULL	1261	-999	P	1099
1271725348159	0	RECOG_CR_PRES	3	SEAGULL	1261	-999	P	423
1271725348916	1	RECOG_FEEDBACK	1
1271725349724	0	RECOG_PRES	3	ICING	732	-999	P	1050
1271725351142	0	RECOG_CR_PRES	3	ICING	732	-999	P	408
1271725351883	1	RECOG_FEEDBACK	1
1271725352633	0	RECOG_PRES	3	CUCUMBER	421	-999	P	917
1271725353924	0	RECOG_CR_PRES	3	CUCUMBER	421	-999	P	641
1271725354916	1	RECOG_FEEDBACK	1
1271725355707	0	RECOG_PRES	3	UNIVERSE	1540	-999	P	1267
1271725357342	0	RECOG_CR_PRES	3	UNIVERSE	1540	-999	P	488
1271725358158	1	RECOG_FEEDBACK	1
1271725359441	0	REST
1271725360310	1	REC_START
1271725360341	0	RECOG_PRES	4	FLASK	576	-999	P	1082
1271725361790	0	RECOG_CR_PRES	4	FLASK	576	-999	P	441
1271725362540	1	RECOG_FEEDBACK	1
1271725363333	0	RECOG_PRES	4	WELL	1600	-999	P	1090
1271725364798	0	RECOG_CR_PRES	4	WELL	1600	-999	P	497
1271725365623	1	RECOG_FEEDBACK	1
1271725366382	0	RECOG_PRES	4	ROSE	1212	-999	P	1120
1271725367873	0	RECOG_CR_PRES	4	ROSE	1212	-999	P	582
1271725368765	1	RECOG_FEEDBACK	1
1271725369481	0	RECOG_PRES	4	BATHROOM	99	-999	P	1157
1271725371007	0	RECOG_CR_PRES	4	BATHROOM	99	-999	P	583
1271725371914	1	RECOG_FEEDBACK	1
1271725372623	0	RECOG_PRES	4	SKULL	1320	-999	P	1047
1271725374032	0	RECOG_CR_PRES	4	SKULL	1320	-999	P	494
1271725374864	1	RECOG_FEEDBACK	1
1271725375581	0	RECOG_PRES	4	HERB	704	-999	P	961
1271725376914	0	RECOG_CR_PRES	4	HERB	704	-999	P	477
1271725377722	1	RECOG_FEEDBACK	1
1271725378432	0	RECOG_PRES	4	SLIME	1327	-999	P	891
1271725379722	0	RECOG_CR_PRES	4	SLIME	1327	-999	P	501
1271725380547	1	RECOG_FEEDBACK	1
1271725381348	0	RECOG_PRES	4	TWIN	1528	-999	P	1051
1271725382772	0	RECOG_CR_PRES	4	TWIN	1528	-999	P	491
1271725383597	1	RECOG_FEEDBACK	1
1271725384390	0	RECOG_PRES	4	PELT	1040	-999	P	1057
1271725385822	0	RECOG_CR_PRES	4	PELT	1040	-999	P	497
1271725386630	1	RECOG_FEEDBACK	1
1271725387398	0	RECOG_PRES	4	MARS	873	-999	P	1112
1271725388880	0	RECOG_CR_PRES	4	MARS	873	-999	P	511
1271725389713	1	RECOG_FEEDBACK	1
1271725390513	0	RECOG_PRES	4	ELEVATOR	524	-999	P	1301
1271725392181	0	RECOG_CR_PRES	4	ELEVATOR	524	-999	P	529
1271725393039	1	RECOG_FEEDBACK	1
1271725393829	0	RECOG_PRES	4	LINT	826	-999	P	1025
1271725395222	0	RECOG_CR_PRES	4	LINT	826	-999	P	512
1271725396064	1	RECOG_FEEDBACK	1
1271725396863	0	RECOG_PRES	4	DELINQUENT	445	-999	P	1432
1271725398671	0	RECOG_CR_PRES	4	DELINQUENT	445	-999	P	520
1271725399546	1	RECOG_FEEDBACK	1
1271725400305	0	RECOG_PRES	4	YOKE	1632	-999	P	1118
1271725401796	0	RECOG_CR_PRES	4	YOKE	1632	-999	P	515
1271725402637	1	RECOG_FEEDBACK	1
1271725403380	0	RECOG_PRES	4	ATTIRE	57	-999	P	1178
1271725404929	0	RECOG_CR_PRES	4	ATTIRE	57	-999	P	573
1271725405845	1	RECOG_FEEDBACK	1
1271725406645	0	RECOG_PRES	4	SKI	1316	-999	P	1065
1271725408071	0	RECOG_CR_PRES	4	SKI	1316	-999	P	607
1271725409004	1	RECOG_FEEDBACK	1
1271725409728	0	RECOG_PRES	4	SCREWDRIVER	1255	-999	P	1006
1271725411096	0	RECOG_CR_PRES	4	SCREWDRIVER	1255	-999	P	606
1271725412029	1	RECOG_FEEDBACK	1
1271725412820	0	RECOG_PRES	4	ALBUM	14	-999	P	1162
1271725414346	0	RECOG_CR_PRES	4	ALBUM	14	-999	P	540
1271725415237	1	RECOG_FEEDBACK	1
1271725415969	0	RECOG_PRES	4	ARTICLE	42	-999	P	1382
1271725417719	0	RECOG_CR_PRES	4	ARTICLE	42	-999	P	592
1271725418644	1	RECOG_FEEDBACK	1
1271725419395	0	RECOG_PRES	4	TWIG	1527	-999	P	980
1271725420744	0	RECOG_CR_PRES	4	TWIG	1527	-999	P	479
1271725421552	1	RECOG_FEEDBACK	1
1271725423195	0	REST
1271725424382	1	REC_START
1271725424420	0	RECOG_PRES	5	REFRIGERATOR	1179	-999	P	1043
1271725425835	0	RECOG_CR_PRES	5	REFRIGERATOR	1179	-999	P	468
1271725426619	1	RECOG_FEEDBACK	1
1271725427353	0	RECOG_PRES	5	BRAKE	166	-999	P	1062
1271725428785	0	RECOG_CR_PRES	5	BRAKE	166	-999	P	558
1271725429652	1	RECOG_FEEDBACK	1
1271725430403	0	RECOG_PRES	5	DEODORANT	448	-999	P	980
1271725431752	0	RECOG_CR_PRES	5	DEODORANT	448	-999	P	463
1271725432543	1	RECOG_FEEDBACK	0
1271725433336	0	RECOG_PRES	5	EARRING	514	-999	P	1278
1271725434976	0	RECOG_CR_PRES	5	EARRING	514	-999	P	550
1271725435860	1	RECOG_FEEDBACK	1
1271725436601	0	RECOG_PRES	5	SPY	1360	-999	P	1085
1271725438052	0	RECOG_CR_PRES	5	SPY	1360	-999	P	530
1271725438918	1	RECOG_FEEDBACK	1
1271725439709	0	RECOG_PRES	5	LUNCH	849	-999	P	793
1271725440876	0	RECOG_CR_PRES	5	LUNCH	849	-999	P	467
1271725441668	1	RECOG_FEEDBACK	0
1271725442444	0	RECOG_PRES	5	CLARINET	317	-999	P	1066
1271725443884	0	RECOG_CR_PRES	5	CLARINET	317	-999	P	618
1271725444826	1	RECOG_FEEDBACK	1
1271725445626	0	RECOG_PRES	5	PACKAGE	997	-999	P	1172
1271725447160	0	RECOG_CR_PRES	5	PACKAGE	997	-999	P	590
1271725448077	1	RECOG_FEEDBACK	1
1271725448792	0	RECOG_PRES	5	NICOTINE	951	-999	P	1102
1271725450260	0	RECOG_CR_PRES	5	NICOTINE	951	-999	P	642
1271725451226	1	RECOG_FEEDBACK	1
1271725452035	0	RECOG_PRES	5	PENGUIN	1044	-999	P	1284
1271725453692	0	RECOG_CR_PRES	5	PENGUIN	1044	-999	P	619
1271725454667	1	RECOG_FEEDBACK	1
1271725455384	0	RECOG_PRES	5	LAVA	804	-999	P	1055
1271725456808	0	RECOG_CR_PRES	5	LAVA	804	-999	P	535
1271725457675	1	RECOG_FEEDBACK	1
1271725458384	0	RECOG_PRES	5	WIRE	1616	-999	P	983
1271725459741	0	RECOG_CR_PRES	5	WIRE	1616	-999	P	634
1271725460716	1	RECOG_FEEDBACK	1
1271725461434	0	RECOG_PRES	5	PATROL	1027	-999	P	1116
1271725462924	0	RECOG_CR_PRES	5	PATROL	1027	-999	P	586
1271725463824	1	RECOG_FEEDBACK	1
1271725464616	0	RECOG_PRES	5	TABLE	1426	-999	P	1070
1271725466050	0	RECOG_CR_PRES	5	TABLE	1426	-999	P	564
1271725466941	1	RECOG_FEEDBACK	1
1271725467657	0	RECOG_PRES	5	SCREW	1254	-999	P	1406
1271725469433	0	RECOG_CR_PRES	5	SCREW	1254	-999	P	598
1271725470358	1	RECOG_FEEDBACK	1
1271725471100	0	RECOG_PRES	5	DONKEY	484	-999	P	1059
1271725472532	0	RECOG_CR_PRES	5	DONKEY	484	-999	P	563
1271725473416	1	RECOG_FEEDBACK	0
1271725474125	0	RECOG_PRES	5	SURF	1412	-999	P	891
1271725475416	0	RECOG_CR_PRES	5	SURF	1412	-999	P	502
1271725476249	1	RECOG_FEEDBACK	1
1271725477024	0	RECOG_PRES	5	CROWN	415	-999	P	1151
1271725478548	0	RECOG_CR_PRES	5	CROWN	415	-999	P	515
1271725479399	1	RECOG_FEEDBACK	0
1271725480182	0	RECOG_PRES	5	CHICK	296	-999	P	929
1271725481481	0	RECOG_CR_PRES	5	CHICK	296	-999	P	590
1271725482391	1	RECOG_FEEDBACK	1
1271725483157	0	RECOG_PRES	5	PECAN	1036	-999	P	1082
1271725484614	0	RECOG_CR_PRES	5	PECAN	1036	-999	P	513
1271725485449	1	RECOG_FEEDBACK	1
1271725486773	0	REST
1271725487679	1	REC_START
1271725487714	0	RECOG_PRES	6	JUPITER	765	-999	P	1453
1271725489539	0	RECOG_CR_PRES	6	JUPITER	765	-999	P	459
1271725490348	1	RECOG_FEEDBACK	0
1271725491073	0	RECOG_PRES	6	BEAN	105	-999	P	966
1271725492415	0	RECOG_CR_PRES	6	BEAN	105	-999	P	495
1271725493231	1	RECOG_FEEDBACK	1
1271725493980	0	RECOG_PRES	6	BANJO	82	-999	P	1091
1271725495440	0	RECOG_CR_PRES	6	BANJO	82	-999	P	494
1271725496265	1	RECOG_FEEDBACK	1
1271725497065	0	RECOG_PRES	6	BOOTH	151	-999	P	1174
1271725498613	0	RECOG_CR_PRES	6	BOOTH	151	-999	P	458
1271725499406	1	RECOG_FEEDBACK	1
1271725500164	0	RECOG_PRES	6	WAGON	1578	-999	P	1402
1271725501938	0	RECOG_CR_PRES	6	WAGON	1578	-999	P	493
1271725502771	1	RECOG_FEEDBACK	0
1271725503480	0	RECOG_PRES	6	POPE	1105	-999	P	1046
1271725504896	0	RECOG_CR_PRES	6	POPE	1105	-999	P	559
1271725505788	1	RECOG_FEEDBACK	1
1271725506588	0	RECOG_PRES	6	BALLERINA	74	-999	P	1146
1271725508097	0	RECOG_CR_PRES	6	BALLERINA	74	-999	P	517
1271725508946	1	RECOG_FEEDBACK	1
1271725509688	0	RECOG_PRES	6	ACORN	3	-999	P	1078
1271725511130	0	RECOG_CR_PRES	6	ACORN	3	-999	P	548
1271725512030	1	RECOG_FEEDBACK	1
1271725512804	0	RECOG_PRES	6	NEPHEW	942	-999	P	1243
1271725514422	0	RECOG_CR_PRES	6	NEPHEW	942	-999	P	520
1271725515271	1	RECOG_FEEDBACK	1
1271725516013	0	RECOG_PRES	6	TILE	1468	-999	P	1210
1271725517595	0	RECOG_CR_PRES	6	TILE	1468	-999	P	642
1271725518604	1	RECOG_FEEDBACK	1
1271725519355	0	RECOG_PRES	6	MARGARINE	868	-999	P	1084
1271725520812	0	RECOG_CR_PRES	6	MARGARINE	868	-999	P	627
1271725521778	1	RECOG_FEEDBACK	1
1271725522495	0	RECOG_PRES	6	TOWN	1491	-999	P	991
1271725523862	0	RECOG_CR_PRES	6	TOWN	1491	-999	P	497
1271725524661	1	RECOG_FEEDBACK	1
1271725525446	0	RECOG_PRES	6	PALM	1007	-999	P	969
1271725526786	0	RECOG_CR_PRES	6	PALM	1007	-999	P	501
1271725527611	1	RECOG_FEEDBACK	1
1271725528346	0	RECOG_PRES	6	STOVE	1388	-999	P	1268
1271725529986	0	RECOG_CR_PRES	6	STOVE	1388	-999	P	556
1271725530878	1	RECOG_FEEDBACK	1
1271725531653	0	RECOG_PRES	6	DICTATOR	462	-999	P	1225
1271725533245	0	RECOG_CR_PRES	6	DICTATOR	462	-999	P	497
1271725534053	1	RECOG_FEEDBACK	1
1271725534769	0	RECOG_PRES	6	VISITOR	1573	-999	P	1045
1271725536178	0	RECOG_CR_PRES	6	VISITOR	1573	-999	P	460
1271725536944	1	RECOG_FEEDBACK	0
1271725537694	0	RECOG_PRES	6	SICKLE	1302	-999	P	992
1271725539053	0	RECOG_CR_PRES	6	SICKLE	1302	-999	P	545
1271725539927	1	RECOG_FEEDBACK	1
1271725540677	0	RECOG_PRES	6	UNICORN	1538	-999	P	969
1271725542011	0	RECOG_CR_PRES	6	UNICORN	1538	-999	P	515
1271725542844	1	RECOG_FEEDBACK	1
1271725543627	0	RECOG_PRES	6	PEARL	1034	-999	P	971
1271725544968	0	RECOG_CR_PRES	6	PEARL	1034	-999	P	622
1271725545927	1	RECOG_FEEDBACK	1
1271725546660	0	RECOG_PRES	6	MASK	876	-999	P	1002
1271725548027	0	RECOG_CR_PRES	6	MASK	876	-999	P	483
1271725548826	1	RECOG_FEEDBACK	1
1271725550676	0	REST
1271725551632	1	REC_START
1271725551668	0	RECOG_PRES	7	ARMY	39	-999	P	1290
1271725553327	0	RECOG_CR_PRES	7	ARMY	39	-999	P	495
1271725554152	1	RECOG_FEEDBACK	0
1271725554884	0	RECOG_PRES	7	TACK	1428	-999	P	1179
1271725556435	0	RECOG_CR_PRES	7	TACK	1428	-999	P	620
1271725557368	1	RECOG_FEEDBACK	1
1271725558110	0	RECOG_PRES	7	DIAL	457	-999	P	1193
1271725559676	0	RECOG_CR_PRES	7	DIAL	457	-999	P	531
1271725560550	1	RECOG_FEEDBACK	1
1271725561326	0	RECOG_PRES	7	STAFF	1365	-999	P	1176
1271725562875	0	RECOG_CR_PRES	7	STAFF	1365	-999	P	548
1271725563767	1	RECOG_FEEDBACK	1
1271725564559	0	RECOG_PRES	7	ELECTRON	522	-999	P	1079
1271725566009	0	RECOG_CR_PRES	7	ELECTRON	522	-999	P	701
1271725567051	1	RECOG_FEEDBACK	1
1271725567808	0	RECOG_PRES	7	BIKE	125	-999	P	1166
1271725569343	0	RECOG_CR_PRES	7	BIKE	125	-999	P	575
1271725570242	1	RECOG_FEEDBACK	1
1271725571042	0	RECOG_PRES	7	CAFETERIA	217	-999	P	1077
1271725572491	0	RECOG_CR_PRES	7	CAFETERIA	217	-999	P	612
1271725573425	1	RECOG_FEEDBACK	0
1271725574184	0	RECOG_PRES	7	FAMILY	550	-999	P	1239
1271725575791	0	RECOG_CR_PRES	7	FAMILY	550	-999	P	520
1271725576658	1	RECOG_FEEDBACK	1
1271725577459	0	RECOG_PRES	7	TOENAIL	1474	-999	P	1283
1271725579108	0	RECOG_CR_PRES	7	TOENAIL	1474	-999	P	649
1271725580150	1	RECOG_FEEDBACK	1
1271725580874	0	RECOG_PRES	7	STOOL	1386	-999	P	964
1271725582200	0	RECOG_CR_PRES	7	STOOL	1386	-999	P	646
1271725583183	1	RECOG_FEEDBACK	1
1271725583907	0	RECOG_PRES	7	TYPEWRITER	1531	-999	P	1019
1271725585291	0	RECOG_CR_PRES	7	TYPEWRITER	1531	-999	P	650
1271725586316	1	RECOG_FEEDBACK	1
1271725587125	0	RECOG_PRES	7	TROPHY	1509	-999	P	1290
1271725588790	0	RECOG_CR_PRES	7	TROPHY	1509	-999	P	625
1271725589757	1	RECOG_FEEDBACK	1
1271725590540	0	RECOG_PRES	7	HAND	683	-999	P	1555
1271725592457	0	RECOG_CR_PRES	7	HAND	683	-999	P	509
1271725593349	1	RECOG_FEEDBACK	1
1271725594082	0	RECOG_PRES	7	EMERALD	528	-999	P	1173
1271725595623	0	RECOG_CR_PRES	7	EMERALD	528	-999	P	520
1271725596489	1	RECOG_FEEDBACK	0
1271725597257	0	RECOG_PRES	7	TABLET	1427	-999	P	1219
1271725598864	0	RECOG_CR_PRES	7	TABLET	1427	-999	P	487
1271725599698	1	RECOG_FEEDBACK	1
1271725600465	0	RECOG_PRES	7	FIG	563	-999	P	926
1271725601764	0	RECOG_CR_PRES	7	FIG	563	-999	P	587
1271725602664	1	RECOG_FEEDBACK	1
1271725603432	0	RECOG_PRES	7	PATH	1023	-999	P	1007
1271725604814	0	RECOG_CR_PRES	7	PATH	1023	-999	P	513
1271725605681	1	RECOG_FEEDBACK	0
1271725606415	0	RECOG_PRES	7	FARM	552	-999	P	1087
1271725607872	0	RECOG_CR_PRES	7	FARM	552	-999	P	559
1271725608789	1	RECOG_FEEDBACK	1
1271725609522	0	RECOG_PRES	7	DYNAMITE	511	-999	P	1268
1271725611156	0	RECOG_CR_PRES	7	DYNAMITE	511	-999	P	538
1271725612031	1	RECOG_FEEDBACK	1
1271725612838	0	RECOG_PRES	7	CAULIFLOWER	262	-999	P	1233
1271725614448	0	RECOG_CR_PRES	7	CAULIFLOWER	262	-999	P	559
1271725615372	1	RECOG_FEEDBACK	1
1271725616655	0	REST
1271725617598	1	REC_START
1271725617630	0	RECOG_PRES	8	KITE	779	-999	P	967
1271725618996	0	RECOG_CR_PRES	8	KITE	779	-999	P	498
1271725619821	1	RECOG_FEEDBACK	1
1271725620596	0	RECOG_PRES	8	ATMOSPHERE	54	-999	P	1074
1271725622039	0	RECOG_CR_PRES	8	ATMOSPHERE	54	-999	P	599
1271725622988	1	RECOG_FEEDBACK	1
1271725623762	0	RECOG_PRES	8	ASH	44	-999	P	1132
1271725625255	0	RECOG_CR_PRES	8	ASH	44	-999	P	591
1271725626205	1	RECOG_FEEDBACK	1
1271725626962	0	RECOG_PRES	8	BEVERAGE	123	-999	P	1045
1271725628371	0	RECOG_CR_PRES	8	BEVERAGE	123	-999	P	603
1271725629296	1	RECOG_FEEDBACK	1
1271725630063	0	RECOG_PRES	8	DOORBELL	487	-999	P	1144
1271725631579	0	RECOG_CR_PRES	8	DOORBELL	487	-999	P	580
1271725632495	1	RECOG_FEEDBACK	1
1271725633263	0	RECOG_PRES	8	BRICK	172	-999	P	984
1271725634620	0	RECOG_CR_PRES	8	BRICK	172	-999	P	587
1271725635537	1	RECOG_FEEDBACK	1
1271725636288	0	RECOG_PRES	8	FEATHER	557	-999	P	1055
1271725637711	0	RECOG_CR_PRES	8	FEATHER	557	-999	P	472
1271725638536	1	RECOG_FEEDBACK	1
1271725639279	0	RECOG_PRES	8	PERCH	1048	-999	P	1024
1271725640678	0	RECOG_CR_PRES	8	PERCH	1048	-999	P	601
1271725641611	1	RECOG_FEEDBACK	1
1271725642379	0	RECOG_PRES	8	WATER	1594	-999	P	1060
1271725643811	0	RECOG_CR_PRES	8	WATER	1594	-999	P	524
1271725644678	1	RECOG_FEEDBACK	1
1271725645429	0	RECOG_PRES	8	KIWI	781	-999	P	970
1271725646769	0	RECOG_CR_PRES	8	KIWI	781	-999	P	542
1271725647644	1	RECOG_FEEDBACK	1
1271725648395	0	RECOG_PRES	8	MILDEW	893	-999	P	948
1271725649711	0	RECOG_CR_PRES	8	MILDEW	893	-999	P	560
1271725650594	1	RECOG_FEEDBACK	1
1271725651303	0	RECOG_PRES	8	PORCH	1106	-999	P	984
1271725652660	0	RECOG_CR_PRES	8	PORCH	1106	-999	P	571
1271725653552	1	RECOG_FEEDBACK	1
1271725654303	0	RECOG_PRES	8	VIOLA	1570	-999	P	1231
1271725655910	0	RECOG_CR_PRES	8	VIOLA	1570	-999	P	497
1271725656743	1	RECOG_FEEDBACK	1
1271725657518	0	RECOG_PRES	8	SHED	1277	-999	P	1128
1271725659011	0	RECOG_CR_PRES	8	SHED	1277	-999	P	595
1271725659926	1	RECOG_FEEDBACK	0
1271725660685	0	RECOG_PRES	8	ACTRESS	6	-999	P	1247
1271725662311	0	RECOG_CR_PRES	8	ACTRESS	6	-999	P	535
1271725663194	1	RECOG_FEEDBACK	1
1271725663909	0	RECOG_PRES	8	CARTON	251	-999	P	1338
1271725665618	0	RECOG_CR_PRES	8	CARTON	251	-999	P	493
1271725666460	1	RECOG_FEEDBACK	1
1271725667252	0	RECOG_PRES	8	MECHANIC	884	-999	P	1075
1271725668701	0	RECOG_CR_PRES	8	MECHANIC	884	-999	P	482
1271725669509	1	RECOG_FEEDBACK	1
1271725670218	0	RECOG_PRES	8	UNIFORM	1539	-999	P	1436
1271725672018	0	RECOG_CR_PRES	8	UNIFORM	1539	-999	P	532
1271725672892	1	RECOG_FEEDBACK	1
1271725673634	0	RECOG_PRES	8	DUNGEON	507	-999	P	1100
1271725675101	0	RECOG_CR_PRES	8	DUNGEON	507	-999	P	497
1271725675950	1	RECOG_FEEDBACK	1
1271725676734	0	RECOG_PRES	8	TROMBONE	1508	-999	P	1361
1271725678467	0	RECOG_CR_PRES	8	TROMBONE	1508	-999	P	692
1271725679500	1	RECOG_FEEDBACK	1
1271725680950	0	REST
1271725681757	1	REC_START
1271725681792	0	RECOG_PRES	9	RAILROAD	1162	-999	P	1487
1271725683650	0	RECOG_CR_PRES	9	RAILROAD	1162	-999	P	461
1271725684442	1	RECOG_FEEDBACK	1
1271725685226	0	RECOG_PRES	9	OATS	968	-999	P	1252
1271725686849	0	RECOG_CR_PRES	9	OATS	968	-999	P	486
1271725687658	1	RECOG_FEEDBACK	1
1271725688400	0	RECOG_PRES	9	BEAST	108	-999	P	951
1271725689724	0	RECOG_CR_PRES	9	BEAST	108	-999	P	435
1271725690491	1	RECOG_FEEDBACK	0
1271725691250	0	RECOG_PRES	9	STEW	1380	-999	P	1308
1271725692932	0	RECOG_CR_PRES	9	STEW	1380	-999	P	538
1271725693791	1	RECOG_FEEDBACK	1
1271725694516	0	RECOG_PRES	9	BATH	98	-999	P	994
1271725695882	0	RECOG_CR_PRES	9	BATH	98	-999	P	533
1271725696732	1	RECOG_FEEDBACK	1
1271725697441	0	RECOG_PRES	9	THRONE	1461	-999	P	1061
1271725698874	0	RECOG_CR_PRES	9	THRONE	1461	-999	P	640
1271725699857	1	RECOG_FEEDBACK	1
1271725700640	0	RECOG_PRES	9	TOWER	1490	-999	P	1326
1271725702333	0	RECOG_CR_PRES	9	TOWER	1490	-999	P	561
1271725703233	1	RECOG_FEEDBACK	1
1271725703973	0	RECOG_PRES	9	ENGINEER	536	-999	P	1025
1271725705374	0	RECOG_CR_PRES	9	ENGINEER	536	-999	P	504
1271725706207	1	RECOG_FEEDBACK	0
1271725706940	0	RECOG_PRES	9	DAD	433	-999	P	930
1271725708232	0	RECOG_CR_PRES	9	DAD	433	-999	P	590
1271725709166	1	RECOG_FEEDBACK	1
1271725709889	0	RECOG_PRES	9	LIME	823	-999	P	861
1271725711115	0	RECOG_CR_PRES	9	LIME	823	-999	P	475
1271725711914	1	RECOG_FEEDBACK	1
1271725712689	0	RECOG_PRES	9	DRAWING	494	-999	P	1221
1271725714273	0	RECOG_CR_PRES	9	DRAWING	494	-999	P	533
1271725715140	1	RECOG_FEEDBACK	1
1271725715914	0	RECOG_PRES	9	PENDULUM	1043	-999	P	1149
1271725717432	0	RECOG_CR_PRES	9	PENDULUM	1043	-999	P	591
1271725718357	1	RECOG_FEEDBACK	1
1271725719115	0	RECOG_PRES	9	LIBRARY	816	-999	P	1563
1271725721040	0	RECOG_CR_PRES	9	LIBRARY	816	-999	P	558
1271725721947	1	RECOG_FEEDBACK	0
1271725722730	0	RECOG_PRES	9	CUSTOMER	430	-999	P	1116
1271725724214	0	RECOG_CR_PRES	9	CUSTOMER	430	-999	P	576
1271725725114	1	RECOG_FEEDBACK	1
1271725725872	0	RECOG_PRES	9	PUPIL	1143	-999	P	1367
1271725727613	0	RECOG_CR_PRES	9	PUPIL	1143	-999	P	482
1271725728439	1	RECOG_FEEDBACK	1
1271725729189	0	RECOG_PRES	9	SALOON	1228	-999	P	1130
1271725730688	0	RECOG_CR_PRES	9	SALOON	1228	-999	P	607
1271725731605	1	RECOG_FEEDBACK	1
1271725732389	0	RECOG_PRES	9	ASPIRIN	47	-999	P	1209
1271725733971	0	RECOG_CR_PRES	9	ASPIRIN	47	-999	P	539
1271725734846	1	RECOG_FEEDBACK	1
1271725735621	0	RECOG_PRES	9	SAUCER	1237	-999	P	1201
1271725737188	0	RECOG_CR_PRES	9	SAUCER	1237	-999	P	546
1271725738105	1	RECOG_FEEDBACK	1
1271725738821	0	RECOG_PRES	9	ESSAY	540	-999	P	1025
1271725740213	0	RECOG_CR_PRES	9	ESSAY	540	-999	P	553
1271725741096	1	RECOG_FEEDBACK	1
1271725741812	0	RECOG_PRES	9	PHILOSOPHER	1054	-999	P	1106
1271725743280	0	RECOG_CR_PRES	9	PHILOSOPHER	1054	-999	P	598
1271725744213	1	RECOG_FEEDBACK	0
1271725745537	0	REST
1271725746386	1	REC_START
1271725746421	0	RECOG_PRES	10	BRUSH	182	-999	P	1002
1271725747795	0	RECOG_CR_PRES	10	BRUSH	182	-999	P	532
1271725748653	1	RECOG_FEEDBACK	1
1271725749379	0	RECOG_PRES	10	FOLDER	588	-999	P	1012
1271725750761	0	RECOG_CR_PRES	10	FOLDER	588	-999	P	550
1271725751636	1	RECOG_FEEDBACK	1
1271725752387	0	RECOG_PRES	10	BRIEFCASE	175	-999	P	972
1271725753728	0	RECOG_CR_PRES	10	BRIEFCASE	175	-999	P	511
1271725754569	1	RECOG_FEEDBACK	1
1271725755345	0	RECOG_PRES	10	SUITCASE	1403	-999	P	950
1271725756669	0	RECOG_CR_PRES	10	SUITCASE	1403	-999	P	586
1271725757586	1	RECOG_FEEDBACK	1
1271725758354	0	RECOG_PRES	10	RECIPE	1175	-999	P	957
1271725759686	0	RECOG_CR_PRES	10	RECIPE	1175	-999	P	625
1271725760636	1	RECOG_FEEDBACK	0
1271725761403	0	RECOG_PRES	10	WORLD	1622	-999	P	972
1271725762744	0	RECOG_CR_PRES	10	WORLD	1622	-999	P	631
1271725763685	1	RECOG_FEEDBACK	1
1271725764477	0	RECOG_PRES	10	LANDSCAPE	799	-999	P	1129
1271725765977	0	RECOG_CR_PRES	10	LANDSCAPE	799	-999	P	597
1271725766927	1	RECOG_FEEDBACK	1
1271725767702	0	RECOG_PRES	10	SHOP	1290	-999	P	1088
1271725769153	0	RECOG_CR_PRES	10	SHOP	1290	-999	P	491
1271725769993	1	RECOG_FEEDBACK	0
1271725770768	0	RECOG_PRES	10	BLADE	134	-999	P	1335
1271725772477	0	RECOG_CR_PRES	10	BLADE	134	-999	P	602
1271725773427	1	RECOG_FEEDBACK	1
1271725774177	0	RECOG_PRES	10	MAPLE	866	-999	P	1325
1271725775876	0	RECOG_CR_PRES	10	MAPLE	866	-999	P	602
1271725776834	1	RECOG_FEEDBACK	1
1271725777643	0	RECOG_PRES	10	DEPARTMENT	449	-999	P	1211
1271725779219	0	RECOG_CR_PRES	10	DEPARTMENT	449	-999	P	635
1271725780202	1	RECOG_FEEDBACK	1
1271725781002	0	RECOG_PRES	10	BLUEBERRY	140	-999	P	1005
1271725782368	0	RECOG_CR_PRES	10	BLUEBERRY	140	-999	P	510
1271725783227	1	RECOG_FEEDBACK	1
1271725783976	0	RECOG_PRES	10	MILITARY	894	-999	P	1063
1271725785410	0	RECOG_CR_PRES	10	MILITARY	894	-999	P	829
1271725786584	1	RECOG_FEEDBACK	1
1271725787293	0	RECOG_PRES	10	RAZOR	1171	-999	P	1369
1271725789026	0	RECOG_CR_PRES	10	RAZOR	1171	-999	P	564
1271725789934	1	RECOG_FEEDBACK	1
1271725790667	0	RECOG_PRES	10	OVAL	990	-999	P	1163
1271725792193	0	RECOG_CR_PRES	10	OVAL	990	-999	P	597
1271725793134	1	RECOG_FEEDBACK	1
1271725793883	0	RECOG_PRES	10	LENS	811	-999	P	1396
1271725795650	0	RECOG_CR_PRES	10	LENS	811	-999	P	549
1271725796550	1	RECOG_FEEDBACK	1
1271725797326	0	RECOG_PRES	10	PRESIDENT	1121	-999	P	1264
1271725798966	0	RECOG_CR_PRES	10	PRESIDENT	1121	-999	P	560
1271725799883	1	RECOG_FEEDBACK	1
1271725800649	0	RECOG_PRES	10	SNAKE	1333	-999	P	1502
1271725802524	0	RECOG_CR_PRES	10	SNAKE	1333	-999	P	563
1271725803442	1	RECOG_FEEDBACK	0
1271725804192	0	RECOG_PRES	10	PIE	1062	-999	P	975
1271725805541	0	RECOG_CR_PRES	10	PIE	1062	-999	P	690
1271725806557	1	RECOG_FEEDBACK	1
1271725807350	0	RECOG_PRES	10	NECKLACE	940	-999	P	897
1271725808615	0	RECOG_CR_PRES	10	NECKLACE	940	-999	P	512
1271725809458	1	RECOG_FEEDBACK	1
1271725811474	0	REST
1271725812409	1	REC_START
1271725812450	0	RECOG_PRES	11	TELEPHONE	1445	-999	P	1013
1271725813823	0	RECOG_CR_PRES	11	TELEPHONE	1445	-999	P	480
1271725814632	1	RECOG_FEEDBACK	1
1271725815399	0	RECOG_PRES	11	RAKE	1164	-999	P	800
1271725816573	0	RECOG_CR_PRES	11	RAKE	1164	-999	P	570
1271725817458	1	RECOG_FEEDBACK	1
1271725818232	0	RECOG_PRES	11	COLONEL	348	-999	P	1079
1271725819681	0	RECOG_CR_PRES	11	COLONEL	348	-999	P	510
1271725820523	1	RECOG_FEEDBACK	0
1271725821232	0	RECOG_PRES	11	FRIAR	605	-999	P	951
1271725822556	0	RECOG_CR_PRES	11	FRIAR	605	-999	P	515
1271725823390	1	RECOG_FEEDBACK	1
1271725824149	0	RECOG_PRES	11	BEAD	103	-999	P	1178
1271725825698	0	RECOG_CR_PRES	11	BEAD	103	-999	P	525
1271725826573	1	RECOG_FEEDBACK	1
1271725827348	0	RECOG_PRES	11	NIGHTGOWN	953	-999	P	1043
1271725828764	0	RECOG_CR_PRES	11	NIGHTGOWN	953	-999	P	635
1271725829747	1	RECOG_FEEDBACK	1
1271725830539	0	RECOG_PRES	11	SINK	1309	-999	P	1059
1271725831972	0	RECOG_CR_PRES	11	SINK	1309	-999	P	578
1271725832905	1	RECOG_FEEDBACK	1
1271725833647	0	RECOG_PRES	11	DRYER	503	-999	P	1247
1271725835256	0	RECOG_CR_PRES	11	DRYER	503	-999	P	486
1271725836089	1	RECOG_FEEDBACK	0
1271725836897	0	RECOG_PRES	11	DRAGON	492	-999	P	1150
1271725838423	0	RECOG_CR_PRES	11	DRAGON	492	-999	P	559
1271725839314	1	RECOG_FEEDBACK	1
1271725840073	0	RECOG_PRES	11	SPRINKLE	1359	-999	P	1789
1271725842231	0	RECOG_CR_PRES	11	SPRINKLE	1359	-999	P	535
1271725843131	1	RECOG_FEEDBACK	1
1271725843846	0	RECOG_PRES	11	VEIN	1554	-999	P	1217
1271725845439	0	RECOG_CR_PRES	11	VEIN	1554	-999	P	519
1271725846297	1	RECOG_FEEDBACK	1
1271725847105	0	RECOG_PRES	11	VALVE	1546	-999	P	1102
1271725848579	0	RECOG_CR_PRES	11	VALVE	1546	-999	P	524
1271725849447	1	RECOG_FEEDBACK	1
1271725850213	0	RECOG_PRES	11	PELICAN	1039	-999	P	1018
1271725851604	0	RECOG_CR_PRES	11	PELICAN	1039	-999	P	539
1271725852471	1	RECOG_FEEDBACK	1
1271725853272	0	RECOG_PRES	11	OCEAN	970	-999	P	1071
1271725854712	0	RECOG_CR_PRES	11	OCEAN	970	-999	P	519
1271725855545	1	RECOG_FEEDBACK	1
1271725856330	0	RECOG_PRES	11	LIVER	833	-999	P	1117
1271725857820	0	RECOG_CR_PRES	11	LIVER	833	-999	P	674
1271725858845	1	RECOG_FEEDBACK	1
1271725859628	0	RECOG_PRES	11	SPONGE	1355	-999	P	1050
1271725861046	0	RECOG_CR_PRES	11	SPONGE	1355	-999	P	520
1271725861912	1	RECOG_FEEDBACK	1
1271725862711	0	RECOG_PRES	11	TOMATO	1476	-999	P	991
1271725864071	0	RECOG_CR_PRES	11	TOMATO	1476	-999	P	687
1271725865079	1	RECOG_FEEDBACK	1
1271725865845	0	RECOG_PRES	11	CEREAL	272	-999	P	1170
1271725867387	0	RECOG_CR_PRES	11	CEREAL	272	-999	P	523
1271725868245	1	RECOG_FEEDBACK	1
1271725868978	0	RECOG_PRES	11	SERVER	1272	-999	P	874
1271725870245	0	RECOG_CR_PRES	11	SERVER	1272	-999	P	553
1271725871120	1	RECOG_FEEDBACK	1
1271725871894	0	RECOG_PRES	11	CHIEF	298	-999	P	1104
1271725873370	0	RECOG_CR_PRES	11	CHIEF	298	-999	P	572
1271725874278	1	RECOG_FEEDBACK	1
1271725876170	0	REST
1271725877081	1	REC_START
1271725877120	0	RECOG_PRES	12	CATERPILLAR	259	-999	P	1119
1271725878610	0	RECOG_CR_PRES	12	CATERPILLAR	259	-999	P	461
1271725879411	1	RECOG_FEEDBACK	1
1271725880203	0	RECOG_PRES	12	DRAWER	493	-999	P	1052
1271725881627	0	RECOG_CR_PRES	12	DRAWER	493	-999	P	516
1271725882477	1	RECOG_FEEDBACK	1
1271725883253	0	RECOG_PRES	12	MICROWAVE	892	-999	P	1225
1271725884852	0	RECOG_CR_PRES	12	MICROWAVE	892	-999	P	499
1271725885685	1	RECOG_FEEDBACK	1
1271725886476	0	RECOG_PRES	12	TRENCH	1503	-999	P	1082
1271725887935	0	RECOG_CR_PRES	12	TRENCH	1503	-999	P	480
1271725888743	1	RECOG_FEEDBACK	1
1271725889518	0	RECOG_PRES	12	CAKE	219	-999	P	1104
1271725890993	0	RECOG_CR_PRES	12	CAKE	219	-999	P	517
1271725891851	1	RECOG_FEEDBACK	1
1271725892618	0	RECOG_PRES	12	BUILDING	191	-999	P	1068
1271725894052	0	RECOG_CR_PRES	12	BUILDING	191	-999	P	403
1271725894784	1	RECOG_FEEDBACK	0
1271725895551	0	RECOG_PRES	12	LEG	809	-999	P	1023
1271725896942	0	RECOG_CR_PRES	12	LEG	809	-999	P	536
1271725897792	1	RECOG_FEEDBACK	1
1271725898542	0	RECOG_PRES	12	STATUE	1374	-999	P	1128
1271725900035	0	RECOG_CR_PRES	12	STATUE	1374	-999	P	523
1271725900884	1	RECOG_FEEDBACK	1
1271725901600	0	RECOG_PRES	12	DEER	444	-999	P	1126
1271725903093	0	RECOG_CR_PRES	12	DEER	444	-999	P	465
1271725903892	1	RECOG_FEEDBACK	0
1271725904625	0	RECOG_PRES	12	CART	250	-999	P	997
1271725905992	0	RECOG_CR_PRES	12	CART	250	-999	P	494
1271725906817	1	RECOG_FEEDBACK	0
1271725907575	0	RECOG_PRES	12	SPARROW	1347	-999	P	1015
1271725908966	0	RECOG_CR_PRES	12	SPARROW	1347	-999	P	504
1271725909808	1	RECOG_FEEDBACK	1
1271725910550	0	RECOG_PRES	12	SCAPEGOAT	1244	-999	P	1136
1271725912051	0	RECOG_CR_PRES	12	SCAPEGOAT	1244	-999	P	467
1271725912858	1	RECOG_FEEDBACK	1
1271725913658	0	RECOG_PRES	12	FIREPLACE	570	-999	P	1156
1271725915175	0	RECOG_CR_PRES	12	FIREPLACE	570	-999	P	567
1271725916092	1	RECOG_FEEDBACK	1
1271725916891	0	RECOG_PRES	12	CLAW	319	-999	P	931
1271725918183	0	RECOG_CR_PRES	12	CLAW	319	-999	P	575
1271725919083	1	RECOG_FEEDBACK	0
1271725919832	0	RECOG_PRES	12	VAMPIRE	1547	-999	P	902
1271725921100	0	RECOG_CR_PRES	12	VAMPIRE	1547	-999	P	506
1271725921924	1	RECOG_FEEDBACK	1
1271725922657	0	RECOG_PRES	12	MOOSE	915	-999	P	1085
1271725924108	0	RECOG_CR_PRES	12	MOOSE	915	-999	P	482
1271725924924	1	RECOG_FEEDBACK	0
1271725925707	0	RECOG_PRES	12	CHARCOAL	281	-999	P	1019
1271725927091	0	RECOG_CR_PRES	12	CHARCOAL	281	-999	P	539
1271725927965	1	RECOG_FEEDBACK	1
1271725928690	0	RECOG_PRES	12	OLIVE	975	-999	P	883
1271725929973	0	RECOG_CR_PRES	12	OLIVE	975	-999	P	505
1271725930798	1	RECOG_FEEDBACK	0
1271725931515	0	RECOG_PRES	12	ATOM	55	-999	P	883
1271725932798	0	RECOG_CR_PRES	12	ATOM	55	-999	P	481
1271725933606	1	RECOG_FEEDBACK	1
1271725934349	0	RECOG_PRES	12	SARDINE	1235	-999	P	1058
1271725935781	0	RECOG_CR_PRES	12	SARDINE	1235	-999	P	634
1271725936748	1	RECOG_FEEDBACK	1
1271725938140	0	REST
1271725939042	1	REC_START
1271725939074	0	RECOG_PRES	13	TWINE	1529	-999	P	1277
1271725940722	0	RECOG_CR_PRES	13	TWINE	1529	-999	P	509
1271725941556	1	RECOG_FEEDBACK	1
1271725942273	0	RECOG_PRES	13	COMPUTER	359	-999	P	1197
1271725943839	0	RECOG_CR_PRES	13	COMPUTER	359	-999	P	456
1271725944630	1	RECOG_FEEDBACK	1
1271725945423	0	RECOG_PRES	13	GERM	632	-999	P	1062
1271725946855	0	RECOG_CR_PRES	13	GERM	632	-999	P	552
1271725947739	1	RECOG_FEEDBACK	1
1271725948497	0	RECOG_PRES	13	THIEF	1456	-999	P	1125
1271725949988	0	RECOG_CR_PRES	13	THIEF	1456	-999	P	578
1271725950905	1	RECOG_FEEDBACK	1
1271725951622	0	RECOG_PRES	13	BARRACUDA	90	-999	P	936
1271725952930	0	RECOG_CR_PRES	13	BARRACUDA	90	-999	P	580
1271725953821	1	RECOG_FEEDBACK	1
1271725954613	0	RECOG_PRES	13	SUBMARINE	1398	-999	P	1185
1271725956164	0	RECOG_CR_PRES	13	SUBMARINE	1398	-999	P	562
1271725957056	1	RECOG_FEEDBACK	1
1271725957846	0	RECOG_PRES	13	CANOE	233	-999	P	1088
1271725959297	0	RECOG_CR_PRES	13	CANOE	233	-999	P	541
1271725960155	1	RECOG_FEEDBACK	1
1271725960963	0	RECOG_PRES	13	CITRUS	313	-999	P	995
1271725962322	0	RECOG_CR_PRES	13	CITRUS	313	-999	P	572
1271725963213	1	RECOG_FEEDBACK	0
1271725963979	0	RECOG_PRES	13	SPOUSE	1358	-999	P	1172
1271725965521	0	RECOG_CR_PRES	13	SPOUSE	1358	-999	P	461
1271725966305	1	RECOG_FEEDBACK	1
1271725967113	0	RECOG_PRES	13	OCTOPUS	971	-999	P	1222
1271725968704	0	RECOG_CR_PRES	13	OCTOPUS	971	-999	P	641
1271725969704	1	RECOG_FEEDBACK	1
1271725970446	0	RECOG_PRES	13	MOTORCYCLE	923	-999	P	1064
1271725971878	0	RECOG_CR_PRES	13	MOTORCYCLE	923	-999	P	600
1271725972812	1	RECOG_FEEDBACK	1
1271725973545	0	RECOG_PRES	13	CRITIC	410	-999	P	1157
1271725975071	0	RECOG_CR_PRES	13	CRITIC	410	-999	P	649
1271725976087	1	RECOG_FEEDBACK	1
1271725976836	0	RECOG_PRES	13	CASH	252	-999	P	1219
1271725978429	0	RECOG_CR_PRES	13	CASH	252	-999	P	682
1271725979462	1	RECOG_FEEDBACK	1
1271725980229	0	RECOG_PRES	13	SOCK	1339	-999	P	1425
1271725982020	0	RECOG_CR_PRES	13	SOCK	1339	-999	P	602
1271725982994	1	RECOG_FEEDBACK	1
1271725983744	0	RECOG_PRES	13	CARPENTER	246	-999	P	1046
1271725985153	0	RECOG_CR_PRES	13	CARPENTER	246	-999	P	581
1271725986062	1	RECOG_FEEDBACK	1
1271725986811	0	RECOG_PRES	13	KEYBOARD	774	-999	P	1011
1271725988187	0	RECOG_CR_PRES	13	KEYBOARD	774	-999	P	723
1271725989236	1	RECOG_FEEDBACK	1
1271725989994	0	RECOG_PRES	13	CLIPPERS	324	-999	P	1149
1271725991519	0	RECOG_CR_PRES	13	CLIPPERS	324	-999	P	776
1271725992635	1	RECOG_FEEDBACK	1
1271725993386	0	RECOG_PRES	13	PAPER	1011	-999	P	1069
1271725994818	0	RECOG_CR_PRES	13	PAPER	1011	-999	P	645
1271725995810	1	RECOG_FEEDBACK	1
1271725996610	0	RECOG_PRES	13	CAGE	218	-999	P	1397
1271725998377	0	RECOG_CR_PRES	13	CAGE	218	-999	P	525
1271725999261	1	RECOG_FEEDBACK	1
1271726000052	0	RECOG_PRES	13	CHIP	303	-999	P	1179
1271726001601	0	RECOG_CR_PRES	13	CHIP	303	-999	P	614
1271726002568	1	RECOG_FEEDBACK	1
1271726003380	0	RECOG_END
1271726024409	0	SESS_END
1271726024454	0	E	Logging Ends
