1267642247067	0	B	Logging Begins
1267642247068	0	SESS_START	6
1267642307566	1	FR_PRES	0	CAT	257	0	0	1069	(0.42259999999999998, 0.58709999999999996, 0)	../fonts/zerothre.ttf	lower
1267642311466	1	FR_PRES	0	CHART	282	0	0	1137	(0.42259999999999998, 0.58709999999999996, 0)	../fonts/zerothre.ttf	lower
1267642315357	1	FR_PRES	0	CANDLE	229	0	0	710	(0.42259999999999998, 0.58709999999999996, 0)	../fonts/zerothre.ttf	lower
1267642319557	1	FR_PRES	0	EMPEROR	529	0	1	830	(0.42259999999999998, 0.58709999999999996, 0)	../fonts/zerothre.ttf	lower
1267642323540	1	FR_PRES	0	TERMITE	1451	1	1	1366	(0.57740000000000002, 0.41289999999999999, 1.0)	../fonts/amplitud.ttf	upper
1267642327665	1	FR_PRES	0	PLUM	1090	1	1	1530	(0.57740000000000002, 0.41289999999999999, 1.0)	../fonts/amplitud.ttf	upper
1267642331481	1	FR_PRES	0	CARROT	249	1	1	1386	(0.57740000000000002, 0.41289999999999999, 1.0)	../fonts/amplitud.ttf	upper
1267642335339	1	FR_PRES	0	BULB	192	1	0	1296	(0.57740000000000002, 0.41289999999999999, 1.0)	../fonts/amplitud.ttf	upper
1267642339281	1	FR_PRES	0	DANDELION	438	0	0	1162	(0.42259999999999998, 0.58709999999999996, 0)	../fonts/zerothre.ttf	lower
1267642343122	1	FR_PRES	0	ARENA	37	0	1	1065	(0.42259999999999998, 0.58709999999999996, 0)	../fonts/zerothre.ttf	lower
1267642346962	1	FR_PRES	0	COACH	331	1	1	1057	(0.57740000000000002, 0.41289999999999999, 1.0)	../fonts/amplitud.ttf	upper
1267642351047	1	FR_PRES	0	DESSERT	453	1	0	1252	(0.57740000000000002, 0.41289999999999999, 1.0)	../fonts/amplitud.ttf	upper
1267642354912	1	FR_PRES	0	BLUEBERRY	140	1	1	1211	(0.57740000000000002, 0.41289999999999999, 1.0)	../fonts/amplitud.ttf	upper
1267642358920	1	FR_PRES	0	FLOWER	584	1	1	1042	(0.57740000000000002, 0.41289999999999999, 1.0)	../fonts/amplitud.ttf	upper
1267642363096	1	FR_PRES	0	COCOON	339	0	-999	3000	(0.42259999999999998, 0.58709999999999996, 0)	../fonts/zerothre.ttf	lower
1267642366120	1	SLOW_MSG
1267642368745	1	FR_PRES	0	STABLE	1363	0	1	874	(0.42259999999999998, 0.58709999999999996, 0)	../fonts/zerothre.ttf	lower
1267642374662	1	REC_START
1267642451473	0	REST
1267642452980	1	FR_PRES	1	GLASSES	640	1	0	903	(0.57740000000000002, 0.41289999999999999, 1.0)	../fonts/amplitud.ttf	upper
1267642457089	1	FR_PRES	1	OFFICE	972	1	0	817	(0.57740000000000002, 0.41289999999999999, 1.0)	../fonts/amplitud.ttf	upper
1267642460921	1	FR_PRES	1	HEDGE	699	1	0	962	(0.57740000000000002, 0.41289999999999999, 1.0)	../fonts/amplitud.ttf	upper
1267642465097	1	FR_PRES	1	BRANCH	168	1	0	1162	(0.57740000000000002, 0.41289999999999999, 1.0)	../fonts/amplitud.ttf	upper
1267642468962	1	FR_PRES	1	DRIVEWAY	500	0	1	841	(0.42259999999999998, 0.58709999999999996, 0)	../fonts/zerothre.ttf	lower
1267642473163	1	FR_PRES	1	HARE	688	0	1	1256	(0.42259999999999998, 0.58709999999999996, 0)	../fonts/zerothre.ttf	lower
1267642477204	1	FR_PRES	1	PEDESTRIAN	1038	1	1	991	(0.57740000000000002, 0.41289999999999999, 1.0)	../fonts/amplitud.ttf	upper
1267642481404	1	FR_PRES	1	GOBLIN	645	1	1	959	(0.57740000000000002, 0.41289999999999999, 1.0)	../fonts/amplitud.ttf	upper
1267642485287	1	FR_PRES	1	THORN	1459	1	0	1076	(0.57740000000000002, 0.41289999999999999, 1.0)	../fonts/amplitud.ttf	upper
1267642489270	1	FR_PRES	1	ROSE	1212	1	1	861	(0.57740000000000002, 0.41289999999999999, 1.0)	../fonts/amplitud.ttf	upper
1267642493186	1	FR_PRES	1	GHOST	634	0	1	1665	(0.42259999999999998, 0.58709999999999996, 0)	../fonts/zerothre.ttf	lower
1267642497028	1	FR_PRES	1	SATURN	1236	0	1	1071	(0.42259999999999998, 0.58709999999999996, 0)	../fonts/zerothre.ttf	lower
1267642500910	1	FR_PRES	1	BUCKET	184	0	1	909	(0.42259999999999998, 0.58709999999999996, 0)	../fonts/zerothre.ttf	lower
1267642504984	1	FR_PRES	1	SUPERVISOR	1410	0	1	1203	(0.42259999999999998, 0.58709999999999996, 0)	../fonts/zerothre.ttf	lower
1267642508992	1	FR_PRES	1	SHORE	1291	0	1	986	(0.42259999999999998, 0.58709999999999996, 0)	../fonts/zerothre.ttf	lower
1267642513160	1	FR_PRES	1	SPONGE	1355	0	0	1363	(0.42259999999999998, 0.58709999999999996, 0)	../fonts/zerothre.ttf	lower
1267642518885	1	REC_START
1267642595454	0	REST
1267642596961	1	FR_PRES	2	OWNER	993	-1	-1	-1267642596961	white	../fonts/Verdana.ttf	upper
1267642600936	1	FR_PRES	2	LEG	809	-1	-1	-1267642600936	white	../fonts/Verdana.ttf	upper
1267642604960	1	FR_PRES	2	HAND	683	-1	-1	-1267642604960	white	../fonts/Verdana.ttf	upper
1267642608943	1	FR_PRES	2	SPIDER	1351	-1	-1	-1267642608943	white	../fonts/Verdana.ttf	upper
1267642612902	1	FR_PRES	2	FLY	586	-1	-1	-1267642612902	white	../fonts/Verdana.ttf	upper
1267642616719	1	FR_PRES	2	RASPBERRY	1168	-1	-1	-1267642616719	white	../fonts/Verdana.ttf	upper
1267642620685	1	FR_PRES	2	CAR	241	-1	-1	-1267642620685	white	../fonts/Verdana.ttf	upper
1267642624860	1	FR_PRES	2	MONARCH	906	-1	-1	-1267642624860	white	../fonts/Verdana.ttf	upper
1267642628726	1	FR_PRES	2	DISC	473	-1	-1	-1267642628726	white	../fonts/Verdana.ttf	upper
1267642632726	1	FR_PRES	2	SADDLE	1221	-1	-1	-1267642632726	white	../fonts/Verdana.ttf	upper
1267642636601	1	FR_PRES	2	PONY	1102	-1	-1	-1267642636601	white	../fonts/Verdana.ttf	upper
1267642640559	1	FR_PRES	2	BEDROOM	111	-1	-1	-1267642640559	white	../fonts/Verdana.ttf	upper
1267642644425	1	FR_PRES	2	FUR	615	-1	-1	-1267642644425	white	../fonts/Verdana.ttf	upper
1267642648242	1	FR_PRES	2	DOUGH	489	-1	-1	-1267642648242	white	../fonts/Verdana.ttf	upper
1267642652091	1	FR_PRES	2	DRUM	502	-1	-1	-1267642652091	white	../fonts/Verdana.ttf	upper
1267642655948	1	FR_PRES	2	BATTERY	101	-1	-1	-1267642655948	white	../fonts/Verdana.ttf	upper
1267642661850	1	REC_START
1267642738252	0	REST
1267642739760	1	FR_PRES	3	NOSE	957	0	0	1154	(0.42259999999999998, 0.58709999999999996, 0)	../fonts/zerothre.ttf	lower
1267642743801	1	FR_PRES	3	STUDENT	1395	0	1	866	(0.42259999999999998, 0.58709999999999996, 0)	../fonts/zerothre.ttf	lower
1267642747818	1	FR_PRES	3	GRADUATE	653	0	1	913	(0.42259999999999998, 0.58709999999999996, 0)	../fonts/zerothre.ttf	lower
1267642751983	1	FR_PRES	3	COB	334	0	0	1076	(0.42259999999999998, 0.58709999999999996, 0)	../fonts/zerothre.ttf	lower
1267642755817	1	FR_PRES	3	PENDULUM	1043	0	1	1570	(0.42259999999999998, 0.58709999999999996, 0)	../fonts/zerothre.ttf	lower
1267642759924	1	FR_PRES	3	CAB	209	0	1	1119	(0.42259999999999998, 0.58709999999999996, 0)	../fonts/zerothre.ttf	lower
1267642763833	1	FR_PRES	3	LONDON	843	0	1	1162	(0.42259999999999998, 0.58709999999999996, 0)	../fonts/zerothre.ttf	lower
1267642767708	1	FR_PRES	3	BRACELET	163	0	0	1455	(0.42259999999999998, 0.58709999999999996, 0)	../fonts/zerothre.ttf	lower
1267642771583	1	FR_PRES	3	TRAIN	1494	0	1	1020	(0.42259999999999998, 0.58709999999999996, 0)	../fonts/zerothre.ttf	lower
1267642775649	1	FR_PRES	3	TREE	1502	0	1	1618	(0.42259999999999998, 0.58709999999999996, 0)	../fonts/zerothre.ttf	lower
1267642779665	1	FR_PRES	3	WILDERNESS	1610	0	1	1074	(0.42259999999999998, 0.58709999999999996, 0)	../fonts/zerothre.ttf	lower
1267642783565	1	FR_PRES	3	PATH	1023	0	1	862	(0.42259999999999998, 0.58709999999999996, 0)	../fonts/zerothre.ttf	lower
1267642787665	1	FR_PRES	3	NECKLACE	940	0	0	1106	(0.42259999999999998, 0.58709999999999996, 0)	../fonts/zerothre.ttf	lower
1267642791715	1	FR_PRES	3	BRAN	167	0	0	1207	(0.42259999999999998, 0.58709999999999996, 0)	../fonts/zerothre.ttf	lower
1267642795656	1	FR_PRES	3	ASIA	46	0	1	988	(0.42259999999999998, 0.58709999999999996, 0)	../fonts/zerothre.ttf	lower
1267642799556	1	FR_PRES	3	TOURIST	1488	0	1	831	(0.42259999999999998, 0.58709999999999996, 0)	../fonts/zerothre.ttf	lower
1267642805556	1	REC_START
1267642882841	0	REST
1267642884349	1	FR_PRES	4	PUBLICATION	1136	0	1	935	(0.42259999999999998, 0.58709999999999996, 0)	../fonts/zerothre.ttf	lower
1267642888333	1	FR_PRES	4	BACK	65	0	1	1222	(0.42259999999999998, 0.58709999999999996, 0)	../fonts/zerothre.ttf	lower
1267642892399	1	FR_PRES	4	PIER	1063	0	1	908	(0.42259999999999998, 0.58709999999999996, 0)	../fonts/zerothre.ttf	lower
1267642896465	1	FR_PRES	4	VINE	1568	0	1	1899	(0.42259999999999998, 0.58709999999999996, 0)	../fonts/zerothre.ttf	lower
1267642900523	1	FR_PRES	4	CINNAMON	310	0	0	1080	(0.42259999999999998, 0.58709999999999996, 0)	../fonts/zerothre.ttf	lower
1267642904473	1	FR_PRES	4	HERB	704	1	1	1595	(0.57740000000000002, 0.41289999999999999, 1.0)	../fonts/amplitud.ttf	upper
1267642908531	1	FR_PRES	4	HAY	693	1	0	1439	(0.57740000000000002, 0.41289999999999999, 1.0)	../fonts/amplitud.ttf	upper
1267642912714	1	FR_PRES	4	ABDOMEN	1	0	1	1018	(0.42259999999999998, 0.58709999999999996, 0)	../fonts/zerothre.ttf	lower
1267642916580	1	FR_PRES	4	OTTER	986	0	1	863	(0.42259999999999998, 0.58709999999999996, 0)	../fonts/zerothre.ttf	lower
1267642920688	1	FR_PRES	4	ATHLETE	52	0	1	843	(0.42259999999999998, 0.58709999999999996, 0)	../fonts/zerothre.ttf	lower
1267642924672	1	FR_PRES	4	PICNIC	1060	1	0	1258	(0.57740000000000002, 0.41289999999999999, 1.0)	../fonts/amplitud.ttf	upper
1267642928880	1	FR_PRES	4	SCALLOP	1242	1	1	1123	(0.57740000000000002, 0.41289999999999999, 1.0)	../fonts/amplitud.ttf	upper
1267642932713	1	FR_PRES	4	BASKETBALL	96	1	0	995	(0.57740000000000002, 0.41289999999999999, 1.0)	../fonts/amplitud.ttf	upper
1267642936887	1	FR_PRES	4	PITCHFORK	1078	1	0	932	(0.57740000000000002, 0.41289999999999999, 1.0)	../fonts/amplitud.ttf	upper
1267642941062	1	FR_PRES	4	PUPPY	1144	1	1	1325	(0.57740000000000002, 0.41289999999999999, 1.0)	../fonts/amplitud.ttf	upper
1267642945228	1	FR_PRES	4	BONE	148	1	0	1152	(0.57740000000000002, 0.41289999999999999, 1.0)	../fonts/amplitud.ttf	upper
1267642951220	1	REC_START
1267643027648	0	REST
1267643029147	1	FR_PRES	5	CAP	236	0	0	1112	(0.42259999999999998, 0.58709999999999996, 0)	../fonts/zerothre.ttf	lower
1267643033039	1	FR_PRES	5	REEF	1177	0	1	813	(0.42259999999999998, 0.58709999999999996, 0)	../fonts/zerothre.ttf	lower
1267643037022	1	FR_PRES	5	RAFT	1159	1	0	990	(0.57740000000000002, 0.41289999999999999, 1.0)	../fonts/amplitud.ttf	upper
1267643040838	1	FR_PRES	5	CHICK	296	1	1	1198	(0.57740000000000002, 0.41289999999999999, 1.0)	../fonts/amplitud.ttf	upper
1267643044754	1	FR_PRES	5	CHEF	290	1	1	994	(0.57740000000000002, 0.41289999999999999, 1.0)	../fonts/amplitud.ttf	upper
1267643048796	1	FR_PRES	5	TREAD	1499	1	0	888	(0.57740000000000002, 0.41289999999999999, 1.0)	../fonts/amplitud.ttf	upper
1267643052986	1	FR_PRES	5	FAUCET	555	0	1	1497	(0.42259999999999998, 0.58709999999999996, 0)	../fonts/zerothre.ttf	lower
1267643057029	1	FR_PRES	5	SHELF	1280	0	1	901	(0.42259999999999998, 0.58709999999999996, 0)	../fonts/zerothre.ttf	lower
1267643060862	1	FR_PRES	5	VAULT	1550	0	1	902	(0.42259999999999998, 0.58709999999999996, 0)	../fonts/zerothre.ttf	lower
1267643064795	1	FR_PRES	5	CUSTOMER	430	1	1	953	(0.57740000000000002, 0.41289999999999999, 1.0)	../fonts/amplitud.ttf	upper
1267643068943	1	FR_PRES	5	PROTON	1132	1	0	1893	(0.57740000000000002, 0.41289999999999999, 1.0)	../fonts/amplitud.ttf	upper
1267643073052	1	FR_PRES	5	ROOF	1205	1	0	1072	(0.57740000000000002, 0.41289999999999999, 1.0)	../fonts/amplitud.ttf	upper
1267643077036	1	FR_PRES	5	TOASTER	1472	1	0	1024	(0.57740000000000002, 0.41289999999999999, 1.0)	../fonts/amplitud.ttf	upper
1267643080885	1	FR_PRES	5	MAN	862	0	1	1638	(0.42259999999999998, 0.58709999999999996, 0)	../fonts/zerothre.ttf	lower
1267643085010	1	FR_PRES	5	PLATE	1086	0	1	1242	(0.42259999999999998, 0.58709999999999996, 0)	../fonts/zerothre.ttf	lower
1267643088975	1	FR_PRES	5	ELECTRON	522	0	2	1173	(0.42259999999999998, 0.58709999999999996, 0)	../fonts/zerothre.ttf	lower
1267643090176	1	KEY_MSG
1267643094593	1	REC_START
1267643171320	0	REST
1267643172829	1	FR_PRES	6	PELT	1040	-1	-1	-1267643172829	white	../fonts/Verdana.ttf	upper
1267643176737	1	FR_PRES	6	BUREAU	199	-1	-1	-1267643176737	white	../fonts/Verdana.ttf	upper
1267643180695	1	FR_PRES	6	TIMBER	1469	-1	-1	-1267643180695	white	../fonts/Verdana.ttf	upper
1267643184711	1	FR_PRES	6	NOMAD	955	-1	-1	-1267643184711	white	../fonts/Verdana.ttf	upper
1267643188901	1	FR_PRES	6	CHAIN	273	-1	-1	-1267643188901	white	../fonts/Verdana.ttf	upper
1267643192844	1	FR_PRES	6	ELM	527	-1	-1	-1267643192844	white	../fonts/Verdana.ttf	upper
1267643196794	1	FR_PRES	6	PRISON	1127	-1	-1	-1267643196794	white	../fonts/Verdana.ttf	upper
1267643200668	1	FR_PRES	6	BAIT	70	-1	-1	-1267643200668	white	../fonts/Verdana.ttf	upper
1267643204618	1	FR_PRES	6	SHARK	1275	-1	-1	-1267643204618	white	../fonts/Verdana.ttf	upper
1267643208818	1	FR_PRES	6	SHEET	1279	-1	-1	-1267643208818	white	../fonts/Verdana.ttf	upper
1267643212966	1	FR_PRES	6	CRATER	400	-1	-1	-1267643212966	white	../fonts/Verdana.ttf	upper
1267643216966	1	FR_PRES	6	ACTRESS	6	-1	-1	-1267643216966	white	../fonts/Verdana.ttf	upper
1267643221042	1	FR_PRES	6	FILM	565	-1	-1	-1267643221042	white	../fonts/Verdana.ttf	upper
1267643225100	1	FR_PRES	6	OUTFIT	988	-1	-1	-1267643225100	white	../fonts/Verdana.ttf	upper
1267643229299	1	FR_PRES	6	KNUCKLE	789	-1	-1	-1267643229299	white	../fonts/Verdana.ttf	upper
1267643233416	1	FR_PRES	6	DOORBELL	487	-1	-1	-1267643233416	white	../fonts/Verdana.ttf	upper
1267643239283	1	REC_START
1267643317718	0	REST
1267643319226	1	FR_PRES	7	REINDEER	1181	1	1	1026	(0.57740000000000002, 0.41289999999999999, 1.0)	../fonts/amplitud.ttf	upper
1267643323393	1	FR_PRES	7	BOMB	147	1	0	891	(0.57740000000000002, 0.41289999999999999, 1.0)	../fonts/amplitud.ttf	upper
1267643327542	1	FR_PRES	7	GOWN	652	0	1	1166	(0.42259999999999998, 0.58709999999999996, 0)	../fonts/zerothre.ttf	lower
1267643331584	1	FR_PRES	7	CAGE	218	0	1	924	(0.42259999999999998, 0.58709999999999996, 0)	../fonts/zerothre.ttf	lower
1267643335558	1	FR_PRES	7	FOE	587	0	1	1078	(0.42259999999999998, 0.58709999999999996, 0)	../fonts/zerothre.ttf	lower
1267643339591	1	FR_PRES	7	SALMON	1227	0	1	1557	(0.42259999999999998, 0.58709999999999996, 0)	../fonts/zerothre.ttf	lower
1267643343566	1	FR_PRES	7	ELF	525	1	1	1206	(0.57740000000000002, 0.41289999999999999, 1.0)	../fonts/amplitud.ttf	upper
1267643347408	1	FR_PRES	7	JACKET	747	1	0	1284	(0.57740000000000002, 0.41289999999999999, 1.0)	../fonts/amplitud.ttf	upper
1267643351299	1	FR_PRES	7	IRON	744	1	0	1433	(0.57740000000000002, 0.41289999999999999, 1.0)	../fonts/amplitud.ttf	upper
1267643355215	1	FR_PRES	7	ATTIRE	57	1	0	981	(0.57740000000000002, 0.41289999999999999, 1.0)	../fonts/amplitud.ttf	upper
1267643359082	1	FR_PRES	7	BULLET	194	1	0	1154	(0.57740000000000002, 0.41289999999999999, 1.0)	../fonts/amplitud.ttf	upper
1267643362997	1	FR_PRES	7	GANGSTER	620	1	0	1807	(0.57740000000000002, 0.41289999999999999, 1.0)	../fonts/amplitud.ttf	upper
1267643367156	1	FR_PRES	7	MILDEW	893	0	0	2048	(0.42259999999999998, 0.58709999999999996, 0)	../fonts/zerothre.ttf	lower
1267643370997	1	FR_PRES	7	MOUSE	925	0	0	1735	(0.42259999999999998, 0.58709999999999996, 0)	../fonts/zerothre.ttf	lower
1267643374996	1	FR_PRES	7	HAWK	692	0	1	975	(0.42259999999999998, 0.58709999999999996, 0)	../fonts/zerothre.ttf	lower
1267643378971	1	FR_PRES	7	CROW	414	0	1	1153	(0.42259999999999998, 0.58709999999999996, 0)	../fonts/zerothre.ttf	lower
1267643384714	1	REC_START
1267643461358	0	REST
1267643462866	1	FR_PRES	8	ROOT	1210	0	0	946	(0.42259999999999998, 0.58709999999999996, 0)	../fonts/zerothre.ttf	lower
1267643467049	1	FR_PRES	8	CABBAGE	210	0	1	1107	(0.42259999999999998, 0.58709999999999996, 0)	../fonts/zerothre.ttf	lower
1267643470874	1	FR_PRES	8	SKIRT	1319	0	1	1642	(0.42259999999999998, 0.58709999999999996, 0)	../fonts/zerothre.ttf	lower
1267643474865	1	FR_PRES	8	TANK	1432	0	1	994	(0.42259999999999998, 0.58709999999999996, 0)	../fonts/zerothre.ttf	lower
1267643479040	1	FR_PRES	8	VENT	1556	0	1	1036	(0.42259999999999998, 0.58709999999999996, 0)	../fonts/zerothre.ttf	lower
1267643483014	1	FR_PRES	8	BALLOON	75	0	1	1262	(0.42259999999999998, 0.58709999999999996, 0)	../fonts/zerothre.ttf	lower
1267643486872	1	FR_PRES	8	RECIPE	1175	0	0	1524	(0.42259999999999998, 0.58709999999999996, 0)	../fonts/zerothre.ttf	lower
1267643491022	1	FR_PRES	8	MANSION	864	0	1	1094	(0.42259999999999998, 0.58709999999999996, 0)	../fonts/zerothre.ttf	lower
1267643494954	1	FR_PRES	8	STAPLER	1372	0	0	1314	(0.42259999999999998, 0.58709999999999996, 0)	../fonts/zerothre.ttf	lower
1267643498797	1	FR_PRES	8	BRIEFCASE	175	0	1	1399	(0.42259999999999998, 0.58709999999999996, 0)	../fonts/zerothre.ttf	lower
1267643502613	1	FR_PRES	8	TUXEDO	1525	0	1	999	(0.42259999999999998, 0.58709999999999996, 0)	../fonts/zerothre.ttf	lower
1267643506738	1	FR_PRES	8	LUGGAGE	847	0	1	898	(0.42259999999999998, 0.58709999999999996, 0)	../fonts/zerothre.ttf	lower
1267643510903	1	FR_PRES	8	BUS	201	0	1	1589	(0.42259999999999998, 0.58709999999999996, 0)	../fonts/zerothre.ttf	lower
1267643514795	1	FR_PRES	8	PATRIOT	1026	0	1	937	(0.42259999999999998, 0.58709999999999996, 0)	../fonts/zerothre.ttf	lower
1267643518645	1	FR_PRES	8	FRAGRANCE	599	0	0	1103	(0.42259999999999998, 0.58709999999999996, 0)	../fonts/zerothre.ttf	lower
1267643522645	1	FR_PRES	8	SIDING	1304	0	1	1239	(0.42259999999999998, 0.58709999999999996, 0)	../fonts/zerothre.ttf	lower
1267643528437	1	REC_START
1267643605322	0	REST
1267643606830	1	FR_PRES	9	BARTENDER	92	-1	-1	-1267643606830	white	../fonts/Verdana.ttf	upper
1267643610880	1	FR_PRES	9	BUFFALO	186	-1	-1	-1267643610880	white	../fonts/Verdana.ttf	upper
1267643614880	1	FR_PRES	9	SCALPEL	1243	-1	-1	-1267643614880	white	../fonts/Verdana.ttf	upper
1267643618855	1	FR_PRES	9	STETHOSCOPE	1379	-1	-1	-1267643618855	white	../fonts/Verdana.ttf	upper
1267643622738	1	FR_PRES	9	DIAGRAM	456	-1	-1	-1267643622738	white	../fonts/Verdana.ttf	upper
1267643626887	1	FR_PRES	9	RECORD	1176	-1	-1	-1267643626887	white	../fonts/Verdana.ttf	upper
1267643630737	1	FR_PRES	9	SNORKEL	1336	-1	-1	-1267643630737	white	../fonts/Verdana.ttf	upper
1267643634737	1	FR_PRES	9	CHISEL	305	-1	-1	-1267643634737	white	../fonts/Verdana.ttf	upper
1267643638836	1	FR_PRES	9	CLIPPERS	324	-1	-1	-1267643638836	white	../fonts/Verdana.ttf	upper
1267643642694	1	FR_PRES	9	PAINT	1003	-1	-1	-1267643642694	white	../fonts/Verdana.ttf	upper
1267643646694	1	FR_PRES	9	DRYER	503	-1	-1	-1267643646694	white	../fonts/Verdana.ttf	upper
1267643650844	1	FR_PRES	9	BRIDGE	174	-1	-1	-1267643650844	white	../fonts/Verdana.ttf	upper
1267643654951	1	FR_PRES	9	CALF	222	-1	-1	-1267643654951	white	../fonts/Verdana.ttf	upper
1267643658892	1	FR_PRES	9	THRONE	1461	-1	-1	-1267643658892	white	../fonts/Verdana.ttf	upper
1267643663010	1	FR_PRES	9	PORCUPINE	1107	-1	-1	-1267643663010	white	../fonts/Verdana.ttf	upper
1267643667043	1	FR_PRES	9	RIBBON	1189	-1	-1	-1267643667043	white	../fonts/Verdana.ttf	upper
1267643672843	1	REC_START
1267643753070	0	REST
1267643754578	1	FR_PRES	10	DICTATOR	462	1	1	922	(0.57740000000000002, 0.41289999999999999, 1.0)	../fonts/amplitud.ttf	upper
1267643758619	1	FR_PRES	10	ANIMAL	23	1	1	809	(0.57740000000000002, 0.41289999999999999, 1.0)	../fonts/amplitud.ttf	upper
1267643762786	1	FR_PRES	10	DOG	480	1	1	794	(0.57740000000000002, 0.41289999999999999, 1.0)	../fonts/amplitud.ttf	upper
1267643766685	1	FR_PRES	10	HIGHWAY	707	1	0	1047	(0.57740000000000002, 0.41289999999999999, 1.0)	../fonts/amplitud.ttf	upper
1267643770735	1	FR_PRES	10	JOURNAL	760	1	0	869	(0.57740000000000002, 0.41289999999999999, 1.0)	../fonts/amplitud.ttf	upper
1267643774877	1	FR_PRES	10	OPERATOR	979	1	1	1543	(0.57740000000000002, 0.41289999999999999, 1.0)	../fonts/amplitud.ttf	upper
1267643779035	1	FR_PRES	10	TURTLE	1522	1	1	1033	(0.57740000000000002, 0.41289999999999999, 1.0)	../fonts/amplitud.ttf	upper
1267643783143	1	FR_PRES	10	TORTOISE	1486	1	1	1109	(0.57740000000000002, 0.41289999999999999, 1.0)	../fonts/amplitud.ttf	upper
1267643787334	1	FR_PRES	10	BUSH	202	1	0	1142	(0.57740000000000002, 0.41289999999999999, 1.0)	../fonts/amplitud.ttf	upper
1267643791175	1	FR_PRES	10	ESSAY	540	1	0	829	(0.57740000000000002, 0.41289999999999999, 1.0)	../fonts/amplitud.ttf	upper
1267643795158	1	FR_PRES	10	MEAT	883	1	0	1222	(0.57740000000000002, 0.41289999999999999, 1.0)	../fonts/amplitud.ttf	upper
1267643799175	1	FR_PRES	10	BEAN	105	1	0	1429	(0.57740000000000002, 0.41289999999999999, 1.0)	../fonts/amplitud.ttf	upper
1267643803383	1	FR_PRES	10	COIN	343	1	0	1253	(0.57740000000000002, 0.41289999999999999, 1.0)	../fonts/amplitud.ttf	upper
1267643807591	1	FR_PRES	10	EGG	518	1	0	893	(0.57740000000000002, 0.41289999999999999, 1.0)	../fonts/amplitud.ttf	upper
1267643811466	1	FR_PRES	10	SOCIETY	1338	1	1	1090	(0.57740000000000002, 0.41289999999999999, 1.0)	../fonts/amplitud.ttf	upper
1267643815282	1	FR_PRES	10	MESSAGE	888	1	0	930	(0.57740000000000002, 0.41289999999999999, 1.0)	../fonts/amplitud.ttf	upper
1267643820931	1	REC_START
1267643902292	0	REST
1267643903801	1	FR_PRES	11	GRASSHOPPER	656	1	1	939	(0.57740000000000002, 0.41289999999999999, 1.0)	../fonts/amplitud.ttf	upper
1267643907834	1	FR_PRES	11	ANT	25	1	1	706	(0.57740000000000002, 0.41289999999999999, 1.0)	../fonts/amplitud.ttf	upper
1267643911808	1	FR_PRES	11	CUSHION	428	1	0	788	(0.57740000000000002, 0.41289999999999999, 1.0)	../fonts/amplitud.ttf	upper
1267643915990	1	FR_PRES	11	POTATO	1115	1	0	854	(0.57740000000000002, 0.41289999999999999, 1.0)	../fonts/amplitud.ttf	upper
1267643920091	1	FR_PRES	11	FRIEND	606	1	1	888	(0.57740000000000002, 0.41289999999999999, 1.0)	../fonts/amplitud.ttf	upper
1267643924257	1	FR_PRES	11	CAULIFLOWER	262	1	0	843	(0.57740000000000002, 0.41289999999999999, 1.0)	../fonts/amplitud.ttf	upper
1267643928174	1	FR_PRES	11	PLIERS	1089	1	0	846	(0.57740000000000002, 0.41289999999999999, 1.0)	../fonts/amplitud.ttf	upper
1267643932157	1	FR_PRES	11	CAKE	219	1	0	774	(0.57740000000000002, 0.41289999999999999, 1.0)	../fonts/amplitud.ttf	upper
1267643936023	1	FR_PRES	11	MONGOOSE	909	1	1	989	(0.57740000000000002, 0.41289999999999999, 1.0)	../fonts/amplitud.ttf	upper
1267643940015	1	FR_PRES	11	NICKEL	950	1	0	853	(0.57740000000000002, 0.41289999999999999, 1.0)	../fonts/amplitud.ttf	upper
1267643943864	1	FR_PRES	11	CANAL	226	1	0	1172	(0.57740000000000002, 0.41289999999999999, 1.0)	../fonts/amplitud.ttf	upper
1267643947889	1	FR_PRES	11	POOL	1103	1	0	963	(0.57740000000000002, 0.41289999999999999, 1.0)	../fonts/amplitud.ttf	upper
1267643951839	1	FR_PRES	11	STAKE	1368	1	0	1349	(0.57740000000000002, 0.41289999999999999, 1.0)	../fonts/amplitud.ttf	upper
1267643955747	1	FR_PRES	11	TURNIP	1521	1	1	1577	(0.57740000000000002, 0.41289999999999999, 1.0)	../fonts/amplitud.ttf	upper
1267643959904	1	FR_PRES	11	COMPANION	357	1	1	980	(0.57740000000000002, 0.41289999999999999, 1.0)	../fonts/amplitud.ttf	upper
1267643963995	1	FR_PRES	11	BAY	102	1	0	785	(0.57740000000000002, 0.41289999999999999, 1.0)	../fonts/amplitud.ttf	upper
1267643969830	1	REC_START
1267644045424	1	REST
1267644461368	1	FR_PRES	12	MARS	873	1	0	1516	(0.57740000000000002, 0.41289999999999999, 1.0)	../fonts/amplitud.ttf	upper
1267644465551	1	FR_PRES	12	SALT	1229	1	0	853	(0.57740000000000002, 0.41289999999999999, 1.0)	../fonts/amplitud.ttf	upper
1267644469526	1	FR_PRES	12	ARTERY	41	1	1	1246	(0.57740000000000002, 0.41289999999999999, 1.0)	../fonts/amplitud.ttf	upper
1267644473351	1	FR_PRES	12	BARREL	91	1	0	1325	(0.57740000000000002, 0.41289999999999999, 1.0)	../fonts/amplitud.ttf	upper
1267644477292	1	FR_PRES	12	EAGLE	512	1	1	760	(0.57740000000000002, 0.41289999999999999, 1.0)	../fonts/amplitud.ttf	upper
1267644481225	1	FR_PRES	12	SHACK	1273	1	0	939	(0.57740000000000002, 0.41289999999999999, 1.0)	../fonts/amplitud.ttf	upper
1267644485350	1	FR_PRES	12	BALCONY	72	1	0	1102	(0.57740000000000002, 0.41289999999999999, 1.0)	../fonts/amplitud.ttf	upper
1267644489458	1	FR_PRES	12	CLOVE	329	1	0	1154	(0.57740000000000002, 0.41289999999999999, 1.0)	../fonts/amplitud.ttf	upper
1267644493383	1	FR_PRES	12	KIDNEY	776	1	1	965	(0.57740000000000002, 0.41289999999999999, 1.0)	../fonts/amplitud.ttf	upper
1267644497433	1	FR_PRES	12	SERPENT	1270	1	1	1083	(0.57740000000000002, 0.41289999999999999, 1.0)	../fonts/amplitud.ttf	upper
1267644501382	1	FR_PRES	12	OCTOPUS	971	1	1	838	(0.57740000000000002, 0.41289999999999999, 1.0)	../fonts/amplitud.ttf	upper
1267644505574	1	FR_PRES	12	SWIMMER	1420	1	1	966	(0.57740000000000002, 0.41289999999999999, 1.0)	../fonts/amplitud.ttf	upper
1267644509540	1	FR_PRES	12	BRUNETTE	181	1	1	1112	(0.57740000000000002, 0.41289999999999999, 1.0)	../fonts/amplitud.ttf	upper
1267644513390	1	FR_PRES	12	COMB	351	1	0	1102	(0.57740000000000002, 0.41289999999999999, 1.0)	../fonts/amplitud.ttf	upper
1267644517239	1	FR_PRES	12	GOAT	644	1	1	941	(0.57740000000000002, 0.41289999999999999, 1.0)	../fonts/amplitud.ttf	upper
1267644521156	1	FR_PRES	12	SWEATER	1419	1	0	848	(0.57740000000000002, 0.41289999999999999, 1.0)	../fonts/amplitud.ttf	upper
1267644526848	1	REC_START
1267644603475	0	REST
1267644604982	1	FR_PRES	13	HAMBURGER	679	0	1	957	(0.42259999999999998, 0.58709999999999996, 0)	../fonts/zerothre.ttf	lower
1267644608883	1	FR_PRES	13	SUBWAY	1400	0	1	849	(0.42259999999999998, 0.58709999999999996, 0)	../fonts/zerothre.ttf	lower
1267644612799	1	FR_PRES	13	DAGGER	434	0	0	1108	(0.42259999999999998, 0.58709999999999996, 0)	../fonts/zerothre.ttf	lower
1267644616757	1	FR_PRES	13	CUBE	420	0	0	1206	(0.42259999999999998, 0.58709999999999996, 0)	../fonts/zerothre.ttf	lower
1267644620931	1	FR_PRES	13	RADIO	1157	0	1	1337	(0.42259999999999998, 0.58709999999999996, 0)	../fonts/zerothre.ttf	lower
1267644624897	1	FR_PRES	13	MOTORCYCLE	923	0	1	1203	(0.42259999999999998, 0.58709999999999996, 0)	../fonts/zerothre.ttf	lower
1267644628881	1	FR_PRES	13	SILVERWARE	1308	0	1	1859	(0.42259999999999998, 0.58709999999999996, 0)	../fonts/zerothre.ttf	lower
1267644632839	1	FR_PRES	13	PIANO	1057	0	1	869	(0.42259999999999998, 0.58709999999999996, 0)	../fonts/zerothre.ttf	lower
1267644637022	1	FR_PRES	13	LOUNGE	845	0	1	893	(0.42259999999999998, 0.58709999999999996, 0)	../fonts/zerothre.ttf	lower
1267644640996	1	FR_PRES	13	KEG	770	0	1	1120	(0.42259999999999998, 0.58709999999999996, 0)	../fonts/zerothre.ttf	lower
1267644645097	1	FR_PRES	13	CROWN	415	0	0	1123	(0.42259999999999998, 0.58709999999999996, 0)	../fonts/zerothre.ttf	lower
1267644648970	1	FR_PRES	13	NAVIGATOR	938	0	1	1442	(0.42259999999999998, 0.58709999999999996, 0)	../fonts/zerothre.ttf	lower
1267644653055	1	FR_PRES	13	KLEENEX	782	0	0	1565	(0.42259999999999998, 0.58709999999999996, 0)	../fonts/zerothre.ttf	lower
1267644656879	1	FR_PRES	13	RESTAURANT	1187	0	1	733	(0.42259999999999998, 0.58709999999999996, 0)	../fonts/zerothre.ttf	lower
1267644660846	1	FR_PRES	13	COOKBOOK	373	0	0	1230	(0.42259999999999998, 0.58709999999999996, 0)	../fonts/zerothre.ttf	lower
1267644665045	1	FR_PRES	13	RATTLE	1170	0	1	1431	(0.42259999999999998, 0.58709999999999996, 0)	../fonts/zerothre.ttf	lower
1267644670804	1	REC_START
1267644746881	0	REST
1267644748389	1	FR_PRES	14	BATHTUB	100	-1	-1	-1267644748389	white	../fonts/Verdana.ttf	upper
1267644752197	1	FR_PRES	14	BEAVER	109	-1	-1	-1267644752197	white	../fonts/Verdana.ttf	upper
1267644756305	1	FR_PRES	14	SEAFOOD	1260	-1	-1	-1267644756305	white	../fonts/Verdana.ttf	upper
1267644760405	1	FR_PRES	14	LOLLIPOP	842	-1	-1	-1267644760405	white	../fonts/Verdana.ttf	upper
1267644764446	1	FR_PRES	14	PASTRY	1022	-1	-1	-1267644764446	white	../fonts/Verdana.ttf	upper
1267644768521	1	FR_PRES	14	SICKLE	1302	-1	-1	-1267644768521	white	../fonts/Verdana.ttf	upper
1267644772438	1	FR_PRES	14	FRIAR	605	-1	-1	-1267644772438	white	../fonts/Verdana.ttf	upper
1267644776421	1	FR_PRES	14	SQUID	1361	-1	-1	-1267644776421	white	../fonts/Verdana.ttf	upper
1267644780404	1	FR_PRES	14	PLAYGROUND	1087	-1	-1	-1267644780404	white	../fonts/Verdana.ttf	upper
1267644784262	1	FR_PRES	14	COBRA	336	-1	-1	-1267644784262	white	../fonts/Verdana.ttf	upper
1267644788103	1	FR_PRES	14	CREEK	404	-1	-1	-1267644788103	white	../fonts/Verdana.ttf	upper
1267644792144	1	FR_PRES	14	STAFF	1365	-1	-1	-1267644792144	white	../fonts/Verdana.ttf	upper
1267644796003	1	FR_PRES	14	MOUNTAIN	924	-1	-1	-1267644796003	white	../fonts/Verdana.ttf	upper
1267644800002	1	FR_PRES	14	CLIMBER	323	-1	-1	-1267644800002	white	../fonts/Verdana.ttf	upper
1267644803951	1	FR_PRES	14	WORM	1623	-1	-1	-1267644803951	white	../fonts/Verdana.ttf	upper
1267644808035	1	FR_PRES	14	PEANUT	1032	-1	-1	-1267644808035	white	../fonts/Verdana.ttf	upper
1267644813660	1	REC_START
1267644889854	0	REST
1267644891362	1	FR_PRES	15	HUSBAND	728	1	1	946	(0.57740000000000002, 0.41289999999999999, 1.0)	../fonts/amplitud.ttf	upper
1267644895245	1	FR_PRES	15	WAGON	1578	1	0	710	(0.57740000000000002, 0.41289999999999999, 1.0)	../fonts/amplitud.ttf	upper
1267644899145	1	FR_PRES	15	CARAVAN	242	0	1	1275	(0.42259999999999998, 0.58709999999999996, 0)	../fonts/zerothre.ttf	lower
1267644903311	1	FR_PRES	15	RADIATOR	1156	0	1	1013	(0.42259999999999998, 0.58709999999999996, 0)	../fonts/zerothre.ttf	lower
1267644907303	1	FR_PRES	15	WHEEL	1603	0	1	1389	(0.42259999999999998, 0.58709999999999996, 0)	../fonts/zerothre.ttf	lower
1267644911202	1	FR_PRES	15	TIGER	1467	0	1	970	(0.42259999999999998, 0.58709999999999996, 0)	../fonts/zerothre.ttf	lower
1267644915302	1	FR_PRES	15	VEGETABLE	1552	0	0	990	(0.42259999999999998, 0.58709999999999996, 0)	../fonts/zerothre.ttf	lower
1267644919335	1	FR_PRES	15	DOLL	481	0	1	1517	(0.42259999999999998, 0.58709999999999996, 0)	../fonts/zerothre.ttf	lower
1267644923477	1	FR_PRES	15	ARCHITECT	36	1	1	1079	(0.57740000000000002, 0.41289999999999999, 1.0)	../fonts/amplitud.ttf	upper
1267644927585	1	FR_PRES	15	FRUIT	610	1	1	1571	(0.57740000000000002, 0.41289999999999999, 1.0)	../fonts/amplitud.ttf	upper
1267644931534	1	FR_PRES	15	CAPTAIN	239	1	1	966	(0.57740000000000002, 0.41289999999999999, 1.0)	../fonts/amplitud.ttf	upper
1267644935359	1	FR_PRES	15	SPOUSE	1358	0	1	1269	(0.42259999999999998, 0.58709999999999996, 0)	../fonts/zerothre.ttf	lower
1267644939300	1	FR_PRES	15	SHEPHERD	1283	0	1	1208	(0.42259999999999998, 0.58709999999999996, 0)	../fonts/zerothre.ttf	lower
1267644943192	1	FR_PRES	15	CRAB	397	1	1	1779	(0.57740000000000002, 0.41289999999999999, 1.0)	../fonts/amplitud.ttf	upper
1267644947308	1	FR_PRES	15	JEWEL	757	1	0	1160	(0.57740000000000002, 0.41289999999999999, 1.0)	../fonts/amplitud.ttf	upper
1267644951408	1	FR_PRES	15	WALRUS	1585	1	1	980	(0.57740000000000002, 0.41289999999999999, 1.0)	../fonts/amplitud.ttf	upper
1267644957125	1	REC_START
1267645046018	0	FFR_START
1267645051643	1	REC_START
1267645369186	0	RECOG_START
1267645369187	1	REC_START
1267645369219	0	RECOG_PRES	0	KING	777	-999	P	2361
1267645371951	0	RECOG_CR_PRES	0	KING	777	-999	P	797
1267645373127	1	RECOG_FEEDBACK	0
1267645373918	0	RECOG_PRES	0	LABYRINTH	791	-999	P	1222
1267645375510	0	RECOG_CR_PRES	0	LABYRINTH	791	-999	P	641
1267645376519	1	RECOG_FEEDBACK	1
1267645377244	0	RECOG_PRES	0	BUREAU	199	-999	P	2848
1267645380468	0	RECOG_CR_PRES	0	BUREAU	199	-999	P	519
1267645381368	1	RECOG_FEEDBACK	1
1267645382160	0	RECOG_PRES	0	SUBWAY	1400	-999	P	924
1267645383460	0	RECOG_CR_PRES	0	SUBWAY	1400	-999	P	600
1267645384385	1	RECOG_FEEDBACK	1
1267645385118	0	RECOG_PRES	0	HIGHWAY	707	-999	P	1038
1267645386526	0	RECOG_CR_PRES	0	HIGHWAY	707	-999	P	486
1267645387335	1	RECOG_FEEDBACK	1
1267645388060	0	RECOG_PRES	0	BAY	102	-999	P	1008
1267645389434	0	RECOG_CR_PRES	0	BAY	102	-999	P	505
1267645390251	1	RECOG_FEEDBACK	1
1267645390992	0	RECOG_PRES	0	SIDING	1304	-999	P	1196
1267645392559	0	RECOG_CR_PRES	0	SIDING	1304	-999	P	517
1267645393409	1	RECOG_FEEDBACK	1
1267645394126	0	RECOG_PRES	0	LABEL	790	-999	P	1182
1267645395684	0	RECOG_CR_PRES	0	LABEL	790	-999	P	496
1267645396501	1	RECOG_FEEDBACK	1
1267645397234	0	RECOG_PRES	0	CAB	209	-999	P	850
1267645398459	0	RECOG_CR_PRES	0	CAB	209	-999	P	488
1267645399250	1	RECOG_FEEDBACK	1
1267645400017	0	RECOG_PRES	0	MAN	862	-999	P	1123
1267645401509	0	RECOG_CR_PRES	0	MAN	862	-999	P	438
1267645402275	1	RECOG_FEEDBACK	0
1267645403017	0	RECOG_PRES	0	COOKIE	374	-999	P	995
1267645404383	0	RECOG_CR_PRES	0	COOKIE	374	-999	P	437
1267645405133	1	RECOG_FEEDBACK	1
1267645405941	0	RECOG_PRES	0	BUFFALO	186	-999	P	831
1267645407142	0	RECOG_CR_PRES	0	BUFFALO	186	-999	P	590
1267645408075	1	RECOG_FEEDBACK	1
1267645408833	0	RECOG_PRES	0	RECIPE	1175	-999	P	849
1267645410083	0	RECOG_CR_PRES	0	RECIPE	1175	-999	P	553
1267645410940	1	RECOG_FEEDBACK	1
1267645411666	0	RECOG_PRES	0	DICTATOR	462	-999	P	906
1267645412940	0	RECOG_CR_PRES	0	DICTATOR	462	-999	P	520
1267645413783	1	RECOG_FEEDBACK	1
1267645414574	0	RECOG_PRES	0	RECORD	1176	-999	P	2718
1267645417657	0	RECOG_CR_PRES	0	RECORD	1176	-999	P	475
1267645418516	1	RECOG_FEEDBACK	1
1267645419291	0	RECOG_PRES	0	TERMITE	1451	-999	P	1009
1267645420674	0	RECOG_CR_PRES	0	TERMITE	1451	-999	P	450
1267645421449	1	RECOG_FEEDBACK	0
1267645422174	0	RECOG_PRES	0	CROWN	415	-999	P	882
1267645423457	0	RECOG_CR_PRES	0	CROWN	415	-999	P	490
1267645424257	1	RECOG_FEEDBACK	1
1267645425015	0	RECOG_PRES	0	CLIMBER	323	-999	P	884
1267645426265	0	RECOG_CR_PRES	0	CLIMBER	323	-999	P	642
1267645427232	1	RECOG_FEEDBACK	1
1267645427981	0	RECOG_PRES	0	ESSAY	540	-999	P	858
1267645429240	0	RECOG_CR_PRES	0	ESSAY	540	-999	P	452
1267645430015	1	RECOG_FEEDBACK	1
1267645430773	0	RECOG_PRES	0	CARAVAN	242	-999	P	815
1267645431955	0	RECOG_CR_PRES	0	CARAVAN	242	-999	P	521
1267645432790	1	RECOG_FEEDBACK	1
1267645434590	0	REST
1267645435646	1	REC_START
1267645435681	0	RECOG_PRES	1	DRIVEWAY	500	-999	P	1619
1267645437673	0	RECOG_CR_PRES	1	DRIVEWAY	500	-999	P	379
1267645438389	1	RECOG_FEEDBACK	1
1267645439122	0	RECOG_PRES	1	MESSAGE	888	-999	P	785
1267645440272	0	RECOG_CR_PRES	1	MESSAGE	888	-999	P	428
1267645441022	1	RECOG_FEEDBACK	1
1267645441731	0	RECOG_PRES	1	REINDEER	1181	-999	P	401
1267645442506	0	RECOG_CR_PRES	1	REINDEER	1181	-999	P	754
1267645443489	1	RECOG_FEEDBACK	-1
1267645444289	0	RECOG_PRES	1	COCOON	339	-999	P	1331
1267645445988	0	RECOG_CR_PRES	1	COCOON	339	-999	P	520
1267645446839	1	RECOG_FEEDBACK	1
1267645447639	0	RECOG_PRES	1	EUROPE	541	-999	P	1125
1267645449138	0	RECOG_CR_PRES	1	EUROPE	541	-999	P	626
1267645450097	1	RECOG_FEEDBACK	1
1267645450872	0	RECOG_PRES	1	TURNIP	1521	-999	P	868
1267645452113	0	RECOG_CR_PRES	1	TURNIP	1521	-999	P	539
1267645452979	1	RECOG_FEEDBACK	1
1267645453780	0	RECOG_PRES	1	IRON	744	-999	P	832
1267645454987	0	RECOG_CR_PRES	1	IRON	744	-999	P	521
1267645455830	1	RECOG_FEEDBACK	1
1267645456596	0	RECOG_PRES	1	POOL	1103	-999	P	840
1267645457805	0	RECOG_CR_PRES	1	POOL	1103	-999	P	535
1267645458663	1	RECOG_FEEDBACK	1
1267645459421	0	RECOG_PRES	1	ACTRESS	6	-999	P	849
1267645460671	0	RECOG_CR_PRES	1	ACTRESS	6	-999	P	533
1267645461521	1	RECOG_FEEDBACK	1
1267645462338	0	RECOG_PRES	1	FRUIT	610	-999	P	790
1267645463529	0	RECOG_CR_PRES	1	FRUIT	610	-999	P	483
1267645464337	1	RECOG_FEEDBACK	1
1267645465129	0	RECOG_PRES	1	MANSION	864	-999	P	810
1267645466304	0	RECOG_CR_PRES	1	MANSION	864	-999	P	611
1267645467237	1	RECOG_FEEDBACK	1
1267645467978	0	RECOG_PRES	1	SERPENT	1270	-999	P	786
1267645469137	0	RECOG_CR_PRES	1	SERPENT	1270	-999	P	563
1267645470012	1	RECOG_FEEDBACK	1
1267645470729	0	RECOG_PRES	1	CLIPPERS	324	-999	P	763
1267645471862	0	RECOG_CR_PRES	1	CLIPPERS	324	-999	P	566
1267645472753	1	RECOG_FEEDBACK	1
1267645473537	0	RECOG_PRES	1	BONE	148	-999	P	1003
1267645474911	0	RECOG_CR_PRES	1	BONE	148	-999	P	509
1267645475753	1	RECOG_FEEDBACK	1
1267645476503	0	RECOG_PRES	1	PLAYGROUND	1087	-999	P	849
1267645477753	0	RECOG_CR_PRES	1	PLAYGROUND	1087	-999	P	515
1267645478595	1	RECOG_FEEDBACK	1
1267645479386	0	RECOG_PRES	1	SCROLL	1257	-999	P	1802
1267645481561	0	RECOG_CR_PRES	1	SCROLL	1257	-999	P	443
1267645482353	1	RECOG_FEEDBACK	1
1267645483086	0	RECOG_PRES	1	COOKBOOK	373	-999	P	873
1267645484361	0	RECOG_CR_PRES	1	COOKBOOK	373	-999	P	475
1267645485161	1	RECOG_FEEDBACK	1
1267645485893	0	RECOG_PRES	1	RAFT	1159	-999	P	863
1267645487127	0	RECOG_CR_PRES	1	RAFT	1159	-999	P	493
1267645487951	1	RECOG_FEEDBACK	1
1267645488736	0	RECOG_PRES	1	BALCONY	72	-999	P	796
1267645489901	0	RECOG_CR_PRES	1	BALCONY	72	-999	P	463
1267645490677	1	RECOG_FEEDBACK	1
1267645491394	0	RECOG_PRES	1	MONGOOSE	909	-999	P	874
1267645492644	0	RECOG_CR_PRES	1	MONGOOSE	909	-999	P	520
1267645493477	1	RECOG_FEEDBACK	1
1267645496477	0	REST
1267645497417	1	REC_START
1267645497452	0	RECOG_PRES	2	BEAN	105	-999	P	1424
1267645499243	0	RECOG_CR_PRES	2	BEAN	105	-999	P	680
1267645500276	1	RECOG_FEEDBACK	0
1267645501035	0	RECOG_PRES	2	STUDENT	1395	-999	P	1841
1267645503268	0	RECOG_CR_PRES	2	STUDENT	1395	-999	P	623
1267645504209	1	RECOG_FEEDBACK	0
1267645504992	0	RECOG_PRES	2	CAGE	218	-999	P	979
1267645506334	0	RECOG_CR_PRES	2	CAGE	218	-999	P	2206
1267645508867	1	RECOG_FEEDBACK	1
1267645509617	0	RECOG_PRES	2	OCTOPUS	971	-999	P	2290
1267645512276	0	RECOG_CR_PRES	2	OCTOPUS	971	-999	P	504
1267645513142	1	RECOG_FEEDBACK	1
1267645513933	0	RECOG_PRES	2	PAINT	1003	-999	P	911
1267645515217	0	RECOG_CR_PRES	2	PAINT	1003	-999	P	531
1267645516075	1	RECOG_FEEDBACK	1
1267645516842	0	RECOG_PRES	2	PROTON	1132	-999	P	1170
1267645518383	0	RECOG_CR_PRES	2	PROTON	1132	-999	P	421
1267645519133	1	RECOG_FEEDBACK	1
1267645519883	0	RECOG_PRES	2	MARROW	872	-999	P	1153
1267645521408	0	RECOG_CR_PRES	2	MARROW	872	-999	P	756
1267645522483	1	RECOG_FEEDBACK	1
1267645523275	0	RECOG_PRES	2	CHEESE	289	-999	P	1025
1267645524675	0	RECOG_CR_PRES	2	CHEESE	289	-999	P	640
1267645525666	1	RECOG_FEEDBACK	1
1267645526458	0	RECOG_PRES	2	HEDGE	699	-999	P	994
1267645527824	0	RECOG_CR_PRES	2	HEDGE	699	-999	P	460
1267645528624	1	RECOG_FEEDBACK	1
1267645529416	0	RECOG_PRES	2	SNORKEL	1336	-999	P	868
1267645530658	0	RECOG_CR_PRES	2	SNORKEL	1336	-999	P	506
1267645531491	1	RECOG_FEEDBACK	1
1267645532249	0	RECOG_PRES	2	SWEATER	1419	-999	P	827
1267645533449	0	RECOG_CR_PRES	2	SWEATER	1419	-999	P	490
1267645534257	1	RECOG_FEEDBACK	1
1267645535032	0	RECOG_PRES	2	SPOUSE	1358	-999	P	772
1267645536165	0	RECOG_CR_PRES	2	SPOUSE	1358	-999	P	527
1267645537007	1	RECOG_FEEDBACK	1
1267645537815	0	RECOG_PRES	2	CAP	236	-999	P	797
1267645538981	0	RECOG_CR_PRES	2	CAP	236	-999	P	495
1267645539790	1	RECOG_FEEDBACK	1
1267645540523	0	RECOG_PRES	2	DRYER	503	-999	P	1033
1267645541931	0	RECOG_CR_PRES	2	DRYER	503	-999	P	537
1267645542798	1	RECOG_FEEDBACK	1
1267645543582	0	RECOG_PRES	2	CAT	257	-999	P	2134
1267645546081	0	RECOG_CR_PRES	2	CAT	257	-999	P	459
1267645546914	1	RECOG_FEEDBACK	0
1267645547640	0	RECOG_PRES	2	CHART	282	-999	P	3756
1267645551773	0	RECOG_CR_PRES	2	CHART	282	-999	P	527
1267645552706	1	RECOG_FEEDBACK	1
1267645553506	0	RECOG_PRES	2	HAND	683	-999	P	978
1267645554847	0	RECOG_CR_PRES	2	HAND	683	-999	P	501
1267645555672	1	RECOG_FEEDBACK	1
1267645556439	0	RECOG_PRES	2	ARENA	37	-999	P	989
1267645557797	0	RECOG_CR_PRES	2	ARENA	37	-999	P	479
1267645558605	1	RECOG_FEEDBACK	1
1267645559355	0	RECOG_PRES	2	WILDERNESS	1610	-999	P	1049
1267645560780	0	RECOG_CR_PRES	2	WILDERNESS	1610	-999	P	432
1267645561539	1	RECOG_FEEDBACK	1
1267645562280	0	RECOG_PRES	2	BUCKET	184	-999	P	948
1267645563597	0	RECOG_CR_PRES	2	BUCKET	184	-999	P	526
1267645564455	1	RECOG_FEEDBACK	1
1267645567822	0	REST
1267645568648	1	REC_START
1267645568680	0	RECOG_PRES	3	EGG	518	-999	P	1020
1267645570071	0	RECOG_CR_PRES	3	EGG	518	-999	P	493
1267645570888	1	RECOG_FEEDBACK	1
1267645571688	0	RECOG_PRES	3	BALLERINA	74	-999	P	1084
1267645573146	0	RECOG_CR_PRES	3	BALLERINA	74	-999	P	554
1267645574029	1	RECOG_FEEDBACK	1
1267645574788	0	RECOG_PRES	3	PASTRY	1022	-999	P	952
1267645576113	0	RECOG_CR_PRES	3	PASTRY	1022	-999	P	531
1267645576953	1	RECOG_FEEDBACK	1
1267645577696	0	RECOG_PRES	3	BAIT	70	-999	P	857
1267645578953	0	RECOG_CR_PRES	3	BAIT	70	-999	P	571
1267645579846	1	RECOG_FEEDBACK	1
1267645580637	0	RECOG_PRES	3	CALF	222	-999	P	935
1267645581944	0	RECOG_CR_PRES	3	CALF	222	-999	P	700
1267645582969	1	RECOG_FEEDBACK	1
1267645583770	0	RECOG_PRES	3	BRACELET	163	-999	P	800
1267645584969	0	RECOG_CR_PRES	3	BRACELET	163	-999	P	531
1267645585828	1	RECOG_FEEDBACK	1
1267645586628	0	RECOG_PRES	3	BEDROOM	111	-999	P	1568
1267645588570	0	RECOG_CR_PRES	3	BEDROOM	111	-999	P	554
1267645589487	1	RECOG_FEEDBACK	0
1267645590203	0	RECOG_PRES	3	CLOVE	329	-999	P	945
1267645591520	0	RECOG_CR_PRES	3	CLOVE	329	-999	P	596
1267645592445	1	RECOG_FEEDBACK	1
1267645593178	0	RECOG_PRES	3	BRUNETTE	181	-999	P	906
1267645594453	0	RECOG_CR_PRES	3	BRUNETTE	181	-999	P	607
1267645595386	1	RECOG_FEEDBACK	1
1267645596144	0	RECOG_PRES	3	ROSE	1212	-999	P	1172
1267645597686	0	RECOG_CR_PRES	3	ROSE	1212	-999	P	590
1267645598603	1	RECOG_FEEDBACK	0
1267645599336	0	RECOG_PRES	3	SPHINX	1349	-999	P	1084
1267645600794	0	RECOG_CR_PRES	3	SPHINX	1349	-999	P	554
1267645601686	1	RECOG_FEEDBACK	1
1267645602461	0	RECOG_PRES	3	DRUM	502	-999	P	1167
1267645604002	0	RECOG_CR_PRES	3	DRUM	502	-999	P	490
1267645604819	1	RECOG_FEEDBACK	1
1267645605602	0	RECOG_PRES	3	LOLLIPOP	842	-999	P	986
1267645606959	0	RECOG_CR_PRES	3	LOLLIPOP	842	-999	P	549
1267645607852	1	RECOG_FEEDBACK	1
1267645608627	0	RECOG_PRES	3	BARREL	91	-999	P	801
1267645609802	0	RECOG_CR_PRES	3	BARREL	91	-999	P	466
1267645610602	1	RECOG_FEEDBACK	1
1267645611318	0	RECOG_PRES	3	SILVERWARE	1308	-999	P	892
1267645612610	0	RECOG_CR_PRES	3	SILVERWARE	1308	-999	P	594
1267645613535	1	RECOG_FEEDBACK	1
1267645614310	0	RECOG_PRES	3	RAZOR	1171	-999	P	1238
1267645615917	0	RECOG_CR_PRES	3	RAZOR	1171	-999	P	551
1267645616818	1	RECOG_FEEDBACK	1
1267645617593	0	RECOG_PRES	3	TREE	1502	-999	P	1115
1267645619084	0	RECOG_CR_PRES	3	TREE	1502	-999	P	496
1267645619917	1	RECOG_FEEDBACK	1
1267645620709	0	RECOG_PRES	3	COLOGNE	347	-999	P	1919
1267645623001	0	RECOG_CR_PRES	3	COLOGNE	347	-999	P	523
1267645623884	1	RECOG_FEEDBACK	1
1267645624626	0	RECOG_PRES	3	PLIERS	1089	-999	P	810
1267645625809	0	RECOG_CR_PRES	3	PLIERS	1089	-999	P	675
1267645626809	1	RECOG_FEEDBACK	1
1267645627559	0	RECOG_PRES	3	BASKETBALL	96	-999	P	1493
1267645629425	0	RECOG_CR_PRES	3	BASKETBALL	96	-999	P	474
1267645630242	1	RECOG_FEEDBACK	0
1267645632684	0	REST
1267645633831	1	REC_START
1267645633867	0	RECOG_PRES	4	SHORE	1291	-999	P	1024
1267645635258	0	RECOG_CR_PRES	4	SHORE	1291	-999	P	594
1267645636175	1	RECOG_FEEDBACK	1
1267645636899	0	RECOG_PRES	4	CAR	241	-999	P	953
1267645638225	0	RECOG_CR_PRES	4	CAR	241	-999	P	475
1267645639025	1	RECOG_FEEDBACK	1
1267645639800	0	RECOG_PRES	4	BRAN	167	-999	P	1036
1267645641208	0	RECOG_CR_PRES	4	BRAN	167	-999	P	468
1267645642024	1	RECOG_FEEDBACK	1
1267645642824	0	RECOG_PRES	4	DOG	480	-999	P	800
1267645644024	0	RECOG_CR_PRES	4	DOG	480	-999	P	540
1267645644890	1	RECOG_FEEDBACK	1
1267645645616	0	RECOG_PRES	4	SWIMMER	1420	-999	P	820
1267645646807	0	RECOG_CR_PRES	4	SWIMMER	1420	-999	P	565
1267645647691	1	RECOG_FEEDBACK	1
1267645648491	0	RECOG_PRES	4	PEANUT	1032	-999	P	807
1267645649699	0	RECOG_CR_PRES	4	PEANUT	1032	-999	P	497
1267645650532	1	RECOG_FEEDBACK	1
1267645651257	0	RECOG_PRES	4	SHARK	1275	-999	P	874
1267645652532	0	RECOG_CR_PRES	4	SHARK	1275	-999	P	480
1267645653324	1	RECOG_FEEDBACK	1
1267645654090	0	RECOG_PRES	4	TUSK	1523	-999	P	1098
1267645655548	0	RECOG_CR_PRES	4	TUSK	1523	-999	P	504
1267645656382	1	RECOG_FEEDBACK	1
1267645657115	0	RECOG_PRES	4	SALT	1229	-999	P	776
1267645658257	0	RECOG_CR_PRES	4	SALT	1229	-999	P	531
1267645659107	1	RECOG_FEEDBACK	1
1267645659856	0	RECOG_PRES	4	PATH	1023	-999	P	748
1267645660972	0	RECOG_CR_PRES	4	PATH	1023	-999	P	480
1267645661765	1	RECOG_FEEDBACK	1
1267645662573	0	RECOG_PRES	4	CAKE	219	-999	P	719
1267645663665	0	RECOG_CR_PRES	4	CAKE	219	-999	P	523
1267645664506	1	RECOG_FEEDBACK	1
1267645665248	0	RECOG_PRES	4	CHISEL	305	-999	P	707
1267645666323	0	RECOG_CR_PRES	4	CHISEL	305	-999	P	465
1267645667131	1	RECOG_FEEDBACK	1
1267645667922	0	RECOG_PRES	4	PUPPY	1144	-999	P	874
1267645669172	0	RECOG_CR_PRES	4	PUPPY	1144	-999	P	488
1267645669980	1	RECOG_FEEDBACK	1
1267645670731	0	RECOG_PRES	4	SALMON	1227	-999	P	657
1267645671764	0	RECOG_CR_PRES	4	SALMON	1227	-999	P	608
1267645672689	1	RECOG_FEEDBACK	1
1267645673497	0	RECOG_PRES	4	COMPANION	357	-999	P	799
1267645674697	0	RECOG_CR_PRES	4	COMPANION	357	-999	P	523
1267645675555	1	RECOG_FEEDBACK	1
1267645676339	0	RECOG_PRES	4	ASIA	46	-999	P	953
1267645677664	0	RECOG_CR_PRES	4	ASIA	46	-999	P	628
1267645678605	1	RECOG_FEEDBACK	0
1267645679388	0	RECOG_PRES	4	PUBLICATION	1136	-999	P	1936
1267645681697	0	RECOG_CR_PRES	4	PUBLICATION	1136	-999	P	499
1267645682547	1	RECOG_FEEDBACK	1
1267645683296	0	RECOG_PRES	4	LIST	830	-999	P	1060
1267645684730	0	RECOG_CR_PRES	4	LIST	830	-999	P	410
1267645685455	1	RECOG_FEEDBACK	1
1267645686238	0	RECOG_PRES	4	FOE	587	-999	P	733
1267645687338	0	RECOG_CR_PRES	4	FOE	587	-999	P	458
1267645688121	1	RECOG_FEEDBACK	1
1267645688838	0	RECOG_PRES	4	FILM	565	-999	P	846
1267645690054	0	RECOG_CR_PRES	4	FILM	565	-999	P	454
1267645690829	1	RECOG_FEEDBACK	1
1267645692945	0	REST
1267645693848	1	REC_START
1267645693879	0	RECOG_PRES	5	TOAD	1470	-999	P	1157
1267645695412	0	RECOG_CR_PRES	5	TOAD	1470	-999	P	495
1267645696229	1	RECOG_FEEDBACK	1
1267645697029	0	RECOG_PRES	5	EYELASH	546	-999	P	910
1267645698320	0	RECOG_CR_PRES	5	EYELASH	546	-999	P	428
1267645699062	1	RECOG_FEEDBACK	1
1267645699837	0	RECOG_PRES	5	THICKET	1455	-999	P	1959
1267645702170	0	RECOG_CR_PRES	5	THICKET	1455	-999	P	442
1267645702977	1	RECOG_FEEDBACK	1
1267645703712	0	RECOG_PRES	5	FAUCET	555	-999	P	732
1267645704820	0	RECOG_CR_PRES	5	FAUCET	555	-999	P	480
1267645705620	1	RECOG_FEEDBACK	1
1267645706345	0	RECOG_PRES	5	GOWN	652	-999	P	755
1267645707461	0	RECOG_CR_PRES	5	GOWN	652	-999	P	486
1267645708261	1	RECOG_FEEDBACK	1
1267645709003	0	RECOG_PRES	5	STABLE	1363	-999	P	896
1267645710261	0	RECOG_CR_PRES	5	STABLE	1363	-999	P	559
1267645711153	1	RECOG_FEEDBACK	1
1267645711910	0	RECOG_PRES	5	DOORBELL	487	-999	P	1614
1267645713893	0	RECOG_CR_PRES	5	DOORBELL	487	-999	P	543
1267645714794	1	RECOG_FEEDBACK	0
1267645715552	0	RECOG_PRES	5	CUSHION	428	-999	P	756
1267645716677	0	RECOG_CR_PRES	5	CUSHION	428	-999	P	583
1267645717569	1	RECOG_FEEDBACK	1
1267645718361	0	RECOG_PRES	5	TAG	1429	-999	P	1483
1267645720210	0	RECOG_CR_PRES	5	TAG	1429	-999	P	522
1267645721077	1	RECOG_FEEDBACK	1
1267645721885	0	RECOG_PRES	5	HUSBAND	728	-999	P	1030
1267645723277	0	RECOG_CR_PRES	5	HUSBAND	728	-999	P	447
1267645724052	1	RECOG_FEEDBACK	1
1267645724777	0	RECOG_PRES	5	ANCESTOR	20	-999	P	1259
1267645726410	0	RECOG_CR_PRES	5	ANCESTOR	20	-999	P	505
1267645727260	1	RECOG_FEEDBACK	1
1267645728043	0	RECOG_PRES	5	BLUEBERRY	140	-999	P	825
1267645729243	0	RECOG_CR_PRES	5	BLUEBERRY	140	-999	P	489
1267645730060	1	RECOG_FEEDBACK	1
1267645730860	0	RECOG_PRES	5	BUCKLE	185	-999	P	1808
1267645733068	0	RECOG_CR_PRES	5	BUCKLE	185	-999	P	520
1267645733950	1	RECOG_FEEDBACK	1
1267645734718	0	RECOG_PRES	5	COBRA	336	-999	P	798
1267645735884	0	RECOG_CR_PRES	5	COBRA	336	-999	P	576
1267645736768	1	RECOG_FEEDBACK	1
1267645737526	0	RECOG_PRES	5	SHEET	1279	-999	P	806
1267645738692	0	RECOG_CR_PRES	5	SHEET	1279	-999	P	592
1267645739592	1	RECOG_FEEDBACK	1
1267645740317	0	RECOG_PRES	5	HIKER	708	-999	P	4271
1267645744958	0	RECOG_CR_PRES	5	HIKER	708	-999	P	641
1267645746050	1	RECOG_FEEDBACK	0
1267645746775	0	RECOG_PRES	5	TIMBER	1469	-999	P	925
1267645748075	0	RECOG_CR_PRES	5	TIMBER	1469	-999	P	641
1267645749058	1	RECOG_FEEDBACK	1
1267645749850	0	RECOG_PRES	5	MOUNTAIN	924	-999	P	938
1267645751158	0	RECOG_CR_PRES	5	MOUNTAIN	924	-999	P	733
1267645752208	1	RECOG_FEEDBACK	1
1267645753016	0	RECOG_PRES	5	STAFF	1365	-999	P	748
1267645754133	0	RECOG_CR_PRES	5	STAFF	1365	-999	P	641
1267645755133	1	RECOG_FEEDBACK	1
1267645755883	0	RECOG_PRES	5	TORTOISE	1486	-999	P	849
1267645757099	0	RECOG_CR_PRES	5	TORTOISE	1486	-999	P	681
1267645758091	1	RECOG_FEEDBACK	1
1267645762541	0	REST
1267645763487	1	REC_START
1267645763516	0	RECOG_PRES	6	BULB	192	-999	P	1520
1267645765407	0	RECOG_CR_PRES	6	BULB	192	-999	P	613
1267645766374	1	RECOG_FEEDBACK	0
1267645767140	0	RECOG_PRES	6	NECKLACE	940	-999	P	840
1267645768382	0	RECOG_CR_PRES	6	NECKLACE	940	-999	P	446
1267645769174	1	RECOG_FEEDBACK	1
1267645769939	0	RECOG_PRES	6	RASPBERRY	1168	-999	P	889
1267645771198	0	RECOG_CR_PRES	6	RASPBERRY	1168	-999	P	582
1267645772107	1	RECOG_FEEDBACK	1
1267645772865	0	RECOG_PRES	6	CRAB	397	-999	P	787
1267645774023	0	RECOG_CR_PRES	6	CRAB	397	-999	P	597
1267645774947	1	RECOG_FEEDBACK	1
1267645775698	0	RECOG_PRES	6	OUTFIT	988	-999	P	1193
1267645777256	0	RECOG_CR_PRES	6	OUTFIT	988	-999	P	612
1267645778206	1	RECOG_FEEDBACK	0
1267645778997	0	RECOG_PRES	6	STAKE	1368	-999	P	974
1267645780339	0	RECOG_CR_PRES	6	STAKE	1368	-999	P	761
1267645781439	1	RECOG_FEEDBACK	1
1267645782181	0	RECOG_PRES	6	FRAGRANCE	599	-999	P	847
1267645783398	0	RECOG_CR_PRES	6	FRAGRANCE	599	-999	P	640
1267645784389	1	RECOG_FEEDBACK	1
1267645785106	0	RECOG_PRES	6	NICKEL	950	-999	P	841
1267645786314	0	RECOG_CR_PRES	6	NICKEL	950	-999	P	609
1267645787247	1	RECOG_FEEDBACK	1
1267645788056	0	RECOG_PRES	6	FRIEND	606	-999	P	780
1267645789205	0	RECOG_CR_PRES	6	FRIEND	606	-999	P	599
1267645790147	1	RECOG_FEEDBACK	1
1267645790938	0	RECOG_PRES	6	PELT	1040	-999	P	1146
1267645792455	0	RECOG_CR_PRES	6	PELT	1040	-999	P	1093
1267645793872	1	RECOG_FEEDBACK	1
1267645794605	0	RECOG_PRES	6	POTATO	1115	-999	P	767
1267645795747	0	RECOG_CR_PRES	6	POTATO	1115	-999	P	633
1267645796688	1	RECOG_FEEDBACK	1
1267645797455	0	RECOG_PRES	6	MARS	873	-999	P	832
1267645798688	0	RECOG_CR_PRES	6	MARS	873	-999	P	612
1267645799605	1	RECOG_FEEDBACK	1
1267645800363	0	RECOG_PRES	6	SATURN	1236	-999	P	1241
1267645801978	0	RECOG_CR_PRES	6	SATURN	1236	-999	P	794
1267645803096	1	RECOG_FEEDBACK	1
1267645803903	0	RECOG_PRES	6	BRANCH	168	-999	P	1101
1267645805379	0	RECOG_CR_PRES	6	BRANCH	168	-999	P	616
1267645806337	1	RECOG_FEEDBACK	1
1267645807054	0	RECOG_PRES	6	KEG	770	-999	P	1006
1267645808429	0	RECOG_CR_PRES	6	KEG	770	-999	P	542
1267645809312	1	RECOG_FEEDBACK	1
1267645810071	0	RECOG_PRES	6	BACK	65	-999	P	805
1267645811245	0	RECOG_CR_PRES	6	BACK	65	-999	P	583
1267645812154	1	RECOG_FEEDBACK	1
1267645812953	0	RECOG_PRES	6	BUS	201	-999	P	795
1267645814120	0	RECOG_CR_PRES	6	BUS	201	-999	P	612
1267645815045	1	RECOG_FEEDBACK	1
1267645815812	0	RECOG_PRES	6	TERMINAL	1450	-999	P	1800
1267645817986	0	RECOG_CR_PRES	6	TERMINAL	1450	-999	P	450
1267645818795	1	RECOG_FEEDBACK	1
1267645819528	0	RECOG_PRES	6	GARDEN	623	-999	P	1532
1267645821436	0	RECOG_CR_PRES	6	GARDEN	623	-999	P	400
1267645822203	1	RECOG_FEEDBACK	1
1267645822919	0	RECOG_PRES	6	MILDEW	893	-999	P	805
1267645824094	0	RECOG_CR_PRES	6	MILDEW	893	-999	P	510
1267645824927	1	RECOG_FEEDBACK	1
1267645830578	0	REST
1267645831490	1	REC_START
1267645831519	0	RECOG_PRES	7	DISC	473	-999	P	1717
1267645833611	0	RECOG_CR_PRES	7	DISC	473	-999	P	441
1267645834394	1	RECOG_FEEDBACK	1
1267645835185	0	RECOG_PRES	7	WORM	1623	-999	P	802
1267645836360	0	RECOG_CR_PRES	7	WORM	1623	-999	P	539
1267645837210	1	RECOG_FEEDBACK	1
1267645837943	0	RECOG_PRES	7	JACKET	747	-999	P	821
1267645839135	0	RECOG_CR_PRES	7	JACKET	747	-999	P	573
1267645840027	1	RECOG_FEEDBACK	1
1267645840818	0	RECOG_PRES	7	GAUZE	626	-999	P	1546
1267645842735	0	RECOG_CR_PRES	7	GAUZE	626	-999	P	533
1267645843618	1	RECOG_FEEDBACK	1
1267645844426	0	RECOG_PRES	7	MOTORCYCLE	923	-999	P	1098
1267645845892	0	RECOG_CR_PRES	7	MOTORCYCLE	923	-999	P	608
1267645846843	1	RECOG_FEEDBACK	1
1267645847643	0	RECOG_PRES	7	VEGETABLE	1552	-999	P	985
1267645849001	0	RECOG_CR_PRES	7	VEGETABLE	1552	-999	P	603
1267645849925	1	RECOG_FEEDBACK	1
1267645850701	0	RECOG_PRES	7	GANGSTER	620	-999	P	927
1267645852001	0	RECOG_CR_PRES	7	GANGSTER	620	-999	P	587
1267645852916	1	RECOG_FEEDBACK	1
1267645853626	0	RECOG_PRES	7	TURTLE	1522	-999	P	970
1267645854966	0	RECOG_CR_PRES	7	TURTLE	1522	-999	P	822
1267645856109	1	RECOG_FEEDBACK	1
1267645856825	0	RECOG_PRES	7	PRISON	1127	-999	P	1114
1267645858300	0	RECOG_CR_PRES	7	PRISON	1127	-999	P	568
1267645859192	1	RECOG_FEEDBACK	0
1267645859924	0	RECOG_PRES	7	HAMBURGER	679	-999	P	952
1267645861242	0	RECOG_CR_PRES	7	HAMBURGER	679	-999	P	570
1267645862125	1	RECOG_FEEDBACK	1
1267645862924	0	RECOG_PRES	7	GOBLIN	645	-999	P	1015
1267645864300	0	RECOG_CR_PRES	7	GOBLIN	645	-999	P	528
1267645865150	1	RECOG_FEEDBACK	0
1267645865883	0	RECOG_PRES	7	ABDOMEN	1	-999	P	961
1267645867216	0	RECOG_CR_PRES	7	ABDOMEN	1	-999	P	564
1267645868091	1	RECOG_FEEDBACK	1
1267645868825	0	RECOG_PRES	7	CHICK	296	-999	P	866
1267645870091	0	RECOG_CR_PRES	7	CHICK	296	-999	P	489
1267645870898	1	RECOG_FEEDBACK	1
1267645871633	0	RECOG_PRES	7	LUGGAGE	847	-999	P	923
1267645872932	0	RECOG_CR_PRES	7	LUGGAGE	847	-999	P	592
1267645873841	1	RECOG_FEEDBACK	1
1267645874591	0	RECOG_PRES	7	STONE	1385	-999	P	1165
1267645876132	0	RECOG_CR_PRES	7	STONE	1385	-999	P	624
1267645877091	1	RECOG_FEEDBACK	1
1267645877824	0	RECOG_PRES	7	NAVIGATOR	938	-999	P	932
1267645879132	0	RECOG_CR_PRES	7	NAVIGATOR	938	-999	P	712
1267645880166	1	RECOG_FEEDBACK	1
1267645880889	0	RECOG_PRES	7	SCALLOP	1242	-999	P	1066
1267645882332	0	RECOG_CR_PRES	7	SCALLOP	1242	-999	P	640
1267645883332	1	RECOG_FEEDBACK	1
1267645884065	0	RECOG_PRES	7	CANAL	226	-999	P	834
1267645885265	0	RECOG_CR_PRES	7	CANAL	226	-999	P	547
1267645886132	1	RECOG_FEEDBACK	1
1267645886931	0	RECOG_PRES	7	CHEF	290	-999	P	937
1267645888240	0	RECOG_CR_PRES	7	CHEF	290	-999	P	588
1267645889156	1	RECOG_FEEDBACK	1
1267645889922	0	RECOG_PRES	7	FOX	598	-999	P	1594
1267645891889	0	RECOG_CR_PRES	7	FOX	598	-999	P	515
1267645892756	1	RECOG_FEEDBACK	1
1267645901664	0	REST
1267645902613	1	REC_START
1267645902647	0	RECOG_PRES	8	BUSH	202	-999	P	965
1267645904022	0	RECOG_CR_PRES	8	BUSH	202	-999	P	534
1267645904880	1	RECOG_FEEDBACK	1
1267645905614	0	RECOG_PRES	8	NOSE	957	-999	P	934
1267645906921	0	RECOG_CR_PRES	8	NOSE	957	-999	P	579
1267645907822	1	RECOG_FEEDBACK	1
1267645908555	0	RECOG_PRES	8	ATHLETE	52	-999	P	1057
1267645909987	0	RECOG_CR_PRES	8	ATHLETE	52	-999	P	473
1267645910788	1	RECOG_FEEDBACK	0
1267645911572	0	RECOG_PRES	8	BARTENDER	92	-999	P	815
1267645912788	0	RECOG_CR_PRES	8	BARTENDER	92	-999	P	480
1267645913588	1	RECOG_FEEDBACK	1
1267645914296	0	RECOG_PRES	8	PIER	1063	-999	P	1756
1267645916421	0	RECOG_CR_PRES	8	PIER	1063	-999	P	447
1267645917213	1	RECOG_FEEDBACK	1
1267645917937	0	RECOG_PRES	8	MOUSE	925	-999	P	978
1267645919279	0	RECOG_CR_PRES	8	MOUSE	925	-999	P	517
1267645920129	1	RECOG_FEEDBACK	1
1267645920920	0	RECOG_PRES	8	COMB	351	-999	P	1970
1267645923254	0	RECOG_CR_PRES	8	COMB	351	-999	P	582
1267645924187	1	RECOG_FEEDBACK	1
1267645924961	0	RECOG_PRES	8	PORCUPINE	1107	-999	P	970
1267645926295	0	RECOG_CR_PRES	8	PORCUPINE	1107	-999	P	557
1267645927162	1	RECOG_FEEDBACK	1
1267645927944	0	RECOG_PRES	8	RATTLE	1170	-999	P	826
1267645929170	0	RECOG_CR_PRES	8	RATTLE	1170	-999	P	530
1267645930020	1	RECOG_FEEDBACK	1
1267645930795	0	RECOG_PRES	8	BULL	193	-999	P	1881
1267645933045	0	RECOG_CR_PRES	8	BULL	193	-999	P	559
1267645933961	1	RECOG_FEEDBACK	1
1267645934737	0	RECOG_PRES	8	RESTAURANT	1187	-999	P	939
1267645936036	0	RECOG_CR_PRES	8	RESTAURANT	1187	-999	P	568
1267645936935	1	RECOG_FEEDBACK	1
1267645937736	0	RECOG_PRES	8	SPONGE	1355	-999	P	932
1267645939044	0	RECOG_CR_PRES	8	SPONGE	1355	-999	P	560
1267645939927	1	RECOG_FEEDBACK	1
1267645940653	0	RECOG_PRES	8	DOUGH	489	-999	P	1103
1267645942128	0	RECOG_CR_PRES	8	DOUGH	489	-999	P	640
1267645943128	1	RECOG_FEEDBACK	1
1267645943902	0	RECOG_PRES	8	SHACK	1273	-999	P	1286
1267645945552	0	RECOG_CR_PRES	8	SHACK	1273	-999	P	580
1267645946469	1	RECOG_FEEDBACK	1
1267645947194	0	RECOG_PRES	8	ULCER	1533	-999	P	2066
1267645949635	0	RECOG_CR_PRES	8	ULCER	1533	-999	P	417
1267645950427	1	RECOG_FEEDBACK	1
1267645951235	0	RECOG_PRES	8	TUXEDO	1525	-999	P	977
1267645952585	0	RECOG_CR_PRES	8	TUXEDO	1525	-999	P	499
1267645953410	1	RECOG_FEEDBACK	1
1267645954118	0	RECOG_PRES	8	STETHOSCOPE	1379	-999	P	950
1267645955443	0	RECOG_CR_PRES	8	STETHOSCOPE	1379	-999	P	601
1267645956368	1	RECOG_FEEDBACK	1
1267645957110	0	RECOG_PRES	8	GRADUATE	653	-999	P	974
1267645958460	0	RECOG_CR_PRES	8	GRADUATE	653	-999	P	576
1267645959368	1	RECOG_FEEDBACK	1
1267645960168	0	RECOG_PRES	8	GOAT	644	-999	P	1036
1267645961576	0	RECOG_CR_PRES	8	GOAT	644	-999	P	564
1267645962468	1	RECOG_FEEDBACK	1
1267645963193	0	RECOG_PRES	8	MEAT	883	-999	P	867
1267645964434	0	RECOG_CR_PRES	8	MEAT	883	-999	P	754
1267645965509	1	RECOG_FEEDBACK	1
1267645972966	0	REST
1267645974130	1	REC_START
1267645974159	0	RECOG_PRES	9	HARE	688	-999	P	877
1267645975409	0	RECOG_CR_PRES	9	HARE	688	-999	P	522
1267645976250	1	RECOG_FEEDBACK	1
1267645977017	0	RECOG_PRES	9	PLATE	1086	-999	P	874
1267645978258	0	RECOG_CR_PRES	9	PLATE	1086	-999	P	602
1267645979192	1	RECOG_FEEDBACK	1
1267645979907	0	RECOG_PRES	9	ANIMAL	23	-999	P	769
1267645981050	0	RECOG_CR_PRES	9	ANIMAL	23	-999	P	498
1267645981850	1	RECOG_FEEDBACK	1
1267645982633	0	RECOG_PRES	9	HERB	704	-999	P	771
1267645983775	0	RECOG_CR_PRES	9	HERB	704	-999	P	605
1267645984708	1	RECOG_FEEDBACK	1
1267645985508	0	RECOG_PRES	9	GUARDIAN	668	-999	P	5767
1267645991649	0	RECOG_CR_PRES	9	GUARDIAN	668	-999	P	819
1267645992882	1	RECOG_FEEDBACK	0
1267645993616	0	RECOG_PRES	9	THIMBLE	1458	-999	P	1444
1267645995440	0	RECOG_CR_PRES	9	THIMBLE	1458	-999	P	483
1267645996299	1	RECOG_FEEDBACK	0
1267645997024	0	RECOG_PRES	9	TOOTHBRUSH	1482	-999	P	1276
1267645998674	0	RECOG_CR_PRES	9	TOOTHBRUSH	1482	-999	P	538
1267645999548	1	RECOG_FEEDBACK	1
1267646000298	0	RECOG_PRES	9	CHIMNEY	301	-999	P	1306
1267646001972	0	RECOG_CR_PRES	9	CHIMNEY	301	-999	P	642
1267646002981	1	RECOG_FEEDBACK	1
1267646003781	0	RECOG_PRES	9	THRONE	1461	-999	P	1198
1267646005348	0	RECOG_CR_PRES	9	THRONE	1461	-999	P	760
1267646006440	1	RECOG_FEEDBACK	0
1267646007231	0	RECOG_PRES	9	DIAGRAM	456	-999	P	965
1267646008564	0	RECOG_CR_PRES	9	DIAGRAM	456	-999	P	760
1267646009648	1	RECOG_FEEDBACK	1
1267646010456	0	RECOG_PRES	9	ROOF	1205	-999	P	1004
1267646011831	0	RECOG_CR_PRES	9	ROOF	1205	-999	P	1037
1267646013189	1	RECOG_FEEDBACK	1
1267646013946	0	RECOG_PRES	9	SOCIETY	1338	-999	P	922
1267646015239	0	RECOG_CR_PRES	9	SOCIETY	1338	-999	P	700
1267646016272	1	RECOG_FEEDBACK	1
1267646017014	0	RECOG_PRES	9	CANVAS	234	-999	P	917
1267646018297	0	RECOG_CR_PRES	9	CANVAS	234	-999	P	803
1267646019430	1	RECOG_FEEDBACK	0
1267646020147	0	RECOG_PRES	9	DEPARTMENT	449	-999	P	1185
1267646021705	0	RECOG_CR_PRES	9	DEPARTMENT	449	-999	P	641
1267646022705	1	RECOG_FEEDBACK	1
1267646023488	0	RECOG_PRES	9	ESCALATOR	539	-999	P	1140
1267646024996	0	RECOG_CR_PRES	9	ESCALATOR	539	-999	P	672
1267646025987	1	RECOG_FEEDBACK	1
1267646026738	0	RECOG_PRES	9	RIBBON	1189	-999	P	906
1267646028013	0	RECOG_CR_PRES	9	RIBBON	1189	-999	P	631
1267646028979	1	RECOG_FEEDBACK	1
1267646029696	0	RECOG_PRES	9	MONARCH	906	-999	P	1548
1267646031613	0	RECOG_CR_PRES	9	MONARCH	906	-999	P	503
1267646032471	1	RECOG_FEEDBACK	1
1267646033204	0	RECOG_PRES	9	FLIPPER	580	-999	P	1448
1267646035021	0	RECOG_CR_PRES	9	FLIPPER	580	-999	P	974
1267646036346	1	RECOG_FEEDBACK	1
1267646037062	0	RECOG_PRES	9	CHAIN	273	-999	P	1398
1267646038829	0	RECOG_CR_PRES	9	CHAIN	273	-999	P	535
1267646039704	1	RECOG_FEEDBACK	1
1267646040479	0	RECOG_PRES	9	TOURIST	1488	-999	P	2077
1267646042928	0	RECOG_CR_PRES	9	TOURIST	1488	-999	P	556
1267646043845	1	RECOG_FEEDBACK	0
1267646053103	0	REST
1267646054279	1	REC_START
1267646054311	0	RECOG_PRES	10	BRICK	172	-999	P	1405
1267646056086	0	RECOG_CR_PRES	10	BRICK	172	-999	P	542
1267646056968	1	RECOG_FEEDBACK	1
1267646057728	0	RECOG_PRES	10	BLOSSOM	138	-999	P	1052
1267646059153	0	RECOG_CR_PRES	10	BLOSSOM	138	-999	P	563
1267646060036	1	RECOG_FEEDBACK	1
1267646060769	0	RECOG_PRES	10	REEF	1177	-999	P	987
1267646062127	0	RECOG_CR_PRES	10	REEF	1177	-999	P	533
1267646062993	1	RECOG_FEEDBACK	1
1267646063785	0	RECOG_PRES	10	GHOST	634	-999	P	1003
1267646065160	0	RECOG_CR_PRES	10	GHOST	634	-999	P	564
1267646066044	1	RECOG_FEEDBACK	1
1267646066852	0	RECOG_PRES	10	TRAIN	1494	-999	P	1111
1267646068327	0	RECOG_CR_PRES	10	TRAIN	1494	-999	P	461
1267646069118	1	RECOG_FEEDBACK	1
1267646069885	0	RECOG_PRES	10	LOUNGE	845	-999	P	871
1267646071127	0	RECOG_CR_PRES	10	LOUNGE	845	-999	P	605
1267646072043	1	RECOG_FEEDBACK	1
1267646072827	0	RECOG_PRES	10	FUR	615	-999	P	1025
1267646074226	0	RECOG_CR_PRES	10	FUR	615	-999	P	570
1267646075126	1	RECOG_FEEDBACK	1
1267646075851	0	RECOG_PRES	10	CANDLE	229	-999	P	1273
1267646077484	0	RECOG_CR_PRES	10	CANDLE	229	-999	P	552
1267646078384	1	RECOG_FEEDBACK	0
1267646079143	0	RECOG_PRES	10	BEAVER	109	-999	P	1237
1267646080751	0	RECOG_CR_PRES	10	BEAVER	109	-999	P	581
1267646081659	1	RECOG_FEEDBACK	1
1267646082434	0	RECOG_PRES	10	CINNAMON	310	-999	P	1378
1267646084184	0	RECOG_CR_PRES	10	CINNAMON	310	-999	P	540
1267646085067	1	RECOG_FEEDBACK	1
1267646085834	0	RECOG_PRES	10	FOREST	593	-999	P	1482
1267646087692	0	RECOG_CR_PRES	10	FOREST	593	-999	P	896
1267646088941	1	RECOG_FEEDBACK	1
1267646089675	0	RECOG_PRES	10	CABBAGE	210	-999	P	945
1267646090991	0	RECOG_CR_PRES	10	CABBAGE	210	-999	P	642
1267646091974	1	RECOG_FEEDBACK	1
1267646092742	0	RECOG_PRES	10	CUSTOMER	430	-999	P	1510
1267646094625	0	RECOG_CR_PRES	10	CUSTOMER	430	-999	P	539
1267646095508	1	RECOG_FEEDBACK	0
1267646096300	0	RECOG_PRES	10	DANDELION	438	-999	P	1040
1267646097716	0	RECOG_CR_PRES	10	DANDELION	438	-999	P	888
1267646098932	1	RECOG_FEEDBACK	1
1267646099650	0	RECOG_PRES	10	BRIDGE	174	-999	P	1090
1267646101116	0	RECOG_CR_PRES	10	BRIDGE	174	-999	P	672
1267646102108	1	RECOG_FEEDBACK	1
1267646102907	0	RECOG_PRES	10	LONDON	843	-999	P	1241
1267646104524	0	RECOG_CR_PRES	10	LONDON	843	-999	P	576
1267646105441	1	RECOG_FEEDBACK	1
1267646106224	0	RECOG_PRES	10	PEDESTRIAN	1038	-999	P	1156
1267646107749	0	RECOG_CR_PRES	10	PEDESTRIAN	1038	-999	P	575
1267646108657	1	RECOG_FEEDBACK	0
1267646109366	0	RECOG_PRES	10	CRIB	407	-999	P	1198
1267646110939	0	RECOG_CR_PRES	10	CRIB	407	-999	P	577
1267646111849	1	RECOG_FEEDBACK	1
1267646112574	0	RECOG_PRES	10	BOYFRIEND	162	-999	P	1174
1267646114124	0	RECOG_CR_PRES	10	BOYFRIEND	162	-999	P	680
1267646115132	1	RECOG_FEEDBACK	1
1267646115931	0	RECOG_PRES	10	KLEENEX	782	-999	P	1040
1267646117340	0	RECOG_CR_PRES	10	KLEENEX	782	-999	P	623
1267646118298	1	RECOG_FEEDBACK	1
1267646120623	0	REST
1267646121616	1	REC_START
1267646121648	0	RECOG_PRES	11	VAULT	1550	-999	P	1092
1267646123115	0	RECOG_CR_PRES	11	VAULT	1550	-999	P	640
1267646124114	1	RECOG_FEEDBACK	1
1267646124848	0	RECOG_PRES	11	ELF	525	-999	P	980
1267646126198	0	RECOG_CR_PRES	11	ELF	525	-999	P	640
1267646127189	1	RECOG_FEEDBACK	1
1267646127963	0	RECOG_PRES	11	SADDLE	1221	-999	P	1201
1267646129539	0	RECOG_CR_PRES	11	SADDLE	1221	-999	P	705
1267646130581	1	RECOG_FEEDBACK	1
1267646131397	0	RECOG_PRES	11	PATRIOT	1026	-999	P	991
1267646132764	0	RECOG_CR_PRES	11	PATRIOT	1026	-999	P	808
1267646133889	1	RECOG_FEEDBACK	1
1267646134680	0	RECOG_PRES	11	ANT	25	-999	P	956
1267646136005	0	RECOG_CR_PRES	11	ANT	25	-999	P	591
1267646136904	1	RECOG_FEEDBACK	1
1267646137647	0	RECOG_PRES	11	LUNG	850	-999	P	1284
1267646139297	0	RECOG_CR_PRES	11	LUNG	850	-999	P	563
1267646140188	1	RECOG_FEEDBACK	1
1267646140987	0	RECOG_PRES	11	CRATER	400	-999	P	1337
1267646142696	0	RECOG_CR_PRES	11	CRATER	400	-999	P	724
1267646143763	1	RECOG_FEEDBACK	1
1267646144546	0	RECOG_PRES	11	SCALPEL	1243	-999	P	1322
1267646146238	0	RECOG_CR_PRES	11	SCALPEL	1243	-999	P	470
1267646147063	1	RECOG_FEEDBACK	0
1267646147879	0	RECOG_PRES	11	WHEEL	1603	-999	P	1052
1267646149296	0	RECOG_CR_PRES	11	WHEEL	1603	-999	P	1124
1267646150754	1	RECOG_FEEDBACK	1
1267646151496	0	RECOG_PRES	11	TWINE	1529	-999	P	1244
1267646153112	0	RECOG_CR_PRES	11	TWINE	1529	-999	P	620
1267646154071	1	RECOG_FEEDBACK	1
1267646154854	0	RECOG_PRES	11	SPIDER	1351	-999	P	1101
1267646156320	0	RECOG_CR_PRES	11	SPIDER	1351	-999	P	860
1267646157520	1	RECOG_FEEDBACK	1
1267646158229	0	RECOG_PRES	11	ATTIRE	57	-999	P	1231
1267646159829	0	RECOG_CR_PRES	11	ATTIRE	57	-999	P	535
1267646160687	1	RECOG_FEEDBACK	1
1267646161495	0	RECOG_PRES	11	CAULIFLOWER	262	-999	P	1101
1267646162969	0	RECOG_CR_PRES	11	CAULIFLOWER	262	-999	P	691
1267646163986	1	RECOG_FEEDBACK	1
1267646164778	0	RECOG_PRES	11	COIN	343	-999	P	2137
1267646167278	0	RECOG_CR_PRES	11	COIN	343	-999	P	534
1267646168178	1	RECOG_FEEDBACK	1
1267646168893	0	RECOG_PRES	11	OTTER	986	-999	P	1231
1267646170494	0	RECOG_CR_PRES	11	OTTER	986	-999	P	622
1267646171436	1	RECOG_FEEDBACK	1
1267646172244	0	RECOG_PRES	11	SICKLE	1302	-999	P	848
1267646173461	0	RECOG_CR_PRES	11	SICKLE	1302	-999	P	446
1267646174236	1	RECOG_FEEDBACK	1
1267646175019	0	RECOG_PRES	11	VINE	1568	-999	P	1025
1267646176419	0	RECOG_CR_PRES	11	VINE	1568	-999	P	601
1267646177344	1	RECOG_FEEDBACK	1
1267646178094	0	RECOG_PRES	11	LEG	809	-999	P	797
1267646179252	0	RECOG_CR_PRES	11	LEG	809	-999	P	808
1267646180377	1	RECOG_FEEDBACK	1
1267646181185	0	RECOG_PRES	11	ELM	527	-999	P	1799
1267646183385	0	RECOG_CR_PRES	11	ELM	527	-999	P	641
1267646184418	1	RECOG_FEEDBACK	0
1267646185218	0	RECOG_PRES	11	TANK	1432	-999	P	1090
1267646186677	0	RECOG_CR_PRES	11	TANK	1432	-999	P	807
1267646187818	1	RECOG_FEEDBACK	1
1267646190243	0	REST
1267646191387	1	REC_START
1267646191418	0	RECOG_PRES	12	CUBE	420	-999	P	1210
1267646193001	0	RECOG_CR_PRES	12	CUBE	420	-999	P	699
1267646194034	1	RECOG_FEEDBACK	1
1267646194834	0	RECOG_PRES	12	PONY	1102	-999	P	1010
1267646196218	0	RECOG_CR_PRES	12	PONY	1102	-999	P	522
1267646197068	1	RECOG_FEEDBACK	1
1267646197809	0	RECOG_PRES	12	PICNIC	1060	-999	P	866
1267646199076	0	RECOG_CR_PRES	12	PICNIC	1060	-999	P	641
1267646200067	1	RECOG_FEEDBACK	1
1267646200801	0	RECOG_PRES	12	TUTU	1524	-999	P	1194
1267646202367	0	RECOG_CR_PRES	12	TUTU	1524	-999	P	765
1267646203467	1	RECOG_FEEDBACK	1
1267646204217	0	RECOG_PRES	12	OPERATOR	979	-999	P	1179
1267646205767	0	RECOG_CR_PRES	12	OPERATOR	979	-999	P	541
1267646206642	1	RECOG_FEEDBACK	1
1267646207392	0	RECOG_PRES	12	FLOWER	584	-999	P	844
1267646208608	0	RECOG_CR_PRES	12	FLOWER	584	-999	P	436
1267646209358	1	RECOG_FEEDBACK	1
1267646210075	0	RECOG_PRES	12	TOASTER	1472	-999	P	1217
1267646211666	0	RECOG_CR_PRES	12	TOASTER	1472	-999	P	578
1267646212583	1	RECOG_FEEDBACK	0
1267646213300	0	RECOG_PRES	12	SMOG	1330	-999	P	1160
1267646214833	0	RECOG_CR_PRES	12	SMOG	1330	-999	P	523
1267646215683	1	RECOG_FEEDBACK	1
1267646216416	0	RECOG_PRES	12	RADIATOR	1156	-999	P	874
1267646217691	0	RECOG_CR_PRES	12	RADIATOR	1156	-999	P	505
1267646218524	1	RECOG_FEEDBACK	1
1267646219291	0	RECOG_PRES	12	EAGLE	512	-999	P	801
1267646220457	0	RECOG_CR_PRES	12	EAGLE	512	-999	P	555
1267646221332	1	RECOG_FEEDBACK	1
1267646222116	0	RECOG_PRES	12	PISTOL	1075	-999	P	1248
1267646223740	0	RECOG_CR_PRES	12	PISTOL	1075	-999	P	504
1267646224582	1	RECOG_FEEDBACK	1
1267646225382	0	RECOG_PRES	12	SODA	1341	-999	P	1549
1267646227299	0	RECOG_CR_PRES	12	SODA	1341	-999	P	537
1267646228190	1	RECOG_FEEDBACK	1
1267646228906	0	RECOG_PRES	12	FRIAR	605	-999	P	1033
1267646230307	0	RECOG_CR_PRES	12	FRIAR	605	-999	P	817
1267646231465	1	RECOG_FEEDBACK	1
1267646232198	0	RECOG_PRES	12	ARTERY	41	-999	P	1278
1267646233848	0	RECOG_CR_PRES	12	ARTERY	41	-999	P	756
1267646234939	1	RECOG_FEEDBACK	1
1267646235706	0	RECOG_PRES	12	PIANO	1057	-999	P	1458
1267646237540	0	RECOG_CR_PRES	12	PIANO	1057	-999	P	568
1267646238448	1	RECOG_FEEDBACK	1
1267646239189	0	RECOG_PRES	12	PITCHFORK	1078	-999	P	766
1267646240323	0	RECOG_CR_PRES	12	PITCHFORK	1078	-999	P	513
1267646241156	1	RECOG_FEEDBACK	1
1267646241963	0	RECOG_PRES	12	TEMPLE	1448	-999	P	1577
1267646243913	0	RECOG_CR_PRES	12	TEMPLE	1448	-999	P	555
1267646244806	1	RECOG_FEEDBACK	1
1267646245614	0	RECOG_PRES	12	CARROT	249	-999	P	870
1267646246856	0	RECOG_CR_PRES	12	CARROT	249	-999	P	508
1267646247689	1	RECOG_FEEDBACK	1
1267646248414	0	RECOG_PRES	12	PIMPLE	1071	-999	P	934
1267646249722	0	RECOG_CR_PRES	12	PIMPLE	1071	-999	P	674
1267646250689	1	RECOG_FEEDBACK	1
1267646251497	0	RECOG_PRES	12	GLASSES	640	-999	P	659
1267646252530	0	RECOG_CR_PRES	12	GLASSES	640	-999	P	641
1267646253497	1	RECOG_FEEDBACK	1
1267646257855	0	REST
1267646258695	1	REC_START
1267646258730	0	RECOG_PRES	13	DAGGER	434	-999	P	890
1267646259995	0	RECOG_CR_PRES	13	DAGGER	434	-999	P	577
1267646260895	1	RECOG_FEEDBACK	1
1267646261604	0	RECOG_PRES	13	HAY	693	-999	P	864
1267646262829	0	RECOG_CR_PRES	13	HAY	693	-999	P	650
1267646263813	1	RECOG_FEEDBACK	1
1267646264579	0	RECOG_PRES	13	THORN	1459	-999	P	1360
1267646266304	0	RECOG_CR_PRES	13	THORN	1459	-999	P	364
1267646267012	1	RECOG_FEEDBACK	1
1267646267746	0	RECOG_PRES	13	CUB	419	-999	P	1674
1267646269796	0	RECOG_CR_PRES	13	CUB	419	-999	P	456
1267646270596	1	RECOG_FEEDBACK	1
1267646271354	0	RECOG_PRES	13	CHEST	295	-999	P	1545
1267646273262	0	RECOG_CR_PRES	13	CHEST	295	-999	P	725
1267646274354	1	RECOG_FEEDBACK	1
1267646275095	0	RECOG_PRES	13	RADIO	1157	-999	P	989
1267646276453	0	RECOG_CR_PRES	13	RADIO	1157	-999	P	775
1267646277553	1	RECOG_FEEDBACK	1
1267646278270	0	RECOG_PRES	13	CROW	414	-999	P	1629
1267646280261	0	RECOG_CR_PRES	13	CROW	414	-999	P	743
1267646281378	1	RECOG_FEEDBACK	1
1267646282153	0	RECOG_PRES	13	BULLY	196	-999	P	1067
1267646283603	0	RECOG_CR_PRES	13	BULLY	196	-999	P	545
1267646284478	1	RECOG_FEEDBACK	1
1267646285261	0	RECOG_PRES	13	JOURNAL	760	-999	P	951
1267646286586	0	RECOG_CR_PRES	13	JOURNAL	760	-999	P	610
1267646287528	1	RECOG_FEEDBACK	1
1267646288286	0	RECOG_PRES	13	JEWEL	757	-999	P	1054
1267646289702	0	RECOG_CR_PRES	13	JEWEL	757	-999	P	646
1267646290677	1	RECOG_FEEDBACK	1
1267646291436	0	RECOG_PRES	13	STAPLER	1372	-999	P	840
1267646292652	0	RECOG_CR_PRES	13	STAPLER	1372	-999	P	440
1267646293410	1	RECOG_FEEDBACK	1
1267646294177	0	RECOG_PRES	13	CAPTAIN	239	-999	P	707
1267646295252	0	RECOG_CR_PRES	13	CAPTAIN	239	-999	P	512
1267646296069	1	RECOG_FEEDBACK	1
1267646296860	0	RECOG_PRES	13	ROBOT	1200	-999	P	1071
1267646298294	0	RECOG_CR_PRES	13	ROBOT	1200	-999	P	542
1267646299160	1	RECOG_FEEDBACK	1
1267646299885	0	RECOG_PRES	13	BATTERY	101	-999	P	1359
1267646301618	0	RECOG_CR_PRES	13	BATTERY	101	-999	P	474
1267646302443	1	RECOG_FEEDBACK	0
1267646303251	0	RECOG_PRES	13	HARP	689	-999	P	1113
1267646304735	0	RECOG_CR_PRES	13	HARP	689	-999	P	501
1267646305560	1	RECOG_FEEDBACK	1
1267646306326	0	RECOG_PRES	13	COACH	331	-999	P	742
1267646307443	0	RECOG_CR_PRES	13	COACH	331	-999	P	496
1267646308251	1	RECOG_FEEDBACK	1
1267646308983	0	RECOG_PRES	13	GRASSHOPPER	656	-999	P	693
1267646310051	0	RECOG_CR_PRES	13	GRASSHOPPER	656	-999	P	641
1267646311034	1	RECOG_FEEDBACK	1
1267646311767	0	RECOG_PRES	13	COB	334	-999	P	845
1267646312983	0	RECOG_CR_PRES	13	COB	334	-999	P	565
1267646313859	1	RECOG_FEEDBACK	1
1267646314576	0	RECOG_PRES	13	ELECTRON	522	-999	P	772
1267646315717	0	RECOG_CR_PRES	13	ELECTRON	522	-999	P	567
1267646316592	1	RECOG_FEEDBACK	1
1267646317300	0	RECOG_PRES	13	BATHTUB	100	-999	P	728
1267646318400	0	RECOG_CR_PRES	13	BATHTUB	100	-999	P	587
1267646319292	1	RECOG_FEEDBACK	1
1267646327775	0	REST
1267646328810	1	REC_START
1267646328841	0	RECOG_PRES	14	SQUID	1361	-999	P	1035
1267646330241	0	RECOG_CR_PRES	14	SQUID	1361	-999	P	648
1267646331224	1	RECOG_FEEDBACK	1
1267646332008	0	RECOG_PRES	14	SHELF	1280	-999	P	780
1267646333158	0	RECOG_CR_PRES	14	SHELF	1280	-999	P	534
1267646334008	1	RECOG_FEEDBACK	1
1267646334782	0	RECOG_PRES	14	TREAD	1499	-999	P	1918
1267646337074	0	RECOG_CR_PRES	14	TREAD	1499	-999	P	682
1267646338024	1	RECOG_FEEDBACK	-1
1267646338824	0	RECOG_PRES	14	DESSERT	453	-999	P	1083
1267646340274	0	RECOG_CR_PRES	14	DESSERT	453	-999	P	633
1267646341232	1	RECOG_FEEDBACK	1
1267646342040	0	RECOG_PRES	14	SKIRT	1319	-999	P	692
1267646343107	0	RECOG_CR_PRES	14	SKIRT	1319	-999	P	433
1267646343848	1	RECOG_FEEDBACK	1
1267646344648	0	RECOG_PRES	14	DOLL	481	-999	P	732
1267646345748	0	RECOG_CR_PRES	14	DOLL	481	-999	P	608
1267646346665	1	RECOG_FEEDBACK	1
1267646347382	0	RECOG_PRES	14	CHECK	284	-999	P	1470
1267646349223	0	RECOG_CR_PRES	14	CHECK	284	-999	P	477
1267646350040	1	RECOG_FEEDBACK	1
1267646350790	0	RECOG_PRES	14	LASH	802	-999	P	1006
1267646352165	0	RECOG_CR_PRES	14	LASH	802	-999	P	399
1267646352889	1	RECOG_FEEDBACK	1
1267646353606	0	RECOG_PRES	14	WALRUS	1585	-999	P	1470
1267646355448	0	RECOG_CR_PRES	14	WALRUS	1585	-999	P	1124
1267646356913	1	RECOG_FEEDBACK	0
1267646357631	0	RECOG_PRES	14	BALLOON	75	-999	P	877
1267646358872	0	RECOG_CR_PRES	14	BALLOON	75	-999	P	396
1267646359564	1	RECOG_FEEDBACK	1
1267646360289	0	RECOG_PRES	14	FRIES	607	-999	P	987
1267646361647	0	RECOG_CR_PRES	14	FRIES	607	-999	P	365
1267646362322	1	RECOG_FEEDBACK	1
1267646363080	0	RECOG_PRES	14	GOVERNOR	651	-999	P	1124
1267646364580	0	RECOG_CR_PRES	14	GOVERNOR	651	-999	P	399
1267646365305	1	RECOG_FEEDBACK	1
1267646366047	0	RECOG_PRES	14	KNUCKLE	789	-999	P	1213
1267646367630	0	RECOG_CR_PRES	14	KNUCKLE	789	-999	P	606
1267646368563	1	RECOG_FEEDBACK	1
1267646369288	0	RECOG_PRES	14	BOMB	147	-999	P	875
1267646370563	0	RECOG_CR_PRES	14	BOMB	147	-999	P	249
1267646371113	1	RECOG_FEEDBACK	1
1267646371895	0	RECOG_PRES	14	VENT	1556	-999	P	877
1267646373146	0	RECOG_CR_PRES	14	VENT	1556	-999	P	594
1267646374046	1	RECOG_FEEDBACK	1
1267646374771	0	RECOG_PRES	14	BISCUIT	130	-999	P	1057
1267646376204	0	RECOG_CR_PRES	14	BISCUIT	130	-999	P	536
1267646377029	1	RECOG_FEEDBACK	1
1267646377754	0	RECOG_PRES	14	SEAFOOD	1260	-999	P	922
1267646379046	0	RECOG_CR_PRES	14	SEAFOOD	1260	-999	P	518
1267646379863	1	RECOG_FEEDBACK	1
1267646380604	0	RECOG_PRES	14	EMPEROR	529	-999	P	832
1267646381812	0	RECOG_CR_PRES	14	EMPEROR	529	-999	P	496
1267646382604	1	RECOG_FEEDBACK	1
1267646383404	0	RECOG_PRES	14	OWNER	993	-999	P	3511
1267646387279	0	RECOG_CR_PRES	14	OWNER	993	-999	P	773
1267646388487	1	RECOG_FEEDBACK	0
1267646389228	0	RECOG_PRES	14	SUPERVISOR	1410	-999	P	1176
1267646390778	0	RECOG_CR_PRES	14	SUPERVISOR	1410	-999	P	442
1267646391553	1	RECOG_FEEDBACK	0
1267646396536	0	REST
1267646397419	1	REC_START
1267646397453	0	RECOG_PRES	15	OFFICE	972	-999	P	1223
1267646399044	0	RECOG_CR_PRES	15	OFFICE	972	-999	P	512
1267646399878	1	RECOG_FEEDBACK	0
1267646400644	0	RECOG_PRES	15	ARCHITECT	36	-999	P	816
1267646401836	0	RECOG_CR_PRES	15	ARCHITECT	36	-999	P	520
1267646402661	1	RECOG_FEEDBACK	1
1267646403461	0	RECOG_PRES	15	RACK	1154	-999	P	1647
1267646405477	0	RECOG_CR_PRES	15	RACK	1154	-999	P	319
1267646406144	1	RECOG_FEEDBACK	1
1267646406943	0	RECOG_PRES	15	APPLICATION	34	-999	P	1181
1267646408485	0	RECOG_CR_PRES	15	APPLICATION	34	-999	P	607
1267646409410	1	RECOG_FEEDBACK	1
1267646410119	0	RECOG_PRES	15	FLY	586	-999	P	828
1267646411310	0	RECOG_CR_PRES	15	FLY	586	-999	P	422
1267646412019	1	RECOG_FEEDBACK	1
1267646412735	0	RECOG_PRES	15	BRIEFCASE	175	-999	P	1117
1267646414218	0	RECOG_CR_PRES	15	BRIEFCASE	175	-999	P	386
1267646414909	1	RECOG_FEEDBACK	1
1267646415693	0	RECOG_PRES	15	PENDULUM	1043	-999	P	879
1267646416942	0	RECOG_CR_PRES	15	PENDULUM	1043	-999	P	438
1267646417677	1	RECOG_FEEDBACK	1
1267646418476	0	RECOG_PRES	15	PLUM	1090	-999	P	1232
1267646420076	0	RECOG_CR_PRES	15	PLUM	1090	-999	P	336
1267646420743	1	RECOG_FEEDBACK	1
1267646421468	0	RECOG_PRES	15	SHEPHERD	1283	-999	P	832
1267646422676	0	RECOG_CR_PRES	15	SHEPHERD	1283	-999	P	352
1267646423326	1	RECOG_FEEDBACK	1
1267646424084	0	RECOG_PRES	15	KIDNEY	776	-999	P	784
1267646425243	0	RECOG_CR_PRES	15	KIDNEY	776	-999	P	529
1267646426059	1	RECOG_FEEDBACK	1
1267646426776	0	RECOG_PRES	15	BRACES	164	-999	P	1284
1267646428434	0	RECOG_CR_PRES	15	BRACES	164	-999	P	465
1267646429234	1	RECOG_FEEDBACK	1
1267646430042	0	RECOG_PRES	15	CREEK	404	-999	P	929
1267646431334	0	RECOG_CR_PRES	15	CREEK	404	-999	P	422
1267646432075	1	RECOG_FEEDBACK	1
1267646432792	0	RECOG_PRES	15	ROOT	1210	-999	P	788
1267646433949	0	RECOG_CR_PRES	15	ROOT	1210	-999	P	431
1267646434684	1	RECOG_FEEDBACK	1
1267646435442	0	RECOG_PRES	15	ZIPPER	1636	-999	P	1130
1267646436941	0	RECOG_CR_PRES	15	ZIPPER	1636	-999	P	415
1267646437675	1	RECOG_FEEDBACK	1
1267646438425	0	RECOG_PRES	15	NOMAD	955	-999	P	779
1267646439575	0	RECOG_CR_PRES	15	NOMAD	955	-999	P	372
1267646440233	1	RECOG_FEEDBACK	1
1267646440990	0	RECOG_PRES	15	WAGON	1578	-999	P	694
1267646442058	0	RECOG_CR_PRES	15	WAGON	1578	-999	P	426
1267646442791	1	RECOG_FEEDBACK	1
1267646443533	0	RECOG_PRES	15	TIGER	1467	-999	P	775
1267646444674	0	RECOG_CR_PRES	15	TIGER	1467	-999	P	538
1267646445516	1	RECOG_FEEDBACK	1
1267646446324	0	RECOG_PRES	15	BULLET	194	-999	P	776
1267646447474	0	RECOG_CR_PRES	15	BULLET	194	-999	P	386
1267646448183	1	RECOG_FEEDBACK	1
1267646448956	0	RECOG_PRES	15	MUFFIN	929	-999	P	1616
1267646450940	0	RECOG_CR_PRES	15	MUFFIN	929	-999	P	592
1267646451874	1	RECOG_FEEDBACK	1
1267646452682	0	RECOG_PRES	15	HAWK	692	-999	P	874
1267646453931	0	RECOG_CR_PRES	15	HAWK	692	-999	P	345
1267646454565	1	RECOG_FEEDBACK	1
1267646455358	0	RECOG_END
1267646463840	0	SESS_END
1267646463877	0	E	Logging Ends
