1266605346682	0	B	Logging Begins
1266605346683	0	SESS_START	3
1266605435427	1	FR_PRES	0	CLAM	315	1	1	2138	(0.42259999999999998, 0.58709999999999996, 0)	../fonts/amplitud.ttf	upper
1266605439402	1	FR_PRES	0	CHEF	290	1	1	1259	(0.42259999999999998, 0.58709999999999996, 0)	../fonts/amplitud.ttf	upper
1266605443509	1	FR_PRES	0	TURKEY	1520	0	1	1545	(0.57740000000000002, 0.41289999999999999, 1.0)	../fonts/zerothre.ttf	lower
1266605447559	1	FR_PRES	0	BRACELET	163	0	0	1623	(0.57740000000000002, 0.41289999999999999, 1.0)	../fonts/zerothre.ttf	lower
1266605451725	1	FR_PRES	0	MOSS	918	1	1	1088	(0.42259999999999998, 0.58709999999999996, 0)	../fonts/amplitud.ttf	upper
1266605455641	1	FR_PRES	0	BRIEFCASE	175	1	0	1653	(0.42259999999999998, 0.58709999999999996, 0)	../fonts/amplitud.ttf	upper
1266605459508	1	FR_PRES	0	SUPERVISOR	1410	1	1	826	(0.42259999999999998, 0.58709999999999996, 0)	../fonts/amplitud.ttf	upper
1266605463516	1	FR_PRES	0	DOVE	491	1	1	930	(0.42259999999999998, 0.58709999999999996, 0)	../fonts/amplitud.ttf	upper
1266605467616	1	FR_PRES	0	OATMEAL	967	0	0	1422	(0.57740000000000002, 0.41289999999999999, 1.0)	../fonts/zerothre.ttf	lower
1266605471490	1	FR_PRES	0	BRAN	167	0	0	1971	(0.57740000000000002, 0.41289999999999999, 1.0)	../fonts/zerothre.ttf	lower
1266605475615	1	FR_PRES	0	SKULL	1320	0	0	1094	(0.57740000000000002, 0.41289999999999999, 1.0)	../fonts/zerothre.ttf	lower
1266605479806	1	FR_PRES	0	SEAFOOD	1260	0	0	1831	(0.57740000000000002, 0.41289999999999999, 1.0)	../fonts/zerothre.ttf	lower
1266605483689	1	FR_PRES	0	PUDDING	1139	0	0	1228	(0.57740000000000002, 0.41289999999999999, 1.0)	../fonts/zerothre.ttf	lower
1266605487631	1	FR_PRES	0	SEASHORE	1263	0	1	1166	(0.57740000000000002, 0.41289999999999999, 1.0)	../fonts/zerothre.ttf	lower
1266605491564	1	FR_PRES	0	TRANSPLANT	1496	1	0	2137	(0.42259999999999998, 0.58709999999999996, 0)	../fonts/amplitud.ttf	upper
1266605495572	1	FR_PRES	0	BRANCH	168	1	1	2001	(0.42259999999999998, 0.58709999999999996, 0)	../fonts/amplitud.ttf	upper
1266605501182	1	REC_START
1266605582333	0	REST
1266605583840	1	FR_PRES	1	BUG	187	0	0	1005	(0.57740000000000002, 0.41289999999999999, 1.0)	../fonts/zerothre.ttf	lower
1266605587907	1	FR_PRES	1	CAFE	216	0	1	1203	(0.57740000000000002, 0.41289999999999999, 1.0)	../fonts/zerothre.ttf	lower
1266605591857	1	FR_PRES	1	SUPPER	1411	0	0	924	(0.57740000000000002, 0.41289999999999999, 1.0)	../fonts/zerothre.ttf	lower
1266605595923	1	FR_PRES	1	BARK	87	0	0	1754	(0.57740000000000002, 0.41289999999999999, 1.0)	../fonts/zerothre.ttf	lower
1266605599873	1	FR_PRES	1	SWING	1421	0	1	1045	(0.57740000000000002, 0.41289999999999999, 1.0)	../fonts/zerothre.ttf	lower
1266605603806	1	FR_PRES	1	ENVELOPE	537	1	0	1440	(0.42259999999999998, 0.58709999999999996, 0)	../fonts/amplitud.ttf	upper
1266605607939	1	FR_PRES	1	STAMP	1370	1	0	1546	(0.42259999999999998, 0.58709999999999996, 0)	../fonts/amplitud.ttf	upper
1266605611847	1	FR_PRES	1	DONKEY	484	1	1	1142	(0.42259999999999998, 0.58709999999999996, 0)	../fonts/amplitud.ttf	upper
1266605615963	1	FR_PRES	1	CATTLE	261	1	1	739	(0.42259999999999998, 0.58709999999999996, 0)	../fonts/amplitud.ttf	upper
1266605620122	1	FR_PRES	1	PATROL	1027	0	1	2236	(0.57740000000000002, 0.41289999999999999, 1.0)	../fonts/zerothre.ttf	lower
1266605624105	1	FR_PRES	1	STEW	1380	0	0	820	(0.57740000000000002, 0.41289999999999999, 1.0)	../fonts/zerothre.ttf	lower
1266605628138	1	FR_PRES	1	LIP	828	0	0	980	(0.57740000000000002, 0.41289999999999999, 1.0)	../fonts/zerothre.ttf	lower
1266605632255	1	FR_PRES	1	HAMBURGER	679	1	0	1087	(0.42259999999999998, 0.58709999999999996, 0)	../fonts/amplitud.ttf	upper
1266605636163	1	FR_PRES	1	VITAMIN	1574	1	0	1419	(0.42259999999999998, 0.58709999999999996, 0)	../fonts/amplitud.ttf	upper
1266605640112	1	FR_PRES	1	SIREN	1310	1	0	1006	(0.42259999999999998, 0.58709999999999996, 0)	../fonts/amplitud.ttf	upper
1266605644112	1	FR_PRES	1	ZEBRA	1635	1	1	934	(0.42259999999999998, 0.58709999999999996, 0)	../fonts/amplitud.ttf	upper
1266605650087	1	REC_START
1266605726947	0	REST
1266605728448	1	FR_PRES	2	CATERPILLAR	259	0	0	1461	(0.57740000000000002, 0.41289999999999999, 1.0)	../fonts/zerothre.ttf	lower
1266605732372	1	FR_PRES	2	THREAD	1460	0	0	946	(0.57740000000000002, 0.41289999999999999, 1.0)	../fonts/zerothre.ttf	lower
1266605736380	1	FR_PRES	2	WALRUS	1585	1	1	1145	(0.42259999999999998, 0.58709999999999996, 0)	../fonts/amplitud.ttf	upper
1266605740430	1	FR_PRES	2	MOSQUITO	917	1	1	1039	(0.42259999999999998, 0.58709999999999996, 0)	../fonts/amplitud.ttf	upper
1266605744462	1	FR_PRES	2	PISTON	1076	1	0	1167	(0.42259999999999998, 0.58709999999999996, 0)	../fonts/amplitud.ttf	upper
1266605748520	1	FR_PRES	2	RUST	1219	0	0	1445	(0.57740000000000002, 0.41289999999999999, 1.0)	../fonts/zerothre.ttf	lower
1266605752520	1	FR_PRES	2	BAY	102	0	1	2237	(0.57740000000000002, 0.41289999999999999, 1.0)	../fonts/zerothre.ttf	lower
1266605756628	1	FR_PRES	2	TUBA	1515	0	1	1865	(0.57740000000000002, 0.41289999999999999, 1.0)	../fonts/zerothre.ttf	lower
1266605760644	1	FR_PRES	2	CLARINET	317	0	0	913	(0.57740000000000002, 0.41289999999999999, 1.0)	../fonts/zerothre.ttf	lower
1266605764786	1	FR_PRES	2	SIDEWALK	1303	1	0	1396	(0.42259999999999998, 0.58709999999999996, 0)	../fonts/amplitud.ttf	upper
1266605768835	1	FR_PRES	2	KEEPER	769	1	1	1579	(0.42259999999999998, 0.58709999999999996, 0)	../fonts/amplitud.ttf	upper
1266605772860	1	FR_PRES	2	HOOK	715	1	0	977	(0.42259999999999998, 0.58709999999999996, 0)	../fonts/amplitud.ttf	upper
1266605777061	1	FR_PRES	2	FAUCET	555	1	0	904	(0.42259999999999998, 0.58709999999999996, 0)	../fonts/amplitud.ttf	upper
1266605781269	1	FR_PRES	2	CONSUMER	365	1	1	906	(0.42259999999999998, 0.58709999999999996, 0)	../fonts/amplitud.ttf	upper
1266605785160	1	FR_PRES	2	GRAVEL	659	0	0	2309	(0.57740000000000002, 0.41289999999999999, 1.0)	../fonts/zerothre.ttf	lower
1266605789310	1	FR_PRES	2	DIVER	476	0	1	1824	(0.57740000000000002, 0.41289999999999999, 1.0)	../fonts/zerothre.ttf	lower
1266605795227	1	REC_START
1266605872470	0	REST
1266605873978	1	FR_PRES	3	MEAL	882	0	0	923	(0.57740000000000002, 0.41289999999999999, 1.0)	../fonts/zerothre.ttf	lower
1266605877902	1	FR_PRES	3	STAKE	1368	0	0	1272	(0.57740000000000002, 0.41289999999999999, 1.0)	../fonts/zerothre.ttf	lower
1266605882086	1	FR_PRES	3	SUN	1406	0	1	992	(0.57740000000000002, 0.41289999999999999, 1.0)	../fonts/zerothre.ttf	lower
1266605886136	1	FR_PRES	3	ORGAN	984	0	0	1517	(0.57740000000000002, 0.41289999999999999, 1.0)	../fonts/zerothre.ttf	lower
1266605890011	1	FR_PRES	3	TIDE	1465	0	1	1514	(0.57740000000000002, 0.41289999999999999, 1.0)	../fonts/zerothre.ttf	lower
1266605893959	1	FR_PRES	3	BUCKET	184	0	1	1487	(0.57740000000000002, 0.41289999999999999, 1.0)	../fonts/zerothre.ttf	lower
1266605897951	1	FR_PRES	3	BANJO	82	0	1	1439	(0.57740000000000002, 0.41289999999999999, 1.0)	../fonts/zerothre.ttf	lower
1266605901817	1	FR_PRES	3	RECEPTIONIST	1174	0	1	1453	(0.57740000000000002, 0.41289999999999999, 1.0)	../fonts/zerothre.ttf	lower
1266605905867	1	FR_PRES	3	TOOTHPASTE	1483	0	0	1467	(0.57740000000000002, 0.41289999999999999, 1.0)	../fonts/zerothre.ttf	lower
1266605909917	1	FR_PRES	3	AUNT	60	0	1	1185	(0.57740000000000002, 0.41289999999999999, 1.0)	../fonts/zerothre.ttf	lower
1266605914042	1	FR_PRES	3	CITRUS	313	0	0	915	(0.57740000000000002, 0.41289999999999999, 1.0)	../fonts/zerothre.ttf	lower
1266605918250	1	FR_PRES	3	PUDDLE	1140	0	0	996	(0.57740000000000002, 0.41289999999999999, 1.0)	../fonts/zerothre.ttf	lower
1266605922067	1	FR_PRES	3	HEADBAND	696	0	0	1147	(0.57740000000000002, 0.41289999999999999, 1.0)	../fonts/zerothre.ttf	lower
1266605926191	1	FR_PRES	3	BRUNETTE	181	0	1	1470	(0.57740000000000002, 0.41289999999999999, 1.0)	../fonts/zerothre.ttf	lower
1266605930375	1	FR_PRES	3	TREAD	1499	0	0	1823	(0.57740000000000002, 0.41289999999999999, 1.0)	../fonts/zerothre.ttf	lower
1266605934283	1	FR_PRES	3	BULB	192	0	0	1387	(0.57740000000000002, 0.41289999999999999, 1.0)	../fonts/zerothre.ttf	lower
1266605940233	1	REC_START
1266606019118	0	REST
1266606020625	1	FR_PRES	4	DIRT	472	0	0	1141	(0.57740000000000002, 0.41289999999999999, 1.0)	../fonts/zerothre.ttf	lower
1266606024625	1	FR_PRES	4	WATER	1594	0	1	1285	(0.57740000000000002, 0.41289999999999999, 1.0)	../fonts/zerothre.ttf	lower
1266606028466	1	FR_PRES	4	WORLD	1622	0	1	981	(0.57740000000000002, 0.41289999999999999, 1.0)	../fonts/zerothre.ttf	lower
1266606032449	1	FR_PRES	4	MARS	873	0	1	1061	(0.57740000000000002, 0.41289999999999999, 1.0)	../fonts/zerothre.ttf	lower
1266606036408	1	FR_PRES	4	STABLE	1363	0	1	1558	(0.57740000000000002, 0.41289999999999999, 1.0)	../fonts/zerothre.ttf	lower
1266606040333	1	FR_PRES	4	HAY	693	0	0	1656	(0.57740000000000002, 0.41289999999999999, 1.0)	../fonts/zerothre.ttf	lower
1266606044183	1	FR_PRES	4	CHARCOAL	281	0	0	1351	(0.57740000000000002, 0.41289999999999999, 1.0)	../fonts/zerothre.ttf	lower
1266606048024	1	FR_PRES	4	DRAGON	492	0	1	1654	(0.57740000000000002, 0.41289999999999999, 1.0)	../fonts/zerothre.ttf	lower
1266606052132	1	FR_PRES	4	CHESS	294	0	0	2011	(0.57740000000000002, 0.41289999999999999, 1.0)	../fonts/zerothre.ttf	lower
1266606056307	1	FR_PRES	4	PATIENT	1024	0	1	860	(0.57740000000000002, 0.41289999999999999, 1.0)	../fonts/zerothre.ttf	lower
1266606060157	1	FR_PRES	4	JUG	762	0	0	850	(0.57740000000000002, 0.41289999999999999, 1.0)	../fonts/zerothre.ttf	lower
1266606064206	1	FR_PRES	4	BULLETIN	195	0	1	1640	(0.57740000000000002, 0.41289999999999999, 1.0)	../fonts/zerothre.ttf	lower
1266606068056	1	FR_PRES	4	BULLET	194	0	0	934	(0.57740000000000002, 0.41289999999999999, 1.0)	../fonts/zerothre.ttf	lower
1266606072056	1	FR_PRES	4	GRATE	657	0	0	1414	(0.57740000000000002, 0.41289999999999999, 1.0)	../fonts/zerothre.ttf	lower
1266606076256	1	FR_PRES	4	WINDSHIELD	1612	0	1	1302	(0.57740000000000002, 0.41289999999999999, 1.0)	../fonts/zerothre.ttf	lower
1266606080363	1	FR_PRES	4	GANGSTER	620	0	1	1179	(0.57740000000000002, 0.41289999999999999, 1.0)	../fonts/zerothre.ttf	lower
1266606086454	1	REC_START
1266606162732	0	REST
1266606164232	1	FR_PRES	5	DUSTPAN	509	1	0	1414	(0.42259999999999998, 0.58709999999999996, 0)	../fonts/amplitud.ttf	upper
1266606168224	1	FR_PRES	5	GROUND	666	1	0	959	(0.42259999999999998, 0.58709999999999996, 0)	../fonts/amplitud.ttf	upper
1266606172365	1	FR_PRES	5	PEANUT	1032	1	0	1217	(0.42259999999999998, 0.58709999999999996, 0)	../fonts/amplitud.ttf	upper
1266606176489	1	FR_PRES	5	CANE	231	0	0	2197	(0.57740000000000002, 0.41289999999999999, 1.0)	../fonts/zerothre.ttf	lower
1266606180555	1	FR_PRES	5	BAND	78	0	1	946	(0.57740000000000002, 0.41289999999999999, 1.0)	../fonts/zerothre.ttf	lower
1266606184463	1	FR_PRES	5	MOUSE	925	0	0	1167	(0.57740000000000002, 0.41289999999999999, 1.0)	../fonts/zerothre.ttf	lower
1266606188546	1	FR_PRES	5	CINNAMON	310	0	0	829	(0.57740000000000002, 0.41289999999999999, 1.0)	../fonts/zerothre.ttf	lower
1266606192621	1	FR_PRES	5	TROMBONE	1508	0	0	1778	(0.57740000000000002, 0.41289999999999999, 1.0)	../fonts/zerothre.ttf	lower
1266606196729	1	FR_PRES	5	CHEDDAR	286	1	0	1757	(0.42259999999999998, 0.58709999999999996, 0)	../fonts/amplitud.ttf	upper
1266606200787	1	FR_PRES	5	FOLLOWER	589	1	1	963	(0.42259999999999998, 0.58709999999999996, 0)	../fonts/amplitud.ttf	upper
1266606204728	1	FR_PRES	5	PRESIDENT	1121	1	1	862	(0.42259999999999998, 0.58709999999999996, 0)	../fonts/amplitud.ttf	upper
1266606208845	1	FR_PRES	5	ROAD	1196	0	1	1729	(0.57740000000000002, 0.41289999999999999, 1.0)	../fonts/zerothre.ttf	lower
1266606213029	1	FR_PRES	5	PATH	1023	0	1	1178	(0.57740000000000002, 0.41289999999999999, 1.0)	../fonts/zerothre.ttf	lower
1266606217004	1	FR_PRES	5	TREAT	1501	0	0	1546	(0.57740000000000002, 0.41289999999999999, 1.0)	../fonts/zerothre.ttf	lower
1266606221045	1	FR_PRES	5	DUNE	506	1	0	1673	(0.42259999999999998, 0.58709999999999996, 0)	../fonts/amplitud.ttf	upper
1266606225253	1	FR_PRES	5	TECHNICIAN	1443	1	1	874	(0.42259999999999998, 0.58709999999999996, 0)	../fonts/amplitud.ttf	upper
1266606231253	1	REC_START
1266606307688	0	REST
1266606309188	1	FR_PRES	6	SINK	1309	0	1	2322	(0.57740000000000002, 0.41289999999999999, 1.0)	../fonts/zerothre.ttf	lower
1266606313372	1	FR_PRES	6	PELICAN	1039	0	1	1715	(0.57740000000000002, 0.41289999999999999, 1.0)	../fonts/zerothre.ttf	lower
1266606317587	1	FR_PRES	6	RACKET	1155	0	0	1756	(0.57740000000000002, 0.41289999999999999, 1.0)	../fonts/zerothre.ttf	lower
1266606321695	1	FR_PRES	6	SKI	1316	0	1	1023	(0.57740000000000002, 0.41289999999999999, 1.0)	../fonts/zerothre.ttf	lower
1266606325578	1	FR_PRES	6	BILL	126	0	0	1260	(0.57740000000000002, 0.41289999999999999, 1.0)	../fonts/zerothre.ttf	lower
1266606329561	1	FR_PRES	6	ASHTRAY	45	0	0	1069	(0.57740000000000002, 0.41289999999999999, 1.0)	../fonts/zerothre.ttf	lower
1266606333519	1	FR_PRES	6	COW	393	0	1	872	(0.57740000000000002, 0.41289999999999999, 1.0)	../fonts/zerothre.ttf	lower
1266606337602	1	FR_PRES	6	VOLLEYBALL	1576	0	0	1613	(0.57740000000000002, 0.41289999999999999, 1.0)	../fonts/zerothre.ttf	lower
1266606341577	1	FR_PRES	6	BASEBALL	93	0	0	909	(0.57740000000000002, 0.41289999999999999, 1.0)	../fonts/zerothre.ttf	lower
1266606345427	1	FR_PRES	6	SPARROW	1347	0	0	892	(0.57740000000000002, 0.41289999999999999, 1.0)	../fonts/zerothre.ttf	lower
1266606349427	1	FR_PRES	6	SEAGULL	1261	0	0	1251	(0.57740000000000002, 0.41289999999999999, 1.0)	../fonts/zerothre.ttf	lower
1266606353593	1	FR_PRES	6	PARROT	1015	0	1	1614	(0.57740000000000002, 0.41289999999999999, 1.0)	../fonts/zerothre.ttf	lower
1266606357651	1	FR_PRES	6	MOWER	928	0	1	1331	(0.57740000000000002, 0.41289999999999999, 1.0)	../fonts/zerothre.ttf	lower
1266606361634	1	FR_PRES	6	RANCH	1166	0	1	1188	(0.57740000000000002, 0.41289999999999999, 1.0)	../fonts/zerothre.ttf	lower
1266606365792	1	FR_PRES	6	EXPERT	543	0	1	877	(0.57740000000000002, 0.41289999999999999, 1.0)	../fonts/zerothre.ttf	lower
1266606369800	1	FR_PRES	6	PHILOSOPHER	1054	0	1	878	(0.57740000000000002, 0.41289999999999999, 1.0)	../fonts/zerothre.ttf	lower
1266606375550	1	REC_START
1266606460402	0	REST
1266606461910	1	FR_PRES	7	CRUMB	416	1	0	1345	(0.42259999999999998, 0.58709999999999996, 0)	../fonts/amplitud.ttf	upper
1266606466010	1	FR_PRES	7	MONEY	908	1	0	972	(0.42259999999999998, 0.58709999999999996, 0)	../fonts/amplitud.ttf	upper
1266606469892	1	FR_PRES	7	GOAT	644	1	1	1227	(0.42259999999999998, 0.58709999999999996, 0)	../fonts/amplitud.ttf	upper
1266606473825	1	FR_PRES	7	TOAST	1471	1	-999	3001	(0.42259999999999998, 0.58709999999999996, 0)	../fonts/amplitud.ttf	upper
1266606476850	1	SLOW_MSG
1266606479508	1	FR_PRES	7	TABLET	1427	1	0	1499	(0.42259999999999998, 0.58709999999999996, 0)	../fonts/amplitud.ttf	upper
1266606483625	1	FR_PRES	7	APARTMENT	30	1	0	1662	(0.42259999999999998, 0.58709999999999996, 0)	../fonts/amplitud.ttf	upper
1266606487783	1	FR_PRES	7	CEILING	265	0	1	1911	(0.57740000000000002, 0.41289999999999999, 1.0)	../fonts/zerothre.ttf	lower
1266606491799	1	FR_PRES	7	PUB	1135	0	1	1151	(0.57740000000000002, 0.41289999999999999, 1.0)	../fonts/zerothre.ttf	lower
1266606495990	1	FR_PRES	7	BARREL	91	0	0	1217	(0.57740000000000002, 0.41289999999999999, 1.0)	../fonts/zerothre.ttf	lower
1266606500116	1	FR_PRES	7	PROTRACTOR	1133	1	0	2530	(0.42259999999999998, 0.58709999999999996, 0)	../fonts/amplitud.ttf	upper
1266606504207	1	FR_PRES	7	NAVIGATOR	938	1	0	1168	(0.42259999999999998, 0.58709999999999996, 0)	../fonts/amplitud.ttf	upper
1266606508249	1	FR_PRES	7	INSECT	740	0	0	1142	(0.57740000000000002, 0.41289999999999999, 1.0)	../fonts/zerothre.ttf	lower
1266606512349	1	FR_PRES	7	ROACH	1195	0	0	946	(0.57740000000000002, 0.41289999999999999, 1.0)	../fonts/zerothre.ttf	lower
1266606516248	1	FR_PRES	7	NOTEBOOK	959	0	0	1430	(0.57740000000000002, 0.41289999999999999, 1.0)	../fonts/zerothre.ttf	lower
1266606520115	1	FR_PRES	7	NUN	962	0	1	1220	(0.57740000000000002, 0.41289999999999999, 1.0)	../fonts/zerothre.ttf	lower
1266606524306	1	FR_PRES	7	SALESMAN	1225	0	1	1164	(0.57740000000000002, 0.41289999999999999, 1.0)	../fonts/zerothre.ttf	lower
1266606529880	1	REC_START
1266606606400	0	REST
1266606607907	1	FR_PRES	8	CABBAGE	210	-1	-1	-1266606607907	white	../fonts/Verdana.ttf	upper
1266606611732	1	FR_PRES	8	CELERY	266	-1	-1	-1266606611732	white	../fonts/Verdana.ttf	upper
1266606615923	1	FR_PRES	8	GLACIER	638	-1	-1	-1266606615923	white	../fonts/Verdana.ttf	upper
1266606619731	1	FR_PRES	8	HOOD	714	-1	-1	-1266606619731	white	../fonts/Verdana.ttf	upper
1266606623673	1	FR_PRES	8	FUR	615	-1	-1	-1266606623673	white	../fonts/Verdana.ttf	upper
1266606627856	1	FR_PRES	8	SOAP	1337	-1	-1	-1266606627856	white	../fonts/Verdana.ttf	upper
1266606631889	1	FR_PRES	8	LOOP	844	-1	-1	-1266606631889	white	../fonts/Verdana.ttf	upper
1266606635897	1	FR_PRES	8	AIRCRAFT	11	-1	-1	-1266606635897	white	../fonts/Verdana.ttf	upper
1266606639905	1	FR_PRES	8	LUGGAGE	847	-1	-1	-1266606639905	white	../fonts/Verdana.ttf	upper
1266606643830	1	FR_PRES	8	THIMBLE	1458	-1	-1	-1266606643830	white	../fonts/Verdana.ttf	upper
1266606647646	1	FR_PRES	8	SHOE	1288	-1	-1	-1266606647646	white	../fonts/Verdana.ttf	upper
1266606651704	1	FR_PRES	8	SARDINE	1235	-1	-1	-1266606651704	white	../fonts/Verdana.ttf	upper
1266606655887	1	FR_PRES	8	LAKE	796	-1	-1	-1266606655887	white	../fonts/Verdana.ttf	upper
1266606659953	1	FR_PRES	8	DETERGENT	455	-1	-1	-1266606659953	white	../fonts/Verdana.ttf	upper
1266606664138	1	FR_PRES	8	ACID	2	-1	-1	-1266606664138	white	../fonts/Verdana.ttf	upper
1266606667994	1	FR_PRES	8	TICKET	1464	-1	-1	-1266606667994	white	../fonts/Verdana.ttf	upper
1266606673811	1	REC_START
1266606750081	0	REST
1266606751588	1	FR_PRES	9	FLASHLIGHT	575	-1	-1	-1266606751588	white	../fonts/Verdana.ttf	upper
1266606755621	1	FR_PRES	9	ELECTRICIAN	521	-1	-1	-1266606755621	white	../fonts/Verdana.ttf	upper
1266606759521	1	FR_PRES	9	KITE	779	-1	-1	-1266606759521	white	../fonts/Verdana.ttf	upper
1266606763729	1	FR_PRES	9	PRODUCER	1129	-1	-1	-1266606763729	white	../fonts/Verdana.ttf	upper
1266606767896	1	FR_PRES	9	SKUNK	1321	-1	-1	-1266606767896	white	../fonts/Verdana.ttf	upper
1266606771837	1	FR_PRES	9	BOSS	152	-1	-1	-1266606771837	white	../fonts/Verdana.ttf	upper
1266606775662	1	FR_PRES	9	PLANT	1083	-1	-1	-1266606775662	white	../fonts/Verdana.ttf	upper
1266606779586	1	FR_PRES	9	TIE	1466	-1	-1	-1266606779586	white	../fonts/Verdana.ttf	upper
1266606783478	1	FR_PRES	9	KNOT	788	-1	-1	-1266606783478	white	../fonts/Verdana.ttf	upper
1266606787337	1	FR_PRES	9	DELINQUENT	445	-1	-1	-1266606787337	white	../fonts/Verdana.ttf	upper
1266606791544	1	FR_PRES	9	GARLIC	624	-1	-1	-1266606791544	white	../fonts/Verdana.ttf	upper
1266606795552	1	FR_PRES	9	DIRECTOR	471	-1	-1	-1266606795552	white	../fonts/Verdana.ttf	upper
1266606799718	1	FR_PRES	9	FOOTBALL	591	-1	-1	-1266606799718	white	../fonts/Verdana.ttf	upper
1266606803710	1	FR_PRES	9	TEENAGER	1444	-1	-1	-1266606803710	white	../fonts/Verdana.ttf	upper
1266606807576	1	FR_PRES	9	JUNGLE	764	-1	-1	-1266606807576	white	../fonts/Verdana.ttf	upper
1266606811517	1	FR_PRES	9	ELM	527	-1	-1	-1266606811517	white	../fonts/Verdana.ttf	upper
1266606817177	1	REC_START
1266606902137	0	REST
1266606903644	1	FR_PRES	10	TREE	1502	1	1	1114	(0.42259999999999998, 0.58709999999999996, 0)	../fonts/amplitud.ttf	upper
1266606907652	1	FR_PRES	10	SAW	1239	1	0	946	(0.42259999999999998, 0.58709999999999996, 0)	../fonts/amplitud.ttf	upper
1266606911593	1	FR_PRES	10	ANIMAL	23	1	1	1109	(0.42259999999999998, 0.58709999999999996, 0)	../fonts/amplitud.ttf	upper
1266606915493	1	FR_PRES	10	FOX	598	1	1	634	(0.42259999999999998, 0.58709999999999996, 0)	../fonts/amplitud.ttf	upper
1266606919319	1	FR_PRES	10	SHIRT	1287	1	0	1255	(0.42259999999999998, 0.58709999999999996, 0)	../fonts/amplitud.ttf	upper
1266606923360	1	FR_PRES	10	BOOTH	151	1	0	1334	(0.42259999999999998, 0.58709999999999996, 0)	../fonts/amplitud.ttf	upper
1266606927459	1	FR_PRES	10	SCENERY	1247	1	0	1467	(0.42259999999999998, 0.58709999999999996, 0)	../fonts/amplitud.ttf	upper
1266606931410	1	FR_PRES	10	COTTON	385	1	1	1029	(0.42259999999999998, 0.58709999999999996, 0)	../fonts/amplitud.ttf	upper
1266606935542	1	FR_PRES	10	PUBLISHER	1137	1	1	1000	(0.42259999999999998, 0.58709999999999996, 0)	../fonts/amplitud.ttf	upper
1266606939533	1	FR_PRES	10	FINGERNAIL	568	1	0	2121	(0.42259999999999998, 0.58709999999999996, 0)	../fonts/amplitud.ttf	upper
1266606943649	1	FR_PRES	10	APPLE	33	1	1	885	(0.42259999999999998, 0.58709999999999996, 0)	../fonts/amplitud.ttf	upper
1266606947666	1	FR_PRES	10	PUMPKIN	1142	1	1	908	(0.42259999999999998, 0.58709999999999996, 0)	../fonts/amplitud.ttf	upper
1266606951499	1	FR_PRES	10	ELEVATOR	524	1	0	1612	(0.42259999999999998, 0.58709999999999996, 0)	../fonts/amplitud.ttf	upper
1266606955408	1	FR_PRES	10	TUXEDO	1525	1	0	1126	(0.42259999999999998, 0.58709999999999996, 0)	../fonts/amplitud.ttf	upper
1266606959548	1	FR_PRES	10	WRITER	1627	1	1	1146	(0.42259999999999998, 0.58709999999999996, 0)	../fonts/amplitud.ttf	upper
1266606963456	1	FR_PRES	10	HORIZON	717	1	0	1382	(0.42259999999999998, 0.58709999999999996, 0)	../fonts/amplitud.ttf	upper
1266606969216	1	REC_START
1266607045285	0	REST
1266607046792	1	FR_PRES	11	CELLO	268	-1	-1	-1266607046792	white	../fonts/Verdana.ttf	upper
1266607050625	1	FR_PRES	11	ORCHESTRA	981	-1	-1	-1266607050625	white	../fonts/Verdana.ttf	upper
1266607054791	1	FR_PRES	11	MANSION	864	-1	-1	-1266607054791	white	../fonts/Verdana.ttf	upper
1266607058899	1	FR_PRES	11	OCEAN	970	-1	-1	-1266607058899	white	../fonts/Verdana.ttf	upper
1266607062891	1	FR_PRES	11	COMET	353	-1	-1	-1266607062891	white	../fonts/Verdana.ttf	upper
1266607067033	1	FR_PRES	11	BEAKER	104	-1	-1	-1266607067033	white	../fonts/Verdana.ttf	upper
1266607070848	1	FR_PRES	11	FRUIT	610	-1	-1	-1266607070848	white	../fonts/Verdana.ttf	upper
1266607074756	1	FR_PRES	11	SATURN	1236	-1	-1	-1266607074756	white	../fonts/Verdana.ttf	upper
1266607078648	1	FR_PRES	11	PORTRAIT	1111	-1	-1	-1266607078648	white	../fonts/Verdana.ttf	upper
1266607082656	1	FR_PRES	11	ROOM	1206	-1	-1	-1266607082656	white	../fonts/Verdana.ttf	upper
1266607086839	1	FR_PRES	11	CARPENTER	246	-1	-1	-1266607086839	white	../fonts/Verdana.ttf	upper
1266607090747	1	FR_PRES	11	BENCH	121	-1	-1	-1266607090747	white	../fonts/Verdana.ttf	upper
1266607094747	1	FR_PRES	11	LOUNGE	845	-1	-1	-1266607094747	white	../fonts/Verdana.ttf	upper
1266607098755	1	FR_PRES	11	BATHTUB	100	-1	-1	-1266607098755	white	../fonts/Verdana.ttf	upper
1266607102654	1	FR_PRES	11	FELLOW	558	-1	-1	-1266607102654	white	../fonts/Verdana.ttf	upper
1266607106729	1	FR_PRES	11	HOUSE	725	-1	-1	-1266607106729	white	../fonts/Verdana.ttf	upper
1266607112488	1	REC_START
1266607820286	0	REST
1266607821793	1	FR_PRES	12	HOUND	724	-1	-1	-1266607821793	white	../fonts/Verdana.ttf	upper
1266607825868	1	FR_PRES	12	HEATER	698	-1	-1	-1266607825868	white	../fonts/Verdana.ttf	upper
1266607830077	1	FR_PRES	12	WHEAT	1602	-1	-1	-1266607830077	white	../fonts/Verdana.ttf	upper
1266607833934	1	FR_PRES	12	TERMINAL	1450	-1	-1	-1266607833934	white	../fonts/Verdana.ttf	upper
1266607837959	1	FR_PRES	12	TICK	1463	-1	-1	-1266607837959	white	../fonts/Verdana.ttf	upper
1266607842076	1	FR_PRES	12	ELEPHANT	523	-1	-1	-1266607842076	white	../fonts/Verdana.ttf	upper
1266607845958	1	FR_PRES	12	BISON	131	-1	-1	-1266607845958	white	../fonts/Verdana.ttf	upper
1266607849833	1	FR_PRES	12	CHECKERS	285	-1	-1	-1266607849833	white	../fonts/Verdana.ttf	upper
1266607853908	1	FR_PRES	12	CAPTIVE	240	-1	-1	-1266607853908	white	../fonts/Verdana.ttf	upper
1266607857974	1	FR_PRES	12	PRISON	1127	-1	-1	-1266607857974	white	../fonts/Verdana.ttf	upper
1266607861849	1	FR_PRES	12	SNOB	1335	-1	-1	-1266607861849	white	../fonts/Verdana.ttf	upper
1266607865832	1	FR_PRES	12	CLAW	319	-1	-1	-1266607865832	white	../fonts/Verdana.ttf	upper
1266607870016	1	FR_PRES	12	ESSAY	540	-1	-1	-1266607870016	white	../fonts/Verdana.ttf	upper
1266607874216	1	FR_PRES	12	NEWSSTAND	949	-1	-1	-1266607874216	white	../fonts/Verdana.ttf	upper
1266607878374	1	FR_PRES	12	STEWARDESS	1381	-1	-1	-1266607878374	white	../fonts/Verdana.ttf	upper
1266607882348	1	FR_PRES	12	MUFFIN	929	-1	-1	-1266607882348	white	../fonts/Verdana.ttf	upper
1266607888182	1	REC_START
1266607964541	0	REST
1266607966042	1	FR_PRES	13	BERRY	122	0	0	1205	(0.57740000000000002, 0.41289999999999999, 1.0)	../fonts/zerothre.ttf	lower
1266607970192	1	FR_PRES	13	VINE	1568	0	0	1350	(0.57740000000000002, 0.41289999999999999, 1.0)	../fonts/zerothre.ttf	lower
1266607974375	1	FR_PRES	13	MARSH	874	1	0	1768	(0.42259999999999998, 0.58709999999999996, 0)	../fonts/amplitud.ttf	upper
1266607978316	1	FR_PRES	13	PUPPY	1144	1	1	787	(0.42259999999999998, 0.58709999999999996, 0)	../fonts/amplitud.ttf	upper
1266607982149	1	FR_PRES	13	PALM	1007	1	0	1841	(0.42259999999999998, 0.58709999999999996, 0)	../fonts/amplitud.ttf	upper
1266607986132	1	FR_PRES	13	DRIVEWAY	500	1	0	1051	(0.42259999999999998, 0.58709999999999996, 0)	../fonts/amplitud.ttf	upper
1266607989964	1	FR_PRES	13	TYPEWRITER	1531	0	1	2483	(0.57740000000000002, 0.41289999999999999, 1.0)	../fonts/zerothre.ttf	lower
1266607994032	1	FR_PRES	13	HEAD	695	0	0	1151	(0.57740000000000002, 0.41289999999999999, 1.0)	../fonts/zerothre.ttf	lower
1266607998056	1	FR_PRES	13	BANDANNA	80	0	0	2319	(0.57740000000000002, 0.41289999999999999, 1.0)	../fonts/zerothre.ttf	lower
1266608002206	1	FR_PRES	13	LINT	826	0	0	1520	(0.57740000000000002, 0.41289999999999999, 1.0)	../fonts/zerothre.ttf	lower
1266608006164	1	FR_PRES	13	JET	756	0	1	1139	(0.57740000000000002, 0.41289999999999999, 1.0)	../fonts/zerothre.ttf	lower
1266608010189	1	FR_PRES	13	BOXER	160	0	1	1369	(0.57740000000000002, 0.41289999999999999, 1.0)	../fonts/zerothre.ttf	lower
1266608014147	1	FR_PRES	13	WARDROBE	1587	1	0	2260	(0.42259999999999998, 0.58709999999999996, 0)	../fonts/amplitud.ttf	upper
1266608018147	1	FR_PRES	13	TAXI	1438	1	0	2491	(0.42259999999999998, 0.58709999999999996, 0)	../fonts/amplitud.ttf	upper
1266608022105	1	FR_PRES	13	POET	1095	1	1	1270	(0.42259999999999998, 0.58709999999999996, 0)	../fonts/amplitud.ttf	upper
1266608026229	1	FR_PRES	13	ROOSTER	1209	1	1	1034	(0.42259999999999998, 0.58709999999999996, 0)	../fonts/amplitud.ttf	upper
1266608032204	1	REC_START
1266608108415	0	REST
1266608109922	1	FR_PRES	14	BANKER	84	1	1	1453	(0.42259999999999998, 0.58709999999999996, 0)	../fonts/amplitud.ttf	upper
1266608114015	1	FR_PRES	14	PAWN	1030	1	0	1719	(0.42259999999999998, 0.58709999999999996, 0)	../fonts/amplitud.ttf	upper
1266608117880	1	FR_PRES	14	MOTOR	922	1	0	1998	(0.42259999999999998, 0.58709999999999996, 0)	../fonts/amplitud.ttf	upper
1266608121955	1	FR_PRES	14	ANTENNA	28	1	0	1172	(0.42259999999999998, 0.58709999999999996, 0)	../fonts/amplitud.ttf	upper
1266608126114	1	FR_PRES	14	MINK	897	1	1	1428	(0.42259999999999998, 0.58709999999999996, 0)	../fonts/amplitud.ttf	upper
1266608130155	1	FR_PRES	14	SIRLOIN	1311	1	0	1323	(0.42259999999999998, 0.58709999999999996, 0)	../fonts/amplitud.ttf	upper
1266608134163	1	FR_PRES	14	YOLK	1633	1	0	1755	(0.42259999999999998, 0.58709999999999996, 0)	../fonts/amplitud.ttf	upper
1266608138263	1	FR_PRES	14	COMMANDER	354	1	1	944	(0.42259999999999998, 0.58709999999999996, 0)	../fonts/amplitud.ttf	upper
1266608142346	1	FR_PRES	14	COLESLAW	344	1	0	1101	(0.42259999999999998, 0.58709999999999996, 0)	../fonts/amplitud.ttf	upper
1266608146229	1	FR_PRES	14	MATCH	878	1	0	1210	(0.42259999999999998, 0.58709999999999996, 0)	../fonts/amplitud.ttf	upper
1266608150404	1	FR_PRES	14	FIREMAN	569	1	1	1659	(0.42259999999999998, 0.58709999999999996, 0)	../fonts/amplitud.ttf	upper
1266608154320	1	FR_PRES	14	KNIGHT	786	1	1	1438	(0.42259999999999998, 0.58709999999999996, 0)	../fonts/amplitud.ttf	upper
1266608158211	1	FR_PRES	14	RACCOON	1153	1	1	1291	(0.42259999999999998, 0.58709999999999996, 0)	../fonts/amplitud.ttf	upper
1266608162019	1	FR_PRES	14	SKILLET	1317	1	0	1651	(0.42259999999999998, 0.58709999999999996, 0)	../fonts/amplitud.ttf	upper
1266608166028	1	FR_PRES	14	DINER	467	1	0	1307	(0.42259999999999998, 0.58709999999999996, 0)	../fonts/amplitud.ttf	upper
1266608170036	1	FR_PRES	14	TOMBSTONE	1478	1	0	1442	(0.42259999999999998, 0.58709999999999996, 0)	../fonts/amplitud.ttf	upper
1266608175818	1	REC_START
1266608252213	0	REST
1266608253720	1	FR_PRES	15	RAM	1165	1	1	1303	(0.42259999999999998, 0.58709999999999996, 0)	../fonts/amplitud.ttf	upper
1266608257828	1	FR_PRES	15	FARMER	553	1	1	810	(0.42259999999999998, 0.58709999999999996, 0)	../fonts/amplitud.ttf	upper
1266608261720	1	FR_PRES	15	SNAIL	1332	1	1	727	(0.42259999999999998, 0.58709999999999996, 0)	../fonts/amplitud.ttf	upper
1266608265928	1	FR_PRES	15	SEED	1266	1	1	990	(0.42259999999999998, 0.58709999999999996, 0)	../fonts/amplitud.ttf	upper
1266608269761	1	FR_PRES	15	COFFIN	342	1	0	1189	(0.42259999999999998, 0.58709999999999996, 0)	../fonts/amplitud.ttf	upper
1266608273894	1	FR_PRES	15	BULL	193	1	1	1401	(0.42259999999999998, 0.58709999999999996, 0)	../fonts/amplitud.ttf	upper
1266608277852	1	FR_PRES	15	CASHIER	254	1	0	1195	(0.42259999999999998, 0.58709999999999996, 0)	../fonts/amplitud.ttf	upper
1266608281851	1	FR_PRES	15	VAULT	1550	1	0	843	(0.42259999999999998, 0.58709999999999996, 0)	../fonts/amplitud.ttf	upper
1266608285801	1	FR_PRES	15	RUNNER	1218	1	1	1149	(0.42259999999999998, 0.58709999999999996, 0)	../fonts/amplitud.ttf	upper
1266608289684	1	FR_PRES	15	BARN	89	1	0	1571	(0.42259999999999998, 0.58709999999999996, 0)	../fonts/amplitud.ttf	upper
1266608293634	1	FR_PRES	15	SILK	1307	1	0	908	(0.42259999999999998, 0.58709999999999996, 0)	../fonts/amplitud.ttf	upper
1266608297584	1	FR_PRES	15	SKIN	1318	1	0	2014	(0.42259999999999998, 0.58709999999999996, 0)	../fonts/amplitud.ttf	upper
1266608301542	1	FR_PRES	15	GIRAFFE	636	1	1	721	(0.42259999999999998, 0.58709999999999996, 0)	../fonts/amplitud.ttf	upper
1266608305750	1	FR_PRES	15	COLOGNE	347	1	0	744	(0.42259999999999998, 0.58709999999999996, 0)	../fonts/amplitud.ttf	upper
1266608309733	1	FR_PRES	15	LEAF	808	1	1	985	(0.42259999999999998, 0.58709999999999996, 0)	../fonts/amplitud.ttf	upper
1266608313899	1	FR_PRES	15	TULIP	1517	1	1	891	(0.42259999999999998, 0.58709999999999996, 0)	../fonts/amplitud.ttf	upper
1266608319849	1	REC_START
1266608406427	0	FFR_START
1266608412127	1	REC_START
1266608737336	0	RECOG_START
1266608737337	1	REC_START
1266608737369	0	RECOG_PRES	0	BRACES	164	-999	P	2638
1266608740377	0	RECOG_CR_PRES	0	BRACES	164	-999	P	1157
1266608741901	1	RECOG_FEEDBACK	1
1266608742643	0	RECOG_PRES	0	ORGAN	984	-999	P	1251
1266608744260	0	RECOG_CR_PRES	0	ORGAN	984	-999	P	610
1266608745193	1	RECOG_FEEDBACK	1
1266608746002	0	RECOG_PRES	0	SARDINE	1235	-999	P	1013
1266608747385	0	RECOG_CR_PRES	0	SARDINE	1235	-999	P	541
1266608748252	1	RECOG_FEEDBACK	1
1266608749000	0	RECOG_PRES	0	SICKLE	1302	-999	P	1055
1266608750426	0	RECOG_CR_PRES	0	SICKLE	1302	-999	P	372
1266608751118	1	RECOG_FEEDBACK	1
1266608751917	0	RECOG_PRES	0	MAMMAL	861	-999	P	1306
1266608753592	0	RECOG_CR_PRES	0	MAMMAL	861	-999	P	487
1266608754409	1	RECOG_FEEDBACK	1
1266608755193	0	RECOG_PRES	0	MOUSE	925	-999	P	1182
1266608756750	0	RECOG_CR_PRES	0	MOUSE	925	-999	P	425
1266608757500	1	RECOG_FEEDBACK	1
1266608758309	0	RECOG_PRES	0	BOOTH	151	-999	P	1858
1266608760541	0	RECOG_CR_PRES	0	BOOTH	151	-999	P	482
1266608761359	1	RECOG_FEEDBACK	1
1266608762159	0	RECOG_PRES	0	BASEBALL	93	-999	P	1160
1266608763691	0	RECOG_CR_PRES	0	BASEBALL	93	-999	P	476
1266608764491	1	RECOG_FEEDBACK	1
1266608765275	0	RECOG_PRES	0	TEACHER	1440	-999	P	1195
1266608766832	0	RECOG_CR_PRES	0	TEACHER	1440	-999	P	399
1266608767557	1	RECOG_FEEDBACK	0
1266608768300	0	RECOG_PRES	0	PATROL	1027	-999	P	1530
1266608770192	0	RECOG_CR_PRES	0	PATROL	1027	-999	P	542
1266608771083	1	RECOG_FEEDBACK	0
1266608771807	0	RECOG_PRES	0	TELESCOPE	1446	-999	P	1544
1266608773724	0	RECOG_CR_PRES	0	TELESCOPE	1446	-999	P	491
1266608774557	1	RECOG_FEEDBACK	1
1266608775291	0	RECOG_PRES	0	PORPOISE	1109	-999	P	1148
1266608776815	0	RECOG_CR_PRES	0	PORPOISE	1109	-999	P	456
1266608777598	1	RECOG_FEEDBACK	1
1266608778399	0	RECOG_PRES	0	FIREMAN	569	-999	P	1151
1266608779923	0	RECOG_CR_PRES	0	FIREMAN	569	-999	P	396
1266608780648	1	RECOG_FEEDBACK	1
1266608781424	0	RECOG_PRES	0	PATIENT	1024	-999	P	1046
1266608782840	0	RECOG_CR_PRES	0	PATIENT	1024	-999	P	471
1266608783623	1	RECOG_FEEDBACK	1
1266608784407	0	RECOG_PRES	0	ELBOW	520	-999	P	1495
1266608786265	0	RECOG_CR_PRES	0	ELBOW	520	-999	P	445
1266608787040	1	RECOG_FEEDBACK	1
1266608787756	0	RECOG_PRES	0	COLOGNE	347	-999	P	1162
1266608789282	0	RECOG_CR_PRES	0	COLOGNE	347	-999	P	356
1266608789964	1	RECOG_FEEDBACK	1
1266608790772	0	RECOG_PRES	0	DIRT	472	-999	P	1018
1266608792157	0	RECOG_CR_PRES	0	DIRT	472	-999	P	353
1266608792822	1	RECOG_FEEDBACK	1
1266608793539	0	RECOG_PRES	0	LOG	841	-999	P	979
1266608794880	0	RECOG_CR_PRES	0	LOG	841	-999	P	423
1266608795614	1	RECOG_FEEDBACK	1
1266608796415	0	RECOG_PRES	0	PLUTO	1092	-999	P	1127
1266608797914	0	RECOG_CR_PRES	0	PLUTO	1092	-999	P	405
1266608798638	1	RECOG_FEEDBACK	1
1266608799431	0	RECOG_PRES	0	FOOTBALL	591	-999	P	1063
1266608800863	0	RECOG_CR_PRES	0	FOOTBALL	591	-999	P	1735
1266608802921	1	RECOG_FEEDBACK	0
1266608804871	0	REST
1266608805809	1	REC_START
1266608805838	0	RECOG_PRES	1	SEED	1266	-999	P	1217
1266608807431	0	RECOG_CR_PRES	1	SEED	1266	-999	P	447
1266608808197	1	RECOG_FEEDBACK	1
1266608808954	0	RECOG_PRES	1	PECAN	1036	-999	P	2028
1266608811347	0	RECOG_CR_PRES	1	PECAN	1036	-999	P	427
1266608812122	1	RECOG_FEEDBACK	1
1266608812862	0	RECOG_PRES	1	COMMANDER	354	-999	P	1064
1266608814288	0	RECOG_CR_PRES	1	COMMANDER	354	-999	P	414
1266608815022	1	RECOG_FEEDBACK	1
1266608815812	0	RECOG_PRES	1	VEAL	1551	-999	P	1227
1266608817413	0	RECOG_CR_PRES	1	VEAL	1551	-999	P	345
1266608818080	1	RECOG_FEEDBACK	1
1266608818862	0	RECOG_PRES	1	PAPER	1011	-999	P	1056
1266608820280	0	RECOG_CR_PRES	1	PAPER	1011	-999	P	374
1266608820978	1	RECOG_FEEDBACK	1
1266608821745	0	RECOG_PRES	1	BRACELET	163	-999	P	1149
1266608823263	0	RECOG_CR_PRES	1	BRACELET	163	-999	P	271
1266608823870	1	RECOG_FEEDBACK	1
1266608824662	0	RECOG_PRES	1	BOXER	160	-999	P	1088
1266608826112	0	RECOG_CR_PRES	1	BOXER	160	-999	P	342
1266608826778	1	RECOG_FEEDBACK	1
1266608827545	0	RECOG_PRES	1	BARN	89	-999	P	1053
1266608828970	0	RECOG_CR_PRES	1	BARN	89	-999	P	301
1266608829595	1	RECOG_FEEDBACK	1
1266608830320	0	RECOG_PRES	1	AGENT	10	-999	P	1087
1266608831778	0	RECOG_CR_PRES	1	AGENT	10	-999	P	317
1266608832412	1	RECOG_FEEDBACK	1
1266608833204	0	RECOG_PRES	1	DORM	488	-999	P	955
1266608834527	0	RECOG_CR_PRES	1	DORM	488	-999	P	335
1266608835178	1	RECOG_FEEDBACK	1
1266608835936	0	RECOG_PRES	1	ROAD	1196	-999	P	1335
1266608837644	0	RECOG_CR_PRES	1	ROAD	1196	-999	P	273
1266608838262	1	RECOG_FEEDBACK	1
1266608839020	0	RECOG_PRES	1	TURNIP	1521	-999	P	1514
1266608840910	0	RECOG_CR_PRES	1	TURNIP	1521	-999	P	345
1266608841610	1	RECOG_FEEDBACK	1
1266608842370	0	RECOG_PRES	1	WHIP	1604	-999	P	2156
1266608844893	0	RECOG_CR_PRES	1	WHIP	1604	-999	P	386
1266608845635	1	RECOG_FEEDBACK	1
1266608846378	0	RECOG_PRES	1	SKIN	1318	-999	P	1132
1266608847885	0	RECOG_CR_PRES	1	SKIN	1318	-999	P	370
1266608848585	1	RECOG_FEEDBACK	1
1266608849377	0	RECOG_PRES	1	RUNNER	1218	-999	P	1006
1266608850751	0	RECOG_CR_PRES	1	RUNNER	1218	-999	P	328
1266608851402	1	RECOG_FEEDBACK	1
1266608852194	0	RECOG_PRES	1	SCREEN	1253	-999	P	1045
1266608853609	0	RECOG_CR_PRES	1	SCREEN	1253	-999	P	285
1266608854210	1	RECOG_FEEDBACK	1
1266608854951	0	RECOG_PRES	1	DUSTPAN	509	-999	P	1743
1266608857060	0	RECOG_CR_PRES	1	DUSTPAN	509	-999	P	315
1266608857709	1	RECOG_FEEDBACK	1
1266608858459	0	RECOG_PRES	1	CLAW	319	-999	P	2059
1266608860892	0	RECOG_CR_PRES	1	CLAW	319	-999	P	331
1266608861559	1	RECOG_FEEDBACK	1
1266608862301	0	RECOG_PRES	1	COLESLAW	344	-999	P	930
1266608863600	0	RECOG_CR_PRES	1	COLESLAW	344	-999	P	342
1266608864260	1	RECOG_FEEDBACK	1
1266608865026	0	RECOG_PRES	1	PRODUCER	1129	-999	P	948
1266608866343	0	RECOG_CR_PRES	1	PRODUCER	1129	-999	P	327
1266608866975	1	RECOG_FEEDBACK	1
1266608868492	0	REST
1266608869552	1	REC_START
1266608869583	0	RECOG_PRES	2	DIARY	460	-999	P	1159
1266608871109	0	RECOG_CR_PRES	2	DIARY	460	-999	P	585
1266608872000	1	RECOG_FEEDBACK	1
1266608872750	0	RECOG_PRES	2	CAFE	216	-999	P	1032
1266608874167	0	RECOG_CR_PRES	2	CAFE	216	-999	P	511
1266608874983	1	RECOG_FEEDBACK	1
1266608875791	0	RECOG_PRES	2	FLESH	579	-999	P	1103
1266608877259	0	RECOG_CR_PRES	2	FLESH	579	-999	P	299
1266608877874	1	RECOG_FEEDBACK	1
1266608878599	0	RECOG_PRES	2	CLARINET	317	-999	P	1055
1266608880017	0	RECOG_CR_PRES	2	CLARINET	317	-999	P	326
1266608880657	1	RECOG_FEEDBACK	1
1266608881367	0	RECOG_PRES	2	JET	756	-999	P	984
1266608882724	0	RECOG_CR_PRES	2	JET	756	-999	P	307
1266608883342	1	RECOG_FEEDBACK	1
1266608884058	0	RECOG_PRES	2	SAILOR	1223	-999	P	1500
1266608885932	0	RECOG_CR_PRES	2	SAILOR	1223	-999	P	259
1266608886532	1	RECOG_FEEDBACK	1
1266608887316	0	RECOG_PRES	2	GOLD	647	-999	P	875
1266608888565	0	RECOG_CR_PRES	2	GOLD	647	-999	P	329
1266608889208	1	RECOG_FEEDBACK	1
1266608889940	0	RECOG_PRES	2	SAW	1239	-999	P	1339
1266608891648	0	RECOG_CR_PRES	2	SAW	1239	-999	P	254
1266608892241	1	RECOG_FEEDBACK	1
1266608892965	0	RECOG_PRES	2	SUPPER	1411	-999	P	1090
1266608894424	0	RECOG_CR_PRES	2	SUPPER	1411	-999	P	374
1266608895116	1	RECOG_FEEDBACK	1
1266608895840	0	RECOG_PRES	2	CLIFF	322	-999	P	942
1266608897149	0	RECOG_CR_PRES	2	CLIFF	322	-999	P	353
1266608897815	1	RECOG_FEEDBACK	1
1266608898581	0	RECOG_PRES	2	UTENSIL	1542	-999	P	1033
1266608899989	0	RECOG_CR_PRES	2	UTENSIL	1542	-999	P	354
1266608900664	1	RECOG_FEEDBACK	1
1266608901424	0	RECOG_PRES	2	CRUMB	416	-999	P	1045
1266608902848	0	RECOG_CR_PRES	2	CRUMB	416	-999	P	207
1266608903382	1	RECOG_FEEDBACK	1
1266608904098	0	RECOG_PRES	2	BULLETIN	195	-999	P	836
1266608905298	0	RECOG_CR_PRES	2	BULLETIN	195	-999	P	340
1266608905956	1	RECOG_FEEDBACK	1
1266608906672	0	RECOG_PRES	2	LOVER	846	-999	P	891
1266608907964	0	RECOG_CR_PRES	2	LOVER	846	-999	P	219
1266608908497	1	RECOG_FEEDBACK	1
1266608909231	0	RECOG_PRES	2	PISTON	1076	-999	P	2671
1266608912265	0	RECOG_CR_PRES	2	PISTON	1076	-999	P	253
1266608912880	1	RECOG_FEEDBACK	0
1266608913613	0	RECOG_PRES	2	NUN	962	-999	P	1233
1266608915214	0	RECOG_CR_PRES	2	NUN	962	-999	P	328
1266608915872	1	RECOG_FEEDBACK	1
1266608916630	0	RECOG_PRES	2	ANTENNA	28	-999	P	928
1266608917930	0	RECOG_CR_PRES	2	ANTENNA	28	-999	P	277
1266608918521	1	RECOG_FEEDBACK	1
1266608919306	0	RECOG_PRES	2	POET	1095	-999	P	957
1266608920638	0	RECOG_CR_PRES	2	POET	1095	-999	P	232
1266608921197	1	RECOG_FEEDBACK	1
1266608921929	0	RECOG_PRES	2	CEILING	265	-999	P	965
1266608923255	0	RECOG_CR_PRES	2	CEILING	265	-999	P	319
1266608923888	1	RECOG_FEEDBACK	1
1266608924604	0	RECOG_PRES	2	WHEAT	1602	-999	P	970
1266608925937	0	RECOG_CR_PRES	2	WHEAT	1602	-999	P	294
1266608926554	1	RECOG_FEEDBACK	1
1266608928022	0	REST
1266608929081	1	REC_START
1266608929113	0	RECOG_PRES	3	TAPE	1433	-999	P	910
1266608930396	0	RECOG_CR_PRES	3	TAPE	1433	-999	P	282
1266608930970	1	RECOG_FEEDBACK	1
1266608931729	0	RECOG_PRES	3	APPLE	33	-999	P	773
1266608932870	0	RECOG_CR_PRES	3	APPLE	33	-999	P	249
1266608933413	1	RECOG_FEEDBACK	1
1266608934154	0	RECOG_PRES	3	POSSUM	1112	-999	P	901
1266608935429	0	RECOG_CR_PRES	3	POSSUM	1112	-999	P	217
1266608935962	1	RECOG_FEEDBACK	1
1266608936737	0	RECOG_PRES	3	HOE	711	-999	P	997
1266608938096	0	RECOG_CR_PRES	3	HOE	711	-999	P	303
1266608938703	1	RECOG_FEEDBACK	1
1266608939437	0	RECOG_PRES	3	ASHTRAY	45	-999	P	906
1266608940711	0	RECOG_CR_PRES	3	ASHTRAY	45	-999	P	279
1266608941304	1	RECOG_FEEDBACK	1
1266608942046	0	RECOG_PRES	3	MONEY	908	-999	P	1177
1266608943594	0	RECOG_CR_PRES	3	MONEY	908	-999	P	268
1266608944187	1	RECOG_FEEDBACK	1
1266608944936	0	RECOG_PRES	3	SNOB	1335	-999	P	958
1266608946262	0	RECOG_CR_PRES	3	SNOB	1335	-999	P	224
1266608946803	1	RECOG_FEEDBACK	1
1266608947519	0	RECOG_PRES	3	TECHNICIAN	1443	-999	P	935
1266608948827	0	RECOG_CR_PRES	3	TECHNICIAN	1443	-999	P	276
1266608949420	1	RECOG_FEEDBACK	1
1266608950187	0	RECOG_PRES	3	SCISSORS	1250	-999	P	972
1266608951527	0	RECOG_CR_PRES	3	SCISSORS	1250	-999	P	255
1266608952087	1	RECOG_FEEDBACK	1
1266608952844	0	RECOG_PRES	3	BANDANNA	80	-999	P	1074
1266608954286	0	RECOG_CR_PRES	3	BANDANNA	80	-999	P	184
1266608954785	1	RECOG_FEEDBACK	1
1266608955560	0	RECOG_PRES	3	FUDGE	611	-999	P	1062
1266608956994	0	RECOG_CR_PRES	3	FUDGE	611	-999	P	269
1266608957568	1	RECOG_FEEDBACK	1
1266608958278	0	RECOG_PRES	3	HEATER	698	-999	P	825
1266608959477	0	RECOG_CR_PRES	3	HEATER	698	-999	P	377
1266608960153	1	RECOG_FEEDBACK	1
1266608960902	0	RECOG_PRES	3	RATTLE	1170	-999	P	976
1266608962244	0	RECOG_CR_PRES	3	RATTLE	1170	-999	P	282
1266608962843	1	RECOG_FEEDBACK	1
1266608963576	0	RECOG_PRES	3	SUBWAY	1400	-999	P	1615
1266608965560	0	RECOG_CR_PRES	3	SUBWAY	1400	-999	P	254
1266608966144	1	RECOG_FEEDBACK	1
1266608966868	0	RECOG_PRES	3	MOSS	918	-999	P	794
1266608968027	0	RECOG_CR_PRES	3	MOSS	918	-999	P	396
1266608968718	1	RECOG_FEEDBACK	1
1266608969427	0	RECOG_PRES	3	CLASS	318	-999	P	1131
1266608970934	0	RECOG_CR_PRES	3	CLASS	318	-999	P	321
1266608971567	1	RECOG_FEEDBACK	1
1266608972335	0	RECOG_PRES	3	DELINQUENT	445	-999	P	1072
1266608973776	0	RECOG_CR_PRES	3	DELINQUENT	445	-999	P	327
1266608974410	1	RECOG_FEEDBACK	1
1266608975143	0	RECOG_PRES	3	DRAGON	492	-999	P	823
1266608976335	0	RECOG_CR_PRES	3	DRAGON	492	-999	P	367
1266608977000	1	RECOG_FEEDBACK	1
1266608977709	0	RECOG_PRES	3	FRUIT	610	-999	P	841
1266608978925	0	RECOG_CR_PRES	3	FRUIT	610	-999	P	258
1266608979492	1	RECOG_FEEDBACK	1
1266608980285	0	RECOG_PRES	3	CEREAL	272	-999	P	1042
1266608981700	0	RECOG_CR_PRES	3	CEREAL	272	-999	P	290
1266608982301	1	RECOG_FEEDBACK	1
1266608983750	0	REST
1266608984927	1	REC_START
1266608984958	0	RECOG_PRES	4	SALESMAN	1225	-999	P	1161
1266608986491	0	RECOG_CR_PRES	4	SALESMAN	1225	-999	P	307
1266608987101	1	RECOG_FEEDBACK	1
1266608987841	0	RECOG_PRES	4	SIRLOIN	1311	-999	P	1141
1266608989351	0	RECOG_CR_PRES	4	SIRLOIN	1311	-999	P	239
1266608989924	1	RECOG_FEEDBACK	1
1266608990724	0	RECOG_PRES	4	TAVERN	1437	-999	P	874
1266608991974	0	RECOG_CR_PRES	4	TAVERN	1437	-999	P	201
1266608992491	1	RECOG_FEEDBACK	1
1266608993234	0	RECOG_PRES	4	HAT	690	-999	P	965
1266608994574	0	RECOG_CR_PRES	4	HAT	690	-999	P	272
1266608995158	1	RECOG_FEEDBACK	1
1266608995949	0	RECOG_PRES	4	SOAP	1337	-999	P	897
1266608997208	0	RECOG_CR_PRES	4	SOAP	1337	-999	P	246
1266608997782	1	RECOG_FEEDBACK	1
1266608998532	0	RECOG_PRES	4	BARK	87	-999	P	850
1266608999782	0	RECOG_CR_PRES	4	BARK	87	-999	P	216
1266609000325	1	RECOG_FEEDBACK	1
1266609001041	0	RECOG_PRES	4	KNIGHT	786	-999	P	891
1266609002325	0	RECOG_CR_PRES	4	KNIGHT	786	-999	P	209
1266609002849	1	RECOG_FEEDBACK	1
1266609003648	0	RECOG_PRES	4	FORK	594	-999	P	878
1266609004898	0	RECOG_CR_PRES	4	FORK	594	-999	P	277
1266609005482	1	RECOG_FEEDBACK	1
1266609006233	0	RECOG_PRES	4	JUNGLE	764	-999	P	669
1266609007266	0	RECOG_CR_PRES	4	JUNGLE	764	-999	P	260
1266609007831	1	RECOG_FEEDBACK	1
1266609008606	0	RECOG_PRES	4	TOOTHPASTE	1483	-999	P	826
1266609009831	0	RECOG_CR_PRES	4	TOOTHPASTE	1483	-999	P	360
1266609010498	1	RECOG_FEEDBACK	1
1266609011291	0	RECOG_PRES	4	LIVER	833	-999	P	1243
1266609012906	0	RECOG_CR_PRES	4	LIVER	833	-999	P	261
1266609013489	1	RECOG_FEEDBACK	1
1266609014249	0	RECOG_PRES	4	VASE	1549	-999	P	902
1266609015523	0	RECOG_CR_PRES	4	VASE	1549	-999	P	267
1266609016090	1	RECOG_FEEDBACK	1
1266609016889	0	RECOG_PRES	4	MARSH	874	-999	P	909
1266609018165	0	RECOG_CR_PRES	4	MARSH	874	-999	P	266
1266609018747	1	RECOG_FEEDBACK	1
1266609019489	0	RECOG_PRES	4	VOLLEYBALL	1576	-999	P	934
1266609020797	0	RECOG_CR_PRES	4	VOLLEYBALL	1576	-999	P	330
1266609021431	1	RECOG_FEEDBACK	1
1266609022181	0	RECOG_PRES	4	CLAM	315	-999	P	809
1266609023365	0	RECOG_CR_PRES	4	CLAM	315	-999	P	249
1266609023930	1	RECOG_FEEDBACK	1
1266609024647	0	RECOG_PRES	4	ELEPHANT	523	-999	P	1023
1266609026031	0	RECOG_CR_PRES	4	ELEPHANT	523	-999	P	232
1266609026588	1	RECOG_FEEDBACK	1
1266609027306	0	RECOG_PRES	4	TOWER	1490	-999	P	883
1266609028588	0	RECOG_CR_PRES	4	TOWER	1490	-999	P	226
1266609029139	1	RECOG_FEEDBACK	1
1266609029888	0	RECOG_PRES	4	GYM	674	-999	P	934
1266609031189	0	RECOG_CR_PRES	4	GYM	674	-999	P	250
1266609031746	1	RECOG_FEEDBACK	1
1266609032530	0	RECOG_PRES	4	PATH	1023	-999	P	924
1266609033830	0	RECOG_CR_PRES	4	PATH	1023	-999	P	249
1266609034397	1	RECOG_FEEDBACK	1
1266609035130	0	RECOG_PRES	4	THIMBLE	1458	-999	P	852
1266609036347	0	RECOG_CR_PRES	4	THIMBLE	1458	-999	P	331
1266609036988	1	RECOG_FEEDBACK	1
1266609038663	0	REST
1266609039818	1	REC_START
1266609039846	0	RECOG_PRES	5	COB	334	-999	P	1008
1266609041222	0	RECOG_CR_PRES	5	COB	334	-999	P	248
1266609041779	1	RECOG_FEEDBACK	1
1266609042487	0	RECOG_PRES	5	ACID	2	-999	P	1736
1266609044595	0	RECOG_CR_PRES	5	ACID	2	-999	P	227
1266609045163	1	RECOG_FEEDBACK	1
1266609045929	0	RECOG_PRES	5	MONASTERY	907	-999	P	1086
1266609047388	0	RECOG_CR_PRES	5	MONASTERY	907	-999	P	202
1266609047903	1	RECOG_FEEDBACK	1
1266609048662	0	RECOG_PRES	5	TURKEY	1520	-999	P	928
1266609049953	0	RECOG_CR_PRES	5	TURKEY	1520	-999	P	262
1266609050520	1	RECOG_FEEDBACK	1
1266609051321	0	RECOG_PRES	5	STEWARDESS	1381	-999	P	862
1266609052553	0	RECOG_CR_PRES	5	STEWARDESS	1381	-999	P	261
1266609053112	1	RECOG_FEEDBACK	1
1266609053911	0	RECOG_PRES	5	COMPASS	358	-999	P	2200
1266609056486	0	RECOG_CR_PRES	5	COMPASS	358	-999	P	288
1266609057129	1	RECOG_FEEDBACK	1
1266609057936	0	RECOG_PRES	5	STEW	1380	-999	P	974
1266609059279	0	RECOG_CR_PRES	5	STEW	1380	-999	P	247
1266609059836	1	RECOG_FEEDBACK	1
1266609060561	0	RECOG_PRES	5	NEWSSTAND	949	-999	P	909
1266609061844	0	RECOG_CR_PRES	5	NEWSSTAND	949	-999	P	395
1266609062544	1	RECOG_FEEDBACK	1
1266609063312	0	RECOG_PRES	5	PIG	1064	-999	P	951
1266609064636	0	RECOG_CR_PRES	5	PIG	1064	-999	P	266
1266609065212	1	RECOG_FEEDBACK	1
1266609065961	0	RECOG_PRES	5	LOOP	844	-999	P	965
1266609067295	0	RECOG_CR_PRES	5	LOOP	844	-999	P	271
1266609067877	1	RECOG_FEEDBACK	1
1266609068594	0	RECOG_PRES	5	GRAVEL	659	-999	P	891
1266609069885	0	RECOG_CR_PRES	5	GRAVEL	659	-999	P	330
1266609070527	1	RECOG_FEEDBACK	1
1266609071319	0	RECOG_PRES	5	CHISEL	305	-999	P	984
1266609072677	0	RECOG_CR_PRES	5	CHISEL	305	-999	P	265
1266609073261	1	RECOG_FEEDBACK	1
1266609074028	0	RECOG_PRES	5	EXPERT	543	-999	P	930
1266609075319	0	RECOG_CR_PRES	5	EXPERT	543	-999	P	327
1266609075951	1	RECOG_FEEDBACK	1
1266609076718	0	RECOG_PRES	5	STABLE	1363	-999	P	1040
1266609078127	0	RECOG_CR_PRES	5	STABLE	1363	-999	P	343
1266609078785	1	RECOG_FEEDBACK	1
1266609079501	0	RECOG_PRES	5	PUB	1135	-999	P	946
1266609080818	0	RECOG_CR_PRES	5	PUB	1135	-999	P	325
1266609081459	1	RECOG_FEEDBACK	1
1266609082202	0	RECOG_PRES	5	PLASTER	1085	-999	P	858
1266609083459	0	RECOG_CR_PRES	5	PLASTER	1085	-999	P	339
1266609084094	1	RECOG_FEEDBACK	1
1266609084876	0	RECOG_PRES	5	PREACHER	1119	-999	P	1219
1266609086467	0	RECOG_CR_PRES	5	PREACHER	1119	-999	P	227
1266609087018	1	RECOG_FEEDBACK	1
1266609087751	0	RECOG_PRES	5	PAWN	1030	-999	P	1095
1266609089210	0	RECOG_CR_PRES	5	PAWN	1030	-999	P	260
1266609089792	1	RECOG_FEEDBACK	1
1266609090575	0	RECOG_PRES	5	TUBA	1515	-999	P	887
1266609091834	0	RECOG_CR_PRES	5	TUBA	1515	-999	P	245
1266609092393	1	RECOG_FEEDBACK	1
1266609093118	0	RECOG_PRES	5	VEGETABLE	1552	-999	P	1129
1266609094617	0	RECOG_CR_PRES	5	VEGETABLE	1552	-999	P	365
1266609095301	1	RECOG_FEEDBACK	1
1266609096758	0	REST
1266609097660	1	REC_START
1266609097692	0	RECOG_PRES	6	FOLLOWER	589	-999	P	2619
1266609100683	0	RECOG_CR_PRES	6	FOLLOWER	589	-999	P	227
1266609101267	1	RECOG_FEEDBACK	1
1266609102051	0	RECOG_PRES	6	SINK	1309	-999	P	1443
1266609103866	0	RECOG_CR_PRES	6	SINK	1309	-999	P	277
1266609104474	1	RECOG_FEEDBACK	1
1266609105217	0	RECOG_PRES	6	REFEREE	1178	-999	P	934
1266609106524	0	RECOG_CR_PRES	6	REFEREE	1178	-999	P	266
1266609107109	1	RECOG_FEEDBACK	1
1266609107857	0	RECOG_PRES	6	VITAMIN	1574	-999	P	1061
1266609109283	0	RECOG_CR_PRES	6	VITAMIN	1574	-999	P	171
1266609109782	1	RECOG_FEEDBACK	1
1266609110549	0	RECOG_PRES	6	MATCH	878	-999	P	945
1266609111865	0	RECOG_CR_PRES	6	MATCH	878	-999	P	270
1266609112449	1	RECOG_FEEDBACK	1
1266609113158	0	RECOG_PRES	6	TIE	1466	-999	P	961
1266609114490	0	RECOG_CR_PRES	6	TIE	1466	-999	P	284
1266609115091	1	RECOG_FEEDBACK	1
1266609115815	0	RECOG_PRES	6	DANCER	437	-999	P	943
1266609117124	0	RECOG_CR_PRES	6	DANCER	437	-999	P	291
1266609117740	1	RECOG_FEEDBACK	1
1266609118515	0	RECOG_PRES	6	LODGE	839	-999	P	1139
1266609120016	0	RECOG_CR_PRES	6	LODGE	839	-999	P	335
1266609120665	1	RECOG_FEEDBACK	1
1266609121383	0	RECOG_PRES	6	RIFLE	1192	-999	P	1111
1266609122865	0	RECOG_CR_PRES	6	RIFLE	1192	-999	P	246
1266609123432	1	RECOG_FEEDBACK	1
1266609124191	0	RECOG_PRES	6	MEAL	882	-999	P	841
1266609125432	0	RECOG_CR_PRES	6	MEAL	882	-999	P	246
1266609125998	1	RECOG_FEEDBACK	1
1266609126739	0	RECOG_PRES	6	SILK	1307	-999	P	1075
1266609128182	0	RECOG_CR_PRES	6	SILK	1307	-999	P	272
1266609128781	1	RECOG_FEEDBACK	1
1266609129556	0	RECOG_PRES	6	BUS	201	-999	P	978
1266609130906	0	RECOG_CR_PRES	6	BUS	201	-999	P	301
1266609131522	1	RECOG_FEEDBACK	1
1266609132323	0	RECOG_PRES	6	CUBE	420	-999	P	1499
1266609134190	0	RECOG_CR_PRES	6	CUBE	420	-999	P	193
1266609134722	1	RECOG_FEEDBACK	1
1266609135522	0	RECOG_PRES	6	TUXEDO	1525	-999	P	956
1266609136847	0	RECOG_CR_PRES	6	TUXEDO	1525	-999	P	208
1266609137381	1	RECOG_FEEDBACK	1
1266609138140	0	RECOG_PRES	6	ELECTRON	522	-999	P	1314
1266609139830	0	RECOG_CR_PRES	6	ELECTRON	522	-999	P	233
1266609140389	1	RECOG_FEEDBACK	1
1266609141148	0	RECOG_PRES	6	RACCOON	1153	-999	P	923
1266609142448	0	RECOG_CR_PRES	6	RACCOON	1153	-999	P	270
1266609143031	1	RECOG_FEEDBACK	1
1266609143763	0	RECOG_PRES	6	TIDE	1465	-999	P	947
1266609145072	0	RECOG_CR_PRES	6	TIDE	1465	-999	P	255
1266609145638	1	RECOG_FEEDBACK	1
1266609146447	0	RECOG_PRES	6	COTTON	385	-999	P	1031
1266609147854	0	RECOG_CR_PRES	6	COTTON	385	-999	P	345
1266609148513	1	RECOG_FEEDBACK	1
1266609149314	0	RECOG_PRES	6	BENCH	121	-999	P	861
1266609150546	0	RECOG_CR_PRES	6	BENCH	121	-999	P	388
1266609151239	1	RECOG_FEEDBACK	1
1266609151971	0	RECOG_PRES	6	BANKER	84	-999	P	1036
1266609153380	0	RECOG_CR_PRES	6	BANKER	84	-999	P	298
1266609153987	1	RECOG_FEEDBACK	0
1266609155579	0	REST
1266609156416	1	REC_START
1266609156447	0	RECOG_PRES	7	SATURN	1236	-999	P	952
1266609157770	0	RECOG_CR_PRES	7	SATURN	1236	-999	P	228
1266609158313	1	RECOG_FEEDBACK	1
1266609159121	0	RECOG_PRES	7	BULLET	194	-999	P	877
1266609160371	0	RECOG_CR_PRES	7	BULLET	194	-999	P	291
1266609160979	1	RECOG_FEEDBACK	1
1266609161753	0	RECOG_PRES	7	CHECKERS	285	-999	P	949
1266609163071	0	RECOG_CR_PRES	7	CHECKERS	285	-999	P	272
1266609163653	1	RECOG_FEEDBACK	1
1266609164396	0	RECOG_PRES	7	PUMPKIN	1142	-999	P	899
1266609165670	0	RECOG_CR_PRES	7	PUMPKIN	1142	-999	P	256
1266609166238	1	RECOG_FEEDBACK	1
1266609166978	0	RECOG_PRES	7	CUPBOARD	425	-999	P	1484
1266609168836	0	RECOG_CR_PRES	7	CUPBOARD	425	-999	P	203
1266609169387	1	RECOG_FEEDBACK	1
1266609170196	0	RECOG_PRES	7	KITE	779	-999	P	907
1266609171478	0	RECOG_CR_PRES	7	KITE	779	-999	P	272
1266609172062	1	RECOG_FEEDBACK	1
1266609172819	0	RECOG_PRES	7	TOAST	1471	-999	P	923
1266609174104	0	RECOG_CR_PRES	7	TOAST	1471	-999	P	287
1266609174703	1	RECOG_FEEDBACK	1
1266609175429	0	RECOG_PRES	7	BOARD	143	-999	P	1626
1266609177428	0	RECOG_CR_PRES	7	BOARD	143	-999	P	322
1266609178078	1	RECOG_FEEDBACK	1
1266609178819	0	RECOG_PRES	7	TREAT	1501	-999	P	1348
1266609180535	0	RECOG_CR_PRES	7	TREAT	1501	-999	P	335
1266609181203	1	RECOG_FEEDBACK	1
1266609181952	0	RECOG_PRES	7	BUGLE	189	-999	P	1055
1266609183378	0	RECOG_CR_PRES	7	BUGLE	189	-999	P	332
1266609184020	1	RECOG_FEEDBACK	1
1266609184752	0	RECOG_PRES	7	GOAT	644	-999	P	1263
1266609186386	0	RECOG_CR_PRES	7	GOAT	644	-999	P	196
1266609186910	1	RECOG_FEEDBACK	1
1266609187685	0	RECOG_PRES	7	NOTEBOOK	959	-999	P	1466
1266609189526	0	RECOG_CR_PRES	7	NOTEBOOK	959	-999	P	304
1266609190169	1	RECOG_FEEDBACK	1
1266609190935	0	RECOG_PRES	7	CERAMICS	271	-999	P	1007
1266609192311	0	RECOG_CR_PRES	7	CERAMICS	271	-999	P	375
1266609193002	1	RECOG_FEEDBACK	1
1266609193743	0	RECOG_PRES	7	TREE	1502	-999	P	935
1266609195044	0	RECOG_CR_PRES	7	TREE	1502	-999	P	434
1266609195801	1	RECOG_FEEDBACK	1
1266609196518	0	RECOG_PRES	7	FARMER	553	-999	P	1048
1266609197943	0	RECOG_CR_PRES	7	FARMER	553	-999	P	296
1266609198567	1	RECOG_FEEDBACK	1
1266609199327	0	RECOG_PRES	7	ELM	527	-999	P	816
1266609200517	0	RECOG_CR_PRES	7	ELM	527	-999	P	329
1266609201160	1	RECOG_FEEDBACK	1
1266609201909	0	RECOG_PRES	7	CARPENTER	246	-999	P	905
1266609203177	0	RECOG_CR_PRES	7	CARPENTER	246	-999	P	485
1266609203967	1	RECOG_FEEDBACK	1
1266609204684	0	RECOG_PRES	7	PEANUT	1032	-999	P	986
1266609206035	0	RECOG_CR_PRES	7	PEANUT	1032	-999	P	268
1266609206634	1	RECOG_FEEDBACK	1
1266609207368	0	RECOG_PRES	7	LIP	828	-999	P	831
1266609208567	0	RECOG_CR_PRES	7	LIP	828	-999	P	295
1266609209176	1	RECOG_FEEDBACK	1
1266609209892	0	RECOG_PRES	7	CALENDAR	221	-999	P	962
1266609211218	0	RECOG_CR_PRES	7	CALENDAR	221	-999	P	324
1266609211842	1	RECOG_FEEDBACK	1
1266609227225	0	REST
1266609228352	1	REC_START
1266609228383	0	RECOG_PRES	8	COMET	353	-999	P	1447
1266609230191	0	RECOG_CR_PRES	8	COMET	353	-999	P	1168
1266609231698	1	RECOG_FEEDBACK	0
1266609232473	0	RECOG_PRES	8	GOOSE	649	-999	P	1718
1266609234565	0	RECOG_CR_PRES	8	GOOSE	649	-999	P	377
1266609235282	1	RECOG_FEEDBACK	1
1266609236082	0	RECOG_PRES	8	WALRUS	1585	-999	P	925
1266609237382	0	RECOG_CR_PRES	8	WALRUS	1585	-999	P	384
1266609238074	1	RECOG_FEEDBACK	1
1266609238856	0	RECOG_PRES	8	CAVITY	264	-999	P	1062
1266609240282	0	RECOG_CR_PRES	8	CAVITY	264	-999	P	324
1266609240923	1	RECOG_FEEDBACK	1
1266609241664	0	RECOG_PRES	8	LAKE	796	-999	P	1046
1266609243074	0	RECOG_CR_PRES	8	LAKE	796	-999	P	269
1266609243673	1	RECOG_FEEDBACK	0
1266609244440	0	RECOG_PRES	8	BERRY	122	-999	P	1046
1266609245856	0	RECOG_CR_PRES	8	BERRY	122	-999	P	263
1266609246440	1	RECOG_FEEDBACK	1
1266609247215	0	RECOG_PRES	8	FINGERNAIL	568	-999	P	1024
1266609248614	0	RECOG_CR_PRES	8	FINGERNAIL	568	-999	P	296
1266609249231	1	RECOG_FEEDBACK	1
1266609250023	0	RECOG_PRES	8	TICK	1463	-999	P	879
1266609251265	0	RECOG_CR_PRES	8	TICK	1463	-999	P	253
1266609251839	1	RECOG_FEEDBACK	1
1266609252597	0	RECOG_PRES	8	PADDING	999	-999	P	921
1266609253888	0	RECOG_CR_PRES	8	PADDING	999	-999	P	311
1266609254505	1	RECOG_FEEDBACK	1
1266609255223	0	RECOG_PRES	8	FOX	598	-999	P	1343
1266609256938	0	RECOG_CR_PRES	8	FOX	598	-999	P	261
1266609257522	1	RECOG_FEEDBACK	1
1266609258297	0	RECOG_PRES	8	CUSTARD	429	-999	P	825
1266609259521	0	RECOG_CR_PRES	8	CUSTARD	429	-999	P	365
1266609260189	1	RECOG_FEEDBACK	1
1266609260938	0	RECOG_PRES	8	TAIL	1430	-999	P	1325
1266609262638	0	RECOG_CR_PRES	8	TAIL	1430	-999	P	248
1266609263214	1	RECOG_FEEDBACK	1
1266609263979	0	RECOG_PRES	8	SERGEANT	1269	-999	P	1116
1266609265463	0	RECOG_CR_PRES	8	SERGEANT	1269	-999	P	303
1266609266089	1	RECOG_FEEDBACK	1
1266609266804	0	RECOG_PRES	8	SALT	1229	-999	P	1002
1266609268172	0	RECOG_CR_PRES	8	SALT	1229	-999	P	259
1266609268762	1	RECOG_FEEDBACK	1
1266609269487	0	RECOG_PRES	8	ANT	25	-999	P	1119
1266609270979	0	RECOG_CR_PRES	8	ANT	25	-999	P	276
1266609271587	1	RECOG_FEEDBACK	1
1266609272296	0	RECOG_PRES	8	TULIP	1517	-999	P	1158
1266609273829	0	RECOG_CR_PRES	8	TULIP	1517	-999	P	394
1266609274570	1	RECOG_FEEDBACK	1
1266609275338	0	RECOG_PRES	8	PLATE	1086	-999	P	1077
1266609276787	0	RECOG_CR_PRES	8	PLATE	1086	-999	P	356
1266609277453	1	RECOG_FEEDBACK	1
1266609278229	0	RECOG_PRES	8	TOENAIL	1474	-999	P	1106
1266609279703	0	RECOG_CR_PRES	8	TOENAIL	1474	-999	P	360
1266609280379	1	RECOG_FEEDBACK	1
1266609281137	0	RECOG_PRES	8	DINER	467	-999	P	1062
1266609282570	0	RECOG_CR_PRES	8	DINER	467	-999	P	220
1266609283121	1	RECOG_FEEDBACK	1
1266609283886	0	RECOG_PRES	8	SPOON	1357	-999	P	928
1266609285179	0	RECOG_CR_PRES	8	SPOON	1357	-999	P	283
1266609285786	1	RECOG_FEEDBACK	1
1266609287237	0	REST
1266609288219	1	REC_START
1266609288254	0	RECOG_PRES	9	DOVE	491	-999	P	1536
1266609290153	0	RECOG_CR_PRES	9	DOVE	491	-999	P	333
1266609290819	1	RECOG_FEEDBACK	0
1266609291527	0	RECOG_PRES	9	POTATO	1115	-999	P	1087
1266609292986	0	RECOG_CR_PRES	9	POTATO	1115	-999	P	309
1266609293619	1	RECOG_FEEDBACK	1
1266609294411	0	RECOG_PRES	9	ONION	977	-999	P	1355
1266609296128	0	RECOG_CR_PRES	9	ONION	977	-999	P	311
1266609296777	1	RECOG_FEEDBACK	1
1266609297560	0	RECOG_PRES	9	PIE	1062	-999	P	1078
1266609299003	0	RECOG_CR_PRES	9	PIE	1062	-999	P	348
1266609299677	1	RECOG_FEEDBACK	1
1266609300468	0	RECOG_PRES	9	CANDY	230	-999	P	867
1266609301710	0	RECOG_CR_PRES	9	CANDY	230	-999	P	272
1266609302311	1	RECOG_FEEDBACK	1
1266609303094	0	RECOG_PRES	9	TRANSPLANT	1496	-999	P	1512
1266609304976	0	RECOG_CR_PRES	9	TRANSPLANT	1496	-999	P	295
1266609305626	1	RECOG_FEEDBACK	1
1266609306419	0	RECOG_PRES	9	PUDDLE	1140	-999	P	1571
1266609308360	0	RECOG_CR_PRES	9	PUDDLE	1140	-999	P	334
1266609309027	1	RECOG_FEEDBACK	1
1266609309793	0	RECOG_PRES	9	CARROT	249	-999	P	2374
1266609312542	0	RECOG_CR_PRES	9	CARROT	249	-999	P	408
1266609313318	1	RECOG_FEEDBACK	1
1266609314102	0	RECOG_PRES	9	SISTER	1312	-999	P	1137
1266609315609	0	RECOG_CR_PRES	9	SISTER	1312	-999	P	406
1266609316351	1	RECOG_FEEDBACK	1
1266609317151	0	RECOG_PRES	9	ICEBERG	731	-999	P	960
1266609318484	0	RECOG_CR_PRES	9	ICEBERG	731	-999	P	330
1266609319143	1	RECOG_FEEDBACK	1
1266609319917	0	RECOG_PRES	9	SCHOOL	1248	-999	P	1314
1266609321600	0	RECOG_CR_PRES	9	SCHOOL	1248	-999	P	607
1266609322533	1	RECOG_FEEDBACK	1
1266609323293	0	RECOG_PRES	9	COW	393	-999	P	1002
1266609324667	0	RECOG_CR_PRES	9	COW	393	-999	P	396
1266609325384	1	RECOG_FEEDBACK	1
1266609326176	0	RECOG_PRES	9	TOMBSTONE	1478	-999	P	1023
1266609327566	0	RECOG_CR_PRES	9	TOMBSTONE	1478	-999	P	400
1266609328292	1	RECOG_FEEDBACK	1
1266609329009	0	RECOG_PRES	9	GARLIC	624	-999	P	1126
1266609330508	0	RECOG_CR_PRES	9	GARLIC	624	-999	P	426
1266609331267	1	RECOG_FEEDBACK	0
1266609332017	0	RECOG_PRES	9	SEASHORE	1263	-999	P	1358
1266609333749	0	RECOG_CR_PRES	9	SEASHORE	1263	-999	P	346
1266609334433	1	RECOG_FEEDBACK	1
1266609335150	0	RECOG_PRES	9	MOTHER	921	-999	P	1209
1266609336732	0	RECOG_CR_PRES	9	MOTHER	921	-999	P	403
1266609337474	1	RECOG_FEEDBACK	1
1266609338233	0	RECOG_PRES	9	SEAFOOD	1260	-999	P	950
1266609339557	0	RECOG_CR_PRES	9	SEAFOOD	1260	-999	P	369
1266609340250	1	RECOG_FEEDBACK	1
1266609341058	0	RECOG_PRES	9	LINT	826	-999	P	1181
1266609342607	0	RECOG_CR_PRES	9	LINT	826	-999	P	319
1266609343258	1	RECOG_FEEDBACK	1
1266609343990	0	RECOG_PRES	9	AUNT	60	-999	P	928
1266609345283	0	RECOG_CR_PRES	9	AUNT	60	-999	P	427
1266609346033	1	RECOG_FEEDBACK	1
1266609346823	0	RECOG_PRES	9	SKIRT	1319	-999	P	1528
1266609348723	0	RECOG_CR_PRES	9	SKIRT	1319	-999	P	1580
1266609350648	1	RECOG_FEEDBACK	0
1266609352124	0	REST
1266609352971	1	REC_START
1266609353007	0	RECOG_PRES	10	THREAD	1460	-999	P	1304
1266609354681	0	RECOG_CR_PRES	10	THREAD	1460	-999	P	430
1266609355432	1	RECOG_FEEDBACK	1
1266609356157	0	RECOG_PRES	10	LETTUCE	814	-999	P	1098
1266609357623	0	RECOG_CR_PRES	10	LETTUCE	814	-999	P	504
1266609358448	1	RECOG_FEEDBACK	1
1266609359223	0	RECOG_PRES	10	CHEDDAR	286	-999	P	976
1266609360572	0	RECOG_CR_PRES	10	CHEDDAR	286	-999	P	314
1266609361198	1	RECOG_FEEDBACK	1
1266609361972	0	RECOG_PRES	10	GRATE	657	-999	P	970
1266609363306	0	RECOG_CR_PRES	10	GRATE	657	-999	P	276
1266609363905	1	RECOG_FEEDBACK	1
1266609364714	0	RECOG_PRES	10	GENERAL	630	-999	P	1100
1266609366181	0	RECOG_CR_PRES	10	GENERAL	630	-999	P	369
1266609366872	1	RECOG_FEEDBACK	1
1266609367663	0	RECOG_PRES	10	VESSEL	1558	-999	P	895
1266609368930	0	RECOG_CR_PRES	10	VESSEL	1558	-999	P	365
1266609369597	1	RECOG_FEEDBACK	1
1266609370381	0	RECOG_PRES	10	SHRINE	1298	-999	P	970
1266609371721	0	RECOG_CR_PRES	10	SHRINE	1298	-999	P	350
1266609372397	1	RECOG_FEEDBACK	1
1266609373197	0	RECOG_PRES	10	COP	376	-999	P	745
1266609374306	0	RECOG_CR_PRES	10	COP	376	-999	P	428
1266609375031	1	RECOG_FEEDBACK	1
1266609375821	0	RECOG_PRES	10	FLY	586	-999	P	1161
1266609377347	0	RECOG_CR_PRES	10	FLY	586	-999	P	299
1266609377988	1	RECOG_FEEDBACK	1
1266609378746	0	RECOG_PRES	10	ESSAY	540	-999	P	1429
1266609380554	0	RECOG_CR_PRES	10	ESSAY	540	-999	P	228
1266609381113	1	RECOG_FEEDBACK	1
1266609381854	0	RECOG_PRES	10	MICROPHONE	890	-999	P	1096
1266609383313	0	RECOG_CR_PRES	10	MICROPHONE	890	-999	P	309
1266609383937	1	RECOG_FEEDBACK	1
1266609384662	0	RECOG_PRES	10	PUBLISHER	1137	-999	P	1248
1266609386271	0	RECOG_CR_PRES	10	PUBLISHER	1137	-999	P	303
1266609386895	1	RECOG_FEEDBACK	1
1266609387637	0	RECOG_PRES	10	STAMP	1370	-999	P	1073
1266609389071	0	RECOG_CR_PRES	10	STAMP	1370	-999	P	368
1266609389745	1	RECOG_FEEDBACK	0
1266609390453	0	RECOG_PRES	10	SIDEWALK	1303	-999	P	1081
1266609391903	0	RECOG_CR_PRES	10	SIDEWALK	1303	-999	P	328
1266609392553	1	RECOG_FEEDBACK	0
1266609393329	0	RECOG_PRES	10	CELLO	268	-999	P	1309
1266609395004	0	RECOG_CR_PRES	10	CELLO	268	-999	P	275
1266609395603	1	RECOG_FEEDBACK	1
1266609396329	0	RECOG_PRES	10	BARREL	91	-999	P	2062
1266609398761	0	RECOG_CR_PRES	10	BARREL	91	-999	P	246
1266609399345	1	RECOG_FEEDBACK	1
1266609400079	0	RECOG_PRES	10	DECK	443	-999	P	1024
1266609401478	0	RECOG_CR_PRES	10	DECK	443	-999	P	336
1266609402120	1	RECOG_FEEDBACK	1
1266609402869	0	RECOG_PRES	10	HORIZON	717	-999	P	1538
1266609404777	0	RECOG_CR_PRES	10	HORIZON	717	-999	P	374
1266609405494	1	RECOG_FEEDBACK	1
1266609406287	0	RECOG_PRES	10	MACARONI	851	-999	P	1056
1266609407711	0	RECOG_CR_PRES	10	MACARONI	851	-999	P	263
1266609408295	1	RECOG_FEEDBACK	1
1266609409045	0	RECOG_PRES	10	SHACK	1273	-999	P	1274
1266609410694	0	RECOG_CR_PRES	10	SHACK	1273	-999	P	425
1266609411445	1	RECOG_FEEDBACK	1
1266609412977	0	REST
1266609413860	1	REC_START
1266609413893	0	RECOG_PRES	11	ASH	44	-999	P	1194
1266609415460	0	RECOG_CR_PRES	11	ASH	44	-999	P	354
1266609416119	1	RECOG_FEEDBACK	1
1266609416852	0	RECOG_PRES	11	QUILT	1151	-999	P	938
1266609418152	0	RECOG_CR_PRES	11	QUILT	1151	-999	P	430
1266609418868	1	RECOG_FEEDBACK	1
1266609419651	0	RECOG_PRES	11	PUDDING	1139	-999	P	923
1266609420943	0	RECOG_CR_PRES	11	PUDDING	1139	-999	P	456
1266609421701	1	RECOG_FEEDBACK	1
1266609422493	0	RECOG_PRES	11	HOUND	724	-999	P	874
1266609423743	0	RECOG_CR_PRES	11	HOUND	724	-999	P	384
1266609424435	1	RECOG_FEEDBACK	1
1266609425210	0	RECOG_PRES	11	BAY	102	-999	P	821
1266609426402	0	RECOG_CR_PRES	11	BAY	102	-999	P	300
1266609427018	1	RECOG_FEEDBACK	1
1266609427817	0	RECOG_PRES	11	CHURCH	307	-999	P	949
1266609429135	0	RECOG_CR_PRES	11	CHURCH	307	-999	P	351
1266609429800	1	RECOG_FEEDBACK	1
1266609430542	0	RECOG_PRES	11	DIRECTOR	471	-999	P	859
1266609431800	0	RECOG_CR_PRES	11	DIRECTOR	471	-999	P	375
1266609432492	1	RECOG_FEEDBACK	1
1266609433268	0	RECOG_PRES	11	FLOOR	581	-999	P	1107
1266609434750	0	RECOG_CR_PRES	11	FLOOR	581	-999	P	313
1266609435384	1	RECOG_FEEDBACK	0
1266609436134	0	RECOG_PRES	11	CASHIER	254	-999	P	2249
1266609438758	0	RECOG_CR_PRES	11	CASHIER	254	-999	P	265
1266609439368	1	RECOG_FEEDBACK	1
1266609440142	0	RECOG_PRES	11	MOSQUITO	917	-999	P	953
1266609441466	0	RECOG_CR_PRES	11	MOSQUITO	917	-999	P	260
1266609442042	1	RECOG_FEEDBACK	1
1266609442825	0	RECOG_PRES	11	FAUCET	555	-999	P	981
1266609444167	0	RECOG_CR_PRES	11	FAUCET	555	-999	P	272
1266609444749	1	RECOG_FEEDBACK	1
1266609445541	0	RECOG_PRES	11	RANCH	1166	-999	P	882
1266609446791	0	RECOG_CR_PRES	11	RANCH	1166	-999	P	296
1266609447400	1	RECOG_FEEDBACK	1
1266609448208	0	RECOG_PRES	11	ANGEL	22	-999	P	959
1266609449541	0	RECOG_CR_PRES	11	ANGEL	22	-999	P	233
1266609450092	1	RECOG_FEEDBACK	1
1266609450857	0	RECOG_PRES	11	DETERGENT	455	-999	P	841
1266609452092	0	RECOG_CR_PRES	11	DETERGENT	455	-999	P	283
1266609452682	1	RECOG_FEEDBACK	1
1266609453457	0	RECOG_PRES	11	REPORT	1184	-999	P	942
1266609454774	0	RECOG_CR_PRES	11	REPORT	1184	-999	P	337
1266609455425	1	RECOG_FEEDBACK	1
1266609456233	0	RECOG_PRES	11	OATMEAL	967	-999	P	1373
1266609457982	0	RECOG_CR_PRES	11	OATMEAL	967	-999	P	265
1266609458565	1	RECOG_FEEDBACK	1
1266609459291	0	RECOG_PRES	11	BEAKER	104	-999	P	1163
1266609460823	0	RECOG_CR_PRES	11	BEAKER	104	-999	P	248
1266609461391	1	RECOG_FEEDBACK	1
1266609462133	0	RECOG_PRES	11	CELERY	266	-999	P	1010
1266609463515	0	RECOG_CR_PRES	11	CELERY	266	-999	P	339
1266609464166	1	RECOG_FEEDBACK	1
1266609464948	0	RECOG_PRES	11	BRUNETTE	181	-999	P	1075
1266609466399	0	RECOG_CR_PRES	11	BRUNETTE	181	-999	P	311
1266609467015	1	RECOG_FEEDBACK	1
1266609467814	0	RECOG_PRES	11	BANJO	82	-999	P	920
1266609469099	0	RECOG_CR_PRES	11	BANJO	82	-999	P	348
1266609469756	1	RECOG_FEEDBACK	1
1266609471307	0	REST
1266609472394	1	REC_START
1266609472432	0	RECOG_PRES	12	PHILOSOPHER	1054	-999	P	919
1266609473722	0	RECOG_CR_PRES	12	PHILOSOPHER	1054	-999	P	333
1266609474348	1	RECOG_FEEDBACK	1
1266609475115	0	RECOG_PRES	12	CONSOLE	364	-999	P	840
1266609476348	0	RECOG_CR_PRES	12	CONSOLE	364	-999	P	234
1266609476889	1	RECOG_FEEDBACK	1
1266609477639	0	RECOG_PRES	12	MARS	873	-999	P	784
1266609478797	0	RECOG_CR_PRES	12	MARS	873	-999	P	266
1266609479348	1	RECOG_FEEDBACK	1
1266609480106	0	RECOG_PRES	12	SHAMPOO	1274	-999	P	1117
1266609481597	0	RECOG_CR_PRES	12	SHAMPOO	1274	-999	P	225
1266609482139	1	RECOG_FEEDBACK	1
1266609482930	0	RECOG_PRES	12	WORLD	1622	-999	P	708
1266609484006	0	RECOG_CR_PRES	12	WORLD	1622	-999	P	209
1266609484513	1	RECOG_FEEDBACK	1
1266609485306	0	RECOG_PRES	12	KING	777	-999	P	789
1266609486463	0	RECOG_CR_PRES	12	KING	777	-999	P	231
1266609486980	1	RECOG_FEEDBACK	1
1266609487713	0	RECOG_PRES	12	POPCORN	1104	-999	P	1117
1266609489197	0	RECOG_CR_PRES	12	POPCORN	1104	-999	P	250
1266609489755	1	RECOG_FEEDBACK	1
1266609490479	0	RECOG_PRES	12	MOB	904	-999	P	1055
1266609491904	0	RECOG_CR_PRES	12	MOB	904	-999	P	239
1266609492439	1	RECOG_FEEDBACK	1
1266609493214	0	RECOG_PRES	12	PUPPY	1144	-999	P	720
1266609494297	0	RECOG_CR_PRES	12	PUPPY	1144	-999	P	197
1266609494804	1	RECOG_FEEDBACK	1
1266609495587	0	RECOG_PRES	12	TAXI	1438	-999	P	1123
1266609497072	0	RECOG_CR_PRES	12	TAXI	1438	-999	P	343
1266609497729	1	RECOG_FEEDBACK	0
1266609498446	0	RECOG_PRES	12	CHEF	290	-999	P	1448
1266609500263	0	RECOG_CR_PRES	12	CHEF	290	-999	P	239
1266609500820	1	RECOG_FEEDBACK	0
1266609501537	0	RECOG_PRES	12	EYE	545	-999	P	2253
1266609504154	0	RECOG_CR_PRES	12	EYE	545	-999	P	245
1266609504737	1	RECOG_FEEDBACK	1
1266609505487	0	RECOG_PRES	12	CATERPILLAR	259	-999	P	991
1266609506853	0	RECOG_CR_PRES	12	CATERPILLAR	259	-999	P	202
1266609507371	1	RECOG_FEEDBACK	1
1266609508087	0	RECOG_PRES	12	STRAWBERRY	1391	-999	P	992
1266609509453	0	RECOG_CR_PRES	12	STRAWBERRY	1391	-999	P	209
1266609509970	1	RECOG_FEEDBACK	1
1266609510745	0	RECOG_PRES	12	PUZZLE	1146	-999	P	1085
1266609512195	0	RECOG_CR_PRES	12	PUZZLE	1146	-999	P	275
1266609512786	1	RECOG_FEEDBACK	1
1266609513578	0	RECOG_PRES	12	HEAD	695	-999	P	1044
1266609514994	0	RECOG_CR_PRES	12	HEAD	695	-999	P	277
1266609515586	1	RECOG_FEEDBACK	1
1266609516337	0	RECOG_PRES	12	WART	1590	-999	P	1173
1266609517877	0	RECOG_CR_PRES	12	WART	1590	-999	P	258
1266609518445	1	RECOG_FEEDBACK	1
1266609519253	0	RECOG_PRES	12	CATTLE	261	-999	P	1401
1266609521020	0	RECOG_CR_PRES	12	CATTLE	261	-999	P	251
1266609521585	1	RECOG_FEEDBACK	1
1266609522378	0	RECOG_PRES	12	GLACIER	638	-999	P	877
1266609523627	0	RECOG_CR_PRES	12	GLACIER	638	-999	P	235
1266609524161	1	RECOG_FEEDBACK	1
1266609524894	0	RECOG_PRES	12	DRIVEWAY	500	-999	P	2145
1266609527411	0	RECOG_CR_PRES	12	DRIVEWAY	500	-999	P	307
1266609528069	1	RECOG_FEEDBACK	1
1266609545451	0	REST
1266609546428	1	REC_START
1266609546459	0	RECOG_PRES	13	LUGGAGE	847	-999	P	1676
1266609548508	0	RECOG_CR_PRES	13	LUGGAGE	847	-999	P	250
1266609549084	1	RECOG_FEEDBACK	1
1266609549833	0	RECOG_PRES	13	TEENAGER	1444	-999	P	909
1266609551109	0	RECOG_CR_PRES	13	TEENAGER	1444	-999	P	186
1266609551600	1	RECOG_FEEDBACK	1
1266609552343	0	RECOG_PRES	13	PRISON	1127	-999	P	920
1266609553633	0	RECOG_CR_PRES	13	PRISON	1127	-999	P	165
1266609554101	1	RECOG_FEEDBACK	1
1266609554833	0	RECOG_PRES	13	BOSS	152	-999	P	717
1266609555925	0	RECOG_CR_PRES	13	BOSS	152	-999	P	202
1266609556426	1	RECOG_FEEDBACK	1
1266609557209	0	RECOG_PRES	13	DAM	436	-999	P	1006
1266609558583	0	RECOG_CR_PRES	13	DAM	436	-999	P	207
1266609559084	1	RECOG_FEEDBACK	1
1266609559891	0	RECOG_PRES	13	ELECTRICIAN	521	-999	P	800
1266609561084	0	RECOG_CR_PRES	13	ELECTRICIAN	521	-999	P	187
1266609561574	1	RECOG_FEEDBACK	1
1266609562325	0	RECOG_PRES	13	GROUND	666	-999	P	818
1266609563516	0	RECOG_CR_PRES	13	GROUND	666	-999	P	210
1266609564025	1	RECOG_FEEDBACK	1
1266609564757	0	RECOG_PRES	13	KEEPER	769	-999	P	873
1266609565999	0	RECOG_CR_PRES	13	KEEPER	769	-999	P	136
1266609566441	1	RECOG_FEEDBACK	1
1266609567225	0	RECOG_PRES	13	TYPEWRITER	1531	-999	P	816
1266609568441	0	RECOG_CR_PRES	13	TYPEWRITER	1531	-999	P	125
1266609568874	1	RECOG_FEEDBACK	1
1266609569590	0	RECOG_PRES	13	SWING	1421	-999	P	1248
1266609571200	0	RECOG_CR_PRES	13	SWING	1421	-999	P	167
1266609571690	1	RECOG_FEEDBACK	1
1266609572490	0	RECOG_PRES	13	ORCHESTRA	981	-999	P	685
1266609573548	0	RECOG_CR_PRES	13	ORCHESTRA	981	-999	P	146
1266609573990	1	RECOG_FEEDBACK	1
1266609574765	0	RECOG_PRES	13	PEDESTRIAN	1038	-999	P	1266
1266609576407	0	RECOG_CR_PRES	13	PEDESTRIAN	1038	-999	P	95
1266609576815	1	RECOG_FEEDBACK	1
1266609577540	0	RECOG_PRES	13	HEADBAND	696	-999	P	1362
1266609579266	0	RECOG_CR_PRES	13	HEADBAND	696	-999	P	69
1266609579648	1	RECOG_FEEDBACK	1
1266609580440	0	RECOG_PRES	13	MOWER	928	-999	P	808
1266609581648	0	RECOG_CR_PRES	13	MOWER	928	-999	P	38
1266609581981	1	RECOG_FEEDBACK	0
1266609582723	0	RECOG_PRES	13	PELICAN	1039	-999	P	947
1266609584032	0	RECOG_CR_PRES	13	PELICAN	1039	-999	P	199
1266609584531	1	RECOG_FEEDBACK	1
1266609585249	0	RECOG_PRES	13	STAKE	1368	-999	P	798
1266609586423	0	RECOG_CR_PRES	13	STAKE	1368	-999	P	263
1266609586972	1	RECOG_FEEDBACK	1
1266609587722	0	RECOG_PRES	13	VALLEY	1545	-999	P	1100
1266609589190	0	RECOG_CR_PRES	13	VALLEY	1545	-999	P	217
1266609589714	1	RECOG_FEEDBACK	1
1266609590497	0	RECOG_PRES	13	WINDOW	1611	-999	P	1029
1266609591897	0	RECOG_CR_PRES	13	WINDOW	1611	-999	P	198
1266609592398	1	RECOG_FEEDBACK	1
1266609593190	0	RECOG_PRES	13	RACKET	1155	-999	P	1073
1266609594638	0	RECOG_CR_PRES	13	RACKET	1155	-999	P	184
1266609595131	1	RECOG_FEEDBACK	1
1266609595938	0	RECOG_PRES	13	MILK	895	-999	P	724
1266609597031	0	RECOG_CR_PRES	13	MILK	895	-999	P	144
1266609597455	1	RECOG_FEEDBACK	1
1266609598947	0	REST
1266609600076	1	REC_START
1266609600114	0	RECOG_PRES	14	SEAGULL	1261	-999	P	868
1266609601347	0	RECOG_CR_PRES	14	SEAGULL	1261	-999	P	195
1266609601838	1	RECOG_FEEDBACK	1
1266609602555	0	RECOG_PRES	14	TICKET	1464	-999	P	923
1266609603854	0	RECOG_CR_PRES	14	TICKET	1464	-999	P	161
1266609604322	1	RECOG_FEEDBACK	1
1266609605080	0	RECOG_PRES	14	FIGHTER	564	-999	P	1055
1266609606504	0	RECOG_CR_PRES	14	FIGHTER	564	-999	P	70
1266609606904	1	RECOG_FEEDBACK	1
1266609607613	0	RECOG_PRES	14	BRANCH	168	-999	P	690
1266609608671	0	RECOG_CR_PRES	14	BRANCH	168	-999	P	191
1266609609138	1	RECOG_FEEDBACK	1
1266609609871	0	RECOG_PRES	14	MOTEL	919	-999	P	874
1266609611138	0	RECOG_CR_PRES	14	MOTEL	919	-999	P	221
1266609611645	1	RECOG_FEEDBACK	1
1266609612397	0	RECOG_PRES	14	TUNA	1518	-999	P	978
1266609613745	0	RECOG_CR_PRES	14	TUNA	1518	-999	P	229
1266609614271	1	RECOG_FEEDBACK	1
1266609615030	0	RECOG_PRES	14	CINNAMON	310	-999	P	808
1266609616204	0	RECOG_CR_PRES	14	CINNAMON	310	-999	P	266
1266609616753	1	RECOG_FEEDBACK	1
1266609617528	0	RECOG_PRES	14	ZEBRA	1635	-999	P	783
1266609618687	0	RECOG_CR_PRES	14	ZEBRA	1635	-999	P	279
1266609619271	1	RECOG_FEEDBACK	1
1266609620029	0	RECOG_PRES	14	CITRUS	313	-999	P	881
1266609621279	0	RECOG_CR_PRES	14	CITRUS	313	-999	P	255
1266609621836	1	RECOG_FEEDBACK	1
1266609622611	0	RECOG_PRES	14	CHILD	299	-999	P	1740
1266609624720	0	RECOG_CR_PRES	14	CHILD	299	-999	P	102
1266609625087	1	RECOG_FEEDBACK	-1
1266609625836	0	RECOG_PRES	14	APARTMENT	30	-999	P	770
1266609626969	0	RECOG_CR_PRES	14	APARTMENT	30	-999	P	350
1266609627561	1	RECOG_FEEDBACK	-1
1266609628320	0	RECOG_PRES	14	WATER	1594	-999	P	1071
1266609629761	0	RECOG_CR_PRES	14	WATER	1594	-999	P	358
1266609630437	1	RECOG_FEEDBACK	1
1266609631170	0	RECOG_PRES	14	SHOE	1288	-999	P	1564
1266609633103	0	RECOG_CR_PRES	14	SHOE	1288	-999	P	248
1266609633677	1	RECOG_FEEDBACK	0
1266609634461	0	RECOG_PRES	14	SKULL	1320	-999	P	938
1266609635769	0	RECOG_CR_PRES	14	SKULL	1320	-999	P	294
1266609636361	1	RECOG_FEEDBACK	1
1266609637111	0	RECOG_PRES	14	ROACH	1195	-999	P	857
1266609638370	0	RECOG_CR_PRES	14	ROACH	1195	-999	P	300
1266609638977	1	RECOG_FEEDBACK	1
1266609639777	0	RECOG_PRES	14	NAVIGATOR	938	-999	P	1109
1266609641253	0	RECOG_CR_PRES	14	NAVIGATOR	938	-999	P	209
1266609641785	1	RECOG_FEEDBACK	1
1266609642560	0	RECOG_PRES	14	ENVELOPE	537	-999	P	825
1266609643785	0	RECOG_CR_PRES	14	ENVELOPE	537	-999	P	205
1266609644302	1	RECOG_FEEDBACK	1
1266609645077	0	RECOG_PRES	14	DOLPHIN	483	-999	P	1889
1266609647336	0	RECOG_CR_PRES	14	DOLPHIN	483	-999	P	238
1266609647901	1	RECOG_FEEDBACK	1
1266609648626	0	RECOG_PRES	14	CLOWN	330	-999	P	980
1266609649976	0	RECOG_CR_PRES	14	CLOWN	330	-999	P	287
1266609650568	1	RECOG_FEEDBACK	1
1266609651369	0	RECOG_PRES	14	BUCKET	184	-999	P	1038
1266609652776	0	RECOG_CR_PRES	14	BUCKET	184	-999	P	263
1266609653360	1	RECOG_FEEDBACK	1
1266609654759	0	REST
1266609655893	1	REC_START
1266609655926	0	RECOG_PRES	15	MICROWAVE	892	-999	P	1008
1266609657302	0	RECOG_CR_PRES	15	MICROWAVE	892	-999	P	272
1266609657867	1	RECOG_FEEDBACK	1
1266609658675	0	RECOG_PRES	15	CAPTIVE	240	-999	P	1155
1266609660193	0	RECOG_CR_PRES	15	CAPTIVE	240	-999	P	277
1266609660800	1	RECOG_FEEDBACK	1
1266609661550	0	RECOG_PRES	15	COFFIN	342	-999	P	1553
1266609663475	0	RECOG_CR_PRES	15	COFFIN	342	-999	P	243
1266609664059	1	RECOG_FEEDBACK	1
1266609664808	0	RECOG_PRES	15	RUST	1219	-999	P	950
1266609666126	0	RECOG_CR_PRES	15	RUST	1219	-999	P	265
1266609666708	1	RECOG_FEEDBACK	1
1266609667508	0	RECOG_PRES	15	SKILLET	1317	-999	P	843
1266609668725	0	RECOG_CR_PRES	15	SKILLET	1317	-999	P	282
1266609669317	1	RECOG_FEEDBACK	1
1266609670109	0	RECOG_PRES	15	VAULT	1550	-999	P	809
1266609671284	0	RECOG_CR_PRES	15	VAULT	1550	-999	P	218
1266609671816	1	RECOG_FEEDBACK	1
1266609672549	0	RECOG_PRES	15	TROPHY	1509	-999	P	810
1266609673733	0	RECOG_CR_PRES	15	TROPHY	1509	-999	P	322
1266609674350	1	RECOG_FEEDBACK	1
1266609675142	0	RECOG_PRES	15	BAND	78	-999	P	1233
1266609676749	0	RECOG_CR_PRES	15	BAND	78	-999	P	402
1266609677457	1	RECOG_FEEDBACK	1
1266609678208	0	RECOG_PRES	15	TROMBONE	1508	-999	P	967
1266609679549	0	RECOG_CR_PRES	15	TROMBONE	1508	-999	P	201
1266609680075	1	RECOG_FEEDBACK	1
1266609680840	0	RECOG_PRES	15	WINDSHIELD	1612	-999	P	1046
1266609682250	0	RECOG_CR_PRES	15	WINDSHIELD	1612	-999	P	236
1266609682807	1	RECOG_FEEDBACK	1
1266609683582	0	RECOG_PRES	15	BILL	126	-999	P	968
1266609684924	0	RECOG_CR_PRES	15	BILL	126	-999	P	227
1266609685473	1	RECOG_FEEDBACK	1
1266609686224	0	RECOG_PRES	15	BOUILLON	154	-999	P	959
1266609687557	0	RECOG_CR_PRES	15	BOUILLON	154	-999	P	217
1266609688066	1	RECOG_FEEDBACK	1
1266609688848	0	RECOG_PRES	15	GIRAFFE	636	-999	P	1183
1266609690407	0	RECOG_CR_PRES	15	GIRAFFE	636	-999	P	215
1266609690956	1	RECOG_FEEDBACK	1
1266609691756	0	RECOG_PRES	15	BUG	187	-999	P	898
1266609693016	0	RECOG_CR_PRES	15	BUG	187	-999	P	303
1266609693631	1	RECOG_FEEDBACK	1
1266609694399	0	RECOG_PRES	15	SUN	1406	-999	P	928
1266609695698	0	RECOG_CR_PRES	15	SUN	1406	-999	P	276
1266609696299	1	RECOG_FEEDBACK	1
1266609697090	0	RECOG_PRES	15	MOTOR	922	-999	P	1333
1266609698797	0	RECOG_CR_PRES	15	MOTOR	922	-999	P	234
1266609699348	1	RECOG_FEEDBACK	1
1266609700065	0	RECOG_PRES	15	HOUSE	725	-999	P	821
1266609701248	0	RECOG_CR_PRES	15	HOUSE	725	-999	P	222
1266609701772	1	RECOG_FEEDBACK	1
1266609702547	0	RECOG_PRES	15	SNAIL	1332	-999	P	772
1266609703689	0	RECOG_CR_PRES	15	SNAIL	1332	-999	P	261
1266609704248	1	RECOG_FEEDBACK	1
1266609705006	0	RECOG_PRES	15	OCEAN	970	-999	P	744
1266609706115	0	RECOG_CR_PRES	15	OCEAN	970	-999	P	228
1266609706647	1	RECOG_FEEDBACK	1
1266609707365	0	RECOG_PRES	15	PORTRAIT	1111	-999	P	1369
1266609709098	0	RECOG_CR_PRES	15	PORTRAIT	1111	-999	P	181
1266609709613	1	RECOG_FEEDBACK	1
1266609710363	0	RECOG_END
1266609714022	0	SESS_END
1266609714065	0	E	Logging Ends
