1267571725884	0	B	Logging Begins
1267571725884	0	SESS_START	5
1267571799761	1	FR_PRES	0	LEADER	807	0	1	1262	(0.42259999999999998, 0.58709999999999996, 0)	../fonts/zerothre.ttf	upper
1267571803570	1	FR_PRES	0	HANDBAG	684	0	0	1268	(0.42259999999999998, 0.58709999999999996, 0)	../fonts/zerothre.ttf	upper
1267571807636	1	FR_PRES	0	CHAIN	273	1	0	1162	(0.57740000000000002, 0.41289999999999999, 1.0)	../fonts/amplitud.ttf	lower
1267571811677	1	FR_PRES	0	TUNA	1518	1	1	1354	(0.57740000000000002, 0.41289999999999999, 1.0)	../fonts/amplitud.ttf	lower
1267571815794	1	FR_PRES	0	TART	1436	1	0	1180	(0.57740000000000002, 0.41289999999999999, 1.0)	../fonts/amplitud.ttf	lower
1267571819927	1	FR_PRES	0	STABLE	1363	1	0	1352	(0.57740000000000002, 0.41289999999999999, 1.0)	../fonts/amplitud.ttf	lower
1267571823810	1	FR_PRES	0	FINGER	567	1	0	1261	(0.57740000000000002, 0.41289999999999999, 1.0)	../fonts/amplitud.ttf	lower
1267571827834	1	FR_PRES	0	HEEL	700	0	0	1405	(0.42259999999999998, 0.58709999999999996, 0)	../fonts/zerothre.ttf	upper
1267571831826	1	FR_PRES	0	GOVERNOR	651	0	1	1397	(0.42259999999999998, 0.58709999999999996, 0)	../fonts/zerothre.ttf	upper
1267571835975	1	FR_PRES	0	SUIT	1402	1	0	1015	(0.57740000000000002, 0.41289999999999999, 1.0)	../fonts/amplitud.ttf	lower
1267571840009	1	FR_PRES	0	ROBE	1198	1	0	1334	(0.57740000000000002, 0.41289999999999999, 1.0)	../fonts/amplitud.ttf	lower
1267571844101	1	FR_PRES	0	ZEBRA	1635	1	1	1529	(0.57740000000000002, 0.41289999999999999, 1.0)	../fonts/amplitud.ttf	lower
1267571847975	1	FR_PRES	0	STRANGER	1389	0	1	2320	(0.42259999999999998, 0.58709999999999996, 0)	../fonts/zerothre.ttf	upper
1267571851891	1	FR_PRES	0	COMPANION	357	0	1	1859	(0.42259999999999998, 0.58709999999999996, 0)	../fonts/zerothre.ttf	upper
1267571855824	1	FR_PRES	0	TREASURE	1500	0	0	1902	(0.42259999999999998, 0.58709999999999996, 0)	../fonts/zerothre.ttf	upper
1267571859832	1	FR_PRES	0	LEG	809	0	0	1926	(0.42259999999999998, 0.58709999999999996, 0)	../fonts/zerothre.ttf	upper
1267571865841	1	REC_START
1267571944768	0	REST
1267571946268	1	FR_PRES	1	TREAD	1499	1	0	1394	(0.57740000000000002, 0.41289999999999999, 1.0)	../fonts/amplitud.ttf	lower
1267571950218	1	FR_PRES	1	CITRUS	313	1	1	1053	(0.57740000000000002, 0.41289999999999999, 1.0)	../fonts/amplitud.ttf	lower
1267571954351	1	FR_PRES	1	CASHIER	254	1	1	1152	(0.57740000000000002, 0.41289999999999999, 1.0)	../fonts/amplitud.ttf	lower
1267571958343	1	FR_PRES	1	CASH	252	0	0	1744	(0.42259999999999998, 0.58709999999999996, 0)	../fonts/zerothre.ttf	upper
1267571962159	1	FR_PRES	1	SUBMARINE	1398	0	1	2000	(0.42259999999999998, 0.58709999999999996, 0)	../fonts/zerothre.ttf	upper
1267571966109	1	FR_PRES	1	SHAMPOO	1274	1	0	1314	(0.57740000000000002, 0.41289999999999999, 1.0)	../fonts/amplitud.ttf	lower
1267571969991	1	FR_PRES	1	VEGETABLE	1552	1	1	1088	(0.57740000000000002, 0.41289999999999999, 1.0)	../fonts/amplitud.ttf	lower
1267571974016	1	FR_PRES	1	SAUCER	1237	1	0	686	(0.57740000000000002, 0.41289999999999999, 1.0)	../fonts/amplitud.ttf	lower
1267571978075	1	FR_PRES	1	STEAM	1375	0	0	1500	(0.42259999999999998, 0.58709999999999996, 0)	../fonts/zerothre.ttf	upper
1267571982016	1	FR_PRES	1	LEAF	808	0	0	1487	(0.42259999999999998, 0.58709999999999996, 0)	../fonts/zerothre.ttf	upper
1267571986116	1	FR_PRES	1	SENATOR	1268	0	1	1666	(0.42259999999999998, 0.58709999999999996, 0)	../fonts/zerothre.ttf	upper
1267571990090	1	FR_PRES	1	COOKBOOK	373	0	1	2197	(0.42259999999999998, 0.58709999999999996, 0)	../fonts/zerothre.ttf	upper
1267571994165	1	FR_PRES	1	LAMB	797	0	1	1473	(0.42259999999999998, 0.58709999999999996, 0)	../fonts/zerothre.ttf	upper
1267571998198	1	FR_PRES	1	PEACH	1031	0	0	1576	(0.42259999999999998, 0.58709999999999996, 0)	../fonts/zerothre.ttf	upper
1267572002106	1	FR_PRES	1	SEAL	1262	1	1	1165	(0.57740000000000002, 0.41289999999999999, 1.0)	../fonts/amplitud.ttf	lower
1267572006156	1	FR_PRES	1	BEAST	108	1	1	1658	(0.57740000000000002, 0.41289999999999999, 1.0)	../fonts/amplitud.ttf	lower
1267572011972	1	REC_START
1267572099549	0	REST
1267572101057	1	FR_PRES	2	SURF	1412	0	1	1190	(0.42259999999999998, 0.58709999999999996, 0)	../fonts/zerothre.ttf	upper
1267572105090	1	FR_PRES	2	FISH	571	0	0	1676	(0.42259999999999998, 0.58709999999999996, 0)	../fonts/zerothre.ttf	upper
1267572109265	1	FR_PRES	2	PICTURE	1061	0	0	1862	(0.42259999999999998, 0.58709999999999996, 0)	../fonts/zerothre.ttf	upper
1267572113390	1	FR_PRES	2	PONY	1102	0	1	1737	(0.42259999999999998, 0.58709999999999996, 0)	../fonts/zerothre.ttf	upper
1267572117248	1	FR_PRES	2	SADDLE	1221	0	0	2087	(0.42259999999999998, 0.58709999999999996, 0)	../fonts/zerothre.ttf	upper
1267572121173	1	FR_PRES	2	SHORE	1291	0	1	2010	(0.42259999999999998, 0.58709999999999996, 0)	../fonts/zerothre.ttf	upper
1267572125114	1	FR_PRES	2	CURB	426	0	1	1516	(0.42259999999999998, 0.58709999999999996, 0)	../fonts/zerothre.ttf	upper
1267572129247	1	FR_PRES	2	SPRINKLE	1359	0	0	2391	(0.42259999999999998, 0.58709999999999996, 0)	../fonts/zerothre.ttf	upper
1267572133313	1	FR_PRES	2	TUB	1514	0	0	1365	(0.42259999999999998, 0.58709999999999996, 0)	../fonts/zerothre.ttf	upper
1267572137321	1	FR_PRES	2	RAISIN	1163	0	0	1894	(0.42259999999999998, 0.58709999999999996, 0)	../fonts/zerothre.ttf	upper
1267572141130	1	FR_PRES	2	MOON	914	0	1	820	(0.42259999999999998, 0.58709999999999996, 0)	../fonts/zerothre.ttf	upper
1267572145329	1	FR_PRES	2	DRAWING	494	0	0	1910	(0.42259999999999998, 0.58709999999999996, 0)	../fonts/zerothre.ttf	upper
1267572149304	1	FR_PRES	2	PAN	1008	0	0	1239	(0.42259999999999998, 0.58709999999999996, 0)	../fonts/zerothre.ttf	upper
1267572153270	1	FR_PRES	2	APRON	35	0	1	1169	(0.42259999999999998, 0.58709999999999996, 0)	../fonts/zerothre.ttf	upper
1267572157453	1	FR_PRES	2	LUGGAGE	847	0	1	930	(0.42259999999999998, 0.58709999999999996, 0)	../fonts/zerothre.ttf	upper
1267572161619	1	FR_PRES	2	WELL	1600	0	1	1756	(0.42259999999999998, 0.58709999999999996, 0)	../fonts/zerothre.ttf	upper
1267572167602	1	REC_START
1267572255430	0	REST
1267572256937	1	FR_PRES	3	ASSISTANT	48	1	1	1438	(0.57740000000000002, 0.41289999999999999, 1.0)	../fonts/amplitud.ttf	lower
1267572261071	1	FR_PRES	3	HALL	677	1	0	823	(0.57740000000000002, 0.41289999999999999, 1.0)	../fonts/amplitud.ttf	lower
1267572264961	1	FR_PRES	3	CELERY	266	0	0	1382	(0.42259999999999998, 0.58709999999999996, 0)	../fonts/zerothre.ttf	upper
1267572268928	1	FR_PRES	3	BRAN	167	0	0	1567	(0.42259999999999998, 0.58709999999999996, 0)	../fonts/zerothre.ttf	upper
1267572272919	1	FR_PRES	3	CHART	282	0	0	1823	(0.42259999999999998, 0.58709999999999996, 0)	../fonts/zerothre.ttf	upper
1267572276769	1	FR_PRES	3	SKETCH	1315	0	0	1734	(0.42259999999999998, 0.58709999999999996, 0)	../fonts/zerothre.ttf	upper
1267572280902	1	FR_PRES	3	CABBAGE	210	0	0	1561	(0.42259999999999998, 0.58709999999999996, 0)	../fonts/zerothre.ttf	upper
1267572284968	1	FR_PRES	3	PIRATE	1074	0	1	1567	(0.42259999999999998, 0.58709999999999996, 0)	../fonts/zerothre.ttf	upper
1267572288926	1	FR_PRES	3	CREW	406	1	1	1209	(0.57740000000000002, 0.41289999999999999, 1.0)	../fonts/amplitud.ttf	lower
1267572292951	1	FR_PRES	3	ANT	25	1	1	1232	(0.57740000000000002, 0.41289999999999999, 1.0)	../fonts/amplitud.ttf	lower
1267572297027	1	FR_PRES	3	CLOTHES	327	1	0	1068	(0.57740000000000002, 0.41289999999999999, 1.0)	../fonts/amplitud.ttf	lower
1267572301101	1	FR_PRES	3	COOLER	375	1	0	1098	(0.57740000000000002, 0.41289999999999999, 1.0)	../fonts/amplitud.ttf	lower
1267572305259	1	FR_PRES	3	GAZELLE	628	0	1	1780	(0.42259999999999998, 0.58709999999999996, 0)	../fonts/zerothre.ttf	upper
1267572309276	1	FR_PRES	3	BROCCOLI	176	0	0	2131	(0.42259999999999998, 0.58709999999999996, 0)	../fonts/zerothre.ttf	upper
1267572313192	1	FR_PRES	3	BRANDY	169	1	0	1343	(0.57740000000000002, 0.41289999999999999, 1.0)	../fonts/amplitud.ttf	lower
1267572317275	1	FR_PRES	3	THORN	1459	1	0	2611	(0.57740000000000002, 0.41289999999999999, 1.0)	../fonts/amplitud.ttf	lower
1267572323084	1	REC_START
1267572408901	0	REST
1267572410402	1	FR_PRES	4	CATCHER	258	1	1	1093	(0.57740000000000002, 0.41289999999999999, 1.0)	../fonts/amplitud.ttf	lower
1267572414218	1	FR_PRES	4	YARD	1630	1	0	756	(0.57740000000000002, 0.41289999999999999, 1.0)	../fonts/amplitud.ttf	lower
1267572418151	1	FR_PRES	4	LANDSCAPE	799	1	0	1384	(0.57740000000000002, 0.41289999999999999, 1.0)	../fonts/amplitud.ttf	lower
1267572422026	1	FR_PRES	4	MARINE	869	1	1	1037	(0.57740000000000002, 0.41289999999999999, 1.0)	../fonts/amplitud.ttf	lower
1267572426209	1	FR_PRES	4	FAUCET	555	1	0	733	(0.57740000000000002, 0.41289999999999999, 1.0)	../fonts/amplitud.ttf	lower
1267572430417	1	FR_PRES	4	STEWARDESS	1381	1	1	1006	(0.57740000000000002, 0.41289999999999999, 1.0)	../fonts/amplitud.ttf	lower
1267572434383	1	FR_PRES	4	SALOON	1228	1	0	1136	(0.57740000000000002, 0.41289999999999999, 1.0)	../fonts/amplitud.ttf	lower
1267572438425	1	FR_PRES	4	SOFTBALL	1343	1	0	1150	(0.57740000000000002, 0.41289999999999999, 1.0)	../fonts/amplitud.ttf	lower
1267572442623	1	FR_PRES	4	NET	946	1	0	1696	(0.57740000000000002, 0.41289999999999999, 1.0)	../fonts/amplitud.ttf	lower
1267572446723	1	FR_PRES	4	ROPE	1211	1	0	1011	(0.57740000000000002, 0.41289999999999999, 1.0)	../fonts/amplitud.ttf	lower
1267572450623	1	FR_PRES	4	FARMER	553	1	1	752	(0.57740000000000002, 0.41289999999999999, 1.0)	../fonts/amplitud.ttf	lower
1267572454648	1	FR_PRES	4	QUEEN	1149	1	1	1246	(0.57740000000000002, 0.41289999999999999, 1.0)	../fonts/amplitud.ttf	lower
1267572458532	1	FR_PRES	4	EMPIRE	530	1	0	1282	(0.57740000000000002, 0.41289999999999999, 1.0)	../fonts/amplitud.ttf	lower
1267572462431	1	FR_PRES	4	POLE	1097	1	0	1072	(0.57740000000000002, 0.41289999999999999, 1.0)	../fonts/amplitud.ttf	lower
1267572466339	1	FR_PRES	4	HELICOPTER	701	1	0	1291	(0.57740000000000002, 0.41289999999999999, 1.0)	../fonts/amplitud.ttf	lower
1267572470464	1	FR_PRES	4	COUNTY	389	1	0	1390	(0.57740000000000002, 0.41289999999999999, 1.0)	../fonts/amplitud.ttf	lower
1267572476523	1	REC_START
1267572560823	0	REST
1267572562324	1	FR_PRES	5	BANKER	84	0	1	1075	(0.42259999999999998, 0.58709999999999996, 0)	../fonts/zerothre.ttf	upper
1267572566457	1	FR_PRES	5	OFFICE	972	0	1	2253	(0.42259999999999998, 0.58709999999999996, 0)	../fonts/zerothre.ttf	upper
1267572570540	1	FR_PRES	5	PORTRAIT	1111	0	1	1667	(0.42259999999999998, 0.58709999999999996, 0)	../fonts/zerothre.ttf	upper
1267572574606	1	FR_PRES	5	GIRAFFE	636	0	1	2152	(0.42259999999999998, 0.58709999999999996, 0)	../fonts/zerothre.ttf	upper
1267572578772	1	FR_PRES	5	FARM	552	1	0	1275	(0.57740000000000002, 0.41289999999999999, 1.0)	../fonts/amplitud.ttf	lower
1267572582947	1	FR_PRES	5	FLOWER	584	1	1	1883	(0.57740000000000002, 0.41289999999999999, 1.0)	../fonts/amplitud.ttf	lower
1267572586813	1	FR_PRES	5	STEM	1376	0	0	1322	(0.42259999999999998, 0.58709999999999996, 0)	../fonts/zerothre.ttf	upper
1267572590963	1	FR_PRES	5	BARTENDER	92	0	1	1891	(0.42259999999999998, 0.58709999999999996, 0)	../fonts/zerothre.ttf	upper
1267572595088	1	FR_PRES	5	BEARD	107	0	1	1614	(0.42259999999999998, 0.58709999999999996, 0)	../fonts/zerothre.ttf	upper
1267572599155	1	FR_PRES	5	STONE	1385	0	0	1427	(0.42259999999999998, 0.58709999999999996, 0)	../fonts/zerothre.ttf	upper
1267572603113	1	FR_PRES	5	STRAW	1390	1	0	1270	(0.57740000000000002, 0.41289999999999999, 1.0)	../fonts/amplitud.ttf	lower
1267572607121	1	FR_PRES	5	BROOM	178	1	0	1998	(0.57740000000000002, 0.41289999999999999, 1.0)	../fonts/amplitud.ttf	lower
1267572611004	1	FR_PRES	5	CLIPPERS	324	1	0	1658	(0.57740000000000002, 0.41289999999999999, 1.0)	../fonts/amplitud.ttf	lower
1267572614969	1	FR_PRES	5	CHISEL	305	1	0	1382	(0.57740000000000002, 0.41289999999999999, 1.0)	../fonts/amplitud.ttf	lower
1267572618986	1	FR_PRES	5	EMPLOYEE	531	1	1	1245	(0.57740000000000002, 0.41289999999999999, 1.0)	../fonts/amplitud.ttf	lower
1267572623095	1	FR_PRES	5	BUILDER	190	1	1	1056	(0.57740000000000002, 0.41289999999999999, 1.0)	../fonts/amplitud.ttf	lower
1267572629070	1	REC_START
1267572718729	0	REST
1267572720230	1	FR_PRES	6	CABINET	212	-1	-1	-1267572720230	white	../fonts/Verdana.ttf	upper
1267572724438	1	FR_PRES	6	WALNUT	1584	-1	-1	-1267572724438	white	../fonts/Verdana.ttf	upper
1267572728537	1	FR_PRES	6	OCTOPUS	971	-1	-1	-1267572728537	white	../fonts/Verdana.ttf	upper
1267572732512	1	FR_PRES	6	SWAMP	1416	-1	-1	-1267572732512	white	../fonts/Verdana.ttf	upper
1267572736412	1	FR_PRES	6	PUBLISHER	1137	-1	-1	-1267572736412	white	../fonts/Verdana.ttf	upper
1267572740295	1	FR_PRES	6	CHEST	295	-1	-1	-1267572740295	white	../fonts/Verdana.ttf	upper
1267572744228	1	FR_PRES	6	WOLF	1619	-1	-1	-1267572744228	white	../fonts/Verdana.ttf	upper
1267572748303	1	FR_PRES	6	MINK	897	-1	-1	-1267572748303	white	../fonts/Verdana.ttf	upper
1267572752336	1	FR_PRES	6	BARN	89	-1	-1	-1267572752336	white	../fonts/Verdana.ttf	upper
1267572756469	1	FR_PRES	6	GARDEN	623	-1	-1	-1267572756469	white	../fonts/Verdana.ttf	upper
1267572760335	1	FR_PRES	6	TUXEDO	1525	-1	-1	-1267572760335	white	../fonts/Verdana.ttf	upper
1267572764168	1	FR_PRES	6	ATTIRE	57	-1	-1	-1267572764168	white	../fonts/Verdana.ttf	upper
1267572767992	1	FR_PRES	6	OX	994	-1	-1	-1267572767992	white	../fonts/Verdana.ttf	upper
1267572771808	1	FR_PRES	6	CANAL	226	-1	-1	-1267572771808	white	../fonts/Verdana.ttf	upper
1267572775916	1	FR_PRES	6	DOORBELL	487	-1	-1	-1267572775916	white	../fonts/Verdana.ttf	upper
1267572779874	1	FR_PRES	6	SAPPHIRE	1234	-1	-1	-1267572779874	white	../fonts/Verdana.ttf	upper
1267572785591	1	REC_START
1267572870302	0	REST
1267572871809	1	FR_PRES	7	RELATIVE	1182	1	0	1310	(0.57740000000000002, 0.41289999999999999, 1.0)	../fonts/amplitud.ttf	lower
1267572875634	1	FR_PRES	7	HOOK	715	1	0	1356	(0.57740000000000002, 0.41289999999999999, 1.0)	../fonts/amplitud.ttf	lower
1267572879667	1	FR_PRES	7	LOBSTER	837	1	1	1027	(0.57740000000000002, 0.41289999999999999, 1.0)	../fonts/amplitud.ttf	lower
1267572883692	1	FR_PRES	7	LIVER	833	1	1	970	(0.57740000000000002, 0.41289999999999999, 1.0)	../fonts/amplitud.ttf	lower
1267572887866	1	FR_PRES	7	BANQUET	86	1	0	1060	(0.57740000000000002, 0.41289999999999999, 1.0)	../fonts/amplitud.ttf	lower
1267572892067	1	FR_PRES	7	ESSAY	540	1	0	1060	(0.57740000000000002, 0.41289999999999999, 1.0)	../fonts/amplitud.ttf	lower
1267572896050	1	FR_PRES	7	BLUEPRINT	142	1	0	828	(0.57740000000000002, 0.41289999999999999, 1.0)	../fonts/amplitud.ttf	lower
1267572899966	1	FR_PRES	7	BUTCHER	203	1	1	992	(0.57740000000000002, 0.41289999999999999, 1.0)	../fonts/amplitud.ttf	lower
1267572903982	1	FR_PRES	7	DINNER	468	1	0	1233	(0.57740000000000002, 0.41289999999999999, 1.0)	../fonts/amplitud.ttf	lower
1267572908108	1	FR_PRES	7	FRIEND	606	1	1	1235	(0.57740000000000002, 0.41289999999999999, 1.0)	../fonts/amplitud.ttf	lower
1267572912299	1	FR_PRES	7	ORNAMENT	985	1	0	1108	(0.57740000000000002, 0.41289999999999999, 1.0)	../fonts/amplitud.ttf	lower
1267572916432	1	FR_PRES	7	DRAGON	492	1	1	1254	(0.57740000000000002, 0.41289999999999999, 1.0)	../fonts/amplitud.ttf	lower
1267572920631	1	FR_PRES	7	TORCH	1484	1	0	1079	(0.57740000000000002, 0.41289999999999999, 1.0)	../fonts/amplitud.ttf	lower
1267572924680	1	FR_PRES	7	PEBBLE	1035	1	0	735	(0.57740000000000002, 0.41289999999999999, 1.0)	../fonts/amplitud.ttf	lower
1267572928830	1	FR_PRES	7	GALAXY	617	1	1	1417	(0.57740000000000002, 0.41289999999999999, 1.0)	../fonts/amplitud.ttf	lower
1267572932697	1	FR_PRES	7	SQUID	1361	1	1	854	(0.57740000000000002, 0.41289999999999999, 1.0)	../fonts/amplitud.ttf	lower
1267572938688	1	REC_START
1267573026807	0	REST
1267573028307	1	FR_PRES	8	ADULT	8	-1	-1	-1267573028307	white	../fonts/Verdana.ttf	upper
1267573032174	1	FR_PRES	8	FATHER	554	-1	-1	-1267573032174	white	../fonts/Verdana.ttf	upper
1267573036132	1	FR_PRES	8	POCKET	1093	-1	-1	-1267573036132	white	../fonts/Verdana.ttf	upper
1267573040156	1	FR_PRES	8	FOUNTAIN	597	-1	-1	-1267573040156	white	../fonts/Verdana.ttf	upper
1267573044206	1	FR_PRES	8	BANDAGE	79	-1	-1	-1267573044206	white	../fonts/Verdana.ttf	upper
1267573048248	1	FR_PRES	8	OINTMENT	974	-1	-1	-1267573048248	white	../fonts/Verdana.ttf	upper
1267573052447	1	FR_PRES	8	WATERFALL	1595	-1	-1	-1267573052447	white	../fonts/Verdana.ttf	upper
1267573056322	1	FR_PRES	8	TRAY	1498	-1	-1	-1267573056322	white	../fonts/Verdana.ttf	upper
1267573060430	1	FR_PRES	8	PURSE	1145	-1	-1	-1267573060430	white	../fonts/Verdana.ttf	upper
1267573064280	1	FR_PRES	8	BANJO	82	-1	-1	-1267573064280	white	../fonts/Verdana.ttf	upper
1267573068396	1	FR_PRES	8	CONCERT	360	-1	-1	-1267573068396	white	../fonts/Verdana.ttf	upper
1267573072421	1	FR_PRES	8	HANDCUFFS	685	-1	-1	-1267573072421	white	../fonts/Verdana.ttf	upper
1267573076262	1	FR_PRES	8	GOO	648	-1	-1	-1267573076262	white	../fonts/Verdana.ttf	upper
1267573080312	1	FR_PRES	8	LAGOON	795	-1	-1	-1267573080312	white	../fonts/Verdana.ttf	upper
1267573084495	1	FR_PRES	8	ALLIGATOR	16	-1	-1	-1267573084495	white	../fonts/Verdana.ttf	upper
1267573088602	1	FR_PRES	8	AUTHOR	61	-1	-1	-1267573088602	white	../fonts/Verdana.ttf	upper
1267573094270	1	REC_START
1267573184038	0	REST
1267573185546	1	FR_PRES	9	GRASS	655	-1	-1	-1267573185546	white	../fonts/Verdana.ttf	upper
1267573189529	1	FR_PRES	9	PIANO	1057	-1	-1	-1267573189529	white	../fonts/Verdana.ttf	upper
1267573193554	1	FR_PRES	9	BRUISE	180	-1	-1	-1267573193554	white	../fonts/Verdana.ttf	upper
1267573197702	1	FR_PRES	9	GLASSES	640	-1	-1	-1267573197702	white	../fonts/Verdana.ttf	upper
1267573201610	1	FR_PRES	9	CONTAINER	366	-1	-1	-1267573201610	white	../fonts/Verdana.ttf	upper
1267573205561	1	FR_PRES	9	GLACIER	638	-1	-1	-1267573205561	white	../fonts/Verdana.ttf	upper
1267573209553	1	FR_PRES	9	MEADOW	881	-1	-1	-1267573209553	white	../fonts/Verdana.ttf	upper
1267573213751	1	FR_PRES	9	ROBOT	1200	-1	-1	-1267573213751	white	../fonts/Verdana.ttf	upper
1267573217809	1	FR_PRES	9	CONVICT	371	-1	-1	-1267573217809	white	../fonts/Verdana.ttf	upper
1267573221784	1	FR_PRES	9	COLOGNE	347	-1	-1	-1267573221784	white	../fonts/Verdana.ttf	upper
1267573225817	1	FR_PRES	9	DEODORANT	448	-1	-1	-1267573225817	white	../fonts/Verdana.ttf	upper
1267573229792	1	FR_PRES	9	SNACK	1331	-1	-1	-1267573229792	white	../fonts/Verdana.ttf	upper
1267573233983	1	FR_PRES	9	PIZZA	1079	-1	-1	-1267573233983	white	../fonts/Verdana.ttf	upper
1267573238000	1	FR_PRES	9	ULCER	1533	-1	-1	-1267573238000	white	../fonts/Verdana.ttf	upper
1267573242125	1	FR_PRES	9	RADISH	1158	-1	-1	-1267573242125	white	../fonts/Verdana.ttf	upper
1267573246092	1	FR_PRES	9	SPINACH	1352	-1	-1	-1267573246092	white	../fonts/Verdana.ttf	upper
1267573252183	1	REC_START
1267573333659	0	REST
1267573335160	1	FR_PRES	10	PENGUIN	1044	0	1	1303	(0.42259999999999998, 0.58709999999999996, 0)	../fonts/zerothre.ttf	upper
1267573339252	1	FR_PRES	10	CROW	414	0	0	1859	(0.42259999999999998, 0.58709999999999996, 0)	../fonts/zerothre.ttf	upper
1267573343218	1	FR_PRES	10	TIE	1466	0	0	1652	(0.42259999999999998, 0.58709999999999996, 0)	../fonts/zerothre.ttf	upper
1267573347068	1	FR_PRES	10	REEF	1177	0	0	1818	(0.42259999999999998, 0.58709999999999996, 0)	../fonts/zerothre.ttf	upper
1267573351142	1	FR_PRES	10	ISLAND	745	0	1	1736	(0.42259999999999998, 0.58709999999999996, 0)	../fonts/zerothre.ttf	upper
1267573355217	1	FR_PRES	10	LAWN	805	0	1	2230	(0.42259999999999998, 0.58709999999999996, 0)	../fonts/zerothre.ttf	upper
1267573359225	1	FR_PRES	10	POPE	1105	0	1	2134	(0.42259999999999998, 0.58709999999999996, 0)	../fonts/zerothre.ttf	upper
1267573363217	1	FR_PRES	10	GROCERIES	663	0	1	2030	(0.42259999999999998, 0.58709999999999996, 0)	../fonts/zerothre.ttf	upper
1267573367350	1	FR_PRES	10	BEET	115	0	0	1225	(0.42259999999999998, 0.58709999999999996, 0)	../fonts/zerothre.ttf	upper
1267573371216	1	FR_PRES	10	TEMPLE	1448	0	1	1319	(0.42259999999999998, 0.58709999999999996, 0)	../fonts/zerothre.ttf	upper
1267573375191	1	FR_PRES	10	SOLDIER	1344	0	1	1816	(0.42259999999999998, 0.58709999999999996, 0)	../fonts/zerothre.ttf	upper
1267573379149	1	FR_PRES	10	SEED	1266	0	0	1665	(0.42259999999999998, 0.58709999999999996, 0)	../fonts/zerothre.ttf	upper
1267573383140	1	FR_PRES	10	COURSE	390	0	1	1594	(0.42259999999999998, 0.58709999999999996, 0)	../fonts/zerothre.ttf	upper
1267573387306	1	FR_PRES	10	TAG	1429	0	1	1396	(0.42259999999999998, 0.58709999999999996, 0)	../fonts/zerothre.ttf	upper
1267573391364	1	FR_PRES	10	TRACTOR	1493	0	1	651	(0.42259999999999998, 0.58709999999999996, 0)	../fonts/zerothre.ttf	upper
1267573395298	1	FR_PRES	10	GENERAL	630	0	1	1340	(0.42259999999999998, 0.58709999999999996, 0)	../fonts/zerothre.ttf	upper
1267573401073	1	REC_START
1267573489416	0	REST
1267573490923	1	FR_PRES	11	WALLET	1583	1	0	1027	(0.57740000000000002, 0.41289999999999999, 1.0)	../fonts/amplitud.ttf	lower
1267573494914	1	FR_PRES	11	CONSOLE	364	1	0	1157	(0.57740000000000002, 0.41289999999999999, 1.0)	../fonts/amplitud.ttf	lower
1267573498947	1	FR_PRES	11	AGENT	10	0	1	1244	(0.42259999999999998, 0.58709999999999996, 0)	../fonts/zerothre.ttf	upper
1267573502856	1	FR_PRES	11	EMPLOYER	532	0	1	1399	(0.42259999999999998, 0.58709999999999996, 0)	../fonts/zerothre.ttf	upper
1267573506714	1	FR_PRES	11	SPONGE	1355	0	0	1781	(0.42259999999999998, 0.58709999999999996, 0)	../fonts/zerothre.ttf	upper
1267573510713	1	FR_PRES	11	MANSION	864	0	1	1277	(0.42259999999999998, 0.58709999999999996, 0)	../fonts/zerothre.ttf	upper
1267573514821	1	FR_PRES	11	PARROT	1015	1	1	993	(0.57740000000000002, 0.41289999999999999, 1.0)	../fonts/amplitud.ttf	lower
1267573518954	1	FR_PRES	11	PUMP	1141	1	0	1421	(0.57740000000000002, 0.41289999999999999, 1.0)	../fonts/amplitud.ttf	lower
1267573522796	1	FR_PRES	11	HERB	704	1	1	1170	(0.57740000000000002, 0.41289999999999999, 1.0)	../fonts/amplitud.ttf	lower
1267573526862	1	FR_PRES	11	SPICE	1350	1	0	2353	(0.57740000000000002, 0.41289999999999999, 1.0)	../fonts/amplitud.ttf	lower
1267573530937	1	FR_PRES	11	COURT	391	1	0	1334	(0.57740000000000002, 0.41289999999999999, 1.0)	../fonts/amplitud.ttf	lower
1267573535071	1	FR_PRES	11	CHURCH	307	1	0	1160	(0.57740000000000002, 0.41289999999999999, 1.0)	../fonts/amplitud.ttf	lower
1267573539062	1	FR_PRES	11	ANTELOPE	27	0	1	1033	(0.42259999999999998, 0.58709999999999996, 0)	../fonts/zerothre.ttf	upper
1267573542894	1	FR_PRES	11	CARDINAL	244	0	1	1657	(0.42259999999999998, 0.58709999999999996, 0)	../fonts/zerothre.ttf	upper
1267573547020	1	FR_PRES	11	CATTLE	261	0	1	1547	(0.42259999999999998, 0.58709999999999996, 0)	../fonts/zerothre.ttf	upper
1267573551003	1	FR_PRES	11	RANCH	1166	0	1	1723	(0.42259999999999998, 0.58709999999999996, 0)	../fonts/zerothre.ttf	upper
1267573556969	1	REC_START
1267573632564	1	REST
1267573829516	1	FR_PRES	12	GARLIC	624	0	-999	3000	(0.42259999999999998, 0.58709999999999996, 0)	../fonts/zerothre.ttf	upper
1267573832541	1	SLOW_MSG
1267573835166	1	FR_PRES	12	PRESIDENT	1121	0	1	1720	(0.42259999999999998, 0.58709999999999996, 0)	../fonts/zerothre.ttf	upper
1267573839291	1	FR_PRES	12	MAGICIAN	854	0	1	1379	(0.42259999999999998, 0.58709999999999996, 0)	../fonts/zerothre.ttf	upper
1267573843474	1	FR_PRES	12	GARBAGE	622	0	1	1629	(0.42259999999999998, 0.58709999999999996, 0)	../fonts/zerothre.ttf	upper
1267573847457	1	FR_PRES	12	STOMACH	1384	0	0	1309	(0.42259999999999998, 0.58709999999999996, 0)	../fonts/zerothre.ttf	upper
1267573851298	1	FR_PRES	12	HUMAN	726	0	1	1644	(0.42259999999999998, 0.58709999999999996, 0)	../fonts/zerothre.ttf	upper
1267573855206	1	FR_PRES	12	BLUEBERRY	140	0	1	1400	(0.42259999999999998, 0.58709999999999996, 0)	../fonts/zerothre.ttf	upper
1267573859406	1	FR_PRES	12	SCREWDRIVER	1255	0	1	1665	(0.42259999999999998, 0.58709999999999996, 0)	../fonts/zerothre.ttf	upper
1267573863331	1	FR_PRES	12	ONION	977	0	0	1611	(0.42259999999999998, 0.58709999999999996, 0)	../fonts/zerothre.ttf	upper
1267573867455	1	FR_PRES	12	APPLE	33	0	0	1016	(0.42259999999999998, 0.58709999999999996, 0)	../fonts/zerothre.ttf	upper
1267573871288	1	FR_PRES	12	MECHANIC	884	0	1	1927	(0.42259999999999998, 0.58709999999999996, 0)	../fonts/zerothre.ttf	upper
1267573875480	1	FR_PRES	12	BASKET	95	0	1	1238	(0.42259999999999998, 0.58709999999999996, 0)	../fonts/zerothre.ttf	upper
1267573879620	1	FR_PRES	12	TABLE	1426	0	1	1058	(0.42259999999999998, 0.58709999999999996, 0)	../fonts/zerothre.ttf	upper
1267573883761	1	FR_PRES	12	BUTTERFLY	206	0	0	2061	(0.42259999999999998, 0.58709999999999996, 0)	../fonts/zerothre.ttf	upper
1267573887644	1	FR_PRES	12	HAND	683	0	1	2507	(0.42259999999999998, 0.58709999999999996, 0)	../fonts/zerothre.ttf	upper
1267573891478	1	FR_PRES	12	PALM	1007	0	1	1089	(0.42259999999999998, 0.58709999999999996, 0)	../fonts/zerothre.ttf	upper
1267573897454	1	REC_START
1267573982264	0	REST
1267573983771	1	FR_PRES	13	CHOCOLATE	306	1	0	1428	(0.57740000000000002, 0.41289999999999999, 1.0)	../fonts/amplitud.ttf	lower
1267573987604	1	FR_PRES	13	WARRIOR	1589	1	1	1130	(0.57740000000000002, 0.41289999999999999, 1.0)	../fonts/amplitud.ttf	lower
1267573991555	1	FR_PRES	13	SWIMMER	1420	1	1	1227	(0.57740000000000002, 0.41289999999999999, 1.0)	../fonts/amplitud.ttf	lower
1267573995571	1	FR_PRES	13	SEASHORE	1263	1	0	844	(0.57740000000000002, 0.41289999999999999, 1.0)	../fonts/amplitud.ttf	lower
1267573999537	1	FR_PRES	13	ICEBERG	731	1	0	1285	(0.57740000000000002, 0.41289999999999999, 1.0)	../fonts/amplitud.ttf	lower
1267574003362	1	FR_PRES	13	TOMATO	1476	1	1	1973	(0.57740000000000002, 0.41289999999999999, 1.0)	../fonts/amplitud.ttf	lower
1267574007304	1	FR_PRES	13	MULE	931	1	1	1759	(0.57740000000000002, 0.41289999999999999, 1.0)	../fonts/amplitud.ttf	lower
1267574011403	1	FR_PRES	13	SLACKS	1323	1	0	1291	(0.57740000000000002, 0.41289999999999999, 1.0)	../fonts/amplitud.ttf	lower
1267574015436	1	FR_PRES	13	FIREMAN	569	1	1	1442	(0.57740000000000002, 0.41289999999999999, 1.0)	../fonts/amplitud.ttf	lower
1267574019635	1	FR_PRES	13	KING	777	1	1	740	(0.57740000000000002, 0.41289999999999999, 1.0)	../fonts/amplitud.ttf	lower
1267574023601	1	FR_PRES	13	PRINCESS	1125	1	1	1189	(0.57740000000000002, 0.41289999999999999, 1.0)	../fonts/amplitud.ttf	lower
1267574027793	1	FR_PRES	13	VESSEL	1558	1	0	1797	(0.57740000000000002, 0.41289999999999999, 1.0)	../fonts/amplitud.ttf	lower
1267574031684	1	FR_PRES	13	BOAT	144	1	0	962	(0.57740000000000002, 0.41289999999999999, 1.0)	../fonts/amplitud.ttf	lower
1267574035867	1	FR_PRES	13	JEANS	752	1	0	979	(0.57740000000000002, 0.41289999999999999, 1.0)	../fonts/amplitud.ttf	lower
1267574039983	1	FR_PRES	13	PLIERS	1089	1	0	943	(0.57740000000000002, 0.41289999999999999, 1.0)	../fonts/amplitud.ttf	lower
1267574043842	1	FR_PRES	13	MINT	898	1	0	1253	(0.57740000000000002, 0.41289999999999999, 1.0)	../fonts/amplitud.ttf	lower
1267574049575	1	REC_START
1267574136153	0	REST
1267574137660	1	FR_PRES	14	LAUNDRY	803	-1	-1	-1267574137660	white	../fonts/Verdana.ttf	upper
1267574141601	1	FR_PRES	14	TAR	1435	-1	-1	-1267574141601	white	../fonts/Verdana.ttf	upper
1267574145659	1	FR_PRES	14	SUPERVISOR	1410	-1	-1	-1267574145659	white	../fonts/Verdana.ttf	upper
1267574149502	1	FR_PRES	14	HANGER	687	-1	-1	-1267574149502	white	../fonts/Verdana.ttf	upper
1267574153617	1	FR_PRES	14	CAMEL	223	-1	-1	-1267574153617	white	../fonts/Verdana.ttf	upper
1267574157675	1	FR_PRES	14	ESCALATOR	539	-1	-1	-1267574157675	white	../fonts/Verdana.ttf	upper
1267574161800	1	FR_PRES	14	CHICK	296	-1	-1	-1267574161800	white	../fonts/Verdana.ttf	upper
1267574165958	1	FR_PRES	14	OUTDOORS	987	-1	-1	-1267574165958	white	../fonts/Verdana.ttf	upper
1267574169982	1	FR_PRES	14	MERMAID	887	-1	-1	-1267574169982	white	../fonts/Verdana.ttf	upper
1267574174192	1	FR_PRES	14	FOLLOWER	589	-1	-1	-1267574174192	white	../fonts/Verdana.ttf	upper
1267574178050	1	FR_PRES	14	ORCHESTRA	981	-1	-1	-1267574178050	white	../fonts/Verdana.ttf	upper
1267574181990	1	FR_PRES	14	SAXOPHONE	1240	-1	-1	-1267574181990	white	../fonts/Verdana.ttf	upper
1267574186024	1	FR_PRES	14	TOURIST	1488	-1	-1	-1267574186024	white	../fonts/Verdana.ttf	upper
1267574190165	1	FR_PRES	14	FRANCE	601	-1	-1	-1267574190165	white	../fonts/Verdana.ttf	upper
1267574194015	1	FR_PRES	14	CATERPILLAR	259	-1	-1	-1267574194015	white	../fonts/Verdana.ttf	upper
1267574197897	1	FR_PRES	14	SWATTER	1418	-1	-1	-1267574197897	white	../fonts/Verdana.ttf	upper
1267574203831	1	REC_START
1267574287500	0	REST
1267574289008	1	FR_PRES	15	ATOM	55	0	0	1159	(0.42259999999999998, 0.58709999999999996, 0)	../fonts/zerothre.ttf	upper
1267574293133	1	FR_PRES	15	STOVE	1388	0	1	1465	(0.42259999999999998, 0.58709999999999996, 0)	../fonts/zerothre.ttf	upper
1267574297016	1	FR_PRES	15	OVEN	991	1	0	1359	(0.57740000000000002, 0.41289999999999999, 1.0)	../fonts/amplitud.ttf	lower
1267574301166	1	FR_PRES	15	APE	31	1	1	1712	(0.57740000000000002, 0.41289999999999999, 1.0)	../fonts/amplitud.ttf	lower
1267574305240	1	FR_PRES	15	WOUND	1624	1	0	1422	(0.57740000000000002, 0.41289999999999999, 1.0)	../fonts/amplitud.ttf	lower
1267574309173	1	FR_PRES	15	DONOR	485	1	1	1874	(0.57740000000000002, 0.41289999999999999, 1.0)	../fonts/amplitud.ttf	lower
1267574313231	1	FR_PRES	15	SIGNATURE	1306	1	0	1296	(0.57740000000000002, 0.41289999999999999, 1.0)	../fonts/amplitud.ttf	lower
1267574317106	1	FR_PRES	15	POWDER	1117	1	0	1061	(0.57740000000000002, 0.41289999999999999, 1.0)	../fonts/amplitud.ttf	lower
1267574321131	1	FR_PRES	15	PENCIL	1042	0	1	1699	(0.42259999999999998, 0.58709999999999996, 0)	../fonts/zerothre.ttf	upper
1267574325131	1	FR_PRES	15	RUST	1219	0	0	1843	(0.42259999999999998, 0.58709999999999996, 0)	../fonts/zerothre.ttf	upper
1267574329247	1	FR_PRES	15	DINOSAUR	469	0	1	1136	(0.42259999999999998, 0.58709999999999996, 0)	../fonts/zerothre.ttf	upper
1267574333180	1	FR_PRES	15	UNICORN	1538	1	0	1626	(0.57740000000000002, 0.41289999999999999, 1.0)	../fonts/amplitud.ttf	lower
1267574337196	1	FR_PRES	15	NUCLEUS	961	1	0	2107	(0.57740000000000002, 0.41289999999999999, 1.0)	../fonts/amplitud.ttf	lower
1267574341379	1	FR_PRES	15	BOARD	143	0	1	1475	(0.42259999999999998, 0.58709999999999996, 0)	../fonts/zerothre.ttf	upper
1267574345304	1	FR_PRES	15	WAGON	1578	0	1	1199	(0.42259999999999998, 0.58709999999999996, 0)	../fonts/zerothre.ttf	upper
1267574349496	1	FR_PRES	15	SQUIRREL	1362	0	0	1679	(0.42259999999999998, 0.58709999999999996, 0)	../fonts/zerothre.ttf	upper
1267574355329	1	REC_START
1267574454587	0	RECOG_START
1267574454588	1	REC_START
1267574454620	0	RECOG_PRES	0	CLIPPERS	324	-999	P	2106
1267574457088	0	RECOG_CR_PRES	0	CLIPPERS	324	-999	P	718
1267574458179	1	RECOG_FEEDBACK	1
1267574458928	0	RECOG_PRES	0	SAPPHIRE	1234	-999	P	1375
1267574460678	0	RECOG_CR_PRES	0	SAPPHIRE	1234	-999	P	585
1267574461620	1	RECOG_FEEDBACK	1
1267574462379	0	RECOG_PRES	0	SEAL	1262	-999	P	1499
1267574464246	0	RECOG_CR_PRES	0	SEAL	1262	-999	P	584
1267574465196	1	RECOG_FEEDBACK	1
1267574465936	0	RECOG_PRES	0	WOLF	1619	-999	P	1175
1267574467487	0	RECOG_CR_PRES	0	WOLF	1619	-999	P	632
1267574468462	1	RECOG_FEEDBACK	1
1267574469195	0	RECOG_PRES	0	GARLIC	624	-999	P	980
1267574470545	0	RECOG_CR_PRES	0	GARLIC	624	-999	P	526
1267574471403	1	RECOG_FEEDBACK	1
1267574472170	0	RECOG_PRES	0	EMPLOYER	532	-999	P	1309
1267574473861	0	RECOG_CR_PRES	0	EMPLOYER	532	-999	P	737
1267574474952	1	RECOG_FEEDBACK	1
1267574475677	0	RECOG_PRES	0	SEED	1266	-999	P	1073
1267574477111	0	RECOG_CR_PRES	0	SEED	1266	-999	P	679
1267574478128	1	RECOG_FEEDBACK	1
1267574478869	0	RECOG_PRES	0	BANDAGE	79	-999	P	1009
1267574480244	0	RECOG_CR_PRES	0	BANDAGE	79	-999	P	538
1267574481103	1	RECOG_FEEDBACK	1
1267574481852	0	RECOG_PRES	0	VESSEL	1558	-999	P	1002
1267574483219	0	RECOG_CR_PRES	0	VESSEL	1558	-999	P	507
1267574484044	1	RECOG_FEEDBACK	1
1267574484802	0	RECOG_PRES	0	ASSISTANT	48	-999	P	1557
1267574486735	0	RECOG_CR_PRES	0	ASSISTANT	48	-999	P	480
1267574487561	1	RECOG_FEEDBACK	0
1267574488294	0	RECOG_PRES	0	PENCIL	1042	-999	P	1065
1267574489734	0	RECOG_CR_PRES	0	PENCIL	1042	-999	P	633
1267574490668	1	RECOG_FEEDBACK	1
1267574491419	0	RECOG_PRES	0	SAXOPHONE	1240	-999	P	1475
1267574493260	0	RECOG_CR_PRES	0	SAXOPHONE	1240	-999	P	1211
1267574494834	1	RECOG_FEEDBACK	1
1267574495601	0	RECOG_PRES	0	PLIERS	1089	-999	P	1133
1267574497102	0	RECOG_CR_PRES	0	PLIERS	1089	-999	P	496
1267574497917	1	RECOG_FEEDBACK	1
1267574498709	0	RECOG_PRES	0	BANKER	84	-999	P	1001
1267574500076	0	RECOG_CR_PRES	0	BANKER	84	-999	P	706
1267574501093	1	RECOG_FEEDBACK	1
1267574501859	0	RECOG_PRES	0	ROPE	1211	-999	P	1123
1267574503359	0	RECOG_CR_PRES	0	ROPE	1211	-999	P	471
1267574504184	1	RECOG_FEEDBACK	1
1267574504958	0	RECOG_PRES	0	BROCCOLI	176	-999	P	1089
1267574506418	0	RECOG_CR_PRES	0	BROCCOLI	176	-999	P	556
1267574507317	1	RECOG_FEEDBACK	1
1267574508092	0	RECOG_PRES	0	MOTH	920	-999	P	1379
1267574509841	0	RECOG_CR_PRES	0	MOTH	920	-999	P	773
1267574510950	1	RECOG_FEEDBACK	1
1267574511683	0	RECOG_PRES	0	BOARD	143	-999	P	1067
1267574513117	0	RECOG_CR_PRES	0	BOARD	143	-999	P	513
1267574513941	1	RECOG_FEEDBACK	1
1267574514691	0	RECOG_PRES	0	GARBAGE	622	-999	P	1043
1267574516100	0	RECOG_CR_PRES	0	GARBAGE	622	-999	P	459
1267574516907	1	RECOG_FEEDBACK	1
1267574517641	0	RECOG_PRES	0	SIGNATURE	1306	-999	P	902
1267574518916	0	RECOG_CR_PRES	0	SIGNATURE	1306	-999	P	467
1267574519716	1	RECOG_FEEDBACK	1
1267574521475	0	REST
1267574522479	1	REC_START
1267574522516	0	RECOG_PRES	1	PUBLISHER	1137	-999	P	1426
1267574524308	0	RECOG_CR_PRES	1	PUBLISHER	1137	-999	P	474
1267574525125	1	RECOG_FEEDBACK	1
1267574525907	0	RECOG_PRES	1	HAYSTACK	694	-999	P	1196
1267574527474	0	RECOG_CR_PRES	1	HAYSTACK	694	-999	P	460
1267574528274	1	RECOG_FEEDBACK	1
1267574529074	0	RECOG_PRES	1	TUSK	1523	-999	P	1069
1267574530516	0	RECOG_CR_PRES	1	TUSK	1523	-999	P	418
1267574531266	1	RECOG_FEEDBACK	1
1267574532032	0	RECOG_PRES	1	SPONGE	1355	-999	P	1439
1267574533840	0	RECOG_CR_PRES	1	SPONGE	1355	-999	P	463
1267574534665	1	RECOG_FEEDBACK	1
1267574535416	0	RECOG_PRES	1	CASH	252	-999	P	1119
1267574536906	0	RECOG_CR_PRES	1	CASH	252	-999	P	517
1267574537781	1	RECOG_FEEDBACK	1
1267574538574	0	RECOG_PRES	1	BRIDE	173	-999	P	1152
1267574540090	0	RECOG_CR_PRES	1	BRIDE	173	-999	P	604
1267574541023	1	RECOG_FEEDBACK	1
1267574541823	0	RECOG_PRES	1	TREAD	1499	-999	P	1095
1267574543282	0	RECOG_CR_PRES	1	TREAD	1499	-999	P	572
1267574544190	1	RECOG_FEEDBACK	1
1267574544922	0	RECOG_PRES	1	GENERAL	630	-999	P	748
1267574546031	0	RECOG_CR_PRES	1	GENERAL	630	-999	P	607
1267574546930	1	RECOG_FEEDBACK	1
1267574547664	0	RECOG_PRES	1	WOUND	1624	-999	P	958
1267574548997	0	RECOG_CR_PRES	1	WOUND	1624	-999	P	578
1267574549888	1	RECOG_FEEDBACK	1
1267574550688	0	RECOG_PRES	1	COUNTY	389	-999	P	1062
1267574552114	0	RECOG_CR_PRES	1	COUNTY	389	-999	P	508
1267574552963	1	RECOG_FEEDBACK	1
1267574553688	0	RECOG_PRES	1	OUTDOORS	987	-999	P	1110
1267574555164	0	RECOG_CR_PRES	1	OUTDOORS	987	-999	P	602
1267574556097	1	RECOG_FEEDBACK	1
1267574556813	0	RECOG_PRES	1	WALLET	1583	-999	P	1017
1267574558197	0	RECOG_CR_PRES	1	WALLET	1583	-999	P	577
1267574559097	1	RECOG_FEEDBACK	1
1267574559896	0	RECOG_PRES	1	CABBAGE	210	-999	P	1183
1267574561455	0	RECOG_CR_PRES	1	CABBAGE	210	-999	P	641
1267574562472	1	RECOG_FEEDBACK	1
1267574563213	0	RECOG_PRES	1	CONVICT	371	-999	P	1042
1267574564629	0	RECOG_CR_PRES	1	CONVICT	371	-999	P	562
1267574565538	1	RECOG_FEEDBACK	1
1267574566272	0	RECOG_PRES	1	FOOTBALL	591	-999	P	999
1267574567646	0	RECOG_CR_PRES	1	FOOTBALL	591	-999	P	617
1267574568571	1	RECOG_FEEDBACK	1
1267574569305	0	RECOG_PRES	1	ATTIRE	57	-999	P	1206
1267574570879	0	RECOG_CR_PRES	1	ATTIRE	57	-999	P	520
1267574571729	1	RECOG_FEEDBACK	1
1267574572463	0	RECOG_PRES	1	PAN	1008	-999	P	984
1267574573820	0	RECOG_CR_PRES	1	PAN	1008	-999	P	499
1267574574620	1	RECOG_FEEDBACK	1
1267574575363	0	RECOG_PRES	1	SALOON	1228	-999	P	1132
1267574576870	0	RECOG_CR_PRES	1	SALOON	1228	-999	P	433
1267574577645	1	RECOG_FEEDBACK	1
1267574578412	0	RECOG_PRES	1	REEF	1177	-999	P	979
1267574579761	0	RECOG_CR_PRES	1	REEF	1177	-999	P	454
1267574580529	1	RECOG_FEEDBACK	1
1267574581271	0	RECOG_PRES	1	VENUS	1557	-999	P	1112
1267574582753	0	RECOG_CR_PRES	1	VENUS	1557	-999	P	518
1267574583586	1	RECOG_FEEDBACK	1
1267574587070	0	REST
1267574588032	1	REC_START
1267574588062	0	RECOG_PRES	2	PEBBLE	1035	-999	P	1089
1267574589520	0	RECOG_CR_PRES	2	PEBBLE	1035	-999	P	543
1267574590386	1	RECOG_FEEDBACK	1
1267574591095	0	RECOG_PRES	2	AGENT	10	-999	P	1312
1267574592777	0	RECOG_CR_PRES	2	AGENT	10	-999	P	558
1267574593677	1	RECOG_FEEDBACK	1
1267574594428	0	RECOG_PRES	2	LEADER	807	-999	P	1242
1267574596036	0	RECOG_CR_PRES	2	LEADER	807	-999	P	475
1267574596868	1	RECOG_FEEDBACK	1
1267574597677	0	RECOG_PRES	2	THORN	1459	-999	P	1346
1267574599394	0	RECOG_CR_PRES	2	THORN	1459	-999	P	492
1267574600269	1	RECOG_FEEDBACK	1
1267574600985	0	RECOG_PRES	2	MAGNET	855	-999	P	1134
1267574602494	0	RECOG_CR_PRES	2	MAGNET	855	-999	P	593
1267574603411	1	RECOG_FEEDBACK	1
1267574604144	0	RECOG_PRES	2	UNICORN	1538	-999	P	1167
1267574605684	0	RECOG_CR_PRES	2	UNICORN	1538	-999	P	531
1267574606560	1	RECOG_FEEDBACK	1
1267574607344	0	RECOG_PRES	2	GAZELLE	628	-999	P	1270
1267574608984	0	RECOG_CR_PRES	2	GAZELLE	628	-999	P	782
1267574610118	1	RECOG_FEEDBACK	1
1267574610867	0	RECOG_PRES	2	BELLY	119	-999	P	1027
1267574612260	0	RECOG_CR_PRES	2	BELLY	119	-999	P	546
1267574613127	1	RECOG_FEEDBACK	1
1267574613942	0	RECOG_PRES	2	FINGER	567	-999	P	1481
1267574615792	0	RECOG_CR_PRES	2	FINGER	567	-999	P	535
1267574616667	1	RECOG_FEEDBACK	0
1267574617385	0	RECOG_PRES	2	HAND	683	-999	P	1229
1267574618983	0	RECOG_CR_PRES	2	HAND	683	-999	P	416
1267574619725	1	RECOG_FEEDBACK	1
1267574620509	0	RECOG_PRES	2	SLACKS	1323	-999	P	1121
1267574622001	0	RECOG_CR_PRES	2	SLACKS	1323	-999	P	510
1267574622841	1	RECOG_FEEDBACK	1
1267574623625	0	RECOG_PRES	2	APARTMENT	30	-999	P	1093
1267574625084	0	RECOG_CR_PRES	2	APARTMENT	30	-999	P	339
1267574625733	1	RECOG_FEEDBACK	1
1267574626442	0	RECOG_PRES	2	SADDLE	1221	-999	P	1260
1267574628067	0	RECOG_CR_PRES	2	SADDLE	1221	-999	P	819
1267574629267	1	RECOG_FEEDBACK	1
1267574629991	0	RECOG_PRES	2	CANAL	226	-999	P	1152
1267574631517	0	RECOG_CR_PRES	2	CANAL	226	-999	P	706
1267574632542	1	RECOG_FEEDBACK	1
1267574633325	0	RECOG_PRES	2	PENGUIN	1044	-999	P	1369
1267574635058	0	RECOG_CR_PRES	2	PENGUIN	1044	-999	P	493
1267574635899	1	RECOG_FEEDBACK	1
1267574636641	0	RECOG_PRES	2	MEADOW	881	-999	P	1149
1267574638158	0	RECOG_CR_PRES	2	MEADOW	881	-999	P	544
1267574639025	1	RECOG_FEEDBACK	1
1267574639815	0	RECOG_PRES	2	SPRINKLE	1359	-999	P	991
1267574641175	0	RECOG_CR_PRES	2	SPRINKLE	1359	-999	P	519
1267574642024	1	RECOG_FEEDBACK	1
1267574642773	0	RECOG_PRES	2	HUMAN	726	-999	P	1049
1267574644191	0	RECOG_CR_PRES	2	HUMAN	726	-999	P	727
1267574645233	1	RECOG_FEEDBACK	1
1267574646016	0	RECOG_PRES	2	TIE	1466	-999	P	1071
1267574647457	0	RECOG_CR_PRES	2	TIE	1466	-999	P	493
1267574648282	1	RECOG_FEEDBACK	1
1267574649032	0	RECOG_PRES	2	BEET	115	-999	P	1151
1267574650557	0	RECOG_CR_PRES	2	BEET	115	-999	P	450
1267574651357	1	RECOG_FEEDBACK	1
1267574653457	0	REST
1267574654263	1	REC_START
1267574654299	0	RECOG_PRES	3	MOOSE	915	-999	P	1435
1267574656098	0	RECOG_CR_PRES	3	MOOSE	915	-999	P	461
1267574656897	1	RECOG_FEEDBACK	1
1267574657622	0	RECOG_PRES	3	TORCH	1484	-999	P	1128
1267574659115	0	RECOG_CR_PRES	3	TORCH	1484	-999	P	523
1267574659956	1	RECOG_FEEDBACK	1
1267574660730	0	RECOG_PRES	3	ONION	977	-999	P	1020
1267574662115	0	RECOG_CR_PRES	3	ONION	977	-999	P	539
1267574662972	1	RECOG_FEEDBACK	1
1267574663739	0	RECOG_PRES	3	MERMAID	887	-999	P	947
1267574665048	0	RECOG_CR_PRES	3	MERMAID	887	-999	P	678
1267574666031	1	RECOG_FEEDBACK	1
1267574666813	0	RECOG_PRES	3	APE	31	-999	P	985
1267574668164	0	RECOG_CR_PRES	3	APE	31	-999	P	570
1267574669056	1	RECOG_FEEDBACK	1
1267574669855	0	RECOG_PRES	3	MINT	898	-999	P	911
1267574671131	0	RECOG_CR_PRES	3	MINT	898	-999	P	555
1267574671996	1	RECOG_FEEDBACK	1
1267574672713	0	RECOG_PRES	3	STRAW	1390	-999	P	1173
1267574674247	0	RECOG_CR_PRES	3	STRAW	1390	-999	P	503
1267574675089	1	RECOG_FEEDBACK	1
1267574675888	0	RECOG_PRES	3	OFFICE	972	-999	P	974
1267574677230	0	RECOG_CR_PRES	3	OFFICE	972	-999	P	624
1267574678155	1	RECOG_FEEDBACK	1
1267574678954	0	RECOG_PRES	3	SISTER	1312	-999	P	1173
1267574680497	0	RECOG_CR_PRES	3	SISTER	1312	-999	P	542
1267574681363	1	RECOG_FEEDBACK	1
1267574682130	0	RECOG_PRES	3	TRACTOR	1493	-999	P	1101
1267574683604	0	RECOG_CR_PRES	3	TRACTOR	1493	-999	P	635
1267574684563	1	RECOG_FEEDBACK	1
1267574685371	0	RECOG_PRES	3	ULCER	1533	-999	P	1124
1267574686870	0	RECOG_CR_PRES	3	ULCER	1533	-999	P	569
1267574687770	1	RECOG_FEEDBACK	1
1267574688529	0	RECOG_PRES	3	HELICOPTER	701	-999	P	1053
1267574689953	0	RECOG_CR_PRES	3	HELICOPTER	701	-999	P	685
1267574690945	1	RECOG_FEEDBACK	0
1267574691737	0	RECOG_PRES	3	PIRATE	1074	-999	P	1374
1267574693487	0	RECOG_CR_PRES	3	PIRATE	1074	-999	P	463
1267574694279	1	RECOG_FEEDBACK	0
1267574695021	0	RECOG_PRES	3	WARRIOR	1589	-999	P	1194
1267574696586	0	RECOG_CR_PRES	3	WARRIOR	1589	-999	P	541
1267574697462	1	RECOG_FEEDBACK	1
1267574698237	0	RECOG_PRES	3	CHEST	295	-999	P	1218
1267574699828	0	RECOG_CR_PRES	3	CHEST	295	-999	P	770
1267574700953	1	RECOG_FEEDBACK	1
1267574701719	0	RECOG_PRES	3	SWIMMER	1420	-999	P	1151
1267574703237	0	RECOG_CR_PRES	3	SWIMMER	1420	-999	P	529
1267574704095	1	RECOG_FEEDBACK	1
1267574704869	0	RECOG_PRES	3	HEEL	700	-999	P	1049
1267574706286	0	RECOG_CR_PRES	3	HEEL	700	-999	P	496
1267574707111	1	RECOG_FEEDBACK	1
1267574707852	0	RECOG_PRES	3	PORTRAIT	1111	-999	P	1090
1267574709311	0	RECOG_CR_PRES	3	PORTRAIT	1111	-999	P	567
1267574710220	1	RECOG_FEEDBACK	1
1267574711003	0	RECOG_PRES	3	LAUNDRY	803	-999	P	971
1267574712336	0	RECOG_CR_PRES	3	LAUNDRY	803	-999	P	502
1267574713178	1	RECOG_FEEDBACK	1
1267574713935	0	RECOG_PRES	3	OCTOPUS	971	-999	P	903
1267574715211	0	RECOG_CR_PRES	3	OCTOPUS	971	-999	P	641
1267574716194	1	RECOG_FEEDBACK	1
1267574740384	0	REST
1267574741435	1	REC_START
1267574741467	0	RECOG_PRES	4	CHISEL	305	-999	P	1060
1267574742900	0	RECOG_CR_PRES	4	CHISEL	305	-999	P	507
1267574743733	1	RECOG_FEEDBACK	1
1267574744475	0	RECOG_PRES	4	MOON	914	-999	P	2179
1267574747017	0	RECOG_CR_PRES	4	MOON	914	-999	P	406
1267574747766	1	RECOG_FEEDBACK	1
1267574748508	0	RECOG_PRES	4	PONY	1102	-999	P	1346
1267574750217	0	RECOG_CR_PRES	4	PONY	1102	-999	P	342
1267574750907	1	RECOG_FEEDBACK	1
1267574751674	0	RECOG_PRES	4	SEASHORE	1263	-999	P	916
1267574752966	0	RECOG_CR_PRES	4	SEASHORE	1263	-999	P	401
1267574753674	1	RECOG_FEEDBACK	1
1267574754466	0	RECOG_PRES	4	STONE	1385	-999	P	861
1267574755699	0	RECOG_CR_PRES	4	STONE	1385	-999	P	420
1267574756441	1	RECOG_FEEDBACK	1
1267574757183	0	RECOG_PRES	4	ESSAY	540	-999	P	976
1267574758524	0	RECOG_CR_PRES	4	ESSAY	540	-999	P	466
1267574759324	1	RECOG_FEEDBACK	1
1267574760049	0	RECOG_PRES	4	JEANS	752	-999	P	853
1267574761266	0	RECOG_CR_PRES	4	JEANS	752	-999	P	548
1267574762116	1	RECOG_FEEDBACK	1
1267574762906	0	RECOG_PRES	4	CARDINAL	244	-999	P	932
1267574764207	0	RECOG_CR_PRES	4	CARDINAL	244	-999	P	591
1267574765132	1	RECOG_FEEDBACK	1
1267574765940	0	RECOG_PRES	4	RELATIVE	1182	-999	P	1010
1267574767315	0	RECOG_CR_PRES	4	RELATIVE	1182	-999	P	531
1267574768174	1	RECOG_FEEDBACK	1
1267574768931	0	RECOG_PRES	4	PEACH	1031	-999	P	819
1267574770115	0	RECOG_CR_PRES	4	PEACH	1031	-999	P	648
1267574771099	1	RECOG_FEEDBACK	1
1267574771889	0	RECOG_PRES	4	PRINCESS	1125	-999	P	925
1267574773182	0	RECOG_CR_PRES	4	PRINCESS	1125	-999	P	504
1267574774015	1	RECOG_FEEDBACK	1
1267574774731	0	RECOG_PRES	4	WATERFALL	1595	-999	P	971
1267574776065	0	RECOG_CR_PRES	4	WATERFALL	1595	-999	P	565
1267574776964	1	RECOG_FEEDBACK	1
1267574777705	0	RECOG_PRES	4	CLOSET	326	-999	P	1109
1267574779181	0	RECOG_CR_PRES	4	CLOSET	326	-999	P	465
1267574780006	1	RECOG_FEEDBACK	0
1267574780805	0	RECOG_PRES	4	BROOM	178	-999	P	1145
1267574782314	0	RECOG_CR_PRES	4	BROOM	178	-999	P	564
1267574783214	1	RECOG_FEEDBACK	1
1267574783980	0	RECOG_PRES	4	BARTENDER	92	-999	P	1515
1267574785863	0	RECOG_CR_PRES	4	BARTENDER	92	-999	P	504
1267574786696	1	RECOG_FEEDBACK	0
1267574787497	0	RECOG_PRES	4	KITTEN	780	-999	P	1133
1267574789006	0	RECOG_CR_PRES	4	KITTEN	780	-999	P	553
1267574789879	1	RECOG_FEEDBACK	1
1267574790654	0	RECOG_PRES	4	RAKE	1164	-999	P	1176
1267574792197	0	RECOG_CR_PRES	4	RAKE	1164	-999	P	585
1267574793114	1	RECOG_FEEDBACK	1
1267574793838	0	RECOG_PRES	4	EMPLOYEE	531	-999	P	1032
1267574795238	0	RECOG_CR_PRES	4	EMPLOYEE	531	-999	P	464
1267574796005	1	RECOG_FEEDBACK	1
1267574796762	0	RECOG_PRES	4	BUILDER	190	-999	P	844
1267574797979	0	RECOG_CR_PRES	4	BUILDER	190	-999	P	548
1267574798829	1	RECOG_FEEDBACK	1
1267574799538	0	RECOG_PRES	4	DRAWING	494	-999	P	1444
1267574801346	0	RECOG_CR_PRES	4	DRAWING	494	-999	P	468
1267574802196	1	RECOG_FEEDBACK	1
1267574803687	0	REST
1267574804491	1	REC_START
1267574804529	0	RECOG_PRES	5	CATERPILLAR	259	-999	P	1494
1267574806396	0	RECOG_CR_PRES	5	CATERPILLAR	259	-999	P	370
1267574807113	1	RECOG_FEEDBACK	1
1267574807853	0	RECOG_PRES	5	BOAT	144	-999	P	1137
1267574809362	0	RECOG_CR_PRES	5	BOAT	144	-999	P	420
1267574810121	1	RECOG_FEEDBACK	1
1267574810845	0	RECOG_PRES	5	EDITORIAL	517	-999	P	1346
1267574812562	0	RECOG_CR_PRES	5	EDITORIAL	517	-999	P	573
1267574813487	1	RECOG_FEEDBACK	1
1267574814262	0	RECOG_PRES	5	SPINACH	1352	-999	P	993
1267574815628	0	RECOG_CR_PRES	5	SPINACH	1352	-999	P	539
1267574816487	1	RECOG_FEEDBACK	1
1267574817254	0	RECOG_PRES	5	SWAMP	1416	-999	P	840
1267574818495	0	RECOG_CR_PRES	5	SWAMP	1416	-999	P	520
1267574819320	1	RECOG_FEEDBACK	1
1267574820103	0	RECOG_PRES	5	TUB	1514	-999	P	1040
1267574821512	0	RECOG_CR_PRES	5	TUB	1514	-999	P	575
1267574822420	1	RECOG_FEEDBACK	1
1267574823178	0	RECOG_PRES	5	FOLLOWER	589	-999	P	1141
1267574824694	0	RECOG_CR_PRES	5	FOLLOWER	589	-999	P	505
1267574825561	1	RECOG_FEEDBACK	1
1267574826320	0	RECOG_PRES	5	HERB	704	-999	P	959
1267574827652	0	RECOG_CR_PRES	5	HERB	704	-999	P	491
1267574828486	1	RECOG_FEEDBACK	1
1267574829269	0	RECOG_PRES	5	BLUEPRINT	142	-999	P	986
1267574830627	0	RECOG_CR_PRES	5	BLUEPRINT	142	-999	P	404
1267574831369	1	RECOG_FEEDBACK	1
1267574832169	0	RECOG_PRES	5	SKATE	1313	-999	P	894
1267574833436	0	RECOG_CR_PRES	5	SKATE	1313	-999	P	619
1267574834352	1	RECOG_FEEDBACK	1
1267574835119	0	RECOG_PRES	5	HANDCUFFS	685	-999	P	871
1267574836361	0	RECOG_CR_PRES	5	HANDCUFFS	685	-999	P	517
1267574837177	1	RECOG_FEEDBACK	1
1267574837918	0	RECOG_PRES	5	ADULT	8	-999	P	866
1267574839177	0	RECOG_CR_PRES	5	ADULT	8	-999	P	493
1267574839984	1	RECOG_FEEDBACK	1
1267574840717	0	RECOG_PRES	5	CHIEF	298	-999	P	993
1267574842077	0	RECOG_CR_PRES	5	CHIEF	298	-999	P	490
1267574842884	1	RECOG_FEEDBACK	1
1267574843609	0	RECOG_PRES	5	OVEN	991	-999	P	870
1267574844850	0	RECOG_CR_PRES	5	OVEN	991	-999	P	517
1267574845684	1	RECOG_FEEDBACK	1
1267574846476	0	RECOG_PRES	5	FLOWER	584	-999	P	899
1267574847750	0	RECOG_CR_PRES	5	FLOWER	584	-999	P	489
1267574848560	1	RECOG_FEEDBACK	1
1267574849351	0	RECOG_PRES	5	APRON	35	-999	P	816
1267574850575	0	RECOG_CR_PRES	5	APRON	35	-999	P	520
1267574851409	1	RECOG_FEEDBACK	1
1267574852118	0	RECOG_PRES	5	ANTELOPE	27	-999	P	832
1267574853318	0	RECOG_CR_PRES	5	ANTELOPE	27	-999	P	528
1267574854151	1	RECOG_FEEDBACK	1
1267574854891	0	RECOG_PRES	5	SAUCER	1237	-999	P	803
1267574856059	0	RECOG_CR_PRES	5	SAUCER	1237	-999	P	571
1267574856933	1	RECOG_FEEDBACK	1
1267574857741	0	RECOG_PRES	5	CONSOLE	364	-999	P	792
1267574858933	0	RECOG_CR_PRES	5	CONSOLE	364	-999	P	538
1267574859774	1	RECOG_FEEDBACK	1
1267574860567	0	RECOG_PRES	5	MARINE	869	-999	P	656
1267574861591	0	RECOG_CR_PRES	5	MARINE	869	-999	P	496
1267574862400	1	RECOG_FEEDBACK	1
1267574863799	0	REST
1267574864976	1	REC_START
1267574865008	0	RECOG_PRES	6	POCKET	1093	-999	P	1822
1267574867192	0	RECOG_CR_PRES	6	POCKET	1093	-999	P	446
1267574867974	1	RECOG_FEEDBACK	1
1267574868715	0	RECOG_PRES	6	SQUID	1361	-999	P	859
1267574869965	0	RECOG_CR_PRES	6	SQUID	1361	-999	P	466
1267574870732	1	RECOG_FEEDBACK	1
1267574871475	0	RECOG_PRES	6	SUIT	1402	-999	P	812
1267574872657	0	RECOG_CR_PRES	6	SUIT	1402	-999	P	534
1267574873491	1	RECOG_FEEDBACK	0
1267574874274	0	RECOG_PRES	6	SNACK	1331	-999	P	1069
1267574875715	0	RECOG_CR_PRES	6	SNACK	1331	-999	P	412
1267574876441	1	RECOG_FEEDBACK	1
1267574877158	0	RECOG_PRES	6	AUTHOR	61	-999	P	1033
1267574878557	0	RECOG_CR_PRES	6	AUTHOR	61	-999	P	385
1267574879282	1	RECOG_FEEDBACK	1
1267574880041	0	RECOG_PRES	6	BELT	120	-999	P	982
1267574881399	0	RECOG_CR_PRES	6	BELT	120	-999	P	503
1267574882241	1	RECOG_FEEDBACK	1
1267574883024	0	RECOG_PRES	6	NUCLEUS	961	-999	P	814
1267574884207	0	RECOG_CR_PRES	6	NUCLEUS	961	-999	P	631
1267574885149	1	RECOG_FEEDBACK	1
1267574885931	0	RECOG_PRES	6	CANOE	233	-999	P	675
1267574886973	0	RECOG_CR_PRES	6	CANOE	233	-999	P	578
1267574887856	1	RECOG_FEEDBACK	0
1267574888647	0	RECOG_PRES	6	BASKET	95	-999	P	864
1267574889881	0	RECOG_CR_PRES	6	BASKET	95	-999	P	438
1267574890631	1	RECOG_FEEDBACK	1
1267574891398	0	RECOG_PRES	6	SPAGHETTI	1346	-999	P	785
1267574892556	0	RECOG_CR_PRES	6	SPAGHETTI	1346	-999	P	641
1267574893515	1	RECOG_FEEDBACK	1
1267574894281	0	RECOG_PRES	6	COMPANION	357	-999	P	758
1267574895415	0	RECOG_CR_PRES	6	COMPANION	357	-999	P	632
1267574896356	1	RECOG_FEEDBACK	0
1267574897139	0	RECOG_PRES	6	GIRAFFE	636	-999	P	691
1267574898198	0	RECOG_CR_PRES	6	GIRAFFE	636	-999	P	616
1267574899106	1	RECOG_FEEDBACK	1
1267574899880	0	RECOG_PRES	6	LOUNGE	845	-999	P	1471
1267574901721	0	RECOG_CR_PRES	6	LOUNGE	845	-999	P	446
1267574902497	1	RECOG_FEEDBACK	1
1267574903297	0	RECOG_PRES	6	TREASURE	1500	-999	P	734
1267574904406	0	RECOG_CR_PRES	6	TREASURE	1500	-999	P	560
1267574905256	1	RECOG_FEEDBACK	1
1267574906022	0	RECOG_PRES	6	TOURIST	1488	-999	P	688
1267574907072	0	RECOG_CR_PRES	6	TOURIST	1488	-999	P	574
1267574907954	1	RECOG_FEEDBACK	1
1267574908671	0	RECOG_PRES	6	SUBMARINE	1398	-999	P	856
1267574909896	0	RECOG_CR_PRES	6	SUBMARINE	1398	-999	P	447
1267574910646	1	RECOG_FEEDBACK	1
1267574911372	0	RECOG_PRES	6	GOVERNOR	651	-999	P	675
1267574912422	0	RECOG_CR_PRES	6	GOVERNOR	651	-999	P	472
1267574913188	1	RECOG_FEEDBACK	1
1267574913987	0	RECOG_PRES	6	TUNA	1518	-999	P	611
1267574914970	0	RECOG_CR_PRES	6	TUNA	1518	-999	P	533
1267574915804	1	RECOG_FEEDBACK	1
1267574916571	0	RECOG_PRES	6	TUXEDO	1525	-999	P	724
1267574917670	0	RECOG_CR_PRES	6	TUXEDO	1525	-999	P	401
1267574918371	1	RECOG_FEEDBACK	1
1267574919163	0	RECOG_PRES	6	CROW	414	-999	P	731
1267574920263	0	RECOG_CR_PRES	6	CROW	414	-999	P	551
1267574921104	1	RECOG_FEEDBACK	1
1267574922371	0	REST
1267574923542	1	REC_START
1267574923571	0	RECOG_PRES	7	ANT	25	-999	P	860
1267574924803	0	RECOG_CR_PRES	7	ANT	25	-999	P	468
1267574925586	1	RECOG_FEEDBACK	1
1267574926329	0	RECOG_PRES	7	DINER	467	-999	P	1070
1267574927770	0	RECOG_CR_PRES	7	DINER	467	-999	P	509
1267574928578	1	RECOG_FEEDBACK	1
1267574929354	0	RECOG_PRES	7	YARD	1630	-999	P	853
1267574930578	0	RECOG_CR_PRES	7	YARD	1630	-999	P	469
1267574931354	1	RECOG_FEEDBACK	1
1267574932112	0	RECOG_PRES	7	COOLER	375	-999	P	838
1267574933312	0	RECOG_CR_PRES	7	COOLER	375	-999	P	494
1267574934112	1	RECOG_FEEDBACK	1
1267574934844	0	RECOG_PRES	7	MULE	931	-999	P	699
1267574935911	0	RECOG_CR_PRES	7	MULE	931	-999	P	600
1267574936802	1	RECOG_FEEDBACK	1
1267574937561	0	RECOG_PRES	7	DINNER	468	-999	P	790
1267574938719	0	RECOG_CR_PRES	7	DINNER	468	-999	P	392
1267574939428	1	RECOG_FEEDBACK	1
1267574940203	0	RECOG_PRES	7	KING	777	-999	P	884
1267574941461	0	RECOG_CR_PRES	7	KING	777	-999	P	449
1267574942244	1	RECOG_FEEDBACK	1
1267574943003	0	RECOG_PRES	7	RACCOON	1153	-999	P	811
1267574944178	0	RECOG_CR_PRES	7	RACCOON	1153	-999	P	997
1267574945494	1	RECOG_FEEDBACK	0
1267574946244	0	RECOG_PRES	7	LEAF	808	-999	P	1243
1267574947860	0	RECOG_CR_PRES	7	LEAF	808	-999	P	475
1267574948668	1	RECOG_FEEDBACK	1
1267574949436	0	RECOG_PRES	7	PRESIDENT	1121	-999	P	755
1267574950561	0	RECOG_CR_PRES	7	PRESIDENT	1121	-999	P	574
1267574951452	1	RECOG_FEEDBACK	1
1267574952185	0	RECOG_PRES	7	LIVER	833	-999	P	669
1267574953219	0	RECOG_CR_PRES	7	LIVER	833	-999	P	451
1267574953976	1	RECOG_FEEDBACK	1
1267574954693	0	RECOG_PRES	7	DONOR	485	-999	P	682
1267574955743	0	RECOG_CR_PRES	7	DONOR	485	-999	P	736
1267574956759	1	RECOG_FEEDBACK	1
1267574957560	0	RECOG_PRES	7	TELEPHONE	1445	-999	P	1182
1267574959110	0	RECOG_CR_PRES	7	TELEPHONE	1445	-999	P	504
1267574959942	1	RECOG_FEEDBACK	1
1267574960701	0	RECOG_PRES	7	FAMILY	550	-999	P	1105
1267574962168	0	RECOG_CR_PRES	7	FAMILY	550	-999	P	510
1267574963001	1	RECOG_FEEDBACK	1
1267574963767	0	RECOG_PRES	7	UNCLE	1536	-999	P	935
1267574965068	0	RECOG_CR_PRES	7	UNCLE	1536	-999	P	554
1267574965934	1	RECOG_FEEDBACK	1
1267574966708	0	RECOG_PRES	7	SCREWDRIVER	1255	-999	P	826
1267574967933	0	RECOG_CR_PRES	7	SCREWDRIVER	1255	-999	P	562
1267574968800	1	RECOG_FEEDBACK	1
1267574969534	0	RECOG_PRES	7	CELERY	266	-999	P	793
1267574970700	0	RECOG_CR_PRES	7	CELERY	266	-999	P	595
1267574971608	1	RECOG_FEEDBACK	1
1267574972317	0	RECOG_PRES	7	CASHIER	254	-999	P	754
1267574973442	0	RECOG_CR_PRES	7	CASHIER	254	-999	P	372
1267574974134	1	RECOG_FEEDBACK	1
1267574974875	0	RECOG_PRES	7	FISH	571	-999	P	747
1267574975991	0	RECOG_CR_PRES	7	FISH	571	-999	P	440
1267574976733	1	RECOG_FEEDBACK	1
1267574977525	0	RECOG_PRES	7	TART	1436	-999	P	794
1267574978691	0	RECOG_CR_PRES	7	TART	1436	-999	P	444
1267574979442	1	RECOG_FEEDBACK	1
1267574981641	0	REST
1267574982743	1	REC_START
1267574982774	0	RECOG_PRES	8	GRAPE	654	-999	P	968
1267574984133	0	RECOG_CR_PRES	8	GRAPE	654	-999	P	386
1267574984815	1	RECOG_FEEDBACK	1
1267574985590	0	RECOG_PRES	8	ICEBERG	731	-999	P	825
1267574986790	0	RECOG_CR_PRES	8	ICEBERG	731	-999	P	329
1267574987408	1	RECOG_FEEDBACK	1
1267574988125	0	RECOG_PRES	8	GRIZZLY	662	-999	P	1122
1267574989615	0	RECOG_CR_PRES	8	GRIZZLY	662	-999	P	480
1267574990399	1	RECOG_FEEDBACK	1
1267574991191	0	RECOG_PRES	8	LAMB	797	-999	P	743
1267574992299	0	RECOG_CR_PRES	8	LAMB	797	-999	P	443
1267574993033	1	RECOG_FEEDBACK	1
1267574993757	0	RECOG_PRES	8	BIOLOGIST	128	-999	P	882
1267574995032	0	RECOG_CR_PRES	8	BIOLOGIST	128	-999	P	543
1267574995873	1	RECOG_FEEDBACK	1
1267574996598	0	RECOG_PRES	8	ESCALATOR	539	-999	P	809
1267574997781	0	RECOG_CR_PRES	8	ESCALATOR	539	-999	P	506
1267574998589	1	RECOG_FEEDBACK	1
1267574999390	0	RECOG_PRES	8	RAT	1169	-999	P	889
1267575000648	0	RECOG_CR_PRES	8	RAT	1169	-999	P	479
1267575001432	1	RECOG_FEEDBACK	1
1267575002224	0	RECOG_PRES	8	PUMP	1141	-999	P	622
1267575003215	0	RECOG_CR_PRES	8	PUMP	1141	-999	P	519
1267575004032	1	RECOG_FEEDBACK	1
1267575004756	0	RECOG_PRES	8	GOO	648	-999	P	691
1267575005822	0	RECOG_CR_PRES	8	GOO	648	-999	P	593
1267575006714	1	RECOG_FEEDBACK	1
1267575007515	0	RECOG_PRES	8	FIREMAN	569	-999	P	628
1267575008506	0	RECOG_CR_PRES	8	FIREMAN	569	-999	P	509
1267575009306	1	RECOG_FEEDBACK	1
1267575010056	0	RECOG_PRES	8	SPICE	1350	-999	P	534
1267575010964	0	RECOG_CR_PRES	8	SPICE	1350	-999	P	491
1267575011755	1	RECOG_FEEDBACK	1
1267575012489	0	RECOG_PRES	8	HALL	677	-999	P	830
1267575013688	0	RECOG_CR_PRES	8	HALL	677	-999	P	503
1267575014514	1	RECOG_FEEDBACK	1
1267575015298	0	RECOG_PRES	8	CHIP	303	-999	P	741
1267575016414	0	RECOG_CR_PRES	8	CHIP	303	-999	P	536
1267575017239	1	RECOG_FEEDBACK	1
1267575017955	0	RECOG_PRES	8	VASE	1549	-999	P	1236
1267575019564	0	RECOG_CR_PRES	8	VASE	1549	-999	P	434
1267575020331	1	RECOG_FEEDBACK	1
1267575021114	0	RECOG_PRES	8	LUGGAGE	847	-999	P	868
1267575022347	0	RECOG_CR_PRES	8	LUGGAGE	847	-999	P	355
1267575023014	1	RECOG_FEEDBACK	1
1267575023796	0	RECOG_PRES	8	CHAIN	273	-999	P	1866
1267575026030	0	RECOG_CR_PRES	8	CHAIN	273	-999	P	552
1267575026921	1	RECOG_FEEDBACK	0
1267575027704	0	RECOG_PRES	8	WAGON	1578	-999	P	1495
1267575029572	0	RECOG_CR_PRES	8	WAGON	1578	-999	P	354
1267575030288	1	RECOG_FEEDBACK	1
1267575031080	0	RECOG_PRES	8	GLACIER	638	-999	P	606
1267575032055	0	RECOG_CR_PRES	8	GLACIER	638	-999	P	464
1267575032820	1	RECOG_FEEDBACK	1
1267575033546	0	RECOG_PRES	8	SOFTBALL	1343	-999	P	757
1267575034670	0	RECOG_CR_PRES	8	SOFTBALL	1343	-999	P	585
1267575035612	1	RECOG_FEEDBACK	1
1267575036354	0	RECOG_PRES	8	CHOCOLATE	306	-999	P	669
1267575037396	0	RECOG_CR_PRES	8	CHOCOLATE	306	-999	P	458
1267575038163	1	RECOG_FEEDBACK	1
1267575040263	0	REST
1267575041288	1	REC_START
1267575041321	0	RECOG_PRES	9	BEARD	107	-999	P	710
1267575042404	0	RECOG_CR_PRES	9	BEARD	107	-999	P	322
1267575043062	1	RECOG_FEEDBACK	1
1267575043870	0	RECOG_PRES	9	PIZZA	1079	-999	P	545
1267575044786	0	RECOG_CR_PRES	9	PIZZA	1079	-999	P	557
1267575045636	1	RECOG_FEEDBACK	1
1267575046370	0	RECOG_PRES	9	HORNET	718	-999	P	677
1267575047420	0	RECOG_CR_PRES	9	HORNET	718	-999	P	434
1267575048162	1	RECOG_FEEDBACK	1
1267575048878	0	RECOG_PRES	9	STEAM	1375	-999	P	593
1267575049844	0	RECOG_CR_PRES	9	STEAM	1375	-999	P	515
1267575050677	1	RECOG_FEEDBACK	1
1267575051470	0	RECOG_PRES	9	RADISH	1158	-999	P	545
1267575052387	0	RECOG_CR_PRES	9	RADISH	1158	-999	P	636
1267575053345	1	RECOG_FEEDBACK	1
1267575054112	0	RECOG_PRES	9	BUTCHER	203	-999	P	510
1267575054985	0	RECOG_CR_PRES	9	BUTCHER	203	-999	P	590
1267575055885	1	RECOG_FEEDBACK	1
1267575056610	0	RECOG_PRES	9	COURSE	390	-999	P	629
1267575057610	0	RECOG_CR_PRES	9	COURSE	390	-999	P	525
1267575058470	1	RECOG_FEEDBACK	1
1267575059203	0	RECOG_PRES	9	CATCHER	258	-999	P	635
1267575060203	0	RECOG_CR_PRES	9	CATCHER	258	-999	P	707
1267575061253	1	RECOG_FEEDBACK	1
1267575062028	0	RECOG_PRES	9	STABLE	1363	-999	P	1395
1267575063793	0	RECOG_CR_PRES	9	STABLE	1363	-999	P	642
1267575064810	1	RECOG_FEEDBACK	0
1267575065601	0	RECOG_PRES	9	TAG	1429	-999	P	1381
1267575067344	0	RECOG_CR_PRES	9	TAG	1429	-999	P	502
1267575068202	1	RECOG_FEEDBACK	1
1267575068968	0	RECOG_PRES	9	BRUISE	180	-999	P	622
1267575069959	0	RECOG_CR_PRES	9	BRUISE	180	-999	P	568
1267575070876	1	RECOG_FEEDBACK	1
1267575071668	0	RECOG_PRES	9	SURF	1412	-999	P	571
1267575072609	0	RECOG_CR_PRES	9	SURF	1412	-999	P	643
1267575073617	1	RECOG_FEEDBACK	1
1267575074343	0	RECOG_PRES	9	BLUEBERRY	140	-999	P	543
1267575075252	0	RECOG_CR_PRES	9	BLUEBERRY	140	-999	P	819
1267575076393	1	RECOG_FEEDBACK	1
1267575077118	0	RECOG_PRES	9	LEOPARD	812	-999	P	1520
1267575079010	0	RECOG_CR_PRES	9	LEOPARD	812	-999	P	565
1267575079925	1	RECOG_FEEDBACK	1
1267575080667	0	RECOG_PRES	9	WELL	1600	-999	P	596
1267575081634	0	RECOG_CR_PRES	9	WELL	1600	-999	P	397
1267575082351	1	RECOG_FEEDBACK	1
1267575083159	0	RECOG_PRES	9	RAISIN	1163	-999	P	575
1267575084101	0	RECOG_CR_PRES	9	RAISIN	1163	-999	P	537
1267575085001	1	RECOG_FEEDBACK	1
1267575085800	0	RECOG_PRES	9	FOUNTAIN	597	-999	P	519
1267575086692	0	RECOG_CR_PRES	9	FOUNTAIN	597	-999	P	803
1267575087833	1	RECOG_FEEDBACK	1
1267575088567	0	RECOG_PRES	9	ATOM	55	-999	P	552
1267575089492	0	RECOG_CR_PRES	9	ATOM	55	-999	P	595
1267575090417	1	RECOG_FEEDBACK	1
1267575091134	0	RECOG_PRES	9	FARM	552	-999	P	464
1267575091974	0	RECOG_CR_PRES	9	FARM	552	-999	P	632
1267575092924	1	RECOG_FEEDBACK	1
1267575093658	0	RECOG_PRES	9	ROBE	1198	-999	P	653
1267575094683	0	RECOG_CR_PRES	9	ROBE	1198	-999	P	572
1267575095591	1	RECOG_FEEDBACK	1
1267575097874	0	REST
1267575098731	1	REC_START
1267575098766	0	RECOG_PRES	10	PARROT	1015	-999	P	832
1267575099974	0	RECOG_CR_PRES	10	PARROT	1015	-999	P	521
1267575100824	1	RECOG_FEEDBACK	1
1267575101615	0	RECOG_PRES	10	HANGER	687	-999	P	512
1267575102500	0	RECOG_CR_PRES	10	HANGER	687	-999	P	611
1267575103458	1	RECOG_FEEDBACK	1
1267575104208	0	RECOG_PRES	10	BRANDY	169	-999	P	526
1267575105099	0	RECOG_CR_PRES	10	BRANDY	169	-999	P	531
1267575105965	1	RECOG_FEEDBACK	1
1267575106715	0	RECOG_PRES	10	NUN	962	-999	P	1211
1267575108291	0	RECOG_CR_PRES	10	NUN	962	-999	P	467
1267575109091	1	RECOG_FEEDBACK	1
1267575109815	0	RECOG_PRES	10	ORNAMENT	985	-999	P	775
1267575110956	0	RECOG_CR_PRES	10	ORNAMENT	985	-999	P	427
1267575111715	1	RECOG_FEEDBACK	1
1267575112516	0	RECOG_PRES	10	POPE	1105	-999	P	354
1267575113232	0	RECOG_CR_PRES	10	POPE	1105	-999	P	526
1267575114082	1	RECOG_FEEDBACK	1
1267575114839	0	RECOG_PRES	10	FRANCE	601	-999	P	584
1267575115798	0	RECOG_CR_PRES	10	FRANCE	601	-999	P	449
1267575116581	1	RECOG_FEEDBACK	1
1267575117349	0	RECOG_PRES	10	ZEBRA	1635	-999	P	465
1267575118182	0	RECOG_CR_PRES	10	ZEBRA	1635	-999	P	472
1267575118981	1	RECOG_FEEDBACK	1
1267575119714	0	RECOG_PRES	10	SOLDIER	1344	-999	P	541
1267575120622	0	RECOG_CR_PRES	10	SOLDIER	1344	-999	P	617
1267575121573	1	RECOG_FEEDBACK	1
1267575122357	0	RECOG_PRES	10	FUNERAL	613	-999	P	1633
1267575124356	0	RECOG_CR_PRES	10	FUNERAL	613	-999	P	418
1267575125140	1	RECOG_FEEDBACK	1
1267575125905	0	RECOG_PRES	10	ARENA	37	-999	P	606
1267575126880	0	RECOG_CR_PRES	10	ARENA	37	-999	P	974
1267575128206	1	RECOG_FEEDBACK	0
1267575128980	0	RECOG_PRES	10	TAR	1435	-999	P	1634
1267575130988	0	RECOG_CR_PRES	10	TAR	1435	-999	P	515
1267575131872	1	RECOG_FEEDBACK	1
1267575132605	0	RECOG_PRES	10	GARDEN	623	-999	P	2426
1267575135406	0	RECOG_CR_PRES	10	GARDEN	623	-999	P	536
1267575136331	1	RECOG_FEEDBACK	0
1267575137122	0	RECOG_PRES	10	TRAY	1498	-999	P	1045
1267575138530	0	RECOG_CR_PRES	10	TRAY	1498	-999	P	428
1267575139280	1	RECOG_FEEDBACK	1
1267575139996	0	RECOG_PRES	10	TOMATO	1476	-999	P	411
1267575140779	0	RECOG_CR_PRES	10	TOMATO	1476	-999	P	1075
1267575142172	1	RECOG_FEEDBACK	1
1267575142937	0	RECOG_PRES	10	CITRUS	313	-999	P	717
1267575144022	0	RECOG_CR_PRES	10	CITRUS	313	-999	P	513
1267575144887	1	RECOG_FEEDBACK	1
1267575145687	0	RECOG_PRES	10	SLIDE	1326	-999	P	1183
1267575147238	0	RECOG_CR_PRES	10	SLIDE	1326	-999	P	648
1267575148338	1	RECOG_FEEDBACK	1
1267575149080	0	RECOG_PRES	10	ISLAND	745	-999	P	622
1267575150071	0	RECOG_CR_PRES	10	ISLAND	745	-999	P	511
1267575150929	1	RECOG_FEEDBACK	1
1267575151720	0	RECOG_PRES	10	BATHROOM	99	-999	P	1399
1267575153488	0	RECOG_CR_PRES	10	BATHROOM	99	-999	P	535
1267575154379	1	RECOG_FEEDBACK	1
1267575155129	0	RECOG_PRES	10	CLOTHES	327	-999	P	685
1267575156179	0	RECOG_CR_PRES	10	CLOTHES	327	-999	P	459
1267575156986	1	RECOG_FEEDBACK	1
1267575158703	0	REST
1267575159775	1	REC_START
1267575159811	0	RECOG_PRES	11	SWATTER	1418	-999	P	1428
1267575161611	0	RECOG_CR_PRES	11	SWATTER	1418	-999	P	548
1267575162529	1	RECOG_FEEDBACK	1
1267575163304	0	RECOG_PRES	11	WALNUT	1584	-999	P	678
1267575164345	0	RECOG_CR_PRES	11	WALNUT	1584	-999	P	509
1267575165204	1	RECOG_FEEDBACK	1
1267575165986	0	RECOG_PRES	11	TANGERINE	1431	-999	P	509
1267575166869	0	RECOG_CR_PRES	11	TANGERINE	1431	-999	P	825
1267575168045	1	RECOG_FEEDBACK	0
1267575168794	0	RECOG_PRES	11	SKETCH	1315	-999	P	1108
1267575170270	0	RECOG_CR_PRES	11	SKETCH	1315	-999	P	416
1267575171028	1	RECOG_FEEDBACK	1
1267575171735	0	RECOG_PRES	11	ALMOND	18	-999	P	1504
1267575173610	0	RECOG_CR_PRES	11	ALMOND	18	-999	P	461
1267575174428	1	RECOG_FEEDBACK	1
1267575175211	0	RECOG_PRES	11	FAUCET	555	-999	P	531
1267575176111	0	RECOG_CR_PRES	11	FAUCET	555	-999	P	424
1267575176877	1	RECOG_FEEDBACK	1
1267575177585	0	RECOG_PRES	11	BRAN	167	-999	P	574
1267575178528	0	RECOG_CR_PRES	11	BRAN	167	-999	P	446
1267575179302	1	RECOG_FEEDBACK	1
1267575180111	0	RECOG_PRES	11	HAIL	676	-999	P	1320
1267575181801	0	RECOG_CR_PRES	11	HAIL	676	-999	P	430
1267575182585	1	RECOG_FEEDBACK	1
1267575183310	0	RECOG_PRES	11	PURSE	1145	-999	P	608
1267575184285	0	RECOG_CR_PRES	11	PURSE	1145	-999	P	433
1267575185060	1	RECOG_FEEDBACK	1
1267575185809	0	RECOG_PRES	11	DINOSAUR	469	-999	P	558
1267575186743	0	RECOG_CR_PRES	11	DINOSAUR	469	-999	P	456
1267575187552	1	RECOG_FEEDBACK	1
1267575188268	0	RECOG_PRES	11	BUTTERFLY	206	-999	P	522
1267575189152	0	RECOG_CR_PRES	11	BUTTERFLY	206	-999	P	630
1267575190110	1	RECOG_FEEDBACK	1
1267575190851	0	RECOG_PRES	11	COLOGNE	347	-999	P	620
1267575191842	0	RECOG_CR_PRES	11	COLOGNE	347	-999	P	477
1267575192667	1	RECOG_FEEDBACK	1
1267575193451	0	RECOG_PRES	11	WHIP	1604	-999	P	1283
1267575195101	0	RECOG_CR_PRES	11	WHIP	1604	-999	P	497
1267575195942	1	RECOG_FEEDBACK	1
1267575196683	0	RECOG_PRES	11	PARENT	1013	-999	P	580
1267575197633	0	RECOG_CR_PRES	11	PARENT	1013	-999	P	1918
1267575199892	1	RECOG_FEEDBACK	0
1267575200608	0	RECOG_PRES	11	GROCERIES	663	-999	P	1511
1267575202492	0	RECOG_CR_PRES	11	GROCERIES	663	-999	P	755
1267575203608	1	RECOG_FEEDBACK	1
1267575204367	0	RECOG_PRES	11	CREW	406	-999	P	479
1267575205209	0	RECOG_CR_PRES	11	CREW	406	-999	P	485
1267575206026	1	RECOG_FEEDBACK	1
1267575206816	0	RECOG_PRES	11	NET	946	-999	P	631
1267575207816	0	RECOG_CR_PRES	11	NET	946	-999	P	543
1267575208708	1	RECOG_FEEDBACK	1
1267575209450	0	RECOG_PRES	11	BANJO	82	-999	P	1909
1267575211732	0	RECOG_CR_PRES	11	BANJO	82	-999	P	539
1267575212632	1	RECOG_FEEDBACK	1
1267575213358	0	RECOG_PRES	11	CURB	426	-999	P	737
1267575214467	0	RECOG_CR_PRES	11	CURB	426	-999	P	483
1267575215300	1	RECOG_FEEDBACK	1
1267575216025	0	RECOG_PRES	11	PICTURE	1061	-999	P	518
1267575216915	0	RECOG_CR_PRES	11	PICTURE	1061	-999	P	731
1267575217990	1	RECOG_FEEDBACK	1
1267575219849	0	REST
1267575220746	1	REC_START
1267575220782	0	RECOG_PRES	12	BUYER	208	-999	P	1705
1267575222857	0	RECOG_CR_PRES	12	BUYER	208	-999	P	566
1267575223782	1	RECOG_FEEDBACK	1
1267575224590	0	RECOG_PRES	12	VEGETABLE	1552	-999	P	553
1267575225507	0	RECOG_CR_PRES	12	VEGETABLE	1552	-999	P	540
1267575226382	1	RECOG_FEEDBACK	1
1267575227132	0	RECOG_PRES	12	PALM	1007	-999	P	554
1267575228049	0	RECOG_CR_PRES	12	PALM	1007	-999	P	805
1267575229199	1	RECOG_FEEDBACK	1
1267575229923	0	RECOG_PRES	12	HOUSE	725	-999	P	588
1267575230881	0	RECOG_CR_PRES	12	HOUSE	725	-999	P	1406
1267575232631	1	RECOG_FEEDBACK	0
1267575233415	0	RECOG_PRES	12	COMPASS	358	-999	P	1120
1267575234906	0	RECOG_CR_PRES	12	COMPASS	358	-999	P	525
1267575235756	1	RECOG_FEEDBACK	1
1267575236482	0	RECOG_PRES	12	MINK	897	-999	P	645
1267575237498	0	RECOG_CR_PRES	12	MINK	897	-999	P	444
1267575238290	1	RECOG_FEEDBACK	1
1267575239048	0	RECOG_PRES	12	CUB	419	-999	P	1287
1267575240705	0	RECOG_CR_PRES	12	CUB	419	-999	P	542
1267575241589	1	RECOG_FEEDBACK	1
1267575242356	0	RECOG_PRES	12	POLE	1097	-999	P	715
1267575243440	0	RECOG_CR_PRES	12	POLE	1097	-999	P	462
1267575244248	1	RECOG_FEEDBACK	1
1267575244997	0	RECOG_PRES	12	FATHER	554	-999	P	585
1267575245955	0	RECOG_CR_PRES	12	FATHER	554	-999	P	524
1267575246822	1	RECOG_FEEDBACK	1
1267575247621	0	RECOG_PRES	12	LOBSTER	837	-999	P	522
1267575248514	0	RECOG_CR_PRES	12	LOBSTER	837	-999	P	613
1267575249464	1	RECOG_FEEDBACK	1
1267575250247	0	RECOG_PRES	12	SQUIRREL	1362	-999	P	551
1267575251164	0	RECOG_CR_PRES	12	SQUIRREL	1362	-999	P	562
1267575252056	1	RECOG_FEEDBACK	1
1267575252821	0	RECOG_PRES	12	PICK	1058	-999	P	2113
1267575255297	0	RECOG_CR_PRES	12	PICK	1058	-999	P	541
1267575256197	1	RECOG_FEEDBACK	1
1267575256996	0	RECOG_PRES	12	SENATOR	1268	-999	P	618
1267575257987	0	RECOG_CR_PRES	12	SENATOR	1268	-999	P	707
1267575259030	1	RECOG_FEEDBACK	1
1267575259787	0	RECOG_PRES	12	DRAGON	492	-999	P	604
1267575260762	0	RECOG_CR_PRES	12	DRAGON	492	-999	P	469
1267575261563	1	RECOG_FEEDBACK	1
1267575262297	0	RECOG_PRES	12	ROBOT	1200	-999	P	685
1267575263346	0	RECOG_CR_PRES	12	ROBOT	1200	-999	P	500
1267575264171	1	RECOG_FEEDBACK	1
1267575264945	0	RECOG_PRES	12	UNIVERSE	1540	-999	P	653
1267575265970	0	RECOG_CR_PRES	12	UNIVERSE	1540	-999	P	493
1267575266795	1	RECOG_FEEDBACK	0
1267575267578	0	RECOG_PRES	12	BARN	89	-999	P	1212
1267575269154	0	RECOG_CR_PRES	12	BARN	89	-999	P	452
1267575269920	1	RECOG_FEEDBACK	1
1267575270645	0	RECOG_PRES	12	TEA	1439	-999	P	490
1267575271504	0	RECOG_CR_PRES	12	TEA	1439	-999	P	935
1267575272770	1	RECOG_FEEDBACK	0
1267575273554	0	RECOG_PRES	12	CATTLE	261	-999	P	581
1267575274504	0	RECOG_CR_PRES	12	CATTLE	261	-999	P	446
1267575275271	1	RECOG_FEEDBACK	1
1267575276071	0	RECOG_PRES	12	STOVE	1388	-999	P	384
1267575276828	0	RECOG_CR_PRES	12	STOVE	1388	-999	P	619
1267575277778	1	RECOG_FEEDBACK	1
1267575279578	0	REST
1267575280406	1	REC_START
1267575280437	0	RECOG_PRES	13	SHORE	1291	-999	P	834
1267575281644	0	RECOG_CR_PRES	13	SHORE	1291	-999	P	755
1267575282694	1	RECOG_FEEDBACK	1
1267575283487	0	RECOG_PRES	13	SUNRISE	1407	-999	P	1319
1267575285170	0	RECOG_CR_PRES	13	SUNRISE	1407	-999	P	648
1267575286203	1	RECOG_FEEDBACK	1
1267575286960	0	RECOG_PRES	13	DANDRUFF	439	-999	P	1119
1267575288453	0	RECOG_CR_PRES	13	DANDRUFF	439	-999	P	465
1267575289245	1	RECOG_FEEDBACK	1
1267575289985	0	RECOG_PRES	13	COURT	391	-999	P	709
1267575291061	0	RECOG_CR_PRES	13	COURT	391	-999	P	937
1267575292328	1	RECOG_FEEDBACK	1
1267575293069	0	RECOG_PRES	13	CHART	282	-999	P	577
1267575294011	0	RECOG_CR_PRES	13	CHART	282	-999	P	867
1267575295194	1	RECOG_FEEDBACK	1
1267575295935	0	RECOG_PRES	13	OX	994	-999	P	679
1267575296985	0	RECOG_CR_PRES	13	OX	994	-999	P	558
1267575297876	1	RECOG_FEEDBACK	1
1267575298668	0	RECOG_PRES	13	STEM	1376	-999	P	371
1267575299410	0	RECOG_CR_PRES	13	STEM	1376	-999	P	629
1267575300377	1	RECOG_FEEDBACK	1
1267575301119	0	RECOG_PRES	13	BEAST	108	-999	P	591
1267575302077	0	RECOG_CR_PRES	13	BEAST	108	-999	P	553
1267575302934	1	RECOG_FEEDBACK	1
1267575303668	0	RECOG_PRES	13	EMPIRE	530	-999	P	1306
1267575305343	0	RECOG_CR_PRES	13	EMPIRE	530	-999	P	728
1267575306418	1	RECOG_FEEDBACK	0
1267575307210	0	RECOG_PRES	13	RUST	1219	-999	P	684
1267575308260	0	RECOG_CR_PRES	13	RUST	1219	-999	P	763
1267575309351	1	RECOG_FEEDBACK	1
1267575310151	0	RECOG_PRES	13	SAND	1230	-999	P	455
1267575310975	0	RECOG_CR_PRES	13	SAND	1230	-999	P	855
1267575312151	1	RECOG_FEEDBACK	0
1267575312883	0	RECOG_PRES	13	KITCHEN	778	-999	P	1412
1267575314667	0	RECOG_CR_PRES	13	KITCHEN	778	-999	P	796
1267575315792	1	RECOG_FEEDBACK	1
1267575316526	0	RECOG_PRES	13	MAGICIAN	854	-999	P	505
1267575317401	0	RECOG_CR_PRES	13	MAGICIAN	854	-999	P	1054
1267575318766	1	RECOG_FEEDBACK	1
1267575319526	0	RECOG_PRES	13	TABLE	1426	-999	P	1312
1267575321201	0	RECOG_CR_PRES	13	TABLE	1426	-999	P	629
1267575322167	1	RECOG_FEEDBACK	0
1267575322899	0	RECOG_PRES	13	MANSION	864	-999	P	1148
1267575324417	0	RECOG_CR_PRES	13	MANSION	864	-999	P	549
1267575325275	1	RECOG_FEEDBACK	1
1267575326050	0	RECOG_PRES	13	GALAXY	617	-999	P	548
1267575326974	0	RECOG_CR_PRES	13	GALAXY	617	-999	P	640
1267575327924	1	RECOG_FEEDBACK	1
1267575328641	0	RECOG_PRES	13	SHAMPOO	1274	-999	P	486
1267575329500	0	RECOG_CR_PRES	13	SHAMPOO	1274	-999	P	603
1267575330408	1	RECOG_FEEDBACK	1
1267575331117	0	RECOG_PRES	13	BANQUET	86	-999	P	553
1267575332033	0	RECOG_CR_PRES	13	BANQUET	86	-999	P	765
1267575333108	1	RECOG_FEEDBACK	1
1267575333824	0	RECOG_PRES	13	TEMPLE	1448	-999	P	599
1267575334790	0	RECOG_CR_PRES	13	TEMPLE	1448	-999	P	465
1267575335566	1	RECOG_FEEDBACK	1
1267575336349	0	RECOG_PRES	13	STEWARDESS	1381	-999	P	513
1267575337224	0	RECOG_CR_PRES	13	STEWARDESS	1381	-999	P	702
1267575338233	1	RECOG_FEEDBACK	1
1267575340199	0	REST
1267575341158	1	REC_START
1267575341199	0	RECOG_PRES	14	SUPERVISOR	1410	-999	P	647
1267575342207	0	RECOG_CR_PRES	14	SUPERVISOR	1410	-999	P	487
1267575342998	1	RECOG_FEEDBACK	1
1267575343773	0	RECOG_PRES	14	LAGOON	795	-999	P	482
1267575344623	0	RECOG_CR_PRES	14	LAGOON	795	-999	P	552
1267575345482	1	RECOG_FEEDBACK	1
1267575346240	0	RECOG_PRES	14	LANDSCAPE	799	-999	P	550
1267575347157	0	RECOG_CR_PRES	14	LANDSCAPE	799	-999	P	850
1267575348315	1	RECOG_FEEDBACK	1
1267575349049	0	RECOG_PRES	14	PIANO	1057	-999	P	541
1267575349964	0	RECOG_CR_PRES	14	PIANO	1057	-999	P	722
1267575350997	1	RECOG_FEEDBACK	1
1267575351697	0	RECOG_PRES	14	CHICK	296	-999	P	422
1267575352490	0	RECOG_CR_PRES	14	CHICK	296	-999	P	749
1267575353557	1	RECOG_FEEDBACK	1
1267575354307	0	RECOG_PRES	14	CHURCH	307	-999	P	124
1267575354806	0	RECOG_CR_PRES	14	CHURCH	307	-999	P	992
1267575356081	1	RECOG_FEEDBACK	1
1267575356864	0	RECOG_PRES	14	OINTMENT	974	-999	P	1926
1267575359156	0	RECOG_CR_PRES	14	OINTMENT	974	-999	P	810
1267575360289	1	RECOG_FEEDBACK	1
1267575361039	0	RECOG_PRES	14	STRANGER	1389	-999	P	1767
1267575363173	0	RECOG_CR_PRES	14	STRANGER	1389	-999	P	505
1267575364022	1	RECOG_FEEDBACK	0
1267575364805	0	RECOG_PRES	14	CONTAINER	366	-999	P	770
1267575365946	0	RECOG_CR_PRES	14	CONTAINER	366	-999	P	541
1267575366813	1	RECOG_FEEDBACK	1
1267575367580	0	RECOG_PRES	14	CAMEL	223	-999	P	362
1267575368306	0	RECOG_CR_PRES	14	CAMEL	223	-999	P	651
1267575369305	1	RECOG_FEEDBACK	1
1267575370047	0	RECOG_PRES	14	FRIEND	606	-999	P	528
1267575370946	0	RECOG_CR_PRES	14	FRIEND	606	-999	P	641
1267575371921	1	RECOG_FEEDBACK	1
1267575372629	0	RECOG_PRES	14	RAILROAD	1162	-999	P	1474
1267575374463	0	RECOG_CR_PRES	14	RAILROAD	1162	-999	P	487
1267575375297	1	RECOG_FEEDBACK	1
1267575376038	0	RECOG_PRES	14	HORIZON	717	-999	P	1736
1267575378138	0	RECOG_CR_PRES	14	HORIZON	717	-999	P	484
1267575378987	1	RECOG_FEEDBACK	1
1267575379729	0	RECOG_PRES	14	QUEEN	1149	-999	P	2866
1267575382995	0	RECOG_CR_PRES	14	QUEEN	1149	-999	P	380
1267575383753	1	RECOG_FEEDBACK	0
1267575384529	0	RECOG_PRES	14	HOOD	714	-999	P	1526
1267575386429	0	RECOG_CR_PRES	14	HOOD	714	-999	P	626
1267575387396	1	RECOG_FEEDBACK	1
1267575388196	0	RECOG_PRES	14	HANDBAG	684	-999	P	674
1267575389237	0	RECOG_CR_PRES	14	HANDBAG	684	-999	P	729
1267575390271	1	RECOG_FEEDBACK	1
1267575391037	0	RECOG_PRES	14	POOL	1103	-999	P	1370
1267575392778	0	RECOG_CR_PRES	14	POOL	1103	-999	P	581
1267575393694	1	RECOG_FEEDBACK	1
1267575394479	0	RECOG_PRES	14	POWDER	1117	-999	P	632
1267575395487	0	RECOG_CR_PRES	14	POWDER	1117	-999	P	624
1267575396428	1	RECOG_FEEDBACK	1
1267575397195	0	RECOG_PRES	14	LEG	809	-999	P	1531
1267575399095	0	RECOG_CR_PRES	14	LEG	809	-999	P	551
1267575400012	1	RECOG_FEEDBACK	0
1267575400819	0	RECOG_PRES	14	COOKBOOK	373	-999	P	684
1267575401877	0	RECOG_CR_PRES	14	COOKBOOK	373	-999	P	1073
1267575403270	1	RECOG_FEEDBACK	1
1267575405577	0	REST
1267575406549	1	REC_START
1267575406577	0	RECOG_PRES	15	GRASS	655	-999	P	702
1267575407652	0	RECOG_CR_PRES	15	GRASS	655	-999	P	563
1267575408453	1	RECOG_FEEDBACK	-1
1267575409244	0	RECOG_PRES	15	DEODORANT	448	-999	P	811
1267575410428	0	RECOG_CR_PRES	15	DEODORANT	448	-999	P	490
1267575411252	1	RECOG_FEEDBACK	1
1267575412052	0	RECOG_PRES	15	GLASSES	640	-999	P	586
1267575413002	0	RECOG_CR_PRES	15	GLASSES	640	-999	P	517
1267575413826	1	RECOG_FEEDBACK	1
1267575414576	0	RECOG_PRES	15	PARIS	1014	-999	P	591
1267575415535	0	RECOG_CR_PRES	15	PARIS	1014	-999	P	976
1267575416826	1	RECOG_FEEDBACK	0
1267575417535	0	RECOG_PRES	15	CONCERT	360	-999	P	1480
1267575419385	0	RECOG_CR_PRES	15	CONCERT	360	-999	P	485
1267575420210	1	RECOG_FEEDBACK	0
1267575420967	0	RECOG_PRES	15	ALLIGATOR	16	-999	P	631
1267575421967	0	RECOG_CR_PRES	15	ALLIGATOR	16	-999	P	432
1267575422701	1	RECOG_FEEDBACK	1
1267575423427	0	RECOG_PRES	15	STOMACH	1384	-999	P	628
1267575424426	0	RECOG_CR_PRES	15	STOMACH	1384	-999	P	460
1267575425193	1	RECOG_FEEDBACK	1
1267575425909	0	RECOG_PRES	15	TERRITORY	1452	-999	P	1274
1267575427560	0	RECOG_CR_PRES	15	TERRITORY	1452	-999	P	640
1267575428568	1	RECOG_FEEDBACK	1
1267575429301	0	RECOG_PRES	15	GULL	671	-999	P	1321
1267575430992	0	RECOG_CR_PRES	15	GULL	671	-999	P	455
1267575431783	1	RECOG_FEEDBACK	1
1267575432493	0	RECOG_PRES	15	CABINET	212	-999	P	1361
1267575434217	0	RECOG_CR_PRES	15	CABINET	212	-999	P	525
1267575435076	1	RECOG_FEEDBACK	1
1267575435866	0	RECOG_PRES	15	LAWN	805	-999	P	1493
1267575437733	0	RECOG_CR_PRES	15	LAWN	805	-999	P	538
1267575438608	1	RECOG_FEEDBACK	1
1267575439392	0	RECOG_PRES	15	ASTRONAUT	51	-999	P	1975
1267575441741	0	RECOG_CR_PRES	15	ASTRONAUT	51	-999	P	570
1267575442733	1	RECOG_FEEDBACK	1
1267575443475	0	RECOG_PRES	15	APPLE	33	-999	P	1020
1267575444866	0	RECOG_CR_PRES	15	APPLE	33	-999	P	365
1267575445567	1	RECOG_FEEDBACK	1
1267575446300	0	RECOG_PRES	15	FARMER	553	-999	P	963
1267575447632	0	RECOG_CR_PRES	15	FARMER	553	-999	P	399
1267575448350	1	RECOG_FEEDBACK	1
1267575449066	0	RECOG_PRES	15	TYPIST	1532	-999	P	1397
1267575450832	0	RECOG_CR_PRES	15	TYPIST	1532	-999	P	551
1267575451724	1	RECOG_FEEDBACK	1
1267575452458	0	RECOG_PRES	15	HOOK	715	-999	P	973
1267575453807	0	RECOG_CR_PRES	15	HOOK	715	-999	P	608
1267575454740	1	RECOG_FEEDBACK	1
1267575455533	0	RECOG_PRES	15	DOORBELL	487	-999	P	2233
1267575458132	0	RECOG_CR_PRES	15	DOORBELL	487	-999	P	490
1267575458973	1	RECOG_FEEDBACK	1
1267575459723	0	RECOG_PRES	15	MECHANIC	884	-999	P	804
1267575460898	0	RECOG_CR_PRES	15	MECHANIC	884	-999	P	509
1267575461723	1	RECOG_FEEDBACK	1
1267575462432	0	RECOG_PRES	15	ORCHESTRA	981	-999	P	671
1267575463474	0	RECOG_CR_PRES	15	ORCHESTRA	981	-999	P	533
1267575464315	1	RECOG_FEEDBACK	1
1267575465115	0	RECOG_PRES	15	RANCH	1166	-999	P	699
1267575466182	0	RECOG_CR_PRES	15	RANCH	1166	-999	P	688
1267575467182	1	RECOG_FEEDBACK	1
1267575467970	0	RECOG_END
1267575476639	0	SESS_END
1267575476679	0	E	Logging Ends
