1267041207165	0	B	Logging Begins
1267041207165	0	SESS_START	4
1267041267397	1	FR_PRES	0	MONARCH	906	1	1	1533	(0.57740000000000002, 0.41289999999999999, 1.0)	../fonts/amplitud.ttf	lower
1267041271284	1	FR_PRES	0	ICE	730	1	0	1438	(0.57740000000000002, 0.41289999999999999, 1.0)	../fonts/amplitud.ttf	lower
1267041275271	1	FR_PRES	0	CHEESE	289	0	0	1259	(0.42259999999999998, 0.58709999999999996, 0)	../fonts/zerothre.ttf	upper
1267041279325	1	FR_PRES	0	TIGER	1467	0	1	1965	(0.42259999999999998, 0.58709999999999996, 0)	../fonts/zerothre.ttf	upper
1267041283187	1	FR_PRES	0	WILDERNESS	1610	0	1	1991	(0.42259999999999998, 0.58709999999999996, 0)	../fonts/zerothre.ttf	upper
1267041287307	1	FR_PRES	0	CLIMBER	323	1	1	1711	(0.57740000000000002, 0.41289999999999999, 1.0)	../fonts/amplitud.ttf	lower
1267041291119	1	FR_PRES	0	VACUUM	1543	1	0	1155	(0.57740000000000002, 0.41289999999999999, 1.0)	../fonts/amplitud.ttf	lower
1267041295190	1	FR_PRES	0	RAG	1160	0	0	1660	(0.42259999999999998, 0.58709999999999996, 0)	../fonts/zerothre.ttf	upper
1267041299027	1	FR_PRES	0	LODGE	839	0	1	1671	(0.42259999999999998, 0.58709999999999996, 0)	../fonts/zerothre.ttf	upper
1267041303089	1	FR_PRES	0	CREAM	402	0	0	1329	(0.42259999999999998, 0.58709999999999996, 0)	../fonts/zerothre.ttf	upper
1267041307159	1	FR_PRES	0	SKATE	1313	0	-999	3000	(0.42259999999999998, 0.58709999999999996, 0)	../fonts/zerothre.ttf	upper
1267041310180	1	SLOW_MSG
1267041312586	1	FR_PRES	0	FOLLOWER	589	0	1	1264	(0.42259999999999998, 0.58709999999999996, 0)	../fonts/zerothre.ttf	upper
1267041316465	1	FR_PRES	0	COWARD	394	1	1	1785	(0.57740000000000002, 0.41289999999999999, 1.0)	../fonts/amplitud.ttf	lower
1267041320360	1	FR_PRES	0	DRINK	498	1	0	890	(0.57740000000000002, 0.41289999999999999, 1.0)	../fonts/amplitud.ttf	lower
1267041324488	1	FR_PRES	0	BARTENDER	92	1	1	2098	(0.57740000000000002, 0.41289999999999999, 1.0)	../fonts/amplitud.ttf	lower
1267041328475	1	FR_PRES	0	HIKER	708	1	1	903	(0.57740000000000002, 0.41289999999999999, 1.0)	../fonts/amplitud.ttf	lower
1267041334228	1	REC_START
1267041411612	0	REST
1267041413118	1	FR_PRES	1	CANDY	230	0	0	1268	(0.42259999999999998, 0.58709999999999996, 0)	../fonts/zerothre.ttf	upper
1267041417138	1	FR_PRES	1	SALIVA	1226	0	0	855	(0.42259999999999998, 0.58709999999999996, 0)	../fonts/zerothre.ttf	upper
1267041421109	1	FR_PRES	1	SPIT	1354	0	0	1685	(0.42259999999999998, 0.58709999999999996, 0)	../fonts/zerothre.ttf	upper
1267041425254	1	FR_PRES	1	PIRATE	1074	1	1	1068	(0.57740000000000002, 0.41289999999999999, 1.0)	../fonts/amplitud.ttf	lower
1267041429316	1	FR_PRES	1	DAM	436	1	0	1278	(0.57740000000000002, 0.41289999999999999, 1.0)	../fonts/amplitud.ttf	lower
1267041433145	1	FR_PRES	1	SPRINKLE	1359	1	0	1529	(0.57740000000000002, 0.41289999999999999, 1.0)	../fonts/amplitud.ttf	lower
1267041437082	1	FR_PRES	1	DOVE	491	0	0	1392	(0.42259999999999998, 0.58709999999999996, 0)	../fonts/zerothre.ttf	upper
1267041440936	1	FR_PRES	1	BINDER	127	0	0	1602	(0.42259999999999998, 0.58709999999999996, 0)	../fonts/zerothre.ttf	upper
1267041445131	1	FR_PRES	1	CONE	363	0	0	1127	(0.42259999999999998, 0.58709999999999996, 0)	../fonts/zerothre.ttf	upper
1267041448992	1	FR_PRES	1	SHINGLE	1285	0	0	1138	(0.42259999999999998, 0.58709999999999996, 0)	../fonts/zerothre.ttf	upper
1267041453121	1	FR_PRES	1	SIDING	1304	0	1	1505	(0.42259999999999998, 0.58709999999999996, 0)	../fonts/zerothre.ttf	upper
1267041456967	1	FR_PRES	1	FOX	598	1	1	1475	(0.57740000000000002, 0.41289999999999999, 1.0)	../fonts/amplitud.ttf	lower
1267041460929	1	FR_PRES	1	GRADUATE	653	1	1	1025	(0.57740000000000002, 0.41289999999999999, 1.0)	../fonts/amplitud.ttf	lower
1267041465124	1	FR_PRES	1	PAIL	1002	1	0	1734	(0.57740000000000002, 0.41289999999999999, 1.0)	../fonts/amplitud.ttf	lower
1267041469252	1	FR_PRES	1	COCKTAIL	338	1	0	1254	(0.57740000000000002, 0.41289999999999999, 1.0)	../fonts/amplitud.ttf	lower
1267041473140	1	FR_PRES	1	BARLEY	88	1	0	1630	(0.57740000000000002, 0.41289999999999999, 1.0)	../fonts/amplitud.ttf	lower
1267041478808	1	REC_START
1267041556409	0	REST
1267041557915	1	FR_PRES	2	FOUNTAIN	597	1	0	1287	(0.57740000000000002, 0.41289999999999999, 1.0)	../fonts/amplitud.ttf	lower
1267041561819	1	FR_PRES	2	COLLEGE	346	1	0	807	(0.57740000000000002, 0.41289999999999999, 1.0)	../fonts/amplitud.ttf	lower
1267041565631	1	FR_PRES	2	SCHOOL	1248	1	0	579	(0.57740000000000002, 0.41289999999999999, 1.0)	../fonts/amplitud.ttf	lower
1267041569702	1	FR_PRES	2	ROOST	1208	1	0	1140	(0.57740000000000002, 0.41289999999999999, 1.0)	../fonts/amplitud.ttf	lower
1267041573697	1	FR_PRES	2	FURNITURE	616	1	0	1137	(0.57740000000000002, 0.41289999999999999, 1.0)	../fonts/amplitud.ttf	lower
1267041577601	1	FR_PRES	2	BRANDY	169	1	0	929	(0.57740000000000002, 0.41289999999999999, 1.0)	../fonts/amplitud.ttf	lower
1267041581671	1	FR_PRES	2	SUPERMARKET	1409	1	0	1019	(0.57740000000000002, 0.41289999999999999, 1.0)	../fonts/amplitud.ttf	lower
1267041585583	1	FR_PRES	2	SWAN	1417	1	1	843	(0.57740000000000002, 0.41289999999999999, 1.0)	../fonts/amplitud.ttf	lower
1267041589645	1	FR_PRES	2	ANTEATER	26	1	1	1373	(0.57740000000000002, 0.41289999999999999, 1.0)	../fonts/amplitud.ttf	lower
1267041593848	1	FR_PRES	2	OX	994	1	1	818	(0.57740000000000002, 0.41289999999999999, 1.0)	../fonts/amplitud.ttf	lower
1267041597960	1	FR_PRES	2	LAMP	798	1	0	1250	(0.57740000000000002, 0.41289999999999999, 1.0)	../fonts/amplitud.ttf	lower
1267041601988	1	FR_PRES	2	DINNER	468	1	0	822	(0.57740000000000002, 0.41289999999999999, 1.0)	../fonts/amplitud.ttf	lower
1267041605818	1	FR_PRES	2	DANCER	437	1	1	1648	(0.57740000000000002, 0.41289999999999999, 1.0)	../fonts/amplitud.ttf	lower
1267041609896	1	FR_PRES	2	LOUNGE	845	1	0	786	(0.57740000000000002, 0.41289999999999999, 1.0)	../fonts/amplitud.ttf	lower
1267041613792	1	FR_PRES	2	FAIRY	549	1	1	1201	(0.57740000000000002, 0.41289999999999999, 1.0)	../fonts/amplitud.ttf	lower
1267041617870	1	FR_PRES	2	CALCULATOR	220	1	0	1236	(0.57740000000000002, 0.41289999999999999, 1.0)	../fonts/amplitud.ttf	lower
1267041623747	1	REC_START
1267041702272	0	REST
1267041703778	1	FR_PRES	3	SALAD	1224	1	0	1120	(0.57740000000000002, 0.41289999999999999, 1.0)	../fonts/amplitud.ttf	lower
1267041707648	1	FR_PRES	3	STEW	1380	1	0	978	(0.57740000000000002, 0.41289999999999999, 1.0)	../fonts/amplitud.ttf	lower
1267041711760	1	FR_PRES	3	DETECTIVE	454	1	1	858	(0.57740000000000002, 0.41289999999999999, 1.0)	../fonts/amplitud.ttf	lower
1267041715922	1	FR_PRES	3	AGENT	10	1	1	1080	(0.57740000000000002, 0.41289999999999999, 1.0)	../fonts/amplitud.ttf	lower
1267041719909	1	FR_PRES	3	PORCUPINE	1107	1	1	821	(0.57740000000000002, 0.41289999999999999, 1.0)	../fonts/amplitud.ttf	lower
1267041723846	1	FR_PRES	3	BULLETIN	195	1	0	1012	(0.57740000000000002, 0.41289999999999999, 1.0)	../fonts/amplitud.ttf	lower
1267041727900	1	FR_PRES	3	PRINCESS	1125	1	1	1030	(0.57740000000000002, 0.41289999999999999, 1.0)	../fonts/amplitud.ttf	lower
1267041731912	1	FR_PRES	3	SHRIMP	1297	1	1	1514	(0.57740000000000002, 0.41289999999999999, 1.0)	../fonts/amplitud.ttf	lower
1267041735841	1	FR_PRES	3	TIMBER	1469	1	0	905	(0.57740000000000002, 0.41289999999999999, 1.0)	../fonts/amplitud.ttf	lower
1267041739919	1	FR_PRES	3	SALMON	1227	1	1	1299	(0.57740000000000002, 0.41289999999999999, 1.0)	../fonts/amplitud.ttf	lower
1267041743881	1	FR_PRES	3	UNIFORM	1539	1	0	777	(0.57740000000000002, 0.41289999999999999, 1.0)	../fonts/amplitud.ttf	lower
1267041747992	1	FR_PRES	3	MILITARY	894	1	0	1370	(0.57740000000000002, 0.41289999999999999, 1.0)	../fonts/amplitud.ttf	lower
1267041752130	1	FR_PRES	3	RADISH	1158	1	0	1120	(0.57740000000000002, 0.41289999999999999, 1.0)	../fonts/amplitud.ttf	lower
1267041756025	1	FR_PRES	3	BEEF	113	1	0	1537	(0.57740000000000002, 0.41289999999999999, 1.0)	../fonts/amplitud.ttf	lower
1267041760012	1	FR_PRES	3	COFFEE	341	1	0	1302	(0.57740000000000002, 0.41289999999999999, 1.0)	../fonts/amplitud.ttf	lower
1267041764132	1	FR_PRES	3	BOTTLE	153	1	0	1526	(0.57740000000000002, 0.41289999999999999, 1.0)	../fonts/amplitud.ttf	lower
1267041770009	1	REC_START
1267041850315	0	REST
1267041851821	1	FR_PRES	4	HAMBURGER	679	0	0	1645	(0.42259999999999998, 0.58709999999999996, 0)	../fonts/zerothre.ttf	upper
1267041855982	1	FR_PRES	4	PASSENGER	1020	0	1	1508	(0.42259999999999998, 0.58709999999999996, 0)	../fonts/zerothre.ttf	upper
1267041859895	1	FR_PRES	4	WAGON	1578	0	1	891	(0.42259999999999998, 0.58709999999999996, 0)	../fonts/zerothre.ttf	upper
1267041863849	1	FR_PRES	4	HOUND	724	0	0	1641	(0.42259999999999998, 0.58709999999999996, 0)	../fonts/zerothre.ttf	upper
1267041867828	1	FR_PRES	4	DOG	480	0	1	982	(0.42259999999999998, 0.58709999999999996, 0)	../fonts/zerothre.ttf	upper
1267041871798	1	FR_PRES	4	ASIA	46	0	1	780	(0.42259999999999998, 0.58709999999999996, 0)	../fonts/zerothre.ttf	upper
1267041875984	1	FR_PRES	4	FRIES	607	0	0	1154	(0.42259999999999998, 0.58709999999999996, 0)	../fonts/zerothre.ttf	upper
1267041880097	1	FR_PRES	4	SCARF	1246	0	0	1353	(0.42259999999999998, 0.58709999999999996, 0)	../fonts/zerothre.ttf	upper
1267041884142	1	FR_PRES	4	BATTERY	101	0	0	987	(0.42259999999999998, 0.58709999999999996, 0)	../fonts/zerothre.ttf	upper
1267041888320	1	FR_PRES	4	CATTLE	261	0	1	1818	(0.42259999999999998, 0.58709999999999996, 0)	../fonts/zerothre.ttf	upper
1267041892257	1	FR_PRES	4	BEVERAGE	123	0	0	1489	(0.42259999999999998, 0.58709999999999996, 0)	../fonts/zerothre.ttf	upper
1267041896419	1	FR_PRES	4	COOLER	375	0	1	1495	(0.42259999999999998, 0.58709999999999996, 0)	../fonts/zerothre.ttf	upper
1267041900423	1	FR_PRES	4	ELK	526	0	-999	3000	(0.42259999999999998, 0.58709999999999996, 0)	../fonts/zerothre.ttf	upper
1267041903444	1	SLOW_MSG
1267041905817	1	FR_PRES	4	CAGE	218	0	1	961	(0.42259999999999998, 0.58709999999999996, 0)	../fonts/zerothre.ttf	upper
1267041909994	1	FR_PRES	4	POSSUM	1112	0	1	1272	(0.42259999999999998, 0.58709999999999996, 0)	../fonts/zerothre.ttf	upper
1267041914140	1	FR_PRES	4	TOENAIL	1474	0	0	1350	(0.42259999999999998, 0.58709999999999996, 0)	../fonts/zerothre.ttf	upper
1267041920042	1	REC_START
1267041996294	0	REST
1267041997801	1	FR_PRES	5	STETHOSCOPE	1379	1	0	1745	(0.57740000000000002, 0.41289999999999999, 1.0)	../fonts/amplitud.ttf	lower
1267042001788	1	FR_PRES	5	MARBLE	867	1	0	1214	(0.57740000000000002, 0.41289999999999999, 1.0)	../fonts/amplitud.ttf	lower
1267042005966	1	FR_PRES	5	CONCERT	360	1	0	1108	(0.57740000000000002, 0.41289999999999999, 1.0)	../fonts/amplitud.ttf	lower
1267042010119	1	FR_PRES	5	NOTE	958	1	0	858	(0.57740000000000002, 0.41289999999999999, 1.0)	../fonts/amplitud.ttf	lower
1267042013957	1	FR_PRES	5	CASH	252	0	0	1205	(0.42259999999999998, 0.58709999999999996, 0)	../fonts/zerothre.ttf	upper
1267042017794	1	FR_PRES	5	WARRIOR	1589	0	1	832	(0.42259999999999998, 0.58709999999999996, 0)	../fonts/zerothre.ttf	upper
1267042021781	1	FR_PRES	5	SNOB	1335	0	1	949	(0.42259999999999998, 0.58709999999999996, 0)	../fonts/zerothre.ttf	upper
1267042025843	1	FR_PRES	5	EWE	542	0	1	967	(0.42259999999999998, 0.58709999999999996, 0)	../fonts/zerothre.ttf	upper
1267042029722	1	FR_PRES	5	PREDATOR	1120	0	1	1512	(0.42259999999999998, 0.58709999999999996, 0)	../fonts/zerothre.ttf	upper
1267042033617	1	FR_PRES	5	DANDRUFF	439	0	0	1105	(0.42259999999999998, 0.58709999999999996, 0)	../fonts/zerothre.ttf	upper
1267042037504	1	FR_PRES	5	BEETLE	116	1	1	1594	(0.57740000000000002, 0.41289999999999999, 1.0)	../fonts/amplitud.ttf	lower
1267042041483	1	FR_PRES	5	CATERPILLAR	259	1	1	823	(0.57740000000000002, 0.41289999999999999, 1.0)	../fonts/amplitud.ttf	lower
1267042045561	1	FR_PRES	5	FLOOR	581	1	0	993	(0.57740000000000002, 0.41289999999999999, 1.0)	../fonts/amplitud.ttf	lower
1267042049765	1	FR_PRES	5	MONEY	908	1	0	1917	(0.57740000000000002, 0.41289999999999999, 1.0)	../fonts/amplitud.ttf	lower
1267042053677	1	FR_PRES	5	HEAD	695	0	1	2052	(0.42259999999999998, 0.58709999999999996, 0)	../fonts/zerothre.ttf	upper
1267042057656	1	FR_PRES	5	SCALPEL	1243	0	0	1290	(0.42259999999999998, 0.58709999999999996, 0)	../fonts/zerothre.ttf	upper
1267042063458	1	REC_START
1267042140725	0	REST
1267042142232	1	FR_PRES	6	ONION	977	-1	-1	-1267042142232	white	../fonts/Verdana.ttf	upper
1267042146435	1	FR_PRES	6	NEEDLE	941	-1	-1	-1267042146435	white	../fonts/Verdana.ttf	upper
1267042150522	1	FR_PRES	6	PREACHER	1119	-1	-1	-1267042150522	white	../fonts/Verdana.ttf	upper
1267042154451	1	FR_PRES	6	BRAN	167	-1	-1	-1267042154451	white	../fonts/Verdana.ttf	upper
1267042158304	1	FR_PRES	6	CARRIAGE	248	-1	-1	-1267042158304	white	../fonts/Verdana.ttf	upper
1267042162341	1	FR_PRES	6	DONKEY	484	-1	-1	-1267042162341	white	../fonts/Verdana.ttf	upper
1267042166412	1	FR_PRES	6	HAIL	676	-1	-1	-1267042166412	white	../fonts/Verdana.ttf	upper
1267042170232	1	FR_PRES	6	PROFESSOR	1131	-1	-1	-1267042170232	white	../fonts/Verdana.ttf	upper
1267042174411	1	FR_PRES	6	CHURCH	307	-1	-1	-1267042174411	white	../fonts/Verdana.ttf	upper
1267042178348	1	FR_PRES	6	VILLAGE	1566	-1	-1	-1267042178348	white	../fonts/Verdana.ttf	upper
1267042182301	1	FR_PRES	6	SKYSCRAPER	1322	-1	-1	-1267042182301	white	../fonts/Verdana.ttf	upper
1267042186480	1	FR_PRES	6	DIAL	457	-1	-1	-1267042186480	white	../fonts/Verdana.ttf	upper
1267042190617	1	FR_PRES	6	PHILOSOPHER	1054	-1	-1	-1267042190617	white	../fonts/Verdana.ttf	upper
1267042194562	1	FR_PRES	6	STUMP	1396	-1	-1	-1267042194562	white	../fonts/Verdana.ttf	upper
1267042198632	1	FR_PRES	6	FOREST	593	-1	-1	-1267042198632	white	../fonts/Verdana.ttf	upper
1267042202519	1	FR_PRES	6	SUITE	1404	-1	-1	-1267042202519	white	../fonts/Verdana.ttf	upper
1267042208629	1	REC_START
1267042288577	0	REST
1267042290083	1	FR_PRES	7	IGLOO	734	-1	-1	-1267042290083	white	../fonts/Verdana.ttf	upper
1267042294096	1	FR_PRES	7	QUILT	1151	-1	-1	-1267042294096	white	../fonts/Verdana.ttf	upper
1267042298266	1	FR_PRES	7	TOURIST	1488	-1	-1	-1267042298266	white	../fonts/Verdana.ttf	upper
1267042302086	1	FR_PRES	7	FLANNEL	574	-1	-1	-1267042302086	white	../fonts/Verdana.ttf	upper
1267042306148	1	FR_PRES	7	PISTON	1076	-1	-1	-1267042306148	white	../fonts/Verdana.ttf	upper
1267042309984	1	FR_PRES	7	VALLEY	1545	-1	-1	-1267042309984	white	../fonts/Verdana.ttf	upper
1267042313839	1	FR_PRES	7	INFANT	737	-1	-1	-1267042313839	white	../fonts/Verdana.ttf	upper
1267042317983	1	FR_PRES	7	CHILD	299	-1	-1	-1267042317983	white	../fonts/Verdana.ttf	upper
1267042322013	1	FR_PRES	7	DENIM	446	-1	-1	-1267042322013	white	../fonts/Verdana.ttf	upper
1267042326083	1	FR_PRES	7	WINDSHIELD	1612	-1	-1	-1267042326083	white	../fonts/Verdana.ttf	upper
1267042330261	1	FR_PRES	7	SQUIRREL	1362	-1	-1	-1267042330261	white	../fonts/Verdana.ttf	upper
1267042334249	1	FR_PRES	7	DRIVEWAY	500	-1	-1	-1267042334249	white	../fonts/Verdana.ttf	upper
1267042338352	1	FR_PRES	7	TRUCK	1512	-1	-1	-1267042338352	white	../fonts/Verdana.ttf	upper
1267042342297	1	FR_PRES	7	VETERAN	1561	-1	-1	-1267042342297	white	../fonts/Verdana.ttf	upper
1267042346210	1	FR_PRES	7	ARENA	37	-1	-1	-1267042346210	white	../fonts/Verdana.ttf	upper
1267042350088	1	FR_PRES	7	LEOPARD	812	-1	-1	-1267042350088	white	../fonts/Verdana.ttf	upper
1267042356098	1	REC_START
1267042432750	0	REST
1267042434257	1	FR_PRES	8	TOASTER	1472	0	0	929	(0.42259999999999998, 0.58709999999999996, 0)	../fonts/zerothre.ttf	upper
1267042438235	1	FR_PRES	8	NOOSE	956	0	0	695	(0.42259999999999998, 0.58709999999999996, 0)	../fonts/zerothre.ttf	upper
1267042442322	1	FR_PRES	8	EMERALD	528	0	0	1304	(0.42259999999999998, 0.58709999999999996, 0)	../fonts/zerothre.ttf	upper
1267042446184	1	FR_PRES	8	BROCCOLI	176	0	-999	3000	(0.42259999999999998, 0.58709999999999996, 0)	../fonts/zerothre.ttf	upper
1267042449206	1	SLOW_MSG
1267042451561	1	FR_PRES	8	LIBRARY	816	0	1	1033	(0.42259999999999998, 0.58709999999999996, 0)	../fonts/zerothre.ttf	upper
1267042455581	1	FR_PRES	8	PHOTO	1055	0	0	1309	(0.42259999999999998, 0.58709999999999996, 0)	../fonts/zerothre.ttf	upper
1267042459593	1	FR_PRES	8	BUSH	202	0	1	1753	(0.42259999999999998, 0.58709999999999996, 0)	../fonts/zerothre.ttf	upper
1267042463489	1	FR_PRES	8	BRUNETTE	181	0	1	1257	(0.42259999999999998, 0.58709999999999996, 0)	../fonts/zerothre.ttf	upper
1267042467642	1	FR_PRES	8	CRITIC	410	0	1	2152	(0.42259999999999998, 0.58709999999999996, 0)	../fonts/zerothre.ttf	upper
1267042471496	1	FR_PRES	8	RUG	1215	0	1	882	(0.42259999999999998, 0.58709999999999996, 0)	../fonts/zerothre.ttf	upper
1267042475666	1	FR_PRES	8	PLASTER	1085	0	1	2400	(0.42259999999999998, 0.58709999999999996, 0)	../fonts/zerothre.ttf	upper
1267042479820	1	FR_PRES	8	CHECK	284	0	1	2198	(0.42259999999999998, 0.58709999999999996, 0)	../fonts/zerothre.ttf	upper
1267042483807	1	FR_PRES	8	RECEIPT	1173	0	0	843	(0.42259999999999998, 0.58709999999999996, 0)	../fonts/zerothre.ttf	upper
1267042487619	1	FR_PRES	8	THORN	1459	0	0	1599	(0.42259999999999998, 0.58709999999999996, 0)	../fonts/zerothre.ttf	upper
1267042491506	1	FR_PRES	8	ENCYCLOPEDIA	533	0	1	1024	(0.42259999999999998, 0.58709999999999996, 0)	../fonts/zerothre.ttf	upper
1267042495693	1	FR_PRES	8	CASKET	255	0	1	2173	(0.42259999999999998, 0.58709999999999996, 0)	../fonts/zerothre.ttf	upper
1267042501370	1	REC_START
1267042578579	0	REST
1267042580086	1	FR_PRES	9	HIGHWAY	707	1	0	1140	(0.57740000000000002, 0.41289999999999999, 1.0)	../fonts/amplitud.ttf	lower
1267042583980	1	FR_PRES	9	KNOT	788	1	0	550	(0.57740000000000002, 0.41289999999999999, 1.0)	../fonts/amplitud.ttf	lower
1267042587935	1	FR_PRES	9	WHEAT	1602	1	0	715	(0.57740000000000002, 0.41289999999999999, 1.0)	../fonts/amplitud.ttf	lower
1267042591889	1	FR_PRES	9	APRON	35	1	0	1057	(0.57740000000000002, 0.41289999999999999, 1.0)	../fonts/amplitud.ttf	lower
1267042595776	1	FR_PRES	9	LASER	801	0	0	1482	(0.42259999999999998, 0.58709999999999996, 0)	../fonts/zerothre.ttf	upper
1267042599630	1	FR_PRES	9	SHARK	1275	0	1	996	(0.42259999999999998, 0.58709999999999996, 0)	../fonts/zerothre.ttf	upper
1267042603483	1	FR_PRES	9	PENGUIN	1044	0	1	1087	(0.42259999999999998, 0.58709999999999996, 0)	../fonts/zerothre.ttf	upper
1267042607629	1	FR_PRES	9	BIRD	129	0	1	1293	(0.42259999999999998, 0.58709999999999996, 0)	../fonts/zerothre.ttf	upper
1267042611799	1	FR_PRES	9	RAIL	1161	0	1	1403	(0.42259999999999998, 0.58709999999999996, 0)	../fonts/zerothre.ttf	upper
1267042615886	1	FR_PRES	9	CROW	414	1	1	1268	(0.57740000000000002, 0.41289999999999999, 1.0)	../fonts/amplitud.ttf	lower
1267042620064	1	FR_PRES	9	BARN	89	1	0	1754	(0.57740000000000002, 0.41289999999999999, 1.0)	../fonts/amplitud.ttf	lower
1267042624218	1	FR_PRES	9	THICKET	1455	0	1	1208	(0.42259999999999998, 0.58709999999999996, 0)	../fonts/zerothre.ttf	upper
1267042628404	1	FR_PRES	9	DENTIST	447	0	1	1566	(0.42259999999999998, 0.58709999999999996, 0)	../fonts/zerothre.ttf	upper
1267042632400	1	FR_PRES	9	SUBMARINE	1398	0	1	1738	(0.42259999999999998, 0.58709999999999996, 0)	../fonts/zerothre.ttf	upper
1267042636220	1	FR_PRES	9	DECK	443	1	0	1174	(0.57740000000000002, 0.41289999999999999, 1.0)	../fonts/amplitud.ttf	lower
1267042640149	1	FR_PRES	9	BAIT	70	1	1	1813	(0.57740000000000002, 0.41289999999999999, 1.0)	../fonts/amplitud.ttf	lower
1267042645751	1	REC_START
1267042726556	0	REST
1267042728063	1	FR_PRES	10	ORNAMENT	985	-1	-1	-1267042728063	white	../fonts/Verdana.ttf	upper
1267042732000	1	FR_PRES	10	SHRUB	1299	-1	-1	-1267042732000	white	../fonts/Verdana.ttf	upper
1267042736178	1	FR_PRES	10	RUM	1217	-1	-1	-1267042736178	white	../fonts/Verdana.ttf	upper
1267042740140	1	FR_PRES	10	VEHICLE	1553	-1	-1	-1267042740140	white	../fonts/Verdana.ttf	upper
1267042744144	1	FR_PRES	10	OREGANO	983	-1	-1	-1267042744144	white	../fonts/Verdana.ttf	upper
1267042748297	1	FR_PRES	10	TANK	1432	-1	-1	-1267042748297	white	../fonts/Verdana.ttf	upper
1267042752459	1	FR_PRES	10	OZONE	996	-1	-1	-1267042752459	white	../fonts/Verdana.ttf	upper
1267042756604	1	FR_PRES	10	ULCER	1533	-1	-1	-1267042756604	white	../fonts/Verdana.ttf	upper
1267042760658	1	FR_PRES	10	ROBOT	1200	-1	-1	-1267042760658	white	../fonts/Verdana.ttf	upper
1267042764562	1	FR_PRES	10	FIDDLE	561	-1	-1	-1267042764562	white	../fonts/Verdana.ttf	upper
1267042768590	1	FR_PRES	10	VIOLA	1570	-1	-1	-1267042768590	white	../fonts/Verdana.ttf	upper
1267042772436	1	FR_PRES	10	COLESLAW	344	-1	-1	-1267042772436	white	../fonts/Verdana.ttf	upper
1267042776364	1	FR_PRES	10	COMPUTER	359	-1	-1	-1267042776364	white	../fonts/Verdana.ttf	upper
1267042780568	1	FR_PRES	10	HOOD	714	-1	-1	-1267042780568	white	../fonts/Verdana.ttf	upper
1267042784638	1	FR_PRES	10	MULE	931	-1	-1	-1267042784638	white	../fonts/Verdana.ttf	upper
1267042788825	1	FR_PRES	10	FINGER	567	-1	-1	-1267042788825	white	../fonts/Verdana.ttf	upper
1267042794878	1	REC_START
1267042873026	0	REST
1267042874533	1	FR_PRES	11	HEN	703	0	0	1460	(0.42259999999999998, 0.58709999999999996, 0)	../fonts/zerothre.ttf	upper
1267042878703	1	FR_PRES	11	PIT	1077	0	1	1227	(0.42259999999999998, 0.58709999999999996, 0)	../fonts/zerothre.ttf	upper
1267042882515	1	FR_PRES	11	PARTNER	1017	1	1	1975	(0.57740000000000002, 0.41289999999999999, 1.0)	../fonts/amplitud.ttf	lower
1267042886419	1	FR_PRES	11	PERSON	1052	1	1	1415	(0.57740000000000002, 0.41289999999999999, 1.0)	../fonts/amplitud.ttf	lower
1267042890239	1	FR_PRES	11	BEDROOM	111	1	0	851	(0.57740000000000002, 0.41289999999999999, 1.0)	../fonts/amplitud.ttf	lower
1267042894218	1	FR_PRES	11	SINK	1309	1	0	848	(0.57740000000000002, 0.41289999999999999, 1.0)	../fonts/amplitud.ttf	lower
1267042898172	1	FR_PRES	11	FREEWAY	603	0	1	1030	(0.42259999999999998, 0.58709999999999996, 0)	../fonts/zerothre.ttf	upper
1267042901991	1	FR_PRES	11	STEP	1377	0	0	1787	(0.42259999999999998, 0.58709999999999996, 0)	../fonts/zerothre.ttf	upper
1267042906171	1	FR_PRES	11	CITRUS	313	0	0	983	(0.42259999999999998, 0.58709999999999996, 0)	../fonts/zerothre.ttf	upper
1267042910266	1	FR_PRES	11	CABBAGE	210	1	1	2528	(0.57740000000000002, 0.41289999999999999, 1.0)	../fonts/amplitud.ttf	lower
1267042914286	1	FR_PRES	11	TURNIP	1521	1	1	1444	(0.57740000000000002, 0.41289999999999999, 1.0)	../fonts/amplitud.ttf	lower
1267042918282	1	FR_PRES	11	CRICKET	408	1	1	784	(0.57740000000000002, 0.41289999999999999, 1.0)	../fonts/amplitud.ttf	lower
1267042922252	1	FR_PRES	11	LOVER	846	1	1	1494	(0.57740000000000002, 0.41289999999999999, 1.0)	../fonts/amplitud.ttf	lower
1267042926214	1	FR_PRES	11	FRIEND	606	0	3	1292	(0.42259999999999998, 0.58709999999999996, 0)	../fonts/zerothre.ttf	upper
1267042927529	1	KEY_MSG
1267042930193	1	FR_PRES	11	LINEN	825	0	0	1833	(0.42259999999999998, 0.58709999999999996, 0)	../fonts/zerothre.ttf	upper
1267042934180	1	FR_PRES	11	PEAR	1033	0	0	1358	(0.42259999999999998, 0.58709999999999996, 0)	../fonts/zerothre.ttf	upper
1267042940215	1	REC_START
1267043434661	0	REST
1267043436167	1	FR_PRES	12	SANDWICH	1232	1	0	1267	(0.57740000000000002, 0.41289999999999999, 1.0)	../fonts/amplitud.ttf	lower
1267043440296	1	FR_PRES	12	GRATE	657	1	0	1306	(0.57740000000000002, 0.41289999999999999, 1.0)	../fonts/amplitud.ttf	lower
1267043444333	1	FR_PRES	12	BOAT	144	1	0	1493	(0.57740000000000002, 0.41289999999999999, 1.0)	../fonts/amplitud.ttf	lower
1267043448203	1	FR_PRES	12	SPICE	1350	1	0	727	(0.57740000000000002, 0.41289999999999999, 1.0)	../fonts/amplitud.ttf	lower
1267043452265	1	FR_PRES	12	FLOUR	583	1	0	769	(0.57740000000000002, 0.41289999999999999, 1.0)	../fonts/amplitud.ttf	lower
1267043456177	1	FR_PRES	12	COWBOY	395	1	1	849	(0.57740000000000002, 0.41289999999999999, 1.0)	../fonts/amplitud.ttf	lower
1267043460156	1	FR_PRES	12	STABLE	1363	1	0	1542	(0.57740000000000002, 0.41289999999999999, 1.0)	../fonts/amplitud.ttf	lower
1267043463975	1	FR_PRES	12	LACE	792	1	0	731	(0.57740000000000002, 0.41289999999999999, 1.0)	../fonts/amplitud.ttf	lower
1267043468063	1	FR_PRES	12	FIN	566	1	0	1899	(0.57740000000000002, 0.41289999999999999, 1.0)	../fonts/amplitud.ttf	lower
1267043472108	1	FR_PRES	12	MERMAID	887	1	1	1158	(0.57740000000000002, 0.41289999999999999, 1.0)	../fonts/amplitud.ttf	lower
1267043476145	1	FR_PRES	12	POLICE	1098	1	1	1009	(0.57740000000000002, 0.41289999999999999, 1.0)	../fonts/amplitud.ttf	lower
1267043480224	1	FR_PRES	12	MECHANIC	884	1	1	1042	(0.57740000000000002, 0.41289999999999999, 1.0)	../fonts/amplitud.ttf	lower
1267043484328	1	FR_PRES	12	PICKLE	1059	1	0	1090	(0.57740000000000002, 0.41289999999999999, 1.0)	../fonts/amplitud.ttf	lower
1267043488506	1	FR_PRES	12	TROUSERS	1510	1	0	1600	(0.57740000000000002, 0.41289999999999999, 1.0)	../fonts/amplitud.ttf	lower
1267043492460	1	FR_PRES	12	THUMB	1462	1	0	1270	(0.57740000000000002, 0.41289999999999999, 1.0)	../fonts/amplitud.ttf	lower
1267043496272	1	FR_PRES	12	CHAUFFEUR	283	1	0	1834	(0.57740000000000002, 0.41289999999999999, 1.0)	../fonts/amplitud.ttf	lower
1267043501981	1	REC_START
1267043578859	0	REST
1267043580365	1	FR_PRES	13	TRIANGLE	1504	0	0	901	(0.42259999999999998, 0.58709999999999996, 0)	../fonts/zerothre.ttf	upper
1267043584285	1	FR_PRES	13	CYLINDER	432	0	0	901	(0.42259999999999998, 0.58709999999999996, 0)	../fonts/zerothre.ttf	upper
1267043588156	1	FR_PRES	13	SPATULA	1348	0	0	918	(0.42259999999999998, 0.58709999999999996, 0)	../fonts/zerothre.ttf	upper
1267043592118	1	FR_PRES	13	TULIP	1517	0	0	1732	(0.42259999999999998, 0.58709999999999996, 0)	../fonts/zerothre.ttf	upper
1267043596055	1	FR_PRES	13	DANDELION	438	0	0	1603	(0.42259999999999998, 0.58709999999999996, 0)	../fonts/zerothre.ttf	upper
1267043600167	1	FR_PRES	13	PRIEST	1122	0	1	1347	(0.42259999999999998, 0.58709999999999996, 0)	../fonts/zerothre.ttf	upper
1267043604329	1	FR_PRES	13	COOKBOOK	373	0	0	1897	(0.42259999999999998, 0.58709999999999996, 0)	../fonts/zerothre.ttf	upper
1267043608432	1	FR_PRES	13	PUZZLE	1146	0	0	1490	(0.42259999999999998, 0.58709999999999996, 0)	../fonts/zerothre.ttf	upper
1267043612319	1	FR_PRES	13	LOBBY	836	0	1	971	(0.42259999999999998, 0.58709999999999996, 0)	../fonts/zerothre.ttf	upper
1267043616323	1	FR_PRES	13	NOVEL	960	0	0	1431	(0.42259999999999998, 0.58709999999999996, 0)	../fonts/zerothre.ttf	upper
1267043620135	1	FR_PRES	13	EDITORIAL	517	0	0	1251	(0.42259999999999998, 0.58709999999999996, 0)	../fonts/zerothre.ttf	upper
1267043623980	1	FR_PRES	13	ARTICLE	42	0	0	726	(0.42259999999999998, 0.58709999999999996, 0)	../fonts/zerothre.ttf	upper
1267043627876	1	FR_PRES	13	HAM	678	0	-999	3000	(0.42259999999999998, 0.58709999999999996, 0)	../fonts/zerothre.ttf	upper
1267043630898	1	SLOW_MSG
1267043633561	1	FR_PRES	13	CROSS	413	0	0	1377	(0.42259999999999998, 0.58709999999999996, 0)	../fonts/zerothre.ttf	upper
1267043637407	1	FR_PRES	13	BED	110	0	1	1243	(0.42259999999999998, 0.58709999999999996, 0)	../fonts/zerothre.ttf	upper
1267043641385	1	FR_PRES	13	COLUMN	350	0	0	1561	(0.42259999999999998, 0.58709999999999996, 0)	../fonts/zerothre.ttf	upper
1267043647171	1	REC_START
1267043724555	0	REST
1267043726061	1	FR_PRES	14	CLOWN	330	0	1	1469	(0.42259999999999998, 0.58709999999999996, 0)	../fonts/zerothre.ttf	upper
1267043729997	1	FR_PRES	14	RECIPE	1175	0	0	893	(0.42259999999999998, 0.58709999999999996, 0)	../fonts/zerothre.ttf	upper
1267043733902	1	FR_PRES	14	VINE	1568	0	1	1228	(0.42259999999999998, 0.58709999999999996, 0)	../fonts/zerothre.ttf	upper
1267043737980	1	FR_PRES	14	CHAMBER	277	0	1	1142	(0.42259999999999998, 0.58709999999999996, 0)	../fonts/zerothre.ttf	upper
1267043741975	1	FR_PRES	14	CAPTIVE	240	1	1	1147	(0.57740000000000002, 0.41289999999999999, 1.0)	../fonts/amplitud.ttf	lower
1267043745963	1	FR_PRES	14	REFRIGERATOR	1179	1	0	999	(0.57740000000000002, 0.41289999999999999, 1.0)	../fonts/amplitud.ttf	lower
1267043750100	1	FR_PRES	14	RACCOON	1153	1	1	1158	(0.57740000000000002, 0.41289999999999999, 1.0)	../fonts/amplitud.ttf	lower
1267043753970	1	FR_PRES	14	CRUMB	416	0	0	1504	(0.42259999999999998, 0.58709999999999996, 0)	../fonts/zerothre.ttf	upper
1267043757981	1	FR_PRES	14	KIWI	781	0	0	877	(0.42259999999999998, 0.58709999999999996, 0)	../fonts/zerothre.ttf	upper
1267043761819	1	FR_PRES	14	CONSUMER	365	0	0	1271	(0.42259999999999998, 0.58709999999999996, 0)	../fonts/zerothre.ttf	upper
1267043766031	1	FR_PRES	14	SALESMAN	1225	0	1	1139	(0.42259999999999998, 0.58709999999999996, 0)	../fonts/zerothre.ttf	upper
1267043770176	1	FR_PRES	14	SIGNATURE	1306	1	0	1178	(0.57740000000000002, 0.41289999999999999, 1.0)	../fonts/amplitud.ttf	lower
1267043774030	1	FR_PRES	14	REPORT	1184	1	0	676	(0.57740000000000002, 0.41289999999999999, 1.0)	../fonts/amplitud.ttf	lower
1267043778192	1	FR_PRES	14	SUPPER	1411	1	0	994	(0.57740000000000002, 0.41289999999999999, 1.0)	../fonts/amplitud.ttf	lower
1267043782237	1	FR_PRES	14	FLEA	577	1	1	909	(0.57740000000000002, 0.41289999999999999, 1.0)	../fonts/amplitud.ttf	lower
1267043786208	1	FR_PRES	14	BOWL	158	1	0	1730	(0.57740000000000002, 0.41289999999999999, 1.0)	../fonts/amplitud.ttf	lower
1267043791802	1	REC_START
1267043869219	0	REST
1267043870725	1	FR_PRES	15	GARDEN	623	-1	-1	-1267043870725	white	../fonts/Verdana.ttf	upper
1267043874787	1	FR_PRES	15	UNIVERSITY	1541	-1	-1	-1267043874787	white	../fonts/Verdana.ttf	upper
1267043878899	1	FR_PRES	15	RAT	1169	-1	-1	-1267043878899	white	../fonts/Verdana.ttf	upper
1267043882720	1	FR_PRES	15	CHIPMUNK	304	-1	-1	-1267043882720	white	../fonts/Verdana.ttf	upper
1267043886615	1	FR_PRES	15	YOUTH	1634	-1	-1	-1267043886615	white	../fonts/Verdana.ttf	upper
1267043890602	1	FR_PRES	15	JUVENILE	767	-1	-1	-1267043890602	white	../fonts/Verdana.ttf	upper
1267043894772	1	FR_PRES	15	MAJOR	859	-1	-1	-1267043894772	white	../fonts/Verdana.ttf	upper
1267043898942	1	FR_PRES	15	STEM	1376	-1	-1	-1267043898942	white	../fonts/Verdana.ttf	upper
1267043902863	1	FR_PRES	15	UNDERWEAR	1537	-1	-1	-1267043902863	white	../fonts/Verdana.ttf	upper
1267043906733	1	FR_PRES	15	JEEP	753	-1	-1	-1267043906733	white	../fonts/Verdana.ttf	upper
1267043910920	1	FR_PRES	15	AWARD	63	-1	-1	-1267043910920	white	../fonts/Verdana.ttf	upper
1267043915015	1	FR_PRES	15	FLIPPER	580	-1	-1	-1267043915015	white	../fonts/Verdana.ttf	upper
1267043918952	1	FR_PRES	15	LAUNDRY	803	-1	-1	-1267043918952	white	../fonts/Verdana.ttf	upper
1267043923122	1	FR_PRES	15	MINT	898	-1	-1	-1267043923122	white	../fonts/Verdana.ttf	upper
1267043927259	1	FR_PRES	15	GUM	672	-1	-1	-1267043927259	white	../fonts/Verdana.ttf	upper
1267043931105	1	FR_PRES	15	FLASHLIGHT	575	-1	-1	-1267043931105	white	../fonts/Verdana.ttf	upper
1267043936840	1	REC_START
1267044028566	0	RECOG_START
1267044028567	1	REC_START
1267044028599	0	RECOG_PRES	0	FLASHLIGHT	575	-999	P	2403
1267044031371	0	RECOG_CR_PRES	0	FLASHLIGHT	575	-999	P	1622
1267044033668	1	RECOG_FEEDBACK	1
1267044034409	0	RECOG_PRES	0	GAUZE	626	-999	P	1153
1267044035932	0	RECOG_CR_PRES	0	GAUZE	626	-999	P	790
1267044037139	1	RECOG_FEEDBACK	1
1267044037930	0	RECOG_PRES	0	SMOG	1330	-999	P	1336
1267044039636	0	RECOG_CR_PRES	0	SMOG	1330	-999	P	558
1267044040643	1	RECOG_FEEDBACK	1
1267044041359	0	RECOG_PRES	0	CRICKET	408	-999	P	1691
1267044043423	0	RECOG_CR_PRES	0	CRICKET	408	-999	P	641
1267044044555	1	RECOG_FEEDBACK	0
1267044045338	0	RECOG_PRES	0	COURSE	390	-999	P	1272
1267044046985	0	RECOG_CR_PRES	0	COURSE	390	-999	P	593
1267044047992	1	RECOG_FEEDBACK	1
1267044048792	0	RECOG_PRES	0	COFFEE	341	-999	P	1250
1267044050415	0	RECOG_CR_PRES	0	COFFEE	341	-999	P	707
1267044051564	1	RECOG_FEEDBACK	1
1267044052329	0	RECOG_PRES	0	CREAM	402	-999	P	1201
1267044053903	0	RECOG_CR_PRES	0	CREAM	402	-999	P	499
1267044054860	1	RECOG_FEEDBACK	1
1267044055592	0	RECOG_PRES	0	SUNSET	1408	-999	P	1354
1267044057315	0	RECOG_CR_PRES	0	SUNSET	1408	-999	P	479
1267044058239	1	RECOG_FEEDBACK	0
1267044058987	0	RECOG_PRES	0	CHIME	300	-999	P	1343
1267044060703	0	RECOG_CR_PRES	0	CHIME	300	-999	P	715
1267044061843	1	RECOG_FEEDBACK	0
1267044062617	0	RECOG_PRES	0	CLOWN	330	-999	P	1360
1267044064340	0	RECOG_CR_PRES	0	CLOWN	330	-999	P	590
1267044065381	1	RECOG_FEEDBACK	1
1267044066180	0	RECOG_PRES	0	DOOR	486	-999	P	1502
1267044068053	0	RECOG_CR_PRES	0	DOOR	486	-999	P	461
1267044068952	1	RECOG_FEEDBACK	1
1267044069701	0	RECOG_PRES	0	CONCERT	360	-999	P	1189
1267044071266	0	RECOG_CR_PRES	0	CONCERT	360	-999	P	752
1267044072423	1	RECOG_FEEDBACK	1
1267044073138	0	RECOG_PRES	0	BRUNETTE	181	-999	P	1584
1267044075094	0	RECOG_CR_PRES	0	BRUNETTE	181	-999	P	596
1267044076160	1	RECOG_FEEDBACK	1
1267044076901	0	RECOG_PRES	0	TOILET	1475	-999	P	1701
1267044078973	0	RECOG_CR_PRES	0	TOILET	1475	-999	P	517
1267044079930	1	RECOG_FEEDBACK	1
1267044080730	0	RECOG_PRES	0	COOKBOOK	373	-999	P	2247
1267044083351	0	RECOG_CR_PRES	0	COOKBOOK	373	-999	P	531
1267044084334	1	RECOG_FEEDBACK	0
1267044085074	0	RECOG_PRES	0	REPORT	1184	-999	P	1248
1267044086698	0	RECOG_CR_PRES	0	REPORT	1184	-999	P	552
1267044087671	1	RECOG_FEEDBACK	1
1267044088454	0	RECOG_PRES	0	VEHICLE	1553	-999	P	1548
1267044090377	0	RECOG_CR_PRES	0	VEHICLE	1553	-999	P	521
1267044091350	1	RECOG_FEEDBACK	1
1267044092116	0	RECOG_PRES	0	COOLER	375	-999	P	1302
1267044093789	0	RECOG_CR_PRES	0	COOLER	375	-999	P	733
1267044094955	1	RECOG_FEEDBACK	1
1267044095695	0	RECOG_PRES	0	WAGON	1578	-999	P	939
1267044097002	0	RECOG_CR_PRES	0	WAGON	1578	-999	P	480
1267044097918	1	RECOG_FEEDBACK	1
1267044098708	0	RECOG_PRES	0	STETHOSCOPE	1379	-999	P	1294
1267044100373	0	RECOG_CR_PRES	0	STETHOSCOPE	1379	-999	P	461
1267044101280	1	RECOG_FEEDBACK	1
1267044103162	0	REST
1267044104272	1	REC_START
1267044104302	0	RECOG_PRES	1	MOON	914	-999	P	1356
1267044106033	0	RECOG_CR_PRES	1	MOON	914	-999	P	441
1267044106949	1	RECOG_FEEDBACK	0
1267044107665	0	RECOG_PRES	1	TIMBER	1469	-999	P	1057
1267044109096	0	RECOG_CR_PRES	1	TIMBER	1469	-999	P	522
1267044110020	1	RECOG_FEEDBACK	1
1267044110753	0	RECOG_PRES	1	FLANNEL	574	-999	P	953
1267044112076	0	RECOG_CR_PRES	1	FLANNEL	574	-999	P	406
1267044112850	1	RECOG_FEEDBACK	1
1267044113649	0	RECOG_PRES	1	VALLEY	1545	-999	P	897
1267044114915	0	RECOG_CR_PRES	1	VALLEY	1545	-999	P	559
1267044115872	1	RECOG_FEEDBACK	1
1267044116662	0	RECOG_PRES	1	HIGHWAY	707	-999	P	1331
1267044118369	0	RECOG_CR_PRES	1	HIGHWAY	707	-999	P	433
1267044119218	1	RECOG_FEEDBACK	0
1267044119991	0	RECOG_PRES	1	ANCHOR	21	-999	P	1547
1267044121906	0	RECOG_CR_PRES	1	ANCHOR	21	-999	P	432
1267044122747	1	RECOG_FEEDBACK	1
1267044123471	0	RECOG_PRES	1	RAG	1160	-999	P	1395
1267044125236	0	RECOG_CR_PRES	1	RAG	1160	-999	P	558
1267044126210	1	RECOG_FEEDBACK	1
1267044126925	0	RECOG_PRES	1	CARRIAGE	248	-999	P	1613
1267044128907	0	RECOG_CR_PRES	1	CARRIAGE	248	-999	P	759
1267044130080	1	RECOG_FEEDBACK	1
1267044130871	0	RECOG_PRES	1	BINDER	127	-999	P	907
1267044132153	0	RECOG_CR_PRES	1	BINDER	127	-999	P	593
1267044133135	1	RECOG_FEEDBACK	1
1267044133909	0	RECOG_PRES	1	LAMP	798	-999	P	1893
1267044136173	0	RECOG_CR_PRES	1	LAMP	798	-999	P	709
1267044137338	1	RECOG_FEEDBACK	1
1267044138137	0	RECOG_PRES	1	DEPUTY	450	-999	P	1521
1267044140027	0	RECOG_CR_PRES	1	DEPUTY	450	-999	P	519
1267044140951	1	RECOG_FEEDBACK	1
1267044141750	0	RECOG_PRES	1	FLIPPER	580	-999	P	1036
1267044143156	0	RECOG_CR_PRES	1	FLIPPER	580	-999	P	446
1267044143988	1	RECOG_FEEDBACK	1
1267044144746	0	RECOG_PRES	1	UTENSIL	1542	-999	P	1456
1267044146577	0	RECOG_CR_PRES	1	UTENSIL	1542	-999	P	441
1267044147443	1	RECOG_FEEDBACK	1
1267044148159	0	RECOG_PRES	1	SPICE	1350	-999	P	1243
1267044149774	0	RECOG_CR_PRES	1	SPICE	1350	-999	P	420
1267044150606	1	RECOG_FEEDBACK	1
1267044151339	0	RECOG_PRES	1	BASEBALL	93	-999	P	1159
1267044152870	0	RECOG_CR_PRES	1	BASEBALL	93	-999	P	428
1267044153694	1	RECOG_FEEDBACK	1
1267044154418	0	RECOG_PRES	1	SKATE	1313	-999	P	1256
1267044156050	0	RECOG_CR_PRES	1	SKATE	1313	-999	P	448
1267044156907	1	RECOG_FEEDBACK	1
1267044157681	0	RECOG_PRES	1	PIRATE	1074	-999	P	1105
1267044159154	0	RECOG_CR_PRES	1	PIRATE	1074	-999	P	560
1267044160137	1	RECOG_FEEDBACK	1
1267044160911	0	RECOG_PRES	1	FURNITURE	616	-999	P	1139
1267044162426	0	RECOG_CR_PRES	1	FURNITURE	616	-999	P	528
1267044163358	1	RECOG_FEEDBACK	1
1267044164090	0	RECOG_PRES	1	DONKEY	484	-999	P	1104
1267044165564	0	RECOG_CR_PRES	1	DONKEY	484	-999	P	574
1267044166571	1	RECOG_FEEDBACK	1
1267044167361	0	RECOG_PRES	1	CLIMBER	323	-999	P	1137
1267044168868	0	RECOG_CR_PRES	1	CLIMBER	323	-999	P	486
1267044169750	1	RECOG_FEEDBACK	1
1267044171032	0	REST
1267044172219	1	REC_START
1267044172247	0	RECOG_PRES	2	FRAGRANCE	599	-999	P	1267
1267044173887	0	RECOG_CR_PRES	2	FRAGRANCE	599	-999	P	411
1267044174703	1	RECOG_FEEDBACK	1
1267044175427	0	RECOG_PRES	2	OBOE	969	-999	P	999
1267044176800	0	RECOG_CR_PRES	2	OBOE	969	-999	P	506
1267044177691	1	RECOG_FEEDBACK	1
1267044178498	0	RECOG_PRES	2	SUBMARINE	1398	-999	P	1200
1267044180072	0	RECOG_CR_PRES	2	SUBMARINE	1398	-999	P	482
1267044180986	1	RECOG_FEEDBACK	1
1267044181736	0	RECOG_PRES	2	RAT	1169	-999	P	1042
1267044183151	0	RECOG_CR_PRES	2	RAT	1169	-999	P	411
1267044183967	1	RECOG_FEEDBACK	1
1267044184749	0	RECOG_PRES	2	COLOGNE	347	-999	P	1061
1267044186181	0	RECOG_CR_PRES	2	COLOGNE	347	-999	P	381
1267044186955	1	RECOG_FEEDBACK	1
1267044187763	0	RECOG_PRES	2	FLEET	578	-999	P	1111
1267044189244	0	RECOG_CR_PRES	2	FLEET	578	-999	P	430
1267044190068	1	RECOG_FEEDBACK	0
1267044190867	0	RECOG_PRES	2	WARDROBE	1587	-999	P	1543
1267044192782	0	RECOG_CR_PRES	2	WARDROBE	1587	-999	P	356
1267044193547	1	RECOG_FEEDBACK	1
1267044194338	0	RECOG_PRES	2	MULE	931	-999	P	1144
1267044195853	0	RECOG_CR_PRES	2	MULE	931	-999	P	373
1267044196636	1	RECOG_FEEDBACK	1
1267044197443	0	RECOG_PRES	2	DAM	436	-999	P	991
1267044198808	0	RECOG_CR_PRES	2	DAM	436	-999	P	426
1267044199624	1	RECOG_FEEDBACK	1
1267044200356	0	RECOG_PRES	2	SATURN	1236	-999	P	1014
1267044201738	0	RECOG_CR_PRES	2	SATURN	1236	-999	P	520
1267044202637	1	RECOG_FEEDBACK	1
1267044203428	0	RECOG_PRES	2	MOP	916	-999	P	1222
1267044205026	0	RECOG_CR_PRES	2	MOP	916	-999	P	592
1267044206033	1	RECOG_FEEDBACK	1
1267044206807	0	RECOG_PRES	2	TRUCK	1512	-999	P	1499
1267044208680	0	RECOG_CR_PRES	2	TRUCK	1512	-999	P	706
1267044209795	1	RECOG_FEEDBACK	1
1267044210511	0	RECOG_PRES	2	MERMAID	887	-999	P	707
1267044211593	0	RECOG_CR_PRES	2	MERMAID	887	-999	P	1457
1267044213541	1	RECOG_FEEDBACK	-1
1267044214290	0	RECOG_PRES	2	SUMMIT	1405	-999	P	1296
1267044215955	0	RECOG_CR_PRES	2	SUMMIT	1405	-999	P	551
1267044216920	1	RECOG_FEEDBACK	1
1267044217736	0	RECOG_PRES	2	LOLLIPOP	842	-999	P	1514
1267044219625	0	RECOG_CR_PRES	2	LOLLIPOP	842	-999	P	841
1267044220965	1	RECOG_FEEDBACK	1
1267044221773	0	RECOG_PRES	2	GUM	672	-999	P	1173
1267044223321	0	RECOG_CR_PRES	2	GUM	672	-999	P	489
1267044224220	1	RECOG_FEEDBACK	1
1267044224985	0	RECOG_PRES	2	CASKET	255	-999	P	1649
1267044227017	0	RECOG_CR_PRES	2	CASKET	255	-999	P	625
1267044228082	1	RECOG_FEEDBACK	1
1267044228873	0	RECOG_PRES	2	CUBE	420	-999	P	1577
1267044230821	0	RECOG_CR_PRES	2	CUBE	420	-999	P	461
1267044231736	1	RECOG_FEEDBACK	1
1267044232535	0	RECOG_PRES	2	SQUIRREL	1362	-999	P	1507
1267044234416	0	RECOG_CR_PRES	2	SQUIRREL	1362	-999	P	386
1267044235240	1	RECOG_FEEDBACK	1
1267044236006	0	RECOG_PRES	2	FINGER	567	-999	P	1124
1267044237504	0	RECOG_CR_PRES	2	FINGER	567	-999	P	418
1267044238337	1	RECOG_FEEDBACK	1
1267044239635	0	REST
1267044240680	1	REC_START
1267044240709	0	RECOG_PRES	3	SALMON	1227	-999	P	1021
1267044242099	0	RECOG_CR_PRES	3	SALMON	1227	-999	P	591
1267044243098	1	RECOG_FEEDBACK	1
1267044243822	0	RECOG_PRES	3	ICE	730	-999	P	868
1267044245062	0	RECOG_CR_PRES	3	ICE	730	-999	P	444
1267044245944	1	RECOG_FEEDBACK	1
1267044246677	0	RECOG_PRES	3	DIAL	457	-999	P	1021
1267044248067	0	RECOG_CR_PRES	3	DIAL	457	-999	P	407
1267044248874	1	RECOG_FEEDBACK	1
1267044249673	0	RECOG_PRES	3	SCAPEGOAT	1244	-999	P	1385
1267044251430	0	RECOG_CR_PRES	3	SCAPEGOAT	1244	-999	P	356
1267044252220	1	RECOG_FEEDBACK	1
1267044253011	0	RECOG_PRES	3	SERVER	1272	-999	P	1207
1267044254593	0	RECOG_CR_PRES	3	SERVER	1272	-999	P	529
1267044255533	1	RECOG_FEEDBACK	1
1267044256307	0	RECOG_PRES	3	PAIL	1002	-999	P	1503
1267044258180	0	RECOG_CR_PRES	3	PAIL	1002	-999	P	550
1267044259162	1	RECOG_FEEDBACK	1
1267044259920	0	RECOG_PRES	3	CHURCH	307	-999	P	1154
1267044261443	0	RECOG_CR_PRES	3	CHURCH	307	-999	P	495
1267044262375	1	RECOG_FEEDBACK	1
1267044263183	0	RECOG_PRES	3	SINK	1309	-999	P	1011
1267044264564	0	RECOG_CR_PRES	3	SINK	1309	-999	P	526
1267044265680	1	RECOG_FEEDBACK	-1
1267044266454	0	RECOG_PRES	3	SKYSCRAPER	1322	-999	P	1180
1267044268002	0	RECOG_CR_PRES	3	SKYSCRAPER	1322	-999	P	880
1267044269309	1	RECOG_FEEDBACK	1
1267044270083	0	RECOG_PRES	3	UNDERWEAR	1537	-999	P	1087
1267044271540	0	RECOG_CR_PRES	3	UNDERWEAR	1537	-999	P	422
1267044272372	1	RECOG_FEEDBACK	1
1267044273146	0	RECOG_PRES	3	DENTIST	447	-999	P	888
1267044274403	0	RECOG_CR_PRES	3	DENTIST	447	-999	P	415
1267044275235	1	RECOG_FEEDBACK	1
1267044276018	0	RECOG_PRES	3	DECK	443	-999	P	952
1267044277333	0	RECOG_CR_PRES	3	DECK	443	-999	P	397
1267044278132	1	RECOG_FEEDBACK	1
1267044278931	0	RECOG_PRES	3	DRIVEWAY	500	-999	P	1135
1267044280437	0	RECOG_CR_PRES	3	DRIVEWAY	500	-999	P	365
1267044281236	1	RECOG_FEEDBACK	1
1267044281993	0	RECOG_PRES	3	NOOSE	956	-999	P	1097
1267044283459	0	RECOG_CR_PRES	3	NOOSE	956	-999	P	455
1267044284308	1	RECOG_FEEDBACK	1
1267044285082	0	RECOG_PRES	3	LASER	801	-999	P	1104
1267044286555	0	RECOG_CR_PRES	3	LASER	801	-999	P	422
1267044287388	1	RECOG_FEEDBACK	1
1267044288145	0	RECOG_PRES	3	RAIL	1161	-999	P	1057
1267044289577	0	RECOG_CR_PRES	3	RAIL	1161	-999	P	553
1267044290551	1	RECOG_FEEDBACK	1
1267044291341	0	RECOG_PRES	3	PIT	1077	-999	P	1797
1267044293514	0	RECOG_CR_PRES	3	PIT	1077	-999	P	432
1267044294379	1	RECOG_FEEDBACK	1
1267044295154	0	RECOG_PRES	3	DANDELION	438	-999	P	1400
1267044296927	0	RECOG_CR_PRES	3	DANDELION	438	-999	P	347
1267044297717	1	RECOG_FEEDBACK	1
1267044298441	0	RECOG_PRES	3	CASH	252	-999	P	1145
1267044299956	0	RECOG_CR_PRES	3	CASH	252	-999	P	526
1267044300880	1	RECOG_FEEDBACK	1
1267044301621	0	RECOG_PRES	3	BOWL	158	-999	P	2213
1267044304210	0	RECOG_CR_PRES	3	BOWL	158	-999	P	440
1267044305134	1	RECOG_FEEDBACK	1
1267044306382	0	REST
1267044307255	1	REC_START
1267044307281	0	RECOG_PRES	4	UNIFORM	1539	-999	P	929
1267044308580	0	RECOG_CR_PRES	4	UNIFORM	1539	-999	P	405
1267044309387	1	RECOG_FEEDBACK	1
1267044310153	0	RECOG_PRES	4	PASSENGER	1020	-999	P	929
1267044311451	0	RECOG_CR_PRES	4	PASSENGER	1020	-999	P	351
1267044312200	1	RECOG_FEEDBACK	1
1267044312966	0	RECOG_PRES	4	TELEPHONE	1445	-999	P	924
1267044314265	0	RECOG_CR_PRES	4	TELEPHONE	1445	-999	P	401
1267044315080	1	RECOG_FEEDBACK	0
1267044315838	0	RECOG_PRES	4	DRINK	498	-999	P	1428
1267044317636	0	RECOG_CR_PRES	4	DRINK	498	-999	P	374
1267044318443	1	RECOG_FEEDBACK	1
1267044319217	0	RECOG_PRES	4	COMPUTER	359	-999	P	1169
1267044320757	0	RECOG_CR_PRES	4	COMPUTER	359	-999	P	381
1267044321564	1	RECOG_FEEDBACK	1
1267044322305	0	RECOG_PRES	4	FROST	609	-999	P	1081
1267044323762	0	RECOG_CR_PRES	4	FROST	609	-999	P	288
1267044324494	1	RECOG_FEEDBACK	0
1267044325277	0	RECOG_PRES	4	INFANT	737	-999	P	1317
1267044326966	0	RECOG_CR_PRES	4	INFANT	737	-999	P	508
1267044327874	1	RECOG_FEEDBACK	1
1267044328623	0	RECOG_PRES	4	FRUIT	610	-999	P	1195
1267044330188	0	RECOG_CR_PRES	4	FRUIT	610	-999	P	374
1267044330962	1	RECOG_FEEDBACK	1
1267044331694	0	RECOG_PRES	4	WART	1590	-999	P	1084
1267044333151	0	RECOG_CR_PRES	4	WART	1590	-999	P	491
1267044334033	1	RECOG_FEEDBACK	1
1267044334799	0	RECOG_PRES	4	DIAGRAM	456	-999	P	1067
1267044336239	0	RECOG_CR_PRES	4	DIAGRAM	456	-999	P	419
1267044337055	1	RECOG_FEEDBACK	1
1267044337787	0	RECOG_PRES	4	CATTLE	261	-999	P	1783
1267044339943	0	RECOG_CR_PRES	4	CATTLE	261	-999	P	395
1267044340792	1	RECOG_FEEDBACK	1
1267044341541	0	RECOG_PRES	4	BREAD	170	-999	P	1789
1267044343705	0	RECOG_CR_PRES	4	BREAD	170	-999	P	361
1267044344487	1	RECOG_FEEDBACK	1
1267044345237	0	RECOG_PRES	4	CHAMBER	277	-999	P	1373
1267044346984	0	RECOG_CR_PRES	4	CHAMBER	277	-999	P	338
1267044347750	1	RECOG_FEEDBACK	1
1267044348499	0	RECOG_PRES	4	BEETLE	116	-999	P	951
1267044349823	0	RECOG_CR_PRES	4	BEETLE	116	-999	P	211
1267044350431	1	RECOG_FEEDBACK	1
1267044351246	0	RECOG_PRES	4	MOSS	918	-999	P	1060
1267044352678	0	RECOG_CR_PRES	4	MOSS	918	-999	P	324
1267044353385	1	RECOG_FEEDBACK	1
1267044354110	0	RECOG_PRES	4	STEW	1380	-999	P	924
1267044355408	0	RECOG_CR_PRES	4	STEW	1380	-999	P	418
1267044356199	1	RECOG_FEEDBACK	1
1267044356956	0	RECOG_PRES	4	PEOPLE	1046	-999	P	1102
1267044358430	0	RECOG_CR_PRES	4	PEOPLE	1046	-999	P	492
1267044359312	1	RECOG_FEEDBACK	1
1267044360078	0	RECOG_PRES	4	RADISH	1158	-999	P	932
1267044361384	0	RECOG_CR_PRES	4	RADISH	1158	-999	P	450
1267044362233	1	RECOG_FEEDBACK	1
1267044362982	0	RECOG_PRES	4	WAREHOUSE	1588	-999	P	1196
1267044364547	0	RECOG_CR_PRES	4	WAREHOUSE	1588	-999	P	438
1267044365371	1	RECOG_FEEDBACK	1
1267044366162	0	RECOG_PRES	4	KNOT	788	-999	P	1008
1267044367544	0	RECOG_CR_PRES	4	KNOT	788	-999	P	602
1267044368551	1	RECOG_FEEDBACK	1
1267044370624	0	REST
1267044371603	1	REC_START
1267044371631	0	RECOG_PRES	5	RACKET	1155	-999	P	1531
1267044373537	0	RECOG_CR_PRES	5	RACKET	1155	-999	P	385
1267044374319	1	RECOG_FEEDBACK	1
1267044375035	0	RECOG_PRES	5	FINGERNAIL	568	-999	P	1239
1267044376650	0	RECOG_CR_PRES	5	FINGERNAIL	568	-999	P	232
1267044377374	1	RECOG_FEEDBACK	0
1267044378107	0	RECOG_PRES	5	SAW	1239	-999	P	1159
1267044379638	0	RECOG_CR_PRES	5	SAW	1239	-999	P	292
1267044380387	1	RECOG_FEEDBACK	0
1267044381120	0	RECOG_PRES	5	COWARD	394	-999	P	2506
1267044384000	0	RECOG_CR_PRES	5	COWARD	394	-999	P	1050
1267044385498	1	RECOG_FEEDBACK	0
1267044386305	0	RECOG_PRES	5	FUGITIVE	612	-999	P	1281
1267044387962	0	RECOG_CR_PRES	5	FUGITIVE	612	-999	P	376
1267044388736	1	RECOG_FEEDBACK	0
1267044389535	0	RECOG_PRES	5	LINEN	825	-999	P	1523
1267044391433	0	RECOG_CR_PRES	5	LINEN	825	-999	P	329
1267044392232	1	RECOG_FEEDBACK	1
1267044392956	0	RECOG_PRES	5	GLASSES	640	-999	P	1102
1267044394429	0	RECOG_CR_PRES	5	GLASSES	640	-999	P	237
1267044395053	1	RECOG_FEEDBACK	1
1267044395802	0	RECOG_PRES	5	VILLAIN	1567	-999	P	1024
1267044397201	0	RECOG_CR_PRES	5	VILLAIN	1567	-999	P	545
1267044398158	1	RECOG_FEEDBACK	0
1267044398907	0	RECOG_PRES	5	SCIENTIST	1249	-999	P	1439
1267044400722	0	RECOG_CR_PRES	5	SCIENTIST	1249	-999	P	304
1267044401438	1	RECOG_FEEDBACK	0
1267044402187	0	RECOG_PRES	5	BIRD	129	-999	P	1415
1267044403975	0	RECOG_CR_PRES	5	BIRD	129	-999	P	275
1267044404675	1	RECOG_FEEDBACK	0
1267044405391	0	RECOG_PRES	5	MUMMY	932	-999	P	1251
1267044407014	0	RECOG_CR_PRES	5	MUMMY	932	-999	P	468
1267044407888	1	RECOG_FEEDBACK	1
1267044408696	0	RECOG_PRES	5	CHILD	299	-999	P	1281
1267044410344	0	RECOG_CR_PRES	5	CHILD	299	-999	P	762
1267044411534	1	RECOG_FEEDBACK	1
1267044412325	0	RECOG_PRES	5	SWAN	1417	-999	P	1285
1267044413980	0	RECOG_CR_PRES	5	SWAN	1417	-999	P	342
1267044414730	1	RECOG_FEEDBACK	1
1267044415488	0	RECOG_PRES	5	LOVER	846	-999	P	1034
1267044416894	0	RECOG_CR_PRES	5	LOVER	846	-999	P	340
1267044417627	1	RECOG_FEEDBACK	1
1267044418393	0	RECOG_PRES	5	SNOB	1335	-999	P	1081
1267044419849	0	RECOG_CR_PRES	5	SNOB	1335	-999	P	361
1267044420615	1	RECOG_FEEDBACK	1
1267044421381	0	RECOG_PRES	5	DAGGER	434	-999	P	1629
1267044423379	0	RECOG_CR_PRES	5	DAGGER	434	-999	P	407
1267044424219	1	RECOG_FEEDBACK	1
1267044425018	0	RECOG_PRES	5	CITRUS	313	-999	P	1120
1267044426508	0	RECOG_CR_PRES	5	CITRUS	313	-999	P	454
1267044427374	1	RECOG_FEEDBACK	1
1267044428090	0	RECOG_PRES	5	CHIPMUNK	304	-999	P	1224
1267044429688	0	RECOG_CR_PRES	5	CHIPMUNK	304	-999	P	466
1267044430562	1	RECOG_FEEDBACK	1
1267044431328	0	RECOG_PRES	5	BOTTLE	153	-999	P	954
1267044432651	0	RECOG_CR_PRES	5	BOTTLE	153	-999	P	303
1267044433358	1	RECOG_FEEDBACK	1
1267044434141	0	RECOG_PRES	5	HANDBAG	684	-999	P	1365
1267044435881	0	RECOG_CR_PRES	5	HANDBAG	684	-999	P	481
1267044436780	1	RECOG_FEEDBACK	1
1267044438669	0	REST
1267044439834	1	REC_START
1267044439859	0	RECOG_PRES	6	GARDEN	623	-999	P	1023
1267044441258	0	RECOG_CR_PRES	6	GARDEN	623	-999	P	336
1267044441989	1	RECOG_FEEDBACK	1
1267044442772	0	RECOG_PRES	6	GARBAGE	622	-999	P	910
1267044444054	0	RECOG_CR_PRES	6	GARBAGE	622	-999	P	612
1267044445070	1	RECOG_FEEDBACK	0
1267044445852	0	RECOG_PRES	6	TABLET	1427	-999	P	1214
1267044447442	0	RECOG_CR_PRES	6	TABLET	1427	-999	P	888
1267044448724	1	RECOG_FEEDBACK	1
1267044449440	0	RECOG_PRES	6	PEAR	1033	-999	P	1234
1267044451046	0	RECOG_CR_PRES	6	PEAR	1033	-999	P	452
1267044451895	1	RECOG_FEEDBACK	1
1267044452702	0	RECOG_PRES	6	PHILOSOPHER	1054	-999	P	2380
1267044455458	0	RECOG_CR_PRES	6	PHILOSOPHER	1054	-999	P	512
1267044456473	1	RECOG_FEEDBACK	1
1267044457264	0	RECOG_PRES	6	OREGANO	983	-999	P	922
1267044458554	0	RECOG_CR_PRES	6	OREGANO	983	-999	P	376
1267044459320	1	RECOG_FEEDBACK	1
1267044460077	0	RECOG_PRES	6	MACARONI	851	-999	P	1101
1267044461550	0	RECOG_CR_PRES	6	MACARONI	851	-999	P	348
1267044462300	1	RECOG_FEEDBACK	1
1267044463065	0	RECOG_PRES	6	SALIVA	1226	-999	P	1249
1267044464688	0	RECOG_CR_PRES	6	SALIVA	1226	-999	P	242
1267044465363	1	RECOG_FEEDBACK	1
1267044466103	0	RECOG_PRES	6	NOVEL	960	-999	P	1075
1267044467552	0	RECOG_CR_PRES	6	NOVEL	960	-999	P	290
1267044468259	1	RECOG_FEEDBACK	1
1267044469000	0	RECOG_PRES	6	FOREST	593	-999	P	867
1267044470265	0	RECOG_CR_PRES	6	FOREST	593	-999	P	577
1267044471239	1	RECOG_FEEDBACK	1
1267044472038	0	RECOG_PRES	6	LODGE	839	-999	P	1020
1267044473428	0	RECOG_CR_PRES	6	LODGE	839	-999	P	326
1267044474152	1	RECOG_FEEDBACK	0
1267044474918	0	RECOG_PRES	6	IGLOO	734	-999	P	1067
1267044476358	0	RECOG_CR_PRES	6	IGLOO	734	-999	P	604
1267044477357	1	RECOG_FEEDBACK	1
1267044478073	0	RECOG_PRES	6	VEAL	1551	-999	P	1169
1267044479613	0	RECOG_CR_PRES	6	VEAL	1551	-999	P	245
1267044480312	1	RECOG_FEEDBACK	1
1267044481103	0	RECOG_PRES	6	OZONE	996	-999	P	1219
1267044482692	0	RECOG_CR_PRES	6	OZONE	996	-999	P	278
1267044483367	1	RECOG_FEEDBACK	1
1267044484091	0	RECOG_PRES	6	DASHBOARD	441	-999	P	1079
1267044485539	0	RECOG_CR_PRES	6	DASHBOARD	441	-999	P	431
1267044486355	1	RECOG_FEEDBACK	1
1267044487112	0	RECOG_PRES	6	LIBRARY	816	-999	P	1042
1267044488527	0	RECOG_CR_PRES	6	LIBRARY	816	-999	P	443
1267044489360	1	RECOG_FEEDBACK	1
1267044490109	0	RECOG_PRES	6	PORCUPINE	1107	-999	P	1205
1267044491682	0	RECOG_CR_PRES	6	PORCUPINE	1107	-999	P	400
1267044492489	1	RECOG_FEEDBACK	1
1267044493297	0	RECOG_PRES	6	SCALPEL	1243	-999	P	865
1267044494537	0	RECOG_CR_PRES	6	SCALPEL	1243	-999	P	401
1267044495328	1	RECOG_FEEDBACK	1
1267044496060	0	RECOG_PRES	6	RECIPE	1175	-999	P	806
1267044497242	0	RECOG_CR_PRES	6	RECIPE	1175	-999	P	256
1267044497866	1	RECOG_FEEDBACK	1
1267044498665	0	RECOG_PRES	6	PENGUIN	1044	-999	P	1808
1267044500871	0	RECOG_CR_PRES	6	PENGUIN	1044	-999	P	459
1267044501803	1	RECOG_FEEDBACK	1
1267044503485	0	REST
1267044504400	1	REC_START
1267044504425	0	RECOG_PRES	7	THUMB	1462	-999	P	1065
1267044505865	0	RECOG_CR_PRES	7	THUMB	1462	-999	P	409
1267044506673	1	RECOG_FEEDBACK	1
1267044507414	0	RECOG_PRES	7	CABBAGE	210	-999	P	964
1267044508754	0	RECOG_CR_PRES	7	CABBAGE	210	-999	P	520
1267044509669	1	RECOG_FEEDBACK	1
1267044510477	0	RECOG_PRES	7	LOBBY	836	-999	P	941
1267044511792	0	RECOG_CR_PRES	7	LOBBY	836	-999	P	282
1267044512499	1	RECOG_FEEDBACK	1
1267044513265	0	RECOG_PRES	7	MINT	898	-999	P	881
1267044514522	0	RECOG_CR_PRES	7	MINT	898	-999	P	440
1267044515346	1	RECOG_FEEDBACK	1
1267044516120	0	RECOG_PRES	7	CARDINAL	244	-999	P	1034
1267044517527	0	RECOG_CR_PRES	7	CARDINAL	244	-999	P	411
1267044518334	1	RECOG_FEEDBACK	1
1267044519141	0	RECOG_PRES	7	SANDWICH	1232	-999	P	901
1267044520415	0	RECOG_CR_PRES	7	SANDWICH	1232	-999	P	451
1267044521247	1	RECOG_FEEDBACK	1
1267044521963	0	RECOG_PRES	7	NOTE	958	-999	P	863
1267044523195	0	RECOG_CR_PRES	7	NOTE	958	-999	P	423
1267044524011	1	RECOG_FEEDBACK	1
1267044524743	0	RECOG_PRES	7	APRON	35	-999	P	923
1267044526042	0	RECOG_CR_PRES	7	APRON	35	-999	P	288
1267044526733	1	RECOG_FEEDBACK	1
1267044527448	0	RECOG_PRES	7	ACTOR	5	-999	P	938
1267044528755	0	RECOG_CR_PRES	7	ACTOR	5	-999	P	343
1267044529488	1	RECOG_FEEDBACK	1
1267044530253	0	RECOG_PRES	7	WINGS	1614	-999	P	1357
1267044531984	0	RECOG_CR_PRES	7	WINGS	1614	-999	P	674
1267044533067	1	RECOG_FEEDBACK	1
1267044533824	0	RECOG_PRES	7	WARRIOR	1589	-999	P	1002
1267044535198	0	RECOG_CR_PRES	7	WARRIOR	1589	-999	P	444
1267044536030	1	RECOG_FEEDBACK	1
1267044536837	0	RECOG_PRES	7	TRIANGLE	1504	-999	P	1045
1267044538252	0	RECOG_CR_PRES	7	TRIANGLE	1504	-999	P	374
1267044539043	1	RECOG_FEEDBACK	1
1267044539809	0	RECOG_PRES	7	RIB	1188	-999	P	1009
1267044541191	0	RECOG_CR_PRES	7	RIB	1188	-999	P	275
1267044541890	1	RECOG_FEEDBACK	0
1267044542656	0	RECOG_PRES	7	SHINGLE	1285	-999	P	1274
1267044544304	0	RECOG_CR_PRES	7	SHINGLE	1285	-999	P	410
1267044545144	1	RECOG_FEEDBACK	1
1267044545952	0	RECOG_PRES	7	OUTLAW	989	-999	P	1186
1267044547508	0	RECOG_CR_PRES	7	OUTLAW	989	-999	P	630
1267044548549	1	RECOG_FEEDBACK	1
1267044549273	0	RECOG_PRES	7	PARTNER	1017	-999	P	1009
1267044550655	0	RECOG_CR_PRES	7	PARTNER	1017	-999	P	427
1267044551487	1	RECOG_FEEDBACK	1
1267044552228	0	RECOG_PRES	7	CAGE	218	-999	P	894
1267044553493	0	RECOG_CR_PRES	7	CAGE	218	-999	P	253
1267044554150	1	RECOG_FEEDBACK	1
1267044554949	0	RECOG_PRES	7	PARENT	1013	-999	P	885
1267044556206	0	RECOG_CR_PRES	7	PARENT	1013	-999	P	428
1267044557039	1	RECOG_FEEDBACK	0
1267044557771	0	RECOG_PRES	7	PRIEST	1122	-999	P	1135
1267044559278	0	RECOG_CR_PRES	7	PRIEST	1122	-999	P	524
1267044560260	1	RECOG_FEEDBACK	1
1267044561001	0	RECOG_PRES	7	FLASK	576	-999	P	1729
1267044563098	0	RECOG_CR_PRES	7	FLASK	576	-999	P	400
1267044563956	1	RECOG_FEEDBACK	1
1267044566128	0	REST
1267044567115	1	REC_START
1267044567144	0	RECOG_PRES	8	CABLE	213	-999	P	1074
1267044568592	0	RECOG_CR_PRES	8	CABLE	213	-999	P	393
1267044569391	1	RECOG_FEEDBACK	0
1267044570132	0	RECOG_PRES	8	CRIB	407	-999	P	1134
1267044571638	0	RECOG_CR_PRES	8	CRIB	407	-999	P	684
1267044572754	1	RECOG_FEEDBACK	0
1267044573553	0	RECOG_PRES	8	ASSISTANT	48	-999	P	1424
1267044575342	0	RECOG_CR_PRES	8	ASSISTANT	48	-999	P	500
1267044576300	1	RECOG_FEEDBACK	0
1267044577040	0	RECOG_PRES	8	CARNIVAL	245	-999	P	1514
1267044578930	0	RECOG_CR_PRES	8	CARNIVAL	245	-999	P	424
1267044579804	1	RECOG_FEEDBACK	1
1267044580561	0	RECOG_PRES	8	CAPE	237	-999	P	1969
1267044582900	0	RECOG_CR_PRES	8	CAPE	237	-999	P	406
1267044583766	1	RECOG_FEEDBACK	1
1267044584557	0	RECOG_PRES	8	QUILT	1151	-999	P	1077
1267044586005	0	RECOG_CR_PRES	8	QUILT	1151	-999	P	405
1267044586787	1	RECOG_FEEDBACK	1
1267044587586	0	RECOG_PRES	8	POSSUM	1112	-999	P	928
1267044588885	0	RECOG_CR_PRES	8	POSSUM	1112	-999	P	357
1267044589634	1	RECOG_FEEDBACK	1
1267044590358	0	RECOG_PRES	8	BOAT	144	-999	P	772
1267044591498	0	RECOG_CR_PRES	8	BOAT	144	-999	P	376
1267044592264	1	RECOG_FEEDBACK	1
1267044593022	0	RECOG_PRES	8	BRAN	167	-999	P	955
1267044594345	0	RECOG_CR_PRES	8	BRAN	167	-999	P	393
1267044595127	1	RECOG_FEEDBACK	1
1267044595918	0	RECOG_PRES	8	CARAVAN	242	-999	P	1460
1267044597749	0	RECOG_CR_PRES	8	CARAVAN	242	-999	P	517
1267044598690	1	RECOG_FEEDBACK	1
1267044599456	0	RECOG_PRES	8	MONEY	908	-999	P	1050
1267044600879	0	RECOG_CR_PRES	8	MONEY	908	-999	P	259
1267044601545	1	RECOG_FEEDBACK	1
1267044602327	0	RECOG_PRES	8	FAIRY	549	-999	P	723
1267044603426	0	RECOG_CR_PRES	8	FAIRY	549	-999	P	376
1267044604200	1	RECOG_FEEDBACK	1
1267044604933	0	RECOG_PRES	8	SOAP	1337	-999	P	1949
1267044607255	0	RECOG_CR_PRES	8	SOAP	1337	-999	P	467
1267044608204	1	RECOG_FEEDBACK	1
1267044608945	0	RECOG_PRES	8	PLANE	1081	-999	P	1953
1267044611267	0	RECOG_CR_PRES	8	PLANE	1081	-999	P	407
1267044612099	1	RECOG_FEEDBACK	1
1267044612882	0	RECOG_PRES	8	DOVE	491	-999	P	1008
1267044614263	0	RECOG_CR_PRES	8	DOVE	491	-999	P	307
1267044615004	1	RECOG_FEEDBACK	1
1267044615728	0	RECOG_PRES	8	APPLE	33	-999	P	1170
1267044617268	0	RECOG_CR_PRES	8	APPLE	33	-999	P	334
1267044617991	1	RECOG_FEEDBACK	1
1267044618708	0	RECOG_PRES	8	TURNIP	1521	-999	P	1070
1267044620148	0	RECOG_CR_PRES	8	TURNIP	1521	-999	P	446
1267044621089	1	RECOG_FEEDBACK	1
1267044621813	0	RECOG_PRES	8	ULCER	1533	-999	P	941
1267044623128	0	RECOG_CR_PRES	8	ULCER	1533	-999	P	290
1267044623819	1	RECOG_FEEDBACK	1
1267044624610	0	RECOG_PRES	8	TOY	1492	-999	P	2056
1267044627040	0	RECOG_CR_PRES	8	TOY	1492	-999	P	354
1267044627823	1	RECOG_FEEDBACK	0
1267044628605	0	RECOG_PRES	8	EWE	542	-999	P	1045
1267044630020	0	RECOG_CR_PRES	8	EWE	542	-999	P	374
1267044630794	1	RECOG_FEEDBACK	1
1267044632792	0	REST
1267044633886	1	REC_START
1267044633915	0	RECOG_PRES	9	TUB	1514	-999	P	1015
1267044635305	0	RECOG_CR_PRES	9	TUB	1514	-999	P	233
1267044635946	1	RECOG_FEEDBACK	0
1267044636729	0	RECOG_PRES	9	CHAUFFEUR	283	-999	P	2465
1267044639567	0	RECOG_CR_PRES	9	CHAUFFEUR	283	-999	P	355
1267044640366	1	RECOG_FEEDBACK	1
1267044641140	0	RECOG_PRES	9	BEDROOM	111	-999	P	1214
1267044642730	0	RECOG_CR_PRES	9	BEDROOM	111	-999	P	288
1267044643413	1	RECOG_FEEDBACK	1
1267044644203	0	RECOG_PRES	9	CACTUS	215	-999	P	1487
1267044646060	0	RECOG_CR_PRES	9	CACTUS	215	-999	P	334
1267044646800	1	RECOG_FEEDBACK	1
1267044647541	0	RECOG_PRES	9	REFRIGERATOR	1179	-999	P	1533
1267044649447	0	RECOG_CR_PRES	9	REFRIGERATOR	1179	-999	P	387
1267044650230	1	RECOG_FEEDBACK	1
1267044651029	0	RECOG_PRES	9	BAY	102	-999	P	1277
1267044652677	0	RECOG_CR_PRES	9	BAY	102	-999	P	453
1267044653518	1	RECOG_FEEDBACK	1
1267044654317	0	RECOG_PRES	9	PICKLE	1059	-999	P	1213
1267044655898	0	RECOG_CR_PRES	9	PICKLE	1059	-999	P	240
1267044656522	1	RECOG_FEEDBACK	1
1267044657288	0	RECOG_PRES	9	CAMEL	223	-999	P	1106
1267044658770	0	RECOG_CR_PRES	9	CAMEL	223	-999	P	456
1267044659835	1	RECOG_FEEDBACK	-1
1267044660593	0	RECOG_PRES	9	FOUNTAIN	597	-999	P	1225
1267044662191	0	RECOG_CR_PRES	9	FOUNTAIN	597	-999	P	395
1267044662989	1	RECOG_FEEDBACK	1
1267044663706	0	RECOG_PRES	9	HOOK	715	-999	P	1287
1267044665362	0	RECOG_CR_PRES	9	HOOK	715	-999	P	360
1267044666119	1	RECOG_FEEDBACK	1
1267044666902	0	RECOG_PRES	9	BARN	89	-999	P	1444
1267044668716	0	RECOG_CR_PRES	9	BARN	89	-999	P	486
1267044669640	1	RECOG_FEEDBACK	1
1267044670381	0	RECOG_PRES	9	JELLY	755	-999	P	1117
1267044671871	0	RECOG_CR_PRES	9	JELLY	755	-999	P	291
1267044672562	1	RECOG_FEEDBACK	1
1267044673328	0	RECOG_PRES	9	CONE	363	-999	P	1186
1267044674884	0	RECOG_CR_PRES	9	CONE	363	-999	P	470
1267044675766	1	RECOG_FEEDBACK	1
1267044676532	0	RECOG_PRES	9	HOUND	724	-999	P	886
1267044677789	0	RECOG_CR_PRES	9	HOUND	724	-999	P	325
1267044678488	1	RECOG_FEEDBACK	1
1267044679212	0	RECOG_PRES	9	SUPPER	1411	-999	P	1078
1267044680661	0	RECOG_CR_PRES	9	SUPPER	1411	-999	P	285
1267044681377	1	RECOG_FEEDBACK	1
1267044682142	0	RECOG_PRES	9	TROUSERS	1510	-999	P	1244
1267044683757	0	RECOG_CR_PRES	9	TROUSERS	1510	-999	P	293
1267044684448	1	RECOG_FEEDBACK	0
1267044685180	0	RECOG_PRES	9	BROCCOLI	176	-999	P	1870
1267044687419	0	RECOG_CR_PRES	9	BROCCOLI	176	-999	P	343
1267044688210	1	RECOG_FEEDBACK	1
1267044688934	0	RECOG_PRES	9	FOX	598	-999	P	1332
1267044690641	0	RECOG_CR_PRES	9	FOX	598	-999	P	177
1267044691232	1	RECOG_FEEDBACK	1
1267044692006	0	RECOG_PRES	9	PELICAN	1039	-999	P	1012
1267044693388	0	RECOG_CR_PRES	9	PELICAN	1039	-999	P	430
1267044694237	1	RECOG_FEEDBACK	0
1267044694993	0	RECOG_PRES	9	COCKTAIL	338	-999	P	1105
1267044696467	0	RECOG_CR_PRES	9	COCKTAIL	338	-999	P	327
1267044697183	1	RECOG_FEEDBACK	1
1267044699747	0	REST
1267044700832	1	REC_START
1267044700862	0	RECOG_PRES	10	SAUCER	1237	-999	P	1196
1267044702427	0	RECOG_CR_PRES	10	SAUCER	1237	-999	P	279
1267044703101	1	RECOG_FEEDBACK	1
1267044703884	0	RECOG_PRES	10	SHRIMP	1297	-999	P	1109
1267044705365	0	RECOG_CR_PRES	10	SHRIMP	1297	-999	P	285
1267044706056	1	RECOG_FEEDBACK	0
1267044706772	0	RECOG_PRES	10	BATTERY	101	-999	P	1174
1267044708320	0	RECOG_CR_PRES	10	BATTERY	101	-999	P	226
1267044708944	1	RECOG_FEEDBACK	1
1267044709743	0	RECOG_PRES	10	VINE	1568	-999	P	803
1267044710917	0	RECOG_CR_PRES	10	VINE	1568	-999	P	1349
1267044712640	1	RECOG_FEEDBACK	1
1267044713397	0	RECOG_PRES	10	STAMP	1370	-999	P	1045
1267044714812	0	RECOG_CR_PRES	10	STAMP	1370	-999	P	390
1267044715620	1	RECOG_FEEDBACK	0
1267044716344	0	RECOG_PRES	10	WALL	1582	-999	P	1330
1267044718042	0	RECOG_CR_PRES	10	WALL	1582	-999	P	320
1267044718774	1	RECOG_FEEDBACK	1
1267044719499	0	RECOG_PRES	10	GALLON	618	-999	P	1159
1267044721030	0	RECOG_CR_PRES	10	GALLON	618	-999	P	388
1267044721829	1	RECOG_FEEDBACK	1
1267044722587	0	RECOG_PRES	10	TERRITORY	1452	-999	P	911
1267044723869	0	RECOG_CR_PRES	10	TERRITORY	1452	-999	P	613
1267044724851	1	RECOG_FEEDBACK	1
1267044725583	0	RECOG_PRES	10	SIGNATURE	1306	-999	P	1843
1267044727797	0	RECOG_CR_PRES	10	SIGNATURE	1306	-999	P	405
1267044728613	1	RECOG_FEEDBACK	0
1267044729362	0	RECOG_PRES	10	ROBOT	1200	-999	P	1064
1267044730802	0	RECOG_CR_PRES	10	ROBOT	1200	-999	P	432
1267044731626	1	RECOG_FEEDBACK	1
1267044732350	0	RECOG_PRES	10	LOUNGE	845	-999	P	1004
1267044733724	0	RECOG_CR_PRES	10	LOUNGE	845	-999	P	342
1267044734623	1	RECOG_FEEDBACK	-1
1267044735372	0	RECOG_PRES	10	MONARCH	906	-999	P	1598
1267044737336	0	RECOG_CR_PRES	10	MONARCH	906	-999	P	498
1267044738260	1	RECOG_FEEDBACK	1
1267044738983	0	RECOG_PRES	10	STAFF	1365	-999	P	1291
1267044740649	0	RECOG_CR_PRES	10	STAFF	1365	-999	P	321
1267044741365	1	RECOG_FEEDBACK	1
1267044742130	0	RECOG_PRES	10	SCENERY	1247	-999	P	1024
1267044743537	0	RECOG_CR_PRES	10	SCENERY	1247	-999	P	401
1267044744336	1	RECOG_FEEDBACK	1
1267044745060	0	RECOG_PRES	10	TENT	1449	-999	P	1150
1267044746584	0	RECOG_CR_PRES	10	TENT	1449	-999	P	498
1267044747474	1	RECOG_FEEDBACK	1
1267044748198	0	RECOG_PRES	10	DOUGHNUT	490	-999	P	1020
1267044749588	0	RECOG_CR_PRES	10	DOUGHNUT	490	-999	P	686
1267044750670	1	RECOG_FEEDBACK	1
1267044751403	0	RECOG_PRES	10	FIGHTER	564	-999	P	1607
1267044753384	0	RECOG_CR_PRES	10	FIGHTER	564	-999	P	330
1267044754133	1	RECOG_FEEDBACK	0
1267044754849	0	RECOG_PRES	10	PRINCESS	1125	-999	P	1297
1267044756522	0	RECOG_CR_PRES	10	PRINCESS	1125	-999	P	455
1267044757379	1	RECOG_FEEDBACK	1
1267044758170	0	RECOG_PRES	10	PERSON	1052	-999	P	1632
1267044760176	0	RECOG_CR_PRES	10	PERSON	1052	-999	P	370
1267044760991	1	RECOG_FEEDBACK	0
1267044761749	0	RECOG_PRES	10	FIN	566	-999	P	2045
1267044764163	0	RECOG_CR_PRES	10	FIN	566	-999	P	391
1267044764994	1	RECOG_FEEDBACK	1
1267044766594	0	REST
1267044767605	1	REC_START
1267044767634	0	RECOG_PRES	11	LACE	792	-999	P	1048
1267044769057	0	RECOG_CR_PRES	11	LACE	792	-999	P	337
1267044769798	1	RECOG_FEEDBACK	1
1267044770605	0	RECOG_PRES	11	BARTENDER	92	-999	P	797
1267044771771	0	RECOG_CR_PRES	11	BARTENDER	92	-999	P	407
1267044772553	1	RECOG_FEEDBACK	1
1267044773327	0	RECOG_PRES	11	ELK	526	-999	P	803
1267044774501	0	RECOG_CR_PRES	11	ELK	526	-999	P	309
1267044775208	1	RECOG_FEEDBACK	1
1267044776007	0	RECOG_PRES	11	THESAURUS	1454	-999	P	1219
1267044777597	0	RECOG_CR_PRES	11	THESAURUS	1454	-999	P	301
1267044778313	1	RECOG_FEEDBACK	1
1267044779037	0	RECOG_PRES	11	VILLAGE	1566	-999	P	1005
1267044780411	0	RECOG_CR_PRES	11	VILLAGE	1566	-999	P	295
1267044781077	1	RECOG_FEEDBACK	1
1267044781826	0	RECOG_PRES	11	FOSSIL	596	-999	P	1136
1267044783332	0	RECOG_CR_PRES	11	FOSSIL	596	-999	P	310
1267044784048	1	RECOG_FEEDBACK	1
1267044784772	0	RECOG_PRES	11	SERVANT	1271	-999	P	1110
1267044786254	0	RECOG_CR_PRES	11	SERVANT	1271	-999	P	380
1267044787028	1	RECOG_FEEDBACK	1
1267044787802	0	RECOG_PRES	11	CUSTOMER	430	-999	P	888
1267044789059	0	RECOG_CR_PRES	11	CUSTOMER	430	-999	P	327
1267044789775	1	RECOG_FEEDBACK	0
1267044790549	0	RECOG_PRES	11	BRANDY	169	-999	P	1045
1267044791964	0	RECOG_CR_PRES	11	BRANDY	169	-999	P	502
1267044792888	1	RECOG_FEEDBACK	1
1267044793703	0	RECOG_PRES	11	COWBOY	395	-999	P	979
1267044795052	0	RECOG_CR_PRES	11	COWBOY	395	-999	P	382
1267044795843	1	RECOG_FEEDBACK	1
1267044796642	0	RECOG_PRES	11	VETERAN	1561	-999	P	960
1267044797973	0	RECOG_CR_PRES	11	VETERAN	1561	-999	P	333
1267044798739	1	RECOG_FEEDBACK	1
1267044799513	0	RECOG_PRES	11	FLEA	577	-999	P	921
1267044800803	0	RECOG_CR_PRES	11	FLEA	577	-999	P	207
1267044801394	1	RECOG_FEEDBACK	1
1267044802110	0	RECOG_PRES	11	VACUUM	1543	-999	P	804
1267044803284	0	RECOG_CR_PRES	11	VACUUM	1543	-999	P	278
1267044803941	1	RECOG_FEEDBACK	1
1267044804740	0	RECOG_PRES	11	STEM	1376	-999	P	1014
1267044806122	0	RECOG_CR_PRES	11	STEM	1376	-999	P	344
1267044806863	1	RECOG_FEEDBACK	1
1267044807670	0	RECOG_PRES	11	SHRUB	1299	-999	P	1244
1267044809285	0	RECOG_CR_PRES	11	SHRUB	1299	-999	P	277
1267044809959	1	RECOG_FEEDBACK	1
1267044810692	0	RECOG_PRES	11	COLUMN	350	-999	P	958
1267044812024	0	RECOG_CR_PRES	11	COLUMN	350	-999	P	306
1267044812714	1	RECOG_FEEDBACK	1
1267044813455	0	RECOG_PRES	11	PHOTO	1055	-999	P	1866
1267044815719	0	RECOG_CR_PRES	11	PHOTO	1055	-999	P	251
1267044816427	1	RECOG_FEEDBACK	1
1267044817151	0	RECOG_PRES	11	WINDSHIELD	1612	-999	P	755
1267044818275	0	RECOG_CR_PRES	11	WINDSHIELD	1612	-999	P	591
1267044819365	1	RECOG_FEEDBACK	-1
1267044820081	0	RECOG_PRES	11	RUM	1217	-999	P	1081
1267044821537	0	RECOG_CR_PRES	11	RUM	1217	-999	P	505
1267044822486	1	RECOG_FEEDBACK	1
1267044823294	0	RECOG_PRES	11	THORN	1459	-999	P	932
1267044824601	0	RECOG_CR_PRES	11	THORN	1459	-999	P	384
1267044825416	1	RECOG_FEEDBACK	1
1267044828205	0	REST
1267044829246	1	REC_START
1267044829278	0	RECOG_PRES	12	BARLEY	88	-999	P	964
1267044830610	0	RECOG_CR_PRES	12	BARLEY	88	-999	P	576
1267044831576	1	RECOG_FEEDBACK	1
1267044832333	0	RECOG_PRES	12	CEILING	265	-999	P	1357
1267044834064	0	RECOG_CR_PRES	12	CEILING	265	-999	P	250
1267044834747	1	RECOG_FEEDBACK	0
1267044835513	0	RECOG_PRES	12	BEEF	113	-999	P	969
1267044836853	0	RECOG_CR_PRES	12	BEEF	113	-999	P	309
1267044837552	1	RECOG_FEEDBACK	1
1267044838359	0	RECOG_PRES	12	SHEPHERD	1283	-999	P	1155
1267044839883	0	RECOG_CR_PRES	12	SHEPHERD	1283	-999	P	343
1267044840623	1	RECOG_FEEDBACK	1
1267044841389	0	RECOG_PRES	12	OFFICE	972	-999	P	973
1267044842738	0	RECOG_CR_PRES	12	OFFICE	972	-999	P	328
1267044843487	1	RECOG_FEEDBACK	1
1267044844203	0	RECOG_PRES	12	RELISH	1183	-999	P	1215
1267044845792	0	RECOG_CR_PRES	12	RELISH	1183	-999	P	402
1267044846616	1	RECOG_FEEDBACK	1
1267044847341	0	RECOG_PRES	12	ARTICLE	42	-999	P	1101
1267044848814	0	RECOG_CR_PRES	12	ARTICLE	42	-999	P	340
1267044849563	1	RECOG_FEEDBACK	1
1267044850304	0	RECOG_PRES	12	OX	994	-999	P	1266
1267044851944	0	RECOG_CR_PRES	12	OX	994	-999	P	498
1267044852959	1	RECOG_FEEDBACK	1
1267044853733	0	RECOG_PRES	12	BED	110	-999	P	973
1267044855082	0	RECOG_CR_PRES	12	BED	110	-999	P	288
1267044855772	1	RECOG_FEEDBACK	1
1267044856563	0	RECOG_PRES	12	PLASTER	1085	-999	P	967
1267044857903	0	RECOG_CR_PRES	12	PLASTER	1085	-999	P	331
1267044858619	1	RECOG_FEEDBACK	1
1267044859360	0	RECOG_PRES	12	BASSINET	97	-999	P	1146
1267044860875	0	RECOG_CR_PRES	12	BASSINET	97	-999	P	479
1267044861757	1	RECOG_FEEDBACK	1
1267044862515	0	RECOG_PRES	12	TOASTER	1472	-999	P	1095
1267044863979	0	RECOG_CR_PRES	12	TOASTER	1472	-999	P	503
1267044864887	1	RECOG_FEEDBACK	1
1267044865686	0	RECOG_PRES	12	TANK	1432	-999	P	684
1267044866743	0	RECOG_CR_PRES	12	TANK	1432	-999	P	323
1267044867434	1	RECOG_FEEDBACK	1
1267044868158	0	RECOG_PRES	12	SUITE	1404	-999	P	812
1267044869332	0	RECOG_CR_PRES	12	SUITE	1404	-999	P	382
1267044870089	1	RECOG_FEEDBACK	1
1267044870805	0	RECOG_PRES	12	BEVERAGE	123	-999	P	949
1267044872128	0	RECOG_CR_PRES	12	BEVERAGE	123	-999	P	354
1267044872877	1	RECOG_FEEDBACK	1
1267044873668	0	RECOG_PRES	12	CROW	414	-999	P	854
1267044874892	0	RECOG_CR_PRES	12	CROW	414	-999	P	414
1267044875682	1	RECOG_FEEDBACK	1
1267044876465	0	RECOG_PRES	12	ONION	977	-999	P	824
1267044877688	0	RECOG_CR_PRES	12	ONION	977	-999	P	410
1267044878479	1	RECOG_FEEDBACK	1
1267044879253	0	RECOG_PRES	12	MARBLE	867	-999	P	877
1267044880502	0	RECOG_CR_PRES	12	MARBLE	867	-999	P	380
1267044881276	1	RECOG_FEEDBACK	1
1267044882025	0	RECOG_PRES	12	DANDRUFF	439	-999	P	1041
1267044883440	0	RECOG_CR_PRES	12	DANDRUFF	439	-999	P	410
1267044884256	1	RECOG_FEEDBACK	1
1267044885005	0	RECOG_PRES	12	CHART	282	-999	P	1453
1267044886828	0	RECOG_CR_PRES	12	CHART	282	-999	P	454
1267044887702	1	RECOG_FEEDBACK	0
1267044889525	0	REST
1267044890359	1	REC_START
1267044890390	0	RECOG_PRES	13	PASTA	1021	-999	P	1587
1267044892338	0	RECOG_CR_PRES	13	PASTA	1021	-999	P	480
1267044893245	1	RECOG_FEEDBACK	0
1267044894053	0	RECOG_PRES	13	CANDY	230	-999	P	1213
1267044895634	0	RECOG_CR_PRES	13	CANDY	230	-999	P	392
1267044896441	1	RECOG_FEEDBACK	1
1267044897216	0	RECOG_PRES	13	SALESMAN	1225	-999	P	866
1267044898456	0	RECOG_CR_PRES	13	SALESMAN	1225	-999	P	290
1267044899130	1	RECOG_FEEDBACK	1
1267044899846	0	RECOG_PRES	13	TUBE	1516	-999	P	964
1267044901186	0	RECOG_CR_PRES	13	TUBE	1516	-999	P	392
1267044901984	1	RECOG_FEEDBACK	0
1267044902692	0	RECOG_PRES	13	CONDUCTOR	362	-999	P	1301
1267044904366	0	RECOG_CR_PRES	13	CONDUCTOR	362	-999	P	308
1267044905073	1	RECOG_FEEDBACK	1
1267044905814	0	RECOG_PRES	13	CHEMIST	292	-999	P	1052
1267044907237	0	RECOG_CR_PRES	13	CHEMIST	292	-999	P	397
1267044908020	1	RECOG_FEEDBACK	1
1267044908794	0	RECOG_PRES	13	TIGER	1467	-999	P	1224
1267044910392	0	RECOG_CR_PRES	13	TIGER	1467	-999	P	386
1267044911199	1	RECOG_FEEDBACK	0
1267044911973	0	RECOG_PRES	13	FREEWAY	603	-999	P	1165
1267044913513	0	RECOG_CR_PRES	13	FREEWAY	603	-999	P	385
1267044914321	1	RECOG_FEEDBACK	1
1267044915053	0	RECOG_PRES	13	TRICYCLE	1506	-999	P	1133
1267044916560	0	RECOG_CR_PRES	13	TRICYCLE	1506	-999	P	641
1267044917650	1	RECOG_FEEDBACK	0
1267044918366	0	RECOG_PRES	13	WICK	1607	-999	P	1284
1267044920022	0	RECOG_CR_PRES	13	WICK	1607	-999	P	388
1267044920946	1	RECOG_FEEDBACK	1
1267044921679	0	RECOG_PRES	13	CONTRACT	368	-999	P	1427
1267044923477	0	RECOG_CR_PRES	13	CONTRACT	368	-999	P	293
1267044924184	1	RECOG_FEEDBACK	1
1267044924950	0	RECOG_PRES	13	DETECTIVE	454	-999	P	1644
1267044926964	0	RECOG_CR_PRES	13	DETECTIVE	454	-999	P	382
1267044927788	1	RECOG_FEEDBACK	1
1267044928554	0	RECOG_PRES	13	MAJOR	859	-999	P	1072
1267044930002	0	RECOG_CR_PRES	13	MAJOR	859	-999	P	544
1267044930951	1	RECOG_FEEDBACK	0
1267044931667	0	RECOG_PRES	13	CAB	209	-999	P	1891
1267044934023	0	RECOG_CR_PRES	13	CAB	209	-999	P	259
1267044934738	1	RECOG_FEEDBACK	1
1267044935487	0	RECOG_PRES	13	RADIATOR	1156	-999	P	1858
1267044937751	0	RECOG_CR_PRES	13	RADIATOR	1156	-999	P	371
1267044938559	1	RECOG_FEEDBACK	1
1267044939341	0	RECOG_PRES	13	STREAM	1392	-999	P	1173
1267044940889	0	RECOG_CR_PRES	13	STREAM	1392	-999	P	377
1267044941705	1	RECOG_FEEDBACK	1
1267044942479	0	RECOG_PRES	13	COBBLER	335	-999	P	1051
1267044943903	0	RECOG_CR_PRES	13	COBBLER	335	-999	P	451
1267044944743	1	RECOG_FEEDBACK	1
1267044945509	0	RECOG_PRES	13	TULIP	1517	-999	P	1125
1267044947007	0	RECOG_CR_PRES	13	TULIP	1517	-999	P	387
1267044947815	1	RECOG_FEEDBACK	1
1267044948555	0	RECOG_PRES	13	ENCYCLOPEDIA	533	-999	P	1183
1267044950112	0	RECOG_CR_PRES	13	ENCYCLOPEDIA	533	-999	P	410
1267044951003	1	RECOG_FEEDBACK	0
1267044951793	0	RECOG_PRES	13	GRATE	657	-999	P	1184
1267044953342	0	RECOG_CR_PRES	13	GRATE	657	-999	P	436
1267044954191	1	RECOG_FEEDBACK	1
1267044956130	0	REST
1267044957318	1	REC_START
1267044957345	0	RECOG_PRES	14	TAPE	1433	-999	P	1073
1267044958794	0	RECOG_CR_PRES	14	TAPE	1433	-999	P	256
1267044959443	1	RECOG_FEEDBACK	1
1267044960192	0	RECOG_PRES	14	SHEARS	1276	-999	P	978
1267044961540	0	RECOG_CR_PRES	14	SHEARS	1276	-999	P	334
1267044962264	1	RECOG_FEEDBACK	1
1267044963038	0	RECOG_PRES	14	SILK	1307	-999	P	980
1267044964387	0	RECOG_CR_PRES	14	SILK	1307	-999	P	383
1267044965194	1	RECOG_FEEDBACK	0
1267044965935	0	RECOG_PRES	14	CHEESE	289	-999	P	987
1267044967292	0	RECOG_CR_PRES	14	CHEESE	289	-999	P	454
1267044968158	1	RECOG_FEEDBACK	1
1267044968932	0	RECOG_PRES	14	WILDERNESS	1610	-999	P	878
1267044970180	0	RECOG_CR_PRES	14	WILDERNESS	1610	-999	P	390
1267044970963	1	RECOG_FEEDBACK	1
1267044971695	0	RECOG_PRES	14	YOUTH	1634	-999	P	939
1267044973010	0	RECOG_CR_PRES	14	YOUTH	1634	-999	P	272
1267044973676	1	RECOG_FEEDBACK	1
1267044974425	0	RECOG_PRES	14	LEOPARD	812	-999	P	929
1267044975724	0	RECOG_CR_PRES	14	LEOPARD	812	-999	P	310
1267044976456	1	RECOG_FEEDBACK	1
1267044977197	0	RECOG_PRES	14	HEN	703	-999	P	1021
1267044978587	0	RECOG_CR_PRES	14	HEN	703	-999	P	319
1267044979353	1	RECOG_FEEDBACK	1
1267044980135	0	RECOG_PRES	14	ROOM	1206	-999	P	939
1267044981442	0	RECOG_CR_PRES	14	ROOM	1206	-999	P	336
1267044982183	1	RECOG_FEEDBACK	1
1267044982932	0	RECOG_PRES	14	BUREAU	199	-999	P	910
1267044984214	0	RECOG_CR_PRES	14	BUREAU	199	-999	P	436
1267044985054	1	RECOG_FEEDBACK	1
1267044985770	0	RECOG_PRES	14	EDITORIAL	517	-999	P	1800
1267044987943	0	RECOG_CR_PRES	14	EDITORIAL	517	-999	P	363
1267044988758	1	RECOG_FEEDBACK	1
1267044989474	0	RECOG_PRES	14	BEAKER	104	-999	P	1096
1267044990939	0	RECOG_CR_PRES	14	BEAKER	104	-999	P	455
1267044991797	1	RECOG_FEEDBACK	1
1267044992562	0	RECOG_PRES	14	HIKER	708	-999	P	1240
1267044994177	0	RECOG_CR_PRES	14	HIKER	708	-999	P	433
1267044995034	1	RECOG_FEEDBACK	1
1267044995775	0	RECOG_PRES	14	TWIN	1528	-999	P	1003
1267044997149	0	RECOG_CR_PRES	14	TWIN	1528	-999	P	397
1267044997948	1	RECOG_FEEDBACK	1
1267044998730	0	RECOG_PRES	14	SHARK	1275	-999	P	1072
1267045000170	0	RECOG_CR_PRES	14	SHARK	1275	-999	P	344
1267045000928	1	RECOG_FEEDBACK	1
1267045001735	0	RECOG_PRES	14	DUNE	506	-999	P	1403
1267045003508	0	RECOG_CR_PRES	14	DUNE	506	-999	P	462
1267045004448	1	RECOG_FEEDBACK	0
1267045005206	0	RECOG_PRES	14	FLOOR	581	-999	P	1388
1267045006962	0	RECOG_CR_PRES	14	FLOOR	581	-999	P	328
1267045007703	1	RECOG_FEEDBACK	0
1267045008435	0	RECOG_PRES	14	SPIT	1354	-999	P	1271
1267045010075	0	RECOG_CR_PRES	14	SPIT	1354	-999	P	641
1267045011166	1	RECOG_FEEDBACK	1
1267045011881	0	RECOG_PRES	14	DOG	480	-999	P	1217
1267045013471	0	RECOG_CR_PRES	14	DOG	480	-999	P	371
1267045014254	1	RECOG_FEEDBACK	0
1267045015053	0	RECOG_PRES	14	CORD	379	-999	P	2021
1267045017450	0	RECOG_CR_PRES	14	CORD	379	-999	P	368
1267045018565	1	RECOG_FEEDBACK	-1
1267045024741	0	REST
1267045025745	1	REC_START
1267045025773	0	RECOG_PRES	15	BAIT	70	-999	P	1125
1267045027272	0	RECOG_CR_PRES	15	BAIT	70	-999	P	314
1267045027995	1	RECOG_FEEDBACK	1
1267045028712	0	RECOG_PRES	15	PUPIL	1143	-999	P	962
1267045030043	0	RECOG_CR_PRES	15	PUPIL	1143	-999	P	295
1267045030759	1	RECOG_FEEDBACK	0
1267045031550	0	RECOG_PRES	15	JEEP	753	-999	P	1004
1267045032923	0	RECOG_CR_PRES	15	JEEP	753	-999	P	255
1267045033589	1	RECOG_FEEDBACK	1
1267045034363	0	RECOG_PRES	15	PARIS	1014	-999	P	1015
1267045035753	0	RECOG_CR_PRES	15	PARIS	1014	-999	P	393
1267045036544	1	RECOG_FEEDBACK	1
1267045037343	0	RECOG_PRES	15	PREDATOR	1120	-999	P	1171
1267045038883	0	RECOG_CR_PRES	15	PREDATOR	1120	-999	P	351
1267045039657	1	RECOG_FEEDBACK	1
1267045040390	0	RECOG_PRES	15	CALCULATOR	220	-999	P	956
1267045041721	0	RECOG_CR_PRES	15	CALCULATOR	220	-999	P	401
1267045042520	1	RECOG_FEEDBACK	1
1267045043278	0	RECOG_PRES	15	TOURIST	1488	-999	P	1068
1267045044718	0	RECOG_CR_PRES	15	TOURIST	1488	-999	P	259
1267045045367	1	RECOG_FEEDBACK	1
1267045046116	0	RECOG_PRES	15	THICKET	1455	-999	P	774
1267045047265	0	RECOG_CR_PRES	15	THICKET	1455	-999	P	633
1267045048280	1	RECOG_FEEDBACK	1
1267045049055	0	RECOG_PRES	15	CLAW	319	-999	P	971
1267045050395	0	RECOG_CR_PRES	15	CLAW	319	-999	P	335
1267045051135	1	RECOG_FEEDBACK	0
1267045051876	0	RECOG_PRES	15	OPERA	978	-999	P	958
1267045053216	0	RECOG_CR_PRES	15	OPERA	978	-999	P	306
1267045053924	1	RECOG_FEEDBACK	0
1267045054640	0	RECOG_PRES	15	CAPTIVE	240	-999	P	1034
1267045056046	0	RECOG_CR_PRES	15	CAPTIVE	240	-999	P	420
1267045056879	1	RECOG_FEEDBACK	1
1267045057603	0	RECOG_PRES	15	CHISEL	305	-999	P	1119
1267045059093	0	RECOG_CR_PRES	15	CHISEL	305	-999	P	365
1267045059883	1	RECOG_FEEDBACK	1
1267045060683	0	RECOG_PRES	15	WIDOW	1608	-999	P	1863
1267045062922	0	RECOG_CR_PRES	15	WIDOW	1608	-999	P	376
1267045063771	1	RECOG_FEEDBACK	0
1267045064536	0	RECOG_PRES	15	ARENA	37	-999	P	1170
1267045066076	0	RECOG_CR_PRES	15	ARENA	37	-999	P	422
1267045066900	1	RECOG_FEEDBACK	1
1267045067691	0	RECOG_PRES	15	ASIA	46	-999	P	1215
1267045069281	0	RECOG_CR_PRES	15	ASIA	46	-999	P	441
1267045070155	1	RECOG_FEEDBACK	1
1267045070879	0	RECOG_PRES	15	RECORD	1176	-999	P	1139
1267045072394	0	RECOG_CR_PRES	15	RECORD	1176	-999	P	336
1267045073135	1	RECOG_FEEDBACK	1
1267045073917	0	RECOG_PRES	15	LAUNDRY	803	-999	P	965
1267045075257	0	RECOG_CR_PRES	15	LAUNDRY	803	-999	P	393
1267045076040	1	RECOG_FEEDBACK	1
1267045076847	0	RECOG_PRES	15	MILITARY	894	-999	P	947
1267045078162	0	RECOG_CR_PRES	15	MILITARY	894	-999	P	456
1267045079019	1	RECOG_FEEDBACK	1
1267045079769	0	RECOG_PRES	15	COLLEGE	346	-999	P	1009
1267045081150	0	RECOG_CR_PRES	15	COLLEGE	346	-999	P	356
1267045081891	1	RECOG_FEEDBACK	1
1267045082649	0	RECOG_PRES	15	OFFICER	973	-999	P	1193
1267045084213	0	RECOG_CR_PRES	15	OFFICER	973	-999	P	333
1267045084954	1	RECOG_FEEDBACK	1
1267045085797	0	RECOG_END
1267045106512	0	SESS_END
1267045106544	0	E	Logging Ends
