1271699574322	0	B	Logging Begins
1271699574322	0	SESS_START	17
1271699620913	1	FR_PRES	0	DOVE	491	1	1	1250	(0.42259999999999998, 0.58709999999999996, 0)	../fonts/amplitud.ttf	upper
1271699624787	1	FR_PRES	0	JAR	750	1	0	944	(0.42259999999999998, 0.58709999999999996, 0)	../fonts/amplitud.ttf	upper
1271699628662	1	FR_PRES	0	CYLINDER	432	0	0	1358	(0.57740000000000002, 0.41289999999999999, 1.0)	../fonts/zerothre.ttf	lower
1271699632637	1	FR_PRES	0	NEST	945	0	0	2391	(0.57740000000000002, 0.41289999999999999, 1.0)	../fonts/zerothre.ttf	lower
1271699636653	1	FR_PRES	0	NOTEBOOK	959	0	2	2262	(0.57740000000000002, 0.41289999999999999, 1.0)	../fonts/zerothre.ttf	lower
1271699638945	1	KEY_MSG
1271699641336	1	FR_PRES	0	CANDY	230	0	0	1588	(0.57740000000000002, 0.41289999999999999, 1.0)	../fonts/zerothre.ttf	lower
1271699645461	1	FR_PRES	0	BUNNY	198	1	1	1398	(0.42259999999999998, 0.58709999999999996, 0)	../fonts/amplitud.ttf	upper
1271699649627	1	FR_PRES	0	NAPKIN	937	1	0	784	(0.42259999999999998, 0.58709999999999996, 0)	../fonts/amplitud.ttf	upper
1271699653752	1	FR_PRES	0	VINEGAR	1569	0	0	2067	(0.57740000000000002, 0.41289999999999999, 1.0)	../fonts/zerothre.ttf	lower
1271699657918	1	FR_PRES	0	PAN	1008	0	1	1053	(0.57740000000000002, 0.41289999999999999, 1.0)	../fonts/zerothre.ttf	lower
1271699662102	1	FR_PRES	0	TREAT	1501	0	0	1061	(0.57740000000000002, 0.41289999999999999, 1.0)	../fonts/zerothre.ttf	lower
1271699666176	1	FR_PRES	0	LIEUTENANT	818	0	1	1339	(0.57740000000000002, 0.41289999999999999, 1.0)	../fonts/zerothre.ttf	lower
1271699670035	1	FR_PRES	0	MARINE	869	1	1	1656	(0.42259999999999998, 0.58709999999999996, 0)	../fonts/amplitud.ttf	upper
1271699673859	1	FR_PRES	0	SERVANT	1271	1	1	1105	(0.42259999999999998, 0.58709999999999996, 0)	../fonts/amplitud.ttf	upper
1271699677859	1	FR_PRES	0	PAINTER	1004	1	1	977	(0.42259999999999998, 0.58709999999999996, 0)	../fonts/amplitud.ttf	upper
1271699681992	1	FR_PRES	0	MUSEUM	933	1	0	836	(0.42259999999999998, 0.58709999999999996, 0)	../fonts/amplitud.ttf	upper
1271699687967	1	REC_START
1271699706252	0	REJECT
1271699731867	1	REJECT
1271699772277	0	REST
1271699773785	1	FR_PRES	1	CHEESE	289	0	0	1220	(0.57740000000000002, 0.41289999999999999, 1.0)	../fonts/zerothre.ttf	lower
1271699777976	1	FR_PRES	1	CARNIVAL	245	0	1	747	(0.57740000000000002, 0.41289999999999999, 1.0)	../fonts/zerothre.ttf	lower
1271699781976	1	FR_PRES	1	SPARROW	1347	0	0	1171	(0.57740000000000002, 0.41289999999999999, 1.0)	../fonts/zerothre.ttf	lower
1271699785984	1	FR_PRES	1	NECKLACE	940	1	0	1084	(0.42259999999999998, 0.58709999999999996, 0)	../fonts/amplitud.ttf	upper
1271699790175	1	FR_PRES	1	COSTUME	383	1	0	1708	(0.42259999999999998, 0.58709999999999996, 0)	../fonts/amplitud.ttf	upper
1271699794133	1	FR_PRES	1	FLIPPER	580	1	0	2222	(0.42259999999999998, 0.58709999999999996, 0)	../fonts/amplitud.ttf	upper
1271699798275	1	FR_PRES	1	SQUID	1361	1	1	785	(0.42259999999999998, 0.58709999999999996, 0)	../fonts/amplitud.ttf	upper
1271699802383	1	FR_PRES	1	GUM	672	0	0	1381	(0.57740000000000002, 0.41289999999999999, 1.0)	../fonts/zerothre.ttf	lower
1271699806391	1	FR_PRES	1	WICK	1607	0	0	1541	(0.57740000000000002, 0.41289999999999999, 1.0)	../fonts/zerothre.ttf	lower
1271699810216	1	FR_PRES	1	DRAGON	492	0	1	1148	(0.57740000000000002, 0.41289999999999999, 1.0)	../fonts/zerothre.ttf	lower
1271699814424	1	FR_PRES	1	PELICAN	1039	0	1	1140	(0.57740000000000002, 0.41289999999999999, 1.0)	../fonts/zerothre.ttf	lower
1271699818265	1	FR_PRES	1	WINE	1613	0	1	1346	(0.57740000000000002, 0.41289999999999999, 1.0)	../fonts/zerothre.ttf	lower
1271699822181	1	FR_PRES	1	PILOT	1070	1	1	1824	(0.42259999999999998, 0.58709999999999996, 0)	../fonts/amplitud.ttf	upper
1271699825989	1	FR_PRES	1	BATHROOM	99	1	0	1622	(0.42259999999999998, 0.58709999999999996, 0)	../fonts/amplitud.ttf	upper
1271699830040	1	FR_PRES	1	CRICKET	408	1	1	1021	(0.42259999999999998, 0.58709999999999996, 0)	../fonts/amplitud.ttf	upper
1271699834073	1	FR_PRES	1	MOSQUITO	917	1	1	715	(0.42259999999999998, 0.58709999999999996, 0)	../fonts/amplitud.ttf	upper
1271699839864	1	REC_START
1271699849020	1	REJECT
1271699858115	1	REJECT
1271699922699	0	REST
1271699924207	1	FR_PRES	2	LINEN	825	1	0	861	(0.42259999999999998, 0.58709999999999996, 0)	../fonts/amplitud.ttf	upper
1271699928215	1	FR_PRES	2	SWAN	1417	1	1	821	(0.42259999999999998, 0.58709999999999996, 0)	../fonts/amplitud.ttf	upper
1271699932140	1	FR_PRES	2	PENGUIN	1044	1	1	775	(0.42259999999999998, 0.58709999999999996, 0)	../fonts/amplitud.ttf	upper
1271699936016	1	FR_PRES	2	AWARD	63	1	0	851	(0.42259999999999998, 0.58709999999999996, 0)	../fonts/amplitud.ttf	upper
1271699940156	1	FR_PRES	2	ASSISTANT	48	1	1	952	(0.42259999999999998, 0.58709999999999996, 0)	../fonts/amplitud.ttf	upper
1271699944073	1	FR_PRES	2	STREAM	1392	1	0	995	(0.42259999999999998, 0.58709999999999996, 0)	../fonts/amplitud.ttf	upper
1271699948280	1	FR_PRES	2	COCKTAIL	338	1	0	924	(0.42259999999999998, 0.58709999999999996, 0)	../fonts/amplitud.ttf	upper
1271699952180	1	FR_PRES	2	PAW	1029	1	1	1063	(0.42259999999999998, 0.58709999999999996, 0)	../fonts/amplitud.ttf	upper
1271699956014	1	FR_PRES	2	WILDERNESS	1610	1	0	1213	(0.42259999999999998, 0.58709999999999996, 0)	../fonts/amplitud.ttf	upper
1271699959946	1	FR_PRES	2	CAFE	216	1	0	1162	(0.42259999999999998, 0.58709999999999996, 0)	../fonts/amplitud.ttf	upper
1271699964055	1	FR_PRES	2	DINER	467	1	0	2046	(0.42259999999999998, 0.58709999999999996, 0)	../fonts/amplitud.ttf	upper
1271699968229	1	FR_PRES	2	YARD	1630	1	0	1046	(0.42259999999999998, 0.58709999999999996, 0)	../fonts/amplitud.ttf	upper
1271699972304	1	FR_PRES	2	SHOWER	1296	1	-999	3000	(0.42259999999999998, 0.58709999999999996, 0)	../fonts/amplitud.ttf	upper
1271699975329	1	SLOW_MSG
1271699977970	1	FR_PRES	2	BATH	98	1	0	785	(0.42259999999999998, 0.58709999999999996, 0)	../fonts/amplitud.ttf	upper
1271699982037	1	FR_PRES	2	SKI	1316	1	0	815	(0.42259999999999998, 0.58709999999999996, 0)	../fonts/amplitud.ttf	upper
1271699986045	1	FR_PRES	2	VOLUNTEER	1577	1	1	815	(0.42259999999999998, 0.58709999999999996, 0)	../fonts/amplitud.ttf	upper
1271699992004	1	REC_START
1271700079946	0	REST
1271700081454	1	FR_PRES	3	CANDLE	229	0	0	918	(0.57740000000000002, 0.41289999999999999, 1.0)	../fonts/zerothre.ttf	lower
1271700085412	1	FR_PRES	3	CRIMINAL	409	0	1	1625	(0.57740000000000002, 0.41289999999999999, 1.0)	../fonts/zerothre.ttf	lower
1271700089395	1	FR_PRES	3	JUVENILE	767	0	0	2433	(0.57740000000000002, 0.41289999999999999, 1.0)	../fonts/zerothre.ttf	lower
1271700093570	1	FR_PRES	3	FILM	565	0	1	1523	(0.57740000000000002, 0.41289999999999999, 1.0)	../fonts/zerothre.ttf	lower
1271700097603	1	FR_PRES	3	CHEMIST	292	1	1	1305	(0.42259999999999998, 0.58709999999999996, 0)	../fonts/amplitud.ttf	upper
1271700101753	1	FR_PRES	3	YOUTH	1634	1	0	2410	(0.42259999999999998, 0.58709999999999996, 0)	../fonts/amplitud.ttf	upper
1271700105961	1	FR_PRES	3	COIN	343	0	0	1067	(0.57740000000000002, 0.41289999999999999, 1.0)	../fonts/zerothre.ttf	lower
1271700110144	1	FR_PRES	3	THIEF	1456	0	1	1507	(0.57740000000000002, 0.41289999999999999, 1.0)	../fonts/zerothre.ttf	lower
1271700114143	1	FR_PRES	3	COUNTY	389	0	1	2452	(0.57740000000000002, 0.41289999999999999, 1.0)	../fonts/zerothre.ttf	lower
1271700118110	1	FR_PRES	3	WASHER	1592	0	1	1101	(0.57740000000000002, 0.41289999999999999, 1.0)	../fonts/zerothre.ttf	lower
1271700122209	1	FR_PRES	3	MICROWAVE	892	1	0	914	(0.42259999999999998, 0.58709999999999996, 0)	../fonts/amplitud.ttf	upper
1271700126184	1	FR_PRES	3	GOLD	647	1	0	861	(0.42259999999999998, 0.58709999999999996, 0)	../fonts/amplitud.ttf	upper
1271700130093	1	FR_PRES	3	KEY	773	1	0	639	(0.42259999999999998, 0.58709999999999996, 0)	../fonts/amplitud.ttf	upper
1271700133984	1	FR_PRES	3	MAT	877	1	0	1300	(0.42259999999999998, 0.58709999999999996, 0)	../fonts/amplitud.ttf	upper
1271700137800	1	FR_PRES	3	VIOLIN	1571	1	0	1012	(0.42259999999999998, 0.58709999999999996, 0)	../fonts/amplitud.ttf	upper
1271700141925	1	FR_PRES	3	PIANO	1057	1	0	1335	(0.42259999999999998, 0.58709999999999996, 0)	../fonts/amplitud.ttf	upper
1271700147775	1	REC_START
1271700180628	0	REJECT
1271700187244	0	REJECT
1271700226927	0	REST
1271700228435	1	FR_PRES	4	PEN	1041	-1	-1	-1271700228435	white	../fonts/Verdana.ttf	upper
1271700232493	1	FR_PRES	4	APE	31	-1	-1	-1271700232493	white	../fonts/Verdana.ttf	upper
1271700236434	1	FR_PRES	4	BOUQUET	157	-1	-1	-1271700236434	white	../fonts/Verdana.ttf	upper
1271700240359	1	FR_PRES	4	BARLEY	88	-1	-1	-1271700240359	white	../fonts/Verdana.ttf	upper
1271700244284	1	FR_PRES	4	MACHINE	852	-1	-1	-1271700244284	white	../fonts/Verdana.ttf	upper
1271700248125	1	FR_PRES	4	FREEWAY	603	-1	-1	-1271700248125	white	../fonts/Verdana.ttf	upper
1271700251942	1	FR_PRES	4	GARDEN	623	-1	-1	-1271700251942	white	../fonts/Verdana.ttf	upper
1271700256092	1	FR_PRES	4	BLOSSOM	138	-1	-1	-1271700256092	white	../fonts/Verdana.ttf	upper
1271700260009	1	FR_PRES	4	ROBOT	1200	-1	-1	-1271700260009	white	../fonts/Verdana.ttf	upper
1271700264050	1	FR_PRES	4	BAKER	71	-1	-1	-1271700264050	white	../fonts/Verdana.ttf	upper
1271700268115	1	FR_PRES	4	CONE	363	-1	-1	-1271700268115	white	../fonts/Verdana.ttf	upper
1271700272083	1	FR_PRES	4	BUREAU	199	-1	-1	-1271700272083	white	../fonts/Verdana.ttf	upper
1271700275931	1	FR_PRES	4	RACK	1154	-1	-1	-1271700275931	white	../fonts/Verdana.ttf	upper
1271700280065	1	FR_PRES	4	BUS	201	-1	-1	-1271700280065	white	../fonts/Verdana.ttf	upper
1271700284098	1	FR_PRES	4	SICKLE	1302	-1	-1	-1271700284098	white	../fonts/Verdana.ttf	upper
1271700288255	1	FR_PRES	4	SYRUP	1425	-1	-1	-1271700288255	white	../fonts/Verdana.ttf	upper
1271700294139	1	REC_START
1271700297252	0	REJECT
1271700350444	0	REJECT
1271700370941	0	REST
1271700372449	1	FR_PRES	5	BEVERAGE	123	-1	-1	-1271700372449	white	../fonts/Verdana.ttf	upper
1271700376591	1	FR_PRES	5	SALAD	1224	-1	-1	-1271700376591	white	../fonts/Verdana.ttf	upper
1271700380532	1	FR_PRES	5	LOFT	840	-1	-1	-1271700380532	white	../fonts/Verdana.ttf	upper
1271700384523	1	FR_PRES	5	WAND	1586	-1	-1	-1271700384523	white	../fonts/Verdana.ttf	upper
1271700388515	1	FR_PRES	5	LUNG	850	-1	-1	-1271700388515	white	../fonts/Verdana.ttf	upper
1271700392423	1	FR_PRES	5	CAMEL	223	-1	-1	-1271700392423	white	../fonts/Verdana.ttf	upper
1271700396481	1	FR_PRES	5	HOSTESS	723	-1	-1	-1271700396481	white	../fonts/Verdana.ttf	upper
1271700400689	1	FR_PRES	5	FAIRY	549	-1	-1	-1271700400689	white	../fonts/Verdana.ttf	upper
1271700404689	1	FR_PRES	5	COYOTE	396	-1	-1	-1271700404689	white	../fonts/Verdana.ttf	upper
1271700408755	1	FR_PRES	5	BOXER	160	-1	-1	-1271700408755	white	../fonts/Verdana.ttf	upper
1271700412963	1	FR_PRES	5	CHEDDAR	286	-1	-1	-1271700412963	white	../fonts/Verdana.ttf	upper
1271700416863	1	FR_PRES	5	MACARONI	851	-1	-1	-1271700416863	white	../fonts/Verdana.ttf	upper
1271700420871	1	FR_PRES	5	SANDPAPER	1231	-1	-1	-1271700420871	white	../fonts/Verdana.ttf	upper
1271700424962	1	FR_PRES	5	FARM	552	-1	-1	-1271700424962	white	../fonts/Verdana.ttf	upper
1271700429054	1	FR_PRES	5	ANGEL	22	-1	-1	-1271700429054	white	../fonts/Verdana.ttf	upper
1271700432945	1	FR_PRES	5	TURNIP	1521	-1	-1	-1271700432945	white	../fonts/Verdana.ttf	upper
1271700438520	1	REC_START
1271700516023	0	REST
1271700517530	1	FR_PRES	6	BIRD	129	1	1	898	(0.42259999999999998, 0.58709999999999996, 0)	../fonts/amplitud.ttf	upper
1271700521672	1	FR_PRES	6	SUSPECT	1415	1	1	1500	(0.42259999999999998, 0.58709999999999996, 0)	../fonts/amplitud.ttf	upper
1271700525771	1	FR_PRES	6	DOG	480	0	1	1817	(0.57740000000000002, 0.41289999999999999, 1.0)	../fonts/zerothre.ttf	lower
1271700529963	1	FR_PRES	6	PLASTER	1085	0	0	1449	(0.57740000000000002, 0.41289999999999999, 1.0)	../fonts/zerothre.ttf	lower
1271700533821	1	FR_PRES	6	SARDINE	1235	0	0	951	(0.57740000000000002, 0.41289999999999999, 1.0)	../fonts/zerothre.ttf	lower
1271700537662	1	FR_PRES	6	SHRIMP	1297	0	0	1206	(0.57740000000000002, 0.41289999999999999, 1.0)	../fonts/zerothre.ttf	lower
1271700541712	1	FR_PRES	6	LAUNDRY	803	1	0	940	(0.42259999999999998, 0.58709999999999996, 0)	../fonts/amplitud.ttf	upper
1271700545787	1	FR_PRES	6	WAITRESS	1581	1	1	1601	(0.42259999999999998, 0.58709999999999996, 0)	../fonts/amplitud.ttf	upper
1271700549686	1	FR_PRES	6	RAKE	1164	1	0	1134	(0.42259999999999998, 0.58709999999999996, 0)	../fonts/amplitud.ttf	upper
1271700553794	1	FR_PRES	6	DUST	508	1	0	1090	(0.42259999999999998, 0.58709999999999996, 0)	../fonts/amplitud.ttf	upper
1271700557961	1	FR_PRES	6	CREATURE	403	0	1	2371	(0.57740000000000002, 0.41289999999999999, 1.0)	../fonts/zerothre.ttf	lower
1271700561777	1	FR_PRES	6	OVAL	990	0	0	979	(0.57740000000000002, 0.41289999999999999, 1.0)	../fonts/zerothre.ttf	lower
1271700565743	1	FR_PRES	6	YOKE	1632	0	0	1213	(0.57740000000000002, 0.41289999999999999, 1.0)	../fonts/zerothre.ttf	lower
1271700569876	1	FR_PRES	6	EUROPE	541	0	1	1376	(0.57740000000000002, 0.41289999999999999, 1.0)	../fonts/zerothre.ttf	lower
1271700574061	1	FR_PRES	6	FRUIT	610	1	1	1343	(0.42259999999999998, 0.58709999999999996, 0)	../fonts/amplitud.ttf	upper
1271700578069	1	FR_PRES	6	INMATE	738	1	1	1759	(0.42259999999999998, 0.58709999999999996, 0)	../fonts/amplitud.ttf	upper
1271700583976	1	REC_START
1271700598380	0	REJECT
1271700645636	0	REJECT
1271700665736	0	REST
1271700667244	1	FR_PRES	7	CAN	225	0	0	1248	(0.57740000000000002, 0.41289999999999999, 1.0)	../fonts/zerothre.ttf	lower
1271700671087	1	FR_PRES	7	BEARD	107	0	0	1509	(0.57740000000000002, 0.41289999999999999, 1.0)	../fonts/zerothre.ttf	lower
1271700674969	1	FR_PRES	7	BRUSH	182	0	0	1731	(0.57740000000000002, 0.41289999999999999, 1.0)	../fonts/zerothre.ttf	lower
1271700678810	1	FR_PRES	7	SLACKS	1323	0	1	1490	(0.57740000000000002, 0.41289999999999999, 1.0)	../fonts/zerothre.ttf	lower
1271700683003	1	FR_PRES	7	BARTENDER	92	0	1	1249	(0.57740000000000002, 0.41289999999999999, 1.0)	../fonts/zerothre.ttf	lower
1271700686901	1	FR_PRES	7	SCOTCH	1251	0	0	1919	(0.57740000000000002, 0.41289999999999999, 1.0)	../fonts/zerothre.ttf	lower
1271700690784	1	FR_PRES	7	PEBBLE	1035	0	0	1036	(0.57740000000000002, 0.41289999999999999, 1.0)	../fonts/zerothre.ttf	lower
1271700694717	1	FR_PRES	7	DISHWASHER	475	0	0	1959	(0.57740000000000002, 0.41289999999999999, 1.0)	../fonts/zerothre.ttf	lower
1271700698709	1	FR_PRES	7	DIAL	457	0	1	1511	(0.57740000000000002, 0.41289999999999999, 1.0)	../fonts/zerothre.ttf	lower
1271700702650	1	FR_PRES	7	ZIPPER	1636	0	0	1730	(0.57740000000000002, 0.41289999999999999, 1.0)	../fonts/zerothre.ttf	lower
1271700706833	1	FR_PRES	7	CORPORATION	382	0	1	1355	(0.57740000000000002, 0.41289999999999999, 1.0)	../fonts/zerothre.ttf	lower
1271700710833	1	FR_PRES	7	MOUTH	926	0	0	1803	(0.57740000000000002, 0.41289999999999999, 1.0)	../fonts/zerothre.ttf	lower
1271700714682	1	FR_PRES	7	POWDER	1117	0	0	698	(0.57740000000000002, 0.41289999999999999, 1.0)	../fonts/zerothre.ttf	lower
1271700718582	1	FR_PRES	7	CONVICT	371	0	1	1022	(0.57740000000000002, 0.41289999999999999, 1.0)	../fonts/zerothre.ttf	lower
1271700722557	1	FR_PRES	7	DUMP	505	0	1	1623	(0.57740000000000002, 0.41289999999999999, 1.0)	../fonts/zerothre.ttf	lower
1271700726390	1	FR_PRES	7	GUN	673	0	0	838	(0.57740000000000002, 0.41289999999999999, 1.0)	../fonts/zerothre.ttf	lower
1271700732165	1	REC_START
1271700808701	0	REST
1271700810209	1	FR_PRES	8	CHURCH	307	0	1	1171	(0.57740000000000002, 0.41289999999999999, 1.0)	../fonts/zerothre.ttf	lower
1271700814150	1	FR_PRES	8	PRIEST	1122	0	1	879	(0.57740000000000002, 0.41289999999999999, 1.0)	../fonts/zerothre.ttf	lower
1271700818158	1	FR_PRES	8	MONEY	908	1	0	1622	(0.42259999999999998, 0.58709999999999996, 0)	../fonts/amplitud.ttf	upper
1271700821983	1	FR_PRES	8	SUPERMARKET	1409	1	0	2069	(0.42259999999999998, 0.58709999999999996, 0)	../fonts/amplitud.ttf	upper
1271700825891	1	FR_PRES	8	PATIO	1025	1	0	993	(0.42259999999999998, 0.58709999999999996, 0)	../fonts/amplitud.ttf	upper
1271700829966	1	FR_PRES	8	DESK	452	1	0	1310	(0.42259999999999998, 0.58709999999999996, 0)	../fonts/amplitud.ttf	upper
1271700833907	1	FR_PRES	8	WHISTLE	1606	0	0	1553	(0.57740000000000002, 0.41289999999999999, 1.0)	../fonts/zerothre.ttf	lower
1271700837923	1	FR_PRES	8	CABOOSE	214	0	1	1361	(0.57740000000000002, 0.41289999999999999, 1.0)	../fonts/zerothre.ttf	lower
1271700842008	1	FR_PRES	8	FUNGUS	614	1	1	1508	(0.42259999999999998, 0.58709999999999996, 0)	../fonts/amplitud.ttf	upper
1271700846123	1	FR_PRES	8	AGENT	10	1	1	857	(0.42259999999999998, 0.58709999999999996, 0)	../fonts/amplitud.ttf	upper
1271700850173	1	FR_PRES	8	COBBLER	335	1	0	1263	(0.42259999999999998, 0.58709999999999996, 0)	../fonts/amplitud.ttf	upper
1271700854231	1	FR_PRES	8	LEG	809	1	0	709	(0.42259999999999998, 0.58709999999999996, 0)	../fonts/amplitud.ttf	upper
1271700858172	1	FR_PRES	8	REGISTER	1180	0	1	1881	(0.57740000000000002, 0.41289999999999999, 1.0)	../fonts/zerothre.ttf	lower
1271700862322	1	FR_PRES	8	TAIL	1430	0	0	1490	(0.57740000000000002, 0.41289999999999999, 1.0)	../fonts/zerothre.ttf	lower
1271700866313	1	FR_PRES	8	CAFETERIA	217	0	1	2427	(0.57740000000000002, 0.41289999999999999, 1.0)	../fonts/zerothre.ttf	lower
1271700870146	1	FR_PRES	8	LIZARD	834	0	0	1530	(0.57740000000000002, 0.41289999999999999, 1.0)	../fonts/zerothre.ttf	lower
1271700875855	1	REC_START
1271700888524	0	REJECT
1271700950053	0	REJECT
1271700964964	0	REST
1271700966472	1	FR_PRES	9	COOKIE	374	0	0	1492	(0.57740000000000002, 0.41289999999999999, 1.0)	../fonts/zerothre.ttf	lower
1271700970605	1	FR_PRES	9	BLACKBERRY	132	0	0	1007	(0.57740000000000002, 0.41289999999999999, 1.0)	../fonts/zerothre.ttf	lower
1271700974530	1	FR_PRES	9	GROCERIES	663	0	1	874	(0.57740000000000002, 0.41289999999999999, 1.0)	../fonts/zerothre.ttf	lower
1271700978346	1	FR_PRES	9	OATS	968	0	0	1434	(0.57740000000000002, 0.41289999999999999, 1.0)	../fonts/zerothre.ttf	lower
1271700982279	1	FR_PRES	9	CLOSET	326	0	1	1117	(0.57740000000000002, 0.41289999999999999, 1.0)	../fonts/zerothre.ttf	lower
1271700986279	1	FR_PRES	9	ROBE	1198	0	0	1469	(0.57740000000000002, 0.41289999999999999, 1.0)	../fonts/zerothre.ttf	lower
1271700990304	1	FR_PRES	9	AIRPORT	13	0	1	820	(0.57740000000000002, 0.41289999999999999, 1.0)	../fonts/zerothre.ttf	lower
1271700994495	1	FR_PRES	9	PAPER	1011	0	0	2397	(0.57740000000000002, 0.41289999999999999, 1.0)	../fonts/zerothre.ttf	lower
1271700998670	1	FR_PRES	9	CONCERT	360	0	1	1502	(0.57740000000000002, 0.41289999999999999, 1.0)	../fonts/zerothre.ttf	lower
1271701002611	1	FR_PRES	9	TUBA	1515	0	1	1129	(0.57740000000000002, 0.41289999999999999, 1.0)	../fonts/zerothre.ttf	lower
1271701006594	1	FR_PRES	9	COLT	349	0	1	2034	(0.57740000000000002, 0.41289999999999999, 1.0)	../fonts/zerothre.ttf	lower
1271701010544	1	FR_PRES	9	CHEF	290	0	1	1116	(0.57740000000000002, 0.41289999999999999, 1.0)	../fonts/zerothre.ttf	lower
1271701014486	1	FR_PRES	9	GAZELLE	628	0	1	878	(0.57740000000000002, 0.41289999999999999, 1.0)	../fonts/zerothre.ttf	lower
1271701018669	1	FR_PRES	9	TRAY	1498	0	0	1031	(0.57740000000000002, 0.41289999999999999, 1.0)	../fonts/zerothre.ttf	lower
1271701022643	1	FR_PRES	9	EMPEROR	529	0	1	881	(0.57740000000000002, 0.41289999999999999, 1.0)	../fonts/zerothre.ttf	lower
1271701026710	1	FR_PRES	9	LIBRARY	816	0	0	1574	(0.57740000000000002, 0.41289999999999999, 1.0)	../fonts/zerothre.ttf	lower
1271701032543	1	REC_START
1271701049109	0	REJECT
1271701057356	0	REJECT
1271701069404	0	REJECT
1271701109262	0	REST
1271701110770	1	FR_PRES	10	PADDLE	1000	-1	-1	-1271701110770	white	../fonts/Verdana.ttf	upper
1271701114645	1	FR_PRES	10	WELL	1600	-1	-1	-1271701114645	white	../fonts/Verdana.ttf	upper
1271701118653	1	FR_PRES	10	VINE	1568	-1	-1	-1271701118653	white	../fonts/Verdana.ttf	upper
1271701122761	1	FR_PRES	10	SOCKET	1340	-1	-1	-1271701122761	white	../fonts/Verdana.ttf	upper
1271701126652	1	FR_PRES	10	BANNER	85	-1	-1	-1271701126652	white	../fonts/Verdana.ttf	upper
1271701130560	1	FR_PRES	10	SCALE	1241	-1	-1	-1271701130560	white	../fonts/Verdana.ttf	upper
1271701134652	1	FR_PRES	10	CALF	222	-1	-1	-1271701134652	white	../fonts/Verdana.ttf	upper
1271701138493	1	FR_PRES	10	BUFFALO	186	-1	-1	-1271701138493	white	../fonts/Verdana.ttf	upper
1271701142534	1	FR_PRES	10	CAB	209	-1	-1	-1271701142534	white	../fonts/Verdana.ttf	upper
1271701146626	1	FR_PRES	10	ENGINE	535	-1	-1	-1271701146626	white	../fonts/Verdana.ttf	upper
1271701150675	1	FR_PRES	10	DOCK	477	-1	-1	-1271701150675	white	../fonts/Verdana.ttf	upper
1271701154775	1	FR_PRES	10	STRING	1394	-1	-1	-1271701154775	white	../fonts/Verdana.ttf	upper
1271701158917	1	FR_PRES	10	HAMMOCK	681	-1	-1	-1271701158917	white	../fonts/Verdana.ttf	upper
1271701163100	1	FR_PRES	10	PAIL	1002	-1	-1	-1271701163100	white	../fonts/Verdana.ttf	upper
1271701166933	1	FR_PRES	10	LOUNGE	845	-1	-1	-1271701166933	white	../fonts/Verdana.ttf	upper
1271701170857	1	FR_PRES	10	TABLE	1426	-1	-1	-1271701170857	white	../fonts/Verdana.ttf	upper
1271701176774	1	REC_START
1271701187164	0	REJECT
1271701206101	0	REJECT
1271701262102	0	REST
1271701263609	1	FR_PRES	11	ATTORNEY	58	1	1	1787	(0.42259999999999998, 0.58709999999999996, 0)	../fonts/amplitud.ttf	upper
1271701267492	1	FR_PRES	11	GAVEL	627	1	0	1048	(0.42259999999999998, 0.58709999999999996, 0)	../fonts/amplitud.ttf	upper
1271701271575	1	FR_PRES	11	CHEMICAL	291	1	0	1029	(0.42259999999999998, 0.58709999999999996, 0)	../fonts/amplitud.ttf	upper
1271701275550	1	FR_PRES	11	BUILDING	191	1	0	1070	(0.42259999999999998, 0.58709999999999996, 0)	../fonts/amplitud.ttf	upper
1271701279583	1	FR_PRES	11	WITCH	1617	1	1	1205	(0.42259999999999998, 0.58709999999999996, 0)	../fonts/amplitud.ttf	upper
1271701283541	1	FR_PRES	11	SNAKE	1333	1	1	2047	(0.42259999999999998, 0.58709999999999996, 0)	../fonts/amplitud.ttf	upper
1271701287607	1	FR_PRES	11	CHIP	303	1	0	1478	(0.42259999999999998, 0.58709999999999996, 0)	../fonts/amplitud.ttf	upper
1271701291690	1	FR_PRES	11	COBRA	336	1	1	978	(0.42259999999999998, 0.58709999999999996, 0)	../fonts/amplitud.ttf	upper
1271701295582	1	FR_PRES	11	CANOE	233	1	0	1990	(0.42259999999999998, 0.58709999999999996, 0)	../fonts/amplitud.ttf	upper
1271701299481	1	FR_PRES	11	PERISCOPE	1050	1	0	1211	(0.42259999999999998, 0.58709999999999996, 0)	../fonts/amplitud.ttf	upper
1271701303598	1	FR_PRES	11	NURSE	963	1	0	1814	(0.42259999999999998, 0.58709999999999996, 0)	../fonts/amplitud.ttf	upper
1271701307781	1	FR_PRES	11	TIE	1466	1	0	767	(0.42259999999999998, 0.58709999999999996, 0)	../fonts/amplitud.ttf	upper
1271701311955	1	FR_PRES	11	RIBBON	1189	1	0	1657	(0.42259999999999998, 0.58709999999999996, 0)	../fonts/amplitud.ttf	upper
1271701316147	1	FR_PRES	11	POISON	1096	1	0	1225	(0.42259999999999998, 0.58709999999999996, 0)	../fonts/amplitud.ttf	upper
1271701320321	1	FR_PRES	11	CHOCOLATE	306	1	0	1195	(0.42259999999999998, 0.58709999999999996, 0)	../fonts/amplitud.ttf	upper
1271701324313	1	FR_PRES	11	STATUE	1374	1	0	1155	(0.42259999999999998, 0.58709999999999996, 0)	../fonts/amplitud.ttf	upper
1271701330313	1	REC_START
1271701337748	0	REJECT
1271701360320	30	REJECT
1271701405915	1	REST_REWET
1271701787445	0	REST
1271701788954	1	FR_PRES	12	ENCYCLOPEDIA	533	-1	-1	-1271701788954	white	../fonts/Verdana.ttf	upper
1271701792853	1	FR_PRES	12	LITERATURE	831	-1	-1	-1271701792853	white	../fonts/Verdana.ttf	upper
1271701796761	1	FR_PRES	12	FIELD	562	-1	-1	-1271701796761	white	../fonts/Verdana.ttf	upper
1271701800911	1	FR_PRES	12	SAGE	1222	-1	-1	-1271701800911	white	../fonts/Verdana.ttf	upper
1271701804986	1	FR_PRES	12	KNOB	787	-1	-1	-1271701804986	white	../fonts/Verdana.ttf	upper
1271701809003	1	FR_PRES	12	DAISY	435	-1	-1	-1271701809003	white	../fonts/Verdana.ttf	upper
1271701813011	1	FR_PRES	12	WATER	1594	-1	-1	-1271701813011	white	../fonts/Verdana.ttf	upper
1271701817143	1	FR_PRES	12	SKATE	1313	-1	-1	-1271701817143	white	../fonts/Verdana.ttf	upper
1271701821309	1	FR_PRES	12	TEA	1439	-1	-1	-1271701821309	white	../fonts/Verdana.ttf	upper
1271701825284	1	FR_PRES	12	ISLAND	745	-1	-1	-1271701825284	white	../fonts/Verdana.ttf	upper
1271701829117	1	FR_PRES	12	HERB	704	-1	-1	-1271701829117	white	../fonts/Verdana.ttf	upper
1271701833175	1	FR_PRES	12	GALLON	618	-1	-1	-1271701833175	white	../fonts/Verdana.ttf	upper
1271701837018	1	FR_PRES	12	PITCHFORK	1078	-1	-1	-1271701837018	white	../fonts/Verdana.ttf	upper
1271701840833	1	FR_PRES	12	TICK	1463	-1	-1	-1271701840833	white	../fonts/Verdana.ttf	upper
1271701844783	1	FR_PRES	12	MOOSE	915	-1	-1	-1271701844783	white	../fonts/Verdana.ttf	upper
1271701848932	1	FR_PRES	12	ZOO	1637	-1	-1	-1271701848932	white	../fonts/Verdana.ttf	upper
1271701854916	1	REC_START
1271701893404	0	REJECT
1271701908148	0	REJECT
1271701923732	0	REJECT
1271701931693	0	REST
1271701933201	1	FR_PRES	13	GULL	671	1	1	1227	(0.42259999999999998, 0.58709999999999996, 0)	../fonts/amplitud.ttf	upper
1271701937409	1	FR_PRES	13	LIPSTICK	829	1	0	1652	(0.42259999999999998, 0.58709999999999996, 0)	../fonts/amplitud.ttf	upper
1271701941576	1	FR_PRES	13	CLERK	321	1	1	1284	(0.42259999999999998, 0.58709999999999996, 0)	../fonts/amplitud.ttf	upper
1271701945392	1	FR_PRES	13	EMPLOYER	532	1	1	740	(0.42259999999999998, 0.58709999999999996, 0)	../fonts/amplitud.ttf	upper
1271701949300	1	FR_PRES	13	BULLETIN	195	0	1	1560	(0.57740000000000002, 0.41289999999999999, 1.0)	../fonts/zerothre.ttf	lower
1271701953358	1	FR_PRES	13	CREAM	402	0	0	1366	(0.57740000000000002, 0.41289999999999999, 1.0)	../fonts/zerothre.ttf	lower
1271701957516	1	FR_PRES	13	GRIZZLY	662	0	1	1577	(0.57740000000000002, 0.41289999999999999, 1.0)	../fonts/zerothre.ttf	lower
1271701961382	1	FR_PRES	13	RASH	1167	0	0	1446	(0.57740000000000002, 0.41289999999999999, 1.0)	../fonts/zerothre.ttf	lower
1271701965315	1	FR_PRES	13	PARROT	1015	0	1	1786	(0.57740000000000002, 0.41289999999999999, 1.0)	../fonts/zerothre.ttf	lower
1271701969240	1	FR_PRES	13	DRINK	498	0	0	1564	(0.57740000000000002, 0.41289999999999999, 1.0)	../fonts/zerothre.ttf	lower
1271701973257	1	FR_PRES	13	RAFT	1159	1	0	1011	(0.42259999999999998, 0.58709999999999996, 0)	../fonts/amplitud.ttf	upper
1271701977099	1	FR_PRES	13	OAR	966	1	0	1481	(0.42259999999999998, 0.58709999999999996, 0)	../fonts/amplitud.ttf	upper
1271701981223	1	FR_PRES	13	SURF	1412	1	0	1037	(0.42259999999999998, 0.58709999999999996, 0)	../fonts/amplitud.ttf	upper
1271701985172	1	FR_PRES	13	EDITOR	516	1	1	1000	(0.42259999999999998, 0.58709999999999996, 0)	../fonts/amplitud.ttf	upper
1271701989314	1	FR_PRES	13	KEG	770	0	1	1554	(0.57740000000000002, 0.41289999999999999, 1.0)	../fonts/zerothre.ttf	lower
1271701993263	1	FR_PRES	13	POOL	1103	0	0	2077	(0.57740000000000002, 0.41289999999999999, 1.0)	../fonts/zerothre.ttf	lower
1271701999098	1	REC_START
1271702015412	0	REJECT
1271702027444	0	REJECT
1271702073860	0	REJECT
1271702075874	0	REST
1271702077382	1	FR_PRES	14	WOLF	1619	1	1	902	(0.42259999999999998, 0.58709999999999996, 0)	../fonts/amplitud.ttf	upper
1271702081374	1	FR_PRES	14	PRAIRIE	1118	1	1	1526	(0.42259999999999998, 0.58709999999999996, 0)	../fonts/amplitud.ttf	upper
1271702085482	1	FR_PRES	14	BRUISE	180	1	0	1154	(0.42259999999999998, 0.58709999999999996, 0)	../fonts/amplitud.ttf	upper
1271702089340	1	FR_PRES	14	TOWEL	1489	1	0	1208	(0.42259999999999998, 0.58709999999999996, 0)	../fonts/amplitud.ttf	upper
1271702093223	1	FR_PRES	14	STEAM	1375	1	0	973	(0.42259999999999998, 0.58709999999999996, 0)	../fonts/amplitud.ttf	upper
1271702097431	1	FR_PRES	14	DWARF	510	1	1	1021	(0.42259999999999998, 0.58709999999999996, 0)	../fonts/amplitud.ttf	upper
1271702101589	1	FR_PRES	14	FISH	571	1	1	1247	(0.42259999999999998, 0.58709999999999996, 0)	../fonts/amplitud.ttf	upper
1271702105730	1	FR_PRES	14	BAIT	70	1	0	1530	(0.42259999999999998, 0.58709999999999996, 0)	../fonts/amplitud.ttf	upper
1271702109580	1	FR_PRES	14	JUG	762	1	0	968	(0.42259999999999998, 0.58709999999999996, 0)	../fonts/amplitud.ttf	upper
1271702113713	1	FR_PRES	14	TOWN	1491	1	0	1356	(0.42259999999999998, 0.58709999999999996, 0)	../fonts/amplitud.ttf	upper
1271702117863	1	FR_PRES	14	PEACH	1031	1	1	1125	(0.42259999999999998, 0.58709999999999996, 0)	../fonts/amplitud.ttf	upper
1271702121804	1	FR_PRES	14	WRENCH	1625	1	0	1064	(0.42259999999999998, 0.58709999999999996, 0)	../fonts/amplitud.ttf	upper
1271702125979	1	FR_PRES	14	FLORIDA	582	1	1	1241	(0.42259999999999998, 0.58709999999999996, 0)	../fonts/amplitud.ttf	upper
1271702129920	1	FR_PRES	14	REINDEER	1181	1	1	916	(0.42259999999999998, 0.58709999999999996, 0)	../fonts/amplitud.ttf	upper
1271702134111	1	FR_PRES	14	ELK	526	1	1	1181	(0.42259999999999998, 0.58709999999999996, 0)	../fonts/amplitud.ttf	upper
1271702138311	1	FR_PRES	14	UTENSIL	1542	1	0	718	(0.42259999999999998, 0.58709999999999996, 0)	../fonts/amplitud.ttf	upper
1271702144037	1	REC_START
1271702159124	0	REJECT
1271702175940	0	REJECT
1271702209948	0	REJECT
1271702213644	0	REJECT
1271702220738	0	REST
1271702222247	1	FR_PRES	15	SODA	1341	0	0	1085	(0.57740000000000002, 0.41289999999999999, 1.0)	../fonts/zerothre.ttf	lower
1271702226438	1	FR_PRES	15	HOUSE	725	0	1	1774	(0.57740000000000002, 0.41289999999999999, 1.0)	../fonts/zerothre.ttf	lower
1271702230313	1	FR_PRES	15	BUTTERFLY	206	0	0	859	(0.57740000000000002, 0.41289999999999999, 1.0)	../fonts/zerothre.ttf	lower
1271702234454	1	FR_PRES	15	PATROL	1027	0	1	1166	(0.57740000000000002, 0.41289999999999999, 1.0)	../fonts/zerothre.ttf	lower
1271702238637	1	FR_PRES	15	OFFICER	973	0	1	846	(0.57740000000000002, 0.41289999999999999, 1.0)	../fonts/zerothre.ttf	lower
1271702242687	1	FR_PRES	15	DOLL	481	0	0	1797	(0.57740000000000002, 0.41289999999999999, 1.0)	../fonts/zerothre.ttf	lower
1271702246536	1	FR_PRES	15	TIDE	1465	0	1	1180	(0.57740000000000002, 0.41289999999999999, 1.0)	../fonts/zerothre.ttf	lower
1271702250561	1	FR_PRES	15	RAG	1160	0	1	875	(0.57740000000000002, 0.41289999999999999, 1.0)	../fonts/zerothre.ttf	lower
1271702254386	1	FR_PRES	15	SHORE	1291	0	1	1106	(0.57740000000000002, 0.41289999999999999, 1.0)	../fonts/zerothre.ttf	lower
1271702258352	1	FR_PRES	15	BLUEBERRY	140	0	0	1669	(0.57740000000000002, 0.41289999999999999, 1.0)	../fonts/zerothre.ttf	lower
1271702262435	1	FR_PRES	15	BEETLE	116	0	0	1465	(0.57740000000000002, 0.41289999999999999, 1.0)	../fonts/zerothre.ttf	lower
1271702266527	1	FR_PRES	15	VILLAGE	1566	0	1	1389	(0.57740000000000002, 0.41289999999999999, 1.0)	../fonts/zerothre.ttf	lower
1271702270360	1	FR_PRES	15	SHOELACE	1289	0	0	1883	(0.57740000000000002, 0.41289999999999999, 1.0)	../fonts/zerothre.ttf	lower
1271702274409	1	FR_PRES	15	SCREWDRIVER	1255	0	0	1123	(0.57740000000000002, 0.41289999999999999, 1.0)	../fonts/zerothre.ttf	lower
1271702278359	1	FR_PRES	15	CASTLE	256	0	1	957	(0.57740000000000002, 0.41289999999999999, 1.0)	../fonts/zerothre.ttf	lower
1271702282242	1	FR_PRES	15	PRINCE	1124	0	1	1650	(0.57740000000000002, 0.41289999999999999, 1.0)	../fonts/zerothre.ttf	lower
1271702288002	1	REC_START
1271702323620	0	REJECT
1271702345452	0	REJECT
1271702369653	0	RECOG_START
1271702369653	1	REC_START
1271702369686	0	RECOG_PRES	0	BAIT	70	-999	P	1214
1271702371269	0	RECOG_CR_PRES	0	BAIT	70	-999	P	423
1271702372037	1	RECOG_FEEDBACK	1
1271702372836	0	RECOG_PRES	0	APE	31	-999	P	1257
1271702374460	0	RECOG_CR_PRES	0	APE	31	-999	P	224
1271702375011	1	RECOG_FEEDBACK	0
1271702375735	0	RECOG_PRES	0	SAP	1233	-999	P	1157
1271702377268	0	RECOG_CR_PRES	0	SAP	1233	-999	P	200
1271702377802	1	RECOG_FEEDBACK	1
1271702378552	0	RECOG_PRES	0	LIEUTENANT	818	-999	P	1004
1271702379927	0	RECOG_CR_PRES	0	LIEUTENANT	818	-999	P	221
1271702380468	1	RECOG_FEEDBACK	1
1271702381235	0	RECOG_PRES	0	EMPLOYER	532	-999	P	897
1271702382501	0	RECOG_CR_PRES	0	EMPLOYER	532	-999	P	223
1271702383044	1	RECOG_FEEDBACK	1
1271702383768	0	RECOG_PRES	0	FAIRY	549	-999	P	883
1271702385044	0	RECOG_CR_PRES	0	FAIRY	549	-999	P	184
1271702385560	1	RECOG_FEEDBACK	1
1271702386335	0	RECOG_PRES	0	POOL	1103	-999	P	949
1271702387659	0	RECOG_CR_PRES	0	POOL	1103	-999	P	177
1271702388159	1	RECOG_FEEDBACK	1
1271702388909	0	RECOG_PRES	0	CREAM	402	-999	P	847
1271702390126	0	RECOG_CR_PRES	0	CREAM	402	-999	P	158
1271702390601	1	RECOG_FEEDBACK	1
1271702391317	0	RECOG_PRES	0	CHEF	290	-999	P	943
1271702392634	0	RECOG_CR_PRES	0	CHEF	290	-999	P	162
1271702393102	1	RECOG_FEEDBACK	1
1271702393851	0	RECOG_PRES	0	GARDEN	623	-999	P	857
1271702395101	0	RECOG_CR_PRES	0	GARDEN	623	-999	P	151
1271702395559	1	RECOG_FEEDBACK	1
1271702396342	0	RECOG_PRES	0	CATHEDRAL	260	-999	P	950
1271702397667	0	RECOG_CR_PRES	0	CATHEDRAL	260	-999	P	137
1271702398109	1	RECOG_FEEDBACK	1
1271702398900	0	RECOG_PRES	0	EUROPE	541	-999	P	880
1271702400150	0	RECOG_CR_PRES	0	EUROPE	541	-999	P	94
1271702400567	1	RECOG_FEEDBACK	1
1271702401333	0	RECOG_PRES	0	HOSTESS	723	-999	P	768
1271702402475	0	RECOG_CR_PRES	0	HOSTESS	723	-999	P	129
1271702402908	1	RECOG_FEEDBACK	1
1271702403658	0	RECOG_PRES	0	TURNIP	1521	-999	P	794
1271702404816	0	RECOG_CR_PRES	0	TURNIP	1521	-999	P	148
1271702405275	1	RECOG_FEEDBACK	1
1271702406067	0	RECOG_PRES	0	MOUTH	926	-999	P	769
1271702407208	0	RECOG_CR_PRES	0	MOUTH	926	-999	P	132
1271702407666	1	RECOG_FEEDBACK	1
1271702408383	0	RECOG_PRES	0	DOCK	477	-999	P	829
1271702409574	0	RECOG_CR_PRES	0	DOCK	477	-999	P	142
1271702410034	1	RECOG_FEEDBACK	1
1271702410816	0	RECOG_PRES	0	INMATE	738	-999	P	796
1271702411983	0	RECOG_CR_PRES	0	INMATE	738	-999	P	165
1271702412458	1	RECOG_FEEDBACK	1
1271702413199	0	RECOG_PRES	0	OAR	966	-999	P	773
1271702414332	0	RECOG_CR_PRES	0	OAR	966	-999	P	144
1271702414799	1	RECOG_FEEDBACK	1
1271702415557	0	RECOG_PRES	0	LITERATURE	831	-999	P	751
1271702416682	0	RECOG_CR_PRES	0	LITERATURE	831	-999	P	162
1271702417157	1	RECOG_FEEDBACK	1
1271702417899	0	RECOG_PRES	0	PIE	1062	-999	P	1393
1271702419665	0	RECOG_CR_PRES	0	PIE	1062	-999	P	139
1271702420140	1	RECOG_FEEDBACK	1
1271702421407	0	REST
1271702422519	1	REC_START
1271702422557	0	RECOG_PRES	1	REINDEER	1181	-999	P	1007
1271702423940	0	RECOG_CR_PRES	1	REINDEER	1181	-999	P	89
1271702424357	1	RECOG_FEEDBACK	1
1271702425074	0	RECOG_PRES	1	WICK	1607	-999	P	810
1271702426257	0	RECOG_CR_PRES	1	WICK	1607	-999	P	123
1271702426681	1	RECOG_FEEDBACK	1
1271702427473	0	RECOG_PRES	1	MAT	877	-999	P	1059
1271702428906	0	RECOG_CR_PRES	1	MAT	877	-999	P	90
1271702429315	1	RECOG_FEEDBACK	0
1271702430091	0	RECOG_PRES	1	SHORE	1291	-999	P	832
1271702431323	0	RECOG_CR_PRES	1	SHORE	1291	-999	P	89
1271702431731	1	RECOG_FEEDBACK	1
1271702432489	0	RECOG_PRES	1	JET	756	-999	P	875
1271702433739	0	RECOG_CR_PRES	1	JET	756	-999	P	121
1271702434189	1	RECOG_FEEDBACK	0
1271702434914	0	RECOG_PRES	1	DANCER	437	-999	P	1155
1271702436439	0	RECOG_CR_PRES	1	DANCER	437	-999	P	157
1271702436922	1	RECOG_FEEDBACK	1
1271702437731	0	RECOG_PRES	1	BUS	201	-999	P	993
1271702439090	0	RECOG_CR_PRES	1	BUS	201	-999	P	154
1271702439564	1	RECOG_FEEDBACK	0
1271702440297	0	RECOG_PRES	1	CRIMINAL	409	-999	P	939
1271702441605	0	RECOG_CR_PRES	1	CRIMINAL	409	-999	P	143
1271702442090	1	RECOG_FEEDBACK	1
1271702442872	0	RECOG_PRES	1	UTENSIL	1542	-999	P	924
1271702444172	0	RECOG_CR_PRES	1	UTENSIL	1542	-999	P	144
1271702444638	1	RECOG_FEEDBACK	1
1271702445430	0	RECOG_PRES	1	FREEWAY	603	-999	P	1022
1271702446838	0	RECOG_CR_PRES	1	FREEWAY	603	-999	P	110
1271702447280	1	RECOG_FEEDBACK	0
1271702448081	0	RECOG_PRES	1	WINE	1613	-999	P	1427
1271702449880	0	RECOG_CR_PRES	1	WINE	1613	-999	P	141
1271702450355	1	RECOG_FEEDBACK	1
1271702451113	0	RECOG_PRES	1	WITCH	1617	-999	P	1435
1271702452921	0	RECOG_CR_PRES	1	WITCH	1617	-999	P	140
1271702453388	1	RECOG_FEEDBACK	1
1271702454106	0	RECOG_PRES	1	WILDERNESS	1610	-999	P	971
1271702455446	0	RECOG_CR_PRES	1	WILDERNESS	1610	-999	P	158
1271702455921	1	RECOG_FEEDBACK	1
1271702456688	0	RECOG_PRES	1	DENTIST	447	-999	P	1068
1271702458129	0	RECOG_CR_PRES	1	DENTIST	447	-999	P	211
1271702458663	1	RECOG_FEEDBACK	1
1271702459471	0	RECOG_PRES	1	POET	1095	-999	P	901
1271702460746	0	RECOG_CR_PRES	1	POET	1095	-999	P	186
1271702461246	1	RECOG_FEEDBACK	1
1271702462047	0	RECOG_PRES	1	SCREWDRIVER	1255	-999	P	805
1271702463221	0	RECOG_CR_PRES	1	SCREWDRIVER	1255	-999	P	143
1271702463670	1	RECOG_FEEDBACK	1
1271702464454	0	RECOG_PRES	1	FIELD	562	-999	P	742
1271702465570	0	RECOG_CR_PRES	1	FIELD	562	-999	P	162
1271702466038	1	RECOG_FEEDBACK	1
1271702466845	0	RECOG_PRES	1	APRON	35	-999	P	943
1271702468153	0	RECOG_CR_PRES	1	APRON	35	-999	P	163
1271702468612	1	RECOG_FEEDBACK	1
1271702469403	0	RECOG_PRES	1	WINGS	1614	-999	P	1409
1271702471187	0	RECOG_CR_PRES	1	WINGS	1614	-999	P	105
1271702471637	1	RECOG_FEEDBACK	1
1271702472361	0	RECOG_PRES	1	SCOTCH	1251	-999	P	971
1271702473703	0	RECOG_CR_PRES	1	SCOTCH	1251	-999	P	165
1271702474170	1	RECOG_FEEDBACK	1
1271702475553	0	REST
1271702476576	1	REC_START
1271702476611	0	RECOG_PRES	2	LINEN	825	-999	P	833
1271702477819	0	RECOG_CR_PRES	2	LINEN	825	-999	P	49
1271702478169	1	RECOG_FEEDBACK	1
1271702478894	0	RECOG_PRES	2	COBRA	336	-999	P	830
1271702480087	0	RECOG_CR_PRES	2	COBRA	336	-999	P	149
1271702480552	1	RECOG_FEEDBACK	1
1271702481269	0	RECOG_PRES	2	DWARF	510	-999	P	879
1271702482519	0	RECOG_CR_PRES	2	DWARF	510	-999	P	149
1271702482986	1	RECOG_FEEDBACK	1
1271702483752	0	RECOG_PRES	2	CAB	209	-999	P	748
1271702484869	0	RECOG_CR_PRES	2	CAB	209	-999	P	192
1271702485369	1	RECOG_FEEDBACK	1
1271702486095	0	RECOG_PRES	2	BARTENDER	92	-999	P	1037
1271702487502	0	RECOG_CR_PRES	2	BARTENDER	92	-999	P	102
1271702487927	1	RECOG_FEEDBACK	1
1271702488719	0	RECOG_PRES	2	GUN	673	-999	P	869
1271702489960	0	RECOG_CR_PRES	2	GUN	673	-999	P	196
1271702490468	1	RECOG_FEEDBACK	1
1271702491227	0	RECOG_PRES	2	FARM	552	-999	P	818
1271702492418	0	RECOG_CR_PRES	2	FARM	552	-999	P	210
1271702492935	1	RECOG_FEEDBACK	1
1271702493685	0	RECOG_PRES	2	BATH	98	-999	P	783
1271702494843	0	RECOG_CR_PRES	2	BATH	98	-999	P	210
1271702495368	1	RECOG_FEEDBACK	1
1271702496094	0	RECOG_PRES	2	NURSE	963	-999	P	710
1271702497176	0	RECOG_CR_PRES	2	NURSE	963	-999	P	196
1271702497668	1	RECOG_FEEDBACK	1
1271702498443	0	RECOG_PRES	2	PRINCE	1124	-999	P	713
1271702499534	0	RECOG_CR_PRES	2	PRINCE	1124	-999	P	206
1271702500044	1	RECOG_FEEDBACK	1
1271702500801	0	RECOG_PRES	2	DAISY	435	-999	P	699
1271702501876	0	RECOG_CR_PRES	2	DAISY	435	-999	P	217
1271702502401	1	RECOG_FEEDBACK	1
1271702503118	0	RECOG_PRES	2	POLYESTER	1100	-999	P	975
1271702504467	0	RECOG_CR_PRES	2	POLYESTER	1100	-999	P	153
1271702504926	1	RECOG_FEEDBACK	1
1271702505676	0	RECOG_PRES	2	POISON	1096	-999	P	760
1271702506809	0	RECOG_CR_PRES	2	POISON	1096	-999	P	124
1271702507242	1	RECOG_FEEDBACK	1
1271702508026	0	RECOG_PRES	2	RIBBON	1189	-999	P	824
1271702509250	0	RECOG_CR_PRES	2	RIBBON	1189	-999	P	130
1271702509684	1	RECOG_FEEDBACK	1
1271702510417	0	RECOG_PRES	2	TOWEL	1489	-999	P	795
1271702511584	0	RECOG_CR_PRES	2	TOWEL	1489	-999	P	196
1271702512085	1	RECOG_FEEDBACK	1
1271702512875	0	RECOG_PRES	2	CHIP	303	-999	P	777
1271702514018	0	RECOG_CR_PRES	2	CHIP	303	-999	P	202
1271702514525	1	RECOG_FEEDBACK	1
1271702515325	0	RECOG_PRES	2	GRIZZLY	662	-999	P	752
1271702516450	0	RECOG_CR_PRES	2	GRIZZLY	662	-999	P	146
1271702516900	1	RECOG_FEEDBACK	1
1271702517691	0	RECOG_PRES	2	YOKE	1632	-999	P	785
1271702518841	0	RECOG_CR_PRES	2	YOKE	1632	-999	P	188
1271702519341	1	RECOG_FEEDBACK	1
1271702520067	0	RECOG_PRES	2	BEET	115	-999	P	874
1271702521341	0	RECOG_CR_PRES	2	BEET	115	-999	P	111
1271702521758	1	RECOG_FEEDBACK	1
1271702522541	0	RECOG_PRES	2	CARNIVAL	245	-999	P	775
1271702523691	0	RECOG_CR_PRES	2	CARNIVAL	245	-999	P	153
1271702524149	1	RECOG_FEEDBACK	1
1271702525449	0	REST
1271702526489	1	REC_START
1271702526524	0	RECOG_PRES	3	GUM	672	-999	P	1656
1271702528549	0	RECOG_CR_PRES	3	GUM	672	-999	P	95
1271702528966	1	RECOG_FEEDBACK	1
1271702529716	0	RECOG_PRES	3	TOY	1492	-999	P	840
1271702530932	0	RECOG_CR_PRES	3	TOY	1492	-999	P	129
1271702531365	1	RECOG_FEEDBACK	1
1271702532100	0	RECOG_PRES	3	BINDER	127	-999	P	1320
1271702533790	0	RECOG_CR_PRES	3	BINDER	127	-999	P	118
1271702534249	1	RECOG_FEEDBACK	1
1271702535008	0	RECOG_PRES	3	PAPER	1011	-999	P	844
1271702536223	0	RECOG_CR_PRES	3	PAPER	1011	-999	P	141
1271702536673	1	RECOG_FEEDBACK	1
1271702537448	0	RECOG_PRES	3	STATUE	1374	-999	P	884
1271702538707	0	RECOG_CR_PRES	3	STATUE	1374	-999	P	153
1271702539173	1	RECOG_FEEDBACK	1
1271702539973	0	RECOG_PRES	3	VINE	1568	-999	P	751
1271702541091	0	RECOG_CR_PRES	3	VINE	1568	-999	P	185
1271702541573	1	RECOG_FEEDBACK	1
1271702542373	0	RECOG_PRES	3	GOLD	647	-999	P	751
1271702543498	0	RECOG_CR_PRES	3	GOLD	647	-999	P	162
1271702543956	1	RECOG_FEEDBACK	1
1271702544739	0	RECOG_PRES	3	CLOUD	328	-999	P	816
1271702545956	0	RECOG_CR_PRES	3	CLOUD	328	-999	P	121
1271702546373	1	RECOG_FEEDBACK	1
1271702547114	0	RECOG_PRES	3	LIZARD	834	-999	P	866
1271702548356	0	RECOG_CR_PRES	3	LIZARD	834	-999	P	208
1271702548872	1	RECOG_FEEDBACK	1
1271702549631	0	RECOG_PRES	3	CABIN	211	-999	P	1053
1271702551048	0	RECOG_CR_PRES	3	CABIN	211	-999	P	148
1271702551514	1	RECOG_FEEDBACK	1
1271702552247	0	RECOG_PRES	3	PRIEST	1122	-999	P	669
1271702553289	0	RECOG_CR_PRES	3	PRIEST	1122	-999	P	147
1271702553730	1	RECOG_FEEDBACK	1
1271702554530	0	RECOG_PRES	3	TICK	1463	-999	P	786
1271702555689	0	RECOG_CR_PRES	3	TICK	1463	-999	P	147
1271702556130	1	RECOG_FEEDBACK	1
1271702556922	0	RECOG_PRES	3	WHISTLE	1606	-999	P	1394
1271702558688	0	RECOG_CR_PRES	3	WHISTLE	1606	-999	P	164
1271702559180	1	RECOG_FEEDBACK	0
1271702559905	0	RECOG_PRES	3	FLORIDA	582	-999	P	1075
1271702561355	0	RECOG_CR_PRES	3	FLORIDA	582	-999	P	129
1271702561797	1	RECOG_FEEDBACK	1
1271702562546	0	RECOG_PRES	3	CHEDDAR	286	-999	P	826
1271702563746	0	RECOG_CR_PRES	3	CHEDDAR	286	-999	P	138
1271702564180	1	RECOG_FEEDBACK	1
1271702564963	0	RECOG_PRES	3	DESK	452	-999	P	1169
1271702566505	0	RECOG_CR_PRES	3	DESK	452	-999	P	83
1271702566905	1	RECOG_FEEDBACK	1
1271702567705	0	RECOG_PRES	3	VILLAGE	1566	-999	P	2259
1271702570338	0	RECOG_CR_PRES	3	VILLAGE	1566	-999	P	202
1271702570904	1	RECOG_FEEDBACK	1
1271702571662	0	RECOG_PRES	3	OFFICER	973	-999	P	894
1271702572929	0	RECOG_CR_PRES	3	OFFICER	973	-999	P	203
1271702573421	1	RECOG_FEEDBACK	1
1271702574221	0	RECOG_PRES	3	PELICAN	1039	-999	P	711
1271702575304	0	RECOG_CR_PRES	3	PELICAN	1039	-999	P	108
1271702575712	1	RECOG_FEEDBACK	1
1271702576420	0	RECOG_PRES	3	SLACKS	1323	-999	P	808
1271702577604	0	RECOG_CR_PRES	3	SLACKS	1323	-999	P	136
1271702578038	1	RECOG_FEEDBACK	1
1271702579345	0	REST
1271702580190	1	REC_START
1271702580220	0	RECOG_PRES	4	OVAL	990	-999	P	817
1271702581412	0	RECOG_CR_PRES	4	OVAL	990	-999	P	80
1271702581787	1	RECOG_FEEDBACK	1
1271702582520	0	RECOG_PRES	4	RACK	1154	-999	P	756
1271702583645	0	RECOG_CR_PRES	4	RACK	1154	-999	P	111
1271702584054	1	RECOG_FEEDBACK	1
1271702584812	0	RECOG_PRES	4	TABLE	1426	-999	P	832
1271702586012	0	RECOG_CR_PRES	4	TABLE	1426	-999	P	89
1271702586403	1	RECOG_FEEDBACK	1
1271702587178	0	RECOG_PRES	4	MATTRESS	879	-999	P	1234
1271702588786	0	RECOG_CR_PRES	4	MATTRESS	879	-999	P	106
1271702589220	1	RECOG_FEEDBACK	1
1271702589994	0	RECOG_PRES	4	BEETLE	116	-999	P	1722
1271702592079	0	RECOG_CR_PRES	4	BEETLE	116	-999	P	109
1271702592519	1	RECOG_FEEDBACK	1
1271702593244	0	RECOG_PRES	4	SKI	1316	-999	P	1016
1271702594627	0	RECOG_CR_PRES	4	SKI	1316	-999	P	161
1271702595103	1	RECOG_FEEDBACK	1
1271702595894	0	RECOG_PRES	4	SHUTTER	1300	-999	P	966
1271702597236	0	RECOG_CR_PRES	4	SHUTTER	1300	-999	P	88
1271702597636	1	RECOG_FEEDBACK	1
1271702598394	0	RECOG_PRES	4	CHEMIST	292	-999	P	898
1271702599660	0	RECOG_CR_PRES	4	CHEMIST	292	-999	P	232
1271702600210	1	RECOG_FEEDBACK	1
1271702600935	0	RECOG_PRES	4	TAR	1435	-999	P	1541
1271702602844	0	RECOG_CR_PRES	4	TAR	1435	-999	P	112
1271702603285	1	RECOG_FEEDBACK	1
1271702604011	0	RECOG_PRES	4	WATER	1594	-999	P	817
1271702605202	0	RECOG_CR_PRES	4	WATER	1594	-999	P	130
1271702605635	1	RECOG_FEEDBACK	1
1271702606377	0	RECOG_PRES	4	LEOPARD	812	-999	P	931
1271702607677	0	RECOG_CR_PRES	4	LEOPARD	812	-999	P	159
1271702608143	1	RECOG_FEEDBACK	1
1271702608876	0	RECOG_PRES	4	BARREL	91	-999	P	1072
1271702610318	0	RECOG_CR_PRES	4	BARREL	91	-999	P	158
1271702610793	1	RECOG_FEEDBACK	1
1271702611585	0	RECOG_PRES	4	LUNG	850	-999	P	816
1271702612801	0	RECOG_CR_PRES	4	LUNG	850	-999	P	115
1271702613226	1	RECOG_FEEDBACK	1
1271702613984	0	RECOG_PRES	4	ZIPPER	1636	-999	P	851
1271702615234	0	RECOG_CR_PRES	4	ZIPPER	1636	-999	P	130
1271702615668	1	RECOG_FEEDBACK	1
1271702616468	0	RECOG_PRES	4	TUBA	1515	-999	P	792
1271702617634	0	RECOG_CR_PRES	4	TUBA	1515	-999	P	138
1271702618068	1	RECOG_FEEDBACK	1
1271702618792	0	RECOG_PRES	4	OATS	968	-999	P	668
1271702619834	0	RECOG_CR_PRES	4	OATS	968	-999	P	114
1271702620226	1	RECOG_FEEDBACK	1
1271702620942	0	RECOG_PRES	4	FUNGUS	614	-999	P	742
1271702622051	0	RECOG_CR_PRES	4	FUNGUS	614	-999	P	137
1271702622484	1	RECOG_FEEDBACK	1
1271702623217	0	RECOG_PRES	4	STY	1397	-999	P	1035
1271702624625	0	RECOG_CR_PRES	4	STY	1397	-999	P	91
1271702625035	1	RECOG_FEEDBACK	1
1271702625809	0	RECOG_PRES	4	ROBE	1198	-999	P	1611
1271702627792	0	RECOG_CR_PRES	4	ROBE	1198	-999	P	68
1271702628200	1	RECOG_FEEDBACK	1
1271702629009	0	RECOG_PRES	4	TOWN	1491	-999	P	715
1271702630093	0	RECOG_CR_PRES	4	TOWN	1491	-999	P	95
1271702630483	1	RECOG_FEEDBACK	1
1271702631741	0	REST
1271702632783	1	REC_START
1271702632816	0	RECOG_PRES	5	SWAN	1417	-999	P	924
1271702634109	0	RECOG_CR_PRES	5	SWAN	1417	-999	P	111
1271702634525	1	RECOG_FEEDBACK	1
1271702635316	0	RECOG_PRES	5	CROSS	413	-999	P	896
1271702636583	0	RECOG_CR_PRES	5	CROSS	413	-999	P	69
1271702636958	1	RECOG_FEEDBACK	1
1271702637741	0	RECOG_PRES	5	DOG	480	-999	P	807
1271702638924	0	RECOG_CR_PRES	5	DOG	480	-999	P	105
1271702639341	1	RECOG_FEEDBACK	1
1271702640132	0	RECOG_PRES	5	CHEESE	289	-999	P	1472
1271702641974	0	RECOG_CR_PRES	5	CHEESE	289	-999	P	39
1271702642341	1	RECOG_FEEDBACK	1
1271702643141	0	RECOG_PRES	5	AIRPORT	13	-999	P	631
1271702644141	0	RECOG_CR_PRES	5	AIRPORT	13	-999	P	87
1271702644515	1	RECOG_FEEDBACK	1
1271702645315	0	RECOG_PRES	5	REGISTER	1180	-999	P	681
1271702646365	0	RECOG_CR_PRES	5	REGISTER	1180	-999	P	87
1271702646749	1	RECOG_FEEDBACK	1
1271702647490	0	RECOG_PRES	5	MONEY	908	-999	P	1018
1271702648882	0	RECOG_CR_PRES	5	MONEY	908	-999	P	66
1271702649257	1	RECOG_FEEDBACK	1
1271702649990	0	RECOG_PRES	5	DRINK	498	-999	P	926
1271702651290	0	RECOG_CR_PRES	5	DRINK	498	-999	P	74
1271702651690	1	RECOG_FEEDBACK	1
1271702652490	0	RECOG_PRES	5	BOUQUET	157	-999	P	658
1271702653523	0	RECOG_CR_PRES	5	BOUQUET	157	-999	P	121
1271702653931	1	RECOG_FEEDBACK	1
1271702654723	0	RECOG_PRES	5	RASH	1167	-999	P	681
1271702655773	0	RECOG_CR_PRES	5	RASH	1167	-999	P	159
1271702656231	1	RECOG_FEEDBACK	1
1271702657015	0	RECOG_PRES	5	AGENT	10	-999	P	1589
1271702658964	0	RECOG_CR_PRES	5	AGENT	10	-999	P	176
1271702659489	1	RECOG_FEEDBACK	0
1271702660248	0	RECOG_PRES	5	BRUISE	180	-999	P	829
1271702661448	0	RECOG_CR_PRES	5	BRUISE	180	-999	P	124
1271702661873	1	RECOG_FEEDBACK	1
1271702662589	0	RECOG_PRES	5	SOCKET	1340	-999	P	815
1271702663772	0	RECOG_CR_PRES	5	SOCKET	1340	-999	P	112
1271702664189	1	RECOG_FEEDBACK	1
1271702664972	0	RECOG_PRES	5	GALAXY	617	-999	P	1408
1271702666756	0	RECOG_CR_PRES	5	GALAXY	617	-999	P	768
1271702667839	1	RECOG_FEEDBACK	0
1271702668589	0	RECOG_PRES	5	CLOSET	326	-999	P	1943
1271702670905	0	RECOG_CR_PRES	5	CLOSET	326	-999	P	3
1271702671255	1	RECOG_FEEDBACK	1
1271702671988	0	RECOG_PRES	5	PIN	1072	-999	P	952
1271702673313	0	RECOG_CR_PRES	5	PIN	1072	-999	P	75
1271702673697	1	RECOG_FEEDBACK	1
1271702674447	0	RECOG_PRES	5	BANK	83	-999	P	857
1271702675705	0	RECOG_CR_PRES	5	BANK	83	-999	P	99
1271702676121	1	RECOG_FEEDBACK	0
1271702676896	0	RECOG_PRES	5	DISHWASHER	475	-999	P	825
1271702678121	0	RECOG_CR_PRES	5	DISHWASHER	475	-999	P	107
1271702678521	1	RECOG_FEEDBACK	1
1271702679230	0	RECOG_PRES	5	FOLLOWER	589	-999	P	982
1271702680579	0	RECOG_CR_PRES	5	FOLLOWER	589	-999	P	57
1271702680946	1	RECOG_FEEDBACK	1
1271702681729	0	RECOG_PRES	5	SYRUP	1425	-999	P	1123
1271702683221	0	RECOG_CR_PRES	5	SYRUP	1425	-999	P	135
1271702683663	1	RECOG_FEEDBACK	1
1271702684946	0	REST
1271702685982	1	REC_START
1271702686022	0	RECOG_PRES	6	JUVENILE	767	-999	P	862
1271702687254	0	RECOG_CR_PRES	6	JUVENILE	767	-999	P	70
1271702687621	1	RECOG_FEEDBACK	1
1271702688396	0	RECOG_PRES	6	COMB	351	-999	P	1544
1271702690320	0	RECOG_CR_PRES	6	COMB	351	-999	P	60
1271702690729	1	RECOG_FEEDBACK	1
1271702691470	0	RECOG_PRES	6	FRUIT	610	-999	P	862
1271702692704	0	RECOG_CR_PRES	6	FRUIT	610	-999	P	108
1271702693120	1	RECOG_FEEDBACK	1
1271702693828	0	RECOG_PRES	6	BUTTERFLY	206	-999	P	824
1271702695013	0	RECOG_CR_PRES	6	BUTTERFLY	206	-999	P	135
1271702695453	1	RECOG_FEEDBACK	1
1271702696262	0	RECOG_PRES	6	TRAY	1498	-999	P	910
1271702697545	0	RECOG_CR_PRES	6	TRAY	1498	-999	P	179
1271702698037	1	RECOG_FEEDBACK	1
1271702698795	0	RECOG_PRES	6	STEAM	1375	-999	P	793
1271702699961	0	RECOG_CR_PRES	6	STEAM	1375	-999	P	52
1271702700311	1	RECOG_FEEDBACK	1
1271702701096	0	RECOG_PRES	6	MARKER	870	-999	P	909
1271702702378	0	RECOG_CR_PRES	6	MARKER	870	-999	P	90
1271702702761	1	RECOG_FEEDBACK	1
1271702703544	0	RECOG_PRES	6	COPIER	377	-999	P	816
1271702704761	0	RECOG_CR_PRES	6	COPIER	377	-999	P	107
1271702705169	1	RECOG_FEEDBACK	1
1271702705919	0	RECOG_PRES	6	PLUMBER	1091	-999	P	1597
1271702707877	0	RECOG_CR_PRES	6	PLUMBER	1091	-999	P	136
1271702708352	1	RECOG_FEEDBACK	1
1271702709062	0	RECOG_PRES	6	TUSK	1523	-999	P	934
1271702710369	0	RECOG_CR_PRES	6	TUSK	1523	-999	P	83
1271702710761	1	RECOG_FEEDBACK	1
1271702711569	0	RECOG_PRES	6	PITCHFORK	1078	-999	P	1027
1271702712960	0	RECOG_CR_PRES	6	PITCHFORK	1078	-999	P	133
1271702713394	1	RECOG_FEEDBACK	1
1271702714169	0	RECOG_PRES	6	VINEGAR	1569	-999	P	803
1271702715344	0	RECOG_CR_PRES	6	VINEGAR	1569	-999	P	116
1271702715777	1	RECOG_FEEDBACK	1
1271702716518	0	RECOG_PRES	6	PAIL	1002	-999	P	718
1271702717610	0	RECOG_CR_PRES	6	PAIL	1002	-999	P	170
1271702718078	1	RECOG_FEEDBACK	1
1271702718802	0	RECOG_PRES	6	SANDPAPER	1231	-999	P	754
1271702719927	0	RECOG_CR_PRES	6	SANDPAPER	1231	-999	P	110
1271702720343	1	RECOG_FEEDBACK	1
1271702721143	0	RECOG_PRES	6	RAFT	1159	-999	P	942
1271702722460	0	RECOG_CR_PRES	6	RAFT	1159	-999	P	144
1271702722926	1	RECOG_FEEDBACK	1
1271702723693	0	RECOG_PRES	6	PADDLE	1000	-999	P	799
1271702724868	0	RECOG_CR_PRES	6	PADDLE	1000	-999	P	80
1271702725234	1	RECOG_FEEDBACK	1
1271702725976	0	RECOG_PRES	6	NAPKIN	937	-999	P	996
1271702727343	0	RECOG_CR_PRES	6	NAPKIN	937	-999	P	77
1271702727726	1	RECOG_FEEDBACK	1
1271702728468	0	RECOG_PRES	6	WELL	1600	-999	P	920
1271702729759	0	RECOG_CR_PRES	6	WELL	1600	-999	P	109
1271702730176	1	RECOG_FEEDBACK	1
1271702730967	0	RECOG_PRES	6	HOUSE	725	-999	P	797
1271702732134	0	RECOG_CR_PRES	6	HOUSE	725	-999	P	110
1271702732551	1	RECOG_FEEDBACK	1
1271702733351	0	RECOG_PRES	6	DUMP	505	-999	P	1133
1271702734859	0	RECOG_CR_PRES	6	DUMP	505	-999	P	65
1271702735225	1	RECOG_FEEDBACK	1
1271702738085	0	REST
1271702739227	1	REC_START
1271702739267	0	RECOG_PRES	7	TYPEWRITER	1531	-999	P	1041
1271702740683	0	RECOG_CR_PRES	7	TYPEWRITER	1531	-999	P	41
1271702741034	1	RECOG_FEEDBACK	0
1271702741767	0	RECOG_PRES	7	SURVEY	1414	-999	P	1181
1271702743317	0	RECOG_CR_PRES	7	SURVEY	1414	-999	P	23
1271702743658	1	RECOG_FEEDBACK	1
1271702744366	0	RECOG_PRES	7	BLOSSOM	138	-999	P	838
1271702745575	0	RECOG_CR_PRES	7	BLOSSOM	138	-999	P	69
1271702745941	1	RECOG_FEEDBACK	0
1271702746733	0	RECOG_PRES	7	BRUSH	182	-999	P	775
1271702747883	0	RECOG_CR_PRES	7	BRUSH	182	-999	P	97
1271702748283	1	RECOG_FEEDBACK	1
1271702749092	0	RECOG_PRES	7	VEIN	1554	-999	P	1080
1271702750541	0	RECOG_CR_PRES	7	VEIN	1554	-999	P	55
1271702750924	1	RECOG_FEEDBACK	1
1271702751699	0	RECOG_PRES	7	MICROWAVE	892	-999	P	1025
1271702753092	0	RECOG_CR_PRES	7	MICROWAVE	892	-999	P	48
1271702753449	1	RECOG_FEEDBACK	1
1271702754157	0	RECOG_PRES	7	CALCULATOR	220	-999	P	848
1271702755374	0	RECOG_CR_PRES	7	CALCULATOR	220	-999	P	86
1271702755766	1	RECOG_FEEDBACK	1
1271702756491	0	RECOG_PRES	7	CHOCOLATE	306	-999	P	1385
1271702758240	0	RECOG_CR_PRES	7	CHOCOLATE	306	-999	P	84
1271702758665	1	RECOG_FEEDBACK	0
1271702759432	0	RECOG_PRES	7	BOXER	160	-999	P	1082
1271702760899	0	RECOG_CR_PRES	7	BOXER	160	-999	P	57
1271702761274	1	RECOG_FEEDBACK	1
1271702762066	0	RECOG_PRES	7	PEBBLE	1035	-999	P	786
1271702763223	0	RECOG_CR_PRES	7	PEBBLE	1035	-999	P	61
1271702763590	1	RECOG_FEEDBACK	1
1271702764348	0	RECOG_PRES	7	BATHROOM	99	-999	P	1128
1271702765848	0	RECOG_CR_PRES	7	BATHROOM	99	-999	P	261
1271702766423	1	RECOG_FEEDBACK	1
1271702767165	0	RECOG_PRES	7	PATIO	1025	-999	P	719
1271702768256	0	RECOG_CR_PRES	7	PATIO	1025	-999	P	92
1271702768656	1	RECOG_FEEDBACK	1
1271702769390	0	RECOG_PRES	7	BIOLOGIST	128	-999	P	942
1271702770706	0	RECOG_CR_PRES	7	BIOLOGIST	128	-999	P	90
1271702771090	1	RECOG_FEEDBACK	1
1271702771864	0	RECOG_PRES	7	MARINE	869	-999	P	724
1271702772964	0	RECOG_CR_PRES	7	MARINE	869	-999	P	97
1271702773356	1	RECOG_FEEDBACK	1
1271702774074	0	RECOG_PRES	7	GALLON	618	-999	P	802
1271702775248	0	RECOG_CR_PRES	7	GALLON	618	-999	P	124
1271702775681	1	RECOG_FEEDBACK	1
1271702776456	0	RECOG_PRES	7	BEVERAGE	123	-999	P	708
1271702777539	0	RECOG_CR_PRES	7	BEVERAGE	123	-999	P	73
1271702777906	1	RECOG_FEEDBACK	1
1271702778664	0	RECOG_PRES	7	POWDER	1117	-999	P	756
1271702779789	0	RECOG_CR_PRES	7	POWDER	1117	-999	P	119
1271702780197	1	RECOG_FEEDBACK	1
1271702780997	0	RECOG_PRES	7	TEA	1439	-999	P	799
1271702782172	0	RECOG_CR_PRES	7	TEA	1439	-999	P	112
1271702782589	1	RECOG_FEEDBACK	1
1271702783364	0	RECOG_PRES	7	CHEMICAL	291	-999	P	673
1271702784405	0	RECOG_CR_PRES	7	CHEMICAL	291	-999	P	103
1271702784788	1	RECOG_FEEDBACK	1
1271702785513	0	RECOG_PRES	7	AWARD	63	-999	P	755
1271702786638	0	RECOG_CR_PRES	7	AWARD	63	-999	P	62
1271702786997	1	RECOG_FEEDBACK	1
1271702788338	0	REST
1271702789461	1	REC_START
1271702789496	0	RECOG_PRES	8	PEAR	1033	-999	P	1108
1271702790980	0	RECOG_CR_PRES	8	PEAR	1033	-999	P	65
1271702791363	1	RECOG_FEEDBACK	1
1271702792163	0	RECOG_PRES	8	VOLUNTEER	1577	-999	P	961
1271702793496	0	RECOG_CR_PRES	8	VOLUNTEER	1577	-999	P	12
1271702793813	1	RECOG_FEEDBACK	1
1271702794563	0	RECOG_PRES	8	KNOB	787	-999	P	697
1271702795629	0	RECOG_CR_PRES	8	KNOB	787	-999	P	55
1271702795979	1	RECOG_FEEDBACK	1
1271702796763	0	RECOG_PRES	8	CONE	363	-999	P	665
1271702797804	0	RECOG_CR_PRES	8	CONE	363	-999	P	64
1271702798162	1	RECOG_FEEDBACK	1
1271702798946	0	RECOG_PRES	8	KEY	773	-999	P	722
1271702800030	0	RECOG_CR_PRES	8	KEY	773	-999	P	94
1271702800412	1	RECOG_FEEDBACK	1
1271702801121	0	RECOG_PRES	8	ENEMY	534	-999	P	892
1271702802412	0	RECOG_CR_PRES	8	ENEMY	534	-999	P	64
1271702802779	1	RECOG_FEEDBACK	1
1271702803545	0	RECOG_PRES	8	CLERK	321	-999	P	699
1271702804620	0	RECOG_CR_PRES	8	CLERK	321	-999	P	80
1271702804995	1	RECOG_FEEDBACK	1
1271702805779	0	RECOG_PRES	8	JUDGE	761	-999	P	1025
1271702807178	0	RECOG_CR_PRES	8	JUDGE	761	-999	P	42
1271702807528	1	RECOG_FEEDBACK	1
1271702808270	0	RECOG_PRES	8	ALLEY	15	-999	P	1222
1271702809862	0	RECOG_CR_PRES	8	ALLEY	15	-999	P	78
1271702810262	1	RECOG_FEEDBACK	1
1271702811038	0	RECOG_PRES	8	NIGHTGOWN	953	-999	P	831
1271702812261	0	RECOG_CR_PRES	8	NIGHTGOWN	953	-999	P	79
1271702812653	1	RECOG_FEEDBACK	1
1271702813395	0	RECOG_PRES	8	PLASTER	1085	-999	P	937
1271702814703	0	RECOG_CR_PRES	8	PLASTER	1085	-999	P	61
1271702815087	1	RECOG_FEEDBACK	1
1271702815836	0	RECOG_PRES	8	YARD	1630	-999	P	688
1271702816894	0	RECOG_CR_PRES	8	YARD	1630	-999	P	143
1271702817328	1	RECOG_FEEDBACK	1
1271702818095	0	RECOG_PRES	8	PAN	1008	-999	P	837
1271702819303	0	RECOG_CR_PRES	8	PAN	1008	-999	P	45
1271702819653	1	RECOG_FEEDBACK	1
1271702820403	0	RECOG_PRES	8	HAND	683	-999	P	945
1271702821719	0	RECOG_CR_PRES	8	HAND	683	-999	P	77
1271702822111	1	RECOG_FEEDBACK	0
1271702822902	0	RECOG_PRES	8	LEG	809	-999	P	790
1271702824053	0	RECOG_CR_PRES	8	LEG	809	-999	P	119
1271702824452	1	RECOG_FEEDBACK	1
1271702825169	0	RECOG_PRES	8	GERM	632	-999	P	1043
1271702826585	0	RECOG_CR_PRES	8	GERM	632	-999	P	75
1271702826969	1	RECOG_FEEDBACK	1
1271702827785	0	RECOG_PRES	8	DANDRUFF	439	-999	P	827
1271702828985	0	RECOG_CR_PRES	8	DANDRUFF	439	-999	P	76
1271702829377	1	RECOG_FEEDBACK	1
1271702830160	0	RECOG_PRES	8	CALF	222	-999	P	780
1271702831310	0	RECOG_CR_PRES	8	CALF	222	-999	P	102
1271702831710	1	RECOG_FEEDBACK	1
1271702832485	0	RECOG_PRES	8	WAND	1586	-999	P	823
1271702833676	0	RECOG_CR_PRES	8	WAND	1586	-999	P	128
1271702834110	1	RECOG_FEEDBACK	1
1271702834826	0	RECOG_PRES	8	CAN	225	-999	P	810
1271702836011	0	RECOG_CR_PRES	8	CAN	225	-999	P	113
1271702836418	1	RECOG_FEEDBACK	1
1271702838751	0	REST
1271702839690	1	REC_START
1271702839726	0	RECOG_PRES	9	EMPEROR	529	-999	P	1319
1271702841418	0	RECOG_CR_PRES	9	EMPEROR	529	-999	P	2
1271702841751	1	RECOG_FEEDBACK	0
1271702842501	0	RECOG_PRES	9	COCKTAIL	338	-999	P	895
1271702843767	0	RECOG_CR_PRES	9	COCKTAIL	338	-999	P	5
1271702844085	1	RECOG_FEEDBACK	1
1271702844809	0	RECOG_PRES	9	WOLF	1619	-999	P	2083
1271702847267	0	RECOG_CR_PRES	9	WOLF	1619	-999	P	1
1271702847617	1	RECOG_FEEDBACK	0
1271702848350	0	RECOG_PRES	9	KEG	770	-999	P	1190
1271702849909	0	RECOG_CR_PRES	9	KEG	770	-999	P	79
1271702850317	1	RECOG_FEEDBACK	1
1271702851101	0	RECOG_PRES	9	NECKLACE	940	-999	P	823
1271702852325	0	RECOG_CR_PRES	9	NECKLACE	940	-999	P	47
1271702852683	1	RECOG_FEEDBACK	1
1271702853408	0	RECOG_PRES	9	CYLINDER	432	-999	P	796
1271702854575	0	RECOG_CR_PRES	9	CYLINDER	432	-999	P	101
1271702854975	1	RECOG_FEEDBACK	1
1271702855692	0	RECOG_PRES	9	PEN	1041	-999	P	784
1271702856841	0	RECOG_CR_PRES	9	PEN	1041	-999	P	99
1271702857233	1	RECOG_FEEDBACK	1
1271702857991	0	RECOG_PRES	9	CRICKET	408	-999	P	757
1271702859109	0	RECOG_CR_PRES	9	CRICKET	408	-999	P	95
1271702859516	1	RECOG_FEEDBACK	1
1271702860266	0	RECOG_PRES	9	STRING	1394	-999	P	986
1271702861624	0	RECOG_CR_PRES	9	STRING	1394	-999	P	84
1271702862025	1	RECOG_FEEDBACK	0
1271702862816	0	RECOG_PRES	9	SKATE	1313	-999	P	1156
1271702864341	0	RECOG_CR_PRES	9	SKATE	1313	-999	P	79
1271702864733	1	RECOG_FEEDBACK	1
1271702865499	0	RECOG_PRES	9	STOMACH	1384	-999	P	1009
1271702866882	0	RECOG_CR_PRES	9	STOMACH	1384	-999	P	147
1271702867341	1	RECOG_FEEDBACK	1
1271702868067	0	RECOG_PRES	9	BUTLER	204	-999	P	1034
1271702869474	0	RECOG_CR_PRES	9	BUTLER	204	-999	P	98
1271702869882	1	RECOG_FEEDBACK	1
1271702870599	0	RECOG_PRES	9	FISH	571	-999	P	741
1271702871715	0	RECOG_CR_PRES	9	FISH	571	-999	P	105
1271702872108	1	RECOG_FEEDBACK	1
1271702872874	0	RECOG_PRES	9	NEST	945	-999	P	642
1271702873890	0	RECOG_CR_PRES	9	NEST	945	-999	P	106
1271702874282	1	RECOG_FEEDBACK	1
1271702875049	0	RECOG_PRES	9	COIN	343	-999	P	811
1271702876223	0	RECOG_CR_PRES	9	COIN	343	-999	P	117
1271702876657	1	RECOG_FEEDBACK	1
1271702877465	0	RECOG_PRES	9	FILM	565	-999	P	867
1271702878707	0	RECOG_CR_PRES	9	FILM	565	-999	P	105
1271702879108	1	RECOG_FEEDBACK	1
1271702879823	0	RECOG_PRES	9	SPARROW	1347	-999	P	925
1271702881123	0	RECOG_CR_PRES	9	SPARROW	1347	-999	P	89
1271702881506	1	RECOG_FEEDBACK	1
1271702882265	0	RECOG_PRES	9	TAIL	1430	-999	P	659
1271702883290	0	RECOG_CR_PRES	9	TAIL	1430	-999	P	114
1271702883689	1	RECOG_FEEDBACK	1
1271702884439	0	RECOG_PRES	9	FIGHTER	564	-999	P	851
1271702885689	0	RECOG_CR_PRES	9	FIGHTER	564	-999	P	107
1271702886099	1	RECOG_FEEDBACK	0
1271702886881	0	RECOG_PRES	9	BRANCH	168	-999	P	1035
1271702888289	0	RECOG_CR_PRES	9	BRANCH	168	-999	P	107
1271702888714	1	RECOG_FEEDBACK	1
1271702890040	0	REST
1271702890996	1	REC_START
1271702891032	0	RECOG_PRES	10	SURF	1412	-999	P	1244
1271702892647	0	RECOG_CR_PRES	10	SURF	1412	-999	P	13
1271702892981	1	RECOG_FEEDBACK	1
1271702893764	0	RECOG_PRES	10	WRENCH	1625	-999	P	824
1271702894989	0	RECOG_CR_PRES	10	WRENCH	1625	-999	P	24
1271702895314	1	RECOG_FEEDBACK	1
1271702896040	0	RECOG_PRES	10	COBBLER	335	-999	P	700
1271702897106	0	RECOG_CR_PRES	10	COBBLER	335	-999	P	106
1271702897497	1	RECOG_FEEDBACK	1
1271702898213	0	RECOG_PRES	10	CANOE	233	-999	P	1527
1271702900106	0	RECOG_CR_PRES	10	CANOE	233	-999	P	74
1271702900505	1	RECOG_FEEDBACK	1
1271702901288	0	RECOG_PRES	10	ISLAND	745	-999	P	773
1271702902430	0	RECOG_CR_PRES	10	ISLAND	745	-999	P	78
1271702902805	1	RECOG_FEEDBACK	1
1271702903596	0	RECOG_PRES	10	CASTLE	256	-999	P	1680
1271702905646	0	RECOG_CR_PRES	10	CASTLE	256	-999	P	46
1271702906022	1	RECOG_FEEDBACK	1
1271702906763	0	RECOG_PRES	10	SHOWER	1296	-999	P	825
1271702907963	0	RECOG_CR_PRES	10	SHOWER	1296	-999	P	82
1271702908329	1	RECOG_FEEDBACK	1
1271702909072	0	RECOG_PRES	10	PAW	1029	-999	P	780
1271702910221	0	RECOG_CR_PRES	10	PAW	1029	-999	P	143
1271702910671	1	RECOG_FEEDBACK	1
1271702911437	0	RECOG_PRES	10	ENGINE	535	-999	P	1055
1271702912862	0	RECOG_CR_PRES	10	ENGINE	535	-999	P	94
1271702913279	1	RECOG_FEEDBACK	0
1271702914022	0	RECOG_PRES	10	PILOT	1070	-999	P	865
1271702915287	0	RECOG_CR_PRES	10	PILOT	1070	-999	P	21
1271702915621	1	RECOG_FEEDBACK	1
1271702916412	0	RECOG_PRES	10	HOSPITAL	721	-999	P	880
1271702917662	0	RECOG_CR_PRES	10	HOSPITAL	721	-999	P	70
1271702918046	1	RECOG_FEEDBACK	0
1271702918829	0	RECOG_PRES	10	MACARONI	851	-999	P	791
1271702919995	0	RECOG_CR_PRES	10	MACARONI	851	-999	P	74
1271702920370	1	RECOG_FEEDBACK	1
1271702921178	0	RECOG_PRES	10	EGYPT	519	-999	P	1490
1271702923029	0	RECOG_CR_PRES	10	EGYPT	519	-999	P	103
1271702923470	1	RECOG_FEEDBACK	1
1271702924262	0	RECOG_PRES	10	LAMB	797	-999	P	1110
1271702925745	0	RECOG_CR_PRES	10	LAMB	797	-999	P	75
1271702926145	1	RECOG_FEEDBACK	1
1271702926936	0	RECOG_PRES	10	TREAD	1499	-999	P	964
1271702928270	0	RECOG_CR_PRES	10	TREAD	1499	-999	P	110
1271702928678	1	RECOG_FEEDBACK	1
1271702929428	0	RECOG_PRES	10	LOFT	840	-999	P	857
1271702930686	0	RECOG_CR_PRES	10	LOFT	840	-999	P	30
1271702931029	1	RECOG_FEEDBACK	1
1271702931811	0	RECOG_PRES	10	SKELETON	1314	-999	P	1161
1271702933344	0	RECOG_CR_PRES	10	SKELETON	1314	-999	P	108
1271702933802	1	RECOG_FEEDBACK	1
1271702934586	0	RECOG_PRES	10	MOOSE	915	-999	P	858
1271702935819	0	RECOG_CR_PRES	10	MOOSE	915	-999	P	113
1271702936236	1	RECOG_FEEDBACK	1
1271702936986	0	RECOG_PRES	10	CAPTAIN	239	-999	P	1290
1271702938652	0	RECOG_CR_PRES	10	CAPTAIN	239	-999	P	56
1271702939053	1	RECOG_FEEDBACK	1
1271702939777	0	RECOG_PRES	10	MOLECULE	905	-999	P	1531
1271702941677	0	RECOG_CR_PRES	10	MOLECULE	905	-999	P	87
1271702942095	1	RECOG_FEEDBACK	0
1271702943352	0	REST
1271702944219	1	REC_START
1271702944252	0	RECOG_PRES	11	ANGEL	22	-999	P	944
1271702945568	0	RECOG_CR_PRES	11	ANGEL	22	-999	P	116
1271702945993	1	RECOG_FEEDBACK	0
1271702946751	0	RECOG_PRES	11	EDITOR	516	-999	P	805
1271702947926	0	RECOG_CR_PRES	11	EDITOR	516	-999	P	79
1271702948318	1	RECOG_FEEDBACK	1
1271702949069	0	RECOG_PRES	11	SAGE	1222	-999	P	679
1271702950118	0	RECOG_CR_PRES	11	SAGE	1222	-999	P	133
1271702950543	1	RECOG_FEEDBACK	1
1271702951268	0	RECOG_PRES	11	DRAGON	492	-999	P	672
1271702952309	0	RECOG_CR_PRES	11	DRAGON	492	-999	P	135
1271702952743	1	RECOG_FEEDBACK	1
1271702953526	0	RECOG_PRES	11	COYOTE	396	-999	P	790
1271702954693	0	RECOG_CR_PRES	11	COYOTE	396	-999	P	119
1271702955143	1	RECOG_FEEDBACK	1
1271702955859	0	RECOG_PRES	11	DIAL	457	-999	P	1025
1271702957259	0	RECOG_CR_PRES	11	DIAL	457	-999	P	57
1271702957651	1	RECOG_FEEDBACK	1
1271702958442	0	RECOG_PRES	11	MIRROR	899	-999	P	1114
1271702959926	0	RECOG_CR_PRES	11	MIRROR	899	-999	P	46
1271702960292	1	RECOG_FEEDBACK	1
1271702961085	0	RECOG_PRES	11	COUNTY	389	-999	P	719
1271702962175	0	RECOG_CR_PRES	11	COUNTY	389	-999	P	133
1271702962609	1	RECOG_FEEDBACK	1
1271702963417	0	RECOG_PRES	11	SICKLE	1302	-999	P	851
1271702964642	0	RECOG_CR_PRES	11	SICKLE	1302	-999	P	82
1271702965035	1	RECOG_FEEDBACK	1
1271702965825	0	RECOG_PRES	11	SUSPECT	1415	-999	P	1307
1271702967508	0	RECOG_CR_PRES	11	SUSPECT	1415	-999	P	104
1271702967933	1	RECOG_FEEDBACK	1
1271702968650	0	RECOG_PRES	11	STREAM	1392	-999	P	762
1271702969783	0	RECOG_CR_PRES	11	STREAM	1392	-999	P	85
1271702970158	1	RECOG_FEEDBACK	1
1271702970933	0	RECOG_PRES	11	SNAKE	1333	-999	P	1015
1271702972316	0	RECOG_CR_PRES	11	SNAKE	1333	-999	P	72
1271702972683	1	RECOG_FEEDBACK	0
1271702973458	0	RECOG_PRES	11	ZOO	1637	-999	P	722
1271702974549	0	RECOG_CR_PRES	11	ZOO	1637	-999	P	111
1271702974949	1	RECOG_FEEDBACK	1
1271702975699	0	RECOG_PRES	11	BULLETIN	195	-999	P	761
1271702976833	0	RECOG_CR_PRES	11	BULLETIN	195	-999	P	27
1271702977166	1	RECOG_FEEDBACK	1
1271702977966	0	RECOG_PRES	11	ASPIRIN	47	-999	P	846
1271702979183	0	RECOG_CR_PRES	11	ASPIRIN	47	-999	P	85
1271702979566	1	RECOG_FEEDBACK	1
1271702980299	0	RECOG_PRES	11	TOMB	1477	-999	P	841
1271702981516	0	RECOG_CR_PRES	11	TOMB	1477	-999	P	64
1271702981891	1	RECOG_FEEDBACK	1
1271702982632	0	RECOG_PRES	11	PORTRAIT	1111	-999	P	866
1271702983899	0	RECOG_CR_PRES	11	PORTRAIT	1111	-999	P	65
1271702984282	1	RECOG_FEEDBACK	0
1271702985075	0	RECOG_PRES	11	CITY	314	-999	P	1633
1271702987075	0	RECOG_CR_PRES	11	CITY	314	-999	P	57
1271702987474	1	RECOG_FEEDBACK	1
1271702988207	0	RECOG_PRES	11	HERB	704	-999	P	902
1271702989482	0	RECOG_CR_PRES	11	HERB	704	-999	P	106
1271702989882	1	RECOG_FEEDBACK	1
1271702990648	0	RECOG_PRES	11	GAVEL	627	-999	P	1580
1271702992598	0	RECOG_CR_PRES	11	GAVEL	627	-999	P	78
1271702993007	1	RECOG_FEEDBACK	1
1271702994340	0	REST
1271702995146	1	REC_START
1271702995181	0	RECOG_PRES	12	TURKEY	1520	-999	P	964
1271702996548	0	RECOG_CR_PRES	12	TURKEY	1520	-999	P	88
1271702996931	1	RECOG_FEEDBACK	1
1271702997664	0	RECOG_PRES	12	VIOLIN	1571	-999	P	796
1271702998831	0	RECOG_CR_PRES	12	VIOLIN	1571	-999	P	77
1271702999206	1	RECOG_FEEDBACK	1
1271702999956	0	RECOG_PRES	12	CREATURE	403	-999	P	800
1271703001131	0	RECOG_CR_PRES	12	CREATURE	403	-999	P	73
1271703001506	1	RECOG_FEEDBACK	1
1271703002222	0	RECOG_PRES	12	MOSQUITO	917	-999	P	734
1271703003331	0	RECOG_CR_PRES	12	MOSQUITO	917	-999	P	97
1271703003731	1	RECOG_FEEDBACK	1
1271703004539	0	RECOG_PRES	12	BUILDING	191	-999	P	761
1271703005672	0	RECOG_CR_PRES	12	BUILDING	191	-999	P	100
1271703006073	1	RECOG_FEEDBACK	1
1271703006880	0	RECOG_PRES	12	BLUEBERRY	140	-999	P	684
1271703007939	0	RECOG_CR_PRES	12	BLUEBERRY	140	-999	P	66
1271703008330	1	RECOG_FEEDBACK	1
1271703009130	0	RECOG_PRES	12	CABOOSE	214	-999	P	730
1271703010230	0	RECOG_CR_PRES	12	CABOOSE	214	-999	P	126
1271703010680	1	RECOG_FEEDBACK	1
1271703011430	0	RECOG_PRES	12	JOKER	759	-999	P	1062
1271703012863	0	RECOG_CR_PRES	12	JOKER	759	-999	P	77
1271703013255	1	RECOG_FEEDBACK	1
1271703013972	0	RECOG_PRES	12	COSTUME	383	-999	P	952
1271703015296	0	RECOG_CR_PRES	12	COSTUME	383	-999	P	92
1271703015696	1	RECOG_FEEDBACK	1
1271703016405	0	RECOG_PRES	12	SODA	1341	-999	P	983
1271703017763	0	RECOG_CR_PRES	12	SODA	1341	-999	P	137
1271703018221	1	RECOG_FEEDBACK	1
1271703018938	0	RECOG_PRES	12	CAFE	216	-999	P	1474
1271703020788	0	RECOG_CR_PRES	12	CAFE	216	-999	P	40
1271703021171	1	RECOG_FEEDBACK	1
1271703021954	0	RECOG_PRES	12	SUIT	1402	-999	P	818
1271703023146	0	RECOG_CR_PRES	12	SUIT	1402	-999	P	82
1271703023529	1	RECOG_FEEDBACK	1
1271703024321	0	RECOG_PRES	12	ASSISTANT	48	-999	P	1027
1271703025721	0	RECOG_CR_PRES	12	ASSISTANT	48	-999	P	131
1271703026179	1	RECOG_FEEDBACK	0
1271703026937	0	RECOG_PRES	12	SCALE	1241	-999	P	1419
1271703028729	0	RECOG_CR_PRES	12	SCALE	1241	-999	P	91
1271703029137	1	RECOG_FEEDBACK	0
1271703029845	0	RECOG_PRES	12	BARLEY	88	-999	P	959
1271703031179	0	RECOG_CR_PRES	12	BARLEY	88	-999	P	25
1271703031520	1	RECOG_FEEDBACK	1
1271703032279	0	RECOG_PRES	12	COOK	372	-999	P	1933
1271703034578	0	RECOG_CR_PRES	12	COOK	372	-999	P	106
1271703035038	1	RECOG_FEEDBACK	1
1271703035762	0	RECOG_PRES	12	LAUNDRY	803	-999	P	962
1271703037087	0	RECOG_CR_PRES	12	LAUNDRY	803	-999	P	14
1271703037403	1	RECOG_FEEDBACK	1
1271703038161	0	RECOG_PRES	12	THIEF	1456	-999	P	683
1271703039220	0	RECOG_CR_PRES	12	THIEF	1456	-999	P	56
1271703039570	1	RECOG_FEEDBACK	1
1271703040320	0	RECOG_PRES	12	PEOPLE	1046	-999	P	781
1271703041470	0	RECOG_CR_PRES	12	PEOPLE	1046	-999	P	110
1271703041869	1	RECOG_FEEDBACK	1
1271703042669	0	RECOG_PRES	12	PERISCOPE	1050	-999	P	800
1271703043869	0	RECOG_CR_PRES	12	PERISCOPE	1050	-999	P	55
1271703044228	1	RECOG_FEEDBACK	-1
1271703045653	0	REST
1271703046594	1	REC_START
1271703046627	0	RECOG_PRES	13	TIDE	1465	-999	P	769
1271703047769	0	RECOG_CR_PRES	13	TIDE	1465	-999	P	51
1271703048127	1	RECOG_FEEDBACK	1
1271703048861	0	RECOG_PRES	13	SNAIL	1332	-999	P	1224
1271703050461	0	RECOG_CR_PRES	13	SNAIL	1332	-999	P	47
1271703050827	1	RECOG_FEEDBACK	1
1271703051602	0	RECOG_PRES	13	YOUTH	1634	-999	P	754
1271703052727	0	RECOG_CR_PRES	13	YOUTH	1634	-999	P	29
1271703053053	1	RECOG_FEEDBACK	1
1271703053785	0	RECOG_PRES	13	CONCERT	360	-999	P	819
1271703054977	0	RECOG_CR_PRES	13	CONCERT	360	-999	P	116
1271703055385	1	RECOG_FEEDBACK	1
1271703056095	0	RECOG_PRES	13	CARD	243	-999	P	1285
1271703057752	0	RECOG_CR_PRES	13	CARD	243	-999	P	68
1271703058160	1	RECOG_FEEDBACK	1
1271703058935	0	RECOG_PRES	13	PRAIRIE	1118	-999	P	941
1271703060252	0	RECOG_CR_PRES	13	PRAIRIE	1118	-999	P	48
1271703060593	1	RECOG_FEEDBACK	1
1271703061401	0	RECOG_PRES	13	BUREAU	199	-999	P	723
1271703062493	0	RECOG_CR_PRES	13	BUREAU	199	-999	P	95
1271703062885	1	RECOG_FEEDBACK	1
1271703063701	0	RECOG_PRES	13	FLIPPER	580	-999	P	687
1271703064760	0	RECOG_CR_PRES	13	FLIPPER	580	-999	P	156
1271703065201	1	RECOG_FEEDBACK	1
1271703065959	0	RECOG_PRES	13	CAMEL	223	-999	P	797
1271703067126	0	RECOG_CR_PRES	13	CAMEL	223	-999	P	78
1271703067501	1	RECOG_FEEDBACK	1
1271703068259	0	RECOG_PRES	13	BEARD	107	-999	P	713
1271703069343	0	RECOG_CR_PRES	13	BEARD	107	-999	P	109
1271703069742	1	RECOG_FEEDBACK	1
1271703070484	0	RECOG_PRES	13	RAKE	1164	-999	P	840
1271703071692	0	RECOG_CR_PRES	13	RAKE	1164	-999	P	120
1271703072102	1	RECOG_FEEDBACK	1
1271703072826	0	RECOG_PRES	13	JAR	750	-999	P	786
1271703073984	0	RECOG_CR_PRES	13	JAR	750	-999	P	77
1271703074359	1	RECOG_FEEDBACK	1
1271703075085	0	RECOG_PRES	13	CANDY	230	-999	P	855
1271703076309	0	RECOG_CR_PRES	13	CANDY	230	-999	P	87
1271703076692	1	RECOG_FEEDBACK	1
1271703077442	0	RECOG_PRES	13	LIBRARY	816	-999	P	2786
1271703080600	0	RECOG_CR_PRES	13	LIBRARY	816	-999	P	284
1271703081250	1	RECOG_FEEDBACK	1
1271703081992	0	RECOG_PRES	13	PENGUIN	1044	-999	P	1316
1271703083683	0	RECOG_CR_PRES	13	PENGUIN	1044	-999	P	57
1271703084059	1	RECOG_FEEDBACK	1
1271703084816	0	RECOG_PRES	13	SARDINE	1235	-999	P	780
1271703085966	0	RECOG_CR_PRES	13	SARDINE	1235	-999	P	63
1271703086333	1	RECOG_FEEDBACK	1
1271703087051	0	RECOG_PRES	13	WIRE	1616	-999	P	777
1271703088199	0	RECOG_CR_PRES	13	WIRE	1616	-999	P	69
1271703088583	1	RECOG_FEEDBACK	0
1271703089383	0	RECOG_PRES	13	SHOELACE	1289	-999	P	1197
1271703090949	0	RECOG_CR_PRES	13	SHOELACE	1289	-999	P	47
1271703091316	1	RECOG_FEEDBACK	1
1271703092100	0	RECOG_PRES	13	LOUNGE	845	-999	P	1072
1271703093541	0	RECOG_CR_PRES	13	LOUNGE	845	-999	P	63
1271703093916	1	RECOG_FEEDBACK	1
1271703094707	0	RECOG_PRES	13	MACHINE	852	-999	P	953
1271703096025	0	RECOG_CR_PRES	13	MACHINE	852	-999	P	84
1271703096407	1	RECOG_FEEDBACK	1
1271703097707	0	REST
1271703098615	1	REC_START
1271703098649	0	RECOG_PRES	14	DOLLAR	482	-999	P	963
1271703099982	0	RECOG_CR_PRES	14	DOLLAR	482	-999	P	103
1271703100382	1	RECOG_FEEDBACK	1
1271703101124	0	RECOG_PRES	14	TIE	1466	-999	P	768
1271703102265	0	RECOG_CR_PRES	14	TIE	1466	-999	P	67
1271703102632	1	RECOG_FEEDBACK	1
1271703103398	0	RECOG_PRES	14	ENCYCLOPEDIA	533	-999	P	718
1271703104490	0	RECOG_CR_PRES	14	ENCYCLOPEDIA	533	-999	P	66
1271703104848	1	RECOG_FEEDBACK	1
1271703105573	0	RECOG_PRES	14	PAINTER	1004	-999	P	695
1271703106631	0	RECOG_CR_PRES	14	PAINTER	1004	-999	P	85
1271703107016	1	RECOG_FEEDBACK	1
1271703107765	0	RECOG_PRES	14	BUNNY	198	-999	P	679
1271703108815	0	RECOG_CR_PRES	14	BUNNY	198	-999	P	77
1271703109181	1	RECOG_FEEDBACK	1
1271703109981	0	RECOG_PRES	14	PIANO	1057	-999	P	975
1271703111331	0	RECOG_CR_PRES	14	PIANO	1057	-999	P	81
1271703111748	1	RECOG_FEEDBACK	1
1271703112539	0	RECOG_PRES	14	SERVANT	1271	-999	P	849
1271703113764	0	RECOG_CR_PRES	14	SERVANT	1271	-999	P	40
1271703114122	1	RECOG_FEEDBACK	1
1271703114922	0	RECOG_PRES	14	VAGRANT	1544	-999	P	866
1271703116164	0	RECOG_CR_PRES	14	VAGRANT	1544	-999	P	80
1271703116556	1	RECOG_FEEDBACK	1
1271703117289	0	RECOG_PRES	14	CHURCH	307	-999	P	716
1271703118372	0	RECOG_CR_PRES	14	CHURCH	307	-999	P	112
1271703118780	1	RECOG_FEEDBACK	1
1271703119555	0	RECOG_PRES	14	MUSEUM	933	-999	P	1017
1271703120947	0	RECOG_CR_PRES	14	MUSEUM	933	-999	P	114
1271703121397	1	RECOG_FEEDBACK	1
1271703122122	0	RECOG_PRES	14	COUCH	386	-999	P	858
1271703123355	0	RECOG_CR_PRES	14	COUCH	386	-999	P	129
1271703123788	1	RECOG_FEEDBACK	1
1271703124530	0	RECOG_PRES	14	BUFFALO	186	-999	P	1346
1271703126247	0	RECOG_CR_PRES	14	BUFFALO	186	-999	P	117
1271703126697	1	RECOG_FEEDBACK	1
1271703127455	0	RECOG_PRES	14	WAITRESS	1581	-999	P	749
1271703128571	0	RECOG_CR_PRES	14	WAITRESS	1581	-999	P	81
1271703128955	1	RECOG_FEEDBACK	1
1271703129705	0	RECOG_PRES	14	BIRD	129	-999	P	763
1271703130838	0	RECOG_CR_PRES	14	BIRD	129	-999	P	110
1271703131246	1	RECOG_FEEDBACK	1
1271703131963	0	RECOG_PRES	14	COBWEB	337	-999	P	1201
1271703133529	0	RECOG_CR_PRES	14	COBWEB	337	-999	P	123
1271703133979	1	RECOG_FEEDBACK	1
1271703134779	0	RECOG_PRES	14	PROTRACTOR	1133	-999	P	745
1271703135896	0	RECOG_CR_PRES	14	PROTRACTOR	1133	-999	P	125
1271703136304	1	RECOG_FEEDBACK	1
1271703137022	0	RECOG_PRES	14	DOLL	481	-999	P	1102
1271703138487	0	RECOG_CR_PRES	14	DOLL	481	-999	P	237
1271703139063	1	RECOG_FEEDBACK	0
1271703139787	0	RECOG_PRES	14	CORPORATION	382	-999	P	1041
1271703141204	0	RECOG_CR_PRES	14	CORPORATION	382	-999	P	48
1271703141570	1	RECOG_FEEDBACK	1
1271703142345	0	RECOG_PRES	14	BAKER	71	-999	P	732
1271703143445	0	RECOG_CR_PRES	14	BAKER	71	-999	P	55
1271703143804	1	RECOG_FEEDBACK	1
1271703144537	0	RECOG_PRES	14	PICK	1058	-999	P	1067
1271703145979	0	RECOG_CR_PRES	14	PICK	1058	-999	P	98
1271703146387	1	RECOG_FEEDBACK	1
1271703147678	0	REST
1271703148765	1	REC_START
1271703148803	0	RECOG_PRES	15	COOKIE	374	-999	P	945
1271703150120	0	RECOG_CR_PRES	15	COOKIE	374	-999	P	60
1271703150495	1	RECOG_FEEDBACK	1
1271703151220	0	RECOG_PRES	15	YACHT	1629	-999	P	1008
1271703152603	0	RECOG_CR_PRES	15	YACHT	1629	-999	P	57
1271703152978	1	RECOG_FEEDBACK	1
1271703153695	0	RECOG_PRES	15	DIARY	460	-999	P	701
1271703154770	0	RECOG_CR_PRES	15	DIARY	460	-999	P	74
1271703155153	1	RECOG_FEEDBACK	0
1271703155894	0	RECOG_PRES	15	AUTHOR	61	-999	P	966
1271703157236	0	RECOG_CR_PRES	15	AUTHOR	61	-999	P	104
1271703157636	1	RECOG_FEEDBACK	1
1271703158361	0	RECOG_PRES	15	JEEP	753	-999	P	684
1271703159419	0	RECOG_CR_PRES	15	JEEP	753	-999	P	105
1271703159811	1	RECOG_FEEDBACK	1
1271703160594	0	RECOG_PRES	15	SUPERMARKET	1409	-999	P	825
1271703161819	0	RECOG_CR_PRES	15	SUPERMARKET	1409	-999	P	73
1271703162194	1	RECOG_FEEDBACK	1
1271703162969	0	RECOG_PRES	15	DINER	467	-999	P	1307
1271703164652	0	RECOG_CR_PRES	15	DINER	467	-999	P	32
1271703164994	1	RECOG_FEEDBACK	1
1271703165719	0	RECOG_PRES	15	TREAT	1501	-999	P	1261
1271703167352	0	RECOG_CR_PRES	15	TREAT	1501	-999	P	20
1271703167694	1	RECOG_FEEDBACK	1
1271703168443	0	RECOG_PRES	15	ROBOT	1200	-999	P	769
1271703169585	0	RECOG_CR_PRES	15	ROBOT	1200	-999	P	51
1271703169943	1	RECOG_FEEDBACK	1
1271703170702	0	RECOG_PRES	15	BANNER	85	-999	P	710
1271703171785	0	RECOG_CR_PRES	15	BANNER	85	-999	P	75
1271703172152	1	RECOG_FEEDBACK	1
1271703172902	0	RECOG_PRES	15	ATTORNEY	58	-999	P	814
1271703174077	0	RECOG_CR_PRES	15	ATTORNEY	58	-999	P	95
1271703174476	1	RECOG_FEEDBACK	1
1271703175251	0	RECOG_PRES	15	DOVE	491	-999	P	721
1271703176343	0	RECOG_CR_PRES	15	DOVE	491	-999	P	45
1271703176676	1	RECOG_FEEDBACK	1
1271703177476	0	RECOG_PRES	15	RAG	1160	-999	P	712
1271703178559	0	RECOG_CR_PRES	15	RAG	1160	-999	P	101
1271703178968	1	RECOG_FEEDBACK	1
1271703179693	0	RECOG_PRES	15	HAMMOCK	681	-999	P	882
1271703180976	0	RECOG_CR_PRES	15	HAMMOCK	681	-999	P	85
1271703181351	1	RECOG_FEEDBACK	1
1271703182117	0	RECOG_PRES	15	CANDLE	229	-999	P	904
1271703183392	0	RECOG_CR_PRES	15	CANDLE	229	-999	P	100
1271703183817	1	RECOG_FEEDBACK	1
1271703184551	0	RECOG_PRES	15	ANTLER	29	-999	P	1542
1271703186467	0	RECOG_CR_PRES	15	ANTLER	29	-999	P	25
1271703186817	1	RECOG_FEEDBACK	1
1271703187567	0	RECOG_PRES	15	GULL	671	-999	P	725
1271703188667	0	RECOG_CR_PRES	15	GULL	671	-999	P	17
1271703188975	1	RECOG_FEEDBACK	1
1271703189684	0	RECOG_PRES	15	COLT	349	-999	P	576
1271703190634	0	RECOG_CR_PRES	15	COLT	349	-999	P	106
1271703190975	1	RECOG_FEEDBACK	-1
1271703191750	0	RECOG_PRES	15	OVEN	991	-999	P	982
1271703193101	0	RECOG_CR_PRES	15	OVEN	991	-999	P	71
1271703193483	1	RECOG_FEEDBACK	1
1271703194217	0	RECOG_PRES	15	BLACKBERRY	132	-999	P	707
1271703195300	0	RECOG_CR_PRES	15	BLACKBERRY	132	-999	P	80
1271703195675	1	RECOG_FEEDBACK	1
1271703196473	0	RECOG_END
1271703197183	0	SESS_END
1271703197223	0	E	Logging Ends
