1268835744132	0	B	Logging Begins
1268835796198	0	START
1268835796223	1	PROB	'2 + 8 + 3 = '	'13'	1	5146	1
1268835801406	1	PROB	'7 + 5 + 8 = '	'20'	1	2923	1
1268835804364	1	PROB	'8 + 9 + 7 = '	'24'	1	3620	1
1268835808022	1	PROB	'8 + 4 + 3 = '	'15'	1	1922	1
1268835809979	1	PROB	'1 + 6 + 9 = '	'16'	1	2222	1
1268835816198	0	STOP
1268835962553	0	START
1268835963644	1	PROB	'9 + 2 + 8 = '	'19'	1	2205	1
1268835965885	1	PROB	'7 + 8 + 3 = '	'18'	1	2340	1
1268835970553	0	STOP
1268836149147	0	START
1268836150314	1	PROB	'1 + 4 + 7 = '	'12'	1	1903	1
1268836152247	1	PROB	'2 + 8 + 1 = '	'11'	1	1922	1
1268836154205	1	PROB	'8 + 7 + 9 = '	'24'	1	2548	1
1268836156753	0	STOP
1268836237491	0	START
1268836238998	1	PROB	'9 + 6 + 6 = '	'21'	1	2315	1
1268836241349	1	PROB	'2 + 4 + 4 = '	'10'	1	1724	1
1268836243107	1	PROB	'9 + 4 + 4 = '	'13'	0	1566	1
1268836244673	0	STOP
1268836249390	0	START
1268836250540	1	PROB	'8 + 4 + 1 = '	'12'	0	2005	1
1268836252581	1	PROB	'5 + 7 + 2 = '	'14'	1	1804	1
1268836254415	1	PROB	'7 + 4 + 2 = '	'13'	1	1577	1
1268836255992	0	STOP
1268836261456	0	START
1268836262289	1	PROB	'5 + 9 + 2 = '	'16'	1	1632	1
1268836263955	1	PROB	'4 + 3 + 4 = '	'11'	1	1710	1
1268836265697	1	PROB	'1 + 6 + 7 = '	'14'	1	1792	1
1268836267522	1	PROB	'6 + 4 + 9 = '	'19'	1	1359	1
1268836268881	0	STOP
1268836273655	0	START
1268836274596	1	PROB	'7 + 1 + 1 = '	'9'	1	1557	1
1268836276188	1	PROB	'7 + 7 + 4 = '	'18'	1	1405	1
1268836277630	1	PROB	'1 + 5 + 7 = '	'13'	1	1306	1
1268836278970	1	PROB	'4 + 2 + 4 = '	'10'	1	2319	1
1268836281289	0	STOP
1268836285638	0	START
1268836286837	1	PROB	'5 + 3 + 2 = '	'10'	1	1732	1
1268836288604	1	PROB	'3 + 3 + 9 = '	'16'	0	2005	1
1268836290645	1	PROB	'2 + 1 + 8 = '	'13'	0	1492	1
1268836292137	0	STOP
1268836297562	0	START
1268836298378	1	PROB	'2 + 2 + 8 = '	'12'	1	1519	1
1268836299935	1	PROB	'4 + 2 + 2 = '	'8'	1	1738	1
1268836301711	1	PROB	'9 + 3 + 9 = '	'21'	1	1770	1
1268836305562	0	STOP
1268836309544	0	START
1268836310452	1	PROB	'9 + 7 + 8 = '	'24'	1	3077	1
1268836313560	1	PROB	'2 + 1 + 1 = '	'4'	1	1209	1
1268836314802	1	PROB	'5 + 9 + 7 = '	'21'	1	1903	1
1268836316705	0	STOP
1268836321618	0	START
1268836322651	1	PROB	'3 + 5 + 7 = '	'15'	1	2526	1
1268836325209	1	PROB	'7 + 4 + 1 = '	'12'	1	1672	1
1268836326918	1	PROB	'1 + 5 + 3 = '	'9'	1	1131	1
1268836329618	0	STOP
1268836333759	0	START
1268836334917	1	PROB	'9 + 8 + 1 = '	'18'	1	1476	1
1268836336425	1	PROB	'5 + 7 + 6 = '	'18'	1	1535	1
1268836338000	1	PROB	'1 + 6 + 7 = '	'14'	1	1441	1
1268836339475	1	PROB	'9 + 5 + 2 = '	'16'	1	1918	1
1268836341393	0	STOP
1268836345892	0	START
1268836346833	1	PROB	'6 + 5 + 3 = '	'14'	1	1768	1
1268836348633	1	PROB	'1 + 7 + 6 = '	'14'	1	1216	1
1268836349883	1	PROB	'3 + 1 + 9 = '	'14'	0	2782	1
1268836352665	0	STOP
1268836359316	0	START
1268836360307	1	PROB	'9 + 9 + 4 = '	'22'	1	2422	1
1268836362765	1	PROB	'5 + 5 + 1 = '	'11'	1	1044	1
1268836363848	1	PROB	'2 + 5 + 3 = '	'10'	1	1633	1
1268836365515	1	PROB	'2 + 6 + 5 = '	'13'	1	1406	1
1268836366921	0	STOP
1268836371448	0	START
1268836372573	1	PROB	'4 + 5 + 8 = '	'17'	1	3572	1
1268836376181	1	PROB	'2 + 7 + 5 = '	'14'	1	1860	1
1268836378041	0	STOP
1268836383297	0	START
1268836384463	1	PROB	'5 + 9 + 1 = '	'15'	1	1786	1
1268836386288	1	PROB	'8 + 7 + 6 = '	'21'	1	2801	1
1268836389121	1	PROB	'5 + 3 + 7 = '	'15'	1	1968	1
1268836391089	0	STOP
1268836395346	0	START
1268836396238	1	PROB	'7 + 3 + 3 = '	'13'	1	1875	1
1268836398146	1	PROB	'3 + 8 + 6 = '	'17'	1	2071	1
1268836400254	1	PROB	'9 + 7 + 1 = '	'17'	1	1675	1
1268836401929	0	STOP
1268836407321	0	START
1268836408445	1	PROB	'2 + 2 + 3 = '	'7'	1	1636	1
1268836410120	1	PROB	'9 + 2 + 3 = '	'14'	1	2001	1
1268836412153	1	PROB	'1 + 8 + 9 = '	'18'	1	1304	1
1268836415321	0	STOP
1268836419203	0	START
1268836420386	1	PROB	'5 + 1 + 7 = '	'13'	1	1655	1
1268836422077	1	PROB	'6 + 4 + 5 = '	'15'	1	1220	1
1268836423336	1	PROB	'1 + 5 + 4 = '	'10'	1	1473	1
1268836424844	1	PROB	'1 + 7 + 6 = '	'14'	1	1437	1
1268836426281	0	STOP
1268836431202	0	START
1268836432168	1	PROB	'1 + 4 + 6 = '	'11'	1	1649	1
1268836433852	1	PROB	'9 + 1 + 3 = '	'14'	0	2069	1
1268836435959	1	PROB	'5 + 2 + 7 = '	'14'	1	1770	1
1268836437729	0	STOP
1268836536295	0	START
1268836537802	1	PROB	'5 + 3 + 1 = '	'9'	1	1399	1
1268836539236	1	PROB	'5 + 1 + 2 = '	'8'	1	1205	1
1268836540477	1	PROB	'7 + 3 + 1 = '	'11'	1	1036	1
1268836541552	1	PROB	'5 + 1 + 3 = '	'9'	1	1177	1
1268836544294	0	STOP
1268836548344	0	START
1268836549285	1	PROB	'8 + 5 + 4 = '	'17'	1	1484	1
1268836550801	1	PROB	'6 + 2 + 9 = '	'17'	1	1344	1
1268836552185	1	PROB	'2 + 3 + 4 = '	'9'	1	1791	1
1268836554010	1	PROB	'9 + 7 + 1 = '	'17'	1	1231	1
1268836555241	0	STOP
1268836560285	0	START
1268836561434	1	PROB	'8 + 4 + 4 = '	'14'	0	1487	1
1268836562958	1	PROB	'8 + 2 + 8 = '	'18'	1	1667	1
1268836564659	1	PROB	'1 + 2 + 8 = '	'11'	1	1254	1
1268836565949	1	PROB	'1 + 3 + 9 = '	'13'	1	1372	1
1268836567321	0	STOP
1268836572251	0	START
1268836573058	1	PROB	'7 + 2 + 6 = '	'15'	1	3703	1
1268836576800	1	PROB	'1 + 6 + 9 = '	'16'	1	1297	1
1268836578133	1	PROB	'4 + 1 + 7 = '	'12'	1	1340	1
1268836579473	0	STOP
1268836584116	0	START
1268836585041	1	PROB	'7 + 6 + 8 = '	'21'	1	1848	1
1268836586924	1	PROB	'3 + 2 + 4 = '	'9'	1	1645	1
1268836588607	1	PROB	'4 + 5 + 5 = '	'14'	1	1650	1
1268836592116	0	STOP
1268836596290	0	START
1268836597248	1	PROB	'7 + 9 + 7 = '	'23'	1	2929	1
1268836600215	1	PROB	'1 + 5 + 8 = '	'14'	1	1874	1
1268836604290	0	STOP
1268836608289	0	START
1268836609422	1	PROB	'3 + 8 + 9 = '	'20'	1	1595	1
1268836611055	1	PROB	'9 + 2 + 4 = '	'15'	1	1874	1
1268836612963	1	PROB	'9 + 5 + 5 = '	'19'	1	1566	1
1268836616288	0	STOP
1268836620405	0	START
1268836621463	1	PROB	'5 + 9 + 9 = '	'23'	1	3274	1
1268836624780	1	PROB	'7 + 4 + 9 = '	'20'	1	1349	1
1268836626163	1	PROB	'2 + 9 + 2 = '	'13'	1	1550	1
1268836627713	0	STOP
1268836632279	0	START
1268836633354	1	PROB	'3 + 7 + 8 = '	'18'	1	1495	1
1268836634887	1	PROB	'7 + 3 + 8 = '	'18'	1	1178	1
1268836636104	1	PROB	'2 + 7 + 7 = '	'16'	1	2017	1
1268836638154	1	PROB	'7 + 9 + 4 = '	'20'	1	1647	1
1268836639801	0	STOP
1268836644379	0	START
1268836645245	1	PROB	'6 + 3 + 6 = '	'15'	1	2940	1
1268836648219	1	PROB	'1 + 4 + 1 = '	'6'	1	2214	1
1268836650469	1	PROB	'9 + 8 + 3 = '	'20'	1	1684	1
1268836652153	0	STOP
1268836656211	0	START
1268836657227	1	PROB	'3 + 1 + 5 = '	'9'	1	2782	1
1268836660044	1	PROB	'7 + 8 + 3 = '	'18'	1	1461	1
1268836661543	1	PROB	'9 + 3 + 1 = '	'13'	1	1290	1
1268836662833	0	STOP
1268836668268	0	START
1268836669385	1	PROB	'2 + 2 + 8 = '	'12'	1	1551	1
1268836670975	1	PROB	'9 + 6 + 1 = '	'16'	1	1226	1
1268836672234	1	PROB	'6 + 4 + 3 = '	'13'	1	1327	1
1268836673593	1	PROB	'4 + 1 + 3 = '	'7'	0	1391	1
1268836674984	0	STOP
1268836680143	0	START
1268836681267	1	PROB	'7 + 1 + 1 = '	'9'	1	1374	1
1268836682675	1	PROB	'2 + 3 + 7 = '	'12'	1	1269	1
1268836683982	1	PROB	'6 + 5 + 5 = '	'16'	1	1795	1
1268836685817	1	PROB	'3 + 3 + 5 = '	'11'	1	1648	1
1268836687465	0	STOP
1268836692192	0	START
1268836693208	1	PROB	'9 + 5 + 9 = '	'23'	1	1776	1
1268836695024	1	PROB	'8 + 9 + 5 = '	'22'	1	2777	1
1268836697833	1	PROB	'9 + 9 + 3 = '	'21'	1	2119	1
1268836699952	0	STOP
1268836704149	0	START
1268836705307	1	PROB	'1 + 3 + 2 = '	'6'	1	1462	1
1268836706807	1	PROB	'7 + 6 + 4 = '	'17'	1	1706	1
1268836708557	1	PROB	'7 + 6 + 8 = '	'18'	0	2427	1
1268836710984	0	STOP
1268836716357	0	START
1268836717281	1	PROB	'2 + 1 + 5 = '	'8'	1	1400	1
1268836718723	1	PROB	'7 + 3 + 4 = '	'14'	1	1382	1
1268836720139	1	PROB	'9 + 3 + 3 = '	'15'	1	1574	1
1268836721747	1	PROB	'8 + 2 + 2 = '	'12'	1	1614	1
1268836723361	0	STOP
1268836728272	0	START
1268836729272	1	PROB	'3 + 6 + 2 = '	'11'	1	1729	1
1268836731038	1	PROB	'4 + 7 + 6 = '	'17'	1	1395	1
1268836732472	1	PROB	'3 + 5 + 3 = '	'11'	1	1585	1
1268836734097	1	PROB	'2 + 9 + 6 = '	'17'	1	1544	1
1268836735641	0	STOP
1268836881069	0	START
1268836882227	1	PROB	'2 + 5 + 9 = '	'16'	1	2502	1
1268836884777	1	PROB	'5 + 3 + 7 = '	'15'	1	1536	1
1268836886352	1	PROB	'1 + 9 + 3 = '	'13'	1	1489	1
1268836887841	0	STOP
1268836968355	0	START
1268836969863	1	PROB	'4 + 3 + 7 = '	'14'	1	1858	1
1268836971771	1	PROB	'1 + 5 + 6 = '	'12'	1	1230	1
1268836973046	1	PROB	'7 + 2 + 1 = '	'10'	1	1475	1
1268836974571	1	PROB	'5 + 7 + 7 = '	'19'	1	1678	1
1268836976296	1	PROB	'7 + 8 + 5 = '	'20'	1	1377	1
1268836977721	1	PROB	'6 + 4 + 6 = '	'16'	1	1200	1
1268836978970	1	PROB	'6 + 8 + 7 = '	'21'	1	1599	1
1268836980612	1	PROB	'9 + 2 + 8 = '	'19'	1	1309	1
1268836981969	1	PROB	'6 + 8 + 8 = '	'22'	1	1952	1
1268836983921	0	STOP
1268836988279	0	START
1268836989461	1	PROB	'4 + 2 + 1 = '	'7'	1	1188	1
1268836990695	1	PROB	'2 + 1 + 2 = '	'5'	1	1498	1
1268836992228	1	PROB	'9 + 5 + 2 = '	'16'	1	2973	1
1268836995244	1	PROB	'2 + 1 + 8 = '	'11'	1	1269	1
1268836996553	1	PROB	'4 + 2 + 1 = '	'7'	1	1072	1
1268836997661	1	PROB	'6 + 7 + 7 = '	'20'	1	2724	1
1268837000419	1	PROB	'2 + 6 + 4 = '	'12'	1	2573	1
1268837002992	0	STOP
1268837008210	0	START
1268837009110	1	PROB	'5 + 5 + 2 = '	'12'	1	1155	1
1268837010302	1	PROB	'8 + 2 + 7 = '	'17'	1	1499	1
1268837011835	1	PROB	'4 + 2 + 5 = '	'11'	1	1446	1
1268837013318	1	PROB	'5 + 1 + 9 = '	'15'	1	1451	1
1268837014810	1	PROB	'1 + 2 + 9 = '	'12'	1	1319	1
1268837016168	1	PROB	'9 + 4 + 4 = '	'17'	1	2177	1
1268837018384	1	PROB	'1 + 4 + 1 = '	'6'	1	2513	1
1268837020941	1	PROB	'8 + 7 + 2 = '	'17'	1	1724	1
1268837022701	1	PROB	'1 + 9 + 6 = '	'16'	1	1108	1
1268837023809	0	STOP
1268837028067	0	START
1268837029084	1	PROB	'7 + 5 + 7 = '	'19'	1	3189	1
1268837032317	1	PROB	'3 + 8 + 1 = '	'12'	1	1572	1
1268837033925	1	PROB	'7 + 8 + 7 = '	'22'	1	1740	1
1268837035708	1	PROB	'2 + 5 + 4 = '	'11'	1	2357	1
1268837038100	1	PROB	'4 + 6 + 7 = '	'17'	1	1365	1
1268837039499	1	PROB	'1 + 1 + 4 = '	'6'	1	1030	1
1268837040566	1	PROB	'9 + 8 + 5 = '	'22'	1	1539	1
1268837042149	1	PROB	'7 + 9 + 1 = '	'17'	1	1308	1
1268837043457	0	STOP
1268837048033	0	START
1268837049232	1	PROB	'5 + 1 + 7 = '	'13'	1	1257	1
1268837050532	1	PROB	'8 + 4 + 6 = '	'18'	1	2021	1
1268837052590	1	PROB	'6 + 7 + 5 = '	'19'	0	2667	1
1268837055307	1	PROB	'5 + 3 + 3 = '	'11'	1	2606	1
1268837057955	1	PROB	'6 + 7 + 6 = '	'19'	1	2254	1
1268837060256	1	PROB	'3 + 5 + 1 = '	'9'	1	1161	1
1268837061456	1	PROB	'9 + 1 + 7 = '	'17'	1	1201	1
1268837062657	0	STOP
1268837068240	0	START
1268837069089	1	PROB	'5 + 1 + 7 = '	'13'	1	1424	1
1268837070555	1	PROB	'9 + 1 + 8 = '	'18'	1	1262	1
1268837071864	1	PROB	'3 + 1 + 9 = '	'13'	1	2057	1
1268837073954	1	PROB	'7 + 3 + 7 = '	'17'	1	1990	1
1268837075979	1	PROB	'5 + 9 + 6 = '	'20'	1	1502	1
1268837077522	1	PROB	'5 + 9 + 7 = '	'21'	1	2071	1
1268837079630	1	PROB	'6 + 3 + 7 = '	'16'	1	2147	1
1268837081813	1	PROB	'2 + 4 + 1 = '	'7'	1	2020	1
1268837083833	0	STOP
1268837088146	0	START
1268837089179	1	PROB	'6 + 8 + 3 = '	'17'	1	1422	1
1268837090637	1	PROB	'7 + 9 + 7 = '	'23'	1	2756	1
1268837093429	1	PROB	'9 + 9 + 2 = '	'20'	1	1716	1
1268837095179	1	PROB	'2 + 4 + 7 = '	'13'	1	1614	1
1268837096829	1	PROB	'9 + 4 + 2 = '	'15'	1	1404	1
1268837098270	1	PROB	'3 + 9 + 8 = '	'20'	1	1979	1
1268837100287	1	PROB	'7 + 8 + 6 = '	'21'	1	1514	1
1268837101837	1	PROB	'9 + 5 + 6 = '	'20'	1	1556	1
1268837103393	0	STOP
1268837108312	0	START
1268837109478	1	PROB	'6 + 7 + 7 = '	'20'	1	1723	1
1268837111236	1	PROB	'2 + 3 + 8 = '	'19'	0	1469	1
1268837112752	1	PROB	'9 + 1 + 5 = '	'15'	1	2313	1
1268837115111	1	PROB	'6 + 6 + 8 = '	'20'	1	2714	1
1268837117861	1	PROB	'6 + 4 + 7 = '	'17'	1	1396	1
1268837119302	1	PROB	'2 + 2 + 4 = '	'8'	1	1203	1
1268837120552	1	PROB	'8 + 2 + 3 = '	'13'	1	1361	1
1268837121959	1	PROB	'3 + 2 + 5 = '	'10'	1	1490	1
1268837123449	0	STOP
1268837128343	0	START
1268837129410	1	PROB	'9 + 4 + 2 = '	'15'	1	2271	1
1268837131718	1	PROB	'1 + 3 + 6 = '	'10'	1	1587	1
1268837133343	1	PROB	'7 + 6 + 2 = '	'15'	1	1306	1
1268837134693	1	PROB	'7 + 5 + 2 = '	'18'	0	2548	1
1268837137276	1	PROB	'1 + 2 + 3 = '	'6'	1	1293	1
1268837138609	1	PROB	'6 + 3 + 7 = '	'16'	1	1848	1
1268837140492	1	PROB	'1 + 2 + 5 = '	'8'	1	1733	1
1268837144342	0	STOP
1268837148492	0	START
1268837149400	1	PROB	'6 + 6 + 9 = '	'21'	1	2536	1
1268837151974	1	PROB	'8 + 4 + 2 = '	'14'	1	1491	1
1268837153500	1	PROB	'1 + 8 + 6 = '	'15'	1	1533	1
1268837155083	1	PROB	'5 + 2 + 3 = '	'10'	1	1790	1
1268837156916	1	PROB	'2 + 5 + 2 = '	'9'	1	1293	1
1268837158249	1	PROB	'5 + 8 + 9 = '	'22'	1	2488	1
1268837160774	1	PROB	'6 + 2 + 7 = '	'15'	1	1683	1
1268837162507	1	PROB	'3 + 6 + 3 = '	'12'	1	1806	1
1268837164313	0	STOP
1268837168390	0	START
1268837169307	1	PROB	'9 + 8 + 9 = '	'26'	1	3254	1
1268837172598	1	PROB	'6 + 9 + 3 = '	'18'	1	1435	1
1268837174073	1	PROB	'3 + 4 + 1 = '	'8'	1	1936	1
1268837176048	1	PROB	'6 + 7 + 6 = '	'19'	1	2097	1
1268837178181	1	PROB	'8 + 3 + 8 = '	'19'	1	2132	1
1268837180348	1	PROB	'1 + 9 + 3 = '	'13'	1	1245	1
1268837181631	1	PROB	'4 + 7 + 1 = '	'12'	1	1842	1
1268837183473	0	STOP
1268837188489	0	START
1268837189414	1	PROB	'4 + 9 + 2 = '	'15'	1	2419	1
1268837191872	1	PROB	'5 + 2 + 1 = '	'8'	1	1505	1
1268837193413	1	PROB	'3 + 9 + 9 = '	'21'	1	1492	1
1268837194954	1	PROB	'2 + 1 + 4 = '	'7'	1	1239	1
1268837196230	1	PROB	'4 + 3 + 5 = '	'12'	1	1851	1
1268837198121	1	PROB	'8 + 8 + 9 = '	'25'	1	2960	1
1268837201121	1	PROB	'1 + 7 + 8 = '	'16'	1	1400	1
1268837204489	0	STOP
1268837208704	0	START
1268837209771	1	PROB	'9 + 5 + 4 = '	'18'	1	1510	1
1268837211320	1	PROB	'8 + 8 + 4 = '	'20'	1	1873	1
1268837213237	1	PROB	'4 + 2 + 6 = '	'12'	1	1828	1
1268837215103	1	PROB	'7 + 9 + 1 = '	'17'	1	2106	1
1268837217253	1	PROB	'1 + 6 + 6 = '	'13'	1	1572	1
1268837218870	1	PROB	'4 + 2 + 8 = '	'14'	1	2035	1
1268837220944	1	PROB	'3 + 6 + 2 = '	'11'	1	1793	1
1268837222786	1	PROB	'2 + 1 + 1 = '	'4'	1	935	1
1268837223721	0	STOP
1268837228595	0	START
1268837229661	1	PROB	'4 + 8 + 6 = '	'18'	1	2524	1
1268837232227	1	PROB	'8 + 4 + 7 = '	'19'	1	1694	1
1268837233968	1	PROB	'6 + 3 + 1 = '	'10'	1	2241	1
1268837236244	1	PROB	'4 + 2 + 6 = '	'12'	1	2333	1
1268837238618	1	PROB	'3 + 7 + 3 = '	'13'	1	1295	1
1268837239951	1	PROB	'7 + 1 + 5 = '	'13'	1	2730	1
1268837242718	1	PROB	'2 + 7 + 6 = '	'15'	1	1739	1
1268837244457	0	STOP
1268837248426	0	START
1268837249451	1	PROB	'8 + 5 + 8 = '	'21'	1	1662	1
1268837251159	1	PROB	'2 + 1 + 5 = '	'8'	1	3082	1
1268837254284	1	PROB	'1 + 6 + 9 = '	'16'	1	1684	1
1268837256017	1	PROB	'6 + 7 + 1 = '	'14'	1	1624	1
1268837257675	1	PROB	'1 + 7 + 6 = '	'14'	1	1134	1
1268837258850	1	PROB	'8 + 6 + 1 = '	'15'	1	1623	1
1268837260508	1	PROB	'2 + 1 + 6 = '	'9'	1	1573	1
1268837262125	1	PROB	'2 + 3 + 8 = '	'13'	1	1420	1
1268837263545	0	STOP
1268837268442	0	START
1268837269325	1	PROB	'3 + 4 + 6 = '	'13'	1	2420	1
1268837271791	1	PROB	'3 + 6 + 7 = '	'16'	1	1626	1
1268837273466	1	PROB	'8 + 3 + 7 = '	'18'	1	1295	1
1268837274807	1	PROB	'7 + 6 + 5 = '	'21'	0	1810	1
1268837276666	1	PROB	'9 + 3 + 1 = '	'13'	1	1663	1
1268837278374	1	PROB	'8 + 2 + 9 = '	'19'	1	1219	1
1268837279640	1	PROB	'6 + 8 + 9 = '	'23'	1	2817	1
1268837282507	1	PROB	'4 + 6 + 3 = '	'13'	1	1542	1
1268837284049	0	STOP
1268837288465	0	START
1268837289540	1	PROB	'9 + 9 + 9 = '	'27'	1	1637	1
1268837291223	1	PROB	'9 + 6 + 8 = '	'23'	1	2170	1
1268837293439	1	PROB	'3 + 8 + 9 = '	'20'	1	1706	1
1268837295181	1	PROB	'7 + 7 + 9 = '	'23'	1	3284	1
1268837298514	1	PROB	'5 + 7 + 9 = '	'21'	1	2855	1
1268837301414	1	PROB	'9 + 2 + 5 = '	'16'	1	2235	1
1268837303649	0	STOP
1268837532039	0	START
1268837533547	1	PROB	'5 + 4 + 5 = '	'14'	1	1558	1
1268837535155	1	PROB	'2 + 1 + 4 = '	'7'	1	1310	1
1268837536514	1	PROB	'2 + 5 + 2 = '	'9'	1	1823	1
1268837540038	0	STOP
1268837544155	0	START
1268837545221	1	PROB	'7 + 9 + 4 = '	'20'	1	1996	1
1268837547263	1	PROB	'3 + 3 + 1 = '	'7'	1	1786	1
1268837549096	1	PROB	'8 + 3 + 8 = '	'19'	1	1985	1
1268837551081	0	STOP
1268837555987	0	START
1268837556912	1	PROB	'8 + 1 + 9 = '	'18'	1	1721	1
1268837558679	1	PROB	'7 + 8 + 5 = '	'20'	1	1386	1
1268837560112	1	PROB	'8 + 2 + 1 = '	'11'	1	1529	1
1268837563987	0	STOP
1268837568179	0	START
1268837569128	1	PROB	'8 + 3 + 2 = '	'133'	0	1945	1
1268837571119	1	PROB	'6 + 9 + 9 = '	'24'	1	2346	1
1268837573511	1	PROB	'8 + 6 + 6 = '	'20'	1	1930	1
1268837575441	0	STOP
1268837580011	0	START
1268837580927	1	PROB	'9 + 9 + 9 = '	'27'	1	1482	1
1268837582452	1	PROB	'7 + 3 + 7 = '	'17'	1	1957	1
1268837584452	1	PROB	'8 + 7 + 7 = '	'22'	1	1893	1
1268837588011	0	STOP
1268837592218	0	START
1268837593051	1	PROB	'5 + 2 + 7 = '	'14'	1	1838	1
1268837594934	1	PROB	'9 + 3 + 8 = '	'20'	1	2075	1
1268837597059	1	PROB	'4 + 7 + 8 = '	'19'	1	1974	1
1268837599033	0	STOP
1268837604151	0	START
1268837605042	1	PROB	'7 + 1 + 6 = '	'14'	1	1926	1
1268837607017	1	PROB	'4 + 2 + 7 = '	'15'	0	1840	1
1268837608900	1	PROB	'1 + 9 + 4 = '	'14'	1	2029	1
1268837610929	0	STOP
1268837616217	0	START
1268837617066	1	PROB	'8 + 3 + 3 = '	'14'	1	1831	1
1268837618940	1	PROB	'6 + 1 + 7 = '	'14'	1	1341	1
1268837620324	1	PROB	'7 + 6 + 3 = '	'16'	1	1741	1
1268837622107	1	PROB	'1 + 8 + 7 = '	'16'	1	1598	1
1268837623705	0	STOP
1268837628407	0	START
1268837629440	1	PROB	'7 + 7 + 1 = '	'15'	1	1177	1
1268837630657	1	PROB	'5 + 6 + 5 = '	'16'	1	1408	1
1268837632107	1	PROB	'1 + 3 + 7 = '	'11'	1	1790	1
1268837636407	0	STOP
1268837640332	0	START
1268837641306	1	PROB	'9 + 9 + 3 = '	'21'	1	1879	1
1268837643231	1	PROB	'8 + 9 + 5 = '	'22'	1	2954	1
1268837646231	1	PROB	'9 + 5 + 1 = '	'15'	1	1834	1
1268837648065	0	STOP
1268837652306	0	START
1268837653288	1	PROB	'8 + 2 + 4 = '	'14'	1	1680	1
1268837655013	1	PROB	'9 + 1 + 9 = '	'19'	1	2548	1
1268837657605	1	PROB	'9 + 5 + 7 = '	'21'	1	2132	1
1268837659737	0	STOP
1268837664363	0	START
1268837665254	1	PROB	'7 + 3 + 1 = '	'11'	1	1371	1
1268837666663	1	PROB	'6 + 1 + 4 = '	'11'	1	1674	1
1268837668379	1	PROB	'6 + 9 + 3 = '	'18'	1	1557	1
1268837672363	0	STOP
1268837676571	0	START
1268837677462	1	PROB	'3 + 1 + 5 = '	'9'	1	1482	1
1268837678994	1	PROB	'4 + 1 + 1 = '	'6'	1	2351	1
1268837681386	1	PROB	'9 + 3 + 1 = '	'13'	1	2007	1
1268837683393	0	STOP
1268837688695	0	START
1268837689536	1	PROB	'7 + 2 + 1 = '	'10'	1	1617	1
1268837691194	1	PROB	'7 + 4 + 7 = '	'18'	1	1887	1
1268837693119	1	PROB	'1 + 6 + 3 = '	'10'	1	1873	1
1268837695044	1	PROB	'2 + 8 + 4 = '	'14'	1	1565	1
1268837696609	0	STOP
1268837700752	0	START
1268837701827	1	PROB	'6 + 9 + 3 = '	'18'	1	2190	1
1268837704051	1	PROB	'4 + 6 + 5 = '	'15'	1	2134	1
1268837706235	1	PROB	'2 + 4 + 9 = '	'15'	1	1798	1
1268837708033	0	STOP
1268837712935	0	START
1268837714084	1	PROB	'6 + 8 + 9 = '	'23'	1	2149	1
1268837716276	1	PROB	'8 + 1 + 6 = '	'15'	1	2189	1
1268837718509	1	PROB	'6 + 7 + 7 = '	'20'	1	1940	1
1268837720449	0	STOP
1268837724925	0	START
1268837725742	1	PROB	'3 + 9 + 3 = '	'15'	1	1483	1
1268837727266	1	PROB	'8 + 6 + 9 = '	'23'	1	1871	1
1268837729175	1	PROB	'7 + 1 + 2 = '	'10'	1	1386	1
1268837730608	1	PROB	'1 + 4 + 7 = '	'12'	1	1729	1
1268837732337	0	STOP
1268837875806	0	START
1268837876906	1	PROB	'3 + 4 + 3 = '	'10'	1	3023	1
1268837879971	1	PROB	'2 + 8 + 9 = '	'19'	1	1286	1
1268837881305	1	PROB	'5 + 4 + 7 = '	'16'	1	1328	1
1268837882680	1	PROB	'7 + 9 + 2 = '	'18'	1	1385	1
1268837884113	1	PROB	'2 + 2 + 6 = '	'10'	1	1272	1
1268837885430	1	PROB	'8 + 7 + 9 = '	'24'	1	2091	1
1268837887555	1	PROB	'6 + 6 + 3 = '	'15'	1	1822	1
1268837889421	1	PROB	'6 + 3 + 9 = '	'18'	1	1388	1
1268837890809	0	STOP
1268837970741	0	START
1268837972249	1	PROB	'7 + 8 + 1 = '	'16'	1	1752	1
1268837974040	1	PROB	'3 + 6 + 8 = '	'17'	1	1537	1
1268837978737	0	STOP
1268837982632	0	START
1268837983515	1	PROB	'4 + 3 + 4 = '	'11'	1	2486	1
1268837986048	1	PROB	'2 + 5 + 1 = '	'8'	1	2113	1
1268837988206	1	PROB	'7 + 2 + 8 = '	'17'	1	1995	1
1268837990201	0	STOP
1268837994789	0	START
1268837995855	1	PROB	'3 + 8 + 9 = '	'20'	1	2450	1
1268837998347	1	PROB	'6 + 4 + 1 = '	'11'	1	1534	1
1268837999922	1	PROB	'7 + 8 + 9 = '	'24'	1	1607	1
1268838001529	0	STOP
1268838006647	0	START
1268838007530	1	PROB	'2 + 7 + 8 = '	'17'	1	1655	1
1268838009221	1	PROB	'3 + 1 + 4 = '	'8'	1	1996	1
1268838011263	1	PROB	'3 + 4 + 5 = '	'12'	1	1978	1
1268838013241	0	STOP
1268838018829	0	START
1268838019662	1	PROB	'5 + 3 + 6 = '	'14'	1	1635	1
1268838021345	1	PROB	'9 + 2 + 1 = '	'12'	1	2000	1
1268838023395	1	PROB	'4 + 9 + 4 = '	'17'	1	2589	1
1268838025984	0	STOP
1268838030961	0	START
1268838031886	1	PROB	'1 + 6 + 3 = '	'10'	1	1923	1
1268838033853	1	PROB	'5 + 1 + 4 = '	'10'	1	1260	1
1268838035153	1	PROB	'5 + 3 + 8 = '	'16'	1	1496	1
1268838036694	1	PROB	'1 + 8 + 7 = '	'16'	1	1242	1
1268838037936	0	STOP
1268838043028	0	START
1268838044069	1	PROB	'4 + 7 + 1 = '	'12'	1	2116	1
1268838046227	1	PROB	'1 + 4 + 9 = '	'14'	1	1942	1
1268838048218	1	PROB	'4 + 7 + 7 = '	'18'	1	2295	1
1268838050513	0	STOP
1268838055010	0	START
1268838056201	1	PROB	'2 + 6 + 2 = '	'10'	1	1432	1
1268838057676	1	PROB	'5 + 1 + 5 = '	'11'	1	1005	1
1268838058718	1	PROB	'3 + 4 + 4 = '	'11'	1	2274	1
1268838061034	1	PROB	'3 + 7 + 3 = '	'13'	1	1255	1
1268838062289	0	STOP
1268838066966	0	START
1268838068150	1	PROB	'9 + 6 + 6 = '	'21'	1	2499	1
1268838070700	1	PROB	'6 + 9 + 5 = '	'20'	1	2085	1
1268838072833	1	PROB	'6 + 1 + 8 = '	'15'	1	1448	1
1268838074281	0	STOP
1268838078982	0	START
1268838080033	1	PROB	'9 + 7 + 9 = '	'25'	1	5328	1
1268838085407	1	PROB	'6 + 5 + 6 = '	'17'	1	1553	1
1268838086960	0	STOP
1268838091199	0	START
1268838092140	1	PROB	'8 + 6 + 3 = '	'17'	1	1885	1
1268838094073	1	PROB	'2 + 8 + 4 = '	'14'	1	1288	1
1268838095407	1	PROB	'8 + 9 + 5 = '	'22'	1	1450	1
1268838099199	0	STOP
1268838103157	0	START
1268838103980	1	PROB	'7 + 8 + 8 = '	'25'	0	1541	1
1268838105564	1	PROB	'2 + 8 + 5 = '	'15'	1	2605	1
1268838108214	1	PROB	'3 + 1 + 7 = '	'11'	1	1787	1
1268838110001	0	STOP
1268838115056	0	START
1268838116147	1	PROB	'9 + 7 + 4 = '	'20'	1	1350	1
1268838117547	1	PROB	'9 + 3 + 1 = '	'13'	1	1534	1
1268838123055	0	STOP
1268838126921	0	START
1268838127796	1	PROB	'8 + 3 + 7 = '	'18'	1	1845	1
1268838129687	1	PROB	'2 + 9 + 8 = '	'19'	1	1634	1
1268838131371	1	PROB	'7 + 2 + 9 = '	'18'	1	1734	1
1268838134921	0	STOP
1268838139087	0	START
1268838140087	1	PROB	'6 + 9 + 1 = '	'16'	1	1250	1
1268838141378	1	PROB	'3 + 5 + 2 = '	'10'	1	1519	1
1268838142944	1	PROB	'2 + 2 + 4 = '	'8'	1	1241	1
1268838144220	1	PROB	'2 + 5 + 8 = '	'15'	1	1501	1
1268838145721	0	STOP
1268838151195	0	START
1268838152227	1	PROB	'9 + 6 + 3 = '	'18'	1	1550	1
1268838153827	1	PROB	'8 + 3 + 1 = '	'12'	1	1862	1
1268838155736	1	PROB	'2 + 3 + 7 = '	'12'	1	1777	1
1268838159195	0	STOP
1268838163235	0	START
1268838164335	1	PROB	'1 + 4 + 2 = '	'7'	1	1930	1
1268838166310	1	PROB	'9 + 1 + 1 = '	'11'	1	2075	1
1268838168435	1	PROB	'6 + 5 + 9 = '	'20'	1	1734	1
1268838170169	0	STOP
1268838461397	0	START
1268838462572	1	PROB	'2 + 5 + 5 = '	'12'	1	1797	1
1268838464405	1	PROB	'9 + 3 + 9 = '	'21'	1	1492	1
1268838465945	1	PROB	'4 + 6 + 7 = '	'17'	1	1432	1
1268838467421	1	PROB	'9 + 8 + 3 = '	'20'	1	1508	1
1268838468929	0	STOP
1268839063304	0	START
1268839064128	1	PROB	'2 + 8 + 2 = '	'12'	1	1353	1
1268839065528	1	PROB	'1 + 9 + 6 = '	'16'	1	1105	1
1268839066687	1	PROB	'5 + 7 + 1 = '	'13'	1	1226	1
1268839067952	1	PROB	'8 + 5 + 2 = '	'15'	1	1345	1
1268839069336	1	PROB	'4 + 6 + 8 = '	'18'	1	1210	1
1268839070595	1	PROB	'5 + 1 + 2 = '	'8'	1	3350	1
1268839073993	1	PROB	'5 + 4 + 9 = '	'18'	1	3632	1
1268839077669	1	PROB	'7 + 1 + 5 = '	'13'	1	1244	1
1268839078913	0	STOP
1268839159938	0	START
1268839161438	1	PROB	'2 + 6 + 3 = '	'11'	1	2347	1
1268839163830	1	PROB	'9 + 5 + 7 = '	'21'	1	2275	2
1268839166146	1	PROB	'5 + 2 + 1 = '	'8'	1	1415	2
1268839167596	1	PROB	'9 + 1 + 5 = '	'15'	1	1085	1
1268839168721	1	PROB	'6 + 9 + 6 = '	'21'	1	3264	1
1268839172021	1	PROB	'1 + 9 + 8 = '	'18'	1	1084	2
1268839173145	1	PROB	'4 + 2 + 5 = '	'11'	1	1744	1
1268839174889	0	STOP
1268839179795	0	START
1268839180887	1	PROB	'7 + 9 + 6 = '	'22'	1	1834	1
1268839182770	1	PROB	'6 + 6 + 8 = '	'20'	1	1679	2
1268839184495	1	PROB	'3 + 5 + 2 = '	'10'	1	1554	1
1268839186095	1	PROB	'9 + 3 + 7 = '	'19'	1	2554	1
1268839188694	1	PROB	'4 + 5 + 9 = '	'18'	1	1323	2
1268839190053	1	PROB	'7 + 6 + 9 = '	'22'	1	3004	2
1268839193094	1	PROB	'5 + 3 + 5 = '	'13'	1	1411	2
1268839194505	1	STOP
1268839199744	0	START
1268839200902	1	PROB	'2 + 1 + 4 = '	'7'	1	1531	2
1268839202477	1	PROB	'9 + 8 + 5 = '	'22'	1	2348	1
1268839204868	1	PROB	'4 + 3 + 3 = '	'10'	1	2597	2
1268839207501	1	PROB	'3 + 7 + 3 = '	'13'	1	1628	2
1268839209168	1	PROB	'9 + 6 + 2 = '	'18'	0	1290	1
1268839210493	1	PROB	'6 + 6 + 3 = '	'15'	1	2076	2
1268839212609	1	PROB	'9 + 4 + 2 = '	'15'	1	1617	1
1268839214226	0	STOP
1268839219734	0	START
1268839220675	1	PROB	'5 + 6 + 4 = '	'15'	1	2301	1
1268839223025	1	PROB	'2 + 7 + 3 = '	'12'	1	1488	1
1268839224558	1	PROB	'4 + 4 + 1 = '	'9'	1	1363	1
1268839225966	1	PROB	'8 + 6 + 1 = '	'15'	1	1788	1
1268839227800	1	PROB	'4 + 8 + 7 = '	'19'	1	1873	2
1268839229716	1	PROB	'2 + 6 + 6 = '	'14'	1	2710	1
1268839232475	1	PROB	'3 + 7 + 7 = '	'17'	1	1183	1
1268839235734	0	STOP
1268839239700	0	START
1268839240774	1	PROB	'8 + 8 + 6 = '	'22'	1	1651	1
1268839242474	1	PROB	'8 + 8 + 8 = '	'24'	1	1359	2
1268839243882	1	PROB	'6 + 6 + 9 = '	'21'	1	2487	1
1268839246407	1	PROB	'9 + 3 + 4 = '	'16'	1	1594	1
1268839248049	1	PROB	'1 + 5 + 6 = '	'12'	1	1472	2
1268839249565	1	PROB	'3 + 8 + 7 = '	'18'	1	1708	1
1268839251323	1	PROB	'9 + 2 + 7 = '	'18'	1	1558	2
1268839252931	1	PROB	'7 + 1 + 5 = '	'13'	1	1766	1
1268839254697	0	STOP
1268839259548	0	START
1268839260464	1	PROB	'5 + 1 + 1 = '	'7'	1	1681	2
1268839262181	1	PROB	'2 + 3 + 9 = '	'14'	1	2764	1
1268839264988	1	PROB	'2 + 4 + 2 = '	'8'	1	1277	2
1268839266306	1	PROB	'2 + 7 + 7 = '	'16'	1	1567	2
1268839267914	1	PROB	'2 + 9 + 5 = '	'16'	1	2871	2
1268839270822	1	PROB	'6 + 4 + 1 = '	'11'	1	1075	2
1268839271937	1	PROB	'8 + 6 + 3 = '	'17'	1	1393	1
1268839275548	0	STOP
1268839279688	0	START
1268839280671	1	PROB	'2 + 8 + 7 = '	'17'	1	2035	1
1268839282746	1	PROB	'9 + 9 + 3 = '	'21'	1	1719	1
1268839284512	1	PROB	'2 + 6 + 5 = '	'13'	1	2705	2
1268839287262	1	PROB	'4 + 8 + 4 = '	'16'	1	1491	1
1268839288787	1	PROB	'2 + 7 + 1 = '	'10'	1	2102	2
1268839290936	1	PROB	'1 + 4 + 5 = '	'9'	0	1032	2
1268839292004	1	PROB	'4 + 7 + 1 = '	'12'	1	3573	1
1268839295577	0	STOP
1268839299612	0	START
1268839300695	1	PROB	'9 + 4 + 5 = '	'18'	1	2178	2
1268839302920	1	PROB	'6 + 9 + 3 = '	'18'	1	1305	2
1268839304269	1	PROB	'6 + 9 + 6 = '	'21'	1	1948	1
1268839306261	1	PROB	'7 + 3 + 3 = '	'13'	1	1036	1
1268839307344	1	PROB	'3 + 9 + 7 = '	'19'	1	1553	2
1268839308935	1	PROB	'1 + 9 + 6 = '	'16'	1	1330	1
1268839310311	1	PROB	'4 + 2 + 4 = '	'10'	1	1874	1
1268839312235	1	PROB	'6 + 4 + 9 = '	'19'	1	1471	1
1268839313752	1	PROB	'7 + 9 + 3 = '	'19'	1	1232	1
1268839314984	0	STOP
1268839319794	0	START
1268839320610	1	PROB	'9 + 5 + 7 = '	'21'	1	1671	2
1268839322326	1	PROB	'6 + 4 + 5 = '	'15'	1	1195	2
1268839323568	1	PROB	'7 + 2 + 8 = '	'18'	0	1450	1
1268839325060	1	PROB	'1 + 2 + 6 = '	'9'	1	3709	2
1268839328809	1	PROB	'6 + 3 + 4 = '	'13'	1	1544	1
1268839330401	1	PROB	'3 + 8 + 3 = '	'14'	1	1801	1
1268839332251	1	PROB	'4 + 2 + 1 = '	'7'	1	1431	1
1268839335794	0	STOP
1268839339892	0	START
1268839340892	1	PROB	'6 + 5 + 5 = '	'16'	1	1373	2
1268839342308	1	PROB	'9 + 3 + 7 = '	'19'	1	1221	2
1268839343575	1	PROB	'2 + 3 + 7 = '	'12'	1	1210	2
1268839344833	1	PROB	'2 + 9 + 6 = '	'17'	1	2193	1
1268839347075	1	PROB	'2 + 8 + 8 = '	'18'	1	1319	1
1268839348441	1	PROB	'5 + 7 + 1 = '	'13'	1	1297	1
1268839349783	1	PROB	'9 + 6 + 1 = '	'16'	1	1491	1
1268839351324	1	PROB	'4 + 5 + 9 = '	'18'	1	1582	1
1268839352948	1	PROB	'6 + 1 + 4 = '	'11'	1	1646	1
1268839354594	0	STOP
1268839360057	0	START
1268839361174	1	PROB	'8 + 2 + 1 = '	'11'	1	1220	1
1268839362440	1	PROB	'4 + 4 + 4 = '	'12'	1	1362	1
1268839363840	1	PROB	'7 + 1 + 6 = '	'14'	1	1378	1
1268839365265	1	PROB	'9 + 9 + 4 = '	'22'	1	1521	1
1268839366832	1	PROB	'8 + 9 + 2 = '	'19'	1	1434	1
1268839368315	1	PROB	'2 + 1 + 2 = '	'5'	1	1487	1
1268839369848	1	PROB	'9 + 7 + 7 = '	'23'	1	1977	2
1268839371873	1	PROB	'4 + 1 + 2 = '	'7'	1	1249	1
1268839373165	1	PROB	'8 + 4 + 5 = '	'17'	1	2109	1
1268839375274	0	STOP
1268839380190	0	START
1268839381364	1	PROB	'2 + 7 + 3 = '	'12'	1	1438	1
1268839382847	1	PROB	'9 + 6 + 3 = '	'17'	0	1627	1
1268839384522	1	PROB	'8 + 8 + 9 = '	'25'	1	4263	2
1268839388830	1	PROB	'5 + 3 + 6 = '	'14'	1	1667	2
1268839390547	1	PROB	'5 + 4 + 1 = '	'10'	1	1575	1
1268839392171	1	PROB	'3 + 7 + 1 = '	'11'	1	1214	2
1268839393430	1	PROB	'4 + 6 + 8 = '	'18'	1	1156	1
1268839396190	0	STOP
1268839400363	0	START
1268839401312	1	PROB	'8 + 9 + 3 = '	'20'	1	1401	2
1268839402762	1	PROB	'4 + 6 + 5 = '	'15'	1	1584	1
1268839404396	1	PROB	'5 + 3 + 9 = '	'17'	1	1806	1
1268839406245	1	PROB	'7 + 4 + 2 = '	'13'	1	1621	1
1268839407912	1	PROB	'2 + 8 + 2 = '	'12'	1	1137	2
1268839409095	1	PROB	'7 + 1 + 6 = '	'14'	1	1571	1
1268839410712	1	PROB	'4 + 2 + 5 = '	'11'	1	2241	1
1268839412994	1	PROB	'7 + 6 + 3 = '	'16'	1	1352	1
1268839414395	1	PROB	'9 + 4 + 8 = '	'21'	1	1710	2
1268839416105	1	STOP
1268839420386	0	START
1268839421478	1	PROB	'7 + 3 + 7 = '	'17'	1	1780	1
1268839423294	1	PROB	'4 + 9 + 4 = '	'17'	1	3036	1
1268839426377	1	PROB	'7 + 9 + 8 = '	'24'	1	2553	1
1268839428968	1	PROB	'2 + 3 + 2 = '	'7'	1	1618	1
1268839430635	1	PROB	'3 + 1 + 2 = '	'6'	1	1367	1
1268839432044	1	PROB	'4 + 4 + 5 = '	'13'	1	2222	1
1268839434302	1	PROB	'8 + 8 + 6 = '	'22'	1	2060	1
1268839436362	0	STOP
1268839440352	0	START
1268839441510	1	PROB	'5 + 7 + 4 = '	'16'	1	2426	2
1268839443983	1	PROB	'2 + 4 + 6 = '	'12'	1	2027	1
1268839446059	1	PROB	'1 + 9 + 8 = '	'18'	1	1158	2
1268839447259	1	PROB	'7 + 8 + 9 = '	'24'	1	1583	1
1268839448884	1	PROB	'5 + 5 + 8 = '	'18'	1	1077	1
1268839450009	1	PROB	'6 + 7 + 5 = '	'18'	1	4169	1
1268839454217	1	PROB	'1 + 4 + 5 = '	'10'	1	1241	1
1268839455458	0	STOP
1268839460334	0	START
1268839461500	1	PROB	'8 + 3 + 3 = '	'14'	1	1822	1
1268839463358	1	PROB	'2 + 9 + 4 = '	'15'	1	1692	1
1268839465100	1	PROB	'2 + 1 + 9 = '	'12'	1	1430	1
1268839466574	1	PROB	'3 + 2 + 9 = '	'14'	1	1436	1
1268839468058	1	PROB	'2 + 3 + 7 = '	'12'	1	1543	2
1268839469649	1	PROB	'8 + 8 + 7 = '	'23'	1	2137	1
1268839471832	1	PROB	'3 + 7 + 9 = '	'19'	1	1393	2
1268839473274	1	PROB	'5 + 3 + 2 = '	'10'	1	1440	1
1268839474749	1	PROB	'6 + 7 + 1 = '	'14'	1	1341	1
1268839476090	0	STOP
1268839480257	0	START
1268839481357	1	PROB	'3 + 6 + 9 = '	'18'	1	1221	1
1268839482623	1	PROB	'8 + 3 + 9 = '	'20'	1	1531	1
1268839484198	1	PROB	'7 + 4 + 9 = '	'20'	1	1604	1
1268839485840	1	PROB	'5 + 8 + 6 = '	'19'	1	1842	1
1268839487731	1	PROB	'8 + 6 + 7 = '	'21'	1	2438	2
1268839490214	1	PROB	'2 + 5 + 7 = '	'14'	1	1444	1
1268839491706	1	PROB	'1 + 1 + 5 = '	'6'	0	880	1
1268839492623	1	PROB	'7 + 6 + 2 = '	'15'	1	2914	2
1268839495537	1	STOP
1268840668737	0	E	Logging Ends
