1268835744132	0	B	Logging Begins
1268835744132	0	SESS_START	8
1268835898840	1	FR_PRES	0	TIDE	1465	1	0	2313	(0.42259999999999998, 0.58709999999999996, 0)	../fonts/zerothre.ttf	lower
1268835902939	1	FR_PRES	0	CABINET	212	1	0	1174	(0.42259999999999998, 0.58709999999999996, 0)	../fonts/zerothre.ttf	lower
1268835906773	1	FR_PRES	0	HOUND	724	1	1	1452	(0.42259999999999998, 0.58709999999999996, 0)	../fonts/zerothre.ttf	lower
1268835910914	1	FR_PRES	0	COOKBOOK	373	1	0	1279	(0.42259999999999998, 0.58709999999999996, 0)	../fonts/zerothre.ttf	lower
1268835914839	1	FR_PRES	0	LANDSCAPE	799	1	0	1842	(0.42259999999999998, 0.58709999999999996, 0)	../fonts/zerothre.ttf	lower
1268835918805	1	FR_PRES	0	MARINE	869	1	1	1420	(0.42259999999999998, 0.58709999999999996, 0)	../fonts/zerothre.ttf	lower
1268835922954	1	FR_PRES	0	SHRIMP	1297	1	1	1351	(0.42259999999999998, 0.58709999999999996, 0)	../fonts/zerothre.ttf	lower
1268835927072	1	FR_PRES	0	SHARK	1275	1	1	1273	(0.42259999999999998, 0.58709999999999996, 0)	../fonts/zerothre.ttf	lower
1268835930995	1	FR_PRES	0	BOTTLE	153	1	0	1470	(0.42259999999999998, 0.58709999999999996, 0)	../fonts/zerothre.ttf	lower
1268835935013	1	FR_PRES	0	BOYFRIEND	162	1	1	1228	(0.42259999999999998, 0.58709999999999996, 0)	../fonts/zerothre.ttf	lower
1268835938995	1	FR_PRES	0	CAT	257	1	1	846	(0.42259999999999998, 0.58709999999999996, 0)	../fonts/zerothre.ttf	lower
1268835943037	1	FR_PRES	0	MOUSE	925	1	1	1164	(0.42259999999999998, 0.58709999999999996, 0)	../fonts/zerothre.ttf	lower
1268835947128	1	FR_PRES	0	APRON	35	1	0	881	(0.42259999999999998, 0.58709999999999996, 0)	../fonts/zerothre.ttf	lower
1268835951245	1	FR_PRES	0	DOUGH	489	1	0	964	(0.42259999999999998, 0.58709999999999996, 0)	../fonts/zerothre.ttf	lower
1268835955353	1	FR_PRES	0	KITTEN	780	1	1	1240	(0.42259999999999998, 0.58709999999999996, 0)	../fonts/zerothre.ttf	lower
1268835959544	1	FR_PRES	0	WINE	1613	1	0	921	(0.42259999999999998, 0.58709999999999996, 0)	../fonts/zerothre.ttf	lower
1268835963638	0	DISTRACTOR	0			8000	2
1268835972302	1	REC_START
1268836084827	0	REST
1268836086335	1	FR_PRES	1	SHORTCAKE	1292	1	0	2018	(0.42259999999999998, 0.58709999999999996, 0)	../fonts/zerothre.ttf	lower
1268836090468	1	FR_PRES	1	CAKE	219	1	0	1389	(0.42259999999999998, 0.58709999999999996, 0)	../fonts/zerothre.ttf	lower
1268836094476	1	FR_PRES	1	AMBULANCE	19	1	0	1357	(0.42259999999999998, 0.58709999999999996, 0)	../fonts/zerothre.ttf	lower
1268836098576	1	FR_PRES	1	MUMMY	932	1	0	1233	(0.42259999999999998, 0.58709999999999996, 0)	../fonts/zerothre.ttf	lower
1268836102476	1	FR_PRES	1	PARENT	1013	1	1	1069	(0.42259999999999998, 0.58709999999999996, 0)	../fonts/zerothre.ttf	lower
1268836106359	1	FR_PRES	1	WIFE	1609	1	1	1274	(0.42259999999999998, 0.58709999999999996, 0)	../fonts/zerothre.ttf	lower
1268836110325	1	FR_PRES	1	TERMITE	1451	1	1	1076	(0.42259999999999998, 0.58709999999999996, 0)	../fonts/zerothre.ttf	lower
1268836114225	1	FR_PRES	1	CATERPILLAR	259	1	1	1512	(0.42259999999999998, 0.58709999999999996, 0)	../fonts/zerothre.ttf	lower
1268836118041	1	FR_PRES	1	CAFETERIA	217	1	0	872	(0.42259999999999998, 0.58709999999999996, 0)	../fonts/zerothre.ttf	lower
1268836122058	1	FR_PRES	1	HEATER	698	1	0	1095	(0.42259999999999998, 0.58709999999999996, 0)	../fonts/zerothre.ttf	lower
1268836125907	1	FR_PRES	1	CONDUCTOR	362	1	1	1366	(0.42259999999999998, 0.58709999999999996, 0)	../fonts/zerothre.ttf	lower
1268836129907	1	FR_PRES	1	BRICK	172	1	0	926	(0.42259999999999998, 0.58709999999999996, 0)	../fonts/zerothre.ttf	lower
1268836133997	1	FR_PRES	1	HAYSTACK	694	1	0	916	(0.42259999999999998, 0.58709999999999996, 0)	../fonts/zerothre.ttf	lower
1268836137989	1	FR_PRES	1	RESTAURANT	1187	1	0	1500	(0.42259999999999998, 0.58709999999999996, 0)	../fonts/zerothre.ttf	lower
1268836142181	1	FR_PRES	1	FURNITURE	616	1	0	1116	(0.42259999999999998, 0.58709999999999996, 0)	../fonts/zerothre.ttf	lower
1268836146147	1	FR_PRES	1	PHYSICIAN	1056	1	1	974	(0.42259999999999998, 0.58709999999999996, 0)	../fonts/zerothre.ttf	lower
1268836150305	0	DISTRACTOR	1			8000	3
1268836159022	1	REC_START
1268836237491	0	REST
1268836238991	0	DISTRACTOR	2			8000	2
1268836246382	1	FR_PRES	2	TUBE	1516	0	0	2099	(0.57740000000000002, 0.41289999999999999, 1.0)	../fonts/amplitud.ttf	upper
1268836250533	0	DISTRACTOR	2			8000	2
1268836258448	1	FR_PRES	2	OVEN	991	0	1	1993	(0.57740000000000002, 0.41289999999999999, 1.0)	../fonts/amplitud.ttf	upper
1268836262287	0	DISTRACTOR	2			8000	4
1268836270647	1	FR_PRES	2	LEOPARD	812	0	0	1754	(0.57740000000000002, 0.41289999999999999, 1.0)	../fonts/amplitud.ttf	upper
1268836274591	0	DISTRACTOR	2			8000	4
1268836282637	1	FR_PRES	2	CAPITAL	238	0	1	1908	(0.57740000000000002, 0.41289999999999999, 1.0)	../fonts/amplitud.ttf	upper
1268836286831	0	DISTRACTOR	2			8000	1
1268836294553	1	FR_PRES	2	ZEBRA	1635	0	0	2184	(0.57740000000000002, 0.41289999999999999, 1.0)	../fonts/amplitud.ttf	upper
1268836298372	0	DISTRACTOR	2			8000	3
1268836306536	1	FR_PRES	2	MOSS	918	0	0	1625	(0.57740000000000002, 0.41289999999999999, 1.0)	../fonts/amplitud.ttf	upper
1268836310449	0	DISTRACTOR	2			8000	3
1268836318610	1	FR_PRES	2	TURNIP	1521	0	0	2431	(0.57740000000000002, 0.41289999999999999, 1.0)	../fonts/amplitud.ttf	upper
1268836322649	0	DISTRACTOR	2			8000	3
1268836330751	1	FR_PRES	2	STOVE	1388	0	0	1762	(0.57740000000000002, 0.41289999999999999, 1.0)	../fonts/amplitud.ttf	upper
1268836334913	0	DISTRACTOR	2			8000	4
1268836342883	1	FR_PRES	2	SNACK	1331	0	0	1806	(0.57740000000000002, 0.41289999999999999, 1.0)	../fonts/amplitud.ttf	upper
1268836346830	0	DISTRACTOR	2			8000	2
1268836354774	1	FR_PRES	2	GRILL	661	0	-999	3000	(0.57740000000000002, 0.41289999999999999, 1.0)	../fonts/amplitud.ttf	upper
1268836357799	1	SLOW_MSG
1268836360303	0	DISTRACTOR	2			8000	4
1268836368440	1	FR_PRES	2	TOMATO	1476	0	0	1496	(0.57740000000000002, 0.41289999999999999, 1.0)	../fonts/amplitud.ttf	upper
1268836372570	0	DISTRACTOR	2			8000	2
1268836380289	1	FR_PRES	2	LOAF	835	0	0	1488	(0.57740000000000002, 0.41289999999999999, 1.0)	../fonts/amplitud.ttf	upper
1268836384462	0	DISTRACTOR	2			8000	3
1268836392338	1	FR_PRES	2	BUTTER	205	0	0	1863	(0.57740000000000002, 0.41289999999999999, 1.0)	../fonts/amplitud.ttf	upper
1268836396235	0	DISTRACTOR	2			8000	3
1268836404312	1	FR_PRES	2	CAMEL	223	0	1	1321	(0.57740000000000002, 0.41289999999999999, 1.0)	../fonts/amplitud.ttf	upper
1268836408442	0	DISTRACTOR	2			8000	3
1268836416195	1	FR_PRES	2	SAGE	1222	0	0	2550	(0.57740000000000002, 0.41289999999999999, 1.0)	../fonts/amplitud.ttf	upper
1268836420383	0	DISTRACTOR	2			8000	4
1268836428194	1	FR_PRES	2	POTATO	1115	0	0	1479	(0.57740000000000002, 0.41289999999999999, 1.0)	../fonts/amplitud.ttf	upper
1268836432163	0	DISTRACTOR	2			8000	2
1268836441102	1	REC_START
1268836536294	0	REST
1268836537794	0	DISTRACTOR	3			8000	4
1268836545335	1	FR_PRES	3	NOVEL	960	0	0	1826	(0.57740000000000002, 0.41289999999999999, 1.0)	../fonts/amplitud.ttf	upper
1268836549282	0	DISTRACTOR	3			8000	4
1268836557276	1	FR_PRES	3	COBBLER	335	0	0	1229	(0.57740000000000002, 0.41289999999999999, 1.0)	../fonts/amplitud.ttf	upper
1268836561426	0	DISTRACTOR	3			8000	3
1268836569242	1	FR_PRES	3	SHOE	1288	0	0	1447	(0.57740000000000002, 0.41289999999999999, 1.0)	../fonts/amplitud.ttf	upper
1268836573055	0	DISTRACTOR	3			8000	3
1268836581108	1	FR_PRES	3	WINDOW	1611	0	0	1189	(0.57740000000000002, 0.41289999999999999, 1.0)	../fonts/amplitud.ttf	upper
1268836585034	0	DISTRACTOR	3			8000	3
1268836593282	1	FR_PRES	3	HUMAN	726	0	1	2623	(0.57740000000000002, 0.41289999999999999, 1.0)	../fonts/amplitud.ttf	upper
1268836597239	0	DISTRACTOR	3			8000	2
1268836605281	1	FR_PRES	3	ALMANAC	17	0	1	1880	(0.57740000000000002, 0.41289999999999999, 1.0)	../fonts/amplitud.ttf	upper
1268836609421	0	DISTRACTOR	3			8000	4
1268836617397	1	FR_PRES	3	TOENAIL	1474	0	0	1716	(0.57740000000000002, 0.41289999999999999, 1.0)	../fonts/amplitud.ttf	upper
1268836621460	0	DISTRACTOR	3			8000	3
1268836629271	1	FR_PRES	3	TOE	1473	0	0	1106	(0.57740000000000002, 0.41289999999999999, 1.0)	../fonts/amplitud.ttf	upper
1268836633351	0	DISTRACTOR	3			8000	4
1268836641370	1	FR_PRES	3	BOY	161	0	0	1415	(0.57740000000000002, 0.41289999999999999, 1.0)	../fonts/amplitud.ttf	upper
1268836645243	0	DISTRACTOR	3			8000	3
1268836653202	1	FR_PRES	3	SWORD	1423	0	1	1215	(0.57740000000000002, 0.41289999999999999, 1.0)	../fonts/amplitud.ttf	upper
1268836657225	0	DISTRACTOR	3			8000	3
1268836665260	1	FR_PRES	3	DETECTIVE	454	0	1	1413	(0.57740000000000002, 0.41289999999999999, 1.0)	../fonts/amplitud.ttf	upper
1268836669378	0	DISTRACTOR	3			8000	3
1268836677134	1	FR_PRES	3	BLOCKADE	137	0	1	1115	(0.57740000000000002, 0.41289999999999999, 1.0)	../fonts/amplitud.ttf	upper
1268836681259	0	DISTRACTOR	3			8000	4
1268836689191	1	FR_PRES	3	UTENSIL	1542	0	0	1114	(0.57740000000000002, 0.41289999999999999, 1.0)	../fonts/amplitud.ttf	upper
1268836693203	0	DISTRACTOR	3			8000	3
1268836701141	1	FR_PRES	3	LABEL	790	0	0	1843	(0.57740000000000002, 0.41289999999999999, 1.0)	../fonts/amplitud.ttf	upper
1268836705305	0	DISTRACTOR	3			8000	2
1268836713348	1	FR_PRES	3	KANGAROO	768	0	1	1389	(0.57740000000000002, 0.41289999999999999, 1.0)	../fonts/amplitud.ttf	upper
1268836717278	0	DISTRACTOR	3			8000	4
1268836725264	1	FR_PRES	3	INSTRUCTOR	741	0	1	1529	(0.57740000000000002, 0.41289999999999999, 1.0)	../fonts/amplitud.ttf	upper
1268836729263	0	DISTRACTOR	3			8000	4
1268836738197	1	REC_START
1268836815973	0	REST
1268836817474	1	FR_PRES	4	YACHT	1629	0	1	1975	(0.57740000000000002, 0.41289999999999999, 1.0)	../fonts/amplitud.ttf	upper
1268836821382	1	FR_PRES	4	DOCK	477	0	1	1219	(0.57740000000000002, 0.41289999999999999, 1.0)	../fonts/amplitud.ttf	upper
1268836825423	1	FR_PRES	4	ICEBERG	731	0	1	946	(0.57740000000000002, 0.41289999999999999, 1.0)	../fonts/amplitud.ttf	upper
1268836829415	1	FR_PRES	4	GEM	629	0	0	994	(0.57740000000000002, 0.41289999999999999, 1.0)	../fonts/amplitud.ttf	upper
1268836833623	1	FR_PRES	4	POLYESTER	1100	0	0	1034	(0.57740000000000002, 0.41289999999999999, 1.0)	../fonts/amplitud.ttf	upper
1268836837639	1	FR_PRES	4	CARTON	251	0	1	1586	(0.57740000000000002, 0.41289999999999999, 1.0)	../fonts/amplitud.ttf	upper
1268836841705	1	FR_PRES	4	PUBLISHER	1137	0	1	936	(0.57740000000000002, 0.41289999999999999, 1.0)	../fonts/amplitud.ttf	upper
1268836845913	1	FR_PRES	4	GARAGE	621	0	1	896	(0.57740000000000002, 0.41289999999999999, 1.0)	../fonts/amplitud.ttf	upper
1268836849954	1	FR_PRES	4	PRUNE	1134	0	0	1175	(0.57740000000000002, 0.41289999999999999, 1.0)	../fonts/amplitud.ttf	upper
1268836854146	1	FR_PRES	4	OLIVE	975	0	0	1159	(0.57740000000000002, 0.41289999999999999, 1.0)	../fonts/amplitud.ttf	upper
1268836858079	1	FR_PRES	4	VEHICLE	1553	0	1	778	(0.57740000000000002, 0.41289999999999999, 1.0)	../fonts/amplitud.ttf	upper
1268836862204	1	FR_PRES	4	KLEENEX	782	0	0	981	(0.57740000000000002, 0.41289999999999999, 1.0)	../fonts/amplitud.ttf	upper
1268836866212	1	FR_PRES	4	WAGON	1578	0	1	1029	(0.57740000000000002, 0.41289999999999999, 1.0)	../fonts/amplitud.ttf	upper
1268836870178	1	FR_PRES	4	RADIATOR	1156	0	1	1519	(0.57740000000000002, 0.41289999999999999, 1.0)	../fonts/amplitud.ttf	upper
1268836874028	1	FR_PRES	4	JEANS	752	0	0	1037	(0.57740000000000002, 0.41289999999999999, 1.0)	../fonts/amplitud.ttf	upper
1268836878069	1	FR_PRES	4	PITCHFORK	1078	0	1	956	(0.57740000000000002, 0.41289999999999999, 1.0)	../fonts/amplitud.ttf	upper
1268836882221	0	DISTRACTOR	4			8000	3
1268836890819	1	REC_START
1268836968355	0	REST
1268836969855	0	DISTRACTOR	5			16000	9
1268836985270	1	FR_PRES	5	SUMMIT	1405	0	1	1363	(0.57740000000000002, 0.41289999999999999, 1.0)	../fonts/amplitud.ttf	upper
1268836989456	0	DISTRACTOR	5			16000	7
1268837005210	1	FR_PRES	5	COLLEGE	346	0	1	1551	(0.57740000000000002, 0.41289999999999999, 1.0)	../fonts/amplitud.ttf	upper
1268837009107	0	DISTRACTOR	5			16000	9
1268837025059	1	FR_PRES	5	AUDIENCE	59	0	1	1054	(0.57740000000000002, 0.41289999999999999, 1.0)	../fonts/amplitud.ttf	upper
1268837029080	0	DISTRACTOR	5			16000	8
1268837045024	1	FR_PRES	5	TREAT	1501	0	0	1625	(0.57740000000000002, 0.41289999999999999, 1.0)	../fonts/amplitud.ttf	upper
1268837049227	0	DISTRACTOR	5			16000	6
1268837065231	1	FR_PRES	5	WAND	1586	0	0	922	(0.57740000000000002, 0.41289999999999999, 1.0)	../fonts/amplitud.ttf	upper
1268837069087	0	DISTRACTOR	5			16000	8
1268837085138	1	FR_PRES	5	TOAST	1471	0	0	1431	(0.57740000000000002, 0.41289999999999999, 1.0)	../fonts/amplitud.ttf	upper
1268837089178	0	DISTRACTOR	5			16000	8
1268837105311	1	FR_PRES	5	ARM	38	0	0	1338	(0.57740000000000002, 0.41289999999999999, 1.0)	../fonts/amplitud.ttf	upper
1268837109471	0	DISTRACTOR	5			16000	7
1268837125335	1	FR_PRES	5	JAW	751	0	0	1010	(0.57740000000000002, 0.41289999999999999, 1.0)	../fonts/amplitud.ttf	upper
1268837129401	0	DISTRACTOR	5			16000	6
1268837145484	1	FR_PRES	5	ROCK	1201	0	0	925	(0.57740000000000002, 0.41289999999999999, 1.0)	../fonts/amplitud.ttf	upper
1268837149399	0	DISTRACTOR	5			16000	8
1268837165382	1	FR_PRES	5	CONCERT	360	0	1	1379	(0.57740000000000002, 0.41289999999999999, 1.0)	../fonts/amplitud.ttf	upper
1268837169298	0	DISTRACTOR	5			16000	7
1268837185481	1	FR_PRES	5	GUM	672	0	0	1368	(0.57740000000000002, 0.41289999999999999, 1.0)	../fonts/amplitud.ttf	upper
1268837189408	0	DISTRACTOR	5			16000	7
1268837205696	1	FR_PRES	5	COMPANION	357	0	1	1177	(0.57740000000000002, 0.41289999999999999, 1.0)	../fonts/amplitud.ttf	upper
1268837209764	0	DISTRACTOR	5			16000	8
1268837225586	1	FR_PRES	5	ANT	25	0	0	1431	(0.57740000000000002, 0.41289999999999999, 1.0)	../fonts/amplitud.ttf	upper
1268837229659	0	DISTRACTOR	5			16000	7
1268837245418	1	FR_PRES	5	LAKE	796	0	1	1719	(0.57740000000000002, 0.41289999999999999, 1.0)	../fonts/amplitud.ttf	upper
1268837249449	0	DISTRACTOR	5			16000	8
1268837265441	1	FR_PRES	5	SUBMARINE	1398	0	1	1400	(0.57740000000000002, 0.41289999999999999, 1.0)	../fonts/amplitud.ttf	upper
1268837269317	0	DISTRACTOR	5			16000	7
1268837285457	1	FR_PRES	5	TOASTER	1472	0	0	1184	(0.57740000000000002, 0.41289999999999999, 1.0)	../fonts/amplitud.ttf	upper
1268837289536	0	DISTRACTOR	5			16000	6
1268837306364	1	REC_START
1268837384825	0	REST
1268837386333	1	FR_PRES	6	BOSS	152	0	1	1268	(0.57740000000000002, 0.41289999999999999, 1.0)	../fonts/amplitud.ttf	upper
1268837390341	1	FR_PRES	6	CLOTHES	327	0	0	1364	(0.57740000000000002, 0.41289999999999999, 1.0)	../fonts/amplitud.ttf	upper
1268837394157	1	FR_PRES	6	SHOELACE	1289	0	0	1140	(0.57740000000000002, 0.41289999999999999, 1.0)	../fonts/amplitud.ttf	upper
1268837398365	1	FR_PRES	6	SOCK	1339	0	0	1508	(0.57740000000000002, 0.41289999999999999, 1.0)	../fonts/amplitud.ttf	upper
1268837402423	1	FR_PRES	6	HOSTESS	723	0	1	858	(0.57740000000000002, 0.41289999999999999, 1.0)	../fonts/amplitud.ttf	upper
1268837406373	1	FR_PRES	6	DAUGHTER	442	0	1	1340	(0.57740000000000002, 0.41289999999999999, 1.0)	../fonts/amplitud.ttf	upper
1268837410539	1	FR_PRES	6	SHOWER	1296	0	0	1878	(0.57740000000000002, 0.41289999999999999, 1.0)	../fonts/amplitud.ttf	upper
1268837414522	1	FR_PRES	6	QUARTER	1148	0	0	935	(0.57740000000000002, 0.41289999999999999, 1.0)	../fonts/amplitud.ttf	upper
1268837418547	1	FR_PRES	6	CAPE	237	0	0	1030	(0.57740000000000002, 0.41289999999999999, 1.0)	../fonts/amplitud.ttf	upper
1268837422430	1	FR_PRES	6	MOTHER	921	0	1	979	(0.57740000000000002, 0.41289999999999999, 1.0)	../fonts/amplitud.ttf	upper
1268837426288	1	FR_PRES	6	CORPORATION	382	0	1	1017	(0.57740000000000002, 0.41289999999999999, 1.0)	../fonts/amplitud.ttf	upper
1268837430371	1	FR_PRES	6	TRACTOR	1493	0	1	838	(0.57740000000000002, 0.41289999999999999, 1.0)	../fonts/amplitud.ttf	upper
1268837434571	1	FR_PRES	6	LEVER	815	0	0	1654	(0.57740000000000002, 0.41289999999999999, 1.0)	../fonts/amplitud.ttf	upper
1268837438554	1	FR_PRES	6	STAPLER	1372	0	0	839	(0.57740000000000002, 0.41289999999999999, 1.0)	../fonts/amplitud.ttf	upper
1268837442429	1	FR_PRES	6	JOINT	758	0	0	1212	(0.57740000000000002, 0.41289999999999999, 1.0)	../fonts/amplitud.ttf	upper
1268837446537	1	FR_PRES	6	DUSTPAN	509	0	0	1712	(0.57740000000000002, 0.41289999999999999, 1.0)	../fonts/amplitud.ttf	upper
1268837452470	1	REC_START
1268837532039	0	REST
1268837533539	0	DISTRACTOR	7			8000	3
1268837541147	1	FR_PRES	7	MARKET	871	0	1	1366	(0.57740000000000002, 0.41289999999999999, 1.0)	../fonts/amplitud.ttf	upper
1268837545215	0	DISTRACTOR	7			8000	3
1268837552978	1	FR_PRES	7	MONEY	908	0	0	1295	(0.57740000000000002, 0.41289999999999999, 1.0)	../fonts/amplitud.ttf	upper
1268837556904	0	DISTRACTOR	7			8000	3
1268837565170	1	FR_PRES	7	JUG	762	0	0	798	(0.57740000000000002, 0.41289999999999999, 1.0)	../fonts/amplitud.ttf	upper
1268837569119	0	DISTRACTOR	7			8000	2
1268837577002	1	FR_PRES	7	RUM	1217	0	0	1047	(0.57740000000000002, 0.41289999999999999, 1.0)	../fonts/amplitud.ttf	upper
1268837580924	0	DISTRACTOR	7			8000	3
1268837589210	1	FR_PRES	7	IGLOO	734	0	1	1399	(0.57740000000000002, 0.41289999999999999, 1.0)	../fonts/amplitud.ttf	upper
1268837593044	0	DISTRACTOR	7			8000	3
1268837601142	1	FR_PRES	7	PLIERS	1089	0	0	1227	(0.57740000000000002, 0.41289999999999999, 1.0)	../fonts/amplitud.ttf	upper
1268837605040	0	DISTRACTOR	7			8000	2
1268837613208	1	FR_PRES	7	COCKTAIL	338	0	0	929	(0.57740000000000002, 0.41289999999999999, 1.0)	../fonts/amplitud.ttf	upper
1268837617058	0	DISTRACTOR	7			8000	4
1268837625399	1	FR_PRES	7	HUSBAND	728	0	1	874	(0.57740000000000002, 0.41289999999999999, 1.0)	../fonts/amplitud.ttf	upper
1268837629436	0	DISTRACTOR	7			8000	3
1268837637323	1	FR_PRES	7	BEEF	113	0	1	1342	(0.57740000000000002, 0.41289999999999999, 1.0)	../fonts/amplitud.ttf	upper
1268837641305	0	DISTRACTOR	7			8000	3
1268837649297	1	FR_PRES	7	ELECTRICIAN	521	0	0	1400	(0.57740000000000002, 0.41289999999999999, 1.0)	../fonts/amplitud.ttf	upper
1268837653283	0	DISTRACTOR	7			8000	3
1268837661355	1	FR_PRES	7	FLY	586	0	0	1278	(0.57740000000000002, 0.41289999999999999, 1.0)	../fonts/amplitud.ttf	upper
1268837665253	0	DISTRACTOR	7			8000	3
1268837673562	1	FR_PRES	7	JET	756	0	1	2583	(0.57740000000000002, 0.41289999999999999, 1.0)	../fonts/amplitud.ttf	upper
1268837677454	0	DISTRACTOR	7			8000	3
1268837685686	1	FR_PRES	7	CONVICT	371	0	1	1131	(0.57740000000000002, 0.41289999999999999, 1.0)	../fonts/amplitud.ttf	upper
1268837689529	0	DISTRACTOR	7			8000	4
1268837697744	1	FR_PRES	7	CAPTIVE	240	0	1	1625	(0.57740000000000002, 0.41289999999999999, 1.0)	../fonts/amplitud.ttf	upper
1268837701819	0	DISTRACTOR	7			8000	3
1268837709926	1	FR_PRES	7	DRINK	498	0	0	1195	(0.57740000000000002, 0.41289999999999999, 1.0)	../fonts/amplitud.ttf	upper
1268837714077	0	DISTRACTOR	7			8000	3
1268837721917	1	FR_PRES	7	ZIPPER	1636	0	0	1316	(0.57740000000000002, 0.41289999999999999, 1.0)	../fonts/amplitud.ttf	upper
1268837725738	0	DISTRACTOR	7			8000	4
1268837734733	1	REC_START
1268837812135	0	REST
1268837813644	1	FR_PRES	8	DOLLAR	482	0	0	1453	(0.57740000000000002, 0.41289999999999999, 1.0)	../fonts/amplitud.ttf	upper
1268837817660	1	FR_PRES	8	CENT	270	0	0	981	(0.57740000000000002, 0.41289999999999999, 1.0)	../fonts/amplitud.ttf	upper
1268837821635	1	FR_PRES	8	BINDER	127	0	0	1270	(0.57740000000000002, 0.41289999999999999, 1.0)	../fonts/amplitud.ttf	upper
1268837825509	1	FR_PRES	8	STAPLE	1371	0	0	1084	(0.57740000000000002, 0.41289999999999999, 1.0)	../fonts/amplitud.ttf	upper
1268837829351	1	FR_PRES	8	RAFT	1159	0	1	1026	(0.57740000000000002, 0.41289999999999999, 1.0)	../fonts/amplitud.ttf	upper
1268837833267	1	FR_PRES	8	BALLOON	75	0	0	1398	(0.57740000000000002, 0.41289999999999999, 1.0)	../fonts/amplitud.ttf	upper
1268837837400	1	FR_PRES	8	WALL	1582	0	1	1185	(0.57740000000000002, 0.41289999999999999, 1.0)	../fonts/amplitud.ttf	upper
1268837841350	1	FR_PRES	8	CLAW	319	0	0	1195	(0.57740000000000002, 0.41289999999999999, 1.0)	../fonts/amplitud.ttf	upper
1268837845241	1	FR_PRES	8	VENT	1556	0	0	1152	(0.57740000000000002, 0.41289999999999999, 1.0)	../fonts/amplitud.ttf	upper
1268837849133	1	FR_PRES	8	FRAME	600	0	1	1484	(0.57740000000000002, 0.41289999999999999, 1.0)	../fonts/amplitud.ttf	upper
1268837853099	1	FR_PRES	8	CRAB	397	0	0	837	(0.57740000000000002, 0.41289999999999999, 1.0)	../fonts/amplitud.ttf	upper
1268837856948	1	FR_PRES	8	PUMPKIN	1142	0	0	1069	(0.57740000000000002, 0.41289999999999999, 1.0)	../fonts/amplitud.ttf	upper
1268837860873	1	FR_PRES	8	RATTLE	1170	0	0	1008	(0.57740000000000002, 0.41289999999999999, 1.0)	../fonts/amplitud.ttf	upper
1268837864980	1	FR_PRES	8	CRAYON	401	0	0	1125	(0.57740000000000002, 0.41289999999999999, 1.0)	../fonts/amplitud.ttf	upper
1268837868815	1	FR_PRES	8	PAINT	1003	0	1	1634	(0.57740000000000002, 0.41289999999999999, 1.0)	../fonts/amplitud.ttf	upper
1268837872798	1	FR_PRES	8	BELLY	119	0	0	795	(0.57740000000000002, 0.41289999999999999, 1.0)	../fonts/amplitud.ttf	upper
1268837876903	0	DISTRACTOR	8			16000	8
1268837893672	1	REC_START
1268837970741	0	REST
1268837972241	0	DISTRACTOR	9			8000	2
1268837979623	1	FR_PRES	9	DRAWER	493	1	0	1786	(0.42259999999999998, 0.58709999999999996, 0)	../fonts/zerothre.ttf	lower
1268837983508	0	DISTRACTOR	9			8000	3
1268837991781	1	FR_PRES	9	LINT	826	1	0	1764	(0.42259999999999998, 0.58709999999999996, 0)	../fonts/zerothre.ttf	lower
1268837995853	0	DISTRACTOR	9			8000	3
1268838003646	1	FR_PRES	9	NAIL	936	1	0	1659	(0.42259999999999998, 0.58709999999999996, 0)	../fonts/zerothre.ttf	lower
1268838007521	0	DISTRACTOR	9			8000	3
1268838015821	1	FR_PRES	9	SURGEON	1413	1	1	1468	(0.42259999999999998, 0.58709999999999996, 0)	../fonts/zerothre.ttf	lower
1268838019661	0	DISTRACTOR	9			8000	3
1268838027952	1	FR_PRES	9	FIG	563	1	0	1481	(0.42259999999999998, 0.58709999999999996, 0)	../fonts/zerothre.ttf	lower
1268838031885	0	DISTRACTOR	9			8000	4
1268838040019	1	FR_PRES	9	BRANCH	168	1	1	1062	(0.42259999999999998, 0.58709999999999996, 0)	../fonts/zerothre.ttf	lower
1268838044062	0	DISTRACTOR	9			8000	3
1268838052001	1	FR_PRES	9	COAL	332	1	0	1328	(0.42259999999999998, 0.58709999999999996, 0)	../fonts/zerothre.ttf	lower
1268838056198	0	DISTRACTOR	9			8000	4
1268838063958	1	FR_PRES	9	POSTAGE	1113	1	0	1203	(0.42259999999999998, 0.58709999999999996, 0)	../fonts/zerothre.ttf	lower
1268838068142	0	DISTRACTOR	9			8000	3
1268838075974	1	FR_PRES	9	CATTLE	261	1	1	1163	(0.42259999999999998, 0.58709999999999996, 0)	../fonts/zerothre.ttf	lower
1268838080025	0	DISTRACTOR	9			8000	2
1268838088190	1	FR_PRES	9	DISHWASHER	475	1	0	1691	(0.42259999999999998, 0.58709999999999996, 0)	../fonts/zerothre.ttf	lower
1268838092139	0	DISTRACTOR	9			8000	3
1268838100148	1	FR_PRES	9	SCRIBBLE	1256	1	0	1733	(0.42259999999999998, 0.58709999999999996, 0)	../fonts/zerothre.ttf	lower
1268838103973	0	DISTRACTOR	9			8000	2
1268838112047	1	FR_PRES	9	WRITER	1627	1	1	2746	(0.42259999999999998, 0.58709999999999996, 0)	../fonts/zerothre.ttf	lower
1268838116146	0	DISTRACTOR	9			8000	2
1268838123913	1	FR_PRES	9	NURSE	963	1	1	1488	(0.42259999999999998, 0.58709999999999996, 0)	../fonts/zerothre.ttf	lower
1268838127788	0	DISTRACTOR	9			8000	3
1268838136079	1	FR_PRES	9	KNUCKLE	789	1	0	2122	(0.42259999999999998, 0.58709999999999996, 0)	../fonts/zerothre.ttf	lower
1268838140081	0	DISTRACTOR	9			8000	4
1268838148194	1	FR_PRES	9	PATROL	1027	1	1	1727	(0.42259999999999998, 0.58709999999999996, 0)	../fonts/zerothre.ttf	lower
1268838152220	0	DISTRACTOR	9			8000	3
1268838160227	1	FR_PRES	9	BATHTUB	100	1	0	1230	(0.42259999999999998, 0.58709999999999996, 0)	../fonts/zerothre.ttf	lower
1268838164326	0	DISTRACTOR	9			8000	3
1268838173093	1	REC_START
1268838250420	0	REST
1268838251929	1	FR_PRES	10	HANDCUFFS	685	1	0	1624	(0.42259999999999998, 0.58709999999999996, 0)	../fonts/zerothre.ttf	lower
1268838256012	1	FR_PRES	10	FUNGUS	614	1	1	1165	(0.42259999999999998, 0.58709999999999996, 0)	../fonts/zerothre.ttf	lower
1268838259903	1	FR_PRES	10	WALLET	1583	1	0	938	(0.42259999999999998, 0.58709999999999996, 0)	../fonts/zerothre.ttf	lower
1268838264078	1	FR_PRES	10	OWNER	993	1	1	1555	(0.42259999999999998, 0.58709999999999996, 0)	../fonts/zerothre.ttf	lower
1268838268002	1	FR_PRES	10	COMMUNITY	356	1	1	1175	(0.42259999999999998, 0.58709999999999996, 0)	../fonts/zerothre.ttf	lower
1268838272077	1	FR_PRES	10	GARDEN	623	1	1	708	(0.42259999999999998, 0.58709999999999996, 0)	../fonts/zerothre.ttf	lower
1268838276160	1	FR_PRES	10	SHRUB	1299	1	1	857	(0.42259999999999998, 0.58709999999999996, 0)	../fonts/zerothre.ttf	lower
1268838280277	1	FR_PRES	10	OATS	968	1	0	900	(0.42259999999999998, 0.58709999999999996, 0)	../fonts/zerothre.ttf	lower
1268838284426	1	FR_PRES	10	SATURN	1236	1	0	1287	(0.42259999999999998, 0.58709999999999996, 0)	../fonts/zerothre.ttf	lower
1268838288459	1	FR_PRES	10	VENUS	1557	1	0	1094	(0.42259999999999998, 0.58709999999999996, 0)	../fonts/zerothre.ttf	lower
1268838292409	1	FR_PRES	10	GANGSTER	620	1	1	856	(0.42259999999999998, 0.58709999999999996, 0)	../fonts/zerothre.ttf	lower
1268838296550	1	FR_PRES	10	JUDGE	761	1	1	763	(0.42259999999999998, 0.58709999999999996, 0)	../fonts/zerothre.ttf	lower
1268838300667	1	FR_PRES	10	TERRITORY	1452	1	0	1110	(0.42259999999999998, 0.58709999999999996, 0)	../fonts/zerothre.ttf	lower
1268838304691	1	FR_PRES	10	SLACKS	1323	1	0	1630	(0.42259999999999998, 0.58709999999999996, 0)	../fonts/zerothre.ttf	lower
1268838308724	1	FR_PRES	10	DRESS	495	1	0	837	(0.42259999999999998, 0.58709999999999996, 0)	../fonts/zerothre.ttf	lower
1268838312549	1	FR_PRES	10	POLICE	1098	1	0	1348	(0.42259999999999998, 0.58709999999999996, 0)	../fonts/zerothre.ttf	lower
1268838318358	1	REC_START
1268838397110	0	REST
1268838398618	1	FR_PRES	11	CUPBOARD	425	1	0	1487	(0.42259999999999998, 0.58709999999999996, 0)	../fonts/zerothre.ttf	lower
1268838402776	1	FR_PRES	11	KETTLE	772	1	0	841	(0.42259999999999998, 0.58709999999999996, 0)	../fonts/zerothre.ttf	lower
1268838406966	1	FR_PRES	11	GRASSHOPPER	656	1	1	1611	(0.42259999999999998, 0.58709999999999996, 0)	../fonts/zerothre.ttf	lower
1268838410917	1	FR_PRES	11	THREAD	1460	1	0	1724	(0.42259999999999998, 0.58709999999999996, 0)	../fonts/zerothre.ttf	lower
1268838414800	1	FR_PRES	11	THIMBLE	1458	1	0	929	(0.42259999999999998, 0.58709999999999996, 0)	../fonts/zerothre.ttf	lower
1268838418692	1	FR_PRES	11	BUG	187	1	1	693	(0.42259999999999998, 0.58709999999999996, 0)	../fonts/zerothre.ttf	lower
1268838422508	1	FR_PRES	11	SAILOR	1223	1	1	773	(0.42259999999999998, 0.58709999999999996, 0)	../fonts/zerothre.ttf	lower
1268838426341	1	FR_PRES	11	GYM	674	1	0	1084	(0.42259999999999998, 0.58709999999999996, 0)	../fonts/zerothre.ttf	lower
1268838430274	1	FR_PRES	11	SNORKEL	1336	1	0	1103	(0.42259999999999998, 0.58709999999999996, 0)	../fonts/zerothre.ttf	lower
1268838434340	1	FR_PRES	11	SERGEANT	1269	1	1	813	(0.42259999999999998, 0.58709999999999996, 0)	../fonts/zerothre.ttf	lower
1268838438382	1	FR_PRES	11	PICKLE	1059	1	0	1411	(0.42259999999999998, 0.58709999999999996, 0)	../fonts/zerothre.ttf	lower
1268838442390	1	FR_PRES	11	FARMER	553	1	1	739	(0.42259999999999998, 0.58709999999999996, 0)	../fonts/zerothre.ttf	lower
1268838446481	1	FR_PRES	11	GAVEL	627	1	0	1280	(0.42259999999999998, 0.58709999999999996, 0)	../fonts/zerothre.ttf	lower
1268838450389	1	FR_PRES	11	DOOR	486	1	0	1652	(0.42259999999999998, 0.58709999999999996, 0)	../fonts/zerothre.ttf	lower
1268838454214	1	FR_PRES	11	SPRINKLE	1359	1	0	1131	(0.42259999999999998, 0.58709999999999996, 0)	../fonts/zerothre.ttf	lower
1268838458389	1	FR_PRES	11	NUCLEUS	961	1	0	1260	(0.42259999999999998, 0.58709999999999996, 0)	../fonts/zerothre.ttf	lower
1268838462570	0	DISTRACTOR	11			8000	4
1268838471180	1	REC_START
1268838546782	1	REST
1268839000408	1	FR_PRES	12	DIVER	476	1	0	1522	(0.42259999999999998, 0.58709999999999996, 0)	../fonts/zerothre.ttf	lower
1268839004391	1	FR_PRES	12	SEAL	1262	1	1	1083	(0.42259999999999998, 0.58709999999999996, 0)	../fonts/zerothre.ttf	lower
1268839008607	1	FR_PRES	12	VALVE	1546	1	0	979	(0.42259999999999998, 0.58709999999999996, 0)	../fonts/zerothre.ttf	lower
1268839012415	1	FR_PRES	12	MERMAID	887	1	1	923	(0.42259999999999998, 0.58709999999999996, 0)	../fonts/zerothre.ttf	lower
1268839016324	1	FR_PRES	12	COCOON	339	1	0	1062	(0.42259999999999998, 0.58709999999999996, 0)	../fonts/zerothre.ttf	lower
1268839020423	1	FR_PRES	12	WINNER	1615	1	1	1587	(0.42259999999999998, 0.58709999999999996, 0)	../fonts/zerothre.ttf	lower
1268839024265	1	FR_PRES	12	PURSE	1145	1	0	857	(0.42259999999999998, 0.58709999999999996, 0)	../fonts/zerothre.ttf	lower
1268839028098	1	FR_PRES	12	FISH	571	1	0	1200	(0.42259999999999998, 0.58709999999999996, 0)	../fonts/zerothre.ttf	lower
1268839031931	1	FR_PRES	12	LIEUTENANT	818	1	1	1431	(0.42259999999999998, 0.58709999999999996, 0)	../fonts/zerothre.ttf	lower
1268839036072	1	FR_PRES	12	MILITARY	894	1	0	1410	(0.42259999999999998, 0.58709999999999996, 0)	../fonts/zerothre.ttf	lower
1268839040163	1	FR_PRES	12	BLOUSE	139	1	0	1175	(0.42259999999999998, 0.58709999999999996, 0)	../fonts/zerothre.ttf	lower
1268839043996	1	FR_PRES	12	SACK	1220	1	0	1318	(0.42259999999999998, 0.58709999999999996, 0)	../fonts/zerothre.ttf	lower
1268839048146	1	FR_PRES	12	CREEK	404	1	0	1304	(0.42259999999999998, 0.58709999999999996, 0)	../fonts/zerothre.ttf	lower
1268839052296	1	FR_PRES	12	OTTER	986	1	1	778	(0.42259999999999998, 0.58709999999999996, 0)	../fonts/zerothre.ttf	lower
1268839056129	1	FR_PRES	12	FOUNTAIN	597	1	0	913	(0.42259999999999998, 0.58709999999999996, 0)	../fonts/zerothre.ttf	lower
1268839060295	1	FR_PRES	12	RULER	1216	1	0	939	(0.42259999999999998, 0.58709999999999996, 0)	../fonts/zerothre.ttf	lower
1268839064127	0	DISTRACTOR	12			16000	8
1268839081178	1	REC_START
1268839159937	0	REST
1268839161437	0	DISTRACTOR	13			16000	7
1268839176787	1	FR_PRES	13	YOUTH	1634	1	0	2703	(0.42259999999999998, 0.58709999999999996, 0)	../fonts/zerothre.ttf	lower
1268839180884	0	DISTRACTOR	13			16000	7
1268839196736	1	FR_PRES	13	COUNTRY	388	1	0	1674	(0.42259999999999998, 0.58709999999999996, 0)	../fonts/zerothre.ttf	lower
1268839200900	0	DISTRACTOR	13			16000	6
1268839216726	1	FR_PRES	13	ROBE	1198	1	0	1452	(0.42259999999999998, 0.58709999999999996, 0)	../fonts/zerothre.ttf	lower
1268839220673	0	DISTRACTOR	13			16000	7
1268839236691	1	FR_PRES	13	BUCKET	184	1	0	1663	(0.42259999999999998, 0.58709999999999996, 0)	../fonts/zerothre.ttf	lower
1268839240771	0	DISTRACTOR	13			16000	8
1268839256540	1	FR_PRES	13	FEATHER	557	1	0	2110	(0.42259999999999998, 0.58709999999999996, 0)	../fonts/zerothre.ttf	lower
1268839260456	0	DISTRACTOR	13			16000	7
1268839276680	1	FR_PRES	13	PARROT	1015	1	1	1634	(0.42259999999999998, 0.58709999999999996, 0)	../fonts/zerothre.ttf	lower
1268839280663	0	DISTRACTOR	13			16000	6
1268839296603	1	FR_PRES	13	MAPLE	866	1	1	1583	(0.42259999999999998, 0.58709999999999996, 0)	../fonts/zerothre.ttf	lower
1268839300692	0	DISTRACTOR	13			16000	9
1268839316785	1	FR_PRES	13	ELM	527	1	1	1241	(0.42259999999999998, 0.58709999999999996, 0)	../fonts/zerothre.ttf	lower
1268839320607	0	DISTRACTOR	13			16000	6
1268839336884	1	FR_PRES	13	BOOK	149	1	0	1894	(0.42259999999999998, 0.58709999999999996, 0)	../fonts/zerothre.ttf	lower
1268839340888	0	DISTRACTOR	13			16000	9
1268839357057	1	FR_PRES	13	MOON	914	1	0	2729	(0.42259999999999998, 0.58709999999999996, 0)	../fonts/zerothre.ttf	lower
1268839361173	0	DISTRACTOR	13			16000	9
1268839377181	1	FR_PRES	13	COAT	333	1	0	1157	(0.42259999999999998, 0.58709999999999996, 0)	../fonts/zerothre.ttf	lower
1268839381359	0	DISTRACTOR	13			16000	6
1268839397354	1	FR_PRES	13	SWIMMER	1420	1	1	1200	(0.42259999999999998, 0.58709999999999996, 0)	../fonts/zerothre.ttf	lower
1268839401308	0	DISTRACTOR	13			16000	9
1268839417378	1	FR_PRES	13	ATLAS	53	1	0	1400	(0.42259999999999998, 0.58709999999999996, 0)	../fonts/zerothre.ttf	lower
1268839421469	0	DISTRACTOR	13			16000	7
1268839437343	1	FR_PRES	13	TOILET	1475	1	0	1035	(0.42259999999999998, 0.58709999999999996, 0)	../fonts/zerothre.ttf	lower
1268839441508	0	DISTRACTOR	13			16000	7
1268839457333	1	FR_PRES	13	DAGGER	434	1	0	1477	(0.42259999999999998, 0.58709999999999996, 0)	../fonts/zerothre.ttf	lower
1268839461492	0	DISTRACTOR	13			16000	9
1268839477249	1	FR_PRES	13	WOUND	1624	1	0	1681	(0.42259999999999998, 0.58709999999999996, 0)	../fonts/zerothre.ttf	lower
1268839481352	0	DISTRACTOR	13			16000	7
1268839497997	1	REC_START
1268839576142	0	MATH_TOTAL_SCORE	487
1268839585981	0	FFR_START
1268839591533	1	REC_START
1268839907660	0	RECOG_START
1268839907660	1	REC_START
1268839907693	0	RECOG_PRES	0	JUG	762	-999	P	2300
1268839910367	0	RECOG_CR_PRES	0	JUG	762	-999	P	315
1268839911034	1	RECOG_FEEDBACK	1
1268839911792	0	RECOG_PRES	0	GARDEN	623	-999	P	930
1268839913092	0	RECOG_CR_PRES	0	GARDEN	623	-999	P	222
1268839913609	1	RECOG_FEEDBACK	1
1268839914417	0	RECOG_PRES	0	NEST	945	-999	P	993
1268839915784	0	RECOG_CR_PRES	0	NEST	945	-999	P	185
1268839916284	1	RECOG_FEEDBACK	1
1268839917000	0	RECOG_PRES	0	THREAD	1460	-999	P	794
1268839918167	0	RECOG_CR_PRES	0	THREAD	1460	-999	P	187
1268839918658	1	RECOG_FEEDBACK	1
1268839919408	0	RECOG_PRES	0	MUMMY	932	-999	P	786
1268839920567	0	RECOG_CR_PRES	0	MUMMY	932	-999	P	179
1268839921042	1	RECOG_FEEDBACK	1
1268839921808	0	RECOG_PRES	0	SUBMARINE	1398	-999	P	810
1268839922990	0	RECOG_CR_PRES	0	SUBMARINE	1398	-999	P	188
1268839923475	1	RECOG_FEEDBACK	1
1268839924266	0	RECOG_PRES	0	FOREST	593	-999	P	1008
1268839925650	0	RECOG_CR_PRES	0	FOREST	593	-999	P	176
1268839926141	1	RECOG_FEEDBACK	1
1268839926850	0	RECOG_PRES	0	PRUNE	1134	-999	P	1103
1268839928316	0	RECOG_CR_PRES	0	PRUNE	1134	-999	P	182
1268839928816	1	RECOG_FEEDBACK	1
1268839929583	0	RECOG_PRES	0	OTTER	986	-999	P	763
1268839930716	0	RECOG_CR_PRES	0	OTTER	986	-999	P	102
1268839931124	1	RECOG_FEEDBACK	1
1268839931899	0	RECOG_PRES	0	BOTTLE	153	-999	P	767
1268839933032	0	RECOG_CR_PRES	0	BOTTLE	153	-999	P	154
1268839933499	1	RECOG_FEEDBACK	1
1268839934241	0	RECOG_PRES	0	THIMBLE	1458	-999	P	785
1268839935399	0	RECOG_CR_PRES	0	THIMBLE	1458	-999	P	155
1268839935857	1	RECOG_FEEDBACK	1
1268839936657	0	RECOG_PRES	0	HOUND	724	-999	P	841
1268839937874	0	RECOG_CR_PRES	0	HOUND	724	-999	P	152
1268839938340	1	RECOG_FEEDBACK	1
1268839939065	0	RECOG_PRES	0	CAPTIVE	240	-999	P	809
1268839940249	0	RECOG_CR_PRES	0	CAPTIVE	240	-999	P	145
1268839940699	1	RECOG_FEEDBACK	1
1268839941490	0	RECOG_PRES	0	GANGSTER	620	-999	P	904
1268839942765	0	RECOG_CR_PRES	0	GANGSTER	620	-999	P	204
1268839943282	1	RECOG_FEEDBACK	1
1268839944040	0	RECOG_PRES	0	HERD	705	-999	P	994
1268839945407	0	RECOG_CR_PRES	0	HERD	705	-999	P	163
1268839945890	1	RECOG_FEEDBACK	1
1268839946615	0	RECOG_PRES	0	POLICE	1098	-999	P	979
1268839947964	0	RECOG_CR_PRES	0	POLICE	1098	-999	P	150
1268839948431	1	RECOG_FEEDBACK	1
1268839949231	0	RECOG_PRES	0	SEAL	1262	-999	P	691
1268839950290	0	RECOG_CR_PRES	0	SEAL	1262	-999	P	160
1268839950740	1	RECOG_FEEDBACK	1
1268839951489	0	RECOG_PRES	0	DOCK	477	-999	P	841
1268839952706	0	RECOG_CR_PRES	0	DOCK	477	-999	P	200
1268839953214	1	RECOG_FEEDBACK	1
1268839953972	0	RECOG_PRES	0	PLIERS	1089	-999	P	750
1268839955098	0	RECOG_CR_PRES	0	PLIERS	1089	-999	P	248
1268839955623	1	RECOG_FEEDBACK	1
1268839956364	0	RECOG_PRES	0	BRICK	172	-999	P	862
1268839957597	0	RECOG_CR_PRES	0	BRICK	172	-999	P	109
1268839958031	1	RECOG_FEEDBACK	1
1268839960106	0	REST
1268839961014	1	REC_START
1268839961047	0	RECOG_PRES	1	LOAF	835	-999	P	1307
1268839962730	0	RECOG_CR_PRES	1	LOAF	835	-999	P	215
1268839963272	1	RECOG_FEEDBACK	0
1268839964014	0	RECOG_PRES	1	GRILL	661	-999	P	1164
1268839965547	0	RECOG_CR_PRES	1	GRILL	661	-999	P	143
1268839965987	1	RECOG_FEEDBACK	0
1268839966788	0	RECOG_PRES	1	KNUCKLE	789	-999	P	798
1268839967954	0	RECOG_CR_PRES	1	KNUCKLE	789	-999	P	200
1268839968463	1	RECOG_FEEDBACK	1
1268839969246	0	RECOG_PRES	1	CARTON	251	-999	P	868
1268839970488	0	RECOG_CR_PRES	1	CARTON	251	-999	P	106
1268839970896	1	RECOG_FEEDBACK	1
1268839971696	0	RECOG_PRES	1	ZIPPER	1636	-999	P	786
1268839972855	0	RECOG_CR_PRES	1	ZIPPER	1636	-999	P	122
1268839973271	1	RECOG_FEEDBACK	1
1268839973987	0	RECOG_PRES	1	YACHT	1629	-999	P	1015
1268839975371	0	RECOG_CR_PRES	1	YACHT	1629	-999	P	383
1268839976021	1	RECOG_FEEDBACK	-1
1268839976813	0	RECOG_PRES	1	SOFA	1342	-999	P	1301
1268839978488	0	RECOG_CR_PRES	1	SOFA	1342	-999	P	170
1268839978970	1	RECOG_FEEDBACK	1
1268839979712	0	RECOG_PRES	1	PATROL	1027	-999	P	1138
1268839981221	0	RECOG_CR_PRES	1	PATROL	1027	-999	P	237
1268839981796	1	RECOG_FEEDBACK	1
1268839982571	0	RECOG_PRES	1	WINE	1613	-999	P	1055
1268839983994	0	RECOG_CR_PRES	1	WINE	1613	-999	P	208
1268839984504	1	RECOG_FEEDBACK	0
1268839985312	0	RECOG_PRES	1	DETECTIVE	454	-999	P	1786
1268839987470	0	RECOG_CR_PRES	1	DETECTIVE	454	-999	P	220
1268839987986	1	RECOG_FEEDBACK	1
1268839988745	0	RECOG_PRES	1	CAMEL	223	-999	P	809
1268839989928	0	RECOG_CR_PRES	1	CAMEL	223	-999	P	146
1268839990370	1	RECOG_FEEDBACK	1
1268839991095	0	RECOG_PRES	1	SAGE	1222	-999	P	819
1268839992287	0	RECOG_CR_PRES	1	SAGE	1222	-999	P	227
1268839992803	1	RECOG_FEEDBACK	1
1268839993578	0	RECOG_PRES	1	MOSS	918	-999	P	936
1268839994895	0	RECOG_CR_PRES	1	MOSS	918	-999	P	163
1268839995378	1	RECOG_FEEDBACK	1
1268839996153	0	RECOG_PRES	1	HIP	710	-999	P	1673
1268839998194	0	RECOG_CR_PRES	1	HIP	710	-999	P	216
1268839998728	1	RECOG_FEEDBACK	1
1268839999528	0	RECOG_PRES	1	BOY	161	-999	P	808
1268840000736	0	RECOG_CR_PRES	1	BOY	161	-999	P	90
1268840001128	1	RECOG_FEEDBACK	1
1268840001903	0	RECOG_PRES	1	KITCHEN	778	-999	P	1147
1268840003419	0	RECOG_CR_PRES	1	KITCHEN	778	-999	P	135
1268840003869	1	RECOG_FEEDBACK	0
1268840004602	0	RECOG_PRES	1	GUM	672	-999	P	1288
1268840006261	0	RECOG_CR_PRES	1	GUM	672	-999	P	133
1268840006710	1	RECOG_FEEDBACK	0
1268840007427	0	RECOG_PRES	1	BARLEY	88	-999	P	1463
1268840009260	0	RECOG_CR_PRES	1	BARLEY	88	-999	P	174
1268840009735	1	RECOG_FEEDBACK	1
1268840010494	0	RECOG_PRES	1	DRINK	498	-999	P	980
1268840011843	0	RECOG_CR_PRES	1	DRINK	498	-999	P	142
1268840012318	1	RECOG_FEEDBACK	1
1268840013118	0	RECOG_PRES	1	VENUS	1557	-999	P	835
1268840014318	0	RECOG_CR_PRES	1	VENUS	1557	-999	P	140
1268840014752	1	RECOG_FEEDBACK	1
1268840016143	0	REST
1268840017026	1	REC_START
1268840017060	0	RECOG_PRES	2	WAND	1586	-999	P	1102
1268840018535	0	RECOG_CR_PRES	2	WAND	1586	-999	P	179
1268840019026	1	RECOG_FEEDBACK	0
1268840019826	0	RECOG_PRES	2	CRAYON	401	-999	P	872
1268840021068	0	RECOG_CR_PRES	2	CRAYON	401	-999	P	102
1268840021468	1	RECOG_FEEDBACK	1
1268840022276	0	RECOG_PRES	2	SHARK	1275	-999	P	1150
1268840023801	0	RECOG_CR_PRES	2	SHARK	1275	-999	P	152
1268840024259	1	RECOG_FEEDBACK	0
1268840025043	0	RECOG_PRES	2	TOE	1473	-999	P	815
1268840026259	0	RECOG_CR_PRES	2	TOE	1473	-999	P	159
1268840026717	1	RECOG_FEEDBACK	1
1268840027476	0	RECOG_PRES	2	PUBLISHER	1137	-999	P	998
1268840028851	0	RECOG_CR_PRES	2	PUBLISHER	1137	-999	P	279
1268840029442	1	RECOG_FEEDBACK	0
1268840030150	0	RECOG_PRES	2	MOTH	920	-999	P	2044
1268840032567	0	RECOG_CR_PRES	2	MOTH	920	-999	P	291
1268840033209	1	RECOG_FEEDBACK	1
1268840033941	0	RECOG_PRES	2	FISH	571	-999	P	845
1268840035158	0	RECOG_CR_PRES	2	FISH	571	-999	P	164
1268840035617	1	RECOG_FEEDBACK	1
1268840036367	0	RECOG_PRES	2	DUSTPAN	509	-999	P	1043
1268840037783	0	RECOG_CR_PRES	2	DUSTPAN	509	-999	P	259
1268840038358	1	RECOG_FEEDBACK	0
1268840039116	0	RECOG_PRES	2	COMMUNITY	356	-999	P	950
1268840040441	0	RECOG_CR_PRES	2	COMMUNITY	356	-999	P	145
1268840040900	1	RECOG_FEEDBACK	1
1268840041650	0	RECOG_PRES	2	COCOON	339	-999	P	968
1268840042990	0	RECOG_CR_PRES	2	COCOON	339	-999	P	140
1268840043441	1	RECOG_FEEDBACK	1
1268840044199	0	RECOG_PRES	2	TOAST	1471	-999	P	841
1268840045441	0	RECOG_CR_PRES	2	TOAST	1471	-999	P	297
1268840046049	1	RECOG_FEEDBACK	1
1268840046791	0	RECOG_PRES	2	LEADER	807	-999	P	1235
1268840048399	0	RECOG_CR_PRES	2	LEADER	807	-999	P	147
1268840048866	1	RECOG_FEEDBACK	1
1268840049632	0	RECOG_PRES	2	SNACK	1331	-999	P	841
1268840050874	0	RECOG_CR_PRES	2	SNACK	1331	-999	P	111
1268840051291	1	RECOG_FEEDBACK	1
1268840052074	0	RECOG_PRES	2	STOVE	1388	-999	P	824
1268840053274	0	RECOG_CR_PRES	2	STOVE	1388	-999	P	144
1268840053724	1	RECOG_FEEDBACK	1
1268840054449	0	RECOG_PRES	2	GEM	629	-999	P	849
1268840055674	0	RECOG_CR_PRES	2	GEM	629	-999	P	424
1268840056399	1	RECOG_FEEDBACK	1
1268840057207	0	RECOG_PRES	2	LEVER	815	-999	P	799
1268840058398	0	RECOG_CR_PRES	2	LEVER	815	-999	P	180
1268840058882	1	RECOG_FEEDBACK	1
1268840059673	0	RECOG_PRES	2	GROOM	665	-999	P	1137
1268840061182	0	RECOG_CR_PRES	2	GROOM	665	-999	P	148
1268840061640	1	RECOG_FEEDBACK	1
1268840062448	0	RECOG_PRES	2	HOOD	714	-999	P	786
1268840063606	0	RECOG_CR_PRES	2	HOOD	714	-999	P	188
1268840064098	1	RECOG_FEEDBACK	0
1268840064865	0	RECOG_PRES	2	SHOWER	1296	-999	P	761
1268840065997	0	RECOG_CR_PRES	2	SHOWER	1296	-999	P	117
1268840066406	1	RECOG_FEEDBACK	1
1268840067189	0	RECOG_PRES	2	MUSTARD	935	-999	P	1021
1268840068581	0	RECOG_CR_PRES	2	MUSTARD	935	-999	P	173
1268840069048	1	RECOG_FEEDBACK	1
1268840071723	0	REST
1268840072702	1	REC_START
1268840072739	0	RECOG_PRES	3	TRACTOR	1493	-999	P	951
1268840074064	0	RECOG_CR_PRES	3	TRACTOR	1493	-999	P	186
1268840074539	1	RECOG_FEEDBACK	1
1268840075331	0	RECOG_PRES	3	ALMANAC	17	-999	P	815
1268840076547	0	RECOG_CR_PRES	3	ALMANAC	17	-999	P	134
1268840076979	1	RECOG_FEEDBACK	1
1268840077755	0	RECOG_PRES	3	OVEN	991	-999	P	834
1268840078996	0	RECOG_CR_PRES	3	OVEN	991	-999	P	142
1268840079447	1	RECOG_FEEDBACK	1
1268840080172	0	RECOG_PRES	3	TERMITE	1451	-999	P	1038
1268840081580	0	RECOG_CR_PRES	3	TERMITE	1451	-999	P	126
1268840082030	1	RECOG_FEEDBACK	1
1268840082797	0	RECOG_PRES	3	OLIVE	975	-999	P	957
1268840084130	0	RECOG_CR_PRES	3	OLIVE	975	-999	P	120
1268840084580	1	RECOG_FEEDBACK	1
1268840085363	0	RECOG_PRES	3	CREEK	404	-999	P	824
1268840086588	0	RECOG_CR_PRES	3	CREEK	404	-999	P	126
1268840087030	1	RECOG_FEEDBACK	1
1268840087838	0	RECOG_PRES	3	WRITER	1627	-999	P	1164
1268840089371	0	RECOG_CR_PRES	3	WRITER	1627	-999	P	215
1268840089913	1	RECOG_FEEDBACK	0
1268840090654	0	RECOG_PRES	3	SHORTCAKE	1292	-999	P	948
1268840091970	0	RECOG_CR_PRES	3	SHORTCAKE	1292	-999	P	128
1268840092413	1	RECOG_FEEDBACK	1
1268840093221	0	RECOG_PRES	3	IGLOO	734	-999	P	869
1268840094462	0	RECOG_CR_PRES	3	IGLOO	734	-999	P	156
1268840094913	1	RECOG_FEEDBACK	1
1268840095696	0	RECOG_PRES	3	KITTEN	780	-999	P	746
1268840096812	0	RECOG_CR_PRES	3	KITTEN	780	-999	P	149
1268840097254	1	RECOG_FEEDBACK	1
1268840098054	0	RECOG_PRES	3	SAILOR	1223	-999	P	988
1268840099412	0	RECOG_CR_PRES	3	SAILOR	1223	-999	P	126
1268840099854	1	RECOG_FEEDBACK	1
1268840100670	0	RECOG_PRES	3	CONDUCTOR	362	-999	P	884
1268840101929	0	RECOG_CR_PRES	3	CONDUCTOR	362	-999	P	161
1268840102395	1	RECOG_FEEDBACK	1
1268840103120	0	RECOG_PRES	3	BINDER	127	-999	P	1026
1268840104520	0	RECOG_CR_PRES	3	BINDER	127	-999	P	130
1268840104952	1	RECOG_FEEDBACK	1
1268840105670	0	RECOG_PRES	3	BOOK	149	-999	P	1084
1268840107128	0	RECOG_CR_PRES	3	BOOK	149	-999	P	258
1268840107687	1	RECOG_FEEDBACK	0
1268840108478	0	RECOG_PRES	3	WIFE	1609	-999	P	1532
1268840110386	0	RECOG_CR_PRES	3	WIFE	1609	-999	P	136
1268840110845	1	RECOG_FEEDBACK	0
1268840111603	0	RECOG_PRES	3	HEATER	698	-999	P	1511
1268840113494	0	RECOG_CR_PRES	3	HEATER	698	-999	P	164
1268840113985	1	RECOG_FEEDBACK	0
1268840114769	0	RECOG_PRES	3	ARROW	40	-999	P	1425
1268840116569	0	RECOG_CR_PRES	3	ARROW	40	-999	P	185
1268840117078	1	RECOG_FEEDBACK	1
1268840117836	0	RECOG_PRES	3	SCRIBBLE	1256	-999	P	894
1268840119102	0	RECOG_CR_PRES	3	SCRIBBLE	1256	-999	P	108
1268840119502	1	RECOG_FEEDBACK	1
1268840120236	0	RECOG_PRES	3	CLOTHES	327	-999	P	757
1268840121369	0	RECOG_CR_PRES	3	CLOTHES	327	-999	P	137
1268840121794	1	RECOG_FEEDBACK	1
1268840122527	0	RECOG_PRES	3	SHELL	1281	-999	P	1211
1268840124110	0	RECOG_CR_PRES	3	SHELL	1281	-999	P	172
1268840124602	1	RECOG_FEEDBACK	1
1268840126585	0	REST
1268840127570	1	REC_START
1268840127602	0	RECOG_PRES	4	FUNGUS	614	-999	P	824
1268840128802	0	RECOG_CR_PRES	4	FUNGUS	614	-999	P	120
1268840129218	1	RECOG_FEEDBACK	1
1268840129984	0	RECOG_PRES	4	ROCK	1201	-999	P	722
1268840131077	0	RECOG_CR_PRES	4	ROCK	1201	-999	P	133
1268840131501	1	RECOG_FEEDBACK	1
1268840132268	0	RECOG_PRES	4	DRAWER	493	-999	P	622
1268840133251	0	RECOG_CR_PRES	4	DRAWER	493	-999	P	279
1268840133768	1	RECOG_FEEDBACK	-1
1268840134510	0	RECOG_PRES	4	PUMPKIN	1142	-999	P	1132
1268840136018	0	RECOG_CR_PRES	4	PUMPKIN	1142	-999	P	184
1268840136510	1	RECOG_FEEDBACK	1
1268840137318	0	RECOG_PRES	4	FLY	586	-999	P	932
1268840138626	0	RECOG_CR_PRES	4	FLY	586	-999	P	160
1268840139084	1	RECOG_FEEDBACK	1
1268840139893	0	RECOG_PRES	4	HOSTESS	723	-999	P	789
1268840141051	0	RECOG_CR_PRES	4	HOSTESS	723	-999	P	183
1268840141534	1	RECOG_FEEDBACK	1
1268840142259	0	RECOG_PRES	4	BRANCH	168	-999	P	807
1268840143434	0	RECOG_CR_PRES	4	BRANCH	168	-999	P	192
1268840143941	1	RECOG_FEEDBACK	1
1268840144709	0	RECOG_PRES	4	CATERPILLAR	259	-999	P	765
1268840145842	0	RECOG_CR_PRES	4	CATERPILLAR	259	-999	P	111
1268840146250	1	RECOG_FEEDBACK	1
1268840147025	0	RECOG_PRES	4	KLEENEX	782	-999	P	801
1268840148200	0	RECOG_CR_PRES	4	KLEENEX	782	-999	P	130
1268840148625	1	RECOG_FEEDBACK	1
1268840149409	0	RECOG_PRES	4	ELECTRICIAN	521	-999	P	1161
1268840150933	0	RECOG_CR_PRES	4	ELECTRICIAN	521	-999	P	109
1268840151417	1	RECOG_FEEDBACK	1
1268840152200	0	RECOG_PRES	4	COOKBOOK	373	-999	P	898
1268840153467	0	RECOG_CR_PRES	4	COOKBOOK	373	-999	P	175
1268840153957	1	RECOG_FEEDBACK	1
1268840154675	0	RECOG_PRES	4	STAPLE	1371	-999	P	751
1268840155791	0	RECOG_CR_PRES	4	STAPLE	1371	-999	P	219
1268840156316	1	RECOG_FEEDBACK	1
1268840157116	0	RECOG_PRES	4	GRAVEL	659	-999	P	1502
1268840158990	0	RECOG_CR_PRES	4	GRAVEL	659	-999	P	188
1268840159508	1	RECOG_FEEDBACK	1
1268840160266	0	RECOG_PRES	4	HUSBAND	728	-999	P	1520
1268840162158	0	RECOG_CR_PRES	4	HUSBAND	728	-999	P	172
1268840162666	1	RECOG_FEEDBACK	1
1268840163391	0	RECOG_PRES	4	SWIMMER	1420	-999	P	883
1268840164649	0	RECOG_CR_PRES	4	SWIMMER	1420	-999	P	97
1268840165049	1	RECOG_FEEDBACK	1
1268840165824	0	RECOG_PRES	4	ROBE	1198	-999	P	706
1268840166899	0	RECOG_CR_PRES	4	ROBE	1198	-999	P	183
1268840167374	1	RECOG_FEEDBACK	1
1268840168107	0	RECOG_PRES	4	DOUGH	489	-999	P	862
1268840169332	0	RECOG_CR_PRES	4	DOUGH	489	-999	P	190
1268840169815	1	RECOG_FEEDBACK	1
1268840170565	0	RECOG_PRES	4	VENT	1556	-999	P	789
1268840171724	0	RECOG_CR_PRES	4	VENT	1556	-999	P	158
1268840172182	1	RECOG_FEEDBACK	1
1268840172981	0	RECOG_PRES	4	HAYSTACK	694	-999	P	809
1268840174190	0	RECOG_CR_PRES	4	HAYSTACK	694	-999	P	132
1268840174623	1	RECOG_FEEDBACK	1
1268840175390	0	RECOG_PRES	4	DIVER	476	-999	P	812
1268840176573	0	RECOG_CR_PRES	4	DIVER	476	-999	P	133
1268840177015	1	RECOG_FEEDBACK	1
1268840179173	0	REST
1268840180366	1	REC_START
1268840180398	0	RECOG_PRES	5	TOMATO	1476	-999	P	884
1268840181656	0	RECOG_CR_PRES	5	TOMATO	1476	-999	P	170
1268840182115	1	RECOG_FEEDBACK	1
1268840182856	0	RECOG_PRES	5	CRAB	397	-999	P	850
1268840184081	0	RECOG_CR_PRES	5	CRAB	397	-999	P	153
1268840184539	1	RECOG_FEEDBACK	1
1268840185306	0	RECOG_PRES	5	JUDGE	761	-999	P	704
1268840186381	0	RECOG_CR_PRES	5	JUDGE	761	-999	P	125
1268840186806	1	RECOG_FEEDBACK	1
1268840187556	0	RECOG_PRES	5	RADIATOR	1156	-999	P	1022
1268840188955	0	RECOG_CR_PRES	5	RADIATOR	1156	-999	P	103
1268840189397	1	RECOG_FEEDBACK	1
1268840190122	0	RECOG_PRES	5	OATS	968	-999	P	839
1268840191322	0	RECOG_CR_PRES	5	OATS	968	-999	P	112
1268840191747	1	RECOG_FEEDBACK	1
1268840192547	0	RECOG_PRES	5	NUCLEUS	961	-999	P	847
1268840193764	0	RECOG_CR_PRES	5	NUCLEUS	961	-999	P	94
1268840194155	1	RECOG_FEEDBACK	1
1268840194855	0	RECOG_PRES	5	FURNITURE	616	-999	P	891
1268840196122	0	RECOG_CR_PRES	5	FURNITURE	616	-999	P	192
1268840196613	1	RECOG_FEEDBACK	1
1268840197338	0	RECOG_PRES	5	MARKET	871	-999	P	840
1268840198547	0	RECOG_CR_PRES	5	MARKET	871	-999	P	127
1268840198971	1	RECOG_FEEDBACK	1
1268840199680	0	RECOG_PRES	5	BACON	67	-999	P	892
1268840200971	0	RECOG_CR_PRES	5	BACON	67	-999	P	135
1268840201396	1	RECOG_FEEDBACK	1
1268840202155	0	RECOG_PRES	5	BLOCKADE	137	-999	P	1151
1268840203680	0	RECOG_CR_PRES	5	BLOCKADE	137	-999	P	154
1268840204155	1	RECOG_FEEDBACK	0
1268840204954	0	RECOG_PRES	5	NOVEL	960	-999	P	983
1268840206305	0	RECOG_CR_PRES	5	NOVEL	960	-999	P	153
1268840206763	1	RECOG_FEEDBACK	1
1268840207488	0	RECOG_PRES	5	SLACKS	1323	-999	P	818
1268840208679	0	RECOG_CR_PRES	5	SLACKS	1323	-999	P	83
1268840209071	1	RECOG_FEEDBACK	1
1268840209796	0	RECOG_PRES	5	RATTLE	1170	-999	P	782
1268840210953	0	RECOG_CR_PRES	5	RATTLE	1170	-999	P	321
1268840211571	1	RECOG_FEEDBACK	1
1268840212296	0	RECOG_PRES	5	DAGGER	434	-999	P	1050
1268840213721	0	RECOG_CR_PRES	5	DAGGER	434	-999	P	201
1268840214229	1	RECOG_FEEDBACK	0
1268840215012	0	RECOG_PRES	5	FOUNTAIN	597	-999	P	718
1268840216096	0	RECOG_CR_PRES	5	FOUNTAIN	597	-999	P	90
1268840216479	1	RECOG_FEEDBACK	1
1268840217212	0	RECOG_PRES	5	BEEF	113	-999	P	874
1268840218487	0	RECOG_CR_PRES	5	BEEF	113	-999	P	155
1268840218944	1	RECOG_FEEDBACK	1
1268840219729	0	RECOG_PRES	5	RUM	1217	-999	P	657
1268840220762	0	RECOG_CR_PRES	5	RUM	1217	-999	P	136
1268840221187	1	RECOG_FEEDBACK	1
1268840221986	0	RECOG_PRES	5	DISHWASHER	475	-999	P	856
1268840223212	0	RECOG_CR_PRES	5	DISHWASHER	475	-999	P	214
1268840223728	1	RECOG_FEEDBACK	1
1268840224512	0	RECOG_PRES	5	WATERFALL	1595	-999	P	1698
1268840226586	0	RECOG_CR_PRES	5	WATERFALL	1595	-999	P	120
1268840227036	1	RECOG_FEEDBACK	0
1268840227795	0	RECOG_PRES	5	SQUID	1361	-999	P	1135
1268840229295	0	RECOG_CR_PRES	5	SQUID	1361	-999	P	179
1268840229786	1	RECOG_FEEDBACK	1
1268840231361	0	REST
1268840232163	1	REC_START
1268840232194	0	RECOG_PRES	6	JOINT	758	-999	P	799
1268840233369	0	RECOG_CR_PRES	6	JOINT	758	-999	P	113
1268840233777	1	RECOG_FEEDBACK	1
1268840234577	0	RECOG_PRES	6	SATURN	1236	-999	P	1073
1268840236019	0	RECOG_CR_PRES	6	SATURN	1236	-999	P	63
1268840236419	1	RECOG_FEEDBACK	1
1268840237227	0	RECOG_PRES	6	DOLLAR	482	-999	P	750
1268840238344	0	RECOG_CR_PRES	6	DOLLAR	482	-999	P	154
1268840238794	1	RECOG_FEEDBACK	1
1268840239510	0	RECOG_PRES	6	WALL	1582	-999	P	780
1268840240660	0	RECOG_CR_PRES	6	WALL	1582	-999	P	142
1268840241102	1	RECOG_FEEDBACK	1
1268840241860	0	RECOG_PRES	6	DRESS	495	-999	P	766
1268840243002	0	RECOG_CR_PRES	6	DRESS	495	-999	P	96
1268840243394	1	RECOG_FEEDBACK	1
1268840244193	0	RECOG_PRES	6	COMPANION	357	-999	P	1065
1268840245627	0	RECOG_CR_PRES	6	COMPANION	357	-999	P	151
1268840246085	1	RECOG_FEEDBACK	0
1268840246885	0	RECOG_PRES	6	RICE	1190	-999	P	1205
1268840248460	0	RECOG_CR_PRES	6	RICE	1190	-999	P	118
1268840248901	1	RECOG_FEEDBACK	1
1268840249626	0	RECOG_PRES	6	VEHICLE	1553	-999	P	808
1268840250810	0	RECOG_CR_PRES	6	VEHICLE	1553	-999	P	135
1268840251251	1	RECOG_FEEDBACK	1
1268840252035	0	RECOG_PRES	6	BUCKET	184	-999	P	1455
1268840253859	0	RECOG_CR_PRES	6	BUCKET	184	-999	P	151
1268840254334	1	RECOG_FEEDBACK	1
1268840255109	0	RECOG_PRES	6	AMBULANCE	19	-999	P	884
1268840256368	0	RECOG_CR_PRES	6	AMBULANCE	19	-999	P	138
1268840256809	1	RECOG_FEEDBACK	1
1268840257551	0	RECOG_PRES	6	CREW	406	-999	P	1386
1268840259301	0	RECOG_CR_PRES	6	CREW	406	-999	P	173
1268840259809	1	RECOG_FEEDBACK	0
1268840260576	0	RECOG_PRES	6	ATLAS	53	-999	P	841
1268840261817	0	RECOG_CR_PRES	6	ATLAS	53	-999	P	73
1268840262184	1	RECOG_FEEDBACK	1
1268840262917	0	RECOG_PRES	6	POTATO	1115	-999	P	821
1268840264109	0	RECOG_CR_PRES	6	POTATO	1115	-999	P	125
1268840264525	1	RECOG_FEEDBACK	1
1268840265275	0	RECOG_PRES	6	COAT	333	-999	P	1095
1268840266742	0	RECOG_CR_PRES	6	COAT	333	-999	P	116
1268840267167	1	RECOG_FEEDBACK	0
1268840267925	0	RECOG_PRES	6	RULER	1216	-999	P	1709
1268840270008	0	RECOG_CR_PRES	6	RULER	1216	-999	P	90
1268840270425	1	RECOG_FEEDBACK	1
1268840271200	0	RECOG_PRES	6	SHRIMP	1297	-999	P	834
1268840272441	0	RECOG_CR_PRES	6	SHRIMP	1297	-999	P	65
1268840272808	1	RECOG_FEEDBACK	1
1268840273583	0	RECOG_PRES	6	BUG	187	-999	P	795
1268840274750	0	RECOG_CR_PRES	6	BUG	187	-999	P	84
1268840275133	1	RECOG_FEEDBACK	1
1268840275850	0	RECOG_PRES	6	TOOTH	1481	-999	P	1000
1268840277224	0	RECOG_CR_PRES	6	TOOTH	1481	-999	P	130
1268840277658	1	RECOG_FEEDBACK	1
1268840278416	0	RECOG_PRES	6	WAGON	1578	-999	P	818
1268840279608	0	RECOG_CR_PRES	6	WAGON	1578	-999	P	90
1268840279982	1	RECOG_FEEDBACK	1
1268840280741	0	RECOG_PRES	6	VALVE	1546	-999	P	829
1268840281948	0	RECOG_CR_PRES	6	VALVE	1546	-999	P	37
1268840282282	1	RECOG_FEEDBACK	1
1268840284149	0	REST
1268840285105	1	REC_START
1268840285140	0	RECOG_PRES	7	LEOPARD	812	-999	P	950
1268840286465	0	RECOG_CR_PRES	7	LEOPARD	812	-999	P	89
1268840286857	1	RECOG_FEEDBACK	1
1268840287632	0	RECOG_PRES	7	PICKLE	1059	-999	P	906
1268840288907	0	RECOG_CR_PRES	7	PICKLE	1059	-999	P	111
1268840289307	1	RECOG_FEEDBACK	1
1268840290023	0	RECOG_PRES	7	JAW	751	-999	P	739
1268840291123	0	RECOG_CR_PRES	7	JAW	751	-999	P	111
1268840291523	1	RECOG_FEEDBACK	1
1268840292273	0	RECOG_PRES	7	OWNER	993	-999	P	850
1268840293523	0	RECOG_CR_PRES	7	OWNER	993	-999	P	143
1268840293981	1	RECOG_FEEDBACK	1
1268840294757	0	RECOG_PRES	7	UTENSIL	1542	-999	P	1309
1268840296440	0	RECOG_CR_PRES	7	UTENSIL	1542	-999	P	154
1268840296931	1	RECOG_FEEDBACK	1
1268840297665	0	RECOG_PRES	7	FOX	598	-999	P	1241
1268840299281	0	RECOG_CR_PRES	7	FOX	598	-999	P	57
1268840299639	1	RECOG_FEEDBACK	1
1268840300348	0	RECOG_PRES	7	TAR	1435	-999	P	1542
1268840302264	0	RECOG_CR_PRES	7	TAR	1435	-999	P	74
1268840302648	1	RECOG_FEEDBACK	1
1268840303364	0	RECOG_PRES	7	SAP	1233	-999	P	1438
1268840305172	0	RECOG_CR_PRES	7	SAP	1233	-999	P	134
1268840305631	1	RECOG_FEEDBACK	1
1268840306347	0	RECOG_PRES	7	SNORKEL	1336	-999	P	891
1268840307639	0	RECOG_CR_PRES	7	SNORKEL	1336	-999	P	75
1268840308014	1	RECOG_FEEDBACK	1
1268840308747	0	RECOG_PRES	7	CAPE	237	-999	P	767
1268840309880	0	RECOG_CR_PRES	7	CAPE	237	-999	P	170
1268840310347	1	RECOG_FEEDBACK	1
1268840311139	0	RECOG_PRES	7	CANDY	230	-999	P	1047
1268840312555	0	RECOG_CR_PRES	7	CANDY	230	-999	P	135
1268840312996	1	RECOG_FEEDBACK	1
1268840313722	0	RECOG_PRES	7	BOYFRIEND	162	-999	P	874
1268840314996	0	RECOG_CR_PRES	7	BOYFRIEND	162	-999	P	110
1268840315413	1	RECOG_FEEDBACK	1
1268840316155	0	RECOG_PRES	7	POSTAGE	1113	-999	P	1015
1268840317538	0	RECOG_CR_PRES	7	POSTAGE	1113	-999	P	128
1268840317970	1	RECOG_FEEDBACK	1
1268840318696	0	RECOG_PRES	7	BUTTERFLY	206	-999	P	1034
1268840320105	0	RECOG_CR_PRES	7	BUTTERFLY	206	-999	P	137
1268840320546	1	RECOG_FEEDBACK	1
1268840321296	0	RECOG_PRES	7	MOON	914	-999	P	850
1268840322546	0	RECOG_CR_PRES	7	MOON	914	-999	P	168
1268840323021	1	RECOG_FEEDBACK	1
1268840323763	0	RECOG_PRES	7	CABIN	211	-999	P	1135
1268840325271	0	RECOG_CR_PRES	7	CABIN	211	-999	P	179
1268840325754	1	RECOG_FEEDBACK	1
1268840326471	0	RECOG_PRES	7	FLESH	579	-999	P	1987
1268840328829	0	RECOG_CR_PRES	7	FLESH	579	-999	P	85
1268840329237	1	RECOG_FEEDBACK	1
1268840330029	0	RECOG_PRES	7	HANDCUFFS	685	-999	P	932
1268840331329	0	RECOG_CR_PRES	7	HANDCUFFS	685	-999	P	137
1268840331771	1	RECOG_FEEDBACK	1
1268840332537	0	RECOG_PRES	7	BOXER	160	-999	P	1049
1268840333961	0	RECOG_CR_PRES	7	BOXER	160	-999	P	129
1268840334404	1	RECOG_FEEDBACK	1
1268840335162	0	RECOG_PRES	7	NAIL	936	-999	P	880
1268840336412	0	RECOG_CR_PRES	7	NAIL	936	-999	P	110
1268840336820	1	RECOG_FEEDBACK	1
1268840338379	0	REST
1268840339437	1	REC_START
1268840339470	0	RECOG_PRES	8	COLLEGE	346	-999	P	1467
1268840341303	0	RECOG_CR_PRES	8	COLLEGE	346	-999	P	195
1268840341811	1	RECOG_FEEDBACK	0
1268840342553	0	RECOG_PRES	8	DAUGHTER	442	-999	P	858
1268840343811	0	RECOG_CR_PRES	8	DAUGHTER	442	-999	P	87
1268840344195	1	RECOG_FEEDBACK	1
1268840344952	0	RECOG_PRES	8	FRAME	600	-999	P	834
1268840346161	0	RECOG_CR_PRES	8	FRAME	600	-999	P	169
1268840346628	1	RECOG_FEEDBACK	1
1268840347428	0	RECOG_PRES	8	PLANT	1083	-999	P	1110
1268840348911	0	RECOG_CR_PRES	8	PLANT	1083	-999	P	66
1268840349319	1	RECOG_FEEDBACK	0
1268840350078	0	RECOG_PRES	8	LINT	826	-999	P	891
1268840351336	0	RECOG_CR_PRES	8	LINT	826	-999	P	122
1268840351761	1	RECOG_FEEDBACK	1
1268840352519	0	RECOG_PRES	8	RAFT	1159	-999	P	849
1268840353769	0	RECOG_CR_PRES	8	RAFT	1159	-999	P	113
1268840354186	1	RECOG_FEEDBACK	1
1268840354943	0	RECOG_PRES	8	AUDIENCE	59	-999	P	779
1268840356085	0	RECOG_CR_PRES	8	AUDIENCE	59	-999	P	125
1268840356519	1	RECOG_FEEDBACK	1
1268840357269	0	RECOG_PRES	8	TIDE	1465	-999	P	829
1268840358469	0	RECOG_CR_PRES	8	TIDE	1465	-999	P	133
1268840358910	1	RECOG_FEEDBACK	1
1268840359660	0	RECOG_PRES	8	SACK	1220	-999	P	726
1268840360760	0	RECOG_CR_PRES	8	SACK	1220	-999	P	74
1268840361127	1	RECOG_FEEDBACK	1
1268840361935	0	RECOG_PRES	8	GARAGE	621	-999	P	755
1268840363060	0	RECOG_CR_PRES	8	GARAGE	621	-999	P	126
1268840363493	1	RECOG_FEEDBACK	1
1268840364227	0	RECOG_PRES	8	SPRINKLE	1359	-999	P	783
1268840365376	0	RECOG_CR_PRES	8	SPRINKLE	1359	-999	P	170
1268840365843	1	RECOG_FEEDBACK	1
1268840366576	0	RECOG_PRES	8	SHELTER	1282	-999	P	938
1268840367885	0	RECOG_CR_PRES	8	SHELTER	1282	-999	P	189
1268840368368	1	RECOG_FEEDBACK	1
1268840369176	0	RECOG_PRES	8	ICEBERG	731	-999	P	1634
1268840371184	0	RECOG_CR_PRES	8	ICEBERG	731	-999	P	122
1268840371634	1	RECOG_FEEDBACK	1
1268840372434	0	RECOG_PRES	8	WITCH	1617	-999	P	1104
1268840373909	0	RECOG_CR_PRES	8	WITCH	1617	-999	P	141
1268840374368	1	RECOG_FEEDBACK	1
1268840375117	0	RECOG_PRES	8	CAFETERIA	217	-999	P	1429
1268840376917	0	RECOG_CR_PRES	8	CAFETERIA	217	-999	P	149
1268840377401	1	RECOG_FEEDBACK	1
1268840378201	0	RECOG_PRES	8	TOILET	1475	-999	P	1113
1268840379675	0	RECOG_CR_PRES	8	TOILET	1475	-999	P	103
1268840380100	1	RECOG_FEEDBACK	1
1268840380867	0	RECOG_PRES	8	CAT	257	-999	P	1031
1268840382267	0	RECOG_CR_PRES	8	CAT	257	-999	P	247
1268840382834	1	RECOG_FEEDBACK	1
1268840383559	0	RECOG_PRES	8	SERGEANT	1269	-999	P	1235
1268840385167	0	RECOG_CR_PRES	8	SERGEANT	1269	-999	P	155
1268840385633	1	RECOG_FEEDBACK	1
1268840386383	0	RECOG_PRES	8	BALLOON	75	-999	P	915
1268840387667	0	RECOG_CR_PRES	8	BALLOON	75	-999	P	167
1268840388133	1	RECOG_FEEDBACK	1
1268840388933	0	RECOG_PRES	8	MONEY	908	-999	P	709
1268840390016	0	RECOG_CR_PRES	8	MONEY	908	-999	P	210
1268840390516	1	RECOG_FEEDBACK	1
1268840391900	0	REST
1268840392833	1	REC_START
1268840392866	0	RECOG_PRES	9	FARMER	553	-999	P	904
1268840394141	0	RECOG_CR_PRES	9	FARMER	553	-999	P	173
1268840394608	1	RECOG_FEEDBACK	1
1268840395408	0	RECOG_PRES	9	PRAIRIE	1118	-999	P	970
1268840396749	0	RECOG_CR_PRES	9	PRAIRIE	1118	-999	P	173
1268840397216	1	RECOG_FEEDBACK	1
1268840397940	0	RECOG_PRES	9	MERMAID	887	-999	P	774
1268840399082	0	RECOG_CR_PRES	9	MERMAID	887	-999	P	128
1268840399507	1	RECOG_FEEDBACK	1
1268840400257	0	RECOG_PRES	9	BELLY	119	-999	P	929
1268840401557	0	RECOG_CR_PRES	9	BELLY	119	-999	P	245
1268840402107	1	RECOG_FEEDBACK	1
1268840402907	0	RECOG_PRES	9	SURGEON	1413	-999	P	1175
1268840404457	0	RECOG_CR_PRES	9	SURGEON	1413	-999	P	209
1268840404989	1	RECOG_FEEDBACK	0
1268840405790	0	RECOG_PRES	9	TOASTER	1472	-999	P	1012
1268840407173	0	RECOG_CR_PRES	9	TOASTER	1472	-999	P	125
1268840407607	1	RECOG_FEEDBACK	1
1268840408407	0	RECOG_PRES	9	BEAR	106	-999	P	1043
1268840409823	0	RECOG_CR_PRES	9	BEAR	106	-999	P	146
1268840410273	1	RECOG_FEEDBACK	1
1268840411073	0	RECOG_PRES	9	GRASSHOPPER	656	-999	P	904
1268840412340	0	RECOG_CR_PRES	9	GRASSHOPPER	656	-999	P	174
1268840412815	1	RECOG_FEEDBACK	1
1268840413565	0	RECOG_PRES	9	ARM	38	-999	P	949
1268840414890	0	RECOG_CR_PRES	9	ARM	38	-999	P	136
1268840415339	1	RECOG_FEEDBACK	1
1268840416139	0	RECOG_PRES	9	RESTAURANT	1187	-999	P	1087
1268840417598	0	RECOG_CR_PRES	9	RESTAURANT	1187	-999	P	164
1268840418073	1	RECOG_FEEDBACK	1
1268840418881	0	RECOG_PRES	9	CAULIFLOWER	262	-999	P	937
1268840420189	0	RECOG_CR_PRES	9	CAULIFLOWER	262	-999	P	149
1268840420647	1	RECOG_FEEDBACK	1
1268840421422	0	RECOG_PRES	9	BUTTER	205	-999	P	788
1268840422581	0	RECOG_CR_PRES	9	BUTTER	205	-999	P	477
1268840423364	1	RECOG_FEEDBACK	1
1268840424131	0	RECOG_PRES	9	DOOR	486	-999	P	1015
1268840425522	0	RECOG_CR_PRES	9	DOOR	486	-999	P	112
1268840425946	1	RECOG_FEEDBACK	1
1268840426655	0	RECOG_PRES	9	HUMAN	726	-999	P	1099
1268840428130	0	RECOG_CR_PRES	9	HUMAN	726	-999	P	168
1268840428614	1	RECOG_FEEDBACK	1
1268840429364	0	RECOG_PRES	9	MARINE	869	-999	P	1070
1268840430805	0	RECOG_CR_PRES	9	MARINE	869	-999	P	69
1268840431230	1	RECOG_FEEDBACK	1
1268840431971	0	RECOG_PRES	9	KETTLE	772	-999	P	867
1268840433238	0	RECOG_CR_PRES	9	KETTLE	772	-999	P	132
1268840433680	1	RECOG_FEEDBACK	1
1268840434480	0	RECOG_PRES	9	COAL	332	-999	P	786
1268840435638	0	RECOG_CR_PRES	9	COAL	332	-999	P	156
1268840436096	1	RECOG_FEEDBACK	1
1268840436855	0	RECOG_PRES	9	TOENAIL	1474	-999	P	819
1268840438046	0	RECOG_CR_PRES	9	TOENAIL	1474	-999	P	188
1268840438538	1	RECOG_FEEDBACK	1
1268840439255	0	RECOG_PRES	9	SKI	1316	-999	P	1003
1268840440629	0	RECOG_CR_PRES	9	SKI	1316	-999	P	141
1268840441088	1	RECOG_FEEDBACK	1
1268840441863	0	RECOG_PRES	9	TURNIP	1521	-999	P	947
1268840443179	0	RECOG_CR_PRES	9	TURNIP	1521	-999	P	263
1268840443746	1	RECOG_FEEDBACK	1
1268840446087	0	REST
1268840447045	1	REC_START
1268840447079	0	RECOG_PRES	10	MOUSE	925	-999	P	923
1268840448371	0	RECOG_CR_PRES	10	MOUSE	925	-999	P	127
1268840448804	1	RECOG_FEEDBACK	1
1268840449545	0	RECOG_PRES	10	ANT	25	-999	P	705
1268840450620	0	RECOG_CR_PRES	10	ANT	25	-999	P	206
1268840451112	1	RECOG_FEEDBACK	1
1268840451904	0	RECOG_PRES	10	MILITARY	894	-999	P	778
1268840453054	0	RECOG_CR_PRES	10	MILITARY	894	-999	P	172
1268840453520	1	RECOG_FEEDBACK	1
1268840454253	0	RECOG_PRES	10	WALLET	1583	-999	P	716
1268840455337	0	RECOG_CR_PRES	10	WALLET	1583	-999	P	153
1268840455787	1	RECOG_FEEDBACK	1
1268840456553	0	RECOG_PRES	10	YOUTH	1634	-999	P	817
1268840457745	0	RECOG_CR_PRES	10	YOUTH	1634	-999	P	129
1268840458178	1	RECOG_FEEDBACK	1
1268840458935	0	RECOG_PRES	10	GARLIC	624	-999	P	907
1268840460211	0	RECOG_CR_PRES	10	GARLIC	624	-999	P	143
1268840460670	1	RECOG_FEEDBACK	1
1268840461453	0	RECOG_PRES	10	NURSE	963	-999	P	1157
1268840462985	0	RECOG_CR_PRES	10	NURSE	963	-999	P	153
1268840463469	1	RECOG_FEEDBACK	0
1268840464228	0	RECOG_PRES	10	COMET	353	-999	P	1150
1268840465753	0	RECOG_CR_PRES	10	COMET	353	-999	P	113
1268840466178	1	RECOG_FEEDBACK	1
1268840466919	0	RECOG_PRES	10	COUNTRY	388	-999	P	866
1268840468177	0	RECOG_CR_PRES	10	COUNTRY	388	-999	P	73
1268840468553	1	RECOG_FEEDBACK	1
1268840469311	0	RECOG_PRES	10	GAVEL	627	-999	P	771
1268840470452	0	RECOG_CR_PRES	10	GAVEL	627	-999	P	166
1268840470919	1	RECOG_FEEDBACK	1
1268840471694	0	RECOG_PRES	10	LAKE	796	-999	P	820
1268840472885	0	RECOG_CR_PRES	10	LAKE	796	-999	P	133
1268840473327	1	RECOG_FEEDBACK	1
1268840474069	0	RECOG_PRES	10	JEANS	752	-999	P	789
1268840475227	0	RECOG_CR_PRES	10	JEANS	752	-999	P	215
1268840475735	1	RECOG_FEEDBACK	1
1268840476460	0	RECOG_PRES	10	PAINT	1003	-999	P	1006
1268840477835	0	RECOG_CR_PRES	10	PAINT	1003	-999	P	199
1268840478352	1	RECOG_FEEDBACK	1
1268840479127	0	RECOG_PRES	10	WINDOW	1611	-999	P	947
1268840480443	0	RECOG_CR_PRES	10	WINDOW	1611	-999	P	239
1268840480992	1	RECOG_FEEDBACK	1
1268840481768	0	RECOG_PRES	10	BELT	120	-999	P	978
1268840483118	0	RECOG_CR_PRES	10	BELT	120	-999	P	140
1268840483601	1	RECOG_FEEDBACK	0
1268840484326	0	RECOG_PRES	10	CORPORATION	382	-999	P	1020
1268840485709	0	RECOG_CR_PRES	10	CORPORATION	382	-999	P	141
1268840486159	1	RECOG_FEEDBACK	1
1268840486876	0	RECOG_PRES	10	BRIDE	173	-999	P	1206
1268840488451	0	RECOG_CR_PRES	10	BRIDE	173	-999	P	167
1268840488942	1	RECOG_FEEDBACK	0
1268840489726	0	RECOG_PRES	10	KIWI	781	-999	P	996
1268840491092	0	RECOG_CR_PRES	10	KIWI	781	-999	P	150
1268840491551	1	RECOG_FEEDBACK	1
1268840492359	0	RECOG_PRES	10	GYM	674	-999	P	1019
1268840493751	0	RECOG_CR_PRES	10	GYM	674	-999	P	147
1268840494201	1	RECOG_FEEDBACK	1
1268840494917	0	RECOG_PRES	10	COCKTAIL	338	-999	P	1189
1268840496475	0	RECOG_CR_PRES	10	COCKTAIL	338	-999	P	143
1268840496925	1	RECOG_FEEDBACK	0
1268840498384	0	REST
1268840499319	1	REC_START
1268840499359	0	RECOG_PRES	11	COMPUTER	359	-999	P	1763
1268840501492	0	RECOG_CR_PRES	11	COMPUTER	359	-999	P	118
1268840501941	1	RECOG_FEEDBACK	1
1268840502675	0	RECOG_PRES	11	FEATHER	557	-999	P	823
1268840503867	0	RECOG_CR_PRES	11	FEATHER	557	-999	P	151
1268840504316	1	RECOG_FEEDBACK	1
1268840505066	0	RECOG_PRES	11	BOSS	152	-999	P	752
1268840506191	0	RECOG_CR_PRES	11	BOSS	152	-999	P	83
1268840506575	1	RECOG_FEEDBACK	1
1268840507366	0	RECOG_PRES	11	CUPBOARD	425	-999	P	716
1268840508458	0	RECOG_CR_PRES	11	CUPBOARD	425	-999	P	160
1268840508908	1	RECOG_FEEDBACK	1
1268840509633	0	RECOG_PRES	11	COBBLER	335	-999	P	873
1268840510874	0	RECOG_CR_PRES	11	COBBLER	335	-999	P	136
1268840511316	1	RECOG_FEEDBACK	1
1268840512049	0	RECOG_PRES	11	CONVICT	371	-999	P	825
1268840513249	0	RECOG_CR_PRES	11	CONVICT	371	-999	P	145
1268840513691	1	RECOG_FEEDBACK	1
1268840514407	0	RECOG_PRES	11	CAKE	219	-999	P	763
1268840515541	0	RECOG_CR_PRES	11	CAKE	219	-999	P	141
1268840515990	1	RECOG_FEEDBACK	1
1268840516732	0	RECOG_PRES	11	SOCK	1339	-999	P	798
1268840517899	0	RECOG_CR_PRES	11	SOCK	1339	-999	P	135
1268840518340	1	RECOG_FEEDBACK	1
1268840519132	0	RECOG_PRES	11	TREAT	1501	-999	P	1014
1268840520515	0	RECOG_CR_PRES	11	TREAT	1501	-999	P	143
1268840520973	1	RECOG_FEEDBACK	1
1268840521765	0	RECOG_PRES	11	BLOUSE	139	-999	P	869
1268840523007	0	RECOG_CR_PRES	11	BLOUSE	139	-999	P	106
1268840523440	1	RECOG_FEEDBACK	1
1268840524182	0	RECOG_PRES	11	HOSPITAL	721	-999	P	972
1268840525523	0	RECOG_CR_PRES	11	HOSPITAL	721	-999	P	119
1268840525964	1	RECOG_FEEDBACK	1
1268840526773	0	RECOG_PRES	11	PARROT	1015	-999	P	901
1268840528048	0	RECOG_CR_PRES	11	PARROT	1015	-999	P	82
1268840528440	1	RECOG_FEEDBACK	1
1268840529240	0	RECOG_PRES	11	BUGGY	188	-999	P	1562
1268840531173	0	RECOG_CR_PRES	11	BUGGY	188	-999	P	165
1268840531681	1	RECOG_FEEDBACK	1
1268840532448	0	RECOG_PRES	11	LILY	821	-999	P	1154
1268840533972	0	RECOG_CR_PRES	11	LILY	821	-999	P	118
1268840534414	1	RECOG_FEEDBACK	1
1268840535156	0	RECOG_PRES	11	PARENT	1013	-999	P	1142
1268840536673	0	RECOG_CR_PRES	11	PARENT	1013	-999	P	193
1268840537197	1	RECOG_FEEDBACK	1
1268840537996	0	RECOG_PRES	11	GOLD	647	-999	P	1078
1268840539447	0	RECOG_CR_PRES	11	GOLD	647	-999	P	227
1268840539988	1	RECOG_FEEDBACK	1
1268840540731	0	RECOG_PRES	11	SHRUB	1299	-999	P	919
1268840542022	0	RECOG_CR_PRES	11	SHRUB	1299	-999	P	172
1268840542505	1	RECOG_FEEDBACK	1
1268840543264	0	RECOG_PRES	11	ELM	527	-999	P	841
1268840544505	0	RECOG_CR_PRES	11	ELM	527	-999	P	321
1268840545130	1	RECOG_FEEDBACK	1
1268840545938	0	RECOG_PRES	11	ACROBAT	4	-999	P	1047
1268840547347	0	RECOG_CR_PRES	11	ACROBAT	4	-999	P	151
1268840547805	1	RECOG_FEEDBACK	1
1268840548605	0	RECOG_PRES	11	TUBE	1516	-999	P	1653
1268840550630	0	RECOG_CR_PRES	11	TUBE	1516	-999	P	116
1268840551088	1	RECOG_FEEDBACK	1
1268840552571	0	REST
1268840553651	1	REC_START
1268840553688	0	RECOG_PRES	12	SUMMIT	1405	-999	P	1114
1268840555171	0	RECOG_CR_PRES	12	SUMMIT	1405	-999	P	151
1268840555629	1	RECOG_FEEDBACK	0
1268840556338	0	RECOG_PRES	12	CAPITAL	238	-999	P	1360
1268840558071	0	RECOG_CR_PRES	12	CAPITAL	238	-999	P	123
1268840558504	1	RECOG_FEEDBACK	1
1268840559271	0	RECOG_PRES	12	SHOELACE	1289	-999	P	834
1268840560504	0	RECOG_CR_PRES	12	SHOELACE	1289	-999	P	74
1268840560871	1	RECOG_FEEDBACK	1
1268840561671	0	RECOG_PRES	12	PITCHFORK	1078	-999	P	971
1268840563012	0	RECOG_CR_PRES	12	PITCHFORK	1078	-999	P	78
1268840563421	1	RECOG_FEEDBACK	1
1268840564187	0	RECOG_PRES	12	ABDOMEN	1	-999	P	951
1268840565512	0	RECOG_CR_PRES	12	ABDOMEN	1	-999	P	202
1268840566020	1	RECOG_FEEDBACK	1
1268840566820	0	RECOG_PRES	12	PHYSICIAN	1056	-999	P	918
1268840568112	0	RECOG_CR_PRES	12	PHYSICIAN	1056	-999	P	138
1268840568562	1	RECOG_FEEDBACK	1
1268840569279	0	RECOG_PRES	12	PLAQUE	1084	-999	P	890
1268840570578	0	RECOG_CR_PRES	12	PLAQUE	1084	-999	P	128
1268840571020	1	RECOG_FEEDBACK	1
1268840571812	0	RECOG_PRES	12	CONCERT	360	-999	P	1149
1268840573328	0	RECOG_CR_PRES	12	CONCERT	360	-999	P	130
1268840573786	1	RECOG_FEEDBACK	1
1268840574536	0	RECOG_PRES	12	TERRITORY	1452	-999	P	1425
1268840576328	0	RECOG_CR_PRES	12	TERRITORY	1452	-999	P	130
1268840576786	1	RECOG_FEEDBACK	1
1268840577520	0	RECOG_PRES	12	LABEL	790	-999	P	866
1268840578761	0	RECOG_CR_PRES	12	LABEL	790	-999	P	161
1268840579236	1	RECOG_FEEDBACK	1
1268840579985	0	RECOG_PRES	12	CHAIRPERSON	275	-999	P	1281
1268840581636	0	RECOG_CR_PRES	12	CHAIRPERSON	275	-999	P	174
1268840582128	1	RECOG_FEEDBACK	1
1268840582919	0	RECOG_PRES	12	KANGAROO	768	-999	P	1018
1268840584302	0	RECOG_CR_PRES	12	KANGAROO	768	-999	P	508
1268840585127	1	RECOG_FEEDBACK	1
1268840585869	0	RECOG_PRES	12	SHOE	1288	-999	P	858
1268840587127	0	RECOG_CR_PRES	12	SHOE	1288	-999	P	83
1268840587519	1	RECOG_FEEDBACK	1
1268840588244	0	RECOG_PRES	12	CLAW	319	-999	P	1214
1268840589827	0	RECOG_CR_PRES	12	CLAW	319	-999	P	110
1268840590260	1	RECOG_FEEDBACK	1
1268840591060	0	RECOG_PRES	12	PADDLE	1000	-999	P	1118
1268840592552	0	RECOG_CR_PRES	12	PADDLE	1000	-999	P	98
1268840592951	1	RECOG_FEEDBACK	1
1268840593668	0	RECOG_PRES	12	QUARTER	1148	-999	P	870
1268840594910	0	RECOG_CR_PRES	12	QUARTER	1148	-999	P	212
1268840595410	1	RECOG_FEEDBACK	1
1268840596177	0	RECOG_PRES	12	WINGS	1614	-999	P	945
1268840597493	0	RECOG_CR_PRES	12	WINGS	1614	-999	P	173
1268840597975	1	RECOG_FEEDBACK	1
1268840598768	0	RECOG_PRES	12	SWORD	1423	-999	P	1074
1268840600218	0	RECOG_CR_PRES	12	SWORD	1423	-999	P	136
1268840600676	1	RECOG_FEEDBACK	1
1268840601476	0	RECOG_PRES	12	SCENERY	1247	-999	P	1190
1268840603034	0	RECOG_CR_PRES	12	SCENERY	1247	-999	P	176
1268840603518	1	RECOG_FEEDBACK	1
1268840604284	0	RECOG_PRES	12	CABINET	212	-999	P	677
1268840605326	0	RECOG_CR_PRES	12	CABINET	212	-999	P	228
1268840605834	1	RECOG_FEEDBACK	1
1268840607334	0	REST
1268840608361	1	REC_START
1268840608392	0	RECOG_PRES	13	ZEBRA	1635	-999	P	1042
1268840609809	0	RECOG_CR_PRES	13	ZEBRA	1635	-999	P	136
1268840610251	1	RECOG_FEEDBACK	1
1268840610966	0	RECOG_PRES	13	WOUND	1624	-999	P	788
1268840612125	0	RECOG_CR_PRES	13	WOUND	1624	-999	P	141
1268840612559	1	RECOG_FEEDBACK	1
1268840613300	0	RECOG_PRES	13	FIG	563	-999	P	854
1268840614525	0	RECOG_CR_PRES	13	FIG	563	-999	P	141
1268840614974	1	RECOG_FEEDBACK	1
1268840615733	0	RECOG_PRES	13	INSTRUCTOR	741	-999	P	973
1268840617075	0	RECOG_CR_PRES	13	INSTRUCTOR	741	-999	P	159
1268840617550	1	RECOG_FEEDBACK	1
1268840618308	0	RECOG_PRES	13	MOTHER	921	-999	P	1422
1268840620100	0	RECOG_CR_PRES	13	MOTHER	921	-999	P	190
1268840620641	1	RECOG_FEEDBACK	1
1268840621416	0	RECOG_PRES	13	STAPLER	1372	-999	P	786
1268840622575	0	RECOG_CR_PRES	13	STAPLER	1372	-999	P	147
1268840623025	1	RECOG_FEEDBACK	1
1268840623741	0	RECOG_PRES	13	JET	756	-999	P	1141
1268840625249	0	RECOG_CR_PRES	13	JET	756	-999	P	97
1268840625658	1	RECOG_FEEDBACK	1
1268840626466	0	RECOG_PRES	13	PELT	1040	-999	P	1128
1268840627965	0	RECOG_CR_PRES	13	PELT	1040	-999	P	309
1268840628599	1	RECOG_FEEDBACK	1
1268840629358	0	RECOG_PRES	13	MAPLE	866	-999	P	780
1268840630507	0	RECOG_CR_PRES	13	MAPLE	866	-999	P	167
1268840630965	1	RECOG_FEEDBACK	1
1268840631691	0	RECOG_PRES	13	MECHANIC	884	-999	P	1551
1268840633616	0	RECOG_CR_PRES	13	MECHANIC	884	-999	P	18
1268840633956	1	RECOG_FEEDBACK	0
1268840634749	0	RECOG_PRES	13	BATHTUB	100	-999	P	807
1268840635956	0	RECOG_CR_PRES	13	BATHTUB	100	-999	P	126
1268840636390	1	RECOG_FEEDBACK	1
1268840637107	0	RECOG_PRES	13	CENT	270	-999	P	1055
1268840638532	0	RECOG_CR_PRES	13	CENT	270	-999	P	182
1268840639015	1	RECOG_FEEDBACK	0
1268840639798	0	RECOG_PRES	13	PURSE	1145	-999	P	900
1268840641073	0	RECOG_CR_PRES	13	PURSE	1145	-999	P	217
1268840641590	1	RECOG_FEEDBACK	1
1268840642323	0	RECOG_PRES	13	POLYESTER	1100	-999	P	871
1268840643565	0	RECOG_CR_PRES	13	POLYESTER	1100	-999	P	149
1268840644023	1	RECOG_FEEDBACK	1
1268840644765	0	RECOG_PRES	13	CATTLE	261	-999	P	845
1268840645980	0	RECOG_CR_PRES	13	CATTLE	261	-999	P	142
1268840646423	1	RECOG_FEEDBACK	1
1268840647165	0	RECOG_PRES	13	APRON	35	-999	P	845
1268840648381	0	RECOG_CR_PRES	13	APRON	35	-999	P	117
1268840648806	1	RECOG_FEEDBACK	1
1268840649606	0	RECOG_PRES	13	LANDSCAPE	799	-999	P	956
1268840650931	0	RECOG_CR_PRES	13	LANDSCAPE	799	-999	P	127
1268840651373	1	RECOG_FEEDBACK	1
1268840652148	0	RECOG_PRES	13	PLATE	1086	-999	P	942
1268840653464	0	RECOG_CR_PRES	13	PLATE	1086	-999	P	146
1268840653922	1	RECOG_FEEDBACK	0
1268840654714	0	RECOG_PRES	13	WINNER	1615	-999	P	1064
1268840656147	0	RECOG_CR_PRES	13	WINNER	1615	-999	P	175
1268840656622	1	RECOG_FEEDBACK	1
1268840657389	0	RECOG_PRES	13	LIEUTENANT	818	-999	P	832
1268840658622	0	RECOG_CR_PRES	13	LIEUTENANT	818	-999	P	108
1268840659022	1	RECOG_FEEDBACK	1
1268840659790	0	RECOG_END
1268840668696	0	SESS_END
1268840668737	0	E	Logging Ends
