1271254908553	0	B	Logging Begins
1271254908554	0	SESS_START	15
1271254955142	1	FR_PRES	0	COYOTE	396	1	1	1708	(0.42259999999999998, 0.58709999999999996, 0)	../fonts/zerothre.ttf	lower
1271254959200	1	FR_PRES	0	OX	994	1	1	1274	(0.42259999999999998, 0.58709999999999996, 0)	../fonts/zerothre.ttf	lower
1271254963325	1	FR_PRES	0	ROBIN	1199	1	1	1181	(0.42259999999999998, 0.58709999999999996, 0)	../fonts/zerothre.ttf	lower
1271254967224	1	FR_PRES	0	SPARROW	1347	1	1	1226	(0.42259999999999998, 0.58709999999999996, 0)	../fonts/zerothre.ttf	lower
1271254971132	1	FR_PRES	0	SCALLOP	1242	1	1	1638	(0.42259999999999998, 0.58709999999999996, 0)	../fonts/zerothre.ttf	lower
1271254975240	1	FR_PRES	0	CYLINDER	432	0	0	2434	(0.57740000000000002, 0.41289999999999999, 1.0)	../fonts/amplitud.ttf	upper
1271254979406	1	FR_PRES	0	CHIME	300	0	0	1805	(0.57740000000000002, 0.41289999999999999, 1.0)	../fonts/amplitud.ttf	upper
1271254983547	1	FR_PRES	0	BARK	87	0	0	2239	(0.57740000000000002, 0.41289999999999999, 1.0)	../fonts/amplitud.ttf	upper
1271254987622	1	FR_PRES	0	TRIANGLE	1504	1	0	1557	(0.42259999999999998, 0.58709999999999996, 0)	../fonts/zerothre.ttf	lower
1271254991821	1	FR_PRES	0	CREEK	404	1	0	1454	(0.42259999999999998, 0.58709999999999996, 0)	../fonts/zerothre.ttf	lower
1271254995796	1	FR_PRES	0	SWAMP	1416	1	0	1343	(0.42259999999999998, 0.58709999999999996, 0)	../fonts/zerothre.ttf	lower
1271254999938	1	FR_PRES	0	MAILBOX	857	0	1	2040	(0.57740000000000002, 0.41289999999999999, 1.0)	../fonts/amplitud.ttf	upper
1271255004088	1	FR_PRES	0	RACK	1154	0	0	2059	(0.57740000000000002, 0.41289999999999999, 1.0)	../fonts/amplitud.ttf	upper
1271255008046	1	FR_PRES	0	SAP	1233	0	0	1716	(0.57740000000000002, 0.41289999999999999, 1.0)	../fonts/amplitud.ttf	upper
1271255012004	1	FR_PRES	0	CLOUD	328	0	1	1215	(0.57740000000000002, 0.41289999999999999, 1.0)	../fonts/amplitud.ttf	upper
1271255016079	1	FR_PRES	0	CLAM	315	0	0	1763	(0.57740000000000002, 0.41289999999999999, 1.0)	../fonts/amplitud.ttf	upper
1271255022179	1	REC_START
1271255101739	0	REST
1271255103239	1	FR_PRES	1	COLLAR	345	0	0	1275	(0.57740000000000002, 0.41289999999999999, 1.0)	../fonts/amplitud.ttf	upper
1271255107122	1	FR_PRES	1	MATTRESS	879	0	0	1448	(0.57740000000000002, 0.41289999999999999, 1.0)	../fonts/amplitud.ttf	upper
1271255110963	1	FR_PRES	1	SPONGE	1355	0	0	1352	(0.57740000000000002, 0.41289999999999999, 1.0)	../fonts/amplitud.ttf	upper
1271255115122	1	FR_PRES	1	SEA	1259	1	0	1209	(0.42259999999999998, 0.58709999999999996, 0)	../fonts/zerothre.ttf	lower
1271255118979	1	FR_PRES	1	LEOPARD	812	1	1	1088	(0.42259999999999998, 0.58709999999999996, 0)	../fonts/zerothre.ttf	lower
1271255122945	1	FR_PRES	1	PHOTO	1055	1	0	1777	(0.42259999999999998, 0.58709999999999996, 0)	../fonts/zerothre.ttf	lower
1271255127113	1	FR_PRES	1	THICKET	1455	1	0	2377	(0.42259999999999998, 0.58709999999999996, 0)	../fonts/zerothre.ttf	lower
1271255131187	1	FR_PRES	1	CRUTCH	417	1	0	1160	(0.42259999999999998, 0.58709999999999996, 0)	../fonts/zerothre.ttf	lower
1271255135104	1	FR_PRES	1	THIGH	1457	1	0	1506	(0.42259999999999998, 0.58709999999999996, 0)	../fonts/zerothre.ttf	lower
1271255139012	1	FR_PRES	1	OWL	992	0	0	2382	(0.57740000000000002, 0.41289999999999999, 1.0)	../fonts/amplitud.ttf	upper
1271255143086	1	FR_PRES	1	LEADER	807	0	1	1812	(0.57740000000000002, 0.41289999999999999, 1.0)	../fonts/amplitud.ttf	upper
1271255147228	1	FR_PRES	1	PANTHER	1009	0	1	1943	(0.57740000000000002, 0.41289999999999999, 1.0)	../fonts/amplitud.ttf	upper
1271255151393	1	FR_PRES	1	LACE	792	1	0	1658	(0.42259999999999998, 0.58709999999999996, 0)	../fonts/zerothre.ttf	lower
1271255155543	1	FR_PRES	1	ROOT	1210	1	1	1476	(0.42259999999999998, 0.58709999999999996, 0)	../fonts/zerothre.ttf	lower
1271255159718	1	FR_PRES	1	KEEPER	769	0	1	1756	(0.57740000000000002, 0.41289999999999999, 1.0)	../fonts/amplitud.ttf	upper
1271255163651	1	FR_PRES	1	BASEMENT	94	0	1	1255	(0.57740000000000002, 0.41289999999999999, 1.0)	../fonts/amplitud.ttf	upper
1271255169568	1	REC_START
1271255248079	0	REST
1271255249586	1	FR_PRES	2	TAIL	1430	0	0	1256	(0.57740000000000002, 0.41289999999999999, 1.0)	../fonts/amplitud.ttf	upper
1271255253769	1	FR_PRES	2	NEPTUNE	943	0	1	1314	(0.57740000000000002, 0.41289999999999999, 1.0)	../fonts/amplitud.ttf	upper
1271255257719	1	FR_PRES	2	PLUTO	1092	0	1	1508	(0.57740000000000002, 0.41289999999999999, 1.0)	../fonts/amplitud.ttf	upper
1271255261668	1	FR_PRES	2	POOL	1103	0	1	1262	(0.57740000000000002, 0.41289999999999999, 1.0)	../fonts/amplitud.ttf	upper
1271255265493	1	FR_PRES	2	BONE	148	0	0	1574	(0.57740000000000002, 0.41289999999999999, 1.0)	../fonts/amplitud.ttf	upper
1271255269401	1	FR_PRES	2	ELEVATOR	524	0	1	1361	(0.57740000000000002, 0.41289999999999999, 1.0)	../fonts/amplitud.ttf	upper
1271255273426	1	FR_PRES	2	SHRINE	1298	0	1	1344	(0.57740000000000002, 0.41289999999999999, 1.0)	../fonts/amplitud.ttf	upper
1271255277310	1	FR_PRES	2	CORAL	378	0	0	1965	(0.57740000000000002, 0.41289999999999999, 1.0)	../fonts/amplitud.ttf	upper
1271255281168	1	FR_PRES	2	DENTIST	447	0	1	1282	(0.57740000000000002, 0.41289999999999999, 1.0)	../fonts/amplitud.ttf	upper
1271255285276	1	FR_PRES	2	MEDICINE	886	0	0	1606	(0.57740000000000002, 0.41289999999999999, 1.0)	../fonts/amplitud.ttf	upper
1271255289118	1	FR_PRES	2	CREATURE	403	0	1	2005	(0.57740000000000002, 0.41289999999999999, 1.0)	../fonts/amplitud.ttf	upper
1271255293092	1	FR_PRES	2	CANYON	235	0	1	1414	(0.57740000000000002, 0.41289999999999999, 1.0)	../fonts/amplitud.ttf	upper
1271255297292	1	FR_PRES	2	MONASTERY	907	0	1	1414	(0.57740000000000002, 0.41289999999999999, 1.0)	../fonts/amplitud.ttf	upper
1271255301491	1	FR_PRES	2	RECEIPT	1173	0	0	1552	(0.57740000000000002, 0.41289999999999999, 1.0)	../fonts/amplitud.ttf	upper
1271255305465	1	FR_PRES	2	PAWN	1030	0	1	2169	(0.57740000000000002, 0.41289999999999999, 1.0)	../fonts/amplitud.ttf	upper
1271255309274	1	FR_PRES	2	REEF	1177	0	0	2200	(0.57740000000000002, 0.41289999999999999, 1.0)	../fonts/amplitud.ttf	upper
1271255314957	1	REC_START
1271255477661	0	REST
1271255479162	1	FR_PRES	3	GORILLA	650	0	1	1704	(0.57740000000000002, 0.41289999999999999, 1.0)	../fonts/amplitud.ttf	upper
1271255483220	1	FR_PRES	3	SUMMIT	1405	0	1	1598	(0.57740000000000002, 0.41289999999999999, 1.0)	../fonts/amplitud.ttf	upper
1271255487061	1	FR_PRES	3	DRIVER	499	0	1	1597	(0.57740000000000002, 0.41289999999999999, 1.0)	../fonts/amplitud.ttf	upper
1271255491211	1	FR_PRES	3	STABLE	1363	0	1	1072	(0.57740000000000002, 0.41289999999999999, 1.0)	../fonts/amplitud.ttf	upper
1271255495311	1	FR_PRES	3	TRACTOR	1493	0	1	1235	(0.57740000000000002, 0.41289999999999999, 1.0)	../fonts/amplitud.ttf	upper
1271255499426	1	FR_PRES	3	VOLLEYBALL	1576	0	0	1232	(0.57740000000000002, 0.41289999999999999, 1.0)	../fonts/amplitud.ttf	upper
1271255503344	1	FR_PRES	3	HATCHET	691	0	0	1210	(0.57740000000000002, 0.41289999999999999, 1.0)	../fonts/amplitud.ttf	upper
1271255507451	1	FR_PRES	3	SILVERWARE	1308	0	0	1439	(0.57740000000000002, 0.41289999999999999, 1.0)	../fonts/amplitud.ttf	upper
1271255511409	1	FR_PRES	3	SHRIMP	1297	0	0	1169	(0.57740000000000002, 0.41289999999999999, 1.0)	../fonts/amplitud.ttf	upper
1271255515558	1	FR_PRES	3	BUGGY	188	0	1	948	(0.57740000000000002, 0.41289999999999999, 1.0)	../fonts/amplitud.ttf	upper
1271255519533	1	FR_PRES	3	CHIMPANZEE	302	0	1	1933	(0.57740000000000002, 0.41289999999999999, 1.0)	../fonts/amplitud.ttf	upper
1271255523741	1	FR_PRES	3	TANK	1432	0	1	1109	(0.57740000000000002, 0.41289999999999999, 1.0)	../fonts/amplitud.ttf	upper
1271255527791	1	FR_PRES	3	CONE	363	0	0	1324	(0.57740000000000002, 0.41289999999999999, 1.0)	../fonts/amplitud.ttf	upper
1271255531932	1	FR_PRES	3	CHOCOLATE	306	0	0	2399	(0.57740000000000002, 0.41289999999999999, 1.0)	../fonts/amplitud.ttf	upper
1271255535974	1	FR_PRES	3	THORN	1459	0	0	1117	(0.57740000000000002, 0.41289999999999999, 1.0)	../fonts/amplitud.ttf	upper
1271255539907	1	FR_PRES	3	CABIN	211	0	1	1432	(0.57740000000000002, 0.41289999999999999, 1.0)	../fonts/amplitud.ttf	upper
1271255545940	1	REC_START
1271255557227	0	REJECT
1271255569610	0	REJECT
1271255654373	0	REST
1271255655881	1	FR_PRES	4	BISCUIT	130	-1	-1	-1271255655881	white	../fonts/Verdana.ttf	upper
1271255659881	1	FR_PRES	4	POPCORN	1104	-1	-1	-1271255659881	white	../fonts/Verdana.ttf	upper
1271255663989	1	FR_PRES	4	HUMAN	726	-1	-1	-1271255663989	white	../fonts/Verdana.ttf	upper
1271255667806	1	FR_PRES	4	SLEIGH	1325	-1	-1	-1271255667806	white	../fonts/Verdana.ttf	upper
1271255671939	1	FR_PRES	4	CARDINAL	244	-1	-1	-1271255671939	white	../fonts/Verdana.ttf	upper
1271255675888	1	FR_PRES	4	BRIEFCASE	175	-1	-1	-1271255675888	white	../fonts/Verdana.ttf	upper
1271255679871	1	FR_PRES	4	STAPLER	1372	-1	-1	-1271255679871	white	../fonts/Verdana.ttf	upper
1271255683713	1	FR_PRES	4	CHISEL	305	-1	-1	-1271255683713	white	../fonts/Verdana.ttf	upper
1271255687687	1	FR_PRES	4	HERD	705	-1	-1	-1271255687687	white	../fonts/Verdana.ttf	upper
1271255691720	1	FR_PRES	4	OFFICE	972	-1	-1	-1271255691720	white	../fonts/Verdana.ttf	upper
1271255695612	1	FR_PRES	4	TOOL	1480	-1	-1	-1271255695612	white	../fonts/Verdana.ttf	upper
1271255699570	1	FR_PRES	4	TYPIST	1532	-1	-1	-1271255699570	white	../fonts/Verdana.ttf	upper
1271255703670	1	FR_PRES	4	MAGICIAN	854	-1	-1	-1271255703670	white	../fonts/Verdana.ttf	upper
1271255707561	1	FR_PRES	4	WAND	1586	-1	-1	-1271255707561	white	../fonts/Verdana.ttf	upper
1271255711527	1	FR_PRES	4	GOVERNOR	651	-1	-1	-1271255711527	white	../fonts/Verdana.ttf	upper
1271255715727	1	FR_PRES	4	FLORIDA	582	-1	-1	-1271255715727	white	../fonts/Verdana.ttf	upper
1271255721536	1	REC_START
1271255742410	0	REJECT
1271255767626	0	REJECT
1271255769530	0	REJECT
1271255851417	0	REST
1271255852925	1	FR_PRES	5	PEACH	1031	1	0	1118	(0.42259999999999998, 0.58709999999999996, 0)	../fonts/zerothre.ttf	lower
1271255856833	1	FR_PRES	5	UNDERWEAR	1537	1	0	1418	(0.42259999999999998, 0.58709999999999996, 0)	../fonts/zerothre.ttf	lower
1271255860858	1	FR_PRES	5	PONY	1102	1	1	1128	(0.42259999999999998, 0.58709999999999996, 0)	../fonts/zerothre.ttf	lower
1271255864791	1	FR_PRES	5	COFFEE	341	1	0	1428	(0.42259999999999998, 0.58709999999999996, 0)	../fonts/zerothre.ttf	lower
1271255868966	1	FR_PRES	5	LADY	794	1	1	1133	(0.42259999999999998, 0.58709999999999996, 0)	../fonts/zerothre.ttf	lower
1271255872791	1	FR_PRES	5	BEAVER	109	1	1	1003	(0.42259999999999998, 0.58709999999999996, 0)	../fonts/zerothre.ttf	lower
1271255876957	1	FR_PRES	5	COLT	349	1	1	1366	(0.42259999999999998, 0.58709999999999996, 0)	../fonts/zerothre.ttf	lower
1271255880807	1	FR_PRES	5	BOWL	158	1	0	1115	(0.42259999999999998, 0.58709999999999996, 0)	../fonts/zerothre.ttf	lower
1271255884673	1	FR_PRES	5	TOMB	1477	1	0	1161	(0.42259999999999998, 0.58709999999999996, 0)	../fonts/zerothre.ttf	lower
1271255888564	1	FR_PRES	5	CEMETERY	269	1	0	1334	(0.42259999999999998, 0.58709999999999996, 0)	../fonts/zerothre.ttf	lower
1271255892647	1	FR_PRES	5	SLOPE	1328	1	0	1235	(0.42259999999999998, 0.58709999999999996, 0)	../fonts/zerothre.ttf	lower
1271255896847	1	FR_PRES	5	KNOT	788	1	0	2795	(0.42259999999999998, 0.58709999999999996, 0)	../fonts/zerothre.ttf	lower
1271255900755	1	FR_PRES	5	DOVE	491	1	1	1135	(0.42259999999999998, 0.58709999999999996, 0)	../fonts/zerothre.ttf	lower
1271255904680	1	FR_PRES	5	WINGS	1614	1	0	1938	(0.42259999999999998, 0.58709999999999996, 0)	../fonts/zerothre.ttf	lower
1271255908605	1	FR_PRES	5	HEART	697	1	1	1574	(0.42259999999999998, 0.58709999999999996, 0)	../fonts/zerothre.ttf	lower
1271255912463	1	FR_PRES	5	CHEST	295	1	0	1475	(0.42259999999999998, 0.58709999999999996, 0)	../fonts/zerothre.ttf	lower
1271255918156	1	REC_START
1271255923323	0	REJECT
1271255924634	0	REJECT
1271255929315	0	REJECT
1271255947666	0	REJECT
1271255986874	0	REJECT
1271255996124	0	REST
1271255997631	1	FR_PRES	6	JET	756	1	0	1227	(0.42259999999999998, 0.58709999999999996, 0)	../fonts/zerothre.ttf	lower
1271256001689	1	FR_PRES	6	CAP	236	1	0	1217	(0.42259999999999998, 0.58709999999999996, 0)	../fonts/zerothre.ttf	lower
1271256005823	1	FR_PRES	6	ISLAND	745	1	0	971	(0.42259999999999998, 0.58709999999999996, 0)	../fonts/zerothre.ttf	lower
1271256009664	1	FR_PRES	6	DIVER	476	1	1	1866	(0.42259999999999998, 0.58709999999999996, 0)	../fonts/zerothre.ttf	lower
1271256013764	1	FR_PRES	6	ACTRESS	6	1	1	862	(0.42259999999999998, 0.58709999999999996, 0)	../fonts/zerothre.ttf	lower
1271256017705	1	FR_PRES	6	PIMPLE	1071	1	0	2185	(0.42259999999999998, 0.58709999999999996, 0)	../fonts/zerothre.ttf	lower
1271256021746	1	FR_PRES	6	LIVER	833	1	0	864	(0.42259999999999998, 0.58709999999999996, 0)	../fonts/zerothre.ttf	lower
1271256025654	1	FR_PRES	6	VITAMIN	1574	1	0	940	(0.42259999999999998, 0.58709999999999996, 0)	../fonts/zerothre.ttf	lower
1271256029812	1	FR_PRES	6	MEAL	882	1	0	1142	(0.42259999999999998, 0.58709999999999996, 0)	../fonts/zerothre.ttf	lower
1271256033904	1	FR_PRES	6	ANT	25	1	1	802	(0.42259999999999998, 0.58709999999999996, 0)	../fonts/zerothre.ttf	lower
1271256037829	1	FR_PRES	6	FOLLOWER	589	1	1	1037	(0.42259999999999998, 0.58709999999999996, 0)	../fonts/zerothre.ttf	lower
1271256041670	1	FR_PRES	6	TERMINAL	1450	1	0	1461	(0.42259999999999998, 0.58709999999999996, 0)	../fonts/zerothre.ttf	lower
1271256045795	1	FR_PRES	6	REPTILE	1185	1	1	983	(0.42259999999999998, 0.58709999999999996, 0)	../fonts/zerothre.ttf	lower
1271256049703	1	FR_PRES	6	TUBA	1515	1	0	1059	(0.42259999999999998, 0.58709999999999996, 0)	../fonts/zerothre.ttf	lower
1271256053652	1	FR_PRES	6	BAND	78	1	0	1455	(0.42259999999999998, 0.58709999999999996, 0)	../fonts/zerothre.ttf	lower
1271256057710	1	FR_PRES	6	CRAB	397	1	1	1164	(0.42259999999999998, 0.58709999999999996, 0)	../fonts/zerothre.ttf	lower
1271256063627	1	REC_START
1271256078434	0	REJECT
1271256094099	0	REJECT
1271256109091	0	REJECT
1271256115131	0	REJECT
1271256134003	0	REJECT
1271256166686	0	REST
1271256168187	1	FR_PRES	7	TOWEL	1489	-1	-1	-1271256168187	white	../fonts/Verdana.ttf	upper
1271256172103	1	FR_PRES	7	BENCH	121	-1	-1	-1271256172103	white	../fonts/Verdana.ttf	upper
1271256176111	1	FR_PRES	7	SOFA	1342	-1	-1	-1271256176111	white	../fonts/Verdana.ttf	upper
1271256180236	1	FR_PRES	7	SEAL	1262	-1	-1	-1271256180236	white	../fonts/Verdana.ttf	upper
1271256184144	1	FR_PRES	7	EARTH	515	-1	-1	-1271256184144	white	../fonts/Verdana.ttf	upper
1271256188144	1	FR_PRES	7	CAGE	218	-1	-1	-1271256188144	white	../fonts/Verdana.ttf	upper
1271256192210	1	FR_PRES	7	PARROT	1015	-1	-1	-1271256192210	white	../fonts/Verdana.ttf	upper
1271256196160	1	FR_PRES	7	KNEE	784	-1	-1	-1271256196160	white	../fonts/Verdana.ttf	upper
1271256200343	1	FR_PRES	7	TECHNICIAN	1443	-1	-1	-1271256200343	white	../fonts/Verdana.ttf	upper
1271256204550	1	FR_PRES	7	GANG	619	-1	-1	-1271256204550	white	../fonts/Verdana.ttf	upper
1271256208383	1	FR_PRES	7	SEASHORE	1263	-1	-1	-1271256208383	white	../fonts/Verdana.ttf	upper
1271256212308	1	FR_PRES	7	WRIST	1626	-1	-1	-1271256212308	white	../fonts/Verdana.ttf	upper
1271256216292	1	FR_PRES	7	AUDIENCE	59	-1	-1	-1271256216292	white	../fonts/Verdana.ttf	upper
1271256220183	1	FR_PRES	7	FROST	609	-1	-1	-1271256220183	white	../fonts/Verdana.ttf	upper
1271256224373	1	FR_PRES	7	VIRUS	1572	-1	-1	-1271256224373	white	../fonts/Verdana.ttf	upper
1271256228291	1	FR_PRES	7	CHAPEL	280	-1	-1	-1271256228291	white	../fonts/Verdana.ttf	upper
1271256234041	1	REC_START
1271256244978	0	REJECT
1271256257698	0	REJECT
1271256283466	0	REJECT
1271256284362	0	REJECT
1271256296762	0	REJECT
1271256299394	0	REJECT
1271256314318	0	REST
1271256315825	1	FR_PRES	8	CHEF	290	0	1	1673	(0.57740000000000002, 0.41289999999999999, 1.0)	../fonts/amplitud.ttf	upper
1271256319658	1	FR_PRES	8	POTATO	1115	0	0	1184	(0.57740000000000002, 0.41289999999999999, 1.0)	../fonts/amplitud.ttf	upper
1271256323658	1	FR_PRES	8	COD	340	0	0	1048	(0.57740000000000002, 0.41289999999999999, 1.0)	../fonts/amplitud.ttf	upper
1271256327624	1	FR_PRES	8	NIGHTGOWN	953	0	0	1106	(0.57740000000000002, 0.41289999999999999, 1.0)	../fonts/amplitud.ttf	upper
1271256331832	1	FR_PRES	8	PAN	1008	0	0	1379	(0.57740000000000002, 0.41289999999999999, 1.0)	../fonts/amplitud.ttf	upper
1271256335807	1	FR_PRES	8	BULLET	194	0	0	827	(0.57740000000000002, 0.41289999999999999, 1.0)	../fonts/amplitud.ttf	upper
1271256339865	1	FR_PRES	8	FLANNEL	574	0	0	1410	(0.57740000000000002, 0.41289999999999999, 1.0)	../fonts/amplitud.ttf	upper
1271256343940	1	FR_PRES	8	SUPERMARKET	1409	0	1	998	(0.57740000000000002, 0.41289999999999999, 1.0)	../fonts/amplitud.ttf	upper
1271256347948	1	FR_PRES	8	ORGAN	984	0	0	1319	(0.57740000000000002, 0.41289999999999999, 1.0)	../fonts/amplitud.ttf	upper
1271256352090	1	FR_PRES	8	MOTEL	919	0	1	1121	(0.57740000000000002, 0.41289999999999999, 1.0)	../fonts/amplitud.ttf	upper
1271256356173	1	FR_PRES	8	TART	1436	0	0	2381	(0.57740000000000002, 0.41289999999999999, 1.0)	../fonts/amplitud.ttf	upper
1271256360306	1	FR_PRES	8	LIME	823	0	0	1072	(0.57740000000000002, 0.41289999999999999, 1.0)	../fonts/amplitud.ttf	upper
1271256364131	1	FR_PRES	8	COURSE	390	0	0	2000	(0.57740000000000002, 0.41289999999999999, 1.0)	../fonts/amplitud.ttf	upper
1271256367971	1	FR_PRES	8	HIGHWAY	707	0	1	767	(0.57740000000000002, 0.41289999999999999, 1.0)	../fonts/amplitud.ttf	upper
1271256371913	1	FR_PRES	8	BAIT	70	0	0	1282	(0.57740000000000002, 0.41289999999999999, 1.0)	../fonts/amplitud.ttf	upper
1271256375929	1	FR_PRES	8	LOFT	840	0	1	1001	(0.57740000000000002, 0.41289999999999999, 1.0)	../fonts/amplitud.ttf	upper
1271256381913	1	REC_START
1271256386626	0	REJECT
1271256399203	0	REJECT
1271256402858	0	REJECT
1271256413003	0	REJECT
1271256460939	0	REST
1271256462448	1	FR_PRES	9	ANCESTOR	20	-1	-1	-1271256462448	white	../fonts/Verdana.ttf	upper
1271256466439	1	FR_PRES	9	CLAMP	316	-1	-1	-1271256466439	white	../fonts/Verdana.ttf	upper
1271256470340	1	FR_PRES	9	DASHBOARD	441	-1	-1	-1271256470340	white	../fonts/Verdana.ttf	upper
1271256474363	1	FR_PRES	9	WAX	1597	-1	-1	-1271256474363	white	../fonts/Verdana.ttf	upper
1271256478339	1	FR_PRES	9	SCHOOL	1248	-1	-1	-1271256478339	white	../fonts/Verdana.ttf	upper
1271256482463	1	FR_PRES	9	FIST	572	-1	-1	-1271256482463	white	../fonts/Verdana.ttf	upper
1271256486671	1	FR_PRES	9	ROOSTER	1209	-1	-1	-1271256486671	white	../fonts/Verdana.ttf	upper
1271256490654	1	FR_PRES	9	CHICK	296	-1	-1	-1271256490654	white	../fonts/Verdana.ttf	upper
1271256494829	1	FR_PRES	9	BUTLER	204	-1	-1	-1271256494829	white	../fonts/Verdana.ttf	upper
1271256498687	1	FR_PRES	9	LETTER	813	-1	-1	-1271256498687	white	../fonts/Verdana.ttf	upper
1271256502545	1	FR_PRES	9	DENIM	446	-1	-1	-1271256502545	white	../fonts/Verdana.ttf	upper
1271256506428	1	FR_PRES	9	RELATIVE	1182	-1	-1	-1271256506428	white	../fonts/Verdana.ttf	upper
1271256510569	1	FR_PRES	9	ARCHITECT	36	-1	-1	-1271256510569	white	../fonts/Verdana.ttf	upper
1271256514685	1	FR_PRES	9	DIPLOMA	470	-1	-1	-1271256514685	white	../fonts/Verdana.ttf	upper
1271256518527	1	FR_PRES	9	FELLOW	558	-1	-1	-1271256518527	white	../fonts/Verdana.ttf	upper
1271256522668	1	FR_PRES	9	GENTLEMAN	631	-1	-1	-1271256522668	white	../fonts/Verdana.ttf	upper
1271256528352	1	REC_START
1271256538123	0	REJECT
1271256548890	0	REJECT
1271256608987	0	REST
1271256610495	1	FR_PRES	10	CHIP	303	1	0	2099	(0.42259999999999998, 0.58709999999999996, 0)	../fonts/zerothre.ttf	lower
1271256614603	1	FR_PRES	10	JURY	766	1	1	1175	(0.42259999999999998, 0.58709999999999996, 0)	../fonts/zerothre.ttf	lower
1271256618744	1	FR_PRES	10	FOLDER	588	1	0	866	(0.42259999999999998, 0.58709999999999996, 0)	../fonts/zerothre.ttf	lower
1271256622711	1	FR_PRES	10	CLERK	321	1	1	1396	(0.42259999999999998, 0.58709999999999996, 0)	../fonts/zerothre.ttf	lower
1271256626911	1	FR_PRES	10	MARS	873	0	1	1364	(0.57740000000000002, 0.41289999999999999, 1.0)	../fonts/amplitud.ttf	upper
1271256631045	1	FR_PRES	10	GYMNAST	675	0	1	1254	(0.57740000000000002, 0.41289999999999999, 1.0)	../fonts/amplitud.ttf	upper
1271256634935	1	FR_PRES	10	JELLO	754	0	0	1252	(0.57740000000000002, 0.41289999999999999, 1.0)	../fonts/amplitud.ttf	upper
1271256638985	1	FR_PRES	10	LUGGAGE	847	0	1	1178	(0.57740000000000002, 0.41289999999999999, 1.0)	../fonts/amplitud.ttf	upper
1271256642851	1	FR_PRES	10	TEENAGER	1444	0	1	903	(0.57740000000000002, 0.41289999999999999, 1.0)	../fonts/amplitud.ttf	upper
1271256646926	1	FR_PRES	10	BIBLE	124	0	0	1397	(0.57740000000000002, 0.41289999999999999, 1.0)	../fonts/amplitud.ttf	upper
1271256651135	1	FR_PRES	10	GODDESS	646	1	0	1299	(0.42259999999999998, 0.58709999999999996, 0)	../fonts/zerothre.ttf	lower
1271256655109	1	FR_PRES	10	PUDDING	1139	1	0	1517	(0.42259999999999998, 0.58709999999999996, 0)	../fonts/zerothre.ttf	lower
1271256659143	1	FR_PRES	10	SACK	1220	1	0	1659	(0.42259999999999998, 0.58709999999999996, 0)	../fonts/zerothre.ttf	lower
1271256663092	1	FR_PRES	10	PALM	1007	1	0	2742	(0.42259999999999998, 0.58709999999999996, 0)	../fonts/zerothre.ttf	lower
1271256667167	1	FR_PRES	10	FOREST	593	0	1	1523	(0.57740000000000002, 0.41289999999999999, 1.0)	../fonts/amplitud.ttf	upper
1271256671100	1	FR_PRES	10	BOY	161	0	1	1127	(0.57740000000000002, 0.41289999999999999, 1.0)	../fonts/amplitud.ttf	upper
1271256676858	1	REC_START
1271256689099	0	REJECT
1271256690370	0	REJECT
1271256720722	0	REJECT
1271256721738	0	REJECT
1271256783167	0	REST
1271256784674	1	FR_PRES	11	CAPTIVE	240	1	0	1176	(0.42259999999999998, 0.58709999999999996, 0)	../fonts/zerothre.ttf	lower
1271256788765	1	FR_PRES	11	RUNNER	1218	1	1	997	(0.42259999999999998, 0.58709999999999996, 0)	../fonts/zerothre.ttf	lower
1271256792615	1	FR_PRES	11	MEDAL	885	1	0	1227	(0.42259999999999998, 0.58709999999999996, 0)	../fonts/zerothre.ttf	lower
1271256796498	1	FR_PRES	11	TRUCK	1512	1	0	1232	(0.42259999999999998, 0.58709999999999996, 0)	../fonts/zerothre.ttf	lower
1271256800573	1	FR_PRES	11	PARENT	1013	0	1	2109	(0.57740000000000002, 0.41289999999999999, 1.0)	../fonts/amplitud.ttf	upper
1271256804664	1	FR_PRES	11	KID	775	0	0	1146	(0.57740000000000002, 0.41289999999999999, 1.0)	../fonts/amplitud.ttf	upper
1271256808806	1	FR_PRES	11	FAMILY	550	0	1	908	(0.57740000000000002, 0.41289999999999999, 1.0)	../fonts/amplitud.ttf	upper
1271256812780	1	FR_PRES	11	SKULL	1320	0	0	830	(0.57740000000000002, 0.41289999999999999, 1.0)	../fonts/amplitud.ttf	upper
1271256816747	1	FR_PRES	11	GUN	673	1	0	1015	(0.42259999999999998, 0.58709999999999996, 0)	../fonts/zerothre.ttf	lower
1271256820896	1	FR_PRES	11	SAILOR	1223	1	1	1187	(0.42259999999999998, 0.58709999999999996, 0)	../fonts/zerothre.ttf	lower
1271256825047	1	FR_PRES	11	VESSEL	1558	0	1	1339	(0.57740000000000002, 0.41289999999999999, 1.0)	../fonts/amplitud.ttf	upper
1271256829097	1	FR_PRES	11	PISTON	1076	0	0	1938	(0.57740000000000002, 0.41289999999999999, 1.0)	../fonts/amplitud.ttf	upper
1271256832912	1	FR_PRES	11	CROWN	415	0	0	1275	(0.57740000000000002, 0.41289999999999999, 1.0)	../fonts/amplitud.ttf	upper
1271256837021	1	FR_PRES	11	MILITARY	894	0	1	1254	(0.57740000000000002, 0.41289999999999999, 1.0)	../fonts/amplitud.ttf	upper
1271256841204	1	FR_PRES	11	VAN	1548	1	0	1310	(0.42259999999999998, 0.58709999999999996, 0)	../fonts/zerothre.ttf	lower
1271256845079	1	FR_PRES	11	RULER	1216	1	0	1403	(0.42259999999999998, 0.58709999999999996, 0)	../fonts/zerothre.ttf	lower
1271256850987	1	REC_START
1271256857458	0	REJECT
1271256880586	0	REJECT
1271256926597	1	REST_REWET
1271257445551	0	REST
1271257447052	1	FR_PRES	12	GREASE	660	0	0	1686	(0.57740000000000002, 0.41289999999999999, 1.0)	../fonts/amplitud.ttf	upper
1271257451110	1	FR_PRES	12	CAB	209	0	1	949	(0.57740000000000002, 0.41289999999999999, 1.0)	../fonts/amplitud.ttf	upper
1271257455000	1	FR_PRES	12	LEVER	815	1	0	1370	(0.42259999999999998, 0.58709999999999996, 0)	../fonts/zerothre.ttf	lower
1271257458833	1	FR_PRES	12	DISHWASHER	475	1	0	1825	(0.42259999999999998, 0.58709999999999996, 0)	../fonts/zerothre.ttf	lower
1271257462899	1	FR_PRES	12	WAITER	1580	1	1	959	(0.42259999999999998, 0.58709999999999996, 0)	../fonts/zerothre.ttf	lower
1271257466716	1	FR_PRES	12	FRAGRANCE	599	0	0	2182	(0.57740000000000002, 0.41289999999999999, 1.0)	../fonts/amplitud.ttf	upper
1271257470574	1	FR_PRES	12	CONTAINER	366	0	0	940	(0.57740000000000002, 0.41289999999999999, 1.0)	../fonts/amplitud.ttf	upper
1271257474490	1	FR_PRES	12	SAW	1239	0	1	1553	(0.57740000000000002, 0.41289999999999999, 1.0)	../fonts/amplitud.ttf	upper
1271257478398	1	FR_PRES	12	KITTEN	780	1	0	1260	(0.42259999999999998, 0.58709999999999996, 0)	../fonts/zerothre.ttf	lower
1271257482456	1	FR_PRES	12	TILE	1468	1	0	867	(0.42259999999999998, 0.58709999999999996, 0)	../fonts/zerothre.ttf	lower
1271257486282	1	FR_PRES	12	HAMMER	680	1	0	1336	(0.42259999999999998, 0.58709999999999996, 0)	../fonts/zerothre.ttf	lower
1271257490190	1	FR_PRES	12	GUEST	669	1	1	788	(0.42259999999999998, 0.58709999999999996, 0)	../fonts/zerothre.ttf	lower
1271257494115	1	FR_PRES	12	BLACKBERRY	132	1	0	2016	(0.42259999999999998, 0.58709999999999996, 0)	../fonts/zerothre.ttf	lower
1271257498039	1	FR_PRES	12	FLOOR	581	0	1	1515	(0.57740000000000002, 0.41289999999999999, 1.0)	../fonts/amplitud.ttf	upper
1271257502098	1	FR_PRES	12	PENGUIN	1044	0	1	1648	(0.57740000000000002, 0.41289999999999999, 1.0)	../fonts/amplitud.ttf	upper
1271257506239	1	FR_PRES	12	PELICAN	1039	0	1	1243	(0.57740000000000002, 0.41289999999999999, 1.0)	../fonts/amplitud.ttf	upper
1271257512223	1	REC_START
1271257528107	0	REJECT
1271257538514	0	REJECT
1271257589008	0	REST
1271257590515	1	FR_PRES	13	FRANCE	601	1	0	1680	(0.42259999999999998, 0.58709999999999996, 0)	../fonts/zerothre.ttf	lower
1271257594540	1	FR_PRES	13	STONE	1385	1	0	1727	(0.42259999999999998, 0.58709999999999996, 0)	../fonts/zerothre.ttf	lower
1271257598573	1	FR_PRES	13	SAPPHIRE	1234	1	0	1893	(0.42259999999999998, 0.58709999999999996, 0)	../fonts/zerothre.ttf	lower
1271257602539	1	FR_PRES	13	JAPAN	749	1	0	1600	(0.42259999999999998, 0.58709999999999996, 0)	../fonts/zerothre.ttf	lower
1271257606672	1	FR_PRES	13	SCIENTIST	1249	1	1	1122	(0.42259999999999998, 0.58709999999999996, 0)	../fonts/zerothre.ttf	lower
1271257610747	1	FR_PRES	13	POPE	1105	1	1	1119	(0.42259999999999998, 0.58709999999999996, 0)	../fonts/zerothre.ttf	lower
1271257614830	1	FR_PRES	13	PAINTER	1004	1	1	1485	(0.42259999999999998, 0.58709999999999996, 0)	../fonts/zerothre.ttf	lower
1271257618888	1	FR_PRES	13	SERVER	1272	1	1	1658	(0.42259999999999998, 0.58709999999999996, 0)	../fonts/zerothre.ttf	lower
1271257622813	1	FR_PRES	13	WAITRESS	1581	1	1	1765	(0.42259999999999998, 0.58709999999999996, 0)	../fonts/zerothre.ttf	lower
1271257627022	1	FR_PRES	13	CALF	222	1	1	1197	(0.42259999999999998, 0.58709999999999996, 0)	../fonts/zerothre.ttf	lower
1271257631155	1	FR_PRES	13	SHEPHERD	1283	1	1	1311	(0.42259999999999998, 0.58709999999999996, 0)	../fonts/zerothre.ttf	lower
1271257635321	1	FR_PRES	13	CITY	314	1	0	962	(0.42259999999999998, 0.58709999999999996, 0)	../fonts/zerothre.ttf	lower
1271257639346	1	FR_PRES	13	MICROSCOPE	891	1	0	1777	(0.42259999999999998, 0.58709999999999996, 0)	../fonts/zerothre.ttf	lower
1271257643503	1	FR_PRES	13	PAINT	1003	1	0	2011	(0.42259999999999998, 0.58709999999999996, 0)	../fonts/zerothre.ttf	lower
1271257647419	1	FR_PRES	13	OTTER	986	1	1	920	(0.42259999999999998, 0.58709999999999996, 0)	../fonts/zerothre.ttf	lower
1271257651411	1	FR_PRES	13	CRAYON	401	1	0	1031	(0.42259999999999998, 0.58709999999999996, 0)	../fonts/zerothre.ttf	lower
1271257657112	1	REC_START
1271257661227	0	REJECT
1271257666906	0	REJECT
1271257680746	0	REJECT
1271257682738	0	REJECT
1271257747712	0	REST
1271257749213	1	FR_PRES	14	PITCHFORK	1078	-1	-1	-1271257749213	white	../fonts/Verdana.ttf	upper
1271257753062	1	FR_PRES	14	NOMAD	955	-1	-1	-1271257753062	white	../fonts/Verdana.ttf	upper
1271257757229	1	FR_PRES	14	CAPITAL	238	-1	-1	-1271257757229	white	../fonts/Verdana.ttf	upper
1271257761054	1	FR_PRES	14	LIMB	822	-1	-1	-1271257761054	white	../fonts/Verdana.ttf	upper
1271257765012	1	FR_PRES	14	ELBOW	520	-1	-1	-1271257765012	white	../fonts/Verdana.ttf	upper
1271257768869	1	FR_PRES	14	CEREAL	272	-1	-1	-1271257768869	white	../fonts/Verdana.ttf	upper
1271257772843	1	FR_PRES	14	CORD	379	-1	-1	-1271257772843	white	../fonts/Verdana.ttf	upper
1271257776876	1	FR_PRES	14	BOOTH	151	-1	-1	-1271257776876	white	../fonts/Verdana.ttf	upper
1271257780851	1	FR_PRES	14	ALLEY	15	-1	-1	-1271257780851	white	../fonts/Verdana.ttf	upper
1271257785060	1	FR_PRES	14	PAW	1029	-1	-1	-1271257785060	white	../fonts/Verdana.ttf	upper
1271257789193	1	FR_PRES	14	GALLON	618	-1	-1	-1271257789193	white	../fonts/Verdana.ttf	upper
1271257793118	1	FR_PRES	14	BRIDGE	174	-1	-1	-1271257793118	white	../fonts/Verdana.ttf	upper
1271257796967	1	FR_PRES	14	WAVE	1596	-1	-1	-1271257796967	white	../fonts/Verdana.ttf	upper
1271257800891	1	FR_PRES	14	WIRE	1616	-1	-1	-1271257800891	white	../fonts/Verdana.ttf	upper
1271257804708	1	FR_PRES	14	COOKBOOK	373	-1	-1	-1271257804708	white	../fonts/Verdana.ttf	upper
1271257808874	1	FR_PRES	14	SINK	1309	-1	-1	-1271257808874	white	../fonts/Verdana.ttf	upper
1271257814699	1	REC_START
1271257833067	0	REJECT
1271257839594	0	REJECT
1271257840874	0	REJECT
1271257848922	0	REJECT
1271257852746	0	REJECT
1271257891169	0	REST
1271257892676	1	FR_PRES	15	OLIVE	975	0	0	1407	(0.57740000000000002, 0.41289999999999999, 1.0)	../fonts/amplitud.ttf	upper
1271257896634	1	FR_PRES	15	SIBLING	1301	0	1	1633	(0.57740000000000002, 0.41289999999999999, 1.0)	../fonts/amplitud.ttf	upper
1271257900834	1	FR_PRES	15	DINER	467	0	0	2473	(0.57740000000000002, 0.41289999999999999, 1.0)	../fonts/amplitud.ttf	upper
1271257904850	1	FR_PRES	15	FEATHER	557	0	0	1409	(0.57740000000000002, 0.41289999999999999, 1.0)	../fonts/amplitud.ttf	upper
1271257908983	1	FR_PRES	15	MOSQUITO	917	1	0	1076	(0.42259999999999998, 0.58709999999999996, 0)	../fonts/zerothre.ttf	lower
1271257913134	1	FR_PRES	15	INSECT	740	1	1	1228	(0.42259999999999998, 0.58709999999999996, 0)	../fonts/zerothre.ttf	lower
1271257916958	1	FR_PRES	15	MINER	896	0	1	2325	(0.57740000000000002, 0.41289999999999999, 1.0)	../fonts/amplitud.ttf	upper
1271257920958	1	FR_PRES	15	NECKLACE	940	0	0	1261	(0.57740000000000002, 0.41289999999999999, 1.0)	../fonts/amplitud.ttf	upper
1271257924824	1	FR_PRES	15	CELERY	266	0	0	1690	(0.57740000000000002, 0.41289999999999999, 1.0)	../fonts/amplitud.ttf	upper
1271257928782	1	FR_PRES	15	PICKLE	1059	0	0	1293	(0.57740000000000002, 0.41289999999999999, 1.0)	../fonts/amplitud.ttf	upper
1271257932657	1	FR_PRES	15	SHELL	1281	1	0	1321	(0.42259999999999998, 0.58709999999999996, 0)	../fonts/zerothre.ttf	lower
1271257936773	1	FR_PRES	15	HAWK	692	1	1	917	(0.42259999999999998, 0.58709999999999996, 0)	../fonts/zerothre.ttf	lower
1271257940773	1	FR_PRES	15	CLOTHES	327	1	0	1693	(0.42259999999999998, 0.58709999999999996, 0)	../fonts/zerothre.ttf	lower
1271257944872	1	FR_PRES	15	PHYSICIAN	1056	1	1	930	(0.42259999999999998, 0.58709999999999996, 0)	../fonts/zerothre.ttf	lower
1271257948889	1	FR_PRES	15	SPRINKLE	1359	1	0	1426	(0.42259999999999998, 0.58709999999999996, 0)	../fonts/zerothre.ttf	lower
1271257952755	1	FR_PRES	15	HEATER	698	1	0	1599	(0.42259999999999998, 0.58709999999999996, 0)	../fonts/zerothre.ttf	lower
1271257958622	1	REC_START
1271257983043	0	REJECT
1271258007315	0	REJECT
1271258078738	0	RECOG_START
1271258078739	1	REC_START
1271258078771	0	RECOG_PRES	0	CLOSET	326	-999	P	2280
1271258081421	0	RECOG_CR_PRES	0	CLOSET	326	-999	P	509
1271258082297	1	RECOG_FEEDBACK	1
1271258083097	0	RECOG_PRES	0	BENCH	121	-999	P	1026
1271258084496	0	RECOG_CR_PRES	0	BENCH	121	-999	P	218
1271258085038	1	RECOG_FEEDBACK	1
1271258085795	0	RECOG_PRES	0	TAIL	1430	-999	P	943
1271258087105	0	RECOG_CR_PRES	0	TAIL	1430	-999	P	202
1271258087620	1	RECOG_FEEDBACK	1
1271258088387	0	RECOG_PRES	0	ONION	977	-999	P	983
1271258089745	0	RECOG_CR_PRES	0	ONION	977	-999	P	169
1271258090229	1	RECOG_FEEDBACK	1
1271258090970	0	RECOG_PRES	0	TART	1436	-999	P	1097
1271258092437	0	RECOG_CR_PRES	0	TART	1436	-999	P	181
1271258092937	1	RECOG_FEEDBACK	1
1271258093737	0	RECOG_PRES	0	CRICKET	408	-999	P	1522
1271258095628	0	RECOG_CR_PRES	0	CRICKET	408	-999	P	182
1271258096146	1	RECOG_FEEDBACK	1
1271258096870	0	RECOG_PRES	0	DASHBOARD	441	-999	P	1100
1271258098337	0	RECOG_CR_PRES	0	DASHBOARD	441	-999	P	161
1271258098820	1	RECOG_FEEDBACK	1
1271258099603	0	RECOG_PRES	0	MOUNTAIN	924	-999	P	1111
1271258101079	0	RECOG_CR_PRES	0	MOUNTAIN	924	-999	P	92
1271258101494	1	RECOG_FEEDBACK	1
1271258102245	0	RECOG_PRES	0	LIME	823	-999	P	1389
1271258104003	0	RECOG_CR_PRES	0	LIME	823	-999	P	80
1271258104419	1	RECOG_FEEDBACK	1
1271258105128	0	RECOG_PRES	0	MAILBOX	857	-999	P	963
1271258106461	0	RECOG_CR_PRES	0	MAILBOX	857	-999	P	117
1271258106902	1	RECOG_FEEDBACK	1
1271258107619	0	RECOG_PRES	0	PELICAN	1039	-999	P	847
1271258108835	0	RECOG_CR_PRES	0	PELICAN	1039	-999	P	111
1271258109253	1	RECOG_FEEDBACK	1
1271258109985	0	RECOG_PRES	0	CLAMP	316	-999	P	875
1271258111253	0	RECOG_CR_PRES	0	CLAMP	316	-999	P	125
1271258111694	1	RECOG_FEEDBACK	1
1271258112402	0	RECOG_PRES	0	DENTIST	447	-999	P	801
1271258113577	0	RECOG_CR_PRES	0	DENTIST	447	-999	P	105
1271258113985	1	RECOG_FEEDBACK	1
1271258114752	0	RECOG_PRES	0	MOON	914	-999	P	1018
1271258116136	0	RECOG_CR_PRES	0	MOON	914	-999	P	115
1271258116576	1	RECOG_FEEDBACK	1
1271258117376	0	RECOG_PRES	0	CHISEL	305	-999	P	1282
1271258119027	0	RECOG_CR_PRES	0	CHISEL	305	-999	P	72
1271258119435	1	RECOG_FEEDBACK	1
1271258120169	0	RECOG_PRES	0	SLOPE	1328	-999	P	842
1271258121385	0	RECOG_CR_PRES	0	SLOPE	1328	-999	P	121
1271258121809	1	RECOG_FEEDBACK	1
1271258122584	0	RECOG_PRES	0	CROWN	415	-999	P	938
1271258123893	0	RECOG_CR_PRES	0	CROWN	415	-999	P	150
1271258124368	1	RECOG_FEEDBACK	1
1271258125177	0	RECOG_PRES	0	CUE	422	-999	P	1066
1271258126617	0	RECOG_CR_PRES	0	CUE	422	-999	P	73
1271258127010	1	RECOG_FEEDBACK	1
1271258127726	0	RECOG_PRES	0	GRIZZLY	662	-999	P	980
1271258129068	0	RECOG_CR_PRES	0	GRIZZLY	662	-999	P	95
1271258129476	1	RECOG_FEEDBACK	1
1271258130252	0	RECOG_PRES	0	WAND	1586	-999	P	959
1271258131584	0	RECOG_CR_PRES	0	WAND	1586	-999	P	122
1271258132026	1	RECOG_FEEDBACK	1
1271258133542	0	REST
1271258134728	1	REC_START
1271258134767	0	RECOG_PRES	1	FLORIDA	582	-999	P	923
1271258136059	0	RECOG_CR_PRES	1	FLORIDA	582	-999	P	160
1271258136525	1	RECOG_FEEDBACK	1
1271258137318	0	RECOG_PRES	1	CLOUD	328	-999	P	917
1271258138608	0	RECOG_CR_PRES	1	CLOUD	328	-999	P	122
1271258139042	1	RECOG_FEEDBACK	1
1271258139766	0	RECOG_PRES	1	ACTRESS	6	-999	P	916
1271258141051	0	RECOG_CR_PRES	1	ACTRESS	6	-999	P	104
1271258141466	1	RECOG_FEEDBACK	1
1271258142234	0	RECOG_PRES	1	ACROBAT	4	-999	P	1057
1271258143666	0	RECOG_CR_PRES	1	ACROBAT	4	-999	P	96
1271258144084	1	RECOG_FEEDBACK	1
1271258144849	0	RECOG_PRES	1	ISLAND	745	-999	P	945
1271258146159	0	RECOG_CR_PRES	1	ISLAND	745	-999	P	76
1271258146549	1	RECOG_FEEDBACK	1
1271258147325	0	RECOG_PRES	1	MINER	896	-999	P	814
1271258148507	0	RECOG_CR_PRES	1	MINER	896	-999	P	103
1271258148907	1	RECOG_FEEDBACK	1
1271258149699	0	RECOG_PRES	1	CARPENTER	246	-999	P	1111
1271258151175	0	RECOG_CR_PRES	1	CARPENTER	246	-999	P	100
1271258151591	1	RECOG_FEEDBACK	1
1271258152349	0	RECOG_PRES	1	GORILLA	650	-999	P	990
1271258153707	0	RECOG_CR_PRES	1	GORILLA	650	-999	P	47
1271258154066	1	RECOG_FEEDBACK	1
1271258154840	0	RECOG_PRES	1	COMPANION	357	-999	P	1042
1271258156250	0	RECOG_CR_PRES	1	COMPANION	357	-999	P	176
1271258156740	1	RECOG_FEEDBACK	1
1271258157457	0	RECOG_PRES	1	WAITER	1580	-999	P	937
1271258158765	0	RECOG_CR_PRES	1	WAITER	1580	-999	P	101
1271258159183	1	RECOG_FEEDBACK	1
1271258159907	0	RECOG_PRES	1	DRIVER	499	-999	P	1071
1271258161341	0	RECOG_CR_PRES	1	DRIVER	499	-999	P	125
1271258161798	1	RECOG_FEEDBACK	1
1271258162507	0	RECOG_PRES	1	BARN	89	-999	P	951
1271258163831	0	RECOG_CR_PRES	1	BARN	89	-999	P	123
1271258164257	1	RECOG_FEEDBACK	1
1271258165057	0	RECOG_PRES	1	FOLLOWER	589	-999	P	913
1271258166332	0	RECOG_CR_PRES	1	FOLLOWER	589	-999	P	118
1271258166765	1	RECOG_FEEDBACK	1
1271258167514	0	RECOG_PRES	1	KETCHUP	771	-999	P	1176
1271258169057	0	RECOG_CR_PRES	1	KETCHUP	771	-999	P	162
1271258169598	1	RECOG_FEEDBACK	0
1271258170398	0	RECOG_PRES	1	TOWEL	1489	-999	P	1725
1271258172497	0	RECOG_CR_PRES	1	TOWEL	1489	-999	P	49
1271258172881	1	RECOG_FEEDBACK	1
1271258173597	0	RECOG_PRES	1	EARTH	515	-999	P	1406
1271258175372	0	RECOG_CR_PRES	1	EARTH	515	-999	P	94
1271258175814	1	RECOG_FEEDBACK	1
1271258176605	0	RECOG_PRES	1	POOL	1103	-999	P	1061
1271258178031	0	RECOG_CR_PRES	1	POOL	1103	-999	P	108
1271258178464	1	RECOG_FEEDBACK	1
1271258179265	0	RECOG_PRES	1	CHEF	290	-999	P	858
1271258180497	0	RECOG_CR_PRES	1	CHEF	290	-999	P	97
1271258180888	1	RECOG_FEEDBACK	1
1271258181605	0	RECOG_PRES	1	PONY	1102	-999	P	925
1271258182905	0	RECOG_CR_PRES	1	PONY	1102	-999	P	98
1271258183306	1	RECOG_FEEDBACK	1
1271258184098	0	RECOG_PRES	1	HEATER	698	-999	P	856
1271258185322	0	RECOG_CR_PRES	1	HEATER	698	-999	P	144
1271258185771	1	RECOG_FEEDBACK	1
1271258187081	0	REST
1271258187917	1	REC_START
1271258187946	0	RECOG_PRES	2	SLUG	1329	-999	P	1000
1271258189314	0	RECOG_CR_PRES	2	SLUG	1329	-999	P	184
1271258189813	1	RECOG_FEEDBACK	1
1271258190596	0	RECOG_PRES	2	KNIGHT	786	-999	P	1166
1271258192130	0	RECOG_CR_PRES	2	KNIGHT	786	-999	P	129
1271258192596	1	RECOG_FEEDBACK	1
1271258193347	0	RECOG_PRES	2	MEDICINE	886	-999	P	984
1271258194704	0	RECOG_CR_PRES	2	MEDICINE	886	-999	P	146
1271258195163	1	RECOG_FEEDBACK	1
1271258195971	0	RECOG_PRES	2	GENTLEMAN	631	-999	P	799
1271258197172	0	RECOG_CR_PRES	2	GENTLEMAN	631	-999	P	135
1271258197621	1	RECOG_FEEDBACK	1
1271258198371	0	RECOG_PRES	2	SIDEWALK	1303	-999	P	944
1271258199687	0	RECOG_CR_PRES	2	SIDEWALK	1303	-999	P	107
1271258200113	1	RECOG_FEEDBACK	1
1271258200862	0	RECOG_PRES	2	TUBA	1515	-999	P	1076
1271258202305	0	RECOG_CR_PRES	2	TUBA	1515	-999	P	121
1271258202745	1	RECOG_FEEDBACK	1
1271258203470	0	RECOG_PRES	2	TILE	1468	-999	P	876
1271258204745	0	RECOG_CR_PRES	2	TILE	1468	-999	P	121
1271258205179	1	RECOG_FEEDBACK	1
1271258205912	0	RECOG_PRES	2	CITY	314	-999	P	906
1271258207196	0	RECOG_CR_PRES	2	CITY	314	-999	P	127
1271258207628	1	RECOG_FEEDBACK	1
1271258208378	0	RECOG_PRES	2	SEAL	1262	-999	P	793
1271258209545	0	RECOG_CR_PRES	2	SEAL	1262	-999	P	137
1271258209986	1	RECOG_FEEDBACK	1
1271258210761	0	RECOG_PRES	2	CABIN	211	-999	P	873
1271258212004	0	RECOG_CR_PRES	2	CABIN	211	-999	P	143
1271258212461	1	RECOG_FEEDBACK	1
1271258213195	0	RECOG_PRES	2	SPARROW	1347	-999	P	1367
1271258214936	0	RECOG_CR_PRES	2	SPARROW	1347	-999	P	83
1271258215345	1	RECOG_FEEDBACK	1
1271258216112	0	RECOG_PRES	2	SKETCH	1315	-999	P	1195
1271258217677	0	RECOG_CR_PRES	2	SKETCH	1315	-999	P	133
1271258218128	1	RECOG_FEEDBACK	1
1271258218902	0	RECOG_PRES	2	MOTOR	922	-999	P	1285
1271258220561	0	RECOG_CR_PRES	2	MOTOR	922	-999	P	105
1271258220994	1	RECOG_FEEDBACK	1
1271258221710	0	RECOG_PRES	2	APPLE	33	-999	P	1349
1271258223427	0	RECOG_CR_PRES	2	APPLE	33	-999	P	127
1271258223885	1	RECOG_FEEDBACK	1
1271258224635	0	RECOG_PRES	2	COSTUME	383	-999	P	1392
1271258226402	0	RECOG_CR_PRES	2	COSTUME	383	-999	P	96
1271258226827	1	RECOG_FEEDBACK	1
1271258227568	0	RECOG_PRES	2	UNDERWEAR	1537	-999	P	898
1271258228835	0	RECOG_CR_PRES	2	UNDERWEAR	1537	-999	P	151
1271258229294	1	RECOG_FEEDBACK	1
1271258230027	0	RECOG_PRES	2	RUST	1219	-999	P	935
1271258231327	0	RECOG_CR_PRES	2	RUST	1219	-999	P	115
1271258231751	1	RECOG_FEEDBACK	1
1271258232493	0	RECOG_PRES	2	SILK	1307	-999	P	933
1271258233801	0	RECOG_CR_PRES	2	SILK	1307	-999	P	129
1271258234236	1	RECOG_FEEDBACK	1
1271258234984	0	RECOG_PRES	2	SEASHORE	1263	-999	P	1043
1271258236401	0	RECOG_CR_PRES	2	SEASHORE	1263	-999	P	105
1271258236826	1	RECOG_FEEDBACK	1
1271258237576	0	RECOG_PRES	2	DIME	466	-999	P	858
1271258238834	0	RECOG_CR_PRES	2	DIME	466	-999	P	128
1271258239269	1	RECOG_FEEDBACK	1
1271258240592	0	REST
1271258241705	1	REC_START
1271258241742	0	RECOG_PRES	3	PENGUIN	1044	-999	P	1100
1271258243210	0	RECOG_CR_PRES	3	PENGUIN	1044	-999	P	144
1271258243667	1	RECOG_FEEDBACK	1
1271258244400	0	RECOG_PRES	3	VIRUS	1572	-999	P	899
1271258245667	0	RECOG_CR_PRES	3	VIRUS	1572	-999	P	135
1271258246118	1	RECOG_FEEDBACK	1
1271258246900	0	RECOG_PRES	3	JURY	766	-999	P	822
1271258248085	0	RECOG_CR_PRES	3	JURY	766	-999	P	134
1271258248534	1	RECOG_FEEDBACK	1
1271258249309	0	RECOG_PRES	3	YOKE	1632	-999	P	1293
1271258250975	0	RECOG_CR_PRES	3	YOKE	1632	-999	P	108
1271258251425	1	RECOG_FEEDBACK	1
1271258252134	0	RECOG_PRES	3	CLAM	315	-999	P	941
1271258253450	0	RECOG_CR_PRES	3	CLAM	315	-999	P	72
1271258253850	1	RECOG_FEEDBACK	1
1271258254600	0	RECOG_PRES	3	WASHER	1592	-999	P	1162
1271258256126	0	RECOG_CR_PRES	3	WASHER	1592	-999	P	165
1271258256633	1	RECOG_FEEDBACK	0
1271258257399	0	RECOG_PRES	3	SHELL	1281	-999	P	916
1271258258691	0	RECOG_CR_PRES	3	SHELL	1281	-999	P	103
1271258259100	1	RECOG_FEEDBACK	1
1271258259891	0	RECOG_PRES	3	LASER	801	-999	P	1703
1271258261966	0	RECOG_CR_PRES	3	LASER	801	-999	P	133
1271258262458	1	RECOG_FEEDBACK	1
1271258263175	0	RECOG_PRES	3	KEEPER	769	-999	P	1068
1271258264616	0	RECOG_CR_PRES	3	KEEPER	769	-999	P	170
1271258265108	1	RECOG_FEEDBACK	1
1271258265891	0	RECOG_PRES	3	STAPLER	1372	-999	P	983
1271258267241	0	RECOG_CR_PRES	3	STAPLER	1372	-999	P	225
1271258267774	1	RECOG_FEEDBACK	1
1271258268490	0	RECOG_PRES	3	MEDAL	885	-999	P	944
1271258269807	0	RECOG_CR_PRES	3	MEDAL	885	-999	P	187
1271258270308	1	RECOG_FEEDBACK	1
1271258271091	0	RECOG_PRES	3	WAX	1597	-999	P	879
1271258272333	0	RECOG_CR_PRES	3	WAX	1597	-999	P	149
1271258272782	1	RECOG_FEEDBACK	0
1271258273540	0	RECOG_PRES	3	BRACES	164	-999	P	1022
1271258274932	0	RECOG_CR_PRES	3	BRACES	164	-999	P	135
1271258275365	1	RECOG_FEEDBACK	1
1271258276116	0	RECOG_PRES	3	GIFT	635	-999	P	951
1271258277440	0	RECOG_CR_PRES	3	GIFT	635	-999	P	154
1271258277881	1	RECOG_FEEDBACK	1
1271258278598	0	RECOG_PRES	3	POPE	1105	-999	P	964
1271258279931	0	RECOG_CR_PRES	3	POPE	1105	-999	P	128
1271258280365	1	RECOG_FEEDBACK	1
1271258281107	0	RECOG_PRES	3	CASHIER	254	-999	P	1495
1271258282973	0	RECOG_CR_PRES	3	CASHIER	254	-999	P	126
1271258283414	1	RECOG_FEEDBACK	1
1271258284140	0	RECOG_PRES	3	FLESH	579	-999	P	1662
1271258286165	0	RECOG_CR_PRES	3	FLESH	579	-999	P	126
1271258286614	1	RECOG_FEEDBACK	1
1271258287389	0	RECOG_PRES	3	MONASTERY	907	-999	P	958
1271258288722	0	RECOG_CR_PRES	3	MONASTERY	907	-999	P	72
1271258289107	1	RECOG_FEEDBACK	1
1271258289914	0	RECOG_PRES	3	SAPPHIRE	1234	-999	P	1105
1271258291389	0	RECOG_CR_PRES	3	SAPPHIRE	1234	-999	P	141
1271258291855	1	RECOG_FEEDBACK	1
1271258292655	0	RECOG_PRES	3	NEPTUNE	943	-999	P	1083
1271258294106	0	RECOG_CR_PRES	3	NEPTUNE	943	-999	P	89
1271258294505	1	RECOG_FEEDBACK	1
1271258300239	0	REST
1271258301106	1	REC_START
1271258301139	0	RECOG_PRES	4	DIAMOND	458	-999	P	1527
1271258303031	0	RECOG_CR_PRES	4	DIAMOND	458	-999	P	403
1271258303779	1	RECOG_FEEDBACK	1
1271258304571	0	RECOG_PRES	4	CRUTCH	417	-999	P	1199
1271258306139	0	RECOG_CR_PRES	4	CRUTCH	417	-999	P	184
1271258306654	1	RECOG_FEEDBACK	1
1271258307438	0	RECOG_PRES	4	PITCHFORK	1078	-999	P	1012
1271258308812	0	RECOG_CR_PRES	4	PITCHFORK	1078	-999	P	166
1271258309297	1	RECOG_FEEDBACK	1
1271258310088	0	RECOG_PRES	4	POPCORN	1104	-999	P	1075
1271258311537	0	RECOG_CR_PRES	4	POPCORN	1104	-999	P	113
1271258311962	1	RECOG_FEEDBACK	1
1271258312695	0	RECOG_PRES	4	TENT	1449	-999	P	866
1271258313970	0	RECOG_CR_PRES	4	TENT	1449	-999	P	105
1271258314379	1	RECOG_FEEDBACK	1
1271258315121	0	RECOG_PRES	4	LIVER	833	-999	P	906
1271258316395	0	RECOG_CR_PRES	4	LIVER	833	-999	P	95
1271258316804	1	RECOG_FEEDBACK	1
1271258317528	0	RECOG_PRES	4	MONKEY	911	-999	P	1026
1271258318928	0	RECOG_CR_PRES	4	MONKEY	911	-999	P	123
1271258319353	1	RECOG_FEEDBACK	1
1271258320138	0	RECOG_PRES	4	KNEE	784	-999	P	881
1271258321395	0	RECOG_CR_PRES	4	KNEE	784	-999	P	63
1271258321761	1	RECOG_FEEDBACK	1
1271258322536	0	RECOG_PRES	4	SHERIFF	1284	-999	P	1018
1271258323928	0	RECOG_CR_PRES	4	SHERIFF	1284	-999	P	99
1271258324346	1	RECOG_FEEDBACK	1
1271258325129	0	RECOG_PRES	4	WAITRESS	1581	-999	P	906
1271258326411	0	RECOG_CR_PRES	4	WAITRESS	1581	-999	P	119
1271258326853	1	RECOG_FEEDBACK	1
1271258327661	0	RECOG_PRES	4	TERMINAL	1450	-999	P	1470
1271258329503	0	RECOG_CR_PRES	4	TERMINAL	1450	-999	P	99
1271258329928	1	RECOG_FEEDBACK	0
1271258330702	0	RECOG_PRES	4	THRONE	1461	-999	P	980
1271258332045	0	RECOG_CR_PRES	4	THRONE	1461	-999	P	118
1271258332469	1	RECOG_FEEDBACK	1
1271258333220	0	RECOG_PRES	4	PAWN	1030	-999	P	849
1271258334469	0	RECOG_CR_PRES	4	PAWN	1030	-999	P	101
1271258334885	1	RECOG_FEEDBACK	1
1271258335619	0	RECOG_PRES	4	WIRE	1616	-999	P	927
1271258336919	0	RECOG_CR_PRES	4	WIRE	1616	-999	P	92
1271258337328	1	RECOG_FEEDBACK	1
1271258338111	0	RECOG_PRES	4	FELLOW	558	-999	P	1795
1271258340269	0	RECOG_CR_PRES	4	FELLOW	558	-999	P	109
1271258340718	1	RECOG_FEEDBACK	1
1271258341435	0	RECOG_PRES	4	DIAL	457	-999	P	1055
1271258342860	0	RECOG_CR_PRES	4	DIAL	457	-999	P	126
1271258343303	1	RECOG_FEEDBACK	1
1271258344061	0	RECOG_PRES	4	POTATO	1115	-999	P	848
1271258345302	0	RECOG_CR_PRES	4	POTATO	1115	-999	P	92
1271258345710	1	RECOG_FEEDBACK	1
1271258346493	0	RECOG_PRES	4	KID	775	-999	P	818
1271258347710	0	RECOG_CR_PRES	4	KID	775	-999	P	60
1271258348069	1	RECOG_FEEDBACK	1
1271258348851	0	RECOG_PRES	4	SALAD	1224	-999	P	935
1271258350152	0	RECOG_CR_PRES	4	SALAD	1224	-999	P	83
1271258350543	1	RECOG_FEEDBACK	1
1271258351269	0	RECOG_PRES	4	ASSOCIATE	49	-999	P	1125
1271258352768	0	RECOG_CR_PRES	4	ASSOCIATE	49	-999	P	50
1271258353127	1	RECOG_FEEDBACK	1
1271258354443	0	REST
1271258355503	1	REC_START
1271258355534	0	RECOG_PRES	5	ANT	25	-999	P	932
1271258356842	0	RECOG_CR_PRES	5	ANT	25	-999	P	104
1271258357235	1	RECOG_FEEDBACK	1
1271258357984	0	RECOG_PRES	5	KITTEN	780	-999	P	898
1271258359251	0	RECOG_CR_PRES	5	KITTEN	780	-999	P	159
1271258359734	1	RECOG_FEEDBACK	1
1271258360534	0	RECOG_PRES	5	SIBLING	1301	-999	P	1084
1271258361992	0	RECOG_CR_PRES	5	SIBLING	1301	-999	P	75
1271258362400	1	RECOG_FEEDBACK	1
1271258363209	0	RECOG_PRES	5	RELATIVE	1182	-999	P	858
1271258364442	0	RECOG_CR_PRES	5	RELATIVE	1182	-999	P	112
1271258364858	1	RECOG_FEEDBACK	1
1271258365642	0	RECOG_PRES	5	SPONGE	1355	-999	P	808
1271258366825	0	RECOG_CR_PRES	5	SPONGE	1355	-999	P	89
1271258367226	1	RECOG_FEEDBACK	1
1271258368026	0	RECOG_PRES	5	RODENT	1204	-999	P	856
1271258369251	0	RECOG_CR_PRES	5	RODENT	1204	-999	P	111
1271258369666	1	RECOG_FEEDBACK	1
1271258370466	0	RECOG_PRES	5	BAIT	70	-999	P	1368
1271258372200	0	RECOG_CR_PRES	5	BAIT	70	-999	P	91
1271258372691	1	RECOG_FEEDBACK	1
1271258373433	0	RECOG_PRES	5	PAN	1008	-999	P	1057
1271258374866	0	RECOG_CR_PRES	5	PAN	1008	-999	P	88
1271258375275	1	RECOG_FEEDBACK	1
1271258376083	0	RECOG_PRES	5	HAMMER	680	-999	P	855
1271258377300	0	RECOG_CR_PRES	5	HAMMER	680	-999	P	102
1271258377707	1	RECOG_FEEDBACK	1
1271258378491	0	RECOG_PRES	5	PIMPLE	1071	-999	P	919
1271258379782	0	RECOG_CR_PRES	5	PIMPLE	1071	-999	P	140
1271258380241	1	RECOG_FEEDBACK	1
1271258381025	0	RECOG_PRES	5	RULER	1216	-999	P	953
1271258382341	0	RECOG_CR_PRES	5	RULER	1216	-999	P	237
1271258382907	1	RECOG_FEEDBACK	1
1271258383699	0	RECOG_PRES	5	PHILOSOPHER	1054	-999	P	1424
1271258385498	0	RECOG_CR_PRES	5	PHILOSOPHER	1054	-999	P	184
1271258386008	1	RECOG_FEEDBACK	1
1271258386807	0	RECOG_PRES	5	ARM	38	-999	P	1204
1271258388382	0	RECOG_CR_PRES	5	ARM	38	-999	P	76
1271258388782	1	RECOG_FEEDBACK	1
1271258389590	0	RECOG_PRES	5	RECEIPT	1173	-999	P	1252
1271258391207	0	RECOG_CR_PRES	5	RECEIPT	1173	-999	P	44
1271258391590	1	RECOG_FEEDBACK	1
1271258392316	0	RECOG_PRES	5	BARK	87	-999	P	855
1271258393540	0	RECOG_CR_PRES	5	BARK	87	-999	P	110
1271258393956	1	RECOG_FEEDBACK	1
1271258394739	0	RECOG_PRES	5	CRAB	397	-999	P	879
1271258395989	0	RECOG_CR_PRES	5	CRAB	397	-999	P	78
1271258396381	1	RECOG_FEEDBACK	1
1271258397149	0	RECOG_PRES	5	SEA	1259	-999	P	840
1271258398389	0	RECOG_CR_PRES	5	SEA	1259	-999	P	69
1271258398764	1	RECOG_FEEDBACK	1
1271258399514	0	RECOG_PRES	5	FRAME	600	-999	P	904
1271258400789	0	RECOG_CR_PRES	5	FRAME	600	-999	P	109
1271258401207	1	RECOG_FEEDBACK	1
1271258401964	0	RECOG_PRES	5	FAMILY	550	-999	P	1087
1271258403422	0	RECOG_CR_PRES	5	FAMILY	550	-999	P	52
1271258403797	1	RECOG_FEEDBACK	1
1271258404589	0	RECOG_PRES	5	LACE	792	-999	P	997
1271258405964	0	RECOG_CR_PRES	5	LACE	792	-999	P	47
1271258406323	1	RECOG_FEEDBACK	1
1271258407847	0	REST
1271258408940	1	REC_START
1271258408972	0	RECOG_PRES	6	MARS	873	-999	P	1119
1271258410463	0	RECOG_CR_PRES	6	MARS	873	-999	P	75
1271258410855	1	RECOG_FEEDBACK	1
1271258411588	0	RECOG_PRES	6	TWIG	1527	-999	P	875
1271258412863	0	RECOG_CR_PRES	6	TWIG	1527	-999	P	180
1271258413347	1	RECOG_FEEDBACK	0
1271258414147	0	RECOG_PRES	6	EDITORIAL	517	-999	P	1024
1271258415546	0	RECOG_CR_PRES	6	EDITORIAL	517	-999	P	120
1271258415971	1	RECOG_FEEDBACK	1
1271258416755	0	RECOG_PRES	6	SCHOOL	1248	-999	P	927
1271258418047	0	RECOG_CR_PRES	6	SCHOOL	1248	-999	P	100
1271258418454	1	RECOG_FEEDBACK	0
1271258419222	0	RECOG_PRES	6	FRANCE	601	-999	P	981
1271258420579	0	RECOG_CR_PRES	6	FRANCE	601	-999	P	127
1271258421022	1	RECOG_FEEDBACK	1
1271258421821	0	RECOG_PRES	6	NOSE	957	-999	P	989
1271258423172	0	RECOG_CR_PRES	6	NOSE	957	-999	P	119
1271258423596	1	RECOG_FEEDBACK	1
1271258424371	0	RECOG_PRES	6	OATMEAL	967	-999	P	1087
1271258425829	0	RECOG_CR_PRES	6	OATMEAL	967	-999	P	101
1271258426246	1	RECOG_FEEDBACK	1
1271258426970	0	RECOG_PRES	6	SICKLE	1302	-999	P	1033
1271258428379	0	RECOG_CR_PRES	6	SICKLE	1302	-999	P	151
1271258428837	1	RECOG_FEEDBACK	1
1271258429604	0	RECOG_PRES	6	ROOSTER	1209	-999	P	1150
1271258431121	0	RECOG_CR_PRES	6	ROOSTER	1209	-999	P	122
1271258431553	1	RECOG_FEEDBACK	1
1271258432288	0	RECOG_PRES	6	DINER	467	-999	P	866
1271258433578	0	RECOG_CR_PRES	6	DINER	467	-999	P	64
1271258433953	1	RECOG_FEEDBACK	1
1271258434728	0	RECOG_PRES	6	CHEST	295	-999	P	882
1271258435986	0	RECOG_CR_PRES	6	CHEST	295	-999	P	97
1271258436403	1	RECOG_FEEDBACK	1
1271258437154	0	RECOG_PRES	6	APE	31	-999	P	2001
1271258439528	0	RECOG_CR_PRES	6	APE	31	-999	P	26
1271258439911	1	RECOG_FEEDBACK	0
1271258440686	0	RECOG_PRES	6	TOMB	1477	-999	P	1381
1271258442436	0	RECOG_CR_PRES	6	TOMB	1477	-999	P	86
1271258442861	1	RECOG_FEEDBACK	1
1271258443669	0	RECOG_PRES	6	BANKER	84	-999	P	1309
1271258445345	0	RECOG_CR_PRES	6	BANKER	84	-999	P	121
1271258445802	1	RECOG_FEEDBACK	1
1271258446586	0	RECOG_PRES	6	LINT	826	-999	P	1048
1271258448003	0	RECOG_CR_PRES	6	LINT	826	-999	P	112
1271258448419	1	RECOG_FEEDBACK	1
1271258449128	0	RECOG_PRES	6	BOY	161	-999	P	1075
1271258450577	0	RECOG_CR_PRES	6	BOY	161	-999	P	65
1271258450960	1	RECOG_FEEDBACK	1
1271258451669	0	RECOG_PRES	6	FRAGRANCE	599	-999	P	1494
1271258453535	0	RECOG_CR_PRES	6	FRAGRANCE	599	-999	P	91
1271258453968	1	RECOG_FEEDBACK	1
1271258454718	0	RECOG_PRES	6	DIPLOMA	470	-999	P	1052
1271258456136	0	RECOG_CR_PRES	6	DIPLOMA	470	-999	P	115
1271258456568	1	RECOG_FEEDBACK	0
1271258457294	0	RECOG_PRES	6	PLUTO	1092	-999	P	1428
1271258459086	0	RECOG_CR_PRES	6	PLUTO	1092	-999	P	85
1271258459510	1	RECOG_FEEDBACK	1
1271258460294	0	RECOG_PRES	6	COURSE	390	-999	P	957
1271258461626	0	RECOG_CR_PRES	6	COURSE	390	-999	P	80
1271258462011	1	RECOG_FEEDBACK	1
1271258463302	0	REST
1271258464119	1	REC_START
1271258464152	0	RECOG_PRES	7	INSECT	740	-999	P	1075
1271258465601	0	RECOG_CR_PRES	7	INSECT	740	-999	P	137
1271258466052	1	RECOG_FEEDBACK	1
1271258466784	0	RECOG_PRES	7	BUS	201	-999	P	1379
1271258468534	0	RECOG_CR_PRES	7	BUS	201	-999	P	76
1271258468951	1	RECOG_FEEDBACK	1
1271258469726	0	RECOG_PRES	7	DENIM	446	-999	P	1285
1271258471384	0	RECOG_CR_PRES	7	DENIM	446	-999	P	90
1271258471817	1	RECOG_FEEDBACK	0
1271258472550	0	RECOG_PRES	7	WHALE	1601	-999	P	1212
1271258474143	0	RECOG_CR_PRES	7	WHALE	1601	-999	P	100
1271258474567	1	RECOG_FEEDBACK	1
1271258475318	0	RECOG_PRES	7	CAMERA	224	-999	P	1052
1271258476733	0	RECOG_CR_PRES	7	CAMERA	224	-999	P	61
1271258477109	1	RECOG_FEEDBACK	1
1271258477833	0	RECOG_PRES	7	FIST	572	-999	P	1089
1271258479284	0	RECOG_CR_PRES	7	FIST	572	-999	P	63
1271258479658	1	RECOG_FEEDBACK	1
1271258480425	0	RECOG_PRES	7	PHOTO	1055	-999	P	1065
1271258481866	0	RECOG_CR_PRES	7	PHOTO	1055	-999	P	96
1271258482301	1	RECOG_FEEDBACK	1
1271258483109	0	RECOG_PRES	7	TOOL	1480	-999	P	942
1271258484425	0	RECOG_CR_PRES	7	TOOL	1480	-999	P	65
1271258484816	1	RECOG_FEEDBACK	1
1271258485566	0	RECOG_PRES	7	MAN	862	-999	P	1364
1271258487292	0	RECOG_CR_PRES	7	MAN	862	-999	P	70
1271258487699	1	RECOG_FEEDBACK	0
1271258488441	0	RECOG_PRES	7	POCKET	1093	-999	P	1233
1271258490042	0	RECOG_CR_PRES	7	POCKET	1093	-999	P	57
1271258490407	1	RECOG_FEEDBACK	1
1271258491183	0	RECOG_PRES	7	BIBLE	124	-999	P	932
1271258492491	0	RECOG_CR_PRES	7	BIBLE	124	-999	P	47
1271258492857	1	RECOG_FEEDBACK	1
1271258493616	0	RECOG_PRES	7	BUGGY	188	-999	P	938
1271258494915	0	RECOG_CR_PRES	7	BUGGY	188	-999	P	104
1271258495341	1	RECOG_FEEDBACK	1
1271258496125	0	RECOG_PRES	7	FIN	566	-999	P	1006
1271258497507	0	RECOG_CR_PRES	7	FIN	566	-999	P	127
1271258497949	1	RECOG_FEEDBACK	1
1271258498707	0	RECOG_PRES	7	VITAMIN	1574	-999	P	1007
1271258500083	0	RECOG_CR_PRES	7	VITAMIN	1574	-999	P	88
1271258500482	1	RECOG_FEEDBACK	1
1271258501208	0	RECOG_PRES	7	RECORD	1176	-999	P	1418
1271258502998	0	RECOG_CR_PRES	7	RECORD	1176	-999	P	109
1271258503465	1	RECOG_FEEDBACK	1
1271258504182	0	RECOG_PRES	7	GRAVEL	659	-999	P	2061
1271258506615	0	RECOG_CR_PRES	7	GRAVEL	659	-999	P	83
1271258507066	1	RECOG_FEEDBACK	1
1271258507864	0	RECOG_PRES	7	PROFESSIONAL	1130	-999	P	1808
1271258510065	0	RECOG_CR_PRES	7	PROFESSIONAL	1130	-999	P	50
1271258510456	1	RECOG_FEEDBACK	1
1271258511174	0	RECOG_PRES	7	LETTUCE	814	-999	P	1516
1271258513057	0	RECOG_CR_PRES	7	LETTUCE	814	-999	P	50
1271258513439	1	RECOG_FEEDBACK	1
1271258514240	0	RECOG_PRES	7	SUMMIT	1405	-999	P	1019
1271258515631	0	RECOG_CR_PRES	7	SUMMIT	1405	-999	P	91
1271258516048	1	RECOG_FEEDBACK	1
1271258516805	0	RECOG_PRES	7	DIGGER	464	-999	P	1053
1271258518223	0	RECOG_CR_PRES	7	DIGGER	464	-999	P	92
1271258518630	1	RECOG_FEEDBACK	1
1271258520340	0	REST
1271258521538	1	REC_START
1271258521580	0	RECOG_PRES	8	CORPORATION	382	-999	P	1022
1271258522963	0	RECOG_CR_PRES	8	CORPORATION	382	-999	P	144
1271258523422	1	RECOG_FEEDBACK	1
1271258524131	0	RECOG_PRES	8	LOG	841	-999	P	952
1271258525455	0	RECOG_CR_PRES	8	LOG	841	-999	P	75
1271258525838	1	RECOG_FEEDBACK	1
1271258526630	0	RECOG_PRES	8	SWAMP	1416	-999	P	964
1271258527963	0	RECOG_CR_PRES	8	SWAMP	1416	-999	P	112
1271258528388	1	RECOG_FEEDBACK	1
1271258529197	0	RECOG_PRES	8	APPLICATION	34	-999	P	1181
1271258530755	0	RECOG_CR_PRES	8	APPLICATION	34	-999	P	111
1271258531205	1	RECOG_FEEDBACK	1
1271258531929	0	RECOG_PRES	8	IGLOO	734	-999	P	1154
1271258533454	0	RECOG_CR_PRES	8	IGLOO	734	-999	P	84
1271258533854	1	RECOG_FEEDBACK	1
1271258534562	0	RECOG_PRES	8	BEGGAR	117	-999	P	1176
1271258536105	0	RECOG_CR_PRES	8	BEGGAR	117	-999	P	114
1271258536529	1	RECOG_FEEDBACK	1
1271258537263	0	RECOG_PRES	8	TANK	1432	-999	P	867
1271258538529	0	RECOG_CR_PRES	8	TANK	1432	-999	P	65
1271258538912	1	RECOG_FEEDBACK	1
1271258539704	0	RECOG_PRES	8	BUTLER	204	-999	P	706
1271258540770	0	RECOG_CR_PRES	8	BUTLER	204	-999	P	88
1271258541155	1	RECOG_FEEDBACK	1
1271258541937	0	RECOG_PRES	8	METEOR	889	-999	P	929
1271258543238	0	RECOG_CR_PRES	8	METEOR	889	-999	P	156
1271258543712	1	RECOG_FEEDBACK	1
1271258544512	0	RECOG_PRES	8	CREATURE	403	-999	P	930
1271258545803	0	RECOG_CR_PRES	8	CREATURE	403	-999	P	71
1271258546213	1	RECOG_FEEDBACK	1
1271258546937	0	RECOG_PRES	8	OMELET	976	-999	P	1017
1271258548321	0	RECOG_CR_PRES	8	OMELET	976	-999	P	153
1271258548786	1	RECOG_FEEDBACK	1
1271258549536	0	RECOG_PRES	8	LUGGAGE	847	-999	P	1010
1271258550920	0	RECOG_CR_PRES	8	LUGGAGE	847	-999	P	58
1271258551296	1	RECOG_FEEDBACK	1
1271258552054	0	RECOG_PRES	8	VESSEL	1558	-999	P	1037
1271258553461	0	RECOG_CR_PRES	8	VESSEL	1558	-999	P	101
1271258553886	1	RECOG_FEEDBACK	1
1271258554594	0	RECOG_PRES	8	SUN	1406	-999	P	891
1271258555886	0	RECOG_CR_PRES	8	SUN	1406	-999	P	101
1271258556295	1	RECOG_FEEDBACK	1
1271258557012	0	RECOG_PRES	8	EARRING	514	-999	P	1023
1271258558411	0	RECOG_CR_PRES	8	EARRING	514	-999	P	103
1271258558827	1	RECOG_FEEDBACK	1
1271258559536	0	RECOG_PRES	8	CONTAINER	366	-999	P	891
1271258560827	0	RECOG_CR_PRES	8	CONTAINER	366	-999	P	135
1271258561270	1	RECOG_FEEDBACK	1
1271258562003	0	RECOG_PRES	8	LIMB	822	-999	P	799
1271258563170	0	RECOG_CR_PRES	8	LIMB	822	-999	P	97
1271258563560	1	RECOG_FEEDBACK	1
1271258564278	0	RECOG_PRES	8	GLOVE	642	-999	P	853
1271258565502	0	RECOG_CR_PRES	8	GLOVE	642	-999	P	100
1271258565902	1	RECOG_FEEDBACK	1
1271258566685	0	RECOG_PRES	8	JAPAN	749	-999	P	949
1271258568003	0	RECOG_CR_PRES	8	JAPAN	749	-999	P	136
1271258568452	1	RECOG_FEEDBACK	1
1271258569194	0	RECOG_PRES	8	PHYSICIAN	1056	-999	P	858
1271258570452	0	RECOG_CR_PRES	8	PHYSICIAN	1056	-999	P	86
1271258570843	1	RECOG_FEEDBACK	1
1271258572136	0	REST
1271258573162	1	REC_START
1271258573194	0	RECOG_PRES	9	CAPTIVE	240	-999	P	1001
1271258574568	0	RECOG_CR_PRES	9	CAPTIVE	240	-999	P	66
1271258574943	1	RECOG_FEEDBACK	1
1271258575676	0	RECOG_PRES	9	RANCH	1166	-999	P	1078
1271258577119	0	RECOG_CR_PRES	9	RANCH	1166	-999	P	84
1271258577518	1	RECOG_FEEDBACK	1
1271258578310	0	RECOG_PRES	9	BEAVER	109	-999	P	1172
1271258579851	0	RECOG_CR_PRES	9	BEAVER	109	-999	P	23
1271258580219	1	RECOG_FEEDBACK	1
1271258580959	0	RECOG_PRES	9	TYPIST	1532	-999	P	1003
1271258582327	0	RECOG_CR_PRES	9	TYPIST	1532	-999	P	75
1271258582701	1	RECOG_FEEDBACK	1
1271258583484	0	RECOG_PRES	9	TUNNEL	1519	-999	P	886
1271258584742	0	RECOG_CR_PRES	9	TUNNEL	1519	-999	P	124
1271258585160	1	RECOG_FEEDBACK	1
1271258585875	0	RECOG_PRES	9	HOSTESS	723	-999	P	975
1271258587218	0	RECOG_CR_PRES	9	HOSTESS	723	-999	P	81
1271258587592	1	RECOG_FEEDBACK	1
1271258588343	0	RECOG_PRES	9	CLERK	321	-999	P	852
1271258589567	0	RECOG_CR_PRES	9	CLERK	321	-999	P	99
1271258589967	1	RECOG_FEEDBACK	1
1271258590700	0	RECOG_PRES	9	GYMNAST	675	-999	P	870
1271258591942	0	RECOG_CR_PRES	9	GYMNAST	675	-999	P	125
1271258592375	1	RECOG_FEEDBACK	1
1271258593168	0	RECOG_PRES	9	CLOTHES	327	-999	P	738
1271258594268	0	RECOG_CR_PRES	9	CLOTHES	327	-999	P	86
1271258594650	1	RECOG_FEEDBACK	1
1271258595391	0	RECOG_PRES	9	CEREAL	272	-999	P	1163
1271258596925	0	RECOG_CR_PRES	9	CEREAL	272	-999	P	118
1271258597383	1	RECOG_FEEDBACK	1
1271258598134	0	RECOG_PRES	9	TRUCK	1512	-999	P	844
1271258599342	0	RECOG_CR_PRES	9	TRUCK	1512	-999	P	116
1271258599766	1	RECOG_FEEDBACK	1
1271258600491	0	RECOG_PRES	9	SUPERMARKET	1409	-999	P	1544
1271258602408	0	RECOG_CR_PRES	9	SUPERMARKET	1409	-999	P	74
1271258602816	1	RECOG_FEEDBACK	1
1271258603591	0	RECOG_PRES	9	TEENAGER	1444	-999	P	1123
1271258605083	0	RECOG_CR_PRES	9	TEENAGER	1444	-999	P	72
1271258605474	1	RECOG_FEEDBACK	1
1271258606242	0	RECOG_PRES	9	TICKET	1464	-999	P	993
1271258607607	0	RECOG_CR_PRES	9	TICKET	1464	-999	P	99
1271258608008	1	RECOG_FEEDBACK	1
1271258608740	0	RECOG_PRES	9	PARROT	1015	-999	P	875
1271258610008	0	RECOG_CR_PRES	9	PARROT	1015	-999	P	99
1271258610415	1	RECOG_FEEDBACK	1
1271258611183	0	RECOG_PRES	9	FROST	609	-999	P	833
1271258612415	0	RECOG_CR_PRES	9	FROST	609	-999	P	107
1271258612823	1	RECOG_FEEDBACK	1
1271258613565	0	RECOG_PRES	9	SCIENTIST	1249	-999	P	829
1271258614765	0	RECOG_CR_PRES	9	SCIENTIST	1249	-999	P	149
1271258615224	1	RECOG_FEEDBACK	1
1271258615940	0	RECOG_PRES	9	GALLON	618	-999	P	830
1271258617133	0	RECOG_CR_PRES	9	GALLON	618	-999	P	134
1271258617573	1	RECOG_FEEDBACK	1
1271258618373	0	RECOG_PRES	9	HOE	711	-999	P	854
1271258619598	0	RECOG_CR_PRES	9	HOE	711	-999	P	116
1271258620024	1	RECOG_FEEDBACK	1
1271258620781	0	RECOG_PRES	9	SINK	1309	-999	P	901
1271258622049	0	RECOG_CR_PRES	9	SINK	1309	-999	P	82
1271258622439	1	RECOG_FEEDBACK	1
1271258623789	0	REST
1271258624837	1	REC_START
1271258624873	0	RECOG_PRES	10	SIDING	1304	-999	P	1025
1271258626265	0	RECOG_CR_PRES	10	SIDING	1304	-999	P	82
1271258626656	1	RECOG_FEEDBACK	1
1271258627389	0	RECOG_PRES	10	ELBOW	520	-999	P	867
1271258628656	0	RECOG_CR_PRES	10	ELBOW	520	-999	P	74
1271258629040	1	RECOG_FEEDBACK	1
1271258629764	0	RECOG_PRES	10	ASHTRAY	45	-999	P	1070
1271258631198	0	RECOG_CR_PRES	10	ASHTRAY	45	-999	P	93
1271258631605	1	RECOG_FEEDBACK	1
1271258632397	0	RECOG_PRES	10	DIAGRAM	456	-999	P	2029
1271258634797	0	RECOG_CR_PRES	10	DIAGRAM	456	-999	P	29
1271258635173	1	RECOG_FEEDBACK	1
1271258635938	0	RECOG_PRES	10	JET	756	-999	P	832
1271258637139	0	RECOG_CR_PRES	10	JET	756	-999	P	72
1271258637522	1	RECOG_FEEDBACK	1
1271258638231	0	RECOG_PRES	10	CAB	209	-999	P	828
1271258639430	0	RECOG_CR_PRES	10	CAB	209	-999	P	116
1271258639846	1	RECOG_FEEDBACK	1
1271258640596	0	RECOG_PRES	10	CARDINAL	244	-999	P	806
1271258641771	0	RECOG_CR_PRES	10	CARDINAL	244	-999	P	119
1271258642197	1	RECOG_FEEDBACK	1
1271258642913	0	RECOG_PRES	10	PARCEL	1012	-999	P	937
1271258644214	0	RECOG_CR_PRES	10	PARCEL	1012	-999	P	117
1271258644638	1	RECOG_FEEDBACK	1
1271258645379	0	RECOG_PRES	10	FEATHER	557	-999	P	832
1271258646579	0	RECOG_CR_PRES	10	FEATHER	557	-999	P	87
1271258646971	1	RECOG_FEEDBACK	1
1271258647721	0	RECOG_PRES	10	LADY	794	-999	P	809
1271258648904	0	RECOG_CR_PRES	10	LADY	794	-999	P	99
1271258649305	1	RECOG_FEEDBACK	1
1271258650055	0	RECOG_PRES	10	ORGAN	984	-999	P	907
1271258651330	0	RECOG_CR_PRES	10	ORGAN	984	-999	P	136
1271258651771	1	RECOG_FEEDBACK	0
1271258652554	0	RECOG_PRES	10	SKULL	1320	-999	P	1904
1271258654820	0	RECOG_CR_PRES	10	SKULL	1320	-999	P	94
1271258655313	1	RECOG_FEEDBACK	1
1271258656121	0	RECOG_PRES	10	TRIANGLE	1504	-999	P	938
1271258657429	0	RECOG_CR_PRES	10	TRIANGLE	1504	-999	P	93
1271258657829	1	RECOG_FEEDBACK	1
1271258658620	0	RECOG_PRES	10	DOUGH	489	-999	P	902
1271258659895	0	RECOG_CR_PRES	10	DOUGH	489	-999	P	67
1271258660263	1	RECOG_FEEDBACK	1
1271258660995	0	RECOG_PRES	10	LOFT	840	-999	P	815
1271258662179	0	RECOG_CR_PRES	10	LOFT	840	-999	P	80
1271258662561	1	RECOG_FEEDBACK	1
1271258663287	0	RECOG_PRES	10	BLACKBERRY	132	-999	P	812
1271258664470	0	RECOG_CR_PRES	10	BLACKBERRY	132	-999	P	84
1271258664870	1	RECOG_FEEDBACK	1
1271258665653	0	RECOG_PRES	10	PEACH	1031	-999	P	717
1271258666745	0	RECOG_CR_PRES	10	PEACH	1031	-999	P	129
1271258667179	1	RECOG_FEEDBACK	1
1271258667944	0	RECOG_PRES	10	DOLLAR	482	-999	P	962
1271258669270	0	RECOG_CR_PRES	10	DOLLAR	482	-999	P	108
1271258669686	1	RECOG_FEEDBACK	1
1271258670428	0	RECOG_PRES	10	DRYER	503	-999	P	1150
1271258671953	0	RECOG_CR_PRES	10	DRYER	503	-999	P	82
1271258672352	1	RECOG_FEEDBACK	1
1271258673095	0	RECOG_PRES	10	BELT	120	-999	P	1244
1271258674711	0	RECOG_CR_PRES	10	BELT	120	-999	P	51
1271258675078	1	RECOG_FEEDBACK	1
1271258676337	0	REST
1271258677151	1	REC_START
1271258677186	0	RECOG_PRES	11	JOKER	759	-999	P	1153
1271258678710	0	RECOG_CR_PRES	11	JOKER	759	-999	P	92
1271258679136	1	RECOG_FEEDBACK	1
1271258679877	0	RECOG_PRES	11	MAGNET	855	-999	P	1318
1271258681568	0	RECOG_CR_PRES	11	MAGNET	855	-999	P	66
1271258681960	1	RECOG_FEEDBACK	1
1271258682693	0	RECOG_PRES	11	CEMETERY	269	-999	P	909
1271258683977	0	RECOG_CR_PRES	11	CEMETERY	269	-999	P	82
1271258684360	1	RECOG_FEEDBACK	1
1271258685152	0	RECOG_PRES	11	LEOPARD	812	-999	P	746
1271258686261	0	RECOG_CR_PRES	11	LEOPARD	812	-999	P	141
1271258686710	1	RECOG_FEEDBACK	1
1271258687485	0	RECOG_PRES	11	CHEESE	289	-999	P	822
1271258688676	0	RECOG_CR_PRES	11	CHEESE	289	-999	P	86
1271258689061	1	RECOG_FEEDBACK	1
1271258689809	0	RECOG_PRES	11	DOVE	491	-999	P	1001
1271258691177	0	RECOG_CR_PRES	11	DOVE	491	-999	P	82
1271258691576	1	RECOG_FEEDBACK	1
1271258692335	0	RECOG_PRES	11	WORKER	1621	-999	P	1067
1271258693776	0	RECOG_CR_PRES	11	WORKER	1621	-999	P	66
1271258694194	1	RECOG_FEEDBACK	0
1271258694992	0	RECOG_PRES	11	WORM	1623	-999	P	1299
1271258696659	0	RECOG_CR_PRES	11	WORM	1623	-999	P	111
1271258697085	1	RECOG_FEEDBACK	1
1271258697817	0	RECOG_PRES	11	TORCH	1484	-999	P	1009
1271258699193	0	RECOG_CR_PRES	11	TORCH	1484	-999	P	74
1271258699584	1	RECOG_FEEDBACK	1
1271258700310	0	RECOG_PRES	11	KNOT	788	-999	P	1180
1271258701875	0	RECOG_CR_PRES	11	KNOT	788	-999	P	95
1271258702293	1	RECOG_FEEDBACK	1
1271258703026	0	RECOG_PRES	11	COD	340	-999	P	848
1271258704243	0	RECOG_CR_PRES	11	COD	340	-999	P	96
1271258704633	1	RECOG_FEEDBACK	1
1271258705425	0	RECOG_PRES	11	CORD	379	-999	P	993
1271258706792	0	RECOG_CR_PRES	11	CORD	379	-999	P	122
1271258707234	1	RECOG_FEEDBACK	0
1271258708042	0	RECOG_PRES	11	FOLDER	588	-999	P	928
1271258709334	0	RECOG_CR_PRES	11	FOLDER	588	-999	P	364
1271258710009	1	RECOG_FEEDBACK	1
1271258710750	0	RECOG_PRES	11	DISHWASHER	475	-999	P	852
1271258711975	0	RECOG_CR_PRES	11	DISHWASHER	475	-999	P	100
1271258712383	1	RECOG_FEEDBACK	1
1271258713175	0	RECOG_PRES	11	KEG	770	-999	P	1004
1271258714549	0	RECOG_CR_PRES	11	KEG	770	-999	P	117
1271258714983	1	RECOG_FEEDBACK	1
1271258715758	0	RECOG_PRES	11	COUGAR	387	-999	P	1596
1271258717724	0	RECOG_CR_PRES	11	COUGAR	387	-999	P	30
1271258718083	1	RECOG_FEEDBACK	1
1271258718891	0	RECOG_PRES	11	CHIME	300	-999	P	839
1271258720100	0	RECOG_CR_PRES	11	CHIME	300	-999	P	79
1271258720466	1	RECOG_FEEDBACK	1
1271258721242	0	RECOG_PRES	11	MICROSCOPE	891	-999	P	977
1271258722590	0	RECOG_CR_PRES	11	MICROSCOPE	891	-999	P	84
1271258722990	1	RECOG_FEEDBACK	1
1271258723782	0	RECOG_PRES	11	PUDDING	1139	-999	P	808
1271258724990	0	RECOG_CR_PRES	11	PUDDING	1139	-999	P	109
1271258725407	1	RECOG_FEEDBACK	1
1271258726133	0	RECOG_PRES	11	OFFICE	972	-999	P	874
1271258727407	0	RECOG_CR_PRES	11	OFFICE	972	-999	P	83
1271258727798	1	RECOG_FEEDBACK	1
1271258729465	0	REST
1271258730430	1	REC_START
1271258730465	0	RECOG_PRES	12	SACK	1220	-999	P	1161
1271258731998	0	RECOG_CR_PRES	12	SACK	1220	-999	P	109
1271258732431	1	RECOG_FEEDBACK	1
1271258733174	0	RECOG_PRES	12	SERVER	1272	-999	P	1244
1271258734790	0	RECOG_CR_PRES	12	SERVER	1272	-999	P	44
1271258735157	1	RECOG_FEEDBACK	1
1271258735964	0	RECOG_PRES	12	PANTHER	1009	-999	P	974
1271258737307	0	RECOG_CR_PRES	12	PANTHER	1009	-999	P	87
1271258737706	1	RECOG_FEEDBACK	1
1271258738514	0	RECOG_PRES	12	FOREST	593	-999	P	753
1271258739639	0	RECOG_CR_PRES	12	FOREST	593	-999	P	99
1271258740040	1	RECOG_FEEDBACK	1
1271258740772	0	RECOG_PRES	12	HEART	697	-999	P	758
1271258741906	0	RECOG_CR_PRES	12	HEART	697	-999	P	105
1271258742298	1	RECOG_FEEDBACK	1
1271258743082	0	RECOG_PRES	12	PIPE	1073	-999	P	1009
1271258744464	0	RECOG_CR_PRES	12	PIPE	1073	-999	P	90
1271258744872	1	RECOG_FEEDBACK	1
1271258745655	0	RECOG_PRES	12	TEAPOT	1442	-999	P	1067
1271258747090	0	RECOG_CR_PRES	12	TEAPOT	1442	-999	P	137
1271258747547	1	RECOG_FEEDBACK	1
1271258748331	0	RECOG_PRES	12	MOTEL	919	-999	P	1143
1271258749847	0	RECOG_CR_PRES	12	MOTEL	919	-999	P	67
1271258750239	1	RECOG_FEEDBACK	1
1271258751039	0	RECOG_PRES	12	REPTILE	1185	-999	P	803
1271258752206	0	RECOG_CR_PRES	12	REPTILE	1185	-999	P	172
1271258752680	1	RECOG_FEEDBACK	1
1271258753480	0	RECOG_PRES	12	SUNSET	1408	-999	P	1011
1271258754863	0	RECOG_CR_PRES	12	SUNSET	1408	-999	P	99
1271258755272	1	RECOG_FEEDBACK	1
1271258756039	0	RECOG_PRES	12	DRILL	497	-999	P	1108
1271258757521	0	RECOG_CR_PRES	12	DRILL	497	-999	P	105
1271258757938	1	RECOG_FEEDBACK	1
1271258758655	0	RECOG_PRES	12	CHICK	296	-999	P	1131
1271258760155	0	RECOG_CR_PRES	12	CHICK	296	-999	P	88
1271258760563	1	RECOG_FEEDBACK	1
1271258761280	0	RECOG_PRES	12	PARENT	1013	-999	P	1258
1271258762913	0	RECOG_CR_PRES	12	PARENT	1013	-999	P	170
1271258763396	1	RECOG_FEEDBACK	0
1271258764163	0	RECOG_PRES	12	CACTUS	215	-999	P	1199
1271258765737	0	RECOG_CR_PRES	12	CACTUS	215	-999	P	113
1271258766163	1	RECOG_FEEDBACK	1
1271258766904	0	RECOG_PRES	12	SUIT	1402	-999	P	1034
1271258768305	0	RECOG_CR_PRES	12	SUIT	1402	-999	P	169
1271258768779	1	RECOG_FEEDBACK	1
1271258769520	0	RECOG_PRES	12	BUILDING	191	-999	P	1098
1271258770987	0	RECOG_CR_PRES	12	BUILDING	191	-999	P	112
1271258771404	1	RECOG_FEEDBACK	1
1271258772204	0	RECOG_PRES	12	LEVER	815	-999	P	991
1271258773570	0	RECOG_CR_PRES	12	LEVER	815	-999	P	128
1271258774013	1	RECOG_FEEDBACK	1
1271258774770	0	RECOG_PRES	12	CRYSTAL	418	-999	P	920
1271258776054	0	RECOG_CR_PRES	12	CRYSTAL	418	-999	P	133
1271258776495	1	RECOG_FEEDBACK	1
1271258777262	0	RECOG_PRES	12	NIGHTGOWN	953	-999	P	917
1271258778553	0	RECOG_CR_PRES	12	NIGHTGOWN	953	-999	P	185
1271258779029	1	RECOG_FEEDBACK	1
1271258779803	0	RECOG_PRES	12	THIGH	1457	-999	P	833
1271258781029	0	RECOG_CR_PRES	12	THIGH	1457	-999	P	166
1271258781494	1	RECOG_FEEDBACK	1
1271258790220	0	REST
1271258791178	1	REC_START
1271258791220	0	RECOG_PRES	13	FAN	551	-999	P	911
1271258792502	0	RECOG_CR_PRES	13	FAN	551	-999	P	140
1271258792944	1	RECOG_FEEDBACK	1
1271258793719	0	RECOG_PRES	13	LETTER	813	-999	P	1340
1271258795435	0	RECOG_CR_PRES	13	LETTER	813	-999	P	47
1271258795777	1	RECOG_FEEDBACK	0
1271258796552	0	RECOG_PRES	13	SOFA	1342	-999	P	978
1271258797902	0	RECOG_CR_PRES	13	SOFA	1342	-999	P	44
1271258798261	1	RECOG_FEEDBACK	1
1271258799011	0	RECOG_PRES	13	TOAD	1470	-999	P	903
1271258800277	0	RECOG_CR_PRES	13	TOAD	1470	-999	P	62
1271258800643	1	RECOG_FEEDBACK	1
1271258801435	0	RECOG_PRES	13	MEAL	882	-999	P	1168
1271258802976	0	RECOG_CR_PRES	13	MEAL	882	-999	P	27
1271258803336	1	RECOG_FEEDBACK	1
1271258804127	0	RECOG_PRES	13	CAP	236	-999	P	815
1271258805335	0	RECOG_CR_PRES	13	CAP	236	-999	P	67
1271258805718	1	RECOG_FEEDBACK	1
1271258806484	0	RECOG_PRES	13	BUREAU	199	-999	P	823
1271258807676	0	RECOG_CR_PRES	13	BUREAU	199	-999	P	134
1271258808110	1	RECOG_FEEDBACK	1
1271258808901	0	RECOG_PRES	13	WAVE	1596	-999	P	893
1271258810160	0	RECOG_CR_PRES	13	WAVE	1596	-999	P	115
1271258810592	1	RECOG_FEEDBACK	1
1271258811351	0	RECOG_PRES	13	GUN	673	-999	P	1035
1271258812751	0	RECOG_CR_PRES	13	GUN	673	-999	P	155
1271258813226	1	RECOG_FEEDBACK	0
1271258813942	0	RECOG_PRES	13	ROOT	1210	-999	P	876
1271258815185	0	RECOG_CR_PRES	13	ROOT	1210	-999	P	50
1271258815534	1	RECOG_FEEDBACK	1
1271258816243	0	RECOG_PRES	13	BACKBONE	66	-999	P	891
1271258817533	0	RECOG_CR_PRES	13	BACKBONE	66	-999	P	77
1271258817917	1	RECOG_FEEDBACK	1
1271258818725	0	RECOG_PRES	13	CROOK	412	-999	P	933
1271258820026	0	RECOG_CR_PRES	13	CROOK	412	-999	P	97
1271258820425	1	RECOG_FEEDBACK	1
1271258821159	0	RECOG_PRES	13	VOLLEYBALL	1576	-999	P	866
1271258822425	0	RECOG_CR_PRES	13	VOLLEYBALL	1576	-999	P	81
1271258822808	1	RECOG_FEEDBACK	1
1271258823525	0	RECOG_PRES	13	SCALLOP	1242	-999	P	822
1271258824716	0	RECOG_CR_PRES	13	SCALLOP	1242	-999	P	102
1271258825117	1	RECOG_FEEDBACK	1
1271258825891	0	RECOG_PRES	13	CELERY	266	-999	P	863
1271258827117	0	RECOG_CR_PRES	13	CELERY	266	-999	P	94
1271258827508	1	RECOG_FEEDBACK	1
1271258828234	0	RECOG_PRES	13	VIDEO	1564	-999	P	969
1271258829574	0	RECOG_CR_PRES	13	VIDEO	1564	-999	P	100
1271258829974	1	RECOG_FEEDBACK	1
1271258830758	0	RECOG_PRES	13	ALLEY	15	-999	P	988
1271258832108	0	RECOG_CR_PRES	13	ALLEY	15	-999	P	55
1271258832466	1	RECOG_FEEDBACK	0
1271258833217	0	RECOG_PRES	13	TAR	1435	-999	P	914
1271258834499	0	RECOG_CR_PRES	13	TAR	1435	-999	P	143
1271258834949	1	RECOG_FEEDBACK	1
1271258835724	0	RECOG_PRES	13	MAGICIAN	854	-999	P	1054
1271258837141	0	RECOG_CR_PRES	13	MAGICIAN	854	-999	P	86
1271258837540	1	RECOG_FEEDBACK	1
1271258838308	0	RECOG_PRES	13	CANYON	235	-999	P	863
1271258839540	0	RECOG_CR_PRES	13	CANYON	235	-999	P	62
1271258839890	1	RECOG_FEEDBACK	1
1271258841258	0	REST
1271258842156	1	REC_START
1271258842191	0	RECOG_PRES	14	BREAD	170	-999	P	1053
1271258843615	0	RECOG_CR_PRES	14	BREAD	170	-999	P	123
1271258844049	1	RECOG_FEEDBACK	1
1271258844765	0	RECOG_PRES	14	RACK	1154	-999	P	869
1271258846007	0	RECOG_CR_PRES	14	RACK	1154	-999	P	763
1271258847074	1	RECOG_FEEDBACK	0
1271258847790	0	RECOG_PRES	14	THORN	1459	-999	P	1572
1271258849731	0	RECOG_CR_PRES	14	THORN	1459	-999	P	7
1271258850065	1	RECOG_FEEDBACK	1
1271258850781	0	RECOG_PRES	14	CHAUFFEUR	283	-999	P	1117
1271258852265	0	RECOG_CR_PRES	14	CHAUFFEUR	283	-999	P	58
1271258852623	1	RECOG_FEEDBACK	1
1271258853422	0	RECOG_PRES	14	HAWK	692	-999	P	948
1271258854739	0	RECOG_CR_PRES	14	HAWK	692	-999	P	47
1271258855082	1	RECOG_FEEDBACK	1
1271258855881	0	RECOG_PRES	14	HURRICANE	727	-999	P	1138
1271258857389	0	RECOG_CR_PRES	14	HURRICANE	727	-999	P	429
1271258858123	1	RECOG_FEEDBACK	1
1271258858889	0	RECOG_PRES	14	CREEK	404	-999	P	1290
1271258860555	0	RECOG_CR_PRES	14	CREEK	404	-999	P	39
1271258860922	1	RECOG_FEEDBACK	0
1271258861639	0	RECOG_PRES	14	GUARDIAN	668	-999	P	1947
1271258863955	0	RECOG_CR_PRES	14	GUARDIAN	668	-999	P	56
1271258864348	1	RECOG_FEEDBACK	1
1271258865139	0	RECOG_PRES	14	MATTRESS	879	-999	P	751
1271258866256	0	RECOG_CR_PRES	14	MATTRESS	879	-999	P	67
1271258866613	1	RECOG_FEEDBACK	1
1271258867355	0	RECOG_PRES	14	CRACKER	398	-999	P	984
1271258868713	0	RECOG_CR_PRES	14	CRACKER	398	-999	P	89
1271258869122	1	RECOG_FEEDBACK	0
1271258869921	0	RECOG_PRES	14	SAW	1239	-999	P	953
1271258871239	0	RECOG_CR_PRES	14	SAW	1239	-999	P	92
1271258871638	1	RECOG_FEEDBACK	1
1271258872404	0	RECOG_PRES	14	PALM	1007	-999	P	799
1271258873571	0	RECOG_CR_PRES	14	PALM	1007	-999	P	95
1271258873963	1	RECOG_FEEDBACK	1
1271258874696	0	RECOG_PRES	14	TRACTOR	1493	-999	P	786
1271258875854	0	RECOG_CR_PRES	14	TRACTOR	1493	-999	P	60
1271258876213	1	RECOG_FEEDBACK	1
1271258876937	0	RECOG_PRES	14	CORAL	378	-999	P	785
1271258878088	0	RECOG_CR_PRES	14	CORAL	378	-999	P	91
1271258878487	1	RECOG_FEEDBACK	1
1271258879222	0	RECOG_PRES	14	BAY	102	-999	P	997
1271258880587	0	RECOG_CR_PRES	14	BAY	102	-999	P	103
1271258880987	1	RECOG_FEEDBACK	1
1271258881770	0	RECOG_PRES	14	JUGGLER	763	-999	P	952
1271258883088	0	RECOG_CR_PRES	14	JUGGLER	763	-999	P	75
1271258883470	1	RECOG_FEEDBACK	1
1271258884180	0	RECOG_PRES	14	SAILOR	1223	-999	P	1007
1271258885562	0	RECOG_CR_PRES	14	SAILOR	1223	-999	P	137
1271258886013	1	RECOG_FEEDBACK	1
1271258886770	0	RECOG_PRES	14	OAR	966	-999	P	952
1271258888088	0	RECOG_CR_PRES	14	OAR	966	-999	P	123
1271258888512	1	RECOG_FEEDBACK	1
1271258889229	0	RECOG_PRES	14	STONE	1385	-999	P	958
1271258890561	0	RECOG_CR_PRES	14	STONE	1385	-999	P	33
1271258890895	1	RECOG_FEEDBACK	1
1271258891611	0	RECOG_PRES	14	JELLO	754	-999	P	847
1271258892828	0	RECOG_CR_PRES	14	JELLO	754	-999	P	78
1271258893212	1	RECOG_FEEDBACK	1
1271258894870	0	REST
1271258895968	1	REC_START
1271258896004	0	RECOG_PRES	15	BROCCOLI	176	-999	P	1063
1271258897436	0	RECOG_CR_PRES	15	BROCCOLI	176	-999	P	102
1271258897844	1	RECOG_FEEDBACK	1
1271258898594	0	RECOG_PRES	15	COYOTE	396	-999	P	928
1271258899894	0	RECOG_CR_PRES	15	COYOTE	396	-999	P	92
1271258900295	1	RECOG_FEEDBACK	1
1271258901078	0	RECOG_PRES	15	HIGHWAY	707	-999	P	884
1271258902337	0	RECOG_CR_PRES	15	HIGHWAY	707	-999	P	121
1271258902761	1	RECOG_FEEDBACK	1
1271258903536	0	RECOG_PRES	15	ASTRONAUT	51	-999	P	1034
1271258904935	0	RECOG_CR_PRES	15	ASTRONAUT	51	-999	P	124
1271258905369	1	RECOG_FEEDBACK	1
1271258906136	0	RECOG_PRES	15	KANGAROO	768	-999	P	939
1271258907444	0	RECOG_CR_PRES	15	KANGAROO	768	-999	P	134
1271258907885	1	RECOG_FEEDBACK	1
1271258908602	0	RECOG_PRES	15	GODDESS	646	-999	P	928
1271258909893	0	RECOG_CR_PRES	15	GODDESS	646	-999	P	61
1271258910261	1	RECOG_FEEDBACK	1
1271258910977	0	RECOG_PRES	15	FIGHTER	564	-999	P	1178
1271258912527	0	RECOG_CR_PRES	15	FIGHTER	564	-999	P	67
1271258912910	1	RECOG_FEEDBACK	1
1271258913626	0	RECOG_PRES	15	OCEAN	970	-999	P	1625
1271258915626	0	RECOG_CR_PRES	15	OCEAN	970	-999	P	96
1271258916052	1	RECOG_FEEDBACK	1
1271258916776	0	RECOG_PRES	15	NOMAD	955	-999	P	2194
1271258919335	0	RECOG_CR_PRES	15	NOMAD	955	-999	P	43
1271258919726	1	RECOG_FEEDBACK	1
1271258920451	0	RECOG_PRES	15	ARCHITECT	36	-999	P	911
1271258921734	0	RECOG_CR_PRES	15	ARCHITECT	36	-999	P	60
1271258922102	1	RECOG_FEEDBACK	1
1271258922892	0	RECOG_PRES	15	SAP	1233	-999	P	902
1271258924160	0	RECOG_CR_PRES	15	SAP	1233	-999	P	59
1271258924526	1	RECOG_FEEDBACK	1
1271258925327	0	RECOG_PRES	15	CALCULATOR	220	-999	P	884
1271258926584	0	RECOG_CR_PRES	15	CALCULATOR	220	-999	P	50
1271258926934	1	RECOG_FEEDBACK	1
1271258927700	0	RECOG_PRES	15	SHRINE	1298	-999	P	1231
1271258929293	0	RECOG_CR_PRES	15	SHRINE	1298	-999	P	46
1271258929667	1	RECOG_FEEDBACK	1
1271258930417	0	RECOG_PRES	15	FLANNEL	574	-999	P	969
1271258931758	0	RECOG_CR_PRES	15	FLANNEL	574	-999	P	60
1271258932134	1	RECOG_FEEDBACK	1
1271258932900	0	RECOG_PRES	15	CHIP	303	-999	P	879
1271258934143	0	RECOG_CR_PRES	15	CHIP	303	-999	P	84
1271258934533	1	RECOG_FEEDBACK	1
1271258935268	0	RECOG_PRES	15	ROBIN	1199	-999	P	800
1271258936441	0	RECOG_CR_PRES	15	ROBIN	1199	-999	P	89
1271258936825	1	RECOG_FEEDBACK	1
1271258937550	0	RECOG_PRES	15	CYLINDER	432	-999	P	949
1271258938875	0	RECOG_CR_PRES	15	CYLINDER	432	-999	P	71
1271258939251	1	RECOG_FEEDBACK	1
1271258939991	0	RECOG_PRES	15	CRAYON	401	-999	P	844
1271258941200	0	RECOG_CR_PRES	15	CRAYON	401	-999	P	107
1271258941616	1	RECOG_FEEDBACK	1
1271258942408	0	RECOG_PRES	15	BONE	148	-999	P	946
1271258943724	0	RECOG_CR_PRES	15	BONE	148	-999	P	78
1271258944109	1	RECOG_FEEDBACK	1
1271258944908	0	RECOG_PRES	15	ANCESTOR	20	-999	P	806
1271258946083	0	RECOG_CR_PRES	15	ANCESTOR	20	-999	P	88
1271258946466	1	RECOG_FEEDBACK	1
1271258947232	0	RECOG_END
1271258948907	0	SESS_END
1271258948954	0	E	Logging Ends
